<134>2021-07-14T23:14:20Z cache-pao17461 MEWElogs[216063]: BLUR, 1626304459737759289, PAO, 11
<134>2021-07-14T23:14:36Z cache-syd10183 MEWElogs[216063]: BLUR, 1626304475720306020, SYD, 11
<134>2021-07-14T23:15:43Z cache-gru17149 MEWElogs[216063]: BLUR, 1626304542269835149, GRU, 11
<134>2021-07-14T23:15:50Z cache-itm18851 MEWElogs[216063]: BLUR, 1626304550585614166, ITM, 11
<134>2021-07-14T23:16:24Z cache-stl4834 MEWElogs[216063]: BLUR, 1626304583751882567, STL, 11
<134>2021-07-14T23:16:27Z cache-gig17035 MEWElogs[216063]: BLUR, 1626304586815940452, GIG, 11
<134>2021-07-14T23:17:07Z cache-syd10183 MEWElogs[216063]: BLUR, 1626304626486988807, SYD, 11
<134>2021-07-14T23:17:24Z cache-syd10183 MEWElogs[216063]: BLUR, 1626304642931229486, SYD, 11
<134>2021-07-14T23:17:59Z cache-cgh11122 MEWElogs[216063]: BLUR, 1626304679380788545, CGH, 11
<134>2021-07-14T23:18:35Z cache-gig17035 MEWElogs[216063]: BLUR, 1626304715163784051, GIG, 11
<134>2021-07-14T23:19:36Z cache-sea4483 MEWElogs[216063]: BLUR, 1626304775300082886, SEA, 11
<134>2021-07-14T23:19:36Z cache-gig17035 MEWElogs[216063]: BLUR, 1626304776347800217, GIG, 11
<134>2021-07-14T23:20:18Z cache-cgh11122 MEWElogs[216063]: BLUR, 1626304818345900816, CGH, 11
<134>2021-07-14T23:20:23Z cache-stl4834 MEWElogs[216063]: BLUR, 1626304822428448434, STL, 11
<134>2021-07-14T23:20:38Z cache-gig17035 MEWElogs[216063]: BLUR, 1626304838294333717, GIG, 11
<134>2021-07-14T23:21:56Z cache-sjc10078 MEWElogs[216063]: BLUR, 1626304915097273690, SJC, 11
<134>2021-07-14T23:22:10Z cache-sea4483 MEWElogs[216063]: BLUR, 1626304930170184730, SEA, 11
<134>2021-07-14T23:22:30Z cache-pao17461 MEWElogs[216063]: BLUR, 1626304950391040829, PAO, 11
<134>2021-07-14T23:22:48Z cache-sea4483 MEWElogs[216063]: BLUR, 1626304967981109676, SEA, 11
<134>2021-07-14T23:22:59Z cache-syd10183 MEWElogs[216063]: BLUR, 1626304978522329264, SYD, 11
<134>2021-07-14T23:23:15Z cache-syd10183 MEWElogs[216063]: BLUR, 1626304995220927505, SYD, 11
<134>2021-07-14T23:23:20Z cache-scl19427 MEWElogs[216063]: BLUR, 1626305000239813530, SCL, 11
<134>2021-07-14T23:23:40Z cache-hnd18722 MEWElogs[216063]: BLUR, 1626305019195819386, HND, 11
<134>2021-07-14T23:24:00Z cache-sjc10078 MEWElogs[216063]: BLUR, 1626305040687622294, SJC, 11
<134>2021-07-14T23:24:15Z cache-itm18851 MEWElogs[216063]: BLUR, 1626305054675354980, ITM, 11
