<134>2021-07-15T04:57:46Z cache-lhr7382 MEWElogs[400146]: ROTATE, 1626325065283480337, LHR, 15
<134>2021-07-15T04:57:52Z cache-bur17583 MEWElogs[400146]: ROTATE, 1626325071090321823, BUR, 15
<134>2021-07-15T04:57:57Z cache-stp9226 MEWElogs[400146]: ROTATE, 1626325076056100638, STP, 15
<134>2021-07-15T04:58:31Z cache-ewr18156 MEWElogs[400146]: ROTATE, 1626325110028814097, EWR, 15
<134>2021-07-15T04:58:55Z cache-mrs10583 MEWElogs[400146]: ROTATE, 1626325134141105180, MRS, 15
<134>2021-07-15T04:59:18Z cache-bur17583 MEWElogs[400146]: ROTATE, 1626325157410863773, BUR, 15
<134>2021-07-15T04:59:30Z cache-bur17583 MEWElogs[400146]: ROTATE, 1626325169598992139, BUR, 15
<134>2021-07-15T04:59:33Z cache-man4150 MEWElogs[400146]: ROTATE, 1626325172816492620, MAN, 15
<134>2021-07-15T04:59:40Z cache-lga21983 MEWElogs[400146]: ROTATE, 1626325179900303844, LGA, 15
<134>2021-07-15T04:59:41Z cache-man4150 MEWElogs[400146]: ROTATE, 1626325180729750564, MAN, 15
<134>2021-07-15T04:59:49Z cache-man4150 MEWElogs[400146]: ROTATE, 1626325188462395757, MAN, 15
<134>2021-07-15T05:00:01Z cache-mci5951 MEWElogs[400146]: ROTATE, 1626325200037969768, MCI, 15
<134>2021-07-15T05:00:13Z cache-ewr18156 MEWElogs[400146]: ROTATE, 1626325213234488171, EWR, 15
<134>2021-07-15T05:00:29Z cache-mrs10583 MEWElogs[400146]: ROTATE, 1626325227987558947, MRS, 15
<134>2021-07-15T05:00:31Z cache-lhr7382 MEWElogs[400146]: ROTATE, 1626325230904386437, LHR, 15
<134>2021-07-15T05:00:41Z cache-mci5951 MEWElogs[400146]: ROTATE, 1626325240604309304, MCI, 15
<134>2021-07-15T05:00:47Z cache-lhr7382 MEWElogs[400146]: ROTATE, 1626325246781250290, LHR, 15
<134>2021-07-15T05:00:51Z cache-mci5951 MEWElogs[400146]: ROTATE, 1626325250957588920, MCI, 15
<134>2021-07-15T05:01:03Z cache-lhr7382 MEWElogs[400146]: ROTATE, 1626325262697017530, LHR, 15
<134>2021-07-15T05:01:15Z cache-lax10677 MEWElogs[400146]: ROTATE, 1626325274842223549, LGB, 15
<134>2021-07-15T05:01:28Z cache-ewr18156 MEWElogs[400146]: ROTATE, 1626325288013788285, EWR, 15
<134>2021-07-15T05:01:47Z cache-mrs10583 MEWElogs[400146]: ROTATE, 1626325306826968538, MRS, 15
<134>2021-07-15T05:02:06Z cache-lhr7382 MEWElogs[400146]: ROTATE, 1626325325701337239, LHR, 15
<134>2021-07-15T05:02:34Z cache-man4150 MEWElogs[400146]: ROTATE, 1626325353092141591, MAN, 15
<134>2021-07-15T05:02:50Z cache-stp9226 MEWElogs[400146]: ROTATE, 1626325369059340220, STP, 15
<134>2021-07-15T05:03:12Z cache-hkg17929 MEWElogs[400146]: ROTATE, 1626325391748672113, HKG, 15
<134>2021-07-15T05:05:03Z cache-yul12826 MEWElogs[400146]: ROTATE, 1626325502765253907, YUL, 15
<134>2021-07-15T05:05:33Z cache-man4150 MEWElogs[400146]: ROTATE, 1626325532167842517, MAN, 15
<134>2021-07-15T05:05:36Z cache-lax10677 MEWElogs[400146]: ROTATE, 1626325535737181440, LGB, 15
<134>2021-07-15T05:05:42Z cache-hkg17929 MEWElogs[400146]: ROTATE, 1626325541322255036, HKG, 15
<134>2021-07-15T05:05:50Z cache-mci5951 MEWElogs[400146]: ROTATE, 1626325549639308358, MCI, 15
<134>2021-07-15T05:06:51Z cache-hkg17929 MEWElogs[400146]: ROTATE, 1626325610811881588, HKG, 15
<134>2021-07-15T05:06:59Z cache-lax10677 MEWElogs[400146]: ROTATE, 1626325618497924164, LGB, 15
<134>2021-07-15T05:07:14Z cache-mel11272 MEWElogs[400146]: ROTATE, 1626325632927645186, MEL, 15
<134>2021-07-15T05:07:15Z cache-hkg17929 MEWElogs[400146]: ROTATE, 1626325634129925041, HKG, 15
