<134>2021-07-14T17:32:34Z cache-lga21983 MEWElogs[308969]: FLIPH, 1626283953828336286, LGA, -1
<134>2021-07-14T17:32:50Z cache-lax10677 MEWElogs[308969]: FLIPH, 1626283969541192237, LGB, -1
<134>2021-07-14T17:33:01Z cache-jax20933 MEWElogs[308969]: FLIPH, 1626283980520406331, JAX, -1
<134>2021-07-14T17:33:48Z cache-mel11272 MEWElogs[308969]: FLIPH, 1626284026939507491, MEL, 10
<134>2021-07-14T17:33:50Z cache-cdg20720 MEWElogs[308969]: FLIPH, 1626284029674267112, CDG, -1
<134>2021-07-14T17:33:53Z cache-ewr18156 MEWElogs[308969]: FLIPH, 1626284032748031694, EWR, 10
<134>2021-07-14T17:34:02Z cache-ewr18156 MEWElogs[308969]: FLIPH, 1626284041844891458, EWR, 10
<134>2021-07-14T17:34:30Z cache-lax10677 MEWElogs[308969]: FLIPH, 1626284069780168416, LGB, -1
<134>2021-07-14T17:34:32Z cache-osl6529 MEWElogs[308969]: FLIPH, 1626284072065378000, OSL, 10
<134>2021-07-14T17:34:41Z cache-cdg20720 MEWElogs[308969]: FLIPH, 1626284081259870689, CDG, -1
<134>2021-07-14T17:34:42Z cache-man4150 MEWElogs[308969]: FLIPH, 1626284081100597655, MAN, -1
<134>2021-07-14T17:35:47Z cache-mel11272 MEWElogs[308969]: FLIPH, 1626284146679076958, MEL, -1
<134>2021-07-14T17:36:02Z cache-cdg20720 MEWElogs[308969]: FLIPH, 1626284162050420222, CDG, -1
<134>2021-07-14T17:36:30Z cache-lga21983 MEWElogs[308969]: FLIPH, 1626284190385898058, LGA, -1
<134>2021-07-14T17:36:48Z cache-ewr18156 MEWElogs[308969]: FLIPH, 1626284208468292681, EWR, 10
<134>2021-07-14T17:36:49Z cache-gig17035 MEWElogs[308969]: FLIPH, 1626284207951636313, GIG, -1
<134>2021-07-14T17:37:29Z cache-scl19427 MEWElogs[308969]: FLIPH, 1626284248786268550, SCL, 10
<134>2021-07-14T17:37:38Z cache-scl19427 MEWElogs[308969]: FLIPH, 1626284257517650079, SCL, -1
<134>2021-07-14T17:38:13Z cache-scl19427 MEWElogs[308969]: FLIPH, 1626284293581904926, SCL, -1
<134>2021-07-14T17:38:15Z cache-cdg20720 MEWElogs[308969]: FLIPH, 1626284294734865994, CDG, -1
<134>2021-07-14T17:38:29Z cache-scl19427 MEWElogs[308969]: FLIPH, 1626284309130921543, SCL, 10
<134>2021-07-14T17:38:48Z cache-osl6529 MEWElogs[308969]: FLIPH, 1626284328014605506, OSL, -1
<134>2021-07-14T17:38:54Z cache-man4150 MEWElogs[308969]: FLIPH, 1626284333573400869, MAN, -1
<134>2021-07-14T17:38:55Z cache-cdg20720 MEWElogs[308969]: FLIPH, 1626284335173132354, CDG, -1
<134>2021-07-14T17:39:09Z cache-lax10677 MEWElogs[308969]: FLIPH, 1626284348542939974, LGB, -1
<134>2021-07-14T17:39:21Z cache-lax10677 MEWElogs[308969]: FLIPH, 1626284361630031275, LGB, 10
<134>2021-07-14T17:39:22Z cache-lga21983 MEWElogs[308969]: FLIPH, 1626284361235997410, LGA, 10
<134>2021-07-14T17:39:29Z cache-man4150 MEWElogs[308969]: FLIPH, 1626284369591363448, MAN, 10
<134>2021-07-14T17:39:35Z cache-osl6529 MEWElogs[308969]: FLIPH, 1626284374684355509, OSL, -1
<134>2021-07-14T17:39:47Z cache-osl6529 MEWElogs[308969]: FLIPH, 1626284387114012554, OSL, 10
<134>2021-07-14T17:39:48Z cache-gig17035 MEWElogs[308969]: FLIPH, 1626284388162554238, GIG, -1
<134>2021-07-14T17:40:12Z cache-man4150 MEWElogs[308969]: FLIPH, 1626284411615808442, MAN, 10
<134>2021-07-14T17:40:41Z cache-gig17035 MEWElogs[308969]: FLIPH, 1626284441037223075, GIG, 10
<134>2021-07-14T17:41:26Z cache-gig17035 MEWElogs[308969]: FLIPH, 1626284485908746133, GIG, -1
<134>2021-07-14T17:41:54Z cache-gru17149 MEWElogs[308969]: FLIPH, 1626284513113941776, GRU, -1
<134>2021-07-14T17:42:16Z cache-mel11272 MEWElogs[308969]: FLIPH, 1626284535873842158, MEL, 10
<134>2021-07-14T17:42:17Z cache-lga21983 MEWElogs[308969]: FLIPH, 1626284537591683310, LGA, -1
<134>2021-07-14T17:42:29Z cache-osl6529 MEWElogs[308969]: FLIPH, 1626284549291171809, OSL, -1
<134>2021-07-14T17:42:31Z cache-lga21983 MEWElogs[308969]: FLIPH, 1626284550560562956, LGA, 10
