<134>2021-07-15T00:48:58Z cache-lhr7382 MEWElogs[46369]: CROP, 1626310137644608961, LHR, 12
<134>2021-07-15T00:49:06Z cache-stp9226 MEWElogs[46369]: CROP, 1626310145580456815, STP, 12
<134>2021-07-15T00:49:12Z cache-lhr7382 MEWElogs[46369]: CROP, 1626310152076671430, LHR, 12
<134>2021-07-15T00:49:16Z cache-jax20933 MEWElogs[46369]: CROP, 1626310155610645015, JAX, 12
<134>2021-07-15T00:49:16Z cache-hkg17929 MEWElogs[46369]: CROP, 1626310155601228013, HKG, 12
<134>2021-07-15T00:49:19Z cache-man4150 MEWElogs[46369]: CROP, 1626310158791041829, MAN, 12
<134>2021-07-15T00:49:37Z cache-man4150 MEWElogs[46369]: CROP, 1626310176661148779, MAN, 12
<134>2021-07-15T00:49:47Z cache-stp9226 MEWElogs[46369]: CROP, 1626310186862498939, STP, 12
<134>2021-07-15T00:49:49Z cache-dal21283 MEWElogs[46369]: CROP, 1626310188157574097, DAL, 12
<134>2021-07-15T00:49:50Z cache-lhr7382 MEWElogs[46369]: CROP, 1626310189487200657, LHR, 12
<134>2021-07-15T00:50:00Z cache-lhr7382 MEWElogs[46369]: CROP, 1626310200815260458, LHR, 12
<134>2021-07-15T00:50:07Z cache-man4150 MEWElogs[46369]: CROP, 1626310206077975196, MAN, 12
<134>2021-07-15T00:50:08Z cache-stp9226 MEWElogs[46369]: CROP, 1626310207234941018, STP, 12
<134>2021-07-15T00:50:09Z cache-man4150 MEWElogs[46369]: CROP, 1626310209028042787, MAN, 12
<134>2021-07-15T00:50:10Z cache-mia11368 MEWElogs[46369]: CROP, 1626310209881944915, MIA, 12
<134>2021-07-15T00:50:11Z cache-mel11272 MEWElogs[46369]: CROP, 1626310210501912982, MEL, 12
<134>2021-07-15T00:50:13Z cache-lhr7382 MEWElogs[46369]: CROP, 1626310212378138916, LHR, 12
<134>2021-07-15T00:50:24Z cache-stp9226 MEWElogs[46369]: CROP, 1626310223907712671, STP, 12
<134>2021-07-15T00:50:27Z cache-lhr7382 MEWElogs[46369]: CROP, 1626310226664493496, LHR, 12
<134>2021-07-15T00:50:36Z cache-man4150 MEWElogs[46369]: CROP, 1626310235536529781, MAN, 12
<134>2021-07-15T00:50:39Z cache-mel11272 MEWElogs[46369]: CROP, 1626310237959944507, MEL, 12
<134>2021-07-15T00:50:42Z cache-yul12826 MEWElogs[46369]: CROP, 1626310241978985791, YUL, 12
<134>2021-07-15T00:50:50Z cache-lhr7382 MEWElogs[46369]: CROP, 1626310249848669877, LHR, 12
<134>2021-07-15T00:50:51Z cache-man4150 MEWElogs[46369]: CROP, 1626310250008720876, MAN, 12
<134>2021-07-15T00:50:58Z cache-stp9226 MEWElogs[46369]: CROP, 1626310257198320744, STP, 12
<134>2021-07-15T00:50:59Z cache-jax20933 MEWElogs[46369]: CROP, 1626310259508864975, JAX, 12
<134>2021-07-15T00:51:22Z cache-lhr7382 MEWElogs[46369]: CROP, 1626310281561731109, LHR, 12
<134>2021-07-15T00:51:34Z cache-mci5951 MEWElogs[46369]: CROP, 1626310293851589937, MCI, 12
<134>2021-07-15T00:51:36Z cache-lhr7382 MEWElogs[46369]: CROP, 1626310295923380562, LHR, 12
<134>2021-07-15T00:51:39Z cache-mel11272 MEWElogs[46369]: CROP, 1626310298315081788, MEL, 12
<134>2021-07-15T00:51:46Z cache-yul12826 MEWElogs[46369]: CROP, 1626310305590586878, YUL, 12
<134>2021-07-15T00:51:47Z cache-lga21983 MEWElogs[46369]: CROP, 1626310306855445815, LGA, 12
<134>2021-07-15T00:51:48Z cache-stp9226 MEWElogs[46369]: CROP, 1626310307069136350, STP, 12
<134>2021-07-15T00:51:51Z cache-stp9226 MEWElogs[46369]: CROP, 1626310311143575188, STP, 12
<134>2021-07-15T00:52:08Z cache-jax20933 MEWElogs[46369]: CROP, 1626310327702643983, JAX, 12
<134>2021-07-15T00:52:16Z cache-man4150 MEWElogs[46369]: CROP, 1626310335110574908, MAN, 12
<134>2021-07-15T00:52:21Z cache-yul12826 MEWElogs[46369]: CROP, 1626310341025889295, YUL, 12
<134>2021-07-15T00:52:23Z cache-lga21983 MEWElogs[46369]: CROP, 1626310343237454301, LGA, 12
<134>2021-07-15T00:52:25Z cache-mel11272 MEWElogs[46369]: CROP, 1626310344663134586, MEL, 12
<134>2021-07-15T00:52:29Z cache-man4150 MEWElogs[46369]: CROP, 1626310349478589338, MAN, 12
<134>2021-07-15T00:52:42Z cache-man4150 MEWElogs[46369]: CROP, 1626310361222975169, MAN, 12
<134>2021-07-15T00:52:44Z cache-mel11272 MEWElogs[46369]: CROP, 1626310363045646191, MEL, 12
<134>2021-07-15T00:52:44Z cache-lga21983 MEWElogs[46369]: CROP, 1626310363464781156, LGA, 12
<134>2021-07-15T00:52:48Z cache-man4150 MEWElogs[46369]: CROP, 1626310367011600498, MAN, 12
<134>2021-07-15T00:52:51Z cache-lga21983 MEWElogs[46369]: CROP, 1626310371241304818, LGA, 12
<134>2021-07-15T00:52:56Z cache-lga21983 MEWElogs[46369]: CROP, 1626310375089453168, LGA, 12
<134>2021-07-15T00:52:58Z cache-jax20933 MEWElogs[46369]: CROP, 1626310377250823133, JAX, 12
<134>2021-07-15T00:53:05Z cache-mci5951 MEWElogs[46369]: CROP, 1626310384915899349, MCI, 12
<134>2021-07-15T00:53:22Z cache-jax20933 MEWElogs[46369]: CROP, 1626310401708412628, JAX, 12
<134>2021-07-15T00:53:28Z cache-osl6529 MEWElogs[46369]: CROP, 1626310407817668448, OSL, 12
<134>2021-07-15T00:53:52Z cache-jax20933 MEWElogs[46369]: CROP, 1626310431830153648, JAX, 12
<134>2021-07-15T00:53:53Z cache-mci5951 MEWElogs[46369]: CROP, 1626310432284904570, MCI, 12
<134>2021-07-15T00:53:54Z cache-mia11368 MEWElogs[46369]: CROP, 1626310434367339980, MIA, 12
<134>2021-07-15T00:53:58Z cache-lax10677 MEWElogs[46369]: CROP, 1626310438132410255, LGB, 12
<134>2021-07-15T00:53:58Z cache-ewr18156 MEWElogs[46369]: CROP, 1626310437535370660, EWR, 12
<134>2021-07-15T00:54:00Z cache-stp9226 MEWElogs[46369]: CROP, 1626310439321209824, STP, 12
<134>2021-07-15T00:54:02Z cache-mci5951 MEWElogs[46369]: CROP, 1626310441211236070, MCI, 12
<134>2021-07-15T00:54:05Z cache-ewr18156 MEWElogs[46369]: CROP, 1626310445302821702, EWR, 12
<134>2021-07-15T00:54:14Z cache-mia11368 MEWElogs[46369]: CROP, 1626310453036402553, MIA, 12
<134>2021-07-15T00:54:17Z cache-osl6529 MEWElogs[46369]: CROP, 1626310456292385182, OSL, 12
<134>2021-07-15T00:54:40Z cache-mia11368 MEWElogs[46369]: CROP, 1626310479497331984, MIA, 12
<134>2021-07-15T00:54:42Z cache-lax10677 MEWElogs[46369]: CROP, 1626310481860869112, LGB, 12
<134>2021-07-15T00:54:45Z cache-mci5951 MEWElogs[46369]: CROP, 1626310484826476437, MCI, 12
<134>2021-07-15T00:54:48Z cache-stp9226 MEWElogs[46369]: CROP, 1626310488519675478, STP, 12
<134>2021-07-15T00:54:55Z cache-lax10677 MEWElogs[46369]: CROP, 1626310494559081587, LGB, 12
<134>2021-07-15T00:55:11Z cache-osl6529 MEWElogs[46369]: CROP, 1626310510515282458, OSL, 12
<134>2021-07-15T00:55:12Z cache-mel11272 MEWElogs[46369]: CROP, 1626310511194825301, MEL, 12
<134>2021-07-15T00:55:19Z cache-jax20933 MEWElogs[46369]: CROP, 1626310518945247415, JAX, 12
<134>2021-07-15T00:55:33Z cache-yul12826 MEWElogs[46369]: CROP, 1626310532556688690, YUL, 12
<134>2021-07-15T00:55:36Z cache-ewr18156 MEWElogs[46369]: CROP, 1626310536731511176, EWR, 12
<134>2021-07-15T00:55:37Z cache-osl6529 MEWElogs[46369]: CROP, 1626310536280628726, OSL, 12
<134>2021-07-15T00:55:41Z cache-lga21983 MEWElogs[46369]: CROP, 1626310540874800206, LGA, 12
<134>2021-07-15T00:55:54Z cache-osl6529 MEWElogs[46369]: CROP, 1626310553320581404, OSL, 12
<134>2021-07-15T00:55:57Z cache-gig17035 MEWElogs[46369]: CROP, 1626310556823219397, GIG, 12
<134>2021-07-15T00:56:24Z cache-gig17035 MEWElogs[46369]: CROP, 1626310583390396533, GIG, 12
<134>2021-07-15T00:56:25Z cache-ewr18156 MEWElogs[46369]: CROP, 1626310585762436459, EWR, 12
<134>2021-07-15T00:56:27Z cache-stl4834 MEWElogs[46369]: CROP, 1626310587650118678, STL, 12
<134>2021-07-15T00:56:46Z cache-ewr18156 MEWElogs[46369]: CROP, 1626310605595344899, EWR, 12
<134>2021-07-15T00:56:47Z cache-lax10677 MEWElogs[46369]: CROP, 1626310607181656804, LGB, 12
<134>2021-07-15T00:56:51Z cache-jax20933 MEWElogs[46369]: CROP, 1626310611383127281, JAX, 12
<134>2021-07-15T00:56:55Z cache-yul12826 MEWElogs[46369]: CROP, 1626310615267972665, YUL, 12
<134>2021-07-15T00:57:00Z cache-gig17035 MEWElogs[46369]: CROP, 1626310619730542354, GIG, 12
<134>2021-07-15T00:57:01Z cache-syd10183 MEWElogs[46369]: CROP, 1626310621129352780, SYD, 12
<134>2021-07-15T00:57:08Z cache-gru17149 MEWElogs[46369]: CROP, 1626310627332535358, GRU, 12
<134>2021-07-15T00:57:09Z cache-lga21983 MEWElogs[46369]: CROP, 1626310629238468218, LGA, 12
<134>2021-07-15T00:57:11Z cache-scl19427 MEWElogs[46369]: CROP, 1626310630816935228, SCL, 12
<134>2021-07-15T00:57:20Z cache-ewr18156 MEWElogs[46369]: CROP, 1626310639455455377, EWR, 12
<134>2021-07-15T00:57:27Z cache-stl4834 MEWElogs[46369]: CROP, 1626310646348867060, STL, 12
<134>2021-07-15T00:57:27Z cache-scl19427 MEWElogs[46369]: CROP, 1626310646784080669, SCL, 12
<134>2021-07-15T00:57:28Z cache-jax20933 MEWElogs[46369]: CROP, 1626310647666039167, JAX, 12
<134>2021-07-15T00:57:34Z cache-osl6529 MEWElogs[46369]: CROP, 1626310653617883750, OSL, 12
<134>2021-07-15T00:57:34Z cache-ewr18156 MEWElogs[46369]: CROP, 1626310654697079362, EWR, 12
<134>2021-07-15T00:57:39Z cache-ewr18156 MEWElogs[46369]: CROP, 1626310658616330314, EWR, 12
<134>2021-07-15T00:57:43Z cache-ewr18156 MEWElogs[46369]: CROP, 1626310662534002970, EWR, 12
<134>2021-07-15T00:57:48Z cache-stl4834 MEWElogs[46369]: CROP, 1626310667596594795, STL, 12
<134>2021-07-15T00:57:50Z cache-ewr18156 MEWElogs[46369]: CROP, 1626310670086774920, EWR, 12
<134>2021-07-15T00:57:52Z cache-jax20933 MEWElogs[46369]: CROP, 1626310671822797144, JAX, 12
<134>2021-07-15T00:57:58Z cache-syd10183 MEWElogs[46369]: CROP, 1626310677927259830, SYD, 12
<134>2021-07-15T00:58:10Z cache-jax20933 MEWElogs[46369]: CROP, 1626310689937682147, JAX, 12
<134>2021-07-15T00:58:25Z cache-scl19427 MEWElogs[46369]: CROP, 1626310704957501025, SCL, 12
<134>2021-07-15T00:58:28Z cache-pao17461 MEWElogs[46369]: CROP, 1626310707489960089, PAO, 12
<134>2021-07-15T00:58:32Z cache-syd10183 MEWElogs[46369]: CROP, 1626310711202431578, SYD, 12
<134>2021-07-15T00:58:40Z cache-ewr18156 MEWElogs[46369]: CROP, 1626310719467031496, EWR, 12
<134>2021-07-15T00:58:42Z cache-gru17149 MEWElogs[46369]: CROP, 1626310721639212773, GRU, 12
<134>2021-07-15T00:58:55Z cache-gig17035 MEWElogs[46369]: CROP, 1626310734483944491, GIG, 12
