<134>2021-07-15T06:43:47Z cache-jnb7027 MEWElogs[318405]: UNSH, 1626331426429406477, JNB, 16
<134>2021-07-15T06:43:59Z cache-lon4249 MEWElogs[318405]: UNSH, 1626331438466907394, LON, 16
<134>2021-07-15T06:44:46Z cache-iah17271 MEWElogs[318405]: UNSH, 1626331485765581366, IAH, 16
<134>2021-07-15T06:45:29Z cache-jnb7027 MEWElogs[318405]: UNSH, 1626331529058332204, JNB, 16
<134>2021-07-15T06:45:33Z cache-hel6829 MEWElogs[318405]: UNSH, 1626331532666172274, HEL, 16
<134>2021-07-15T06:45:38Z cache-lon4249 MEWElogs[318405]: UNSH, 1626331538420950391, LON, 16
<134>2021-07-15T06:45:47Z cache-lon4249 MEWElogs[318405]: UNSH, 1626331546706990455, LON, 16
<134>2021-07-15T06:45:50Z cache-jnb7027 MEWElogs[318405]: UNSH, 1626331549121918035, JNB, 16
<134>2021-07-15T06:46:13Z cache-hel6829 MEWElogs[318405]: UNSH, 1626331573190285554, HEL, 16
<134>2021-07-15T06:46:17Z cache-iah17271 MEWElogs[318405]: UNSH, 1626331576594344616, IAH, 16
<134>2021-07-15T06:46:18Z cache-lcy19283 MEWElogs[318405]: UNSH, 1626331577517490363, LCY, 16
<134>2021-07-15T06:46:23Z cache-dal21283 MEWElogs[318405]: UNSH, 1626331582583745645, DAL, 16
<134>2021-07-15T06:46:29Z cache-lon4249 MEWElogs[318405]: UNSH, 1626331588823806633, LON, 16
<134>2021-07-15T06:48:28Z cache-dal21283 MEWElogs[318405]: UNSH, 1626331707902889527, DAL, 16
<134>2021-07-15T06:48:57Z cache-bur17583 MEWElogs[318405]: UNSH, 1626331736002289889, BUR, 16
<134>2021-07-15T06:49:08Z cache-hel6829 MEWElogs[318405]: UNSH, 1626331747672703861, HEL, 16
<134>2021-07-15T06:49:13Z cache-jnb7027 MEWElogs[318405]: UNSH, 1626331753339857117, JNB, 16
<134>2021-07-15T06:49:18Z cache-bur17583 MEWElogs[318405]: UNSH, 1626331758367208094, BUR, 16
<134>2021-07-15T06:49:52Z cache-fra19177 MEWElogs[318405]: UNSH, 1626331790925700924, FRA, 16
<134>2021-07-15T06:50:06Z cache-lcy19283 MEWElogs[318405]: UNSH, 1626331806264775001, LCY, 16
<134>2021-07-15T06:50:15Z cache-dal21283 MEWElogs[318405]: UNSH, 1626331814744965773, DAL, 16
<134>2021-07-15T06:50:21Z cache-mad22068 MEWElogs[318405]: UNSH, 1626331820650019795, MAD, 16
<134>2021-07-15T06:51:07Z cache-den8274 MEWElogs[318405]: UNSH, 1626331866556197804, DEN, 16
<134>2021-07-15T06:52:33Z cache-den8274 MEWElogs[318405]: UNSH, 1626331952854631653, DEN, 16
<134>2021-07-15T06:53:02Z cache-den8274 MEWElogs[318405]: UNSH, 1626331981538288527, DEN, 16
<134>2021-07-15T06:53:30Z cache-den8274 MEWElogs[318405]: UNSH, 1626332010713906218, DEN, 16
