<134>2021-07-14T17:13:49Z cache-cwb20520 MEWElogs[326955]: FLIPH, 1626282829316629002, CWB, -1
<134>2021-07-14T17:14:08Z cache-jnb7027 MEWElogs[326955]: FLIPH, 1626282847954421880, JNB, -1
<134>2021-07-14T17:14:11Z cache-den8274 MEWElogs[326955]: FLIPH, 1626282850151083037, DEN, 10
<134>2021-07-14T17:14:17Z cache-den8274 MEWElogs[326955]: FLIPH, 1626282856389780130, DEN, -1
<134>2021-07-14T17:14:45Z cache-lon4249 MEWElogs[326955]: FLIPH, 1626282885171433627, LON, -1
<134>2021-07-14T17:15:10Z cache-mad22068 MEWElogs[326955]: FLIPH, 1626282910444999137, MAD, -1
<134>2021-07-14T17:15:27Z cache-hkg17929 MEWElogs[326955]: FLIPH, 1626282927258348054, HKG, -1
<134>2021-07-14T17:15:27Z cache-mci5951 MEWElogs[326955]: FLIPH, 1626282927071907645, MCI, -1
<134>2021-07-14T17:15:35Z cache-lcy19283 MEWElogs[326955]: FLIPH, 1626282935748212721, LCY, 10
<134>2021-07-14T17:16:00Z cache-bur17583 MEWElogs[326955]: FLIPH, 1626282959334221732, BUR, -1
<134>2021-07-14T17:16:01Z cache-mci5951 MEWElogs[326955]: FLIPH, 1626282961050019710, MCI, 10
<134>2021-07-14T17:16:04Z cache-mia11368 MEWElogs[326955]: FLIPH, 1626282963923122132, MIA, -1
<134>2021-07-14T17:16:07Z cache-mia11368 MEWElogs[326955]: FLIPH, 1626282967148834124, MIA, 10
<134>2021-07-14T17:16:08Z cache-mrs10583 MEWElogs[326955]: FLIPH, 1626282968178014913, MRS, -1
<134>2021-07-14T17:16:35Z cache-hkg17929 MEWElogs[326955]: FLIPH, 1626282995370262129, HKG, 10
<134>2021-07-14T17:16:57Z cache-hkg17929 MEWElogs[326955]: FLIPH, 1626283016978744508, HKG, 10
<134>2021-07-14T17:17:08Z cache-mia11368 MEWElogs[326955]: FLIPH, 1626283028338780532, MIA, 10
<134>2021-07-14T17:17:16Z cache-dal21283 MEWElogs[326955]: FLIPH, 1626283035805505783, DAL, -1
<134>2021-07-14T17:17:23Z cache-jax20933 MEWElogs[326955]: FLIPH, 1626283042712992741, JAX, -1
<134>2021-07-14T17:17:31Z cache-lhr7382 MEWElogs[326955]: FLIPH, 1626283050780524519, LHR, 10
<134>2021-07-14T17:17:45Z cache-lhr7382 MEWElogs[326955]: FLIPH, 1626283065217326168, LHR, -1
<134>2021-07-14T17:17:50Z cache-dal21283 MEWElogs[326955]: FLIPH, 1626283070270177645, DAL, -1
<134>2021-07-14T17:18:02Z cache-mad22068 MEWElogs[326955]: FLIPH, 1626283081123152847, MAD, -1
<134>2021-07-14T17:18:38Z cache-mrs10583 MEWElogs[326955]: FLIPH, 1626283117604680874, MRS, 10
<134>2021-07-14T17:18:38Z cache-bur17583 MEWElogs[326955]: FLIPH, 1626283118535765474, BUR, 10
<134>2021-07-14T17:18:39Z cache-mad22068 MEWElogs[326955]: FLIPH, 1626283119076419026, MAD, -1
<134>2021-07-14T17:18:54Z cache-stp9226 MEWElogs[326955]: FLIPH, 1626283133044517389, STP, 10
<134>2021-07-14T17:19:31Z cache-mci5951 MEWElogs[326955]: FLIPH, 1626283170435260539, MCI, -1
<134>2021-07-14T17:19:39Z cache-bur17583 MEWElogs[326955]: FLIPH, 1626283178153426818, BUR, -1
<134>2021-07-14T17:19:44Z cache-mad22068 MEWElogs[326955]: FLIPH, 1626283183758809256, MAD, -1
<134>2021-07-14T17:20:01Z cache-lhr7382 MEWElogs[326955]: FLIPH, 1626283200136421290, LHR, 10
<134>2021-07-14T17:20:01Z cache-mci5951 MEWElogs[326955]: FLIPH, 1626283200792506648, MCI, -1
<134>2021-07-14T17:20:09Z cache-lhr7382 MEWElogs[326955]: FLIPH, 1626283208645272807, LHR, 10
<134>2021-07-14T17:20:28Z cache-stp9226 MEWElogs[326955]: FLIPH, 1626283227639244898, STP, -1
<134>2021-07-14T17:21:02Z cache-mci5951 MEWElogs[326955]: FLIPH, 1626283261250208119, MCI, -1
<134>2021-07-14T17:21:15Z cache-stp9226 MEWElogs[326955]: FLIPH, 1626283274658089887, STP, 10
<134>2021-07-14T17:21:24Z cache-mia11368 MEWElogs[326955]: FLIPH, 1626283283972385917, MIA, 10
<134>2021-07-14T17:21:59Z cache-mad22068 MEWElogs[326955]: FLIPH, 1626283318726423465, MAD, 10
<134>2021-07-14T17:22:14Z cache-bur17583 MEWElogs[326955]: FLIPH, 1626283334135074502, BUR, -1
<134>2021-07-14T17:22:34Z cache-mrs10583 MEWElogs[326955]: FLIPH, 1626283353875807528, MRS, 10
<134>2021-07-14T17:22:40Z cache-jax20933 MEWElogs[326955]: FLIPH, 1626283359179889870, JAX, 10
<134>2021-07-14T17:22:44Z cache-stp9226 MEWElogs[326955]: FLIPH, 1626283363661495249, STP, 10
<134>2021-07-14T17:22:57Z cache-yul12826 MEWElogs[326955]: FLIPH, 1626283377227323300, YUL, 10
<134>2021-07-14T17:23:00Z cache-jax20933 MEWElogs[326955]: FLIPH, 1626283380189282002, JAX, -1
<134>2021-07-14T17:23:09Z cache-mad22068 MEWElogs[326955]: FLIPH, 1626283389444725669, MAD, 10
