<134>2021-07-15T00:59:29Z cache-cgh11122 MEWElogs[292213]: CROP, 1626310769514402276, CGH, 12
<134>2021-07-15T00:59:30Z cache-gig17035 MEWElogs[292213]: CROP, 1626310770603967906, GIG, 12
<134>2021-07-15T00:59:31Z cache-hnd18722 MEWElogs[292213]: CROP, 1626310771305209940, HND, 12
<134>2021-07-15T01:00:25Z cache-gru17149 MEWElogs[292213]: CROP, 1626310824032977025, GRU, 12
<134>2021-07-15T01:00:30Z cache-syd10183 MEWElogs[292213]: CROP, 1626310830509655319, SYD, 12
<134>2021-07-15T01:00:32Z cache-scl19427 MEWElogs[292213]: CROP, 1626310832244813067, SCL, 12
<134>2021-07-15T01:00:57Z cache-gru17149 MEWElogs[292213]: CROP, 1626310856762435567, GRU, 12
<134>2021-07-15T01:01:04Z cache-pao17461 MEWElogs[292213]: CROP, 1626310863818157071, PAO, 12
<134>2021-07-15T01:01:17Z cache-cgh11122 MEWElogs[292213]: CROP, 1626310876557706121, CGH, 12
<134>2021-07-15T01:01:17Z cache-pao17461 MEWElogs[292213]: CROP, 1626310877077379572, PAO, 12
<134>2021-07-15T01:03:08Z cache-bma1628 MEWElogs[292213]: CROP, 1626310987855642484, BMA, 12
<134>2021-07-15T01:03:20Z cache-bom4751 MEWElogs[292213]: CROP, 1626310998976621779, BOM, 12
<134>2021-07-15T01:03:26Z cache-bma1628 MEWElogs[292213]: CROP, 1626311005639271865, BMA, 12
<134>2021-07-15T01:03:42Z cache-syd10183 MEWElogs[292213]: CROP, 1626311021673041436, SYD, 12
<134>2021-07-15T01:03:52Z cache-sea4483 MEWElogs[292213]: CROP, 1626311032463881249, SEA, 12
<134>2021-07-15T01:03:58Z cache-pao17461 MEWElogs[292213]: CROP, 1626311038108296980, PAO, 12
<134>2021-07-15T01:04:07Z cache-sea4483 MEWElogs[292213]: CROP, 1626311047298815715, SEA, 12
<134>2021-07-15T01:04:18Z cache-cgh11122 MEWElogs[292213]: CROP, 1626311058174747081, CGH, 12
<134>2021-07-15T01:04:36Z cache-cgh11122 MEWElogs[292213]: CROP, 1626311075900135335, CGH, 12
<134>2021-07-15T01:05:16Z cache-cgh11122 MEWElogs[292213]: CROP, 1626311115539967729, CGH, 12
<134>2021-07-15T01:06:03Z cache-sea4483 MEWElogs[292213]: CROP, 1626311162991097448, SEA, 12
<134>2021-07-15T01:06:06Z cache-sjc10078 MEWElogs[292213]: CROP, 1626311165459412667, SJC, 12
<134>2021-07-15T01:06:19Z cache-sjc10078 MEWElogs[292213]: CROP, 1626311178568457730, SJC, 12
<134>2021-07-15T01:06:19Z cache-vie21629 MEWElogs[292213]: CROP, 1626311178802400020, VIE, 12
<134>2021-07-15T01:06:32Z cache-cgh11183 MEWElogs[292213]: CROP, 1626311191538449778, CGH, 12
<134>2021-07-15T01:06:40Z cache-vie21629 MEWElogs[292213]: CROP, 1626311199068918807, VIE, 12
<134>2021-07-15T01:06:48Z cache-sjc10078 MEWElogs[292213]: CROP, 1626311208055440583, SJC, 12
<134>2021-07-15T01:06:51Z cache-itm18851 MEWElogs[292213]: CROP, 1626311210767167329, ITM, 12
<134>2021-07-15T01:07:06Z cache-yyz4551 MEWElogs[292213]: CROP, 1626311225845645269, YYZ, 12
<134>2021-07-15T01:07:26Z cache-bma1628 MEWElogs[292213]: CROP, 1626311245746737221, BMA, 12
<134>2021-07-15T01:07:43Z cache-tyo11974 MEWElogs[292213]: CROP, 1626311262865860048, TYO, 12
<134>2021-07-15T01:07:53Z cache-bma1628 MEWElogs[292213]: CROP, 1626311272266733697, BMA, 12
<134>2021-07-15T01:08:16Z cache-sea4483 MEWElogs[292213]: CROP, 1626311295705873573, SEA, 12
<134>2021-07-15T01:08:35Z cache-tyo11974 MEWElogs[292213]: CROP, 1626311315488121346, TYO, 12
<134>2021-07-15T01:08:54Z cache-cgh11183 MEWElogs[292213]: CROP, 1626311333871164906, CGH, 12
<134>2021-07-15T01:09:05Z cache-sjc10078 MEWElogs[292213]: CROP, 1626311345161313697, SJC, 12
<134>2021-07-15T01:09:17Z cache-yyz4551 MEWElogs[292213]: CROP, 1626311356435333758, YYZ, 12
