<134>2021-07-15T04:37:00Z cache-den8274 MEWElogs[21956]: ROTATE, 1626323819891794214, DEN, 15
<134>2021-07-15T04:37:26Z cache-bos4657 MEWElogs[21956]: ROTATE, 1626323845675726768, BOS, 15
<134>2021-07-15T04:37:44Z cache-bos4657 MEWElogs[21956]: ROTATE, 1626323863503209568, BOS, 15
<134>2021-07-15T04:37:57Z cache-hhn4077 MEWElogs[21956]: ROTATE, 1626323876385166059, HHN, 15
<134>2021-07-15T04:38:09Z cache-cwb20520 MEWElogs[21956]: ROTATE, 1626323888266112739, CWB, 15
<134>2021-07-15T04:38:12Z cache-chi21126 MEWElogs[21956]: ROTATE, 1626323891879646288, CHI, 15
<134>2021-07-15T04:38:33Z cache-chi21126 MEWElogs[21956]: ROTATE, 1626323912596888950, CHI, 15
<134>2021-07-15T04:38:55Z cache-fra19177 MEWElogs[21956]: ROTATE, 1626323934836807087, FRA, 15
<134>2021-07-15T04:39:17Z cache-pwk4920 MEWElogs[21956]: ROTATE, 1626323957675885803, PWK, 15
<134>2021-07-15T04:39:18Z cache-lcy19283 MEWElogs[21956]: ROTATE, 1626323957050784869, LCY, 15
<134>2021-07-15T04:39:20Z cache-fra19177 MEWElogs[21956]: ROTATE, 1626323958977774715, FRA, 15
<134>2021-07-15T04:39:21Z cache-hel6829 MEWElogs[21956]: ROTATE, 1626323960414620367, HEL, 15
<134>2021-07-15T04:39:25Z cache-lon4249 MEWElogs[21956]: ROTATE, 1626323964883401185, LON, 15
<134>2021-07-15T04:39:27Z cache-bur17583 MEWElogs[21956]: ROTATE, 1626323967740527230, BUR, 15
<134>2021-07-15T04:39:31Z cache-den8274 MEWElogs[21956]: ROTATE, 1626323970019835435, DEN, 15
<134>2021-07-15T04:39:59Z cache-pwk4920 MEWElogs[21956]: ROTATE, 1626323998229749973, PWK, 15
<134>2021-07-15T04:40:07Z cache-hel6829 MEWElogs[21956]: ROTATE, 1626324006869830425, HEL, 15
<134>2021-07-15T04:40:23Z cache-jnb7027 MEWElogs[21956]: ROTATE, 1626324022559018978, JNB, 15
<134>2021-07-15T04:40:25Z cache-den8274 MEWElogs[21956]: ROTATE, 1626324025290013750, DEN, 15
<134>2021-07-15T04:40:39Z cache-pwk4920 MEWElogs[21956]: ROTATE, 1626324038763143603, PWK, 15
<134>2021-07-15T04:41:03Z cache-lcy19283 MEWElogs[21956]: ROTATE, 1626324062325401237, LCY, 15
<134>2021-07-15T04:41:05Z cache-iah17271 MEWElogs[21956]: ROTATE, 1626324064948145709, IAH, 15
<134>2021-07-15T04:41:19Z cache-lcy19283 MEWElogs[21956]: ROTATE, 1626324078621721116, LCY, 15
<134>2021-07-15T04:41:31Z cache-den8274 MEWElogs[21956]: ROTATE, 1626324090177466010, DEN, 15
<134>2021-07-15T04:41:37Z cache-fra19177 MEWElogs[21956]: ROTATE, 1626324096840800309, FRA, 15
<134>2021-07-15T04:41:47Z cache-dal21283 MEWElogs[21956]: ROTATE, 1626324106517175659, DAL, 15
<134>2021-07-15T04:42:19Z cache-hel6829 MEWElogs[21956]: ROTATE, 1626324138169829773, HEL, 15
<134>2021-07-15T04:42:19Z cache-bur17583 MEWElogs[21956]: ROTATE, 1626324139555459652, BUR, 15
<134>2021-07-15T04:42:31Z cache-lon4249 MEWElogs[21956]: ROTATE, 1626324150609833989, LON, 15
<134>2021-07-15T04:42:33Z cache-fra19177 MEWElogs[21956]: ROTATE, 1626324152795932412, FRA, 15
<134>2021-07-15T04:42:35Z cache-den8274 MEWElogs[21956]: ROTATE, 1626324154404308424, DEN, 15
<134>2021-07-15T04:42:47Z cache-dal21283 MEWElogs[21956]: ROTATE, 1626324166317396519, DAL, 15
<134>2021-07-15T04:43:27Z cache-lcy19283 MEWElogs[21956]: ROTATE, 1626324206298452679, LCY, 15
<134>2021-07-15T04:43:35Z cache-lcy19283 MEWElogs[21956]: ROTATE, 1626324214305852049, LCY, 15
<134>2021-07-15T04:43:54Z cache-fra19177 MEWElogs[21956]: ROTATE, 1626324234334051122, FRA, 15
<134>2021-07-15T04:44:16Z cache-den8274 MEWElogs[21956]: ROTATE, 1626324256341166797, DEN, 15
<134>2021-07-15T04:44:19Z cache-fra19177 MEWElogs[21956]: ROTATE, 1626324258213374528, FRA, 15
<134>2021-07-15T04:44:51Z cache-fra19177 MEWElogs[21956]: ROTATE, 1626324290345721300, FRA, 15
<134>2021-07-15T04:44:59Z cache-fra19177 MEWElogs[21956]: ROTATE, 1626324298400243406, FRA, 15
<134>2021-07-15T04:44:59Z cache-jnb7027 MEWElogs[21956]: ROTATE, 1626324298413612758, JNB, 15
<134>2021-07-15T04:45:37Z cache-jnb7027 MEWElogs[21956]: ROTATE, 1626324337054632157, JNB, 15
<134>2021-07-15T04:46:00Z cache-mad22068 MEWElogs[21956]: ROTATE, 1626324359464451690, MAD, 15
<134>2021-07-15T04:46:15Z cache-den8274 MEWElogs[21956]: ROTATE, 1626324375390466585, DEN, 15
<134>2021-07-15T04:46:20Z cache-fra19177 MEWElogs[21956]: ROTATE, 1626324379104588240, FRA, 15
<134>2021-07-15T04:46:40Z cache-lcy19283 MEWElogs[21956]: ROTATE, 1626324399956132984, LCY, 15
<134>2021-07-15T04:46:44Z cache-jnb7027 MEWElogs[21956]: ROTATE, 1626324403294122514, JNB, 15
<134>2021-07-15T04:46:44Z cache-dal21283 MEWElogs[21956]: ROTATE, 1626324403317414089, DAL, 15
<134>2021-07-15T04:46:54Z cache-lon4249 MEWElogs[21956]: ROTATE, 1626324413180281571, LON, 15
<134>2021-07-15T04:46:55Z cache-dal21283 MEWElogs[21956]: ROTATE, 1626324415052446548, DAL, 15
<134>2021-07-15T04:46:57Z cache-lcy19283 MEWElogs[21956]: ROTATE, 1626324416279916559, LCY, 15
