<134>2021-07-14T16:51:49Z cache-pwk4920 MEWElogs[334804]: FLIPH, 1626281508975323680, PWK, 10
<134>2021-07-14T16:51:58Z cache-del21735 MEWElogs[334804]: FLIPH, 1626281517739100595, DEL, 10
<134>2021-07-14T16:52:51Z cache-chi21126 MEWElogs[334804]: FLIPH, 1626281571425873077, CHI, -1
<134>2021-07-14T16:52:52Z cache-dfw18678 MEWElogs[334804]: FLIPH, 1626281571754724397, DFW, -1
<134>2021-07-14T16:52:57Z cache-dub4329 MEWElogs[334804]: FLIPH, 1626281576797636072, DUB, -1
<134>2021-07-14T16:53:24Z cache-del21735 MEWElogs[334804]: FLIPH, 1626281603470713965, DEL, -1
<134>2021-07-14T16:53:38Z cache-hhn4077 MEWElogs[334804]: FLIPH, 1626281617963582715, HHN, -1
<134>2021-07-14T16:53:48Z cache-fty21383 MEWElogs[334804]: FLIPH, 1626281627765503218, FTY, -1
<134>2021-07-14T16:53:51Z cache-chi21126 MEWElogs[334804]: FLIPH, 1626281630703679515, CHI, 10
<134>2021-07-14T16:54:07Z cache-fty21383 MEWElogs[334804]: FLIPH, 1626281646786236515, FTY, 10
<134>2021-07-14T16:54:10Z cache-cph20625 MEWElogs[334804]: FLIPH, 1626281649295936574, CPH, -1
<134>2021-07-14T16:54:29Z cache-akl10324 MEWElogs[334804]: FLIPH, 1626281669756515739, AKL, -1
<134>2021-07-14T16:54:37Z cache-cph20625 MEWElogs[334804]: FLIPH, 1626281676092795964, CPH, 10
<134>2021-07-14T16:54:55Z cache-dub4329 MEWElogs[334804]: FLIPH, 1626281694988968018, DUB, -1
<134>2021-07-14T16:55:03Z cache-hhn4077 MEWElogs[334804]: FLIPH, 1626281702393786439, HHN, 10
<134>2021-07-14T16:55:10Z cache-dfw18678 MEWElogs[334804]: FLIPH, 1626281709021879207, DFW, 10
<134>2021-07-14T16:55:13Z cache-fty21383 MEWElogs[334804]: FLIPH, 1626281712477057505, FTY, 10
<134>2021-07-14T16:55:34Z cache-bos4657 MEWElogs[334804]: FLIPH, 1626281733849028701, BOS, -1
<134>2021-07-14T16:55:43Z cache-bos4657 MEWElogs[334804]: FLIPH, 1626281742906942849, BOS, -1
<134>2021-07-14T16:56:00Z cache-fty21383 MEWElogs[334804]: FLIPH, 1626281759954333317, FTY, -1
<134>2021-07-14T16:56:05Z cache-cph20625 MEWElogs[334804]: FLIPH, 1626281764362364631, CPH, 10
<134>2021-07-14T16:56:23Z cache-del21735 MEWElogs[334804]: FLIPH, 1626281783460516568, DEL, -1
<134>2021-07-14T16:56:33Z cache-dub4329 MEWElogs[334804]: FLIPH, 1626281792919615274, DUB, 10
<134>2021-07-14T16:56:35Z cache-del21735 MEWElogs[334804]: FLIPH, 1626281795227087123, DEL, 10
<134>2021-07-14T16:56:39Z cache-pwk4920 MEWElogs[334804]: FLIPH, 1626281798930604143, PWK, 10
<134>2021-07-14T16:56:58Z cache-dfw18678 MEWElogs[334804]: FLIPH, 1626281817497586154, DFW, 10
<134>2021-07-14T16:57:04Z cache-bos4657 MEWElogs[334804]: FLIPH, 1626281823687684707, BOS, -1
<134>2021-07-14T16:57:08Z cache-hel6829 MEWElogs[334804]: FLIPH, 1626281827397202056, HEL, 10
<134>2021-07-14T16:57:16Z cache-bos4657 MEWElogs[334804]: FLIPH, 1626281835735780080, BOS, 10
<134>2021-07-14T16:57:28Z cache-dub4329 MEWElogs[334804]: FLIPH, 1626281847764451086, DUB, 10
<134>2021-07-14T16:57:56Z cache-pwk4920 MEWElogs[334804]: FLIPH, 1626281875478992159, PWK, -1
<134>2021-07-14T16:58:20Z cache-bos4657 MEWElogs[334804]: FLIPH, 1626281899125594576, BOS, 10
<134>2021-07-14T16:58:36Z cache-akl10324 MEWElogs[334804]: FLIPH, 1626281915164097283, AKL, 10
<134>2021-07-14T16:58:39Z cache-pwk4920 MEWElogs[334804]: FLIPH, 1626281918485631212, PWK, 10
<134>2021-07-14T16:58:42Z cache-hel6829 MEWElogs[334804]: FLIPH, 1626281921433306541, HEL, -1
<134>2021-07-14T16:58:47Z cache-fra19177 MEWElogs[334804]: FLIPH, 1626281927108059372, FRA, -1
<134>2021-07-14T16:58:48Z cache-cph20625 MEWElogs[334804]: FLIPH, 1626281927600879211, CPH, -1
<134>2021-07-14T16:59:06Z cache-jnb7027 MEWElogs[334804]: FLIPH, 1626281945507846691, JNB, -1
<134>2021-07-14T16:59:14Z cache-fra19177 MEWElogs[334804]: FLIPH, 1626281953872470362, FRA, -1
<134>2021-07-14T17:00:14Z cache-hel6829 MEWElogs[334804]: FLIPH, 1626282013320140212, HEL, 10
<134>2021-07-14T17:00:21Z cache-iah17271 MEWElogs[334804]: FLIPH, 1626282021548996246, IAH, 10
<134>2021-07-14T17:00:29Z cache-fra19177 MEWElogs[334804]: FLIPH, 1626282028607117939, FRA, 10
<134>2021-07-14T17:00:33Z cache-dfw18678 MEWElogs[334804]: FLIPH, 1626282032914973225, DFW, -1
<134>2021-07-14T17:01:02Z cache-del21735 MEWElogs[334804]: FLIPH, 1626282062552170044, DEL, 10
<134>2021-07-14T17:01:27Z cache-jnb7027 MEWElogs[334804]: FLIPH, 1626282085877259686, JNB, 10
<134>2021-07-14T17:01:36Z cache-pwk4920 MEWElogs[334804]: FLIPH, 1626282095485261785, PWK, -1
