<134>2021-07-14T17:32:27Z cache-ewr18156 MEWElogs[503012]: FLIPH, 1626283946939744377, EWR, -1
<134>2021-07-14T17:32:28Z cache-man4150 MEWElogs[503012]: FLIPH, 1626283947472312156, MAN, -1
<134>2021-07-14T17:32:33Z cache-stp9226 MEWElogs[503012]: FLIPH, 1626283952967807368, STP, -1
<134>2021-07-14T17:32:45Z cache-man4150 MEWElogs[503012]: FLIPH, 1626283964274284999, MAN, -1
<134>2021-07-14T17:32:46Z cache-mel11272 MEWElogs[503012]: FLIPH, 1626283965748192419, MEL, 10
<134>2021-07-14T17:32:53Z cache-jax20933 MEWElogs[503012]: FLIPH, 1626283973033893111, JAX, 10
<134>2021-07-14T17:32:59Z cache-mia11368 MEWElogs[503012]: FLIPH, 1626283979217340113, MIA, -1
<134>2021-07-14T17:33:07Z cache-ewr18156 MEWElogs[503012]: FLIPH, 1626283987258459863, EWR, 10
<134>2021-07-14T17:33:28Z cache-osl6529 MEWElogs[503012]: FLIPH, 1626284007947748247, OSL, 10
<134>2021-07-14T17:33:31Z cache-ewr18156 MEWElogs[503012]: FLIPH, 1626284011551892245, EWR, -1
<134>2021-07-14T17:33:42Z cache-stp9226 MEWElogs[503012]: FLIPH, 1626284021950971572, STP, 10
<134>2021-07-14T17:33:50Z cache-lax10677 MEWElogs[503012]: FLIPH, 1626284030039151470, LGB, -1
<134>2021-07-14T17:33:55Z cache-mel11272 MEWElogs[503012]: FLIPH, 1626284034442834225, MEL, -1
<134>2021-07-14T17:34:08Z cache-mel11272 MEWElogs[503012]: FLIPH, 1626284047391134722, MEL, 10
<134>2021-07-14T17:34:15Z cache-yul12826 MEWElogs[503012]: FLIPH, 1626284054632590229, YUL, -1
<134>2021-07-14T17:34:15Z cache-stp9226 MEWElogs[503012]: FLIPH, 1626284054635386032, STP, 10
<134>2021-07-14T17:34:23Z cache-lga21983 MEWElogs[503012]: FLIPH, 1626284062776356219, LGA, -1
<134>2021-07-14T17:34:35Z cache-gig17035 MEWElogs[503012]: FLIPH, 1626284075137168021, GIG, -1
<134>2021-07-14T17:34:40Z cache-lax10677 MEWElogs[503012]: FLIPH, 1626284079907755966, LGB, -1
<134>2021-07-14T17:34:49Z cache-man4150 MEWElogs[503012]: FLIPH, 1626284089535690804, MAN, -1
<134>2021-07-14T17:34:49Z cache-lax10677 MEWElogs[503012]: FLIPH, 1626284089654188575, LGB, -1
<134>2021-07-14T17:34:55Z cache-yul12826 MEWElogs[503012]: FLIPH, 1626284095001885766, YUL, 10
<134>2021-07-14T17:35:20Z cache-yul12826 MEWElogs[503012]: FLIPH, 1626284119535566299, YUL, -1
<134>2021-07-14T17:35:42Z cache-cdg20720 MEWElogs[503012]: FLIPH, 1626284141978143102, CDG, -1
<134>2021-07-14T17:35:49Z cache-gig17035 MEWElogs[503012]: FLIPH, 1626284147990827553, GIG, -1
<134>2021-07-14T17:35:49Z cache-lax10677 MEWElogs[503012]: FLIPH, 1626284149132339504, LGB, -1
<134>2021-07-14T17:35:50Z cache-yul12826 MEWElogs[503012]: FLIPH, 1626284150767515687, YUL, 10
<134>2021-07-14T17:35:55Z cache-osl6529 MEWElogs[503012]: FLIPH, 1626284155638784000, OSL, 10
<134>2021-07-14T17:36:21Z cache-lga21983 MEWElogs[503012]: FLIPH, 1626284180508308007, LGA, -1
<134>2021-07-14T17:36:21Z cache-ewr18156 MEWElogs[503012]: FLIPH, 1626284181064274834, EWR, 10
<134>2021-07-14T17:36:28Z cache-ewr18156 MEWElogs[503012]: FLIPH, 1626284187077109999, EWR, -1
<134>2021-07-14T17:36:31Z cache-man4150 MEWElogs[503012]: FLIPH, 1626284190890737033, MAN, -1
<134>2021-07-14T17:36:33Z cache-cdg20720 MEWElogs[503012]: FLIPH, 1626284192160558684, CDG, -1
<134>2021-07-14T17:36:33Z cache-lax10677 MEWElogs[503012]: FLIPH, 1626284192420346035, LGB, 10
<134>2021-07-14T17:36:50Z cache-lga21983 MEWElogs[503012]: FLIPH, 1626284209750634634, LGA, -1
<134>2021-07-14T17:36:53Z cache-cdg20720 MEWElogs[503012]: FLIPH, 1626284212736178963, CDG, -1
<134>2021-07-14T17:36:55Z cache-bom4751 MEWElogs[503012]: FLIPH, 1626284214653046143, BOM, -1
<134>2021-07-14T17:37:07Z cache-ewr18156 MEWElogs[503012]: FLIPH, 1626284226991386435, EWR, 10
<134>2021-07-14T17:37:09Z cache-osl6529 MEWElogs[503012]: FLIPH, 1626284229612621421, OSL, 10
<134>2021-07-14T17:37:13Z cache-lga21983 MEWElogs[503012]: FLIPH, 1626284233076616773, LGA, 10
<134>2021-07-14T17:37:15Z cache-bom4751 MEWElogs[503012]: FLIPH, 1626284233956836469, BOM, -1
<134>2021-07-14T17:37:20Z cache-lga21983 MEWElogs[503012]: FLIPH, 1626284239666023084, LGA, -1
<134>2021-07-14T17:37:24Z cache-cdg20720 MEWElogs[503012]: FLIPH, 1626284243328187670, CDG, -1
<134>2021-07-14T17:37:27Z cache-bom4751 MEWElogs[503012]: FLIPH, 1626284246219542073, BOM, 10
<134>2021-07-14T17:37:28Z cache-man4150 MEWElogs[503012]: FLIPH, 1626284248427168137, MAN, -1
<134>2021-07-14T17:37:29Z cache-lga21983 MEWElogs[503012]: FLIPH, 1626284249458653191, LGA, -1
<134>2021-07-14T17:37:29Z cache-lax10677 MEWElogs[503012]: FLIPH, 1626284248868607506, LGB, -1
<134>2021-07-14T17:37:37Z cache-osl6529 MEWElogs[503012]: FLIPH, 1626284257310067813, OSL, 10
<134>2021-07-14T17:37:50Z cache-lga21983 MEWElogs[503012]: FLIPH, 1626284269347736142, LGA, -1
<134>2021-07-14T17:37:53Z cache-lga21983 MEWElogs[503012]: FLIPH, 1626284272574722489, LGA, 10
<134>2021-07-14T17:37:53Z cache-scl19427 MEWElogs[503012]: FLIPH, 1626284272860156908, SCL, 10
<134>2021-07-14T17:37:55Z cache-man4150 MEWElogs[503012]: FLIPH, 1626284274394967918, MAN, -1
<134>2021-07-14T17:37:55Z cache-cdg20720 MEWElogs[503012]: FLIPH, 1626284274111601960, CDG, -1
<134>2021-07-14T17:38:03Z cache-gig17035 MEWElogs[503012]: FLIPH, 1626284282960839097, GIG, 10
<134>2021-07-14T17:38:06Z cache-bom4751 MEWElogs[503012]: FLIPH, 1626284286539053927, BOM, 10
<134>2021-07-14T17:38:32Z cache-lga21983 MEWElogs[503012]: FLIPH, 1626284312063877331, LGA, 10
<134>2021-07-14T17:38:54Z cache-ewr18156 MEWElogs[503012]: FLIPH, 1626284334392073234, EWR, -1
<134>2021-07-14T17:39:02Z cache-lga21983 MEWElogs[503012]: FLIPH, 1626284341629231114, LGA, 10
<134>2021-07-14T17:39:12Z cache-lax10677 MEWElogs[503012]: FLIPH, 1626284351605219626, LGB, 10
<134>2021-07-14T17:39:28Z cache-lga21983 MEWElogs[503012]: FLIPH, 1626284367970420626, LGA, -1
<134>2021-07-14T17:39:30Z cache-scl19427 MEWElogs[503012]: FLIPH, 1626284369853581331, SCL, 10
<134>2021-07-14T17:39:42Z cache-bom4751 MEWElogs[503012]: FLIPH, 1626284381932330741, BOM, -1
<134>2021-07-14T17:39:42Z cache-mel11272 MEWElogs[503012]: FLIPH, 1626284381673687244, MEL, -1
<134>2021-07-14T17:39:47Z cache-man4150 MEWElogs[503012]: FLIPH, 1626284386589987361, MAN, 10
<134>2021-07-14T17:39:51Z cache-ewr18156 MEWElogs[503012]: FLIPH, 1626284390199137059, EWR, -1
<134>2021-07-14T17:39:55Z cache-bom4751 MEWElogs[503012]: FLIPH, 1626284394683322492, BOM, 10
<134>2021-07-14T17:40:05Z cache-mel11272 MEWElogs[503012]: FLIPH, 1626284404003544518, MEL, 10
<134>2021-07-14T17:40:05Z cache-bom4751 MEWElogs[503012]: FLIPH, 1626284404170728165, BOM, 10
<134>2021-07-14T17:40:17Z cache-gig17035 MEWElogs[503012]: FLIPH, 1626284416191873951, GIG, 10
<134>2021-07-14T17:40:18Z cache-gru17149 MEWElogs[503012]: FLIPH, 1626284417524913312, GRU, -1
<134>2021-07-14T17:40:21Z cache-man4150 MEWElogs[503012]: FLIPH, 1626284420204548647, MAN, 10
<134>2021-07-14T17:40:41Z cache-ewr18156 MEWElogs[503012]: FLIPH, 1626284440311401171, EWR, 10
<134>2021-07-14T17:40:47Z cache-gru17149 MEWElogs[503012]: FLIPH, 1626284446244347961, GRU, -1
<134>2021-07-14T17:40:49Z cache-gru17149 MEWElogs[503012]: FLIPH, 1626284448922471973, GRU, 10
<134>2021-07-14T17:41:00Z cache-ewr18156 MEWElogs[503012]: FLIPH, 1626284459499667206, EWR, 10
<134>2021-07-14T17:41:06Z cache-mel11272 MEWElogs[503012]: FLIPH, 1626284464982691430, MEL, 10
<134>2021-07-14T17:41:08Z cache-cdg20720 MEWElogs[503012]: FLIPH, 1626284468304188128, CDG, -1
<134>2021-07-14T17:41:09Z cache-lga21983 MEWElogs[503012]: FLIPH, 1626284468156719670, LGA, -1
<134>2021-07-14T17:41:12Z cache-bom4751 MEWElogs[503012]: FLIPH, 1626284471602012957, BOM, 10
<134>2021-07-14T17:41:28Z cache-bom4751 MEWElogs[503012]: FLIPH, 1626284487745296119, BOM, -1
<134>2021-07-14T17:41:38Z cache-lga21983 MEWElogs[503012]: FLIPH, 1626284498235410916, LGA, -1
<134>2021-07-14T17:41:53Z cache-gig17035 MEWElogs[503012]: FLIPH, 1626284513304412604, GIG, 10
<134>2021-07-14T17:42:02Z cache-lga21983 MEWElogs[503012]: FLIPH, 1626284521146313065, LGA, 10
<134>2021-07-14T17:42:14Z cache-mel11272 MEWElogs[503012]: FLIPH, 1626284533354984296, MEL, -1
<134>2021-07-14T17:42:16Z cache-ewr18156 MEWElogs[503012]: FLIPH, 1626284535237211056, EWR, 10
<134>2021-07-14T17:42:21Z cache-lga21983 MEWElogs[503012]: FLIPH, 1626284540799286454, LGA, 10
<134>2021-07-14T17:42:22Z cache-ewr18156 MEWElogs[503012]: FLIPH, 1626284541449442560, EWR, -1
