<134>2021-07-15T06:39:50Z cache-del21735 MEWElogs[464521]: UNSH, 1626331189876098212, DEL, 16
<134>2021-07-15T06:39:50Z cache-pwk4920 MEWElogs[464521]: UNSH, 1626331189539888112, PWK, 16
<134>2021-07-15T06:40:14Z cache-fra19177 MEWElogs[464521]: UNSH, 1626331213684596588, FRA, 16
<134>2021-07-15T06:40:28Z cache-pwk4920 MEWElogs[464521]: UNSH, 1626331227784899033, PWK, 16
<134>2021-07-15T06:40:47Z cache-pwk4920 MEWElogs[464521]: UNSH, 1626331246497658716, PWK, 16
<134>2021-07-15T06:40:48Z cache-iah17271 MEWElogs[464521]: UNSH, 1626331247713291365, IAH, 16
<134>2021-07-15T06:41:11Z cache-akl10324 MEWElogs[464521]: UNSH, 1626331270857701359, AKL, 16
<134>2021-07-15T06:41:36Z cache-jnb7027 MEWElogs[464521]: UNSH, 1626331295661143210, JNB, 16
<134>2021-07-15T06:42:03Z cache-fra19177 MEWElogs[464521]: UNSH, 1626331322481037696, FRA, 16
<134>2021-07-15T06:42:06Z cache-jnb7027 MEWElogs[464521]: UNSH, 1626331326016076668, JNB, 16
<134>2021-07-15T06:42:06Z cache-hhn4077 MEWElogs[464521]: UNSH, 1626331325839316416, HHN, 16
<134>2021-07-15T06:42:47Z cache-jnb7027 MEWElogs[464521]: UNSH, 1626331366249970780, JNB, 16
<134>2021-07-15T06:42:56Z cache-fra19177 MEWElogs[464521]: UNSH, 1626331376180207242, FRA, 16
<134>2021-07-15T06:42:58Z cache-den8274 MEWElogs[464521]: UNSH, 1626331377012271807, DEN, 16
<134>2021-07-15T06:43:16Z cache-jnb7027 MEWElogs[464521]: UNSH, 1626331396217932621, JNB, 16
<134>2021-07-15T06:43:17Z cache-cwb20520 MEWElogs[464521]: UNSH, 1626331396011947479, CWB, 16
<134>2021-07-15T06:43:18Z cache-dal21283 MEWElogs[464521]: UNSH, 1626331397198464928, DAL, 16
<134>2021-07-15T06:43:26Z cache-lon4249 MEWElogs[464521]: UNSH, 1626331405246371572, LON, 16
<134>2021-07-15T06:43:51Z cache-lon4249 MEWElogs[464521]: UNSH, 1626331430143503195, LON, 16
<134>2021-07-15T06:44:16Z cache-lcy19283 MEWElogs[464521]: UNSH, 1626331455431354075, LCY, 16
<134>2021-07-15T06:44:19Z cache-cwb20520 MEWElogs[464521]: UNSH, 1626331458774263829, CWB, 16
<134>2021-07-15T06:44:57Z cache-lon4249 MEWElogs[464521]: UNSH, 1626331496994120016, LON, 16
<134>2021-07-15T06:44:59Z cache-jnb7027 MEWElogs[464521]: UNSH, 1626331498825742472, JNB, 16
<134>2021-07-15T06:45:03Z cache-lcy19283 MEWElogs[464521]: UNSH, 1626331502280814627, LCY, 16
<134>2021-07-15T06:45:10Z cache-dal21283 MEWElogs[464521]: UNSH, 1626331509739789531, DAL, 16
<134>2021-07-15T06:45:16Z cache-den8274 MEWElogs[464521]: UNSH, 1626331515686646075, DEN, 16
<134>2021-07-15T06:45:31Z cache-bur17583 MEWElogs[464521]: UNSH, 1626331530886167452, BUR, 16
<134>2021-07-15T06:45:39Z cache-jnb7027 MEWElogs[464521]: UNSH, 1626331539023263042, JNB, 16
<134>2021-07-15T06:45:47Z cache-fra19177 MEWElogs[464521]: UNSH, 1626331546638314517, FRA, 16
<134>2021-07-15T06:46:03Z cache-hel6829 MEWElogs[464521]: UNSH, 1626331562994649331, HEL, 16
<134>2021-07-15T06:46:15Z cache-cwb20520 MEWElogs[464521]: UNSH, 1626331574423207834, CWB, 16
<134>2021-07-15T06:46:16Z cache-bur17583 MEWElogs[464521]: UNSH, 1626331575758876520, BUR, 16
<134>2021-07-15T06:46:34Z cache-hel6829 MEWElogs[464521]: UNSH, 1626331593371536014, HEL, 16
<134>2021-07-15T06:46:37Z cache-cwb20520 MEWElogs[464521]: UNSH, 1626331596477811690, CWB, 16
<134>2021-07-15T06:46:50Z cache-cwb20520 MEWElogs[464521]: UNSH, 1626331609086041505, CWB, 16
<134>2021-07-15T06:47:18Z cache-iah17271 MEWElogs[464521]: UNSH, 1626331637747439727, IAH, 16
<134>2021-07-15T06:47:24Z cache-jnb7027 MEWElogs[464521]: UNSH, 1626331644337159769, JNB, 16
<134>2021-07-15T06:47:45Z cache-dal21283 MEWElogs[464521]: UNSH, 1626331664492526136, DAL, 16
<134>2021-07-15T06:47:56Z cache-jnb7027 MEWElogs[464521]: UNSH, 1626331675789251088, JNB, 16
<134>2021-07-15T06:48:37Z cache-jnb7027 MEWElogs[464521]: UNSH, 1626331717452176289, JNB, 16
<134>2021-07-15T06:48:40Z cache-dal21283 MEWElogs[464521]: UNSH, 1626331719068733025, DAL, 16
<134>2021-07-15T06:48:49Z cache-dal21283 MEWElogs[464521]: UNSH, 1626331728683104639, DAL, 16
<134>2021-07-15T06:49:24Z cache-fra19177 MEWElogs[464521]: UNSH, 1626331763954212579, FRA, 16
<134>2021-07-15T06:49:47Z cache-lon4249 MEWElogs[464521]: UNSH, 1626331786499178538, LON, 16
<134>2021-07-15T06:49:48Z cache-jnb7027 MEWElogs[464521]: UNSH, 1626331787904101177, JNB, 16
<134>2021-07-15T06:49:48Z cache-hel6829 MEWElogs[464521]: UNSH, 1626331788399730471, HEL, 16
