<134>2021-07-14T20:59:24Z cache-maa10251 MEWElogs[400146]: BLUR, 1626296362937018807, MAA, 11
<134>2021-07-14T20:59:32Z cache-bog6425 MEWElogs[400146]: BLUR, 1626296372232829034, BOG, 11
<134>2021-07-14T20:59:47Z cache-cmh21547 MEWElogs[400146]: BLUR, 1626296387686993821, CMH, 11
<134>2021-07-14T20:59:59Z cache-ord1740 MEWElogs[400146]: BLUR, 1626296397992427056, ORD, 11
<134>2021-07-14T21:00:21Z cache-bog6425 MEWElogs[400146]: BLUR, 1626296420768409151, BOG, 11
<134>2021-07-14T21:01:10Z cache-bog6425 MEWElogs[400146]: BLUR, 1626296469544632534, BOG, 11
<134>2021-07-14T21:01:58Z cache-cmh21547 MEWElogs[400146]: BLUR, 1626296518570275400, CMH, 11
<134>2021-07-14T21:02:01Z cache-dca17782 MEWElogs[400146]: BLUR, 1626296521632296208, DCA, 11
<134>2021-07-14T21:02:17Z cache-cmh21547 MEWElogs[400146]: BLUR, 1626296537452940044, CMH, 11
<134>2021-07-14T21:02:22Z cache-wdc5583 MEWElogs[400146]: BLUR, 1626296542088485678, WDC, 11
<134>2021-07-14T21:02:53Z cache-maa10251 MEWElogs[400146]: BLUR, 1626296571979211696, MAA, 11
<134>2021-07-14T21:02:54Z cache-ams21020 MEWElogs[400146]: BLUR, 1626296574255402137, AMS, 11
<134>2021-07-14T21:04:08Z cache-eze19324 MEWElogs[400146]: BLUR, 1626296648049534994, EZE, 11
<134>2021-07-14T21:04:22Z cache-mdw17383 MEWElogs[400146]: BLUR, 1626296661555176564, MDW, 11
<134>2021-07-14T21:04:39Z cache-ams21020 MEWElogs[400146]: BLUR, 1626296678320817595, AMS, 11
<134>2021-07-14T21:04:41Z cache-mdw17383 MEWElogs[400146]: BLUR, 1626296681053023072, MDW, 11
<134>2021-07-14T21:04:52Z cache-pdk17882 MEWElogs[400146]: BLUR, 1626296691258146652, PDK, 11
<134>2021-07-14T21:05:24Z cache-maa10251 MEWElogs[400146]: BLUR, 1626296723438485004, MAA, 11
<134>2021-07-14T21:05:27Z cache-eze19324 MEWElogs[400146]: BLUR, 1626296726682739643, EZE, 11
<134>2021-07-14T21:06:21Z cache-wdc5583 MEWElogs[400146]: BLUR, 1626296781589555237, WDC, 11
<134>2021-07-14T21:06:36Z cache-ams21020 MEWElogs[400146]: BLUR, 1626296795685566603, AMS, 11
<134>2021-07-14T21:06:40Z cache-wdc5583 MEWElogs[400146]: BLUR, 1626296800271993664, WDC, 11
<134>2021-07-14T21:07:12Z cache-maa10251 MEWElogs[400146]: BLUR, 1626296831662360758, MAA, 11
<134>2021-07-14T21:07:19Z cache-cmh21547 MEWElogs[400146]: BLUR, 1626296838470300204, CMH, 11
<134>2021-07-14T21:08:53Z cache-cmh21547 MEWElogs[400146]: BLUR, 1626296932555366107, CMH, 11
<134>2021-07-14T21:08:59Z cache-dca17782 MEWElogs[400146]: BLUR, 1626296939042014365, DCA, 11
<134>2021-07-14T21:09:15Z cache-pdk17882 MEWElogs[400146]: BLUR, 1626296954758896042, PDK, 11
