<134>2021-07-14T17:02:22Z cache-lon4249 MEWElogs[369035]: FLIPH, 1626282141706243868, LON, -1
<134>2021-07-14T17:02:22Z cache-jnb7027 MEWElogs[369035]: FLIPH, 1626282142051620878, JNB, -1
<134>2021-07-14T17:02:25Z cache-cwb20520 MEWElogs[369035]: FLIPH, 1626282144514102547, CWB, 10
<134>2021-07-14T17:02:36Z cache-dal21283 MEWElogs[369035]: FLIPH, 1626282155770623651, DAL, -1
<134>2021-07-14T17:02:39Z cache-den8274 MEWElogs[369035]: FLIPH, 1626282158396346077, DEN, -1
<134>2021-07-14T17:02:46Z cache-lon4249 MEWElogs[369035]: FLIPH, 1626282166085669807, LON, -1
<134>2021-07-14T17:02:51Z cache-fra19177 MEWElogs[369035]: FLIPH, 1626282170620791471, FRA, -1
<134>2021-07-14T17:03:02Z cache-jnb7027 MEWElogs[369035]: FLIPH, 1626282181223864155, JNB, -1
<134>2021-07-14T17:03:05Z cache-cwb20520 MEWElogs[369035]: FLIPH, 1626282183965030299, CWB, 10
<134>2021-07-14T17:03:30Z cache-iah17271 MEWElogs[369035]: FLIPH, 1626282210395119919, IAH, 10
<134>2021-07-14T17:03:38Z cache-fra19177 MEWElogs[369035]: FLIPH, 1626282218384477385, FRA, 10
<134>2021-07-14T17:03:38Z cache-lon4249 MEWElogs[369035]: FLIPH, 1626282217768550948, LON, 10
<134>2021-07-14T17:03:44Z cache-jnb7027 MEWElogs[369035]: FLIPH, 1626282223551608683, JNB, 10
<134>2021-07-14T17:03:55Z cache-lon4249 MEWElogs[369035]: FLIPH, 1626282233952692587, LON, 10
<134>2021-07-14T17:04:06Z cache-fra19177 MEWElogs[369035]: FLIPH, 1626282246114207899, FRA, 10
<134>2021-07-14T17:04:08Z cache-den8274 MEWElogs[369035]: FLIPH, 1626282248243015003, DEN, -1
<134>2021-07-14T17:04:09Z cache-lcy19283 MEWElogs[369035]: FLIPH, 1626282249365418241, LCY, 10
<134>2021-07-14T17:04:20Z cache-lcy19283 MEWElogs[369035]: FLIPH, 1626282259539877462, LCY, 10
<134>2021-07-14T17:04:35Z cache-iah17271 MEWElogs[369035]: FLIPH, 1626282275538531543, IAH, 10
<134>2021-07-14T17:04:35Z cache-den8274 MEWElogs[369035]: FLIPH, 1626282274829847271, DEN, -1
<134>2021-07-14T17:05:07Z cache-dal21283 MEWElogs[369035]: FLIPH, 1626282306961664155, DAL, 10
<134>2021-07-14T17:05:10Z cache-iah17271 MEWElogs[369035]: FLIPH, 1626282309421648884, IAH, 10
<134>2021-07-14T17:05:13Z cache-cwb20520 MEWElogs[369035]: FLIPH, 1626282312722364386, CWB, 10
<134>2021-07-14T17:05:26Z cache-dal21283 MEWElogs[369035]: FLIPH, 1626282325555145982, DAL, -1
<134>2021-07-14T17:05:27Z cache-hel6829 MEWElogs[369035]: FLIPH, 1626282326585366105, HEL, 10
<134>2021-07-14T17:05:47Z cache-den8274 MEWElogs[369035]: FLIPH, 1626282346002116790, DEN, -1
<134>2021-07-14T17:05:49Z cache-den8274 MEWElogs[369035]: FLIPH, 1626282348815361967, DEN, 10
<134>2021-07-14T17:05:51Z cache-lcy19283 MEWElogs[369035]: FLIPH, 1626282351419908044, LCY, 10
<134>2021-07-14T17:06:03Z cache-iah17271 MEWElogs[369035]: FLIPH, 1626282362322438585, IAH, -1
<134>2021-07-14T17:06:12Z cache-hel6829 MEWElogs[369035]: FLIPH, 1626282371395704589, HEL, -1
<134>2021-07-14T17:06:18Z cache-jnb7027 MEWElogs[369035]: FLIPH, 1626282378238390947, JNB, -1
<134>2021-07-14T17:06:20Z cache-fra19177 MEWElogs[369035]: FLIPH, 1626282379482662910, FRA, -1
<134>2021-07-14T17:06:22Z cache-lon4249 MEWElogs[369035]: FLIPH, 1626282381586466014, LON, 10
<134>2021-07-14T17:06:35Z cache-dal21283 MEWElogs[369035]: FLIPH, 1626282394963026698, DAL, -1
<134>2021-07-14T17:06:42Z cache-hel6829 MEWElogs[369035]: FLIPH, 1626282401226426104, HEL, -1
<134>2021-07-14T17:06:47Z cache-lon4249 MEWElogs[369035]: FLIPH, 1626282406068002654, LON, 10
<134>2021-07-14T17:06:54Z cache-lon4249 MEWElogs[369035]: FLIPH, 1626282414244013170, LON, 10
<134>2021-07-14T17:07:00Z cache-lon4249 MEWElogs[369035]: FLIPH, 1626282419669569485, LON, -1
<134>2021-07-14T17:07:07Z cache-bur17583 MEWElogs[369035]: FLIPH, 1626282426675327111, BUR, 10
<134>2021-07-14T17:07:17Z cache-fra19177 MEWElogs[369035]: FLIPH, 1626282436327739785, FRA, 10
<134>2021-07-14T17:07:31Z cache-lcy19283 MEWElogs[369035]: FLIPH, 1626282451326315237, LCY, 10
<134>2021-07-14T17:07:40Z cache-cwb20520 MEWElogs[369035]: FLIPH, 1626282459766166030, CWB, 10
<134>2021-07-14T17:08:09Z cache-hel6829 MEWElogs[369035]: FLIPH, 1626282489152728706, HEL, -1
<134>2021-07-14T17:08:32Z cache-lon4249 MEWElogs[369035]: FLIPH, 1626282512290099192, LON, 10
<134>2021-07-14T17:08:58Z cache-den8274 MEWElogs[369035]: FLIPH, 1626282537022501360, DEN, 10
<134>2021-07-14T17:09:01Z cache-hel6829 MEWElogs[369035]: FLIPH, 1626282541620844619, HEL, 10
<134>2021-07-14T17:09:05Z cache-cwb20520 MEWElogs[369035]: FLIPH, 1626282544909527180, CWB, -1
<134>2021-07-14T17:09:29Z cache-lcy19283 MEWElogs[369035]: FLIPH, 1626282568860017083, LCY, -1
<134>2021-07-14T17:09:34Z cache-cwb20520 MEWElogs[369035]: FLIPH, 1626282574148842823, CWB, -1
<134>2021-07-14T17:09:38Z cache-hel6829 MEWElogs[369035]: FLIPH, 1626282577625834775, HEL, -1
<134>2021-07-14T17:09:38Z cache-bur17583 MEWElogs[369035]: FLIPH, 1626282577844006570, BUR, -1
<134>2021-07-14T17:09:47Z cache-cwb20520 MEWElogs[369035]: FLIPH, 1626282587106877964, CWB, 10
<134>2021-07-14T17:10:07Z cache-lon4249 MEWElogs[369035]: FLIPH, 1626282606943982509, LON, -1
<134>2021-07-14T17:10:16Z cache-dal21283 MEWElogs[369035]: FLIPH, 1626282615848052062, DAL, 10
<134>2021-07-14T17:10:27Z cache-lon4249 MEWElogs[369035]: FLIPH, 1626282626255592756, LON, 10
<134>2021-07-14T17:10:32Z cache-lon4249 MEWElogs[369035]: FLIPH, 1626282631508934930, LON, -1
<134>2021-07-14T17:10:32Z cache-hel6829 MEWElogs[369035]: FLIPH, 1626282631092297481, HEL, 10
<134>2021-07-14T17:10:44Z cache-cwb20520 MEWElogs[369035]: FLIPH, 1626282643193289565, CWB, -1
<134>2021-07-14T17:10:44Z cache-iah17271 MEWElogs[369035]: FLIPH, 1626282644192826421, IAH, 10
<134>2021-07-14T17:10:46Z cache-den8274 MEWElogs[369035]: FLIPH, 1626282645515203743, DEN, 10
<134>2021-07-14T17:10:48Z cache-lon4249 MEWElogs[369035]: FLIPH, 1626282647861012684, LON, -1
<134>2021-07-14T17:11:03Z cache-bur17583 MEWElogs[369035]: FLIPH, 1626282663298625659, BUR, 10
<134>2021-07-14T17:11:03Z cache-den8274 MEWElogs[369035]: FLIPH, 1626282663200894678, DEN, 10
<134>2021-07-14T17:11:05Z cache-lon4249 MEWElogs[369035]: FLIPH, 1626282664071454017, LON, -1
<134>2021-07-14T17:11:21Z cache-den8274 MEWElogs[369035]: FLIPH, 1626282680583566653, DEN, 10
<134>2021-07-14T17:11:32Z cache-jnb7027 MEWElogs[369035]: FLIPH, 1626282691670633578, JNB, -1
<134>2021-07-14T17:11:42Z cache-jnb7027 MEWElogs[369035]: FLIPH, 1626282701927068681, JNB, -1
<134>2021-07-14T17:11:58Z cache-fra19177 MEWElogs[369035]: FLIPH, 1626282717066546841, FRA, 10
<134>2021-07-14T17:12:09Z cache-hel6829 MEWElogs[369035]: FLIPH, 1626282728419417391, HEL, 10
