<134>2021-07-15T04:26:47Z cache-hhn4077 MEWElogs[369035]: ROTATE, 1626323206812462818, HHN, 15
<134>2021-07-15T04:26:48Z cache-pwk4920 MEWElogs[369035]: ROTATE, 1626323207359765705, PWK, 15
<134>2021-07-15T04:26:51Z cache-del21735 MEWElogs[369035]: ROTATE, 1626323210155081672, DEL, 15
<134>2021-07-15T04:27:19Z cache-dfw18678 MEWElogs[369035]: ROTATE, 1626323238998136268, DFW, 15
<134>2021-07-15T04:27:33Z cache-fty21383 MEWElogs[369035]: ROTATE, 1626323252977628139, FTY, 15
<134>2021-07-15T04:27:42Z cache-dfw18678 MEWElogs[369035]: ROTATE, 1626323261631184541, DFW, 15
<134>2021-07-15T04:28:00Z cache-hhn4077 MEWElogs[369035]: ROTATE, 1626323280080125767, HHN, 15
<134>2021-07-15T04:28:22Z cache-dub4329 MEWElogs[369035]: ROTATE, 1626323302111712700, DUB, 15
<134>2021-07-15T04:28:48Z cache-chi21126 MEWElogs[369035]: ROTATE, 1626323327447389284, CHI, 15
<134>2021-07-15T04:29:03Z cache-akl10324 MEWElogs[369035]: ROTATE, 1626323342698267481, AKL, 15
<134>2021-07-15T04:29:04Z cache-cwb20520 MEWElogs[369035]: ROTATE, 1626323343920030631, CWB, 15
<134>2021-07-15T04:29:23Z cache-fty21383 MEWElogs[369035]: ROTATE, 1626323362567247879, FTY, 15
<134>2021-07-15T04:29:24Z cache-cwb20520 MEWElogs[369035]: ROTATE, 1626323363786487532, CWB, 15
<134>2021-07-15T04:29:33Z cache-dub4329 MEWElogs[369035]: ROTATE, 1626323372498557417, DUB, 15
<134>2021-07-15T04:29:39Z cache-chi21126 MEWElogs[369035]: ROTATE, 1626323379013549540, CHI, 15
<134>2021-07-15T04:29:40Z cache-fty21383 MEWElogs[369035]: ROTATE, 1626323379139528352, FTY, 15
<134>2021-07-15T04:29:50Z cache-chi21126 MEWElogs[369035]: ROTATE, 1626323389367878887, CHI, 15
<134>2021-07-15T04:30:10Z cache-del21735 MEWElogs[369035]: ROTATE, 1626323410278885746, DEL, 15
<134>2021-07-15T04:30:11Z cache-chi21126 MEWElogs[369035]: ROTATE, 1626323410805417628, CHI, 15
<134>2021-07-15T04:30:38Z cache-del21735 MEWElogs[369035]: ROTATE, 1626323437768869133, DEL, 15
<134>2021-07-15T04:30:56Z cache-del21735 MEWElogs[369035]: ROTATE, 1626323455834352756, DEL, 15
<134>2021-07-15T04:31:01Z cache-bos4657 MEWElogs[369035]: ROTATE, 1626323460300599407, BOS, 15
<134>2021-07-15T04:31:03Z cache-chi21126 MEWElogs[369035]: ROTATE, 1626323462697334601, CHI, 15
<134>2021-07-15T04:31:33Z cache-hhn4077 MEWElogs[369035]: ROTATE, 1626323492329538567, HHN, 15
<134>2021-07-15T04:31:41Z cache-akl10324 MEWElogs[369035]: ROTATE, 1626323500455678080, AKL, 15
<134>2021-07-15T04:31:42Z cache-del21735 MEWElogs[369035]: ROTATE, 1626323501809469002, DEL, 15
<134>2021-07-15T04:31:53Z cache-fty21383 MEWElogs[369035]: ROTATE, 1626323512887177086, FTY, 15
<134>2021-07-15T04:32:25Z cache-bos4657 MEWElogs[369035]: ROTATE, 1626323544306076058, BOS, 15
<134>2021-07-15T04:32:35Z cache-fty21383 MEWElogs[369035]: ROTATE, 1626323554346363733, FTY, 15
<134>2021-07-15T04:32:37Z cache-del21735 MEWElogs[369035]: ROTATE, 1626323556125505464, DEL, 15
<134>2021-07-15T04:32:55Z cache-dub4329 MEWElogs[369035]: ROTATE, 1626323574536231564, DUB, 15
<134>2021-07-15T04:32:55Z cache-hhn4077 MEWElogs[369035]: ROTATE, 1626323575283238553, HHN, 15
<134>2021-07-15T04:33:11Z cache-dub4329 MEWElogs[369035]: ROTATE, 1626323589968982730, DUB, 15
<134>2021-07-15T04:33:12Z cache-hhn4077 MEWElogs[369035]: ROTATE, 1626323591880914825, HHN, 15
<134>2021-07-15T04:33:13Z cache-del21735 MEWElogs[369035]: ROTATE, 1626323592752785658, DEL, 15
<134>2021-07-15T04:33:26Z cache-dub4329 MEWElogs[369035]: ROTATE, 1626323605361528701, DUB, 15
<134>2021-07-15T04:33:37Z cache-chi21126 MEWElogs[369035]: ROTATE, 1626323616412251590, CHI, 15
<134>2021-07-15T04:33:58Z cache-akl10324 MEWElogs[369035]: ROTATE, 1626323638330834641, AKL, 15
<134>2021-07-15T04:33:59Z cache-fty21383 MEWElogs[369035]: ROTATE, 1626323638109282882, FTY, 15
<134>2021-07-15T04:34:32Z cache-fty21383 MEWElogs[369035]: ROTATE, 1626323671771320602, FTY, 15
<134>2021-07-15T04:34:36Z cache-del21735 MEWElogs[369035]: ROTATE, 1626323674929804725, DEL, 15
<134>2021-07-15T04:34:45Z cache-dfw18678 MEWElogs[369035]: ROTATE, 1626323684980772587, DFW, 15
<134>2021-07-15T04:35:03Z cache-pwk4920 MEWElogs[369035]: ROTATE, 1626323703741129985, PWK, 15
<134>2021-07-15T04:35:07Z cache-dub4329 MEWElogs[369035]: ROTATE, 1626323706519035978, DUB, 15
<134>2021-07-15T04:35:09Z cache-hhn4077 MEWElogs[369035]: ROTATE, 1626323709148190404, HHN, 15
<134>2021-07-15T04:35:12Z cache-del21735 MEWElogs[369035]: ROTATE, 1626323711130183950, DEL, 15
<134>2021-07-15T04:36:16Z cache-hhn4077 MEWElogs[369035]: ROTATE, 1626323776135546908, HHN, 15
