<134>2021-07-15T00:41:33Z cache-dub4329 MEWElogs[308969]: CROP, 1626309692671802336, DUB, 12
<134>2021-07-15T00:41:39Z cache-dub4329 MEWElogs[308969]: CROP, 1626309698502096299, DUB, 12
<134>2021-07-15T00:41:41Z cache-del21735 MEWElogs[308969]: CROP, 1626309700343875485, DEL, 12
<134>2021-07-15T00:41:42Z cache-dfw18678 MEWElogs[308969]: CROP, 1626309701876586987, DFW, 12
<134>2021-07-15T00:41:51Z cache-hel6829 MEWElogs[308969]: CROP, 1626309710491172612, HEL, 12
<134>2021-07-15T00:41:57Z cache-lcy19283 MEWElogs[308969]: CROP, 1626309716299229616, LCY, 12
<134>2021-07-15T00:42:12Z cache-akl10324 MEWElogs[308969]: CROP, 1626309732442835950, AKL, 12
<134>2021-07-15T00:42:30Z cache-bur17583 MEWElogs[308969]: CROP, 1626309750662869261, BUR, 12
<134>2021-07-15T00:42:33Z cache-hel6829 MEWElogs[308969]: CROP, 1626309752451275429, HEL, 12
<134>2021-07-15T00:42:41Z cache-hel6829 MEWElogs[308969]: CROP, 1626309760793858436, HEL, 12
<134>2021-07-15T00:42:46Z cache-hel6829 MEWElogs[308969]: CROP, 1626309765031112056, HEL, 12
<134>2021-07-15T00:43:12Z cache-den8274 MEWElogs[308969]: CROP, 1626309792498018851, DEN, 12
<134>2021-07-15T00:43:21Z cache-jnb7027 MEWElogs[308969]: CROP, 1626309800628115830, JNB, 12
<134>2021-07-15T00:43:34Z cache-dal21283 MEWElogs[308969]: CROP, 1626309813792618994, DAL, 12
<134>2021-07-15T00:43:35Z cache-den8274 MEWElogs[308969]: CROP, 1626309814932602179, DEN, 12
<134>2021-07-15T00:43:42Z cache-mrs10583 MEWElogs[308969]: CROP, 1626309821911830879, MRS, 12
<134>2021-07-15T00:43:47Z cache-lcy19283 MEWElogs[308969]: CROP, 1626309826010249021, LCY, 12
<134>2021-07-15T00:43:59Z cache-jnb7027 MEWElogs[308969]: CROP, 1626309839534683845, JNB, 12
<134>2021-07-15T00:44:01Z cache-mad22068 MEWElogs[308969]: CROP, 1626309840451152557, MAD, 12
<134>2021-07-15T00:44:14Z cache-iah17271 MEWElogs[308969]: CROP, 1626309854429129540, IAH, 12
<134>2021-07-15T00:44:23Z cache-dal21283 MEWElogs[308969]: CROP, 1626309862430782995, DAL, 12
<134>2021-07-15T00:44:30Z cache-cwb20520 MEWElogs[308969]: CROP, 1626309869834065711, CWB, 12
<134>2021-07-15T00:44:59Z cache-jnb7027 MEWElogs[308969]: CROP, 1626309898710071274, JNB, 12
<134>2021-07-15T00:45:02Z cache-den8274 MEWElogs[308969]: CROP, 1626309901700315638, DEN, 12
<134>2021-07-15T00:45:10Z cache-lcy19283 MEWElogs[308969]: CROP, 1626309909730176911, LCY, 12
<134>2021-07-15T00:45:14Z cache-cwb20520 MEWElogs[308969]: CROP, 1626309913083661909, CWB, 12
<134>2021-07-15T00:45:25Z cache-mrs10583 MEWElogs[308969]: CROP, 1626309924101276415, MRS, 12
<134>2021-07-15T00:45:41Z cache-bur17583 MEWElogs[308969]: CROP, 1626309940777531851, BUR, 12
<134>2021-07-15T00:45:44Z cache-den8274 MEWElogs[308969]: CROP, 1626309944827261294, DEN, 12
<134>2021-07-15T00:45:46Z cache-dal21283 MEWElogs[308969]: CROP, 1626309946847788819, DAL, 12
<134>2021-07-15T00:45:58Z cache-mad22068 MEWElogs[308969]: CROP, 1626309958087066629, MAD, 12
<134>2021-07-15T00:45:59Z cache-hkg17929 MEWElogs[308969]: CROP, 1626309958486975750, HKG, 12
<134>2021-07-15T00:46:22Z cache-den8274 MEWElogs[308969]: CROP, 1626309981415258185, DEN, 12
<134>2021-07-15T00:46:35Z cache-mrs10583 MEWElogs[308969]: CROP, 1626309994048396016, MRS, 12
<134>2021-07-15T00:47:29Z cache-mad22068 MEWElogs[308969]: CROP, 1626310048265753924, MAD, 12
<134>2021-07-15T00:47:29Z cache-lhr7382 MEWElogs[308969]: CROP, 1626310048867877842, LHR, 12
<134>2021-07-15T00:47:49Z cache-jnb7027 MEWElogs[308969]: CROP, 1626310068645740504, JNB, 12
<134>2021-07-15T00:47:52Z cache-mad22068 MEWElogs[308969]: CROP, 1626310071058888648, MAD, 12
<134>2021-07-15T00:47:59Z cache-hkg17929 MEWElogs[308969]: CROP, 1626310078873328409, HKG, 12
<134>2021-07-15T00:48:16Z cache-dal21283 MEWElogs[308969]: CROP, 1626310096781332241, DAL, 12
<134>2021-07-15T00:48:29Z cache-bur17583 MEWElogs[308969]: CROP, 1626310108996846492, BUR, 12
<134>2021-07-15T00:48:32Z cache-lhr7382 MEWElogs[308969]: CROP, 1626310111673303219, LHR, 12
<134>2021-07-15T00:48:33Z cache-jax20933 MEWElogs[308969]: CROP, 1626310112930991095, JAX, 12
<134>2021-07-15T00:48:34Z cache-mel11272 MEWElogs[308969]: CROP, 1626310113893277264, MEL, 12
<134>2021-07-15T00:48:43Z cache-mci5951 MEWElogs[308969]: CROP, 1626310123313969470, MCI, 12
<134>2021-07-15T00:48:48Z cache-mel11272 MEWElogs[308969]: CROP, 1626310127758267253, MEL, 12
<134>2021-07-15T00:48:50Z cache-stp9226 MEWElogs[308969]: CROP, 1626310129112973021, STP, 12
<134>2021-07-15T00:49:04Z cache-jax20933 MEWElogs[308969]: CROP, 1626310143260439428, JAX, 12
<134>2021-07-15T00:49:12Z cache-bur17583 MEWElogs[308969]: CROP, 1626310151893003554, BUR, 12
<134>2021-07-15T00:49:29Z cache-mia11368 MEWElogs[308969]: CROP, 1626310168874898943, MIA, 12
<134>2021-07-15T00:49:49Z cache-mci5951 MEWElogs[308969]: CROP, 1626310188858835949, MCI, 12
<134>2021-07-15T00:49:55Z cache-lax10677 MEWElogs[308969]: CROP, 1626310194966592725, LGB, 12
<134>2021-07-15T00:50:22Z cache-hkg17929 MEWElogs[308969]: CROP, 1626310222252770814, HKG, 12
<134>2021-07-15T00:50:23Z cache-man4150 MEWElogs[308969]: CROP, 1626310223631664760, MAN, 12
<134>2021-07-15T00:50:34Z cache-mel11272 MEWElogs[308969]: CROP, 1626310233393824582, MEL, 12
<134>2021-07-15T00:50:37Z cache-mci5951 MEWElogs[308969]: CROP, 1626310236396782329, MCI, 12
<134>2021-07-15T00:50:53Z cache-jax20933 MEWElogs[308969]: CROP, 1626310253544746984, JAX, 12
<134>2021-07-15T00:50:56Z cache-hkg17929 MEWElogs[308969]: CROP, 1626310255682089697, HKG, 12
<134>2021-07-15T00:50:56Z cache-mel11272 MEWElogs[308969]: CROP, 1626310256513606490, MEL, 12
<134>2021-07-15T00:51:08Z cache-lhr7382 MEWElogs[308969]: CROP, 1626310267065449384, LHR, 12
<134>2021-07-15T00:51:10Z cache-stp9226 MEWElogs[308969]: CROP, 1626310269600025681, STP, 12
<134>2021-07-15T00:51:31Z cache-jax20933 MEWElogs[308969]: CROP, 1626310290563446233, JAX, 12
