<134>2021-07-15T04:38:07Z cache-pwk4920 MEWElogs[39982]: ROTATE, 1626323886349961421, PWK, 15
<134>2021-07-15T04:39:26Z cache-jnb7027 MEWElogs[39982]: ROTATE, 1626323965181694545, JNB, 15
<134>2021-07-15T04:39:38Z cache-pwk4920 MEWElogs[39982]: ROTATE, 1626323977894616456, PWK, 15
<134>2021-07-15T04:39:49Z cache-lon4249 MEWElogs[39982]: ROTATE, 1626323988087959642, LON, 15
<134>2021-07-15T04:40:12Z cache-lon4249 MEWElogs[39982]: ROTATE, 1626324011313047179, LON, 15
<134>2021-07-15T04:40:22Z cache-lcy19283 MEWElogs[39982]: ROTATE, 1626324021806456945, LCY, 15
<134>2021-07-15T04:40:35Z cache-lon4249 MEWElogs[39982]: ROTATE, 1626324034341603160, LON, 15
<134>2021-07-15T04:40:49Z cache-pwk4920 MEWElogs[39982]: ROTATE, 1626324048826672006, PWK, 15
<134>2021-07-15T04:41:11Z cache-lcy19283 MEWElogs[39982]: ROTATE, 1626324070487589106, LCY, 15
<134>2021-07-15T04:42:15Z cache-lon4249 MEWElogs[39982]: ROTATE, 1626324135312290978, LON, 15
<134>2021-07-15T04:42:26Z cache-jnb7027 MEWElogs[39982]: ROTATE, 1626324145791486931, JNB, 15
<134>2021-07-15T04:43:06Z cache-hel6829 MEWElogs[39982]: ROTATE, 1626324184984883777, HEL, 15
<134>2021-07-15T04:43:26Z cache-iah17271 MEWElogs[39982]: ROTATE, 1626324205662215956, IAH, 15
<134>2021-07-15T04:43:33Z cache-mad22068 MEWElogs[39982]: ROTATE, 1626324212417947730, MAD, 15
<134>2021-07-15T04:43:40Z cache-lon4249 MEWElogs[39982]: ROTATE, 1626324219366178780, LON, 15
<134>2021-07-15T04:44:15Z cache-lcy19283 MEWElogs[39982]: ROTATE, 1626324254118926595, LCY, 15
<134>2021-07-15T04:44:30Z cache-mad22068 MEWElogs[39982]: ROTATE, 1626324269786996899, MAD, 15
<134>2021-07-15T04:44:56Z cache-dal21283 MEWElogs[39982]: ROTATE, 1626324296178892492, DAL, 15
<134>2021-07-15T04:45:30Z cache-den8274 MEWElogs[39982]: ROTATE, 1626324329923570824, DEN, 15
<134>2021-07-15T04:45:39Z cache-fra19177 MEWElogs[39982]: ROTATE, 1626324338699740964, FRA, 15
<134>2021-07-15T04:46:14Z cache-lon4249 MEWElogs[39982]: ROTATE, 1626324373549806917, LON, 15
<134>2021-07-15T04:46:40Z cache-hel6829 MEWElogs[39982]: ROTATE, 1626324399662051698, HEL, 15
<134>2021-07-15T04:47:13Z cache-lcy19283 MEWElogs[39982]: ROTATE, 1626324432838793546, LCY, 15
<134>2021-07-15T04:47:45Z cache-lcy19283 MEWElogs[39982]: ROTATE, 1626324465169735741, LCY, 15
<134>2021-07-15T04:47:48Z cache-lon4249 MEWElogs[39982]: ROTATE, 1626324467012825977, LON, 15
<134>2021-07-15T04:48:05Z cache-fra19177 MEWElogs[39982]: ROTATE, 1626324484811638996, FRA, 15
