<134>2021-07-15T01:21:33Z cache-pdk17882 MEWElogs[412844]: GRAY, 1626312092576823919, PDK, 13
<134>2021-07-15T01:21:40Z cache-dca17782 MEWElogs[412844]: GRAY, 1626312099484267803, DCA, 13
<134>2021-07-15T01:21:46Z cache-ams21020 MEWElogs[412844]: GRAY, 1626312106556456515, AMS, 13
<134>2021-07-15T01:21:52Z cache-dca17782 MEWElogs[412844]: GRAY, 1626312111550524476, DCA, 13
<134>2021-07-15T01:21:56Z cache-ord1740 MEWElogs[412844]: GRAY, 1626312115630005413, ORD, 13
<134>2021-07-15T01:21:58Z cache-dca17782 MEWElogs[412844]: GRAY, 1626312117723021551, DCA, 13
<134>2021-07-15T01:22:02Z cache-ams21020 MEWElogs[412844]: GRAY, 1626312121077365055, AMS, 13
<134>2021-07-15T01:22:27Z cache-maa10251 MEWElogs[412844]: GRAY, 1626312146708557640, MAA, 13
<134>2021-07-15T01:22:39Z cache-pdk17882 MEWElogs[412844]: GRAY, 1626312159432602033, PDK, 13
<134>2021-07-15T01:22:49Z cache-mdw17383 MEWElogs[412844]: GRAY, 1626312168953663530, MDW, 13
<134>2021-07-15T01:23:09Z cache-ams21020 MEWElogs[412844]: GRAY, 1626312188718874179, AMS, 13
<134>2021-07-15T01:24:07Z cache-ams21020 MEWElogs[412844]: GRAY, 1626312246662651915, AMS, 13
<134>2021-07-15T01:24:16Z cache-dca17782 MEWElogs[412844]: GRAY, 1626312255485103382, DCA, 13
<134>2021-07-15T01:24:27Z cache-cmh21547 MEWElogs[412844]: GRAY, 1626312267546028205, CMH, 13
<134>2021-07-15T01:24:59Z cache-ord1740 MEWElogs[412844]: GRAY, 1626312298704166307, ORD, 13
<134>2021-07-15T01:25:00Z cache-maa10251 MEWElogs[412844]: GRAY, 1626312299965577717, MAA, 13
<134>2021-07-15T01:25:13Z cache-dca17782 MEWElogs[412844]: GRAY, 1626312312017758992, DCA, 13
<134>2021-07-15T01:25:36Z cache-eze19324 MEWElogs[412844]: GRAY, 1626312336049379773, EZE, 13
<134>2021-07-15T01:25:46Z cache-pdk17882 MEWElogs[412844]: GRAY, 1626312345735676051, PDK, 13
<134>2021-07-15T01:25:51Z cache-cmh21547 MEWElogs[412844]: GRAY, 1626312351085944803, CMH, 13
<134>2021-07-15T01:25:54Z cache-maa10251 MEWElogs[412844]: GRAY, 1626312353295638604, MAA, 13
<134>2021-07-15T01:26:25Z cache-ord1740 MEWElogs[412844]: GRAY, 1626312384521976336, ORD, 13
<134>2021-07-15T01:26:42Z cache-ord1740 MEWElogs[412844]: GRAY, 1626312401621607570, ORD, 13
<134>2021-07-15T01:26:50Z cache-ams21020 MEWElogs[412844]: GRAY, 1626312409974337913, AMS, 13
<134>2021-07-15T01:27:18Z cache-dca17782 MEWElogs[412844]: GRAY, 1626312437994844562, DCA, 13
<134>2021-07-15T01:27:24Z cache-cmh21547 MEWElogs[412844]: GRAY, 1626312443115971133, CMH, 13
<134>2021-07-15T01:27:42Z cache-wdc5583 MEWElogs[412844]: GRAY, 1626312462007470366, WDC, 13
<134>2021-07-15T01:27:55Z cache-pdk17882 MEWElogs[412844]: GRAY, 1626312475380911002, PDK, 13
<134>2021-07-15T01:28:14Z cache-ord1740 MEWElogs[412844]: GRAY, 1626312493057502900, ORD, 13
<134>2021-07-15T01:28:17Z cache-cmh21547 MEWElogs[412844]: GRAY, 1626312496738954299, CMH, 13
<134>2021-07-15T01:28:18Z cache-eze19324 MEWElogs[412844]: GRAY, 1626312498117088360, EZE, 13
<134>2021-07-15T01:28:35Z cache-ams21020 MEWElogs[412844]: GRAY, 1626312514881773946, AMS, 13
<134>2021-07-15T01:28:40Z cache-maa10251 MEWElogs[412844]: GRAY, 1626312519348391827, MAA, 13
<134>2021-07-15T01:28:48Z cache-ord1740 MEWElogs[412844]: GRAY, 1626312527292461198, ORD, 13
<134>2021-07-15T01:28:53Z cache-wdc5583 MEWElogs[412844]: GRAY, 1626312533313115895, WDC, 13
<134>2021-07-15T01:28:56Z cache-pdk17882 MEWElogs[412844]: GRAY, 1626312535376649478, PDK, 13
<134>2021-07-15T01:29:00Z cache-bog6425 MEWElogs[412844]: GRAY, 1626312540777427547, BOG, 13
<134>2021-07-15T01:29:28Z cache-ord1740 MEWElogs[412844]: GRAY, 1626312567819051632, ORD, 13
<134>2021-07-15T01:29:32Z cache-pdk17882 MEWElogs[412844]: GRAY, 1626312571176144767, PDK, 13
<134>2021-07-15T01:29:53Z cache-cph20625 MEWElogs[412844]: GRAY, 1626312592656944765, CPH, 13
<134>2021-07-15T01:30:00Z cache-cph20625 MEWElogs[412844]: GRAY, 1626312598964916709, CPH, 13
<134>2021-07-15T01:30:02Z cache-mdw17383 MEWElogs[412844]: GRAY, 1626312601200076305, MDW, 13
<134>2021-07-15T01:30:12Z cache-cph20625 MEWElogs[412844]: GRAY, 1626312611645413249, CPH, 13
<134>2021-07-15T01:30:13Z cache-dca17782 MEWElogs[412844]: GRAY, 1626312612082508855, DCA, 13
<134>2021-07-15T01:30:37Z cache-maa10251 MEWElogs[412844]: GRAY, 1626312637077971513, MAA, 13
<134>2021-07-15T01:30:42Z cache-cmh21547 MEWElogs[412844]: GRAY, 1626312642098449808, CMH, 13
<134>2021-07-15T01:30:56Z cache-dca17782 MEWElogs[412844]: GRAY, 1626312656121547304, DCA, 13
<134>2021-07-15T01:31:09Z cache-mdw17383 MEWElogs[412844]: GRAY, 1626312669387758781, MDW, 13
<134>2021-07-15T01:31:17Z cache-eze19324 MEWElogs[412844]: GRAY, 1626312676779030963, EZE, 13
