<134>2021-07-15T01:52:08Z cache-den8274 MEWElogs[46369]: GRAY, 1626313927520924927, DEN, 13
<134>2021-07-15T01:52:17Z cache-dal21283 MEWElogs[46369]: GRAY, 1626313936110885163, DAL, 13
<134>2021-07-15T01:52:31Z cache-mrs10583 MEWElogs[46369]: GRAY, 1626313950617407667, MRS, 13
<134>2021-07-15T01:52:36Z cache-iah17271 MEWElogs[46369]: GRAY, 1626313955680307130, IAH, 13
<134>2021-07-15T01:52:38Z cache-mia11368 MEWElogs[46369]: GRAY, 1626313958475807875, MIA, 13
<134>2021-07-15T01:53:04Z cache-lhr7382 MEWElogs[46369]: GRAY, 1626313983934395279, LHR, 13
<134>2021-07-15T01:53:11Z cache-mad22068 MEWElogs[46369]: GRAY, 1626313990560374502, MAD, 13
<134>2021-07-15T01:53:21Z cache-hkg17929 MEWElogs[46369]: GRAY, 1626314000845933749, HKG, 13
<134>2021-07-15T01:53:36Z cache-mad22068 MEWElogs[46369]: GRAY, 1626314015746087271, MAD, 13
<134>2021-07-15T01:53:37Z cache-lhr7382 MEWElogs[46369]: GRAY, 1626314016779500508, LHR, 13
<134>2021-07-15T01:53:54Z cache-mia11368 MEWElogs[46369]: GRAY, 1626314034202971253, MIA, 13
<134>2021-07-15T01:54:04Z cache-mci5951 MEWElogs[46369]: GRAY, 1626314043513827358, MCI, 13
<134>2021-07-15T01:54:06Z cache-mrs10583 MEWElogs[46369]: GRAY, 1626314045328866769, MRS, 13
<134>2021-07-15T01:54:07Z cache-iah17271 MEWElogs[46369]: GRAY, 1626314046401221437, IAH, 13
<134>2021-07-15T01:54:22Z cache-bur17583 MEWElogs[46369]: GRAY, 1626314061829618325, BUR, 13
<134>2021-07-15T01:54:25Z cache-mci5951 MEWElogs[46369]: GRAY, 1626314064594213484, MCI, 13
<134>2021-07-15T01:54:27Z cache-mad22068 MEWElogs[46369]: GRAY, 1626314066397795710, MAD, 13
<134>2021-07-15T01:54:29Z cache-bur17583 MEWElogs[46369]: GRAY, 1626314068853912084, BUR, 13
<134>2021-07-15T01:54:30Z cache-lhr7382 MEWElogs[46369]: GRAY, 1626314069158733416, LHR, 13
<134>2021-07-15T01:54:44Z cache-hkg17929 MEWElogs[46369]: GRAY, 1626314084741635211, HKG, 13
<134>2021-07-15T01:54:51Z cache-man4150 MEWElogs[46369]: GRAY, 1626314090878931941, MAN, 13
<134>2021-07-15T01:54:53Z cache-mrs10583 MEWElogs[46369]: GRAY, 1626314092785722309, MRS, 13
<134>2021-07-15T01:55:08Z cache-hkg17929 MEWElogs[46369]: GRAY, 1626314107158052463, HKG, 13
<134>2021-07-15T01:55:22Z cache-mci5951 MEWElogs[46369]: GRAY, 1626314121625119618, MCI, 13
<134>2021-07-15T01:55:35Z cache-man4150 MEWElogs[46369]: GRAY, 1626314133968582984, MAN, 13
<134>2021-07-15T01:55:36Z cache-mci5951 MEWElogs[46369]: GRAY, 1626314135640213868, MCI, 13
<134>2021-07-15T01:55:50Z cache-mci5951 MEWElogs[46369]: GRAY, 1626314149997019600, MCI, 13
<134>2021-07-15T01:56:02Z cache-dal21283 MEWElogs[46369]: GRAY, 1626314162412597014, DAL, 13
<134>2021-07-15T01:56:07Z cache-stp9226 MEWElogs[46369]: GRAY, 1626314166113151962, STP, 13
<134>2021-07-15T01:56:26Z cache-dal21283 MEWElogs[46369]: GRAY, 1626314185377447809, DAL, 13
<134>2021-07-15T01:56:36Z cache-jax20933 MEWElogs[46369]: GRAY, 1626314195507846858, JAX, 13
<134>2021-07-15T01:56:40Z cache-hkg17929 MEWElogs[46369]: GRAY, 1626314198952358422, HKG, 13
<134>2021-07-15T01:57:07Z cache-mci5951 MEWElogs[46369]: GRAY, 1626314226688913159, MCI, 13
<134>2021-07-15T01:57:10Z cache-mia11368 MEWElogs[46369]: GRAY, 1626314229205343977, MIA, 13
<134>2021-07-15T01:57:12Z cache-lax10677 MEWElogs[46369]: GRAY, 1626314231425828435, LGB, 13
<134>2021-07-15T01:57:35Z cache-man4150 MEWElogs[46369]: GRAY, 1626314254120143752, MAN, 13
<134>2021-07-15T01:57:38Z cache-yul12826 MEWElogs[46369]: GRAY, 1626314257868008034, YUL, 13
<134>2021-07-15T01:57:45Z cache-jax20933 MEWElogs[46369]: GRAY, 1626314265027732733, JAX, 13
<134>2021-07-15T01:57:56Z cache-mci5951 MEWElogs[46369]: GRAY, 1626314276114139513, MCI, 13
<134>2021-07-15T01:58:24Z cache-mci5951 MEWElogs[46369]: GRAY, 1626314304351746386, MCI, 13
<134>2021-07-15T01:58:37Z cache-mrs10583 MEWElogs[46369]: GRAY, 1626314316461640719, MRS, 13
<134>2021-07-15T01:58:45Z cache-lhr7382 MEWElogs[46369]: GRAY, 1626314324338848655, LHR, 13
<134>2021-07-15T01:58:57Z cache-hkg17929 MEWElogs[46369]: GRAY, 1626314336229793810, HKG, 13
<134>2021-07-15T01:59:04Z cache-hkg17929 MEWElogs[46369]: GRAY, 1626314343731602650, HKG, 13
<134>2021-07-15T01:59:26Z cache-mel11272 MEWElogs[46369]: GRAY, 1626314365267744562, MEL, 13
<134>2021-07-15T01:59:32Z cache-lax10677 MEWElogs[46369]: GRAY, 1626314371174811878, LGB, 13
<134>2021-07-15T01:59:36Z cache-mci5951 MEWElogs[46369]: GRAY, 1626314374976282333, MCI, 13
<134>2021-07-15T01:59:55Z cache-yul12826 MEWElogs[46369]: GRAY, 1626314395158951772, YUL, 13
<134>2021-07-15T02:00:03Z cache-stp9226 MEWElogs[46369]: GRAY, 1626314402945784404, STP, 13
<134>2021-07-15T02:00:06Z cache-jax20933 MEWElogs[46369]: GRAY, 1626314406182257109, JAX, 13
<134>2021-07-15T02:00:23Z cache-mel11272 MEWElogs[46369]: GRAY, 1626314422234568825, MEL, 13
<134>2021-07-15T02:00:46Z cache-mci5951 MEWElogs[46369]: GRAY, 1626314445666142385, MCI, 13
<134>2021-07-15T02:00:48Z cache-lax10677 MEWElogs[46369]: GRAY, 1626314447207370142, LGB, 13
<134>2021-07-15T02:01:02Z cache-man4150 MEWElogs[46369]: GRAY, 1626314461222632326, MAN, 13
<134>2021-07-15T02:01:12Z cache-mel11272 MEWElogs[46369]: GRAY, 1626314471744964115, MEL, 13
<134>2021-07-15T02:01:34Z cache-mel11272 MEWElogs[46369]: GRAY, 1626314493126226568, MEL, 13
<134>2021-07-15T02:01:59Z cache-stp9226 MEWElogs[46369]: GRAY, 1626314518230450334, STP, 13
<134>2021-07-15T02:02:05Z cache-stp9226 MEWElogs[46369]: GRAY, 1626314524977413745, STP, 13
