<134>2021-07-14T17:43:16Z cache-osl6529 MEWElogs[370074]: FLIPH, 1626284595201816841, OSL, -1
<134>2021-07-14T17:43:37Z cache-stl4834 MEWElogs[370074]: FLIPH, 1626284616824567824, STL, 10
<134>2021-07-14T17:43:39Z cache-gru17149 MEWElogs[370074]: FLIPH, 1626284618247656175, GRU, -1
<134>2021-07-14T17:44:25Z cache-ewr18156 MEWElogs[370074]: FLIPH, 1626284664252867675, EWR, -1
<134>2021-07-14T17:44:49Z cache-bom4751 MEWElogs[370074]: FLIPH, 1626284688164974099, BOM, 10
<134>2021-07-14T17:45:24Z cache-bom4751 MEWElogs[370074]: FLIPH, 1626284723951429837, BOM, -1
<134>2021-07-14T17:45:35Z cache-lga21983 MEWElogs[370074]: FLIPH, 1626284735009812028, LGA, -1
<134>2021-07-14T17:45:43Z cache-cdg20720 MEWElogs[370074]: FLIPH, 1626284743227129668, CDG, -1
<134>2021-07-14T17:45:48Z cache-lga21983 MEWElogs[370074]: FLIPH, 1626284747926959290, LGA, 10
<134>2021-07-14T17:46:04Z cache-gru17149 MEWElogs[370074]: FLIPH, 1626284763852746509, GRU, 10
<134>2021-07-14T17:46:07Z cache-ewr18156 MEWElogs[370074]: FLIPH, 1626284767011810215, EWR, -1
<134>2021-07-14T17:46:10Z cache-scl19427 MEWElogs[370074]: FLIPH, 1626284769398666960, SCL, 10
<134>2021-07-14T17:46:11Z cache-stl4834 MEWElogs[370074]: FLIPH, 1626284770636903198, STL, -1
<134>2021-07-14T17:46:14Z cache-cdg20720 MEWElogs[370074]: FLIPH, 1626284773750712094, CDG, -1
<134>2021-07-14T17:46:38Z cache-cdg20720 MEWElogs[370074]: FLIPH, 1626284797844344742, CDG, 10
<134>2021-07-14T17:46:42Z cache-scl19427 MEWElogs[370074]: FLIPH, 1626284802061142652, SCL, -1
<134>2021-07-14T17:46:50Z cache-gru17149 MEWElogs[370074]: FLIPH, 1626284809028663647, GRU, -1
<134>2021-07-14T17:47:15Z cache-stl4834 MEWElogs[370074]: FLIPH, 1626284834768789544, STL, -1
<134>2021-07-14T17:47:18Z cache-gig17035 MEWElogs[370074]: FLIPH, 1626284837853607666, GIG, 10
<134>2021-07-14T17:47:19Z cache-cdg20720 MEWElogs[370074]: FLIPH, 1626284838900304246, CDG, 10
<134>2021-07-14T17:47:33Z cache-syd10183 MEWElogs[370074]: FLIPH, 1626284851973550783, SYD, 10
<134>2021-07-14T17:47:40Z cache-cdg20720 MEWElogs[370074]: FLIPH, 1626284859067105284, CDG, 10
<134>2021-07-14T17:47:54Z cache-gig17035 MEWElogs[370074]: FLIPH, 1626284873378191094, GIG, 10
<134>2021-07-14T17:48:13Z cache-syd10183 MEWElogs[370074]: FLIPH, 1626284891979662814, SYD, 10
<134>2021-07-14T17:48:37Z cache-gig17035 MEWElogs[370074]: FLIPH, 1626284917280725950, GIG, -1
<134>2021-07-14T17:49:11Z cache-bom4751 MEWElogs[370074]: FLIPH, 1626284949934960183, BOM, 10
<134>2021-07-14T17:49:29Z cache-gig17035 MEWElogs[370074]: FLIPH, 1626284968465335975, GIG, 10
<134>2021-07-14T17:50:03Z cache-gru17149 MEWElogs[370074]: FLIPH, 1626285002540103001, GRU, 10
<134>2021-07-14T17:50:04Z cache-syd10183 MEWElogs[370074]: FLIPH, 1626285003087506530, SYD, 10
<134>2021-07-14T17:50:40Z cache-cgh11122 MEWElogs[370074]: FLIPH, 1626285039084216498, CGH, -1
<134>2021-07-14T17:50:56Z cache-stl4834 MEWElogs[370074]: FLIPH, 1626285055416081475, STL, -1
<134>2021-07-14T17:51:00Z cache-pao17461 MEWElogs[370074]: FLIPH, 1626285059696813314, PAO, 10
<134>2021-07-14T17:51:00Z cache-cgh11122 MEWElogs[370074]: FLIPH, 1626285059520593774, CGH, -1
<134>2021-07-14T17:51:38Z cache-gru17149 MEWElogs[370074]: FLIPH, 1626285097580964638, GRU, 10
<134>2021-07-14T17:51:50Z cache-stl4834 MEWElogs[370074]: FLIPH, 1626285110685881202, STL, 10
<134>2021-07-14T17:52:01Z cache-cgh11122 MEWElogs[370074]: FLIPH, 1626285120531043024, CGH, -1
<134>2021-07-14T17:52:42Z cache-cgh11122 MEWElogs[370074]: FLIPH, 1626285161166763832, CGH, -1
<134>2021-07-14T17:52:48Z cache-scl19427 MEWElogs[370074]: FLIPH, 1626285167960688396, SCL, 10
<134>2021-07-14T17:52:51Z cache-stl4834 MEWElogs[370074]: FLIPH, 1626285170118254174, STL, -1
<134>2021-07-14T17:53:01Z cache-hnd18722 MEWElogs[370074]: FLIPH, 1626285180439854317, HND, 10
<134>2021-07-14T17:53:11Z cache-gig17035 MEWElogs[370074]: FLIPH, 1626285190844289456, GIG, -1
<134>2021-07-14T17:53:12Z cache-cgh11122 MEWElogs[370074]: FLIPH, 1626285191916419845, CGH, -1
