<134>2021-07-15T06:40:14Z cache-cwb20520 MEWElogs[400146]: UNSH, 1626331213733560671, CWB, 16
<134>2021-07-15T06:40:26Z cache-akl10324 MEWElogs[400146]: UNSH, 1626331225635848493, AKL, 16
<134>2021-07-15T06:40:33Z cache-hhn4077 MEWElogs[400146]: UNSH, 1626331232399429427, HHN, 16
<134>2021-07-15T06:41:00Z cache-fra19177 MEWElogs[400146]: UNSH, 1626331259410767604, FRA, 16
<134>2021-07-15T06:42:40Z cache-akl10324 MEWElogs[400146]: UNSH, 1626331359254750141, AKL, 16
<134>2021-07-15T06:42:41Z cache-pwk4920 MEWElogs[400146]: UNSH, 1626331359987304758, PWK, 16
<134>2021-07-15T06:43:39Z cache-lcy19283 MEWElogs[400146]: UNSH, 1626331418414252922, LCY, 16
<134>2021-07-15T06:43:40Z cache-bur17583 MEWElogs[400146]: UNSH, 1626331419885129463, BUR, 16
<134>2021-07-15T06:43:40Z cache-hel6829 MEWElogs[400146]: UNSH, 1626331419658525162, HEL, 16
<134>2021-07-15T06:43:43Z cache-den8274 MEWElogs[400146]: UNSH, 1626331422449313825, DEN, 16
<134>2021-07-15T06:44:18Z cache-jnb7027 MEWElogs[400146]: UNSH, 1626331456891135984, JNB, 16
<134>2021-07-15T06:45:09Z cache-bur17583 MEWElogs[400146]: UNSH, 1626331508954414759, BUR, 16
<134>2021-07-15T06:45:21Z cache-iah17271 MEWElogs[400146]: UNSH, 1626331520603517486, IAH, 16
<134>2021-07-15T06:45:35Z cache-den8274 MEWElogs[400146]: UNSH, 1626331534151473302, DEN, 16
<134>2021-07-15T06:45:53Z cache-hel6829 MEWElogs[400146]: UNSH, 1626331552831371143, HEL, 16
<134>2021-07-15T06:45:53Z cache-den8274 MEWElogs[400146]: UNSH, 1626331552510583620, DEN, 16
<134>2021-07-15T06:45:55Z cache-bur17583 MEWElogs[400146]: UNSH, 1626331554252044369, BUR, 16
<134>2021-07-15T06:45:56Z cache-lon4249 MEWElogs[400146]: UNSH, 1626331555477346852, LON, 16
<134>2021-07-15T06:46:23Z cache-hel6829 MEWElogs[400146]: UNSH, 1626331583348216922, HEL, 16
<134>2021-07-15T06:47:13Z cache-lon4249 MEWElogs[400146]: UNSH, 1626331632291210672, LON, 16
<134>2021-07-15T06:47:14Z cache-lcy19283 MEWElogs[400146]: UNSH, 1626331634293909798, LCY, 16
<134>2021-07-15T06:47:14Z cache-dal21283 MEWElogs[400146]: UNSH, 1626331633911901654, DAL, 16
<134>2021-07-15T06:47:27Z cache-mad22068 MEWElogs[400146]: UNSH, 1626331646466907551, MAD, 16
<134>2021-07-15T06:47:28Z cache-den8274 MEWElogs[400146]: UNSH, 1626331647580543831, DEN, 16
<134>2021-07-15T06:47:36Z cache-bur17583 MEWElogs[400146]: UNSH, 1626331656231996131, BUR, 16
<134>2021-07-15T06:47:36Z cache-den8274 MEWElogs[400146]: UNSH, 1626331656684270281, DEN, 16
<134>2021-07-15T06:47:44Z cache-fra19177 MEWElogs[400146]: UNSH, 1626331663500457368, FRA, 16
<134>2021-07-15T06:47:45Z cache-jnb7027 MEWElogs[400146]: UNSH, 1626331664799668188, JNB, 16
<134>2021-07-15T06:48:59Z cache-dal21283 MEWElogs[400146]: UNSH, 1626331738889500783, DAL, 16
<134>2021-07-15T06:49:14Z cache-iah17271 MEWElogs[400146]: UNSH, 1626331754676760806, IAH, 16
<134>2021-07-15T06:49:31Z cache-dal21283 MEWElogs[400146]: UNSH, 1626331770543542292, DAL, 16
<134>2021-07-15T06:49:51Z cache-den8274 MEWElogs[400146]: UNSH, 1626331790697474849, DEN, 16
