<134>2021-07-15T04:16:55Z cache-wdc5583 MEWElogs[320228]: ROTATE, 1626322614791566324, WDC, 15
<134>2021-07-15T04:17:32Z cache-ord1740 MEWElogs[320228]: ROTATE, 1626322651559336123, ORD, 15
<134>2021-07-15T04:17:48Z cache-ams21020 MEWElogs[320228]: ROTATE, 1626322667083977612, AMS, 15
<134>2021-07-15T04:18:13Z cache-eze19324 MEWElogs[320228]: ROTATE, 1626322692778840834, EZE, 15
<134>2021-07-15T04:18:36Z cache-eze19324 MEWElogs[320228]: ROTATE, 1626322715462014098, EZE, 15
<134>2021-07-15T04:18:36Z cache-dca17782 MEWElogs[320228]: ROTATE, 1626322716570007378, DCA, 15
<134>2021-07-15T04:19:39Z cache-pdk17882 MEWElogs[320228]: ROTATE, 1626322778915733344, PDK, 15
<134>2021-07-15T04:19:42Z cache-ord1740 MEWElogs[320228]: ROTATE, 1626322781183612809, ORD, 15
<134>2021-07-15T04:20:21Z cache-dfw18678 MEWElogs[320228]: ROTATE, 1626322820704660670, DFW, 15
<134>2021-07-15T04:20:37Z cache-maa10251 MEWElogs[320228]: ROTATE, 1626322835953343907, MAA, 15
<134>2021-07-15T04:22:11Z cache-akl10324 MEWElogs[320228]: ROTATE, 1626322930311740549, AKL, 15
<134>2021-07-15T04:22:16Z cache-cwb20520 MEWElogs[320228]: ROTATE, 1626322935354268795, CWB, 15
<134>2021-07-15T04:22:36Z cache-cwb20520 MEWElogs[320228]: ROTATE, 1626322954982686496, CWB, 15
<134>2021-07-15T04:23:22Z cache-del21735 MEWElogs[320228]: ROTATE, 1626323001249466519, DEL, 15
<134>2021-07-15T04:23:40Z cache-del21735 MEWElogs[320228]: ROTATE, 1626323019226424999, DEL, 15
<134>2021-07-15T04:24:16Z cache-del21735 MEWElogs[320228]: ROTATE, 1626323055752982939, DEL, 15
<134>2021-07-15T04:24:25Z cache-eze19324 MEWElogs[320228]: ROTATE, 1626323065050622158, EZE, 15
<134>2021-07-15T04:25:26Z cache-pwk4920 MEWElogs[320228]: ROTATE, 1626323126538171919, PWK, 15
<134>2021-07-15T04:25:43Z cache-chi21126 MEWElogs[320228]: ROTATE, 1626323142343052556, CHI, 15
<134>2021-07-15T04:26:22Z cache-dfw18678 MEWElogs[320228]: ROTATE, 1626323181889974674, DFW, 15
