<134>2021-07-15T00:52:37Z cache-hkg17929 MEWElogs[320228]: CROP, 1626310356721249450, HKG, 12
<134>2021-07-15T00:52:45Z cache-ewr18156 MEWElogs[320228]: CROP, 1626310365580675827, EWR, 12
<134>2021-07-15T00:52:45Z cache-mia11368 MEWElogs[320228]: CROP, 1626310364927772962, MIA, 12
<134>2021-07-15T00:52:59Z cache-lga21983 MEWElogs[320228]: CROP, 1626310378960496971, LGA, 12
<134>2021-07-15T00:53:02Z cache-lax10677 MEWElogs[320228]: CROP, 1626310381646806344, LGB, 12
<134>2021-07-15T00:53:16Z cache-jax20933 MEWElogs[320228]: CROP, 1626310395524960064, JAX, 12
<134>2021-07-15T00:53:28Z cache-ewr18156 MEWElogs[320228]: CROP, 1626310407520784819, EWR, 12
<134>2021-07-15T00:53:31Z cache-osl6529 MEWElogs[320228]: CROP, 1626310410873043052, OSL, 12
<134>2021-07-15T00:53:35Z cache-stp9226 MEWElogs[320228]: CROP, 1626310414375183774, STP, 12
<134>2021-07-15T00:53:36Z cache-lax10677 MEWElogs[320228]: CROP, 1626310416507554913, LGB, 12
<134>2021-07-15T00:54:36Z cache-lga21983 MEWElogs[320228]: CROP, 1626310475631131359, LGA, 12
<134>2021-07-15T00:55:02Z cache-mia11368 MEWElogs[320228]: CROP, 1626310501875879864, MIA, 12
<134>2021-07-15T00:55:17Z cache-osl6529 MEWElogs[320228]: CROP, 1626310516246876614, OSL, 12
<134>2021-07-15T00:55:20Z cache-osl6529 MEWElogs[320228]: CROP, 1626310519094361625, OSL, 12
<134>2021-07-15T00:55:20Z cache-gig17035 MEWElogs[320228]: CROP, 1626310519671990852, GIG, 12
<134>2021-07-15T00:55:24Z cache-scl19427 MEWElogs[320228]: CROP, 1626310524143129071, SCL, 12
<134>2021-07-15T00:55:25Z cache-gru17149 MEWElogs[320228]: CROP, 1626310524152248072, GRU, 12
<134>2021-07-15T00:55:26Z cache-osl6529 MEWElogs[320228]: CROP, 1626310524978509421, OSL, 12
<134>2021-07-15T00:55:26Z cache-ewr18156 MEWElogs[320228]: CROP, 1626310525447942451, EWR, 12
<134>2021-07-15T00:55:29Z cache-yul12826 MEWElogs[320228]: CROP, 1626310528742840557, YUL, 12
<134>2021-07-15T00:56:07Z cache-scl19427 MEWElogs[320228]: CROP, 1626310567040569993, SCL, 12
<134>2021-07-15T00:56:23Z cache-gru17149 MEWElogs[320228]: CROP, 1626310581989981631, GRU, 12
<134>2021-07-15T00:57:11Z cache-yul12826 MEWElogs[320228]: CROP, 1626310630975594470, YUL, 12
<134>2021-07-15T00:57:28Z cache-gru17149 MEWElogs[320228]: CROP, 1626310647829274841, GRU, 12
<134>2021-07-15T00:57:38Z cache-lga21983 MEWElogs[320228]: CROP, 1626310658216190423, LGA, 12
<134>2021-07-15T00:58:03Z cache-lga21983 MEWElogs[320228]: CROP, 1626310682485851065, LGA, 12
<134>2021-07-15T00:58:06Z cache-ewr18156 MEWElogs[320228]: CROP, 1626310685228567560, EWR, 12
<134>2021-07-15T00:58:34Z cache-stl4834 MEWElogs[320228]: CROP, 1626310713785556454, STL, 12
<134>2021-07-15T00:58:36Z cache-scl19427 MEWElogs[320228]: CROP, 1626310715627112233, SCL, 12
<134>2021-07-15T00:58:51Z cache-cgh11122 MEWElogs[320228]: CROP, 1626310730072850500, CGH, 12
<134>2021-07-15T00:58:56Z cache-pao17461 MEWElogs[320228]: CROP, 1626310736534943269, PAO, 12
<134>2021-07-15T00:59:03Z cache-scl19427 MEWElogs[320228]: CROP, 1626310742588329819, SCL, 12
<134>2021-07-15T00:59:27Z cache-bom4751 MEWElogs[320228]: CROP, 1626310766822115971, BOM, 12
<134>2021-07-15T00:59:47Z cache-gig17035 MEWElogs[320228]: CROP, 1626310786227901370, GIG, 12
<134>2021-07-15T00:59:48Z cache-syd10183 MEWElogs[320228]: CROP, 1626310787570634111, SYD, 12
<134>2021-07-15T00:59:59Z cache-stl4834 MEWElogs[320228]: CROP, 1626310798698352279, STL, 12
<134>2021-07-15T01:00:04Z cache-pao17461 MEWElogs[320228]: CROP, 1626310804606380679, PAO, 12
<134>2021-07-15T01:00:06Z cache-cgh11122 MEWElogs[320228]: CROP, 1626310805289730260, CGH, 12
<134>2021-07-15T01:00:08Z cache-hnd18722 MEWElogs[320228]: CROP, 1626310808304043516, HND, 12
<134>2021-07-15T01:00:19Z cache-cgh11122 MEWElogs[320228]: CROP, 1626310818638074716, CGH, 12
<134>2021-07-15T01:00:33Z cache-gru17149 MEWElogs[320228]: CROP, 1626310832096689285, GRU, 12
<134>2021-07-15T01:00:40Z cache-syd10183 MEWElogs[320228]: CROP, 1626310839962816043, SYD, 12
<134>2021-07-15T01:00:48Z cache-scl19427 MEWElogs[320228]: CROP, 1626310848531990583, SCL, 12
<134>2021-07-15T01:00:53Z cache-gru17149 MEWElogs[320228]: CROP, 1626310852359535849, GRU, 12
<134>2021-07-15T01:01:10Z cache-gru17149 MEWElogs[320228]: CROP, 1626310869499289137, GRU, 12
<134>2021-07-15T01:01:14Z cache-bom4751 MEWElogs[320228]: CROP, 1626310873609992655, BOM, 12
<134>2021-07-15T01:01:24Z cache-stl4834 MEWElogs[320228]: CROP, 1626310883771177348, STL, 12
<134>2021-07-15T01:01:28Z cache-hnd18722 MEWElogs[320228]: CROP, 1626310887010660390, HND, 12
<134>2021-07-15T01:01:37Z cache-stl4834 MEWElogs[320228]: CROP, 1626310896517131194, STL, 12
<134>2021-07-15T01:01:42Z cache-hnd18722 MEWElogs[320228]: CROP, 1626310901054616496, HND, 12
<134>2021-07-15T01:01:57Z cache-itm18851 MEWElogs[320228]: CROP, 1626310917146931103, ITM, 12
<134>2021-07-15T01:01:59Z cache-hnd18722 MEWElogs[320228]: CROP, 1626310919269830610, HND, 12
<134>2021-07-15T01:02:04Z cache-hnd18722 MEWElogs[320228]: CROP, 1626310923852706354, HND, 12
