<134>2021-07-15T01:52:04Z cache-iah17271 MEWElogs[400146]: GRAY, 1626313924254337189, IAH, 13
<134>2021-07-15T01:52:05Z cache-hkg17929 MEWElogs[400146]: GRAY, 1626313924863473197, HKG, 13
<134>2021-07-15T01:52:05Z cache-mad22068 MEWElogs[400146]: GRAY, 1626313924556531467, MAD, 13
<134>2021-07-15T01:52:37Z cache-den8274 MEWElogs[400146]: GRAY, 1626313957196904773, DEN, 13
<134>2021-07-15T01:52:40Z cache-bur17583 MEWElogs[400146]: GRAY, 1626313960041772156, BUR, 13
<134>2021-07-15T01:52:43Z cache-den8274 MEWElogs[400146]: GRAY, 1626313962915321924, DEN, 13
<134>2021-07-15T01:52:46Z cache-mci5951 MEWElogs[400146]: GRAY, 1626313966115101755, MCI, 13
<134>2021-07-15T01:52:54Z cache-mia11368 MEWElogs[400146]: GRAY, 1626313973896596596, MIA, 13
<134>2021-07-15T01:53:04Z cache-stp9226 MEWElogs[400146]: GRAY, 1626313983363013562, STP, 13
<134>2021-07-15T01:53:06Z cache-iah17271 MEWElogs[400146]: GRAY, 1626313986316849243, IAH, 13
<134>2021-07-15T01:53:15Z cache-mci5951 MEWElogs[400146]: GRAY, 1626313994519950424, MCI, 13
<134>2021-07-15T01:53:37Z cache-dal21283 MEWElogs[400146]: GRAY, 1626314016938401792, DAL, 13
<134>2021-07-15T01:53:52Z cache-iah17271 MEWElogs[400146]: GRAY, 1626314031770617755, IAH, 13
<134>2021-07-15T01:54:07Z cache-mad22068 MEWElogs[400146]: GRAY, 1626314046281092207, MAD, 13
<134>2021-07-15T01:54:08Z cache-dal21283 MEWElogs[400146]: GRAY, 1626314048432029219, DAL, 13
<134>2021-07-15T01:54:18Z cache-mci5951 MEWElogs[400146]: GRAY, 1626314057538006179, MCI, 13
<134>2021-07-15T01:54:40Z cache-mia11368 MEWElogs[400146]: GRAY, 1626314079213198369, MIA, 13
<134>2021-07-15T01:54:41Z cache-dal21283 MEWElogs[400146]: GRAY, 1626314081504481990, DAL, 13
<134>2021-07-15T01:54:43Z cache-iah17271 MEWElogs[400146]: GRAY, 1626314082676168936, IAH, 13
<134>2021-07-15T01:54:44Z cache-bur17583 MEWElogs[400146]: GRAY, 1626314083432418304, BUR, 13
<134>2021-07-15T01:54:53Z cache-mci5951 MEWElogs[400146]: GRAY, 1626314092984094690, MCI, 13
<134>2021-07-15T01:54:58Z cache-mrs10583 MEWElogs[400146]: GRAY, 1626314097530427166, MRS, 13
<134>2021-07-15T01:55:02Z cache-mrs10583 MEWElogs[400146]: GRAY, 1626314102229966745, MRS, 13
<134>2021-07-15T01:55:11Z cache-man4150 MEWElogs[400146]: GRAY, 1626314110068888304, MAN, 13
<134>2021-07-15T01:55:21Z cache-mrs10583 MEWElogs[400146]: GRAY, 1626314121228406405, MRS, 13
<134>2021-07-15T01:55:26Z cache-mrs10583 MEWElogs[400146]: GRAY, 1626314125891983448, MRS, 13
<134>2021-07-15T01:55:35Z cache-lhr7382 MEWElogs[400146]: GRAY, 1626314134658061247, LHR, 13
<134>2021-07-15T01:56:10Z cache-lax10677 MEWElogs[400146]: GRAY, 1626314169665531829, LGB, 13
<134>2021-07-15T01:56:13Z cache-lhr7382 MEWElogs[400146]: GRAY, 1626314172935131945, LHR, 13
<134>2021-07-15T01:56:27Z cache-man4150 MEWElogs[400146]: GRAY, 1626314186866659898, MAN, 13
<134>2021-07-15T01:56:37Z cache-man4150 MEWElogs[400146]: GRAY, 1626314196493546811, MAN, 13
<134>2021-07-15T01:56:39Z cache-mci5951 MEWElogs[400146]: GRAY, 1626314198710309665, MCI, 13
<134>2021-07-15T01:56:41Z cache-dal21283 MEWElogs[400146]: GRAY, 1626314201016514977, DAL, 13
<134>2021-07-15T01:56:55Z cache-hkg17929 MEWElogs[400146]: GRAY, 1626314214240706801, HKG, 13
<134>2021-07-15T01:57:10Z cache-lhr7382 MEWElogs[400146]: GRAY, 1626314229943858516, LHR, 13
<134>2021-07-15T01:57:15Z cache-lhr7382 MEWElogs[400146]: GRAY, 1626314234708468423, LHR, 13
<134>2021-07-15T01:57:26Z cache-mrs10583 MEWElogs[400146]: GRAY, 1626314245237062858, MRS, 13
<134>2021-07-15T01:57:28Z cache-jax20933 MEWElogs[400146]: GRAY, 1626314247356171743, JAX, 13
<134>2021-07-15T01:57:35Z cache-mci5951 MEWElogs[400146]: GRAY, 1626314254865312858, MCI, 13
<134>2021-07-15T01:57:39Z cache-man4150 MEWElogs[400146]: GRAY, 1626314258837362943, MAN, 13
<134>2021-07-15T01:58:17Z cache-lhr7382 MEWElogs[400146]: GRAY, 1626314296500762704, LHR, 13
<134>2021-07-15T01:58:36Z cache-lhr7382 MEWElogs[400146]: GRAY, 1626314314962247673, LHR, 13
<134>2021-07-15T01:58:56Z cache-lax10677 MEWElogs[400146]: GRAY, 1626314336191419244, LGB, 13
<134>2021-07-15T01:59:09Z cache-stp9226 MEWElogs[400146]: GRAY, 1626314348933016493, STP, 13
<134>2021-07-15T01:59:13Z cache-mia11368 MEWElogs[400146]: GRAY, 1626314353314936742, MIA, 13
<134>2021-07-15T01:59:33Z cache-mel11272 MEWElogs[400146]: GRAY, 1626314372487689660, MEL, 13
<134>2021-07-15T01:59:38Z cache-lax10677 MEWElogs[400146]: GRAY, 1626314377795910382, LGB, 13
<134>2021-07-15T01:59:40Z cache-mel11272 MEWElogs[400146]: GRAY, 1626314379462845493, MEL, 13
<134>2021-07-15T01:59:45Z cache-man4150 MEWElogs[400146]: GRAY, 1626314384157368620, MAN, 13
<134>2021-07-15T01:59:54Z cache-man4150 MEWElogs[400146]: GRAY, 1626314393824720932, MAN, 13
<134>2021-07-15T01:59:59Z cache-lga21983 MEWElogs[400146]: GRAY, 1626314399300770415, LGA, 13
<134>2021-07-15T02:00:33Z cache-yul12826 MEWElogs[400146]: GRAY, 1626314432738915326, YUL, 13
<134>2021-07-15T02:00:55Z cache-lax10677 MEWElogs[400146]: GRAY, 1626314454270524245, LGB, 13
<134>2021-07-15T02:01:10Z cache-jax20933 MEWElogs[400146]: GRAY, 1626314469302416530, JAX, 13
<134>2021-07-15T02:01:11Z cache-stp9226 MEWElogs[400146]: GRAY, 1626314470740263151, STP, 13
<134>2021-07-15T02:01:23Z cache-hkg17929 MEWElogs[400146]: GRAY, 1626314482657539510, HKG, 13
<134>2021-07-15T02:01:30Z cache-yul12826 MEWElogs[400146]: GRAY, 1626314489839209129, YUL, 13
<134>2021-07-15T02:01:48Z cache-mel11272 MEWElogs[400146]: GRAY, 1626314507156207053, MEL, 13
<134>2021-07-15T02:01:51Z cache-stp9226 MEWElogs[400146]: GRAY, 1626314511183208759, STP, 13
<134>2021-07-15T02:02:02Z cache-lga21983 MEWElogs[400146]: GRAY, 1626314521578103538, LGA, 13
