<134>2021-07-15T00:28:41Z cache-mdw17383 MEWElogs[292213]: CROP, 1626308920684262018, MDW, 12
<134>2021-07-15T00:28:54Z cache-ams21020 MEWElogs[292213]: CROP, 1626308933423083445, AMS, 12
<134>2021-07-15T00:29:03Z cache-eze19324 MEWElogs[292213]: CROP, 1626308942376907237, EZE, 12
<134>2021-07-15T00:29:03Z cache-maa10251 MEWElogs[292213]: CROP, 1626308942516988220, MAA, 12
<134>2021-07-15T00:29:10Z cache-maa10251 MEWElogs[292213]: CROP, 1626308950020256287, MAA, 12
<134>2021-07-15T00:29:23Z cache-eze19324 MEWElogs[292213]: CROP, 1626308962762096797, EZE, 12
<134>2021-07-15T00:29:41Z cache-maa10251 MEWElogs[292213]: CROP, 1626308979950921774, MAA, 12
<134>2021-07-15T00:29:56Z cache-pdk17882 MEWElogs[292213]: CROP, 1626308995732222565, PDK, 12
<134>2021-07-15T00:29:59Z cache-dca17782 MEWElogs[292213]: CROP, 1626308999148400888, DCA, 12
<134>2021-07-15T00:30:00Z cache-pdk17882 MEWElogs[292213]: CROP, 1626308999356962037, PDK, 12
<134>2021-07-15T00:30:11Z cache-wdc5583 MEWElogs[292213]: CROP, 1626309010440258876, WDC, 12
<134>2021-07-15T00:30:27Z cache-bog6425 MEWElogs[292213]: CROP, 1626309027469061274, BOG, 12
<134>2021-07-15T00:30:29Z cache-ord1740 MEWElogs[292213]: CROP, 1626309028631717653, ORD, 12
<134>2021-07-15T00:30:34Z cache-ams21020 MEWElogs[292213]: CROP, 1626309034403868248, AMS, 12
<134>2021-07-15T00:30:43Z cache-pdk17882 MEWElogs[292213]: CROP, 1626309042772733409, PDK, 12
<134>2021-07-15T00:31:49Z cache-bog6425 MEWElogs[292213]: CROP, 1626309109037141725, BOG, 12
<134>2021-07-15T00:32:10Z cache-bog6425 MEWElogs[292213]: CROP, 1626309130186938639, BOG, 12
<134>2021-07-15T00:32:27Z cache-dca17782 MEWElogs[292213]: CROP, 1626309146275598823, DCA, 12
<134>2021-07-15T00:32:32Z cache-mdw17383 MEWElogs[292213]: CROP, 1626309151524323395, MDW, 12
<134>2021-07-15T00:32:42Z cache-ams21020 MEWElogs[292213]: CROP, 1626309161454551975, AMS, 12
<134>2021-07-15T00:32:47Z cache-maa10251 MEWElogs[292213]: CROP, 1626309166584238171, MAA, 12
<134>2021-07-15T00:32:50Z cache-ams21020 MEWElogs[292213]: CROP, 1626309169734558702, AMS, 12
<134>2021-07-15T00:32:52Z cache-bog6425 MEWElogs[292213]: CROP, 1626309172255694096, BOG, 12
<134>2021-07-15T00:32:54Z cache-mdw17383 MEWElogs[292213]: CROP, 1626309173602981137, MDW, 12
<134>2021-07-15T00:33:04Z cache-ams21020 MEWElogs[292213]: CROP, 1626309183471587359, AMS, 12
<134>2021-07-15T00:33:15Z cache-ams21020 MEWElogs[292213]: CROP, 1626309194731452408, AMS, 12
<134>2021-07-15T00:33:21Z cache-bog6425 MEWElogs[292213]: CROP, 1626309201411306244, BOG, 12
<134>2021-07-15T00:33:32Z cache-wdc5583 MEWElogs[292213]: CROP, 1626309211637849574, WDC, 12
<134>2021-07-15T00:33:36Z cache-cph20625 MEWElogs[292213]: CROP, 1626309215467221316, CPH, 12
<134>2021-07-15T00:33:56Z cache-pdk17882 MEWElogs[292213]: CROP, 1626309235282292383, PDK, 12
<134>2021-07-15T00:34:07Z cache-eze19324 MEWElogs[292213]: CROP, 1626309247265896098, EZE, 12
<134>2021-07-15T00:34:23Z cache-wdc5583 MEWElogs[292213]: CROP, 1626309262899432016, WDC, 12
<134>2021-07-15T00:34:30Z cache-maa10251 MEWElogs[292213]: CROP, 1626309269209872548, MAA, 12
<134>2021-07-15T00:34:32Z cache-wdc5583 MEWElogs[292213]: CROP, 1626309272035990044, WDC, 12
<134>2021-07-15T00:34:32Z cache-pdk17882 MEWElogs[292213]: CROP, 1626309271542695266, PDK, 12
<134>2021-07-15T00:34:34Z cache-maa10251 MEWElogs[292213]: CROP, 1626309272999839122, MAA, 12
<134>2021-07-15T00:34:35Z cache-cmh21547 MEWElogs[292213]: CROP, 1626309275448762538, CMH, 12
<134>2021-07-15T00:34:41Z cache-chi21126 MEWElogs[292213]: CROP, 1626309281162637632, CHI, 12
<134>2021-07-15T00:34:43Z cache-akl10324 MEWElogs[292213]: CROP, 1626309283352018354, AKL, 12
<134>2021-07-15T00:35:09Z cache-fty21383 MEWElogs[292213]: CROP, 1626309308155378693, FTY, 12
<134>2021-07-15T00:35:15Z cache-chi21126 MEWElogs[292213]: CROP, 1626309314903952223, CHI, 12
<134>2021-07-15T00:35:24Z cache-mdw17383 MEWElogs[292213]: CROP, 1626309324202546823, MDW, 12
<134>2021-07-15T00:35:28Z cache-wdc5583 MEWElogs[292213]: CROP, 1626309327841015176, WDC, 12
<134>2021-07-15T00:35:30Z cache-cph20625 MEWElogs[292213]: CROP, 1626309329615689873, CPH, 12
<134>2021-07-15T00:35:45Z cache-akl10324 MEWElogs[292213]: CROP, 1626309344549389620, AKL, 12
<134>2021-07-15T00:35:46Z cache-wdc5583 MEWElogs[292213]: CROP, 1626309345515112768, WDC, 12
<134>2021-07-15T00:36:02Z cache-fty21383 MEWElogs[292213]: CROP, 1626309361129728761, FTY, 12
<134>2021-07-15T00:36:34Z cache-bos4657 MEWElogs[292213]: CROP, 1626309393368714139, BOS, 12
<134>2021-07-15T00:36:38Z cache-del21735 MEWElogs[292213]: CROP, 1626309397607985390, DEL, 12
<134>2021-07-15T00:37:19Z cache-fty21383 MEWElogs[292213]: CROP, 1626309438482842679, FTY, 12
<134>2021-07-15T00:37:23Z cache-dub4329 MEWElogs[292213]: CROP, 1626309442237357085, DUB, 12
<134>2021-07-15T00:37:40Z cache-chi21126 MEWElogs[292213]: CROP, 1626309460090637460, CHI, 12
<134>2021-07-15T00:37:54Z cache-dub4329 MEWElogs[292213]: CROP, 1626309474403398283, DUB, 12
<134>2021-07-15T00:38:25Z cache-hel6829 MEWElogs[292213]: CROP, 1626309504535427948, HEL, 12
<134>2021-07-15T00:38:29Z cache-del21735 MEWElogs[292213]: CROP, 1626309508786264724, DEL, 12
<134>2021-07-15T00:38:32Z cache-dfw18678 MEWElogs[292213]: CROP, 1626309512555377041, DFW, 12
