<134>2021-07-15T04:47:10Z cache-den8274 MEWElogs[21956]: ROTATE, 1626324430336280049, DEN, 15
<134>2021-07-15T04:47:13Z cache-iah17271 MEWElogs[21956]: ROTATE, 1626324433288030532, IAH, 15
<134>2021-07-15T04:47:17Z cache-dal21283 MEWElogs[21956]: ROTATE, 1626324436789653153, DAL, 15
<134>2021-07-15T04:47:20Z cache-den8274 MEWElogs[21956]: ROTATE, 1626324439692723722, DEN, 15
<134>2021-07-15T04:47:30Z cache-mad22068 MEWElogs[21956]: ROTATE, 1626324449122783771, MAD, 15
<134>2021-07-15T04:47:30Z cache-lcy19283 MEWElogs[21956]: ROTATE, 1626324449227991291, LCY, 15
<134>2021-07-15T04:48:02Z cache-mad22068 MEWElogs[21956]: ROTATE, 1626324481841535072, MAD, 15
<134>2021-07-15T04:48:22Z cache-hel6829 MEWElogs[21956]: ROTATE, 1626324502117781680, HEL, 15
<134>2021-07-15T04:48:27Z cache-mad22068 MEWElogs[21956]: ROTATE, 1626324506050564888, MAD, 15
<134>2021-07-15T04:48:49Z cache-dal21283 MEWElogs[21956]: ROTATE, 1626324529034757124, DAL, 15
<134>2021-07-15T04:48:57Z cache-lon4249 MEWElogs[21956]: ROTATE, 1626324536174905676, LON, 15
<134>2021-07-15T04:48:57Z cache-iah17271 MEWElogs[21956]: ROTATE, 1626324536382765723, IAH, 15
<134>2021-07-15T04:49:40Z cache-lcy19283 MEWElogs[21956]: ROTATE, 1626324578985363934, LCY, 15
<134>2021-07-15T04:49:56Z cache-lcy19283 MEWElogs[21956]: ROTATE, 1626324595495088864, LCY, 15
<134>2021-07-15T04:49:56Z cache-jnb7027 MEWElogs[21956]: ROTATE, 1626324595114910285, JNB, 15
<134>2021-07-15T04:50:04Z cache-den8274 MEWElogs[21956]: ROTATE, 1626324604422581365, DEN, 15
<134>2021-07-15T04:50:11Z cache-mad22068 MEWElogs[21956]: ROTATE, 1626324610301399557, MAD, 15
<134>2021-07-15T04:50:25Z cache-bur17583 MEWElogs[21956]: ROTATE, 1626324624550160483, BUR, 15
<134>2021-07-15T04:50:52Z cache-jnb7027 MEWElogs[21956]: ROTATE, 1626324651887284210, JNB, 15
<134>2021-07-15T04:51:09Z cache-den8274 MEWElogs[21956]: ROTATE, 1626324668830751897, DEN, 15
<134>2021-07-15T04:51:17Z cache-lcy19283 MEWElogs[21956]: ROTATE, 1626324676706174292, LCY, 15
<134>2021-07-15T04:51:29Z cache-iah17271 MEWElogs[21956]: ROTATE, 1626324688704849510, IAH, 15
<134>2021-07-15T04:51:39Z cache-hkg17929 MEWElogs[21956]: ROTATE, 1626324699505067273, HKG, 15
<134>2021-07-15T04:51:55Z cache-den8274 MEWElogs[21956]: ROTATE, 1626324714955535454, DEN, 15
<134>2021-07-15T04:52:03Z cache-mad22068 MEWElogs[21956]: ROTATE, 1626324722800324201, MAD, 15
<134>2021-07-15T04:52:12Z cache-dal21283 MEWElogs[21956]: ROTATE, 1626324731762763647, DAL, 15
<134>2021-07-15T04:52:38Z cache-hkg17929 MEWElogs[21956]: ROTATE, 1626324757589772362, HKG, 15
<134>2021-07-15T04:52:59Z cache-iah17271 MEWElogs[21956]: ROTATE, 1626324779204303116, IAH, 15
<134>2021-07-15T04:53:32Z cache-mad22068 MEWElogs[21956]: ROTATE, 1626324811893666454, MAD, 15
<134>2021-07-15T04:54:04Z cache-mad22068 MEWElogs[21956]: ROTATE, 1626324844113163127, MAD, 15
<134>2021-07-15T04:54:15Z cache-yul12826 MEWElogs[21956]: ROTATE, 1626324854912048295, YUL, 15
<134>2021-07-15T04:54:21Z cache-lhr7382 MEWElogs[21956]: ROTATE, 1626324860264300216, LHR, 15
<134>2021-07-15T04:54:51Z cache-mrs10583 MEWElogs[21956]: ROTATE, 1626324890676659339, MRS, 15
<134>2021-07-15T04:54:53Z cache-mad22068 MEWElogs[21956]: ROTATE, 1626324892268092255, MAD, 15
<134>2021-07-15T04:55:07Z cache-mrs10583 MEWElogs[21956]: ROTATE, 1626324906383168998, MRS, 15
<134>2021-07-15T04:55:54Z cache-hkg17929 MEWElogs[21956]: ROTATE, 1626324953276197218, HKG, 15
<134>2021-07-15T04:55:58Z cache-yul12826 MEWElogs[21956]: ROTATE, 1626324957771941103, YUL, 15
<134>2021-07-15T04:56:27Z cache-lhr7382 MEWElogs[21956]: ROTATE, 1626324986463706602, LHR, 15
<134>2021-07-15T04:56:51Z cache-stp9226 MEWElogs[21956]: ROTATE, 1626325011182718163, STP, 15
