<134>2021-07-14T21:40:18Z cache-cph20625 MEWElogs[21956]: BLUR, 1626298817712290727, CPH, 11
<134>2021-07-14T21:40:20Z cache-dfw18678 MEWElogs[21956]: BLUR, 1626298819945479722, DFW, 11
<134>2021-07-14T21:40:27Z cache-del21735 MEWElogs[21956]: BLUR, 1626298827446199022, DEL, 11
<134>2021-07-14T21:40:31Z cache-bos4657 MEWElogs[21956]: BLUR, 1626298830176615498, BOS, 11
<134>2021-07-14T21:40:38Z cache-cph20625 MEWElogs[21956]: BLUR, 1626298837068192823, CPH, 11
<134>2021-07-14T21:40:38Z cache-chi21126 MEWElogs[21956]: BLUR, 1626298838659048236, CHI, 11
<134>2021-07-14T21:40:43Z cache-del21735 MEWElogs[21956]: BLUR, 1626298842645123232, DEL, 11
<134>2021-07-14T21:41:31Z cache-chi21126 MEWElogs[21956]: BLUR, 1626298891533234035, CHI, 11
<134>2021-07-14T21:41:31Z cache-del21735 MEWElogs[21956]: BLUR, 1626298890680283802, DEL, 11
<134>2021-07-14T21:42:07Z cache-chi21126 MEWElogs[21956]: BLUR, 1626298926380967521, CHI, 11
<134>2021-07-14T21:42:49Z cache-akl10324 MEWElogs[21956]: BLUR, 1626298968762611668, AKL, 11
<134>2021-07-14T21:42:55Z cache-bos4657 MEWElogs[21956]: BLUR, 1626298974415878320, BOS, 11
<134>2021-07-14T21:43:50Z cache-pwk4920 MEWElogs[21956]: BLUR, 1626299029581435813, PWK, 11
<134>2021-07-14T21:45:37Z cache-lcy19283 MEWElogs[21956]: BLUR, 1626299136987567361, LCY, 11
<134>2021-07-14T21:45:37Z cache-fra19177 MEWElogs[21956]: BLUR, 1626299136355875539, FRA, 11
<134>2021-07-14T21:45:43Z cache-hhn4077 MEWElogs[21956]: BLUR, 1626299143480112667, HHN, 11
<134>2021-07-14T21:46:38Z cache-fra19177 MEWElogs[21956]: BLUR, 1626299197110596157, FRA, 11
<134>2021-07-14T21:46:43Z cache-iah17271 MEWElogs[21956]: BLUR, 1626299203474720730, IAH, 11
<134>2021-07-14T21:47:19Z cache-den8274 MEWElogs[21956]: BLUR, 1626299239249659324, DEN, 11
<134>2021-07-14T21:47:23Z cache-lcy19283 MEWElogs[21956]: BLUR, 1626299243228151732, LCY, 11
<134>2021-07-14T21:47:31Z cache-hhn4077 MEWElogs[21956]: BLUR, 1626299250912379313, HHN, 11
<134>2021-07-14T21:47:47Z cache-hel6829 MEWElogs[21956]: BLUR, 1626299266947397410, HEL, 11
<134>2021-07-14T21:48:39Z cache-fra19177 MEWElogs[21956]: BLUR, 1626299319083224683, FRA, 11
<134>2021-07-14T21:48:52Z cache-den8274 MEWElogs[21956]: BLUR, 1626299331943503946, DEN, 11
<134>2021-07-14T21:49:24Z cache-jnb7027 MEWElogs[21956]: BLUR, 1626299363670842747, JNB, 11
<134>2021-07-14T21:49:29Z cache-lcy19283 MEWElogs[21956]: BLUR, 1626299368827752534, LCY, 11
<134>2021-07-14T21:49:38Z cache-den8274 MEWElogs[21956]: BLUR, 1626299378013244708, DEN, 11
<134>2021-07-14T21:49:51Z cache-dal21283 MEWElogs[21956]: BLUR, 1626299390434120654, DAL, 11
<134>2021-07-14T21:49:51Z cache-hhn4077 MEWElogs[21956]: BLUR, 1626299390931869884, HHN, 11
