<134>2021-07-15T06:29:46Z cache-dfw18678 MEWElogs[369035]: UNSH, 1626330585261079105, DFW, 16
<134>2021-07-15T06:30:06Z cache-pwk4920 MEWElogs[369035]: UNSH, 1626330605855675048, PWK, 16
<134>2021-07-15T06:30:16Z cache-bos4657 MEWElogs[369035]: UNSH, 1626330615883206104, BOS, 16
<134>2021-07-15T06:30:51Z cache-cwb20520 MEWElogs[369035]: UNSH, 1626330650394501642, CWB, 16
<134>2021-07-15T06:31:18Z cache-dub4329 MEWElogs[369035]: UNSH, 1626330677143211881, DUB, 16
<134>2021-07-15T06:31:40Z cache-pwk4920 MEWElogs[369035]: UNSH, 1626330699770469878, PWK, 16
<134>2021-07-15T06:31:51Z cache-del21735 MEWElogs[369035]: UNSH, 1626330711600572973, DEL, 16
<134>2021-07-15T06:31:54Z cache-cwb20520 MEWElogs[369035]: UNSH, 1626330713064591301, CWB, 16
<134>2021-07-15T06:31:54Z cache-dfw18678 MEWElogs[369035]: UNSH, 1626330713210853045, DFW, 16
<134>2021-07-15T06:32:45Z cache-hhn4077 MEWElogs[369035]: UNSH, 1626330764897003183, HHN, 16
<134>2021-07-15T06:33:09Z cache-del21735 MEWElogs[369035]: UNSH, 1626330788949330119, DEL, 16
<134>2021-07-15T06:33:26Z cache-fty21383 MEWElogs[369035]: UNSH, 1626330805764360407, FTY, 16
<134>2021-07-15T06:33:31Z cache-dfw18678 MEWElogs[369035]: UNSH, 1626330810494529012, DFW, 16
<134>2021-07-15T06:34:07Z cache-chi21126 MEWElogs[369035]: UNSH, 1626330846774085177, CHI, 16
<134>2021-07-15T06:34:25Z cache-hhn4077 MEWElogs[369035]: UNSH, 1626330865030588066, HHN, 16
<134>2021-07-15T06:34:39Z cache-pwk4920 MEWElogs[369035]: UNSH, 1626330878707803714, PWK, 16
<134>2021-07-15T06:34:40Z cache-cwb20520 MEWElogs[369035]: UNSH, 1626330879339706818, CWB, 16
<134>2021-07-15T06:34:46Z cache-bos4657 MEWElogs[369035]: UNSH, 1626330885160098460, BOS, 16
<134>2021-07-15T06:34:50Z cache-cwb20520 MEWElogs[369035]: UNSH, 1626330889859869821, CWB, 16
<134>2021-07-15T06:34:54Z cache-akl10324 MEWElogs[369035]: UNSH, 1626330893769662929, AKL, 16
<134>2021-07-15T06:35:27Z cache-akl10324 MEWElogs[369035]: UNSH, 1626330926955942865, AKL, 16
<134>2021-07-15T06:35:32Z cache-cwb20520 MEWElogs[369035]: UNSH, 1626330931354353656, CWB, 16
<134>2021-07-15T06:36:42Z cache-pwk4920 MEWElogs[369035]: UNSH, 1626331001150775413, PWK, 16
<134>2021-07-15T06:36:52Z cache-hhn4077 MEWElogs[369035]: UNSH, 1626331011738471615, HHN, 16
<134>2021-07-15T06:37:26Z cache-del21735 MEWElogs[369035]: UNSH, 1626331045358603391, DEL, 16
<134>2021-07-15T06:37:28Z cache-dal21283 MEWElogs[369035]: UNSH, 1626331047956451260, DAL, 16
<134>2021-07-15T06:37:37Z cache-hhn4077 MEWElogs[369035]: UNSH, 1626331057355760215, HHN, 16
<134>2021-07-15T06:38:59Z cache-chi21126 MEWElogs[369035]: UNSH, 1626331138246874503, CHI, 16
<134>2021-07-15T06:39:01Z cache-cwb20520 MEWElogs[369035]: UNSH, 1626331140313978231, CWB, 16
