<134>2021-07-15T05:30:18Z cache-cgh11183 MEWElogs[418388]: ROTATE, 1626327018328196138, CGH, 15
<134>2021-07-15T05:30:21Z cache-pao17461 MEWElogs[418388]: ROTATE, 1626327021026995198, PAO, 15
<134>2021-07-15T05:30:32Z cache-pao17461 MEWElogs[418388]: ROTATE, 1626327031808890689, PAO, 15
<134>2021-07-15T05:31:09Z cache-bma1628 MEWElogs[418388]: ROTATE, 1626327068331445970, BMA, 15
<134>2021-07-15T05:32:29Z cache-cgh11122 MEWElogs[418388]: ROTATE, 1626327148375759605, CGH, 15
<134>2021-07-15T05:32:43Z cache-cgh11183 MEWElogs[418388]: ROTATE, 1626327162742151590, CGH, 15
<134>2021-07-15T05:33:22Z cache-cgh11183 MEWElogs[418388]: ROTATE, 1626327202200600505, CGH, 15
<134>2021-07-15T05:33:29Z cache-sea4483 MEWElogs[418388]: ROTATE, 1626327209684137583, SEA, 15
<134>2021-07-15T05:33:45Z cache-syd10183 MEWElogs[418388]: ROTATE, 1626327224820886775, SYD, 15
<134>2021-07-15T05:33:53Z cache-sea4483 MEWElogs[418388]: ROTATE, 1626327232901590163, SEA, 15
<134>2021-07-15T05:34:10Z cache-pao17461 MEWElogs[418388]: ROTATE, 1626327249242929506, PAO, 15
<134>2021-07-15T05:34:28Z cache-sea4483 MEWElogs[418388]: ROTATE, 1626327267167244714, SEA, 15
<134>2021-07-15T05:34:29Z cache-cgh11183 MEWElogs[418388]: ROTATE, 1626327269226410758, CGH, 15
<134>2021-07-15T05:35:20Z cache-syd10183 MEWElogs[418388]: ROTATE, 1626327320075659184, SYD, 15
<134>2021-07-15T05:36:12Z cache-bma1628 MEWElogs[418388]: ROTATE, 1626327371617592375, BMA, 15
<134>2021-07-15T05:36:57Z cache-cgh11122 MEWElogs[418388]: ROTATE, 1626327415956704666, CGH, 15
<134>2021-07-15T05:36:57Z cache-sjc10078 MEWElogs[418388]: ROTATE, 1626327416813602028, SJC, 15
<134>2021-07-15T05:37:06Z cache-tyo11974 MEWElogs[418388]: ROTATE, 1626327425296003243, TYO, 15
<134>2021-07-15T05:37:58Z cache-hnd18722 MEWElogs[418388]: ROTATE, 1626327477940038035, HND, 15
<134>2021-07-15T05:38:25Z cache-sjc10078 MEWElogs[418388]: ROTATE, 1626327505152733912, SJC, 15
<134>2021-07-15T05:39:51Z cache-yyz4551 MEWElogs[418388]: ROTATE, 1626327590635459499, YYZ, 15
