<134>2021-07-14T17:02:35Z cache-lcy19283 MEWElogs[322023]: FLIPH, 1626282154891253664, LCY, -1
<134>2021-07-14T17:02:49Z cache-lon4249 MEWElogs[322023]: FLIPH, 1626282168868453786, LON, 10
<134>2021-07-14T17:03:14Z cache-jnb7027 MEWElogs[322023]: FLIPH, 1626282193829291058, JNB, 10
<134>2021-07-14T17:03:21Z cache-fra19177 MEWElogs[322023]: FLIPH, 1626282200107735958, FRA, 10
<134>2021-07-14T17:03:22Z cache-lon4249 MEWElogs[322023]: FLIPH, 1626282201529105216, LON, 10
<134>2021-07-14T17:03:41Z cache-jnb7027 MEWElogs[322023]: FLIPH, 1626282220643700633, JNB, -1
<134>2021-07-14T17:03:46Z cache-lon4249 MEWElogs[322023]: FLIPH, 1626282225777263560, LON, 10
<134>2021-07-14T17:03:59Z cache-hhn4077 MEWElogs[322023]: FLIPH, 1626282238595684231, HHN, 10
<134>2021-07-14T17:04:06Z cache-hhn4077 MEWElogs[322023]: FLIPH, 1626282246033167616, HHN, -1
<134>2021-07-14T17:04:41Z cache-cwb20520 MEWElogs[322023]: FLIPH, 1626282280343242772, CWB, -1
<134>2021-07-14T17:04:49Z cache-fra19177 MEWElogs[322023]: FLIPH, 1626282288897308803, FRA, -1
<134>2021-07-14T17:04:52Z cache-dal21283 MEWElogs[322023]: FLIPH, 1626282292292579450, DAL, -1
<134>2021-07-14T17:04:56Z cache-lcy19283 MEWElogs[322023]: FLIPH, 1626282296096614403, LCY, -1
<134>2021-07-14T17:05:13Z cache-hel6829 MEWElogs[322023]: FLIPH, 1626282312891716403, HEL, -1
<134>2021-07-14T17:05:27Z cache-fra19177 MEWElogs[322023]: FLIPH, 1626282326849882225, FRA, 10
<134>2021-07-14T17:05:45Z cache-fra19177 MEWElogs[322023]: FLIPH, 1626282345532436003, FRA, 10
<134>2021-07-14T17:06:02Z cache-hel6829 MEWElogs[322023]: FLIPH, 1626282361698453729, HEL, -1
<134>2021-07-14T17:06:06Z cache-iah17271 MEWElogs[322023]: FLIPH, 1626282365659025899, IAH, 10
<134>2021-07-14T17:06:11Z cache-bur17583 MEWElogs[322023]: FLIPH, 1626282371049192440, BUR, -1
<134>2021-07-14T17:06:14Z cache-bur17583 MEWElogs[322023]: FLIPH, 1626282374151182861, BUR, 10
<134>2021-07-14T17:06:39Z cache-cwb20520 MEWElogs[322023]: FLIPH, 1626282398665511631, CWB, -1
<134>2021-07-14T17:06:51Z cache-lcy19283 MEWElogs[322023]: FLIPH, 1626282411159052127, LCY, 10
<134>2021-07-14T17:07:02Z cache-lcy19283 MEWElogs[322023]: FLIPH, 1626282421368309500, LCY, 10
<134>2021-07-14T17:07:03Z cache-bur17583 MEWElogs[322023]: FLIPH, 1626282423464062402, BUR, -1
<134>2021-07-14T17:07:08Z cache-lon4249 MEWElogs[322023]: FLIPH, 1626282427786837878, LON, -1
<134>2021-07-14T17:07:15Z cache-hel6829 MEWElogs[322023]: FLIPH, 1626282434505351167, HEL, 10
<134>2021-07-14T17:07:22Z cache-dal21283 MEWElogs[322023]: FLIPH, 1626282441446474825, DAL, -1
<134>2021-07-14T17:07:35Z cache-lon4249 MEWElogs[322023]: FLIPH, 1626282454952424461, LON, 10
<134>2021-07-14T17:07:44Z cache-lon4249 MEWElogs[322023]: FLIPH, 1626282463432789483, LON, 10
<134>2021-07-14T17:07:49Z cache-cwb20520 MEWElogs[322023]: FLIPH, 1626282469605333919, CWB, 10
<134>2021-07-14T17:08:09Z cache-fra19177 MEWElogs[322023]: FLIPH, 1626282488403969023, FRA, -1
<134>2021-07-14T17:08:18Z cache-dal21283 MEWElogs[322023]: FLIPH, 1626282497951882480, DAL, -1
<134>2021-07-14T17:08:18Z cache-iah17271 MEWElogs[322023]: FLIPH, 1626282497878890587, IAH, 10
<134>2021-07-14T17:08:40Z cache-iah17271 MEWElogs[322023]: FLIPH, 1626282519693114114, IAH, 10
<134>2021-07-14T17:09:05Z cache-lon4249 MEWElogs[322023]: FLIPH, 1626282544617565910, LON, 10
<134>2021-07-14T17:09:07Z cache-cwb20520 MEWElogs[322023]: FLIPH, 1626282547582208349, CWB, 10
<134>2021-07-14T17:09:14Z cache-dal21283 MEWElogs[322023]: FLIPH, 1626282554086752403, DAL, -1
<134>2021-07-14T17:09:18Z cache-hel6829 MEWElogs[322023]: FLIPH, 1626282557600763054, HEL, -1
<134>2021-07-14T17:09:28Z cache-cwb20520 MEWElogs[322023]: FLIPH, 1626282567106638399, CWB, 10
<134>2021-07-14T17:09:37Z cache-iah17271 MEWElogs[322023]: FLIPH, 1626282577169320207, IAH, 10
<134>2021-07-14T17:09:39Z cache-fra19177 MEWElogs[322023]: FLIPH, 1626282578418543706, FRA, -1
<134>2021-07-14T17:09:49Z cache-dal21283 MEWElogs[322023]: FLIPH, 1626282588348686517, DAL, -1
<134>2021-07-14T17:09:51Z cache-lon4249 MEWElogs[322023]: FLIPH, 1626282590643616018, LON, -1
<134>2021-07-14T17:10:12Z cache-hel6829 MEWElogs[322023]: FLIPH, 1626282611351156681, HEL, 10
<134>2021-07-14T17:10:33Z cache-cwb20520 MEWElogs[322023]: FLIPH, 1626282633469577751, CWB, -1
<134>2021-07-14T17:11:01Z cache-dal21283 MEWElogs[322023]: FLIPH, 1626282660982791553, DAL, 10
<134>2021-07-14T17:11:03Z cache-fra19177 MEWElogs[322023]: FLIPH, 1626282662792936419, FRA, 10
<134>2021-07-14T17:11:52Z cache-bur17583 MEWElogs[322023]: FLIPH, 1626282711541891895, BUR, -1
<134>2021-07-14T17:11:59Z cache-hel6829 MEWElogs[322023]: FLIPH, 1626282718758733797, HEL, 10
<134>2021-07-14T17:12:06Z cache-bur17583 MEWElogs[322023]: FLIPH, 1626282725171926276, BUR, 10
<134>2021-07-14T17:12:33Z cache-cwb20520 MEWElogs[322023]: FLIPH, 1626282752829367979, CWB, 10
