<134>2021-07-14T17:32:25Z cache-yul12826 MEWElogs[322581]: FLIPH, 1626283944952436823, YUL, 10
<134>2021-07-14T17:32:26Z cache-mel11272 MEWElogs[322581]: FLIPH, 1626283945224046956, MEL, 10
<134>2021-07-14T17:32:30Z cache-ewr18156 MEWElogs[322581]: FLIPH, 1626283950319999677, EWR, 10
<134>2021-07-14T17:32:43Z cache-yul12826 MEWElogs[322581]: FLIPH, 1626283963485407865, YUL, 10
<134>2021-07-14T17:33:41Z cache-jax20933 MEWElogs[322581]: FLIPH, 1626284020972357058, JAX, 10
<134>2021-07-14T17:34:05Z cache-osl6529 MEWElogs[322581]: FLIPH, 1626284044787757410, OSL, 10
<134>2021-07-14T17:34:11Z cache-ewr18156 MEWElogs[322581]: FLIPH, 1626284051239620492, EWR, 10
<134>2021-07-14T17:34:56Z cache-mel11272 MEWElogs[322581]: FLIPH, 1626284095567257700, MEL, -1
<134>2021-07-14T17:35:04Z cache-ewr18156 MEWElogs[322581]: FLIPH, 1626284104439039736, EWR, -1
<134>2021-07-14T17:35:26Z cache-cdg20720 MEWElogs[322581]: FLIPH, 1626284125490855830, CDG, 10
<134>2021-07-14T17:35:41Z cache-yul12826 MEWElogs[322581]: FLIPH, 1626284141335449982, YUL, 10
<134>2021-07-14T17:36:02Z cache-osl6529 MEWElogs[322581]: FLIPH, 1626284161573397978, OSL, -1
<134>2021-07-14T17:36:23Z cache-lax10677 MEWElogs[322581]: FLIPH, 1626284182314081679, LGB, 10
<134>2021-07-14T17:36:40Z cache-lax10677 MEWElogs[322581]: FLIPH, 1626284199512591827, LGB, -1
<134>2021-07-14T17:37:34Z cache-osl6529 MEWElogs[322581]: FLIPH, 1626284254202619727, OSL, -1
<134>2021-07-14T17:37:48Z cache-gig17035 MEWElogs[322581]: FLIPH, 1626284267536177768, GIG, -1
<134>2021-07-14T17:38:02Z cache-lga21983 MEWElogs[322581]: FLIPH, 1626284282498794286, LGA, 10
<134>2021-07-14T17:38:17Z cache-scl19427 MEWElogs[322581]: FLIPH, 1626284297005036806, SCL, 10
<134>2021-07-14T17:38:18Z cache-ewr18156 MEWElogs[322581]: FLIPH, 1626284297149385009, EWR, -1
<134>2021-07-14T17:38:32Z cache-man4150 MEWElogs[322581]: FLIPH, 1626284311395039903, MAN, 10
<134>2021-07-14T17:38:48Z cache-man4150 MEWElogs[322581]: FLIPH, 1626284327901940380, MAN, 10
<134>2021-07-14T17:38:53Z cache-scl19427 MEWElogs[322581]: FLIPH, 1626284333360035999, SCL, 10
<134>2021-07-14T17:38:53Z cache-mel11272 MEWElogs[322581]: FLIPH, 1626284332506865222, MEL, 10
<134>2021-07-14T17:38:58Z cache-ewr18156 MEWElogs[322581]: FLIPH, 1626284337313076151, EWR, 10
<134>2021-07-14T17:39:18Z cache-lga21983 MEWElogs[322581]: FLIPH, 1626284358067785904, LGA, -1
<134>2021-07-14T17:39:37Z cache-gig17035 MEWElogs[322581]: FLIPH, 1626284376294945569, GIG, -1
<134>2021-07-14T17:39:38Z cache-man4150 MEWElogs[322581]: FLIPH, 1626284377779026894, MAN, 10
<134>2021-07-14T17:39:42Z cache-gru17149 MEWElogs[322581]: FLIPH, 1626284381788441470, GRU, 10
<134>2021-07-14T17:39:49Z cache-gru17149 MEWElogs[322581]: FLIPH, 1626284388880438995, GRU, -1
<134>2021-07-14T17:39:50Z cache-cdg20720 MEWElogs[322581]: FLIPH, 1626284389422562554, CDG, 10
<134>2021-07-14T17:40:21Z cache-ewr18156 MEWElogs[322581]: FLIPH, 1626284421098212312, EWR, 10
<134>2021-07-14T17:40:27Z cache-ewr18156 MEWElogs[322581]: FLIPH, 1626284427501809710, EWR, -1
<134>2021-07-14T17:40:57Z cache-osl6529 MEWElogs[322581]: FLIPH, 1626284456941822669, OSL, -1
<134>2021-07-14T17:41:00Z cache-bom4751 MEWElogs[322581]: FLIPH, 1626284459186846196, BOM, -1
<134>2021-07-14T17:41:02Z cache-lga21983 MEWElogs[322581]: FLIPH, 1626284461353057637, LGA, 10
<134>2021-07-14T17:41:02Z cache-bom4751 MEWElogs[322581]: FLIPH, 1626284461959764400, BOM, 10
<134>2021-07-14T17:41:05Z cache-gig17035 MEWElogs[322581]: FLIPH, 1626284465195400596, GIG, 10
<134>2021-07-14T17:41:25Z cache-ewr18156 MEWElogs[322581]: FLIPH, 1626284485091131089, EWR, -1
<134>2021-07-14T17:41:58Z cache-lga21983 MEWElogs[322581]: FLIPH, 1626284517946694631, LGA, -1
<134>2021-07-14T17:42:03Z cache-ewr18156 MEWElogs[322581]: FLIPH, 1626284523050792329, EWR, -1
<134>2021-07-14T17:42:08Z cache-lga21983 MEWElogs[322581]: FLIPH, 1626284527638702268, LGA, -1
<134>2021-07-14T17:42:10Z cache-cdg20720 MEWElogs[322581]: FLIPH, 1626284529872162273, CDG, -1
<134>2021-07-14T17:42:11Z cache-bom4751 MEWElogs[322581]: FLIPH, 1626284530136692161, BOM, 10
<134>2021-07-14T17:42:23Z cache-cdg20720 MEWElogs[322581]: FLIPH, 1626284543112718235, CDG, 10
