<134>2021-07-15T07:32:39Z cache-mel11272 MEWElogs[369035]: UNSH, 1626334359555621956, MEL, 16
<134>2021-07-15T07:33:15Z cache-mel11272 MEWElogs[369035]: UNSH, 1626334394783030103, MEL, 16
<134>2021-07-15T07:33:22Z cache-osl6529 MEWElogs[369035]: UNSH, 1626334401111508715, OSL, 16
<134>2021-07-15T07:33:23Z cache-lga21983 MEWElogs[369035]: UNSH, 1626334402319219728, LGA, 16
<134>2021-07-15T07:33:32Z cache-jax20933 MEWElogs[369035]: UNSH, 1626334411397619774, JAX, 16
<134>2021-07-15T07:33:41Z cache-man4150 MEWElogs[369035]: UNSH, 1626334421501634491, MAN, 16
<134>2021-07-15T07:33:49Z cache-osl6529 MEWElogs[369035]: UNSH, 1626334428344511270, OSL, 16
<134>2021-07-15T07:34:23Z cache-lga21983 MEWElogs[369035]: UNSH, 1626334462704434032, LGA, 16
<134>2021-07-15T07:34:47Z cache-cdg20720 MEWElogs[369035]: UNSH, 1626334486301625613, CDG, 16
<134>2021-07-15T07:35:00Z cache-osl6529 MEWElogs[369035]: UNSH, 1626334499912075231, OSL, 16
<134>2021-07-15T07:35:02Z cache-jax20933 MEWElogs[369035]: UNSH, 1626334501847961937, JAX, 16
<134>2021-07-15T07:35:16Z cache-man4150 MEWElogs[369035]: UNSH, 1626334516178288893, MAN, 16
<134>2021-07-15T07:35:37Z cache-lhr7382 MEWElogs[369035]: UNSH, 1626334536553799580, LHR, 16
<134>2021-07-15T07:35:40Z cache-ewr18156 MEWElogs[369035]: UNSH, 1626334539820186557, EWR, 16
<134>2021-07-15T07:35:52Z cache-man4150 MEWElogs[369035]: UNSH, 1626334551723294338, MAN, 16
<134>2021-07-15T07:35:56Z cache-lhr7382 MEWElogs[369035]: UNSH, 1626334555549302771, LHR, 16
<134>2021-07-15T07:36:02Z cache-cdg20720 MEWElogs[369035]: UNSH, 1626334560997652974, CDG, 16
<134>2021-07-15T07:36:11Z cache-lga21983 MEWElogs[369035]: UNSH, 1626334571710192310, LGA, 16
<134>2021-07-15T07:36:18Z cache-man4150 MEWElogs[369035]: UNSH, 1626334577511456496, MAN, 16
<134>2021-07-15T07:36:35Z cache-man4150 MEWElogs[369035]: UNSH, 1626334594620242519, MAN, 16
<134>2021-07-15T07:36:39Z cache-osl6529 MEWElogs[369035]: UNSH, 1626334598401935790, OSL, 16
<134>2021-07-15T07:36:41Z cache-mel11272 MEWElogs[369035]: UNSH, 1626334600769720951, MEL, 16
<134>2021-07-15T07:36:52Z cache-mel11272 MEWElogs[369035]: UNSH, 1626334612662342466, MEL, 16
<134>2021-07-15T07:36:53Z cache-cdg20720 MEWElogs[369035]: UNSH, 1626334613139387537, CDG, 16
<134>2021-07-15T07:37:19Z cache-jax20933 MEWElogs[369035]: UNSH, 1626334638615905767, JAX, 16
<134>2021-07-15T07:37:39Z cache-lga21983 MEWElogs[369035]: UNSH, 1626334658637990287, LGA, 16
<134>2021-07-15T07:38:11Z cache-lax10677 MEWElogs[369035]: UNSH, 1626334691156551515, LGB, 16
<134>2021-07-15T07:38:28Z cache-osl6529 MEWElogs[369035]: UNSH, 1626334707410097740, OSL, 16
<134>2021-07-15T07:39:00Z cache-jax20933 MEWElogs[369035]: UNSH, 1626334739898477517, JAX, 16
<134>2021-07-15T07:39:07Z cache-bom4751 MEWElogs[369035]: UNSH, 1626334746685905408, BOM, 16
<134>2021-07-15T07:39:18Z cache-bom4751 MEWElogs[369035]: UNSH, 1626334757639592980, BOM, 16
<134>2021-07-15T07:39:25Z cache-ewr18156 MEWElogs[369035]: UNSH, 1626334764452267578, EWR, 16
<134>2021-07-15T07:39:35Z cache-jax20933 MEWElogs[369035]: UNSH, 1626334774516650067, JAX, 16
<134>2021-07-15T07:39:35Z cache-lax10677 MEWElogs[369035]: UNSH, 1626334774704902787, LGB, 16
<134>2021-07-15T07:39:58Z cache-lax10677 MEWElogs[369035]: UNSH, 1626334797185426717, LGB, 16
<134>2021-07-15T07:40:00Z cache-lhr7382 MEWElogs[369035]: UNSH, 1626334800570558992, LHR, 16
<134>2021-07-15T07:40:10Z cache-jax20933 MEWElogs[369035]: UNSH, 1626334809508215611, JAX, 16
<134>2021-07-15T07:40:15Z cache-man4150 MEWElogs[369035]: UNSH, 1626334814682394449, MAN, 16
<134>2021-07-15T07:40:52Z cache-mel11272 MEWElogs[369035]: UNSH, 1626334851782611219, MEL, 16
<134>2021-07-15T07:40:53Z cache-osl6529 MEWElogs[369035]: UNSH, 1626334852686852400, OSL, 16
<134>2021-07-15T07:41:17Z cache-man4150 MEWElogs[369035]: UNSH, 1626334876938688003, MAN, 16
<134>2021-07-15T07:41:54Z cache-man4150 MEWElogs[369035]: UNSH, 1626334913644315869, MAN, 16
<134>2021-07-15T07:41:56Z cache-lga21983 MEWElogs[369035]: UNSH, 1626334916384312372, LGA, 16
<134>2021-07-15T07:42:22Z cache-osl6529 MEWElogs[369035]: UNSH, 1626334941475848034, OSL, 16
<134>2021-07-15T07:42:30Z cache-lax10677 MEWElogs[369035]: UNSH, 1626334949881410009, LGB, 16
