<134>2021-07-15T07:32:45Z cache-ewr18156 MEWElogs[390968]: UNSH, 1626334364955686091, EWR, 16
<134>2021-07-15T07:33:55Z cache-jax20933 MEWElogs[390968]: UNSH, 1626334434491595554, JAX, 16
<134>2021-07-15T07:34:15Z cache-cdg20720 MEWElogs[390968]: UNSH, 1626334454953669780, CDG, 16
<134>2021-07-15T07:35:01Z cache-lhr7382 MEWElogs[390968]: UNSH, 1626334500784920547, LHR, 16
<134>2021-07-15T07:35:27Z cache-osl6529 MEWElogs[390968]: UNSH, 1626334526327534845, OSL, 16
<134>2021-07-15T07:35:47Z cache-lhr7382 MEWElogs[390968]: UNSH, 1626334546795761000, LHR, 16
<134>2021-07-15T07:36:13Z cache-ewr18156 MEWElogs[390968]: UNSH, 1626334572155422152, EWR, 16
<134>2021-07-15T07:36:18Z cache-mel11272 MEWElogs[390968]: UNSH, 1626334577302682569, MEL, 16
<134>2021-07-15T07:36:24Z cache-bom4751 MEWElogs[390968]: UNSH, 1626334583182158831, BOM, 16
<134>2021-07-15T07:36:33Z cache-jax20933 MEWElogs[390968]: UNSH, 1626334592764292151, JAX, 16
<134>2021-07-15T07:36:50Z cache-lhr7382 MEWElogs[390968]: UNSH, 1626334609939546617, LHR, 16
<134>2021-07-15T07:37:45Z cache-man4150 MEWElogs[390968]: UNSH, 1626334664149907994, MAN, 16
<134>2021-07-15T07:37:49Z cache-mel11272 MEWElogs[390968]: UNSH, 1626334668830205688, MEL, 16
<134>2021-07-15T07:38:07Z cache-lga21983 MEWElogs[390968]: UNSH, 1626334686247054330, LGA, 16
<134>2021-07-15T07:38:08Z cache-osl6529 MEWElogs[390968]: UNSH, 1626334688673990117, OSL, 16
<134>2021-07-15T07:38:28Z cache-lhr7382 MEWElogs[390968]: UNSH, 1626334707556934711, LHR, 16
<134>2021-07-15T07:38:57Z cache-lhr7382 MEWElogs[390968]: UNSH, 1626334737394872721, LHR, 16
<134>2021-07-15T07:39:14Z cache-ewr18156 MEWElogs[390968]: UNSH, 1626334753553009976, EWR, 16
<134>2021-07-15T07:39:33Z cache-lhr7382 MEWElogs[390968]: UNSH, 1626334773152667413, LHR, 16
<134>2021-07-15T07:39:50Z cache-bom4751 MEWElogs[390968]: UNSH, 1626334789540490317, BOM, 16
<134>2021-07-15T07:39:52Z cache-ewr18156 MEWElogs[390968]: UNSH, 1626334791985360617, EWR, 16
<134>2021-07-15T07:40:22Z cache-lga21983 MEWElogs[390968]: UNSH, 1626334821570955241, LGA, 16
<134>2021-07-15T07:40:25Z cache-cdg20720 MEWElogs[390968]: UNSH, 1626334825170352240, CDG, 16
<134>2021-07-15T07:40:33Z cache-man4150 MEWElogs[390968]: UNSH, 1626334832440522996, MAN, 16
<134>2021-07-15T07:41:04Z cache-mel11272 MEWElogs[390968]: UNSH, 1626334863044271191, MEL, 16
<134>2021-07-15T07:41:13Z cache-bom4751 MEWElogs[390968]: UNSH, 1626334872645009820, BOM, 16
<134>2021-07-15T07:41:19Z cache-osl6529 MEWElogs[390968]: UNSH, 1626334879487634358, OSL, 16
<134>2021-07-15T07:41:24Z cache-lax10677 MEWElogs[390968]: UNSH, 1626334883731706697, LGB, 16
<134>2021-07-15T07:41:27Z cache-man4150 MEWElogs[390968]: UNSH, 1626334886069879641, MAN, 16
<134>2021-07-15T07:41:29Z cache-lga21983 MEWElogs[390968]: UNSH, 1626334888632875607, LGA, 16
<134>2021-07-15T07:42:09Z cache-lax10677 MEWElogs[390968]: UNSH, 1626334928167820780, LGB, 16
