<134>2021-07-15T01:21:39Z cache-pdk17882 MEWElogs[355776]: GRAY, 1626312099151919117, PDK, 13
<134>2021-07-15T01:21:45Z cache-maa10251 MEWElogs[355776]: GRAY, 1626312104972023783, MAA, 13
<134>2021-07-15T01:22:02Z cache-ord1740 MEWElogs[355776]: GRAY, 1626312121265916673, ORD, 13
<134>2021-07-15T01:22:04Z cache-dca17782 MEWElogs[355776]: GRAY, 1626312123813561819, DCA, 13
<134>2021-07-15T01:22:21Z cache-ams21020 MEWElogs[355776]: GRAY, 1626312140495951317, AMS, 13
<134>2021-07-15T01:22:23Z cache-eze19324 MEWElogs[355776]: GRAY, 1626312142519232027, EZE, 13
<134>2021-07-15T01:22:35Z cache-mdw17383 MEWElogs[355776]: GRAY, 1626312154144029642, MDW, 13
<134>2021-07-15T01:22:55Z cache-eze19324 MEWElogs[355776]: GRAY, 1626312174722416447, EZE, 13
<134>2021-07-15T01:23:02Z cache-maa10251 MEWElogs[355776]: GRAY, 1626312181899275785, MAA, 13
<134>2021-07-15T01:23:18Z cache-ams21020 MEWElogs[355776]: GRAY, 1626312198691895624, AMS, 13
<134>2021-07-15T01:23:19Z cache-eze19324 MEWElogs[355776]: GRAY, 1626312198702207652, EZE, 13
<134>2021-07-15T01:23:38Z cache-ams21020 MEWElogs[355776]: GRAY, 1626312217788872014, AMS, 13
<134>2021-07-15T01:23:50Z cache-maa10251 MEWElogs[355776]: GRAY, 1626312229319860240, MAA, 13
<134>2021-07-15T01:23:55Z cache-bog6425 MEWElogs[355776]: GRAY, 1626312234316810303, BOG, 13
<134>2021-07-15T01:24:19Z cache-ord1740 MEWElogs[355776]: GRAY, 1626312258548032246, ORD, 13
<134>2021-07-15T01:24:43Z cache-maa10251 MEWElogs[355776]: GRAY, 1626312282378116810, MAA, 13
<134>2021-07-15T01:25:03Z cache-mdw17383 MEWElogs[355776]: GRAY, 1626312303381676189, MDW, 13
<134>2021-07-15T01:25:06Z cache-dca17782 MEWElogs[355776]: GRAY, 1626312305683622040, DCA, 13
<134>2021-07-15T01:25:11Z cache-ord1740 MEWElogs[355776]: GRAY, 1626312310022645103, ORD, 13
<134>2021-07-15T01:25:20Z cache-bog6425 MEWElogs[355776]: GRAY, 1626312320247093427, BOG, 13
<134>2021-07-15T01:25:24Z cache-maa10251 MEWElogs[355776]: GRAY, 1626312323427144918, MAA, 13
<134>2021-07-15T01:25:35Z cache-wdc5583 MEWElogs[355776]: GRAY, 1626312334302478740, WDC, 13
<134>2021-07-15T01:25:45Z cache-ord1740 MEWElogs[355776]: GRAY, 1626312344434800275, ORD, 13
<134>2021-07-15T01:25:48Z cache-maa10251 MEWElogs[355776]: GRAY, 1626312347518095314, MAA, 13
<134>2021-07-15T01:25:49Z cache-mdw17383 MEWElogs[355776]: GRAY, 1626312348738471695, MDW, 13
<134>2021-07-15T01:25:53Z cache-eze19324 MEWElogs[355776]: GRAY, 1626312352258294282, EZE, 13
<134>2021-07-15T01:25:56Z cache-mdw17383 MEWElogs[355776]: GRAY, 1626312356440839844, MDW, 13
<134>2021-07-15T01:26:01Z cache-eze19324 MEWElogs[355776]: GRAY, 1626312360289117196, EZE, 13
<134>2021-07-15T01:26:17Z cache-pdk17882 MEWElogs[355776]: GRAY, 1626312376590592808, PDK, 13
<134>2021-07-15T01:26:24Z cache-eze19324 MEWElogs[355776]: GRAY, 1626312384282038951, EZE, 13
<134>2021-07-15T01:26:40Z cache-dca17782 MEWElogs[355776]: GRAY, 1626312400027297005, DCA, 13
<134>2021-07-15T01:26:45Z cache-ams21020 MEWElogs[355776]: GRAY, 1626312405229529428, AMS, 13
<134>2021-07-15T01:26:58Z cache-mdw17383 MEWElogs[355776]: GRAY, 1626312418115311884, MDW, 13
<134>2021-07-15T01:27:01Z cache-bog6425 MEWElogs[355776]: GRAY, 1626312420374668541, BOG, 13
<134>2021-07-15T01:27:11Z cache-maa10251 MEWElogs[355776]: GRAY, 1626312430279993200, MAA, 13
<134>2021-07-15T01:27:14Z cache-wdc5583 MEWElogs[355776]: GRAY, 1626312433836475720, WDC, 13
<134>2021-07-15T01:27:14Z cache-bog6425 MEWElogs[355776]: GRAY, 1626312434008878824, BOG, 13
<134>2021-07-15T01:27:23Z cache-ams21020 MEWElogs[355776]: GRAY, 1626312443478409489, AMS, 13
<134>2021-07-15T01:27:24Z cache-dca17782 MEWElogs[355776]: GRAY, 1626312443904298944, DCA, 13
<134>2021-07-15T01:27:54Z cache-eze19324 MEWElogs[355776]: GRAY, 1626312474059666140, EZE, 13
<134>2021-07-15T01:28:28Z cache-maa10251 MEWElogs[355776]: GRAY, 1626312507609345795, MAA, 13
<134>2021-07-15T01:28:31Z cache-pdk17882 MEWElogs[355776]: GRAY, 1626312511188916875, PDK, 13
<134>2021-07-15T01:28:32Z cache-dca17782 MEWElogs[355776]: GRAY, 1626312511959256604, DCA, 13
<134>2021-07-15T01:28:37Z cache-pdk17882 MEWElogs[355776]: GRAY, 1626312517277598052, PDK, 13
<134>2021-07-15T01:28:39Z cache-dca17782 MEWElogs[355776]: GRAY, 1626312518168389240, DCA, 13
<134>2021-07-15T01:28:46Z cache-wdc5583 MEWElogs[355776]: GRAY, 1626312526321171973, WDC, 13
<134>2021-07-15T01:28:50Z cache-ams21020 MEWElogs[355776]: GRAY, 1626312529394206288, AMS, 13
<134>2021-07-15T01:28:55Z cache-ams21020 MEWElogs[355776]: GRAY, 1626312534142057555, AMS, 13
<134>2021-07-15T01:28:59Z cache-ord1740 MEWElogs[355776]: GRAY, 1626312538771368397, ORD, 13
<134>2021-07-15T01:29:03Z cache-dca17782 MEWElogs[355776]: GRAY, 1626312543292172093, DCA, 13
<134>2021-07-15T01:29:11Z cache-ord1740 MEWElogs[355776]: GRAY, 1626312550305368702, ORD, 13
<134>2021-07-15T01:29:14Z cache-bog6425 MEWElogs[355776]: GRAY, 1626312554168918540, BOG, 13
<134>2021-07-15T01:29:27Z cache-maa10251 MEWElogs[355776]: GRAY, 1626312566325691113, MAA, 13
<134>2021-07-15T01:29:27Z cache-ams21020 MEWElogs[355776]: GRAY, 1626312567432616822, AMS, 13
<134>2021-07-15T01:29:56Z cache-cmh21547 MEWElogs[355776]: GRAY, 1626312596079395249, CMH, 13
<134>2021-07-15T01:30:13Z cache-pdk17882 MEWElogs[355776]: GRAY, 1626312613255413631, PDK, 13
<134>2021-07-15T01:30:31Z cache-wdc5583 MEWElogs[355776]: GRAY, 1626312631022010875, WDC, 13
<134>2021-07-15T01:30:34Z cache-cmh21547 MEWElogs[355776]: GRAY, 1626312634420194123, CMH, 13
<134>2021-07-15T01:30:54Z cache-mdw17383 MEWElogs[355776]: GRAY, 1626312654442304163, MDW, 13
<134>2021-07-15T01:31:01Z cache-bog6425 MEWElogs[355776]: GRAY, 1626312661039952095, BOG, 13
<134>2021-07-15T01:31:02Z cache-cph20625 MEWElogs[355776]: GRAY, 1626312661900396772, CPH, 13
<134>2021-07-15T01:31:06Z cache-chi21126 MEWElogs[355776]: GRAY, 1626312665453632472, CHI, 13
<134>2021-07-15T01:31:15Z cache-dca17782 MEWElogs[355776]: GRAY, 1626312674770153151, DCA, 13
<134>2021-07-15T01:31:33Z cache-mdw17383 MEWElogs[355776]: GRAY, 1626312692887887229, MDW, 13
<134>2021-07-15T01:31:34Z cache-bog6425 MEWElogs[355776]: GRAY, 1626312694350512635, BOG, 13
