<134>2021-07-14T21:51:13Z cache-dal21283 MEWElogs[464521]: BLUR, 1626299473042214379, DAL, 11
<134>2021-07-14T21:51:21Z cache-cwb20520 MEWElogs[464521]: BLUR, 1626299480701646766, CWB, 11
<134>2021-07-14T21:51:36Z cache-hhn4077 MEWElogs[464521]: BLUR, 1626299495472940999, HHN, 11
<134>2021-07-14T21:51:42Z cache-den8274 MEWElogs[464521]: BLUR, 1626299501366637348, DEN, 11
<134>2021-07-14T21:51:50Z cache-iah17271 MEWElogs[464521]: BLUR, 1626299509288488304, IAH, 11
<134>2021-07-14T21:51:56Z cache-den8274 MEWElogs[464521]: BLUR, 1626299516557854330, DEN, 11
<134>2021-07-14T21:52:38Z cache-lon4249 MEWElogs[464521]: BLUR, 1626299557659191513, LON, 11
<134>2021-07-14T21:53:11Z cache-iah17271 MEWElogs[464521]: BLUR, 1626299591644826167, IAH, 11
<134>2021-07-14T21:53:25Z cache-fra19177 MEWElogs[464521]: BLUR, 1626299604794887099, FRA, 11
<134>2021-07-14T21:53:27Z cache-jnb7027 MEWElogs[464521]: BLUR, 1626299606157318734, JNB, 11
<134>2021-07-14T21:53:52Z cache-lcy19283 MEWElogs[464521]: BLUR, 1626299632534841073, LCY, 11
<134>2021-07-14T21:54:26Z cache-fra19177 MEWElogs[464521]: BLUR, 1626299665175207024, FRA, 11
<134>2021-07-14T21:54:53Z cache-iah17271 MEWElogs[464521]: BLUR, 1626299693368131092, IAH, 11
<134>2021-07-14T21:54:54Z cache-bur17583 MEWElogs[464521]: BLUR, 1626299693235778230, BUR, 11
<134>2021-07-14T21:55:04Z cache-jnb7027 MEWElogs[464521]: BLUR, 1626299703458006571, JNB, 11
<134>2021-07-14T21:55:10Z cache-fra19177 MEWElogs[464521]: BLUR, 1626299708949725796, FRA, 11
<134>2021-07-14T21:55:52Z cache-iah17271 MEWElogs[464521]: BLUR, 1626299751872159832, IAH, 11
<134>2021-07-14T21:57:18Z cache-dal21283 MEWElogs[464521]: BLUR, 1626299837906057732, DAL, 11
<134>2021-07-14T21:57:30Z cache-lcy19283 MEWElogs[464521]: BLUR, 1626299849345642169, LCY, 11
<134>2021-07-14T21:57:39Z cache-dal21283 MEWElogs[464521]: BLUR, 1626299858693094196, DAL, 11
<134>2021-07-14T21:58:26Z cache-den8274 MEWElogs[464521]: BLUR, 1626299905089852397, DEN, 11
<134>2021-07-14T21:59:14Z cache-hel6829 MEWElogs[464521]: BLUR, 1626299953333793401, HEL, 11
<134>2021-07-14T21:59:22Z cache-fra19177 MEWElogs[464521]: BLUR, 1626299962360463871, FRA, 11
<134>2021-07-14T21:59:36Z cache-lon4249 MEWElogs[464521]: BLUR, 1626299975632117064, LON, 11
<134>2021-07-14T21:59:37Z cache-cwb20520 MEWElogs[464521]: BLUR, 1626299976082724788, CWB, 11
<134>2021-07-14T22:00:02Z cache-lcy19283 MEWElogs[464521]: BLUR, 1626300001676400423, LCY, 11
<134>2021-07-14T22:00:20Z cache-dal21283 MEWElogs[464521]: BLUR, 1626300020753908728, DAL, 11
<134>2021-07-14T22:00:37Z cache-fra19177 MEWElogs[464521]: BLUR, 1626300036857082618, FRA, 11
