<134>2021-07-14T17:33:39Z cache-stp9226 MEWElogs[318405]: FLIPH, 1626284018481010309, STP, -1
<134>2021-07-14T17:33:44Z cache-lax10677 MEWElogs[318405]: FLIPH, 1626284023118721205, LGB, 10
<134>2021-07-14T17:34:10Z cache-osl6529 MEWElogs[318405]: FLIPH, 1626284050544468130, OSL, -1
<134>2021-07-14T17:34:12Z cache-jax20933 MEWElogs[318405]: FLIPH, 1626284052357115534, JAX, -1
<134>2021-07-14T17:34:13Z cache-lax10677 MEWElogs[318405]: FLIPH, 1626284052881654173, LGB, 10
<134>2021-07-14T17:34:27Z cache-yul12826 MEWElogs[318405]: FLIPH, 1626284067100037842, YUL, 10
<134>2021-07-14T17:34:36Z cache-man4150 MEWElogs[318405]: FLIPH, 1626284075671210623, MAN, 10
<134>2021-07-14T17:34:36Z cache-mel11272 MEWElogs[318405]: FLIPH, 1626284075308396735, MEL, -1
<134>2021-07-14T17:34:53Z cache-jax20933 MEWElogs[318405]: FLIPH, 1626284092680292069, JAX, 10
<134>2021-07-14T17:34:56Z cache-lga21983 MEWElogs[318405]: FLIPH, 1626284095360827212, LGA, 10
<134>2021-07-14T17:35:48Z cache-jax20933 MEWElogs[318405]: FLIPH, 1626284148223237493, JAX, -1
<134>2021-07-14T17:35:49Z cache-mel11272 MEWElogs[318405]: FLIPH, 1626284149210964243, MEL, 10
<134>2021-07-14T17:35:54Z cache-ewr18156 MEWElogs[318405]: FLIPH, 1626284153608188489, EWR, 10
<134>2021-07-14T17:36:07Z cache-man4150 MEWElogs[318405]: FLIPH, 1626284166274254475, MAN, -1
<134>2021-07-14T17:36:08Z cache-mel11272 MEWElogs[318405]: FLIPH, 1626284166935467759, MEL, -1
<134>2021-07-14T17:36:09Z cache-ewr18156 MEWElogs[318405]: FLIPH, 1626284168829213673, EWR, -1
<134>2021-07-14T17:36:38Z cache-scl19427 MEWElogs[318405]: FLIPH, 1626284196889404055, SCL, -1
<134>2021-07-14T17:36:43Z cache-cdg20720 MEWElogs[318405]: FLIPH, 1626284202648142015, CDG, -1
<134>2021-07-14T17:36:59Z cache-ewr18156 MEWElogs[318405]: FLIPH, 1626284218002245005, EWR, 10
<134>2021-07-14T17:37:00Z cache-gig17035 MEWElogs[318405]: FLIPH, 1626284219668379907, GIG, -1
<134>2021-07-14T17:37:07Z cache-cdg20720 MEWElogs[318405]: FLIPH, 1626284226293401281, CDG, 10
<134>2021-07-14T17:37:19Z cache-osl6529 MEWElogs[318405]: FLIPH, 1626284238961122691, OSL, 10
<134>2021-07-14T17:37:20Z cache-man4150 MEWElogs[318405]: FLIPH, 1626284239988916042, MAN, -1
<134>2021-07-14T17:37:32Z cache-lax10677 MEWElogs[318405]: FLIPH, 1626284251899892431, LGB, 10
<134>2021-07-14T17:37:45Z cache-man4150 MEWElogs[318405]: FLIPH, 1626284265775469772, MAN, -1
<134>2021-07-14T17:37:49Z cache-lax10677 MEWElogs[318405]: FLIPH, 1626284268799734134, LGB, -1
<134>2021-07-14T17:37:52Z cache-osl6529 MEWElogs[318405]: FLIPH, 1626284272488538975, OSL, -1
<134>2021-07-14T17:37:55Z cache-bom4751 MEWElogs[318405]: FLIPH, 1626284274028197903, BOM, -1
<134>2021-07-14T17:38:12Z cache-ewr18156 MEWElogs[318405]: FLIPH, 1626284291192189640, EWR, 10
<134>2021-07-14T17:38:20Z cache-man4150 MEWElogs[318405]: FLIPH, 1626284300269522020, MAN, -1
<134>2021-07-14T17:38:24Z cache-gig17035 MEWElogs[318405]: FLIPH, 1626284303696315825, GIG, -1
<134>2021-07-14T17:38:34Z cache-bom4751 MEWElogs[318405]: FLIPH, 1626284313430798544, BOM, -1
<134>2021-07-14T17:38:45Z cache-man4150 MEWElogs[318405]: FLIPH, 1626284325030332533, MAN, -1
<134>2021-07-14T17:39:16Z cache-osl6529 MEWElogs[318405]: FLIPH, 1626284356193912304, OSL, -1
<134>2021-07-14T17:40:18Z cache-scl19427 MEWElogs[318405]: FLIPH, 1626284418130135695, SCL, 10
<134>2021-07-14T17:40:31Z cache-ewr18156 MEWElogs[318405]: FLIPH, 1626284430448914436, EWR, 10
<134>2021-07-14T17:40:31Z cache-bom4751 MEWElogs[318405]: FLIPH, 1626284430284359733, BOM, -1
<134>2021-07-14T17:40:38Z cache-man4150 MEWElogs[318405]: FLIPH, 1626284437351430221, MAN, 10
<134>2021-07-14T17:40:50Z cache-gig17035 MEWElogs[318405]: FLIPH, 1626284449427744774, GIG, -1
<134>2021-07-14T17:40:50Z cache-bom4751 MEWElogs[318405]: FLIPH, 1626284449648232366, BOM, -1
<134>2021-07-14T17:41:14Z cache-gig17035 MEWElogs[318405]: FLIPH, 1626284473789299775, GIG, -1
<134>2021-07-14T17:41:15Z cache-man4150 MEWElogs[318405]: FLIPH, 1626284474862605034, MAN, -1
<134>2021-07-14T17:41:19Z cache-ewr18156 MEWElogs[318405]: FLIPH, 1626284478868234480, EWR, 10
<134>2021-07-14T17:41:26Z cache-mel11272 MEWElogs[318405]: FLIPH, 1626284485185604870, MEL, 10
<134>2021-07-14T17:41:35Z cache-gru17149 MEWElogs[318405]: FLIPH, 1626284494169600237, GRU, -1
<134>2021-07-14T17:41:56Z cache-gru17149 MEWElogs[318405]: FLIPH, 1626284515796290435, GRU, 10
<134>2021-07-14T17:41:57Z cache-ewr18156 MEWElogs[318405]: FLIPH, 1626284516697828334, EWR, 10
<134>2021-07-14T17:42:06Z cache-osl6529 MEWElogs[318405]: FLIPH, 1626284525232895156, OSL, 10
<134>2021-07-14T17:42:08Z cache-man4150 MEWElogs[318405]: FLIPH, 1626284527314948900, MAN, 10
<134>2021-07-14T17:42:40Z cache-cdg20720 MEWElogs[318405]: FLIPH, 1626284560405328287, CDG, -1
<134>2021-07-14T17:42:50Z cache-gig17035 MEWElogs[318405]: FLIPH, 1626284570051994873, GIG, -1
<134>2021-07-14T17:42:57Z cache-osl6529 MEWElogs[318405]: FLIPH, 1626284576874137313, OSL, -1
<134>2021-07-14T17:43:00Z cache-ewr18156 MEWElogs[318405]: FLIPH, 1626284580115610622, EWR, -1
<134>2021-07-14T17:43:21Z cache-cdg20720 MEWElogs[318405]: FLIPH, 1626284601069070808, CDG, -1
<134>2021-07-14T17:43:29Z cache-mel11272 MEWElogs[318405]: FLIPH, 1626284608012481695, MEL, 10
