<134>2021-07-14T22:54:32Z cache-gru17149 MEWElogs[400146]: BLUR, 1626303271910152009, GRU, 11
<134>2021-07-14T22:55:18Z cache-lga21983 MEWElogs[400146]: BLUR, 1626303317289485100, LGA, 11
<134>2021-07-14T22:55:20Z cache-gru17149 MEWElogs[400146]: BLUR, 1626303319163701034, GRU, 11
<134>2021-07-14T22:57:14Z cache-ewr18156 MEWElogs[400146]: BLUR, 1626303434066149762, EWR, 11
<134>2021-07-14T22:57:16Z cache-mel11272 MEWElogs[400146]: BLUR, 1626303435705611887, MEL, 11
<134>2021-07-14T22:57:31Z cache-ewr18156 MEWElogs[400146]: BLUR, 1626303450175541486, EWR, 11
<134>2021-07-14T22:58:33Z cache-gru17149 MEWElogs[400146]: BLUR, 1626303512054094971, GRU, 11
<134>2021-07-14T22:59:00Z cache-gig17035 MEWElogs[400146]: BLUR, 1626303539415553798, GIG, 11
<134>2021-07-14T22:59:15Z cache-lga21983 MEWElogs[400146]: BLUR, 1626303554966716199, LGA, 11
<134>2021-07-14T22:59:20Z cache-gru17149 MEWElogs[400146]: BLUR, 1626303559431111317, GRU, 11
<134>2021-07-14T22:59:25Z cache-scl19427 MEWElogs[400146]: BLUR, 1626303565223819085, SCL, 11
<134>2021-07-14T22:59:31Z cache-man4150 MEWElogs[400146]: BLUR, 1626303571412384536, MAN, 11
<134>2021-07-14T22:59:43Z cache-bom4751 MEWElogs[400146]: BLUR, 1626303582507055458, BOM, 11
<134>2021-07-14T23:00:12Z cache-bom4751 MEWElogs[400146]: BLUR, 1626303611382198319, BOM, 11
<134>2021-07-14T23:00:27Z cache-cdg20720 MEWElogs[400146]: BLUR, 1626303626824516792, CDG, 11
<134>2021-07-14T23:00:46Z cache-scl19427 MEWElogs[400146]: BLUR, 1626303646402066282, SCL, 11
<134>2021-07-14T23:01:11Z cache-gru17149 MEWElogs[400146]: BLUR, 1626303670125340527, GRU, 11
<134>2021-07-14T23:01:25Z cache-ewr18156 MEWElogs[400146]: BLUR, 1626303685567591971, EWR, 11
<134>2021-07-14T23:01:42Z cache-ewr18156 MEWElogs[400146]: BLUR, 1626303702325919545, EWR, 11
<134>2021-07-14T23:01:50Z cache-cdg20720 MEWElogs[400146]: BLUR, 1626303710319573301, CDG, 11
<134>2021-07-14T23:02:48Z cache-osl6529 MEWElogs[400146]: BLUR, 1626303767902694113, OSL, 11
<134>2021-07-14T23:02:53Z cache-stl4834 MEWElogs[400146]: BLUR, 1626303772449810232, STL, 11
<134>2021-07-14T23:03:02Z cache-gru17149 MEWElogs[400146]: BLUR, 1626303781391777908, GRU, 11
<134>2021-07-14T23:03:29Z cache-scl19427 MEWElogs[400146]: BLUR, 1626303808861646151, SCL, 11
<134>2021-07-14T23:03:40Z cache-syd10183 MEWElogs[400146]: BLUR, 1626303819010596283, SYD, 11
<134>2021-07-14T23:04:13Z cache-syd10183 MEWElogs[400146]: BLUR, 1626303852194059069, SYD, 11
<134>2021-07-14T23:04:14Z cache-gig17035 MEWElogs[400146]: BLUR, 1626303853278320423, GIG, 11
<134>2021-07-14T23:04:21Z cache-lga21983 MEWElogs[400146]: BLUR, 1626303860656959861, LGA, 11
