<134>2021-07-15T02:01:51Z cache-lax10677 MEWElogs[412844]: GRAY, 1626314510577621357, LGB, 13
<134>2021-07-15T02:02:09Z cache-hkg17929 MEWElogs[412844]: GRAY, 1626314528978899101, HKG, 13
<134>2021-07-15T02:02:14Z cache-man4150 MEWElogs[412844]: GRAY, 1626314533362034480, MAN, 13
<134>2021-07-15T02:02:19Z cache-yul12826 MEWElogs[412844]: GRAY, 1626314539570992891, YUL, 13
<134>2021-07-15T02:02:45Z cache-ewr18156 MEWElogs[412844]: GRAY, 1626314565529947055, EWR, 13
<134>2021-07-15T02:02:48Z cache-mci5951 MEWElogs[412844]: GRAY, 1626314567710849047, MCI, 13
<134>2021-07-15T02:02:49Z cache-mia11368 MEWElogs[412844]: GRAY, 1626314568731655558, MIA, 13
<134>2021-07-15T02:02:52Z cache-stp9226 MEWElogs[412844]: GRAY, 1626314571974695186, STP, 13
<134>2021-07-15T02:02:58Z cache-jax20933 MEWElogs[412844]: GRAY, 1626314577253182896, JAX, 13
<134>2021-07-15T02:02:59Z cache-ewr18156 MEWElogs[412844]: GRAY, 1626314578184560265, EWR, 13
<134>2021-07-15T02:03:01Z cache-lax10677 MEWElogs[412844]: GRAY, 1626314580425974977, LGB, 13
<134>2021-07-15T02:04:24Z cache-cdg20720 MEWElogs[412844]: GRAY, 1626314664546555140, CDG, 13
<134>2021-07-15T02:04:30Z cache-cdg20720 MEWElogs[412844]: GRAY, 1626314669879664989, CDG, 13
<134>2021-07-15T02:04:41Z cache-cdg20720 MEWElogs[412844]: GRAY, 1626314680638687396, CDG, 13
<134>2021-07-15T02:04:52Z cache-cdg20720 MEWElogs[412844]: GRAY, 1626314691551043115, CDG, 13
<134>2021-07-15T02:04:53Z cache-jax20933 MEWElogs[412844]: GRAY, 1626314693285064532, JAX, 13
<134>2021-07-15T02:05:12Z cache-mel11272 MEWElogs[412844]: GRAY, 1626314712320291385, MEL, 13
<134>2021-07-15T02:05:51Z cache-cdg20720 MEWElogs[412844]: GRAY, 1626314751397466640, CDG, 13
<134>2021-07-15T02:05:56Z cache-osl6529 MEWElogs[412844]: GRAY, 1626314755362644592, OSL, 13
<134>2021-07-15T02:06:17Z cache-ewr18156 MEWElogs[412844]: GRAY, 1626314777798390081, EWR, 13
<134>2021-07-15T02:06:23Z cache-lax10677 MEWElogs[412844]: GRAY, 1626314782385876843, LGB, 13
<134>2021-07-15T02:06:33Z cache-scl19427 MEWElogs[412844]: GRAY, 1626314793143861547, SCL, 13
<134>2021-07-15T02:06:36Z cache-cdg20720 MEWElogs[412844]: GRAY, 1626314795769594608, CDG, 13
<134>2021-07-15T02:06:41Z cache-jax20933 MEWElogs[412844]: GRAY, 1626314800962287227, JAX, 13
<134>2021-07-15T02:06:42Z cache-cdg20720 MEWElogs[412844]: GRAY, 1626314801245610162, CDG, 13
<134>2021-07-15T02:06:51Z cache-lax10677 MEWElogs[412844]: GRAY, 1626314810184661159, LGB, 13
<134>2021-07-15T02:06:51Z cache-mel11272 MEWElogs[412844]: GRAY, 1626314810664414802, MEL, 13
<134>2021-07-15T02:06:53Z cache-cdg20720 MEWElogs[412844]: GRAY, 1626314812260918645, CDG, 13
<134>2021-07-15T02:06:56Z cache-lga21983 MEWElogs[412844]: GRAY, 1626314815589299881, LGA, 13
<134>2021-07-15T02:07:22Z cache-lga21983 MEWElogs[412844]: GRAY, 1626314842025711512, LGA, 13
<134>2021-07-15T02:07:23Z cache-yul12826 MEWElogs[412844]: GRAY, 1626314842340550350, YUL, 13
<134>2021-07-15T02:07:29Z cache-yul12826 MEWElogs[412844]: GRAY, 1626314848447908663, YUL, 13
<134>2021-07-15T02:07:44Z cache-ewr18156 MEWElogs[412844]: GRAY, 1626314863933530412, EWR, 13
<134>2021-07-15T02:07:48Z cache-lga21983 MEWElogs[412844]: GRAY, 1626314868522668162, LGA, 13
<134>2021-07-15T02:07:49Z cache-gig17035 MEWElogs[412844]: GRAY, 1626314868604627704, GIG, 13
<134>2021-07-15T02:08:04Z cache-gig17035 MEWElogs[412844]: GRAY, 1626314884018750579, GIG, 13
<134>2021-07-15T02:08:05Z cache-scl19427 MEWElogs[412844]: GRAY, 1626314885014888939, SCL, 13
<134>2021-07-15T02:08:05Z cache-bom4751 MEWElogs[412844]: GRAY, 1626314885285733679, BOM, 13
<134>2021-07-15T02:08:15Z cache-lga21983 MEWElogs[412844]: GRAY, 1626314894907545113, LGA, 13
<134>2021-07-15T02:08:26Z cache-cdg20720 MEWElogs[412844]: GRAY, 1626314905779258755, CDG, 13
<134>2021-07-15T02:08:26Z cache-ewr18156 MEWElogs[412844]: GRAY, 1626314906554057426, EWR, 13
<134>2021-07-15T02:08:37Z cache-cdg20720 MEWElogs[412844]: GRAY, 1626314916772408596, CDG, 13
<134>2021-07-15T02:08:57Z cache-osl6529 MEWElogs[412844]: GRAY, 1626314936091870088, OSL, 13
<134>2021-07-15T02:08:59Z cache-cdg20720 MEWElogs[412844]: GRAY, 1626314938609738857, CDG, 13
<134>2021-07-15T02:09:03Z cache-ewr18156 MEWElogs[412844]: GRAY, 1626314942908434809, EWR, 13
<134>2021-07-15T02:09:04Z cache-jax20933 MEWElogs[412844]: GRAY, 1626314943866308203, JAX, 13
<134>2021-07-15T02:09:13Z cache-lga21983 MEWElogs[412844]: GRAY, 1626314952784978742, LGA, 13
<134>2021-07-15T02:09:45Z cache-scl19427 MEWElogs[412844]: GRAY, 1626314984503066341, SCL, 13
<134>2021-07-15T02:09:46Z cache-gig17035 MEWElogs[412844]: GRAY, 1626314985544387997, GIG, 13
<134>2021-07-15T02:09:48Z cache-cdg20720 MEWElogs[412844]: GRAY, 1626314987458200010, CDG, 13
<134>2021-07-15T02:10:18Z cache-scl19427 MEWElogs[412844]: GRAY, 1626315018342584693, SCL, 13
<134>2021-07-15T02:10:22Z cache-mel11272 MEWElogs[412844]: GRAY, 1626315021297000723, MEL, 13
<134>2021-07-15T02:10:37Z cache-stl4834 MEWElogs[412844]: GRAY, 1626315036112184476, STL, 13
<134>2021-07-15T02:10:42Z cache-syd10183 MEWElogs[412844]: GRAY, 1626315041820702548, SYD, 13
<134>2021-07-15T02:10:49Z cache-bom4751 MEWElogs[412844]: GRAY, 1626315048278850221, BOM, 13
<134>2021-07-15T02:10:52Z cache-cdg20720 MEWElogs[412844]: GRAY, 1626315052666627891, CDG, 13
<134>2021-07-15T02:11:35Z cache-bom4751 MEWElogs[412844]: GRAY, 1626315094783770765, BOM, 13
<134>2021-07-15T02:11:45Z cache-ewr18156 MEWElogs[412844]: GRAY, 1626315104106013464, EWR, 13
<134>2021-07-15T02:11:45Z cache-stl4834 MEWElogs[412844]: GRAY, 1626315105513530389, STL, 13
