<134>2021-07-14T16:52:52Z cache-cph20625 MEWElogs[370074]: FLIPH, 1626281571973749792, CPH, -1
<134>2021-07-14T16:53:00Z cache-pwk4920 MEWElogs[370074]: FLIPH, 1626281579778386068, PWK, 10
<134>2021-07-14T16:53:08Z cache-dub4329 MEWElogs[370074]: FLIPH, 1626281587242451865, DUB, 10
<134>2021-07-14T16:53:32Z cache-dub4329 MEWElogs[370074]: FLIPH, 1626281611266414363, DUB, 10
<134>2021-07-14T16:53:34Z cache-fty21383 MEWElogs[370074]: FLIPH, 1626281613463828348, FTY, 10
<134>2021-07-14T16:54:00Z cache-chi21126 MEWElogs[370074]: FLIPH, 1626281640036463316, CHI, 10
<134>2021-07-14T16:54:08Z cache-dub4329 MEWElogs[370074]: FLIPH, 1626281647866753182, DUB, -1
<134>2021-07-14T16:54:21Z cache-cph20625 MEWElogs[370074]: FLIPH, 1626281660275904879, CPH, -1
<134>2021-07-14T16:54:44Z cache-dfw18678 MEWElogs[370074]: FLIPH, 1626281684221764616, DFW, -1
<134>2021-07-14T16:54:47Z cache-hhn4077 MEWElogs[370074]: FLIPH, 1626281687412947680, HHN, -1
<134>2021-07-14T16:54:59Z cache-hhn4077 MEWElogs[370074]: FLIPH, 1626281698694259087, HHN, -1
<134>2021-07-14T16:54:59Z cache-del21735 MEWElogs[370074]: FLIPH, 1626281698797030952, DEL, 10
<134>2021-07-14T16:55:15Z cache-chi21126 MEWElogs[370074]: FLIPH, 1626281715080107281, CHI, 10
<134>2021-07-14T16:55:19Z cache-dub4329 MEWElogs[370074]: FLIPH, 1626281718341840965, DUB, -1
<134>2021-07-14T16:55:27Z cache-del21735 MEWElogs[370074]: FLIPH, 1626281726771124656, DEL, 10
<134>2021-07-14T16:55:53Z cache-chi21126 MEWElogs[370074]: FLIPH, 1626281753308875015, CHI, 10
<134>2021-07-14T16:56:28Z cache-chi21126 MEWElogs[370074]: FLIPH, 1626281788291412431, CHI, -1
<134>2021-07-14T16:56:54Z cache-hhn4077 MEWElogs[370074]: FLIPH, 1626281814009066762, HHN, 10
<134>2021-07-14T16:56:58Z cache-hel6829 MEWElogs[370074]: FLIPH, 1626281817705637600, HEL, 10
<134>2021-07-14T16:57:05Z cache-dfw18678 MEWElogs[370074]: FLIPH, 1626281824772403585, DFW, -1
<134>2021-07-14T16:57:15Z cache-chi21126 MEWElogs[370074]: FLIPH, 1626281834941381367, CHI, -1
<134>2021-07-14T16:57:15Z cache-pwk4920 MEWElogs[370074]: FLIPH, 1626281835290323045, PWK, -1
<134>2021-07-14T16:57:31Z cache-bos4657 MEWElogs[370074]: FLIPH, 1626281850916982670, BOS, -1
<134>2021-07-14T16:58:03Z cache-akl10324 MEWElogs[370074]: FLIPH, 1626281882654669603, AKL, -1
<134>2021-07-14T16:59:00Z cache-iah17271 MEWElogs[370074]: FLIPH, 1626281939493304551, IAH, -1
<134>2021-07-14T16:59:01Z cache-del21735 MEWElogs[370074]: FLIPH, 1626281940559388758, DEL, 10
<134>2021-07-14T16:59:10Z cache-del21735 MEWElogs[370074]: FLIPH, 1626281949726413157, DEL, -1
<134>2021-07-14T16:59:22Z cache-del21735 MEWElogs[370074]: FLIPH, 1626281961800315535, DEL, 10
<134>2021-07-14T16:59:46Z cache-pwk4920 MEWElogs[370074]: FLIPH, 1626281985255612054, PWK, -1
<134>2021-07-14T16:59:48Z cache-iah17271 MEWElogs[370074]: FLIPH, 1626281987722827330, IAH, 10
<134>2021-07-14T16:59:54Z cache-cwb20520 MEWElogs[370074]: FLIPH, 1626281994792677354, CWB, -1
<134>2021-07-14T17:00:16Z cache-lcy19283 MEWElogs[370074]: FLIPH, 1626282015826637632, LCY, 10
<134>2021-07-14T17:00:35Z cache-pwk4920 MEWElogs[370074]: FLIPH, 1626282035539180210, PWK, -1
<134>2021-07-14T17:00:37Z cache-lcy19283 MEWElogs[370074]: FLIPH, 1626282036364181917, LCY, 10
<134>2021-07-14T17:00:43Z cache-fra19177 MEWElogs[370074]: FLIPH, 1626282043345044455, FRA, -1
<134>2021-07-14T17:01:16Z cache-lcy19283 MEWElogs[370074]: FLIPH, 1626282076488091734, LCY, 10
<134>2021-07-14T17:01:28Z cache-hhn4077 MEWElogs[370074]: FLIPH, 1626282088570312628, HHN, 10
<134>2021-07-14T17:01:53Z cache-dal21283 MEWElogs[370074]: FLIPH, 1626282113742958106, DAL, 10
<134>2021-07-14T17:02:30Z cache-den8274 MEWElogs[370074]: FLIPH, 1626282149477862350, DEN, -1
<134>2021-07-14T17:02:47Z cache-dal21283 MEWElogs[370074]: FLIPH, 1626282166894529227, DAL, -1
<134>2021-07-14T17:02:51Z cache-cwb20520 MEWElogs[370074]: FLIPH, 1626282171034194433, CWB, -1
