<134>2021-07-14T18:02:31Z cache-sjc10078 MEWElogs[322581]: FLIPH, 1626285750824476292, SJC, -1
<134>2021-07-14T18:02:38Z cache-pao17461 MEWElogs[322581]: FLIPH, 1626285758312782027, PAO, 10
<134>2021-07-14T18:02:43Z cache-tyo11974 MEWElogs[322581]: FLIPH, 1626285762482813643, TYO, 10
<134>2021-07-14T18:03:04Z cache-sea4483 MEWElogs[322581]: FLIPH, 1626285784116038805, SEA, 10
<134>2021-07-14T18:03:05Z cache-cgh11122 MEWElogs[322581]: FLIPH, 1626285785439940800, CGH, 10
<134>2021-07-14T18:03:09Z cache-bma1628 MEWElogs[322581]: FLIPH, 1626285788159459920, BMA, -1
<134>2021-07-14T18:03:30Z cache-bma1628 MEWElogs[322581]: FLIPH, 1626285809843492302, BMA, 10
<134>2021-07-14T18:04:34Z cache-tyo11974 MEWElogs[322581]: FLIPH, 1626285873579605988, TYO, 10
<134>2021-07-14T18:05:07Z cache-cgh11183 MEWElogs[322581]: FLIPH, 1626285907106092758, CGH, 10
<134>2021-07-14T18:05:17Z cache-yyz4551 MEWElogs[322581]: FLIPH, 1626285917416341760, YYZ, -1
<134>2021-07-14T18:05:49Z cache-sea4483 MEWElogs[322581]: FLIPH, 1626285948810060421, SEA, 10
<134>2021-07-14T18:06:12Z cache-tyo11974 MEWElogs[322581]: FLIPH, 1626285971678999285, TYO, -1
<134>2021-07-14T18:06:15Z cache-bma1628 MEWElogs[322581]: FLIPH, 1626285974485138987, BMA, -1
<134>2021-07-14T18:06:24Z cache-tyo11974 MEWElogs[322581]: FLIPH, 1626285983094531105, TYO, 10
<134>2021-07-14T18:07:24Z cache-yyz4551 MEWElogs[322581]: FLIPH, 1626286044417909602, YYZ, -1
<134>2021-07-14T18:07:31Z cache-sjc10078 MEWElogs[322581]: FLIPH, 1626286051565821232, SJC, 10
<134>2021-07-14T18:07:32Z cache-bma1628 MEWElogs[322581]: FLIPH, 1626286051974886546, BMA, 10
<134>2021-07-14T18:08:05Z cache-tyo11974 MEWElogs[322581]: FLIPH, 1626286084895338552, TYO, 10
<134>2021-07-14T18:08:19Z cache-sea4483 MEWElogs[322581]: FLIPH, 1626286098854525241, SEA, -1
<134>2021-07-14T18:08:30Z cache-sjc10078 MEWElogs[322581]: FLIPH, 1626286110104685242, SJC, -1
<134>2021-07-14T18:08:34Z cache-bma1628 MEWElogs[322581]: FLIPH, 1626286113494255837, BMA, -1
<134>2021-07-14T18:08:51Z cache-sjc10078 MEWElogs[322581]: FLIPH, 1626286130574408356, SJC, -1
<134>2021-07-14T18:09:26Z cache-yyz4551 MEWElogs[322581]: FLIPH, 1626286166313660669, YYZ, 10
<134>2021-07-14T18:09:27Z cache-tyo11974 MEWElogs[322581]: FLIPH, 1626286166882714885, TYO, 10
<134>2021-07-14T18:09:43Z cache-cgh11183 MEWElogs[322581]: FLIPH, 1626286183126684689, CGH, 10
<134>2021-07-14T18:10:13Z cache-sjc10078 MEWElogs[322581]: FLIPH, 1626286213736742331, SJC, -1
<134>2021-07-14T18:10:17Z cache-sjc10078 MEWElogs[322581]: FLIPH, 1626286216912933103, SJC, 10
<134>2021-07-14T18:10:21Z cache-yyz4551 MEWElogs[322581]: FLIPH, 1626286221211504926, YYZ, 10
<134>2021-07-14T18:10:44Z cache-cgh11183 MEWElogs[322581]: FLIPH, 1626286243697682932, CGH, -1
<134>2021-07-14T18:10:56Z cache-sjc10078 MEWElogs[322581]: FLIPH, 1626286255058439388, SJC, -1
<134>2021-07-14T18:11:46Z cache-cgh11183 MEWElogs[322581]: FLIPH, 1626286305531480077, CGH, -1
<134>2021-07-14T18:12:21Z cache-sea4483 MEWElogs[322581]: FLIPH, 1626286340934765637, SEA, -1
