<134>2021-07-15T06:09:08Z cache-ams21020 MEWElogs[322581]: UNSH, 1626329347920628468, AMS, 16
<134>2021-07-15T06:09:18Z cache-pdk17882 MEWElogs[322581]: UNSH, 1626329357806609293, PDK, 16
<134>2021-07-15T06:09:27Z cache-pdk17882 MEWElogs[322581]: UNSH, 1626329366972084451, PDK, 16
<134>2021-07-15T06:09:50Z cache-wdc5583 MEWElogs[322581]: UNSH, 1626329390717450755, WDC, 16
<134>2021-07-15T06:10:19Z cache-maa10251 MEWElogs[322581]: UNSH, 1626329418051156316, MAA, 16
<134>2021-07-15T06:10:26Z cache-mdw17383 MEWElogs[322581]: UNSH, 1626329425819610804, MDW, 16
<134>2021-07-15T06:10:38Z cache-mdw17383 MEWElogs[322581]: UNSH, 1626329437156684776, MDW, 16
<134>2021-07-15T06:10:46Z cache-dca17782 MEWElogs[322581]: UNSH, 1626329445030000120, DCA, 16
<134>2021-07-15T06:10:51Z cache-ams21020 MEWElogs[322581]: UNSH, 1626329451137227664, AMS, 16
<134>2021-07-15T06:11:34Z cache-ord1740 MEWElogs[322581]: UNSH, 1626329493457521937, ORD, 16
<134>2021-07-15T06:12:42Z cache-pdk17882 MEWElogs[322581]: UNSH, 1626329561291703800, PDK, 16
<134>2021-07-15T06:13:38Z cache-dca17782 MEWElogs[322581]: UNSH, 1626329617909306879, DCA, 16
<134>2021-07-15T06:13:46Z cache-pdk17882 MEWElogs[322581]: UNSH, 1626329625698919586, PDK, 16
<134>2021-07-15T06:13:47Z cache-mdw17383 MEWElogs[322581]: UNSH, 1626329626463894390, MDW, 16
<134>2021-07-15T06:14:24Z cache-maa10251 MEWElogs[322581]: UNSH, 1626329663838904304, MAA, 16
<134>2021-07-15T06:14:44Z cache-bog6425 MEWElogs[322581]: UNSH, 1626329683527794257, BOG, 16
<134>2021-07-15T06:15:12Z cache-maa10251 MEWElogs[322581]: UNSH, 1626329712701371133, MAA, 16
<134>2021-07-15T06:15:18Z cache-pdk17882 MEWElogs[322581]: UNSH, 1626329717751057495, PDK, 16
<134>2021-07-15T06:16:03Z cache-maa10251 MEWElogs[322581]: UNSH, 1626329762647116872, MAA, 16
<134>2021-07-15T06:16:21Z cache-cph20625 MEWElogs[322581]: UNSH, 1626329780606104390, CPH, 16
<134>2021-07-15T06:16:23Z cache-pdk17882 MEWElogs[322581]: UNSH, 1626329782468317605, PDK, 16
<134>2021-07-15T06:16:40Z cache-dca17782 MEWElogs[322581]: UNSH, 1626329800377020037, DCA, 16
<134>2021-07-15T06:17:35Z cache-cph20625 MEWElogs[322581]: UNSH, 1626329853928566660, CPH, 16
<134>2021-07-15T06:18:12Z cache-maa10251 MEWElogs[322581]: UNSH, 1626329890951927219, MAA, 16
<134>2021-07-15T06:18:21Z cache-maa10251 MEWElogs[322581]: UNSH, 1626329900834228367, MAA, 16
<134>2021-07-15T06:18:46Z cache-cmh21547 MEWElogs[322581]: UNSH, 1626329925219751651, CMH, 16
<134>2021-07-15T06:18:50Z cache-maa10251 MEWElogs[322581]: UNSH, 1626329929795563389, MAA, 16
