<134>2021-07-14T17:22:51Z cache-mrs10583 MEWElogs[355776]: FLIPH, 1626283371122910311, MRS, 10
<134>2021-07-14T17:22:57Z cache-lhr7382 MEWElogs[355776]: FLIPH, 1626283376890903828, LHR, 10
<134>2021-07-14T17:23:05Z cache-stp9226 MEWElogs[355776]: FLIPH, 1626283384638919477, STP, -1
<134>2021-07-14T17:23:09Z cache-hkg17929 MEWElogs[355776]: FLIPH, 1626283388951563285, HKG, -1
<134>2021-07-14T17:23:12Z cache-lhr7382 MEWElogs[355776]: FLIPH, 1626283392494973018, LHR, -1
<134>2021-07-14T17:23:31Z cache-stp9226 MEWElogs[355776]: FLIPH, 1626283410727742690, STP, 10
<134>2021-07-14T17:23:37Z cache-mad22068 MEWElogs[355776]: FLIPH, 1626283417325648588, MAD, 10
<134>2021-07-14T17:23:40Z cache-stp9226 MEWElogs[355776]: FLIPH, 1626283420060916656, STP, -1
<134>2021-07-14T17:23:43Z cache-mad22068 MEWElogs[355776]: FLIPH, 1626283423816250110, MAD, -1
<134>2021-07-14T17:23:44Z cache-yul12826 MEWElogs[355776]: FLIPH, 1626283423710743382, YUL, -1
<134>2021-07-14T17:23:48Z cache-lhr7382 MEWElogs[355776]: FLIPH, 1626283428324260579, LHR, -1
<134>2021-07-14T17:24:11Z cache-mci5951 MEWElogs[355776]: FLIPH, 1626283451292270088, MCI, 10
<134>2021-07-14T17:24:12Z cache-mad22068 MEWElogs[355776]: FLIPH, 1626283451547916244, MAD, -1
<134>2021-07-14T17:24:15Z cache-lhr7382 MEWElogs[355776]: FLIPH, 1626283454782965010, LHR, -1
<134>2021-07-14T17:24:15Z cache-hkg17929 MEWElogs[355776]: FLIPH, 1626283455529512914, HKG, -1
<134>2021-07-14T17:24:23Z cache-mrs10583 MEWElogs[355776]: FLIPH, 1626283462618703539, MRS, 10
<134>2021-07-14T17:24:26Z cache-jax20933 MEWElogs[355776]: FLIPH, 1626283465067856509, JAX, -1
<134>2021-07-14T17:24:57Z cache-stp9226 MEWElogs[355776]: FLIPH, 1626283496291902427, STP, -1
<134>2021-07-14T17:24:59Z cache-yul12826 MEWElogs[355776]: FLIPH, 1626283498437427297, YUL, -1
<134>2021-07-14T17:25:00Z cache-mrs10583 MEWElogs[355776]: FLIPH, 1626283500284028481, MRS, -1
<134>2021-07-14T17:25:07Z cache-lax10677 MEWElogs[355776]: FLIPH, 1626283506028610891, LGB, 10
<134>2021-07-14T17:25:11Z cache-mrs10583 MEWElogs[355776]: FLIPH, 1626283511141846064, MRS, 10
<134>2021-07-14T17:25:20Z cache-lhr7382 MEWElogs[355776]: FLIPH, 1626283520210142466, LHR, 10
<134>2021-07-14T17:25:29Z cache-yul12826 MEWElogs[355776]: FLIPH, 1626283529163664974, YUL, 10
<134>2021-07-14T17:25:29Z cache-stp9226 MEWElogs[355776]: FLIPH, 1626283529338030500, STP, -1
<134>2021-07-14T17:25:40Z cache-mci5951 MEWElogs[355776]: FLIPH, 1626283539809976594, MCI, -1
<134>2021-07-14T17:25:42Z cache-jax20933 MEWElogs[355776]: FLIPH, 1626283541427581534, JAX, 10
<134>2021-07-14T17:25:55Z cache-stp9226 MEWElogs[355776]: FLIPH, 1626283554808203574, STP, 10
<134>2021-07-14T17:26:04Z cache-lhr7382 MEWElogs[355776]: FLIPH, 1626283564503462738, LHR, 10
<134>2021-07-14T17:26:17Z cache-hkg17929 MEWElogs[355776]: FLIPH, 1626283577083837339, HKG, 10
<134>2021-07-14T17:26:25Z cache-hkg17929 MEWElogs[355776]: FLIPH, 1626283584799511575, HKG, -1
<134>2021-07-14T17:26:40Z cache-yul12826 MEWElogs[355776]: FLIPH, 1626283600747150493, YUL, -1
<134>2021-07-14T17:26:46Z cache-mrs10583 MEWElogs[355776]: FLIPH, 1626283605496903232, MRS, -1
<134>2021-07-14T17:26:49Z cache-mad22068 MEWElogs[355776]: FLIPH, 1626283608748472743, MAD, 10
<134>2021-07-14T17:26:53Z cache-yul12826 MEWElogs[355776]: FLIPH, 1626283612948589596, YUL, 10
<134>2021-07-14T17:27:00Z cache-yul12826 MEWElogs[355776]: FLIPH, 1626283619290616846, YUL, -1
<134>2021-07-14T17:27:00Z cache-hkg17929 MEWElogs[355776]: FLIPH, 1626283620186552610, HKG, 10
<134>2021-07-14T17:27:02Z cache-yul12826 MEWElogs[355776]: FLIPH, 1626283622177892960, YUL, 10
<134>2021-07-14T17:27:04Z cache-jax20933 MEWElogs[355776]: FLIPH, 1626283624024217978, JAX, 10
<134>2021-07-14T17:27:05Z cache-mrs10583 MEWElogs[355776]: FLIPH, 1626283624288842795, MRS, 10
<134>2021-07-14T17:27:08Z cache-mia11368 MEWElogs[355776]: FLIPH, 1626283627757585386, MIA, 10
<134>2021-07-14T17:27:17Z cache-jax20933 MEWElogs[355776]: FLIPH, 1626283636092422865, JAX, 10
<134>2021-07-14T17:27:18Z cache-mrs10583 MEWElogs[355776]: FLIPH, 1626283637775467433, MRS, -1
<134>2021-07-14T17:27:20Z cache-mci5951 MEWElogs[355776]: FLIPH, 1626283639548430948, MCI, -1
<134>2021-07-14T17:27:29Z cache-mrs10583 MEWElogs[355776]: FLIPH, 1626283648694347665, MRS, 10
<134>2021-07-14T17:27:30Z cache-hkg17929 MEWElogs[355776]: FLIPH, 1626283649704428801, HKG, -1
<134>2021-07-14T17:27:55Z cache-mad22068 MEWElogs[355776]: FLIPH, 1626283674940014277, MAD, 10
<134>2021-07-14T17:28:01Z cache-mrs10583 MEWElogs[355776]: FLIPH, 1626283680911979241, MRS, 10
<134>2021-07-14T17:28:12Z cache-hkg17929 MEWElogs[355776]: FLIPH, 1626283692687381916, HKG, -1
<134>2021-07-14T17:28:23Z cache-yul12826 MEWElogs[355776]: FLIPH, 1626283702253794204, YUL, -1
<134>2021-07-14T17:28:32Z cache-mad22068 MEWElogs[355776]: FLIPH, 1626283712759212469, MAD, 10
<134>2021-07-14T17:28:41Z cache-mci5951 MEWElogs[355776]: FLIPH, 1626283720437072214, MCI, -1
<134>2021-07-14T17:28:43Z cache-yul12826 MEWElogs[355776]: FLIPH, 1626283723068322904, YUL, 10
<134>2021-07-14T17:28:45Z cache-lax10677 MEWElogs[355776]: FLIPH, 1626283724715241107, LGB, 10
<134>2021-07-14T17:28:52Z cache-yul12826 MEWElogs[355776]: FLIPH, 1626283732227088287, YUL, 10
<134>2021-07-14T17:29:10Z cache-lhr7382 MEWElogs[355776]: FLIPH, 1626283749724314853, LHR, 10
<134>2021-07-14T17:29:17Z cache-yul12826 MEWElogs[355776]: FLIPH, 1626283756794367568, YUL, -1
<134>2021-07-14T17:29:47Z cache-mia11368 MEWElogs[355776]: FLIPH, 1626283786307204686, MIA, -1
<134>2021-07-14T17:29:50Z cache-lhr7382 MEWElogs[355776]: FLIPH, 1626283789688001749, LHR, -1
<134>2021-07-14T17:29:53Z cache-stp9226 MEWElogs[355776]: FLIPH, 1626283792828229295, STP, 10
<134>2021-07-14T17:29:55Z cache-mci5951 MEWElogs[355776]: FLIPH, 1626283794533489218, MCI, 10
<134>2021-07-14T17:29:59Z cache-jax20933 MEWElogs[355776]: FLIPH, 1626283799539708676, JAX, -1
<134>2021-07-14T17:30:00Z cache-hkg17929 MEWElogs[355776]: FLIPH, 1626283799916148182, HKG, -1
<134>2021-07-14T17:30:03Z cache-lax10677 MEWElogs[355776]: FLIPH, 1626283803311499740, LGB, 10
<134>2021-07-14T17:30:04Z cache-hkg17929 MEWElogs[355776]: FLIPH, 1626283802964044332, HKG, 10
<134>2021-07-14T17:30:12Z cache-mel11272 MEWElogs[355776]: FLIPH, 1626283811373826396, MEL, -1
<134>2021-07-14T17:30:21Z cache-stp9226 MEWElogs[355776]: FLIPH, 1626283821930711199, STP, -1
<134>2021-07-14T17:30:23Z cache-lax10677 MEWElogs[355776]: FLIPH, 1626283823112274028, LGB, 10
<134>2021-07-14T17:30:43Z cache-hkg17929 MEWElogs[355776]: FLIPH, 1626283842751241939, HKG, -1
<134>2021-07-14T17:30:45Z cache-mci5951 MEWElogs[355776]: FLIPH, 1626283844903169590, MCI, 10
<134>2021-07-14T17:30:50Z cache-yul12826 MEWElogs[355776]: FLIPH, 1626283849603374282, YUL, -1
<134>2021-07-14T17:30:57Z cache-man4150 MEWElogs[355776]: FLIPH, 1626283856545651949, MAN, -1
<134>2021-07-14T17:31:09Z cache-lga21983 MEWElogs[355776]: FLIPH, 1626283868174850191, LGA, 10
<134>2021-07-14T17:31:31Z cache-ewr18156 MEWElogs[355776]: FLIPH, 1626283891108658015, EWR, -1
<134>2021-07-14T17:31:43Z cache-stp9226 MEWElogs[355776]: FLIPH, 1626283902130465702, STP, 10
<134>2021-07-14T17:32:00Z cache-lax10677 MEWElogs[355776]: FLIPH, 1626283920088874963, LGB, -1
<134>2021-07-14T17:32:06Z cache-mel11272 MEWElogs[355776]: FLIPH, 1626283925215933363, MEL, 10
<134>2021-07-14T17:32:11Z cache-osl6529 MEWElogs[355776]: FLIPH, 1626283930468772089, OSL, -1
<134>2021-07-14T17:32:14Z cache-osl6529 MEWElogs[355776]: FLIPH, 1626283933673253347, OSL, 10
