<134>2021-07-15T04:06:19Z cache-mdw17383 MEWElogs[382896]: ROTATE, 1626321978280469936, MDW, 15
<134>2021-07-15T04:06:19Z cache-eze19324 MEWElogs[382896]: ROTATE, 1626321978564614112, EZE, 15
<134>2021-07-15T04:06:29Z cache-cph20625 MEWElogs[382896]: ROTATE, 1626321988534025390, CPH, 15
<134>2021-07-15T04:06:30Z cache-mdw17383 MEWElogs[382896]: ROTATE, 1626321989890185369, MDW, 15
<134>2021-07-15T04:06:37Z cache-maa10251 MEWElogs[382896]: ROTATE, 1626321996644835152, MAA, 15
<134>2021-07-15T04:06:49Z cache-bog6425 MEWElogs[382896]: ROTATE, 1626322008581849601, BOG, 15
<134>2021-07-15T04:07:04Z cache-pdk17882 MEWElogs[382896]: ROTATE, 1626322024243022359, PDK, 15
<134>2021-07-15T04:07:14Z cache-pdk17882 MEWElogs[382896]: ROTATE, 1626322033499608115, PDK, 15
<134>2021-07-15T04:07:42Z cache-pdk17882 MEWElogs[382896]: ROTATE, 1626322061404972321, PDK, 15
<134>2021-07-15T04:08:09Z cache-wdc5583 MEWElogs[382896]: ROTATE, 1626322089051153121, WDC, 15
<134>2021-07-15T04:08:14Z cache-ams21020 MEWElogs[382896]: ROTATE, 1626322093807220305, AMS, 15
<134>2021-07-15T04:08:19Z cache-maa10251 MEWElogs[382896]: ROTATE, 1626322098190192023, MAA, 15
<134>2021-07-15T04:08:31Z cache-cph20625 MEWElogs[382896]: ROTATE, 1626322110473505754, CPH, 15
<134>2021-07-15T04:08:36Z cache-ord1740 MEWElogs[382896]: ROTATE, 1626322115903720440, ORD, 15
<134>2021-07-15T04:09:09Z cache-bog6425 MEWElogs[382896]: ROTATE, 1626322149234863694, BOG, 15
<134>2021-07-15T04:09:37Z cache-cph20625 MEWElogs[382896]: ROTATE, 1626322176051944712, CPH, 15
<134>2021-07-15T04:09:43Z cache-maa10251 MEWElogs[382896]: ROTATE, 1626322182152582177, MAA, 15
<134>2021-07-15T04:10:07Z cache-eze19324 MEWElogs[382896]: ROTATE, 1626322206906936994, EZE, 15
<134>2021-07-15T04:10:19Z cache-wdc5583 MEWElogs[382896]: ROTATE, 1626322219537836558, WDC, 15
<134>2021-07-15T04:10:35Z cache-mdw17383 MEWElogs[382896]: ROTATE, 1626322234555500111, MDW, 15
<134>2021-07-15T04:10:48Z cache-pdk17882 MEWElogs[382896]: ROTATE, 1626322247770485630, PDK, 15
<134>2021-07-15T04:10:52Z cache-eze19324 MEWElogs[382896]: ROTATE, 1626322252086165135, EZE, 15
<134>2021-07-15T04:10:55Z cache-ord1740 MEWElogs[382896]: ROTATE, 1626322254695115877, ORD, 15
<134>2021-07-15T04:11:01Z cache-cph20625 MEWElogs[382896]: ROTATE, 1626322260351782662, CPH, 15
<134>2021-07-15T04:11:13Z cache-wdc5583 MEWElogs[382896]: ROTATE, 1626322272656725540, WDC, 15
<134>2021-07-15T04:11:31Z cache-dca17782 MEWElogs[382896]: ROTATE, 1626322290617517476, DCA, 15
<134>2021-07-15T04:12:25Z cache-cph20625 MEWElogs[382896]: ROTATE, 1626322344517250967, CPH, 15
<134>2021-07-15T04:12:41Z cache-maa10251 MEWElogs[382896]: ROTATE, 1626322360547337163, MAA, 15
<134>2021-07-15T04:13:22Z cache-cph20625 MEWElogs[382896]: ROTATE, 1626322401352768295, CPH, 15
<134>2021-07-15T04:13:27Z cache-pdk17882 MEWElogs[382896]: ROTATE, 1626322407321684543, PDK, 15
<134>2021-07-15T04:13:31Z cache-cph20625 MEWElogs[382896]: ROTATE, 1626322410729654362, CPH, 15
<134>2021-07-15T04:13:41Z cache-cph20625 MEWElogs[382896]: ROTATE, 1626322420066368215, CPH, 15
<134>2021-07-15T04:13:47Z cache-pdk17882 MEWElogs[382896]: ROTATE, 1626322426096914806, PDK, 15
<134>2021-07-15T04:13:55Z cache-ams21020 MEWElogs[382896]: ROTATE, 1626322434949438524, AMS, 15
<134>2021-07-15T04:14:04Z cache-eze19324 MEWElogs[382896]: ROTATE, 1626322444203897284, EZE, 15
<134>2021-07-15T04:14:09Z cache-ord1740 MEWElogs[382896]: ROTATE, 1626322448177601723, ORD, 15
<134>2021-07-15T04:14:32Z cache-maa10251 MEWElogs[382896]: ROTATE, 1626322472284921638, MAA, 15
<134>2021-07-15T04:14:51Z cache-maa10251 MEWElogs[382896]: ROTATE, 1626322490758890419, MAA, 15
<134>2021-07-15T04:15:09Z cache-dca17782 MEWElogs[382896]: ROTATE, 1626322509019851832, DCA, 15
<134>2021-07-15T04:15:38Z cache-maa10251 MEWElogs[382896]: ROTATE, 1626322537248406189, MAA, 15
<134>2021-07-15T04:15:51Z cache-wdc5583 MEWElogs[382896]: ROTATE, 1626322550976515774, WDC, 15
<134>2021-07-15T04:16:07Z cache-ams21020 MEWElogs[382896]: ROTATE, 1626322566818326701, AMS, 15
