<134>2021-07-14T21:09:45Z cache-eze19324 MEWElogs[21956]: BLUR, 1626296984910924880, EZE, 11
<134>2021-07-14T21:10:19Z cache-wdc5583 MEWElogs[21956]: BLUR, 1626297018764705620, WDC, 11
<134>2021-07-14T21:10:52Z cache-dca17782 MEWElogs[21956]: BLUR, 1626297052265920842, DCA, 11
<134>2021-07-14T21:11:09Z cache-dca17782 MEWElogs[21956]: BLUR, 1626297068865574701, DCA, 11
<134>2021-07-14T21:11:18Z cache-pdk17882 MEWElogs[21956]: BLUR, 1626297078542137467, PDK, 11
<134>2021-07-14T21:11:47Z cache-wdc5583 MEWElogs[21956]: BLUR, 1626297107598311645, WDC, 11
<134>2021-07-14T21:11:50Z cache-pdk17882 MEWElogs[21956]: BLUR, 1626297110004979330, PDK, 11
<134>2021-07-14T21:12:33Z cache-mdw17383 MEWElogs[21956]: BLUR, 1626297153581640265, MDW, 11
<134>2021-07-14T21:12:51Z cache-pdk17882 MEWElogs[21956]: BLUR, 1626297171772507140, PDK, 11
<134>2021-07-14T21:12:57Z cache-bog6425 MEWElogs[21956]: BLUR, 1626297176227102037, BOG, 11
<134>2021-07-14T21:12:58Z cache-ord1740 MEWElogs[21956]: BLUR, 1626297177151007344, ORD, 11
<134>2021-07-14T21:13:16Z cache-dca17782 MEWElogs[21956]: BLUR, 1626297196183716675, DCA, 11
<134>2021-07-14T21:13:40Z cache-ams21020 MEWElogs[21956]: BLUR, 1626297220000614308, AMS, 11
<134>2021-07-14T21:14:05Z cache-dca17782 MEWElogs[21956]: BLUR, 1626297244379221088, DCA, 11
<134>2021-07-14T21:14:17Z cache-cph20625 MEWElogs[21956]: BLUR, 1626297256778710194, CPH, 11
<134>2021-07-14T21:14:37Z cache-cph20625 MEWElogs[21956]: BLUR, 1626297276432020039, CPH, 11
<134>2021-07-14T21:14:41Z cache-eze19324 MEWElogs[21956]: BLUR, 1626297280461734776, EZE, 11
<134>2021-07-14T21:15:08Z cache-bog6425 MEWElogs[21956]: BLUR, 1626297307245266027, BOG, 11
<134>2021-07-14T21:15:29Z cache-akl10324 MEWElogs[21956]: BLUR, 1626297329715289258, AKL, 11
<134>2021-07-14T21:15:56Z cache-bog6425 MEWElogs[21956]: BLUR, 1626297355143893258, BOG, 11
<134>2021-07-14T21:15:58Z cache-dca17782 MEWElogs[21956]: BLUR, 1626297357428966723, DCA, 11
<134>2021-07-14T21:16:01Z cache-eze19324 MEWElogs[21956]: BLUR, 1626297360815052436, EZE, 11
<134>2021-07-14T21:16:42Z cache-fty21383 MEWElogs[21956]: BLUR, 1626297401828015069, FTY, 11
<134>2021-07-14T21:17:58Z cache-cmh21547 MEWElogs[21956]: BLUR, 1626297478854739546, CMH, 11
<134>2021-07-14T21:18:05Z cache-bos4657 MEWElogs[21956]: BLUR, 1626297485668784961, BOS, 11
<134>2021-07-14T21:19:05Z cache-wdc5583 MEWElogs[21956]: BLUR, 1626297545009304971, WDC, 11
<134>2021-07-14T21:19:14Z cache-cmh21547 MEWElogs[21956]: BLUR, 1626297553814709460, CMH, 11
