<134>2021-07-15T04:47:25Z cache-iah17271 MEWElogs[334804]: ROTATE, 1626324444863524892, IAH, 15
<134>2021-07-15T04:47:37Z cache-iah17271 MEWElogs[334804]: ROTATE, 1626324456466350468, IAH, 15
<134>2021-07-15T04:47:38Z cache-bur17583 MEWElogs[334804]: ROTATE, 1626324457277057239, BUR, 15
<134>2021-07-15T04:48:41Z cache-lon4249 MEWElogs[334804]: ROTATE, 1626324520783048525, LON, 15
<134>2021-07-15T04:49:28Z cache-hel6829 MEWElogs[334804]: ROTATE, 1626324567978684750, HEL, 15
<134>2021-07-15T04:50:14Z cache-den8274 MEWElogs[334804]: ROTATE, 1626324613791522348, DEN, 15
<134>2021-07-15T04:50:15Z cache-jnb7027 MEWElogs[334804]: ROTATE, 1626324614112626428, JNB, 15
<134>2021-07-15T04:50:34Z cache-jnb7027 MEWElogs[334804]: ROTATE, 1626324632972963820, JNB, 15
<134>2021-07-15T04:50:37Z cache-lon4249 MEWElogs[334804]: ROTATE, 1626324636495215146, LON, 15
<134>2021-07-15T04:51:03Z cache-mrs10583 MEWElogs[334804]: ROTATE, 1626324662190569872, MRS, 15
<134>2021-07-15T04:51:20Z cache-hel6829 MEWElogs[334804]: ROTATE, 1626324679826221400, HEL, 15
<134>2021-07-15T04:51:31Z cache-lon4249 MEWElogs[334804]: ROTATE, 1626324690343543263, LON, 15
<134>2021-07-15T04:51:31Z cache-mad22068 MEWElogs[334804]: ROTATE, 1626324690537245144, MAD, 15
<134>2021-07-15T04:52:00Z cache-dal21283 MEWElogs[334804]: ROTATE, 1626324719152212800, DAL, 15
<134>2021-07-15T04:52:26Z cache-hkg17929 MEWElogs[334804]: ROTATE, 1626324746066219907, HKG, 15
<134>2021-07-15T04:53:01Z cache-mrs10583 MEWElogs[334804]: ROTATE, 1626324780157779657, MRS, 15
<134>2021-07-15T04:53:47Z cache-stp9226 MEWElogs[334804]: ROTATE, 1626324826372876265, STP, 15
<134>2021-07-15T04:53:58Z cache-yul12826 MEWElogs[334804]: ROTATE, 1626324837526919860, YUL, 15
<134>2021-07-15T04:54:20Z cache-mrs10583 MEWElogs[334804]: ROTATE, 1626324859411194860, MRS, 15
<134>2021-07-15T04:54:21Z cache-hkg17929 MEWElogs[334804]: ROTATE, 1626324860765620622, HKG, 15
<134>2021-07-15T04:56:15Z cache-bur17583 MEWElogs[334804]: ROTATE, 1626324975178126723, BUR, 15
<134>2021-07-15T04:56:27Z cache-hkg17929 MEWElogs[334804]: ROTATE, 1626324987434604461, HKG, 15
<134>2021-07-15T04:56:35Z cache-mci5951 MEWElogs[334804]: ROTATE, 1626324994661335703, MCI, 15
<134>2021-07-15T04:56:50Z cache-lhr7382 MEWElogs[334804]: ROTATE, 1626325009942086318, LHR, 15
<134>2021-07-15T04:56:58Z cache-yul12826 MEWElogs[334804]: ROTATE, 1626325017693258197, YUL, 15
<134>2021-07-15T04:57:03Z cache-stp9226 MEWElogs[334804]: ROTATE, 1626325022083277144, STP, 15
<134>2021-07-15T04:57:22Z cache-lhr7382 MEWElogs[334804]: ROTATE, 1626325041376130453, LHR, 15
