<134>2021-07-15T00:42:18Z cache-jnb7027 MEWElogs[320228]: CROP, 1626309737420901983, JNB, 12
<134>2021-07-15T00:42:26Z cache-jnb7027 MEWElogs[320228]: CROP, 1626309745172315832, JNB, 12
<134>2021-07-15T00:42:46Z cache-jnb7027 MEWElogs[320228]: CROP, 1626309764872067960, JNB, 12
<134>2021-07-15T00:42:50Z cache-lcy19283 MEWElogs[320228]: CROP, 1626309769808634101, LCY, 12
<134>2021-07-15T00:43:01Z cache-den8274 MEWElogs[320228]: CROP, 1626309781506091043, DEN, 12
<134>2021-07-15T00:43:02Z cache-jnb7027 MEWElogs[320228]: CROP, 1626309781078499033, JNB, 12
<134>2021-07-15T00:43:15Z cache-hel6829 MEWElogs[320228]: CROP, 1626309794354257660, HEL, 12
<134>2021-07-15T00:43:22Z cache-cwb20520 MEWElogs[320228]: CROP, 1626309801607528786, CWB, 12
<134>2021-07-15T00:43:32Z cache-bur17583 MEWElogs[320228]: CROP, 1626309811529532076, BUR, 12
<134>2021-07-15T00:43:37Z cache-iah17271 MEWElogs[320228]: CROP, 1626309816292145128, IAH, 12
<134>2021-07-15T00:43:37Z cache-lcy19283 MEWElogs[320228]: CROP, 1626309817223101188, LCY, 12
<134>2021-07-15T00:43:46Z cache-iah17271 MEWElogs[320228]: CROP, 1626309825922504100, IAH, 12
<134>2021-07-15T00:44:10Z cache-mad22068 MEWElogs[320228]: CROP, 1626309849991679051, MAD, 12
<134>2021-07-15T00:44:41Z cache-dal21283 MEWElogs[320228]: CROP, 1626309881053572974, DAL, 12
<134>2021-07-15T00:44:52Z cache-cwb20520 MEWElogs[320228]: CROP, 1626309891487437716, CWB, 12
<134>2021-07-15T00:44:55Z cache-lcy19283 MEWElogs[320228]: CROP, 1626309894644997454, LCY, 12
<134>2021-07-15T00:45:09Z cache-dal21283 MEWElogs[320228]: CROP, 1626309909180785918, DAL, 12
<134>2021-07-15T00:45:13Z cache-lcy19283 MEWElogs[320228]: CROP, 1626309912664346847, LCY, 12
<134>2021-07-15T00:45:15Z cache-jnb7027 MEWElogs[320228]: CROP, 1626309914338070370, JNB, 12
<134>2021-07-15T00:45:25Z cache-lcy19283 MEWElogs[320228]: CROP, 1626309924542156957, LCY, 12
<134>2021-07-15T00:45:35Z cache-jnb7027 MEWElogs[320228]: CROP, 1626309934168872446, JNB, 12
<134>2021-07-15T00:45:48Z cache-mrs10583 MEWElogs[320228]: CROP, 1626309947498032853, MRS, 12
<134>2021-07-15T00:45:54Z cache-hkg17929 MEWElogs[320228]: CROP, 1626309953826453273, HKG, 12
<134>2021-07-15T00:45:58Z cache-bur17583 MEWElogs[320228]: CROP, 1626309958079901174, BUR, 12
<134>2021-07-15T00:46:02Z cache-bur17583 MEWElogs[320228]: CROP, 1626309962362924222, BUR, 12
<134>2021-07-15T00:46:04Z cache-lcy19283 MEWElogs[320228]: CROP, 1626309963248725530, LCY, 12
<134>2021-07-15T00:46:11Z cache-mad22068 MEWElogs[320228]: CROP, 1626309970651770233, MAD, 12
<134>2021-07-15T00:46:18Z cache-hkg17929 MEWElogs[320228]: CROP, 1626309977829375258, HKG, 12
<134>2021-07-15T00:46:28Z cache-bur17583 MEWElogs[320228]: CROP, 1626309988419991928, BUR, 12
<134>2021-07-15T00:46:35Z cache-iah17271 MEWElogs[320228]: CROP, 1626309994399834833, IAH, 12
<134>2021-07-15T00:46:35Z cache-mad22068 MEWElogs[320228]: CROP, 1626309994217222529, MAD, 12
<134>2021-07-15T00:46:40Z cache-dal21283 MEWElogs[320228]: CROP, 1626309999203824754, DAL, 12
<134>2021-07-15T00:46:43Z cache-lcy19283 MEWElogs[320228]: CROP, 1626310002162504064, LCY, 12
<134>2021-07-15T00:46:44Z cache-dal21283 MEWElogs[320228]: CROP, 1626310003634321819, DAL, 12
<134>2021-07-15T00:46:51Z cache-den8274 MEWElogs[320228]: CROP, 1626310010767693995, DEN, 12
<134>2021-07-15T00:47:23Z cache-dal21283 MEWElogs[320228]: CROP, 1626310042703248224, DAL, 12
<134>2021-07-15T00:47:24Z cache-mrs10583 MEWElogs[320228]: CROP, 1626310043616363797, MRS, 12
<134>2021-07-15T00:47:38Z cache-lhr7382 MEWElogs[320228]: CROP, 1626310057406664191, LHR, 12
<134>2021-07-15T00:47:40Z cache-hkg17929 MEWElogs[320228]: CROP, 1626310059567205946, HKG, 12
<134>2021-07-15T00:47:44Z cache-lhr7382 MEWElogs[320228]: CROP, 1626310063012886200, LHR, 12
<134>2021-07-15T00:47:45Z cache-jnb7027 MEWElogs[320228]: CROP, 1626310064647684049, JNB, 12
<134>2021-07-15T00:47:46Z cache-lhr7382 MEWElogs[320228]: CROP, 1626310065808886515, LHR, 12
<134>2021-07-15T00:48:16Z cache-bur17583 MEWElogs[320228]: CROP, 1626310096195548020, BUR, 12
<134>2021-07-15T00:48:19Z cache-mad22068 MEWElogs[320228]: CROP, 1626310099273672002, MAD, 12
<134>2021-07-15T00:48:21Z cache-jax20933 MEWElogs[320228]: CROP, 1626310100653165587, JAX, 12
<134>2021-07-15T00:48:23Z cache-hkg17929 MEWElogs[320228]: CROP, 1626310102880823997, HKG, 12
<134>2021-07-15T00:48:29Z cache-mia11368 MEWElogs[320228]: CROP, 1626310109379937560, MIA, 12
<134>2021-07-15T00:48:56Z cache-man4150 MEWElogs[320228]: CROP, 1626310135409114725, MAN, 12
<134>2021-07-15T00:49:01Z cache-mia11368 MEWElogs[320228]: CROP, 1626310141397850196, MIA, 12
<134>2021-07-15T00:49:07Z cache-bur17583 MEWElogs[320228]: CROP, 1626310147700520053, BUR, 12
<134>2021-07-15T00:49:22Z cache-stp9226 MEWElogs[320228]: CROP, 1626310161963554735, STP, 12
<134>2021-07-15T00:49:53Z cache-dal21283 MEWElogs[320228]: CROP, 1626310193101043594, DAL, 12
<134>2021-07-15T00:50:07Z cache-lhr7382 MEWElogs[320228]: CROP, 1626310206657837202, LHR, 12
<134>2021-07-15T00:50:12Z cache-stp9226 MEWElogs[320228]: CROP, 1626310211490852136, STP, 12
<134>2021-07-15T00:50:17Z cache-jax20933 MEWElogs[320228]: CROP, 1626310216308686277, JAX, 12
<134>2021-07-15T00:50:20Z cache-mci5951 MEWElogs[320228]: CROP, 1626310219112012440, MCI, 12
<134>2021-07-15T00:50:32Z cache-mci5951 MEWElogs[320228]: CROP, 1626310232075431667, MCI, 12
<134>2021-07-15T00:51:02Z cache-lhr7382 MEWElogs[320228]: CROP, 1626310261298825260, LHR, 12
<134>2021-07-15T00:51:26Z cache-man4150 MEWElogs[320228]: CROP, 1626310285436025073, MAN, 12
<134>2021-07-15T00:51:37Z cache-jax20933 MEWElogs[320228]: CROP, 1626310296827470164, JAX, 12
<134>2021-07-15T00:51:57Z cache-mel11272 MEWElogs[320228]: CROP, 1626310316713386782, MEL, 12
<134>2021-07-15T00:52:12Z cache-stp9226 MEWElogs[320228]: CROP, 1626310331690277038, STP, 12
<134>2021-07-15T00:52:15Z cache-jax20933 MEWElogs[320228]: CROP, 1626310334017508934, JAX, 12
