<134>2021-07-15T02:23:00Z cache-cgh11183 MEWElogs[216063]: GRAY, 1626315779432236988, CGH, 13
<134>2021-07-15T02:23:04Z cache-sjc10078 MEWElogs[216063]: GRAY, 1626315783023229614, SJC, 13
<134>2021-07-15T02:23:05Z cache-cgh11122 MEWElogs[216063]: GRAY, 1626315784621601205, CGH, 13
<134>2021-07-15T02:23:11Z cache-sjc10078 MEWElogs[216063]: GRAY, 1626315790400992839, SJC, 13
<134>2021-07-15T02:23:14Z cache-cgh11183 MEWElogs[216063]: GRAY, 1626315793328954760, CGH, 13
<134>2021-07-15T02:23:21Z cache-itm18851 MEWElogs[216063]: GRAY, 1626315801540070669, ITM, 13
<134>2021-07-15T02:24:16Z cache-cgh11183 MEWElogs[216063]: GRAY, 1626315855592583806, CGH, 13
<134>2021-07-15T02:24:23Z cache-tyo11974 MEWElogs[216063]: GRAY, 1626315862964896238, TYO, 13
<134>2021-07-15T02:24:37Z cache-itm18851 MEWElogs[216063]: GRAY, 1626315876785761339, ITM, 13
<134>2021-07-15T02:24:42Z cache-tyo11974 MEWElogs[216063]: GRAY, 1626315881729751300, TYO, 13
<134>2021-07-15T02:24:54Z cache-tyo11974 MEWElogs[216063]: GRAY, 1626315894570604873, TYO, 13
<134>2021-07-15T02:24:55Z cache-sea4483 MEWElogs[216063]: GRAY, 1626315894279169119, SEA, 13
<134>2021-07-15T02:24:58Z cache-sjc10078 MEWElogs[216063]: GRAY, 1626315898213827162, SJC, 13
<134>2021-07-15T02:25:08Z cache-itm18851 MEWElogs[216063]: GRAY, 1626315907218777148, ITM, 13
<134>2021-07-15T02:25:41Z cache-yyz4551 MEWElogs[216063]: GRAY, 1626315940968153083, YYZ, 13
<134>2021-07-15T02:25:42Z cache-sjc10078 MEWElogs[216063]: GRAY, 1626315941880538759, SJC, 13
<134>2021-07-15T02:25:58Z cache-bma1628 MEWElogs[216063]: GRAY, 1626315957144192024, BMA, 13
<134>2021-07-15T02:26:07Z cache-yyz4551 MEWElogs[216063]: GRAY, 1626315966302514316, YYZ, 13
<134>2021-07-15T02:26:14Z cache-bma1628 MEWElogs[216063]: GRAY, 1626315973053958786, BMA, 13
<134>2021-07-15T02:26:18Z cache-sjc10078 MEWElogs[216063]: GRAY, 1626315978111440910, SJC, 13
<134>2021-07-15T02:26:29Z cache-bma1628 MEWElogs[216063]: GRAY, 1626315988845375697, BMA, 13
<134>2021-07-15T02:26:50Z cache-tyo11974 MEWElogs[216063]: GRAY, 1626316009074666620, TYO, 13
<134>2021-07-15T02:26:56Z cache-tyo11974 MEWElogs[216063]: GRAY, 1626316015442884982, TYO, 13
<134>2021-07-15T02:27:00Z cache-cgh11183 MEWElogs[216063]: GRAY, 1626316020277570751, CGH, 13
<134>2021-07-15T02:27:16Z cache-yyz4551 MEWElogs[216063]: GRAY, 1626316035813740914, YYZ, 13
<134>2021-07-15T02:27:16Z cache-sjc10078 MEWElogs[216063]: GRAY, 1626316035249771950, SJC, 13
<134>2021-07-15T02:27:28Z cache-bma1628 MEWElogs[216063]: GRAY, 1626316047406635375, BMA, 13
<134>2021-07-15T02:27:28Z cache-cgh11183 MEWElogs[216063]: GRAY, 1626316047707029828, CGH, 13
<134>2021-07-15T02:27:51Z cache-sjc10078 MEWElogs[216063]: GRAY, 1626316071088280564, SJC, 13
<134>2021-07-15T02:28:37Z cache-cgh11183 MEWElogs[216063]: GRAY, 1626316116651671081, CGH, 13
<134>2021-07-15T02:29:10Z cache-cgh11183 MEWElogs[216063]: GRAY, 1626316150200103516, CGH, 13
<134>2021-07-15T02:29:19Z cache-vie21629 MEWElogs[216063]: GRAY, 1626316157999972768, VIE, 13
<134>2021-07-15T02:29:30Z cache-bma1628 MEWElogs[216063]: GRAY, 1626316169624953440, BMA, 13
<134>2021-07-15T02:29:32Z cache-cgh11183 MEWElogs[216063]: GRAY, 1626316171029846591, CGH, 13
<134>2021-07-15T02:29:35Z cache-bma1628 MEWElogs[216063]: GRAY, 1626316174935957072, BMA, 13
<134>2021-07-15T02:30:07Z cache-bma1628 MEWElogs[216063]: GRAY, 1626316206593491545, BMA, 13
<134>2021-07-15T02:30:12Z cache-bma1628 MEWElogs[216063]: GRAY, 1626316211969935334, BMA, 13
<134>2021-07-15T02:31:24Z cache-tyo11974 MEWElogs[216063]: GRAY, 1626316283099186332, TYO, 13
