<134>2021-07-15T05:39:36Z cache-sea4483 MEWElogs[412844]: ROTATE, 1626327576275443937, SEA, 15
<134>2021-07-15T05:40:34Z cache-sjc10078 MEWElogs[412844]: ROTATE, 1626327633627033772, SJC, 15
<134>2021-07-15T05:40:45Z cache-sjc10078 MEWElogs[412844]: ROTATE, 1626327644198629934, SJC, 15
<134>2021-07-15T05:40:54Z cache-vie21629 MEWElogs[412844]: ROTATE, 1626327653280666544, VIE, 15
<134>2021-07-15T05:40:59Z cache-tyo11974 MEWElogs[412844]: ROTATE, 1626327658890210617, TYO, 15
<134>2021-07-15T05:41:18Z cache-sjc10078 MEWElogs[412844]: ROTATE, 1626327677169982018, SJC, 15
<134>2021-07-15T05:41:54Z cache-tyo11974 MEWElogs[412844]: ROTATE, 1626327713644241681, TYO, 15
<134>2021-07-15T05:42:08Z cache-bma1628 MEWElogs[412844]: ROTATE, 1626327727329398321, BMA, 15
<134>2021-07-15T05:42:12Z cache-sjc10078 MEWElogs[412844]: ROTATE, 1626327731496188462, SJC, 15
<134>2021-07-15T05:42:16Z cache-sea4483 MEWElogs[412844]: ROTATE, 1626327735784823255, SEA, 15
<134>2021-07-15T05:43:00Z cache-vie21629 MEWElogs[412844]: ROTATE, 1626327779782742546, VIE, 15
<134>2021-07-15T05:43:16Z cache-vie21629 MEWElogs[412844]: ROTATE, 1626327795505878466, VIE, 15
<134>2021-07-15T05:44:27Z cache-bma1628 MEWElogs[412844]: ROTATE, 1626327866883475592, BMA, 15
<134>2021-07-15T05:44:56Z cache-yyz4551 MEWElogs[412844]: ROTATE, 1626327896139250546, YYZ, 15
<134>2021-07-15T05:45:27Z cache-tyo11974 MEWElogs[412844]: ROTATE, 1626327926174576487, TYO, 15
<134>2021-07-15T05:46:10Z cache-vie21629 MEWElogs[412844]: ROTATE, 1626327969528681647, VIE, 15
<134>2021-07-15T05:46:24Z cache-tyo11974 MEWElogs[412844]: ROTATE, 1626327983498210740, TYO, 15
<134>2021-07-15T05:48:01Z cache-vie21629 MEWElogs[412844]: ROTATE, 1626328080328167441, VIE, 15
<134>2021-07-15T05:48:33Z cache-vie21629 MEWElogs[412844]: ROTATE, 1626328112025555766, VIE, 15
<134>2021-07-15T05:49:19Z cache-yyz4551 MEWElogs[412844]: ROTATE, 1626328159498186829, YYZ, 15
