<134>2021-07-15T00:32:40Z cache-bog6425 MEWElogs[418388]: CROP, 1626309159551579893, BOG, 12
<134>2021-07-15T00:32:43Z cache-ord1740 MEWElogs[418388]: CROP, 1626309162616732982, ORD, 12
<134>2021-07-15T00:32:49Z cache-wdc5583 MEWElogs[418388]: CROP, 1626309169592052552, WDC, 12
<134>2021-07-15T00:32:55Z cache-ams21020 MEWElogs[418388]: CROP, 1626309175203513545, AMS, 12
<134>2021-07-15T00:33:15Z cache-wdc5583 MEWElogs[418388]: CROP, 1626309194590735180, WDC, 12
<134>2021-07-15T00:33:32Z cache-maa10251 MEWElogs[418388]: CROP, 1626309212174320339, MAA, 12
<134>2021-07-15T00:33:38Z cache-mdw17383 MEWElogs[418388]: CROP, 1626309218145037260, MDW, 12
<134>2021-07-15T00:33:40Z cache-maa10251 MEWElogs[418388]: CROP, 1626309219851632233, MAA, 12
<134>2021-07-15T00:33:57Z cache-eze19324 MEWElogs[418388]: CROP, 1626309236796549469, EZE, 12
<134>2021-07-15T00:34:07Z cache-dca17782 MEWElogs[418388]: CROP, 1626309246745051383, DCA, 12
<134>2021-07-15T00:34:10Z cache-pdk17882 MEWElogs[418388]: CROP, 1626309249855683580, PDK, 12
<134>2021-07-15T00:34:35Z cache-pdk17882 MEWElogs[418388]: CROP, 1626309275137640731, PDK, 12
<134>2021-07-15T00:34:46Z cache-chi21126 MEWElogs[418388]: CROP, 1626309285623642109, CHI, 12
<134>2021-07-15T00:34:53Z cache-wdc5583 MEWElogs[418388]: CROP, 1626309292982218298, WDC, 12
<134>2021-07-15T00:34:58Z cache-mdw17383 MEWElogs[418388]: CROP, 1626309297805286321, MDW, 12
<134>2021-07-15T00:35:01Z cache-wdc5583 MEWElogs[418388]: CROP, 1626309301509656025, WDC, 12
<134>2021-07-15T00:35:03Z cache-bog6425 MEWElogs[418388]: CROP, 1626309302931643850, BOG, 12
<134>2021-07-15T00:35:05Z cache-eze19324 MEWElogs[418388]: CROP, 1626309303985032050, EZE, 12
<134>2021-07-15T00:35:09Z cache-eze19324 MEWElogs[418388]: CROP, 1626309309107050187, EZE, 12
<134>2021-07-15T00:35:19Z cache-wdc5583 MEWElogs[418388]: CROP, 1626309319261379153, WDC, 12
<134>2021-07-15T00:35:29Z cache-dfw18678 MEWElogs[418388]: CROP, 1626309328553808712, DFW, 12
<134>2021-07-15T00:35:37Z cache-wdc5583 MEWElogs[418388]: CROP, 1626309336604892150, WDC, 12
<134>2021-07-15T00:35:47Z cache-mdw17383 MEWElogs[418388]: CROP, 1626309346010232770, MDW, 12
<134>2021-07-15T00:35:52Z cache-eze19324 MEWElogs[418388]: CROP, 1626309351290326181, EZE, 12
<134>2021-07-15T00:35:56Z cache-bos4657 MEWElogs[418388]: CROP, 1626309355872400546, BOS, 12
<134>2021-07-15T00:35:59Z cache-mdw17383 MEWElogs[418388]: CROP, 1626309359337785569, MDW, 12
<134>2021-07-15T00:36:19Z cache-bos4657 MEWElogs[418388]: CROP, 1626309378577047992, BOS, 12
<134>2021-07-15T00:36:23Z cache-akl10324 MEWElogs[418388]: CROP, 1626309382211936680, AKL, 12
<134>2021-07-15T00:36:27Z cache-del21735 MEWElogs[418388]: CROP, 1626309386284981757, DEL, 12
<134>2021-07-15T00:36:27Z cache-cph20625 MEWElogs[418388]: CROP, 1626309386579337513, CPH, 12
<134>2021-07-15T00:36:42Z cache-del21735 MEWElogs[418388]: CROP, 1626309401283401411, DEL, 12
<134>2021-07-15T00:36:45Z cache-chi21126 MEWElogs[418388]: CROP, 1626309404569839507, CHI, 12
<134>2021-07-15T00:36:46Z cache-del21735 MEWElogs[418388]: CROP, 1626309404981855374, DEL, 12
<134>2021-07-15T00:36:47Z cache-dfw18678 MEWElogs[418388]: CROP, 1626309407135208715, DFW, 12
<134>2021-07-15T00:36:56Z cache-akl10324 MEWElogs[418388]: CROP, 1626309415430958975, AKL, 12
<134>2021-07-15T00:37:04Z cache-pwk4920 MEWElogs[418388]: CROP, 1626309424283987801, PWK, 12
<134>2021-07-15T00:37:17Z cache-pwk4920 MEWElogs[418388]: CROP, 1626309436779404896, PWK, 12
<134>2021-07-15T00:37:22Z cache-bos4657 MEWElogs[418388]: CROP, 1626309441767966182, BOS, 12
<134>2021-07-15T00:37:36Z cache-fty21383 MEWElogs[418388]: CROP, 1626309454974471907, FTY, 12
<134>2021-07-15T00:37:38Z cache-pwk4920 MEWElogs[418388]: CROP, 1626309458571175347, PWK, 12
<134>2021-07-15T00:37:52Z cache-del21735 MEWElogs[418388]: CROP, 1626309471710553083, DEL, 12
<134>2021-07-15T00:38:09Z cache-dfw18678 MEWElogs[418388]: CROP, 1626309489304906459, DFW, 12
<134>2021-07-15T00:38:20Z cache-akl10324 MEWElogs[418388]: CROP, 1626309499173791203, AKL, 12
<134>2021-07-15T00:38:25Z cache-bos4657 MEWElogs[418388]: CROP, 1626309505028482419, BOS, 12
<134>2021-07-15T00:38:29Z cache-fty21383 MEWElogs[418388]: CROP, 1626309508185207933, FTY, 12
<134>2021-07-15T00:38:35Z cache-chi21126 MEWElogs[418388]: CROP, 1626309514597569420, CHI, 12
<134>2021-07-15T00:38:56Z cache-fty21383 MEWElogs[418388]: CROP, 1626309535056860460, FTY, 12
<134>2021-07-15T00:39:00Z cache-dub4329 MEWElogs[418388]: CROP, 1626309538930517770, DUB, 12
<134>2021-07-15T00:39:05Z cache-chi21126 MEWElogs[418388]: CROP, 1626309544202282318, CHI, 12
<134>2021-07-15T00:39:13Z cache-chi21126 MEWElogs[418388]: CROP, 1626309552782074977, CHI, 12
<134>2021-07-15T00:39:14Z cache-del21735 MEWElogs[418388]: CROP, 1626309552914655026, DEL, 12
<134>2021-07-15T00:39:17Z cache-pwk4920 MEWElogs[418388]: CROP, 1626309556622543181, PWK, 12
<134>2021-07-15T00:39:19Z cache-fty21383 MEWElogs[418388]: CROP, 1626309558023401355, FTY, 12
<134>2021-07-15T00:39:39Z cache-fty21383 MEWElogs[418388]: CROP, 1626309578124142196, FTY, 12
<134>2021-07-15T00:39:39Z cache-del21735 MEWElogs[418388]: CROP, 1626309578707639975, DEL, 12
<134>2021-07-15T00:39:55Z cache-pwk4920 MEWElogs[418388]: CROP, 1626309595013678976, PWK, 12
<134>2021-07-15T00:39:59Z cache-dub4329 MEWElogs[418388]: CROP, 1626309597979401446, DUB, 12
<134>2021-07-15T00:40:05Z cache-del21735 MEWElogs[418388]: CROP, 1626309604205423303, DEL, 12
<134>2021-07-15T00:40:13Z cache-cph20625 MEWElogs[418388]: CROP, 1626309613194937974, CPH, 12
<134>2021-07-15T00:40:29Z cache-pwk4920 MEWElogs[418388]: CROP, 1626309629765719964, PWK, 12
<134>2021-07-15T00:40:30Z cache-akl10324 MEWElogs[418388]: CROP, 1626309629621003913, AKL, 12
<134>2021-07-15T00:40:41Z cache-dfw18678 MEWElogs[418388]: CROP, 1626309640628291770, DFW, 12
<134>2021-07-15T00:40:51Z cache-dub4329 MEWElogs[418388]: CROP, 1626309650780931407, DUB, 12
<134>2021-07-15T00:41:02Z cache-iah17271 MEWElogs[418388]: CROP, 1626309662399380261, IAH, 12
<134>2021-07-15T00:41:12Z cache-akl10324 MEWElogs[418388]: CROP, 1626309671913479369, AKL, 12
<134>2021-07-15T00:41:16Z cache-dub4329 MEWElogs[418388]: CROP, 1626309675173754543, DUB, 12
<134>2021-07-15T00:41:59Z cache-akl10324 MEWElogs[418388]: CROP, 1626309718529721421, AKL, 12
<134>2021-07-15T00:42:03Z cache-iah17271 MEWElogs[418388]: CROP, 1626309722755753212, IAH, 12
<134>2021-07-15T00:42:08Z cache-dub4329 MEWElogs[418388]: CROP, 1626309727483635594, DUB, 12
<134>2021-07-15T00:42:23Z cache-cwb20520 MEWElogs[418388]: CROP, 1626309742578033734, CWB, 12
<134>2021-07-15T00:42:38Z cache-jnb7027 MEWElogs[418388]: CROP, 1626309756927255912, JNB, 12
