<134>2021-07-14T22:12:01Z cache-cwb20520 MEWElogs[412844]: BLUR, 1626300720535270763, CWB, 11
<134>2021-07-14T22:12:17Z cache-hkg17929 MEWElogs[412844]: BLUR, 1626300736300747264, HKG, 11
<134>2021-07-14T22:12:17Z cache-lcy19283 MEWElogs[412844]: BLUR, 1626300736349050065, LCY, 11
<134>2021-07-14T22:12:51Z cache-lcy19283 MEWElogs[412844]: BLUR, 1626300770369607230, LCY, 11
<134>2021-07-14T22:13:27Z cache-hkg17929 MEWElogs[412844]: BLUR, 1626300806339828773, HKG, 11
<134>2021-07-14T22:13:40Z cache-lon4249 MEWElogs[412844]: BLUR, 1626300820658264863, LON, 11
<134>2021-07-14T22:14:24Z cache-mrs10583 MEWElogs[412844]: BLUR, 1626300863640656805, MRS, 11
<134>2021-07-14T22:14:30Z cache-mci5951 MEWElogs[412844]: BLUR, 1626300870276074341, MCI, 11
<134>2021-07-14T22:14:49Z cache-mci5951 MEWElogs[412844]: BLUR, 1626300888357480548, MCI, 11
<134>2021-07-14T22:15:20Z cache-mrs10583 MEWElogs[412844]: BLUR, 1626300919759727410, MRS, 11
<134>2021-07-14T22:15:48Z cache-mrs10583 MEWElogs[412844]: BLUR, 1626300947591257869, MRS, 11
<134>2021-07-14T22:16:00Z cache-mci5951 MEWElogs[412844]: BLUR, 1626300960445572630, MCI, 11
<134>2021-07-14T22:16:17Z cache-mia11368 MEWElogs[412844]: BLUR, 1626300976375245362, MIA, 11
<134>2021-07-14T22:16:18Z cache-mrs10583 MEWElogs[412844]: BLUR, 1626300977716207762, MRS, 11
<134>2021-07-14T22:16:28Z cache-lhr7382 MEWElogs[412844]: BLUR, 1626300987915140952, LHR, 11
<134>2021-07-14T22:17:11Z cache-mia11368 MEWElogs[412844]: BLUR, 1626301030923774812, MIA, 11
<134>2021-07-14T22:18:10Z cache-mci5951 MEWElogs[412844]: BLUR, 1626301089731973153, MCI, 11
<134>2021-07-14T22:18:11Z cache-mrs10583 MEWElogs[412844]: BLUR, 1626301090048576497, MRS, 11
<134>2021-07-14T22:18:13Z cache-bur17583 MEWElogs[412844]: BLUR, 1626301092686555506, BUR, 11
<134>2021-07-14T22:18:28Z cache-mci5951 MEWElogs[412844]: BLUR, 1626301108029986339, MCI, 11
<134>2021-07-14T22:19:38Z cache-mia11368 MEWElogs[412844]: BLUR, 1626301177973229622, MIA, 11
<134>2021-07-14T22:20:51Z cache-bur17583 MEWElogs[412844]: BLUR, 1626301251159930795, BUR, 11
<134>2021-07-14T22:21:08Z cache-dal21283 MEWElogs[412844]: BLUR, 1626301267488557639, DAL, 11
<134>2021-07-14T22:21:09Z cache-bur17583 MEWElogs[412844]: BLUR, 1626301268772198829, BUR, 11
<134>2021-07-14T22:21:30Z cache-mad22068 MEWElogs[412844]: BLUR, 1626301289670783915, MAD, 11
