<134>2021-07-15T05:07:45Z cache-mel11272 MEWElogs[382896]: ROTATE, 1626325664309258711, MEL, 15
<134>2021-07-15T05:08:21Z cache-lax10677 MEWElogs[382896]: ROTATE, 1626325701511403278, LGB, 15
<134>2021-07-15T05:08:45Z cache-lax10677 MEWElogs[382896]: ROTATE, 1626325724856828965, LGB, 15
<134>2021-07-15T05:08:48Z cache-osl6529 MEWElogs[382896]: ROTATE, 1626325727091506549, OSL, 15
<134>2021-07-15T05:08:55Z cache-osl6529 MEWElogs[382896]: ROTATE, 1626325734820034875, OSL, 15
<134>2021-07-15T05:08:56Z cache-lax10677 MEWElogs[382896]: ROTATE, 1626325736569668315, LGB, 15
<134>2021-07-15T05:09:03Z cache-osl6529 MEWElogs[382896]: ROTATE, 1626325742613364591, OSL, 15
<134>2021-07-15T05:09:20Z cache-lga21983 MEWElogs[382896]: ROTATE, 1626325760025435386, LGA, 15
<134>2021-07-15T05:10:13Z cache-ewr18156 MEWElogs[382896]: ROTATE, 1626325813504830332, EWR, 15
<134>2021-07-15T05:10:25Z cache-gig17035 MEWElogs[382896]: ROTATE, 1626325824734869141, GIG, 15
<134>2021-07-15T05:10:42Z cache-bom4751 MEWElogs[382896]: ROTATE, 1626325841871918609, BOM, 15
<134>2021-07-15T05:11:05Z cache-cdg20720 MEWElogs[382896]: ROTATE, 1626325865473022821, CDG, 15
<134>2021-07-15T05:11:48Z cache-bom4751 MEWElogs[382896]: ROTATE, 1626325907425262870, BOM, 15
<134>2021-07-15T05:12:26Z cache-scl19427 MEWElogs[382896]: ROTATE, 1626325945593508395, SCL, 15
<134>2021-07-15T05:12:29Z cache-gru17149 MEWElogs[382896]: ROTATE, 1626325948033612068, GRU, 15
<134>2021-07-15T05:12:37Z cache-ewr18156 MEWElogs[382896]: ROTATE, 1626325956567230443, EWR, 15
<134>2021-07-15T05:12:41Z cache-gig17035 MEWElogs[382896]: ROTATE, 1626325961827965731, GIG, 15
<134>2021-07-15T05:12:56Z cache-cdg20720 MEWElogs[382896]: ROTATE, 1626325975750799067, CDG, 15
<134>2021-07-15T05:13:35Z cache-gig17035 MEWElogs[382896]: ROTATE, 1626326014783556279, GIG, 15
<134>2021-07-15T05:13:36Z cache-stl4834 MEWElogs[382896]: ROTATE, 1626326015093534887, STL, 15
<134>2021-07-15T05:13:54Z cache-osl6529 MEWElogs[382896]: ROTATE, 1626326033727296695, OSL, 15
<134>2021-07-15T05:13:57Z cache-stl4834 MEWElogs[382896]: ROTATE, 1626326036717755298, STL, 15
<134>2021-07-15T05:14:08Z cache-bom4751 MEWElogs[382896]: ROTATE, 1626326047911430464, BOM, 15
<134>2021-07-15T05:14:26Z cache-osl6529 MEWElogs[382896]: ROTATE, 1626326065083917157, OSL, 15
<134>2021-07-15T05:14:27Z cache-itm18851 MEWElogs[382896]: ROTATE, 1626326066806551857, ITM, 15
<134>2021-07-15T05:14:33Z cache-gru17149 MEWElogs[382896]: ROTATE, 1626326072015997369, GRU, 15
<134>2021-07-15T05:14:36Z cache-lax10677 MEWElogs[382896]: ROTATE, 1626326075292015162, LGB, 15
<134>2021-07-15T05:14:38Z cache-gig17035 MEWElogs[382896]: ROTATE, 1626326077197924466, GIG, 15
<134>2021-07-15T05:15:13Z cache-stl4834 MEWElogs[382896]: ROTATE, 1626326112820710145, STL, 15
<134>2021-07-15T05:15:20Z cache-osl6529 MEWElogs[382896]: ROTATE, 1626326119892432488, OSL, 15
<134>2021-07-15T05:15:41Z cache-gig17035 MEWElogs[382896]: ROTATE, 1626326140611796711, GIG, 15
<134>2021-07-15T05:16:07Z cache-osl6529 MEWElogs[382896]: ROTATE, 1626326167286628309, OSL, 15
<134>2021-07-15T05:16:09Z cache-lax10677 MEWElogs[382896]: ROTATE, 1626326168116601406, LGB, 15
<134>2021-07-15T05:16:20Z cache-lax10677 MEWElogs[382896]: ROTATE, 1626326179788141185, LGB, 15
<134>2021-07-15T05:16:23Z cache-mel11272 MEWElogs[382896]: ROTATE, 1626326182750996434, MEL, 15
<134>2021-07-15T05:16:36Z cache-cdg20720 MEWElogs[382896]: ROTATE, 1626326195910624889, CDG, 15
<134>2021-07-15T05:16:40Z cache-osl6529 MEWElogs[382896]: ROTATE, 1626326199453693395, OSL, 15
<134>2021-07-15T05:16:46Z cache-bom4751 MEWElogs[382896]: ROTATE, 1626326206202484266, BOM, 15
<134>2021-07-15T05:16:48Z cache-osl6529 MEWElogs[382896]: ROTATE, 1626326207415956903, OSL, 15
