<134>2021-07-15T06:19:19Z cache-mdw17383 MEWElogs[334804]: UNSH, 1626329958488719443, MDW, 16
<134>2021-07-15T06:19:34Z cache-wdc5583 MEWElogs[334804]: UNSH, 1626329973793882324, WDC, 16
<134>2021-07-15T06:19:59Z cache-ord1740 MEWElogs[334804]: UNSH, 1626329998602915938, ORD, 16
<134>2021-07-15T06:19:59Z cache-maa10251 MEWElogs[334804]: UNSH, 1626329998579914006, MAA, 16
<134>2021-07-15T06:20:12Z cache-ams21020 MEWElogs[334804]: UNSH, 1626330011089978374, AMS, 16
<134>2021-07-15T06:20:28Z cache-ams21020 MEWElogs[334804]: UNSH, 1626330028154981002, AMS, 16
<134>2021-07-15T06:20:33Z cache-cph20625 MEWElogs[334804]: UNSH, 1626330032017335753, CPH, 16
<134>2021-07-15T06:20:36Z cache-wdc5583 MEWElogs[334804]: UNSH, 1626330035507540962, WDC, 16
<134>2021-07-15T06:21:20Z cache-cmh21547 MEWElogs[334804]: UNSH, 1626330079887932689, CMH, 16
<134>2021-07-15T06:22:07Z cache-cph20625 MEWElogs[334804]: UNSH, 1626330126207997362, CPH, 16
<134>2021-07-15T06:22:32Z cache-pdk17882 MEWElogs[334804]: UNSH, 1626330151330349690, PDK, 16
<134>2021-07-15T06:22:48Z cache-cmh21547 MEWElogs[334804]: UNSH, 1626330167550550930, CMH, 16
<134>2021-07-15T06:22:49Z cache-cph20625 MEWElogs[334804]: UNSH, 1626330168571945832, CPH, 16
<134>2021-07-15T06:23:54Z cache-cmh21547 MEWElogs[334804]: UNSH, 1626330233534350966, CMH, 16
<134>2021-07-15T06:23:54Z cache-dca17782 MEWElogs[334804]: UNSH, 1626330233928839153, DCA, 16
<134>2021-07-15T06:23:55Z cache-mdw17383 MEWElogs[334804]: UNSH, 1626330234431082828, MDW, 16
<134>2021-07-15T06:24:04Z cache-dca17782 MEWElogs[334804]: UNSH, 1626330243234989488, DCA, 16
<134>2021-07-15T06:24:32Z cache-dfw18678 MEWElogs[334804]: UNSH, 1626330271484061870, DFW, 16
<134>2021-07-15T06:24:51Z cache-dca17782 MEWElogs[334804]: UNSH, 1626330290624979954, DCA, 16
<134>2021-07-15T06:25:40Z cache-bos4657 MEWElogs[334804]: UNSH, 1626330339486014175, BOS, 16
<134>2021-07-15T06:25:58Z cache-wdc5583 MEWElogs[334804]: UNSH, 1626330357676693395, WDC, 16
<134>2021-07-15T06:26:07Z cache-cmh21547 MEWElogs[334804]: UNSH, 1626330366285076684, CMH, 16
<134>2021-07-15T06:26:51Z cache-cmh21547 MEWElogs[334804]: UNSH, 1626330410230326175, CMH, 16
<134>2021-07-15T06:27:00Z cache-cph20625 MEWElogs[334804]: UNSH, 1626330419545659412, CPH, 16
<134>2021-07-15T06:27:27Z cache-dub4329 MEWElogs[334804]: UNSH, 1626330446641485329, DUB, 16
<134>2021-07-15T06:27:34Z cache-hhn4077 MEWElogs[334804]: UNSH, 1626330453322011916, HHN, 16
<134>2021-07-15T06:27:39Z cache-fty21383 MEWElogs[334804]: UNSH, 1626330458189406258, FTY, 16
<134>2021-07-15T06:28:33Z cache-del21735 MEWElogs[334804]: UNSH, 1626330512592930633, DEL, 16
<134>2021-07-15T06:28:46Z cache-cph20625 MEWElogs[334804]: UNSH, 1626330524965907226, CPH, 16
