<134>2021-07-15T00:28:42Z cache-cmh21547 MEWElogs[322581]: CROP, 1626308921414312987, CMH, 12
<134>2021-07-15T00:28:53Z cache-cmh21547 MEWElogs[322581]: CROP, 1626308932188009422, CMH, 12
<134>2021-07-15T00:29:02Z cache-pdk17882 MEWElogs[322581]: CROP, 1626308941546798558, PDK, 12
<134>2021-07-15T00:29:14Z cache-bog6425 MEWElogs[322581]: CROP, 1626308954261666100, BOG, 12
<134>2021-07-15T00:29:17Z cache-ams21020 MEWElogs[322581]: CROP, 1626308955924430474, AMS, 12
<134>2021-07-15T00:29:30Z cache-mdw17383 MEWElogs[322581]: CROP, 1626308970040120706, MDW, 12
<134>2021-07-15T00:29:45Z cache-cmh21547 MEWElogs[322581]: CROP, 1626308984604383844, CMH, 12
<134>2021-07-15T00:29:59Z cache-maa10251 MEWElogs[322581]: CROP, 1626308998896659425, MAA, 12
<134>2021-07-15T00:30:24Z cache-wdc5583 MEWElogs[322581]: CROP, 1626309023768989081, WDC, 12
<134>2021-07-15T00:30:26Z cache-dca17782 MEWElogs[322581]: CROP, 1626309025520981457, DCA, 12
<134>2021-07-15T00:31:08Z cache-eze19324 MEWElogs[322581]: CROP, 1626309067097123098, EZE, 12
<134>2021-07-15T00:31:24Z cache-bog6425 MEWElogs[322581]: CROP, 1626309083114357296, BOG, 12
<134>2021-07-15T00:31:26Z cache-ord1740 MEWElogs[322581]: CROP, 1626309085173987873, ORD, 12
<134>2021-07-15T00:31:29Z cache-wdc5583 MEWElogs[322581]: CROP, 1626309088216569999, WDC, 12
<134>2021-07-15T00:31:37Z cache-ams21020 MEWElogs[322581]: CROP, 1626309096887953574, AMS, 12
<134>2021-07-15T00:31:42Z cache-wdc5583 MEWElogs[322581]: CROP, 1626309101222724409, WDC, 12
<134>2021-07-15T00:31:50Z cache-dca17782 MEWElogs[322581]: CROP, 1626309109044432356, DCA, 12
<134>2021-07-15T00:32:12Z cache-wdc5583 MEWElogs[322581]: CROP, 1626309131342012121, WDC, 12
<134>2021-07-15T00:32:23Z cache-dca17782 MEWElogs[322581]: CROP, 1626309142525485929, DCA, 12
<134>2021-07-15T00:32:28Z cache-ams21020 MEWElogs[322581]: CROP, 1626309147381208428, AMS, 12
<134>2021-07-15T00:32:31Z cache-eze19324 MEWElogs[322581]: CROP, 1626309149901061555, EZE, 12
<134>2021-07-15T00:32:55Z cache-maa10251 MEWElogs[322581]: CROP, 1626309174213912941, MAA, 12
<134>2021-07-15T00:33:18Z cache-maa10251 MEWElogs[322581]: CROP, 1626309197031210438, MAA, 12
<134>2021-07-15T00:33:25Z cache-ord1740 MEWElogs[322581]: CROP, 1626309204731354858, ORD, 12
<134>2021-07-15T00:33:25Z cache-bog6425 MEWElogs[322581]: CROP, 1626309205551269209, BOG, 12
<134>2021-07-15T00:33:30Z cache-dca17782 MEWElogs[322581]: CROP, 1626309209607903395, DCA, 12
<134>2021-07-15T00:33:36Z cache-ord1740 MEWElogs[322581]: CROP, 1626309215373254739, ORD, 12
<134>2021-07-15T00:33:36Z cache-maa10251 MEWElogs[322581]: CROP, 1626309216103485684, MAA, 12
<134>2021-07-15T00:33:43Z cache-bog6425 MEWElogs[322581]: CROP, 1626309222209174708, BOG, 12
<134>2021-07-15T00:33:59Z cache-dca17782 MEWElogs[322581]: CROP, 1626309239163470602, DCA, 12
<134>2021-07-15T00:34:09Z cache-cmh21547 MEWElogs[322581]: CROP, 1626309248920918402, CMH, 12
<134>2021-07-15T00:34:17Z cache-bog6425 MEWElogs[322581]: CROP, 1626309256408634040, BOG, 12
<134>2021-07-15T00:35:29Z cache-fty21383 MEWElogs[322581]: CROP, 1626309327979329338, FTY, 12
<134>2021-07-15T00:35:45Z cache-cmh21547 MEWElogs[322581]: CROP, 1626309344501581683, CMH, 12
<134>2021-07-15T00:36:14Z cache-cph20625 MEWElogs[322581]: CROP, 1626309373270727240, CPH, 12
<134>2021-07-15T00:36:18Z cache-cph20625 MEWElogs[322581]: CROP, 1626309377631968887, CPH, 12
<134>2021-07-15T00:36:30Z cache-bos4657 MEWElogs[322581]: CROP, 1626309389685868197, BOS, 12
<134>2021-07-15T00:36:43Z cache-eze19324 MEWElogs[322581]: CROP, 1626309402300439553, EZE, 12
<134>2021-07-15T00:36:43Z cache-dfw18678 MEWElogs[322581]: CROP, 1626309402572006784, DFW, 12
<134>2021-07-15T00:36:45Z cache-fty21383 MEWElogs[322581]: CROP, 1626309404959305058, FTY, 12
<134>2021-07-15T00:37:28Z cache-akl10324 MEWElogs[322581]: CROP, 1626309448065719700, AKL, 12
<134>2021-07-15T00:37:50Z cache-dfw18678 MEWElogs[322581]: CROP, 1626309469630993574, DFW, 12
<134>2021-07-15T00:37:54Z cache-cph20625 MEWElogs[322581]: CROP, 1626309473434683861, CPH, 12
<134>2021-07-15T00:38:09Z cache-dub4329 MEWElogs[322581]: CROP, 1626309488969635206, DUB, 12
<134>2021-07-15T00:38:12Z cache-dub4329 MEWElogs[322581]: CROP, 1626309491904178368, DUB, 12
<134>2021-07-15T00:38:15Z cache-dub4329 MEWElogs[322581]: CROP, 1626309494820119994, DUB, 12
<134>2021-07-15T00:38:32Z cache-bos4657 MEWElogs[322581]: CROP, 1626309512409438927, BOS, 12
