<134>2021-07-15T01:22:35Z cache-cmh21547 MEWElogs[318405]: GRAY, 1626312154364782301, CMH, 13
<134>2021-07-15T01:22:37Z cache-wdc5583 MEWElogs[318405]: GRAY, 1626312156304936943, WDC, 13
<134>2021-07-15T01:22:48Z cache-ord1740 MEWElogs[318405]: GRAY, 1626312166978249445, ORD, 13
<134>2021-07-15T01:23:19Z cache-mdw17383 MEWElogs[318405]: GRAY, 1626312198913368778, MDW, 13
<134>2021-07-15T01:23:19Z cache-cmh21547 MEWElogs[318405]: GRAY, 1626312199263385922, CMH, 13
<134>2021-07-15T01:23:40Z cache-wdc5583 MEWElogs[318405]: GRAY, 1626312219279086746, WDC, 13
<134>2021-07-15T01:24:31Z cache-ams21020 MEWElogs[318405]: GRAY, 1626312270566892053, AMS, 13
<134>2021-07-15T01:24:37Z cache-wdc5583 MEWElogs[318405]: GRAY, 1626312277332348287, WDC, 13
<134>2021-07-15T01:24:50Z cache-ams21020 MEWElogs[318405]: GRAY, 1626312290123064848, AMS, 13
<134>2021-07-15T01:25:45Z cache-eze19324 MEWElogs[318405]: GRAY, 1626312344252716167, EZE, 13
<134>2021-07-15T01:26:28Z cache-dca17782 MEWElogs[318405]: GRAY, 1626312387223498741, DCA, 13
<134>2021-07-15T01:26:34Z cache-bog6425 MEWElogs[318405]: GRAY, 1626312394150987089, BOG, 13
<134>2021-07-15T01:26:38Z cache-wdc5583 MEWElogs[318405]: GRAY, 1626312397925085389, WDC, 13
<134>2021-07-15T01:27:16Z cache-maa10251 MEWElogs[318405]: GRAY, 1626312436114657794, MAA, 13
<134>2021-07-15T01:27:32Z cache-pdk17882 MEWElogs[318405]: GRAY, 1626312451309566434, PDK, 13
<134>2021-07-15T01:27:40Z cache-ord1740 MEWElogs[318405]: GRAY, 1626312459122805685, ORD, 13
<134>2021-07-15T01:27:43Z cache-ams21020 MEWElogs[318405]: GRAY, 1626312462436294194, AMS, 13
<134>2021-07-15T01:28:03Z cache-eze19324 MEWElogs[318405]: GRAY, 1626312482202369487, EZE, 13
<134>2021-07-15T01:28:29Z cache-mdw17383 MEWElogs[318405]: GRAY, 1626312508947514318, MDW, 13
<134>2021-07-15T01:28:42Z cache-ord1740 MEWElogs[318405]: GRAY, 1626312521539677733, ORD, 13
<134>2021-07-15T01:29:09Z cache-ams21020 MEWElogs[318405]: GRAY, 1626312548424318920, AMS, 13
<134>2021-07-15T01:29:09Z cache-maa10251 MEWElogs[318405]: GRAY, 1626312548601725917, MAA, 13
<134>2021-07-15T01:29:10Z cache-dca17782 MEWElogs[318405]: GRAY, 1626312549497659418, DCA, 13
<134>2021-07-15T01:29:10Z cache-cmh21547 MEWElogs[318405]: GRAY, 1626312550233281087, CMH, 13
<134>2021-07-15T01:29:21Z cache-maa10251 MEWElogs[318405]: GRAY, 1626312560496063072, MAA, 13
<134>2021-07-15T01:29:35Z cache-wdc5583 MEWElogs[318405]: GRAY, 1626312574279265554, WDC, 13
<134>2021-07-15T01:29:43Z cache-pdk17882 MEWElogs[318405]: GRAY, 1626312583156397563, PDK, 13
<134>2021-07-15T01:30:42Z cache-ord1740 MEWElogs[318405]: GRAY, 1626312641687962625, ORD, 13
<134>2021-07-15T01:31:09Z cache-cph20625 MEWElogs[318405]: GRAY, 1626312668154510102, CPH, 13
<134>2021-07-15T01:31:32Z cache-pdk17882 MEWElogs[318405]: GRAY, 1626312691350888779, PDK, 13
<134>2021-07-15T01:31:40Z cache-cph20625 MEWElogs[318405]: GRAY, 1626312699751639916, CPH, 13
<134>2021-07-15T01:31:50Z cache-eze19324 MEWElogs[318405]: GRAY, 1626312709227693601, EZE, 13
<134>2021-07-15T01:32:13Z cache-eze19324 MEWElogs[318405]: GRAY, 1626312733196238332, EZE, 13
