<134>2021-07-15T01:22:08Z cache-wdc5583 MEWElogs[322023]: GRAY, 1626312127613932970, WDC, 13
<134>2021-07-15T01:22:11Z cache-ams21020 MEWElogs[322023]: GRAY, 1626312130749849174, AMS, 13
<134>2021-07-15T01:22:34Z cache-bog6425 MEWElogs[322023]: GRAY, 1626312153453979831, BOG, 13
<134>2021-07-15T01:22:36Z cache-ord1740 MEWElogs[322023]: GRAY, 1626312155515675703, ORD, 13
<134>2021-07-15T01:22:36Z cache-dca17782 MEWElogs[322023]: GRAY, 1626312155621209151, DCA, 13
<134>2021-07-15T01:22:43Z cache-wdc5583 MEWElogs[322023]: GRAY, 1626312163205047834, WDC, 13
<134>2021-07-15T01:23:04Z cache-wdc5583 MEWElogs[322023]: GRAY, 1626312184069898218, WDC, 13
<134>2021-07-15T01:23:34Z cache-mdw17383 MEWElogs[322023]: GRAY, 1626312213929653744, MDW, 13
<134>2021-07-15T01:23:46Z cache-pdk17882 MEWElogs[322023]: GRAY, 1626312225612213818, PDK, 13
<134>2021-07-15T01:24:04Z cache-cmh21547 MEWElogs[322023]: GRAY, 1626312244102985390, CMH, 13
<134>2021-07-15T01:24:16Z cache-ams21020 MEWElogs[322023]: GRAY, 1626312256400553264, AMS, 13
<134>2021-07-15T01:24:16Z cache-wdc5583 MEWElogs[322023]: GRAY, 1626312256596164919, WDC, 13
<134>2021-07-15T01:24:31Z cache-maa10251 MEWElogs[322023]: GRAY, 1626312270592398528, MAA, 13
<134>2021-07-15T01:24:34Z cache-bog6425 MEWElogs[322023]: GRAY, 1626312274042658870, BOG, 13
<134>2021-07-15T01:25:07Z cache-bog6425 MEWElogs[322023]: GRAY, 1626312306645712809, BOG, 13
<134>2021-07-15T01:25:28Z cache-ord1740 MEWElogs[322023]: GRAY, 1626312327396569952, ORD, 13
<134>2021-07-15T01:25:33Z cache-ams21020 MEWElogs[322023]: GRAY, 1626312332851851597, AMS, 13
<134>2021-07-15T01:26:02Z cache-ams21020 MEWElogs[322023]: GRAY, 1626312361475324763, AMS, 13
<134>2021-07-15T01:26:12Z cache-ams21020 MEWElogs[322023]: GRAY, 1626312371130521751, AMS, 13
<134>2021-07-15T01:26:21Z cache-bog6425 MEWElogs[322023]: GRAY, 1626312380611869733, BOG, 13
<134>2021-07-15T01:26:36Z cache-ord1740 MEWElogs[322023]: GRAY, 1626312395928698628, ORD, 13
<134>2021-07-15T01:27:49Z cache-bog6425 MEWElogs[322023]: GRAY, 1626312467863772856, BOG, 13
<134>2021-07-15T01:28:09Z cache-cmh21547 MEWElogs[322023]: GRAY, 1626312489061532942, CMH, 13
<134>2021-07-15T01:28:16Z cache-ams21020 MEWElogs[322023]: GRAY, 1626312496009978640, AMS, 13
<134>2021-07-15T01:28:20Z cache-pdk17882 MEWElogs[322023]: GRAY, 1626312499261824629, PDK, 13
<134>2021-07-15T01:28:22Z cache-maa10251 MEWElogs[322023]: GRAY, 1626312501743537961, MAA, 13
<134>2021-07-15T01:28:48Z cache-cmh21547 MEWElogs[322023]: GRAY, 1626312527467207583, CMH, 13
<134>2021-07-15T01:28:55Z cache-cmh21547 MEWElogs[322023]: GRAY, 1626312535071502700, CMH, 13
<134>2021-07-15T01:29:08Z cache-wdc5583 MEWElogs[322023]: GRAY, 1626312547079337477, WDC, 13
<134>2021-07-15T01:30:08Z cache-bog6425 MEWElogs[322023]: GRAY, 1626312607861492613, BOG, 13
<134>2021-07-15T01:30:14Z cache-maa10251 MEWElogs[322023]: GRAY, 1626312613606072794, MAA, 13
<134>2021-07-15T01:30:43Z cache-dca17782 MEWElogs[322023]: GRAY, 1626312643362770842, DCA, 13
<134>2021-07-15T01:30:47Z cache-mdw17383 MEWElogs[322023]: GRAY, 1626312646933572849, MDW, 13
<134>2021-07-15T01:31:05Z cache-cmh21547 MEWElogs[322023]: GRAY, 1626312664496610492, CMH, 13
<134>2021-07-15T01:31:21Z cache-cph20625 MEWElogs[322023]: GRAY, 1626312680623521233, CPH, 13
<134>2021-07-15T01:31:26Z cache-eze19324 MEWElogs[322023]: GRAY, 1626312684999608866, EZE, 13
<134>2021-07-15T01:31:55Z cache-dfw18678 MEWElogs[322023]: GRAY, 1626312715359589375, DFW, 13
<134>2021-07-15T01:31:56Z cache-mdw17383 MEWElogs[322023]: GRAY, 1626312716313819889, MDW, 13
