<134>2021-07-15T01:44:31Z cache-cwb20520 MEWElogs[418388]: GRAY, 1626313470745905552, CWB, 13
<134>2021-07-15T01:44:38Z cache-dal21283 MEWElogs[418388]: GRAY, 1626313476973173126, DAL, 13
<134>2021-07-15T01:44:59Z cache-jnb7027 MEWElogs[418388]: GRAY, 1626313498313226295, JNB, 13
<134>2021-07-15T01:45:00Z cache-iah17271 MEWElogs[418388]: GRAY, 1626313499684519793, IAH, 13
<134>2021-07-15T01:45:05Z cache-cwb20520 MEWElogs[418388]: GRAY, 1626313504855194265, CWB, 13
<134>2021-07-15T01:45:31Z cache-pwk4920 MEWElogs[418388]: GRAY, 1626313530828157628, PWK, 13
<134>2021-07-15T01:46:03Z cache-dal21283 MEWElogs[418388]: GRAY, 1626313562615145013, DAL, 13
<134>2021-07-15T01:46:14Z cache-den8274 MEWElogs[418388]: GRAY, 1626313573776495153, DEN, 13
<134>2021-07-15T01:46:16Z cache-hel6829 MEWElogs[418388]: GRAY, 1626313574983073825, HEL, 13
<134>2021-07-15T01:46:18Z cache-jnb7027 MEWElogs[418388]: GRAY, 1626313577011246687, JNB, 13
<134>2021-07-15T01:46:48Z cache-lon4249 MEWElogs[418388]: GRAY, 1626313607140503660, LON, 13
<134>2021-07-15T01:47:01Z cache-cwb20520 MEWElogs[418388]: GRAY, 1626313620135580892, CWB, 13
<134>2021-07-15T01:47:20Z cache-den8274 MEWElogs[418388]: GRAY, 1626313639727380299, DEN, 13
<134>2021-07-15T01:47:20Z cache-lon4249 MEWElogs[418388]: GRAY, 1626313639806184219, LON, 13
<134>2021-07-15T01:47:39Z cache-bur17583 MEWElogs[418388]: GRAY, 1626313659031168942, BUR, 13
<134>2021-07-15T01:48:06Z cache-mad22068 MEWElogs[418388]: GRAY, 1626313685747125402, MAD, 13
<134>2021-07-15T01:49:04Z cache-den8274 MEWElogs[418388]: GRAY, 1626313744408976623, DEN, 13
<134>2021-07-15T01:49:14Z cache-hel6829 MEWElogs[418388]: GRAY, 1626313753274763323, HEL, 13
<134>2021-07-15T01:49:37Z cache-dal21283 MEWElogs[418388]: GRAY, 1626313776777054497, DAL, 13
<134>2021-07-15T01:50:15Z cache-den8274 MEWElogs[418388]: GRAY, 1626313814721135257, DEN, 13
<134>2021-07-15T01:50:17Z cache-bur17583 MEWElogs[418388]: GRAY, 1626313816449489534, BUR, 13
<134>2021-07-15T01:50:43Z cache-cwb20520 MEWElogs[418388]: GRAY, 1626313842959052618, CWB, 13
<134>2021-07-15T01:51:35Z cache-dal21283 MEWElogs[418388]: GRAY, 1626313894252623728, DAL, 13
<134>2021-07-15T01:51:50Z cache-jnb7027 MEWElogs[418388]: GRAY, 1626313910150340083, JNB, 13
<134>2021-07-15T01:52:03Z cache-bur17583 MEWElogs[418388]: GRAY, 1626313923375498768, BUR, 13
<134>2021-07-15T01:52:12Z cache-iah17271 MEWElogs[418388]: GRAY, 1626313932052122531, IAH, 13
<134>2021-07-15T01:52:43Z cache-iah17271 MEWElogs[418388]: GRAY, 1626313963160052788, IAH, 13
<134>2021-07-15T01:52:43Z cache-hkg17929 MEWElogs[418388]: GRAY, 1626313962906355988, HKG, 13
<134>2021-07-15T01:52:51Z cache-mad22068 MEWElogs[418388]: GRAY, 1626313970221472549, MAD, 13
<134>2021-07-15T01:52:57Z cache-dal21283 MEWElogs[418388]: GRAY, 1626313977215357227, DAL, 13
<134>2021-07-15T01:53:05Z cache-hkg17929 MEWElogs[418388]: GRAY, 1626313985730892193, HKG, 13
<134>2021-07-15T01:53:43Z cache-mci5951 MEWElogs[418388]: GRAY, 1626314022467837616, MCI, 13
<134>2021-07-15T01:53:57Z cache-mad22068 MEWElogs[418388]: GRAY, 1626314036125550945, MAD, 13
<134>2021-07-15T01:54:00Z cache-dal21283 MEWElogs[418388]: GRAY, 1626314040606614621, DAL, 13
<134>2021-07-15T01:54:14Z cache-bur17583 MEWElogs[418388]: GRAY, 1626314054651337415, BUR, 13
