<134>2021-07-15T00:38:45Z cache-dub4329 MEWElogs[370074]: CROP, 1626309524369975062, DUB, 12
<134>2021-07-15T00:39:06Z cache-akl10324 MEWElogs[370074]: CROP, 1626309545731713960, AKL, 12
<134>2021-07-15T00:39:17Z cache-del21735 MEWElogs[370074]: CROP, 1626309556566484633, DEL, 12
<134>2021-07-15T00:39:25Z cache-chi21126 MEWElogs[370074]: CROP, 1626309565402603149, CHI, 12
<134>2021-07-15T00:39:26Z cache-dub4329 MEWElogs[370074]: CROP, 1626309565681778830, DUB, 12
<134>2021-07-15T00:39:36Z cache-dfw18678 MEWElogs[370074]: CROP, 1626309576471047214, DFW, 12
<134>2021-07-15T00:40:16Z cache-bos4657 MEWElogs[370074]: CROP, 1626309616625266328, BOS, 12
<134>2021-07-15T00:40:40Z cache-hel6829 MEWElogs[370074]: CROP, 1626309639210825854, HEL, 12
<134>2021-07-15T00:40:47Z cache-bos4657 MEWElogs[370074]: CROP, 1626309646654511894, BOS, 12
<134>2021-07-15T00:40:52Z cache-hel6829 MEWElogs[370074]: CROP, 1626309651754970738, HEL, 12
<134>2021-07-15T00:40:56Z cache-del21735 MEWElogs[370074]: CROP, 1626309655841756996, DEL, 12
<134>2021-07-15T00:41:00Z cache-dub4329 MEWElogs[370074]: CROP, 1626309659617189253, DUB, 12
<134>2021-07-15T00:41:01Z cache-cwb20520 MEWElogs[370074]: CROP, 1626309660834151929, CWB, 12
<134>2021-07-15T00:41:11Z cache-del21735 MEWElogs[370074]: CROP, 1626309670553127621, DEL, 12
<134>2021-07-15T00:41:24Z cache-dfw18678 MEWElogs[370074]: CROP, 1626309683166366433, DFW, 12
<134>2021-07-15T00:41:34Z cache-del21735 MEWElogs[370074]: CROP, 1626309692943580190, DEL, 12
<134>2021-07-15T00:41:37Z cache-del21735 MEWElogs[370074]: CROP, 1626309696644830678, DEL, 12
<134>2021-07-15T00:41:51Z cache-dub4329 MEWElogs[370074]: CROP, 1626309710149269824, DUB, 12
<134>2021-07-15T00:41:52Z cache-del21735 MEWElogs[370074]: CROP, 1626309711770377438, DEL, 12
<134>2021-07-15T00:41:56Z cache-dub4329 MEWElogs[370074]: CROP, 1626309715865075738, DUB, 12
<134>2021-07-15T00:42:02Z cache-dub4329 MEWElogs[370074]: CROP, 1626309721623607917, DUB, 12
<134>2021-07-15T00:42:04Z cache-den8274 MEWElogs[370074]: CROP, 1626309723220183594, DEN, 12
<134>2021-07-15T00:42:12Z cache-iah17271 MEWElogs[370074]: CROP, 1626309731932169977, IAH, 12
<134>2021-07-15T00:42:26Z cache-pwk4920 MEWElogs[370074]: CROP, 1626309745500376815, PWK, 12
<134>2021-07-15T00:42:27Z cache-cwb20520 MEWElogs[370074]: CROP, 1626309746805626832, CWB, 12
<134>2021-07-15T00:42:39Z cache-den8274 MEWElogs[370074]: CROP, 1626309759666560021, DEN, 12
<134>2021-07-15T00:42:53Z cache-iah17271 MEWElogs[370074]: CROP, 1626309773133657588, IAH, 12
<134>2021-07-15T00:42:53Z cache-cwb20520 MEWElogs[370074]: CROP, 1626309772284029164, CWB, 12
<134>2021-07-15T00:43:06Z cache-cwb20520 MEWElogs[370074]: CROP, 1626309784945041054, CWB, 12
<134>2021-07-15T00:43:06Z cache-dal21283 MEWElogs[370074]: CROP, 1626309785176871113, DAL, 12
<134>2021-07-15T00:43:09Z cache-den8274 MEWElogs[370074]: CROP, 1626309788848739597, DEN, 12
<134>2021-07-15T00:43:12Z cache-iah17271 MEWElogs[370074]: CROP, 1626309791970573739, IAH, 12
<134>2021-07-15T00:43:19Z cache-mad22068 MEWElogs[370074]: CROP, 1626309798670254804, MAD, 12
<134>2021-07-15T00:43:25Z cache-jnb7027 MEWElogs[370074]: CROP, 1626309804686141304, JNB, 12
<134>2021-07-15T00:43:28Z cache-den8274 MEWElogs[370074]: CROP, 1626309807654893350, DEN, 12
<134>2021-07-15T00:43:57Z cache-cwb20520 MEWElogs[370074]: CROP, 1626309835980356741, CWB, 12
<134>2021-07-15T00:43:59Z cache-lcy19283 MEWElogs[370074]: CROP, 1626309838183056478, LCY, 12
<134>2021-07-15T00:44:12Z cache-jnb7027 MEWElogs[370074]: CROP, 1626309851219270309, JNB, 12
<134>2021-07-15T00:44:16Z cache-jnb7027 MEWElogs[370074]: CROP, 1626309855573678640, JNB, 12
<134>2021-07-15T00:44:32Z cache-dal21283 MEWElogs[370074]: CROP, 1626309871761868205, DAL, 12
<134>2021-07-15T00:44:32Z cache-mrs10583 MEWElogs[370074]: CROP, 1626309871734584786, MRS, 12
<134>2021-07-15T00:44:48Z cache-cwb20520 MEWElogs[370074]: CROP, 1626309887252748445, CWB, 12
<134>2021-07-15T00:44:55Z cache-mrs10583 MEWElogs[370074]: CROP, 1626309894873090563, MRS, 12
<134>2021-07-15T00:45:05Z cache-den8274 MEWElogs[370074]: CROP, 1626309905209086912, DEN, 12
<134>2021-07-15T00:45:33Z cache-iah17271 MEWElogs[370074]: CROP, 1626309933596390661, IAH, 12
<134>2021-07-15T00:45:42Z cache-mrs10583 MEWElogs[370074]: CROP, 1626309941683154942, MRS, 12
<134>2021-07-15T00:45:46Z cache-jnb7027 MEWElogs[370074]: CROP, 1626309946201049180, JNB, 12
<134>2021-07-15T00:45:49Z cache-lcy19283 MEWElogs[370074]: CROP, 1626309948228575591, LCY, 12
<134>2021-07-15T00:45:52Z cache-cwb20520 MEWElogs[370074]: CROP, 1626309951613026647, CWB, 12
<134>2021-07-15T00:45:52Z cache-mad22068 MEWElogs[370074]: CROP, 1626309951622890923, MAD, 12
<134>2021-07-15T00:45:54Z cache-lcy19283 MEWElogs[370074]: CROP, 1626309953983024902, LCY, 12
<134>2021-07-15T00:46:02Z cache-mrs10583 MEWElogs[370074]: CROP, 1626309961844349097, MRS, 12
<134>2021-07-15T00:46:06Z cache-lcy19283 MEWElogs[370074]: CROP, 1626309966191926700, LCY, 12
<134>2021-07-15T00:46:15Z cache-lcy19283 MEWElogs[370074]: CROP, 1626309975471671888, LCY, 12
<134>2021-07-15T00:46:20Z cache-bur17583 MEWElogs[370074]: CROP, 1626309979804072919, BUR, 12
<134>2021-07-15T00:46:22Z cache-jnb7027 MEWElogs[370074]: CROP, 1626309981619801866, JNB, 12
<134>2021-07-15T00:46:28Z cache-hkg17929 MEWElogs[370074]: CROP, 1626309987604418178, HKG, 12
<134>2021-07-15T00:46:31Z cache-mrs10583 MEWElogs[370074]: CROP, 1626309991179182940, MRS, 12
<134>2021-07-15T00:46:35Z cache-cwb20520 MEWElogs[370074]: CROP, 1626309994332724246, CWB, 12
<134>2021-07-15T00:46:43Z cache-iah17271 MEWElogs[370074]: CROP, 1626310003663227493, IAH, 12
<134>2021-07-15T00:46:43Z cache-mrs10583 MEWElogs[370074]: CROP, 1626310002782886701, MRS, 12
<134>2021-07-15T00:46:58Z cache-jnb7027 MEWElogs[370074]: CROP, 1626310017150595188, JNB, 12
<134>2021-07-15T00:47:06Z cache-hkg17929 MEWElogs[370074]: CROP, 1626310025916475798, HKG, 12
<134>2021-07-15T00:47:10Z cache-jnb7027 MEWElogs[370074]: CROP, 1626310029159199719, JNB, 12
<134>2021-07-15T00:47:26Z cache-jnb7027 MEWElogs[370074]: CROP, 1626310044981037850, JNB, 12
<134>2021-07-15T00:47:28Z cache-den8274 MEWElogs[370074]: CROP, 1626310047523191410, DEN, 12
<134>2021-07-15T00:47:32Z cache-mrs10583 MEWElogs[370074]: CROP, 1626310052215924355, MRS, 12
<134>2021-07-15T00:47:49Z cache-lhr7382 MEWElogs[370074]: CROP, 1626310068600539006, LHR, 12
<134>2021-07-15T00:47:50Z cache-bur17583 MEWElogs[370074]: CROP, 1626310070478690172, BUR, 12
<134>2021-07-15T00:47:54Z cache-hkg17929 MEWElogs[370074]: CROP, 1626310074024486613, HKG, 12
<134>2021-07-15T00:48:15Z cache-lhr7382 MEWElogs[370074]: CROP, 1626310094393275711, LHR, 12
<134>2021-07-15T00:48:25Z cache-bur17583 MEWElogs[370074]: CROP, 1626310104901275209, BUR, 12
