<134>2021-07-15T02:22:39Z cache-yyz4551 MEWElogs[382896]: GRAY, 1626315758347270543, YYZ, 13
<134>2021-07-15T02:22:44Z cache-itm18851 MEWElogs[382896]: GRAY, 1626315763885727200, ITM, 13
<134>2021-07-15T02:22:48Z cache-tyo11974 MEWElogs[382896]: GRAY, 1626315767053341435, TYO, 13
<134>2021-07-15T02:22:59Z cache-itm18851 MEWElogs[382896]: GRAY, 1626315778744289949, ITM, 13
<134>2021-07-15T02:23:07Z cache-itm18851 MEWElogs[382896]: GRAY, 1626315786602563284, ITM, 13
<134>2021-07-15T02:23:10Z cache-yyz4551 MEWElogs[382896]: GRAY, 1626315789725034369, YYZ, 13
<134>2021-07-15T02:23:40Z cache-bma1628 MEWElogs[382896]: GRAY, 1626315819210501929, BMA, 13
<134>2021-07-15T02:23:48Z cache-yyz4551 MEWElogs[382896]: GRAY, 1626315827266565163, YYZ, 13
<134>2021-07-15T02:23:50Z cache-bma1628 MEWElogs[382896]: GRAY, 1626315829810961399, BMA, 13
<134>2021-07-15T02:23:55Z cache-cgh11183 MEWElogs[382896]: GRAY, 1626315834652494009, CGH, 13
<134>2021-07-15T02:23:59Z cache-sea4483 MEWElogs[382896]: GRAY, 1626315839170147632, SEA, 13
<134>2021-07-15T02:24:15Z cache-sea4483 MEWElogs[382896]: GRAY, 1626315855082742920, SEA, 13
<134>2021-07-15T02:24:27Z cache-bma1628 MEWElogs[382896]: GRAY, 1626315866743871877, BMA, 13
<134>2021-07-15T02:24:37Z cache-sjc10078 MEWElogs[382896]: GRAY, 1626315876445081634, SJC, 13
<134>2021-07-15T02:25:15Z cache-yyz4551 MEWElogs[382896]: GRAY, 1626315915729675330, YYZ, 13
<134>2021-07-15T02:25:26Z cache-bma1628 MEWElogs[382896]: GRAY, 1626315925333602774, BMA, 13
<134>2021-07-15T02:25:35Z cache-yyz4551 MEWElogs[382896]: GRAY, 1626315934728456697, YYZ, 13
<134>2021-07-15T02:25:58Z cache-tyo11974 MEWElogs[382896]: GRAY, 1626315957434377864, TYO, 13
<134>2021-07-15T02:26:25Z cache-sjc10078 MEWElogs[382896]: GRAY, 1626315985009553774, SJC, 13
<134>2021-07-15T02:26:54Z cache-sea4483 MEWElogs[382896]: GRAY, 1626316013762599599, SEA, 13
<134>2021-07-15T02:26:58Z cache-vie21629 MEWElogs[382896]: GRAY, 1626316017065257481, VIE, 13
<134>2021-07-15T02:27:21Z cache-cgh11183 MEWElogs[382896]: GRAY, 1626316040860901309, CGH, 13
<134>2021-07-15T02:27:22Z cache-yyz4551 MEWElogs[382896]: GRAY, 1626316042093215748, YYZ, 13
<134>2021-07-15T02:27:28Z cache-vie21629 MEWElogs[382896]: GRAY, 1626316047102840282, VIE, 13
<134>2021-07-15T02:27:28Z cache-yyz4551 MEWElogs[382896]: GRAY, 1626316048302663559, YYZ, 13
<134>2021-07-15T02:28:18Z cache-vie21629 MEWElogs[382896]: GRAY, 1626316097523499002, VIE, 13
<134>2021-07-15T02:28:26Z cache-bma1628 MEWElogs[382896]: GRAY, 1626316105534007965, BMA, 13
<134>2021-07-15T02:28:57Z cache-cgh11183 MEWElogs[382896]: GRAY, 1626316136567684754, CGH, 13
<134>2021-07-15T02:29:51Z cache-bma1628 MEWElogs[382896]: GRAY, 1626316190753226827, BMA, 13
<134>2021-07-15T02:30:36Z cache-sea4483 MEWElogs[382896]: GRAY, 1626316235811083346, SEA, 13
<134>2021-07-15T02:30:58Z cache-yyz4551 MEWElogs[382896]: GRAY, 1626316257173951886, YYZ, 13
<134>2021-07-15T02:31:10Z cache-yyz4551 MEWElogs[382896]: GRAY, 1626316269930616383, YYZ, 13
<134>2021-07-15T02:32:08Z cache-tyo11974 MEWElogs[382896]: GRAY, 1626316327223481143, TYO, 13
<134>2021-07-15T02:32:14Z cache-yyz4551 MEWElogs[382896]: GRAY, 1626316333275528966, YYZ, 13
<134>2021-07-15T02:32:20Z cache-vie21629 MEWElogs[382896]: GRAY, 1626316339599764111, VIE, 13
