<134>2021-07-15T04:06:57Z cache-ams21020 MEWElogs[412844]: ROTATE, 1626322016468359941, AMS, 15
<134>2021-07-15T04:07:07Z cache-cph20625 MEWElogs[412844]: ROTATE, 1626322026271894654, CPH, 15
<134>2021-07-15T04:08:26Z cache-eze19324 MEWElogs[412844]: ROTATE, 1626322105095371208, EZE, 15
<134>2021-07-15T04:08:50Z cache-cph20625 MEWElogs[412844]: ROTATE, 1626322129287161299, CPH, 15
<134>2021-07-15T04:09:32Z cache-ord1740 MEWElogs[412844]: ROTATE, 1626322171527737513, ORD, 15
<134>2021-07-15T04:09:33Z cache-eze19324 MEWElogs[412844]: ROTATE, 1626322172997957472, EZE, 15
<134>2021-07-15T04:09:34Z cache-pdk17882 MEWElogs[412844]: ROTATE, 1626322173348207193, PDK, 15
<134>2021-07-15T04:09:50Z cache-bog6425 MEWElogs[412844]: ROTATE, 1626322189320516141, BOG, 15
<134>2021-07-15T04:10:18Z cache-ord1740 MEWElogs[412844]: ROTATE, 1626322217528414712, ORD, 15
<134>2021-07-15T04:10:23Z cache-mdw17383 MEWElogs[412844]: ROTATE, 1626322223594440517, MDW, 15
<134>2021-07-15T04:10:33Z cache-ams21020 MEWElogs[412844]: ROTATE, 1626322232414435922, AMS, 15
<134>2021-07-15T04:10:41Z cache-wdc5583 MEWElogs[412844]: ROTATE, 1626322240781229091, WDC, 15
<134>2021-07-15T04:11:12Z cache-ams21020 MEWElogs[412844]: ROTATE, 1626322270986566438, AMS, 15
<134>2021-07-15T04:11:21Z cache-dca17782 MEWElogs[412844]: ROTATE, 1626322281149054620, DCA, 15
<134>2021-07-15T04:11:26Z cache-maa10251 MEWElogs[412844]: ROTATE, 1626322285003453378, MAA, 15
<134>2021-07-15T04:12:00Z cache-dca17782 MEWElogs[412844]: ROTATE, 1626322319671987212, DCA, 15
<134>2021-07-15T04:12:12Z cache-pdk17882 MEWElogs[412844]: ROTATE, 1626322332377580382, PDK, 15
<134>2021-07-15T04:12:19Z cache-dca17782 MEWElogs[412844]: ROTATE, 1626322338896495378, DCA, 15
<134>2021-07-15T04:12:58Z cache-dca17782 MEWElogs[412844]: ROTATE, 1626322377277749684, DCA, 15
<134>2021-07-15T04:13:18Z cache-pdk17882 MEWElogs[412844]: ROTATE, 1626322398172224779, PDK, 15
<134>2021-07-15T04:13:37Z cache-bog6425 MEWElogs[412844]: ROTATE, 1626322417588349350, BOG, 15
<134>2021-07-15T04:13:56Z cache-pdk17882 MEWElogs[412844]: ROTATE, 1626322435395464385, PDK, 15
<134>2021-07-15T04:14:09Z cache-cph20625 MEWElogs[412844]: ROTATE, 1626322448273691327, CPH, 15
<134>2021-07-15T04:14:15Z cache-wdc5583 MEWElogs[412844]: ROTATE, 1626322454817712535, WDC, 15
<134>2021-07-15T04:14:18Z cache-bog6425 MEWElogs[412844]: ROTATE, 1626322457365536051, BOG, 15
<134>2021-07-15T04:14:26Z cache-mdw17383 MEWElogs[412844]: ROTATE, 1626322466536940232, MDW, 15
<134>2021-07-15T04:14:37Z cache-eze19324 MEWElogs[412844]: ROTATE, 1626322477687457565, EZE, 15
<134>2021-07-15T04:16:18Z cache-ord1740 MEWElogs[412844]: ROTATE, 1626322577781050290, ORD, 15
<134>2021-07-15T04:16:43Z cache-maa10251 MEWElogs[412844]: ROTATE, 1626322603660827258, MAA, 15
