<134>2021-07-14T21:20:41Z cache-eze19324 MEWElogs[412844]: BLUR, 1626297640282368949, EZE, 11
<134>2021-07-14T21:21:25Z cache-mdw17383 MEWElogs[412844]: BLUR, 1626297684995440776, MDW, 11
<134>2021-07-14T21:21:29Z cache-fty21383 MEWElogs[412844]: BLUR, 1626297688092846560, FTY, 11
<134>2021-07-14T21:21:33Z cache-cph20625 MEWElogs[412844]: BLUR, 1626297692149405198, CPH, 11
<134>2021-07-14T21:21:40Z cache-dfw18678 MEWElogs[412844]: BLUR, 1626297700046670980, DFW, 11
<134>2021-07-14T21:21:43Z cache-fty21383 MEWElogs[412844]: BLUR, 1626297702256324623, FTY, 11
<134>2021-07-14T21:21:59Z cache-del21735 MEWElogs[412844]: BLUR, 1626297718163320562, DEL, 11
<134>2021-07-14T21:22:07Z cache-bos4657 MEWElogs[412844]: BLUR, 1626297726953068155, BOS, 11
<134>2021-07-14T21:22:23Z cache-bos4657 MEWElogs[412844]: BLUR, 1626297743198633232, BOS, 11
<134>2021-07-14T21:22:51Z cache-cph20625 MEWElogs[412844]: BLUR, 1626297770349122511, CPH, 11
<134>2021-07-14T21:22:58Z cache-pwk4920 MEWElogs[412844]: BLUR, 1626297777899535258, PWK, 11
<134>2021-07-14T21:23:21Z cache-fty21383 MEWElogs[412844]: BLUR, 1626297800593863008, FTY, 11
<134>2021-07-14T21:23:45Z cache-bos4657 MEWElogs[412844]: BLUR, 1626297824834741902, BOS, 11
<134>2021-07-14T21:23:46Z cache-dub4329 MEWElogs[412844]: BLUR, 1626297826641744627, DUB, 11
<134>2021-07-14T21:24:10Z cache-hhn4077 MEWElogs[412844]: BLUR, 1626297850167875716, HHN, 11
<134>2021-07-14T21:24:17Z cache-fty21383 MEWElogs[412844]: BLUR, 1626297856858554236, FTY, 11
<134>2021-07-14T21:24:42Z cache-del21735 MEWElogs[412844]: BLUR, 1626297881046276346, DEL, 11
<134>2021-07-14T21:24:55Z cache-dub4329 MEWElogs[412844]: BLUR, 1626297895009030975, DUB, 11
<134>2021-07-14T21:25:06Z cache-hhn4077 MEWElogs[412844]: BLUR, 1626297906238348755, HHN, 11
<134>2021-07-14T21:25:24Z cache-hhn4077 MEWElogs[412844]: BLUR, 1626297924145255803, HHN, 11
<134>2021-07-14T21:26:06Z cache-dub4329 MEWElogs[412844]: BLUR, 1626297965059030930, DUB, 11
<134>2021-07-14T21:26:24Z cache-bos4657 MEWElogs[412844]: BLUR, 1626297984096602332, BOS, 11
<134>2021-07-14T21:26:57Z cache-akl10324 MEWElogs[412844]: BLUR, 1626298016459821538, AKL, 11
<134>2021-07-14T21:27:44Z cache-cph20625 MEWElogs[412844]: BLUR, 1626298063480024847, CPH, 11
<134>2021-07-14T21:28:42Z cache-cph20625 MEWElogs[412844]: BLUR, 1626298121819192695, CPH, 11
<134>2021-07-14T21:28:51Z cache-dub4329 MEWElogs[412844]: BLUR, 1626298130643124284, DUB, 11
<134>2021-07-14T21:29:57Z cache-fty21383 MEWElogs[412844]: BLUR, 1626298196476030001, FTY, 11
<134>2021-07-14T21:30:26Z cache-fty21383 MEWElogs[412844]: BLUR, 1626298225720407286, FTY, 11
