<134>2021-07-14T17:33:16Z cache-ewr18156 MEWElogs[292213]: FLIPH, 1626283996044881803, EWR, 10
<134>2021-07-14T17:33:44Z cache-cdg20720 MEWElogs[292213]: FLIPH, 1626284023077725677, CDG, 10
<134>2021-07-14T17:34:06Z cache-lga21983 MEWElogs[292213]: FLIPH, 1626284046396118917, LGA, 10
<134>2021-07-14T17:34:25Z cache-cdg20720 MEWElogs[292213]: FLIPH, 1626284064191467798, CDG, 10
<134>2021-07-14T17:34:30Z cache-ewr18156 MEWElogs[292213]: FLIPH, 1626284069890346278, EWR, 10
<134>2021-07-14T17:34:36Z cache-yul12826 MEWElogs[292213]: FLIPH, 1626284076436486804, YUL, 10
<134>2021-07-14T17:34:37Z cache-ewr18156 MEWElogs[292213]: FLIPH, 1626284076457681263, EWR, -1
<134>2021-07-14T17:34:44Z cache-man4150 MEWElogs[292213]: FLIPH, 1626284083994970607, MAN, 10
<134>2021-07-14T17:34:52Z cache-cdg20720 MEWElogs[292213]: FLIPH, 1626284091419288508, CDG, -1
<134>2021-07-14T17:34:52Z cache-yul12826 MEWElogs[292213]: FLIPH, 1626284091943282711, YUL, -1
<134>2021-07-14T17:34:55Z cache-cdg20720 MEWElogs[292213]: FLIPH, 1626284094832639883, CDG, 10
<134>2021-07-14T17:34:59Z cache-man4150 MEWElogs[292213]: FLIPH, 1626284098286916241, MAN, -1
<134>2021-07-14T17:35:07Z cache-osl6529 MEWElogs[292213]: FLIPH, 1626284106449369634, OSL, -1
<134>2021-07-14T17:35:12Z cache-cdg20720 MEWElogs[292213]: FLIPH, 1626284111981550285, CDG, -1
<134>2021-07-14T17:35:55Z cache-lga21983 MEWElogs[292213]: FLIPH, 1626284154379629831, LGA, 10
<134>2021-07-14T17:36:09Z cache-man4150 MEWElogs[292213]: FLIPH, 1626284168946927817, MAN, 10
<134>2021-07-14T17:36:12Z cache-lax10677 MEWElogs[292213]: FLIPH, 1626284172151298634, LGB, 10
<134>2021-07-14T17:36:16Z cache-jax20933 MEWElogs[292213]: FLIPH, 1626284176135047320, JAX, 10
<134>2021-07-14T17:36:24Z cache-scl19427 MEWElogs[292213]: FLIPH, 1626284184381767240, SCL, -1
<134>2021-07-14T17:36:41Z cache-scl19427 MEWElogs[292213]: FLIPH, 1626284200346493205, SCL, 10
<134>2021-07-14T17:37:22Z cache-lga21983 MEWElogs[292213]: FLIPH, 1626284242816100554, LGA, 10
<134>2021-07-14T17:37:32Z cache-man4150 MEWElogs[292213]: FLIPH, 1626284251292245548, MAN, 10
<134>2021-07-14T17:37:34Z cache-cdg20720 MEWElogs[292213]: FLIPH, 1626284253403182621, CDG, -1
<134>2021-07-14T17:37:56Z cache-osl6529 MEWElogs[292213]: FLIPH, 1626284275690986412, OSL, 10
<134>2021-07-14T17:38:02Z cache-mel11272 MEWElogs[292213]: FLIPH, 1626284281663009793, MEL, 10
<134>2021-07-14T17:38:19Z cache-cdg20720 MEWElogs[292213]: FLIPH, 1626284298196138045, CDG, 10
<134>2021-07-14T17:38:22Z cache-mel11272 MEWElogs[292213]: FLIPH, 1626284301851408007, MEL, 10
<134>2021-07-14T17:38:30Z cache-osl6529 MEWElogs[292213]: FLIPH, 1626284309692679608, OSL, -1
<134>2021-07-14T17:38:39Z cache-lga21983 MEWElogs[292213]: FLIPH, 1626284318697543113, LGA, -1
<134>2021-07-14T17:38:58Z cache-lax10677 MEWElogs[292213]: FLIPH, 1626284338466887804, LGB, -1
<134>2021-07-14T17:39:35Z cache-man4150 MEWElogs[292213]: FLIPH, 1626284374914569002, MAN, -1
<134>2021-07-14T17:39:35Z cache-bom4751 MEWElogs[292213]: FLIPH, 1626284374806360335, BOM, 10
<134>2021-07-14T17:40:15Z cache-mel11272 MEWElogs[292213]: FLIPH, 1626284414036325778, MEL, 10
<134>2021-07-14T17:40:21Z cache-cdg20720 MEWElogs[292213]: FLIPH, 1626284420273547746, CDG, 10
<134>2021-07-14T17:40:28Z cache-man4150 MEWElogs[292213]: FLIPH, 1626284428108282140, MAN, 10
<134>2021-07-14T17:40:40Z cache-scl19427 MEWElogs[292213]: FLIPH, 1626284439687036826, SCL, -1
<134>2021-07-14T17:41:09Z cache-ewr18156 MEWElogs[292213]: FLIPH, 1626284469368661579, EWR, 10
<134>2021-07-14T17:41:18Z cache-man4150 MEWElogs[292213]: FLIPH, 1626284477614680387, MAN, 10
<134>2021-07-14T17:41:29Z cache-lga21983 MEWElogs[292213]: FLIPH, 1626284488147208016, LGA, -1
<134>2021-07-14T17:41:34Z cache-mel11272 MEWElogs[292213]: FLIPH, 1626284493010040311, MEL, -1
<134>2021-07-14T17:41:40Z cache-bom4751 MEWElogs[292213]: FLIPH, 1626284500114088912, BOM, 10
<134>2021-07-14T17:42:22Z cache-man4150 MEWElogs[292213]: FLIPH, 1626284541143900679, MAN, -1
<134>2021-07-14T17:42:44Z cache-scl19427 MEWElogs[292213]: FLIPH, 1626284563593257116, SCL, 10
<134>2021-07-14T17:42:46Z cache-bom4751 MEWElogs[292213]: FLIPH, 1626284566215890234, BOM, -1
<134>2021-07-14T17:42:55Z cache-mel11272 MEWElogs[292213]: FLIPH, 1626284574727811473, MEL, -1
<134>2021-07-14T17:42:57Z cache-bom4751 MEWElogs[292213]: FLIPH, 1626284576192454447, BOM, -1
<134>2021-07-14T17:43:01Z cache-gru17149 MEWElogs[292213]: FLIPH, 1626284580105917114, GRU, -1
<134>2021-07-14T17:43:12Z cache-ewr18156 MEWElogs[292213]: FLIPH, 1626284592343549441, EWR, 10
