<134>2021-07-15T00:58:47Z cache-bom4751 MEWElogs[355776]: CROP, 1626310726525389506, BOM, 12
<134>2021-07-15T00:58:51Z cache-gru17149 MEWElogs[355776]: CROP, 1626310729976923179, GRU, 12
<134>2021-07-15T00:58:54Z cache-cgh11122 MEWElogs[355776]: CROP, 1626310734473739392, CGH, 12
<134>2021-07-15T00:59:09Z cache-pao17461 MEWElogs[355776]: CROP, 1626310749227970617, PAO, 12
<134>2021-07-15T00:59:11Z cache-gru17149 MEWElogs[355776]: CROP, 1626310750323942246, GRU, 12
<134>2021-07-15T00:59:36Z cache-gru17149 MEWElogs[355776]: CROP, 1626310775102293646, GRU, 12
<134>2021-07-15T01:00:02Z cache-syd10183 MEWElogs[355776]: CROP, 1626310801906651450, SYD, 12
<134>2021-07-15T01:00:04Z cache-hnd18722 MEWElogs[355776]: CROP, 1626310803694539085, HND, 12
<134>2021-07-15T01:00:07Z cache-gig17035 MEWElogs[355776]: CROP, 1626310806908620695, GIG, 12
<134>2021-07-15T01:00:14Z cache-pao17461 MEWElogs[355776]: CROP, 1626310813048632046, PAO, 12
<134>2021-07-15T01:00:37Z cache-gru17149 MEWElogs[355776]: CROP, 1626310836172824883, GRU, 12
<134>2021-07-15T01:00:59Z cache-gig17035 MEWElogs[355776]: CROP, 1626310858575166696, GIG, 12
<134>2021-07-15T01:01:03Z cache-gig17035 MEWElogs[355776]: CROP, 1626310863665721122, GIG, 12
<134>2021-07-15T01:01:24Z cache-itm18851 MEWElogs[355776]: CROP, 1626310883204387761, ITM, 12
<134>2021-07-15T01:01:43Z cache-gru17149 MEWElogs[355776]: CROP, 1626310902336558400, GRU, 12
<134>2021-07-15T01:01:46Z cache-hnd18722 MEWElogs[355776]: CROP, 1626310905630960526, HND, 12
<134>2021-07-15T01:01:47Z cache-syd10183 MEWElogs[355776]: CROP, 1626310906787601765, SYD, 12
<134>2021-07-15T01:02:27Z cache-hnd18722 MEWElogs[355776]: CROP, 1626310946871776248, HND, 12
<134>2021-07-15T01:02:40Z cache-scl19427 MEWElogs[355776]: CROP, 1626310959942131742, SCL, 12
<134>2021-07-15T01:02:45Z cache-cgh11122 MEWElogs[355776]: CROP, 1626310965006280318, CGH, 12
<134>2021-07-15T01:02:47Z cache-gig17035 MEWElogs[355776]: CROP, 1626310967449531186, GIG, 12
<134>2021-07-15T01:02:55Z cache-sea4483 MEWElogs[355776]: CROP, 1626310974849305814, SEA, 12
<134>2021-07-15T01:03:01Z cache-bom4751 MEWElogs[355776]: CROP, 1626310980280224217, BOM, 12
<134>2021-07-15T01:03:03Z cache-syd10183 MEWElogs[355776]: CROP, 1626310982929037707, SYD, 12
<134>2021-07-15T01:03:10Z cache-sea4483 MEWElogs[355776]: CROP, 1626310989739889941, SEA, 12
<134>2021-07-15T01:03:20Z cache-pao17461 MEWElogs[355776]: CROP, 1626310999750872192, PAO, 12
<134>2021-07-15T01:03:25Z cache-cgh11122 MEWElogs[355776]: CROP, 1626311004889892020, CGH, 12
<134>2021-07-15T01:03:38Z cache-bma1628 MEWElogs[355776]: CROP, 1626311017477852607, BMA, 12
<134>2021-07-15T01:03:39Z cache-cgh11122 MEWElogs[355776]: CROP, 1626311018237285142, CGH, 12
<134>2021-07-15T01:03:51Z cache-cgh11122 MEWElogs[355776]: CROP, 1626311031641960811, CGH, 12
<134>2021-07-15T01:03:58Z cache-bma1628 MEWElogs[355776]: CROP, 1626311038197915054, BMA, 12
<134>2021-07-15T01:04:00Z cache-itm18851 MEWElogs[355776]: CROP, 1626311039048437351, ITM, 12
<134>2021-07-15T01:04:02Z cache-bma1628 MEWElogs[355776]: CROP, 1626311041154080689, BMA, 12
<134>2021-07-15T01:04:08Z cache-bma1628 MEWElogs[355776]: CROP, 1626311047277957279, BMA, 12
<134>2021-07-15T01:04:09Z cache-hnd18722 MEWElogs[355776]: CROP, 1626311048652770169, HND, 12
<134>2021-07-15T01:04:09Z cache-cgh11122 MEWElogs[355776]: CROP, 1626311049460825656, CGH, 12
<134>2021-07-15T01:04:32Z cache-cgh11122 MEWElogs[355776]: CROP, 1626311071528378669, CGH, 12
<134>2021-07-15T01:04:35Z cache-sjc10078 MEWElogs[355776]: CROP, 1626311074698753124, SJC, 12
<134>2021-07-15T01:04:54Z cache-cgh11183 MEWElogs[355776]: CROP, 1626311094489683441, CGH, 12
<134>2021-07-15T01:05:05Z cache-hnd18722 MEWElogs[355776]: CROP, 1626311104087921254, HND, 12
<134>2021-07-15T01:05:42Z cache-hnd18722 MEWElogs[355776]: CROP, 1626311141314351746, HND, 12
<134>2021-07-15T01:05:54Z cache-bma1628 MEWElogs[355776]: CROP, 1626311153506529520, BMA, 12
<134>2021-07-15T01:05:57Z cache-bma1628 MEWElogs[355776]: CROP, 1626311156456970617, BMA, 12
<134>2021-07-15T01:05:57Z cache-tyo11974 MEWElogs[355776]: CROP, 1626311156566663258, TYO, 12
<134>2021-07-15T01:06:08Z cache-yyz4551 MEWElogs[355776]: CROP, 1626311168271913400, YYZ, 12
<134>2021-07-15T01:06:12Z cache-sea4483 MEWElogs[355776]: CROP, 1626311172506152047, SEA, 12
<134>2021-07-15T01:06:27Z cache-cgh11183 MEWElogs[355776]: CROP, 1626311187204377974, CGH, 12
<134>2021-07-15T01:06:27Z cache-tyo11974 MEWElogs[355776]: CROP, 1626311186459174893, TYO, 12
<134>2021-07-15T01:06:36Z cache-sea4483 MEWElogs[355776]: CROP, 1626311195945100352, SEA, 12
<134>2021-07-15T01:06:48Z cache-tyo11974 MEWElogs[355776]: CROP, 1626311207888061730, TYO, 12
<134>2021-07-15T01:06:53Z cache-vie21629 MEWElogs[355776]: CROP, 1626311212562226980, VIE, 12
<134>2021-07-15T01:07:20Z cache-vie21629 MEWElogs[355776]: CROP, 1626311239568604116, VIE, 12
<134>2021-07-15T01:07:27Z cache-vie21629 MEWElogs[355776]: CROP, 1626311246286480528, VIE, 12
<134>2021-07-15T01:07:43Z cache-sea4483 MEWElogs[355776]: CROP, 1626311262430851555, SEA, 12
<134>2021-07-15T01:07:44Z cache-bma1628 MEWElogs[355776]: CROP, 1626311263329730576, BMA, 12
<134>2021-07-15T01:07:52Z cache-sea4483 MEWElogs[355776]: CROP, 1626311272196044685, SEA, 12
<134>2021-07-15T01:08:11Z cache-yyz4551 MEWElogs[355776]: CROP, 1626311290960215144, YYZ, 12
<134>2021-07-15T01:08:36Z cache-sjc10078 MEWElogs[355776]: CROP, 1626311315544618163, SJC, 12
<134>2021-07-15T01:08:46Z cache-cgh11183 MEWElogs[355776]: CROP, 1626311325117521906, CGH, 12
