<134>2021-07-14T17:33:09Z cache-cdg20720 MEWElogs[322023]: FLIPH, 1626283989026016019, CDG, -1
<134>2021-07-14T17:33:23Z cache-lax10677 MEWElogs[322023]: FLIPH, 1626284003136825490, LGB, 10
<134>2021-07-14T17:33:25Z cache-osl6529 MEWElogs[322023]: FLIPH, 1626284004804091794, OSL, -1
<134>2021-07-14T17:33:33Z cache-lga21983 MEWElogs[322023]: FLIPH, 1626284013029422258, LGA, -1
<134>2021-07-14T17:33:44Z cache-man4150 MEWElogs[322023]: FLIPH, 1626284023993888730, MAN, -1
<134>2021-07-14T17:33:56Z cache-yul12826 MEWElogs[322023]: FLIPH, 1626284035949181920, YUL, -1
<134>2021-07-14T17:34:00Z cache-jax20933 MEWElogs[322023]: FLIPH, 1626284040456314333, JAX, -1
<134>2021-07-14T17:34:02Z cache-osl6529 MEWElogs[322023]: FLIPH, 1626284041554680876, OSL, -1
<134>2021-07-14T17:34:04Z cache-lga21983 MEWElogs[322023]: FLIPH, 1626284043182759806, LGA, -1
<134>2021-07-14T17:34:05Z cache-yul12826 MEWElogs[322023]: FLIPH, 1626284045416242788, YUL, -1
<134>2021-07-14T17:34:12Z cache-man4150 MEWElogs[322023]: FLIPH, 1626284051670499422, MAN, 10
<134>2021-07-14T17:34:23Z cache-lax10677 MEWElogs[322023]: FLIPH, 1626284062928776619, LGB, 10
<134>2021-07-14T17:34:38Z cache-mel11272 MEWElogs[322023]: FLIPH, 1626284077852723206, MEL, 10
<134>2021-07-14T17:34:48Z cache-jax20933 MEWElogs[322023]: FLIPH, 1626284088190076005, JAX, -1
<134>2021-07-14T17:35:41Z cache-lga21983 MEWElogs[322023]: FLIPH, 1626284141290973741, LGA, -1
<134>2021-07-14T17:35:41Z cache-man4150 MEWElogs[322023]: FLIPH, 1626284141122479193, MAN, -1
<134>2021-07-14T17:35:53Z cache-jax20933 MEWElogs[322023]: FLIPH, 1626284152546028173, JAX, 10
<134>2021-07-14T17:36:00Z cache-yul12826 MEWElogs[322023]: FLIPH, 1626284159994049770, YUL, 10
<134>2021-07-14T17:36:04Z cache-gig17035 MEWElogs[322023]: FLIPH, 1626284163518444244, GIG, 10
<134>2021-07-14T17:36:12Z cache-ewr18156 MEWElogs[322023]: FLIPH, 1626284171784557531, EWR, 10
<134>2021-07-14T17:36:28Z cache-mel11272 MEWElogs[322023]: FLIPH, 1626284187741807978, MEL, -1
<134>2021-07-14T17:36:58Z cache-man4150 MEWElogs[322023]: FLIPH, 1626284217847397618, MAN, 10
<134>2021-07-14T17:37:05Z cache-bom4751 MEWElogs[322023]: FLIPH, 1626284224205314635, BOM, -1
<134>2021-07-14T17:37:23Z cache-man4150 MEWElogs[322023]: FLIPH, 1626284242846049349, MAN, 10
<134>2021-07-14T17:37:25Z cache-osl6529 MEWElogs[322023]: FLIPH, 1626284244813469383, OSL, -1
<134>2021-07-14T17:37:32Z cache-mel11272 MEWElogs[322023]: FLIPH, 1626284251262444331, MEL, 10
<134>2021-07-14T17:37:37Z cache-cdg20720 MEWElogs[322023]: FLIPH, 1626284257076748606, CDG, 10
<134>2021-07-14T17:37:39Z cache-gig17035 MEWElogs[322023]: FLIPH, 1626284259233174906, GIG, 10
<134>2021-07-14T17:37:50Z cache-ewr18156 MEWElogs[322023]: FLIPH, 1626284270082014114, EWR, -1
<134>2021-07-14T17:38:06Z cache-man4150 MEWElogs[322023]: FLIPH, 1626284285895041578, MAN, 10
<134>2021-07-14T17:38:12Z cache-lax10677 MEWElogs[322023]: FLIPH, 1626284291633533023, LGB, 10
<134>2021-07-14T17:38:24Z cache-osl6529 MEWElogs[322023]: FLIPH, 1626284303579212726, OSL, 10
<134>2021-07-14T17:38:33Z cache-osl6529 MEWElogs[322023]: FLIPH, 1626284312815313508, OSL, 10
<134>2021-07-14T17:38:45Z cache-cdg20720 MEWElogs[322023]: FLIPH, 1626284325172716388, CDG, -1
<134>2021-07-14T17:38:48Z cache-ewr18156 MEWElogs[322023]: FLIPH, 1626284328191369337, EWR, 10
<134>2021-07-14T17:38:59Z cache-cdg20720 MEWElogs[322023]: FLIPH, 1626284338668548325, CDG, 10
<134>2021-07-14T17:39:13Z cache-bom4751 MEWElogs[322023]: FLIPH, 1626284352571181193, BOM, -1
<134>2021-07-14T17:39:16Z cache-gig17035 MEWElogs[322023]: FLIPH, 1626284355659129042, GIG, 10
<134>2021-07-14T17:39:26Z cache-osl6529 MEWElogs[322023]: FLIPH, 1626284365433930258, OSL, -1
<134>2021-07-14T17:39:56Z cache-cdg20720 MEWElogs[322023]: FLIPH, 1626284395852831612, CDG, -1
<134>2021-07-14T17:40:00Z cache-man4150 MEWElogs[322023]: FLIPH, 1626284399984531897, MAN, -1
<134>2021-07-14T17:40:03Z cache-scl19427 MEWElogs[322023]: FLIPH, 1626284402505685214, SCL, -1
<134>2021-07-14T17:40:06Z cache-cdg20720 MEWElogs[322023]: FLIPH, 1626284406559481498, CDG, -1
<134>2021-07-14T17:40:10Z cache-cdg20720 MEWElogs[322023]: FLIPH, 1626284409827625512, CDG, 10
<134>2021-07-14T17:40:17Z cache-cdg20720 MEWElogs[322023]: FLIPH, 1626284416840593591, CDG, -1
<134>2021-07-14T17:40:21Z cache-lga21983 MEWElogs[322023]: FLIPH, 1626284420960573235, LGA, 10
<134>2021-07-14T17:40:42Z cache-osl6529 MEWElogs[322023]: FLIPH, 1626284441812782741, OSL, 10
<134>2021-07-14T17:40:51Z cache-man4150 MEWElogs[322023]: FLIPH, 1626284450774554204, MAN, -1
<134>2021-07-14T17:40:52Z cache-lga21983 MEWElogs[322023]: FLIPH, 1626284451535841716, LGA, 10
<134>2021-07-14T17:41:28Z cache-gru17149 MEWElogs[322023]: FLIPH, 1626284487308452734, GRU, 10
<134>2021-07-14T17:41:41Z cache-gig17035 MEWElogs[322023]: FLIPH, 1626284501208361461, GIG, 10
<134>2021-07-14T17:42:46Z cache-man4150 MEWElogs[322023]: FLIPH, 1626284566161749990, MAN, -1
