<134>2021-07-15T04:16:37Z cache-bog6425 MEWElogs[46369]: ROTATE, 1626322596634388981, BOG, 15
<134>2021-07-15T04:16:39Z cache-cph20625 MEWElogs[46369]: ROTATE, 1626322598071027987, CPH, 15
<134>2021-07-15T04:16:43Z cache-pdk17882 MEWElogs[46369]: ROTATE, 1626322603093979361, PDK, 15
<134>2021-07-15T04:17:00Z cache-mdw17383 MEWElogs[46369]: ROTATE, 1626322619663657164, MDW, 15
<134>2021-07-15T04:17:02Z cache-pdk17882 MEWElogs[46369]: ROTATE, 1626322621708367921, PDK, 15
<134>2021-07-15T04:17:34Z cache-cph20625 MEWElogs[46369]: ROTATE, 1626322653818435023, CPH, 15
<134>2021-07-15T04:17:44Z cache-cph20625 MEWElogs[46369]: ROTATE, 1626322663138257414, CPH, 15
<134>2021-07-15T04:18:15Z cache-mdw17383 MEWElogs[46369]: ROTATE, 1626322695049962321, MDW, 15
<134>2021-07-15T04:18:25Z cache-eze19324 MEWElogs[46369]: ROTATE, 1626322704210145553, EZE, 15
<134>2021-07-15T04:18:27Z cache-dca17782 MEWElogs[46369]: ROTATE, 1626322707157861378, DCA, 15
<134>2021-07-15T04:18:35Z cache-bog6425 MEWElogs[46369]: ROTATE, 1626322715165199126, BOG, 15
<134>2021-07-15T04:18:49Z cache-ams21020 MEWElogs[46369]: ROTATE, 1626322728843854912, AMS, 15
<134>2021-07-15T04:19:21Z cache-eze19324 MEWElogs[46369]: ROTATE, 1626322760467366118, EZE, 15
<134>2021-07-15T04:19:31Z cache-mdw17383 MEWElogs[46369]: ROTATE, 1626322770376165639, MDW, 15
<134>2021-07-15T04:19:46Z cache-cph20625 MEWElogs[46369]: ROTATE, 1626322785191936331, CPH, 15
<134>2021-07-15T04:20:09Z cache-ord1740 MEWElogs[46369]: ROTATE, 1626322808779130604, ORD, 15
<134>2021-07-15T04:20:15Z cache-bog6425 MEWElogs[46369]: ROTATE, 1626322814934724212, BOG, 15
<134>2021-07-15T04:20:53Z cache-pdk17882 MEWElogs[46369]: ROTATE, 1626322852535760522, PDK, 15
<134>2021-07-15T04:21:24Z cache-eze19324 MEWElogs[46369]: ROTATE, 1626322883927163735, EZE, 15
<134>2021-07-15T04:21:47Z cache-dca17782 MEWElogs[46369]: ROTATE, 1626322906378383723, DCA, 15
<134>2021-07-15T04:21:51Z cache-del21735 MEWElogs[46369]: ROTATE, 1626322910208127314, DEL, 15
<134>2021-07-15T04:21:52Z cache-chi21126 MEWElogs[46369]: ROTATE, 1626322911579558192, CHI, 15
<134>2021-07-15T04:22:06Z cache-wdc5583 MEWElogs[46369]: ROTATE, 1626322925142759894, WDC, 15
<134>2021-07-15T04:22:21Z cache-akl10324 MEWElogs[46369]: ROTATE, 1626322940675024921, AKL, 15
<134>2021-07-15T04:22:32Z cache-fty21383 MEWElogs[46369]: ROTATE, 1626322951028084118, FTY, 15
<134>2021-07-15T04:22:33Z cache-eze19324 MEWElogs[46369]: ROTATE, 1626322952878970074, EZE, 15
<134>2021-07-15T04:22:34Z cache-chi21126 MEWElogs[46369]: ROTATE, 1626322953915026689, CHI, 15
<134>2021-07-15T04:22:37Z cache-dfw18678 MEWElogs[46369]: ROTATE, 1626322957332999410, DFW, 15
<134>2021-07-15T04:22:44Z cache-bog6425 MEWElogs[46369]: ROTATE, 1626322963925269582, BOG, 15
<134>2021-07-15T04:23:11Z cache-bos4657 MEWElogs[46369]: ROTATE, 1626322991604104229, BOS, 15
<134>2021-07-15T04:23:30Z cache-mdw17383 MEWElogs[46369]: ROTATE, 1626323010252935816, MDW, 15
<134>2021-07-15T04:23:39Z cache-bos4657 MEWElogs[46369]: ROTATE, 1626323018800308523, BOS, 15
<134>2021-07-15T04:24:14Z cache-eze19324 MEWElogs[46369]: ROTATE, 1626323054014987630, EZE, 15
<134>2021-07-15T04:24:27Z cache-akl10324 MEWElogs[46369]: ROTATE, 1626323066009319791, AKL, 15
<134>2021-07-15T04:24:29Z cache-fty21383 MEWElogs[46369]: ROTATE, 1626323068325516119, FTY, 15
<134>2021-07-15T04:24:43Z cache-bos4657 MEWElogs[46369]: ROTATE, 1626323083133339016, BOS, 15
<134>2021-07-15T04:24:48Z cache-akl10324 MEWElogs[46369]: ROTATE, 1626323087005992485, AKL, 15
<134>2021-07-15T04:24:53Z cache-bos4657 MEWElogs[46369]: ROTATE, 1626323092336829493, BOS, 15
<134>2021-07-15T04:24:54Z cache-cwb20520 MEWElogs[46369]: ROTATE, 1626323093587473211, CWB, 15
<134>2021-07-15T04:25:08Z cache-dub4329 MEWElogs[46369]: ROTATE, 1626323107760595547, DUB, 15
<134>2021-07-15T04:25:15Z cache-cwb20520 MEWElogs[46369]: ROTATE, 1626323114095169216, CWB, 15
<134>2021-07-15T04:25:26Z cache-hhn4077 MEWElogs[46369]: ROTATE, 1626323125001845297, HHN, 15
<134>2021-07-15T04:25:39Z cache-dfw18678 MEWElogs[46369]: ROTATE, 1626323138229194309, DFW, 15
<134>2021-07-15T04:25:47Z cache-pwk4920 MEWElogs[46369]: ROTATE, 1626323146594222030, PWK, 15
<134>2021-07-15T04:26:00Z cache-dfw18678 MEWElogs[46369]: ROTATE, 1626323160442657726, DFW, 15
<134>2021-07-15T04:26:03Z cache-chi21126 MEWElogs[46369]: ROTATE, 1626323163673058120, CHI, 15
<134>2021-07-15T04:26:25Z cache-cwb20520 MEWElogs[46369]: ROTATE, 1626323184046707628, CWB, 15
<134>2021-07-15T04:26:34Z cache-dub4329 MEWElogs[46369]: ROTATE, 1626323193522703272, DUB, 15
