<134>2021-07-15T06:21:35Z cache-bog6425 MEWElogs[320228]: UNSH, 1626330094851191209, BOG, 16
<134>2021-07-15T06:21:45Z cache-bog6425 MEWElogs[320228]: UNSH, 1626330105557938019, BOG, 16
<134>2021-07-15T06:21:55Z cache-pdk17882 MEWElogs[320228]: UNSH, 1626330114507590654, PDK, 16
<134>2021-07-15T06:22:03Z cache-ams21020 MEWElogs[320228]: UNSH, 1626330122456111124, AMS, 16
<134>2021-07-15T06:22:38Z cache-mdw17383 MEWElogs[320228]: UNSH, 1626330157229436665, MDW, 16
<134>2021-07-15T06:23:14Z cache-bog6425 MEWElogs[320228]: UNSH, 1626330193801580138, BOG, 16
<134>2021-07-15T06:23:16Z cache-maa10251 MEWElogs[320228]: UNSH, 1626330195340539059, MAA, 16
<134>2021-07-15T06:23:32Z cache-ord1740 MEWElogs[320228]: UNSH, 1626330211041513018, ORD, 16
<134>2021-07-15T06:23:32Z cache-cmh21547 MEWElogs[320228]: UNSH, 1626330211590641757, CMH, 16
<134>2021-07-15T06:23:45Z cache-maa10251 MEWElogs[320228]: UNSH, 1626330224813269265, MAA, 16
<134>2021-07-15T06:24:42Z cache-dca17782 MEWElogs[320228]: UNSH, 1626330281410186561, DCA, 16
<134>2021-07-15T06:25:01Z cache-cmh21547 MEWElogs[320228]: UNSH, 1626330300609985971, CMH, 16
<134>2021-07-15T06:25:25Z cache-cph20625 MEWElogs[320228]: UNSH, 1626330324793785387, CPH, 16
<134>2021-07-15T06:26:57Z cache-chi21126 MEWElogs[320228]: UNSH, 1626330416521743354, CHI, 16
<134>2021-07-15T06:27:08Z cache-akl10324 MEWElogs[320228]: UNSH, 1626330428217429621, AKL, 16
<134>2021-07-15T06:27:55Z cache-pwk4920 MEWElogs[320228]: UNSH, 1626330474665697233, PWK, 16
<134>2021-07-15T06:28:53Z cache-del21735 MEWElogs[320228]: UNSH, 1626330531999224139, DEL, 16
<134>2021-07-15T06:29:13Z cache-hhn4077 MEWElogs[320228]: UNSH, 1626330553429371911, HHN, 16
<134>2021-07-15T06:29:14Z cache-dub4329 MEWElogs[320228]: UNSH, 1626330553295371757, DUB, 16
<134>2021-07-15T06:29:17Z cache-cph20625 MEWElogs[320228]: UNSH, 1626330556480289624, CPH, 16
<134>2021-07-15T06:29:29Z cache-pwk4920 MEWElogs[320228]: UNSH, 1626330568378420898, PWK, 16
<134>2021-07-15T06:29:40Z cache-del21735 MEWElogs[320228]: UNSH, 1626330579021904927, DEL, 16
<134>2021-07-15T06:29:58Z cache-cwb20520 MEWElogs[320228]: UNSH, 1626330598241241588, CWB, 16
<134>2021-07-15T06:30:12Z cache-dub4329 MEWElogs[320228]: UNSH, 1626330611192566000, DUB, 16
<134>2021-07-15T06:30:44Z cache-pwk4920 MEWElogs[320228]: UNSH, 1626330643292791537, PWK, 16
<134>2021-07-15T06:30:46Z cache-del21735 MEWElogs[320228]: UNSH, 1626330645428223883, DEL, 16
