<134>2021-07-15T04:39:10Z cache-lcy19283 MEWElogs[308969]: ROTATE, 1626323949000716518, LCY, 15
<134>2021-07-15T04:39:14Z cache-dal21283 MEWElogs[308969]: ROTATE, 1626323954198685616, DAL, 15
<134>2021-07-15T04:40:28Z cache-pwk4920 MEWElogs[308969]: ROTATE, 1626324028670125480, PWK, 15
<134>2021-07-15T04:40:43Z cache-lon4249 MEWElogs[308969]: ROTATE, 1626324042120489248, LON, 15
<134>2021-07-15T04:41:04Z cache-fra19177 MEWElogs[308969]: ROTATE, 1626324064088370941, FRA, 15
<134>2021-07-15T04:42:51Z cache-iah17271 MEWElogs[308969]: ROTATE, 1626324170522419654, IAH, 15
<134>2021-07-15T04:42:54Z cache-lon4249 MEWElogs[308969]: ROTATE, 1626324173610689113, LON, 15
<134>2021-07-15T04:43:10Z cache-lcy19283 MEWElogs[308969]: ROTATE, 1626324190616183604, LCY, 15
<134>2021-07-15T04:43:23Z cache-fra19177 MEWElogs[308969]: ROTATE, 1626324202157608666, FRA, 15
<134>2021-07-15T04:43:25Z cache-mad22068 MEWElogs[308969]: ROTATE, 1626324204349182367, MAD, 15
<134>2021-07-15T04:43:32Z cache-bur17583 MEWElogs[308969]: ROTATE, 1626324212613819677, BUR, 15
<134>2021-07-15T04:43:37Z cache-iah17271 MEWElogs[308969]: ROTATE, 1626324216840492706, IAH, 15
<134>2021-07-15T04:44:08Z cache-dal21283 MEWElogs[308969]: ROTATE, 1626324248117596125, DAL, 15
<134>2021-07-15T04:44:56Z cache-lcy19283 MEWElogs[308969]: ROTATE, 1626324295211719588, LCY, 15
<134>2021-07-15T04:45:35Z cache-hel6829 MEWElogs[308969]: ROTATE, 1626324333988581843, HEL, 15
<134>2021-07-15T04:45:36Z cache-lcy19283 MEWElogs[308969]: ROTATE, 1626324335324217704, LCY, 15
<134>2021-07-15T04:45:47Z cache-jnb7027 MEWElogs[308969]: ROTATE, 1626324346601475027, JNB, 15
<134>2021-07-15T04:46:48Z cache-bur17583 MEWElogs[308969]: ROTATE, 1626324408568523949, BUR, 15
<134>2021-07-15T04:47:38Z cache-lcy19283 MEWElogs[308969]: ROTATE, 1626324457073833565, LCY, 15
<134>2021-07-15T04:48:10Z cache-lcy19283 MEWElogs[308969]: ROTATE, 1626324489592859862, LCY, 15
<134>2021-07-15T04:48:13Z cache-hel6829 MEWElogs[308969]: ROTATE, 1626324492843553782, HEL, 15
<134>2021-07-15T04:48:43Z cache-mad22068 MEWElogs[308969]: ROTATE, 1626324522157462166, MAD, 15
<134>2021-07-15T04:48:59Z cache-mad22068 MEWElogs[308969]: ROTATE, 1626324538411161977, MAD, 15
<134>2021-07-15T04:48:59Z cache-lcy19283 MEWElogs[308969]: ROTATE, 1626324538545523086, LCY, 15
