<134>2021-07-15T05:19:07Z cache-bom4751 MEWElogs[355776]: ROTATE, 1626326346377884480, BOM, 15
<134>2021-07-15T05:19:47Z cache-gru17149 MEWElogs[355776]: ROTATE, 1626326386809457966, GRU, 15
<134>2021-07-15T05:19:53Z cache-syd10183 MEWElogs[355776]: ROTATE, 1626326392350027765, SYD, 15
<134>2021-07-15T05:20:42Z cache-scl19427 MEWElogs[355776]: ROTATE, 1626326441407359591, SCL, 15
<134>2021-07-15T05:20:49Z cache-bom4751 MEWElogs[355776]: ROTATE, 1626326449141870487, BOM, 15
<134>2021-07-15T05:21:12Z cache-itm18851 MEWElogs[355776]: ROTATE, 1626326471633849236, ITM, 15
<134>2021-07-15T05:21:31Z cache-gru17149 MEWElogs[355776]: ROTATE, 1626326490834207404, GRU, 15
<134>2021-07-15T05:21:32Z cache-pao17461 MEWElogs[355776]: ROTATE, 1626326491046582217, PAO, 15
<134>2021-07-15T05:21:37Z cache-bom4751 MEWElogs[355776]: ROTATE, 1626326496037201251, BOM, 15
<134>2021-07-15T05:21:37Z cache-gig17035 MEWElogs[355776]: ROTATE, 1626326496701498609, GIG, 15
<134>2021-07-15T05:21:59Z cache-syd10183 MEWElogs[355776]: ROTATE, 1626326518023878257, SYD, 15
<134>2021-07-15T05:22:03Z cache-cdg20720 MEWElogs[355776]: ROTATE, 1626326522248083644, CDG, 15
<134>2021-07-15T05:22:15Z cache-pao17461 MEWElogs[355776]: ROTATE, 1626326534566697315, PAO, 15
<134>2021-07-15T05:22:30Z cache-hnd18722 MEWElogs[355776]: ROTATE, 1626326550053117936, HND, 15
<134>2021-07-15T05:22:37Z cache-scl19427 MEWElogs[355776]: ROTATE, 1626326556626997986, SCL, 15
<134>2021-07-15T05:22:52Z cache-cgh11122 MEWElogs[355776]: ROTATE, 1626326572328020214, CGH, 15
<134>2021-07-15T05:22:56Z cache-itm18851 MEWElogs[355776]: ROTATE, 1626326576019701693, ITM, 15
<134>2021-07-15T05:22:59Z cache-pao17461 MEWElogs[355776]: ROTATE, 1626326578975537315, PAO, 15
<134>2021-07-15T05:24:24Z cache-pao17461 MEWElogs[355776]: ROTATE, 1626326664600053179, PAO, 15
<134>2021-07-15T05:24:25Z cache-gig17035 MEWElogs[355776]: ROTATE, 1626326664082894831, GIG, 15
<134>2021-07-15T05:24:29Z cache-cgh11122 MEWElogs[355776]: ROTATE, 1626326668142902562, CGH, 15
<134>2021-07-15T05:24:56Z cache-pao17461 MEWElogs[355776]: ROTATE, 1626326696433119503, PAO, 15
<134>2021-07-15T05:25:33Z cache-itm18851 MEWElogs[355776]: ROTATE, 1626326731966433248, ITM, 15
<134>2021-07-15T05:25:37Z cache-hnd18722 MEWElogs[355776]: ROTATE, 1626326737500259890, HND, 15
<134>2021-07-15T05:25:38Z cache-scl19427 MEWElogs[355776]: ROTATE, 1626326738039639255, SCL, 15
<134>2021-07-15T05:25:47Z cache-cgh11122 MEWElogs[355776]: ROTATE, 1626326745932483483, CGH, 15
<134>2021-07-15T05:25:49Z cache-hnd18722 MEWElogs[355776]: ROTATE, 1626326748470293108, HND, 15
<134>2021-07-15T05:26:16Z cache-stl4834 MEWElogs[355776]: ROTATE, 1626326775078636356, STL, 15
<134>2021-07-15T05:26:30Z cache-gig17035 MEWElogs[355776]: ROTATE, 1626326790439593887, GIG, 15
<134>2021-07-15T05:26:36Z cache-gru17149 MEWElogs[355776]: ROTATE, 1626326795606920758, GRU, 15
<134>2021-07-15T05:26:47Z cache-scl19427 MEWElogs[355776]: ROTATE, 1626326806816488909, SCL, 15
<134>2021-07-15T05:27:40Z cache-cgh11122 MEWElogs[355776]: ROTATE, 1626326859720920752, CGH, 15
<134>2021-07-15T05:27:55Z cache-sea4483 MEWElogs[355776]: ROTATE, 1626326875476962479, SEA, 15
<134>2021-07-15T05:28:01Z cache-hnd18722 MEWElogs[355776]: ROTATE, 1626326880145126313, HND, 15
<134>2021-07-15T05:28:07Z cache-sea4483 MEWElogs[355776]: ROTATE, 1626326886493099815, SEA, 15
