<134>2021-07-15T04:47:32Z cache-lon4249 MEWElogs[382896]: ROTATE, 1626324451641521769, LON, 15
<134>2021-07-15T04:47:38Z cache-den8274 MEWElogs[382896]: ROTATE, 1626324457649537345, DEN, 15
<134>2021-07-15T04:47:40Z cache-dal21283 MEWElogs[382896]: ROTATE, 1626324460330797190, DAL, 15
<134>2021-07-15T04:48:13Z cache-fra19177 MEWElogs[382896]: ROTATE, 1626324492932217448, FRA, 15
<134>2021-07-15T04:48:15Z cache-den8274 MEWElogs[382896]: ROTATE, 1626324494214051857, DEN, 15
<134>2021-07-15T04:48:25Z cache-lon4249 MEWElogs[382896]: ROTATE, 1626324505573808207, LON, 15
<134>2021-07-15T04:48:38Z cache-fra19177 MEWElogs[382896]: ROTATE, 1626324517294975109, FRA, 15
<134>2021-07-15T04:48:41Z cache-hel6829 MEWElogs[382896]: ROTATE, 1626324521174461118, HEL, 15
<134>2021-07-15T04:48:43Z cache-lcy19283 MEWElogs[382896]: ROTATE, 1626324522304499532, LCY, 15
<134>2021-07-15T04:48:53Z cache-fra19177 MEWElogs[382896]: ROTATE, 1626324533556542385, FRA, 15
<134>2021-07-15T04:49:00Z cache-hel6829 MEWElogs[382896]: ROTATE, 1626324539742700615, HEL, 15
<134>2021-07-15T04:49:18Z cache-den8274 MEWElogs[382896]: ROTATE, 1626324558189124839, DEN, 15
<134>2021-07-15T04:49:36Z cache-lon4249 MEWElogs[382896]: ROTATE, 1626324575254104491, LON, 15
<134>2021-07-15T04:51:00Z cache-den8274 MEWElogs[382896]: ROTATE, 1626324659698549785, DEN, 15
<134>2021-07-15T04:51:01Z cache-lcy19283 MEWElogs[382896]: ROTATE, 1626324660435301702, LCY, 15
<134>2021-07-15T04:51:11Z cache-mrs10583 MEWElogs[382896]: ROTATE, 1626324670024885382, MRS, 15
<134>2021-07-15T04:51:18Z cache-mrs10583 MEWElogs[382896]: ROTATE, 1626324677919933573, MRS, 15
<134>2021-07-15T04:51:37Z cache-dal21283 MEWElogs[382896]: ROTATE, 1626324696270153401, DAL, 15
<134>2021-07-15T04:51:39Z cache-lon4249 MEWElogs[382896]: ROTATE, 1626324698048797172, LON, 15
<134>2021-07-15T04:51:40Z cache-iah17271 MEWElogs[382896]: ROTATE, 1626324699776302924, IAH, 15
<134>2021-07-15T04:51:59Z cache-jnb7027 MEWElogs[382896]: ROTATE, 1626324718427298740, JNB, 15
<134>2021-07-15T04:52:14Z cache-iah17271 MEWElogs[382896]: ROTATE, 1626324733678365154, IAH, 15
<134>2021-07-15T04:52:27Z cache-jnb7027 MEWElogs[382896]: ROTATE, 1626324746574935917, JNB, 15
<134>2021-07-15T04:52:37Z cache-mrs10583 MEWElogs[382896]: ROTATE, 1626324756746044070, MRS, 15
<134>2021-07-15T04:52:44Z cache-mad22068 MEWElogs[382896]: ROTATE, 1626324763408708806, MAD, 15
<134>2021-07-15T04:53:24Z cache-mad22068 MEWElogs[382896]: ROTATE, 1626324803888477855, MAD, 15
<134>2021-07-15T04:53:40Z cache-mad22068 MEWElogs[382896]: ROTATE, 1626324819822466969, MAD, 15
<134>2021-07-15T04:53:57Z cache-dal21283 MEWElogs[382896]: ROTATE, 1626324836257708268, DAL, 15
<134>2021-07-15T04:54:08Z cache-dal21283 MEWElogs[382896]: ROTATE, 1626324847533879572, DAL, 15
<134>2021-07-15T04:54:41Z cache-mci5951 MEWElogs[382896]: ROTATE, 1626324880354671920, MCI, 15
<134>2021-07-15T04:55:32Z cache-mci5951 MEWElogs[382896]: ROTATE, 1626324932107995153, MCI, 15
<134>2021-07-15T04:55:36Z cache-stp9226 MEWElogs[382896]: ROTATE, 1626324935038979037, STP, 15
<134>2021-07-15T04:55:48Z cache-man4150 MEWElogs[382896]: ROTATE, 1626324947477355715, MAN, 15
<134>2021-07-15T04:56:19Z cache-lhr7382 MEWElogs[382896]: ROTATE, 1626324978506267515, LHR, 15
<134>2021-07-15T04:56:26Z cache-mrs10583 MEWElogs[382896]: ROTATE, 1626324985621401225, MRS, 15
<134>2021-07-15T04:56:45Z cache-mci5951 MEWElogs[382896]: ROTATE, 1626325005363330690, MCI, 15
<134>2021-07-15T04:57:27Z cache-mci5951 MEWElogs[382896]: ROTATE, 1626325047124569238, MCI, 15
