<134>2021-07-14T16:41:44Z cache-cph20625 MEWElogs[318405]: FLIPH, 1626280903977232826, CPH, -1
<134>2021-07-14T16:42:30Z cache-dca17782 MEWElogs[318405]: FLIPH, 1626280950128124088, DCA, 10
<134>2021-07-14T16:42:41Z cache-akl10324 MEWElogs[318405]: FLIPH, 1626280960170660925, AKL, 10
<134>2021-07-14T16:42:44Z cache-chi21126 MEWElogs[318405]: FLIPH, 1626280964103205379, CHI, -1
<134>2021-07-14T16:42:48Z cache-chi21126 MEWElogs[318405]: FLIPH, 1626280967206109829, CHI, 10
<134>2021-07-14T16:43:17Z cache-eze19324 MEWElogs[318405]: FLIPH, 1626280996645866097, EZE, -1
<134>2021-07-14T16:43:22Z cache-dfw18678 MEWElogs[318405]: FLIPH, 1626281002728325321, DFW, -1
<134>2021-07-14T16:43:49Z cache-mdw17383 MEWElogs[318405]: FLIPH, 1626281029502451460, MDW, 10
<134>2021-07-14T16:43:56Z cache-dfw18678 MEWElogs[318405]: FLIPH, 1626281036282951781, DFW, -1
<134>2021-07-14T16:44:01Z cache-mdw17383 MEWElogs[318405]: FLIPH, 1626281040673939394, MDW, 10
<134>2021-07-14T16:44:20Z cache-cmh21547 MEWElogs[318405]: FLIPH, 1626281059322460563, CMH, 10
<134>2021-07-14T16:44:30Z cache-mdw17383 MEWElogs[318405]: FLIPH, 1626281070219769519, MDW, -1
<134>2021-07-14T16:44:42Z cache-cph20625 MEWElogs[318405]: FLIPH, 1626281082066587358, CPH, -1
<134>2021-07-14T16:44:55Z cache-dfw18678 MEWElogs[318405]: FLIPH, 1626281094795558292, DFW, 10
<134>2021-07-14T16:44:59Z cache-fty21383 MEWElogs[318405]: FLIPH, 1626281098854207367, FTY, 10
<134>2021-07-14T16:45:01Z cache-akl10324 MEWElogs[318405]: FLIPH, 1626281100601212547, AKL, 10
<134>2021-07-14T16:45:03Z cache-cmh21547 MEWElogs[318405]: FLIPH, 1626281102539185525, CMH, 10
<134>2021-07-14T16:45:08Z cache-bos4657 MEWElogs[318405]: FLIPH, 1626281107758886514, BOS, -1
<134>2021-07-14T16:45:15Z cache-mdw17383 MEWElogs[318405]: FLIPH, 1626281114752285102, MDW, -1
<134>2021-07-14T16:45:40Z cache-pwk4920 MEWElogs[318405]: FLIPH, 1626281139621753776, PWK, 10
<134>2021-07-14T16:45:42Z cache-dub4329 MEWElogs[318405]: FLIPH, 1626281141941748506, DUB, -1
<134>2021-07-14T16:45:45Z cache-dub4329 MEWElogs[318405]: FLIPH, 1626281144592254784, DUB, 10
<134>2021-07-14T16:45:51Z cache-dfw18678 MEWElogs[318405]: FLIPH, 1626281151546336085, DFW, 10
<134>2021-07-14T16:46:27Z cache-del21735 MEWElogs[318405]: FLIPH, 1626281186445464151, DEL, 10
<134>2021-07-14T16:46:27Z cache-fty21383 MEWElogs[318405]: FLIPH, 1626281187591227595, FTY, -1
<134>2021-07-14T16:46:32Z cache-dub4329 MEWElogs[318405]: FLIPH, 1626281191580851181, DUB, 10
<134>2021-07-14T16:46:36Z cache-del21735 MEWElogs[318405]: FLIPH, 1626281195790471140, DEL, 10
<134>2021-07-14T16:46:47Z cache-fty21383 MEWElogs[318405]: FLIPH, 1626281206501269208, FTY, 10
<134>2021-07-14T16:46:51Z cache-akl10324 MEWElogs[318405]: FLIPH, 1626281210602087311, AKL, 10
<134>2021-07-14T16:46:59Z cache-pwk4920 MEWElogs[318405]: FLIPH, 1626281219525528686, PWK, 10
<134>2021-07-14T16:47:00Z cache-akl10324 MEWElogs[318405]: FLIPH, 1626281220487705465, AKL, 10
<134>2021-07-14T16:47:13Z cache-hhn4077 MEWElogs[318405]: FLIPH, 1626281232918090172, HHN, 10
<134>2021-07-14T16:47:17Z cache-fty21383 MEWElogs[318405]: FLIPH, 1626281236970250451, FTY, -1
<134>2021-07-14T16:47:18Z cache-bos4657 MEWElogs[318405]: FLIPH, 1626281238202633492, BOS, 10
<134>2021-07-14T16:47:31Z cache-del21735 MEWElogs[318405]: FLIPH, 1626281250478497678, DEL, -1
<134>2021-07-14T16:47:35Z cache-dub4329 MEWElogs[318405]: FLIPH, 1626281254313258815, DUB, 10
<134>2021-07-14T16:47:42Z cache-hhn4077 MEWElogs[318405]: FLIPH, 1626281262294550039, HHN, -1
<134>2021-07-14T16:47:48Z cache-dub4329 MEWElogs[318405]: FLIPH, 1626281267357240150, DUB, -1
<134>2021-07-14T16:48:45Z cache-bos4657 MEWElogs[318405]: FLIPH, 1626281325502439797, BOS, -1
<134>2021-07-14T16:48:45Z cache-chi21126 MEWElogs[318405]: FLIPH, 1626281324724916594, CHI, -1
<134>2021-07-14T16:48:49Z cache-akl10324 MEWElogs[318405]: FLIPH, 1626281328407672026, AKL, -1
<134>2021-07-14T16:49:07Z cache-bos4657 MEWElogs[318405]: FLIPH, 1626281346533231432, BOS, 10
<134>2021-07-14T16:49:20Z cache-akl10324 MEWElogs[318405]: FLIPH, 1626281359130983126, AKL, -1
<134>2021-07-14T16:49:29Z cache-hhn4077 MEWElogs[318405]: FLIPH, 1626281368551073402, HHN, 10
<134>2021-07-14T16:49:31Z cache-fty21383 MEWElogs[318405]: FLIPH, 1626281370678914339, FTY, -1
<134>2021-07-14T16:49:40Z cache-akl10324 MEWElogs[318405]: FLIPH, 1626281379743121458, AKL, -1
<134>2021-07-14T16:50:15Z cache-fty21383 MEWElogs[318405]: FLIPH, 1626281414935825270, FTY, 10
<134>2021-07-14T16:50:28Z cache-del21735 MEWElogs[318405]: FLIPH, 1626281428363119156, DEL, -1
<134>2021-07-14T16:50:29Z cache-dub4329 MEWElogs[318405]: FLIPH, 1626281428196895216, DUB, 10
<134>2021-07-14T16:50:35Z cache-dub4329 MEWElogs[318405]: FLIPH, 1626281434719138279, DUB, -1
<134>2021-07-14T16:50:42Z cache-akl10324 MEWElogs[318405]: FLIPH, 1626281441705592450, AKL, 10
<134>2021-07-14T16:51:10Z cache-fty21383 MEWElogs[318405]: FLIPH, 1626281470259107033, FTY, -1
<134>2021-07-14T16:51:14Z cache-dub4329 MEWElogs[318405]: FLIPH, 1626281473851061905, DUB, -1
<134>2021-07-14T16:51:22Z cache-akl10324 MEWElogs[318405]: FLIPH, 1626281481579371386, AKL, 10
<134>2021-07-14T16:51:34Z cache-dfw18678 MEWElogs[318405]: FLIPH, 1626281493890621770, DFW, -1
<134>2021-07-14T16:51:39Z cache-akl10324 MEWElogs[318405]: FLIPH, 1626281498843924165, AKL, -1
