<134>2021-07-15T01:31:34Z cache-chi21126 MEWElogs[464521]: GRAY, 1626312694580961324, CHI, 13
<134>2021-07-15T01:31:43Z cache-cmh21547 MEWElogs[464521]: GRAY, 1626312702667599735, CMH, 13
<134>2021-07-15T01:31:58Z cache-akl10324 MEWElogs[464521]: GRAY, 1626312717556143729, AKL, 13
<134>2021-07-15T01:32:19Z cache-mdw17383 MEWElogs[464521]: GRAY, 1626312739024078671, MDW, 13
<134>2021-07-15T01:32:19Z cache-akl10324 MEWElogs[464521]: GRAY, 1626312738466182538, AKL, 13
<134>2021-07-15T01:33:01Z cache-akl10324 MEWElogs[464521]: GRAY, 1626312780636428050, AKL, 13
<134>2021-07-15T01:33:01Z cache-wdc5583 MEWElogs[464521]: GRAY, 1626312781684681281, WDC, 13
<134>2021-07-15T01:33:20Z cache-mdw17383 MEWElogs[464521]: GRAY, 1626312800049319340, MDW, 13
<134>2021-07-15T01:33:43Z cache-eze19324 MEWElogs[464521]: GRAY, 1626312822583056968, EZE, 13
<134>2021-07-15T01:34:27Z cache-pwk4920 MEWElogs[464521]: GRAY, 1626312866989856849, PWK, 13
<134>2021-07-15T01:34:39Z cache-fty21383 MEWElogs[464521]: GRAY, 1626312878556919566, FTY, 13
<134>2021-07-15T01:34:44Z cache-fty21383 MEWElogs[464521]: GRAY, 1626312883801509392, FTY, 13
<134>2021-07-15T01:35:01Z cache-del21735 MEWElogs[464521]: GRAY, 1626312900527602830, DEL, 13
<134>2021-07-15T01:35:20Z cache-hhn4077 MEWElogs[464521]: GRAY, 1626312920008048743, HHN, 13
<134>2021-07-15T01:35:23Z cache-dfw18678 MEWElogs[464521]: GRAY, 1626312923063745122, DFW, 13
<134>2021-07-15T01:35:24Z cache-hhn4077 MEWElogs[464521]: GRAY, 1626312924685620523, HHN, 13
<134>2021-07-15T01:35:39Z cache-dfw18678 MEWElogs[464521]: GRAY, 1626312938693138638, DFW, 13
<134>2021-07-15T01:35:46Z cache-bos4657 MEWElogs[464521]: GRAY, 1626312946065390554, BOS, 13
<134>2021-07-15T01:35:48Z cache-hhn4077 MEWElogs[464521]: GRAY, 1626312948377184146, HHN, 13
<134>2021-07-15T01:36:07Z cache-cph20625 MEWElogs[464521]: GRAY, 1626312966860970365, CPH, 13
<134>2021-07-15T01:36:09Z cache-dfw18678 MEWElogs[464521]: GRAY, 1626312968330519178, DFW, 13
<134>2021-07-15T01:36:10Z cache-fty21383 MEWElogs[464521]: GRAY, 1626312969035952149, FTY, 13
<134>2021-07-15T01:36:14Z cache-cph20625 MEWElogs[464521]: GRAY, 1626312973288806645, CPH, 13
<134>2021-07-15T01:36:22Z cache-del21735 MEWElogs[464521]: GRAY, 1626312981015593055, DEL, 13
<134>2021-07-15T01:36:22Z cache-chi21126 MEWElogs[464521]: GRAY, 1626312981756789723, CHI, 13
<134>2021-07-15T01:36:55Z cache-fra19177 MEWElogs[464521]: GRAY, 1626313014918193245, FRA, 13
<134>2021-07-15T01:37:18Z cache-dfw18678 MEWElogs[464521]: GRAY, 1626313037361867318, DFW, 13
<134>2021-07-15T01:37:37Z cache-chi21126 MEWElogs[464521]: GRAY, 1626313056542261247, CHI, 13
<134>2021-07-15T01:37:44Z cache-bos4657 MEWElogs[464521]: GRAY, 1626313063652819529, BOS, 13
<134>2021-07-15T01:38:10Z cache-hhn4077 MEWElogs[464521]: GRAY, 1626313090204301369, HHN, 13
<134>2021-07-15T01:38:19Z cache-cph20625 MEWElogs[464521]: GRAY, 1626313098715033421, CPH, 13
<134>2021-07-15T01:38:39Z cache-fra19177 MEWElogs[464521]: GRAY, 1626313118514363898, FRA, 13
<134>2021-07-15T01:39:05Z cache-chi21126 MEWElogs[464521]: GRAY, 1626313145133288441, CHI, 13
<134>2021-07-15T01:39:12Z cache-hhn4077 MEWElogs[464521]: GRAY, 1626313151517018996, HHN, 13
<134>2021-07-15T01:39:15Z cache-del21735 MEWElogs[464521]: GRAY, 1626313154443824039, DEL, 13
<134>2021-07-15T01:39:19Z cache-akl10324 MEWElogs[464521]: GRAY, 1626313158911266963, AKL, 13
<134>2021-07-15T01:39:42Z cache-bos4657 MEWElogs[464521]: GRAY, 1626313181184327304, BOS, 13
<134>2021-07-15T01:39:49Z cache-hhn4077 MEWElogs[464521]: GRAY, 1626313189410635391, HHN, 13
<134>2021-07-15T01:39:59Z cache-fra19177 MEWElogs[464521]: GRAY, 1626313198841089753, FRA, 13
<134>2021-07-15T01:40:02Z cache-fty21383 MEWElogs[464521]: GRAY, 1626313201907709965, FTY, 13
<134>2021-07-15T01:40:29Z cache-fty21383 MEWElogs[464521]: GRAY, 1626313228189289808, FTY, 13
<134>2021-07-15T01:40:30Z cache-del21735 MEWElogs[464521]: GRAY, 1626313229269657251, DEL, 13
<134>2021-07-15T01:40:46Z cache-fra19177 MEWElogs[464521]: GRAY, 1626313245423059960, FRA, 13
<134>2021-07-15T01:40:47Z cache-del21735 MEWElogs[464521]: GRAY, 1626313246681634380, DEL, 13
<134>2021-07-15T01:40:52Z cache-dfw18678 MEWElogs[464521]: GRAY, 1626313251141335385, DFW, 13
<134>2021-07-15T01:41:04Z cache-chi21126 MEWElogs[464521]: GRAY, 1626313264032360394, CHI, 13
<134>2021-07-15T01:41:14Z cache-hhn4077 MEWElogs[464521]: GRAY, 1626313273400870295, HHN, 13
<134>2021-07-15T01:41:28Z cache-hel6829 MEWElogs[464521]: GRAY, 1626313287157878063, HEL, 13
<134>2021-07-15T01:41:29Z cache-hhn4077 MEWElogs[464521]: GRAY, 1626313288375866871, HHN, 13
<134>2021-07-15T01:41:32Z cache-chi21126 MEWElogs[464521]: GRAY, 1626313292300360904, CHI, 13
<134>2021-07-15T01:41:33Z cache-del21735 MEWElogs[464521]: GRAY, 1626313292871715672, DEL, 13
