<134>2021-07-15T04:57:11Z cache-iah17271 MEWElogs[370074]: ROTATE, 1626325030104451949, IAH, 15
<134>2021-07-15T04:57:29Z cache-mrs10583 MEWElogs[370074]: ROTATE, 1626325048081229904, MRS, 15
<134>2021-07-15T04:57:35Z cache-stp9226 MEWElogs[370074]: ROTATE, 1626325054326734074, STP, 15
<134>2021-07-15T04:58:00Z cache-mrs10583 MEWElogs[370074]: ROTATE, 1626325079382287191, MRS, 15
<134>2021-07-15T04:58:18Z cache-stp9226 MEWElogs[370074]: ROTATE, 1626325097739598403, STP, 15
<134>2021-07-15T04:58:41Z cache-bur17583 MEWElogs[370074]: ROTATE, 1626325120152905093, BUR, 15
<134>2021-07-15T04:58:45Z cache-hkg17929 MEWElogs[370074]: ROTATE, 1626325125001390040, HKG, 15
<134>2021-07-15T04:58:52Z cache-bur17583 MEWElogs[370074]: ROTATE, 1626325132723992841, BUR, 15
<134>2021-07-15T04:59:30Z cache-yul12826 MEWElogs[370074]: ROTATE, 1626325169268947259, YUL, 15
<134>2021-07-15T04:59:54Z cache-hkg17929 MEWElogs[370074]: ROTATE, 1626325194690063363, HKG, 15
<134>2021-07-15T05:00:07Z cache-stp9226 MEWElogs[370074]: ROTATE, 1626325206912547732, STP, 15
<134>2021-07-15T05:00:26Z cache-lga21983 MEWElogs[370074]: ROTATE, 1626325225392951244, LGA, 15
<134>2021-07-15T05:00:28Z cache-lax10677 MEWElogs[370074]: ROTATE, 1626325228103344312, LGB, 15
<134>2021-07-15T05:01:03Z cache-lga21983 MEWElogs[370074]: ROTATE, 1626325262101378470, LGA, 15
<134>2021-07-15T05:01:16Z cache-mrs10583 MEWElogs[370074]: ROTATE, 1626325275413654138, MRS, 15
<134>2021-07-15T05:01:21Z cache-yul12826 MEWElogs[370074]: ROTATE, 1626325280025790222, YUL, 15
<134>2021-07-15T05:01:43Z cache-lhr7382 MEWElogs[370074]: ROTATE, 1626325302193995850, LHR, 15
<134>2021-07-15T05:01:57Z cache-lga21983 MEWElogs[370074]: ROTATE, 1626325316451711169, LGA, 15
<134>2021-07-15T05:02:49Z cache-hkg17929 MEWElogs[370074]: ROTATE, 1626325368887605094, HKG, 15
<134>2021-07-15T05:03:23Z cache-lax10677 MEWElogs[370074]: ROTATE, 1626325403694059126, LGB, 15
<134>2021-07-15T05:03:38Z cache-mrs10583 MEWElogs[370074]: ROTATE, 1626325417181595437, MRS, 15
<134>2021-07-15T05:04:47Z cache-yul12826 MEWElogs[370074]: ROTATE, 1626325486133350425, YUL, 15
<134>2021-07-15T05:05:20Z cache-yul12826 MEWElogs[370074]: ROTATE, 1626325519762260715, YUL, 15
<134>2021-07-15T05:05:32Z cache-stp9226 MEWElogs[370074]: ROTATE, 1626325531840701168, STP, 15
<134>2021-07-15T05:05:33Z cache-lga21983 MEWElogs[370074]: ROTATE, 1626325532475276138, LGA, 15
<134>2021-07-15T05:06:16Z cache-hkg17929 MEWElogs[370074]: ROTATE, 1626325575868884220, HKG, 15
<134>2021-07-15T05:06:56Z cache-bom4751 MEWElogs[370074]: ROTATE, 1626325616718371159, BOM, 15
