<134>2021-07-14T22:00:54Z cache-hel6829 MEWElogs[21956]: BLUR, 1626300053324707444, HEL, 11
<134>2021-07-14T22:01:22Z cache-fra19177 MEWElogs[21956]: BLUR, 1626300081692893487, FRA, 11
<134>2021-07-14T22:02:37Z cache-fra19177 MEWElogs[21956]: BLUR, 1626300156632313970, FRA, 11
<134>2021-07-14T22:02:52Z cache-iah17271 MEWElogs[21956]: BLUR, 1626300172034422607, IAH, 11
<134>2021-07-14T22:03:38Z cache-fra19177 MEWElogs[21956]: BLUR, 1626300217048246910, FRA, 11
<134>2021-07-14T22:03:52Z cache-iah17271 MEWElogs[21956]: BLUR, 1626300232217884769, IAH, 11
<134>2021-07-14T22:03:54Z cache-lon4249 MEWElogs[21956]: BLUR, 1626300233637543707, LON, 11
<134>2021-07-14T22:04:13Z cache-hel6829 MEWElogs[21956]: BLUR, 1626300253685787957, HEL, 11
<134>2021-07-14T22:04:14Z cache-jnb7027 MEWElogs[21956]: BLUR, 1626300253934507588, JNB, 11
<134>2021-07-14T22:05:13Z cache-cwb20520 MEWElogs[21956]: BLUR, 1626300312750609472, CWB, 11
<134>2021-07-14T22:05:21Z cache-bur17583 MEWElogs[21956]: BLUR, 1626300320943329455, BUR, 11
<134>2021-07-14T22:05:33Z cache-iah17271 MEWElogs[21956]: BLUR, 1626300333153920937, IAH, 11
<134>2021-07-14T22:06:47Z cache-lon4249 MEWElogs[21956]: BLUR, 1626300406854651636, LON, 11
<134>2021-07-14T22:07:41Z cache-den8274 MEWElogs[21956]: BLUR, 1626300460825031246, DEN, 11
<134>2021-07-14T22:07:50Z cache-hkg17929 MEWElogs[21956]: BLUR, 1626300469390284785, HKG, 11
<134>2021-07-14T22:08:18Z cache-lcy19283 MEWElogs[21956]: BLUR, 1626300497670980350, LCY, 11
<134>2021-07-14T22:08:57Z cache-den8274 MEWElogs[21956]: BLUR, 1626300536976558658, DEN, 11
<134>2021-07-14T22:09:26Z cache-lcy19283 MEWElogs[21956]: BLUR, 1626300566747801792, LCY, 11
<134>2021-07-14T22:09:43Z cache-jnb7027 MEWElogs[21956]: BLUR, 1626300582876061241, JNB, 11
<134>2021-07-14T22:10:17Z cache-lcy19283 MEWElogs[21956]: BLUR, 1626300617088683717, LCY, 11
