<134>2021-07-14T18:03:25Z cache-cgh11183 MEWElogs[21956]: FLIPH, 1626285804397264613, CGH, 10
<134>2021-07-14T18:03:55Z cache-bma1628 MEWElogs[21956]: FLIPH, 1626285834801897770, BMA, -1
<134>2021-07-14T18:03:59Z cache-pao17461 MEWElogs[21956]: FLIPH, 1626285839099135650, PAO, -1
<134>2021-07-14T18:05:05Z cache-sea4483 MEWElogs[21956]: FLIPH, 1626285905023877597, SEA, 10
<134>2021-07-14T18:05:15Z cache-cgh11183 MEWElogs[21956]: FLIPH, 1626285914423512518, CGH, -1
<134>2021-07-14T18:05:20Z cache-yyz4551 MEWElogs[21956]: FLIPH, 1626285920241883622, YYZ, 10
<134>2021-07-14T18:05:24Z cache-sea4483 MEWElogs[21956]: FLIPH, 1626285923629399913, SEA, -1
<134>2021-07-14T18:05:28Z cache-cgh11183 MEWElogs[21956]: FLIPH, 1626285927586566071, CGH, 10
<134>2021-07-14T18:05:28Z cache-bma1628 MEWElogs[21956]: FLIPH, 1626285927805932587, BMA, -1
<134>2021-07-14T18:05:55Z cache-cgh11183 MEWElogs[21956]: FLIPH, 1626285955260866573, CGH, -1
<134>2021-07-14T18:05:56Z cache-tyo11974 MEWElogs[21956]: FLIPH, 1626285955480394381, TYO, 10
<134>2021-07-14T18:05:59Z cache-cgh11122 MEWElogs[21956]: FLIPH, 1626285959267762230, CGH, 10
<134>2021-07-14T18:06:24Z cache-bma1628 MEWElogs[21956]: FLIPH, 1626285983832851534, BMA, -1
<134>2021-07-14T18:06:28Z cache-cgh11183 MEWElogs[21956]: FLIPH, 1626285988478628648, CGH, 10
<134>2021-07-14T18:06:37Z cache-cgh11122 MEWElogs[21956]: FLIPH, 1626285996820753642, CGH, -1
<134>2021-07-14T18:06:52Z cache-tyo11974 MEWElogs[21956]: FLIPH, 1626286011100967201, TYO, 10
<134>2021-07-14T18:07:14Z cache-sea4483 MEWElogs[21956]: FLIPH, 1626286033379546308, SEA, -1
<134>2021-07-14T18:07:35Z cache-tyo11974 MEWElogs[21956]: FLIPH, 1626286054885512334, TYO, -1
<134>2021-07-14T18:07:36Z cache-yyz4551 MEWElogs[21956]: FLIPH, 1626286056444390093, YYZ, 10
<134>2021-07-14T18:07:46Z cache-sea4483 MEWElogs[21956]: FLIPH, 1626286066125077227, SEA, -1
<134>2021-07-14T18:07:49Z cache-sjc10078 MEWElogs[21956]: FLIPH, 1626286068770890008, SJC, -1
<134>2021-07-14T18:07:51Z cache-cgh11183 MEWElogs[21956]: FLIPH, 1626286070434114325, CGH, 10
<134>2021-07-14T18:07:57Z cache-tyo11974 MEWElogs[21956]: FLIPH, 1626286075852791280, TYO, 10
<134>2021-07-14T18:08:23Z cache-sea4483 MEWElogs[21956]: FLIPH, 1626286102252150555, SEA, 10
<134>2021-07-14T18:09:29Z cache-bma1628 MEWElogs[21956]: FLIPH, 1626286168660671969, BMA, -1
<134>2021-07-14T18:09:39Z cache-sea4483 MEWElogs[21956]: FLIPH, 1626286178570455404, SEA, 10
<134>2021-07-14T18:09:53Z cache-cgh11183 MEWElogs[21956]: FLIPH, 1626286193496217401, CGH, 10
<134>2021-07-14T18:10:13Z cache-cgh11183 MEWElogs[21956]: FLIPH, 1626286212927620358, CGH, -1
<134>2021-07-14T18:10:15Z cache-bma1628 MEWElogs[21956]: FLIPH, 1626286215697498122, BMA, -1
<134>2021-07-14T18:10:40Z cache-yyz4551 MEWElogs[21956]: FLIPH, 1626286239795324440, YYZ, 10
<134>2021-07-14T18:10:53Z cache-vie21629 MEWElogs[21956]: FLIPH, 1626286253013913008, VIE, -1
<134>2021-07-14T18:11:30Z cache-bma1628 MEWElogs[21956]: FLIPH, 1626286290100673110, BMA, -1
<134>2021-07-14T18:12:00Z cache-yyz4551 MEWElogs[21956]: FLIPH, 1626286319943242764, YYZ, -1
<134>2021-07-14T18:12:03Z cache-sea4483 MEWElogs[21956]: FLIPH, 1626286322610429716, SEA, 10
<134>2021-07-14T18:12:22Z cache-yyz4551 MEWElogs[21956]: FLIPH, 1626286341089861589, YYZ, 10
<134>2021-07-14T18:12:31Z cache-vie21629 MEWElogs[21956]: FLIPH, 1626286350522865553, VIE, 10
<134>2021-07-14T18:13:03Z cache-yyz4551 MEWElogs[21956]: FLIPH, 1626286383396064360, YYZ, -1
<134>2021-07-14T18:13:12Z cache-bma1628 MEWElogs[21956]: FLIPH, 1626286392393469066, BMA, -1
<134>2021-07-14T18:13:16Z cache-vie21629 MEWElogs[21956]: FLIPH, 1626286395602553257, VIE, 10
