<134>2021-07-15T06:45:00Z cache-dal21283 MEWElogs[21956]: UNSH, 1626331499426567570, DAL, 16
<134>2021-07-15T06:45:09Z cache-iah17271 MEWElogs[21956]: UNSH, 1626331508977748254, IAH, 16
<134>2021-07-15T06:45:12Z cache-hel6829 MEWElogs[21956]: UNSH, 1626331512346854823, HEL, 16
<134>2021-07-15T06:45:22Z cache-hel6829 MEWElogs[21956]: UNSH, 1626331522594148982, HEL, 16
<134>2021-07-15T06:45:44Z cache-cwb20520 MEWElogs[21956]: UNSH, 1626331543146326877, CWB, 16
<134>2021-07-15T06:45:54Z cache-cwb20520 MEWElogs[21956]: UNSH, 1626331553459482183, CWB, 16
<134>2021-07-15T06:46:10Z cache-jnb7027 MEWElogs[21956]: UNSH, 1626331569516700246, JNB, 16
<134>2021-07-15T06:46:31Z cache-jnb7027 MEWElogs[21956]: UNSH, 1626331591442095332, JNB, 16
<134>2021-07-15T06:46:33Z cache-dal21283 MEWElogs[21956]: UNSH, 1626331592593438189, DAL, 16
<134>2021-07-15T06:46:39Z cache-bur17583 MEWElogs[21956]: UNSH, 1626331598398607668, BUR, 16
<134>2021-07-15T06:46:49Z cache-fra19177 MEWElogs[21956]: UNSH, 1626331609077128896, FRA, 16
<134>2021-07-15T06:46:53Z cache-dal21283 MEWElogs[21956]: UNSH, 1626331612849605947, DAL, 16
<134>2021-07-15T06:47:25Z cache-hel6829 MEWElogs[21956]: UNSH, 1626331645036059094, HEL, 16
<134>2021-07-15T06:47:46Z cache-hel6829 MEWElogs[21956]: UNSH, 1626331665326443402, HEL, 16
<134>2021-07-15T06:49:13Z cache-lon4249 MEWElogs[21956]: UNSH, 1626331753194667410, LON, 16
<134>2021-07-15T06:49:14Z cache-fra19177 MEWElogs[21956]: UNSH, 1626331754123682946, FRA, 16
<134>2021-07-15T06:49:22Z cache-den8274 MEWElogs[21956]: UNSH, 1626331761830610587, DEN, 16
<134>2021-07-15T06:50:10Z cache-hel6829 MEWElogs[21956]: UNSH, 1626331809515023499, HEL, 16
<134>2021-07-15T06:50:13Z cache-lon4249 MEWElogs[21956]: UNSH, 1626331812220669964, LON, 16
<134>2021-07-15T06:50:46Z cache-fra19177 MEWElogs[21956]: UNSH, 1626331845852161386, FRA, 16
<134>2021-07-15T06:50:58Z cache-mad22068 MEWElogs[21956]: UNSH, 1626331857653143337, MAD, 16
<134>2021-07-15T06:51:31Z cache-lon4249 MEWElogs[21956]: UNSH, 1626331891038988873, LON, 16
<134>2021-07-15T06:51:44Z cache-hel6829 MEWElogs[21956]: UNSH, 1626331903804160215, HEL, 16
<134>2021-07-15T06:52:07Z cache-bur17583 MEWElogs[21956]: UNSH, 1626331926517070119, BUR, 16
<134>2021-07-15T06:52:15Z cache-lcy19283 MEWElogs[21956]: UNSH, 1626331934612694707, LCY, 16
<134>2021-07-15T06:52:26Z cache-fra19177 MEWElogs[21956]: UNSH, 1626331945745299194, FRA, 16
<134>2021-07-15T06:52:34Z cache-iah17271 MEWElogs[21956]: UNSH, 1626331953790192944, IAH, 16
<134>2021-07-15T06:52:52Z cache-den8274 MEWElogs[21956]: UNSH, 1626331971366073919, DEN, 16
<134>2021-07-15T06:52:57Z cache-mad22068 MEWElogs[21956]: UNSH, 1626331976588590032, MAD, 16
<134>2021-07-15T06:53:11Z cache-fra19177 MEWElogs[21956]: UNSH, 1626331990657874723, FRA, 16
<134>2021-07-15T06:53:21Z cache-fra19177 MEWElogs[21956]: UNSH, 1626332000185892420, FRA, 16
<134>2021-07-15T06:53:23Z cache-iah17271 MEWElogs[21956]: UNSH, 1626332003085407936, IAH, 16
<134>2021-07-15T06:53:39Z cache-hel6829 MEWElogs[21956]: UNSH, 1626332018249659575, HEL, 16
<134>2021-07-15T06:53:48Z cache-mrs10583 MEWElogs[21956]: UNSH, 1626332027626628923, MRS, 16
