<134>2021-07-15T00:38:59Z cache-bos4657 MEWElogs[46369]: CROP, 1626309538390222876, BOS, 12
<134>2021-07-15T00:39:08Z cache-dub4329 MEWElogs[46369]: CROP, 1626309547720364162, DUB, 12
<134>2021-07-15T00:39:22Z cache-dub4329 MEWElogs[46369]: CROP, 1626309562743323666, DUB, 12
<134>2021-07-15T00:39:28Z cache-bos4657 MEWElogs[46369]: CROP, 1626309567916434016, BOS, 12
<134>2021-07-15T00:39:29Z cache-fty21383 MEWElogs[46369]: CROP, 1626309568252184357, FTY, 12
<134>2021-07-15T00:39:29Z cache-dub4329 MEWElogs[46369]: CROP, 1626309568662898921, DUB, 12
<134>2021-07-15T00:39:30Z cache-chi21126 MEWElogs[46369]: CROP, 1626309569417827656, CHI, 12
<134>2021-07-15T00:39:35Z cache-akl10324 MEWElogs[46369]: CROP, 1626309574332439700, AKL, 12
<134>2021-07-15T00:39:41Z cache-dfw18678 MEWElogs[46369]: CROP, 1626309581135164226, DFW, 12
<134>2021-07-15T00:39:43Z cache-cph20625 MEWElogs[46369]: CROP, 1626309582863273891, CPH, 12
<134>2021-07-15T00:39:44Z cache-akl10324 MEWElogs[46369]: CROP, 1626309583581748369, AKL, 12
<134>2021-07-15T00:39:47Z cache-dub4329 MEWElogs[46369]: CROP, 1626309586310320771, DUB, 12
<134>2021-07-15T00:40:14Z cache-hel6829 MEWElogs[46369]: CROP, 1626309613710467400, HEL, 12
<134>2021-07-15T00:40:27Z cache-cph20625 MEWElogs[46369]: CROP, 1626309626286708629, CPH, 12
<134>2021-07-15T00:40:57Z cache-dub4329 MEWElogs[46369]: CROP, 1626309656681217019, DUB, 12
<134>2021-07-15T00:41:10Z cache-cwb20520 MEWElogs[46369]: CROP, 1626309669212276002, CWB, 12
<134>2021-07-15T00:41:12Z cache-iah17271 MEWElogs[46369]: CROP, 1626309671756299343, IAH, 12
<134>2021-07-15T00:41:12Z cache-pwk4920 MEWElogs[46369]: CROP, 1626309672207199080, PWK, 12
<134>2021-07-15T00:41:24Z cache-bos4657 MEWElogs[46369]: CROP, 1626309683622129743, BOS, 12
<134>2021-07-15T00:41:26Z cache-cwb20520 MEWElogs[46369]: CROP, 1626309686216004135, CWB, 12
<134>2021-07-15T00:41:26Z cache-chi21126 MEWElogs[46369]: CROP, 1626309685765688615, CHI, 12
<134>2021-07-15T00:41:50Z cache-bos4657 MEWElogs[46369]: CROP, 1626309709698213485, BOS, 12
<134>2021-07-15T00:41:50Z cache-akl10324 MEWElogs[46369]: CROP, 1626309709271279961, AKL, 12
<134>2021-07-15T00:42:00Z cache-dfw18678 MEWElogs[46369]: CROP, 1626309719898802520, DFW, 12
<134>2021-07-15T00:42:02Z cache-lcy19283 MEWElogs[46369]: CROP, 1626309722343056206, LCY, 12
<134>2021-07-15T00:42:07Z cache-iah17271 MEWElogs[46369]: CROP, 1626309727549841134, IAH, 12
<134>2021-07-15T00:42:08Z cache-hel6829 MEWElogs[46369]: CROP, 1626309727391947298, HEL, 12
<134>2021-07-15T00:42:08Z cache-lcy19283 MEWElogs[46369]: CROP, 1626309728298610908, LCY, 12
<134>2021-07-15T00:42:18Z cache-den8274 MEWElogs[46369]: CROP, 1626309737859969090, DEN, 12
<134>2021-07-15T00:42:18Z cache-cwb20520 MEWElogs[46369]: CROP, 1626309738379069706, CWB, 12
<134>2021-07-15T00:42:35Z cache-iah17271 MEWElogs[46369]: CROP, 1626309754595677033, IAH, 12
<134>2021-07-15T00:42:55Z cache-pwk4920 MEWElogs[46369]: CROP, 1626309775019711217, PWK, 12
<134>2021-07-15T00:42:57Z cache-jnb7027 MEWElogs[46369]: CROP, 1626309777194575460, JNB, 12
<134>2021-07-15T00:42:59Z cache-lcy19283 MEWElogs[46369]: CROP, 1626309778959853045, LCY, 12
<134>2021-07-15T00:43:03Z cache-pwk4920 MEWElogs[46369]: CROP, 1626309783430138919, PWK, 12
<134>2021-07-15T00:43:26Z cache-cwb20520 MEWElogs[46369]: CROP, 1626309805852120363, CWB, 12
<134>2021-07-15T00:43:31Z cache-cwb20520 MEWElogs[46369]: CROP, 1626309810132481182, CWB, 12
<134>2021-07-15T00:43:41Z cache-bur17583 MEWElogs[46369]: CROP, 1626309820195976987, BUR, 12
<134>2021-07-15T00:43:45Z cache-mad22068 MEWElogs[46369]: CROP, 1626309824288788567, MAD, 12
<134>2021-07-15T00:44:11Z cache-lcy19283 MEWElogs[46369]: CROP, 1626309850018322391, LCY, 12
<134>2021-07-15T00:44:33Z cache-iah17271 MEWElogs[46369]: CROP, 1626309872645086624, IAH, 12
<134>2021-07-15T00:44:43Z cache-mad22068 MEWElogs[46369]: CROP, 1626309882172755345, MAD, 12
<134>2021-07-15T00:44:50Z cache-mrs10583 MEWElogs[46369]: CROP, 1626309889105212722, MRS, 12
<134>2021-07-15T00:44:55Z cache-mad22068 MEWElogs[46369]: CROP, 1626309894742960306, MAD, 12
<134>2021-07-15T00:44:55Z cache-dal21283 MEWElogs[46369]: CROP, 1626309895108655204, DAL, 12
<134>2021-07-15T00:45:01Z cache-lcy19283 MEWElogs[46369]: CROP, 1626309900864732265, LCY, 12
<134>2021-07-15T00:45:05Z cache-cwb20520 MEWElogs[46369]: CROP, 1626309904571132334, CWB, 12
<134>2021-07-15T00:45:10Z cache-mrs10583 MEWElogs[46369]: CROP, 1626309909516986653, MRS, 12
<134>2021-07-15T00:45:15Z cache-bur17583 MEWElogs[46369]: CROP, 1626309914582244839, BUR, 12
<134>2021-07-15T00:45:19Z cache-mrs10583 MEWElogs[46369]: CROP, 1626309918151014616, MRS, 12
<134>2021-07-15T00:45:29Z cache-iah17271 MEWElogs[46369]: CROP, 1626309928813941941, IAH, 12
<134>2021-07-15T00:46:02Z cache-iah17271 MEWElogs[46369]: CROP, 1626309961285874726, IAH, 12
<134>2021-07-15T00:46:07Z cache-den8274 MEWElogs[46369]: CROP, 1626309966782171699, DEN, 12
<134>2021-07-15T00:46:09Z cache-cwb20520 MEWElogs[46369]: CROP, 1626309968666003845, CWB, 12
<134>2021-07-15T00:46:20Z cache-iah17271 MEWElogs[46369]: CROP, 1626309980040424383, IAH, 12
<134>2021-07-15T00:46:23Z cache-mrs10583 MEWElogs[46369]: CROP, 1626309982308325742, MRS, 12
<134>2021-07-15T00:46:29Z cache-mrs10583 MEWElogs[46369]: CROP, 1626309988309670218, MRS, 12
<134>2021-07-15T00:46:30Z cache-dal21283 MEWElogs[46369]: CROP, 1626309990405188910, DAL, 12
<134>2021-07-15T00:46:31Z cache-cwb20520 MEWElogs[46369]: CROP, 1626309990206038830, CWB, 12
<134>2021-07-15T00:46:50Z cache-jnb7027 MEWElogs[46369]: CROP, 1626310009124558148, JNB, 12
<134>2021-07-15T00:47:01Z cache-lhr7382 MEWElogs[46369]: CROP, 1626310020069662428, LHR, 12
<134>2021-07-15T00:47:13Z cache-dal21283 MEWElogs[46369]: CROP, 1626310032527057563, DAL, 12
<134>2021-07-15T00:47:24Z cache-lhr7382 MEWElogs[46369]: CROP, 1626310043156783831, LHR, 12
<134>2021-07-15T00:47:29Z cache-bur17583 MEWElogs[46369]: CROP, 1626310049246752835, BUR, 12
<134>2021-07-15T00:47:33Z cache-jnb7027 MEWElogs[46369]: CROP, 1626310052811729937, JNB, 12
<134>2021-07-15T00:47:33Z cache-dal21283 MEWElogs[46369]: CROP, 1626310053023025387, DAL, 12
<134>2021-07-15T00:47:48Z cache-mad22068 MEWElogs[46369]: CROP, 1626310067853918580, MAD, 12
<134>2021-07-15T00:48:04Z cache-mrs10583 MEWElogs[46369]: CROP, 1626310083889051947, MRS, 12
<134>2021-07-15T00:48:09Z cache-stp9226 MEWElogs[46369]: CROP, 1626310088207273887, STP, 12
<134>2021-07-15T00:48:11Z cache-mad22068 MEWElogs[46369]: CROP, 1626310090096531717, MAD, 12
<134>2021-07-15T00:48:39Z cache-mia11368 MEWElogs[46369]: CROP, 1626310118626312118, MIA, 12
<134>2021-07-15T00:48:43Z cache-lhr7382 MEWElogs[46369]: CROP, 1626310123078351417, LHR, 12
<134>2021-07-15T00:48:52Z cache-lhr7382 MEWElogs[46369]: CROP, 1626310131917588917, LHR, 12
<134>2021-07-15T00:48:55Z cache-lhr7382 MEWElogs[46369]: CROP, 1626310134794207411, LHR, 12
