<134>2021-07-14T22:21:47Z cache-mci5951 MEWElogs[216063]: BLUR, 1626301306859541978, MCI, 11
<134>2021-07-14T22:22:14Z cache-stp9226 MEWElogs[216063]: BLUR, 1626301333326331080, STP, 11
<134>2021-07-14T22:22:37Z cache-lax10677 MEWElogs[216063]: BLUR, 1626301356659447876, LGB, 11
<134>2021-07-14T22:23:34Z cache-lhr7382 MEWElogs[216063]: BLUR, 1626301413750768405, LHR, 11
<134>2021-07-14T22:23:48Z cache-yul12826 MEWElogs[216063]: BLUR, 1626301427452834118, YUL, 11
<134>2021-07-14T22:24:05Z cache-lhr7382 MEWElogs[216063]: BLUR, 1626301444179641793, LHR, 11
<134>2021-07-14T22:24:31Z cache-mad22068 MEWElogs[216063]: BLUR, 1626301470494996064, MAD, 11
<134>2021-07-14T22:24:58Z cache-lax10677 MEWElogs[216063]: BLUR, 1626301497030557119, LGB, 11
<134>2021-07-14T22:25:31Z cache-hkg17929 MEWElogs[216063]: BLUR, 1626301530876611364, HKG, 11
<134>2021-07-14T22:25:49Z cache-lax10677 MEWElogs[216063]: BLUR, 1626301549249995516, LGB, 11
<134>2021-07-14T22:26:05Z cache-mrs10583 MEWElogs[216063]: BLUR, 1626301564494151217, MRS, 11
<134>2021-07-14T22:26:07Z cache-hkg17929 MEWElogs[216063]: BLUR, 1626301566803741729, HKG, 11
<134>2021-07-14T22:26:19Z cache-yul12826 MEWElogs[216063]: BLUR, 1626301578658781440, YUL, 11
<134>2021-07-14T22:27:02Z cache-lax10677 MEWElogs[216063]: BLUR, 1626301621401069054, LGB, 11
<134>2021-07-14T22:27:55Z cache-jax20933 MEWElogs[216063]: BLUR, 1626301674859992086, JAX, 11
<134>2021-07-14T22:28:10Z cache-hkg17929 MEWElogs[216063]: BLUR, 1626301689673959715, HKG, 11
<134>2021-07-14T22:28:31Z cache-lax10677 MEWElogs[216063]: BLUR, 1626301711046505634, LGB, 11
<134>2021-07-14T22:29:05Z cache-stp9226 MEWElogs[216063]: BLUR, 1626301744118805915, STP, 11
<134>2021-07-14T22:29:42Z cache-stp9226 MEWElogs[216063]: BLUR, 1626301781259842593, STP, 11
<134>2021-07-14T22:29:47Z cache-mrs10583 MEWElogs[216063]: BLUR, 1626301786371402194, MRS, 11
<134>2021-07-14T22:30:02Z cache-yul12826 MEWElogs[216063]: BLUR, 1626301801130184039, YUL, 11
<134>2021-07-14T22:30:16Z cache-lax10677 MEWElogs[216063]: BLUR, 1626301815802784781, LGB, 11
<134>2021-07-14T22:31:09Z cache-mrs10583 MEWElogs[216063]: BLUR, 1626301868300824207, MRS, 11
<134>2021-07-14T22:31:33Z cache-stp9226 MEWElogs[216063]: BLUR, 1626301892859999185, STP, 11
<134>2021-07-14T22:31:36Z cache-mrs10583 MEWElogs[216063]: BLUR, 1626301895950463053, MRS, 11
