<134>2021-07-14T17:32:57Z cache-lga21983 MEWElogs[320228]: FLIPH, 1626283976573459227, LGA, 10
<134>2021-07-14T17:33:01Z cache-osl6529 MEWElogs[320228]: FLIPH, 1626283980353694287, OSL, 10
<134>2021-07-14T17:33:01Z cache-man4150 MEWElogs[320228]: FLIPH, 1626283981294990742, MAN, -1
<134>2021-07-14T17:33:12Z cache-jax20933 MEWElogs[320228]: FLIPH, 1626283992387504716, JAX, -1
<134>2021-07-14T17:33:19Z cache-yul12826 MEWElogs[320228]: FLIPH, 1626283998081338120, YUL, -1
<134>2021-07-14T17:33:27Z cache-man4150 MEWElogs[320228]: FLIPH, 1626284006695634601, MAN, -1
<134>2021-07-14T17:33:50Z cache-ewr18156 MEWElogs[320228]: FLIPH, 1626284029640493507, EWR, -1
<134>2021-07-14T17:33:53Z cache-jax20933 MEWElogs[320228]: FLIPH, 1626284032894866149, JAX, 10
<134>2021-07-14T17:33:59Z cache-ewr18156 MEWElogs[320228]: FLIPH, 1626284038824167857, EWR, -1
<134>2021-07-14T17:33:59Z cache-yul12826 MEWElogs[320228]: FLIPH, 1626284039087715834, YUL, 10
<134>2021-07-14T17:34:03Z cache-cdg20720 MEWElogs[320228]: FLIPH, 1626284043807440107, CDG, 10
<134>2021-07-14T17:34:05Z cache-jax20933 MEWElogs[320228]: FLIPH, 1626284044914568932, JAX, 10
<134>2021-07-14T17:34:09Z cache-man4150 MEWElogs[320228]: FLIPH, 1626284048942465452, MAN, -1
<134>2021-07-14T17:34:10Z cache-cdg20720 MEWElogs[320228]: FLIPH, 1626284050638570471, CDG, -1
<134>2021-07-14T17:34:23Z cache-osl6529 MEWElogs[320228]: FLIPH, 1626284062867724388, OSL, 10
<134>2021-07-14T17:34:28Z cache-mel11272 MEWElogs[320228]: FLIPH, 1626284067753802917, MEL, 10
<134>2021-07-14T17:34:29Z cache-jax20933 MEWElogs[320228]: FLIPH, 1626284068797512901, JAX, 10
<134>2021-07-14T17:34:41Z cache-osl6529 MEWElogs[320228]: FLIPH, 1626284081234592149, OSL, 10
<134>2021-07-14T17:34:45Z cache-cdg20720 MEWElogs[320228]: FLIPH, 1626284084608281673, CDG, 10
<134>2021-07-14T17:34:53Z cache-lax10677 MEWElogs[320228]: FLIPH, 1626284092694413444, LGB, 10
<134>2021-07-14T17:35:16Z cache-mel11272 MEWElogs[320228]: FLIPH, 1626284115854165435, MEL, -1
<134>2021-07-14T17:35:37Z cache-jax20933 MEWElogs[320228]: FLIPH, 1626284136447838373, JAX, -1
<134>2021-07-14T17:35:37Z cache-osl6529 MEWElogs[320228]: FLIPH, 1626284137301037050, OSL, 10
<134>2021-07-14T17:35:39Z cache-lax10677 MEWElogs[320228]: FLIPH, 1626284139187438474, LGB, -1
<134>2021-07-14T17:35:41Z cache-jax20933 MEWElogs[320228]: FLIPH, 1626284140888145032, JAX, 10
<134>2021-07-14T17:35:46Z cache-cdg20720 MEWElogs[320228]: FLIPH, 1626284145348518894, CDG, 10
<134>2021-07-14T17:36:06Z cache-cdg20720 MEWElogs[320228]: FLIPH, 1626284165328277610, CDG, 10
<134>2021-07-14T17:36:07Z cache-yul12826 MEWElogs[320228]: FLIPH, 1626284166008668052, YUL, -1
<134>2021-07-14T17:36:47Z cache-cdg20720 MEWElogs[320228]: FLIPH, 1626284206056204175, CDG, 10
<134>2021-07-14T17:36:57Z cache-cdg20720 MEWElogs[320228]: FLIPH, 1626284216210485386, CDG, 10
<134>2021-07-14T17:36:59Z cache-mel11272 MEWElogs[320228]: FLIPH, 1626284218155061017, MEL, -1
<134>2021-07-14T17:37:07Z cache-osl6529 MEWElogs[320228]: FLIPH, 1626284226465924929, OSL, -1
<134>2021-07-14T17:37:13Z cache-scl19427 MEWElogs[320228]: FLIPH, 1626284233243770472, SCL, -1
<134>2021-07-14T17:37:17Z cache-cdg20720 MEWElogs[320228]: FLIPH, 1626284236755558015, CDG, 10
<134>2021-07-14T17:37:27Z cache-gig17035 MEWElogs[320228]: FLIPH, 1626284247081441124, GIG, 10
<134>2021-07-14T17:37:39Z cache-man4150 MEWElogs[320228]: FLIPH, 1626284259523037927, MAN, 10
<134>2021-07-14T17:37:57Z cache-bom4751 MEWElogs[320228]: FLIPH, 1626284276770394109, BOM, 10
<134>2021-07-14T17:38:10Z cache-mel11272 MEWElogs[320228]: FLIPH, 1626284289251502729, MEL, -1
<134>2021-07-14T17:38:12Z cache-lga21983 MEWElogs[320228]: FLIPH, 1626284292397763927, LGA, 10
<134>2021-07-14T17:38:32Z cache-lax10677 MEWElogs[320228]: FLIPH, 1626284311715826997, LGB, 10
<134>2021-07-14T17:38:38Z cache-scl19427 MEWElogs[320228]: FLIPH, 1626284317841941487, SCL, -1
<134>2021-07-14T17:38:41Z cache-scl19427 MEWElogs[320228]: FLIPH, 1626284321210945742, SCL, 10
<134>2021-07-14T17:38:48Z cache-lga21983 MEWElogs[320228]: FLIPH, 1626284328542527203, LGA, -1
<134>2021-07-14T17:38:56Z cache-man4150 MEWElogs[320228]: FLIPH, 1626284336382587253, MAN, 10
<134>2021-07-14T17:39:13Z cache-gig17035 MEWElogs[320228]: FLIPH, 1626284352137864358, GIG, -1
<134>2021-07-14T17:39:22Z cache-man4150 MEWElogs[320228]: FLIPH, 1626284361607004937, MAN, 10
<134>2021-07-14T17:39:26Z cache-bom4751 MEWElogs[320228]: FLIPH, 1626284365111016255, BOM, 10
<134>2021-07-14T17:39:26Z cache-cdg20720 MEWElogs[320228]: FLIPH, 1626284365698738259, CDG, -1
<134>2021-07-14T17:40:02Z cache-osl6529 MEWElogs[320228]: FLIPH, 1626284402306016041, OSL, -1
<134>2021-07-14T17:40:09Z cache-gru17149 MEWElogs[320228]: FLIPH, 1626284407998703733, GRU, -1
<134>2021-07-14T17:40:25Z cache-mel11272 MEWElogs[320228]: FLIPH, 1626284424039228764, MEL, 10
<134>2021-07-14T17:40:31Z cache-lga21983 MEWElogs[320228]: FLIPH, 1626284431171666097, LGA, 10
<134>2021-07-14T17:40:34Z cache-bom4751 MEWElogs[320228]: FLIPH, 1626284433065530546, BOM, 10
<134>2021-07-14T17:40:42Z cache-cdg20720 MEWElogs[320228]: FLIPH, 1626284441684261164, CDG, 10
<134>2021-07-14T17:40:43Z cache-mel11272 MEWElogs[320228]: FLIPH, 1626284441990490529, MEL, -1
<134>2021-07-14T17:40:59Z cache-man4150 MEWElogs[320228]: FLIPH, 1626284458776057605, MAN, -1
<134>2021-07-14T17:41:28Z cache-scl19427 MEWElogs[320228]: FLIPH, 1626284487912078282, SCL, -1
<134>2021-07-14T17:41:33Z cache-cdg20720 MEWElogs[320228]: FLIPH, 1626284492290109839, CDG, 10
<134>2021-07-14T17:41:49Z cache-gig17035 MEWElogs[320228]: FLIPH, 1626284509819305585, GIG, -1
<134>2021-07-14T17:41:51Z cache-man4150 MEWElogs[320228]: FLIPH, 1626284510438496805, MAN, 10
<134>2021-07-14T17:42:11Z cache-lga21983 MEWElogs[320228]: FLIPH, 1626284530883594497, LGA, 10
<134>2021-07-14T17:42:21Z cache-osl6529 MEWElogs[320228]: FLIPH, 1626284540346966988, OSL, -1
<134>2021-07-14T17:42:30Z cache-bom4751 MEWElogs[320228]: FLIPH, 1626284549253402388, BOM, 10
<134>2021-07-14T17:42:54Z cache-ewr18156 MEWElogs[320228]: FLIPH, 1626284573629328047, EWR, 10
