<134>2021-07-14T17:53:46Z cache-gig17035 MEWElogs[320228]: FLIPH, 1626285226427282190, GIG, -1
<134>2021-07-14T17:54:04Z cache-pao17461 MEWElogs[320228]: FLIPH, 1626285243553592684, PAO, -1
<134>2021-07-14T17:54:13Z cache-hnd18722 MEWElogs[320228]: FLIPH, 1626285252386415510, HND, -1
<134>2021-07-14T17:54:25Z cache-scl19427 MEWElogs[320228]: FLIPH, 1626285264601215710, SCL, 10
<134>2021-07-14T17:54:47Z cache-tyo11974 MEWElogs[320228]: FLIPH, 1626285286610404498, TYO, 10
<134>2021-07-14T17:54:48Z cache-gru17149 MEWElogs[320228]: FLIPH, 1626285286989370198, GRU, -1
<134>2021-07-14T17:54:49Z cache-stl4834 MEWElogs[320228]: FLIPH, 1626285287980358765, STL, 10
<134>2021-07-14T17:55:05Z cache-cgh11122 MEWElogs[320228]: FLIPH, 1626285305081294242, CGH, -1
<134>2021-07-14T17:55:26Z cache-scl19427 MEWElogs[320228]: FLIPH, 1626285326104822517, SCL, 10
<134>2021-07-14T17:55:32Z cache-itm18851 MEWElogs[320228]: FLIPH, 1626285331249235716, ITM, 10
<134>2021-07-14T17:55:33Z cache-tyo11974 MEWElogs[320228]: FLIPH, 1626285332335541873, TYO, -1
<134>2021-07-14T17:55:37Z cache-sea4483 MEWElogs[320228]: FLIPH, 1626285337271767163, SEA, 10
<134>2021-07-14T17:55:52Z cache-pao17461 MEWElogs[320228]: FLIPH, 1626285351368189310, PAO, 10
<134>2021-07-14T17:55:59Z cache-sea4483 MEWElogs[320228]: FLIPH, 1626285359333382297, SEA, 10
<134>2021-07-14T17:56:39Z cache-stl4834 MEWElogs[320228]: FLIPH, 1626285398723440667, STL, -1
<134>2021-07-14T17:56:43Z cache-stl4834 MEWElogs[320228]: FLIPH, 1626285402024820594, STL, 10
<134>2021-07-14T17:57:07Z cache-cgh11122 MEWElogs[320228]: FLIPH, 1626285426492145038, CGH, -1
<134>2021-07-14T17:57:08Z cache-sjc10078 MEWElogs[320228]: FLIPH, 1626285427383970068, SJC, -1
<134>2021-07-14T17:57:23Z cache-sea4483 MEWElogs[320228]: FLIPH, 1626285442921651064, SEA, -1
<134>2021-07-14T17:57:32Z cache-pao17461 MEWElogs[320228]: FLIPH, 1626285452323722466, PAO, -1
<134>2021-07-14T17:57:43Z cache-pao17461 MEWElogs[320228]: FLIPH, 1626285463300277510, PAO, -1
<134>2021-07-14T17:58:10Z cache-sjc10078 MEWElogs[320228]: FLIPH, 1626285489529217047, SJC, -1
<134>2021-07-14T17:58:41Z cache-sjc10078 MEWElogs[320228]: FLIPH, 1626285521571984000, SJC, -1
<134>2021-07-14T17:58:44Z cache-stl4834 MEWElogs[320228]: FLIPH, 1626285524024562132, STL, -1
<134>2021-07-14T17:58:46Z cache-itm18851 MEWElogs[320228]: FLIPH, 1626285526098931083, ITM, -1
<134>2021-07-14T17:58:56Z cache-sjc10078 MEWElogs[320228]: FLIPH, 1626285535280748623, SJC, 10
<134>2021-07-14T17:59:19Z cache-hnd18722 MEWElogs[320228]: FLIPH, 1626285559652506716, HND, -1
<134>2021-07-14T18:00:17Z cache-hnd18722 MEWElogs[320228]: FLIPH, 1626285616780191627, HND, 10
<134>2021-07-14T18:00:39Z cache-sea4483 MEWElogs[320228]: FLIPH, 1626285639199729046, SEA, -1
<134>2021-07-14T18:00:45Z cache-tyo11974 MEWElogs[320228]: FLIPH, 1626285644799147557, TYO, 10
<134>2021-07-14T18:01:01Z cache-tyo11974 MEWElogs[320228]: FLIPH, 1626285660212229875, TYO, -1
<134>2021-07-14T18:01:34Z cache-itm18851 MEWElogs[320228]: FLIPH, 1626285693614809642, ITM, -1
<134>2021-07-14T18:01:59Z cache-sea4483 MEWElogs[320228]: FLIPH, 1626285718403766961, SEA, 10
<134>2021-07-14T18:02:40Z cache-bma1628 MEWElogs[320228]: FLIPH, 1626285760161132520, BMA, -1
<134>2021-07-14T18:02:45Z cache-cgh11122 MEWElogs[320228]: FLIPH, 1626285765112323366, CGH, 10
<134>2021-07-14T18:03:02Z cache-sjc10078 MEWElogs[320228]: FLIPH, 1626285781388986013, SJC, -1
<134>2021-07-14T18:03:05Z cache-cgh11183 MEWElogs[320228]: FLIPH, 1626285784164481056, CGH, 10
<134>2021-07-14T18:03:08Z cache-tyo11974 MEWElogs[320228]: FLIPH, 1626285787923022731, TYO, -1
