<134>2021-07-15T04:06:30Z cache-wdc5583 MEWElogs[292213]: ROTATE, 1626321989596365214, WDC, 15
<134>2021-07-15T04:06:39Z cache-cph20625 MEWElogs[292213]: ROTATE, 1626321998343383922, CPH, 15
<134>2021-07-15T04:07:48Z cache-wdc5583 MEWElogs[292213]: ROTATE, 1626322067452639525, WDC, 15
<134>2021-07-15T04:08:14Z cache-eze19324 MEWElogs[292213]: ROTATE, 1626322093423339906, EZE, 15
<134>2021-07-15T04:08:28Z cache-maa10251 MEWElogs[292213]: ROTATE, 1626322107358930107, MAA, 15
<134>2021-07-15T04:10:30Z cache-wdc5583 MEWElogs[292213]: ROTATE, 1626322230341767119, WDC, 15
<134>2021-07-15T04:11:08Z cache-mdw17383 MEWElogs[292213]: ROTATE, 1626322267800869906, MDW, 15
<134>2021-07-15T04:11:20Z cache-cph20625 MEWElogs[292213]: ROTATE, 1626322279039953832, CPH, 15
<134>2021-07-15T04:11:38Z cache-bog6425 MEWElogs[292213]: ROTATE, 1626322298041250492, BOG, 15
<134>2021-07-15T04:11:38Z cache-cph20625 MEWElogs[292213]: ROTATE, 1626322297774242339, CPH, 15
<134>2021-07-15T04:12:38Z cache-ams21020 MEWElogs[292213]: ROTATE, 1626322357416233724, AMS, 15
<134>2021-07-15T04:13:46Z cache-dca17782 MEWElogs[292213]: ROTATE, 1626322424984211383, DCA, 15
<134>2021-07-15T04:13:50Z cache-cph20625 MEWElogs[292213]: ROTATE, 1626322429537443791, CPH, 15
<134>2021-07-15T04:14:05Z cache-pdk17882 MEWElogs[292213]: ROTATE, 1626322444556055151, PDK, 15
<134>2021-07-15T04:14:23Z cache-maa10251 MEWElogs[292213]: ROTATE, 1626322463034201740, MAA, 15
<134>2021-07-15T04:14:34Z cache-ams21020 MEWElogs[292213]: ROTATE, 1626322473984314784, AMS, 15
<134>2021-07-15T04:15:40Z cache-wdc5583 MEWElogs[292213]: ROTATE, 1626322540267221022, WDC, 15
<134>2021-07-15T04:16:02Z cache-wdc5583 MEWElogs[292213]: ROTATE, 1626322561575288274, WDC, 15
<134>2021-07-15T04:16:06Z cache-dca17782 MEWElogs[292213]: ROTATE, 1626322565449525404, DCA, 15
<134>2021-07-15T04:16:08Z cache-eze19324 MEWElogs[292213]: ROTATE, 1626322568078812276, EZE, 15
<134>2021-07-15T04:16:15Z cache-maa10251 MEWElogs[292213]: ROTATE, 1626322574731520984, MAA, 15
<134>2021-07-15T04:16:16Z cache-bog6425 MEWElogs[292213]: ROTATE, 1626322576608703985, BOG, 15
