<134>2021-07-15T06:09:43Z cache-ams21020 MEWElogs[400146]: UNSH, 1626329382740306473, AMS, 16
<134>2021-07-15T06:09:46Z cache-pdk17882 MEWElogs[400146]: UNSH, 1626329385473638833, PDK, 16
<134>2021-07-15T06:10:06Z cache-cmh21547 MEWElogs[400146]: UNSH, 1626329405066429133, CMH, 16
<134>2021-07-15T06:10:22Z cache-wdc5583 MEWElogs[400146]: UNSH, 1626329421781453530, WDC, 16
<134>2021-07-15T06:11:35Z cache-bog6425 MEWElogs[400146]: UNSH, 1626329495486353939, BOG, 16
<134>2021-07-15T06:11:56Z cache-pdk17882 MEWElogs[400146]: UNSH, 1626329515063169135, PDK, 16
<134>2021-07-15T06:12:07Z cache-mdw17383 MEWElogs[400146]: UNSH, 1626329526915620027, MDW, 16
<134>2021-07-15T06:12:25Z cache-bog6425 MEWElogs[400146]: UNSH, 1626329544808921586, BOG, 16
<134>2021-07-15T06:12:49Z cache-wdc5583 MEWElogs[400146]: UNSH, 1626329568504158589, WDC, 16
<134>2021-07-15T06:12:52Z cache-cmh21547 MEWElogs[400146]: UNSH, 1626329571131860849, CMH, 16
<134>2021-07-15T06:12:53Z cache-cph20625 MEWElogs[400146]: UNSH, 1626329571989521726, CPH, 16
<134>2021-07-15T06:13:06Z cache-bog6425 MEWElogs[400146]: UNSH, 1626329585455182332, BOG, 16
<134>2021-07-15T06:13:19Z cache-pdk17882 MEWElogs[400146]: UNSH, 1626329598174751563, PDK, 16
<134>2021-07-15T06:13:33Z cache-ams21020 MEWElogs[400146]: UNSH, 1626329612197720693, AMS, 16
<134>2021-07-15T06:14:14Z cache-pdk17882 MEWElogs[400146]: UNSH, 1626329653073061794, PDK, 16
<134>2021-07-15T06:14:44Z cache-maa10251 MEWElogs[400146]: UNSH, 1626329683349007597, MAA, 16
<134>2021-07-15T06:14:54Z cache-bog6425 MEWElogs[400146]: UNSH, 1626329693285564642, BOG, 16
<134>2021-07-15T06:15:00Z cache-pdk17882 MEWElogs[400146]: UNSH, 1626329699232307715, PDK, 16
<134>2021-07-15T06:15:05Z cache-cmh21547 MEWElogs[400146]: UNSH, 1626329704181197392, CMH, 16
<134>2021-07-15T06:15:09Z cache-pdk17882 MEWElogs[400146]: UNSH, 1626329708428780921, PDK, 16
<134>2021-07-15T06:15:23Z cache-ams21020 MEWElogs[400146]: UNSH, 1626329722971133071, AMS, 16
<134>2021-07-15T06:15:28Z cache-cph20625 MEWElogs[400146]: UNSH, 1626329728238320017, CPH, 16
<134>2021-07-15T06:15:37Z cache-ord1740 MEWElogs[400146]: UNSH, 1626329736780433035, ORD, 16
<134>2021-07-15T06:15:43Z cache-dca17782 MEWElogs[400146]: UNSH, 1626329742918545150, DCA, 16
<134>2021-07-15T06:15:59Z cache-mdw17383 MEWElogs[400146]: UNSH, 1626329759378540158, MDW, 16
<134>2021-07-15T06:16:00Z cache-cph20625 MEWElogs[400146]: UNSH, 1626329759801255875, CPH, 16
<134>2021-07-15T06:17:05Z cache-ams21020 MEWElogs[400146]: UNSH, 1626329824773171964, AMS, 16
<134>2021-07-15T06:17:17Z cache-mdw17383 MEWElogs[400146]: UNSH, 1626329836786374565, MDW, 16
<134>2021-07-15T06:17:30Z cache-ams21020 MEWElogs[400146]: UNSH, 1626329849914587825, AMS, 16
<134>2021-07-15T06:17:36Z cache-pdk17882 MEWElogs[400146]: UNSH, 1626329855883737968, PDK, 16
<134>2021-07-15T06:17:38Z cache-ams21020 MEWElogs[400146]: UNSH, 1626329858511716535, AMS, 16
<134>2021-07-15T06:17:55Z cache-pdk17882 MEWElogs[400146]: UNSH, 1626329874343007330, PDK, 16
<134>2021-07-15T06:18:46Z cache-dca17782 MEWElogs[400146]: UNSH, 1626329925828642732, DCA, 16
<134>2021-07-15T06:18:57Z cache-cmh21547 MEWElogs[400146]: UNSH, 1626329936154552235, CMH, 16
<134>2021-07-15T06:19:38Z cache-ams21020 MEWElogs[400146]: UNSH, 1626329977778144027, AMS, 16
