<134>2021-07-15T05:17:52Z cache-lax10677 MEWElogs[382896]: ROTATE, 1626326272336008605, LGB, 15
<134>2021-07-15T05:18:30Z cache-osl6529 MEWElogs[382896]: ROTATE, 1626326309446150957, OSL, 15
<134>2021-07-15T05:19:11Z cache-gig17035 MEWElogs[382896]: ROTATE, 1626326350890748597, GIG, 15
<134>2021-07-15T05:19:22Z cache-scl19427 MEWElogs[382896]: ROTATE, 1626326361786059853, SCL, 15
<134>2021-07-15T05:19:22Z cache-gig17035 MEWElogs[382896]: ROTATE, 1626326361617946419, GIG, 15
<134>2021-07-15T05:19:42Z cache-itm18851 MEWElogs[382896]: ROTATE, 1626326381934824046, ITM, 15
<134>2021-07-15T05:19:50Z cache-mel11272 MEWElogs[382896]: ROTATE, 1626326389331857103, MEL, 15
<134>2021-07-15T05:19:56Z cache-scl19427 MEWElogs[382896]: ROTATE, 1626326395709800110, SCL, 15
<134>2021-07-15T05:20:02Z cache-gig17035 MEWElogs[382896]: ROTATE, 1626326402571559792, GIG, 15
<134>2021-07-15T05:20:29Z cache-stl4834 MEWElogs[382896]: ROTATE, 1626326428650984520, STL, 15
<134>2021-07-15T05:20:49Z cache-itm18851 MEWElogs[382896]: ROTATE, 1626326448871366514, ITM, 15
<134>2021-07-15T05:21:10Z cache-pao17461 MEWElogs[382896]: ROTATE, 1626326469670704050, PAO, 15
<134>2021-07-15T05:21:28Z cache-scl19427 MEWElogs[382896]: ROTATE, 1626326487143419510, SCL, 15
<134>2021-07-15T05:21:55Z cache-bom4751 MEWElogs[382896]: ROTATE, 1626326514505266448, BOM, 15
<134>2021-07-15T05:22:08Z cache-itm18851 MEWElogs[382896]: ROTATE, 1626326527315812943, ITM, 15
<134>2021-07-15T05:22:08Z cache-gig17035 MEWElogs[382896]: ROTATE, 1626326527787288936, GIG, 15
<134>2021-07-15T05:22:58Z cache-gru17149 MEWElogs[382896]: ROTATE, 1626326576735715535, GRU, 15
<134>2021-07-15T05:23:22Z cache-scl19427 MEWElogs[382896]: ROTATE, 1626326601779844707, SCL, 15
<134>2021-07-15T05:23:42Z cache-pao17461 MEWElogs[382896]: ROTATE, 1626326621721820862, PAO, 15
<134>2021-07-15T05:23:47Z cache-hnd18722 MEWElogs[382896]: ROTATE, 1626326626126107588, HND, 15
<134>2021-07-15T05:24:03Z cache-pao17461 MEWElogs[382896]: ROTATE, 1626326643165169721, PAO, 15
<134>2021-07-15T05:24:15Z cache-pao17461 MEWElogs[382896]: ROTATE, 1626326654040980954, PAO, 15
<134>2021-07-15T05:24:30Z cache-hnd18722 MEWElogs[382896]: ROTATE, 1626326669462368342, HND, 15
<134>2021-07-15T05:24:37Z cache-cgh11122 MEWElogs[382896]: ROTATE, 1626326677726120821, CGH, 15
<134>2021-07-15T05:25:51Z cache-pao17461 MEWElogs[382896]: ROTATE, 1626326750445621288, PAO, 15
<134>2021-07-15T05:26:04Z cache-stl4834 MEWElogs[382896]: ROTATE, 1626326764351051714, STL, 15
<134>2021-07-15T05:27:18Z cache-pao17461 MEWElogs[382896]: ROTATE, 1626326837617076156, PAO, 15
<134>2021-07-15T05:27:33Z cache-sea4483 MEWElogs[382896]: ROTATE, 1626326852510326230, SEA, 15
