<134>2021-07-15T01:21:33Z cache-mdw17383 MEWElogs[464521]: GRAY, 1626312093472313413, MDW, 13
<134>2021-07-15T01:21:38Z cache-ams21020 MEWElogs[464521]: GRAY, 1626312097133839367, AMS, 13
<134>2021-07-15T01:21:45Z cache-pdk17882 MEWElogs[464521]: GRAY, 1626312105199553886, PDK, 13
<134>2021-07-15T01:21:57Z cache-cmh21547 MEWElogs[464521]: GRAY, 1626312116817817168, CMH, 13
<134>2021-07-15T01:22:06Z cache-bog6425 MEWElogs[464521]: GRAY, 1626312126554954473, BOG, 13
<134>2021-07-15T01:22:30Z cache-ord1740 MEWElogs[464521]: GRAY, 1626312149802946976, ORD, 13
<134>2021-07-15T01:22:51Z cache-maa10251 MEWElogs[464521]: GRAY, 1626312170237854996, MAA, 13
<134>2021-07-15T01:22:57Z cache-maa10251 MEWElogs[464521]: GRAY, 1626312176030307652, MAA, 13
<134>2021-07-15T01:23:10Z cache-ord1740 MEWElogs[464521]: GRAY, 1626312189632897697, ORD, 13
<134>2021-07-15T01:23:22Z cache-pdk17882 MEWElogs[464521]: GRAY, 1626312201332988443, PDK, 13
<134>2021-07-15T01:23:43Z cache-eze19324 MEWElogs[464521]: GRAY, 1626312222805235364, EZE, 13
<134>2021-07-15T01:24:08Z cache-ord1740 MEWElogs[464521]: GRAY, 1626312247121528812, ORD, 13
<134>2021-07-15T01:24:21Z cache-bog6425 MEWElogs[464521]: GRAY, 1626312260933754455, BOG, 13
<134>2021-07-15T01:24:27Z cache-mdw17383 MEWElogs[464521]: GRAY, 1626312266061949758, MDW, 13
<134>2021-07-15T01:24:32Z cache-eze19324 MEWElogs[464521]: GRAY, 1626312271598999831, EZE, 13
<134>2021-07-15T01:24:43Z cache-cmh21547 MEWElogs[464521]: GRAY, 1626312282877128849, CMH, 13
<134>2021-07-15T01:24:48Z cache-bog6425 MEWElogs[464521]: GRAY, 1626312287278480404, BOG, 13
<134>2021-07-15T01:24:53Z cache-ord1740 MEWElogs[464521]: GRAY, 1626312292892379618, ORD, 13
<134>2021-07-15T01:25:00Z cache-ams21020 MEWElogs[464521]: GRAY, 1626312299602846858, AMS, 13
<134>2021-07-15T01:25:22Z cache-pdk17882 MEWElogs[464521]: GRAY, 1626312321569614803, PDK, 13
<134>2021-07-15T01:25:39Z cache-pdk17882 MEWElogs[464521]: GRAY, 1626312339790142285, PDK, 13
<134>2021-07-15T01:26:00Z cache-maa10251 MEWElogs[464521]: GRAY, 1626312359255308147, MAA, 13
<134>2021-07-15T01:26:07Z cache-bog6425 MEWElogs[464521]: GRAY, 1626312367041655581, BOG, 13
<134>2021-07-15T01:26:15Z cache-dca17782 MEWElogs[464521]: GRAY, 1626312374584467922, DCA, 13
<134>2021-07-15T01:26:16Z cache-wdc5583 MEWElogs[464521]: GRAY, 1626312376684073033, WDC, 13
<134>2021-07-15T01:26:45Z cache-cmh21547 MEWElogs[464521]: GRAY, 1626312405075322483, CMH, 13
<134>2021-07-15T01:27:04Z cache-maa10251 MEWElogs[464521]: GRAY, 1626312424346062169, MAA, 13
<134>2021-07-15T01:27:30Z cache-eze19324 MEWElogs[464521]: GRAY, 1626312449682979844, EZE, 13
<134>2021-07-15T01:27:30Z cache-dca17782 MEWElogs[464521]: GRAY, 1626312449983754118, DCA, 13
<134>2021-07-15T01:27:37Z cache-dca17782 MEWElogs[464521]: GRAY, 1626312456323303310, DCA, 13
<134>2021-07-15T01:27:43Z cache-pdk17882 MEWElogs[464521]: GRAY, 1626312463172854729, PDK, 13
<134>2021-07-15T01:27:46Z cache-eze19324 MEWElogs[464521]: GRAY, 1626312465755475686, EZE, 13
<134>2021-07-15T01:27:49Z cache-wdc5583 MEWElogs[464521]: GRAY, 1626312469281270366, WDC, 13
<134>2021-07-15T01:27:51Z cache-ord1740 MEWElogs[464521]: GRAY, 1626312470486541829, ORD, 13
<134>2021-07-15T01:27:51Z cache-mdw17383 MEWElogs[464521]: GRAY, 1626312470815471873, MDW, 13
<134>2021-07-15T01:28:08Z cache-pdk17882 MEWElogs[464521]: GRAY, 1626312487278733440, PDK, 13
<134>2021-07-15T01:28:08Z cache-ord1740 MEWElogs[464521]: GRAY, 1626312487499881915, ORD, 13
<134>2021-07-15T01:28:26Z cache-eze19324 MEWElogs[464521]: GRAY, 1626312506159478634, EZE, 13
<134>2021-07-15T01:28:34Z cache-eze19324 MEWElogs[464521]: GRAY, 1626312514341167145, EZE, 13
<134>2021-07-15T01:28:45Z cache-maa10251 MEWElogs[464521]: GRAY, 1626312525276675421, MAA, 13
<134>2021-07-15T01:28:51Z cache-dca17782 MEWElogs[464521]: GRAY, 1626312530631493317, DCA, 13
<134>2021-07-15T01:28:55Z cache-bog6425 MEWElogs[464521]: GRAY, 1626312534058072489, BOG, 13
<134>2021-07-15T01:29:02Z cache-pdk17882 MEWElogs[464521]: GRAY, 1626312541342358818, PDK, 13
<134>2021-07-15T01:29:14Z cache-wdc5583 MEWElogs[464521]: GRAY, 1626312553870223252, WDC, 13
<134>2021-07-15T01:29:16Z cache-dca17782 MEWElogs[464521]: GRAY, 1626312556079830240, DCA, 13
<134>2021-07-15T01:29:23Z cache-ord1740 MEWElogs[464521]: GRAY, 1626312562023100944, ORD, 13
<134>2021-07-15T01:29:23Z cache-ams21020 MEWElogs[464521]: GRAY, 1626312562715634409, AMS, 13
<134>2021-07-15T01:29:26Z cache-cmh21547 MEWElogs[464521]: GRAY, 1626312565708373725, CMH, 13
<134>2021-07-15T01:29:31Z cache-eze19324 MEWElogs[464521]: GRAY, 1626312571185788174, EZE, 13
<134>2021-07-15T01:29:48Z cache-wdc5583 MEWElogs[464521]: GRAY, 1626312588638426914, WDC, 13
<134>2021-07-15T01:30:00Z cache-dca17782 MEWElogs[464521]: GRAY, 1626312599734705804, DCA, 13
<134>2021-07-15T01:30:09Z cache-mdw17383 MEWElogs[464521]: GRAY, 1626312609403973536, MDW, 13
<134>2021-07-15T01:30:11Z cache-cmh21547 MEWElogs[464521]: GRAY, 1626312611415342063, CMH, 13
<134>2021-07-15T01:30:25Z cache-cph20625 MEWElogs[464521]: GRAY, 1626312624475980017, CPH, 13
<134>2021-07-15T01:30:31Z cache-cph20625 MEWElogs[464521]: GRAY, 1626312630785635976, CPH, 13
<134>2021-07-15T01:30:49Z cache-maa10251 MEWElogs[464521]: GRAY, 1626312648826202897, MAA, 13
<134>2021-07-15T01:31:08Z cache-pdk17882 MEWElogs[464521]: GRAY, 1626312667132611393, PDK, 13
<134>2021-07-15T01:31:12Z cache-cmh21547 MEWElogs[464521]: GRAY, 1626312672040790383, CMH, 13
