<134>2021-07-14T23:27:27Z cache-cgh11183 MEWElogs[308969]: BLUR, 1626305246943452914, CGH, 11
<134>2021-07-14T23:27:45Z cache-syd10183 MEWElogs[308969]: BLUR, 1626305265573056964, SYD, 11
<134>2021-07-14T23:28:02Z cache-syd10183 MEWElogs[308969]: BLUR, 1626305282004315618, SYD, 11
<134>2021-07-14T23:28:44Z cache-itm18851 MEWElogs[308969]: BLUR, 1626305323565713804, ITM, 11
<134>2021-07-14T23:28:52Z cache-syd10183 MEWElogs[308969]: BLUR, 1626305330998853220, SYD, 11
<134>2021-07-14T23:29:02Z cache-itm18851 MEWElogs[308969]: BLUR, 1626305341411101378, ITM, 11
<134>2021-07-14T23:29:10Z cache-cgh11183 MEWElogs[308969]: BLUR, 1626305349732956496, CGH, 11
<134>2021-07-14T23:29:53Z cache-hnd18722 MEWElogs[308969]: BLUR, 1626305392923906010, HND, 11
<134>2021-07-14T23:30:07Z cache-tyo11974 MEWElogs[308969]: BLUR, 1626305406068674605, TYO, 11
<134>2021-07-14T23:30:39Z cache-pao17461 MEWElogs[308969]: BLUR, 1626305439128918485, PAO, 11
<134>2021-07-14T23:31:32Z cache-sjc10078 MEWElogs[308969]: BLUR, 1626305492231930726, SJC, 11
<134>2021-07-14T23:31:56Z cache-tyo11974 MEWElogs[308969]: BLUR, 1626305515694157527, TYO, 11
<134>2021-07-14T23:32:03Z cache-cgh11183 MEWElogs[308969]: BLUR, 1626305522901742148, CGH, 11
<134>2021-07-14T23:32:07Z cache-sea4483 MEWElogs[308969]: BLUR, 1626305526683973033, SEA, 11
<134>2021-07-14T23:32:10Z cache-tyo11974 MEWElogs[308969]: BLUR, 1626305530291524827, TYO, 11
<134>2021-07-14T23:32:39Z cache-cgh11122 MEWElogs[308969]: BLUR, 1626305558402803322, CGH, 11
<134>2021-07-14T23:32:55Z cache-cgh11183 MEWElogs[308969]: BLUR, 1626305575167663786, CGH, 11
<134>2021-07-14T23:33:57Z cache-pao17461 MEWElogs[308969]: BLUR, 1626305637061385094, PAO, 11
<134>2021-07-14T23:34:18Z cache-bma1628 MEWElogs[308969]: BLUR, 1626305657511669791, BMA, 11
<134>2021-07-14T23:36:35Z cache-yyz4551 MEWElogs[308969]: BLUR, 1626305795045202492, YYZ, 11
<134>2021-07-14T23:37:10Z cache-tyo11974 MEWElogs[308969]: BLUR, 1626305829910206013, TYO, 11
