<134>2021-07-14T17:02:05Z cache-lon4249 MEWElogs[400146]: FLIPH, 1626282124978812542, LON, -1
<134>2021-07-14T17:02:07Z cache-den8274 MEWElogs[400146]: FLIPH, 1626282126002425579, DEN, 10
<134>2021-07-14T17:02:25Z cache-lcy19283 MEWElogs[400146]: FLIPH, 1626282144724807438, LCY, -1
<134>2021-07-14T17:02:27Z cache-hel6829 MEWElogs[400146]: FLIPH, 1626282146923529925, HEL, -1
<134>2021-07-14T17:02:40Z cache-dal21283 MEWElogs[400146]: FLIPH, 1626282159265212668, DAL, 10
<134>2021-07-14T17:02:41Z cache-jnb7027 MEWElogs[400146]: FLIPH, 1626282161579058520, JNB, -1
<134>2021-07-14T17:02:46Z cache-hel6829 MEWElogs[400146]: FLIPH, 1626282166355668550, HEL, -1
<134>2021-07-14T17:03:00Z cache-den8274 MEWElogs[400146]: FLIPH, 1626282179298713378, DEN, 10
<134>2021-07-14T17:03:02Z cache-cwb20520 MEWElogs[400146]: FLIPH, 1626282181283821144, CWB, -1
<134>2021-07-14T17:03:05Z cache-lcy19283 MEWElogs[400146]: FLIPH, 1626282184947001351, LCY, -1
<134>2021-07-14T17:03:06Z cache-den8274 MEWElogs[400146]: FLIPH, 1626282185459373270, DEN, -1
<134>2021-07-14T17:03:08Z cache-den8274 MEWElogs[400146]: FLIPH, 1626282188194721426, DEN, 10
<134>2021-07-14T17:03:10Z cache-hel6829 MEWElogs[400146]: FLIPH, 1626282189735075818, HEL, 10
<134>2021-07-14T17:03:12Z cache-cwb20520 MEWElogs[400146]: FLIPH, 1626282191411601155, CWB, -1
<134>2021-07-14T17:03:30Z cache-fra19177 MEWElogs[400146]: FLIPH, 1626282209153749678, FRA, 10
<134>2021-07-14T17:03:34Z cache-cwb20520 MEWElogs[400146]: FLIPH, 1626282214043509144, CWB, 10
<134>2021-07-14T17:03:43Z cache-lon4249 MEWElogs[400146]: FLIPH, 1626282223043700795, LON, -1
<134>2021-07-14T17:03:45Z cache-fra19177 MEWElogs[400146]: FLIPH, 1626282224418438622, FRA, -1
<134>2021-07-14T17:03:50Z cache-den8274 MEWElogs[400146]: FLIPH, 1626282229887259805, DEN, -1
<134>2021-07-14T17:03:54Z cache-fra19177 MEWElogs[400146]: FLIPH, 1626282233773565441, FRA, -1
<134>2021-07-14T17:03:57Z cache-fra19177 MEWElogs[400146]: FLIPH, 1626282236940748119, FRA, 10
<134>2021-07-14T17:04:07Z cache-dal21283 MEWElogs[400146]: FLIPH, 1626282246212337496, DAL, -1
<134>2021-07-14T17:04:11Z cache-den8274 MEWElogs[400146]: FLIPH, 1626282250911167220, DEN, 10
<134>2021-07-14T17:04:32Z cache-lon4249 MEWElogs[400146]: FLIPH, 1626282271646265036, LON, -1
<134>2021-07-14T17:04:44Z cache-dal21283 MEWElogs[400146]: FLIPH, 1626282284135996675, DAL, 10
<134>2021-07-14T17:04:58Z cache-iah17271 MEWElogs[400146]: FLIPH, 1626282297997534605, IAH, 10
<134>2021-07-14T17:05:05Z cache-hhn4077 MEWElogs[400146]: FLIPH, 1626282304716086755, HHN, -1
<134>2021-07-14T17:05:16Z cache-fra19177 MEWElogs[400146]: FLIPH, 1626282315772102379, FRA, -1
<134>2021-07-14T17:05:30Z cache-cwb20520 MEWElogs[400146]: FLIPH, 1626282329806071568, CWB, -1
<134>2021-07-14T17:05:32Z cache-jnb7027 MEWElogs[400146]: FLIPH, 1626282332109733206, JNB, 10
<134>2021-07-14T17:05:40Z cache-jnb7027 MEWElogs[400146]: FLIPH, 1626282339054506455, JNB, -1
<134>2021-07-14T17:05:43Z cache-hel6829 MEWElogs[400146]: FLIPH, 1626282342410819698, HEL, -1
<134>2021-07-14T17:05:49Z cache-jnb7027 MEWElogs[400146]: FLIPH, 1626282348822037674, JNB, -1
<134>2021-07-14T17:06:06Z cache-hel6829 MEWElogs[400146]: FLIPH, 1626282365521167581, HEL, 10
<134>2021-07-14T17:06:12Z cache-lcy19283 MEWElogs[400146]: FLIPH, 1626282371528947845, LCY, 10
<134>2021-07-14T17:06:19Z cache-lon4249 MEWElogs[400146]: FLIPH, 1626282378748220766, LON, -1
<134>2021-07-14T17:06:21Z cache-bur17583 MEWElogs[400146]: FLIPH, 1626282381148713901, BUR, -1
<134>2021-07-14T17:06:41Z cache-jnb7027 MEWElogs[400146]: FLIPH, 1626282400975534983, JNB, 10
<134>2021-07-14T17:06:45Z cache-bur17583 MEWElogs[400146]: FLIPH, 1626282405564174735, BUR, 10
<134>2021-07-14T17:07:12Z cache-lcy19283 MEWElogs[400146]: FLIPH, 1626282431325181771, LCY, 10
<134>2021-07-14T17:07:13Z cache-fra19177 MEWElogs[400146]: FLIPH, 1626282433245825503, FRA, -1
<134>2021-07-14T17:07:26Z cache-den8274 MEWElogs[400146]: FLIPH, 1626282445232022284, DEN, -1
<134>2021-07-14T17:07:43Z cache-iah17271 MEWElogs[400146]: FLIPH, 1626282462021336255, IAH, -1
<134>2021-07-14T17:07:47Z cache-cwb20520 MEWElogs[400146]: FLIPH, 1626282466926332640, CWB, -1
<134>2021-07-14T17:07:53Z cache-hel6829 MEWElogs[400146]: FLIPH, 1626282473584794024, HEL, 10
<134>2021-07-14T17:07:59Z cache-fra19177 MEWElogs[400146]: FLIPH, 1626282479305167147, FRA, -1
<134>2021-07-14T17:08:05Z cache-lon4249 MEWElogs[400146]: FLIPH, 1626282484933583077, LON, -1
<134>2021-07-14T17:08:38Z cache-lon4249 MEWElogs[400146]: FLIPH, 1626282517561446062, LON, -1
<134>2021-07-14T17:08:39Z cache-fra19177 MEWElogs[400146]: FLIPH, 1626282519473526355, FRA, 10
<134>2021-07-14T17:08:41Z cache-dal21283 MEWElogs[400146]: FLIPH, 1626282520196957577, DAL, -1
<134>2021-07-14T17:08:51Z cache-dal21283 MEWElogs[400146]: FLIPH, 1626282531168038352, DAL, -1
<134>2021-07-14T17:09:54Z cache-jnb7027 MEWElogs[400146]: FLIPH, 1626282594083297353, JNB, -1
<134>2021-07-14T17:09:59Z cache-lcy19283 MEWElogs[400146]: FLIPH, 1626282598740159086, LCY, -1
<134>2021-07-14T17:09:59Z cache-iah17271 MEWElogs[400146]: FLIPH, 1626282599319274512, IAH, 10
<134>2021-07-14T17:10:14Z cache-fra19177 MEWElogs[400146]: FLIPH, 1626282613842706591, FRA, -1
<134>2021-07-14T17:10:15Z cache-den8274 MEWElogs[400146]: FLIPH, 1626282615026386454, DEN, -1
<134>2021-07-14T17:10:26Z cache-cwb20520 MEWElogs[400146]: FLIPH, 1626282626185883417, CWB, 10
<134>2021-07-14T17:10:28Z cache-den8274 MEWElogs[400146]: FLIPH, 1626282627094841692, DEN, 10
<134>2021-07-14T17:10:39Z cache-dal21283 MEWElogs[400146]: FLIPH, 1626282638818522256, DAL, 10
<134>2021-07-14T17:10:53Z cache-cwb20520 MEWElogs[400146]: FLIPH, 1626282652894657993, CWB, -1
<134>2021-07-14T17:10:56Z cache-lon4249 MEWElogs[400146]: FLIPH, 1626282656034295984, LON, -1
<134>2021-07-14T17:10:58Z cache-dal21283 MEWElogs[400146]: FLIPH, 1626282657460737553, DAL, -1
<134>2021-07-14T17:11:10Z cache-hel6829 MEWElogs[400146]: FLIPH, 1626282669864523651, HEL, 10
<134>2021-07-14T17:11:13Z cache-lcy19283 MEWElogs[400146]: FLIPH, 1626282672758047971, LCY, 10
<134>2021-07-14T17:11:26Z cache-hel6829 MEWElogs[400146]: FLIPH, 1626282685759314330, HEL, -1
<134>2021-07-14T17:11:31Z cache-lon4249 MEWElogs[400146]: FLIPH, 1626282691588886725, LON, 10
<134>2021-07-14T17:11:32Z cache-dal21283 MEWElogs[400146]: FLIPH, 1626282691714483958, DAL, -1
<134>2021-07-14T17:11:35Z cache-fra19177 MEWElogs[400146]: FLIPH, 1626282695458383771, FRA, -1
<134>2021-07-14T17:11:39Z cache-hel6829 MEWElogs[400146]: FLIPH, 1626282699369424874, HEL, 10
<134>2021-07-14T17:11:45Z cache-jnb7027 MEWElogs[400146]: FLIPH, 1626282704740000136, JNB, 10
<134>2021-07-14T17:11:47Z cache-den8274 MEWElogs[400146]: FLIPH, 1626282707338777719, DEN, 10
<134>2021-07-14T17:11:48Z cache-lon4249 MEWElogs[400146]: FLIPH, 1626282707973077800, LON, 10
<134>2021-07-14T17:12:02Z cache-jnb7027 MEWElogs[400146]: FLIPH, 1626282721282411155, JNB, -1
