<134>2021-07-15T00:58:46Z cache-scl19427 MEWElogs[21956]: CROP, 1626310726308468243, SCL, 12
<134>2021-07-15T00:59:01Z cache-pao17461 MEWElogs[21956]: CROP, 1626310740814620291, PAO, 12
<134>2021-07-15T00:59:03Z cache-cgh11122 MEWElogs[21956]: CROP, 1626310743261886756, CGH, 12
<134>2021-07-15T00:59:08Z cache-scl19427 MEWElogs[21956]: CROP, 1626310747976715486, SCL, 12
<134>2021-07-15T00:59:13Z cache-bom4751 MEWElogs[21956]: CROP, 1626310751973447354, BOM, 12
<134>2021-07-15T00:59:14Z cache-hnd18722 MEWElogs[21956]: CROP, 1626310753014350512, HND, 12
<134>2021-07-15T00:59:17Z cache-cgh11122 MEWElogs[21956]: CROP, 1626310756319732310, CGH, 12
<134>2021-07-15T00:59:32Z cache-itm18851 MEWElogs[21956]: CROP, 1626310771490773964, ITM, 12
<134>2021-07-15T00:59:35Z cache-pao17461 MEWElogs[21956]: CROP, 1626310774757253894, PAO, 12
<134>2021-07-15T00:59:51Z cache-gig17035 MEWElogs[21956]: CROP, 1626310791374804963, GIG, 12
<134>2021-07-15T00:59:57Z cache-pao17461 MEWElogs[21956]: CROP, 1626310796161374493, PAO, 12
<134>2021-07-15T00:59:57Z cache-cgh11122 MEWElogs[21956]: CROP, 1626310796230349195, CGH, 12
<134>2021-07-15T01:00:28Z cache-gig17035 MEWElogs[21956]: CROP, 1626310827982460409, GIG, 12
<134>2021-07-15T01:00:36Z cache-cgh11122 MEWElogs[21956]: CROP, 1626310836289847052, CGH, 12
<134>2021-07-15T01:00:37Z cache-bom4751 MEWElogs[21956]: CROP, 1626310836718718420, BOM, 12
<134>2021-07-15T01:00:49Z cache-gig17035 MEWElogs[21956]: CROP, 1626310848256128576, GIG, 12
<134>2021-07-15T01:00:49Z cache-gru17149 MEWElogs[21956]: CROP, 1626310848304252508, GRU, 12
<134>2021-07-15T01:00:54Z cache-syd10183 MEWElogs[21956]: CROP, 1626310854087217172, SYD, 12
<134>2021-07-15T01:00:59Z cache-scl19427 MEWElogs[21956]: CROP, 1626310858990070569, SCL, 12
<134>2021-07-15T01:00:59Z cache-cgh11122 MEWElogs[21956]: CROP, 1626310858258925021, CGH, 12
<134>2021-07-15T01:01:08Z cache-pao17461 MEWElogs[21956]: CROP, 1626310868311189299, PAO, 12
<134>2021-07-15T01:01:10Z cache-scl19427 MEWElogs[21956]: CROP, 1626310869642696894, SCL, 12
<134>2021-07-15T01:01:32Z cache-bom4751 MEWElogs[21956]: CROP, 1626310891902730589, BOM, 12
<134>2021-07-15T01:01:48Z cache-itm18851 MEWElogs[21956]: CROP, 1626310907408742398, ITM, 12
<134>2021-07-15T01:01:57Z cache-scl19427 MEWElogs[21956]: CROP, 1626310917162631929, SCL, 12
<134>2021-07-15T01:02:02Z cache-cgh11122 MEWElogs[21956]: CROP, 1626310921111268846, CGH, 12
<134>2021-07-15T01:02:12Z cache-gru17149 MEWElogs[21956]: CROP, 1626310930963875418, GRU, 12
<134>2021-07-15T01:02:15Z cache-stl4834 MEWElogs[21956]: CROP, 1626310934981284158, STL, 12
<134>2021-07-15T01:02:23Z cache-scl19427 MEWElogs[21956]: CROP, 1626310943590620689, SCL, 12
<134>2021-07-15T01:02:24Z cache-bom4751 MEWElogs[21956]: CROP, 1626310943556256586, BOM, 12
<134>2021-07-15T01:02:36Z cache-itm18851 MEWElogs[21956]: CROP, 1626310956019857484, ITM, 12
<134>2021-07-15T01:02:53Z cache-stl4834 MEWElogs[21956]: CROP, 1626310973117121965, STL, 12
<134>2021-07-15T01:03:01Z cache-scl19427 MEWElogs[21956]: CROP, 1626310981311720022, SCL, 12
<134>2021-07-15T01:03:05Z cache-bma1628 MEWElogs[21956]: CROP, 1626310984655056136, BMA, 12
<134>2021-07-15T01:03:18Z cache-scl19427 MEWElogs[21956]: CROP, 1626310997485757848, SCL, 12
<134>2021-07-15T01:03:23Z cache-scl19427 MEWElogs[21956]: CROP, 1626311002760392577, SCL, 12
<134>2021-07-15T01:03:32Z cache-bma1628 MEWElogs[21956]: CROP, 1626311011633531977, BMA, 12
<134>2021-07-15T01:03:34Z cache-itm18851 MEWElogs[21956]: CROP, 1626311014586409087, ITM, 12
<134>2021-07-15T01:03:39Z cache-scl19427 MEWElogs[21956]: CROP, 1626311018616513024, SCL, 12
<134>2021-07-15T01:03:43Z cache-cgh11122 MEWElogs[21956]: CROP, 1626311022663429753, CGH, 12
<134>2021-07-15T01:03:54Z cache-itm18851 MEWElogs[21956]: CROP, 1626311034273023540, ITM, 12
<134>2021-07-15T01:04:04Z cache-hnd18722 MEWElogs[21956]: CROP, 1626311044047251858, HND, 12
<134>2021-07-15T01:04:10Z cache-scl19427 MEWElogs[21956]: CROP, 1626311050433367779, SCL, 12
<134>2021-07-15T01:04:15Z cache-cgh11183 MEWElogs[21956]: CROP, 1626311054801847188, CGH, 12
<134>2021-07-15T01:04:19Z cache-itm18851 MEWElogs[21956]: CROP, 1626311058595473572, ITM, 12
<134>2021-07-15T01:04:31Z cache-bma1628 MEWElogs[21956]: CROP, 1626311070838327813, BMA, 12
<134>2021-07-15T01:04:46Z cache-hnd18722 MEWElogs[21956]: CROP, 1626311085714313447, HND, 12
<134>2021-07-15T01:04:53Z cache-sjc10078 MEWElogs[21956]: CROP, 1626311092444388126, SJC, 12
<134>2021-07-15T01:05:01Z cache-bma1628 MEWElogs[21956]: CROP, 1626311100167597544, BMA, 12
<134>2021-07-15T01:05:02Z cache-cgh11122 MEWElogs[21956]: CROP, 1626311102381128785, CGH, 12
<134>2021-07-15T01:05:17Z cache-itm18851 MEWElogs[21956]: CROP, 1626311116968836161, ITM, 12
<134>2021-07-15T01:05:23Z cache-hnd18722 MEWElogs[21956]: CROP, 1626311122639434352, HND, 12
<134>2021-07-15T01:05:26Z cache-cgh11183 MEWElogs[21956]: CROP, 1626311125347657096, CGH, 12
<134>2021-07-15T01:05:27Z cache-itm18851 MEWElogs[21956]: CROP, 1626311127010257966, ITM, 12
<134>2021-07-15T01:05:32Z cache-itm18851 MEWElogs[21956]: CROP, 1626311131801005943, ITM, 12
<134>2021-07-15T01:05:33Z cache-hnd18722 MEWElogs[21956]: CROP, 1626311132111678247, HND, 12
<134>2021-07-15T01:05:37Z cache-itm18851 MEWElogs[21956]: CROP, 1626311136589900548, ITM, 12
<134>2021-07-15T01:05:44Z cache-sjc10078 MEWElogs[21956]: CROP, 1626311144463200561, SJC, 12
<134>2021-07-15T01:05:49Z cache-sjc10078 MEWElogs[21956]: CROP, 1626311148618179917, SJC, 12
<134>2021-07-15T01:06:01Z cache-tyo11974 MEWElogs[21956]: CROP, 1626311160821670949, TYO, 12
<134>2021-07-15T01:06:17Z cache-sea4483 MEWElogs[21956]: CROP, 1626311177253493632, SEA, 12
<134>2021-07-15T01:06:22Z cache-tyo11974 MEWElogs[21956]: CROP, 1626311182115690089, TYO, 12
<134>2021-07-15T01:06:31Z cache-yyz4551 MEWElogs[21956]: CROP, 1626311191726757596, YYZ, 12
<134>2021-07-15T01:06:33Z cache-vie21629 MEWElogs[21956]: CROP, 1626311192347607301, VIE, 12
<134>2021-07-15T01:06:39Z cache-yyz4551 MEWElogs[21956]: CROP, 1626311199322454662, YYZ, 12
<134>2021-07-15T01:06:47Z cache-yyz4551 MEWElogs[21956]: CROP, 1626311206823329521, YYZ, 12
<134>2021-07-15T01:06:50Z cache-sea4483 MEWElogs[21956]: CROP, 1626311210245322203, SEA, 12
<134>2021-07-15T01:07:24Z cache-sea4483 MEWElogs[21956]: CROP, 1626311243142598239, SEA, 12
<134>2021-07-15T01:07:28Z cache-sea4483 MEWElogs[21956]: CROP, 1626311248168361852, SEA, 12
<134>2021-07-15T01:07:29Z cache-bma1628 MEWElogs[21956]: CROP, 1626311248662081266, BMA, 12
<134>2021-07-15T01:07:35Z cache-tyo11974 MEWElogs[21956]: CROP, 1626311254389981098, TYO, 12
<134>2021-07-15T01:07:36Z cache-sjc10078 MEWElogs[21956]: CROP, 1626311255375861875, SJC, 12
<134>2021-07-15T01:07:57Z cache-cgh11183 MEWElogs[21956]: CROP, 1626311276256163523, CGH, 12
<134>2021-07-15T01:07:57Z cache-tyo11974 MEWElogs[21956]: CROP, 1626311276228409141, TYO, 12
<134>2021-07-15T01:08:06Z cache-sjc10078 MEWElogs[21956]: CROP, 1626311285989883399, SJC, 12
<134>2021-07-15T01:08:06Z cache-sea4483 MEWElogs[21956]: CROP, 1626311286288474800, SEA, 12
<134>2021-07-15T01:08:26Z cache-sea4483 MEWElogs[21956]: CROP, 1626311304985180940, SEA, 12
<134>2021-07-15T01:08:41Z cache-yyz4551 MEWElogs[21956]: CROP, 1626311321519173664, YYZ, 12
