<134>2021-07-14T21:31:08Z cache-del21735 MEWElogs[412844]: BLUR, 1626298267574700974, DEL, 11
<134>2021-07-14T21:31:23Z cache-del21735 MEWElogs[412844]: BLUR, 1626298282798722735, DEL, 11
<134>2021-07-14T21:31:37Z cache-cph20625 MEWElogs[412844]: BLUR, 1626298296882313463, CPH, 11
<134>2021-07-14T21:32:52Z cache-fty21383 MEWElogs[412844]: BLUR, 1626298371090161461, FTY, 11
<134>2021-07-14T21:33:02Z cache-bos4657 MEWElogs[412844]: BLUR, 1626298381797799492, BOS, 11
<134>2021-07-14T21:33:19Z cache-fty21383 MEWElogs[412844]: BLUR, 1626298398884957533, FTY, 11
<134>2021-07-14T21:34:32Z cache-cph20625 MEWElogs[412844]: BLUR, 1626298471227318945, CPH, 11
<134>2021-07-14T21:34:58Z cache-pwk4920 MEWElogs[412844]: BLUR, 1626298498259068079, PWK, 11
<134>2021-07-14T21:35:20Z cache-del21735 MEWElogs[412844]: BLUR, 1626298518834016500, DEL, 11
<134>2021-07-14T21:35:25Z cache-chi21126 MEWElogs[412844]: BLUR, 1626298524514327041, CHI, 11
<134>2021-07-14T21:35:43Z cache-chi21126 MEWElogs[412844]: BLUR, 1626298542554455718, CHI, 11
<134>2021-07-14T21:36:20Z cache-dub4329 MEWElogs[412844]: BLUR, 1626298580098578551, DUB, 11
<134>2021-07-14T21:36:53Z cache-fty21383 MEWElogs[412844]: BLUR, 1626298612004590890, FTY, 11
<134>2021-07-14T21:38:02Z cache-dfw18678 MEWElogs[412844]: BLUR, 1626298681494592475, DFW, 11
<134>2021-07-14T21:38:14Z cache-akl10324 MEWElogs[412844]: BLUR, 1626298693819825500, AKL, 11
<134>2021-07-14T21:38:37Z cache-bos4657 MEWElogs[412844]: BLUR, 1626298716849886389, BOS, 11
<134>2021-07-14T21:38:39Z cache-hhn4077 MEWElogs[412844]: BLUR, 1626298718231782701, HHN, 11
<134>2021-07-14T21:38:54Z cache-chi21126 MEWElogs[412844]: BLUR, 1626298734017459833, CHI, 11
<134>2021-07-14T21:40:21Z cache-chi21126 MEWElogs[412844]: BLUR, 1626298820808989202, CHI, 11
<134>2021-07-14T21:40:47Z cache-dub4329 MEWElogs[412844]: BLUR, 1626298846307509706, DUB, 11
<134>2021-07-14T21:40:57Z cache-cph20625 MEWElogs[412844]: BLUR, 1626298856354259007, CPH, 11
