<134>2021-07-14T17:42:44Z cache-mel11272 MEWElogs[334804]: FLIPH, 1626284564561085053, MEL, -1
<134>2021-07-14T17:42:51Z cache-osl6529 MEWElogs[334804]: FLIPH, 1626284570769309340, OSL, 10
<134>2021-07-14T17:43:42Z cache-cdg20720 MEWElogs[334804]: FLIPH, 1626284621620099165, CDG, -1
<134>2021-07-14T17:43:49Z cache-mel11272 MEWElogs[334804]: FLIPH, 1626284628350295449, MEL, 10
<134>2021-07-14T17:43:55Z cache-stl4834 MEWElogs[334804]: FLIPH, 1626284634639209010, STL, -1
<134>2021-07-14T17:43:56Z cache-lga21983 MEWElogs[334804]: FLIPH, 1626284636449273174, LGA, -1
<134>2021-07-14T17:44:20Z cache-lga21983 MEWElogs[334804]: FLIPH, 1626284659295995896, LGA, 10
<134>2021-07-14T17:44:26Z cache-gig17035 MEWElogs[334804]: FLIPH, 1626284665953035775, GIG, -1
<134>2021-07-14T17:44:36Z cache-cdg20720 MEWElogs[334804]: FLIPH, 1626284675033112256, CDG, 10
<134>2021-07-14T17:44:39Z cache-gru17149 MEWElogs[334804]: FLIPH, 1626284677992824130, GRU, 10
<134>2021-07-14T17:44:49Z cache-stl4834 MEWElogs[334804]: FLIPH, 1626284689786793020, STL, 10
<134>2021-07-14T17:44:51Z cache-gig17035 MEWElogs[334804]: FLIPH, 1626284690559383779, GIG, -1
<134>2021-07-14T17:44:58Z cache-gru17149 MEWElogs[334804]: FLIPH, 1626284697103082881, GRU, 10
<134>2021-07-14T17:45:00Z cache-mel11272 MEWElogs[334804]: FLIPH, 1626284698966930018, MEL, 10
<134>2021-07-14T17:45:02Z cache-gig17035 MEWElogs[334804]: FLIPH, 1626284702295620781, GIG, -1
<134>2021-07-14T17:45:17Z cache-osl6529 MEWElogs[334804]: FLIPH, 1626284716407194348, OSL, -1
<134>2021-07-14T17:45:36Z cache-gru17149 MEWElogs[334804]: FLIPH, 1626284735543351197, GRU, 10
<134>2021-07-14T17:45:40Z cache-stl4834 MEWElogs[334804]: FLIPH, 1626284739326784171, STL, -1
<134>2021-07-14T17:45:42Z cache-gig17035 MEWElogs[334804]: FLIPH, 1626284742084544180, GIG, 10
<134>2021-07-14T17:45:54Z cache-lga21983 MEWElogs[334804]: FLIPH, 1626284754664888847, LGA, -1
<134>2021-07-14T17:46:22Z cache-stl4834 MEWElogs[334804]: FLIPH, 1626284781076352062, STL, -1
<134>2021-07-14T17:46:25Z cache-bom4751 MEWElogs[334804]: FLIPH, 1626284784470906595, BOM, 10
<134>2021-07-14T17:46:38Z cache-itm18851 MEWElogs[334804]: FLIPH, 1626284797629186566, ITM, -1
<134>2021-07-14T17:47:03Z cache-gig17035 MEWElogs[334804]: FLIPH, 1626284822245260493, GIG, -1
<134>2021-07-14T17:47:07Z cache-stl4834 MEWElogs[334804]: FLIPH, 1626284827450454048, STL, 10
<134>2021-07-14T17:47:18Z cache-gru17149 MEWElogs[334804]: FLIPH, 1626284837262407988, GRU, -1
<134>2021-07-14T17:47:30Z cache-cdg20720 MEWElogs[334804]: FLIPH, 1626284849038353173, CDG, 10
<134>2021-07-14T17:47:32Z cache-pao17461 MEWElogs[334804]: FLIPH, 1626284851772162028, PAO, 10
<134>2021-07-14T17:47:39Z cache-stl4834 MEWElogs[334804]: FLIPH, 1626284859272107001, STL, 10
<134>2021-07-14T17:48:09Z cache-hnd18722 MEWElogs[334804]: FLIPH, 1626284889519987806, HND, -1
<134>2021-07-14T17:48:13Z cache-gig17035 MEWElogs[334804]: FLIPH, 1626284893533415369, GIG, -1
<134>2021-07-14T17:48:19Z cache-bom4751 MEWElogs[334804]: FLIPH, 1626284897855946547, BOM, -1
<134>2021-07-14T17:48:21Z cache-bom4751 MEWElogs[334804]: FLIPH, 1626284900610164666, BOM, 10
<134>2021-07-14T17:48:33Z cache-pao17461 MEWElogs[334804]: FLIPH, 1626284913746390423, PAO, 10
<134>2021-07-14T17:48:45Z cache-pao17461 MEWElogs[334804]: FLIPH, 1626284924218743350, PAO, 10
<134>2021-07-14T17:49:01Z cache-gig17035 MEWElogs[334804]: FLIPH, 1626284941202862681, GIG, -1
<134>2021-07-14T17:49:14Z cache-stl4834 MEWElogs[334804]: FLIPH, 1626284953816952038, STL, 10
<134>2021-07-14T17:49:16Z cache-pao17461 MEWElogs[334804]: FLIPH, 1626284955685423967, PAO, 10
<134>2021-07-14T17:49:40Z cache-cdg20720 MEWElogs[334804]: FLIPH, 1626284980156799251, CDG, 10
<134>2021-07-14T17:49:45Z cache-gru17149 MEWElogs[334804]: FLIPH, 1626284983637348119, GRU, 10
<134>2021-07-14T17:50:44Z cache-bom4751 MEWElogs[334804]: FLIPH, 1626285043503119355, BOM, -1
<134>2021-07-14T17:50:48Z cache-itm18851 MEWElogs[334804]: FLIPH, 1626285047473488748, ITM, -1
<134>2021-07-14T17:51:21Z cache-pao17461 MEWElogs[334804]: FLIPH, 1626285080961784404, PAO, 10
<134>2021-07-14T17:51:30Z cache-stl4834 MEWElogs[334804]: FLIPH, 1626285089905810604, STL, 10
<134>2021-07-14T17:51:31Z cache-cgh11122 MEWElogs[334804]: FLIPH, 1626285090266231073, CGH, -1
<134>2021-07-14T17:51:41Z cache-stl4834 MEWElogs[334804]: FLIPH, 1626285100302212635, STL, 10
<134>2021-07-14T17:52:10Z cache-bom4751 MEWElogs[334804]: FLIPH, 1626285129897685524, BOM, -1
<134>2021-07-14T17:52:21Z cache-cgh11122 MEWElogs[334804]: FLIPH, 1626285140849761860, CGH, -1
<134>2021-07-14T17:52:32Z cache-itm18851 MEWElogs[334804]: FLIPH, 1626285151289387163, ITM, -1
<134>2021-07-14T17:52:36Z cache-gig17035 MEWElogs[334804]: FLIPH, 1626285155358787742, GIG, -1
