<134>2021-07-15T06:49:26Z cache-jnb7027 MEWElogs[334804]: UNSH, 1626331765575643768, JNB, 16
<134>2021-07-15T06:49:28Z cache-hel6829 MEWElogs[334804]: UNSH, 1626331767989170093, HEL, 16
<134>2021-07-15T06:50:04Z cache-lon4249 MEWElogs[334804]: UNSH, 1626331803819903642, LON, 16
<134>2021-07-15T06:50:35Z cache-dal21283 MEWElogs[334804]: UNSH, 1626331835316586647, DAL, 16
<134>2021-07-15T06:50:38Z cache-lon4249 MEWElogs[334804]: UNSH, 1626331836996164078, LON, 16
<134>2021-07-15T06:51:22Z cache-lon4249 MEWElogs[334804]: UNSH, 1626331881158127597, LON, 16
<134>2021-07-15T06:51:35Z cache-lcy19283 MEWElogs[334804]: UNSH, 1626331895488857112, LCY, 16
<134>2021-07-15T06:51:56Z cache-jnb7027 MEWElogs[334804]: UNSH, 1626331915866952350, JNB, 16
<134>2021-07-15T06:53:11Z cache-jnb7027 MEWElogs[334804]: UNSH, 1626331990175795001, JNB, 16
<134>2021-07-15T06:53:11Z cache-den8274 MEWElogs[334804]: UNSH, 1626331990395021878, DEN, 16
<134>2021-07-15T06:53:22Z cache-lon4249 MEWElogs[334804]: UNSH, 1626332000979884616, LON, 16
<134>2021-07-15T06:53:37Z cache-bur17583 MEWElogs[334804]: UNSH, 1626332016384141926, BUR, 16
<134>2021-07-15T06:54:29Z cache-den8274 MEWElogs[334804]: UNSH, 1626332068416079306, DEN, 16
<134>2021-07-15T06:56:19Z cache-den8274 MEWElogs[334804]: UNSH, 1626332178932645845, DEN, 16
<134>2021-07-15T06:56:20Z cache-jnb7027 MEWElogs[334804]: UNSH, 1626332179264288267, JNB, 16
<134>2021-07-15T06:56:27Z cache-iah17271 MEWElogs[334804]: UNSH, 1626332187419158944, IAH, 16
<134>2021-07-15T06:56:59Z cache-bur17583 MEWElogs[334804]: UNSH, 1626332218986781888, BUR, 16
<134>2021-07-15T06:57:21Z cache-bur17583 MEWElogs[334804]: UNSH, 1626332241325934149, BUR, 16
<134>2021-07-15T06:58:09Z cache-hkg17929 MEWElogs[334804]: UNSH, 1626332288621870917, HKG, 16
<134>2021-07-15T06:58:15Z cache-stp9226 MEWElogs[334804]: UNSH, 1626332294352535292, STP, 16
<134>2021-07-15T06:58:24Z cache-jnb7027 MEWElogs[334804]: UNSH, 1626332303205344777, JNB, 16
