<134>2021-07-15T00:59:01Z cache-syd10183 MEWElogs[369035]: CROP, 1626310740215332055, SYD, 12
<134>2021-07-15T00:59:13Z cache-scl19427 MEWElogs[369035]: CROP, 1626310753211691887, SCL, 12
<134>2021-07-15T00:59:18Z cache-itm18851 MEWElogs[369035]: CROP, 1626310757197591618, ITM, 12
<134>2021-07-15T00:59:26Z cache-gig17035 MEWElogs[369035]: CROP, 1626310765472866377, GIG, 12
<134>2021-07-15T00:59:29Z cache-stl4834 MEWElogs[369035]: CROP, 1626310768966049801, STL, 12
<134>2021-07-15T00:59:31Z cache-gru17149 MEWElogs[369035]: CROP, 1626310770799135659, GRU, 12
<134>2021-07-15T00:59:39Z cache-pao17461 MEWElogs[369035]: CROP, 1626310778943534583, PAO, 12
<134>2021-07-15T00:59:48Z cache-cgh11122 MEWElogs[369035]: CROP, 1626310787428080299, CGH, 12
<134>2021-07-15T00:59:52Z cache-syd10183 MEWElogs[369035]: CROP, 1626310792236650802, SYD, 12
<134>2021-07-15T00:59:52Z cache-pao17461 MEWElogs[369035]: CROP, 1626310791952344877, PAO, 12
<134>2021-07-15T00:59:58Z cache-syd10183 MEWElogs[369035]: CROP, 1626310797022191251, SYD, 12
<134>2021-07-15T01:00:05Z cache-scl19427 MEWElogs[369035]: CROP, 1626310805574203330, SCL, 12
<134>2021-07-15T01:00:09Z cache-pao17461 MEWElogs[369035]: CROP, 1626310808832311101, PAO, 12
<134>2021-07-15T01:00:11Z cache-syd10183 MEWElogs[369035]: CROP, 1626310811566844308, SYD, 12
<134>2021-07-15T01:00:12Z cache-bom4751 MEWElogs[369035]: CROP, 1626310811006139624, BOM, 12
<134>2021-07-15T01:00:15Z cache-cgh11122 MEWElogs[369035]: CROP, 1626310814274805590, CGH, 12
<134>2021-07-15T01:00:15Z cache-bom4751 MEWElogs[369035]: CROP, 1626310814609852512, BOM, 12
<134>2021-07-15T01:00:22Z cache-scl19427 MEWElogs[369035]: CROP, 1626310821347479578, SCL, 12
<134>2021-07-15T01:00:23Z cache-cgh11122 MEWElogs[369035]: CROP, 1626310823015592596, CGH, 12
<134>2021-07-15T01:00:35Z cache-syd10183 MEWElogs[369035]: CROP, 1626310835226351749, SYD, 12
<134>2021-07-15T01:00:45Z cache-bom4751 MEWElogs[369035]: CROP, 1626310844082729866, BOM, 12
<134>2021-07-15T01:00:56Z cache-bom4751 MEWElogs[369035]: CROP, 1626310854966700502, BOM, 12
<134>2021-07-15T01:01:03Z cache-cgh11122 MEWElogs[369035]: CROP, 1626310862686861325, CGH, 12
<134>2021-07-15T01:01:11Z cache-stl4834 MEWElogs[369035]: CROP, 1626310870848057918, STL, 12
<134>2021-07-15T01:01:13Z cache-pao17461 MEWElogs[369035]: CROP, 1626310872628166484, PAO, 12
<134>2021-07-15T01:01:14Z cache-itm18851 MEWElogs[369035]: CROP, 1626310873533268453, ITM, 12
<134>2021-07-15T01:01:24Z cache-gig17035 MEWElogs[369035]: CROP, 1626310884351736918, GIG, 12
<134>2021-07-15T01:01:31Z cache-gru17149 MEWElogs[369035]: CROP, 1626310890135648804, GRU, 12
<134>2021-07-15T01:01:38Z cache-syd10183 MEWElogs[369035]: CROP, 1626310897035240408, SYD, 12
<134>2021-07-15T01:01:38Z cache-itm18851 MEWElogs[369035]: CROP, 1626310897706742972, ITM, 12
<134>2021-07-15T01:01:50Z cache-stl4834 MEWElogs[369035]: CROP, 1626310909612809278, STL, 12
<134>2021-07-15T01:01:56Z cache-syd10183 MEWElogs[369035]: CROP, 1626310916337631170, SYD, 12
<134>2021-07-15T01:02:03Z cache-scl19427 MEWElogs[369035]: CROP, 1626310922454334628, SCL, 12
<134>2021-07-15T01:02:07Z cache-itm18851 MEWElogs[369035]: CROP, 1626310926602447983, ITM, 12
<134>2021-07-15T01:02:28Z cache-pao17461 MEWElogs[369035]: CROP, 1626310948403515244, PAO, 12
<134>2021-07-15T01:02:35Z cache-bom4751 MEWElogs[369035]: CROP, 1626310954587818971, BOM, 12
<134>2021-07-15T01:02:39Z cache-bom4751 MEWElogs[369035]: CROP, 1626310958268094900, BOM, 12
<134>2021-07-15T01:02:41Z cache-cgh11122 MEWElogs[369035]: CROP, 1626310960601470342, CGH, 12
<134>2021-07-15T01:02:57Z cache-bom4751 MEWElogs[369035]: CROP, 1626310976482837498, BOM, 12
<134>2021-07-15T01:03:06Z cache-itm18851 MEWElogs[369035]: CROP, 1626310985266302595, ITM, 12
<134>2021-07-15T01:03:07Z cache-scl19427 MEWElogs[369035]: CROP, 1626310986805605808, SCL, 12
<134>2021-07-15T01:03:13Z cache-gig17035 MEWElogs[369035]: CROP, 1626310993067213265, GIG, 12
<134>2021-07-15T01:03:25Z cache-itm18851 MEWElogs[369035]: CROP, 1626311004773043048, ITM, 12
<134>2021-07-15T01:03:34Z cache-sea4483 MEWElogs[369035]: CROP, 1626311013212916458, SEA, 12
<134>2021-07-15T01:03:37Z cache-pao17461 MEWElogs[369035]: CROP, 1626311016444193276, PAO, 12
<134>2021-07-15T01:03:45Z cache-itm18851 MEWElogs[369035]: CROP, 1626311024338129279, ITM, 12
<134>2021-07-15T01:03:47Z cache-cgh11122 MEWElogs[369035]: CROP, 1626311027049573400, CGH, 12
<134>2021-07-15T01:03:51Z cache-syd10183 MEWElogs[369035]: CROP, 1626311031054956432, SYD, 12
<134>2021-07-15T01:04:03Z cache-sea4483 MEWElogs[369035]: CROP, 1626311042569749710, SEA, 12
<134>2021-07-15T01:04:04Z cache-sjc10078 MEWElogs[369035]: CROP, 1626311044093805293, SJC, 12
<134>2021-07-15T01:04:18Z cache-hnd18722 MEWElogs[369035]: CROP, 1626311057828391137, HND, 12
<134>2021-07-15T01:04:19Z cache-cgh11183 MEWElogs[369035]: CROP, 1626311059447081102, CGH, 12
<134>2021-07-15T01:04:20Z cache-syd10183 MEWElogs[369035]: CROP, 1626311059844648217, SYD, 12
<134>2021-07-15T01:04:23Z cache-hnd18722 MEWElogs[369035]: CROP, 1626311062562014738, HND, 12
<134>2021-07-15T01:04:37Z cache-bma1628 MEWElogs[369035]: CROP, 1626311076769986240, BMA, 12
<134>2021-07-15T01:04:40Z cache-cgh11122 MEWElogs[369035]: CROP, 1626311080161118462, CGH, 12
<134>2021-07-15T01:04:41Z cache-pao17461 MEWElogs[369035]: CROP, 1626311080494784873, PAO, 12
<134>2021-07-15T01:04:55Z cache-hnd18722 MEWElogs[369035]: CROP, 1626311094814599693, HND, 12
<134>2021-07-15T01:05:05Z cache-sea4483 MEWElogs[369035]: CROP, 1626311105026417676, SEA, 12
<134>2021-07-15T01:05:07Z cache-bma1628 MEWElogs[369035]: CROP, 1626311106344551051, BMA, 12
<134>2021-07-15T01:05:08Z cache-itm18851 MEWElogs[369035]: CROP, 1626311107221356265, ITM, 12
<134>2021-07-15T01:05:09Z cache-hnd18722 MEWElogs[369035]: CROP, 1626311108690036427, HND, 12
<134>2021-07-15T01:05:43Z cache-cgh11183 MEWElogs[369035]: CROP, 1626311142864590919, CGH, 12
<134>2021-07-15T01:06:00Z cache-hnd18722 MEWElogs[369035]: CROP, 1626311159706160651, HND, 12
<134>2021-07-15T01:06:06Z cache-vie21629 MEWElogs[369035]: CROP, 1626311164922830934, VIE, 12
<134>2021-07-15T01:06:06Z cache-cgh11183 MEWElogs[369035]: CROP, 1626311165016659086, CGH, 12
<134>2021-07-15T01:06:17Z cache-yyz4551 MEWElogs[369035]: CROP, 1626311176458599355, YYZ, 12
<134>2021-07-15T01:06:18Z cache-bma1628 MEWElogs[369035]: CROP, 1626311177603907923, BMA, 12
<134>2021-07-15T01:06:21Z cache-itm18851 MEWElogs[369035]: CROP, 1626311181062379708, ITM, 12
<134>2021-07-15T01:06:22Z cache-sea4483 MEWElogs[369035]: CROP, 1626311181912762489, SEA, 12
<134>2021-07-15T01:06:27Z cache-sea4483 MEWElogs[369035]: CROP, 1626311186750967324, SEA, 12
<134>2021-07-15T01:06:36Z cache-yyz4551 MEWElogs[369035]: CROP, 1626311195525349038, YYZ, 12
<134>2021-07-15T01:06:51Z cache-yyz4551 MEWElogs[369035]: CROP, 1626311210701502579, YYZ, 12
<134>2021-07-15T01:06:57Z cache-tyo11974 MEWElogs[369035]: CROP, 1626311216274761975, TYO, 12
<134>2021-07-15T01:06:59Z cache-bma1628 MEWElogs[369035]: CROP, 1626311218738814245, BMA, 12
<134>2021-07-15T01:07:05Z cache-bma1628 MEWElogs[369035]: CROP, 1626311224888965783, BMA, 12
<134>2021-07-15T01:07:20Z cache-bma1628 MEWElogs[369035]: CROP, 1626311239738686151, BMA, 12
<134>2021-07-15T01:07:39Z cache-tyo11974 MEWElogs[369035]: CROP, 1626311258639158118, TYO, 12
<134>2021-07-15T01:07:41Z cache-bma1628 MEWElogs[369035]: CROP, 1626311260419406801, BMA, 12
<134>2021-07-15T01:07:48Z cache-tyo11974 MEWElogs[369035]: CROP, 1626311267461127636, TYO, 12
<134>2021-07-15T01:07:52Z cache-yyz4551 MEWElogs[369035]: CROP, 1626311271881473020, YYZ, 12
<134>2021-07-15T01:07:52Z cache-cgh11183 MEWElogs[369035]: CROP, 1626311271906059441, CGH, 12
<134>2021-07-15T01:08:27Z cache-yyz4551 MEWElogs[369035]: CROP, 1626311306409566837, YYZ, 12
<134>2021-07-15T01:08:28Z cache-cgh11183 MEWElogs[369035]: CROP, 1626311307374122738, CGH, 12
<134>2021-07-15T01:08:54Z cache-sea4483 MEWElogs[369035]: CROP, 1626311334138824082, SEA, 12
