<134>2021-07-15T00:58:53Z cache-pao17461 MEWElogs[322581]: CROP, 1626310732349650958, PAO, 12
<134>2021-07-15T00:59:19Z cache-syd10183 MEWElogs[322581]: CROP, 1626310759111057747, SYD, 12
<134>2021-07-15T00:59:21Z cache-stl4834 MEWElogs[322581]: CROP, 1626310760443145004, STL, 12
<134>2021-07-15T00:59:21Z cache-cgh11122 MEWElogs[322581]: CROP, 1626310760711585760, CGH, 12
<134>2021-07-15T00:59:48Z cache-pao17461 MEWElogs[322581]: CROP, 1626310787745905889, PAO, 12
<134>2021-07-15T00:59:56Z cache-scl19427 MEWElogs[322581]: CROP, 1626310795098836696, SCL, 12
<134>2021-07-15T01:00:12Z cache-gru17149 MEWElogs[322581]: CROP, 1626310811872616573, GRU, 12
<134>2021-07-15T01:00:19Z cache-bom4751 MEWElogs[322581]: CROP, 1626310818253534732, BOM, 12
<134>2021-07-15T01:00:27Z cache-scl19427 MEWElogs[322581]: CROP, 1626310826815716343, SCL, 12
<134>2021-07-15T01:00:33Z cache-bom4751 MEWElogs[322581]: CROP, 1626310832945618707, BOM, 12
<134>2021-07-15T01:00:41Z cache-hnd18722 MEWElogs[322581]: CROP, 1626310840790673242, HND, 12
<134>2021-07-15T01:01:14Z cache-syd10183 MEWElogs[322581]: CROP, 1626310873064226619, SYD, 12
<134>2021-07-15T01:01:22Z cache-hnd18722 MEWElogs[322581]: CROP, 1626310882232016933, HND, 12
<134>2021-07-15T01:01:38Z cache-pao17461 MEWElogs[322581]: CROP, 1626310898188483548, PAO, 12
<134>2021-07-15T01:01:47Z cache-gru17149 MEWElogs[322581]: CROP, 1626310906330198115, GRU, 12
<134>2021-07-15T01:01:52Z cache-scl19427 MEWElogs[322581]: CROP, 1626310911901647886, SCL, 12
<134>2021-07-15T01:02:18Z cache-scl19427 MEWElogs[322581]: CROP, 1626310938161497748, SCL, 12
<134>2021-07-15T01:02:19Z cache-cgh11122 MEWElogs[322581]: CROP, 1626310938657374644, CGH, 12
<134>2021-07-15T01:02:20Z cache-syd10183 MEWElogs[322581]: CROP, 1626310940056105546, SYD, 12
<134>2021-07-15T01:02:45Z cache-pao17461 MEWElogs[322581]: CROP, 1626310965301580743, PAO, 12
<134>2021-07-15T01:03:08Z cache-hnd18722 MEWElogs[322581]: CROP, 1626310988047686553, HND, 12
<134>2021-07-15T01:03:12Z cache-bom4751 MEWElogs[322581]: CROP, 1626310991584544714, BOM, 12
<134>2021-07-15T01:03:14Z cache-sea4483 MEWElogs[322581]: CROP, 1626310994169232340, SEA, 12
<134>2021-07-15T01:03:19Z cache-sea4483 MEWElogs[322581]: CROP, 1626310998888821587, SEA, 12
<134>2021-07-15T01:04:24Z cache-pao17461 MEWElogs[322581]: CROP, 1626311063742642654, PAO, 12
<134>2021-07-15T01:04:39Z cache-syd10183 MEWElogs[322581]: CROP, 1626311078857335924, SYD, 12
<134>2021-07-15T01:04:46Z cache-cgh11183 MEWElogs[322581]: CROP, 1626311085719376619, CGH, 12
<134>2021-07-15T01:04:58Z cache-tyo11974 MEWElogs[322581]: CROP, 1626311097167777024, TYO, 12
<134>2021-07-15T01:05:04Z cache-bma1628 MEWElogs[322581]: CROP, 1626311103157203441, BMA, 12
<134>2021-07-15T01:05:22Z cache-itm18851 MEWElogs[322581]: CROP, 1626311121932896488, ITM, 12
<134>2021-07-15T01:05:29Z cache-cgh11122 MEWElogs[322581]: CROP, 1626311129073560519, CGH, 12
<134>2021-07-15T01:05:51Z cache-hnd18722 MEWElogs[322581]: CROP, 1626311150500648603, HND, 12
<134>2021-07-15T01:05:51Z cache-cgh11122 MEWElogs[322581]: CROP, 1626311151176988447, CGH, 12
<134>2021-07-15T01:05:56Z cache-itm18851 MEWElogs[322581]: CROP, 1626311156403075395, ITM, 12
<134>2021-07-15T01:06:09Z cache-bma1628 MEWElogs[322581]: CROP, 1626311168508768622, BMA, 12
<134>2021-07-15T01:06:11Z cache-itm18851 MEWElogs[322581]: CROP, 1626311170853612082, ITM, 12
<134>2021-07-15T01:06:15Z cache-cgh11183 MEWElogs[322581]: CROP, 1626311174085838987, CGH, 12
<134>2021-07-15T01:06:23Z cache-cgh11183 MEWElogs[322581]: CROP, 1626311182833701740, CGH, 12
<134>2021-07-15T01:07:05Z cache-tyo11974 MEWElogs[322581]: CROP, 1626311224680613226, TYO, 12
<134>2021-07-15T01:07:08Z cache-bma1628 MEWElogs[322581]: CROP, 1626311227878790530, BMA, 12
<134>2021-07-15T01:07:22Z cache-tyo11974 MEWElogs[322581]: CROP, 1626311241821578468, TYO, 12
<134>2021-07-15T01:07:40Z cache-sjc10078 MEWElogs[322581]: CROP, 1626311259767288623, SJC, 12
<134>2021-07-15T01:07:54Z cache-vie21629 MEWElogs[322581]: CROP, 1626311273014228048, VIE, 12
<134>2021-07-15T01:08:34Z cache-sea4483 MEWElogs[322581]: CROP, 1626311314491030782, SEA, 12
<134>2021-07-15T01:08:39Z cache-sea4483 MEWElogs[322581]: CROP, 1626311319181555333, SEA, 12
<134>2021-07-15T01:08:44Z cache-sea4483 MEWElogs[322581]: CROP, 1626311324542327289, SEA, 12
<134>2021-07-15T01:08:49Z cache-cgh11183 MEWElogs[322581]: CROP, 1626311329463092723, CGH, 12
