<134>2021-07-14T17:22:25Z cache-mad22068 MEWElogs[322581]: FLIPH, 1626283344403708456, MAD, -1
<134>2021-07-14T17:22:30Z cache-lhr7382 MEWElogs[322581]: FLIPH, 1626283349888722583, LHR, 10
<134>2021-07-14T17:22:31Z cache-hkg17929 MEWElogs[322581]: FLIPH, 1626283351257318830, HKG, -1
<134>2021-07-14T17:22:31Z cache-stp9226 MEWElogs[322581]: FLIPH, 1626283350925313972, STP, 10
<134>2021-07-14T17:22:48Z cache-mrs10583 MEWElogs[322581]: FLIPH, 1626283368443080314, MRS, -1
<134>2021-07-14T17:23:54Z cache-jax20933 MEWElogs[322581]: FLIPH, 1626283433432017324, JAX, 10
<134>2021-07-14T17:24:09Z cache-mci5951 MEWElogs[322581]: FLIPH, 1626283448195105384, MCI, -1
<134>2021-07-14T17:24:49Z cache-mad22068 MEWElogs[322581]: FLIPH, 1626283488602630791, MAD, -1
<134>2021-07-14T17:25:20Z cache-mad22068 MEWElogs[322581]: FLIPH, 1626283520305746570, MAD, 10
<134>2021-07-14T17:25:33Z cache-mrs10583 MEWElogs[322581]: FLIPH, 1626283532630889030, MRS, -1
<134>2021-07-14T17:25:57Z cache-mia11368 MEWElogs[322581]: FLIPH, 1626283556847779475, MIA, 10
<134>2021-07-14T17:26:00Z cache-mrs10583 MEWElogs[322581]: FLIPH, 1626283559554677223, MRS, 10
<134>2021-07-14T17:26:07Z cache-yul12826 MEWElogs[322581]: FLIPH, 1626283566660425662, YUL, 10
<134>2021-07-14T17:26:07Z cache-mia11368 MEWElogs[322581]: FLIPH, 1626283566984786001, MIA, 10
<134>2021-07-14T17:26:16Z cache-jax20933 MEWElogs[322581]: FLIPH, 1626283576634754149, JAX, 10
<134>2021-07-14T17:26:43Z cache-mia11368 MEWElogs[322581]: FLIPH, 1626283603797914739, MIA, -1
<134>2021-07-14T17:26:58Z cache-mia11368 MEWElogs[322581]: FLIPH, 1626283617487955531, MIA, 10
<134>2021-07-14T17:27:14Z cache-mad22068 MEWElogs[322581]: FLIPH, 1626283633519950842, MAD, -1
<134>2021-07-14T17:27:22Z cache-stp9226 MEWElogs[322581]: FLIPH, 1626283641760574959, STP, 10
<134>2021-07-14T17:27:48Z cache-lhr7382 MEWElogs[322581]: FLIPH, 1626283667287532692, LHR, -1
<134>2021-07-14T17:28:24Z cache-mad22068 MEWElogs[322581]: FLIPH, 1626283703209577423, MAD, 10
<134>2021-07-14T17:28:30Z cache-mad22068 MEWElogs[322581]: FLIPH, 1626283709534260859, MAD, -1
<134>2021-07-14T17:28:51Z cache-mad22068 MEWElogs[322581]: FLIPH, 1626283731153083084, MAD, 10
<134>2021-07-14T17:28:59Z cache-mia11368 MEWElogs[322581]: FLIPH, 1626283739425290821, MIA, 10
<134>2021-07-14T17:29:11Z cache-yul12826 MEWElogs[322581]: FLIPH, 1626283750599482526, YUL, 10
<134>2021-07-14T17:29:12Z cache-jax20933 MEWElogs[322581]: FLIPH, 1626283751969434072, JAX, -1
<134>2021-07-14T17:29:42Z cache-stp9226 MEWElogs[322581]: FLIPH, 1626283781840476160, STP, 10
<134>2021-07-14T17:29:43Z cache-lax10677 MEWElogs[322581]: FLIPH, 1626283783049740592, LGB, 10
<134>2021-07-14T17:29:53Z cache-lhr7382 MEWElogs[322581]: FLIPH, 1626283792665499221, LHR, 10
<134>2021-07-14T17:30:00Z cache-stp9226 MEWElogs[322581]: FLIPH, 1626283800209993864, STP, -1
<134>2021-07-14T17:30:04Z cache-mel11272 MEWElogs[322581]: FLIPH, 1626283803855814933, MEL, 10
<134>2021-07-14T17:30:12Z cache-jax20933 MEWElogs[322581]: FLIPH, 1626283811285139840, JAX, -1
<134>2021-07-14T17:30:15Z cache-man4150 MEWElogs[322581]: FLIPH, 1626283815283668501, MAN, -1
<134>2021-07-14T17:30:25Z cache-yul12826 MEWElogs[322581]: FLIPH, 1626283824635147437, YUL, 10
<134>2021-07-14T17:30:33Z cache-lax10677 MEWElogs[322581]: FLIPH, 1626283833031853911, LGB, 10
<134>2021-07-14T17:30:52Z cache-man4150 MEWElogs[322581]: FLIPH, 1626283851043743744, MAN, 10
<134>2021-07-14T17:31:00Z cache-jax20933 MEWElogs[322581]: FLIPH, 1626283859922989405, JAX, -1
<134>2021-07-14T17:31:20Z cache-lax10677 MEWElogs[322581]: FLIPH, 1626283880166196129, LGB, -1
<134>2021-07-14T17:31:22Z cache-mci5951 MEWElogs[322581]: FLIPH, 1626283882170784463, MCI, -1
<134>2021-07-14T17:31:32Z cache-man4150 MEWElogs[322581]: FLIPH, 1626283891794577782, MAN, 10
<134>2021-07-14T17:31:43Z cache-lax10677 MEWElogs[322581]: FLIPH, 1626283903244165388, LGB, 10
<134>2021-07-14T17:31:48Z cache-lga21983 MEWElogs[322581]: FLIPH, 1626283907768297810, LGA, 10
<134>2021-07-14T17:31:49Z cache-man4150 MEWElogs[322581]: FLIPH, 1626283908579987234, MAN, 10
