<134>2021-07-14T17:02:06Z cache-fra19177 MEWElogs[382896]: FLIPH, 1626282125552740320, FRA, -1
<134>2021-07-14T17:02:07Z cache-lcy19283 MEWElogs[382896]: FLIPH, 1626282126923275111, LCY, 10
<134>2021-07-14T17:02:10Z cache-iah17271 MEWElogs[382896]: FLIPH, 1626282129427984130, IAH, -1
<134>2021-07-14T17:02:13Z cache-cwb20520 MEWElogs[382896]: FLIPH, 1626282131992623920, CWB, -1
<134>2021-07-14T17:02:14Z cache-fra19177 MEWElogs[382896]: FLIPH, 1626282134335060412, FRA, -1
<134>2021-07-14T17:02:17Z cache-lon4249 MEWElogs[382896]: FLIPH, 1626282136318681993, LON, 10
<134>2021-07-14T17:02:18Z cache-lcy19283 MEWElogs[382896]: FLIPH, 1626282137225174531, LCY, 10
<134>2021-07-14T17:02:22Z cache-hhn4077 MEWElogs[382896]: FLIPH, 1626282142305694081, HHN, -1
<134>2021-07-14T17:02:29Z cache-lcy19283 MEWElogs[382896]: FLIPH, 1626282148169144043, LCY, 10
<134>2021-07-14T17:02:30Z cache-lon4249 MEWElogs[382896]: FLIPH, 1626282149901103954, LON, -1
<134>2021-07-14T17:02:32Z cache-fra19177 MEWElogs[382896]: FLIPH, 1626282152009849328, FRA, -1
<134>2021-07-14T17:02:34Z cache-hhn4077 MEWElogs[382896]: FLIPH, 1626282153487750663, HHN, -1
<134>2021-07-14T17:02:45Z cache-cwb20520 MEWElogs[382896]: FLIPH, 1626282163976004137, CWB, 10
<134>2021-07-14T17:02:53Z cache-fra19177 MEWElogs[382896]: FLIPH, 1626282173516399593, FRA, 10
<134>2021-07-14T17:03:12Z cache-jnb7027 MEWElogs[382896]: FLIPH, 1626282191023962393, JNB, -1
<134>2021-07-14T17:03:13Z cache-hhn4077 MEWElogs[382896]: FLIPH, 1626282192879430769, HHN, 10
<134>2021-07-14T17:03:14Z cache-lon4249 MEWElogs[382896]: FLIPH, 1626282193349926245, LON, 10
<134>2021-07-14T17:03:19Z cache-lcy19283 MEWElogs[382896]: FLIPH, 1626282198780175400, LCY, 10
<134>2021-07-14T17:03:21Z cache-jnb7027 MEWElogs[382896]: FLIPH, 1626282200779821870, JNB, -1
<134>2021-07-14T17:03:23Z cache-jnb7027 MEWElogs[382896]: FLIPH, 1626282203635436782, JNB, 10
<134>2021-07-14T17:03:25Z cache-cwb20520 MEWElogs[382896]: FLIPH, 1626282204053887408, CWB, 10
<134>2021-07-14T17:03:42Z cache-iah17271 MEWElogs[382896]: FLIPH, 1626282221253580320, IAH, 10
<134>2021-07-14T17:03:45Z cache-dal21283 MEWElogs[382896]: FLIPH, 1626282224074635453, DAL, -1
<134>2021-07-14T17:03:48Z cache-fra19177 MEWElogs[382896]: FLIPH, 1626282227677647429, FRA, 10
<134>2021-07-14T17:03:56Z cache-dal21283 MEWElogs[382896]: FLIPH, 1626282235236057198, DAL, -1
<134>2021-07-14T17:04:00Z cache-lcy19283 MEWElogs[382896]: FLIPH, 1626282239244016240, LCY, 10
<134>2021-07-14T17:04:11Z cache-iah17271 MEWElogs[382896]: FLIPH, 1626282250324089543, IAH, -1
<134>2021-07-14T17:04:24Z cache-cwb20520 MEWElogs[382896]: FLIPH, 1626282263447442541, CWB, 10
<134>2021-07-14T17:04:34Z cache-cwb20520 MEWElogs[382896]: FLIPH, 1626282273315774119, CWB, 10
<134>2021-07-14T17:04:34Z cache-fra19177 MEWElogs[382896]: FLIPH, 1626282274172502931, FRA, 10
<134>2021-07-14T17:04:40Z cache-jnb7027 MEWElogs[382896]: FLIPH, 1626282279369780359, JNB, -1
<134>2021-07-14T17:04:40Z cache-lon4249 MEWElogs[382896]: FLIPH, 1626282279561293135, LON, -1
<134>2021-07-14T17:04:44Z cache-fra19177 MEWElogs[382896]: FLIPH, 1626282283012146165, FRA, 10
<134>2021-07-14T17:04:44Z cache-den8274 MEWElogs[382896]: FLIPH, 1626282283557303862, DEN, -1
<134>2021-07-14T17:04:54Z cache-hhn4077 MEWElogs[382896]: FLIPH, 1626282293664863337, HHN, -1
<134>2021-07-14T17:04:56Z cache-lon4249 MEWElogs[382896]: FLIPH, 1626282296417138696, LON, -1
<134>2021-07-14T17:05:01Z cache-cwb20520 MEWElogs[382896]: FLIPH, 1626282300235826172, CWB, -1
<134>2021-07-14T17:05:17Z cache-hhn4077 MEWElogs[382896]: FLIPH, 1626282316684895831, HHN, -1
<134>2021-07-14T17:05:23Z cache-hel6829 MEWElogs[382896]: FLIPH, 1626282322710965183, HEL, -1
<134>2021-07-14T17:05:29Z cache-jnb7027 MEWElogs[382896]: FLIPH, 1626282329259886156, JNB, -1
<134>2021-07-14T17:05:37Z cache-lon4249 MEWElogs[382896]: FLIPH, 1626282337545387706, LON, -1
<134>2021-07-14T17:05:39Z cache-bur17583 MEWElogs[382896]: FLIPH, 1626282339742200357, BUR, -1
<134>2021-07-14T17:05:52Z cache-cwb20520 MEWElogs[382896]: FLIPH, 1626282351833248164, CWB, 10
<134>2021-07-14T17:06:04Z cache-dal21283 MEWElogs[382896]: FLIPH, 1626282364295696035, DAL, 10
<134>2021-07-14T17:06:26Z cache-hel6829 MEWElogs[382896]: FLIPH, 1626282385504453000, HEL, 10
<134>2021-07-14T17:06:41Z cache-cwb20520 MEWElogs[382896]: FLIPH, 1626282401338871855, CWB, 10
<134>2021-07-14T17:06:45Z cache-hel6829 MEWElogs[382896]: FLIPH, 1626282405099951184, HEL, 10
<134>2021-07-14T17:06:58Z cache-den8274 MEWElogs[382896]: FLIPH, 1626282417862158020, DEN, -1
<134>2021-07-14T17:07:05Z cache-fra19177 MEWElogs[382896]: FLIPH, 1626282424284086579, FRA, -1
<134>2021-07-14T17:07:11Z cache-jnb7027 MEWElogs[382896]: FLIPH, 1626282430293547788, JNB, 10
<134>2021-07-14T17:07:13Z cache-dal21283 MEWElogs[382896]: FLIPH, 1626282433256862021, DAL, 10
<134>2021-07-14T17:07:27Z cache-jnb7027 MEWElogs[382896]: FLIPH, 1626282447025281399, JNB, -1
<134>2021-07-14T17:07:29Z cache-den8274 MEWElogs[382896]: FLIPH, 1626282448052431896, DEN, 10
<134>2021-07-14T17:07:37Z cache-den8274 MEWElogs[382896]: FLIPH, 1626282456950009379, DEN, 10
<134>2021-07-14T17:07:47Z cache-jnb7027 MEWElogs[382896]: FLIPH, 1626282466792668242, JNB, -1
<134>2021-07-14T17:07:49Z cache-lon4249 MEWElogs[382896]: FLIPH, 1626282468777815229, LON, -1
<134>2021-07-14T17:07:50Z cache-fra19177 MEWElogs[382896]: FLIPH, 1626282470291050737, FRA, -1
<134>2021-07-14T17:07:52Z cache-lcy19283 MEWElogs[382896]: FLIPH, 1626282471464658182, LCY, 10
<134>2021-07-14T17:07:53Z cache-fra19177 MEWElogs[382896]: FLIPH, 1626282473406243879, FRA, 10
<134>2021-07-14T17:08:11Z cache-fra19177 MEWElogs[382896]: FLIPH, 1626282491519635419, FRA, 10
<134>2021-07-14T17:08:20Z cache-jnb7027 MEWElogs[382896]: FLIPH, 1626282498994174459, JNB, 10
<134>2021-07-14T17:08:32Z cache-lcy19283 MEWElogs[382896]: FLIPH, 1626282511856747561, LCY, 10
<134>2021-07-14T17:08:56Z cache-lon4249 MEWElogs[382896]: FLIPH, 1626282536425461894, LON, 10
<134>2021-07-14T17:09:19Z cache-jnb7027 MEWElogs[382896]: FLIPH, 1626282557946765076, JNB, 10
<134>2021-07-14T17:09:37Z cache-cwb20520 MEWElogs[382896]: FLIPH, 1626282576917157642, CWB, 10
<134>2021-07-14T17:09:39Z cache-lcy19283 MEWElogs[382896]: FLIPH, 1626282578637789097, LCY, -1
<134>2021-07-14T17:10:12Z cache-dal21283 MEWElogs[382896]: FLIPH, 1626282612126868430, DAL, -1
<134>2021-07-14T17:10:30Z cache-iah17271 MEWElogs[382896]: FLIPH, 1626282629898910158, IAH, -1
<134>2021-07-14T17:10:34Z cache-lon4249 MEWElogs[382896]: FLIPH, 1626282634222212253, LON, 10
<134>2021-07-14T17:10:43Z cache-bur17583 MEWElogs[382896]: FLIPH, 1626282642922491079, BUR, 10
<134>2021-07-14T17:10:52Z cache-iah17271 MEWElogs[382896]: FLIPH, 1626282651720859007, IAH, -1
<134>2021-07-14T17:11:00Z cache-fra19177 MEWElogs[382896]: FLIPH, 1626282659706210784, FRA, -1
<134>2021-07-14T17:11:01Z cache-hel6829 MEWElogs[382896]: FLIPH, 1626282660157650712, HEL, 10
<134>2021-07-14T17:11:06Z cache-jnb7027 MEWElogs[382896]: FLIPH, 1626282665230418465, JNB, 10
<134>2021-07-14T17:11:12Z cache-dal21283 MEWElogs[382896]: FLIPH, 1626282672193236885, DAL, 10
<134>2021-07-14T17:11:12Z cache-den8274 MEWElogs[382896]: FLIPH, 1626282671892243613, DEN, 10
<134>2021-07-14T17:11:13Z cache-cwb20520 MEWElogs[382896]: FLIPH, 1626282672386694412, CWB, -1
<134>2021-07-14T17:11:21Z cache-bur17583 MEWElogs[382896]: FLIPH, 1626282680731714438, BUR, -1
<134>2021-07-14T17:11:30Z cache-den8274 MEWElogs[382896]: FLIPH, 1626282689300789948, DEN, 10
<134>2021-07-14T17:11:30Z cache-lcy19283 MEWElogs[382896]: FLIPH, 1626282689396707814, LCY, -1
<134>2021-07-14T17:11:39Z cache-den8274 MEWElogs[382896]: FLIPH, 1626282698321461289, DEN, 10
<134>2021-07-14T17:11:39Z cache-fra19177 MEWElogs[382896]: FLIPH, 1626282698840406362, FRA, 10
<134>2021-07-14T17:11:55Z cache-bur17583 MEWElogs[382896]: FLIPH, 1626282714877357378, BUR, 10
<134>2021-07-14T17:12:04Z cache-jnb7027 MEWElogs[382896]: FLIPH, 1626282724127800845, JNB, 10
<134>2021-07-14T17:12:05Z cache-lon4249 MEWElogs[382896]: FLIPH, 1626282724560655551, LON, 10
