<134>2021-07-14T21:00:26Z cache-mdw17383 MEWElogs[216063]: BLUR, 1626296425920754779, MDW, 11
<134>2021-07-14T21:00:46Z cache-ord1740 MEWElogs[216063]: BLUR, 1626296445757973443, ORD, 11
<134>2021-07-14T21:00:58Z cache-dca17782 MEWElogs[216063]: BLUR, 1626296457287798773, DCA, 11
<134>2021-07-14T21:01:42Z cache-ams21020 MEWElogs[216063]: BLUR, 1626296501802837551, AMS, 11
<134>2021-07-14T21:02:08Z cache-maa10251 MEWElogs[216063]: BLUR, 1626296527790868147, MAA, 11
<134>2021-07-14T21:02:16Z cache-pdk17882 MEWElogs[216063]: BLUR, 1626296536016134734, PDK, 11
<134>2021-07-14T21:02:34Z cache-dca17782 MEWElogs[216063]: BLUR, 1626296553836949188, DCA, 11
<134>2021-07-14T21:02:51Z cache-eze19324 MEWElogs[216063]: BLUR, 1626296570170645174, EZE, 11
<134>2021-07-14T21:03:54Z cache-ams21020 MEWElogs[216063]: BLUR, 1626296634131052175, AMS, 11
<134>2021-07-14T21:03:57Z cache-ord1740 MEWElogs[216063]: BLUR, 1626296636084091724, ORD, 11
<134>2021-07-14T21:04:04Z cache-pdk17882 MEWElogs[216063]: BLUR, 1626296644393355096, PDK, 11
<134>2021-07-14T21:04:08Z cache-bog6425 MEWElogs[216063]: BLUR, 1626296647873966479, BOG, 11
<134>2021-07-14T21:04:29Z cache-ord1740 MEWElogs[216063]: BLUR, 1626296668013617204, ORD, 11
<134>2021-07-14T21:05:14Z cache-bog6425 MEWElogs[216063]: BLUR, 1626296713814595568, BOG, 11
<134>2021-07-14T21:08:12Z cache-maa10251 MEWElogs[216063]: BLUR, 1626296891432247452, MAA, 11
<134>2021-07-14T21:09:04Z cache-eze19324 MEWElogs[216063]: BLUR, 1626296943532298083, EZE, 11
<134>2021-07-14T21:09:14Z cache-ord1740 MEWElogs[216063]: BLUR, 1626296953088271103, ORD, 11
<134>2021-07-14T21:09:38Z cache-mdw17383 MEWElogs[216063]: BLUR, 1626296977673920489, MDW, 11
<134>2021-07-14T21:09:45Z cache-pdk17882 MEWElogs[216063]: BLUR, 1626296985854590347, PDK, 11
<134>2021-07-14T21:10:20Z cache-dca17782 MEWElogs[216063]: BLUR, 1626297019444246190, DCA, 11
