<134>2021-07-14T22:02:00Z cache-lon4249 MEWElogs[369035]: BLUR, 1626300120062742321, LON, 11
<134>2021-07-14T22:02:21Z cache-bur17583 MEWElogs[369035]: BLUR, 1626300141548504135, BUR, 11
<134>2021-07-14T22:02:24Z cache-jnb7027 MEWElogs[369035]: BLUR, 1626300144482224797, JNB, 11
<134>2021-07-14T22:02:39Z cache-bur17583 MEWElogs[369035]: BLUR, 1626300159306098296, BUR, 11
<134>2021-07-14T22:02:52Z cache-fra19177 MEWElogs[369035]: BLUR, 1626300172183717561, FRA, 11
<134>2021-07-14T22:02:56Z cache-jnb7027 MEWElogs[369035]: BLUR, 1626300175837682540, JNB, 11
<134>2021-07-14T22:03:11Z cache-lon4249 MEWElogs[369035]: BLUR, 1626300191321641918, LON, 11
<134>2021-07-14T22:03:12Z cache-jnb7027 MEWElogs[369035]: BLUR, 1626300191312679378, JNB, 11
<134>2021-07-14T22:04:22Z cache-fra19177 MEWElogs[369035]: BLUR, 1626300262112512117, FRA, 11
<134>2021-07-14T22:04:35Z cache-lon4249 MEWElogs[369035]: BLUR, 1626300275879587533, LON, 11
<134>2021-07-14T22:04:51Z cache-lon4249 MEWElogs[369035]: BLUR, 1626300290124272617, LON, 11
<134>2021-07-14T22:04:53Z cache-den8274 MEWElogs[369035]: BLUR, 1626300292780746205, DEN, 11
<134>2021-07-14T22:05:21Z cache-hel6829 MEWElogs[369035]: BLUR, 1626300320174898900, HEL, 11
<134>2021-07-14T22:05:50Z cache-fra19177 MEWElogs[369035]: BLUR, 1626300350082812209, FRA, 11
<134>2021-07-14T22:06:16Z cache-dal21283 MEWElogs[369035]: BLUR, 1626300375037836324, DAL, 11
<134>2021-07-14T22:06:27Z cache-hel6829 MEWElogs[369035]: BLUR, 1626300386688061678, HEL, 11
<134>2021-07-14T22:06:36Z cache-dal21283 MEWElogs[369035]: BLUR, 1626300395566476932, DAL, 11
<134>2021-07-14T22:07:08Z cache-jnb7027 MEWElogs[369035]: BLUR, 1626300427488145743, JNB, 11
<134>2021-07-14T22:07:16Z cache-cwb20520 MEWElogs[369035]: BLUR, 1626300436231345928, CWB, 11
<134>2021-07-14T22:07:26Z cache-den8274 MEWElogs[369035]: BLUR, 1626300445676564560, DEN, 11
<134>2021-07-14T22:09:09Z cache-lcy19283 MEWElogs[369035]: BLUR, 1626300548806473850, LCY, 11
<134>2021-07-14T22:09:23Z cache-mad22068 MEWElogs[369035]: BLUR, 1626300562239874359, MAD, 11
<134>2021-07-14T22:09:52Z cache-bur17583 MEWElogs[369035]: BLUR, 1626300592041892305, BUR, 11
<134>2021-07-14T22:11:38Z cache-mrs10583 MEWElogs[369035]: BLUR, 1626300697091956750, MRS, 11
<134>2021-07-14T22:11:48Z cache-mci5951 MEWElogs[369035]: BLUR, 1626300708071467830, MCI, 11
