<134>2021-07-14T17:24:08Z cache-hkg17929 MEWElogs[326955]: FLIPH, 1626283447928048210, HKG, 10
<134>2021-07-14T17:24:28Z cache-mrs10583 MEWElogs[326955]: FLIPH, 1626283467938143547, MRS, -1
<134>2021-07-14T17:24:53Z cache-mia11368 MEWElogs[326955]: FLIPH, 1626283492310688142, MIA, -1
<134>2021-07-14T17:24:55Z cache-mia11368 MEWElogs[326955]: FLIPH, 1626283495506291023, MIA, 10
<134>2021-07-14T17:25:08Z cache-mad22068 MEWElogs[326955]: FLIPH, 1626283507405882175, MAD, -1
<134>2021-07-14T17:25:13Z cache-lax10677 MEWElogs[326955]: FLIPH, 1626283512922396712, LGB, -1
<134>2021-07-14T17:25:25Z cache-mrs10583 MEWElogs[326955]: FLIPH, 1626283524562491922, MRS, -1
<134>2021-07-14T17:25:30Z cache-mci5951 MEWElogs[326955]: FLIPH, 1626283529697105056, MCI, -1
<134>2021-07-14T17:25:44Z cache-mia11368 MEWElogs[326955]: FLIPH, 1626283543364371821, MIA, -1
<134>2021-07-14T17:26:02Z cache-lhr7382 MEWElogs[326955]: FLIPH, 1626283561560249433, LHR, -1
<134>2021-07-14T17:26:04Z cache-yul12826 MEWElogs[326955]: FLIPH, 1626283563723136867, YUL, -1
<134>2021-07-14T17:26:13Z cache-mci5951 MEWElogs[326955]: FLIPH, 1626283572840132874, MCI, 10
<134>2021-07-14T17:26:23Z cache-mia11368 MEWElogs[326955]: FLIPH, 1626283583566880677, MIA, -1
<134>2021-07-14T17:26:29Z cache-mad22068 MEWElogs[326955]: FLIPH, 1626283589466854712, MAD, 10
<134>2021-07-14T17:26:53Z cache-jax20933 MEWElogs[326955]: FLIPH, 1626283612094942966, JAX, 10
<134>2021-07-14T17:26:59Z cache-mci5951 MEWElogs[326955]: FLIPH, 1626283619528582090, MCI, -1
<134>2021-07-14T17:27:16Z cache-lax10677 MEWElogs[326955]: FLIPH, 1626283635646403582, LGB, 10
<134>2021-07-14T17:27:23Z cache-lax10677 MEWElogs[326955]: FLIPH, 1626283642589312689, LGB, -1
<134>2021-07-14T17:27:29Z cache-jax20933 MEWElogs[326955]: FLIPH, 1626283648143873963, JAX, 10
<134>2021-07-14T17:27:50Z cache-mci5951 MEWElogs[326955]: FLIPH, 1626283669785529905, MCI, -1
<134>2021-07-14T17:27:55Z cache-mia11368 MEWElogs[326955]: FLIPH, 1626283675133752497, MIA, -1
<134>2021-07-14T17:28:14Z cache-mrs10583 MEWElogs[326955]: FLIPH, 1626283694456630992, MRS, -1
<134>2021-07-14T17:28:27Z cache-stp9226 MEWElogs[326955]: FLIPH, 1626283706325114388, STP, 10
<134>2021-07-14T17:29:06Z cache-mad22068 MEWElogs[326955]: FLIPH, 1626283746296508834, MAD, -1
<134>2021-07-14T17:29:19Z cache-man4150 MEWElogs[326955]: FLIPH, 1626283758950753807, MAN, 10
<134>2021-07-14T17:29:27Z cache-stp9226 MEWElogs[326955]: FLIPH, 1626283767678079448, STP, -1
<134>2021-07-14T17:29:35Z cache-mel11272 MEWElogs[326955]: FLIPH, 1626283774113298272, MEL, 10
<134>2021-07-14T17:29:47Z cache-yul12826 MEWElogs[326955]: FLIPH, 1626283787490473035, YUL, 10
<134>2021-07-14T17:30:14Z cache-mci5951 MEWElogs[326955]: FLIPH, 1626283814539478467, MCI, 10
<134>2021-07-14T17:30:52Z cache-mel11272 MEWElogs[326955]: FLIPH, 1626283851703965772, MEL, -1
<134>2021-07-14T17:30:58Z cache-mia11368 MEWElogs[326955]: FLIPH, 1626283857988243798, MIA, -1
<134>2021-07-14T17:31:13Z cache-man4150 MEWElogs[326955]: FLIPH, 1626283872846779395, MAN, -1
<134>2021-07-14T17:31:23Z cache-lax10677 MEWElogs[326955]: FLIPH, 1626283883252055875, LGB, 10
<134>2021-07-14T17:31:39Z cache-lga21983 MEWElogs[326955]: FLIPH, 1626283898016056083, LGA, 10
<134>2021-07-14T17:31:42Z cache-mia11368 MEWElogs[326955]: FLIPH, 1626283901707457946, MIA, 10
<134>2021-07-14T17:31:59Z cache-mia11368 MEWElogs[326955]: FLIPH, 1626283918737829055, MIA, -1
<134>2021-07-14T17:32:22Z cache-yul12826 MEWElogs[326955]: FLIPH, 1626283942033333413, YUL, -1
<134>2021-07-14T17:32:23Z cache-osl6529 MEWElogs[326955]: FLIPH, 1626283943010008959, OSL, 10
<134>2021-07-14T17:32:40Z cache-ewr18156 MEWElogs[326955]: FLIPH, 1626283959630915229, EWR, 10
<134>2021-07-14T17:32:48Z cache-osl6529 MEWElogs[326955]: FLIPH, 1626283967839648520, OSL, -1
<134>2021-07-14T17:32:53Z cache-mia11368 MEWElogs[326955]: FLIPH, 1626283972302746125, MIA, 10
<134>2021-07-14T17:32:55Z cache-stp9226 MEWElogs[326955]: FLIPH, 1626283974662452328, STP, -1
<134>2021-07-14T17:33:26Z cache-ewr18156 MEWElogs[326955]: FLIPH, 1626284005387027255, EWR, 10
