<134>2021-07-14T17:22:02Z cache-mia11368 MEWElogs[503012]: FLIPH, 1626283322299775659, MIA, -1
<134>2021-07-14T17:22:03Z cache-bur17583 MEWElogs[503012]: FLIPH, 1626283323659813699, BUR, -1
<134>2021-07-14T17:22:07Z cache-mrs10583 MEWElogs[503012]: FLIPH, 1626283326558086627, MRS, -1
<134>2021-07-14T17:22:09Z cache-hkg17929 MEWElogs[503012]: FLIPH, 1626283328585287643, HKG, -1
<134>2021-07-14T17:22:41Z cache-bur17583 MEWElogs[503012]: FLIPH, 1626283360352652198, BUR, 10
<134>2021-07-14T17:22:52Z cache-stp9226 MEWElogs[503012]: FLIPH, 1626283371573091676, STP, -1
<134>2021-07-14T17:22:53Z cache-mad22068 MEWElogs[503012]: FLIPH, 1626283373104847846, MAD, -1
<134>2021-07-14T17:22:57Z cache-mci5951 MEWElogs[503012]: FLIPH, 1626283376517625129, MCI, 10
<134>2021-07-14T17:23:17Z cache-jax20933 MEWElogs[503012]: FLIPH, 1626283397092198534, JAX, 10
<134>2021-07-14T17:23:20Z cache-stp9226 MEWElogs[503012]: FLIPH, 1626283399616249282, STP, 10
<134>2021-07-14T17:23:42Z cache-mrs10583 MEWElogs[503012]: FLIPH, 1626283421713990624, MRS, 10
<134>2021-07-14T17:23:47Z cache-mrs10583 MEWElogs[503012]: FLIPH, 1626283427255468157, MRS, -1
<134>2021-07-14T17:24:02Z cache-stp9226 MEWElogs[503012]: FLIPH, 1626283442255804108, STP, -1
<134>2021-07-14T17:24:02Z cache-yul12826 MEWElogs[503012]: FLIPH, 1626283442373829202, YUL, -1
<134>2021-07-14T17:24:06Z cache-stp9226 MEWElogs[503012]: FLIPH, 1626283445668032063, STP, 10
<134>2021-07-14T17:24:15Z cache-mia11368 MEWElogs[503012]: FLIPH, 1626283454800303475, MIA, 10
<134>2021-07-14T17:24:15Z cache-yul12826 MEWElogs[503012]: FLIPH, 1626283455117376923, YUL, 10
<134>2021-07-14T17:24:22Z cache-mia11368 MEWElogs[503012]: FLIPH, 1626283461552510194, MIA, -1
<134>2021-07-14T17:24:30Z cache-yul12826 MEWElogs[503012]: FLIPH, 1626283470580047263, YUL, -1
<134>2021-07-14T17:24:34Z cache-lax10677 MEWElogs[503012]: FLIPH, 1626283473381914808, LGB, -1
<134>2021-07-14T17:24:40Z cache-yul12826 MEWElogs[503012]: FLIPH, 1626283479983804271, YUL, -1
<134>2021-07-14T17:24:42Z cache-mia11368 MEWElogs[503012]: FLIPH, 1626283482069257785, MIA, -1
<134>2021-07-14T17:24:44Z cache-lax10677 MEWElogs[503012]: FLIPH, 1626283483482749560, LGB, -1
<134>2021-07-14T17:24:52Z cache-mci5951 MEWElogs[503012]: FLIPH, 1626283491735653171, MCI, 10
<134>2021-07-14T17:25:00Z cache-lhr7382 MEWElogs[503012]: FLIPH, 1626283499317430869, LHR, -1
<134>2021-07-14T17:25:01Z cache-jax20933 MEWElogs[503012]: FLIPH, 1626283500861089397, JAX, -1
<134>2021-07-14T17:25:02Z cache-hkg17929 MEWElogs[503012]: FLIPH, 1626283501661476075, HKG, 10
<134>2021-07-14T17:25:12Z cache-jax20933 MEWElogs[503012]: FLIPH, 1626283512833597206, JAX, -1
<134>2021-07-14T17:25:17Z cache-lhr7382 MEWElogs[503012]: FLIPH, 1626283517233213176, LHR, -1
<134>2021-07-14T17:25:20Z cache-mci5951 MEWElogs[503012]: FLIPH, 1626283519521956610, MCI, -1
<134>2021-07-14T17:25:23Z cache-lax10677 MEWElogs[503012]: FLIPH, 1626283522630890495, LGB, -1
<134>2021-07-14T17:25:33Z cache-mia11368 MEWElogs[503012]: FLIPH, 1626283532741787913, MIA, -1
<134>2021-07-14T17:25:36Z cache-yul12826 MEWElogs[503012]: FLIPH, 1626283536002344908, YUL, -1
<134>2021-07-14T17:25:37Z cache-jax20933 MEWElogs[503012]: FLIPH, 1626283537060647109, JAX, -1
<134>2021-07-14T17:25:42Z cache-lax10677 MEWElogs[503012]: FLIPH, 1626283542492817485, LGB, -1
<134>2021-07-14T17:25:45Z cache-lhr7382 MEWElogs[503012]: FLIPH, 1626283544345947086, LHR, -1
<134>2021-07-14T17:25:52Z cache-hkg17929 MEWElogs[503012]: FLIPH, 1626283552564572613, HKG, -1
<134>2021-07-14T17:25:53Z cache-lhr7382 MEWElogs[503012]: FLIPH, 1626283552905825453, LHR, -1
<134>2021-07-14T17:25:56Z cache-mad22068 MEWElogs[503012]: FLIPH, 1626283556622993056, MAD, -1
<134>2021-07-14T17:26:00Z cache-mad22068 MEWElogs[503012]: FLIPH, 1626283559942828500, MAD, 10
<134>2021-07-14T17:26:06Z cache-stp9226 MEWElogs[503012]: FLIPH, 1626283565673396143, STP, 10
<134>2021-07-14T17:26:30Z cache-mci5951 MEWElogs[503012]: FLIPH, 1626283589615537470, MCI, -1
<134>2021-07-14T17:26:45Z cache-lhr7382 MEWElogs[503012]: FLIPH, 1626283605126912730, LHR, -1
<134>2021-07-14T17:26:57Z cache-hkg17929 MEWElogs[503012]: FLIPH, 1626283617087540916, HKG, -1
<134>2021-07-14T17:27:02Z cache-lhr7382 MEWElogs[503012]: FLIPH, 1626283622795432889, LHR, -1
<134>2021-07-14T17:27:08Z cache-stp9226 MEWElogs[503012]: FLIPH, 1626283627135313862, STP, -1
<134>2021-07-14T17:27:18Z cache-mia11368 MEWElogs[503012]: FLIPH, 1626283637838317269, MIA, 10
<134>2021-07-14T17:27:33Z cache-stp9226 MEWElogs[503012]: FLIPH, 1626283652493647502, STP, 10
<134>2021-07-14T17:27:35Z cache-jax20933 MEWElogs[503012]: FLIPH, 1626283655748797001, JAX, -1
<134>2021-07-14T17:28:00Z cache-mci5951 MEWElogs[503012]: FLIPH, 1626283679788924043, MCI, -1
<134>2021-07-14T17:28:02Z cache-lax10677 MEWElogs[503012]: FLIPH, 1626283682212141506, LGB, -1
<134>2021-07-14T17:28:16Z cache-mia11368 MEWElogs[503012]: FLIPH, 1626283695260457852, MIA, -1
<134>2021-07-14T17:28:23Z cache-jax20933 MEWElogs[503012]: FLIPH, 1626283703282039239, JAX, -1
<134>2021-07-14T17:28:34Z cache-mci5951 MEWElogs[503012]: FLIPH, 1626283713565746218, MCI, 10
<134>2021-07-14T17:28:39Z cache-mia11368 MEWElogs[503012]: FLIPH, 1626283719078032044, MIA, 10
<134>2021-07-14T17:28:48Z cache-stp9226 MEWElogs[503012]: FLIPH, 1626283727906301700, STP, 10
<134>2021-07-14T17:29:00Z cache-jax20933 MEWElogs[503012]: FLIPH, 1626283739957146588, JAX, -1
<134>2021-07-14T17:29:02Z cache-yul12826 MEWElogs[503012]: FLIPH, 1626283741465708728, YUL, 10
<134>2021-07-14T17:29:17Z cache-jax20933 MEWElogs[503012]: FLIPH, 1626283756389972440, JAX, 10
<134>2021-07-14T17:29:21Z cache-stp9226 MEWElogs[503012]: FLIPH, 1626283760315539366, STP, 10
<134>2021-07-14T17:29:42Z cache-mci5951 MEWElogs[503012]: FLIPH, 1626283781294037005, MCI, -1
<134>2021-07-14T17:30:21Z cache-mci5951 MEWElogs[503012]: FLIPH, 1626283821551257505, MCI, -1
<134>2021-07-14T17:30:41Z cache-lax10677 MEWElogs[503012]: FLIPH, 1626283840084357084, LGB, -1
<134>2021-07-14T17:30:43Z cache-man4150 MEWElogs[503012]: FLIPH, 1626283843000949613, MAN, 10
<134>2021-07-14T17:30:48Z cache-stp9226 MEWElogs[503012]: FLIPH, 1626283847371727051, STP, 10
<134>2021-07-14T17:30:49Z cache-lga21983 MEWElogs[503012]: FLIPH, 1626283848646330103, LGA, 10
<134>2021-07-14T17:30:55Z cache-lga21983 MEWElogs[503012]: FLIPH, 1626283855233385902, LGA, -1
<134>2021-07-14T17:30:59Z cache-yul12826 MEWElogs[503012]: FLIPH, 1626283858760946348, YUL, -1
<134>2021-07-14T17:30:59Z cache-stp9226 MEWElogs[503012]: FLIPH, 1626283858801295430, STP, 10
<134>2021-07-14T17:31:08Z cache-mia11368 MEWElogs[503012]: FLIPH, 1626283868200212840, MIA, -1
<134>2021-07-14T17:31:10Z cache-stp9226 MEWElogs[503012]: FLIPH, 1626283869650220203, STP, 10
<134>2021-07-14T17:31:25Z cache-mel11272 MEWElogs[503012]: FLIPH, 1626283884820432801, MEL, 10
<134>2021-07-14T17:31:28Z cache-lga21983 MEWElogs[503012]: FLIPH, 1626283888032720872, LGA, 10
<134>2021-07-14T17:31:41Z cache-jax20933 MEWElogs[503012]: FLIPH, 1626283900468496883, JAX, 10
