<134>2021-07-15T01:22:27Z cache-bog6425 MEWElogs[308969]: GRAY, 1626312146874838289, BOG, 13
<134>2021-07-15T01:22:33Z cache-maa10251 MEWElogs[308969]: GRAY, 1626312152533363882, MAA, 13
<134>2021-07-15T01:22:35Z cache-ams21020 MEWElogs[308969]: GRAY, 1626312155009955541, AMS, 13
<134>2021-07-15T01:22:45Z cache-ams21020 MEWElogs[308969]: GRAY, 1626312164644406854, AMS, 13
<134>2021-07-15T01:22:57Z cache-pdk17882 MEWElogs[308969]: GRAY, 1626312177231292656, PDK, 13
<134>2021-07-15T01:23:07Z cache-dca17782 MEWElogs[308969]: GRAY, 1626312186882448518, DCA, 13
<134>2021-07-15T01:23:34Z cache-bog6425 MEWElogs[308969]: GRAY, 1626312213852994769, BOG, 13
<134>2021-07-15T01:23:38Z cache-maa10251 MEWElogs[308969]: GRAY, 1626312217418903520, MAA, 13
<134>2021-07-15T01:23:39Z cache-pdk17882 MEWElogs[308969]: GRAY, 1626312219565777659, PDK, 13
<134>2021-07-15T01:23:41Z cache-cmh21547 MEWElogs[308969]: GRAY, 1626312221323654235, CMH, 13
<134>2021-07-15T01:25:29Z cache-ams21020 MEWElogs[308969]: GRAY, 1626312328040631625, AMS, 13
<134>2021-07-15T01:26:04Z cache-pdk17882 MEWElogs[308969]: GRAY, 1626312363907882849, PDK, 13
<134>2021-07-15T01:26:36Z cache-ams21020 MEWElogs[308969]: GRAY, 1626312395784833346, AMS, 13
<134>2021-07-15T01:26:50Z cache-mdw17383 MEWElogs[308969]: GRAY, 1626312410536291983, MDW, 13
<134>2021-07-15T01:27:03Z cache-pdk17882 MEWElogs[308969]: GRAY, 1626312422533522495, PDK, 13
<134>2021-07-15T01:27:19Z cache-ams21020 MEWElogs[308969]: GRAY, 1626312438674465190, AMS, 13
<134>2021-07-15T01:27:23Z cache-maa10251 MEWElogs[308969]: GRAY, 1626312441971924109, MAA, 13
<134>2021-07-15T01:27:29Z cache-mdw17383 MEWElogs[308969]: GRAY, 1626312448409783896, MDW, 13
<134>2021-07-15T01:27:39Z cache-cmh21547 MEWElogs[308969]: GRAY, 1626312458166779512, CMH, 13
<134>2021-07-15T01:27:46Z cache-cmh21547 MEWElogs[308969]: GRAY, 1626312465630202249, CMH, 13
<134>2021-07-15T01:28:08Z cache-bog6425 MEWElogs[308969]: GRAY, 1626312487545892492, BOG, 13
<134>2021-07-15T01:28:16Z cache-maa10251 MEWElogs[308969]: GRAY, 1626312495848501071, MAA, 13
<134>2021-07-15T01:28:24Z cache-cmh21547 MEWElogs[308969]: GRAY, 1626312504488824586, CMH, 13
<134>2021-07-15T01:28:59Z cache-mdw17383 MEWElogs[308969]: GRAY, 1626312539591393744, MDW, 13
<134>2021-07-15T01:29:21Z cache-bog6425 MEWElogs[308969]: GRAY, 1626312560946404305, BOG, 13
<134>2021-07-15T01:29:25Z cache-pdk17882 MEWElogs[308969]: GRAY, 1626312565199174796, PDK, 13
<134>2021-07-15T01:29:40Z cache-ord1740 MEWElogs[308969]: GRAY, 1626312579051564036, ORD, 13
<134>2021-07-15T01:30:08Z cache-maa10251 MEWElogs[308969]: GRAY, 1626312607778458762, MAA, 13
<134>2021-07-15T01:30:12Z cache-eze19324 MEWElogs[308969]: GRAY, 1626312611478101050, EZE, 13
<134>2021-07-15T01:30:25Z cache-dca17782 MEWElogs[308969]: GRAY, 1626312624820489840, DCA, 13
<134>2021-07-15T01:30:25Z cache-ord1740 MEWElogs[308969]: GRAY, 1626312624506952429, ORD, 13
<134>2021-07-15T01:30:46Z cache-wdc5583 MEWElogs[308969]: GRAY, 1626312645658069634, WDC, 13
<134>2021-07-15T01:31:34Z cache-cph20625 MEWElogs[308969]: GRAY, 1626312693430932542, CPH, 13
<134>2021-07-15T01:31:46Z cache-dca17782 MEWElogs[308969]: GRAY, 1626312706532495450, DCA, 13
<134>2021-07-15T01:31:48Z cache-dfw18678 MEWElogs[308969]: GRAY, 1626312707474932814, DFW, 13
<134>2021-07-15T01:31:53Z cache-bog6425 MEWElogs[308969]: GRAY, 1626312713739562256, BOG, 13
<134>2021-07-15T01:32:07Z cache-bog6425 MEWElogs[308969]: GRAY, 1626312727270666205, BOG, 13
