<134>2021-07-14T16:32:19Z cache-mdw17383 MEWElogs[39982]: FLIPH, 1626280339043885975, MDW, -1
<134>2021-07-14T16:32:29Z cache-eze19324 MEWElogs[39982]: FLIPH, 1626280348841198594, EZE, -1
<134>2021-07-14T16:32:33Z cache-mdw17383 MEWElogs[39982]: FLIPH, 1626280353145420780, MDW, 10
<134>2021-07-14T16:32:36Z cache-pdk17882 MEWElogs[39982]: FLIPH, 1626280356293853421, PDK, 10
<134>2021-07-14T16:32:43Z cache-ord1740 MEWElogs[39982]: FLIPH, 1626280363308812689, ORD, -1
<134>2021-07-14T16:32:44Z cache-mdw17383 MEWElogs[39982]: FLIPH, 1626280364155287831, MDW, 10
<134>2021-07-14T16:32:47Z cache-dca17782 MEWElogs[39982]: FLIPH, 1626280366970480882, DCA, 10
<134>2021-07-14T16:32:48Z cache-cmh21547 MEWElogs[39982]: FLIPH, 1626280367691005167, CMH, -1
<134>2021-07-14T16:33:21Z cache-eze19324 MEWElogs[39982]: FLIPH, 1626280400516495641, EZE, 10
<134>2021-07-14T16:34:09Z cache-mdw17383 MEWElogs[39982]: FLIPH, 1626280449687639101, MDW, -1
<134>2021-07-14T16:34:15Z cache-cmh21547 MEWElogs[39982]: FLIPH, 1626280454801548306, CMH, -1
<134>2021-07-14T16:35:00Z cache-pdk17882 MEWElogs[39982]: FLIPH, 1626280499107591435, PDK, -1
<134>2021-07-14T16:35:04Z cache-maa10251 MEWElogs[39982]: FLIPH, 1626280503309386529, MAA, -1
<134>2021-07-14T16:35:13Z cache-maa10251 MEWElogs[39982]: FLIPH, 1626280513429346485, MAA, -1
<134>2021-07-14T16:35:15Z cache-dca17782 MEWElogs[39982]: FLIPH, 1626280515587063465, DCA, -1
<134>2021-07-14T16:35:17Z cache-pdk17882 MEWElogs[39982]: FLIPH, 1626280517175831317, PDK, -1
<134>2021-07-14T16:35:22Z cache-bog6425 MEWElogs[39982]: FLIPH, 1626280521708171831, BOG, 10
<134>2021-07-14T16:35:25Z cache-cmh21547 MEWElogs[39982]: FLIPH, 1626280524709722344, CMH, 10
<134>2021-07-14T16:35:30Z cache-wdc5583 MEWElogs[39982]: FLIPH, 1626280530155061641, WDC, -1
<134>2021-07-14T16:35:37Z cache-dca17782 MEWElogs[39982]: FLIPH, 1626280537250341961, DCA, 10
<134>2021-07-14T16:35:38Z cache-pdk17882 MEWElogs[39982]: FLIPH, 1626280538096911938, PDK, 10
<134>2021-07-14T16:35:42Z cache-mdw17383 MEWElogs[39982]: FLIPH, 1626280542132205820, MDW, 10
<134>2021-07-14T16:36:02Z cache-dca17782 MEWElogs[39982]: FLIPH, 1626280562190404110, DCA, -1
<134>2021-07-14T16:36:37Z cache-mdw17383 MEWElogs[39982]: FLIPH, 1626280596908223401, MDW, 10
<134>2021-07-14T16:36:40Z cache-ams21020 MEWElogs[39982]: FLIPH, 1626280599370124691, AMS, 10
<134>2021-07-14T16:36:40Z cache-eze19324 MEWElogs[39982]: FLIPH, 1626280600264431115, EZE, 10
<134>2021-07-14T16:36:45Z cache-maa10251 MEWElogs[39982]: FLIPH, 1626280604565973282, MAA, 10
<134>2021-07-14T16:37:12Z cache-ams21020 MEWElogs[39982]: FLIPH, 1626280631187509847, AMS, -1
<134>2021-07-14T16:37:13Z cache-cmh21547 MEWElogs[39982]: FLIPH, 1626280633321830649, CMH, 10
<134>2021-07-14T16:37:22Z cache-wdc5583 MEWElogs[39982]: FLIPH, 1626280641554375202, WDC, -1
<134>2021-07-14T16:37:37Z cache-wdc5583 MEWElogs[39982]: FLIPH, 1626280656459051339, WDC, 10
<134>2021-07-14T16:37:43Z cache-cmh21547 MEWElogs[39982]: FLIPH, 1626280662185685737, CMH, -1
<134>2021-07-14T16:37:45Z cache-maa10251 MEWElogs[39982]: FLIPH, 1626280663954394969, MAA, 10
<134>2021-07-14T16:38:04Z cache-maa10251 MEWElogs[39982]: FLIPH, 1626280683243796490, MAA, 10
<134>2021-07-14T16:38:05Z cache-dca17782 MEWElogs[39982]: FLIPH, 1626280684660056097, DCA, -1
<134>2021-07-14T16:38:49Z cache-ams21020 MEWElogs[39982]: FLIPH, 1626280728390584719, AMS, 10
<134>2021-07-14T16:39:24Z cache-pdk17882 MEWElogs[39982]: FLIPH, 1626280763137498783, PDK, -1
<134>2021-07-14T16:39:30Z cache-mdw17383 MEWElogs[39982]: FLIPH, 1626280770297122384, MDW, -1
<134>2021-07-14T16:40:01Z cache-maa10251 MEWElogs[39982]: FLIPH, 1626280800334438838, MAA, 10
<134>2021-07-14T16:40:20Z cache-dca17782 MEWElogs[39982]: FLIPH, 1626280819612770472, DCA, 10
<134>2021-07-14T16:40:31Z cache-cmh21547 MEWElogs[39982]: FLIPH, 1626280830214761999, CMH, 10
<134>2021-07-14T16:40:37Z cache-eze19324 MEWElogs[39982]: FLIPH, 1626280836128679804, EZE, 10
<134>2021-07-14T16:40:51Z cache-mdw17383 MEWElogs[39982]: FLIPH, 1626280850497334028, MDW, 10
<134>2021-07-14T16:41:40Z cache-dca17782 MEWElogs[39982]: FLIPH, 1626280900501684788, DCA, -1
<134>2021-07-14T16:41:42Z cache-mdw17383 MEWElogs[39982]: FLIPH, 1626280902658488856, MDW, -1
<134>2021-07-14T16:41:43Z cache-eze19324 MEWElogs[39982]: FLIPH, 1626280903121900916, EZE, -1
<134>2021-07-14T16:42:09Z cache-mdw17383 MEWElogs[39982]: FLIPH, 1626280928921741642, MDW, 10
