<134>2021-07-15T07:33:06Z cache-ewr18156 MEWElogs[21956]: UNSH, 1626334385779894030, EWR, 16
<134>2021-07-15T07:33:08Z cache-man4150 MEWElogs[21956]: UNSH, 1626334387862659783, MAN, 16
<134>2021-07-15T07:33:43Z cache-ewr18156 MEWElogs[21956]: UNSH, 1626334422883613000, EWR, 16
<134>2021-07-15T07:33:46Z cache-bom4751 MEWElogs[21956]: UNSH, 1626334426371568507, BOM, 16
<134>2021-07-15T07:34:04Z cache-lax10677 MEWElogs[21956]: UNSH, 1626334443488948130, LGB, 16
<134>2021-07-15T07:34:06Z cache-jax20933 MEWElogs[21956]: UNSH, 1626334445709594760, JAX, 16
<134>2021-07-15T07:34:25Z cache-cdg20720 MEWElogs[21956]: UNSH, 1626334465575383537, CDG, 16
<134>2021-07-15T07:34:42Z cache-man4150 MEWElogs[21956]: UNSH, 1626334481673747755, MAN, 16
<134>2021-07-15T07:34:51Z cache-lga21983 MEWElogs[21956]: UNSH, 1626334490708928401, LGA, 16
<134>2021-07-15T07:35:10Z cache-lga21983 MEWElogs[21956]: UNSH, 1626334510076051773, LGA, 16
<134>2021-07-15T07:35:43Z cache-man4150 MEWElogs[21956]: UNSH, 1626334542748144204, MAN, 16
<134>2021-07-15T07:35:51Z cache-ewr18156 MEWElogs[21956]: UNSH, 1626334550894918567, EWR, 16
<134>2021-07-15T07:36:32Z cache-lga21983 MEWElogs[21956]: UNSH, 1626334591018180942, LGA, 16
<134>2021-07-15T07:37:01Z cache-lga21983 MEWElogs[21956]: UNSH, 1626334620640401081, LGA, 16
<134>2021-07-15T07:37:02Z cache-man4150 MEWElogs[21956]: UNSH, 1626334621445052866, MAN, 16
<134>2021-07-15T07:37:03Z cache-cdg20720 MEWElogs[21956]: UNSH, 1626334622963218313, CDG, 16
<134>2021-07-15T07:37:46Z cache-bom4751 MEWElogs[21956]: UNSH, 1626334665501730790, BOM, 16
<134>2021-07-15T07:37:51Z cache-osl6529 MEWElogs[21956]: UNSH, 1626334670595964601, OSL, 16
<134>2021-07-15T07:38:03Z cache-jax20933 MEWElogs[21956]: UNSH, 1626334682939957660, JAX, 16
<134>2021-07-15T07:38:18Z cache-osl6529 MEWElogs[21956]: UNSH, 1626334698007320945, OSL, 16
<134>2021-07-15T07:38:25Z cache-lga21983 MEWElogs[21956]: UNSH, 1626334704876231226, LGA, 16
<134>2021-07-15T07:38:37Z cache-jax20933 MEWElogs[21956]: UNSH, 1626334716102139626, JAX, 16
<134>2021-07-15T07:38:59Z cache-cdg20720 MEWElogs[21956]: UNSH, 1626334738859520931, CDG, 16
<134>2021-07-15T07:39:21Z cache-cdg20720 MEWElogs[21956]: UNSH, 1626334760500532715, CDG, 16
<134>2021-07-15T07:39:46Z cache-lax10677 MEWElogs[21956]: UNSH, 1626334785692565483, LGB, 16
<134>2021-07-15T07:39:58Z cache-man4150 MEWElogs[21956]: UNSH, 1626334797590606094, MAN, 16
<134>2021-07-15T07:40:43Z cache-osl6529 MEWElogs[21956]: UNSH, 1626334843735651058, OSL, 16
<134>2021-07-15T07:41:02Z cache-osl6529 MEWElogs[21956]: UNSH, 1626334861782107552, OSL, 16
<134>2021-07-15T07:41:08Z cache-cdg20720 MEWElogs[21956]: UNSH, 1626334868681364541, CDG, 16
<134>2021-07-15T07:41:50Z cache-mel11272 MEWElogs[21956]: UNSH, 1626334909605786422, MEL, 16
<134>2021-07-15T07:41:52Z cache-jax20933 MEWElogs[21956]: UNSH, 1626334911361958864, JAX, 16
<134>2021-07-15T07:41:56Z cache-bom4751 MEWElogs[21956]: UNSH, 1626334915104870738, BOM, 16
<134>2021-07-15T07:41:59Z cache-lhr7382 MEWElogs[21956]: UNSH, 1626334918527647857, LHR, 16
