<134>2021-07-15T04:26:44Z cache-akl10324 MEWElogs[21956]: ROTATE, 1626323204596972237, AKL, 15
<134>2021-07-15T04:27:08Z cache-fty21383 MEWElogs[21956]: ROTATE, 1626323227928132503, FTY, 15
<134>2021-07-15T04:27:20Z cache-hhn4077 MEWElogs[21956]: ROTATE, 1626323239829574947, HHN, 15
<134>2021-07-15T04:27:35Z cache-hhn4077 MEWElogs[21956]: ROTATE, 1626323255546328982, HHN, 15
<134>2021-07-15T04:27:47Z cache-akl10324 MEWElogs[21956]: ROTATE, 1626323267205914138, AKL, 15
<134>2021-07-15T04:27:48Z cache-chi21126 MEWElogs[21956]: ROTATE, 1626323267393712618, CHI, 15
<134>2021-07-15T04:27:49Z cache-pwk4920 MEWElogs[21956]: ROTATE, 1626323268408608629, PWK, 15
<134>2021-07-15T04:27:51Z cache-dub4329 MEWElogs[21956]: ROTATE, 1626323271073564357, DUB, 15
<134>2021-07-15T04:27:59Z cache-fty21383 MEWElogs[21956]: ROTATE, 1626323278590841358, FTY, 15
<134>2021-07-15T04:28:33Z cache-hhn4077 MEWElogs[21956]: ROTATE, 1626323312621888993, HHN, 15
<134>2021-07-15T04:28:34Z cache-bos4657 MEWElogs[21956]: ROTATE, 1626323313842796427, BOS, 15
<134>2021-07-15T04:28:39Z cache-del21735 MEWElogs[21956]: ROTATE, 1626323319288834613, DEL, 15
<134>2021-07-15T04:28:55Z cache-cwb20520 MEWElogs[21956]: ROTATE, 1626323333979929076, CWB, 15
<134>2021-07-15T04:29:06Z cache-hhn4077 MEWElogs[21956]: ROTATE, 1626323345255390902, HHN, 15
<134>2021-07-15T04:29:14Z cache-cwb20520 MEWElogs[21956]: ROTATE, 1626323353755011988, CWB, 15
<134>2021-07-15T04:29:22Z cache-hhn4077 MEWElogs[21956]: ROTATE, 1626323361466837912, HHN, 15
<134>2021-07-15T04:29:34Z cache-cwb20520 MEWElogs[21956]: ROTATE, 1626323373450484916, CWB, 15
<134>2021-07-15T04:29:38Z cache-hhn4077 MEWElogs[21956]: ROTATE, 1626323377579125171, HHN, 15
<134>2021-07-15T04:29:40Z cache-pwk4920 MEWElogs[21956]: ROTATE, 1626323380085398313, PWK, 15
<134>2021-07-15T04:29:54Z cache-hhn4077 MEWElogs[21956]: ROTATE, 1626323394169883139, HHN, 15
<134>2021-07-15T04:30:18Z cache-hhn4077 MEWElogs[21956]: ROTATE, 1626323418336101317, HHN, 15
<134>2021-07-15T04:30:29Z cache-del21735 MEWElogs[21956]: ROTATE, 1626323428749345186, DEL, 15
<134>2021-07-15T04:30:31Z cache-dfw18678 MEWElogs[21956]: ROTATE, 1626323430203022809, DFW, 15
<134>2021-07-15T04:30:46Z cache-fty21383 MEWElogs[21956]: ROTATE, 1626323445617962596, FTY, 15
<134>2021-07-15T04:32:02Z cache-fty21383 MEWElogs[21956]: ROTATE, 1626323521229099796, FTY, 15
<134>2021-07-15T04:32:03Z cache-cwb20520 MEWElogs[21956]: ROTATE, 1626323522796433744, CWB, 15
<134>2021-07-15T04:32:08Z cache-dub4329 MEWElogs[21956]: ROTATE, 1626323527774216842, DUB, 15
<134>2021-07-15T04:32:24Z cache-dub4329 MEWElogs[21956]: ROTATE, 1626323543248746757, DUB, 15
<134>2021-07-15T04:32:33Z cache-dfw18678 MEWElogs[21956]: ROTATE, 1626323552531314664, DFW, 15
<134>2021-07-15T04:32:43Z cache-fty21383 MEWElogs[21956]: ROTATE, 1626323562684327180, FTY, 15
<134>2021-07-15T04:32:48Z cache-hhn4077 MEWElogs[21956]: ROTATE, 1626323567238709705, HHN, 15
<134>2021-07-15T04:32:55Z cache-del21735 MEWElogs[21956]: ROTATE, 1626323574667315033, DEL, 15
<134>2021-07-15T04:33:26Z cache-chi21126 MEWElogs[21956]: ROTATE, 1626323606380316002, CHI, 15
<134>2021-07-15T04:33:46Z cache-chi21126 MEWElogs[21956]: ROTATE, 1626323626495510162, CHI, 15
<134>2021-07-15T04:33:58Z cache-del21735 MEWElogs[21956]: ROTATE, 1626323638090784166, DEL, 15
<134>2021-07-15T04:34:36Z cache-dub4329 MEWElogs[21956]: ROTATE, 1626323675183147488, DUB, 15
<134>2021-07-15T04:34:42Z cache-bos4657 MEWElogs[21956]: ROTATE, 1626323681266659562, BOS, 15
<134>2021-07-15T04:35:00Z cache-bos4657 MEWElogs[21956]: ROTATE, 1626323699204181723, BOS, 15
<134>2021-07-15T04:35:14Z cache-fty21383 MEWElogs[21956]: ROTATE, 1626323713507498049, FTY, 15
<134>2021-07-15T04:35:45Z cache-bos4657 MEWElogs[21956]: ROTATE, 1626323745404663819, BOS, 15
<134>2021-07-15T04:35:50Z cache-chi21126 MEWElogs[21956]: ROTATE, 1626323749589466087, CHI, 15
<134>2021-07-15T04:36:24Z cache-hhn4077 MEWElogs[21956]: ROTATE, 1626323784509243349, HHN, 15
<134>2021-07-15T04:36:36Z cache-pwk4920 MEWElogs[21956]: ROTATE, 1626323795471058542, PWK, 15
