<134>2021-07-15T04:59:10Z cache-mrs10583 MEWElogs[39982]: ROTATE, 1626325149569770043, MRS, 15
<134>2021-07-15T04:59:58Z cache-lga21983 MEWElogs[39982]: ROTATE, 1626325198059737620, LGA, 15
<134>2021-07-15T05:00:29Z cache-yul12826 MEWElogs[39982]: ROTATE, 1626325228337815643, YUL, 15
<134>2021-07-15T05:00:31Z cache-mci5951 MEWElogs[39982]: ROTATE, 1626325230481736003, MCI, 15
<134>2021-07-15T05:00:52Z cache-mrs10583 MEWElogs[39982]: ROTATE, 1626325251469019798, MRS, 15
<134>2021-07-15T05:01:10Z cache-ewr18156 MEWElogs[39982]: ROTATE, 1626325269329721233, EWR, 15
<134>2021-07-15T05:01:19Z cache-lhr7382 MEWElogs[39982]: ROTATE, 1626325278469344759, LHR, 15
<134>2021-07-15T05:01:28Z cache-hkg17929 MEWElogs[39982]: ROTATE, 1626325287606816439, HKG, 15
<134>2021-07-15T05:01:40Z cache-mrs10583 MEWElogs[39982]: ROTATE, 1626325299054390790, MRS, 15
<134>2021-07-15T05:02:21Z cache-lhr7382 MEWElogs[39982]: ROTATE, 1626325341423763148, LHR, 15
<134>2021-07-15T05:02:42Z cache-ewr18156 MEWElogs[39982]: ROTATE, 1626325361318835321, EWR, 15
<134>2021-07-15T05:02:57Z cache-man4150 MEWElogs[39982]: ROTATE, 1626325376726899883, MAN, 15
<134>2021-07-15T05:03:33Z cache-stp9226 MEWElogs[39982]: ROTATE, 1626325412303384837, STP, 15
<134>2021-07-15T05:03:45Z cache-lga21983 MEWElogs[39982]: ROTATE, 1626325424757442560, LGA, 15
<134>2021-07-15T05:03:54Z cache-lga21983 MEWElogs[39982]: ROTATE, 1626325433763672114, LGA, 15
<134>2021-07-15T05:03:55Z cache-mci5951 MEWElogs[39982]: ROTATE, 1626325435540386768, MCI, 15
<134>2021-07-15T05:04:21Z cache-lga21983 MEWElogs[39982]: ROTATE, 1626325460600282296, LGA, 15
<134>2021-07-15T05:05:24Z cache-lhr7382 MEWElogs[39982]: ROTATE, 1626325523350826313, LHR, 15
<134>2021-07-15T05:05:54Z cache-stp9226 MEWElogs[39982]: ROTATE, 1626325553350110985, STP, 15
<134>2021-07-15T05:06:03Z cache-osl6529 MEWElogs[39982]: ROTATE, 1626325562698855765, OSL, 15
<134>2021-07-15T05:06:31Z cache-ewr18156 MEWElogs[39982]: ROTATE, 1626325590802960420, EWR, 15
<134>2021-07-15T05:06:49Z cache-stp9226 MEWElogs[39982]: ROTATE, 1626325608542073529, STP, 15
<134>2021-07-15T05:06:51Z cache-mci5951 MEWElogs[39982]: ROTATE, 1626325610182513868, MCI, 15
<134>2021-07-15T05:06:58Z cache-man4150 MEWElogs[39982]: ROTATE, 1626325617661485856, MAN, 15
<134>2021-07-15T05:07:34Z cache-lax10677 MEWElogs[39982]: ROTATE, 1626325653864058083, LGB, 15
<134>2021-07-15T05:07:35Z cache-bom4751 MEWElogs[39982]: ROTATE, 1626325654475020981, BOM, 15
<134>2021-07-15T05:07:44Z cache-bom4751 MEWElogs[39982]: ROTATE, 1626325663731473871, BOM, 15
<134>2021-07-15T05:08:01Z cache-cdg20720 MEWElogs[39982]: ROTATE, 1626325680347716425, CDG, 15
<134>2021-07-15T05:08:31Z cache-bom4751 MEWElogs[39982]: ROTATE, 1626325710433928973, BOM, 15
<134>2021-07-15T05:08:44Z cache-mci5951 MEWElogs[39982]: ROTATE, 1626325724530562503, MCI, 15
<134>2021-07-15T05:08:50Z cache-ewr18156 MEWElogs[39982]: ROTATE, 1626325730328313219, EWR, 15
