<134>2021-07-14T16:21:57Z cache-dca17782 MEWElogs[308969]: FLIPH, 1626279716860362828, DCA, 10
<134>2021-07-14T16:22:10Z cache-wdc5583 MEWElogs[308969]: FLIPH, 1626279729575348471, WDC, 10
<134>2021-07-14T16:22:24Z cache-pdk17882 MEWElogs[308969]: FLIPH, 1626279743364549013, PDK, 10
<134>2021-07-14T16:27:00Z cache-pdk17882 MEWElogs[308969]: FLIPH, 1626280019859763431, PDK, 10
<134>2021-07-14T16:27:15Z cache-ord1740 MEWElogs[308969]: FLIPH, 1626280035621983420, ORD, -1
<134>2021-07-14T16:27:19Z cache-ord1740 MEWElogs[308969]: FLIPH, 1626280038326271785, ORD, 10
<134>2021-07-14T16:27:56Z cache-bog6425 MEWElogs[308969]: FLIPH, 1626280076211518808, BOG, -1
<134>2021-07-14T16:28:10Z cache-pdk17882 MEWElogs[308969]: FLIPH, 1626280090220694968, PDK, -1
<134>2021-07-14T16:28:15Z cache-ams21020 MEWElogs[308969]: FLIPH, 1626280094667782829, AMS, 10
<134>2021-07-14T16:28:25Z cache-mdw17383 MEWElogs[308969]: FLIPH, 1626280105723165506, MDW, -1
<134>2021-07-14T16:28:30Z cache-cmh21547 MEWElogs[308969]: FLIPH, 1626280109140097450, CMH, 10
<134>2021-07-14T16:29:32Z cache-ams21020 MEWElogs[308969]: FLIPH, 1626280171635940333, AMS, 10
<134>2021-07-14T16:29:34Z cache-wdc5583 MEWElogs[308969]: FLIPH, 1626280174404200430, WDC, -1
<134>2021-07-14T16:29:35Z cache-cmh21547 MEWElogs[308969]: FLIPH, 1626280174403845953, CMH, 10
<134>2021-07-14T16:30:07Z cache-ams21020 MEWElogs[308969]: FLIPH, 1626280206496707712, AMS, 10
<134>2021-07-14T16:30:17Z cache-bog6425 MEWElogs[308969]: FLIPH, 1626280216605732416, BOG, 10
<134>2021-07-14T16:30:19Z cache-cmh21547 MEWElogs[308969]: FLIPH, 1626280217964606361, CMH, 10
<134>2021-07-14T16:30:23Z cache-ams21020 MEWElogs[308969]: FLIPH, 1626280223411479140, AMS, 10
<134>2021-07-14T16:30:31Z cache-eze19324 MEWElogs[308969]: FLIPH, 1626280230316068177, EZE, -1
<134>2021-07-14T16:31:17Z cache-ord1740 MEWElogs[308969]: FLIPH, 1626280276017537807, ORD, 10
<134>2021-07-14T16:31:20Z cache-dca17782 MEWElogs[308969]: FLIPH, 1626280280097062473, DCA, -1
<134>2021-07-14T16:31:22Z cache-ord1740 MEWElogs[308969]: FLIPH, 1626280282209894662, ORD, -1
<134>2021-07-14T16:31:30Z cache-maa10251 MEWElogs[308969]: FLIPH, 1626280288968771753, MAA, 10
<134>2021-07-14T16:31:46Z cache-mdw17383 MEWElogs[308969]: FLIPH, 1626280305709365589, MDW, -1
<134>2021-07-14T16:31:54Z cache-ams21020 MEWElogs[308969]: FLIPH, 1626280314362169289, AMS, -1
<134>2021-07-14T16:31:55Z cache-wdc5583 MEWElogs[308969]: FLIPH, 1626280314379791440, WDC, 10
