<134>2021-07-15T07:33:48Z cache-mel11272 MEWElogs[39982]: UNSH, 1626334427774070032, MEL, 16
<134>2021-07-15T07:34:15Z cache-osl6529 MEWElogs[39982]: UNSH, 1626334454848893238, OSL, 16
<134>2021-07-15T07:34:29Z cache-jax20933 MEWElogs[39982]: UNSH, 1626334468016808784, JAX, 16
<134>2021-07-15T07:35:08Z cache-man4150 MEWElogs[39982]: UNSH, 1626334506902085179, MAN, 16
<134>2021-07-15T07:35:26Z cache-man4150 MEWElogs[39982]: UNSH, 1626334525060185291, MAN, 16
<134>2021-07-15T07:36:09Z cache-man4150 MEWElogs[39982]: UNSH, 1626334568606872378, MAN, 16
<134>2021-07-15T07:36:21Z cache-lga21983 MEWElogs[39982]: UNSH, 1626334580911180120, LGA, 16
<134>2021-07-15T07:36:23Z cache-cdg20720 MEWElogs[39982]: UNSH, 1626334583036018048, CDG, 16
<134>2021-07-15T07:36:30Z cache-osl6529 MEWElogs[39982]: UNSH, 1626334589624927298, OSL, 16
<134>2021-07-15T07:37:27Z cache-lhr7382 MEWElogs[39982]: UNSH, 1626334646352660341, LHR, 16
<134>2021-07-15T07:37:36Z cache-bom4751 MEWElogs[39982]: UNSH, 1626334655176537062, BOM, 16
<134>2021-07-15T07:38:10Z cache-lhr7382 MEWElogs[39982]: UNSH, 1626334689656161482, LHR, 16
<134>2021-07-15T07:39:38Z cache-bom4751 MEWElogs[39982]: UNSH, 1626334777632399380, BOM, 16
<134>2021-07-15T07:40:02Z cache-ewr18156 MEWElogs[39982]: UNSH, 1626334801575221131, EWR, 16
<134>2021-07-15T07:40:10Z cache-lhr7382 MEWElogs[39982]: UNSH, 1626334809812084906, LHR, 16
<134>2021-07-15T07:41:11Z cache-osl6529 MEWElogs[39982]: UNSH, 1626334870489760247, OSL, 16
<134>2021-07-15T07:41:56Z cache-osl6529 MEWElogs[39982]: UNSH, 1626334914932117613, OSL, 16
<134>2021-07-15T07:42:44Z cache-lhr7382 MEWElogs[39982]: UNSH, 1626334963745827823, LHR, 16
<134>2021-07-15T07:42:53Z cache-lax10677 MEWElogs[39982]: UNSH, 1626334972577650198, LGB, 16
<134>2021-07-15T07:43:12Z cache-lga21983 MEWElogs[39982]: UNSH, 1626334991974416807, LGA, 16
