<134>2021-07-14T17:23:08Z cache-mrs10583 MEWElogs[292213]: FLIPH, 1626283387684247846, MRS, 10
<134>2021-07-14T17:23:23Z cache-mia11368 MEWElogs[292213]: FLIPH, 1626283402616051181, MIA, 10
<134>2021-07-14T17:23:31Z cache-lhr7382 MEWElogs[292213]: FLIPH, 1626283410291183750, LHR, -1
<134>2021-07-14T17:23:50Z cache-jax20933 MEWElogs[292213]: FLIPH, 1626283428958353321, JAX, -1
<134>2021-07-14T17:23:55Z cache-stp9226 MEWElogs[292213]: FLIPH, 1626283434886277261, STP, 10
<134>2021-07-14T17:24:14Z cache-stp9226 MEWElogs[292213]: FLIPH, 1626283453040373046, STP, -1
<134>2021-07-14T17:24:18Z cache-lhr7382 MEWElogs[292213]: FLIPH, 1626283457832720565, LHR, 10
<134>2021-07-14T17:24:29Z cache-mci5951 MEWElogs[292213]: FLIPH, 1626283468233548301, MCI, -1
<134>2021-07-14T17:24:38Z cache-jax20933 MEWElogs[292213]: FLIPH, 1626283477441557597, JAX, -1
<134>2021-07-14T17:24:38Z cache-stp9226 MEWElogs[292213]: FLIPH, 1626283477961026846, STP, 10
<134>2021-07-14T17:24:48Z cache-hkg17929 MEWElogs[292213]: FLIPH, 1626283487815840094, HKG, -1
<134>2021-07-14T17:24:52Z cache-mrs10583 MEWElogs[292213]: FLIPH, 1626283492218311687, MRS, -1
<134>2021-07-14T17:25:02Z cache-mad22068 MEWElogs[292213]: FLIPH, 1626283501066990209, MAD, 10
<134>2021-07-14T17:25:31Z cache-hkg17929 MEWElogs[292213]: FLIPH, 1626283530881844425, HKG, -1
<134>2021-07-14T17:25:38Z cache-mad22068 MEWElogs[292213]: FLIPH, 1626283537352264263, MAD, -1
<134>2021-07-14T17:26:03Z cache-stp9226 MEWElogs[292213]: FLIPH, 1626283562203757601, STP, -1
<134>2021-07-14T17:26:08Z cache-mrs10583 MEWElogs[292213]: FLIPH, 1626283567605327379, MRS, 10
<134>2021-07-14T17:26:12Z cache-jax20933 MEWElogs[292213]: FLIPH, 1626283572290976916, JAX, -1
<134>2021-07-14T17:26:23Z cache-mci5951 MEWElogs[292213]: FLIPH, 1626283582772880045, MCI, 10
<134>2021-07-14T17:26:50Z cache-hkg17929 MEWElogs[292213]: FLIPH, 1626283609512627351, HKG, 10
<134>2021-07-14T17:27:20Z cache-yul12826 MEWElogs[292213]: FLIPH, 1626283640880167424, YUL, 10
<134>2021-07-14T17:27:43Z cache-lax10677 MEWElogs[292213]: FLIPH, 1626283662405333912, LGB, -1
<134>2021-07-14T17:27:56Z cache-lhr7382 MEWElogs[292213]: FLIPH, 1626283676160499419, LHR, -1
<134>2021-07-14T17:28:22Z cache-lax10677 MEWElogs[292213]: FLIPH, 1626283702056590688, LGB, -1
<134>2021-07-14T17:28:32Z cache-lhr7382 MEWElogs[292213]: FLIPH, 1626283711464807376, LHR, -1
<134>2021-07-14T17:28:35Z cache-yul12826 MEWElogs[292213]: FLIPH, 1626283714219299089, YUL, 10
<134>2021-07-14T17:28:35Z cache-hkg17929 MEWElogs[292213]: FLIPH, 1626283714247833616, HKG, -1
<134>2021-07-14T17:28:39Z cache-mad22068 MEWElogs[292213]: FLIPH, 1626283719296596967, MAD, -1
<134>2021-07-14T17:28:49Z cache-mia11368 MEWElogs[292213]: FLIPH, 1626283729201885101, MIA, 10
<134>2021-07-14T17:29:07Z cache-mrs10583 MEWElogs[292213]: FLIPH, 1626283746083482004, MRS, 10
<134>2021-07-14T17:29:11Z cache-mci5951 MEWElogs[292213]: FLIPH, 1626283750893948258, MCI, -1
<134>2021-07-14T17:29:16Z cache-man4150 MEWElogs[292213]: FLIPH, 1626283756053280370, MAN, -1
<134>2021-07-14T17:29:28Z cache-jax20933 MEWElogs[292213]: FLIPH, 1626283768269924915, JAX, 10
<134>2021-07-14T17:29:52Z cache-jax20933 MEWElogs[292213]: FLIPH, 1626283792021826359, JAX, 10
<134>2021-07-14T17:30:00Z cache-lax10677 MEWElogs[292213]: FLIPH, 1626283800355803856, LGB, -1
<134>2021-07-14T17:30:22Z cache-mel11272 MEWElogs[292213]: FLIPH, 1626283821360269737, MEL, -1
<134>2021-07-14T17:30:32Z cache-man4150 MEWElogs[292213]: FLIPH, 1626283831988522381, MAN, -1
<134>2021-07-14T17:30:53Z cache-lax10677 MEWElogs[292213]: FLIPH, 1626283853034560677, LGB, 10
<134>2021-07-14T17:31:05Z cache-man4150 MEWElogs[292213]: FLIPH, 1626283864886720416, MAN, -1
<134>2021-07-14T17:31:11Z cache-jax20933 MEWElogs[292213]: FLIPH, 1626283871861849786, JAX, -1
<134>2021-07-14T17:31:13Z cache-mel11272 MEWElogs[292213]: FLIPH, 1626283872089843162, MEL, -1
<134>2021-07-14T17:31:18Z cache-lga21983 MEWElogs[292213]: FLIPH, 1626283878032505906, LGA, 10
<134>2021-07-14T17:31:53Z cache-lax10677 MEWElogs[292213]: FLIPH, 1626283913137143634, LGB, 10
<134>2021-07-14T17:32:05Z cache-man4150 MEWElogs[292213]: FLIPH, 1626283924908093100, MAN, 10
<134>2021-07-14T17:32:18Z cache-lga21983 MEWElogs[292213]: FLIPH, 1626283937306435628, LGA, 10
<134>2021-07-14T17:32:18Z cache-ewr18156 MEWElogs[292213]: FLIPH, 1626283937603802659, EWR, -1
<134>2021-07-14T17:32:20Z cache-ewr18156 MEWElogs[292213]: FLIPH, 1626283940489148447, EWR, 10
<134>2021-07-14T17:32:24Z cache-lga21983 MEWElogs[292213]: FLIPH, 1626283943983222417, LGA, -1
