<134>2021-07-14T17:02:05Z cache-cwb20520 MEWElogs[21956]: FLIPH, 1626282124755091475, CWB, 10
<134>2021-07-14T17:02:13Z cache-lon4249 MEWElogs[21956]: FLIPH, 1626282133530014509, LON, -1
<134>2021-07-14T17:02:21Z cache-den8274 MEWElogs[21956]: FLIPH, 1626282140720685323, DEN, -1
<134>2021-07-14T17:02:38Z cache-lon4249 MEWElogs[21956]: FLIPH, 1626282158049476811, LON, -1
<134>2021-07-14T17:03:23Z cache-den8274 MEWElogs[21956]: FLIPH, 1626282203394108464, DEN, -1
<134>2021-07-14T17:03:26Z cache-lcy19283 MEWElogs[21956]: FLIPH, 1626282205474217811, LCY, -1
<134>2021-07-14T17:03:31Z cache-jnb7027 MEWElogs[21956]: FLIPH, 1626282210700903908, JNB, -1
<134>2021-07-14T17:03:40Z cache-hel6829 MEWElogs[21956]: FLIPH, 1626282218979788107, HEL, 10
<134>2021-07-14T17:03:46Z cache-lcy19283 MEWElogs[21956]: FLIPH, 1626282225534302107, LCY, -1
<134>2021-07-14T17:03:54Z cache-cwb20520 MEWElogs[21956]: FLIPH, 1626282233920037245, CWB, 10
<134>2021-07-14T17:03:55Z cache-hel6829 MEWElogs[21956]: FLIPH, 1626282234572784871, HEL, -1
<134>2021-07-14T17:03:59Z cache-den8274 MEWElogs[21956]: FLIPH, 1626282238874371176, DEN, -1
<134>2021-07-14T17:04:33Z cache-jnb7027 MEWElogs[21956]: FLIPH, 1626282272518579745, JNB, 10
<134>2021-07-14T17:04:35Z cache-lon4249 MEWElogs[21956]: FLIPH, 1626282274328075051, LON, 10
<134>2021-07-14T17:04:41Z cache-dal21283 MEWElogs[21956]: FLIPH, 1626282280496423685, DAL, -1
<134>2021-07-14T17:04:44Z cache-cwb20520 MEWElogs[21956]: FLIPH, 1626282283063499782, CWB, 10
<134>2021-07-14T17:04:46Z cache-hhn4077 MEWElogs[21956]: FLIPH, 1626282285639436850, HHN, 10
<134>2021-07-14T17:04:47Z cache-iah17271 MEWElogs[21956]: FLIPH, 1626282286924780570, IAH, 10
<134>2021-07-14T17:05:14Z cache-dal21283 MEWElogs[21956]: FLIPH, 1626282314376725298, DAL, -1
<134>2021-07-14T17:05:20Z cache-jnb7027 MEWElogs[21956]: FLIPH, 1626282319272238627, JNB, -1
<134>2021-07-14T17:05:36Z cache-fra19177 MEWElogs[21956]: FLIPH, 1626282336256815035, FRA, 10
<134>2021-07-14T17:05:37Z cache-dal21283 MEWElogs[21956]: FLIPH, 1626282337133328079, DAL, -1
<134>2021-07-14T17:05:40Z cache-cwb20520 MEWElogs[21956]: FLIPH, 1626282339571537401, CWB, -1
<134>2021-07-14T17:05:46Z cache-lon4249 MEWElogs[21956]: FLIPH, 1626282345684362830, LON, -1
<134>2021-07-14T17:06:13Z cache-lon4249 MEWElogs[21956]: FLIPH, 1626282373239649039, LON, 10
<134>2021-07-14T17:06:32Z cache-bur17583 MEWElogs[21956]: FLIPH, 1626282391821732098, BUR, -1
<134>2021-07-14T17:06:39Z cache-iah17271 MEWElogs[21956]: FLIPH, 1626282398760039999, IAH, 10
<134>2021-07-14T17:07:01Z cache-den8274 MEWElogs[21956]: FLIPH, 1626282420644224566, DEN, 10
<134>2021-07-14T17:07:01Z cache-cwb20520 MEWElogs[21956]: FLIPH, 1626282420824406005, CWB, 10
<134>2021-07-14T17:07:07Z cache-jnb7027 MEWElogs[21956]: FLIPH, 1626282427484504814, JNB, -1
<134>2021-07-14T17:07:08Z cache-lcy19283 MEWElogs[21956]: FLIPH, 1626282428028742979, LCY, -1
<134>2021-07-14T17:07:19Z cache-den8274 MEWElogs[21956]: FLIPH, 1626282439041268587, DEN, 10
<134>2021-07-14T17:07:37Z cache-bur17583 MEWElogs[21956]: FLIPH, 1626282457261080399, BUR, 10
<134>2021-07-14T17:07:45Z cache-bur17583 MEWElogs[21956]: FLIPH, 1626282464533661090, BUR, -1
<134>2021-07-14T17:07:55Z cache-den8274 MEWElogs[21956]: FLIPH, 1626282474854641153, DEN, 10
<134>2021-07-14T17:08:18Z cache-lcy19283 MEWElogs[21956]: FLIPH, 1626282498337951170, LCY, -1
<134>2021-07-14T17:08:26Z cache-bur17583 MEWElogs[21956]: FLIPH, 1626282505979719456, BUR, -1
<134>2021-07-14T17:08:29Z cache-jnb7027 MEWElogs[21956]: FLIPH, 1626282509081275181, JNB, 10
<134>2021-07-14T17:08:36Z cache-bur17583 MEWElogs[21956]: FLIPH, 1626282516248039487, BUR, -1
<134>2021-07-14T17:08:36Z cache-fra19177 MEWElogs[21956]: FLIPH, 1626282516165497308, FRA, -1
<134>2021-07-14T17:08:44Z cache-dal21283 MEWElogs[21956]: FLIPH, 1626282523568501892, DAL, 10
<134>2021-07-14T17:08:48Z cache-den8274 MEWElogs[21956]: FLIPH, 1626282528273361726, DEN, 10
<134>2021-07-14T17:09:03Z cache-dal21283 MEWElogs[21956]: FLIPH, 1626282542741620418, DAL, -1
<134>2021-07-14T17:09:41Z cache-dal21283 MEWElogs[21956]: FLIPH, 1626282580629276845, DAL, 10
<134>2021-07-14T17:09:42Z cache-fra19177 MEWElogs[21956]: FLIPH, 1626282581623107298, FRA, 10
<134>2021-07-14T17:09:57Z cache-den8274 MEWElogs[21956]: FLIPH, 1626282596627512943, DEN, -1
<134>2021-07-14T17:09:59Z cache-lon4249 MEWElogs[21956]: FLIPH, 1626282598814239983, LON, -1
<134>2021-07-14T17:10:13Z cache-bur17583 MEWElogs[21956]: FLIPH, 1626282612217917400, BUR, 10
<134>2021-07-14T17:10:15Z cache-lon4249 MEWElogs[21956]: FLIPH, 1626282615022693336, LON, -1
<134>2021-07-14T17:10:17Z cache-cwb20520 MEWElogs[21956]: FLIPH, 1626282616320762955, CWB, 10
<134>2021-07-14T17:10:17Z cache-fra19177 MEWElogs[21956]: FLIPH, 1626282616977402605, FRA, 10
<134>2021-07-14T17:10:29Z cache-lcy19283 MEWElogs[21956]: FLIPH, 1626282629039349224, LCY, -1
<134>2021-07-14T17:10:33Z cache-lcy19283 MEWElogs[21956]: FLIPH, 1626282632363900534, LCY, 10
<134>2021-07-14T17:10:34Z cache-den8274 MEWElogs[21956]: FLIPH, 1626282633989733393, DEN, -1
<134>2021-07-14T17:10:46Z cache-jnb7027 MEWElogs[21956]: FLIPH, 1626282645771467525, JNB, 10
<134>2021-07-14T17:10:49Z cache-lcy19283 MEWElogs[21956]: FLIPH, 1626282648983157842, LCY, -1
<134>2021-07-14T17:11:17Z cache-iah17271 MEWElogs[21956]: FLIPH, 1626282676548814599, IAH, 10
<134>2021-07-14T17:11:24Z cache-bur17583 MEWElogs[21956]: FLIPH, 1626282684023181909, BUR, 10
<134>2021-07-14T17:11:37Z cache-lon4249 MEWElogs[21956]: FLIPH, 1626282697007140711, LON, -1
<134>2021-07-14T17:11:39Z cache-iah17271 MEWElogs[21956]: FLIPH, 1626282698795966177, IAH, 10
<134>2021-07-14T17:11:40Z cache-lon4249 MEWElogs[21956]: FLIPH, 1626282699795697113, LON, 10
