<134>2021-07-14T18:04:03Z cache-pao17461 MEWElogs[318405]: FLIPH, 1626285842177055810, PAO, 10
<134>2021-07-14T18:04:07Z cache-sea4483 MEWElogs[318405]: FLIPH, 1626285846699416632, SEA, -1
<134>2021-07-14T18:04:24Z cache-pao17461 MEWElogs[318405]: FLIPH, 1626285863043230937, PAO, 10
<134>2021-07-14T18:04:25Z cache-tyo11974 MEWElogs[318405]: FLIPH, 1626285864498058216, TYO, 10
<134>2021-07-14T18:05:04Z cache-sjc10078 MEWElogs[318405]: FLIPH, 1626285904151768380, SJC, -1
<134>2021-07-14T18:05:05Z cache-cgh11183 MEWElogs[318405]: FLIPH, 1626285904160701117, CGH, -1
<134>2021-07-14T18:05:12Z cache-bma1628 MEWElogs[318405]: FLIPH, 1626285912238723527, BMA, 10
<134>2021-07-14T18:05:35Z cache-tyo11974 MEWElogs[318405]: FLIPH, 1626285934501112247, TYO, -1
<134>2021-07-14T18:06:00Z cache-bma1628 MEWElogs[318405]: FLIPH, 1626285959166057315, BMA, 10
<134>2021-07-14T18:06:06Z cache-bma1628 MEWElogs[318405]: FLIPH, 1626285965208624231, BMA, -1
<134>2021-07-14T18:06:09Z cache-cgh11122 MEWElogs[318405]: FLIPH, 1626285969176261820, CGH, 10
<134>2021-07-14T18:06:15Z cache-tyo11974 MEWElogs[318405]: FLIPH, 1626285973991383649, TYO, 10
<134>2021-07-14T18:06:19Z cache-sea4483 MEWElogs[318405]: FLIPH, 1626285978531884539, SEA, -1
<134>2021-07-14T18:06:51Z cache-cgh11122 MEWElogs[318405]: FLIPH, 1626286010099855843, CGH, 10
<134>2021-07-14T18:06:51Z cache-yyz4551 MEWElogs[318405]: FLIPH, 1626286011081148646, YYZ, 10
<134>2021-07-14T18:06:52Z cache-sea4483 MEWElogs[318405]: FLIPH, 1626286011788161983, SEA, -1
<134>2021-07-14T18:06:55Z cache-sea4483 MEWElogs[318405]: FLIPH, 1626286015126826263, SEA, 10
<134>2021-07-14T18:07:09Z cache-yyz4551 MEWElogs[318405]: FLIPH, 1626286029144730605, YYZ, 10
<134>2021-07-14T18:07:29Z cache-bma1628 MEWElogs[318405]: FLIPH, 1626286048821508411, BMA, -1
<134>2021-07-14T18:08:28Z cache-cgh11183 MEWElogs[318405]: FLIPH, 1626286107974545692, CGH, -1
<134>2021-07-14T18:08:41Z cache-cgh11183 MEWElogs[318405]: FLIPH, 1626286121170070064, CGH, 10
<134>2021-07-14T18:08:46Z cache-bma1628 MEWElogs[318405]: FLIPH, 1626286125868354683, BMA, 10
<134>2021-07-14T18:08:50Z cache-yyz4551 MEWElogs[318405]: FLIPH, 1626286130008760370, YYZ, 10
<134>2021-07-14T18:08:52Z cache-bma1628 MEWElogs[318405]: FLIPH, 1626286132026256309, BMA, -1
<134>2021-07-14T18:08:59Z cache-yyz4551 MEWElogs[318405]: FLIPH, 1626286139079976067, YYZ, 10
<134>2021-07-14T18:09:09Z cache-tyo11974 MEWElogs[318405]: FLIPH, 1626286148890715156, TYO, 10
<134>2021-07-14T18:09:27Z cache-sea4483 MEWElogs[318405]: FLIPH, 1626286167199675223, SEA, 10
<134>2021-07-14T18:09:32Z cache-bma1628 MEWElogs[318405]: FLIPH, 1626286171777365391, BMA, 10
<134>2021-07-14T18:11:54Z cache-yyz4551 MEWElogs[318405]: FLIPH, 1626286313708624875, YYZ, 10
<134>2021-07-14T18:12:08Z cache-bma1628 MEWElogs[318405]: FLIPH, 1626286327328125467, BMA, -1
<134>2021-07-14T18:12:24Z cache-vie21629 MEWElogs[318405]: FLIPH, 1626286344214564241, VIE, -1
<134>2021-07-14T18:12:37Z cache-yyz4551 MEWElogs[318405]: FLIPH, 1626286356299781806, YYZ, -1
<134>2021-07-14T18:12:38Z cache-cgh11183 MEWElogs[318405]: FLIPH, 1626286357449779692, CGH, -1
<134>2021-07-14T18:12:48Z cache-yyz4551 MEWElogs[318405]: FLIPH, 1626286368217798699, YYZ, 10
<134>2021-07-14T18:12:54Z cache-bma1628 MEWElogs[318405]: FLIPH, 1626286373700985851, BMA, -1
<134>2021-07-14T18:12:59Z cache-cgh11183 MEWElogs[318405]: FLIPH, 1626286378031834804, CGH, -1
<134>2021-07-14T18:13:06Z cache-yyz4551 MEWElogs[318405]: FLIPH, 1626286386253811714, YYZ, 10
<134>2021-07-14T18:13:55Z cache-vie21629 MEWElogs[318405]: FLIPH, 1626286434555413094, VIE, -1
