<134>2021-07-14T21:20:22Z cache-dfw18678 MEWElogs[369035]: BLUR, 1626297621861686556, DFW, 11
<134>2021-07-14T21:20:31Z cache-bos4657 MEWElogs[369035]: BLUR, 1626297631579528584, BOS, 11
<134>2021-07-14T21:20:45Z cache-chi21126 MEWElogs[369035]: BLUR, 1626297644788131513, CHI, 11
<134>2021-07-14T21:21:36Z cache-chi21126 MEWElogs[369035]: BLUR, 1626297695554330555, CHI, 11
<134>2021-07-14T21:22:38Z cache-hhn4077 MEWElogs[369035]: BLUR, 1626297757819621862, HHN, 11
<134>2021-07-14T21:22:40Z cache-bos4657 MEWElogs[369035]: BLUR, 1626297759764466596, BOS, 11
<134>2021-07-14T21:22:41Z cache-pwk4920 MEWElogs[369035]: BLUR, 1626297760591656125, PWK, 11
<134>2021-07-14T21:22:49Z cache-akl10324 MEWElogs[369035]: BLUR, 1626297768961668486, AKL, 11
<134>2021-07-14T21:23:06Z cache-akl10324 MEWElogs[369035]: BLUR, 1626297785613668396, AKL, 11
<134>2021-07-14T21:24:01Z cache-bos4657 MEWElogs[369035]: BLUR, 1626297840714126048, BOS, 11
<134>2021-07-14T21:24:15Z cache-dfw18678 MEWElogs[369035]: BLUR, 1626297854691702709, DFW, 11
<134>2021-07-14T21:24:16Z cache-bos4657 MEWElogs[369035]: BLUR, 1626297856641837752, BOS, 11
<134>2021-07-14T21:24:44Z cache-akl10324 MEWElogs[369035]: BLUR, 1626297883576794938, AKL, 11
<134>2021-07-14T21:26:26Z cache-cph20625 MEWElogs[369035]: BLUR, 1626297985058777773, CPH, 11
<134>2021-07-14T21:26:40Z cache-bos4657 MEWElogs[369035]: BLUR, 1626297999745020337, BOS, 11
<134>2021-07-14T21:27:09Z cache-dfw18678 MEWElogs[369035]: BLUR, 1626298029010739832, DFW, 11
<134>2021-07-14T21:27:17Z cache-chi21126 MEWElogs[369035]: BLUR, 1626298036803683965, CHI, 11
<134>2021-07-14T21:27:45Z cache-bos4657 MEWElogs[369035]: BLUR, 1626298064976834620, BOS, 11
<134>2021-07-14T21:27:56Z cache-dub4329 MEWElogs[369035]: BLUR, 1626298075292918372, DUB, 11
<134>2021-07-14T21:28:06Z cache-akl10324 MEWElogs[369035]: BLUR, 1626298085451457116, AKL, 11
<134>2021-07-14T21:28:21Z cache-del21735 MEWElogs[369035]: BLUR, 1626298100759952815, DEL, 11
<134>2021-07-14T21:28:48Z cache-pwk4920 MEWElogs[369035]: BLUR, 1626298128234057465, PWK, 11
<134>2021-07-14T21:29:24Z cache-pwk4920 MEWElogs[369035]: BLUR, 1626298163852533679, PWK, 11
