<134>2021-07-15T01:31:58Z cache-eze19324 MEWElogs[370074]: GRAY, 1626312717275579511, EZE, 13
<134>2021-07-15T01:32:21Z cache-cmh21547 MEWElogs[370074]: GRAY, 1626312740468309988, CMH, 13
<134>2021-07-15T01:33:05Z cache-bos4657 MEWElogs[370074]: GRAY, 1626312785097450306, BOS, 13
<134>2021-07-15T01:33:14Z cache-cmh21547 MEWElogs[370074]: GRAY, 1626312794455249863, CMH, 13
<134>2021-07-15T01:33:15Z cache-cph20625 MEWElogs[370074]: GRAY, 1626312794390914483, CPH, 13
<134>2021-07-15T01:33:37Z cache-cmh21547 MEWElogs[370074]: GRAY, 1626312816897359050, CMH, 13
<134>2021-07-15T01:33:40Z cache-fty21383 MEWElogs[370074]: GRAY, 1626312819738945643, FTY, 13
<134>2021-07-15T01:33:51Z cache-fty21383 MEWElogs[370074]: GRAY, 1626312830755924344, FTY, 13
<134>2021-07-15T01:34:36Z cache-dfw18678 MEWElogs[370074]: GRAY, 1626312875834054475, DFW, 13
<134>2021-07-15T01:34:52Z cache-chi21126 MEWElogs[370074]: GRAY, 1626312891242680162, CHI, 13
<134>2021-07-15T01:34:56Z cache-eze19324 MEWElogs[370074]: GRAY, 1626312895269934434, EZE, 13
<134>2021-07-15T01:35:00Z cache-fty21383 MEWElogs[370074]: GRAY, 1626312899475093726, FTY, 13
<134>2021-07-15T01:35:23Z cache-cph20625 MEWElogs[370074]: GRAY, 1626312921988252133, CPH, 13
<134>2021-07-15T01:35:25Z cache-pwk4920 MEWElogs[370074]: GRAY, 1626312924585019874, PWK, 13
<134>2021-07-15T01:35:59Z cache-fty21383 MEWElogs[370074]: GRAY, 1626312958492532031, FTY, 13
<134>2021-07-15T01:36:49Z cache-chi21126 MEWElogs[370074]: GRAY, 1626313009123280758, CHI, 13
<134>2021-07-15T01:36:51Z cache-del21735 MEWElogs[370074]: GRAY, 1626313010229821838, DEL, 13
<134>2021-07-15T01:37:13Z cache-fty21383 MEWElogs[370074]: GRAY, 1626313032548702941, FTY, 13
<134>2021-07-15T01:37:18Z cache-fty21383 MEWElogs[370074]: GRAY, 1626313037808290349, FTY, 13
<134>2021-07-15T01:37:33Z cache-dfw18678 MEWElogs[370074]: GRAY, 1626313052985772024, DFW, 13
<134>2021-07-15T01:37:34Z cache-pwk4920 MEWElogs[370074]: GRAY, 1626313054031526150, PWK, 13
<134>2021-07-15T01:38:05Z cache-dfw18678 MEWElogs[370074]: GRAY, 1626313084078846001, DFW, 13
<134>2021-07-15T01:38:06Z cache-hhn4077 MEWElogs[370074]: GRAY, 1626313085471932132, HHN, 13
<134>2021-07-15T01:38:11Z cache-fra19177 MEWElogs[370074]: GRAY, 1626313090251572267, FRA, 13
<134>2021-07-15T01:38:16Z cache-fra19177 MEWElogs[370074]: GRAY, 1626313095019093969, FRA, 13
<134>2021-07-15T01:38:49Z cache-fra19177 MEWElogs[370074]: GRAY, 1626313128002843876, FRA, 13
<134>2021-07-15T01:39:05Z cache-dfw18678 MEWElogs[370074]: GRAY, 1626313144470373145, DFW, 13
<134>2021-07-15T01:39:21Z cache-dfw18678 MEWElogs[370074]: GRAY, 1626313160030438366, DFW, 13
<134>2021-07-15T01:39:29Z cache-bos4657 MEWElogs[370074]: GRAY, 1626313169019890056, BOS, 13
<134>2021-07-15T01:39:55Z cache-fra19177 MEWElogs[370074]: GRAY, 1626313194148223362, FRA, 13
<134>2021-07-15T01:40:03Z cache-hhn4077 MEWElogs[370074]: GRAY, 1626313203294895639, HHN, 13
<134>2021-07-15T01:40:07Z cache-chi21126 MEWElogs[370074]: GRAY, 1626313207389302411, CHI, 13
<134>2021-07-15T01:40:24Z cache-bos4657 MEWElogs[370074]: GRAY, 1626313224164924160, BOS, 13
<134>2021-07-15T01:40:29Z cache-dfw18678 MEWElogs[370074]: GRAY, 1626313228771428939, DFW, 13
<134>2021-07-15T01:40:41Z cache-pwk4920 MEWElogs[370074]: GRAY, 1626313241061447612, PWK, 13
<134>2021-07-15T01:40:46Z cache-akl10324 MEWElogs[370074]: GRAY, 1626313245201459212, AKL, 13
<134>2021-07-15T01:41:05Z cache-fra19177 MEWElogs[370074]: GRAY, 1626313264381400517, FRA, 13
<134>2021-07-15T01:41:51Z cache-bos4657 MEWElogs[370074]: GRAY, 1626313311031467541, BOS, 13
