<134>2021-07-15T01:21:33Z cache-bog6425 MEWElogs[369035]: GRAY, 1626312092919918901, BOG, 13
<134>2021-07-15T01:21:50Z cache-ord1740 MEWElogs[369035]: GRAY, 1626312109906957074, ORD, 13
<134>2021-07-15T01:21:51Z cache-maa10251 MEWElogs[369035]: GRAY, 1626312110863417603, MAA, 13
<134>2021-07-15T01:21:54Z cache-bog6425 MEWElogs[369035]: GRAY, 1626312113269604405, BOG, 13
<134>2021-07-15T01:21:56Z cache-mdw17383 MEWElogs[369035]: GRAY, 1626312116594742848, MDW, 13
<134>2021-07-15T01:21:57Z cache-ams21020 MEWElogs[369035]: GRAY, 1626312116239561973, AMS, 13
<134>2021-07-15T01:22:19Z cache-mdw17383 MEWElogs[369035]: GRAY, 1626312138843503722, MDW, 13
<134>2021-07-15T01:22:27Z cache-pdk17882 MEWElogs[369035]: GRAY, 1626312147445232743, PDK, 13
<134>2021-07-15T01:22:53Z cache-bog6425 MEWElogs[369035]: GRAY, 1626312173566486679, BOG, 13
<134>2021-07-15T01:23:20Z cache-maa10251 MEWElogs[369035]: GRAY, 1626312199553137597, MAA, 13
<134>2021-07-15T01:23:32Z cache-dca17782 MEWElogs[369035]: GRAY, 1626312211917028882, DCA, 13
<134>2021-07-15T01:23:33Z cache-ord1740 MEWElogs[369035]: GRAY, 1626312212699584880, ORD, 13
<134>2021-07-15T01:23:46Z cache-wdc5583 MEWElogs[369035]: GRAY, 1626312226423919511, WDC, 13
<134>2021-07-15T01:23:56Z cache-maa10251 MEWElogs[369035]: GRAY, 1626312235174125895, MAA, 13
<134>2021-07-15T01:23:58Z cache-ams21020 MEWElogs[369035]: GRAY, 1626312237036119545, AMS, 13
<134>2021-07-15T01:24:33Z cache-pdk17882 MEWElogs[369035]: GRAY, 1626312273380833935, PDK, 13
<134>2021-07-15T01:24:54Z cache-bog6425 MEWElogs[369035]: GRAY, 1626312293708455326, BOG, 13
<134>2021-07-15T01:25:11Z cache-mdw17383 MEWElogs[369035]: GRAY, 1626312311015415731, MDW, 13
<134>2021-07-15T01:25:16Z cache-ord1740 MEWElogs[369035]: GRAY, 1626312315738110576, ORD, 13
<134>2021-07-15T01:25:20Z cache-eze19324 MEWElogs[369035]: GRAY, 1626312320204806185, EZE, 13
<134>2021-07-15T01:25:25Z cache-dca17782 MEWElogs[369035]: GRAY, 1626312324092884895, DCA, 13
<134>2021-07-15T01:25:28Z cache-pdk17882 MEWElogs[369035]: GRAY, 1626312327479894952, PDK, 13
<134>2021-07-15T01:25:36Z cache-cmh21547 MEWElogs[369035]: GRAY, 1626312335965227741, CMH, 13
<134>2021-07-15T01:25:43Z cache-dca17782 MEWElogs[369035]: GRAY, 1626312342978768454, DCA, 13
<134>2021-07-15T01:26:10Z cache-wdc5583 MEWElogs[369035]: GRAY, 1626312369159765067, WDC, 13
<134>2021-07-15T01:26:24Z cache-wdc5583 MEWElogs[369035]: GRAY, 1626312383965606602, WDC, 13
<134>2021-07-15T01:26:41Z cache-bog6425 MEWElogs[369035]: GRAY, 1626312400630813987, BOG, 13
<134>2021-07-15T01:26:47Z cache-dca17782 MEWElogs[369035]: GRAY, 1626312406474662868, DCA, 13
<134>2021-07-15T01:26:49Z cache-eze19324 MEWElogs[369035]: GRAY, 1626312408577977088, EZE, 13
<134>2021-07-15T01:26:53Z cache-dca17782 MEWElogs[369035]: GRAY, 1626312412757289800, DCA, 13
<134>2021-07-15T01:26:53Z cache-ord1740 MEWElogs[369035]: GRAY, 1626312412975480009, ORD, 13
<134>2021-07-15T01:27:01Z cache-cmh21547 MEWElogs[369035]: GRAY, 1626312420128892080, CMH, 13
<134>2021-07-15T01:27:10Z cache-ams21020 MEWElogs[369035]: GRAY, 1626312429187234442, AMS, 13
<134>2021-07-15T01:27:11Z cache-ord1740 MEWElogs[369035]: GRAY, 1626312430073372196, ORD, 13
<134>2021-07-15T01:27:15Z cache-cmh21547 MEWElogs[369035]: GRAY, 1626312435634284127, CMH, 13
<134>2021-07-15T01:27:25Z cache-pdk17882 MEWElogs[369035]: GRAY, 1626312445109284855, PDK, 13
<134>2021-07-15T01:27:28Z cache-maa10251 MEWElogs[369035]: GRAY, 1626312447807356746, MAA, 13
<134>2021-07-15T01:27:35Z cache-maa10251 MEWElogs[369035]: GRAY, 1626312454018778625, MAA, 13
<134>2021-07-15T01:27:38Z cache-eze19324 MEWElogs[369035]: GRAY, 1626312457787644821, EZE, 13
<134>2021-07-15T01:28:01Z cache-cmh21547 MEWElogs[369035]: GRAY, 1626312481428449176, CMH, 13
<134>2021-07-15T01:28:18Z cache-wdc5583 MEWElogs[369035]: GRAY, 1626312498063404913, WDC, 13
<134>2021-07-15T01:28:41Z cache-bog6425 MEWElogs[369035]: GRAY, 1626312520722034549, BOG, 13
<134>2021-07-15T01:28:45Z cache-dca17782 MEWElogs[369035]: GRAY, 1626312524318537581, DCA, 13
<134>2021-07-15T01:29:07Z cache-eze19324 MEWElogs[369035]: GRAY, 1626312546734449843, EZE, 13
<134>2021-07-15T01:29:14Z cache-maa10251 MEWElogs[369035]: GRAY, 1626312554543344556, MAA, 13
<134>2021-07-15T01:29:39Z cache-mdw17383 MEWElogs[369035]: GRAY, 1626312578237593017, MDW, 13
<134>2021-07-15T01:29:41Z cache-cmh21547 MEWElogs[369035]: GRAY, 1626312580855865199, CMH, 13
<134>2021-07-15T01:29:41Z cache-wdc5583 MEWElogs[369035]: GRAY, 1626312581231761347, WDC, 13
<134>2021-07-15T01:29:54Z cache-mdw17383 MEWElogs[369035]: GRAY, 1626312593807908829, MDW, 13
<134>2021-07-15T01:29:57Z cache-ord1740 MEWElogs[369035]: GRAY, 1626312596007508340, ORD, 13
<134>2021-07-15T01:30:27Z cache-eze19324 MEWElogs[369035]: GRAY, 1626312627270327222, EZE, 13
<134>2021-07-15T01:30:27Z cache-bog6425 MEWElogs[369035]: GRAY, 1626312627724867298, BOG, 13
<134>2021-07-15T01:30:32Z cache-pdk17882 MEWElogs[369035]: GRAY, 1626312631273213778, PDK, 13
<134>2021-07-15T01:30:32Z cache-maa10251 MEWElogs[369035]: GRAY, 1626312631258563357, MAA, 13
<134>2021-07-15T01:30:39Z cache-mdw17383 MEWElogs[369035]: GRAY, 1626312639421263933, MDW, 13
<134>2021-07-15T01:30:48Z cache-ord1740 MEWElogs[369035]: GRAY, 1626312647359597120, ORD, 13
<134>2021-07-15T01:30:54Z cache-ord1740 MEWElogs[369035]: GRAY, 1626312653142535847, ORD, 13
<134>2021-07-15T01:31:01Z cache-maa10251 MEWElogs[369035]: GRAY, 1626312660659588714, MAA, 13
<134>2021-07-15T01:31:19Z cache-pdk17882 MEWElogs[369035]: GRAY, 1626312679285823179, PDK, 13
<134>2021-07-15T01:31:20Z cache-cmh21547 MEWElogs[369035]: GRAY, 1626312679731439119, CMH, 13
