<134>2021-07-15T02:12:04Z cache-bom4751 MEWElogs[21956]: GRAY, 1626315123991153180, BOM, 13
<134>2021-07-15T02:12:23Z cache-hnd18722 MEWElogs[21956]: GRAY, 1626315142273669282, HND, 13
<134>2021-07-15T02:12:32Z cache-cdg20720 MEWElogs[21956]: GRAY, 1626315151844818998, CDG, 13
<134>2021-07-15T02:12:59Z cache-hnd18722 MEWElogs[21956]: GRAY, 1626315178712036393, HND, 13
<134>2021-07-15T02:13:16Z cache-stl4834 MEWElogs[21956]: GRAY, 1626315196048718405, STL, 13
<134>2021-07-15T02:13:25Z cache-bom4751 MEWElogs[21956]: GRAY, 1626315204755667272, BOM, 13
<134>2021-07-15T02:13:29Z cache-cgh11122 MEWElogs[21956]: GRAY, 1626315208052201275, CGH, 13
<134>2021-07-15T02:13:34Z cache-hnd18722 MEWElogs[21956]: GRAY, 1626315214774490356, HND, 13
<134>2021-07-15T02:13:36Z cache-pao17461 MEWElogs[21956]: GRAY, 1626315215009800080, PAO, 13
<134>2021-07-15T02:13:37Z cache-syd10183 MEWElogs[21956]: GRAY, 1626315217584207098, SYD, 13
<134>2021-07-15T02:13:45Z cache-stl4834 MEWElogs[21956]: GRAY, 1626315223980604864, STL, 13
<134>2021-07-15T02:13:53Z cache-itm18851 MEWElogs[21956]: GRAY, 1626315232990454031, ITM, 13
<134>2021-07-15T02:14:04Z cache-pao17461 MEWElogs[21956]: GRAY, 1626315243018452745, PAO, 13
<134>2021-07-15T02:14:12Z cache-gig17035 MEWElogs[21956]: GRAY, 1626315252242895323, GIG, 13
<134>2021-07-15T02:14:24Z cache-pao17461 MEWElogs[21956]: GRAY, 1626315263524288018, PAO, 13
<134>2021-07-15T02:14:51Z cache-gig17035 MEWElogs[21956]: GRAY, 1626315290571691658, GIG, 13
<134>2021-07-15T02:14:58Z cache-bom4751 MEWElogs[21956]: GRAY, 1626315297190899934, BOM, 13
<134>2021-07-15T02:15:15Z cache-bom4751 MEWElogs[21956]: GRAY, 1626315314480904917, BOM, 13
<134>2021-07-15T02:15:20Z cache-pao17461 MEWElogs[21956]: GRAY, 1626315319175075948, PAO, 13
<134>2021-07-15T02:15:21Z cache-hnd18722 MEWElogs[21956]: GRAY, 1626315320759477041, HND, 13
<134>2021-07-15T02:15:26Z cache-bom4751 MEWElogs[21956]: GRAY, 1626315325995417581, BOM, 13
<134>2021-07-15T02:16:31Z cache-gig17035 MEWElogs[21956]: GRAY, 1626315390378337138, GIG, 13
<134>2021-07-15T02:16:32Z cache-hnd18722 MEWElogs[21956]: GRAY, 1626315391619606885, HND, 13
<134>2021-07-15T02:16:54Z cache-gig17035 MEWElogs[21956]: GRAY, 1626315413596239426, GIG, 13
<134>2021-07-15T02:17:00Z cache-stl4834 MEWElogs[21956]: GRAY, 1626315420475674679, STL, 13
<134>2021-07-15T02:17:24Z cache-pao17461 MEWElogs[21956]: GRAY, 1626315443836266660, PAO, 13
<134>2021-07-15T02:17:55Z cache-itm18851 MEWElogs[21956]: GRAY, 1626315474072181790, ITM, 13
<134>2021-07-15T02:17:58Z cache-pao17461 MEWElogs[21956]: GRAY, 1626315478192362476, PAO, 13
<134>2021-07-15T02:18:32Z cache-sea4483 MEWElogs[21956]: GRAY, 1626315511933205913, SEA, 13
<134>2021-07-15T02:18:37Z cache-syd10183 MEWElogs[21956]: GRAY, 1626315516985461120, SYD, 13
<134>2021-07-15T02:18:48Z cache-cgh11183 MEWElogs[21956]: GRAY, 1626315528197061469, CGH, 13
<134>2021-07-15T02:18:56Z cache-sea4483 MEWElogs[21956]: GRAY, 1626315535992895410, SEA, 13
<134>2021-07-15T02:19:02Z cache-hnd18722 MEWElogs[21956]: GRAY, 1626315541080593699, HND, 13
<134>2021-07-15T02:19:08Z cache-cgh11183 MEWElogs[21956]: GRAY, 1626315547962142713, CGH, 13
<134>2021-07-15T02:19:11Z cache-itm18851 MEWElogs[21956]: GRAY, 1626315550664257467, ITM, 13
<134>2021-07-15T02:19:20Z cache-itm18851 MEWElogs[21956]: GRAY, 1626315560042146385, ITM, 13
<134>2021-07-15T02:19:35Z cache-cgh11183 MEWElogs[21956]: GRAY, 1626315574613336184, CGH, 13
<134>2021-07-15T02:19:43Z cache-stl4834 MEWElogs[21956]: GRAY, 1626315582034848404, STL, 13
<134>2021-07-15T02:19:52Z cache-sjc10078 MEWElogs[21956]: GRAY, 1626315591487845517, SJC, 13
<134>2021-07-15T02:20:29Z cache-cgh11183 MEWElogs[21956]: GRAY, 1626315628425800140, CGH, 13
<134>2021-07-15T02:20:46Z cache-syd10183 MEWElogs[21956]: GRAY, 1626315645272844875, SYD, 13
<134>2021-07-15T02:21:20Z cache-pao17461 MEWElogs[21956]: GRAY, 1626315679813611876, PAO, 13
<134>2021-07-15T02:21:31Z cache-hnd18722 MEWElogs[21956]: GRAY, 1626315690286412230, HND, 13
<134>2021-07-15T02:21:32Z cache-bma1628 MEWElogs[21956]: GRAY, 1626315691933210101, BMA, 13
<134>2021-07-15T02:21:35Z cache-sea4483 MEWElogs[21956]: GRAY, 1626315695101161689, SEA, 13
<134>2021-07-15T02:21:49Z cache-syd10183 MEWElogs[21956]: GRAY, 1626315709219023816, SYD, 13
<134>2021-07-15T02:21:51Z cache-itm18851 MEWElogs[21956]: GRAY, 1626315710946297665, ITM, 13
