<134>2021-07-14T17:53:21Z cache-gru17149 MEWElogs[308969]: FLIPH, 1626285200025047542, GRU, -1
<134>2021-07-14T17:53:30Z cache-hnd18722 MEWElogs[308969]: FLIPH, 1626285209213335532, HND, -1
<134>2021-07-14T17:53:46Z cache-stl4834 MEWElogs[308969]: FLIPH, 1626285225127919319, STL, 10
<134>2021-07-14T17:53:57Z cache-scl19427 MEWElogs[308969]: FLIPH, 1626285236883022527, SCL, -1
<134>2021-07-14T17:53:58Z cache-gig17035 MEWElogs[308969]: FLIPH, 1626285238510106222, GIG, -1
<134>2021-07-14T17:54:16Z cache-syd10183 MEWElogs[308969]: FLIPH, 1626285255227039750, SYD, -1
<134>2021-07-14T17:54:50Z cache-gru17149 MEWElogs[308969]: FLIPH, 1626285289666806589, GRU, 10
<134>2021-07-14T17:55:05Z cache-hnd18722 MEWElogs[308969]: FLIPH, 1626285305315965799, HND, -1
<134>2021-07-14T17:55:15Z cache-sjc10078 MEWElogs[308969]: FLIPH, 1626285314325765286, SJC, -1
<134>2021-07-14T17:55:16Z cache-cgh11122 MEWElogs[308969]: FLIPH, 1626285315346281195, CGH, -1
<134>2021-07-14T17:55:26Z cache-stl4834 MEWElogs[308969]: FLIPH, 1626285325966404992, STL, -1
<134>2021-07-14T17:55:37Z cache-stl4834 MEWElogs[308969]: FLIPH, 1626285336820394292, STL, -1
<134>2021-07-14T17:56:28Z cache-sea4483 MEWElogs[308969]: FLIPH, 1626285388287873625, SEA, -1
<134>2021-07-14T17:56:37Z cache-cgh11122 MEWElogs[308969]: FLIPH, 1626285396114097520, CGH, -1
<134>2021-07-14T17:56:45Z cache-cgh11183 MEWElogs[308969]: FLIPH, 1626285405695862272, CGH, -1
<134>2021-07-14T17:56:47Z cache-cgh11122 MEWElogs[308969]: FLIPH, 1626285405956112828, CGH, -1
<134>2021-07-14T17:57:35Z cache-itm18851 MEWElogs[308969]: FLIPH, 1626285454097308793, ITM, -1
<134>2021-07-14T17:57:45Z cache-hnd18722 MEWElogs[308969]: FLIPH, 1626285464585707440, HND, -1
<134>2021-07-14T17:57:49Z cache-sjc10078 MEWElogs[308969]: FLIPH, 1626285468709884958, SJC, -1
<134>2021-07-14T17:58:28Z cache-pao17461 MEWElogs[308969]: FLIPH, 1626285507411695384, PAO, 10
<134>2021-07-14T17:58:49Z cache-tyo11974 MEWElogs[308969]: FLIPH, 1626285528019117120, TYO, 10
<134>2021-07-14T17:58:57Z cache-stl4834 MEWElogs[308969]: FLIPH, 1626285537659181790, STL, 10
<134>2021-07-14T17:59:03Z cache-sjc10078 MEWElogs[308969]: FLIPH, 1626285542282081381, SJC, -1
<134>2021-07-14T17:59:12Z cache-tyo11974 MEWElogs[308969]: FLIPH, 1626285552190570940, TYO, -1
<134>2021-07-14T17:59:28Z cache-cgh11122 MEWElogs[308969]: FLIPH, 1626285567708858677, CGH, -1
<134>2021-07-14T17:59:44Z cache-sjc10078 MEWElogs[308969]: FLIPH, 1626285583684698244, SJC, -1
<134>2021-07-14T17:59:49Z cache-cgh11183 MEWElogs[308969]: FLIPH, 1626285588646441661, CGH, -1
<134>2021-07-14T18:00:25Z cache-hnd18722 MEWElogs[308969]: FLIPH, 1626285624643905723, HND, -1
<134>2021-07-14T18:01:11Z cache-bma1628 MEWElogs[308969]: FLIPH, 1626285670420574193, BMA, 10
<134>2021-07-14T18:01:21Z cache-tyo11974 MEWElogs[308969]: FLIPH, 1626285680386107157, TYO, 10
<134>2021-07-14T18:01:23Z cache-cgh11122 MEWElogs[308969]: FLIPH, 1626285683123396688, CGH, 10
<134>2021-07-14T18:01:28Z cache-tyo11974 MEWElogs[308969]: FLIPH, 1626285687041406829, TYO, -1
<134>2021-07-14T18:01:34Z cache-sea4483 MEWElogs[308969]: FLIPH, 1626285693262821930, SEA, -1
<134>2021-07-14T18:01:44Z cache-cgh11122 MEWElogs[308969]: FLIPH, 1626285703702359098, CGH, 10
<134>2021-07-14T18:01:46Z cache-pao17461 MEWElogs[308969]: FLIPH, 1626285705466863457, PAO, 10
<134>2021-07-14T18:01:54Z cache-bma1628 MEWElogs[308969]: FLIPH, 1626285713736047371, BMA, -1
<134>2021-07-14T18:02:01Z cache-hnd18722 MEWElogs[308969]: FLIPH, 1626285720880482848, HND, -1
<134>2021-07-14T18:02:05Z cache-cgh11122 MEWElogs[308969]: FLIPH, 1626285724460270530, CGH, 10
<134>2021-07-14T18:02:13Z cache-sjc10078 MEWElogs[308969]: FLIPH, 1626285733162401668, SJC, 10
<134>2021-07-14T18:02:13Z cache-cgh11183 MEWElogs[308969]: FLIPH, 1626285733183311333, CGH, 10
<134>2021-07-14T18:02:18Z cache-itm18851 MEWElogs[308969]: FLIPH, 1626285737780876743, ITM, 10
<134>2021-07-14T18:02:34Z cache-bma1628 MEWElogs[308969]: FLIPH, 1626285754016752076, BMA, 10
<134>2021-07-14T18:02:47Z cache-itm18851 MEWElogs[308969]: FLIPH, 1626285766933925242, ITM, -1
<134>2021-07-14T18:03:07Z cache-pao17461 MEWElogs[308969]: FLIPH, 1626285786782854121, PAO, -1
<134>2021-07-14T18:03:16Z cache-cgh11122 MEWElogs[308969]: FLIPH, 1626285795652901688, CGH, 10
