<134>2021-07-14T23:25:50Z cache-pao17461 MEWElogs[400146]: BLUR, 1626305149682849344, PAO, 11
<134>2021-07-14T23:26:09Z cache-stl4834 MEWElogs[400146]: BLUR, 1626305168476524511, STL, 11
<134>2021-07-14T23:26:40Z cache-sea4483 MEWElogs[400146]: BLUR, 1626305199895213231, SEA, 11
<134>2021-07-14T23:27:12Z cache-hnd18722 MEWElogs[400146]: BLUR, 1626305231636045623, HND, 11
<134>2021-07-14T23:27:21Z cache-pao17461 MEWElogs[400146]: BLUR, 1626305240616593209, PAO, 11
<134>2021-07-14T23:27:45Z cache-cgh11183 MEWElogs[400146]: BLUR, 1626305264020438771, CGH, 11
<134>2021-07-14T23:27:55Z cache-sjc10078 MEWElogs[400146]: BLUR, 1626305275288383844, SJC, 11
<134>2021-07-14T23:28:42Z cache-hnd18722 MEWElogs[400146]: BLUR, 1626305321642396677, HND, 11
<134>2021-07-14T23:29:47Z cache-cgh11122 MEWElogs[400146]: BLUR, 1626305386396289466, CGH, 11
<134>2021-07-14T23:30:23Z cache-stl4834 MEWElogs[400146]: BLUR, 1626305423342836883, STL, 11
<134>2021-07-14T23:30:38Z cache-sjc10078 MEWElogs[400146]: BLUR, 1626305437903786169, SJC, 11
<134>2021-07-14T23:30:56Z cache-sjc10078 MEWElogs[400146]: BLUR, 1626305455945230790, SJC, 11
<134>2021-07-14T23:31:11Z cache-cgh11183 MEWElogs[400146]: BLUR, 1626305470673725783, CGH, 11
<134>2021-07-14T23:31:29Z cache-sea4483 MEWElogs[400146]: BLUR, 1626305488166215759, SEA, 11
<134>2021-07-14T23:31:29Z cache-tyo11974 MEWElogs[400146]: BLUR, 1626305488106534250, TYO, 11
<134>2021-07-14T23:31:46Z cache-cgh11183 MEWElogs[400146]: BLUR, 1626305505741724230, CGH, 11
<134>2021-07-14T23:33:13Z cache-itm18851 MEWElogs[400146]: BLUR, 1626305592400495944, ITM, 11
<134>2021-07-14T23:33:43Z cache-sea4483 MEWElogs[400146]: BLUR, 1626305622264178997, SEA, 11
<134>2021-07-14T23:33:50Z cache-tyo11974 MEWElogs[400146]: BLUR, 1626305629924143929, TYO, 11
<134>2021-07-14T23:34:29Z cache-sjc10078 MEWElogs[400146]: BLUR, 1626305668549655367, SJC, 11
<134>2021-07-14T23:34:55Z cache-hnd18722 MEWElogs[400146]: BLUR, 1626305694999948182, HND, 11
<134>2021-07-14T23:35:47Z cache-cgh11183 MEWElogs[400146]: BLUR, 1626305747112978920, CGH, 11
