<134>2021-07-14T16:42:27Z cache-cmh21547 MEWElogs[355776]: FLIPH, 1626280946849462247, CMH, -1
<134>2021-07-14T16:42:31Z cache-cmh21547 MEWElogs[355776]: FLIPH, 1626280950715284654, CMH, 10
<134>2021-07-14T16:42:37Z cache-maa10251 MEWElogs[355776]: FLIPH, 1626280956400065911, MAA, 10
<134>2021-07-14T16:42:59Z cache-akl10324 MEWElogs[355776]: FLIPH, 1626280978039778486, AKL, -1
<134>2021-07-14T16:43:05Z cache-fty21383 MEWElogs[355776]: FLIPH, 1626280983992297040, FTY, 10
<134>2021-07-14T16:43:07Z cache-cph20625 MEWElogs[355776]: FLIPH, 1626280986799010950, CPH, 10
<134>2021-07-14T16:43:09Z cache-fty21383 MEWElogs[355776]: FLIPH, 1626280989613286784, FTY, -1
<134>2021-07-14T16:43:19Z cache-wdc5583 MEWElogs[355776]: FLIPH, 1626280998145301403, WDC, -1
<134>2021-07-14T16:43:26Z cache-cmh21547 MEWElogs[355776]: FLIPH, 1626281005039400639, CMH, 10
<134>2021-07-14T16:43:26Z cache-fty21383 MEWElogs[355776]: FLIPH, 1626281006040540588, FTY, -1
<134>2021-07-14T16:43:27Z cache-dfw18678 MEWElogs[355776]: FLIPH, 1626281006239406008, DFW, 10
<134>2021-07-14T16:43:29Z cache-wdc5583 MEWElogs[355776]: FLIPH, 1626281008261600552, WDC, -1
<134>2021-07-14T16:43:29Z cache-fty21383 MEWElogs[355776]: FLIPH, 1626281008577262083, FTY, 10
<134>2021-07-14T16:43:31Z cache-akl10324 MEWElogs[355776]: FLIPH, 1626281010731343300, AKL, 10
<134>2021-07-14T16:43:40Z cache-chi21126 MEWElogs[355776]: FLIPH, 1626281020257318845, CHI, -1
<134>2021-07-14T16:43:42Z cache-fty21383 MEWElogs[355776]: FLIPH, 1626281022563714440, FTY, -1
<134>2021-07-14T16:43:56Z cache-bos4657 MEWElogs[355776]: FLIPH, 1626281035211574363, BOS, -1
<134>2021-07-14T16:43:58Z cache-bos4657 MEWElogs[355776]: FLIPH, 1626281038133488362, BOS, 10
<134>2021-07-14T16:44:11Z cache-akl10324 MEWElogs[355776]: FLIPH, 1626281050167255471, AKL, 10
<134>2021-07-14T16:44:18Z cache-chi21126 MEWElogs[355776]: FLIPH, 1626281058133778155, CHI, -1
<134>2021-07-14T16:44:20Z cache-cph20625 MEWElogs[355776]: FLIPH, 1626281059993010488, CPH, -1
<134>2021-07-14T16:44:43Z cache-eze19324 MEWElogs[355776]: FLIPH, 1626281082463704408, EZE, 10
<134>2021-07-14T16:44:43Z cache-fty21383 MEWElogs[355776]: FLIPH, 1626281082559459054, FTY, 10
<134>2021-07-14T16:44:44Z cache-bos4657 MEWElogs[355776]: FLIPH, 1626281083694275651, BOS, 10
<134>2021-07-14T16:44:50Z cache-bos4657 MEWElogs[355776]: FLIPH, 1626281089885523387, BOS, -1
<134>2021-07-14T16:44:52Z cache-cmh21547 MEWElogs[355776]: FLIPH, 1626281091695172491, CMH, 10
<134>2021-07-14T16:45:07Z cache-fty21383 MEWElogs[355776]: FLIPH, 1626281106984142718, FTY, 10
<134>2021-07-14T16:45:16Z cache-fty21383 MEWElogs[355776]: FLIPH, 1626281115540047904, FTY, 10
<134>2021-07-14T16:45:20Z cache-bos4657 MEWElogs[355776]: FLIPH, 1626281119823455759, BOS, 10
<134>2021-07-14T16:45:21Z cache-fty21383 MEWElogs[355776]: FLIPH, 1626281121307326715, FTY, -1
<134>2021-07-14T16:45:25Z cache-dub4329 MEWElogs[355776]: FLIPH, 1626281125550138332, DUB, -1
<134>2021-07-14T16:45:26Z cache-eze19324 MEWElogs[355776]: FLIPH, 1626281126718924900, EZE, -1
<134>2021-07-14T16:45:42Z cache-eze19324 MEWElogs[355776]: FLIPH, 1626281141574665636, EZE, 10
<134>2021-07-14T16:45:46Z cache-del21735 MEWElogs[355776]: FLIPH, 1626281145988299649, DEL, -1
<134>2021-07-14T16:45:49Z cache-pwk4920 MEWElogs[355776]: FLIPH, 1626281149811726010, PWK, 10
<134>2021-07-14T16:45:58Z cache-chi21126 MEWElogs[355776]: FLIPH, 1626281157568055755, CHI, 10
<134>2021-07-14T16:46:01Z cache-dub4329 MEWElogs[355776]: FLIPH, 1626281160236438875, DUB, 10
<134>2021-07-14T16:46:02Z cache-eze19324 MEWElogs[355776]: FLIPH, 1626281162207017891, EZE, -1
<134>2021-07-14T16:46:11Z cache-akl10324 MEWElogs[355776]: FLIPH, 1626281170425149408, AKL, 10
<134>2021-07-14T16:46:23Z cache-chi21126 MEWElogs[355776]: FLIPH, 1626281182973514308, CHI, -1
<134>2021-07-14T16:46:46Z cache-pwk4920 MEWElogs[355776]: FLIPH, 1626281206335019539, PWK, -1
<134>2021-07-14T16:47:01Z cache-chi21126 MEWElogs[355776]: FLIPH, 1626281220998584496, CHI, -1
<134>2021-07-14T16:47:11Z cache-chi21126 MEWElogs[355776]: FLIPH, 1626281230404469641, CHI, -1
<134>2021-07-14T16:47:24Z cache-bos4657 MEWElogs[355776]: FLIPH, 1626281244315061704, BOS, -1
<134>2021-07-14T16:47:28Z cache-bos4657 MEWElogs[355776]: FLIPH, 1626281247198160029, BOS, 10
<134>2021-07-14T16:47:39Z cache-chi21126 MEWElogs[355776]: FLIPH, 1626281258328098501, CHI, -1
<134>2021-07-14T16:47:40Z cache-cph20625 MEWElogs[355776]: FLIPH, 1626281260076857941, CPH, -1
<134>2021-07-14T16:47:53Z cache-fty21383 MEWElogs[355776]: FLIPH, 1626281272421408010, FTY, 10
<134>2021-07-14T16:48:02Z cache-dfw18678 MEWElogs[355776]: FLIPH, 1626281282304334824, DFW, -1
<134>2021-07-14T16:48:05Z cache-hhn4077 MEWElogs[355776]: FLIPH, 1626281284742653449, HHN, -1
<134>2021-07-14T16:48:11Z cache-del21735 MEWElogs[355776]: FLIPH, 1626281290729539344, DEL, 10
<134>2021-07-14T16:48:27Z cache-dub4329 MEWElogs[355776]: FLIPH, 1626281307135688032, DUB, -1
<134>2021-07-14T16:48:29Z cache-akl10324 MEWElogs[355776]: FLIPH, 1626281308359151734, AKL, -1
<134>2021-07-14T16:49:02Z cache-dub4329 MEWElogs[355776]: FLIPH, 1626281341409148677, DUB, 10
<134>2021-07-14T16:49:03Z cache-bos4657 MEWElogs[355776]: FLIPH, 1626281343566048096, BOS, -1
<134>2021-07-14T16:49:05Z cache-hhn4077 MEWElogs[355776]: FLIPH, 1626281345167540931, HHN, 10
<134>2021-07-14T16:49:40Z cache-pwk4920 MEWElogs[355776]: FLIPH, 1626281379270687288, PWK, 10
<134>2021-07-14T16:49:55Z cache-cph20625 MEWElogs[355776]: FLIPH, 1626281394510472955, CPH, -1
<134>2021-07-14T16:49:59Z cache-fty21383 MEWElogs[355776]: FLIPH, 1626281398160987383, FTY, 10
<134>2021-07-14T16:49:59Z cache-pwk4920 MEWElogs[355776]: FLIPH, 1626281398994944290, PWK, 10
<134>2021-07-14T16:50:09Z cache-bos4657 MEWElogs[355776]: FLIPH, 1626281409669031233, BOS, 10
<134>2021-07-14T16:50:11Z cache-del21735 MEWElogs[355776]: FLIPH, 1626281409855340600, DEL, -1
<134>2021-07-14T16:50:21Z cache-dfw18678 MEWElogs[355776]: FLIPH, 1626281420414159332, DFW, 10
<134>2021-07-14T16:50:32Z cache-cph20625 MEWElogs[355776]: FLIPH, 1626281431742211564, CPH, 10
<134>2021-07-14T16:50:38Z cache-dub4329 MEWElogs[355776]: FLIPH, 1626281437339936785, DUB, 10
<134>2021-07-14T16:50:38Z cache-del21735 MEWElogs[355776]: FLIPH, 1626281437796489496, DEL, -1
<134>2021-07-14T16:50:49Z cache-cph20625 MEWElogs[355776]: FLIPH, 1626281449069589165, CPH, -1
<134>2021-07-14T16:50:50Z cache-pwk4920 MEWElogs[355776]: FLIPH, 1626281449347942037, PWK, 10
<134>2021-07-14T16:51:04Z cache-bos4657 MEWElogs[355776]: FLIPH, 1626281463914066511, BOS, 10
<134>2021-07-14T16:51:09Z cache-hhn4077 MEWElogs[355776]: FLIPH, 1626281469123016360, HHN, -1
<134>2021-07-14T16:51:15Z cache-cph20625 MEWElogs[355776]: FLIPH, 1626281475167365877, CPH, 10
<134>2021-07-14T16:51:17Z cache-chi21126 MEWElogs[355776]: FLIPH, 1626281477271556498, CHI, -1
<134>2021-07-14T16:51:18Z cache-fty21383 MEWElogs[355776]: FLIPH, 1626281478454779705, FTY, -1
<134>2021-07-14T16:51:27Z cache-cph20625 MEWElogs[355776]: FLIPH, 1626281486363877454, CPH, 10
<134>2021-07-14T16:51:36Z cache-chi21126 MEWElogs[355776]: FLIPH, 1626281496019484905, CHI, -1
<134>2021-07-14T16:51:45Z cache-cph20625 MEWElogs[355776]: FLIPH, 1626281504465222586, CPH, -1
<134>2021-07-14T16:51:49Z cache-cph20625 MEWElogs[355776]: FLIPH, 1626281508912021331, CPH, 10
<134>2021-07-14T16:51:59Z cache-dfw18678 MEWElogs[355776]: FLIPH, 1626281519653551546, DFW, 10
<134>2021-07-14T16:52:08Z cache-dfw18678 MEWElogs[355776]: FLIPH, 1626281527278312705, DFW, -1
<134>2021-07-14T16:52:12Z cache-akl10324 MEWElogs[355776]: FLIPH, 1626281531014198492, AKL, 10
<134>2021-07-14T16:52:16Z cache-fty21383 MEWElogs[355776]: FLIPH, 1626281536187704040, FTY, -1
