<134>2021-07-15T00:59:22Z cache-itm18851 MEWElogs[464521]: CROP, 1626310761864902428, ITM, 12
<134>2021-07-15T00:59:27Z cache-itm18851 MEWElogs[464521]: CROP, 1626310766748834426, ITM, 12
<134>2021-07-15T00:59:37Z cache-itm18851 MEWElogs[464521]: CROP, 1626310776240731537, ITM, 12
<134>2021-07-15T00:59:42Z cache-itm18851 MEWElogs[464521]: CROP, 1626310781088537028, ITM, 12
<134>2021-07-15T00:59:44Z cache-pao17461 MEWElogs[464521]: CROP, 1626310783482711205, PAO, 12
<134>2021-07-15T00:59:46Z cache-bom4751 MEWElogs[464521]: CROP, 1626310785409131287, BOM, 12
<134>2021-07-15T00:59:57Z cache-bom4751 MEWElogs[464521]: CROP, 1626310796401047150, BOM, 12
<134>2021-07-15T00:59:59Z cache-hnd18722 MEWElogs[464521]: CROP, 1626310798825534678, HND, 12
<134>2021-07-15T01:00:00Z cache-gru17149 MEWElogs[464521]: CROP, 1626310799579939715, GRU, 12
<134>2021-07-15T01:00:12Z cache-stl4834 MEWElogs[464521]: CROP, 1626310811427609691, STL, 12
<134>2021-07-15T01:00:12Z cache-gig17035 MEWElogs[464521]: CROP, 1626310812102040156, GIG, 12
<134>2021-07-15T01:00:16Z cache-stl4834 MEWElogs[464521]: CROP, 1626310815745866296, STL, 12
<134>2021-07-15T01:00:18Z cache-hnd18722 MEWElogs[464521]: CROP, 1626310817681119720, HND, 12
<134>2021-07-15T01:00:20Z cache-stl4834 MEWElogs[464521]: CROP, 1626310820205964705, STL, 12
<134>2021-07-15T01:00:20Z cache-itm18851 MEWElogs[464521]: CROP, 1626310819807889167, ITM, 12
<134>2021-07-15T01:00:21Z cache-syd10183 MEWElogs[464521]: CROP, 1626310821033203233, SYD, 12
<134>2021-07-15T01:00:23Z cache-bom4751 MEWElogs[464521]: CROP, 1626310821946250913, BOM, 12
<134>2021-07-15T01:00:23Z cache-hnd18722 MEWElogs[464521]: CROP, 1626310822298170633, HND, 12
<134>2021-07-15T01:00:28Z cache-stl4834 MEWElogs[464521]: CROP, 1626310828648434870, STL, 12
<134>2021-07-15T01:00:40Z cache-itm18851 MEWElogs[464521]: CROP, 1626310839262725703, ITM, 12
<134>2021-07-15T01:00:42Z cache-stl4834 MEWElogs[464521]: CROP, 1626310841050331879, STL, 12
<134>2021-07-15T01:00:46Z cache-stl4834 MEWElogs[464521]: CROP, 1626310845298753097, STL, 12
<134>2021-07-15T01:00:49Z cache-syd10183 MEWElogs[464521]: CROP, 1626310849369924092, SYD, 12
<134>2021-07-15T01:00:55Z cache-hnd18722 MEWElogs[464521]: CROP, 1626310854746485868, HND, 12
<134>2021-07-15T01:01:18Z cache-gru17149 MEWElogs[464521]: CROP, 1626310877710842401, GRU, 12
<134>2021-07-15T01:01:18Z cache-syd10183 MEWElogs[464521]: CROP, 1626310877928424220, SYD, 12
<134>2021-07-15T01:01:29Z cache-bom4751 MEWElogs[464521]: CROP, 1626310888311103944, BOM, 12
<134>2021-07-15T01:01:30Z cache-scl19427 MEWElogs[464521]: CROP, 1626310890751294122, SCL, 12
<134>2021-07-15T01:01:37Z cache-hnd18722 MEWElogs[464521]: CROP, 1626310896485951624, HND, 12
<134>2021-07-15T01:01:40Z cache-cgh11122 MEWElogs[464521]: CROP, 1626310899082842032, CGH, 12
<134>2021-07-15T01:02:08Z cache-pao17461 MEWElogs[464521]: CROP, 1626310927741725971, PAO, 12
<134>2021-07-15T01:02:11Z cache-stl4834 MEWElogs[464521]: CROP, 1626310930766851405, STL, 12
<134>2021-07-15T01:02:24Z cache-pao17461 MEWElogs[464521]: CROP, 1626310944331179907, PAO, 12
<134>2021-07-15T01:02:26Z cache-itm18851 MEWElogs[464521]: CROP, 1626310946284615854, ITM, 12
<134>2021-07-15T01:02:28Z cache-bom4751 MEWElogs[464521]: CROP, 1626310947180402304, BOM, 12
<134>2021-07-15T01:02:32Z cache-gig17035 MEWElogs[464521]: CROP, 1626310952108818965, GIG, 12
<134>2021-07-15T01:02:42Z cache-bom4751 MEWElogs[464521]: CROP, 1626310961892198015, BOM, 12
<134>2021-07-15T01:02:44Z cache-syd10183 MEWElogs[464521]: CROP, 1626310964041859502, SYD, 12
<134>2021-07-15T01:02:54Z cache-cgh11122 MEWElogs[464521]: CROP, 1626310973755649099, CGH, 12
<134>2021-07-15T01:02:57Z cache-stl4834 MEWElogs[464521]: CROP, 1626310977436530629, STL, 12
<134>2021-07-15T01:03:05Z cache-sea4483 MEWElogs[464521]: CROP, 1626310984846270520, SEA, 12
<134>2021-07-15T01:03:30Z cache-cgh11122 MEWElogs[464521]: CROP, 1626311009388458775, CGH, 12
<134>2021-07-15T01:03:33Z cache-syd10183 MEWElogs[464521]: CROP, 1626311012270406084, SYD, 12
<134>2021-07-15T01:03:41Z cache-hnd18722 MEWElogs[464521]: CROP, 1626311020489276831, HND, 12
<134>2021-07-15T01:03:55Z cache-scl19427 MEWElogs[464521]: CROP, 1626311034564944662, SCL, 12
<134>2021-07-15T01:03:56Z cache-cgh11122 MEWElogs[464521]: CROP, 1626311036027034975, CGH, 12
<134>2021-07-15T01:04:13Z cache-hnd18722 MEWElogs[464521]: CROP, 1626311053212736444, HND, 12
<134>2021-07-15T01:04:14Z cache-cgh11122 MEWElogs[464521]: CROP, 1626311053830901329, CGH, 12
<134>2021-07-15T01:04:15Z cache-syd10183 MEWElogs[464521]: CROP, 1626311055113444049, SYD, 12
<134>2021-07-15T01:04:18Z cache-sjc10078 MEWElogs[464521]: CROP, 1626311057110229744, SJC, 12
<134>2021-07-15T01:04:21Z cache-sea4483 MEWElogs[464521]: CROP, 1626311061514552604, SEA, 12
<134>2021-07-15T01:04:45Z cache-pao17461 MEWElogs[464521]: CROP, 1626311084654101643, PAO, 12
<134>2021-07-15T01:04:46Z cache-bma1628 MEWElogs[464521]: CROP, 1626311085547836432, BMA, 12
<134>2021-07-15T01:04:57Z cache-pao17461 MEWElogs[464521]: CROP, 1626311097100497437, PAO, 12
<134>2021-07-15T01:05:16Z cache-cgh11183 MEWElogs[464521]: CROP, 1626311116454528189, CGH, 12
<134>2021-07-15T01:05:21Z cache-cgh11122 MEWElogs[464521]: CROP, 1626311120182844994, CGH, 12
<134>2021-07-15T01:05:34Z cache-sea4483 MEWElogs[464521]: CROP, 1626311134214331037, SEA, 12
<134>2021-07-15T01:05:49Z cache-sea4483 MEWElogs[464521]: CROP, 1626311148916560874, SEA, 12
<134>2021-07-15T01:06:05Z cache-hnd18722 MEWElogs[464521]: CROP, 1626311164303120202, HND, 12
<134>2021-07-15T01:06:05Z cache-bma1628 MEWElogs[464521]: CROP, 1626311165528743066, BMA, 12
<134>2021-07-15T01:06:15Z cache-bma1628 MEWElogs[464521]: CROP, 1626311174656809334, BMA, 12
<134>2021-07-15T01:06:17Z cache-itm18851 MEWElogs[464521]: CROP, 1626311176116685352, ITM, 12
<134>2021-07-15T01:06:18Z cache-tyo11974 MEWElogs[464521]: CROP, 1626311177752570573, TYO, 12
<134>2021-07-15T01:06:26Z cache-vie21629 MEWElogs[464521]: CROP, 1626311185604610427, VIE, 12
<134>2021-07-15T01:06:26Z cache-bma1628 MEWElogs[464521]: CROP, 1626311186468993144, BMA, 12
<134>2021-07-15T01:06:44Z cache-sjc10078 MEWElogs[464521]: CROP, 1626311203779661085, SJC, 12
<134>2021-07-15T01:06:56Z cache-bma1628 MEWElogs[464521]: CROP, 1626311215792573161, BMA, 12
<134>2021-07-15T01:06:58Z cache-yyz4551 MEWElogs[464521]: CROP, 1626311218274451685, YYZ, 12
<134>2021-07-15T01:07:10Z cache-tyo11974 MEWElogs[464521]: CROP, 1626311228933045084, TYO, 12
<134>2021-07-15T01:07:22Z cache-sjc10078 MEWElogs[464521]: CROP, 1626311242303395744, SJC, 12
<134>2021-07-15T01:07:26Z cache-cgh11183 MEWElogs[464521]: CROP, 1626311245403745232, CGH, 12
<134>2021-07-15T01:07:27Z cache-tyo11974 MEWElogs[464521]: CROP, 1626311246044653102, TYO, 12
<134>2021-07-15T01:07:35Z cache-bma1628 MEWElogs[464521]: CROP, 1626311254495558816, BMA, 12
<134>2021-07-15T01:07:47Z cache-sea4483 MEWElogs[464521]: CROP, 1626311267324290575, SEA, 12
<134>2021-07-15T01:08:02Z cache-sea4483 MEWElogs[464521]: CROP, 1626311281529203438, SEA, 12
<134>2021-07-15T01:08:28Z cache-tyo11974 MEWElogs[464521]: CROP, 1626311306918659767, TYO, 12
<134>2021-07-15T01:08:52Z cache-tyo11974 MEWElogs[464521]: CROP, 1626311332425869933, TYO, 12
<134>2021-07-15T01:08:53Z cache-yyz4551 MEWElogs[464521]: CROP, 1626311333401308919, YYZ, 12
<134>2021-07-15T01:09:01Z cache-vie21629 MEWElogs[464521]: CROP, 1626311340141509861, VIE, 12
<134>2021-07-15T01:09:14Z cache-vie21629 MEWElogs[464521]: CROP, 1626311353484886101, VIE, 12
