<134>2021-07-15T02:02:16Z cache-mel11272 MEWElogs[390968]: GRAY, 1626314535147656650, MEL, 13
<134>2021-07-15T02:02:26Z cache-mia11368 MEWElogs[390968]: GRAY, 1626314546386315839, MIA, 13
<134>2021-07-15T02:02:32Z cache-stp9226 MEWElogs[390968]: GRAY, 1626314551751408765, STP, 13
<134>2021-07-15T02:02:47Z cache-lax10677 MEWElogs[390968]: GRAY, 1626314566597606488, LGB, 13
<134>2021-07-15T02:03:10Z cache-hkg17929 MEWElogs[390968]: GRAY, 1626314589933884034, HKG, 13
<134>2021-07-15T02:03:37Z cache-mci5951 MEWElogs[390968]: GRAY, 1626314617493339822, MCI, 13
<134>2021-07-15T02:03:52Z cache-mci5951 MEWElogs[390968]: GRAY, 1626314631869914481, MCI, 13
<134>2021-07-15T02:03:53Z cache-cdg20720 MEWElogs[390968]: GRAY, 1626314632035133563, CDG, 13
<134>2021-07-15T02:03:55Z cache-yul12826 MEWElogs[390968]: GRAY, 1626314634790059962, YUL, 13
<134>2021-07-15T02:04:09Z cache-cdg20720 MEWElogs[390968]: GRAY, 1626314648564757992, CDG, 13
<134>2021-07-15T02:04:28Z cache-osl6529 MEWElogs[390968]: GRAY, 1626314667168167239, OSL, 13
<134>2021-07-15T02:04:28Z cache-scl19427 MEWElogs[390968]: GRAY, 1626314667917801158, SCL, 13
<134>2021-07-15T02:05:02Z cache-jax20933 MEWElogs[390968]: GRAY, 1626314702140305561, JAX, 13
<134>2021-07-15T02:05:04Z cache-ewr18156 MEWElogs[390968]: GRAY, 1626314703270310182, EWR, 13
<134>2021-07-15T02:05:10Z cache-yul12826 MEWElogs[390968]: GRAY, 1626314709762544395, YUL, 13
<134>2021-07-15T02:05:28Z cache-osl6529 MEWElogs[390968]: GRAY, 1626314727643624856, OSL, 13
<134>2021-07-15T02:05:51Z cache-osl6529 MEWElogs[390968]: GRAY, 1626314750773554090, OSL, 13
<134>2021-07-15T02:05:52Z cache-scl19427 MEWElogs[390968]: GRAY, 1626314751738649241, SCL, 13
<134>2021-07-15T02:06:08Z cache-scl19427 MEWElogs[390968]: GRAY, 1626314768407701447, SCL, 13
<134>2021-07-15T02:06:14Z cache-cdg20720 MEWElogs[390968]: GRAY, 1626314773185840192, CDG, 13
<134>2021-07-15T02:06:16Z cache-lax10677 MEWElogs[390968]: GRAY, 1626314775318517217, LGB, 13
<134>2021-07-15T02:06:19Z cache-osl6529 MEWElogs[390968]: GRAY, 1626314778558949755, OSL, 13
<134>2021-07-15T02:06:24Z cache-jax20933 MEWElogs[390968]: GRAY, 1626314783163323600, JAX, 13
<134>2021-07-15T02:06:25Z cache-cdg20720 MEWElogs[390968]: GRAY, 1626314784589845368, CDG, 13
<134>2021-07-15T02:06:31Z cache-gig17035 MEWElogs[390968]: GRAY, 1626314790732028599, GIG, 13
<134>2021-07-15T02:06:36Z cache-lax10677 MEWElogs[390968]: GRAY, 1626314796201293809, LGB, 13
<134>2021-07-15T02:07:01Z cache-osl6529 MEWElogs[390968]: GRAY, 1626314820480160479, OSL, 13
<134>2021-07-15T02:07:02Z cache-lga21983 MEWElogs[390968]: GRAY, 1626314822151177269, LGA, 13
<134>2021-07-15T02:07:04Z cache-cdg20720 MEWElogs[390968]: GRAY, 1626314823124707085, CDG, 13
<134>2021-07-15T02:07:12Z cache-mel11272 MEWElogs[390968]: GRAY, 1626314831835008233, MEL, 13
<134>2021-07-15T02:07:20Z cache-cdg20720 MEWElogs[390968]: GRAY, 1626314839517563419, CDG, 13
<134>2021-07-15T02:07:24Z cache-osl6529 MEWElogs[390968]: GRAY, 1626314843312476827, OSL, 13
<134>2021-07-15T02:07:44Z cache-jax20933 MEWElogs[390968]: GRAY, 1626314863956421311, JAX, 13
<134>2021-07-15T02:07:47Z cache-bom4751 MEWElogs[390968]: GRAY, 1626314867017975713, BOM, 13
<134>2021-07-15T02:07:47Z cache-mel11272 MEWElogs[390968]: GRAY, 1626314866862079854, MEL, 13
<134>2021-07-15T02:07:54Z cache-bom4751 MEWElogs[390968]: GRAY, 1626314873294128637, BOM, 13
<134>2021-07-15T02:07:56Z cache-osl6529 MEWElogs[390968]: GRAY, 1626314875370353001, OSL, 13
<134>2021-07-15T02:08:10Z cache-cdg20720 MEWElogs[390968]: GRAY, 1626314889623972968, CDG, 13
<134>2021-07-15T02:08:13Z cache-scl19427 MEWElogs[390968]: GRAY, 1626314893303078605, SCL, 13
<134>2021-07-15T02:08:22Z cache-scl19427 MEWElogs[390968]: GRAY, 1626314901534885506, SCL, 13
<134>2021-07-15T02:08:30Z cache-mel11272 MEWElogs[390968]: GRAY, 1626314909361051815, MEL, 13
<134>2021-07-15T02:08:33Z cache-ewr18156 MEWElogs[390968]: GRAY, 1626314912499799228, EWR, 13
<134>2021-07-15T02:08:38Z cache-osl6529 MEWElogs[390968]: GRAY, 1626314917631697929, OSL, 13
<134>2021-07-15T02:08:44Z cache-gig17035 MEWElogs[390968]: GRAY, 1626314923226263049, GIG, 13
<134>2021-07-15T02:08:51Z cache-mel11272 MEWElogs[390968]: GRAY, 1626314930401091213, MEL, 13
<134>2021-07-15T02:09:28Z cache-scl19427 MEWElogs[390968]: GRAY, 1626314968009814607, SCL, 13
<134>2021-07-15T02:09:43Z cache-cdg20720 MEWElogs[390968]: GRAY, 1626314982034958372, CDG, 13
<134>2021-07-15T02:09:52Z cache-osl6529 MEWElogs[390968]: GRAY, 1626314991483363363, OSL, 13
<134>2021-07-15T02:10:01Z cache-scl19427 MEWElogs[390968]: GRAY, 1626315001314778752, SCL, 13
<134>2021-07-15T02:10:17Z cache-gig17035 MEWElogs[390968]: GRAY, 1626315016818620298, GIG, 13
<134>2021-07-15T02:10:43Z cache-bom4751 MEWElogs[390968]: GRAY, 1626315042444887180, BOM, 13
<134>2021-07-15T02:11:00Z cache-scl19427 MEWElogs[390968]: GRAY, 1626315060171383850, SCL, 13
<134>2021-07-15T02:11:08Z cache-scl19427 MEWElogs[390968]: GRAY, 1626315068556293763, SCL, 13
<134>2021-07-15T02:11:17Z cache-scl19427 MEWElogs[390968]: GRAY, 1626315076859052919, SCL, 13
<134>2021-07-15T02:11:25Z cache-ewr18156 MEWElogs[390968]: GRAY, 1626315085171120065, EWR, 13
<134>2021-07-15T02:11:49Z cache-cdg20720 MEWElogs[390968]: GRAY, 1626315108205232699, CDG, 13
<134>2021-07-15T02:11:58Z cache-bom4751 MEWElogs[390968]: GRAY, 1626315117990486793, BOM, 13
