<134>2021-07-15T01:31:36Z cache-wdc5583 MEWElogs[292213]: GRAY, 1626312695816272522, WDC, 13
<134>2021-07-15T01:31:44Z cache-pdk17882 MEWElogs[292213]: GRAY, 1626312703252953876, PDK, 13
<134>2021-07-15T01:31:51Z cache-akl10324 MEWElogs[292213]: GRAY, 1626312710259635659, AKL, 13
<134>2021-07-15T01:32:05Z cache-akl10324 MEWElogs[292213]: GRAY, 1626312724486174597, AKL, 13
<134>2021-07-15T01:32:06Z cache-eze19324 MEWElogs[292213]: GRAY, 1626312725269264294, EZE, 13
<134>2021-07-15T01:32:10Z cache-fty21383 MEWElogs[292213]: GRAY, 1626312729425328356, FTY, 13
<134>2021-07-15T01:32:48Z cache-wdc5583 MEWElogs[292213]: GRAY, 1626312767617787427, WDC, 13
<134>2021-07-15T01:33:19Z cache-eze19324 MEWElogs[292213]: GRAY, 1626312798378163815, EZE, 13
<134>2021-07-15T01:33:51Z cache-eze19324 MEWElogs[292213]: GRAY, 1626312830719313210, EZE, 13
<134>2021-07-15T01:33:52Z cache-chi21126 MEWElogs[292213]: GRAY, 1626312831083846267, CHI, 13
<134>2021-07-15T01:34:01Z cache-bos4657 MEWElogs[292213]: GRAY, 1626312840583558240, BOS, 13
<134>2021-07-15T01:35:05Z cache-chi21126 MEWElogs[292213]: GRAY, 1626312904843884118, CHI, 13
<134>2021-07-15T01:35:15Z cache-fra19177 MEWElogs[292213]: GRAY, 1626312914757468707, FRA, 13
<134>2021-07-15T01:35:22Z cache-bos4657 MEWElogs[292213]: GRAY, 1626312921462780915, BOS, 13
<134>2021-07-15T01:35:23Z cache-akl10324 MEWElogs[292213]: GRAY, 1626312922752471029, AKL, 13
<134>2021-07-15T01:35:30Z cache-hhn4077 MEWElogs[292213]: GRAY, 1626312929443788878, HHN, 13
<134>2021-07-15T01:35:53Z cache-pwk4920 MEWElogs[292213]: GRAY, 1626312953199834535, PWK, 13
<134>2021-07-15T01:36:03Z cache-hhn4077 MEWElogs[292213]: GRAY, 1626312962513097947, HHN, 13
<134>2021-07-15T01:36:15Z cache-fty21383 MEWElogs[292213]: GRAY, 1626312974275130082, FTY, 13
<134>2021-07-15T01:36:31Z cache-dfw18678 MEWElogs[292213]: GRAY, 1626312990775904617, DFW, 13
<134>2021-07-15T01:36:56Z cache-chi21126 MEWElogs[292213]: GRAY, 1626313015841822193, CHI, 13
<134>2021-07-15T01:37:08Z cache-fty21383 MEWElogs[292213]: GRAY, 1626313027225451698, FTY, 13
<134>2021-07-15T01:37:50Z cache-bos4657 MEWElogs[292213]: GRAY, 1626313069901930580, BOS, 13
<134>2021-07-15T01:38:09Z cache-bos4657 MEWElogs[292213]: GRAY, 1626313088552058397, BOS, 13
<134>2021-07-15T01:38:15Z cache-bos4657 MEWElogs[292213]: GRAY, 1626313094780492837, BOS, 13
<134>2021-07-15T01:38:38Z cache-cph20625 MEWElogs[292213]: GRAY, 1626313117620464675, CPH, 13
<134>2021-07-15T01:38:51Z cache-cph20625 MEWElogs[292213]: GRAY, 1626313130159955334, CPH, 13
<134>2021-07-15T01:39:21Z cache-fra19177 MEWElogs[292213]: GRAY, 1626313160874289455, FRA, 13
<134>2021-07-15T01:39:40Z cache-chi21126 MEWElogs[292213]: GRAY, 1626313179488931354, CHI, 13
<134>2021-07-15T01:39:43Z cache-del21735 MEWElogs[292213]: GRAY, 1626313183082453027, DEL, 13
<134>2021-07-15T01:39:45Z cache-hhn4077 MEWElogs[292213]: GRAY, 1626313184423472128, HHN, 13
<134>2021-07-15T01:39:48Z cache-akl10324 MEWElogs[292213]: GRAY, 1626313187790022348, AKL, 13
<134>2021-07-15T01:40:39Z cache-akl10324 MEWElogs[292213]: GRAY, 1626313238116950555, AKL, 13
<134>2021-07-15T01:40:55Z cache-hhn4077 MEWElogs[292213]: GRAY, 1626313254872281398, HHN, 13
<134>2021-07-15T01:40:59Z cache-del21735 MEWElogs[292213]: GRAY, 1626313258374407880, DEL, 13
<134>2021-07-15T01:40:59Z cache-dfw18678 MEWElogs[292213]: GRAY, 1626313258562805742, DFW, 13
<134>2021-07-15T01:41:00Z cache-akl10324 MEWElogs[292213]: GRAY, 1626313259264268110, AKL, 13
<134>2021-07-15T01:41:14Z cache-cwb20520 MEWElogs[292213]: GRAY, 1626313273738771052, CWB, 13
<134>2021-07-15T01:41:19Z cache-hhn4077 MEWElogs[292213]: GRAY, 1626313278595963479, HHN, 13
<134>2021-07-15T01:41:20Z cache-bos4657 MEWElogs[292213]: GRAY, 1626313280331733393, BOS, 13
