<134>2021-07-14T17:43:09Z cache-bom4751 MEWElogs[355776]: FLIPH, 1626284589016548903, BOM, 10
<134>2021-07-14T17:43:26Z cache-mel11272 MEWElogs[355776]: FLIPH, 1626284605511450955, MEL, -1
<134>2021-07-14T17:43:30Z cache-lga21983 MEWElogs[355776]: FLIPH, 1626284609782220686, LGA, 10
<134>2021-07-14T17:43:32Z cache-gru17149 MEWElogs[355776]: FLIPH, 1626284611560891155, GRU, 10
<134>2021-07-14T17:43:57Z cache-mel11272 MEWElogs[355776]: FLIPH, 1626284636070532806, MEL, -1
<134>2021-07-14T17:43:59Z cache-ewr18156 MEWElogs[355776]: FLIPH, 1626284639257334600, EWR, 10
<134>2021-07-14T17:44:07Z cache-gru17149 MEWElogs[355776]: FLIPH, 1626284646788641825, GRU, -1
<134>2021-07-14T17:44:26Z cache-gru17149 MEWElogs[355776]: FLIPH, 1626284665653456824, GRU, -1
<134>2021-07-14T17:44:27Z cache-ewr18156 MEWElogs[355776]: FLIPH, 1626284667422232589, EWR, 10
<134>2021-07-14T17:44:33Z cache-scl19427 MEWElogs[355776]: FLIPH, 1626284672319282553, SCL, 10
<134>2021-07-14T17:44:55Z cache-gru17149 MEWElogs[355776]: FLIPH, 1626284694391948259, GRU, -1
<134>2021-07-14T17:45:01Z cache-ewr18156 MEWElogs[355776]: FLIPH, 1626284701545845797, EWR, -1
<134>2021-07-14T17:45:13Z cache-cdg20720 MEWElogs[355776]: FLIPH, 1626284712353903520, CDG, -1
<134>2021-07-14T17:45:14Z cache-gru17149 MEWElogs[355776]: FLIPH, 1626284713565913153, GRU, -1
<134>2021-07-14T17:45:17Z cache-bom4751 MEWElogs[355776]: FLIPH, 1626284717081809519, BOM, 10
<134>2021-07-14T17:45:20Z cache-ewr18156 MEWElogs[355776]: FLIPH, 1626284720058058013, EWR, -1
<134>2021-07-14T17:45:29Z cache-osl6529 MEWElogs[355776]: FLIPH, 1626284728842660746, OSL, 10
<134>2021-07-14T17:45:29Z cache-gig17035 MEWElogs[355776]: FLIPH, 1626284729490561280, GIG, 10
<134>2021-07-14T17:45:30Z cache-mel11272 MEWElogs[355776]: FLIPH, 1626284729160865098, MEL, 10
<134>2021-07-14T17:45:39Z cache-ewr18156 MEWElogs[355776]: FLIPH, 1626284739139658528, EWR, -1
<134>2021-07-14T17:45:43Z cache-bom4751 MEWElogs[355776]: FLIPH, 1626284743329604406, BOM, -1
<134>2021-07-14T17:45:45Z cache-lga21983 MEWElogs[355776]: FLIPH, 1626284744735021380, LGA, -1
<134>2021-07-14T17:46:03Z cache-bom4751 MEWElogs[355776]: FLIPH, 1626284762407909781, BOM, -1
<134>2021-07-14T17:46:10Z cache-ewr18156 MEWElogs[355776]: FLIPH, 1626284770069267940, EWR, 10
<134>2021-07-14T17:46:14Z cache-osl6529 MEWElogs[355776]: FLIPH, 1626284774356951337, OSL, 10
<134>2021-07-14T17:46:19Z cache-ewr18156 MEWElogs[355776]: FLIPH, 1626284779620732229, EWR, 10
<134>2021-07-14T17:46:31Z cache-stl4834 MEWElogs[355776]: FLIPH, 1626284791505530809, STL, -1
<134>2021-07-14T17:46:51Z cache-bom4751 MEWElogs[355776]: FLIPH, 1626284810419568344, BOM, -1
<134>2021-07-14T17:47:02Z cache-itm18851 MEWElogs[355776]: FLIPH, 1626284821175355313, ITM, 10
<134>2021-07-14T17:47:06Z cache-gig17035 MEWElogs[355776]: FLIPH, 1626284825772070710, GIG, 10
<134>2021-07-14T17:47:47Z cache-stl4834 MEWElogs[355776]: FLIPH, 1626284866416168203, STL, -1
<134>2021-07-14T17:47:52Z cache-syd10183 MEWElogs[355776]: FLIPH, 1626284871866570821, SYD, 10
<134>2021-07-14T17:47:55Z cache-scl19427 MEWElogs[355776]: FLIPH, 1626284874724973748, SCL, -1
<134>2021-07-14T17:47:56Z cache-cdg20720 MEWElogs[355776]: FLIPH, 1626284875798926976, CDG, -1
<134>2021-07-14T17:48:00Z cache-syd10183 MEWElogs[355776]: FLIPH, 1626284879330508829, SYD, -1
<134>2021-07-14T17:48:11Z cache-stl4834 MEWElogs[355776]: FLIPH, 1626284890515058946, STL, 10
<134>2021-07-14T17:48:18Z cache-gru17149 MEWElogs[355776]: FLIPH, 1626284897567112440, GRU, 10
<134>2021-07-14T17:48:23Z cache-hnd18722 MEWElogs[355776]: FLIPH, 1626284903161612602, HND, 10
<134>2021-07-14T17:48:27Z cache-bom4751 MEWElogs[355776]: FLIPH, 1626284907563355891, BOM, -1
<134>2021-07-14T17:48:31Z cache-hnd18722 MEWElogs[355776]: FLIPH, 1626284910886961962, HND, -1
<134>2021-07-14T17:48:33Z cache-itm18851 MEWElogs[355776]: FLIPH, 1626284912393741190, ITM, -1
<134>2021-07-14T17:48:41Z cache-bom4751 MEWElogs[355776]: FLIPH, 1626284920264864841, BOM, 10
<134>2021-07-14T17:48:41Z cache-pao17461 MEWElogs[355776]: FLIPH, 1626284921084639120, PAO, -1
<134>2021-07-14T17:48:46Z cache-cdg20720 MEWElogs[355776]: FLIPH, 1626284926138371502, CDG, -1
<134>2021-07-14T17:48:50Z cache-gig17035 MEWElogs[355776]: FLIPH, 1626284929277999214, GIG, -1
<134>2021-07-14T17:49:01Z cache-pao17461 MEWElogs[355776]: FLIPH, 1626284941909092056, PAO, -1
<134>2021-07-14T17:49:15Z cache-gru17149 MEWElogs[355776]: FLIPH, 1626284954737366370, GRU, 10
<134>2021-07-14T17:49:17Z cache-bom4751 MEWElogs[355776]: FLIPH, 1626284956790370423, BOM, -1
<134>2021-07-14T17:49:35Z cache-gru17149 MEWElogs[355776]: FLIPH, 1626284974121371142, GRU, 10
<134>2021-07-14T17:49:57Z cache-pao17461 MEWElogs[355776]: FLIPH, 1626284997089917320, PAO, 10
<134>2021-07-14T17:50:16Z cache-gig17035 MEWElogs[355776]: FLIPH, 1626285015571766658, GIG, 10
<134>2021-07-14T17:50:30Z cache-itm18851 MEWElogs[355776]: FLIPH, 1626285029191313406, ITM, 10
<134>2021-07-14T17:50:31Z cache-syd10183 MEWElogs[355776]: FLIPH, 1626285030818983658, SYD, -1
<134>2021-07-14T17:50:40Z cache-gig17035 MEWElogs[355776]: FLIPH, 1626285039881741398, GIG, 10
<134>2021-07-14T17:50:47Z cache-scl19427 MEWElogs[355776]: FLIPH, 1626285046796388389, SCL, 10
<134>2021-07-14T17:50:48Z cache-gig17035 MEWElogs[355776]: FLIPH, 1626285048223553298, GIG, -1
<134>2021-07-14T17:51:01Z cache-hnd18722 MEWElogs[355776]: FLIPH, 1626285060561641245, HND, -1
<134>2021-07-14T17:51:03Z cache-gig17035 MEWElogs[355776]: FLIPH, 1626285063436887248, GIG, 10
<134>2021-07-14T17:51:06Z cache-stl4834 MEWElogs[355776]: FLIPH, 1626285065903262042, STL, -1
<134>2021-07-14T17:51:15Z cache-hnd18722 MEWElogs[355776]: FLIPH, 1626285073927947280, HND, 10
<134>2021-07-14T17:51:32Z cache-scl19427 MEWElogs[355776]: FLIPH, 1626285091492218073, SCL, -1
<134>2021-07-14T17:51:33Z cache-hnd18722 MEWElogs[355776]: FLIPH, 1626285092237608681, HND, -1
<134>2021-07-14T17:51:54Z cache-syd10183 MEWElogs[355776]: FLIPH, 1626285113507090525, SYD, 10
<134>2021-07-14T17:52:11Z cache-gig17035 MEWElogs[355776]: FLIPH, 1626285131552428507, GIG, -1
<134>2021-07-14T17:52:13Z cache-bom4751 MEWElogs[355776]: FLIPH, 1626285132617732163, BOM, 10
<134>2021-07-14T17:52:23Z cache-scl19427 MEWElogs[355776]: FLIPH, 1626285143148661496, SCL, 10
<134>2021-07-14T17:52:47Z cache-gig17035 MEWElogs[355776]: FLIPH, 1626285167151506796, GIG, -1
<134>2021-07-14T17:52:57Z cache-scl19427 MEWElogs[355776]: FLIPH, 1626285176873714917, SCL, -1
<134>2021-07-14T17:53:04Z cache-pao17461 MEWElogs[355776]: FLIPH, 1626285184076399495, PAO, 10
