<134>2021-07-14T16:32:02Z cache-wdc5583 MEWElogs[308969]: FLIPH, 1626280321662788933, WDC, -1
<134>2021-07-14T16:32:04Z cache-cmh21547 MEWElogs[308969]: FLIPH, 1626280323844033666, CMH, -1
<134>2021-07-14T16:32:08Z cache-cmh21547 MEWElogs[308969]: FLIPH, 1626280327685422291, CMH, 10
<134>2021-07-14T16:32:30Z cache-mdw17383 MEWElogs[308969]: FLIPH, 1626280349645263631, MDW, -1
<134>2021-07-14T16:32:40Z cache-mdw17383 MEWElogs[308969]: FLIPH, 1626280360744372003, MDW, -1
<134>2021-07-14T16:32:41Z cache-bog6425 MEWElogs[308969]: FLIPH, 1626280361615794659, BOG, -1
<134>2021-07-14T16:32:42Z cache-pdk17882 MEWElogs[308969]: FLIPH, 1626280362460987969, PDK, -1
<134>2021-07-14T16:33:29Z cache-ams21020 MEWElogs[308969]: FLIPH, 1626280408269983871, AMS, -1
<134>2021-07-14T16:33:41Z cache-dca17782 MEWElogs[308969]: FLIPH, 1626280420719552573, DCA, -1
<134>2021-07-14T16:33:44Z cache-maa10251 MEWElogs[308969]: FLIPH, 1626280423884750087, MAA, -1
<134>2021-07-14T16:33:49Z cache-ams21020 MEWElogs[308969]: FLIPH, 1626280428339990544, AMS, 10
<134>2021-07-14T16:33:51Z cache-dca17782 MEWElogs[308969]: FLIPH, 1626280430182984798, DCA, -1
<134>2021-07-14T16:34:05Z cache-pdk17882 MEWElogs[308969]: FLIPH, 1626280444950891997, PDK, -1
<134>2021-07-14T16:34:05Z cache-ord1740 MEWElogs[308969]: FLIPH, 1626280445665704820, ORD, -1
<134>2021-07-14T16:34:43Z cache-bog6425 MEWElogs[308969]: FLIPH, 1626280482268049141, BOG, 10
<134>2021-07-14T16:35:06Z cache-eze19324 MEWElogs[308969]: FLIPH, 1626280506559665346, EZE, 10
<134>2021-07-14T16:35:07Z cache-maa10251 MEWElogs[308969]: FLIPH, 1626280506055125055, MAA, 10
<134>2021-07-14T16:35:43Z cache-dca17782 MEWElogs[308969]: FLIPH, 1626280543491270015, DCA, -1
<134>2021-07-14T16:35:51Z cache-eze19324 MEWElogs[308969]: FLIPH, 1626280550291633152, EZE, -1
<134>2021-07-14T16:36:03Z cache-pdk17882 MEWElogs[308969]: FLIPH, 1626280562276010425, PDK, -1
<134>2021-07-14T16:36:11Z cache-ams21020 MEWElogs[308969]: FLIPH, 1626280570412154973, AMS, -1
<134>2021-07-14T16:36:12Z cache-mdw17383 MEWElogs[308969]: FLIPH, 1626280571429134718, MDW, -1
<134>2021-07-14T16:36:17Z cache-bog6425 MEWElogs[308969]: FLIPH, 1626280577215416929, BOG, -1
<134>2021-07-14T16:36:37Z cache-cmh21547 MEWElogs[308969]: FLIPH, 1626280596889643931, CMH, -1
<134>2021-07-14T16:36:44Z cache-mdw17383 MEWElogs[308969]: FLIPH, 1626280604228634009, MDW, -1
<134>2021-07-14T16:36:48Z cache-bog6425 MEWElogs[308969]: FLIPH, 1626280607026027929, BOG, -1
<134>2021-07-14T16:36:54Z cache-ams21020 MEWElogs[308969]: FLIPH, 1626280613763207831, AMS, -1
<134>2021-07-14T16:36:57Z cache-bog6425 MEWElogs[308969]: FLIPH, 1626280617147159849, BOG, -1
<134>2021-07-14T16:37:12Z cache-ord1740 MEWElogs[308969]: FLIPH, 1626280631251557948, ORD, 10
<134>2021-07-14T16:37:14Z cache-ams21020 MEWElogs[308969]: FLIPH, 1626280634218918313, AMS, 10
<134>2021-07-14T16:37:54Z cache-ord1740 MEWElogs[308969]: FLIPH, 1626280673957698909, ORD, -1
<134>2021-07-14T16:37:54Z cache-maa10251 MEWElogs[308969]: FLIPH, 1626280673500659327, MAA, 10
<134>2021-07-14T16:38:03Z cache-pdk17882 MEWElogs[308969]: FLIPH, 1626280683463013127, PDK, 10
<134>2021-07-14T16:38:05Z cache-wdc5583 MEWElogs[308969]: FLIPH, 1626280684562482340, WDC, -1
<134>2021-07-14T16:38:18Z cache-bog6425 MEWElogs[308969]: FLIPH, 1626280697943171453, BOG, 10
<134>2021-07-14T16:38:30Z cache-cmh21547 MEWElogs[308969]: FLIPH, 1626280710330568138, CMH, 10
<134>2021-07-14T16:38:32Z cache-ams21020 MEWElogs[308969]: FLIPH, 1626280711043576763, AMS, 10
<134>2021-07-14T16:38:39Z cache-wdc5583 MEWElogs[308969]: FLIPH, 1626280718406482832, WDC, 10
<134>2021-07-14T16:39:03Z cache-ams21020 MEWElogs[308969]: FLIPH, 1626280742696162748, AMS, -1
<134>2021-07-14T16:39:07Z cache-pdk17882 MEWElogs[308969]: FLIPH, 1626280747699975697, PDK, 10
<134>2021-07-14T16:39:19Z cache-ord1740 MEWElogs[308969]: FLIPH, 1626280758240431144, ORD, 10
<134>2021-07-14T16:39:28Z cache-wdc5583 MEWElogs[308969]: FLIPH, 1626280768576111646, WDC, -1
<134>2021-07-14T16:39:38Z cache-eze19324 MEWElogs[308969]: FLIPH, 1626280777333617249, EZE, 10
<134>2021-07-14T16:39:42Z cache-mdw17383 MEWElogs[308969]: FLIPH, 1626280781125909579, MDW, -1
<134>2021-07-14T16:39:45Z cache-eze19324 MEWElogs[308969]: FLIPH, 1626280785815286444, EZE, -1
<134>2021-07-14T16:39:55Z cache-ams21020 MEWElogs[308969]: FLIPH, 1626280794711056739, AMS, -1
<134>2021-07-14T16:39:55Z cache-ord1740 MEWElogs[308969]: FLIPH, 1626280794400552708, ORD, 10
<134>2021-07-14T16:40:05Z cache-cmh21547 MEWElogs[308969]: FLIPH, 1626280804597708987, CMH, -1
<134>2021-07-14T16:40:22Z cache-ord1740 MEWElogs[308969]: FLIPH, 1626280821511636796, ORD, 10
<134>2021-07-14T16:40:22Z cache-wdc5583 MEWElogs[308969]: FLIPH, 1626280822053478046, WDC, -1
<134>2021-07-14T16:40:26Z cache-wdc5583 MEWElogs[308969]: FLIPH, 1626280825596003504, WDC, 10
<134>2021-07-14T16:40:36Z cache-wdc5583 MEWElogs[308969]: FLIPH, 1626280836159990366, WDC, 10
<134>2021-07-14T16:40:45Z cache-dca17782 MEWElogs[308969]: FLIPH, 1626280844912850724, DCA, -1
<134>2021-07-14T16:40:57Z cache-pdk17882 MEWElogs[308969]: FLIPH, 1626280856803644218, PDK, 10
<134>2021-07-14T16:41:13Z cache-bog6425 MEWElogs[308969]: FLIPH, 1626280872220884917, BOG, -1
<134>2021-07-14T16:41:16Z cache-ord1740 MEWElogs[308969]: FLIPH, 1626280875328226577, ORD, 10
<134>2021-07-14T16:41:25Z cache-wdc5583 MEWElogs[308969]: FLIPH, 1626280885009515082, WDC, -1
<134>2021-07-14T16:41:30Z cache-ord1740 MEWElogs[308969]: FLIPH, 1626280890627375100, ORD, -1
<134>2021-07-14T16:41:35Z cache-eze19324 MEWElogs[308969]: FLIPH, 1626280894620217116, EZE, 10
<134>2021-07-14T16:42:00Z cache-wdc5583 MEWElogs[308969]: FLIPH, 1626280919571460248, WDC, 10
