<134>2021-07-15T05:29:30Z cache-stl4834 MEWElogs[355776]: ROTATE, 1626326969508643236, STL, 15
<134>2021-07-15T05:30:12Z cache-itm18851 MEWElogs[355776]: ROTATE, 1626327012066628420, ITM, 15
<134>2021-07-15T05:30:23Z cache-stl4834 MEWElogs[355776]: ROTATE, 1626327023620170694, STL, 15
<134>2021-07-15T05:30:43Z cache-bma1628 MEWElogs[355776]: ROTATE, 1626327042449645664, BMA, 15
<134>2021-07-15T05:31:17Z cache-bma1628 MEWElogs[355776]: ROTATE, 1626327076945843482, BMA, 15
<134>2021-07-15T05:31:47Z cache-pao17461 MEWElogs[355776]: ROTATE, 1626327106964696089, PAO, 15
<134>2021-07-15T05:31:54Z cache-cgh11183 MEWElogs[355776]: ROTATE, 1626327114481370795, CGH, 15
<134>2021-07-15T05:32:35Z cache-bma1628 MEWElogs[355776]: ROTATE, 1626327154575641439, BMA, 15
<134>2021-07-15T05:32:43Z cache-bma1628 MEWElogs[355776]: ROTATE, 1626327163220424535, BMA, 15
<134>2021-07-15T05:33:48Z cache-pao17461 MEWElogs[355776]: ROTATE, 1626327227689567488, PAO, 15
<134>2021-07-15T05:34:01Z cache-sjc10078 MEWElogs[355776]: ROTATE, 1626327240955971744, SJC, 15
<134>2021-07-15T05:34:06Z cache-hnd18722 MEWElogs[355776]: ROTATE, 1626327245433858913, HND, 15
<134>2021-07-15T05:34:10Z cache-cgh11183 MEWElogs[355776]: ROTATE, 1626327250037103963, CGH, 15
<134>2021-07-15T05:34:20Z cache-cgh11183 MEWElogs[355776]: ROTATE, 1626327259473216376, CGH, 15
<134>2021-07-15T05:34:28Z cache-hnd18722 MEWElogs[355776]: ROTATE, 1626327267850659139, HND, 15
<134>2021-07-15T05:35:59Z cache-pao17461 MEWElogs[355776]: ROTATE, 1626327358077159484, PAO, 15
<134>2021-07-15T05:36:31Z cache-hnd18722 MEWElogs[355776]: ROTATE, 1626327390201280203, HND, 15
<134>2021-07-15T05:36:34Z cache-cgh11183 MEWElogs[355776]: ROTATE, 1626327394216674242, CGH, 15
<134>2021-07-15T05:37:15Z cache-cgh11122 MEWElogs[355776]: ROTATE, 1626327435124149385, CGH, 15
<134>2021-07-15T05:37:41Z cache-sjc10078 MEWElogs[355776]: ROTATE, 1626327460669900580, SJC, 15
<134>2021-07-15T05:38:11Z cache-cgh11183 MEWElogs[355776]: ROTATE, 1626327490645620283, CGH, 15
<134>2021-07-15T05:38:29Z cache-tyo11974 MEWElogs[355776]: ROTATE, 1626327508729424099, TYO, 15
<134>2021-07-15T05:38:49Z cache-cgh11183 MEWElogs[355776]: ROTATE, 1626327528856287829, CGH, 15
<134>2021-07-15T05:38:57Z cache-tyo11974 MEWElogs[355776]: ROTATE, 1626327536152493376, TYO, 15
<134>2021-07-15T05:39:08Z cache-sjc10078 MEWElogs[355776]: ROTATE, 1626327547507444753, SJC, 15
<134>2021-07-15T05:39:17Z cache-cgh11183 MEWElogs[355776]: ROTATE, 1626327557294972732, CGH, 15
