<134>2021-07-14T16:52:03Z cache-fty21383 MEWElogs[308969]: FLIPH, 1626281522370874292, FTY, 10
<134>2021-07-14T16:52:32Z cache-del21735 MEWElogs[308969]: FLIPH, 1626281551123779795, DEL, 10
<134>2021-07-14T16:52:33Z cache-hhn4077 MEWElogs[308969]: FLIPH, 1626281552831033386, HHN, 10
<134>2021-07-14T16:53:05Z cache-dub4329 MEWElogs[308969]: FLIPH, 1626281584622375155, DUB, -1
<134>2021-07-14T16:53:19Z cache-chi21126 MEWElogs[308969]: FLIPH, 1626281599652887020, CHI, -1
<134>2021-07-14T16:53:32Z cache-akl10324 MEWElogs[308969]: FLIPH, 1626281611725531731, AKL, 10
<134>2021-07-14T16:53:47Z cache-pwk4920 MEWElogs[308969]: FLIPH, 1626281626462534959, PWK, -1
<134>2021-07-14T16:53:50Z cache-pwk4920 MEWElogs[308969]: FLIPH, 1626281629811232433, PWK, 10
<134>2021-07-14T16:53:50Z cache-hhn4077 MEWElogs[308969]: FLIPH, 1626281630029274333, HHN, -1
<134>2021-07-14T16:54:00Z cache-dfw18678 MEWElogs[308969]: FLIPH, 1626281639705394901, DFW, -1
<134>2021-07-14T16:54:16Z cache-dub4329 MEWElogs[308969]: FLIPH, 1626281655728616169, DUB, -1
<134>2021-07-14T16:54:29Z cache-hhn4077 MEWElogs[308969]: FLIPH, 1626281668764026035, HHN, 10
<134>2021-07-14T16:54:33Z cache-bos4657 MEWElogs[308969]: FLIPH, 1626281672225254938, BOS, 10
<134>2021-07-14T16:54:40Z cache-pwk4920 MEWElogs[308969]: FLIPH, 1626281679253422187, PWK, 10
<134>2021-07-14T16:54:52Z cache-akl10324 MEWElogs[308969]: FLIPH, 1626281692596711704, AKL, 10
<134>2021-07-14T16:55:09Z cache-cph20625 MEWElogs[308969]: FLIPH, 1626281709546949450, CPH, 10
<134>2021-07-14T16:55:26Z cache-fty21383 MEWElogs[308969]: FLIPH, 1626281726344714228, FTY, -1
<134>2021-07-14T16:55:36Z cache-fty21383 MEWElogs[308969]: FLIPH, 1626281735317297626, FTY, -1
<134>2021-07-14T16:55:43Z cache-dub4329 MEWElogs[308969]: FLIPH, 1626281742803423549, DUB, -1
<134>2021-07-14T16:55:48Z cache-hhn4077 MEWElogs[308969]: FLIPH, 1626281747657549924, HHN, 10
<134>2021-07-14T16:56:01Z cache-cph20625 MEWElogs[308969]: FLIPH, 1626281760205655942, CPH, -1
<134>2021-07-14T16:56:21Z cache-hhn4077 MEWElogs[308969]: FLIPH, 1626281780474060663, HHN, 10
<134>2021-07-14T16:56:26Z cache-akl10324 MEWElogs[308969]: FLIPH, 1626281784931553703, AKL, 10
<134>2021-07-14T16:56:45Z cache-hel6829 MEWElogs[308969]: FLIPH, 1626281804185789990, HEL, -1
<134>2021-07-14T16:56:48Z cache-bos4657 MEWElogs[308969]: FLIPH, 1626281808663292114, BOS, 10
<134>2021-07-14T16:56:49Z cache-dub4329 MEWElogs[308969]: FLIPH, 1626281808550944231, DUB, 10
<134>2021-07-14T16:56:57Z cache-chi21126 MEWElogs[308969]: FLIPH, 1626281816009568229, CHI, -1
<134>2021-07-14T16:56:57Z cache-dub4329 MEWElogs[308969]: FLIPH, 1626281816357866983, DUB, 10
<134>2021-07-14T16:57:13Z cache-akl10324 MEWElogs[308969]: FLIPH, 1626281832161638773, AKL, -1
<134>2021-07-14T16:57:18Z cache-hel6829 MEWElogs[308969]: FLIPH, 1626281837531662342, HEL, 10
<134>2021-07-14T16:57:23Z cache-cph20625 MEWElogs[308969]: FLIPH, 1626281842858794003, CPH, 10
<134>2021-07-14T16:57:33Z cache-hel6829 MEWElogs[308969]: FLIPH, 1626281853257703045, HEL, -1
<134>2021-07-14T16:57:34Z cache-hhn4077 MEWElogs[308969]: FLIPH, 1626281854403721587, HHN, -1
<134>2021-07-14T16:58:03Z cache-del21735 MEWElogs[308969]: FLIPH, 1626281882432192347, DEL, 10
<134>2021-07-14T16:58:08Z cache-bos4657 MEWElogs[308969]: FLIPH, 1626281887290718772, BOS, -1
<134>2021-07-14T16:58:12Z cache-del21735 MEWElogs[308969]: FLIPH, 1626281891916873384, DEL, 10
<134>2021-07-14T16:58:43Z cache-akl10324 MEWElogs[308969]: FLIPH, 1626281922901889424, AKL, -1
<134>2021-07-14T16:59:06Z cache-pwk4920 MEWElogs[308969]: FLIPH, 1626281945361645822, PWK, -1
<134>2021-07-14T16:59:15Z cache-iah17271 MEWElogs[308969]: FLIPH, 1626281954338955279, IAH, 10
<134>2021-07-14T16:59:38Z cache-dfw18678 MEWElogs[308969]: FLIPH, 1626281977246561257, DFW, -1
<134>2021-07-14T17:00:05Z cache-jnb7027 MEWElogs[308969]: FLIPH, 1626282003940330973, JNB, -1
<134>2021-07-14T17:00:21Z cache-dfw18678 MEWElogs[308969]: FLIPH, 1626282021077384737, DFW, -1
<134>2021-07-14T17:00:27Z cache-cwb20520 MEWElogs[308969]: FLIPH, 1626282026860357971, CWB, 10
<134>2021-07-14T17:00:39Z cache-pwk4920 MEWElogs[308969]: FLIPH, 1626282038806915090, PWK, 10
<134>2021-07-14T17:01:05Z cache-pwk4920 MEWElogs[308969]: FLIPH, 1626282065143074540, PWK, -1
<134>2021-07-14T17:01:12Z cache-den8274 MEWElogs[308969]: FLIPH, 1626282071272092475, DEN, 10
<134>2021-07-14T17:01:19Z cache-pwk4920 MEWElogs[308969]: FLIPH, 1626282078485390994, PWK, 10
<134>2021-07-14T17:01:22Z cache-hel6829 MEWElogs[308969]: FLIPH, 1626282081870758741, HEL, 10
<134>2021-07-14T17:01:23Z cache-lcy19283 MEWElogs[308969]: FLIPH, 1626282083074956924, LCY, -1
<134>2021-07-14T17:01:47Z cache-hhn4077 MEWElogs[308969]: FLIPH, 1626282107266127663, HHN, -1
