<134>2021-07-14T16:21:38Z cache-bog6425 MEWElogs[400146]: FLIPH, 1626279697977824385, BOG, 10
<134>2021-07-14T16:22:05Z cache-ord1740 MEWElogs[400146]: FLIPH, 1626279724637348738, ORD, 10
<134>2021-07-14T16:22:07Z cache-dca17782 MEWElogs[400146]: FLIPH, 1626279726351584887, DCA, 10
<134>2021-07-14T16:22:21Z cache-wdc5583 MEWElogs[400146]: FLIPH, 1626279740121178374, WDC, 10
<134>2021-07-14T16:22:28Z cache-eze19324 MEWElogs[400146]: FLIPH, 1626279747587176322, EZE, 10
<134>2021-07-14T16:22:31Z cache-wdc5583 MEWElogs[400146]: FLIPH, 1626279750452114559, WDC, 10
<134>2021-07-14T16:26:58Z cache-ord1740 MEWElogs[400146]: FLIPH, 1626280016995552522, ORD, -1
<134>2021-07-14T16:27:17Z cache-ams21020 MEWElogs[400146]: FLIPH, 1626280036104370631, AMS, 10
<134>2021-07-14T16:27:29Z cache-dca17782 MEWElogs[400146]: FLIPH, 1626280048259772440, DCA, 10
<134>2021-07-14T16:27:47Z cache-ams21020 MEWElogs[400146]: FLIPH, 1626280066464335869, AMS, -1
<134>2021-07-14T16:27:50Z cache-ams21020 MEWElogs[400146]: FLIPH, 1626280069404064555, AMS, 10
<134>2021-07-14T16:27:53Z cache-ord1740 MEWElogs[400146]: FLIPH, 1626280072163185989, ORD, -1
<134>2021-07-14T16:27:53Z cache-mdw17383 MEWElogs[400146]: FLIPH, 1626280072848089971, MDW, -1
<134>2021-07-14T16:27:59Z cache-wdc5583 MEWElogs[400146]: FLIPH, 1626280079286262009, WDC, -1
<134>2021-07-14T16:28:00Z cache-bog6425 MEWElogs[400146]: FLIPH, 1626280078980188266, BOG, 10
<134>2021-07-14T16:28:10Z cache-wdc5583 MEWElogs[400146]: FLIPH, 1626280090105172386, WDC, -1
<134>2021-07-14T16:28:15Z cache-cmh21547 MEWElogs[400146]: FLIPH, 1626280094165230426, CMH, -1
<134>2021-07-14T16:28:15Z cache-bog6425 MEWElogs[400146]: FLIPH, 1626280095547879095, BOG, -1
<134>2021-07-14T16:28:23Z cache-ord1740 MEWElogs[400146]: FLIPH, 1626280102209313427, ORD, 10
<134>2021-07-14T16:28:26Z cache-cmh21547 MEWElogs[400146]: FLIPH, 1626280105209130046, CMH, -1
<134>2021-07-14T16:28:34Z cache-dca17782 MEWElogs[400146]: FLIPH, 1626280113917342541, DCA, 10
<134>2021-07-14T16:29:23Z cache-pdk17882 MEWElogs[400146]: FLIPH, 1626280162677852772, PDK, -1
<134>2021-07-14T16:29:24Z cache-wdc5583 MEWElogs[400146]: FLIPH, 1626280163836353713, WDC, -1
<134>2021-07-14T16:29:26Z cache-maa10251 MEWElogs[400146]: FLIPH, 1626280166648061340, MAA, -1
<134>2021-07-14T16:29:28Z cache-bog6425 MEWElogs[400146]: FLIPH, 1626280167590381860, BOG, 10
<134>2021-07-14T16:29:46Z cache-cmh21547 MEWElogs[400146]: FLIPH, 1626280185136506926, CMH, 10
<134>2021-07-14T16:29:51Z cache-ord1740 MEWElogs[400146]: FLIPH, 1626280191016701296, ORD, -1
<134>2021-07-14T16:30:04Z cache-bog6425 MEWElogs[400146]: FLIPH, 1626280203997584483, BOG, -1
<134>2021-07-14T16:30:05Z cache-dca17782 MEWElogs[400146]: FLIPH, 1626280204402637086, DCA, -1
<134>2021-07-14T16:30:16Z cache-wdc5583 MEWElogs[400146]: FLIPH, 1626280216091275922, WDC, -1
<134>2021-07-14T16:30:18Z cache-ord1740 MEWElogs[400146]: FLIPH, 1626280218829464925, ORD, -1
<134>2021-07-14T16:30:22Z cache-eze19324 MEWElogs[400146]: FLIPH, 1626280221390163787, EZE, 10
<134>2021-07-14T16:30:27Z cache-mdw17383 MEWElogs[400146]: FLIPH, 1626280227337168320, MDW, -1
<134>2021-07-14T16:30:27Z cache-bog6425 MEWElogs[400146]: FLIPH, 1626280227001970351, BOG, 10
<134>2021-07-14T16:30:41Z cache-wdc5583 MEWElogs[400146]: FLIPH, 1626280241015219923, WDC, 10
<134>2021-07-14T16:30:45Z cache-dca17782 MEWElogs[400146]: FLIPH, 1626280245375462440, DCA, 10
<134>2021-07-14T16:30:48Z cache-pdk17882 MEWElogs[400146]: FLIPH, 1626280248110401365, PDK, 10
<134>2021-07-14T16:30:48Z cache-wdc5583 MEWElogs[400146]: FLIPH, 1626280247884844525, WDC, -1
<134>2021-07-14T16:30:57Z cache-bog6425 MEWElogs[400146]: FLIPH, 1626280256434139172, BOG, 10
<134>2021-07-14T16:31:10Z cache-eze19324 MEWElogs[400146]: FLIPH, 1626280269446784979, EZE, 10
<134>2021-07-14T16:31:10Z cache-cmh21547 MEWElogs[400146]: FLIPH, 1626280269267001782, CMH, -1
<134>2021-07-14T16:31:30Z cache-wdc5583 MEWElogs[400146]: FLIPH, 1626280289990872217, WDC, -1
<134>2021-07-14T16:31:33Z cache-pdk17882 MEWElogs[400146]: FLIPH, 1626280293285621853, PDK, 10
