<134>2021-07-15T00:38:44Z cache-del21735 MEWElogs[412844]: CROP, 1626309523537175843, DEL, 12
<134>2021-07-15T00:38:48Z cache-akl10324 MEWElogs[412844]: CROP, 1626309526957190290, AKL, 12
<134>2021-07-15T00:38:51Z cache-cph20625 MEWElogs[412844]: CROP, 1626309530008003108, CPH, 12
<134>2021-07-15T00:38:59Z cache-hel6829 MEWElogs[412844]: CROP, 1626309538071064586, HEL, 12
<134>2021-07-15T00:39:05Z cache-fty21383 MEWElogs[412844]: CROP, 1626309544888320576, FTY, 12
<134>2021-07-15T00:39:21Z cache-del21735 MEWElogs[412844]: CROP, 1626309560174098183, DEL, 12
<134>2021-07-15T00:39:24Z cache-bos4657 MEWElogs[412844]: CROP, 1626309564205386645, BOS, 12
<134>2021-07-15T00:39:25Z cache-del21735 MEWElogs[412844]: CROP, 1626309563851143817, DEL, 12
<134>2021-07-15T00:39:39Z cache-cph20625 MEWElogs[412844]: CROP, 1626309578555540036, CPH, 12
<134>2021-07-15T00:39:54Z cache-hel6829 MEWElogs[412844]: CROP, 1626309593031115922, HEL, 12
<134>2021-07-15T00:40:01Z cache-cph20625 MEWElogs[412844]: CROP, 1626309600308628237, CPH, 12
<134>2021-07-15T00:40:06Z cache-bos4657 MEWElogs[412844]: CROP, 1626309605410148720, BOS, 12
<134>2021-07-15T00:40:09Z cache-del21735 MEWElogs[412844]: CROP, 1626309607941753851, DEL, 12
<134>2021-07-15T00:40:09Z cache-cph20625 MEWElogs[412844]: CROP, 1626309608910220346, CPH, 12
<134>2021-07-15T00:40:11Z cache-chi21126 MEWElogs[412844]: CROP, 1626309610847289953, CHI, 12
<134>2021-07-15T00:40:16Z cache-dub4329 MEWElogs[412844]: CROP, 1626309615688396910, DUB, 12
<134>2021-07-15T00:40:20Z cache-chi21126 MEWElogs[412844]: CROP, 1626309619758013896, CHI, 12
<134>2021-07-15T00:40:20Z cache-bos4657 MEWElogs[412844]: CROP, 1626309620396646365, BOS, 12
<134>2021-07-15T00:40:25Z cache-fty21383 MEWElogs[412844]: CROP, 1626309624419416622, FTY, 12
<134>2021-07-15T00:40:35Z cache-pwk4920 MEWElogs[412844]: CROP, 1626309634027742984, PWK, 12
<134>2021-07-15T00:40:36Z cache-bos4657 MEWElogs[412844]: CROP, 1626309635423695096, BOS, 12
<134>2021-07-15T00:40:47Z cache-hel6829 MEWElogs[412844]: CROP, 1626309647522011957, HEL, 12
<134>2021-07-15T00:40:50Z cache-dfw18678 MEWElogs[412844]: CROP, 1626309649809723256, DFW, 12
<134>2021-07-15T00:40:50Z cache-bos4657 MEWElogs[412844]: CROP, 1626309650356382133, BOS, 12
<134>2021-07-15T00:41:00Z cache-del21735 MEWElogs[412844]: CROP, 1626309659529585397, DEL, 12
<134>2021-07-15T00:41:14Z cache-dfw18678 MEWElogs[412844]: CROP, 1626309674083558959, DFW, 12
<134>2021-07-15T00:41:18Z cache-hel6829 MEWElogs[412844]: CROP, 1626309677064541556, HEL, 12
<134>2021-07-15T00:41:22Z cache-cwb20520 MEWElogs[412844]: CROP, 1626309682090360165, CWB, 12
<134>2021-07-15T00:41:33Z cache-dfw18678 MEWElogs[412844]: CROP, 1626309692583494930, DFW, 12
<134>2021-07-15T00:41:59Z cache-lcy19283 MEWElogs[412844]: CROP, 1626309719415821016, LCY, 12
<134>2021-07-15T00:42:04Z cache-hel6829 MEWElogs[412844]: CROP, 1626309723225347930, HEL, 12
<134>2021-07-15T00:42:10Z cache-cwb20520 MEWElogs[412844]: CROP, 1626309729766388487, CWB, 12
<134>2021-07-15T00:42:24Z cache-lcy19283 MEWElogs[412844]: CROP, 1626309743192130938, LCY, 12
<134>2021-07-15T00:42:38Z cache-lcy19283 MEWElogs[412844]: CROP, 1626309757895010803, LCY, 12
<134>2021-07-15T00:42:48Z cache-cwb20520 MEWElogs[412844]: CROP, 1626309767953713812, CWB, 12
<134>2021-07-15T00:43:01Z cache-dal21283 MEWElogs[412844]: CROP, 1626309780652023558, DAL, 12
<134>2021-07-15T00:43:02Z cache-lcy19283 MEWElogs[412844]: CROP, 1626309781908246466, LCY, 12
<134>2021-07-15T00:43:08Z cache-lcy19283 MEWElogs[412844]: CROP, 1626309787832684571, LCY, 12
<134>2021-07-15T00:43:13Z cache-lcy19283 MEWElogs[412844]: CROP, 1626309793758106763, LCY, 12
<134>2021-07-15T00:43:14Z cache-cwb20520 MEWElogs[412844]: CROP, 1626309793194786117, CWB, 12
<134>2021-07-15T00:43:17Z cache-iah17271 MEWElogs[412844]: CROP, 1626309796704130559, IAH, 12
<134>2021-07-15T00:43:26Z cache-mad22068 MEWElogs[412844]: CROP, 1626309805146104048, MAD, 12
<134>2021-07-15T00:43:36Z cache-bur17583 MEWElogs[412844]: CROP, 1626309815846043047, BUR, 12
<134>2021-07-15T00:43:40Z cache-mrs10583 MEWElogs[412844]: CROP, 1626309818975150352, MRS, 12
<134>2021-07-15T00:43:44Z cache-lcy19283 MEWElogs[412844]: CROP, 1626309823059124889, LCY, 12
<134>2021-07-15T00:43:56Z cache-jnb7027 MEWElogs[412844]: CROP, 1626309835676514185, JNB, 12
<134>2021-07-15T00:43:58Z cache-bur17583 MEWElogs[412844]: CROP, 1626309837282219846, BUR, 12
<134>2021-07-15T00:44:00Z cache-hel6829 MEWElogs[412844]: CROP, 1626309840404199357, HEL, 12
<134>2021-07-15T00:44:01Z cache-cwb20520 MEWElogs[412844]: CROP, 1626309840204686850, CWB, 12
<134>2021-07-15T00:44:04Z cache-jnb7027 MEWElogs[412844]: CROP, 1626309843402393291, JNB, 12
<134>2021-07-15T00:44:20Z cache-mad22068 MEWElogs[412844]: CROP, 1626309859657457838, MAD, 12
<134>2021-07-15T00:44:33Z cache-den8274 MEWElogs[412844]: CROP, 1626309872501745533, DEN, 12
<134>2021-07-15T00:44:58Z cache-mad22068 MEWElogs[412844]: CROP, 1626309897774972137, MAD, 12
<134>2021-07-15T00:45:01Z cache-bur17583 MEWElogs[412844]: CROP, 1626309901639419625, BUR, 12
<134>2021-07-15T00:45:10Z cache-iah17271 MEWElogs[412844]: CROP, 1626309909696967280, IAH, 12
<134>2021-07-15T00:45:16Z cache-den8274 MEWElogs[412844]: CROP, 1626309916038909595, DEN, 12
<134>2021-07-15T00:45:28Z cache-dal21283 MEWElogs[412844]: CROP, 1626309927842747743, DAL, 12
<134>2021-07-15T00:45:31Z cache-cwb20520 MEWElogs[412844]: CROP, 1626309930189250886, CWB, 12
<134>2021-07-15T00:45:53Z cache-bur17583 MEWElogs[412844]: CROP, 1626309953748178193, BUR, 12
<134>2021-07-15T00:46:18Z cache-cwb20520 MEWElogs[412844]: CROP, 1626309977335428566, CWB, 12
<134>2021-07-15T00:46:21Z cache-lcy19283 MEWElogs[412844]: CROP, 1626309981321963660, LCY, 12
<134>2021-07-15T00:46:25Z cache-dal21283 MEWElogs[412844]: CROP, 1626309985596592784, DAL, 12
<134>2021-07-15T00:46:33Z cache-bur17583 MEWElogs[412844]: CROP, 1626309992799511904, BUR, 12
<134>2021-07-15T00:46:34Z cache-dal21283 MEWElogs[412844]: CROP, 1626309994727847676, DAL, 12
<134>2021-07-15T00:46:41Z cache-mad22068 MEWElogs[412844]: CROP, 1626310000568973532, MAD, 12
<134>2021-07-15T00:46:47Z cache-cwb20520 MEWElogs[412844]: CROP, 1626310007170787318, CWB, 12
<134>2021-07-15T00:46:48Z cache-den8274 MEWElogs[412844]: CROP, 1626310007149244289, DEN, 12
<134>2021-07-15T00:46:49Z cache-mrs10583 MEWElogs[412844]: CROP, 1626310008670038993, MRS, 12
<134>2021-07-15T00:46:49Z cache-iah17271 MEWElogs[412844]: CROP, 1626310008777477808, IAH, 12
<134>2021-07-15T00:46:58Z cache-lhr7382 MEWElogs[412844]: CROP, 1626310017270483117, LHR, 12
<134>2021-07-15T00:46:59Z cache-den8274 MEWElogs[412844]: CROP, 1626310018536603009, DEN, 12
<134>2021-07-15T00:47:00Z cache-cwb20520 MEWElogs[412844]: CROP, 1626310020008576798, CWB, 12
<134>2021-07-15T00:47:07Z cache-mad22068 MEWElogs[412844]: CROP, 1626310026061964262, MAD, 12
<134>2021-07-15T00:47:10Z cache-hkg17929 MEWElogs[412844]: CROP, 1626310030657166707, HKG, 12
<134>2021-07-15T00:47:14Z cache-jnb7027 MEWElogs[412844]: CROP, 1626310033280353060, JNB, 12
<134>2021-07-15T00:47:15Z cache-mrs10583 MEWElogs[412844]: CROP, 1626310034662432579, MRS, 12
<134>2021-07-15T00:47:20Z cache-bur17583 MEWElogs[412844]: CROP, 1626310040520239777, BUR, 12
<134>2021-07-15T00:47:22Z cache-mad22068 MEWElogs[412844]: CROP, 1626310041960141205, MAD, 12
<134>2021-07-15T00:47:35Z cache-lhr7382 MEWElogs[412844]: CROP, 1626310054614310906, LHR, 12
<134>2021-07-15T00:47:44Z cache-mad22068 MEWElogs[412844]: CROP, 1626310064615673680, MAD, 12
<134>2021-07-15T00:47:52Z cache-dal21283 MEWElogs[412844]: CROP, 1626310072504832460, DAL, 12
<134>2021-07-15T00:48:00Z cache-den8274 MEWElogs[412844]: CROP, 1626310079767043915, DEN, 12
<134>2021-07-15T00:48:04Z cache-lhr7382 MEWElogs[412844]: CROP, 1626310083089511367, LHR, 12
<134>2021-07-15T00:48:13Z cache-mci5951 MEWElogs[412844]: CROP, 1626310093272560744, MCI, 12
<134>2021-07-15T00:48:25Z cache-mia11368 MEWElogs[412844]: CROP, 1626310104504754038, MIA, 12
<134>2021-07-15T00:48:33Z cache-stp9226 MEWElogs[412844]: CROP, 1626310112783264864, STP, 12
<134>2021-07-15T00:48:37Z cache-hkg17929 MEWElogs[412844]: CROP, 1626310117154980360, HKG, 12
<134>2021-07-15T00:48:41Z cache-man4150 MEWElogs[412844]: CROP, 1626310120666308594, MAN, 12
