<134>2021-07-15T04:58:03Z cache-bur17583 MEWElogs[322023]: ROTATE, 1626325083776813216, BUR, 15
<134>2021-07-15T04:58:09Z cache-lhr7382 MEWElogs[322023]: ROTATE, 1626325088821805759, LHR, 15
<134>2021-07-15T04:58:30Z cache-mci5951 MEWElogs[322023]: ROTATE, 1626325109445160621, MCI, 15
<134>2021-07-15T04:58:31Z cache-mrs10583 MEWElogs[322023]: ROTATE, 1626325110367776091, MRS, 15
<134>2021-07-15T04:59:00Z cache-mci5951 MEWElogs[322023]: ROTATE, 1626325139889512992, MCI, 15
<134>2021-07-15T04:59:02Z cache-mrs10583 MEWElogs[322023]: ROTATE, 1626325141871826960, MRS, 15
<134>2021-07-15T04:59:28Z cache-lhr7382 MEWElogs[322023]: ROTATE, 1626325167198995383, LHR, 15
<134>2021-07-15T04:59:30Z cache-mci5951 MEWElogs[322023]: ROTATE, 1626325169959218982, MCI, 15
<134>2021-07-15T04:59:51Z cache-mci5951 MEWElogs[322023]: ROTATE, 1626325190116701367, MCI, 15
<134>2021-07-15T05:00:07Z cache-lhr7382 MEWElogs[322023]: ROTATE, 1626325206915917489, LHR, 15
<134>2021-07-15T05:00:29Z cache-stp9226 MEWElogs[322023]: ROTATE, 1626325228398028311, STP, 15
<134>2021-07-15T05:01:05Z cache-hkg17929 MEWElogs[322023]: ROTATE, 1626325264214358852, HKG, 15
<134>2021-07-15T05:01:11Z cache-lga21983 MEWElogs[322023]: ROTATE, 1626325271254656556, LGA, 15
<134>2021-07-15T05:01:27Z cache-lax10677 MEWElogs[322023]: ROTATE, 1626325286904758282, LGB, 15
<134>2021-07-15T05:02:55Z cache-yul12826 MEWElogs[322023]: ROTATE, 1626325374705417808, YUL, 15
<134>2021-07-15T05:03:02Z cache-lhr7382 MEWElogs[322023]: ROTATE, 1626325381255437345, LHR, 15
<134>2021-07-15T05:03:12Z cache-yul12826 MEWElogs[322023]: ROTATE, 1626325391972710848, YUL, 15
<134>2021-07-15T05:03:13Z cache-man4150 MEWElogs[322023]: ROTATE, 1626325392280267699, MAN, 15
<134>2021-07-15T05:03:35Z cache-mci5951 MEWElogs[322023]: ROTATE, 1626325414819383778, MCI, 15
<134>2021-07-15T05:04:05Z cache-lhr7382 MEWElogs[322023]: ROTATE, 1626325444889717118, LHR, 15
<134>2021-07-15T05:04:13Z cache-lhr7382 MEWElogs[322023]: ROTATE, 1626325452608886332, LHR, 15
<134>2021-07-15T05:04:30Z cache-lga21983 MEWElogs[322023]: ROTATE, 1626325469675177524, LGA, 15
<134>2021-07-15T05:04:36Z cache-lax10677 MEWElogs[322023]: ROTATE, 1626325475571603408, LGB, 15
<134>2021-07-15T05:04:48Z cache-lax10677 MEWElogs[322023]: ROTATE, 1626325487216694920, LGB, 15
<134>2021-07-15T05:04:57Z cache-lga21983 MEWElogs[322023]: ROTATE, 1626325496462029186, LGA, 15
<134>2021-07-15T05:05:26Z cache-ewr18156 MEWElogs[322023]: ROTATE, 1626325525646634436, EWR, 15
<134>2021-07-15T05:05:32Z cache-osl6529 MEWElogs[322023]: ROTATE, 1626325531191453961, OSL, 15
<134>2021-07-15T05:05:53Z cache-hkg17929 MEWElogs[322023]: ROTATE, 1626325552799833515, HKG, 15
<134>2021-07-15T05:06:09Z cache-mci5951 MEWElogs[322023]: ROTATE, 1626325569677942845, MCI, 15
<134>2021-07-15T05:06:11Z cache-yul12826 MEWElogs[322023]: ROTATE, 1626325570915910548, YUL, 15
<134>2021-07-15T05:06:29Z cache-yul12826 MEWElogs[322023]: ROTATE, 1626325587948538841, YUL, 15
<134>2021-07-15T05:07:07Z cache-bom4751 MEWElogs[322023]: ROTATE, 1626325626128101347, BOM, 15
<134>2021-07-15T05:07:24Z cache-mel11272 MEWElogs[322023]: ROTATE, 1626325643796829088, MEL, 15
<134>2021-07-15T05:07:42Z cache-mci5951 MEWElogs[322023]: ROTATE, 1626325661902545986, MCI, 15
