<134>2021-07-15T07:44:50Z cache-lhr7382 MEWElogs[39982]: UNSH, 1626335090612888954, LHR, 16
<134>2021-07-15T07:45:02Z cache-osl6529 MEWElogs[39982]: UNSH, 1626335102021994322, OSL, 16
<134>2021-07-15T07:45:33Z cache-man4150 MEWElogs[39982]: UNSH, 1626335132491297947, MAN, 16
<134>2021-07-15T07:46:03Z cache-lga21983 MEWElogs[39982]: UNSH, 1626335162928372587, LGA, 16
<134>2021-07-15T07:46:07Z cache-cdg20720 MEWElogs[39982]: UNSH, 1626335166580462257, CDG, 16
<134>2021-07-15T07:47:30Z cache-lga21983 MEWElogs[39982]: UNSH, 1626335249787336870, LGA, 16
<134>2021-07-15T07:47:43Z cache-lax10677 MEWElogs[39982]: UNSH, 1626335262989685284, LGB, 16
<134>2021-07-15T07:48:43Z cache-ewr18156 MEWElogs[39982]: UNSH, 1626335322399499736, EWR, 16
<134>2021-07-15T07:48:51Z cache-scl19427 MEWElogs[39982]: UNSH, 1626335329900763443, SCL, 16
<134>2021-07-15T07:49:56Z cache-gig17035 MEWElogs[39982]: UNSH, 1626335396707474954, GIG, 16
<134>2021-07-15T07:50:33Z cache-lax10677 MEWElogs[39982]: UNSH, 1626335432672842923, LGB, 16
<134>2021-07-15T07:50:43Z cache-lax10677 MEWElogs[39982]: UNSH, 1626335442539236158, LGB, 16
<134>2021-07-15T07:50:59Z cache-scl19427 MEWElogs[39982]: UNSH, 1626335458952256227, SCL, 16
<134>2021-07-15T07:51:10Z cache-mel11272 MEWElogs[39982]: UNSH, 1626335469688463211, MEL, 16
<134>2021-07-15T07:52:11Z cache-gru17149 MEWElogs[39982]: UNSH, 1626335530822493970, GRU, 16
<134>2021-07-15T07:52:45Z cache-itm18851 MEWElogs[39982]: UNSH, 1626335564691514929, ITM, 16
<134>2021-07-15T07:52:52Z cache-gru17149 MEWElogs[39982]: UNSH, 1626335571568107210, GRU, 16
<134>2021-07-15T07:53:36Z cache-scl19427 MEWElogs[39982]: UNSH, 1626335615569829382, SCL, 16
<134>2021-07-15T07:53:52Z cache-gru17149 MEWElogs[39982]: UNSH, 1626335631487954913, GRU, 16
<134>2021-07-15T07:54:04Z cache-hnd18722 MEWElogs[39982]: UNSH, 1626335644598660826, HND, 16
<134>2021-07-15T07:54:05Z cache-syd10183 MEWElogs[39982]: UNSH, 1626335644630718262, SYD, 16
<134>2021-07-15T07:54:33Z cache-cgh11122 MEWElogs[39982]: UNSH, 1626335672208090215, CGH, 16
<134>2021-07-15T07:54:42Z cache-gru17149 MEWElogs[39982]: UNSH, 1626335681753236150, GRU, 16
