<134>2021-07-14T21:41:14Z cache-chi21126 MEWElogs[292213]: BLUR, 1626298874087433738, CHI, 11
<134>2021-07-14T21:41:18Z cache-bos4657 MEWElogs[292213]: BLUR, 1626298878446123924, BOS, 11
<134>2021-07-14T21:41:31Z cache-dub4329 MEWElogs[292213]: BLUR, 1626298890642150715, DUB, 11
<134>2021-07-14T21:41:38Z cache-hel6829 MEWElogs[292213]: BLUR, 1626298897822909717, HEL, 11
<134>2021-07-14T21:42:13Z cache-cph20625 MEWElogs[292213]: BLUR, 1626298932462345403, CPH, 11
<134>2021-07-14T21:43:06Z cache-hhn4077 MEWElogs[292213]: BLUR, 1626298985203038575, HHN, 11
<134>2021-07-14T21:43:28Z cache-jnb7027 MEWElogs[292213]: BLUR, 1626299007118068201, JNB, 11
<134>2021-07-14T21:43:30Z cache-del21735 MEWElogs[292213]: BLUR, 1626299009161933312, DEL, 11
<134>2021-07-14T21:43:45Z cache-dfw18678 MEWElogs[292213]: BLUR, 1626299024830623562, DFW, 11
<134>2021-07-14T21:44:05Z cache-fra19177 MEWElogs[292213]: BLUR, 1626299044297101836, FRA, 11
<134>2021-07-14T21:44:16Z cache-hhn4077 MEWElogs[292213]: BLUR, 1626299055926244892, HHN, 11
<134>2021-07-14T21:45:24Z cache-iah17271 MEWElogs[292213]: BLUR, 1626299123232964245, IAH, 11
<134>2021-07-14T21:45:47Z cache-den8274 MEWElogs[292213]: BLUR, 1626299146832151818, DEN, 11
<134>2021-07-14T21:46:27Z cache-jnb7027 MEWElogs[292213]: BLUR, 1626299186783985275, JNB, 11
<134>2021-07-14T21:46:38Z cache-hhn4077 MEWElogs[292213]: BLUR, 1626299198068815960, HHN, 11
<134>2021-07-14T21:47:05Z cache-iah17271 MEWElogs[292213]: BLUR, 1626299224400642429, IAH, 11
<134>2021-07-14T21:48:20Z cache-den8274 MEWElogs[292213]: BLUR, 1626299300750645561, DEN, 11
<134>2021-07-14T21:49:05Z cache-pwk4920 MEWElogs[292213]: BLUR, 1626299345588533153, PWK, 11
<134>2021-07-14T21:49:23Z cache-pwk4920 MEWElogs[292213]: BLUR, 1626299363402005739, PWK, 11
<134>2021-07-14T21:49:44Z cache-hel6829 MEWElogs[292213]: BLUR, 1626299383402082906, HEL, 11
<134>2021-07-14T21:49:58Z cache-pwk4920 MEWElogs[292213]: BLUR, 1626299398028376490, PWK, 11
<134>2021-07-14T21:50:11Z cache-dal21283 MEWElogs[292213]: BLUR, 1626299410923691656, DAL, 11
<134>2021-07-14T21:50:22Z cache-lcy19283 MEWElogs[292213]: BLUR, 1626299421673506777, LCY, 11
