<134>2021-07-15T04:06:42Z cache-eze19324 MEWElogs[390968]: ROTATE, 1626322001545286786, EZE, 15
<134>2021-07-15T04:07:20Z cache-ams21020 MEWElogs[390968]: ROTATE, 1626322039630111598, AMS, 15
<134>2021-07-15T04:07:26Z cache-mdw17383 MEWElogs[390968]: ROTATE, 1626322045271763815, MDW, 15
<134>2021-07-15T04:07:28Z cache-eze19324 MEWElogs[390968]: ROTATE, 1626322047309215402, EZE, 15
<134>2021-07-15T04:07:36Z cache-ams21020 MEWElogs[390968]: ROTATE, 1626322055269272062, AMS, 15
<134>2021-07-15T04:07:51Z cache-maa10251 MEWElogs[390968]: ROTATE, 1626322070523378161, MAA, 15
<134>2021-07-15T04:08:03Z cache-cph20625 MEWElogs[390968]: ROTATE, 1626322082684589517, CPH, 15
<134>2021-07-15T04:08:18Z cache-ord1740 MEWElogs[390968]: ROTATE, 1626322097351979593, ORD, 15
<134>2021-07-15T04:08:31Z cache-wdc5583 MEWElogs[390968]: ROTATE, 1626322110817604084, WDC, 15
<134>2021-07-15T04:08:53Z cache-wdc5583 MEWElogs[390968]: ROTATE, 1626322132754935029, WDC, 15
<134>2021-07-15T04:08:56Z cache-pdk17882 MEWElogs[390968]: ROTATE, 1626322136035068965, PDK, 15
<134>2021-07-15T04:09:16Z cache-ams21020 MEWElogs[390968]: ROTATE, 1626322155577895715, AMS, 15
<134>2021-07-15T04:09:46Z cache-cph20625 MEWElogs[390968]: ROTATE, 1626322185577845701, CPH, 15
<134>2021-07-15T04:09:47Z cache-wdc5583 MEWElogs[390968]: ROTATE, 1626322186876980403, WDC, 15
<134>2021-07-15T04:09:50Z cache-mdw17383 MEWElogs[390968]: ROTATE, 1626322189867832525, MDW, 15
<134>2021-07-15T04:09:59Z cache-bog6425 MEWElogs[390968]: ROTATE, 1626322199486263277, BOG, 15
<134>2021-07-15T04:10:02Z cache-pdk17882 MEWElogs[390968]: ROTATE, 1626322201236561235, PDK, 15
<134>2021-07-15T04:10:33Z cache-cph20625 MEWElogs[390968]: ROTATE, 1626322232135888941, CPH, 15
<134>2021-07-15T04:10:35Z cache-dca17782 MEWElogs[390968]: ROTATE, 1626322234114032753, DCA, 15
<134>2021-07-15T04:10:48Z cache-maa10251 MEWElogs[390968]: ROTATE, 1626322247267110936, MAA, 15
<134>2021-07-15T04:10:54Z cache-dca17782 MEWElogs[390968]: ROTATE, 1626322253152524653, DCA, 15
<134>2021-07-15T04:10:57Z cache-mdw17383 MEWElogs[390968]: ROTATE, 1626322256855905202, MDW, 15
<134>2021-07-15T04:11:07Z cache-pdk17882 MEWElogs[390968]: ROTATE, 1626322266445196131, PDK, 15
<134>2021-07-15T04:11:10Z cache-cph20625 MEWElogs[390968]: ROTATE, 1626322269573254999, CPH, 15
<134>2021-07-15T04:11:14Z cache-ord1740 MEWElogs[390968]: ROTATE, 1626322273327985642, ORD, 15
<134>2021-07-15T04:11:18Z cache-bog6425 MEWElogs[390968]: ROTATE, 1626322278251591038, BOG, 15
<134>2021-07-15T04:11:26Z cache-eze19324 MEWElogs[390968]: ROTATE, 1626322286030893677, EZE, 15
<134>2021-07-15T04:11:35Z cache-wdc5583 MEWElogs[390968]: ROTATE, 1626322294185066216, WDC, 15
<134>2021-07-15T04:12:36Z cache-mdw17383 MEWElogs[390968]: ROTATE, 1626322355592873873, MDW, 15
<134>2021-07-15T04:13:03Z cache-cph20625 MEWElogs[390968]: ROTATE, 1626322382592428011, CPH, 15
<134>2021-07-15T04:13:04Z cache-ord1740 MEWElogs[390968]: ROTATE, 1626322383740761386, ORD, 15
<134>2021-07-15T04:13:08Z cache-bog6425 MEWElogs[390968]: ROTATE, 1626322387748899176, BOG, 15
<134>2021-07-15T04:13:30Z cache-eze19324 MEWElogs[390968]: ROTATE, 1626322409599066255, EZE, 15
<134>2021-07-15T04:13:41Z cache-eze19324 MEWElogs[390968]: ROTATE, 1626322420986328066, EZE, 15
<134>2021-07-15T04:13:55Z cache-dca17782 MEWElogs[390968]: ROTATE, 1626322434354628475, DCA, 15
<134>2021-07-15T04:14:27Z cache-ord1740 MEWElogs[390968]: ROTATE, 1626322466650471759, ORD, 15
<134>2021-07-15T04:14:37Z cache-cph20625 MEWElogs[390968]: ROTATE, 1626322476250920423, CPH, 15
<134>2021-07-15T04:14:46Z cache-cph20625 MEWElogs[390968]: ROTATE, 1626322485590533363, CPH, 15
<134>2021-07-15T04:14:58Z cache-ams21020 MEWElogs[390968]: ROTATE, 1626322497099646067, AMS, 15
<134>2021-07-15T04:15:01Z cache-maa10251 MEWElogs[390968]: ROTATE, 1626322499989914742, MAA, 15
<134>2021-07-15T04:15:07Z cache-bog6425 MEWElogs[390968]: ROTATE, 1626322507182158522, BOG, 15
<134>2021-07-15T04:15:46Z cache-eze19324 MEWElogs[390968]: ROTATE, 1626322545481230113, EZE, 15
