<134>2021-07-15T02:22:45Z cache-pao17461 MEWElogs[464521]: GRAY, 1626315764146939255, PAO, 13
<134>2021-07-15T02:22:47Z cache-sea4483 MEWElogs[464521]: GRAY, 1626315767021652644, SEA, 13
<134>2021-07-15T02:22:52Z cache-cgh11183 MEWElogs[464521]: GRAY, 1626315771954722919, CGH, 13
<134>2021-07-15T02:23:04Z cache-yyz4551 MEWElogs[464521]: GRAY, 1626315783323912750, YYZ, 13
<134>2021-07-15T02:23:17Z cache-sjc10078 MEWElogs[464521]: GRAY, 1626315797486546472, SJC, 13
<134>2021-07-15T02:23:32Z cache-cgh11122 MEWElogs[464521]: GRAY, 1626315811976652666, CGH, 13
<134>2021-07-15T02:24:15Z cache-vie21629 MEWElogs[464521]: GRAY, 1626315854877437851, VIE, 13
<134>2021-07-15T02:24:22Z cache-bma1628 MEWElogs[464521]: GRAY, 1626315861491945324, BMA, 13
<134>2021-07-15T02:24:22Z cache-sjc10078 MEWElogs[464521]: GRAY, 1626315862608072289, SJC, 13
<134>2021-07-15T02:24:40Z cache-sea4483 MEWElogs[464521]: GRAY, 1626315879052121071, SEA, 13
<134>2021-07-15T02:24:57Z cache-yyz4551 MEWElogs[464521]: GRAY, 1626315896980673386, YYZ, 13
<134>2021-07-15T02:25:03Z cache-cgh11183 MEWElogs[464521]: GRAY, 1626315903524696305, CGH, 13
<134>2021-07-15T02:25:14Z cache-tyo11974 MEWElogs[464521]: GRAY, 1626315913654035982, TYO, 13
<134>2021-07-15T02:25:33Z cache-tyo11974 MEWElogs[464521]: GRAY, 1626315932288608813, TYO, 13
<134>2021-07-15T02:25:46Z cache-vie21629 MEWElogs[464521]: GRAY, 1626315945606752237, VIE, 13
<134>2021-07-15T02:25:53Z cache-yyz4551 MEWElogs[464521]: GRAY, 1626315953505800446, YYZ, 13
<134>2021-07-15T02:25:56Z cache-vie21629 MEWElogs[464521]: GRAY, 1626315955703515504, VIE, 13
<134>2021-07-15T02:26:06Z cache-vie21629 MEWElogs[464521]: GRAY, 1626315965824419382, VIE, 13
<134>2021-07-15T02:26:11Z cache-tyo11974 MEWElogs[464521]: GRAY, 1626315969965932653, TYO, 13
<134>2021-07-15T02:26:26Z cache-cgh11183 MEWElogs[464521]: GRAY, 1626315986465152726, CGH, 13
<134>2021-07-15T02:26:34Z cache-cgh11183 MEWElogs[464521]: GRAY, 1626315993377740632, CGH, 13
<134>2021-07-15T02:26:38Z cache-yyz4551 MEWElogs[464521]: GRAY, 1626315998282151122, YYZ, 13
<134>2021-07-15T02:26:40Z cache-cgh11183 MEWElogs[464521]: GRAY, 1626316000242647648, CGH, 13
<134>2021-07-15T02:27:02Z cache-sea4483 MEWElogs[464521]: GRAY, 1626316021672024397, SEA, 13
<134>2021-07-15T02:27:09Z cache-sjc10078 MEWElogs[464521]: GRAY, 1626316028288679470, SJC, 13
<134>2021-07-15T02:27:35Z cache-cgh11183 MEWElogs[464521]: GRAY, 1626316054795974551, CGH, 13
<134>2021-07-15T02:27:58Z cache-tyo11974 MEWElogs[464521]: GRAY, 1626316078677941202, TYO, 13
<134>2021-07-15T02:28:04Z cache-bma1628 MEWElogs[464521]: GRAY, 1626316084568108443, BMA, 13
<134>2021-07-15T02:28:06Z cache-tyo11974 MEWElogs[464521]: GRAY, 1626316084983028745, TYO, 13
<134>2021-07-15T02:28:38Z cache-yyz4551 MEWElogs[464521]: GRAY, 1626316117786026021, YYZ, 13
<134>2021-07-15T02:28:53Z cache-bma1628 MEWElogs[464521]: GRAY, 1626316132385051968, BMA, 13
<134>2021-07-15T02:28:53Z cache-sea4483 MEWElogs[464521]: GRAY, 1626316132667393240, SEA, 13
<134>2021-07-15T02:30:19Z cache-vie21629 MEWElogs[464521]: GRAY, 1626316218249262160, VIE, 13
<134>2021-07-15T02:30:29Z cache-vie21629 MEWElogs[464521]: GRAY, 1626316228248861540, VIE, 13
<134>2021-07-15T02:31:55Z cache-tyo11974 MEWElogs[464521]: GRAY, 1626316314531498447, TYO, 13
<134>2021-07-15T02:31:55Z cache-yyz4551 MEWElogs[464521]: GRAY, 1626316314638364704, YYZ, 13
<134>2021-07-15T02:32:41Z cache-vie21629 MEWElogs[464521]: GRAY, 1626316359962341375, VIE, 13
