<134>2021-07-15T04:47:06Z cache-dal21283 MEWElogs[46369]: ROTATE, 1626324426172757841, DAL, 15
<134>2021-07-15T04:47:16Z cache-fra19177 MEWElogs[46369]: ROTATE, 1626324435979932544, FRA, 15
<134>2021-07-15T04:47:21Z cache-mad22068 MEWElogs[46369]: ROTATE, 1626324441131433296, MAD, 15
<134>2021-07-15T04:47:29Z cache-dal21283 MEWElogs[46369]: ROTATE, 1626324448851148807, DAL, 15
<134>2021-07-15T04:47:35Z cache-hel6829 MEWElogs[46369]: ROTATE, 1626324455649933582, HEL, 15
<134>2021-07-15T04:47:54Z cache-mad22068 MEWElogs[46369]: ROTATE, 1626324473760811456, MAD, 15
<134>2021-07-15T04:49:02Z cache-fra19177 MEWElogs[46369]: ROTATE, 1626324541563032268, FRA, 15
<134>2021-07-15T04:49:06Z cache-mad22068 MEWElogs[46369]: ROTATE, 1626324546382235315, MAD, 15
<134>2021-07-15T04:49:18Z cache-fra19177 MEWElogs[46369]: ROTATE, 1626324557725019582, FRA, 15
<134>2021-07-15T04:49:25Z cache-bur17583 MEWElogs[46369]: ROTATE, 1626324565447181815, BUR, 15
<134>2021-07-15T04:49:36Z cache-jnb7027 MEWElogs[46369]: ROTATE, 1626324576325658339, JNB, 15
<134>2021-07-15T04:49:38Z cache-den8274 MEWElogs[46369]: ROTATE, 1626324577015506526, DEN, 15
<134>2021-07-15T04:49:49Z cache-bur17583 MEWElogs[46369]: ROTATE, 1626324588838909107, BUR, 15
<134>2021-07-15T04:50:12Z cache-dal21283 MEWElogs[46369]: ROTATE, 1626324611699371343, DAL, 15
<134>2021-07-15T04:50:41Z cache-den8274 MEWElogs[46369]: ROTATE, 1626324641212201962, DEN, 15
<134>2021-07-15T04:51:00Z cache-dal21283 MEWElogs[46369]: ROTATE, 1626324659377630292, DAL, 15
<134>2021-07-15T04:51:11Z cache-jnb7027 MEWElogs[46369]: ROTATE, 1626324670890501084, JNB, 15
<134>2021-07-15T04:51:23Z cache-mad22068 MEWElogs[46369]: ROTATE, 1626324682536703295, MAD, 15
<134>2021-07-15T04:51:48Z cache-dal21283 MEWElogs[46369]: ROTATE, 1626324707680155286, DAL, 15
<134>2021-07-15T04:52:26Z cache-iah17271 MEWElogs[46369]: ROTATE, 1626324745114920038, IAH, 15
<134>2021-07-15T04:52:38Z cache-lhr7382 MEWElogs[46369]: ROTATE, 1626324757640901441, LHR, 15
<134>2021-07-15T04:52:42Z cache-stp9226 MEWElogs[46369]: ROTATE, 1626324761557857000, STP, 15
<134>2021-07-15T04:52:59Z cache-dal21283 MEWElogs[46369]: ROTATE, 1626324778003690601, DAL, 15
<134>2021-07-15T04:53:04Z cache-stp9226 MEWElogs[46369]: ROTATE, 1626324783110029631, STP, 15
<134>2021-07-15T04:53:23Z cache-iah17271 MEWElogs[46369]: ROTATE, 1626324802171529523, IAH, 15
<134>2021-07-15T04:53:32Z cache-mrs10583 MEWElogs[46369]: ROTATE, 1626324811899723521, MRS, 15
<134>2021-07-15T04:53:41Z cache-bur17583 MEWElogs[46369]: ROTATE, 1626324820867964330, BUR, 15
<134>2021-07-15T04:54:33Z cache-yul12826 MEWElogs[46369]: ROTATE, 1626324872139971208, YUL, 15
<134>2021-07-15T04:54:37Z cache-mad22068 MEWElogs[46369]: ROTATE, 1626324876028709763, MAD, 15
<134>2021-07-15T04:54:58Z cache-yul12826 MEWElogs[46369]: ROTATE, 1626324897943140652, YUL, 15
<134>2021-07-15T04:55:09Z cache-lhr7382 MEWElogs[46369]: ROTATE, 1626324908073704508, LHR, 15
<134>2021-07-15T04:55:15Z cache-bur17583 MEWElogs[46369]: ROTATE, 1626324914534499390, BUR, 15
<134>2021-07-15T04:55:33Z cache-yul12826 MEWElogs[46369]: ROTATE, 1626324932228247605, YUL, 15
<134>2021-07-15T04:55:41Z cache-yul12826 MEWElogs[46369]: ROTATE, 1626324940635131268, YUL, 15
<134>2021-07-15T04:55:48Z cache-lhr7382 MEWElogs[46369]: ROTATE, 1626324947271345674, LHR, 15
<134>2021-07-15T04:55:57Z cache-stp9226 MEWElogs[46369]: ROTATE, 1626324956925185761, STP, 15
<134>2021-07-15T04:56:11Z cache-lhr7382 MEWElogs[46369]: ROTATE, 1626324970536247151, LHR, 15
<134>2021-07-15T04:56:51Z cache-bur17583 MEWElogs[46369]: ROTATE, 1626325011595444014, BUR, 15
<134>2021-07-15T04:56:56Z cache-mci5951 MEWElogs[46369]: ROTATE, 1626325015875526818, MCI, 15
