<134>2021-07-15T06:41:52Z cache-cwb20520 MEWElogs[418388]: UNSH, 1626331312765941770, CWB, 16
<134>2021-07-15T06:43:26Z cache-jnb7027 MEWElogs[418388]: UNSH, 1626331406240797266, JNB, 16
<134>2021-07-15T06:44:18Z cache-dal21283 MEWElogs[418388]: UNSH, 1626331457693659458, DAL, 16
<134>2021-07-15T06:44:37Z cache-bur17583 MEWElogs[418388]: UNSH, 1626331476009363465, BUR, 16
<134>2021-07-15T06:44:49Z cache-lon4249 MEWElogs[418388]: UNSH, 1626331488746363521, LON, 16
<134>2021-07-15T06:44:54Z cache-lcy19283 MEWElogs[418388]: UNSH, 1626331493070219873, LCY, 16
<134>2021-07-15T06:45:03Z cache-hel6829 MEWElogs[418388]: UNSH, 1626331502031472727, HEL, 16
<134>2021-07-15T06:46:01Z cache-dal21283 MEWElogs[418388]: UNSH, 1626331560370392142, DAL, 16
<134>2021-07-15T06:46:04Z cache-cwb20520 MEWElogs[418388]: UNSH, 1626331563805040643, CWB, 16
<134>2021-07-15T06:47:00Z cache-den8274 MEWElogs[418388]: UNSH, 1626331619501210030, DEN, 16
<134>2021-07-15T06:47:05Z cache-iah17271 MEWElogs[418388]: UNSH, 1626331624923104096, IAH, 16
<134>2021-07-15T06:47:36Z cache-hel6829 MEWElogs[418388]: UNSH, 1626331655159546117, HEL, 16
<134>2021-07-15T06:47:53Z cache-lcy19283 MEWElogs[418388]: UNSH, 1626331672463104788, LCY, 16
<134>2021-07-15T06:48:02Z cache-lcy19283 MEWElogs[418388]: UNSH, 1626331681799912894, LCY, 16
<134>2021-07-15T06:48:29Z cache-iah17271 MEWElogs[418388]: UNSH, 1626331708639756342, IAH, 16
<134>2021-07-15T06:48:58Z cache-hel6829 MEWElogs[418388]: UNSH, 1626331737600530296, HEL, 16
<134>2021-07-15T06:49:04Z cache-lon4249 MEWElogs[418388]: UNSH, 1626331744615472370, LON, 16
<134>2021-07-15T06:49:18Z cache-hel6829 MEWElogs[418388]: UNSH, 1626331757842288426, HEL, 16
<134>2021-07-15T06:49:31Z cache-lon4249 MEWElogs[418388]: UNSH, 1626331770106343408, LON, 16
<134>2021-07-15T06:50:01Z cache-den8274 MEWElogs[418388]: UNSH, 1626331800327519293, DEN, 16
<134>2021-07-15T06:50:38Z cache-den8274 MEWElogs[418388]: UNSH, 1626331837847727259, DEN, 16
<134>2021-07-15T06:51:26Z cache-mrs10583 MEWElogs[418388]: UNSH, 1626331885368474612, MRS, 16
