<134>2021-07-14T23:05:32Z cache-scl19427 MEWElogs[464521]: BLUR, 1626303931768062858, SCL, 11
<134>2021-07-14T23:05:34Z cache-pao17461 MEWElogs[464521]: BLUR, 1626303933588303208, PAO, 11
<134>2021-07-14T23:05:53Z cache-syd10183 MEWElogs[464521]: BLUR, 1626303953172706772, SYD, 11
<134>2021-07-14T23:05:54Z cache-pao17461 MEWElogs[464521]: BLUR, 1626303953011451933, PAO, 11
<134>2021-07-14T23:06:23Z cache-hnd18722 MEWElogs[464521]: BLUR, 1626303982754040239, HND, 11
<134>2021-07-14T23:06:25Z cache-cdg20720 MEWElogs[464521]: BLUR, 1626303984294753423, CDG, 11
<134>2021-07-14T23:06:40Z cache-bom4751 MEWElogs[464521]: BLUR, 1626303998989021942, BOM, 11
<134>2021-07-14T23:06:41Z cache-cdg20720 MEWElogs[464521]: BLUR, 1626304001382649523, CDG, 11
<134>2021-07-14T23:07:06Z cache-pao17461 MEWElogs[464521]: BLUR, 1626304025417601141, PAO, 11
<134>2021-07-14T23:07:23Z cache-bom4751 MEWElogs[464521]: BLUR, 1626304042904462112, BOM, 11
<134>2021-07-14T23:07:51Z cache-hnd18722 MEWElogs[464521]: BLUR, 1626304071434243814, HND, 11
<134>2021-07-14T23:08:18Z cache-itm18851 MEWElogs[464521]: BLUR, 1626304098687609426, ITM, 11
<134>2021-07-14T23:08:26Z cache-stl4834 MEWElogs[464521]: BLUR, 1626304105457283065, STL, 11
<134>2021-07-14T23:08:36Z cache-pao17461 MEWElogs[464521]: BLUR, 1626304115088840237, PAO, 11
<134>2021-07-14T23:08:57Z cache-scl19427 MEWElogs[464521]: BLUR, 1626304137601905392, SCL, 11
<134>2021-07-14T23:09:21Z cache-gru17149 MEWElogs[464521]: BLUR, 1626304160660078538, GRU, 11
<134>2021-07-14T23:09:51Z cache-bom4751 MEWElogs[464521]: BLUR, 1626304190180027405, BOM, 11
<134>2021-07-14T23:10:25Z cache-syd10183 MEWElogs[464521]: BLUR, 1626304224458950215, SYD, 11
<134>2021-07-14T23:10:53Z cache-cdg20720 MEWElogs[464521]: BLUR, 1626304252904997067, CDG, 11
<134>2021-07-14T23:12:30Z cache-cgh11122 MEWElogs[464521]: BLUR, 1626304349029829342, CGH, 11
<134>2021-07-14T23:12:31Z cache-pao17461 MEWElogs[464521]: BLUR, 1626304350985248840, PAO, 11
<134>2021-07-14T23:12:49Z cache-cgh11122 MEWElogs[464521]: BLUR, 1626304368038512753, CGH, 11
<134>2021-07-14T23:13:20Z cache-stl4834 MEWElogs[464521]: BLUR, 1626304399388773799, STL, 11
<134>2021-07-14T23:14:28Z cache-hnd18722 MEWElogs[464521]: BLUR, 1626304467364160023, HND, 11
<134>2021-07-14T23:14:53Z cache-syd10183 MEWElogs[464521]: BLUR, 1626304492084920950, SYD, 11
<134>2021-07-14T23:14:56Z cache-gru17149 MEWElogs[464521]: BLUR, 1626304495097011305, GRU, 11
<134>2021-07-14T23:15:11Z cache-stl4834 MEWElogs[464521]: BLUR, 1626304510790017978, STL, 11
