<134>2021-07-15T04:47:12Z cache-jnb7027 MEWElogs[369035]: ROTATE, 1626324431537126568, JNB, 15
<134>2021-07-15T04:47:29Z cache-den8274 MEWElogs[369035]: ROTATE, 1626324448685102955, DEN, 15
<134>2021-07-15T04:48:14Z cache-dal21283 MEWElogs[369035]: ROTATE, 1626324493862781160, DAL, 15
<134>2021-07-15T04:48:19Z cache-jnb7027 MEWElogs[369035]: ROTATE, 1626324499391251267, JNB, 15
<134>2021-07-15T04:48:29Z cache-jnb7027 MEWElogs[369035]: ROTATE, 1626324509203848697, JNB, 15
<134>2021-07-15T04:48:51Z cache-lcy19283 MEWElogs[369035]: ROTATE, 1626324530414562522, LCY, 15
<134>2021-07-15T04:49:08Z cache-jnb7027 MEWElogs[369035]: ROTATE, 1626324547062453079, JNB, 15
<134>2021-07-15T04:49:23Z cache-lcy19283 MEWElogs[369035]: ROTATE, 1626324562414269058, LCY, 15
<134>2021-07-15T04:49:31Z cache-lcy19283 MEWElogs[369035]: ROTATE, 1626324570633504586, LCY, 15
<134>2021-07-15T04:49:47Z cache-mad22068 MEWElogs[369035]: ROTATE, 1626324586360931706, MAD, 15
<134>2021-07-15T04:49:47Z cache-den8274 MEWElogs[369035]: ROTATE, 1626324586396788592, DEN, 15
<134>2021-07-15T04:50:59Z cache-mad22068 MEWElogs[369035]: ROTATE, 1626324658182164028, MAD, 15
<134>2021-07-15T04:51:49Z cache-lcy19283 MEWElogs[369035]: ROTATE, 1626324708761974973, LCY, 15
<134>2021-07-15T04:52:11Z cache-mad22068 MEWElogs[369035]: ROTATE, 1626324730706031054, MAD, 15
<134>2021-07-15T04:52:28Z cache-mad22068 MEWElogs[369035]: ROTATE, 1626324747195216933, MAD, 15
<134>2021-07-15T04:52:53Z cache-bur17583 MEWElogs[369035]: ROTATE, 1626324772800118641, BUR, 15
<134>2021-07-15T04:53:14Z cache-yul12826 MEWElogs[369035]: ROTATE, 1626324794780525806, YUL, 15
<134>2021-07-15T04:53:21Z cache-dal21283 MEWElogs[369035]: ROTATE, 1626324800838406474, DAL, 15
<134>2021-07-15T04:53:57Z cache-lhr7382 MEWElogs[369035]: ROTATE, 1626324836605058991, LHR, 15
<134>2021-07-15T04:54:04Z cache-mrs10583 MEWElogs[369035]: ROTATE, 1626324843573233692, MRS, 15
<134>2021-07-15T04:54:20Z cache-jnb7027 MEWElogs[369035]: ROTATE, 1626324860037307818, JNB, 15
<134>2021-07-15T04:54:42Z cache-iah17271 MEWElogs[369035]: ROTATE, 1626324882153883223, IAH, 15
<134>2021-07-15T04:55:03Z cache-bur17583 MEWElogs[369035]: ROTATE, 1626324902985284375, BUR, 15
<134>2021-07-15T04:55:51Z cache-bur17583 MEWElogs[369035]: ROTATE, 1626324950787046484, BUR, 15
<134>2021-07-15T04:56:25Z cache-iah17271 MEWElogs[369035]: ROTATE, 1626324984836955956, IAH, 15
<134>2021-07-15T04:56:50Z cache-mrs10583 MEWElogs[369035]: ROTATE, 1626325009155068578, MRS, 15
<134>2021-07-15T04:56:50Z cache-dal21283 MEWElogs[369035]: ROTATE, 1626325009716352112, DAL, 15
<134>2021-07-15T04:57:06Z cache-yul12826 MEWElogs[369035]: ROTATE, 1626325026200134913, YUL, 15
