<134>2021-07-14T16:21:59Z cache-wdc5583 MEWElogs[320228]: FLIPH, 1626279719088178944, WDC, 10
<134>2021-07-14T16:27:09Z cache-mdw17383 MEWElogs[320228]: FLIPH, 1626280028222036848, MDW, -1
<134>2021-07-14T16:27:25Z cache-pdk17882 MEWElogs[320228]: FLIPH, 1626280044463509728, PDK, -1
<134>2021-07-14T16:27:34Z cache-mdw17383 MEWElogs[320228]: FLIPH, 1626280054294499369, MDW, 10
<134>2021-07-14T16:27:53Z cache-pdk17882 MEWElogs[320228]: FLIPH, 1626280072167276113, PDK, -1
<134>2021-07-14T16:28:02Z cache-pdk17882 MEWElogs[320228]: FLIPH, 1626280081211873333, PDK, -1
<134>2021-07-14T16:28:18Z cache-cmh21547 MEWElogs[320228]: FLIPH, 1626280098054787497, CMH, 10
<134>2021-07-14T16:28:28Z cache-maa10251 MEWElogs[320228]: FLIPH, 1626280107445833324, MAA, -1
<134>2021-07-14T16:28:40Z cache-ams21020 MEWElogs[320228]: FLIPH, 1626280119637573817, AMS, 10
<134>2021-07-14T16:28:47Z cache-maa10251 MEWElogs[320228]: FLIPH, 1626280126844672595, MAA, -1
<134>2021-07-14T16:29:09Z cache-cmh21547 MEWElogs[320228]: FLIPH, 1626280149051622062, CMH, -1
<134>2021-07-14T16:29:21Z cache-dca17782 MEWElogs[320228]: FLIPH, 1626280160663535054, DCA, 10
<134>2021-07-14T16:29:25Z cache-bog6425 MEWElogs[320228]: FLIPH, 1626280164728564145, BOG, -1
<134>2021-07-14T16:29:55Z cache-ams21020 MEWElogs[320228]: FLIPH, 1626280194932071691, AMS, -1
<134>2021-07-14T16:30:06Z cache-wdc5583 MEWElogs[320228]: FLIPH, 1626280205513769403, WDC, -1
<134>2021-07-14T16:30:07Z cache-maa10251 MEWElogs[320228]: FLIPH, 1626280206505450990, MAA, -1
<134>2021-07-14T16:30:08Z cache-dca17782 MEWElogs[320228]: FLIPH, 1626280207371140574, DCA, 10
<134>2021-07-14T16:30:14Z cache-dca17782 MEWElogs[320228]: FLIPH, 1626280214110553951, DCA, -1
<134>2021-07-14T16:30:18Z cache-dca17782 MEWElogs[320228]: FLIPH, 1626280217310646685, DCA, 10
<134>2021-07-14T16:31:03Z cache-cmh21547 MEWElogs[320228]: FLIPH, 1626280262283930080, CMH, 10
<134>2021-07-14T16:31:07Z cache-eze19324 MEWElogs[320228]: FLIPH, 1626280266245948245, EZE, -1
<134>2021-07-14T16:31:13Z cache-ord1740 MEWElogs[320228]: FLIPH, 1626280273163963235, ORD, -1
<134>2021-07-14T16:31:26Z cache-maa10251 MEWElogs[320228]: FLIPH, 1626280286201408158, MAA, -1
<134>2021-07-14T16:31:46Z cache-cmh21547 MEWElogs[320228]: FLIPH, 1626280306122495188, CMH, 10
<134>2021-07-14T16:31:47Z cache-maa10251 MEWElogs[320228]: FLIPH, 1626280306072969061, MAA, -1
