<134>2021-07-15T00:48:43Z cache-bur17583 MEWElogs[21956]: CROP, 1626310122086848438, BUR, 12
<134>2021-07-15T00:48:48Z cache-mci5951 MEWElogs[21956]: CROP, 1626310127644659007, MCI, 12
<134>2021-07-15T00:48:48Z cache-mia11368 MEWElogs[21956]: CROP, 1626310127869469506, MIA, 12
<134>2021-07-15T00:48:57Z cache-mia11368 MEWElogs[21956]: CROP, 1626310136865763118, MIA, 12
<134>2021-07-15T00:48:57Z cache-jax20933 MEWElogs[21956]: CROP, 1626310136999419025, JAX, 12
<134>2021-07-15T00:49:02Z cache-man4150 MEWElogs[21956]: CROP, 1626310141305092187, MAN, 12
<134>2021-07-15T00:49:06Z cache-mia11368 MEWElogs[21956]: CROP, 1626310146102613259, MIA, 12
<134>2021-07-15T00:49:12Z cache-mel11272 MEWElogs[21956]: CROP, 1626310150919047702, MEL, 12
<134>2021-07-15T00:49:33Z cache-bur17583 MEWElogs[21956]: CROP, 1626310173115815383, BUR, 12
<134>2021-07-15T00:49:41Z cache-mci5951 MEWElogs[21956]: CROP, 1626310180230663212, MCI, 12
<134>2021-07-15T00:49:46Z cache-lax10677 MEWElogs[21956]: CROP, 1626310186329524550, LGB, 12
<134>2021-07-15T00:49:56Z cache-lhr7382 MEWElogs[21956]: CROP, 1626310195144255177, LHR, 12
<134>2021-07-15T00:49:58Z cache-jax20933 MEWElogs[21956]: CROP, 1626310198381588537, JAX, 12
<134>2021-07-15T00:50:10Z cache-mci5951 MEWElogs[21956]: CROP, 1626310210433979089, MCI, 12
<134>2021-07-15T00:50:17Z cache-dal21283 MEWElogs[21956]: CROP, 1626310217444338590, DAL, 12
<134>2021-07-15T00:50:19Z cache-mia11368 MEWElogs[21956]: CROP, 1626310219175552991, MIA, 12
<134>2021-07-15T00:50:20Z cache-mel11272 MEWElogs[21956]: CROP, 1626310219640067051, MEL, 12
<134>2021-07-15T00:50:23Z cache-jax20933 MEWElogs[21956]: CROP, 1626310222498372561, JAX, 12
<134>2021-07-15T00:50:27Z cache-mci5951 MEWElogs[21956]: CROP, 1626310227721419179, MCI, 12
<134>2021-07-15T00:50:29Z cache-lhr7382 MEWElogs[21956]: CROP, 1626310229533818383, LHR, 12
<134>2021-07-15T00:50:38Z cache-mia11368 MEWElogs[21956]: CROP, 1626310237234188149, MIA, 12
<134>2021-07-15T00:50:42Z cache-lax10677 MEWElogs[21956]: CROP, 1626310242774253574, LGB, 12
<134>2021-07-15T00:50:47Z cache-lax10677 MEWElogs[21956]: CROP, 1626310247040473167, LGB, 12
<134>2021-07-15T00:50:48Z cache-man4150 MEWElogs[21956]: CROP, 1626310247148911488, MAN, 12
<134>2021-07-15T00:50:53Z cache-lhr7382 MEWElogs[21956]: CROP, 1626310252666412558, LHR, 12
<134>2021-07-15T00:50:54Z cache-stp9226 MEWElogs[21956]: CROP, 1626310253096390507, STP, 12
<134>2021-07-15T00:50:56Z cache-lax10677 MEWElogs[21956]: CROP, 1626310255741544946, LGB, 12
<134>2021-07-15T00:51:04Z cache-mia11368 MEWElogs[21956]: CROP, 1626310264081249344, MIA, 12
<134>2021-07-15T00:51:08Z cache-man4150 MEWElogs[21956]: CROP, 1626310267409886665, MAN, 12
<134>2021-07-15T00:51:11Z cache-man4150 MEWElogs[21956]: CROP, 1626310270432188842, MAN, 12
<134>2021-07-15T00:51:31Z cache-mia11368 MEWElogs[21956]: CROP, 1626310291144469588, MIA, 12
<134>2021-07-15T00:51:32Z cache-man4150 MEWElogs[21956]: CROP, 1626310291336654526, MAN, 12
<134>2021-07-15T00:51:32Z cache-lax10677 MEWElogs[21956]: CROP, 1626310291450932104, LGB, 12
<134>2021-07-15T00:51:35Z cache-stp9226 MEWElogs[21956]: CROP, 1626310294816306951, STP, 12
<134>2021-07-15T00:51:39Z cache-stp9226 MEWElogs[21956]: CROP, 1626310298865805455, STP, 12
<134>2021-07-15T00:51:43Z cache-mci5951 MEWElogs[21956]: CROP, 1626310302621031188, MCI, 12
<134>2021-07-15T00:51:49Z cache-hkg17929 MEWElogs[21956]: CROP, 1626310308967707333, HKG, 12
<134>2021-07-15T00:51:57Z cache-yul12826 MEWElogs[21956]: CROP, 1626310317225470060, YUL, 12
<134>2021-07-15T00:52:05Z cache-lax10677 MEWElogs[21956]: CROP, 1626310325711708836, LGB, 12
<134>2021-07-15T00:52:07Z cache-lga21983 MEWElogs[21956]: CROP, 1626310327033824851, LGA, 12
<134>2021-07-15T00:52:10Z cache-lax10677 MEWElogs[21956]: CROP, 1626310330112680087, LGB, 12
<134>2021-07-15T00:52:27Z cache-hkg17929 MEWElogs[21956]: CROP, 1626310347216567174, HKG, 12
<134>2021-07-15T00:52:29Z cache-yul12826 MEWElogs[21956]: CROP, 1626310348722127663, YUL, 12
<134>2021-07-15T00:52:36Z cache-lga21983 MEWElogs[21956]: CROP, 1626310355500701955, LGA, 12
<134>2021-07-15T00:52:48Z cache-yul12826 MEWElogs[21956]: CROP, 1626310368082749423, YUL, 12
<134>2021-07-15T00:52:49Z cache-stp9226 MEWElogs[21956]: CROP, 1626310368858858708, STP, 12
<134>2021-07-15T00:52:52Z cache-yul12826 MEWElogs[21956]: CROP, 1626310372184039129, YUL, 12
<134>2021-07-15T00:52:59Z cache-man4150 MEWElogs[21956]: CROP, 1626310378606252948, MAN, 12
<134>2021-07-15T00:53:00Z cache-yul12826 MEWElogs[21956]: CROP, 1626310379993383585, YUL, 12
<134>2021-07-15T00:53:08Z cache-yul12826 MEWElogs[21956]: CROP, 1626310387948645803, YUL, 12
<134>2021-07-15T00:53:14Z cache-man4150 MEWElogs[21956]: CROP, 1626310393306421766, MAN, 12
<134>2021-07-15T00:53:15Z cache-lga21983 MEWElogs[21956]: CROP, 1626310395094020042, LGA, 12
<134>2021-07-15T00:53:23Z cache-lax10677 MEWElogs[21956]: CROP, 1626310403487030138, LGB, 12
<134>2021-07-15T00:53:28Z cache-jax20933 MEWElogs[21956]: CROP, 1626310407837960688, JAX, 12
<134>2021-07-15T00:53:30Z cache-mci5951 MEWElogs[21956]: CROP, 1626310410458217003, MCI, 12
<134>2021-07-15T00:53:36Z cache-lga21983 MEWElogs[21956]: CROP, 1626310415242922209, LGA, 12
<134>2021-07-15T00:53:36Z cache-mia11368 MEWElogs[21956]: CROP, 1626310415794466033, MIA, 12
<134>2021-07-15T00:53:56Z cache-lga21983 MEWElogs[21956]: CROP, 1626310435502081918, LGA, 12
<134>2021-07-15T00:54:02Z cache-mel11272 MEWElogs[21956]: CROP, 1626310441658200889, MEL, 12
<134>2021-07-15T00:54:03Z cache-lga21983 MEWElogs[21956]: CROP, 1626310443401134575, LGA, 12
<134>2021-07-15T00:54:05Z cache-yul12826 MEWElogs[21956]: CROP, 1626310445204770502, YUL, 12
<134>2021-07-15T00:54:08Z cache-mia11368 MEWElogs[21956]: CROP, 1626310448417944451, MIA, 12
<134>2021-07-15T00:54:32Z cache-mci5951 MEWElogs[21956]: CROP, 1626310471876703500, MCI, 12
<134>2021-07-15T00:54:36Z cache-mci5951 MEWElogs[21956]: CROP, 1626310476218970688, MCI, 12
<134>2021-07-15T00:54:44Z cache-lga21983 MEWElogs[21956]: CROP, 1626310483495414763, LGA, 12
<134>2021-07-15T00:55:02Z cache-mel11272 MEWElogs[21956]: CROP, 1626310501784088361, MEL, 12
<134>2021-07-15T00:55:06Z cache-mci5951 MEWElogs[21956]: CROP, 1626310505939785349, MCI, 12
<134>2021-07-15T00:55:09Z cache-gig17035 MEWElogs[21956]: CROP, 1626310509103093762, GIG, 12
<134>2021-07-15T00:55:34Z cache-mel11272 MEWElogs[21956]: CROP, 1626310534309263236, MEL, 12
<134>2021-07-15T00:55:41Z cache-gru17149 MEWElogs[21956]: CROP, 1626310540797221725, GRU, 12
<134>2021-07-15T00:55:58Z cache-gru17149 MEWElogs[21956]: CROP, 1626310557111284513, GRU, 12
<134>2021-07-15T00:56:00Z cache-lax10677 MEWElogs[21956]: CROP, 1626310559598636690, LGB, 12
<134>2021-07-15T00:56:02Z cache-jax20933 MEWElogs[21956]: CROP, 1626310561935616997, JAX, 12
<134>2021-07-15T00:56:07Z cache-ewr18156 MEWElogs[21956]: CROP, 1626310566437655336, EWR, 12
<134>2021-07-15T00:56:09Z cache-jax20933 MEWElogs[21956]: CROP, 1626310568150802893, JAX, 12
<134>2021-07-15T00:56:13Z cache-lax10677 MEWElogs[21956]: CROP, 1626310572433565691, LGB, 12
<134>2021-07-15T00:56:23Z cache-scl19427 MEWElogs[21956]: CROP, 1626310583069341197, SCL, 12
<134>2021-07-15T00:56:29Z cache-scl19427 MEWElogs[21956]: CROP, 1626310588475301487, SCL, 12
<134>2021-07-15T00:56:50Z cache-gig17035 MEWElogs[21956]: CROP, 1626310609200605125, GIG, 12
<134>2021-07-15T00:56:55Z cache-gig17035 MEWElogs[21956]: CROP, 1626310614477911320, GIG, 12
<134>2021-07-15T00:57:37Z cache-gru17149 MEWElogs[21956]: CROP, 1626310656060149067, GRU, 12
<134>2021-07-15T00:57:37Z cache-bom4751 MEWElogs[21956]: CROP, 1626310656852429773, BOM, 12
<134>2021-07-15T00:57:41Z cache-gig17035 MEWElogs[21956]: CROP, 1626310661045324545, GIG, 12
<134>2021-07-15T00:57:45Z cache-bom4751 MEWElogs[21956]: CROP, 1626310664076084454, BOM, 12
<134>2021-07-15T00:57:49Z cache-gru17149 MEWElogs[21956]: CROP, 1626310668379420954, GRU, 12
<134>2021-07-15T00:57:56Z cache-gig17035 MEWElogs[21956]: CROP, 1626310676632867835, GIG, 12
<134>2021-07-15T00:58:08Z cache-gig17035 MEWElogs[21956]: CROP, 1626310687140846177, GIG, 12
<134>2021-07-15T00:58:09Z cache-scl19427 MEWElogs[21956]: CROP, 1626310689026324864, SCL, 12
<134>2021-07-15T00:58:20Z cache-ewr18156 MEWElogs[21956]: CROP, 1626310700517262441, EWR, 12
<134>2021-07-15T00:58:28Z cache-bom4751 MEWElogs[21956]: CROP, 1626310707875962986, BOM, 12
