<134>2021-07-15T02:12:28Z cache-syd10183 MEWElogs[390968]: GRAY, 1626315146999741458, SYD, 13
<134>2021-07-15T02:12:29Z cache-hnd18722 MEWElogs[390968]: GRAY, 1626315149439637727, HND, 13
<134>2021-07-15T02:12:33Z cache-bom4751 MEWElogs[390968]: GRAY, 1626315152645634634, BOM, 13
<134>2021-07-15T02:12:34Z cache-pao17461 MEWElogs[390968]: GRAY, 1626315153443555312, PAO, 13
<134>2021-07-15T02:12:49Z cache-stl4834 MEWElogs[390968]: GRAY, 1626315168463792972, STL, 13
<134>2021-07-15T02:12:56Z cache-syd10183 MEWElogs[390968]: GRAY, 1626315175329625464, SYD, 13
<134>2021-07-15T02:13:01Z cache-pao17461 MEWElogs[390968]: GRAY, 1626315180966224560, PAO, 13
<134>2021-07-15T02:13:03Z cache-gig17035 MEWElogs[390968]: GRAY, 1626315181982940637, GIG, 13
<134>2021-07-15T02:13:24Z cache-itm18851 MEWElogs[390968]: GRAY, 1626315203152057086, ITM, 13
<134>2021-07-15T02:13:31Z cache-scl19427 MEWElogs[390968]: GRAY, 1626315210609416006, SCL, 13
<134>2021-07-15T02:13:35Z cache-cgh11122 MEWElogs[390968]: GRAY, 1626315214875766502, CGH, 13
<134>2021-07-15T02:14:01Z cache-itm18851 MEWElogs[390968]: GRAY, 1626315240448247500, ITM, 13
<134>2021-07-15T02:14:06Z cache-syd10183 MEWElogs[390968]: GRAY, 1626315246316045826, SYD, 13
<134>2021-07-15T02:14:08Z cache-itm18851 MEWElogs[390968]: GRAY, 1626315248047467025, ITM, 13
<134>2021-07-15T02:14:35Z cache-bom4751 MEWElogs[390968]: GRAY, 1626315273978657509, BOM, 13
<134>2021-07-15T02:14:35Z cache-gru17149 MEWElogs[390968]: GRAY, 1626315274845012419, GRU, 13
<134>2021-07-15T02:15:08Z cache-stl4834 MEWElogs[390968]: GRAY, 1626315308343686816, STL, 13
<134>2021-07-15T02:15:13Z cache-pao17461 MEWElogs[390968]: GRAY, 1626315312442444033, PAO, 13
<134>2021-07-15T02:15:13Z cache-hnd18722 MEWElogs[390968]: GRAY, 1626315313383274675, HND, 13
<134>2021-07-15T02:15:50Z cache-bom4751 MEWElogs[390968]: GRAY, 1626315349357646132, BOM, 13
<134>2021-07-15T02:16:30Z cache-gru17149 MEWElogs[390968]: GRAY, 1626315388980122750, GRU, 13
<134>2021-07-15T02:16:38Z cache-gig17035 MEWElogs[390968]: GRAY, 1626315398118097882, GIG, 13
<134>2021-07-15T02:16:40Z cache-stl4834 MEWElogs[390968]: GRAY, 1626315398982560096, STL, 13
<134>2021-07-15T02:16:42Z cache-pao17461 MEWElogs[390968]: GRAY, 1626315401507735530, PAO, 13
<134>2021-07-15T02:16:53Z cache-itm18851 MEWElogs[390968]: GRAY, 1626315413374483718, ITM, 13
<134>2021-07-15T02:16:55Z cache-gru17149 MEWElogs[390968]: GRAY, 1626315413996365822, GRU, 13
<134>2021-07-15T02:17:21Z cache-bom4751 MEWElogs[390968]: GRAY, 1626315441110961011, BOM, 13
<134>2021-07-15T02:18:06Z cache-sjc10078 MEWElogs[390968]: GRAY, 1626315485768208410, SJC, 13
<134>2021-07-15T02:18:27Z cache-pao17461 MEWElogs[390968]: GRAY, 1626315506125373978, PAO, 13
<134>2021-07-15T02:18:27Z cache-cgh11183 MEWElogs[390968]: GRAY, 1626315507416744331, CGH, 13
<134>2021-07-15T02:18:41Z cache-cgh11183 MEWElogs[390968]: GRAY, 1626315521344007775, CGH, 13
<134>2021-07-15T02:19:10Z cache-sjc10078 MEWElogs[390968]: GRAY, 1626315549068526351, SJC, 13
<134>2021-07-15T02:19:12Z cache-sea4483 MEWElogs[390968]: GRAY, 1626315552362040895, SEA, 13
<134>2021-07-15T02:19:20Z cache-syd10183 MEWElogs[390968]: GRAY, 1626315560013439567, SYD, 13
<134>2021-07-15T02:19:42Z cache-cgh11183 MEWElogs[390968]: GRAY, 1626315581302148358, CGH, 13
<134>2021-07-15T02:19:58Z cache-sjc10078 MEWElogs[390968]: GRAY, 1626315598776615026, SJC, 13
<134>2021-07-15T02:20:10Z cache-syd10183 MEWElogs[390968]: GRAY, 1626315609759274996, SYD, 13
<134>2021-07-15T02:20:12Z cache-hnd18722 MEWElogs[390968]: GRAY, 1626315610927289002, HND, 13
<134>2021-07-15T02:20:19Z cache-hnd18722 MEWElogs[390968]: GRAY, 1626315618052210764, HND, 13
<134>2021-07-15T02:20:24Z cache-stl4834 MEWElogs[390968]: GRAY, 1626315624070644617, STL, 13
<134>2021-07-15T02:20:25Z cache-syd10183 MEWElogs[390968]: GRAY, 1626315623913203516, SYD, 13
<134>2021-07-15T02:20:28Z cache-sjc10078 MEWElogs[390968]: GRAY, 1626315627565455183, SJC, 13
<134>2021-07-15T02:20:32Z cache-hnd18722 MEWElogs[390968]: GRAY, 1626315632704156060, HND, 13
<134>2021-07-15T02:20:56Z cache-cgh11183 MEWElogs[390968]: GRAY, 1626315655313866081, CGH, 13
<134>2021-07-15T02:21:13Z cache-stl4834 MEWElogs[390968]: GRAY, 1626315673105925921, STL, 13
<134>2021-07-15T02:21:16Z cache-cgh11122 MEWElogs[390968]: GRAY, 1626315675470243537, CGH, 13
<134>2021-07-15T02:21:27Z cache-bma1628 MEWElogs[390968]: GRAY, 1626315686134589854, BMA, 13
<134>2021-07-15T02:21:29Z cache-itm18851 MEWElogs[390968]: GRAY, 1626315688420698611, ITM, 13
<134>2021-07-15T02:21:59Z cache-hnd18722 MEWElogs[390968]: GRAY, 1626315718169290391, HND, 13
<134>2021-07-15T02:22:16Z cache-tyo11974 MEWElogs[390968]: GRAY, 1626315735239070023, TYO, 13
<134>2021-07-15T02:22:26Z cache-yyz4551 MEWElogs[390968]: GRAY, 1626315745586297636, YYZ, 13
