<134>2021-07-14T17:42:28Z cache-scl19427 MEWElogs[322581]: FLIPH, 1626284548038038708, SCL, -1
<134>2021-07-14T17:42:33Z cache-man4150 MEWElogs[322581]: FLIPH, 1626284552529084183, MAN, 10
<134>2021-07-14T17:43:05Z cache-scl19427 MEWElogs[322581]: FLIPH, 1626284584341787493, SCL, -1
<134>2021-07-14T17:43:06Z cache-osl6529 MEWElogs[322581]: FLIPH, 1626284585923556444, OSL, -1
<134>2021-07-14T17:43:38Z cache-ewr18156 MEWElogs[322581]: FLIPH, 1626284617505173662, EWR, -1
<134>2021-07-14T17:43:39Z cache-bom4751 MEWElogs[322581]: FLIPH, 1626284618588192760, BOM, 10
<134>2021-07-14T17:43:46Z cache-mel11272 MEWElogs[322581]: FLIPH, 1626284625806999350, MEL, -1
<134>2021-07-14T17:44:02Z cache-osl6529 MEWElogs[322581]: FLIPH, 1626284641496265043, OSL, -1
<134>2021-07-14T17:44:05Z cache-cdg20720 MEWElogs[322581]: FLIPH, 1626284644906666449, CDG, 10
<134>2021-07-14T17:44:05Z cache-gig17035 MEWElogs[322581]: FLIPH, 1626284645052004133, GIG, 10
<134>2021-07-14T17:44:08Z cache-ewr18156 MEWElogs[322581]: FLIPH, 1626284648289825013, EWR, 10
<134>2021-07-14T17:44:21Z cache-gru17149 MEWElogs[322581]: FLIPH, 1626284658898957637, GRU, 10
<134>2021-07-14T17:44:35Z cache-bom4751 MEWElogs[322581]: FLIPH, 1626284674802081766, BOM, -1
<134>2021-07-14T17:44:37Z cache-mel11272 MEWElogs[322581]: FLIPH, 1626284676173511273, MEL, -1
<134>2021-07-14T17:44:49Z cache-lga21983 MEWElogs[322581]: FLIPH, 1626284688925277357, LGA, 10
<134>2021-07-14T17:44:53Z cache-ewr18156 MEWElogs[322581]: FLIPH, 1626284692249326508, EWR, -1
<134>2021-07-14T17:45:11Z cache-ewr18156 MEWElogs[322581]: FLIPH, 1626284710954270451, EWR, -1
<134>2021-07-14T17:45:11Z cache-stl4834 MEWElogs[322581]: FLIPH, 1626284710422554180, STL, 10
<134>2021-07-14T17:45:15Z cache-bom4751 MEWElogs[322581]: FLIPH, 1626284714347260626, BOM, -1
<134>2021-07-14T17:45:18Z cache-scl19427 MEWElogs[322581]: FLIPH, 1626284717814236925, SCL, -1
<134>2021-07-14T17:45:26Z cache-gru17149 MEWElogs[322581]: FLIPH, 1626284725810870189, GRU, 10
<134>2021-07-14T17:45:27Z cache-bom4751 MEWElogs[322581]: FLIPH, 1626284726705117855, BOM, 10
<134>2021-07-14T17:45:32Z cache-stl4834 MEWElogs[322581]: FLIPH, 1626284731476937139, STL, 10
<134>2021-07-14T17:45:33Z cache-gru17149 MEWElogs[322581]: FLIPH, 1626284732863051137, GRU, -1
<134>2021-07-14T17:45:34Z cache-bom4751 MEWElogs[322581]: FLIPH, 1626284733771748323, BOM, -1
<134>2021-07-14T17:45:53Z cache-bom4751 MEWElogs[322581]: FLIPH, 1626284752856641399, BOM, -1
<134>2021-07-14T17:45:57Z cache-cdg20720 MEWElogs[322581]: FLIPH, 1626284756829480744, CDG, 10
<134>2021-07-14T17:46:04Z cache-stl4834 MEWElogs[322581]: FLIPH, 1626284763418630830, STL, 10
<134>2021-07-14T17:46:05Z cache-osl6529 MEWElogs[322581]: FLIPH, 1626284765292301025, OSL, 10
<134>2021-07-14T17:46:12Z cache-gru17149 MEWElogs[322581]: FLIPH, 1626284771039162239, GRU, -1
<134>2021-07-14T17:46:31Z cache-gru17149 MEWElogs[322581]: FLIPH, 1626284790192750175, GRU, -1
<134>2021-07-14T17:46:38Z cache-gig17035 MEWElogs[322581]: FLIPH, 1626284798509259108, GIG, -1
<134>2021-07-14T17:46:49Z cache-syd10183 MEWElogs[322581]: FLIPH, 1626284808549347161, SYD, -1
<134>2021-07-14T17:46:55Z cache-scl19427 MEWElogs[322581]: FLIPH, 1626284814169304527, SCL, -1
<134>2021-07-14T17:47:06Z cache-hnd18722 MEWElogs[322581]: FLIPH, 1626284825933160803, HND, -1
<134>2021-07-14T17:47:10Z cache-itm18851 MEWElogs[322581]: FLIPH, 1626284829038328583, ITM, -1
<134>2021-07-14T17:47:34Z cache-scl19427 MEWElogs[322581]: FLIPH, 1626284853865087400, SCL, 10
<134>2021-07-14T17:47:48Z cache-hnd18722 MEWElogs[322581]: FLIPH, 1626284868376328077, HND, -1
<134>2021-07-14T17:48:02Z cache-bom4751 MEWElogs[322581]: FLIPH, 1626284881561581012, BOM, 10
<134>2021-07-14T17:48:11Z cache-bom4751 MEWElogs[322581]: FLIPH, 1626284891019648549, BOM, 10
<134>2021-07-14T17:48:24Z cache-itm18851 MEWElogs[322581]: FLIPH, 1626284904566030217, ITM, 10
<134>2021-07-14T17:49:17Z cache-itm18851 MEWElogs[322581]: FLIPH, 1626284956474030354, ITM, 10
<134>2021-07-14T17:49:37Z cache-bom4751 MEWElogs[322581]: FLIPH, 1626284976538097859, BOM, -1
<134>2021-07-14T17:49:44Z cache-scl19427 MEWElogs[322581]: FLIPH, 1626284983412840695, SCL, -1
<134>2021-07-14T17:49:45Z cache-hnd18722 MEWElogs[322581]: FLIPH, 1626284985108017375, HND, -1
<134>2021-07-14T17:49:54Z cache-gru17149 MEWElogs[322581]: FLIPH, 1626284993053680746, GRU, 10
<134>2021-07-14T17:50:01Z cache-cdg20720 MEWElogs[322581]: FLIPH, 1626285000126098705, CDG, 10
<134>2021-07-14T17:50:11Z cache-cgh11122 MEWElogs[322581]: FLIPH, 1626285010615681827, CGH, 10
<134>2021-07-14T17:50:20Z cache-scl19427 MEWElogs[322581]: FLIPH, 1626285019624249601, SCL, -1
<134>2021-07-14T17:50:21Z cache-syd10183 MEWElogs[322581]: FLIPH, 1626285020761282487, SYD, -1
<134>2021-07-14T17:50:24Z cache-syd10183 MEWElogs[322581]: FLIPH, 1626285023305975944, SYD, 10
<134>2021-07-14T17:50:24Z cache-bom4751 MEWElogs[322581]: FLIPH, 1626285024413588603, BOM, -1
<134>2021-07-14T17:50:35Z cache-pao17461 MEWElogs[322581]: FLIPH, 1626285035372611239, PAO, -1
<134>2021-07-14T17:50:38Z cache-itm18851 MEWElogs[322581]: FLIPH, 1626285037038515647, ITM, -1
<134>2021-07-14T17:50:45Z cache-stl4834 MEWElogs[322581]: FLIPH, 1626285044993981667, STL, -1
<134>2021-07-14T17:50:50Z cache-cgh11122 MEWElogs[322581]: FLIPH, 1626285049335170119, CGH, -1
<134>2021-07-14T17:51:03Z cache-cgh11122 MEWElogs[322581]: FLIPH, 1626285062449330591, CGH, 10
<134>2021-07-14T17:51:04Z cache-syd10183 MEWElogs[322581]: FLIPH, 1626285063855796537, SYD, 10
<134>2021-07-14T17:51:26Z cache-bom4751 MEWElogs[322581]: FLIPH, 1626285085132556629, BOM, 10
<134>2021-07-14T17:51:47Z cache-scl19427 MEWElogs[322581]: FLIPH, 1626285106860004463, SCL, 10
<134>2021-07-14T17:52:09Z cache-pao17461 MEWElogs[322581]: FLIPH, 1626285129350110340, PAO, -1
<134>2021-07-14T17:52:24Z cache-itm18851 MEWElogs[322581]: FLIPH, 1626285143586197552, ITM, 10
