<134>2021-07-15T06:39:58Z cache-chi21126 MEWElogs[412844]: UNSH, 1626331197938954031, CHI, 16
<134>2021-07-15T06:40:42Z cache-hhn4077 MEWElogs[412844]: UNSH, 1626331241265813980, HHN, 16
<134>2021-07-15T06:41:27Z cache-hel6829 MEWElogs[412844]: UNSH, 1626331286622355986, HEL, 16
<134>2021-07-15T06:42:08Z cache-hel6829 MEWElogs[412844]: UNSH, 1626331327769812844, HEL, 16
<134>2021-07-15T06:42:16Z cache-hhn4077 MEWElogs[412844]: UNSH, 1626331335198359058, HHN, 16
<134>2021-07-15T06:42:29Z cache-hel6829 MEWElogs[412844]: UNSH, 1626331348333877615, HEL, 16
<134>2021-07-15T06:42:29Z cache-iah17271 MEWElogs[412844]: UNSH, 1626331348870801769, IAH, 16
<134>2021-07-15T06:42:39Z cache-den8274 MEWElogs[412844]: UNSH, 1626331358924418537, DEN, 16
<134>2021-07-15T06:42:58Z cache-dal21283 MEWElogs[412844]: UNSH, 1626331377879774184, DAL, 16
<134>2021-07-15T06:43:15Z cache-fra19177 MEWElogs[412844]: UNSH, 1626331394327319639, FRA, 16
<134>2021-07-15T06:43:51Z cache-bur17583 MEWElogs[412844]: UNSH, 1626331431080952218, BUR, 16
<134>2021-07-15T06:43:52Z cache-den8274 MEWElogs[412844]: UNSH, 1626331431707237501, DEN, 16
<134>2021-07-15T06:44:28Z cache-den8274 MEWElogs[412844]: UNSH, 1626331468232586195, DEN, 16
<134>2021-07-15T06:44:31Z cache-hel6829 MEWElogs[412844]: UNSH, 1626331470702303649, HEL, 16
<134>2021-07-15T06:44:42Z cache-hel6829 MEWElogs[412844]: UNSH, 1626331481655713185, HEL, 16
<134>2021-07-15T06:44:49Z cache-dal21283 MEWElogs[412844]: UNSH, 1626331488914003606, DAL, 16
<134>2021-07-15T06:44:52Z cache-cwb20520 MEWElogs[412844]: UNSH, 1626331491367020509, CWB, 16
<134>2021-07-15T06:45:33Z cache-cwb20520 MEWElogs[412844]: UNSH, 1626331532846306198, CWB, 16
<134>2021-07-15T06:45:59Z cache-jnb7027 MEWElogs[412844]: UNSH, 1626331559128425019, JNB, 16
<134>2021-07-15T06:46:06Z cache-bur17583 MEWElogs[412844]: UNSH, 1626331565022090879, BUR, 16
<134>2021-07-15T06:47:24Z cache-lcy19283 MEWElogs[412844]: UNSH, 1626331644188071758, LCY, 16
<134>2021-07-15T06:47:25Z cache-bur17583 MEWElogs[412844]: UNSH, 1626331645122264857, BUR, 16
<134>2021-07-15T06:47:35Z cache-fra19177 MEWElogs[412844]: UNSH, 1626331654528733472, FRA, 16
<134>2021-07-15T06:47:47Z cache-den8274 MEWElogs[412844]: UNSH, 1626331666505724731, DEN, 16
<134>2021-07-15T06:47:56Z cache-dal21283 MEWElogs[412844]: UNSH, 1626331675763880568, DAL, 16
<134>2021-07-15T06:48:06Z cache-iah17271 MEWElogs[412844]: UNSH, 1626331685154868731, IAH, 16
<134>2021-07-15T06:48:07Z cache-dal21283 MEWElogs[412844]: UNSH, 1626331686393424926, DAL, 16
<134>2021-07-15T06:48:17Z cache-jnb7027 MEWElogs[412844]: UNSH, 1626331696859957278, JNB, 16
<134>2021-07-15T06:48:17Z cache-iah17271 MEWElogs[412844]: UNSH, 1626331696855958381, IAH, 16
<134>2021-07-15T06:48:28Z cache-fra19177 MEWElogs[412844]: UNSH, 1626331708218617079, FRA, 16
<134>2021-07-15T06:48:40Z cache-mad22068 MEWElogs[412844]: UNSH, 1626331719301530593, MAD, 16
<134>2021-07-15T06:48:40Z cache-iah17271 MEWElogs[412844]: UNSH, 1626331719807937830, IAH, 16
<134>2021-07-15T06:48:44Z cache-den8274 MEWElogs[412844]: UNSH, 1626331724052809597, DEN, 16
<134>2021-07-15T06:49:03Z cache-iah17271 MEWElogs[412844]: UNSH, 1626331742886431289, IAH, 16
<134>2021-07-15T06:49:43Z cache-fra19177 MEWElogs[412844]: UNSH, 1626331781966632358, FRA, 16
<134>2021-07-15T06:49:53Z cache-bur17583 MEWElogs[412844]: UNSH, 1626331792376720659, BUR, 16
