<134>2021-07-14T16:21:38Z cache-ord1740 MEWElogs[369035]: FLIPH, 1626279697457793061, ORD, 10
<134>2021-07-14T16:22:35Z cache-dca17782 MEWElogs[369035]: FLIPH, 1626279754517280906, DCA, 10
<134>2021-07-14T16:26:57Z cache-ams21020 MEWElogs[369035]: FLIPH, 1626280016544651697, AMS, -1
<134>2021-07-14T16:27:00Z cache-wdc5583 MEWElogs[369035]: FLIPH, 1626280020389167928, WDC, 10
<134>2021-07-14T16:27:10Z cache-ord1740 MEWElogs[369035]: FLIPH, 1626280029336610303, ORD, 10
<134>2021-07-14T16:27:29Z cache-ams21020 MEWElogs[369035]: FLIPH, 1626280049696757117, AMS, -1
<134>2021-07-14T16:27:31Z cache-wdc5583 MEWElogs[369035]: FLIPH, 1626280051131177755, WDC, 10
<134>2021-07-14T16:27:42Z cache-wdc5583 MEWElogs[369035]: FLIPH, 1626280061738236166, WDC, 10
<134>2021-07-14T16:27:47Z cache-dca17782 MEWElogs[369035]: FLIPH, 1626280067235127663, DCA, 10
<134>2021-07-14T16:27:48Z cache-maa10251 MEWElogs[369035]: FLIPH, 1626280068011922491, MAA, -1
<134>2021-07-14T16:27:56Z cache-dca17782 MEWElogs[369035]: FLIPH, 1626280076658251894, DCA, 10
<134>2021-07-14T16:28:07Z cache-maa10251 MEWElogs[369035]: FLIPH, 1626280087308377103, MAA, -1
<134>2021-07-14T16:28:07Z cache-mdw17383 MEWElogs[369035]: FLIPH, 1626280087242004728, MDW, 10
<134>2021-07-14T16:28:36Z cache-eze19324 MEWElogs[369035]: FLIPH, 1626280116143302134, EZE, 10
<134>2021-07-14T16:29:17Z cache-maa10251 MEWElogs[369035]: FLIPH, 1626280156656819436, MAA, -1
<134>2021-07-14T16:29:19Z cache-maa10251 MEWElogs[369035]: FLIPH, 1626280159413781321, MAA, 10
<134>2021-07-14T16:29:45Z cache-ord1740 MEWElogs[369035]: FLIPH, 1626280184733072755, ORD, 10
<134>2021-07-14T16:29:56Z cache-maa10251 MEWElogs[369035]: FLIPH, 1626280196549000683, MAA, -1
<134>2021-07-14T16:29:58Z cache-dca17782 MEWElogs[369035]: FLIPH, 1626280198066277149, DCA, 10
<134>2021-07-14T16:30:22Z cache-ord1740 MEWElogs[369035]: FLIPH, 1626280221699571172, ORD, 10
<134>2021-07-14T16:30:30Z cache-maa10251 MEWElogs[369035]: FLIPH, 1626280229303536724, MAA, 10
<134>2021-07-14T16:30:34Z cache-dca17782 MEWElogs[369035]: FLIPH, 1626280233045675861, DCA, -1
<134>2021-07-14T16:30:37Z cache-bog6425 MEWElogs[369035]: FLIPH, 1626280236938403548, BOG, 10
<134>2021-07-14T16:31:05Z cache-dca17782 MEWElogs[369035]: FLIPH, 1626280264308610064, DCA, 10
<134>2021-07-14T16:31:10Z cache-dca17782 MEWElogs[369035]: FLIPH, 1626280270710452917, DCA, -1
<134>2021-07-14T16:31:31Z cache-ord1740 MEWElogs[369035]: FLIPH, 1626280291362885501, ORD, -1
