<134>2021-07-15T02:12:14Z cache-syd10183 MEWElogs[39982]: GRAY, 1626315133008748854, SYD, 13
<134>2021-07-15T02:12:35Z cache-stl4834 MEWElogs[39982]: GRAY, 1626315154508940949, STL, 13
<134>2021-07-15T02:12:37Z cache-hnd18722 MEWElogs[39982]: GRAY, 1626315156879499481, HND, 13
<134>2021-07-15T02:13:06Z cache-hnd18722 MEWElogs[39982]: GRAY, 1626315185975527652, HND, 13
<134>2021-07-15T02:13:58Z cache-gru17149 MEWElogs[39982]: GRAY, 1626315237229213710, GRU, 13
<134>2021-07-15T02:14:17Z cache-hnd18722 MEWElogs[39982]: GRAY, 1626315256776023066, HND, 13
<134>2021-07-15T02:14:23Z cache-bom4751 MEWElogs[39982]: GRAY, 1626315262577145666, BOM, 13
<134>2021-07-15T02:14:43Z cache-gig17035 MEWElogs[39982]: GRAY, 1626315283057589239, GIG, 13
<134>2021-07-15T02:14:53Z cache-hnd18722 MEWElogs[39982]: GRAY, 1626315292459970877, HND, 13
<134>2021-07-15T02:15:01Z cache-gru17149 MEWElogs[39982]: GRAY, 1626315300171315137, GRU, 13
<134>2021-07-15T02:15:21Z cache-gig17035 MEWElogs[39982]: GRAY, 1626315321334094387, GIG, 13
<134>2021-07-15T02:15:24Z cache-itm18851 MEWElogs[39982]: GRAY, 1626315323041990980, ITM, 13
<134>2021-07-15T02:15:36Z cache-gig17035 MEWElogs[39982]: GRAY, 1626315336352624301, GIG, 13
<134>2021-07-15T02:16:04Z cache-hnd18722 MEWElogs[39982]: GRAY, 1626315363542786850, HND, 13
<134>2021-07-15T02:16:46Z cache-gig17035 MEWElogs[39982]: GRAY, 1626315406044558083, GIG, 13
<134>2021-07-15T02:17:31Z cache-scl19427 MEWElogs[39982]: GRAY, 1626315451232129330, SCL, 13
<134>2021-07-15T02:17:32Z cache-itm18851 MEWElogs[39982]: GRAY, 1626315451395627727, ITM, 13
<134>2021-07-15T02:17:38Z cache-pao17461 MEWElogs[39982]: GRAY, 1626315457751444882, PAO, 13
<134>2021-07-15T02:17:52Z cache-pao17461 MEWElogs[39982]: GRAY, 1626315471607184488, PAO, 13
<134>2021-07-15T02:18:46Z cache-stl4834 MEWElogs[39982]: GRAY, 1626315525364070248, STL, 13
<134>2021-07-15T02:18:47Z cache-pao17461 MEWElogs[39982]: GRAY, 1626315527073774502, PAO, 13
<134>2021-07-15T02:19:02Z cache-sjc10078 MEWElogs[39982]: GRAY, 1626315542102492336, SJC, 13
<134>2021-07-15T02:19:03Z cache-itm18851 MEWElogs[39982]: GRAY, 1626315543055650738, ITM, 13
<134>2021-07-15T02:19:23Z cache-sjc10078 MEWElogs[39982]: GRAY, 1626315563019176875, SJC, 13
<134>2021-07-15T02:19:56Z cache-pao17461 MEWElogs[39982]: GRAY, 1626315596598208019, PAO, 13
<134>2021-07-15T02:20:10Z cache-stl4834 MEWElogs[39982]: GRAY, 1626315609973006223, STL, 13
<134>2021-07-15T02:20:52Z cache-syd10183 MEWElogs[39982]: GRAY, 1626315652419552709, SYD, 13
<134>2021-07-15T02:20:54Z cache-hnd18722 MEWElogs[39982]: GRAY, 1626315654054492710, HND, 13
<134>2021-07-15T02:21:23Z cache-cgh11183 MEWElogs[39982]: GRAY, 1626315682911624023, CGH, 13
<134>2021-07-15T02:21:58Z cache-itm18851 MEWElogs[39982]: GRAY, 1626315718544259775, ITM, 13
<134>2021-07-15T02:22:07Z cache-sjc10078 MEWElogs[39982]: GRAY, 1626315726338741746, SJC, 13
<134>2021-07-15T02:22:10Z cache-cgh11183 MEWElogs[39982]: GRAY, 1626315730600535627, CGH, 13
