<134>2021-07-15T05:18:17Z cache-mel11272 MEWElogs[216063]: ROTATE, 1626326296619141993, MEL, 15
<134>2021-07-15T05:18:24Z cache-scl19427 MEWElogs[216063]: ROTATE, 1626326304199748933, SCL, 15
<134>2021-07-15T05:18:46Z cache-cdg20720 MEWElogs[216063]: ROTATE, 1626326325812735405, CDG, 15
<134>2021-07-15T05:19:43Z cache-gig17035 MEWElogs[216063]: ROTATE, 1626326382125367825, GIG, 15
<134>2021-07-15T05:20:06Z cache-gru17149 MEWElogs[216063]: ROTATE, 1626326405761310326, GRU, 15
<134>2021-07-15T05:20:15Z cache-itm18851 MEWElogs[216063]: ROTATE, 1626326415258942275, ITM, 15
<134>2021-07-15T05:20:30Z cache-cdg20720 MEWElogs[216063]: ROTATE, 1626326429952675450, CDG, 15
<134>2021-07-15T05:21:26Z cache-gig17035 MEWElogs[216063]: ROTATE, 1626326486340431321, GIG, 15
<134>2021-07-15T05:21:48Z cache-syd10183 MEWElogs[216063]: ROTATE, 1626326507561595892, SYD, 15
<134>2021-07-15T05:22:09Z cache-syd10183 MEWElogs[216063]: ROTATE, 1626326528507275653, SYD, 15
<134>2021-07-15T05:23:08Z cache-cdg20720 MEWElogs[216063]: ROTATE, 1626326587786660095, CDG, 15
<134>2021-07-15T05:23:33Z cache-syd10183 MEWElogs[216063]: ROTATE, 1626326613090855517, SYD, 15
<134>2021-07-15T05:23:44Z cache-syd10183 MEWElogs[216063]: ROTATE, 1626326623644422030, SYD, 15
<134>2021-07-15T05:23:45Z cache-gru17149 MEWElogs[216063]: ROTATE, 1626326624301768229, GRU, 15
<134>2021-07-15T05:24:14Z cache-gig17035 MEWElogs[216063]: ROTATE, 1626326653622298922, GIG, 15
<134>2021-07-15T05:24:19Z cache-cgh11122 MEWElogs[216063]: ROTATE, 1626326658750813549, CGH, 15
<134>2021-07-15T05:24:28Z cache-syd10183 MEWElogs[216063]: ROTATE, 1626326667261942791, SYD, 15
<134>2021-07-15T05:25:21Z cache-itm18851 MEWElogs[216063]: ROTATE, 1626326720754724568, ITM, 15
<134>2021-07-15T05:25:30Z cache-gru17149 MEWElogs[216063]: ROTATE, 1626326729474613625, GRU, 15
<134>2021-07-15T05:25:43Z cache-stl4834 MEWElogs[216063]: ROTATE, 1626326742860677899, STL, 15
<134>2021-07-15T05:26:13Z cache-pao17461 MEWElogs[216063]: ROTATE, 1626326772685949261, PAO, 15
<134>2021-07-15T05:26:17Z cache-gru17149 MEWElogs[216063]: ROTATE, 1626326776790353316, GRU, 15
<134>2021-07-15T05:26:46Z cache-syd10183 MEWElogs[216063]: ROTATE, 1626326805778420499, SYD, 15
<134>2021-07-15T05:26:47Z cache-stl4834 MEWElogs[216063]: ROTATE, 1626326807306263291, STL, 15
<134>2021-07-15T05:26:52Z cache-gig17035 MEWElogs[216063]: ROTATE, 1626326811898453030, GIG, 15
<134>2021-07-15T05:27:21Z cache-scl19427 MEWElogs[216063]: ROTATE, 1626326840809765274, SCL, 15
<134>2021-07-15T05:27:43Z cache-stl4834 MEWElogs[216063]: ROTATE, 1626326861989343827, STL, 15
