<134>2021-07-15T05:33:02Z cache-syd10183 MEWElogs[318405]: ROTATE, 1626327182105242131, SYD, 15
<134>2021-07-15T05:33:07Z cache-cgh11122 MEWElogs[318405]: ROTATE, 1626327187001550400, CGH, 15
<134>2021-07-15T05:33:32Z cache-cgh11183 MEWElogs[318405]: ROTATE, 1626327211522124623, CGH, 15
<134>2021-07-15T05:34:42Z cache-cgh11122 MEWElogs[318405]: ROTATE, 1626327281757225054, CGH, 15
<134>2021-07-15T05:34:46Z cache-bma1628 MEWElogs[318405]: ROTATE, 1626327285106943624, BMA, 15
<134>2021-07-15T05:35:03Z cache-sea4483 MEWElogs[318405]: ROTATE, 1626327302188258525, SEA, 15
<134>2021-07-15T05:35:37Z cache-pao17461 MEWElogs[318405]: ROTATE, 1626327336539996949, PAO, 15
<134>2021-07-15T05:36:06Z cache-cgh11183 MEWElogs[318405]: ROTATE, 1626327365110412608, CGH, 15
<134>2021-07-15T05:36:45Z cache-syd10183 MEWElogs[318405]: ROTATE, 1626327404651981080, SYD, 15
<134>2021-07-15T05:36:55Z cache-syd10183 MEWElogs[318405]: ROTATE, 1626327415106619981, SYD, 15
<134>2021-07-15T05:37:04Z cache-cgh11183 MEWElogs[318405]: ROTATE, 1626327422926795692, CGH, 15
<134>2021-07-15T05:37:43Z cache-cgh11122 MEWElogs[318405]: ROTATE, 1626327463442074419, CGH, 15
<134>2021-07-15T05:39:03Z cache-sea4483 MEWElogs[318405]: ROTATE, 1626327542270287318, SEA, 15
<134>2021-07-15T05:39:03Z cache-vie21629 MEWElogs[318405]: ROTATE, 1626327542771219459, VIE, 15
<134>2021-07-15T05:39:05Z cache-bma1628 MEWElogs[318405]: ROTATE, 1626327544898794326, BMA, 15
<134>2021-07-15T05:40:38Z cache-vie21629 MEWElogs[318405]: ROTATE, 1626327637471570372, VIE, 15
<134>2021-07-15T05:40:54Z cache-cgh11183 MEWElogs[318405]: ROTATE, 1626327654101126553, CGH, 15
<134>2021-07-15T05:41:33Z cache-cgh11183 MEWElogs[318405]: ROTATE, 1626327692527852176, CGH, 15
<134>2021-07-15T05:41:50Z cache-bma1628 MEWElogs[318405]: ROTATE, 1626327710055363551, BMA, 15
<134>2021-07-15T05:42:21Z cache-tyo11974 MEWElogs[318405]: ROTATE, 1626327740921450351, TYO, 15
<134>2021-07-15T05:42:45Z cache-vie21629 MEWElogs[318405]: ROTATE, 1626327763948407253, VIE, 15
