<134>2021-07-15T02:11:57Z cache-ewr18156 MEWElogs[412844]: GRAY, 1626315116483499383, EWR, 13
<134>2021-07-15T02:12:04Z cache-gru17149 MEWElogs[412844]: GRAY, 1626315123021246933, GRU, 13
<134>2021-07-15T02:12:48Z cache-gru17149 MEWElogs[412844]: GRAY, 1626315167070550732, GRU, 13
<134>2021-07-15T02:12:49Z cache-syd10183 MEWElogs[412844]: GRAY, 1626315168252005854, SYD, 13
<134>2021-07-15T02:12:56Z cache-bom4751 MEWElogs[412844]: GRAY, 1626315175873200442, BOM, 13
<134>2021-07-15T02:13:15Z cache-pao17461 MEWElogs[412844]: GRAY, 1626315194680774559, PAO, 13
<134>2021-07-15T02:13:37Z cache-bom4751 MEWElogs[412844]: GRAY, 1626315216143659449, BOM, 13
<134>2021-07-15T02:13:39Z cache-scl19427 MEWElogs[412844]: GRAY, 1626315218883462103, SCL, 13
<134>2021-07-15T02:13:41Z cache-gig17035 MEWElogs[412844]: GRAY, 1626315220693601265, GIG, 13
<134>2021-07-15T02:13:43Z cache-bom4751 MEWElogs[412844]: GRAY, 1626315222343358776, BOM, 13
<134>2021-07-15T02:13:45Z cache-gru17149 MEWElogs[412844]: GRAY, 1626315224649307258, GRU, 13
<134>2021-07-15T02:13:56Z cache-cgh11122 MEWElogs[412844]: GRAY, 1626315235156370202, CGH, 13
<134>2021-07-15T02:14:10Z cache-hnd18722 MEWElogs[412844]: GRAY, 1626315249776505321, HND, 13
<134>2021-07-15T02:14:17Z cache-bom4751 MEWElogs[412844]: GRAY, 1626315256842904861, BOM, 13
<134>2021-07-15T02:14:20Z cache-scl19427 MEWElogs[412844]: GRAY, 1626315260171844687, SCL, 13
<134>2021-07-15T02:14:26Z cache-stl4834 MEWElogs[412844]: GRAY, 1626315266108940816, STL, 13
<134>2021-07-15T02:14:28Z cache-bom4751 MEWElogs[412844]: GRAY, 1626315268324988750, BOM, 13
<134>2021-07-15T02:14:28Z cache-syd10183 MEWElogs[412844]: GRAY, 1626315267666003372, SYD, 13
<134>2021-07-15T02:14:31Z cache-pao17461 MEWElogs[412844]: GRAY, 1626315270408760337, PAO, 13
<134>2021-07-15T02:14:36Z cache-scl19427 MEWElogs[412844]: GRAY, 1626315276464872316, SCL, 13
<134>2021-07-15T02:14:37Z cache-pao17461 MEWElogs[412844]: GRAY, 1626315277356880300, PAO, 13
<134>2021-07-15T02:14:56Z cache-syd10183 MEWElogs[412844]: GRAY, 1626315296144806866, SYD, 13
<134>2021-07-15T02:14:59Z cache-pao17461 MEWElogs[412844]: GRAY, 1626315298385486946, PAO, 13
<134>2021-07-15T02:15:01Z cache-scl19427 MEWElogs[412844]: GRAY, 1626315301161481933, SCL, 13
<134>2021-07-15T02:15:04Z cache-bom4751 MEWElogs[412844]: GRAY, 1626315302921133965, BOM, 13
<134>2021-07-15T02:15:31Z cache-itm18851 MEWElogs[412844]: GRAY, 1626315330862007293, ITM, 13
<134>2021-07-15T02:15:34Z cache-scl19427 MEWElogs[412844]: GRAY, 1626315334599735803, SCL, 13
<134>2021-07-15T02:15:35Z cache-hnd18722 MEWElogs[412844]: GRAY, 1626315334987151624, HND, 13
<134>2021-07-15T02:15:43Z cache-stl4834 MEWElogs[412844]: GRAY, 1626315343128502127, STL, 13
<134>2021-07-15T02:15:46Z cache-pao17461 MEWElogs[412844]: GRAY, 1626315345843495066, PAO, 13
<134>2021-07-15T02:16:04Z cache-gru17149 MEWElogs[412844]: GRAY, 1626315363313619777, GRU, 13
<134>2021-07-15T02:17:04Z cache-bom4751 MEWElogs[412844]: GRAY, 1626315423777065725, BOM, 13
<134>2021-07-15T02:17:14Z cache-hnd18722 MEWElogs[412844]: GRAY, 1626315433857432735, HND, 13
<134>2021-07-15T02:17:35Z cache-hnd18722 MEWElogs[412844]: GRAY, 1626315454983555921, HND, 13
<134>2021-07-15T02:17:40Z cache-cgh11122 MEWElogs[412844]: GRAY, 1626315459853822440, CGH, 13
<134>2021-07-15T02:17:54Z cache-cgh11122 MEWElogs[412844]: GRAY, 1626315473370003680, CGH, 13
<134>2021-07-15T02:17:57Z cache-hnd18722 MEWElogs[412844]: GRAY, 1626315476787359083, HND, 13
<134>2021-07-15T02:18:09Z cache-syd10183 MEWElogs[412844]: GRAY, 1626315488420552573, SYD, 13
<134>2021-07-15T02:18:14Z cache-cgh11122 MEWElogs[412844]: GRAY, 1626315493566663505, CGH, 13
<134>2021-07-15T02:18:32Z cache-itm18851 MEWElogs[412844]: GRAY, 1626315511792149204, ITM, 13
<134>2021-07-15T02:18:40Z cache-itm18851 MEWElogs[412844]: GRAY, 1626315519403872375, ITM, 13
<134>2021-07-15T02:18:40Z cache-pao17461 MEWElogs[412844]: GRAY, 1626315520033644291, PAO, 13
<134>2021-07-15T02:18:47Z cache-itm18851 MEWElogs[412844]: GRAY, 1626315527001272307, ITM, 13
<134>2021-07-15T02:18:49Z cache-sjc10078 MEWElogs[412844]: GRAY, 1626315528461793355, SJC, 13
<134>2021-07-15T02:19:29Z cache-pao17461 MEWElogs[412844]: GRAY, 1626315569141709340, PAO, 13
<134>2021-07-15T02:19:37Z cache-pao17461 MEWElogs[412844]: GRAY, 1626315575982444559, PAO, 13
<134>2021-07-15T02:19:43Z cache-hnd18722 MEWElogs[412844]: GRAY, 1626315582537808650, HND, 13
<134>2021-07-15T02:20:03Z cache-stl4834 MEWElogs[412844]: GRAY, 1626315602888194253, STL, 13
<134>2021-07-15T02:20:04Z cache-pao17461 MEWElogs[412844]: GRAY, 1626315603353263104, PAO, 13
<134>2021-07-15T02:20:31Z cache-pao17461 MEWElogs[412844]: GRAY, 1626315631108564578, PAO, 13
<134>2021-07-15T02:20:38Z cache-pao17461 MEWElogs[412844]: GRAY, 1626315637816199321, PAO, 13
<134>2021-07-15T02:20:45Z cache-stl4834 MEWElogs[412844]: GRAY, 1626315644964611509, STL, 13
<134>2021-07-15T02:20:52Z cache-stl4834 MEWElogs[412844]: GRAY, 1626315652006945732, STL, 13
<134>2021-07-15T02:20:59Z cache-pao17461 MEWElogs[412844]: GRAY, 1626315659072784944, PAO, 13
<134>2021-07-15T02:21:02Z cache-cgh11183 MEWElogs[412844]: GRAY, 1626315662034471722, CGH, 13
<134>2021-07-15T02:21:06Z cache-pao17461 MEWElogs[412844]: GRAY, 1626315665845480473, PAO, 13
<134>2021-07-15T02:21:16Z cache-hnd18722 MEWElogs[412844]: GRAY, 1626315675214003671, HND, 13
<134>2021-07-15T02:21:27Z cache-sea4483 MEWElogs[412844]: GRAY, 1626315687165333803, SEA, 13
<134>2021-07-15T02:21:36Z cache-cgh11122 MEWElogs[412844]: GRAY, 1626315696342940393, CGH, 13
