<134>2021-07-15T05:38:47Z cache-sjc10078 MEWElogs[464521]: ROTATE, 1626327526978615523, SJC, 15
<134>2021-07-15T05:38:48Z cache-bma1628 MEWElogs[464521]: ROTATE, 1626327527690355973, BMA, 15
<134>2021-07-15T05:39:18Z cache-sjc10078 MEWElogs[464521]: ROTATE, 1626327558173161903, SJC, 15
<134>2021-07-15T05:39:42Z cache-yyz4551 MEWElogs[464521]: ROTATE, 1626327581725466695, YYZ, 15
<134>2021-07-15T05:40:02Z cache-tyo11974 MEWElogs[464521]: ROTATE, 1626327601188297436, TYO, 15
<134>2021-07-15T05:40:07Z cache-cgh11183 MEWElogs[464521]: ROTATE, 1626327606232876855, CGH, 15
<134>2021-07-15T05:40:44Z cache-yyz4551 MEWElogs[464521]: ROTATE, 1626327643030176047, YYZ, 15
<134>2021-07-15T05:41:06Z cache-bma1628 MEWElogs[464521]: ROTATE, 1626327666334141669, BMA, 15
<134>2021-07-15T05:41:57Z cache-vie21629 MEWElogs[464521]: ROTATE, 1626327716510524448, VIE, 15
<134>2021-07-15T05:42:17Z cache-bma1628 MEWElogs[464521]: ROTATE, 1626327736492625939, BMA, 15
<134>2021-07-15T05:42:59Z cache-cgh11183 MEWElogs[464521]: ROTATE, 1626327778932890875, CGH, 15
<134>2021-07-15T05:43:25Z cache-sea4483 MEWElogs[464521]: ROTATE, 1626327804875980964, SEA, 15
<134>2021-07-15T05:43:30Z cache-yyz4551 MEWElogs[464521]: ROTATE, 1626327809180742937, YYZ, 15
<134>2021-07-15T05:44:22Z cache-tyo11974 MEWElogs[464521]: ROTATE, 1626327861114679959, TYO, 15
<134>2021-07-15T05:44:39Z cache-yyz4551 MEWElogs[464521]: ROTATE, 1626327878740791902, YYZ, 15
<134>2021-07-15T05:44:45Z cache-cgh11183 MEWElogs[464521]: ROTATE, 1626327884891637570, CGH, 15
<134>2021-07-15T05:45:05Z cache-yyz4551 MEWElogs[464521]: ROTATE, 1626327904768954195, YYZ, 15
<134>2021-07-15T05:45:56Z cache-tyo11974 MEWElogs[464521]: ROTATE, 1626327955221056674, TYO, 15
<134>2021-07-15T05:46:06Z cache-yyz4551 MEWElogs[464521]: ROTATE, 1626327966333976186, YYZ, 15
<134>2021-07-15T05:46:14Z cache-sea4483 MEWElogs[464521]: ROTATE, 1626327974017361649, SEA, 15
<134>2021-07-15T05:46:33Z cache-yyz4551 MEWElogs[464521]: ROTATE, 1626327992519827664, YYZ, 15
