<134>2021-07-15T06:23:53Z cache-bog6425 MEWElogs[21956]: UNSH, 1626330233243424981, BOG, 16
<134>2021-07-15T06:24:02Z cache-cph20625 MEWElogs[21956]: UNSH, 1626330241852614908, CPH, 16
<134>2021-07-15T06:24:03Z cache-bog6425 MEWElogs[21956]: UNSH, 1626330242985308123, BOG, 16
<134>2021-07-15T06:24:04Z cache-maa10251 MEWElogs[21956]: UNSH, 1626330244146930272, MAA, 16
<134>2021-07-15T06:24:49Z cache-ord1740 MEWElogs[21956]: UNSH, 1626330288328094062, ORD, 16
<134>2021-07-15T06:24:56Z cache-wdc5583 MEWElogs[21956]: UNSH, 1626330295279091044, WDC, 16
<134>2021-07-15T06:25:02Z cache-mdw17383 MEWElogs[21956]: UNSH, 1626330301602265889, MDW, 16
<134>2021-07-15T06:25:08Z cache-ord1740 MEWElogs[21956]: UNSH, 1626330307622707404, ORD, 16
<134>2021-07-15T06:25:29Z cache-chi21126 MEWElogs[21956]: UNSH, 1626330328135052341, CHI, 16
<134>2021-07-15T06:25:49Z cache-bos4657 MEWElogs[21956]: UNSH, 1626330348428172590, BOS, 16
<134>2021-07-15T06:25:54Z cache-dfw18678 MEWElogs[21956]: UNSH, 1626330353462234392, DFW, 16
<134>2021-07-15T06:25:58Z cache-bos4657 MEWElogs[21956]: UNSH, 1626330357247850849, BOS, 16
<134>2021-07-15T06:26:01Z cache-del21735 MEWElogs[21956]: UNSH, 1626330360963780654, DEL, 16
<134>2021-07-15T06:26:28Z cache-chi21126 MEWElogs[21956]: UNSH, 1626330387239747037, CHI, 16
<134>2021-07-15T06:26:38Z cache-chi21126 MEWElogs[21956]: UNSH, 1626330397132820680, CHI, 16
<134>2021-07-15T06:27:04Z cache-fty21383 MEWElogs[21956]: UNSH, 1626330423211009226, FTY, 16
<134>2021-07-15T06:27:07Z cache-chi21126 MEWElogs[21956]: UNSH, 1626330426519070227, CHI, 16
<134>2021-07-15T06:27:11Z cache-dub4329 MEWElogs[21956]: UNSH, 1626330430223233096, DUB, 16
<134>2021-07-15T06:27:37Z cache-pwk4920 MEWElogs[21956]: UNSH, 1626330456016092810, PWK, 16
<134>2021-07-15T06:27:43Z cache-hhn4077 MEWElogs[21956]: UNSH, 1626330462862736514, HHN, 16
<134>2021-07-15T06:27:44Z cache-dub4329 MEWElogs[21956]: UNSH, 1626330463023739772, DUB, 16
<134>2021-07-15T06:27:52Z cache-dub4329 MEWElogs[21956]: UNSH, 1626330471316208912, DUB, 16
<134>2021-07-15T06:28:04Z cache-akl10324 MEWElogs[21956]: UNSH, 1626330484150073717, AKL, 16
<134>2021-07-15T06:28:05Z cache-chi21126 MEWElogs[21956]: UNSH, 1626330485002214755, CHI, 16
<134>2021-07-15T06:28:14Z cache-pwk4920 MEWElogs[21956]: UNSH, 1626330493467854468, PWK, 16
<134>2021-07-15T06:28:17Z cache-dub4329 MEWElogs[21956]: UNSH, 1626330495967531153, DUB, 16
<134>2021-07-15T06:28:32Z cache-pwk4920 MEWElogs[21956]: UNSH, 1626330512285175927, PWK, 16
<134>2021-07-15T06:28:34Z cache-cph20625 MEWElogs[21956]: UNSH, 1626330514429972704, CPH, 16
<134>2021-07-15T06:28:48Z cache-fty21383 MEWElogs[21956]: UNSH, 1626330527779965131, FTY, 16
<134>2021-07-15T06:28:51Z cache-akl10324 MEWElogs[21956]: UNSH, 1626330530955501677, AKL, 16
<134>2021-07-15T06:29:14Z cache-fty21383 MEWElogs[21956]: UNSH, 1626330553810655596, FTY, 16
<134>2021-07-15T06:29:31Z cache-dub4329 MEWElogs[21956]: UNSH, 1626330570072312415, DUB, 16
<134>2021-07-15T06:29:48Z cache-pwk4920 MEWElogs[21956]: UNSH, 1626330587100926606, PWK, 16
<134>2021-07-15T06:29:59Z cache-bos4657 MEWElogs[21956]: UNSH, 1626330598071837982, BOS, 16
<134>2021-07-15T06:30:04Z cache-dub4329 MEWElogs[21956]: UNSH, 1626330603000256647, DUB, 16
<134>2021-07-15T06:30:15Z cache-fty21383 MEWElogs[21956]: UNSH, 1626330614513494724, FTY, 16
<134>2021-07-15T06:30:24Z cache-fty21383 MEWElogs[21956]: UNSH, 1626330623275624662, FTY, 16
<134>2021-07-15T06:30:51Z cache-bos4657 MEWElogs[21956]: UNSH, 1626330651580445414, BOS, 16
<134>2021-07-15T06:31:13Z cache-akl10324 MEWElogs[21956]: UNSH, 1626330673264198987, AKL, 16
<134>2021-07-15T06:31:37Z cache-bos4657 MEWElogs[21956]: UNSH, 1626330696214656654, BOS, 16
<134>2021-07-15T06:32:27Z cache-pwk4920 MEWElogs[21956]: UNSH, 1626330746575323315, PWK, 16
<134>2021-07-15T06:33:28Z cache-chi21126 MEWElogs[21956]: UNSH, 1626330807465280232, CHI, 16
<134>2021-07-15T06:33:37Z cache-akl10324 MEWElogs[21956]: UNSH, 1626330816613575174, AKL, 16
<134>2021-07-15T06:33:46Z cache-dub4329 MEWElogs[21956]: UNSH, 1626330825496495339, DUB, 16
