<134>2021-07-15T06:40:19Z cache-del21735 MEWElogs[355776]: UNSH, 1626331218328670549, DEL, 16
<134>2021-07-15T06:40:24Z cache-chi21126 MEWElogs[355776]: UNSH, 1626331223308099418, CHI, 16
<134>2021-07-15T06:40:51Z cache-fra19177 MEWElogs[355776]: UNSH, 1626331250506781129, FRA, 16
<134>2021-07-15T06:40:56Z cache-hel6829 MEWElogs[355776]: UNSH, 1626331255727170847, HEL, 16
<134>2021-07-15T06:40:59Z cache-iah17271 MEWElogs[355776]: UNSH, 1626331258840415813, IAH, 16
<134>2021-07-15T06:41:15Z cache-dal21283 MEWElogs[355776]: UNSH, 1626331275422211696, DAL, 16
<134>2021-07-15T06:41:16Z cache-jnb7027 MEWElogs[355776]: UNSH, 1626331275575902305, JNB, 16
<134>2021-07-15T06:41:26Z cache-jnb7027 MEWElogs[355776]: UNSH, 1626331285645772178, JNB, 16
<134>2021-07-15T06:41:33Z cache-iah17271 MEWElogs[355776]: UNSH, 1626331292746372499, IAH, 16
<134>2021-07-15T06:41:35Z cache-den8274 MEWElogs[355776]: UNSH, 1626331294742193252, DEN, 16
<134>2021-07-15T06:41:45Z cache-akl10324 MEWElogs[355776]: UNSH, 1626331304055205517, AKL, 16
<134>2021-07-15T06:42:03Z cache-pwk4920 MEWElogs[355776]: UNSH, 1626331322685987783, PWK, 16
<134>2021-07-15T06:42:35Z cache-cwb20520 MEWElogs[355776]: UNSH, 1626331354455018805, CWB, 16
<134>2021-07-15T06:42:59Z cache-pwk4920 MEWElogs[355776]: UNSH, 1626331378554420282, PWK, 16
<134>2021-07-15T06:43:34Z cache-den8274 MEWElogs[355776]: UNSH, 1626331413263127367, DEN, 16
<134>2021-07-15T06:44:23Z cache-iah17271 MEWElogs[355776]: UNSH, 1626331462480967032, IAH, 16
<134>2021-07-15T06:44:41Z cache-cwb20520 MEWElogs[355776]: UNSH, 1626331480817201490, CWB, 16
<134>2021-07-15T06:44:48Z cache-bur17583 MEWElogs[355776]: UNSH, 1626331487078842600, BUR, 16
<134>2021-07-15T06:45:25Z cache-den8274 MEWElogs[355776]: UNSH, 1626331524908426394, DEN, 16
<134>2021-07-15T06:45:29Z cache-fra19177 MEWElogs[355776]: UNSH, 1626331528784655335, FRA, 16
<134>2021-07-15T06:45:32Z cache-iah17271 MEWElogs[355776]: UNSH, 1626331531854045868, IAH, 16
<134>2021-07-15T06:45:41Z cache-dal21283 MEWElogs[355776]: UNSH, 1626331540088878501, DAL, 16
<134>2021-07-15T06:45:49Z cache-lcy19283 MEWElogs[355776]: UNSH, 1626331548334550787, LCY, 16
<134>2021-07-15T06:46:05Z cache-iah17271 MEWElogs[355776]: UNSH, 1626331564660587632, IAH, 16
<134>2021-07-15T06:46:21Z cache-den8274 MEWElogs[355776]: UNSH, 1626331580432688906, DEN, 16
<134>2021-07-15T06:46:27Z cache-cwb20520 MEWElogs[355776]: UNSH, 1626331585969007384, CWB, 16
<134>2021-07-15T06:47:04Z cache-lon4249 MEWElogs[355776]: UNSH, 1626331623655844456, LON, 16
<134>2021-07-15T06:47:22Z cache-lon4249 MEWElogs[355776]: UNSH, 1626331641536058906, LON, 16
<134>2021-07-15T06:47:30Z cache-iah17271 MEWElogs[355776]: UNSH, 1626331649478453152, IAH, 16
<134>2021-07-15T06:47:56Z cache-hel6829 MEWElogs[355776]: UNSH, 1626331675424358533, HEL, 16
<134>2021-07-15T06:48:03Z cache-mad22068 MEWElogs[355776]: UNSH, 1626331683019742585, MAD, 16
<134>2021-07-15T06:48:07Z cache-jnb7027 MEWElogs[355776]: UNSH, 1626331686637537066, JNB, 16
<134>2021-07-15T06:48:21Z cache-lcy19283 MEWElogs[355776]: UNSH, 1626331700410417356, LCY, 16
<134>2021-07-15T06:48:25Z cache-den8274 MEWElogs[355776]: UNSH, 1626331704777170236, DEN, 16
<134>2021-07-15T06:48:50Z cache-lcy19283 MEWElogs[355776]: UNSH, 1626331729179521615, LCY, 16
<134>2021-07-15T06:49:20Z cache-dal21283 MEWElogs[355776]: UNSH, 1626331760124894864, DAL, 16
<134>2021-07-15T06:49:42Z cache-den8274 MEWElogs[355776]: UNSH, 1626331781504388855, DEN, 16
<134>2021-07-15T06:49:44Z cache-dal21283 MEWElogs[355776]: UNSH, 1626331783552065349, DAL, 16
<134>2021-07-15T06:49:54Z cache-dal21283 MEWElogs[355776]: UNSH, 1626331793398972511, DAL, 16
<134>2021-07-15T06:50:05Z cache-dal21283 MEWElogs[355776]: UNSH, 1626331804094861921, DAL, 16
