<134>2021-07-14T17:12:11Z cache-den8274 MEWElogs[390968]: FLIPH, 1626282731217183542, DEN, -1
<134>2021-07-14T17:12:12Z cache-jnb7027 MEWElogs[390968]: FLIPH, 1626282730962034916, JNB, -1
<134>2021-07-14T17:12:14Z cache-jnb7027 MEWElogs[390968]: FLIPH, 1626282733788202494, JNB, 10
<134>2021-07-14T17:12:19Z cache-hel6829 MEWElogs[390968]: FLIPH, 1626282738441490887, HEL, 10
<134>2021-07-14T17:12:31Z cache-iah17271 MEWElogs[390968]: FLIPH, 1626282750470748120, IAH, -1
<134>2021-07-14T17:12:44Z cache-bur17583 MEWElogs[390968]: FLIPH, 1626282763791065547, BUR, -1
<134>2021-07-14T17:12:52Z cache-fra19177 MEWElogs[390968]: FLIPH, 1626282771657607336, FRA, 10
<134>2021-07-14T17:12:53Z cache-jnb7027 MEWElogs[390968]: FLIPH, 1626282772876406216, JNB, 10
<134>2021-07-14T17:12:54Z cache-lon4249 MEWElogs[390968]: FLIPH, 1626282773722795674, LON, 10
<134>2021-07-14T17:13:00Z cache-jnb7027 MEWElogs[390968]: FLIPH, 1626282779736643901, JNB, -1
<134>2021-07-14T17:13:10Z cache-jnb7027 MEWElogs[390968]: FLIPH, 1626282789396680330, JNB, -1
<134>2021-07-14T17:13:10Z cache-cwb20520 MEWElogs[390968]: FLIPH, 1626282789902510235, CWB, -1
<134>2021-07-14T17:13:16Z cache-fra19177 MEWElogs[390968]: FLIPH, 1626282796035785402, FRA, -1
<134>2021-07-14T17:13:16Z cache-iah17271 MEWElogs[390968]: FLIPH, 1626282795926620069, IAH, -1
<134>2021-07-14T17:13:20Z cache-iah17271 MEWElogs[390968]: FLIPH, 1626282799423146024, IAH, 10
<134>2021-07-14T17:13:25Z cache-lcy19283 MEWElogs[390968]: FLIPH, 1626282804566481643, LCY, 10
<134>2021-07-14T17:13:29Z cache-bur17583 MEWElogs[390968]: FLIPH, 1626282808616313276, BUR, 10
<134>2021-07-14T17:13:34Z cache-den8274 MEWElogs[390968]: FLIPH, 1626282814489627206, DEN, 10
<134>2021-07-14T17:13:39Z cache-jnb7027 MEWElogs[390968]: FLIPH, 1626282818665525284, JNB, -1
<134>2021-07-14T17:14:07Z cache-den8274 MEWElogs[390968]: FLIPH, 1626282847352719005, DEN, -1
<134>2021-07-14T17:14:07Z cache-dal21283 MEWElogs[390968]: FLIPH, 1626282847000942528, DAL, 10
<134>2021-07-14T17:14:15Z cache-iah17271 MEWElogs[390968]: FLIPH, 1626282854648431646, IAH, 10
<134>2021-07-14T17:14:18Z cache-mad22068 MEWElogs[390968]: FLIPH, 1626282857123881471, MAD, 10
<134>2021-07-14T17:14:19Z cache-dal21283 MEWElogs[390968]: FLIPH, 1626282858874836570, DAL, 10
<134>2021-07-14T17:14:23Z cache-mad22068 MEWElogs[390968]: FLIPH, 1626282863244878611, MAD, -1
<134>2021-07-14T17:14:42Z cache-cwb20520 MEWElogs[390968]: FLIPH, 1626282881637299816, CWB, 10
<134>2021-07-14T17:14:48Z cache-cwb20520 MEWElogs[390968]: FLIPH, 1626282888756858314, CWB, -1
<134>2021-07-14T17:14:51Z cache-lcy19283 MEWElogs[390968]: FLIPH, 1626282891404295146, LCY, -1
<134>2021-07-14T17:14:57Z cache-mci5951 MEWElogs[390968]: FLIPH, 1626282896899102120, MCI, -1
<134>2021-07-14T17:14:58Z cache-bur17583 MEWElogs[390968]: FLIPH, 1626282897777701538, BUR, -1
<134>2021-07-14T17:14:59Z cache-iah17271 MEWElogs[390968]: FLIPH, 1626282898537322698, IAH, 10
<134>2021-07-14T17:15:05Z cache-lon4249 MEWElogs[390968]: FLIPH, 1626282904063830595, LON, 10
<134>2021-07-14T17:15:08Z cache-mci5951 MEWElogs[390968]: FLIPH, 1626282906995212139, MCI, -1
<134>2021-07-14T17:15:09Z cache-cwb20520 MEWElogs[390968]: FLIPH, 1626282908370305430, CWB, -1
<134>2021-07-14T17:15:10Z cache-mci5951 MEWElogs[390968]: FLIPH, 1626282910061164077, MCI, 10
<134>2021-07-14T17:15:11Z cache-bur17583 MEWElogs[390968]: FLIPH, 1626282911236723692, BUR, 10
<134>2021-07-14T17:15:14Z cache-mad22068 MEWElogs[390968]: FLIPH, 1626282913484791815, MAD, 10
<134>2021-07-14T17:15:22Z cache-lcy19283 MEWElogs[390968]: FLIPH, 1626282921831686910, LCY, -1
<134>2021-07-14T17:15:39Z cache-bur17583 MEWElogs[390968]: FLIPH, 1626282938800879944, BUR, -1
<134>2021-07-14T17:15:44Z cache-mrs10583 MEWElogs[390968]: FLIPH, 1626282943521592419, MRS, -1
<134>2021-07-14T17:15:49Z cache-hkg17929 MEWElogs[390968]: FLIPH, 1626282948783506737, HKG, -1
<134>2021-07-14T17:15:51Z cache-mci5951 MEWElogs[390968]: FLIPH, 1626282950628716953, MCI, 10
<134>2021-07-14T17:16:00Z cache-mrs10583 MEWElogs[390968]: FLIPH, 1626282960110483312, MRS, -1
<134>2021-07-14T17:16:14Z cache-hkg17929 MEWElogs[390968]: FLIPH, 1626282973427056627, HKG, 10
<134>2021-07-14T17:16:28Z cache-mci5951 MEWElogs[390968]: FLIPH, 1626282988075051865, MCI, -1
<134>2021-07-14T17:16:28Z cache-mia11368 MEWElogs[390968]: FLIPH, 1626282988119183510, MIA, 10
<134>2021-07-14T17:16:34Z cache-bur17583 MEWElogs[390968]: FLIPH, 1626282993794779550, BUR, 10
<134>2021-07-14T17:17:05Z cache-mrs10583 MEWElogs[390968]: FLIPH, 1626283025066410870, MRS, -1
<134>2021-07-14T17:17:12Z cache-stp9226 MEWElogs[390968]: FLIPH, 1626283031755400185, STP, -1
<134>2021-07-14T17:17:13Z cache-mrs10583 MEWElogs[390968]: FLIPH, 1626283033271301319, MRS, -1
<134>2021-07-14T17:17:23Z cache-mad22068 MEWElogs[390968]: FLIPH, 1626283042798668295, MAD, -1
<134>2021-07-14T17:17:55Z cache-mad22068 MEWElogs[390968]: FLIPH, 1626283074767842313, MAD, 10
<134>2021-07-14T17:18:18Z cache-dal21283 MEWElogs[390968]: FLIPH, 1626283097153218759, DAL, 10
<134>2021-07-14T17:18:23Z cache-mad22068 MEWElogs[390968]: FLIPH, 1626283103366771697, MAD, 10
<134>2021-07-14T17:18:43Z cache-mrs10583 MEWElogs[390968]: FLIPH, 1626283122982427442, MRS, -1
<134>2021-07-14T17:19:04Z cache-mci5951 MEWElogs[390968]: FLIPH, 1626283143182263466, MCI, 10
<134>2021-07-14T17:19:26Z cache-dal21283 MEWElogs[390968]: FLIPH, 1626283166301693077, DAL, 10
<134>2021-07-14T17:19:35Z cache-mrs10583 MEWElogs[390968]: FLIPH, 1626283174369728514, MRS, 10
<134>2021-07-14T17:19:35Z cache-mad22068 MEWElogs[390968]: FLIPH, 1626283174756478668, MAD, -1
<134>2021-07-14T17:19:55Z cache-stp9226 MEWElogs[390968]: FLIPH, 1626283194907085525, STP, -1
<134>2021-07-14T17:20:03Z cache-jax20933 MEWElogs[390968]: FLIPH, 1626283202211600481, JAX, 10
<134>2021-07-14T17:20:09Z cache-bur17583 MEWElogs[390968]: FLIPH, 1626283209006216408, BUR, -1
<134>2021-07-14T17:20:35Z cache-hkg17929 MEWElogs[390968]: FLIPH, 1626283234877867941, HKG, 10
<134>2021-07-14T17:20:51Z cache-lhr7382 MEWElogs[390968]: FLIPH, 1626283250114178317, LHR, -1
<134>2021-07-14T17:20:53Z cache-yul12826 MEWElogs[390968]: FLIPH, 1626283252250070556, YUL, -1
<134>2021-07-14T17:20:56Z cache-hkg17929 MEWElogs[390968]: FLIPH, 1626283256450702495, HKG, 10
<134>2021-07-14T17:20:59Z cache-jax20933 MEWElogs[390968]: FLIPH, 1626283259031824640, JAX, -1
<134>2021-07-14T17:21:04Z cache-mci5951 MEWElogs[390968]: FLIPH, 1626283264401323445, MCI, 10
<134>2021-07-14T17:21:22Z cache-bur17583 MEWElogs[390968]: FLIPH, 1626283282132162627, BUR, -1
<134>2021-07-14T17:21:32Z cache-yul12826 MEWElogs[390968]: FLIPH, 1626283292072903268, YUL, 10
<134>2021-07-14T17:21:42Z cache-mci5951 MEWElogs[390968]: FLIPH, 1626283302094225593, MCI, -1
<134>2021-07-14T17:21:43Z cache-bur17583 MEWElogs[390968]: FLIPH, 1626283302807529558, BUR, -1
<134>2021-07-14T17:21:48Z cache-stp9226 MEWElogs[390968]: FLIPH, 1626283307321271231, STP, 10
<134>2021-07-14T17:21:59Z cache-hkg17929 MEWElogs[390968]: FLIPH, 1626283317899419194, HKG, -1
