<134>2021-07-14T16:31:43Z cache-cmh21547 MEWElogs[334804]: FLIPH, 1626280302223282950, CMH, -1
<134>2021-07-14T16:32:09Z cache-dca17782 MEWElogs[334804]: FLIPH, 1626280329526917561, DCA, 10
<134>2021-07-14T16:32:19Z cache-dca17782 MEWElogs[334804]: FLIPH, 1626280338665174154, DCA, 10
<134>2021-07-14T16:32:29Z cache-dca17782 MEWElogs[334804]: FLIPH, 1626280348057334094, DCA, 10
<134>2021-07-14T16:32:32Z cache-bog6425 MEWElogs[334804]: FLIPH, 1626280351685251812, BOG, -1
<134>2021-07-14T16:32:40Z cache-ams21020 MEWElogs[334804]: FLIPH, 1626280359825161616, AMS, 10
<134>2021-07-14T16:32:52Z cache-bog6425 MEWElogs[334804]: FLIPH, 1626280372175459107, BOG, -1
<134>2021-07-14T16:33:47Z cache-ord1740 MEWElogs[334804]: FLIPH, 1626280427597205341, ORD, -1
<134>2021-07-14T16:33:51Z cache-bog6425 MEWElogs[334804]: FLIPH, 1626280430836264474, BOG, -1
<134>2021-07-14T16:33:54Z cache-maa10251 MEWElogs[334804]: FLIPH, 1626280433719424787, MAA, -1
<134>2021-07-14T16:34:32Z cache-ord1740 MEWElogs[334804]: FLIPH, 1626280472823437534, ORD, -1
<134>2021-07-14T16:34:44Z cache-maa10251 MEWElogs[334804]: FLIPH, 1626280483198573463, MAA, -1
<134>2021-07-14T16:34:59Z cache-wdc5583 MEWElogs[334804]: FLIPH, 1626280498820319690, WDC, -1
<134>2021-07-14T16:35:45Z cache-ord1740 MEWElogs[334804]: FLIPH, 1626280545687506835, ORD, -1
<134>2021-07-14T16:36:05Z cache-cmh21547 MEWElogs[334804]: FLIPH, 1626280564263027384, CMH, -1
<134>2021-07-14T16:36:05Z cache-dca17782 MEWElogs[334804]: FLIPH, 1626280565134498251, DCA, 10
<134>2021-07-14T16:36:05Z cache-pdk17882 MEWElogs[334804]: FLIPH, 1626280565183747702, PDK, 10
<134>2021-07-14T16:36:12Z cache-maa10251 MEWElogs[334804]: FLIPH, 1626280572008171262, MAA, -1
<134>2021-07-14T16:37:01Z cache-eze19324 MEWElogs[334804]: FLIPH, 1626280620412088570, EZE, -1
<134>2021-07-14T16:37:20Z cache-bog6425 MEWElogs[334804]: FLIPH, 1626280639575327156, BOG, 10
<134>2021-07-14T16:38:01Z cache-maa10251 MEWElogs[334804]: FLIPH, 1626280680515518816, MAA, -1
<134>2021-07-14T16:38:02Z cache-ams21020 MEWElogs[334804]: FLIPH, 1626280682160522281, AMS, -1
<134>2021-07-14T16:38:15Z cache-wdc5583 MEWElogs[334804]: FLIPH, 1626280694853769832, WDC, -1
<134>2021-07-14T16:38:27Z cache-dca17782 MEWElogs[334804]: FLIPH, 1626280706695020582, DCA, 10
<134>2021-07-14T16:38:39Z cache-ord1740 MEWElogs[334804]: FLIPH, 1626280719202966613, ORD, -1
<134>2021-07-14T16:38:46Z cache-dca17782 MEWElogs[334804]: FLIPH, 1626280725794270383, DCA, 10
<134>2021-07-14T16:38:58Z cache-mdw17383 MEWElogs[334804]: FLIPH, 1626280737716236230, MDW, -1
<134>2021-07-14T16:39:11Z cache-dca17782 MEWElogs[334804]: FLIPH, 1626280750714295576, DCA, -1
<134>2021-07-14T16:39:24Z cache-bog6425 MEWElogs[334804]: FLIPH, 1626280764358399026, BOG, -1
<134>2021-07-14T16:39:38Z cache-maa10251 MEWElogs[334804]: FLIPH, 1626280778203692021, MAA, -1
<134>2021-07-14T16:39:45Z cache-mdw17383 MEWElogs[334804]: FLIPH, 1626280784678263813, MDW, 10
<134>2021-07-14T16:39:51Z cache-maa10251 MEWElogs[334804]: FLIPH, 1626280790733313538, MAA, 10
<134>2021-07-14T16:39:58Z cache-cmh21547 MEWElogs[334804]: FLIPH, 1626280797639416884, CMH, 10
<134>2021-07-14T16:40:01Z cache-eze19324 MEWElogs[334804]: FLIPH, 1626280800528718651, EZE, 10
<134>2021-07-14T16:40:10Z cache-dca17782 MEWElogs[334804]: FLIPH, 1626280810229221335, DCA, 10
<134>2021-07-14T16:40:10Z cache-maa10251 MEWElogs[334804]: FLIPH, 1626280809865047372, MAA, 10
<134>2021-07-14T16:40:18Z cache-mdw17383 MEWElogs[334804]: FLIPH, 1626280817478805998, MDW, 10
<134>2021-07-14T16:40:38Z cache-cmh21547 MEWElogs[334804]: FLIPH, 1626280837193839954, CMH, -1
<134>2021-07-14T16:41:12Z cache-dca17782 MEWElogs[334804]: FLIPH, 1626280872305327605, DCA, -1
<134>2021-07-14T16:41:15Z cache-pdk17882 MEWElogs[334804]: FLIPH, 1626280874839718288, PDK, 10
<134>2021-07-14T16:41:33Z cache-cph20625 MEWElogs[334804]: FLIPH, 1626280892895985418, CPH, -1
