<134>2021-07-14T22:01:44Z cache-lcy19283 MEWElogs[412844]: BLUR, 1626300103604913803, LCY, 11
<134>2021-07-14T22:02:09Z cache-jnb7027 MEWElogs[412844]: BLUR, 1626300128993857853, JNB, 11
<134>2021-07-14T22:02:19Z cache-den8274 MEWElogs[412844]: BLUR, 1626300138996282186, DEN, 11
<134>2021-07-14T22:02:42Z cache-lon4249 MEWElogs[412844]: BLUR, 1626300162459801731, LON, 11
<134>2021-07-14T22:03:20Z cache-den8274 MEWElogs[412844]: BLUR, 1626300200446719595, DEN, 11
<134>2021-07-14T22:03:32Z cache-dal21283 MEWElogs[412844]: BLUR, 1626300211432965348, DAL, 11
<134>2021-07-14T22:03:40Z cache-lon4249 MEWElogs[412844]: BLUR, 1626300219422740655, LON, 11
<134>2021-07-14T22:05:08Z cache-den8274 MEWElogs[412844]: BLUR, 1626300307931280436, DEN, 11
<134>2021-07-14T22:05:33Z cache-lon4249 MEWElogs[412844]: BLUR, 1626300332646541129, LON, 11
<134>2021-07-14T22:05:37Z cache-hel6829 MEWElogs[412844]: BLUR, 1626300336831874492, HEL, 11
<134>2021-07-14T22:07:10Z cache-bur17583 MEWElogs[412844]: BLUR, 1626300430189492230, BUR, 11
<134>2021-07-14T22:07:30Z cache-lon4249 MEWElogs[412844]: BLUR, 1626300449465927304, LON, 11
<134>2021-07-14T22:07:33Z cache-hel6829 MEWElogs[412844]: BLUR, 1626300452717333268, HEL, 11
<134>2021-07-14T22:07:55Z cache-jnb7027 MEWElogs[412844]: BLUR, 1626300474708074835, JNB, 11
<134>2021-07-14T22:07:58Z cache-lon4249 MEWElogs[412844]: BLUR, 1626300477797133193, LON, 11
<134>2021-07-14T22:08:57Z cache-cwb20520 MEWElogs[412844]: BLUR, 1626300536744114436, CWB, 11
<134>2021-07-14T22:09:21Z cache-dal21283 MEWElogs[412844]: BLUR, 1626300561662088192, DAL, 11
<134>2021-07-14T22:09:36Z cache-iah17271 MEWElogs[412844]: BLUR, 1626300575481022100, IAH, 11
<134>2021-07-14T22:09:42Z cache-den8274 MEWElogs[412844]: BLUR, 1626300582352754601, DEN, 11
<134>2021-07-14T22:10:21Z cache-cwb20520 MEWElogs[412844]: BLUR, 1626300620258887037, CWB, 11
<134>2021-07-14T22:10:28Z cache-hkg17929 MEWElogs[412844]: BLUR, 1626300628574639437, HKG, 11
<134>2021-07-14T22:11:24Z cache-bur17583 MEWElogs[412844]: BLUR, 1626300683876705232, BUR, 11
