<134>2021-07-14T21:42:24Z cache-chi21126 MEWElogs[382896]: BLUR, 1626298943602273004, CHI, 11
<134>2021-07-14T21:42:38Z cache-bos4657 MEWElogs[382896]: BLUR, 1626298958513909179, BOS, 11
<134>2021-07-14T21:42:43Z cache-dfw18678 MEWElogs[382896]: BLUR, 1626298962925198573, DFW, 11
<134>2021-07-14T21:42:46Z cache-hel6829 MEWElogs[382896]: BLUR, 1626298965268772377, HEL, 11
<134>2021-07-14T21:42:57Z cache-chi21126 MEWElogs[382896]: BLUR, 1626298977344723804, CHI, 11
<134>2021-07-14T21:44:42Z cache-iah17271 MEWElogs[382896]: BLUR, 1626299082528397104, IAH, 11
<134>2021-07-14T21:45:01Z cache-den8274 MEWElogs[382896]: BLUR, 1626299101112945456, DEN, 11
<134>2021-07-14T21:45:31Z cache-den8274 MEWElogs[382896]: BLUR, 1626299131637756119, DEN, 11
<134>2021-07-14T21:45:56Z cache-jnb7027 MEWElogs[382896]: BLUR, 1626299155918147000, JNB, 11
<134>2021-07-14T21:46:01Z cache-hhn4077 MEWElogs[382896]: BLUR, 1626299161394980598, HHN, 11
<134>2021-07-14T21:46:41Z cache-hel6829 MEWElogs[382896]: BLUR, 1626299200183426915, HEL, 11
<134>2021-07-14T21:47:25Z cache-dal21283 MEWElogs[382896]: BLUR, 1626299245193680030, DAL, 11
<134>2021-07-14T21:48:06Z cache-cwb20520 MEWElogs[382896]: BLUR, 1626299285335517171, CWB, 11
<134>2021-07-14T21:48:07Z cache-iah17271 MEWElogs[382896]: BLUR, 1626299286821689384, IAH, 11
<134>2021-07-14T21:48:18Z cache-jnb7027 MEWElogs[382896]: BLUR, 1626299297428800829, JNB, 11
<134>2021-07-14T21:48:20Z cache-hel6829 MEWElogs[382896]: BLUR, 1626299300204576793, HEL, 11
<134>2021-07-14T21:48:57Z cache-cwb20520 MEWElogs[382896]: BLUR, 1626299337225089003, CWB, 11
<134>2021-07-14T21:49:25Z cache-fra19177 MEWElogs[382896]: BLUR, 1626299364565715451, FRA, 11
<134>2021-07-14T21:49:40Z cache-pwk4920 MEWElogs[382896]: BLUR, 1626299380790275746, PWK, 11
<134>2021-07-14T21:49:49Z cache-iah17271 MEWElogs[382896]: BLUR, 1626299388130535339, IAH, 11
<134>2021-07-14T21:49:54Z cache-den8274 MEWElogs[382896]: BLUR, 1626299394092505156, DEN, 11
<134>2021-07-14T21:51:38Z cache-cwb20520 MEWElogs[382896]: BLUR, 1626299497417422896, CWB, 11
<134>2021-07-14T21:51:55Z cache-fra19177 MEWElogs[382896]: BLUR, 1626299514644156855, FRA, 11
