<134>2021-07-15T00:50:45Z cache-mci5951 MEWElogs[382896]: CROP, 1626310245119704101, MCI, 12
<134>2021-07-15T00:50:46Z cache-mia11368 MEWElogs[382896]: CROP, 1626310246242816946, MIA, 12
<134>2021-07-15T00:50:47Z cache-lhr7382 MEWElogs[382896]: CROP, 1626310246966340764, LHR, 12
<134>2021-07-15T00:50:47Z cache-mel11272 MEWElogs[382896]: CROP, 1626310247201071374, MEL, 12
<134>2021-07-15T00:50:51Z cache-hkg17929 MEWElogs[382896]: CROP, 1626310250850980029, HKG, 12
<134>2021-07-15T00:51:20Z cache-hkg17929 MEWElogs[382896]: CROP, 1626310280388279760, HKG, 12
<134>2021-07-15T00:51:23Z cache-stp9226 MEWElogs[382896]: CROP, 1626310282430771589, STP, 12
<134>2021-07-15T00:51:28Z cache-lax10677 MEWElogs[382896]: CROP, 1626310287067193120, LGB, 12
<134>2021-07-15T00:51:36Z cache-lax10677 MEWElogs[382896]: CROP, 1626310295714197887, LGB, 12
<134>2021-07-15T00:51:44Z cache-hkg17929 MEWElogs[382896]: CROP, 1626310304243830529, HKG, 12
<134>2021-07-15T00:51:45Z cache-mia11368 MEWElogs[382896]: CROP, 1626310305013532743, MIA, 12
<134>2021-07-15T00:51:56Z cache-mci5951 MEWElogs[382896]: CROP, 1626310315739951008, MCI, 12
<134>2021-07-15T00:52:10Z cache-yul12826 MEWElogs[382896]: CROP, 1626310329127414772, YUL, 12
<134>2021-07-15T00:52:18Z cache-mia11368 MEWElogs[382896]: CROP, 1626310337382390942, MIA, 12
<134>2021-07-15T00:52:26Z cache-mci5951 MEWElogs[382896]: CROP, 1626310345818298078, MCI, 12
<134>2021-07-15T00:52:39Z cache-mci5951 MEWElogs[382896]: CROP, 1626310359086505114, MCI, 12
<134>2021-07-15T00:52:40Z cache-mia11368 MEWElogs[382896]: CROP, 1626310360183012234, MIA, 12
<134>2021-07-15T00:52:53Z cache-mci5951 MEWElogs[382896]: CROP, 1626310371979883059, MCI, 12
<134>2021-07-15T00:52:56Z cache-man4150 MEWElogs[382896]: CROP, 1626310375772561802, MAN, 12
<134>2021-07-15T00:52:57Z cache-mel11272 MEWElogs[382896]: CROP, 1626310376732520010, MEL, 12
<134>2021-07-15T00:53:01Z cache-ewr18156 MEWElogs[382896]: CROP, 1626310380744529121, EWR, 12
<134>2021-07-15T00:53:02Z cache-mel11272 MEWElogs[382896]: CROP, 1626310381504986190, MEL, 12
<134>2021-07-15T00:53:11Z cache-mel11272 MEWElogs[382896]: CROP, 1626310390635668154, MEL, 12
<134>2021-07-15T00:53:13Z cache-stp9226 MEWElogs[382896]: CROP, 1626310393631058216, STP, 12
<134>2021-07-15T00:53:17Z cache-man4150 MEWElogs[382896]: CROP, 1626310396227908383, MAN, 12
<134>2021-07-15T00:53:34Z cache-jax20933 MEWElogs[382896]: CROP, 1626310413782310611, JAX, 12
<134>2021-07-15T00:53:43Z cache-lga21983 MEWElogs[382896]: CROP, 1626310423238699904, LGA, 12
<134>2021-07-15T00:53:47Z cache-stp9226 MEWElogs[382896]: CROP, 1626310426883100567, STP, 12
<134>2021-07-15T00:53:48Z cache-mel11272 MEWElogs[382896]: CROP, 1626310427683679394, MEL, 12
<134>2021-07-15T00:53:54Z cache-ewr18156 MEWElogs[382896]: CROP, 1626310433705568976, EWR, 12
<134>2021-07-15T00:53:57Z cache-osl6529 MEWElogs[382896]: CROP, 1626310436278850749, OSL, 12
<134>2021-07-15T00:53:59Z cache-lga21983 MEWElogs[382896]: CROP, 1626310439538289476, LGA, 12
<134>2021-07-15T00:54:12Z cache-stp9226 MEWElogs[382896]: CROP, 1626310451645363961, STP, 12
<134>2021-07-15T00:54:17Z cache-ewr18156 MEWElogs[382896]: CROP, 1626310456807009225, EWR, 12
<134>2021-07-15T00:54:27Z cache-mci5951 MEWElogs[382896]: CROP, 1626310467477385415, MCI, 12
<134>2021-07-15T00:54:29Z cache-lax10677 MEWElogs[382896]: CROP, 1626310468541144012, LGB, 12
<134>2021-07-15T00:54:31Z cache-osl6529 MEWElogs[382896]: CROP, 1626310470759274612, OSL, 12
<134>2021-07-15T00:54:41Z cache-stp9226 MEWElogs[382896]: CROP, 1626310480279494868, STP, 12
<134>2021-07-15T00:54:55Z cache-jax20933 MEWElogs[382896]: CROP, 1626310494192946724, JAX, 12
<134>2021-07-15T00:54:58Z cache-yul12826 MEWElogs[382896]: CROP, 1626310497592459379, YUL, 12
<134>2021-07-15T00:55:03Z cache-lax10677 MEWElogs[382896]: CROP, 1626310503076893974, LGB, 12
<134>2021-07-15T00:55:13Z cache-lga21983 MEWElogs[382896]: CROP, 1626310512221732532, LGA, 12
<134>2021-07-15T00:55:15Z cache-mci5951 MEWElogs[382896]: CROP, 1626310514552222122, MCI, 12
<134>2021-07-15T00:55:30Z cache-gig17035 MEWElogs[382896]: CROP, 1626310530218276040, GIG, 12
<134>2021-07-15T00:55:44Z cache-mel11272 MEWElogs[382896]: CROP, 1626310543727817514, MEL, 12
<134>2021-07-15T00:55:44Z cache-yul12826 MEWElogs[382896]: CROP, 1626310544210253361, YUL, 12
<134>2021-07-15T00:55:57Z cache-osl6529 MEWElogs[382896]: CROP, 1626310556201740439, OSL, 12
<134>2021-07-15T00:56:01Z cache-scl19427 MEWElogs[382896]: CROP, 1626310561763181642, SCL, 12
<134>2021-07-15T00:56:20Z cache-yul12826 MEWElogs[382896]: CROP, 1626310580071286695, YUL, 12
<134>2021-07-15T00:56:40Z cache-yul12826 MEWElogs[382896]: CROP, 1626310599407658350, YUL, 12
<134>2021-07-15T00:56:50Z cache-ewr18156 MEWElogs[382896]: CROP, 1626310609359830328, EWR, 12
<134>2021-07-15T00:56:56Z cache-gru17149 MEWElogs[382896]: CROP, 1626310615025806951, GRU, 12
<134>2021-07-15T00:57:25Z cache-osl6529 MEWElogs[382896]: CROP, 1626310645069544682, OSL, 12
<134>2021-07-15T00:57:31Z cache-ewr18156 MEWElogs[382896]: CROP, 1626310650975288558, EWR, 12
<134>2021-07-15T00:57:38Z cache-scl19427 MEWElogs[382896]: CROP, 1626310657461225063, SCL, 12
<134>2021-07-15T00:57:46Z cache-osl6529 MEWElogs[382896]: CROP, 1626310665062221681, OSL, 12
<134>2021-07-15T00:57:46Z cache-ewr18156 MEWElogs[382896]: CROP, 1626310666208219712, EWR, 12
<134>2021-07-15T00:57:49Z cache-syd10183 MEWElogs[382896]: CROP, 1626310668514107621, SYD, 12
<134>2021-07-15T00:57:54Z cache-scl19427 MEWElogs[382896]: CROP, 1626310673285886270, SCL, 12
<134>2021-07-15T00:57:56Z cache-bom4751 MEWElogs[382896]: CROP, 1626310675152084108, BOM, 12
<134>2021-07-15T00:57:57Z cache-gru17149 MEWElogs[382896]: CROP, 1626310676525007234, GRU, 12
<134>2021-07-15T00:58:09Z cache-stl4834 MEWElogs[382896]: CROP, 1626310688632011158, STL, 12
<134>2021-07-15T00:58:36Z cache-cgh11122 MEWElogs[382896]: CROP, 1626310716768043851, CGH, 12
<134>2021-07-15T00:58:48Z cache-pao17461 MEWElogs[382896]: CROP, 1626310728077902008, PAO, 12
<134>2021-07-15T00:58:50Z cache-stl4834 MEWElogs[382896]: CROP, 1626310730528156742, STL, 12
<134>2021-07-15T00:58:54Z cache-bom4751 MEWElogs[382896]: CROP, 1626310733820063138, BOM, 12
<134>2021-07-15T00:59:02Z cache-ewr18156 MEWElogs[382896]: CROP, 1626310742698695266, EWR, 12
<134>2021-07-15T00:59:08Z cache-bom4751 MEWElogs[382896]: CROP, 1626310748309816917, BOM, 12
<134>2021-07-15T00:59:09Z cache-gig17035 MEWElogs[382896]: CROP, 1626310749538888831, GIG, 12
<134>2021-07-15T00:59:24Z cache-scl19427 MEWElogs[382896]: CROP, 1626310763629819189, SCL, 12
<134>2021-07-15T00:59:31Z cache-bom4751 MEWElogs[382896]: CROP, 1626310770414345480, BOM, 12
<134>2021-07-15T00:59:35Z cache-cgh11122 MEWElogs[382896]: CROP, 1626310774017233436, CGH, 12
<134>2021-07-15T00:59:35Z cache-gig17035 MEWElogs[382896]: CROP, 1626310775606472462, GIG, 12
<134>2021-07-15T00:59:50Z cache-hnd18722 MEWElogs[382896]: CROP, 1626310789482351677, HND, 12
<134>2021-07-15T01:00:04Z cache-bom4751 MEWElogs[382896]: CROP, 1626310803846681842, BOM, 12
<134>2021-07-15T01:00:08Z cache-bom4751 MEWElogs[382896]: CROP, 1626310807410562507, BOM, 12
<134>2021-07-15T01:00:08Z cache-gru17149 MEWElogs[382896]: CROP, 1626310807826314995, GRU, 12
<134>2021-07-15T01:00:22Z cache-pao17461 MEWElogs[382896]: CROP, 1626310821593776587, PAO, 12
<134>2021-07-15T01:00:23Z cache-gig17035 MEWElogs[382896]: CROP, 1626310822976478906, GIG, 12
<134>2021-07-15T01:00:27Z cache-hnd18722 MEWElogs[382896]: CROP, 1626310826844107234, HND, 12
