<134>2021-07-14T21:50:33Z cache-pwk4920 MEWElogs[21956]: BLUR, 1626299433187813033, PWK, 11
<134>2021-07-14T21:51:25Z cache-lon4249 MEWElogs[21956]: BLUR, 1626299484575823591, LON, 11
<134>2021-07-14T21:51:42Z cache-hel6829 MEWElogs[21956]: BLUR, 1626299501533453311, HEL, 11
<134>2021-07-14T21:52:13Z cache-den8274 MEWElogs[21956]: BLUR, 1626299532534691743, DEN, 11
<134>2021-07-14T21:52:43Z cache-den8274 MEWElogs[21956]: BLUR, 1626299562780344027, DEN, 11
<134>2021-07-14T21:52:49Z cache-hel6829 MEWElogs[21956]: BLUR, 1626299568984485234, HEL, 11
<134>2021-07-14T21:52:54Z cache-jnb7027 MEWElogs[21956]: BLUR, 1626299573594078501, JNB, 11
<134>2021-07-14T21:53:06Z cache-hel6829 MEWElogs[21956]: BLUR, 1626299585543218518, HEL, 11
<134>2021-07-14T21:53:39Z cache-hel6829 MEWElogs[21956]: BLUR, 1626299618732968951, HEL, 11
<134>2021-07-14T21:54:16Z cache-jnb7027 MEWElogs[21956]: BLUR, 1626299656044516979, JNB, 11
<134>2021-07-14T21:54:28Z cache-lcy19283 MEWElogs[21956]: BLUR, 1626299667803813842, LCY, 11
<134>2021-07-14T21:55:12Z cache-iah17271 MEWElogs[21956]: BLUR, 1626299712544929670, IAH, 11
<134>2021-07-14T21:56:14Z cache-lcy19283 MEWElogs[21956]: BLUR, 1626299773416993722, LCY, 11
<134>2021-07-14T21:56:53Z cache-den8274 MEWElogs[21956]: BLUR, 1626299812552991563, DEN, 11
<134>2021-07-14T21:57:12Z cache-lon4249 MEWElogs[21956]: BLUR, 1626299831780598360, LON, 11
<134>2021-07-14T21:57:56Z cache-lon4249 MEWElogs[21956]: BLUR, 1626299875172158270, LON, 11
<134>2021-07-14T21:58:39Z cache-dal21283 MEWElogs[21956]: BLUR, 1626299919459343850, DAL, 11
<134>2021-07-14T21:58:53Z cache-iah17271 MEWElogs[21956]: BLUR, 1626299933082509331, IAH, 11
<134>2021-07-14T21:59:46Z cache-lcy19283 MEWElogs[21956]: BLUR, 1626299985039151093, LCY, 11
<134>2021-07-14T21:59:59Z cache-bur17583 MEWElogs[21956]: BLUR, 1626299997962262638, BUR, 11
