<134>2021-07-15T04:37:19Z cache-fra19177 MEWElogs[390968]: ROTATE, 1626323838335442193, FRA, 15
<134>2021-07-15T04:37:23Z cache-hhn4077 MEWElogs[390968]: ROTATE, 1626323842981015228, HHN, 15
<134>2021-07-15T04:37:26Z cache-pwk4920 MEWElogs[390968]: ROTATE, 1626323846183122983, PWK, 15
<134>2021-07-15T04:37:39Z cache-cwb20520 MEWElogs[390968]: ROTATE, 1626323858502927602, CWB, 15
<134>2021-07-15T04:37:40Z cache-hhn4077 MEWElogs[390968]: ROTATE, 1626323859587058279, HHN, 15
<134>2021-07-15T04:37:42Z cache-dfw18678 MEWElogs[390968]: ROTATE, 1626323861323679280, DFW, 15
<134>2021-07-15T04:37:53Z cache-bos4657 MEWElogs[390968]: ROTATE, 1626323872541010547, BOS, 15
<134>2021-07-15T04:38:05Z cache-dal21283 MEWElogs[390968]: ROTATE, 1626323884193763584, DAL, 15
<134>2021-07-15T04:38:23Z cache-fra19177 MEWElogs[390968]: ROTATE, 1626323902510845771, FRA, 15
<134>2021-07-15T04:38:38Z cache-hhn4077 MEWElogs[390968]: ROTATE, 1626323917665245932, HHN, 15
<134>2021-07-15T04:39:10Z cache-iah17271 MEWElogs[390968]: ROTATE, 1626323949145644069, IAH, 15
<134>2021-07-15T04:39:27Z cache-fra19177 MEWElogs[390968]: ROTATE, 1626323966929450598, FRA, 15
<134>2021-07-15T04:39:49Z cache-dal21283 MEWElogs[390968]: ROTATE, 1626323988874830552, DAL, 15
<134>2021-07-15T04:39:51Z cache-fra19177 MEWElogs[390968]: ROTATE, 1626323990927387491, FRA, 15
<134>2021-07-15T04:39:52Z cache-bur17583 MEWElogs[390968]: ROTATE, 1626323992181426994, BUR, 15
<134>2021-07-15T04:40:06Z cache-bur17583 MEWElogs[390968]: ROTATE, 1626324005075793447, BUR, 15
<134>2021-07-15T04:40:14Z cache-lcy19283 MEWElogs[390968]: ROTATE, 1626324013613539565, LCY, 15
<134>2021-07-15T04:40:26Z cache-hel6829 MEWElogs[390968]: ROTATE, 1626324025494195520, HEL, 15
<134>2021-07-15T04:40:57Z cache-fra19177 MEWElogs[390968]: ROTATE, 1626324056102964225, FRA, 15
<134>2021-07-15T04:41:05Z cache-lon4249 MEWElogs[390968]: ROTATE, 1626324065091659722, LON, 15
<134>2021-07-15T04:41:19Z cache-pwk4920 MEWElogs[390968]: ROTATE, 1626324078983171309, PWK, 15
<134>2021-07-15T04:41:49Z cache-den8274 MEWElogs[390968]: ROTATE, 1626324108495643976, DEN, 15
<134>2021-07-15T04:41:51Z cache-iah17271 MEWElogs[390968]: ROTATE, 1626324111884929310, IAH, 15
<134>2021-07-15T04:42:04Z cache-iah17271 MEWElogs[390968]: ROTATE, 1626324123595157690, IAH, 15
<134>2021-07-15T04:42:10Z cache-dal21283 MEWElogs[390968]: ROTATE, 1626324130697899327, DAL, 15
<134>2021-07-15T04:42:25Z cache-fra19177 MEWElogs[390968]: ROTATE, 1626324144725288348, FRA, 15
<134>2021-07-15T04:42:55Z cache-lcy19283 MEWElogs[390968]: ROTATE, 1626324174756126660, LCY, 15
<134>2021-07-15T04:42:56Z cache-bur17583 MEWElogs[390968]: ROTATE, 1626324175511460530, BUR, 15
<134>2021-07-15T04:43:14Z cache-fra19177 MEWElogs[390968]: ROTATE, 1626324194150503667, FRA, 15
<134>2021-07-15T04:43:15Z cache-iah17271 MEWElogs[390968]: ROTATE, 1626324194334499796, IAH, 15
<134>2021-07-15T04:43:40Z cache-mad22068 MEWElogs[390968]: ROTATE, 1626324220367550106, MAD, 15
<134>2021-07-15T04:43:46Z cache-bur17583 MEWElogs[390968]: ROTATE, 1626324225444174060, BUR, 15
<134>2021-07-15T04:43:52Z cache-jnb7027 MEWElogs[390968]: ROTATE, 1626324231625093825, JNB, 15
<134>2021-07-15T04:44:11Z cache-bur17583 MEWElogs[390968]: ROTATE, 1626324250078894053, BUR, 15
<134>2021-07-15T04:44:21Z cache-dal21283 MEWElogs[390968]: ROTATE, 1626324260017497091, DAL, 15
<134>2021-07-15T04:44:26Z cache-fra19177 MEWElogs[390968]: ROTATE, 1626324266246868711, FRA, 15
<134>2021-07-15T04:44:29Z cache-hel6829 MEWElogs[390968]: ROTATE, 1626324268589938813, HEL, 15
<134>2021-07-15T04:45:04Z cache-lcy19283 MEWElogs[390968]: ROTATE, 1626324303376735584, LCY, 15
<134>2021-07-15T04:45:08Z cache-dal21283 MEWElogs[390968]: ROTATE, 1626324308411170887, DAL, 15
<134>2021-07-15T04:45:43Z cache-lon4249 MEWElogs[390968]: ROTATE, 1626324342945608317, LON, 15
<134>2021-07-15T04:45:44Z cache-lcy19283 MEWElogs[390968]: ROTATE, 1626324343248316003, LCY, 15
<134>2021-07-15T04:45:48Z cache-den8274 MEWElogs[390968]: ROTATE, 1626324347950810056, DEN, 15
<134>2021-07-15T04:45:55Z cache-fra19177 MEWElogs[390968]: ROTATE, 1626324354843396595, FRA, 15
<134>2021-07-15T04:45:57Z cache-jnb7027 MEWElogs[390968]: ROTATE, 1626324356105146926, JNB, 15
<134>2021-07-15T04:46:02Z cache-hel6829 MEWElogs[390968]: ROTATE, 1626324361708844032, HEL, 15
<134>2021-07-15T04:46:05Z cache-iah17271 MEWElogs[390968]: ROTATE, 1626324364063378837, IAH, 15
<134>2021-07-15T04:46:12Z cache-fra19177 MEWElogs[390968]: ROTATE, 1626324371021205675, FRA, 15
<134>2021-07-15T04:46:22Z cache-lon4249 MEWElogs[390968]: ROTATE, 1626324381219922853, LON, 15
<134>2021-07-15T04:46:48Z cache-lcy19283 MEWElogs[390968]: ROTATE, 1626324408082964874, LCY, 15
<134>2021-07-15T04:46:49Z cache-hel6829 MEWElogs[390968]: ROTATE, 1626324408897507559, HEL, 15
<134>2021-07-15T04:47:05Z cache-lcy19283 MEWElogs[390968]: ROTATE, 1626324424665375001, LCY, 15
