<134>2021-07-15T00:49:04Z cache-dal21283 MEWElogs[334804]: CROP, 1626310144029145046, DAL, 12
<134>2021-07-15T00:49:10Z cache-dal21283 MEWElogs[334804]: CROP, 1626310149093549727, DAL, 12
<134>2021-07-15T00:49:14Z cache-dal21283 MEWElogs[334804]: CROP, 1626310154379856020, DAL, 12
<134>2021-07-15T00:49:27Z cache-jax20933 MEWElogs[334804]: CROP, 1626310167846616410, JAX, 12
<134>2021-07-15T00:49:51Z cache-lax10677 MEWElogs[334804]: CROP, 1626310190578877312, LGB, 12
<134>2021-07-15T00:50:06Z cache-mia11368 MEWElogs[334804]: CROP, 1626310205291867460, MIA, 12
<134>2021-07-15T00:50:23Z cache-mci5951 MEWElogs[334804]: CROP, 1626310223453569196, MCI, 12
<134>2021-07-15T00:50:33Z cache-stp9226 MEWElogs[334804]: CROP, 1626310232131521470, STP, 12
<134>2021-07-15T00:50:39Z cache-man4150 MEWElogs[334804]: CROP, 1626310238499182164, MAN, 12
<134>2021-07-15T00:50:41Z cache-stp9226 MEWElogs[334804]: CROP, 1626310240460749304, STP, 12
<134>2021-07-15T00:50:42Z cache-man4150 MEWElogs[334804]: CROP, 1626310241371093654, MAN, 12
<134>2021-07-15T00:50:55Z cache-mia11368 MEWElogs[334804]: CROP, 1626310255340313669, MIA, 12
<134>2021-07-15T00:51:30Z cache-hkg17929 MEWElogs[334804]: CROP, 1626310289952375188, HKG, 12
<134>2021-07-15T00:51:34Z cache-yul12826 MEWElogs[334804]: CROP, 1626310294082662258, YUL, 12
<134>2021-07-15T00:51:54Z cache-yul12826 MEWElogs[334804]: CROP, 1626310313334560137, YUL, 12
<134>2021-07-15T00:51:55Z cache-lga21983 MEWElogs[334804]: CROP, 1626310315025108113, LGA, 12
<134>2021-07-15T00:52:02Z cache-jax20933 MEWElogs[334804]: CROP, 1626310321511306310, JAX, 12
<134>2021-07-15T00:52:03Z cache-hkg17929 MEWElogs[334804]: CROP, 1626310323377711590, HKG, 12
<134>2021-07-15T00:52:08Z cache-mia11368 MEWElogs[334804]: CROP, 1626310327945965468, MIA, 12
<134>2021-07-15T00:53:10Z cache-jax20933 MEWElogs[334804]: CROP, 1626310389291679416, JAX, 12
<134>2021-07-15T00:53:39Z cache-mel11272 MEWElogs[334804]: CROP, 1626310418565156352, MEL, 12
<134>2021-07-15T00:53:39Z cache-stp9226 MEWElogs[334804]: CROP, 1626310418702290892, STP, 12
<134>2021-07-15T00:53:52Z cache-stp9226 MEWElogs[334804]: CROP, 1626310431000919119, STP, 12
<134>2021-07-15T00:54:00Z cache-mia11368 MEWElogs[334804]: CROP, 1626310439186180093, MIA, 12
<134>2021-07-15T00:54:08Z cache-osl6529 MEWElogs[334804]: CROP, 1626310447687832502, OSL, 12
<134>2021-07-15T00:54:29Z cache-osl6529 MEWElogs[334804]: CROP, 1626310467945589592, OSL, 12
<134>2021-07-15T00:54:30Z cache-mel11272 MEWElogs[334804]: CROP, 1626310469386833663, MEL, 12
<134>2021-07-15T00:54:40Z cache-ewr18156 MEWElogs[334804]: CROP, 1626310479538787780, EWR, 12
<134>2021-07-15T00:54:40Z cache-osl6529 MEWElogs[334804]: CROP, 1626310479287068899, OSL, 12
<134>2021-07-15T00:54:53Z cache-stp9226 MEWElogs[334804]: CROP, 1626310492621574221, STP, 12
<134>2021-07-15T00:55:02Z cache-mci5951 MEWElogs[334804]: CROP, 1626310501696825942, MCI, 12
<134>2021-07-15T00:55:16Z cache-lax10677 MEWElogs[334804]: CROP, 1626310516184472791, LGB, 12
<134>2021-07-15T00:55:16Z cache-lga21983 MEWElogs[334804]: CROP, 1626310516291599193, LGA, 12
<134>2021-07-15T00:55:17Z cache-yul12826 MEWElogs[334804]: CROP, 1626310517582191721, YUL, 12
<134>2021-07-15T00:55:19Z cache-mci5951 MEWElogs[334804]: CROP, 1626310518899519220, MCI, 12
<134>2021-07-15T00:55:40Z cache-mel11272 MEWElogs[334804]: CROP, 1626310538970380576, MEL, 12
<134>2021-07-15T00:55:41Z cache-gig17035 MEWElogs[334804]: CROP, 1626310540839718829, GIG, 12
<134>2021-07-15T00:55:51Z cache-scl19427 MEWElogs[334804]: CROP, 1626310551281486072, SCL, 12
<134>2021-07-15T00:55:51Z cache-ewr18156 MEWElogs[334804]: CROP, 1626310551441631586, EWR, 12
<134>2021-07-15T00:56:00Z cache-yul12826 MEWElogs[334804]: CROP, 1626310559998473658, YUL, 12
<134>2021-07-15T00:56:06Z cache-stl4834 MEWElogs[334804]: CROP, 1626310566309005110, STL, 12
<134>2021-07-15T00:56:10Z cache-stl4834 MEWElogs[334804]: CROP, 1626310570460755989, STL, 12
<134>2021-07-15T00:56:15Z cache-stl4834 MEWElogs[334804]: CROP, 1626310574985074497, STL, 12
<134>2021-07-15T00:56:36Z cache-yul12826 MEWElogs[334804]: CROP, 1626310595579613433, YUL, 12
<134>2021-07-15T00:56:48Z cache-stl4834 MEWElogs[334804]: CROP, 1626310608683323599, STL, 12
<134>2021-07-15T00:56:50Z cache-osl6529 MEWElogs[334804]: CROP, 1626310610595818928, OSL, 12
<134>2021-07-15T00:57:08Z cache-osl6529 MEWElogs[334804]: CROP, 1626310627708492700, OSL, 12
<134>2021-07-15T00:57:11Z cache-osl6529 MEWElogs[334804]: CROP, 1626310630559170967, OSL, 12
<134>2021-07-15T00:57:13Z cache-lga21983 MEWElogs[334804]: CROP, 1626310633153081698, LGA, 12
<134>2021-07-15T00:57:23Z cache-ewr18156 MEWElogs[334804]: CROP, 1626310643219480609, EWR, 12
<134>2021-07-15T00:57:28Z cache-ewr18156 MEWElogs[334804]: CROP, 1626310647158127829, EWR, 12
<134>2021-07-15T00:57:46Z cache-jax20933 MEWElogs[334804]: CROP, 1626310665832386327, JAX, 12
<134>2021-07-15T00:57:49Z cache-osl6529 MEWElogs[334804]: CROP, 1626310667944002105, OSL, 12
<134>2021-07-15T00:58:03Z cache-osl6529 MEWElogs[334804]: CROP, 1626310682226662599, OSL, 12
<134>2021-07-15T00:58:18Z cache-gig17035 MEWElogs[334804]: CROP, 1626310697696398578, GIG, 12
<134>2021-07-15T00:58:21Z cache-bom4751 MEWElogs[334804]: CROP, 1626310700671145384, BOM, 12
<134>2021-07-15T00:58:21Z cache-stl4834 MEWElogs[334804]: CROP, 1626310701235321934, STL, 12
<134>2021-07-15T00:58:42Z cache-syd10183 MEWElogs[334804]: CROP, 1626310721278303746, SYD, 12
