<134>2021-07-14T17:02:35Z cache-iah17271 MEWElogs[355776]: FLIPH, 1626282154816676589, IAH, 10
<134>2021-07-14T17:03:09Z cache-lcy19283 MEWElogs[355776]: FLIPH, 1626282188499508484, LCY, 10
<134>2021-07-14T17:03:12Z cache-fra19177 MEWElogs[355776]: FLIPH, 1626282191404780917, FRA, 10
<134>2021-07-14T17:03:16Z cache-iah17271 MEWElogs[355776]: FLIPH, 1626282195726327040, IAH, -1
<134>2021-07-14T17:03:29Z cache-hel6829 MEWElogs[355776]: FLIPH, 1626282209297276921, HEL, 10
<134>2021-07-14T17:03:49Z cache-hel6829 MEWElogs[355776]: FLIPH, 1626282228689955715, HEL, 10
<134>2021-07-14T17:04:04Z cache-jnb7027 MEWElogs[355776]: FLIPH, 1626282242950774787, JNB, 10
<134>2021-07-14T17:04:14Z cache-iah17271 MEWElogs[355776]: FLIPH, 1626282253776510079, IAH, 10
<134>2021-07-14T17:04:40Z cache-fra19177 MEWElogs[355776]: FLIPH, 1626282280014381779, FRA, -1
<134>2021-07-14T17:04:42Z cache-lon4249 MEWElogs[355776]: FLIPH, 1626282282347859339, LON, 10
<134>2021-07-14T17:04:42Z cache-jnb7027 MEWElogs[355776]: FLIPH, 1626282282228937676, JNB, 10
<134>2021-07-14T17:04:51Z cache-cwb20520 MEWElogs[355776]: FLIPH, 1626282290239436199, CWB, -1
<134>2021-07-14T17:04:52Z cache-jnb7027 MEWElogs[355776]: FLIPH, 1626282291937405350, JNB, 10
<134>2021-07-14T17:05:11Z cache-den8274 MEWElogs[355776]: FLIPH, 1626282309978814545, DEN, -1
<134>2021-07-14T17:05:20Z cache-lcy19283 MEWElogs[355776]: FLIPH, 1626282320539538071, LCY, 10
<134>2021-07-14T17:05:22Z cache-jnb7027 MEWElogs[355776]: FLIPH, 1626282322179130215, JNB, 10
<134>2021-07-14T17:05:32Z cache-lon4249 MEWElogs[355776]: FLIPH, 1626282332198846115, LON, 10
<134>2021-07-14T17:05:51Z cache-bur17583 MEWElogs[355776]: FLIPH, 1626282350360277676, BUR, -1
<134>2021-07-14T17:05:58Z cache-den8274 MEWElogs[355776]: FLIPH, 1626282357552403571, DEN, 10
<134>2021-07-14T17:05:58Z cache-lcy19283 MEWElogs[355776]: FLIPH, 1626282358047557335, LCY, -1
<134>2021-07-14T17:06:02Z cache-lon4249 MEWElogs[355776]: FLIPH, 1626282362208905560, LON, -1
<134>2021-07-14T17:06:15Z cache-den8274 MEWElogs[355776]: FLIPH, 1626282375501381080, DEN, 10
<134>2021-07-14T17:06:23Z cache-fra19177 MEWElogs[355776]: FLIPH, 1626282382678327143, FRA, 10
<134>2021-07-14T17:06:25Z cache-iah17271 MEWElogs[355776]: FLIPH, 1626282384481908954, IAH, -1
<134>2021-07-14T17:06:27Z cache-lon4249 MEWElogs[355776]: FLIPH, 1626282387041082040, LON, -1
<134>2021-07-14T17:06:32Z cache-hel6829 MEWElogs[355776]: FLIPH, 1626282391455280255, HEL, -1
<134>2021-07-14T17:06:41Z cache-lcy19283 MEWElogs[355776]: FLIPH, 1626282401322437057, LCY, 10
<134>2021-07-14T17:06:47Z cache-dal21283 MEWElogs[355776]: FLIPH, 1626282406411700711, DAL, -1
<134>2021-07-14T17:07:11Z cache-cwb20520 MEWElogs[355776]: FLIPH, 1626282430607296517, CWB, 10
<134>2021-07-14T17:07:12Z cache-iah17271 MEWElogs[355776]: FLIPH, 1626282431942243787, IAH, 10
<134>2021-07-14T17:07:19Z cache-lon4249 MEWElogs[355776]: FLIPH, 1626282438615878122, LON, 10
<134>2021-07-14T17:07:31Z cache-cwb20520 MEWElogs[355776]: FLIPH, 1626282450111523273, CWB, 10
<134>2021-07-14T17:07:52Z cache-iah17271 MEWElogs[355776]: FLIPH, 1626282472518406790, IAH, -1
<134>2021-07-14T17:08:16Z cache-jnb7027 MEWElogs[355776]: FLIPH, 1626282496161995909, JNB, -1
<134>2021-07-14T17:08:17Z cache-cwb20520 MEWElogs[355776]: FLIPH, 1626282495968962843, CWB, -1
<134>2021-07-14T17:08:29Z cache-cwb20520 MEWElogs[355776]: FLIPH, 1626282508246261752, CWB, 10
<134>2021-07-14T17:08:29Z cache-hel6829 MEWElogs[355776]: FLIPH, 1626282508737081050, HEL, -1
<134>2021-07-14T17:08:29Z cache-iah17271 MEWElogs[355776]: FLIPH, 1626282508695757496, IAH, 10
<134>2021-07-14T17:08:46Z cache-cwb20520 MEWElogs[355776]: FLIPH, 1626282525323909858, CWB, -1
<134>2021-07-14T17:08:50Z cache-bur17583 MEWElogs[355776]: FLIPH, 1626282529384579002, BUR, 10
<134>2021-07-14T17:08:56Z cache-cwb20520 MEWElogs[355776]: FLIPH, 1626282535225276893, CWB, -1
<134>2021-07-14T17:09:02Z cache-lon4249 MEWElogs[355776]: FLIPH, 1626282541906359367, LON, -1
<134>2021-07-14T17:09:12Z cache-hel6829 MEWElogs[355776]: FLIPH, 1626282551647389324, HEL, 10
<134>2021-07-14T17:09:23Z cache-lcy19283 MEWElogs[355776]: FLIPH, 1626282562327128399, LCY, 10
<134>2021-07-14T17:09:42Z cache-den8274 MEWElogs[355776]: FLIPH, 1626282581360857608, DEN, 10
<134>2021-07-14T17:09:53Z cache-lcy19283 MEWElogs[355776]: FLIPH, 1626282592392253135, LCY, 10
<134>2021-07-14T17:09:56Z cache-fra19177 MEWElogs[355776]: FLIPH, 1626282596110406944, FRA, -1
<134>2021-07-14T17:09:58Z cache-hel6829 MEWElogs[355776]: FLIPH, 1626282597382996010, HEL, -1
<134>2021-07-14T17:10:00Z cache-den8274 MEWElogs[355776]: FLIPH, 1626282599458502541, DEN, 10
<134>2021-07-14T17:10:11Z cache-iah17271 MEWElogs[355776]: FLIPH, 1626282610623946548, IAH, 10
<134>2021-07-14T17:10:23Z cache-jnb7027 MEWElogs[355776]: FLIPH, 1626282623243514053, JNB, -1
<134>2021-07-14T17:10:28Z cache-dal21283 MEWElogs[355776]: FLIPH, 1626282627123151615, DAL, 10
<134>2021-07-14T17:10:37Z cache-fra19177 MEWElogs[355776]: FLIPH, 1626282636424061803, FRA, 10
<134>2021-07-14T17:10:43Z cache-lon4249 MEWElogs[355776]: FLIPH, 1626282642406714915, LON, 10
<134>2021-07-14T17:10:54Z cache-den8274 MEWElogs[355776]: FLIPH, 1626282654312575224, DEN, 10
<134>2021-07-14T17:11:09Z cache-den8274 MEWElogs[355776]: FLIPH, 1626282669182389112, DEN, -1
<134>2021-07-14T17:11:25Z cache-cwb20520 MEWElogs[355776]: FLIPH, 1626282684803158788, CWB, 10
<134>2021-07-14T17:11:35Z cache-dal21283 MEWElogs[355776]: FLIPH, 1626282695023749366, DAL, 10
<134>2021-07-14T17:11:44Z cache-den8274 MEWElogs[355776]: FLIPH, 1626282704534711216, DEN, -1
<134>2021-07-14T17:11:57Z cache-iah17271 MEWElogs[355776]: FLIPH, 1626282717374433683, IAH, -1
<134>2021-07-14T17:12:04Z cache-cwb20520 MEWElogs[355776]: FLIPH, 1626282723719457253, CWB, 10
<134>2021-07-14T17:12:16Z cache-bur17583 MEWElogs[355776]: FLIPH, 1626282735391316438, BUR, 10
<134>2021-07-14T17:12:21Z cache-fra19177 MEWElogs[355776]: FLIPH, 1626282741189469794, FRA, -1
<134>2021-07-14T17:12:21Z cache-dal21283 MEWElogs[355776]: FLIPH, 1626282740970496628, DAL, 10
<134>2021-07-14T17:12:22Z cache-bur17583 MEWElogs[355776]: FLIPH, 1626282742590553120, BUR, -1
<134>2021-07-14T17:12:25Z cache-fra19177 MEWElogs[355776]: FLIPH, 1626282744331052513, FRA, 10
