<134>2021-07-15T04:06:41Z cache-wdc5583 MEWElogs[320228]: ROTATE, 1626322000324348842, WDC, 15
<134>2021-07-15T04:06:52Z cache-mdw17383 MEWElogs[320228]: ROTATE, 1626322012267990530, MDW, 15
<134>2021-07-15T04:07:34Z cache-dca17782 MEWElogs[320228]: ROTATE, 1626322054028159752, DCA, 15
<134>2021-07-15T04:07:37Z cache-mdw17383 MEWElogs[320228]: ROTATE, 1626322056367547055, MDW, 15
<134>2021-07-15T04:07:41Z cache-ord1740 MEWElogs[320228]: ROTATE, 1626322060671826207, ORD, 15
<134>2021-07-15T04:08:07Z cache-ams21020 MEWElogs[320228]: ROTATE, 1626322086049081981, AMS, 15
<134>2021-07-15T04:08:37Z cache-ams21020 MEWElogs[320228]: ROTATE, 1626322116890791725, AMS, 15
<134>2021-07-15T04:10:05Z cache-cph20625 MEWElogs[320228]: ROTATE, 1626322204162921384, CPH, 15
<134>2021-07-15T04:10:10Z cache-bog6425 MEWElogs[320228]: ROTATE, 1626322209145580949, BOG, 15
<134>2021-07-15T04:13:26Z cache-dca17782 MEWElogs[320228]: ROTATE, 1626322405700153697, DCA, 15
<134>2021-07-15T04:13:37Z cache-maa10251 MEWElogs[320228]: ROTATE, 1626322416307860591, MAA, 15
<134>2021-07-15T04:14:19Z cache-ams21020 MEWElogs[320228]: ROTATE, 1626322458529268079, AMS, 15
<134>2021-07-15T04:14:23Z cache-pdk17882 MEWElogs[320228]: ROTATE, 1626322463055319950, PDK, 15
<134>2021-07-15T04:14:36Z cache-wdc5583 MEWElogs[320228]: ROTATE, 1626322475580368646, WDC, 15
<134>2021-07-15T04:14:57Z cache-wdc5583 MEWElogs[320228]: ROTATE, 1626322496807608125, WDC, 15
<134>2021-07-15T04:15:51Z cache-ord1740 MEWElogs[320228]: ROTATE, 1626322550096040616, ORD, 15
<134>2021-07-15T04:15:56Z cache-dca17782 MEWElogs[320228]: ROTATE, 1626322555899510757, DCA, 15
<134>2021-07-15T04:16:01Z cache-cph20625 MEWElogs[320228]: ROTATE, 1626322560683621872, CPH, 15
<134>2021-07-15T04:16:05Z cache-maa10251 MEWElogs[320228]: ROTATE, 1626322565345119989, MAA, 15
<134>2021-07-15T04:16:28Z cache-mdw17383 MEWElogs[320228]: ROTATE, 1626322587488829022, MDW, 15
<134>2021-07-15T04:16:35Z cache-maa10251 MEWElogs[320228]: ROTATE, 1626322594410623768, MAA, 15
