<134>2021-07-14T18:03:12Z cache-sea4483 MEWElogs[355776]: FLIPH, 1626285791681059886, SEA, -1
<134>2021-07-14T18:03:15Z cache-sea4483 MEWElogs[355776]: FLIPH, 1626285795111503296, SEA, 10
<134>2021-07-14T18:03:23Z cache-sea4483 MEWElogs[355776]: FLIPH, 1626285802538915548, SEA, -1
<134>2021-07-14T18:03:27Z cache-bma1628 MEWElogs[355776]: FLIPH, 1626285806636200691, BMA, -1
<134>2021-07-14T18:03:43Z cache-cgh11183 MEWElogs[355776]: FLIPH, 1626285822440083684, CGH, -1
<134>2021-07-14T18:03:45Z cache-sea4483 MEWElogs[355776]: FLIPH, 1626285824833919278, SEA, -1
<134>2021-07-14T18:03:46Z cache-sjc10078 MEWElogs[355776]: FLIPH, 1626285825060684159, SJC, 10
<134>2021-07-14T18:03:46Z cache-cgh11122 MEWElogs[355776]: FLIPH, 1626285826065455507, CGH, 10
<134>2021-07-14T18:03:50Z cache-hnd18722 MEWElogs[355776]: FLIPH, 1626285830664192785, HND, 10
<134>2021-07-14T18:03:55Z cache-tyo11974 MEWElogs[355776]: FLIPH, 1626285834414516915, TYO, -1
<134>2021-07-14T18:04:02Z cache-hnd18722 MEWElogs[355776]: FLIPH, 1626285841378376691, HND, 10
<134>2021-07-14T18:04:20Z cache-hnd18722 MEWElogs[355776]: FLIPH, 1626285860012022558, HND, -1
<134>2021-07-14T18:04:32Z cache-tyo11974 MEWElogs[355776]: FLIPH, 1626285871261728752, TYO, -1
<134>2021-07-14T18:04:57Z cache-sjc10078 MEWElogs[355776]: FLIPH, 1626285896958237576, SJC, 10
<134>2021-07-14T18:05:07Z cache-tyo11974 MEWElogs[355776]: FLIPH, 1626285907532133341, TYO, -1
<134>2021-07-14T18:05:15Z cache-cgh11122 MEWElogs[355776]: FLIPH, 1626285915607761141, CGH, -1
<134>2021-07-14T18:05:28Z cache-tyo11974 MEWElogs[355776]: FLIPH, 1626285927618211207, TYO, 10
<134>2021-07-14T18:05:32Z cache-bma1628 MEWElogs[355776]: FLIPH, 1626285930960519684, BMA, 10
<134>2021-07-14T18:05:38Z cache-tyo11974 MEWElogs[355776]: FLIPH, 1626285936940097472, TYO, 10
<134>2021-07-14T18:05:45Z cache-cgh11183 MEWElogs[355776]: FLIPH, 1626285945195499128, CGH, -1
<134>2021-07-14T18:05:46Z cache-sjc10078 MEWElogs[355776]: FLIPH, 1626285945849271210, SJC, -1
<134>2021-07-14T18:05:56Z cache-bma1628 MEWElogs[355776]: FLIPH, 1626285956018739598, BMA, -1
<134>2021-07-14T18:06:03Z cache-tyo11974 MEWElogs[355776]: FLIPH, 1626285962293955451, TYO, -1
<134>2021-07-14T18:06:26Z cache-cgh11183 MEWElogs[355776]: FLIPH, 1626285985547226335, CGH, -1
<134>2021-07-14T18:06:33Z cache-bma1628 MEWElogs[355776]: FLIPH, 1626285992909113125, BMA, -1
<134>2021-07-14T18:06:41Z cache-tyo11974 MEWElogs[355776]: FLIPH, 1626286001521278881, TYO, 10
<134>2021-07-14T18:06:49Z cache-cgh11183 MEWElogs[355776]: FLIPH, 1626286008785504562, CGH, 10
<134>2021-07-14T18:07:00Z cache-cgh11122 MEWElogs[355776]: FLIPH, 1626286020209845369, CGH, 10
<134>2021-07-14T18:07:17Z cache-tyo11974 MEWElogs[355776]: FLIPH, 1626286036391984141, TYO, -1
<134>2021-07-14T18:08:02Z cache-yyz4551 MEWElogs[355776]: FLIPH, 1626286081354263419, YYZ, -1
<134>2021-07-14T18:08:06Z cache-bma1628 MEWElogs[355776]: FLIPH, 1626286085749629342, BMA, -1
<134>2021-07-14T18:08:31Z cache-tyo11974 MEWElogs[355776]: FLIPH, 1626286110123348531, TYO, -1
<134>2021-07-14T18:08:40Z cache-tyo11974 MEWElogs[355776]: FLIPH, 1626286119400584364, TYO, -1
<134>2021-07-14T18:09:19Z cache-bma1628 MEWElogs[355776]: FLIPH, 1626286159412882930, BMA, -1
<134>2021-07-14T18:09:38Z cache-vie21629 MEWElogs[355776]: FLIPH, 1626286177460407596, VIE, -1
<134>2021-07-14T18:09:46Z cache-sea4483 MEWElogs[355776]: FLIPH, 1626286186324156510, SEA, -1
<134>2021-07-14T18:10:00Z cache-bma1628 MEWElogs[355776]: FLIPH, 1626286199754623437, BMA, 10
<134>2021-07-14T18:10:20Z cache-bma1628 MEWElogs[355776]: FLIPH, 1626286218905744142, BMA, 10
<134>2021-07-14T18:10:31Z cache-yyz4551 MEWElogs[355776]: FLIPH, 1626286230555290940, YYZ, 10
<134>2021-07-14T18:10:34Z cache-sea4483 MEWElogs[355776]: FLIPH, 1626286234401294094, SEA, 10
<134>2021-07-14T18:11:08Z cache-cgh11183 MEWElogs[355776]: FLIPH, 1626286267191987816, CGH, 10
<134>2021-07-14T18:11:21Z cache-bma1628 MEWElogs[355776]: FLIPH, 1626286280914657255, BMA, -1
<134>2021-07-14T18:12:10Z cache-sea4483 MEWElogs[355776]: FLIPH, 1626286329957493300, SEA, -1
<134>2021-07-14T18:12:13Z cache-sea4483 MEWElogs[355776]: FLIPH, 1626286333394668267, SEA, 10
<134>2021-07-14T18:12:17Z cache-cgh11183 MEWElogs[355776]: FLIPH, 1626286336771350817, CGH, -1
<134>2021-07-14T18:12:31Z cache-cgh11183 MEWElogs[355776]: FLIPH, 1626286349989931268, CGH, 10
<134>2021-07-14T18:12:36Z cache-sea4483 MEWElogs[355776]: FLIPH, 1626286355151860895, SEA, 10
<134>2021-07-14T18:12:43Z cache-sea4483 MEWElogs[355776]: FLIPH, 1626286363141089530, SEA, -1
<134>2021-07-14T18:12:55Z cache-vie21629 MEWElogs[355776]: FLIPH, 1626286374310641115, VIE, -1
