<134>2021-07-14T22:41:34Z cache-lax10677 MEWElogs[390968]: BLUR, 1626302493235822492, LGB, 11
<134>2021-07-14T22:41:41Z cache-yul12826 MEWElogs[390968]: BLUR, 1626302501088168210, YUL, 11
<134>2021-07-14T22:42:10Z cache-man4150 MEWElogs[390968]: BLUR, 1626302530069878672, MAN, 11
<134>2021-07-14T22:43:38Z cache-man4150 MEWElogs[390968]: BLUR, 1626302617746609066, MAN, 11
<134>2021-07-14T22:44:25Z cache-yul12826 MEWElogs[390968]: BLUR, 1626302665336137081, YUL, 11
<134>2021-07-14T22:45:38Z cache-yul12826 MEWElogs[390968]: BLUR, 1626302738429822412, YUL, 11
<134>2021-07-14T22:46:09Z cache-yul12826 MEWElogs[390968]: BLUR, 1626302768931171968, YUL, 11
<134>2021-07-14T22:46:15Z cache-jax20933 MEWElogs[390968]: BLUR, 1626302774237416080, JAX, 11
<134>2021-07-14T22:46:42Z cache-ewr18156 MEWElogs[390968]: BLUR, 1626302801624641283, EWR, 11
<134>2021-07-14T22:46:51Z cache-cdg20720 MEWElogs[390968]: BLUR, 1626302810556999363, CDG, 11
<134>2021-07-14T22:48:02Z cache-mel11272 MEWElogs[390968]: BLUR, 1626302881141451408, MEL, 11
<134>2021-07-14T22:48:13Z cache-man4150 MEWElogs[390968]: BLUR, 1626302892327943450, MAN, 11
<134>2021-07-14T22:48:41Z cache-lax10677 MEWElogs[390968]: BLUR, 1626302920522244638, LGB, 11
<134>2021-07-14T22:48:54Z cache-mel11272 MEWElogs[390968]: BLUR, 1626302933865291653, MEL, 11
<134>2021-07-14T22:49:44Z cache-mel11272 MEWElogs[390968]: BLUR, 1626302983060675215, MEL, 11
<134>2021-07-14T22:50:11Z cache-man4150 MEWElogs[390968]: BLUR, 1626303010429987907, MAN, 11
<134>2021-07-14T22:50:33Z cache-mel11272 MEWElogs[390968]: BLUR, 1626303032294644414, MEL, 11
<134>2021-07-14T22:50:52Z cache-osl6529 MEWElogs[390968]: BLUR, 1626303051034973972, OSL, 11
<134>2021-07-14T22:51:07Z cache-osl6529 MEWElogs[390968]: BLUR, 1626303066392234333, OSL, 11
<134>2021-07-14T22:51:24Z cache-ewr18156 MEWElogs[390968]: BLUR, 1626303084181953297, EWR, 11
