<134>2021-07-15T00:28:42Z cache-eze19324 MEWElogs[369035]: CROP, 1626308921396382562, EZE, 12
<134>2021-07-15T00:28:46Z cache-ams21020 MEWElogs[369035]: CROP, 1626308925201676734, AMS, 12
<134>2021-07-15T00:28:52Z cache-eze19324 MEWElogs[369035]: CROP, 1626308932181909136, EZE, 12
<134>2021-07-15T00:28:55Z cache-dca17782 MEWElogs[369035]: CROP, 1626308935519081806, DCA, 12
<134>2021-07-15T00:29:13Z cache-pdk17882 MEWElogs[369035]: CROP, 1626308952360569022, PDK, 12
<134>2021-07-15T00:29:18Z cache-eze19324 MEWElogs[369035]: CROP, 1626308957637985874, EZE, 12
<134>2021-07-15T00:29:23Z cache-ord1740 MEWElogs[369035]: CROP, 1626308962007246998, ORD, 12
<134>2021-07-15T00:29:24Z cache-pdk17882 MEWElogs[369035]: CROP, 1626308963237012492, PDK, 12
<134>2021-07-15T00:29:31Z cache-bog6425 MEWElogs[369035]: CROP, 1626308971249778089, BOG, 12
<134>2021-07-15T00:29:31Z cache-wdc5583 MEWElogs[369035]: CROP, 1626308971551299947, WDC, 12
<134>2021-07-15T00:29:34Z cache-mdw17383 MEWElogs[369035]: CROP, 1626308974456324098, MDW, 12
<134>2021-07-15T00:29:37Z cache-dca17782 MEWElogs[369035]: CROP, 1626308976637396333, DCA, 12
<134>2021-07-15T00:29:43Z cache-mdw17383 MEWElogs[369035]: CROP, 1626308983305222798, MDW, 12
<134>2021-07-15T00:29:49Z cache-wdc5583 MEWElogs[369035]: CROP, 1626308988685060312, WDC, 12
<134>2021-07-15T00:29:55Z cache-dca17782 MEWElogs[369035]: CROP, 1626308995337724147, DCA, 12
<134>2021-07-15T00:30:05Z cache-ord1740 MEWElogs[369035]: CROP, 1626309004161200407, ORD, 12
<134>2021-07-15T00:30:10Z cache-bog6425 MEWElogs[369035]: CROP, 1626309010318747852, BOG, 12
<134>2021-07-15T00:30:19Z cache-ord1740 MEWElogs[369035]: CROP, 1626309018169964051, ORD, 12
<134>2021-07-15T00:30:27Z cache-cmh21547 MEWElogs[369035]: CROP, 1626309026533189079, CMH, 12
<134>2021-07-15T00:30:42Z cache-mdw17383 MEWElogs[369035]: CROP, 1626309042395199901, MDW, 12
<134>2021-07-15T00:30:54Z cache-ord1740 MEWElogs[369035]: CROP, 1626309053164414507, ORD, 12
<134>2021-07-15T00:30:56Z cache-dca17782 MEWElogs[369035]: CROP, 1626309055450572802, DCA, 12
<134>2021-07-15T00:31:02Z cache-bog6425 MEWElogs[369035]: CROP, 1626309061378514632, BOG, 12
<134>2021-07-15T00:31:11Z cache-maa10251 MEWElogs[369035]: CROP, 1626309070722817213, MAA, 12
<134>2021-07-15T00:31:15Z cache-ord1740 MEWElogs[369035]: CROP, 1626309074639595529, ORD, 12
<134>2021-07-15T00:31:22Z cache-ord1740 MEWElogs[369035]: CROP, 1626309081655933046, ORD, 12
<134>2021-07-15T00:31:23Z cache-eze19324 MEWElogs[369035]: CROP, 1626309082957870215, EZE, 12
<134>2021-07-15T00:31:23Z cache-maa10251 MEWElogs[369035]: CROP, 1626309082864719845, MAA, 12
<134>2021-07-15T00:31:31Z cache-pdk17882 MEWElogs[369035]: CROP, 1626309090404999131, PDK, 12
<134>2021-07-15T00:31:34Z cache-eze19324 MEWElogs[369035]: CROP, 1626309093298422478, EZE, 12
<134>2021-07-15T00:31:34Z cache-pdk17882 MEWElogs[369035]: CROP, 1626309094009116456, PDK, 12
<134>2021-07-15T00:31:40Z cache-ord1740 MEWElogs[369035]: CROP, 1626309099120893119, ORD, 12
<134>2021-07-15T00:31:57Z cache-ams21020 MEWElogs[369035]: CROP, 1626309116282604293, AMS, 12
<134>2021-07-15T00:32:05Z cache-maa10251 MEWElogs[369035]: CROP, 1626309124229985875, MAA, 12
<134>2021-07-15T00:32:14Z cache-ams21020 MEWElogs[369035]: CROP, 1626309133044099727, AMS, 12
<134>2021-07-15T00:32:16Z cache-ams21020 MEWElogs[369035]: CROP, 1626309135811482955, AMS, 12
<134>2021-07-15T00:32:25Z cache-eze19324 MEWElogs[369035]: CROP, 1626309144712029636, EZE, 12
<134>2021-07-15T00:32:40Z cache-ord1740 MEWElogs[369035]: CROP, 1626309159145254193, ORD, 12
<134>2021-07-15T00:32:46Z cache-dca17782 MEWElogs[369035]: CROP, 1626309165344208352, DCA, 12
<134>2021-07-15T00:33:02Z cache-wdc5583 MEWElogs[369035]: CROP, 1626309182013262502, WDC, 12
<134>2021-07-15T00:33:05Z cache-cmh21547 MEWElogs[369035]: CROP, 1626309185334094796, CMH, 12
<134>2021-07-15T00:33:11Z cache-wdc5583 MEWElogs[369035]: CROP, 1626309190585794877, WDC, 12
<134>2021-07-15T00:33:12Z cache-mdw17383 MEWElogs[369035]: CROP, 1626309191570690016, MDW, 12
<134>2021-07-15T00:33:15Z cache-ord1740 MEWElogs[369035]: CROP, 1626309193983206348, ORD, 12
<134>2021-07-15T00:33:16Z cache-mdw17383 MEWElogs[369035]: CROP, 1626309196078747339, MDW, 12
<134>2021-07-15T00:33:27Z cache-pdk17882 MEWElogs[369035]: CROP, 1626309206394628271, PDK, 12
<134>2021-07-15T00:33:39Z cache-ord1740 MEWElogs[369035]: CROP, 1626309218933408205, ORD, 12
<134>2021-07-15T00:33:48Z cache-maa10251 MEWElogs[369035]: CROP, 1626309227718873504, MAA, 12
<134>2021-07-15T00:34:04Z cache-bog6425 MEWElogs[369035]: CROP, 1626309243511152260, BOG, 12
<134>2021-07-15T00:34:29Z cache-ord1740 MEWElogs[369035]: CROP, 1626309268019414157, ORD, 12
<134>2021-07-15T00:34:29Z cache-dca17782 MEWElogs[369035]: CROP, 1626309268844807966, DCA, 12
<134>2021-07-15T00:34:37Z cache-dca17782 MEWElogs[369035]: CROP, 1626309276401862109, DCA, 12
<134>2021-07-15T00:34:37Z cache-chi21126 MEWElogs[369035]: CROP, 1626309276696025622, CHI, 12
<134>2021-07-15T00:34:40Z cache-mdw17383 MEWElogs[369035]: CROP, 1626309279785644797, MDW, 12
<134>2021-07-15T00:34:55Z cache-bog6425 MEWElogs[369035]: CROP, 1626309294607238387, BOG, 12
<134>2021-07-15T00:35:13Z cache-cph20625 MEWElogs[369035]: CROP, 1626309312069493524, CPH, 12
<134>2021-07-15T00:35:15Z cache-bog6425 MEWElogs[369035]: CROP, 1626309315485790981, BOG, 12
<134>2021-07-15T00:35:19Z cache-fty21383 MEWElogs[369035]: CROP, 1626309318066201777, FTY, 12
<134>2021-07-15T00:35:26Z cache-cph20625 MEWElogs[369035]: CROP, 1626309325246143830, CPH, 12
<134>2021-07-15T00:35:35Z cache-fty21383 MEWElogs[369035]: CROP, 1626309334629127239, FTY, 12
<134>2021-07-15T00:35:41Z cache-chi21126 MEWElogs[369035]: CROP, 1626309340656459439, CHI, 12
<134>2021-07-15T00:36:03Z cache-akl10324 MEWElogs[369035]: CROP, 1626309362774088219, AKL, 12
<134>2021-07-15T00:36:13Z cache-fty21383 MEWElogs[369035]: CROP, 1626309371998795732, FTY, 12
<134>2021-07-15T00:36:19Z cache-chi21126 MEWElogs[369035]: CROP, 1626309378826762117, CHI, 12
<134>2021-07-15T00:36:22Z cache-cmh21547 MEWElogs[369035]: CROP, 1626309382175974045, CMH, 12
<134>2021-07-15T00:36:23Z cache-bos4657 MEWElogs[369035]: CROP, 1626309382315404725, BOS, 12
<134>2021-07-15T00:36:27Z cache-eze19324 MEWElogs[369035]: CROP, 1626309386827308552, EZE, 12
<134>2021-07-15T00:36:32Z cache-chi21126 MEWElogs[369035]: CROP, 1626309391976620055, CHI, 12
<134>2021-07-15T00:36:34Z cache-del21735 MEWElogs[369035]: CROP, 1626309393663275227, DEL, 12
<134>2021-07-15T00:36:37Z cache-chi21126 MEWElogs[369035]: CROP, 1626309396223949810, CHI, 12
<134>2021-07-15T00:36:40Z cache-chi21126 MEWElogs[369035]: CROP, 1626309400379421834, CHI, 12
<134>2021-07-15T00:36:42Z cache-fty21383 MEWElogs[369035]: CROP, 1626309401657753829, FTY, 12
<134>2021-07-15T00:36:58Z cache-eze19324 MEWElogs[369035]: CROP, 1626309417588244472, EZE, 12
<134>2021-07-15T00:36:59Z cache-cmh21547 MEWElogs[369035]: CROP, 1626309419047759416, CMH, 12
<134>2021-07-15T00:37:05Z cache-akl10324 MEWElogs[369035]: CROP, 1626309424821322618, AKL, 12
<134>2021-07-15T00:37:09Z cache-pwk4920 MEWElogs[369035]: CROP, 1626309428419813209, PWK, 12
<134>2021-07-15T00:37:12Z cache-pwk4920 MEWElogs[369035]: CROP, 1626309432555696393, PWK, 12
<134>2021-07-15T00:37:26Z cache-bos4657 MEWElogs[369035]: CROP, 1626309445416143519, BOS, 12
<134>2021-07-15T00:37:31Z cache-dub4329 MEWElogs[369035]: CROP, 1626309451081577662, DUB, 12
<134>2021-07-15T00:37:37Z cache-cph20625 MEWElogs[369035]: CROP, 1626309456021373010, CPH, 12
<134>2021-07-15T00:37:38Z cache-del21735 MEWElogs[369035]: CROP, 1626309457113675989, DEL, 12
<134>2021-07-15T00:37:38Z cache-akl10324 MEWElogs[369035]: CROP, 1626309457326896411, AKL, 12
<134>2021-07-15T00:37:41Z cache-bos4657 MEWElogs[369035]: CROP, 1626309460174879879, BOS, 12
<134>2021-07-15T00:37:59Z cache-bos4657 MEWElogs[369035]: CROP, 1626309478630236303, BOS, 12
<134>2021-07-15T00:38:08Z cache-pwk4920 MEWElogs[369035]: CROP, 1626309488161729625, PWK, 12
<134>2021-07-15T00:38:14Z cache-chi21126 MEWElogs[369035]: CROP, 1626309493600040004, CHI, 12
<134>2021-07-15T00:38:16Z cache-pwk4920 MEWElogs[369035]: CROP, 1626309496696771436, PWK, 12
<134>2021-07-15T00:38:21Z cache-hel6829 MEWElogs[369035]: CROP, 1626309500346048364, HEL, 12
<134>2021-07-15T00:38:22Z cache-bos4657 MEWElogs[369035]: CROP, 1626309501398608126, BOS, 12
<134>2021-07-15T00:38:24Z cache-akl10324 MEWElogs[369035]: CROP, 1626309503884319153, AKL, 12
