<134>2021-07-15T07:42:53Z cache-lga21983 MEWElogs[355776]: UNSH, 1626334972424349303, LGA, 16
<134>2021-07-15T07:42:59Z cache-ewr18156 MEWElogs[355776]: UNSH, 1626334978663232519, EWR, 16
<134>2021-07-15T07:43:19Z cache-ewr18156 MEWElogs[355776]: UNSH, 1626334998541229744, EWR, 16
<134>2021-07-15T07:43:21Z cache-lhr7382 MEWElogs[355776]: UNSH, 1626335000251706499, LHR, 16
<134>2021-07-15T07:44:27Z cache-osl6529 MEWElogs[355776]: UNSH, 1626335066577479900, OSL, 16
<134>2021-07-15T07:44:51Z cache-mel11272 MEWElogs[355776]: UNSH, 1626335091135529417, MEL, 16
<134>2021-07-15T07:44:55Z cache-lga21983 MEWElogs[355776]: UNSH, 1626335094965735345, LGA, 16
<134>2021-07-15T07:45:17Z cache-man4150 MEWElogs[355776]: UNSH, 1626335116054084759, MAN, 16
<134>2021-07-15T07:46:18Z cache-lax10677 MEWElogs[355776]: UNSH, 1626335178532701460, LGB, 16
<134>2021-07-15T07:46:24Z cache-bom4751 MEWElogs[355776]: UNSH, 1626335183449059770, BOM, 16
<134>2021-07-15T07:46:57Z cache-lhr7382 MEWElogs[355776]: UNSH, 1626335216004015181, LHR, 16
<134>2021-07-15T07:47:00Z cache-ewr18156 MEWElogs[355776]: UNSH, 1626335219421801494, EWR, 16
<134>2021-07-15T07:47:01Z cache-cdg20720 MEWElogs[355776]: UNSH, 1626335220946929704, CDG, 16
<134>2021-07-15T07:47:05Z cache-lhr7382 MEWElogs[355776]: UNSH, 1626335224540827779, LHR, 16
<134>2021-07-15T07:47:12Z cache-lax10677 MEWElogs[355776]: UNSH, 1626335231558819974, LGB, 16
<134>2021-07-15T07:47:15Z cache-lhr7382 MEWElogs[355776]: UNSH, 1626335234719662009, LHR, 16
<134>2021-07-15T07:47:33Z cache-lhr7382 MEWElogs[355776]: UNSH, 1626335252797933270, LHR, 16
<134>2021-07-15T07:47:41Z cache-mel11272 MEWElogs[355776]: UNSH, 1626335260716442641, MEL, 16
<134>2021-07-15T07:47:58Z cache-bom4751 MEWElogs[355776]: UNSH, 1626335277577725736, BOM, 16
<134>2021-07-15T07:48:34Z cache-lga21983 MEWElogs[355776]: UNSH, 1626335313974392560, LGA, 16
<134>2021-07-15T07:48:36Z cache-lax10677 MEWElogs[355776]: UNSH, 1626335315922040477, LGB, 16
<134>2021-07-15T07:48:37Z cache-bom4751 MEWElogs[355776]: UNSH, 1626335317083159945, BOM, 16
<134>2021-07-15T07:48:57Z cache-lax10677 MEWElogs[355776]: UNSH, 1626335336954332964, LGB, 16
<134>2021-07-15T07:49:07Z cache-lax10677 MEWElogs[355776]: UNSH, 1626335346910851115, LGB, 16
<134>2021-07-15T07:49:10Z cache-bom4751 MEWElogs[355776]: UNSH, 1626335350117117815, BOM, 16
<134>2021-07-15T07:49:12Z cache-scl19427 MEWElogs[355776]: UNSH, 1626335352497159403, SCL, 16
<134>2021-07-15T07:49:52Z cache-cdg20720 MEWElogs[355776]: UNSH, 1626335392470309494, CDG, 16
<134>2021-07-15T07:49:57Z cache-itm18851 MEWElogs[355776]: UNSH, 1626335396877131612, ITM, 16
<134>2021-07-15T07:50:36Z cache-gru17149 MEWElogs[355776]: UNSH, 1626335435293418357, GRU, 16
<134>2021-07-15T07:50:59Z cache-mel11272 MEWElogs[355776]: UNSH, 1626335457940085334, MEL, 16
<134>2021-07-15T07:52:04Z cache-gig17035 MEWElogs[355776]: UNSH, 1626335523002900330, GIG, 16
<134>2021-07-15T07:52:25Z cache-stl4834 MEWElogs[355776]: UNSH, 1626335544713245125, STL, 16
