<134>2021-07-14T20:49:38Z cache-ams21020 MEWElogs[21956]: BLUR, 1626295777118725382, AMS, 11
<134>2021-07-14T20:49:41Z cache-wdc5583 MEWElogs[21956]: BLUR, 1626295780647796617, WDC, 11
<134>2021-07-14T20:50:22Z cache-mdw17383 MEWElogs[21956]: BLUR, 1626295822323040338, MDW, 11
<134>2021-07-14T20:50:39Z cache-cmh21547 MEWElogs[21956]: BLUR, 1626295839366994321, CMH, 11
<134>2021-07-14T20:50:56Z cache-pdk17882 MEWElogs[21956]: BLUR, 1626295855501235571, PDK, 11
<134>2021-07-14T20:51:15Z cache-ord1740 MEWElogs[21956]: BLUR, 1626295874604318652, ORD, 11
<134>2021-07-14T20:51:42Z cache-mdw17383 MEWElogs[21956]: BLUR, 1626295901052610078, MDW, 11
<134>2021-07-14T20:51:48Z cache-dca17782 MEWElogs[21956]: BLUR, 1626295907055740285, DCA, 11
<134>2021-07-14T20:52:13Z cache-pdk17882 MEWElogs[21956]: BLUR, 1626295932647802629, PDK, 11
<134>2021-07-14T20:52:36Z cache-dca17782 MEWElogs[21956]: BLUR, 1626295956115839925, DCA, 11
<134>2021-07-14T20:53:26Z cache-wdc5583 MEWElogs[21956]: BLUR, 1626296005852199294, WDC, 11
<134>2021-07-14T20:54:07Z cache-ams21020 MEWElogs[21956]: BLUR, 1626296047087262595, AMS, 11
<134>2021-07-14T20:54:08Z cache-ord1740 MEWElogs[21956]: BLUR, 1626296047875699448, ORD, 11
<134>2021-07-14T20:54:24Z cache-ord1740 MEWElogs[21956]: BLUR, 1626296063871554762, ORD, 11
<134>2021-07-14T20:55:01Z cache-dca17782 MEWElogs[21956]: BLUR, 1626296100762336991, DCA, 11
<134>2021-07-14T20:55:12Z cache-bog6425 MEWElogs[21956]: BLUR, 1626296110977625406, BOG, 11
<134>2021-07-14T20:55:21Z cache-ams21020 MEWElogs[21956]: BLUR, 1626296120154123695, AMS, 11
<134>2021-07-14T20:55:37Z cache-eze19324 MEWElogs[21956]: BLUR, 1626296136646924716, EZE, 11
<134>2021-07-14T20:56:05Z cache-pdk17882 MEWElogs[21956]: BLUR, 1626296164621409893, PDK, 11
<134>2021-07-14T20:56:22Z cache-maa10251 MEWElogs[21956]: BLUR, 1626296181259960988, MAA, 11
<134>2021-07-14T20:56:51Z cache-pdk17882 MEWElogs[21956]: BLUR, 1626296211197298248, PDK, 11
<134>2021-07-14T20:56:51Z cache-maa10251 MEWElogs[21956]: BLUR, 1626296210768104099, MAA, 11
<134>2021-07-14T20:57:10Z cache-dca17782 MEWElogs[21956]: BLUR, 1626296229463698714, DCA, 11
<134>2021-07-14T20:57:38Z cache-pdk17882 MEWElogs[21956]: BLUR, 1626296257787745072, PDK, 11
<134>2021-07-14T20:58:14Z cache-dca17782 MEWElogs[21956]: BLUR, 1626296294143908315, DCA, 11
<134>2021-07-14T20:58:34Z cache-eze19324 MEWElogs[21956]: BLUR, 1626296313847335492, EZE, 11
