<134>2021-07-15T04:49:02Z cache-bur17583 MEWElogs[39982]: ROTATE, 1626324541176794594, BUR, 15
<134>2021-07-15T04:49:17Z cache-jnb7027 MEWElogs[39982]: ROTATE, 1626324556937277502, JNB, 15
<134>2021-07-15T04:50:44Z cache-lcy19283 MEWElogs[39982]: ROTATE, 1626324644227498763, LCY, 15
<134>2021-07-15T04:51:03Z cache-bur17583 MEWElogs[39982]: ROTATE, 1626324662131627453, BUR, 15
<134>2021-07-15T04:51:12Z cache-dal21283 MEWElogs[39982]: ROTATE, 1626324671193439059, DAL, 15
<134>2021-07-15T04:51:16Z cache-lon4249 MEWElogs[39982]: ROTATE, 1626324675032697420, LON, 15
<134>2021-07-15T04:52:14Z cache-den8274 MEWElogs[39982]: ROTATE, 1626324733651917339, DEN, 15
<134>2021-07-15T04:52:22Z cache-lhr7382 MEWElogs[39982]: ROTATE, 1626324741453252139, LHR, 15
<134>2021-07-15T04:52:46Z cache-lhr7382 MEWElogs[39982]: ROTATE, 1626324765336817257, LHR, 15
<134>2021-07-15T04:54:05Z cache-bur17583 MEWElogs[39982]: ROTATE, 1626324844347432598, BUR, 15
<134>2021-07-15T04:54:05Z cache-lhr7382 MEWElogs[39982]: ROTATE, 1626324844535606986, LHR, 15
<134>2021-07-15T04:54:52Z cache-lhr7382 MEWElogs[39982]: ROTATE, 1626324891750855507, LHR, 15
<134>2021-07-15T04:55:06Z cache-dal21283 MEWElogs[39982]: ROTATE, 1626324905980516587, DAL, 15
<134>2021-07-15T04:55:28Z cache-iah17271 MEWElogs[39982]: ROTATE, 1626324928163296003, IAH, 15
<134>2021-07-15T04:56:03Z cache-bur17583 MEWElogs[39982]: ROTATE, 1626324963221842973, BUR, 15
<134>2021-07-15T04:56:38Z cache-dal21283 MEWElogs[39982]: ROTATE, 1626324997688504544, DAL, 15
<134>2021-07-15T04:56:40Z cache-stp9226 MEWElogs[39982]: ROTATE, 1626325000448335762, STP, 15
<134>2021-07-15T04:56:59Z cache-iah17271 MEWElogs[39982]: ROTATE, 1626325018318098180, IAH, 15
<134>2021-07-15T04:57:44Z cache-man4150 MEWElogs[39982]: ROTATE, 1626325063914381901, MAN, 15
<134>2021-07-15T04:58:48Z cache-ewr18156 MEWElogs[39982]: ROTATE, 1626325128422860282, EWR, 15
