<134>2021-07-14T17:12:51Z cache-jnb7027 MEWElogs[355776]: FLIPH, 1626282770047068861, JNB, -1
<134>2021-07-14T17:13:07Z cache-hkg17929 MEWElogs[355776]: FLIPH, 1626282786708463165, HKG, -1
<134>2021-07-14T17:13:13Z cache-cwb20520 MEWElogs[355776]: FLIPH, 1626282792651883544, CWB, 10
<134>2021-07-14T17:13:20Z cache-jnb7027 MEWElogs[355776]: FLIPH, 1626282799162943335, JNB, -1
<134>2021-07-14T17:13:29Z cache-mad22068 MEWElogs[355776]: FLIPH, 1626282808516192225, MAD, 10
<134>2021-07-14T17:13:35Z cache-mad22068 MEWElogs[355776]: FLIPH, 1626282815491387192, MAD, -1
<134>2021-07-14T17:13:40Z cache-lon4249 MEWElogs[355776]: FLIPH, 1626282820198642630, LON, -1
<134>2021-07-14T17:13:53Z cache-hkg17929 MEWElogs[355776]: FLIPH, 1626282832771545564, HKG, 10
<134>2021-07-14T17:13:59Z cache-cwb20520 MEWElogs[355776]: FLIPH, 1626282839115415469, CWB, -1
<134>2021-07-14T17:14:04Z cache-iah17271 MEWElogs[355776]: FLIPH, 1626282843852971136, IAH, 10
<134>2021-07-14T17:14:05Z cache-mad22068 MEWElogs[355776]: FLIPH, 1626282844463029590, MAD, -1
<134>2021-07-14T17:14:07Z cache-lon4249 MEWElogs[355776]: FLIPH, 1626282847245276275, LON, 10
<134>2021-07-14T17:14:11Z cache-lcy19283 MEWElogs[355776]: FLIPH, 1626282850827217174, LCY, -1
<134>2021-07-14T17:14:16Z cache-dal21283 MEWElogs[355776]: FLIPH, 1626282855079175288, DAL, -1
<134>2021-07-14T17:14:19Z cache-cwb20520 MEWElogs[355776]: FLIPH, 1626282859223377088, CWB, -1
<134>2021-07-14T17:14:21Z cache-lcy19283 MEWElogs[355776]: FLIPH, 1626282861033354250, LCY, -1
<134>2021-07-14T17:14:32Z cache-mad22068 MEWElogs[355776]: FLIPH, 1626282872706842699, MAD, -1
<134>2021-07-14T17:14:55Z cache-mad22068 MEWElogs[355776]: FLIPH, 1626282894774635354, MAD, 10
<134>2021-07-14T17:15:16Z cache-hkg17929 MEWElogs[355776]: FLIPH, 1626282916469589345, HKG, -1
<134>2021-07-14T17:15:22Z cache-den8274 MEWElogs[355776]: FLIPH, 1626282921558773744, DEN, 10
<134>2021-07-14T17:15:32Z cache-bur17583 MEWElogs[355776]: FLIPH, 1626282931647965141, BUR, 10
<134>2021-07-14T17:15:41Z cache-cwb20520 MEWElogs[355776]: FLIPH, 1626282940358196586, CWB, 10
<134>2021-07-14T17:15:43Z cache-iah17271 MEWElogs[355776]: FLIPH, 1626282943040243635, IAH, 10
<134>2021-07-14T17:15:52Z cache-mrs10583 MEWElogs[355776]: FLIPH, 1626282951902204196, MRS, -1
<134>2021-07-14T17:15:53Z cache-iah17271 MEWElogs[355776]: FLIPH, 1626282953247475900, IAH, 10
<134>2021-07-14T17:16:11Z cache-dal21283 MEWElogs[355776]: FLIPH, 1626282970873259872, DAL, 10
<134>2021-07-14T17:16:11Z cache-mci5951 MEWElogs[355776]: FLIPH, 1626282970994657292, MCI, 10
<134>2021-07-14T17:16:27Z cache-lhr7382 MEWElogs[355776]: FLIPH, 1626282986797679292, LHR, -1
<134>2021-07-14T17:16:33Z cache-hkg17929 MEWElogs[355776]: FLIPH, 1626282992241934381, HKG, -1
<134>2021-07-14T17:16:35Z cache-jax20933 MEWElogs[355776]: FLIPH, 1626282995537522938, JAX, -1
<134>2021-07-14T17:16:43Z cache-hkg17929 MEWElogs[355776]: FLIPH, 1626283002977851836, HKG, -1
<134>2021-07-14T17:16:54Z cache-stp9226 MEWElogs[355776]: FLIPH, 1626283013499111485, STP, 10
<134>2021-07-14T17:17:08Z cache-mrs10583 MEWElogs[355776]: FLIPH, 1626283027809756834, MRS, 10
<134>2021-07-14T17:17:18Z cache-hkg17929 MEWElogs[355776]: FLIPH, 1626283038646185314, HKG, 10
<134>2021-07-14T17:17:19Z cache-mci5951 MEWElogs[355776]: FLIPH, 1626283038123037347, MCI, -1
<134>2021-07-14T17:17:27Z cache-stp9226 MEWElogs[355776]: FLIPH, 1626283045993247389, STP, 10
<134>2021-07-14T17:17:27Z cache-dal21283 MEWElogs[355776]: FLIPH, 1626283047150474080, DAL, -1
<134>2021-07-14T17:17:38Z cache-mrs10583 MEWElogs[355776]: FLIPH, 1626283057713108176, MRS, -1
<134>2021-07-14T17:17:46Z cache-mrs10583 MEWElogs[355776]: FLIPH, 1626283065770333545, MRS, -1
<134>2021-07-14T17:17:49Z cache-mci5951 MEWElogs[355776]: FLIPH, 1626283068218370602, MCI, -1
<134>2021-07-14T17:17:49Z cache-mia11368 MEWElogs[355776]: FLIPH, 1626283069135751630, MIA, 10
<134>2021-07-14T17:17:51Z cache-mad22068 MEWElogs[355776]: FLIPH, 1626283071464514630, MAD, -1
<134>2021-07-14T17:17:52Z cache-mci5951 MEWElogs[355776]: FLIPH, 1626283071371958103, MCI, 10
<134>2021-07-14T17:17:59Z cache-stp9226 MEWElogs[355776]: FLIPH, 1626283078629173227, STP, 10
<134>2021-07-14T17:18:14Z cache-mad22068 MEWElogs[355776]: FLIPH, 1626283093740334766, MAD, 10
<134>2021-07-14T17:18:15Z cache-jax20933 MEWElogs[355776]: FLIPH, 1626283093993678485, JAX, 10
<134>2021-07-14T17:18:31Z cache-stp9226 MEWElogs[355776]: FLIPH, 1626283111245020411, STP, 10
<134>2021-07-14T17:18:50Z cache-jax20933 MEWElogs[355776]: FLIPH, 1626283130449316587, JAX, 10
<134>2021-07-14T17:19:07Z cache-bur17583 MEWElogs[355776]: FLIPH, 1626283146715499404, BUR, -1
<134>2021-07-14T17:19:22Z cache-mia11368 MEWElogs[355776]: FLIPH, 1626283161727629853, MIA, 10
<134>2021-07-14T17:19:31Z cache-bur17583 MEWElogs[355776]: FLIPH, 1626283170599601641, BUR, 10
<134>2021-07-14T17:19:37Z cache-stp9226 MEWElogs[355776]: FLIPH, 1626283176243292349, STP, 10
<134>2021-07-14T17:19:39Z cache-mia11368 MEWElogs[355776]: FLIPH, 1626283179215639363, MIA, -1
<134>2021-07-14T17:19:44Z cache-stp9226 MEWElogs[355776]: FLIPH, 1626283183722727223, STP, -1
<134>2021-07-14T17:19:59Z cache-hkg17929 MEWElogs[355776]: FLIPH, 1626283198852064237, HKG, -1
<134>2021-07-14T17:20:07Z cache-mad22068 MEWElogs[355776]: FLIPH, 1626283206314338137, MAD, 10
<134>2021-07-14T17:20:10Z cache-stp9226 MEWElogs[355776]: FLIPH, 1626283209267593867, STP, 10
<134>2021-07-14T17:20:10Z cache-jax20933 MEWElogs[355776]: FLIPH, 1626283209692882135, JAX, -1
<134>2021-07-14T17:20:32Z cache-mrs10583 MEWElogs[355776]: FLIPH, 1626283231278096223, MRS, 10
<134>2021-07-14T17:20:40Z cache-mrs10583 MEWElogs[355776]: FLIPH, 1626283239777763995, MRS, 10
<134>2021-07-14T17:20:50Z cache-bur17583 MEWElogs[355776]: FLIPH, 1626283250688180376, BUR, -1
<134>2021-07-14T17:20:51Z cache-jax20933 MEWElogs[355776]: FLIPH, 1626283251447841325, JAX, 10
<134>2021-07-14T17:21:02Z cache-yul12826 MEWElogs[355776]: FLIPH, 1626283261660363650, YUL, -1
<134>2021-07-14T17:21:37Z cache-hkg17929 MEWElogs[355776]: FLIPH, 1626283296532070980, HKG, -1
<134>2021-07-14T17:21:46Z cache-jax20933 MEWElogs[355776]: FLIPH, 1626283306227879832, JAX, -1
<134>2021-07-14T17:21:49Z cache-mad22068 MEWElogs[355776]: FLIPH, 1626283308893627473, MAD, 10
<134>2021-07-14T17:21:51Z cache-jax20933 MEWElogs[355776]: FLIPH, 1626283310610323978, JAX, 10
<134>2021-07-14T17:22:11Z cache-jax20933 MEWElogs[355776]: FLIPH, 1626283330015393276, JAX, -1
<134>2021-07-14T17:22:11Z cache-lhr7382 MEWElogs[355776]: FLIPH, 1626283331071148737, LHR, 10
<134>2021-07-14T17:22:20Z cache-hkg17929 MEWElogs[355776]: FLIPH, 1626283340160057221, HKG, -1
<134>2021-07-14T17:22:27Z cache-mia11368 MEWElogs[355776]: FLIPH, 1626283346309457711, MIA, 10
<134>2021-07-14T17:22:44Z cache-mci5951 MEWElogs[355776]: FLIPH, 1626283363307247989, MCI, -1
