<134>2021-07-14T20:49:58Z cache-bog6425 MEWElogs[216063]: BLUR, 1626295797181652462, BOG, 11
<134>2021-07-14T20:50:10Z cache-dca17782 MEWElogs[216063]: BLUR, 1626295810222868634, DCA, 11
<134>2021-07-14T20:51:22Z cache-maa10251 MEWElogs[216063]: BLUR, 1626295881474327051, MAA, 11
<134>2021-07-14T20:51:31Z cache-ord1740 MEWElogs[216063]: BLUR, 1626295890512631991, ORD, 11
<134>2021-07-14T20:52:02Z cache-ord1740 MEWElogs[216063]: BLUR, 1626295921908322645, ORD, 11
<134>2021-07-14T20:52:29Z cache-pdk17882 MEWElogs[216063]: BLUR, 1626295948277645091, PDK, 11
<134>2021-07-14T20:52:39Z cache-mdw17383 MEWElogs[216063]: BLUR, 1626295959698836422, MDW, 11
<134>2021-07-14T20:52:43Z cache-bog6425 MEWElogs[216063]: BLUR, 1626295962490941014, BOG, 11
<134>2021-07-14T20:52:43Z cache-pdk17882 MEWElogs[216063]: BLUR, 1626295963685079842, PDK, 11
<134>2021-07-14T20:53:16Z cache-bog6425 MEWElogs[216063]: BLUR, 1626295995441125181, BOG, 11
<134>2021-07-14T20:54:06Z cache-maa10251 MEWElogs[216063]: BLUR, 1626296045100884878, MAA, 11
<134>2021-07-14T20:54:28Z cache-dca17782 MEWElogs[216063]: BLUR, 1626296067955032301, DCA, 11
<134>2021-07-14T20:54:31Z cache-pdk17882 MEWElogs[216063]: BLUR, 1626296071204402443, PDK, 11
<134>2021-07-14T20:54:37Z cache-ams21020 MEWElogs[216063]: BLUR, 1626296076333813815, AMS, 11
<134>2021-07-14T20:54:56Z cache-ord1740 MEWElogs[216063]: BLUR, 1626296095758461240, ORD, 11
<134>2021-07-14T20:55:06Z cache-maa10251 MEWElogs[216063]: BLUR, 1626296105385789916, MAA, 11
<134>2021-07-14T20:55:14Z cache-mdw17383 MEWElogs[216063]: BLUR, 1626296113740632061, MDW, 11
<134>2021-07-14T20:55:33Z cache-pdk17882 MEWElogs[216063]: BLUR, 1626296133085565307, PDK, 11
<134>2021-07-14T20:55:36Z cache-maa10251 MEWElogs[216063]: BLUR, 1626296135546713703, MAA, 11
<134>2021-07-14T20:55:49Z cache-pdk17882 MEWElogs[216063]: BLUR, 1626296149006370036, PDK, 11
<134>2021-07-14T20:55:50Z cache-dca17782 MEWElogs[216063]: BLUR, 1626296150468946775, DCA, 11
<134>2021-07-14T20:55:53Z cache-mdw17383 MEWElogs[216063]: BLUR, 1626296153126958774, MDW, 11
<134>2021-07-14T20:56:17Z cache-bog6425 MEWElogs[216063]: BLUR, 1626296176142182570, BOG, 11
<134>2021-07-14T20:56:50Z cache-wdc5583 MEWElogs[216063]: BLUR, 1626296209652879862, WDC, 11
<134>2021-07-14T20:57:35Z cache-cmh21547 MEWElogs[216063]: BLUR, 1626296255337988956, CMH, 11
<134>2021-07-14T20:57:35Z cache-ord1740 MEWElogs[216063]: BLUR, 1626296254794863733, ORD, 11
<134>2021-07-14T20:58:07Z cache-ord1740 MEWElogs[216063]: BLUR, 1626296286436739518, ORD, 11
<134>2021-07-14T20:58:21Z cache-maa10251 MEWElogs[216063]: BLUR, 1626296300725887902, MAA, 11
<134>2021-07-14T20:58:55Z cache-pdk17882 MEWElogs[216063]: BLUR, 1626296334581975670, PDK, 11
<134>2021-07-14T20:59:00Z cache-bog6425 MEWElogs[216063]: BLUR, 1626296339705274900, BOG, 11
<134>2021-07-14T20:59:36Z cache-wdc5583 MEWElogs[216063]: BLUR, 1626296375880889924, WDC, 11
