<134>2021-07-15T01:52:46Z cache-lhr7382 MEWElogs[322581]: GRAY, 1626313965129248662, LHR, 13
<134>2021-07-15T01:53:21Z cache-dal21283 MEWElogs[322581]: GRAY, 1626314001457359446, DAL, 13
<134>2021-07-15T01:53:31Z cache-mia11368 MEWElogs[322581]: GRAY, 1626314011198725380, MIA, 13
<134>2021-07-15T01:53:45Z cache-dal21283 MEWElogs[322581]: GRAY, 1626314025097382230, DAL, 13
<134>2021-07-15T01:53:46Z cache-bur17583 MEWElogs[322581]: GRAY, 1626314025912895988, BUR, 13
<134>2021-07-15T01:53:55Z cache-mrs10583 MEWElogs[322581]: GRAY, 1626314035601407976, MRS, 13
<134>2021-07-15T01:54:01Z cache-bur17583 MEWElogs[322581]: GRAY, 1626314040089965964, BUR, 13
<134>2021-07-15T01:54:24Z cache-mrs10583 MEWElogs[322581]: GRAY, 1626314064436571950, MRS, 13
<134>2021-07-15T01:54:25Z cache-lhr7382 MEWElogs[322581]: GRAY, 1626314064403414283, LHR, 13
<134>2021-07-15T01:54:32Z cache-stp9226 MEWElogs[322581]: GRAY, 1626314070990330433, STP, 13
<134>2021-07-15T01:55:39Z cache-stp9226 MEWElogs[322581]: GRAY, 1626314138705598140, STP, 13
<134>2021-07-15T01:55:53Z cache-hkg17929 MEWElogs[322581]: GRAY, 1626314152716509259, HKG, 13
<134>2021-07-15T01:56:09Z cache-mrs10583 MEWElogs[322581]: GRAY, 1626314168721808055, MRS, 13
<134>2021-07-15T01:56:16Z cache-hkg17929 MEWElogs[322581]: GRAY, 1626314175885860311, HKG, 13
<134>2021-07-15T01:56:19Z cache-lhr7382 MEWElogs[322581]: GRAY, 1626314178093818136, LHR, 13
<134>2021-07-15T01:56:28Z cache-lhr7382 MEWElogs[322581]: GRAY, 1626314187641322387, LHR, 13
<134>2021-07-15T01:57:01Z cache-lhr7382 MEWElogs[322581]: GRAY, 1626314220529390390, LHR, 13
<134>2021-07-15T01:57:32Z cache-yul12826 MEWElogs[322581]: GRAY, 1626314251958893939, YUL, 13
<134>2021-07-15T01:57:40Z cache-mrs10583 MEWElogs[322581]: GRAY, 1626314259402597396, MRS, 13
<134>2021-07-15T01:58:28Z cache-yul12826 MEWElogs[322581]: GRAY, 1626314307758529674, YUL, 13
<134>2021-07-15T01:58:47Z cache-yul12826 MEWElogs[322581]: GRAY, 1626314326496479248, YUL, 13
<134>2021-07-15T01:59:11Z cache-hkg17929 MEWElogs[322581]: GRAY, 1626314351240518314, HKG, 13
<134>2021-07-15T01:59:17Z cache-yul12826 MEWElogs[322581]: GRAY, 1626314357237577515, YUL, 13
<134>2021-07-15T02:00:25Z cache-jax20933 MEWElogs[322581]: GRAY, 1626314424001761017, JAX, 13
<134>2021-07-15T02:00:26Z cache-yul12826 MEWElogs[322581]: GRAY, 1626314426561603724, YUL, 13
<134>2021-07-15T02:00:27Z cache-lax10677 MEWElogs[322581]: GRAY, 1626314426248181697, LGB, 13
<134>2021-07-15T02:00:39Z cache-mci5951 MEWElogs[322581]: GRAY, 1626314438636611290, MCI, 13
<134>2021-07-15T02:00:57Z cache-mia11368 MEWElogs[322581]: GRAY, 1626314456435906224, MIA, 13
<134>2021-07-15T02:01:21Z cache-mci5951 MEWElogs[322581]: GRAY, 1626314481312593371, MCI, 13
<134>2021-07-15T02:01:28Z cache-jax20933 MEWElogs[322581]: GRAY, 1626314487542722767, JAX, 13
<134>2021-07-15T02:01:43Z cache-yul12826 MEWElogs[322581]: GRAY, 1626314502940311756, YUL, 13
<134>2021-07-15T02:01:56Z cache-mia11368 MEWElogs[322581]: GRAY, 1626314516250464473, MIA, 13
<134>2021-07-15T02:01:58Z cache-lax10677 MEWElogs[322581]: GRAY, 1626314517642483562, LGB, 13
<134>2021-07-15T02:02:02Z cache-hkg17929 MEWElogs[322581]: GRAY, 1626314521192124643, HKG, 13
<134>2021-07-15T02:02:12Z cache-lax10677 MEWElogs[322581]: GRAY, 1626314531581996638, LGB, 13
