<134>2021-07-15T02:02:04Z cache-mia11368 MEWElogs[369035]: GRAY, 1626314523576418128, MIA, 13
<134>2021-07-15T02:02:26Z cache-lax10677 MEWElogs[369035]: GRAY, 1626314545629421805, LGB, 13
<134>2021-07-15T02:02:29Z cache-lga21983 MEWElogs[369035]: GRAY, 1626314548174995883, LGA, 13
<134>2021-07-15T02:02:33Z cache-lax10677 MEWElogs[369035]: GRAY, 1626314552628428072, LGB, 13
<134>2021-07-15T02:03:18Z cache-mia11368 MEWElogs[369035]: GRAY, 1626314597851964010, MIA, 13
<134>2021-07-15T02:03:20Z cache-mel11272 MEWElogs[369035]: GRAY, 1626314599541537184, MEL, 13
<134>2021-07-15T02:03:27Z cache-mel11272 MEWElogs[369035]: GRAY, 1626314606523902018, MEL, 13
<134>2021-07-15T02:03:40Z cache-stp9226 MEWElogs[369035]: GRAY, 1626314619330914813, STP, 13
<134>2021-07-15T02:03:53Z cache-stp9226 MEWElogs[369035]: GRAY, 1626314632727735723, STP, 13
<134>2021-07-15T02:04:07Z cache-lga21983 MEWElogs[369035]: GRAY, 1626314647514989320, LGA, 13
<134>2021-07-15T02:04:14Z cache-osl6529 MEWElogs[369035]: GRAY, 1626314653235040342, OSL, 13
<134>2021-07-15T02:04:27Z cache-lga21983 MEWElogs[369035]: GRAY, 1626314666894062874, LGA, 13
<134>2021-07-15T02:04:38Z cache-ewr18156 MEWElogs[369035]: GRAY, 1626314678209003275, EWR, 13
<134>2021-07-15T02:04:47Z cache-gig17035 MEWElogs[369035]: GRAY, 1626314686533421620, GIG, 13
<134>2021-07-15T02:05:33Z cache-osl6529 MEWElogs[369035]: GRAY, 1626314732329904303, OSL, 13
<134>2021-07-15T02:05:55Z cache-mel11272 MEWElogs[369035]: GRAY, 1626314754761407822, MEL, 13
<134>2021-07-15T02:06:02Z cache-lax10677 MEWElogs[369035]: GRAY, 1626314761529396251, LGB, 13
<134>2021-07-15T02:06:02Z cache-mel11272 MEWElogs[369035]: GRAY, 1626314761822808804, MEL, 13
<134>2021-07-15T02:06:03Z cache-cdg20720 MEWElogs[369035]: GRAY, 1626314762256081326, CDG, 13
<134>2021-07-15T02:06:14Z cache-gig17035 MEWElogs[369035]: GRAY, 1626314773412923232, GIG, 13
<134>2021-07-15T02:06:49Z cache-lga21983 MEWElogs[369035]: GRAY, 1626314808933003363, LGA, 13
<134>2021-07-15T02:07:05Z cache-mel11272 MEWElogs[369035]: GRAY, 1626314824764410711, MEL, 13
<134>2021-07-15T02:07:40Z cache-mel11272 MEWElogs[369035]: GRAY, 1626314859756625936, MEL, 13
<134>2021-07-15T02:08:08Z cache-mel11272 MEWElogs[369035]: GRAY, 1626314887896210851, MEL, 13
<134>2021-07-15T02:08:11Z cache-bom4751 MEWElogs[369035]: GRAY, 1626314891171328465, BOM, 13
<134>2021-07-15T02:08:16Z cache-cdg20720 MEWElogs[369035]: GRAY, 1626314894996155830, CDG, 13
<134>2021-07-15T02:08:19Z cache-osl6529 MEWElogs[369035]: GRAY, 1626314898680231002, OSL, 13
<134>2021-07-15T02:08:23Z cache-bom4751 MEWElogs[369035]: GRAY, 1626314902790134903, BOM, 13
<134>2021-07-15T02:08:38Z cache-scl19427 MEWElogs[369035]: GRAY, 1626314918111453209, SCL, 13
<134>2021-07-15T02:08:47Z cache-osl6529 MEWElogs[369035]: GRAY, 1626314926783611537, OSL, 13
<134>2021-07-15T02:08:57Z cache-bom4751 MEWElogs[369035]: GRAY, 1626314937380288640, BOM, 13
<134>2021-07-15T02:08:58Z cache-mel11272 MEWElogs[369035]: GRAY, 1626314937472731837, MEL, 13
<134>2021-07-15T02:09:03Z cache-bom4751 MEWElogs[369035]: GRAY, 1626314943146600513, BOM, 13
<134>2021-07-15T02:09:30Z cache-gig17035 MEWElogs[369035]: GRAY, 1626314969816572859, GIG, 13
<134>2021-07-15T02:09:52Z cache-lga21983 MEWElogs[369035]: GRAY, 1626314992542538965, LGA, 13
<134>2021-07-15T02:09:57Z cache-osl6529 MEWElogs[369035]: GRAY, 1626314996000811094, OSL, 13
<134>2021-07-15T02:10:01Z cache-osl6529 MEWElogs[369035]: GRAY, 1626315000899938984, OSL, 13
<134>2021-07-15T02:10:20Z cache-osl6529 MEWElogs[369035]: GRAY, 1626315019311377359, OSL, 13
<134>2021-07-15T02:10:23Z cache-stl4834 MEWElogs[369035]: GRAY, 1626315022159655034, STL, 13
<134>2021-07-15T02:10:35Z cache-ewr18156 MEWElogs[369035]: GRAY, 1626315035359837321, EWR, 13
<134>2021-07-15T02:10:42Z cache-osl6529 MEWElogs[369035]: GRAY, 1626315042281108009, OSL, 13
<134>2021-07-15T02:10:51Z cache-osl6529 MEWElogs[369035]: GRAY, 1626315051386165777, OSL, 13
<134>2021-07-15T02:11:00Z cache-ewr18156 MEWElogs[369035]: GRAY, 1626315060462136396, EWR, 13
<134>2021-07-15T02:11:18Z cache-hnd18722 MEWElogs[369035]: GRAY, 1626315078048559120, HND, 13
<134>2021-07-15T02:11:26Z cache-hnd18722 MEWElogs[369035]: GRAY, 1626315085113707073, HND, 13
<134>2021-07-15T02:12:00Z cache-stl4834 MEWElogs[369035]: GRAY, 1626315119499826679, STL, 13
