<134>2021-07-15T06:50:38Z cache-bur17583 MEWElogs[355776]: UNSH, 1626331837233064488, BUR, 16
<134>2021-07-15T06:50:48Z cache-den8274 MEWElogs[355776]: UNSH, 1626331847606375428, DEN, 16
<134>2021-07-15T06:50:55Z cache-fra19177 MEWElogs[355776]: UNSH, 1626331854635359021, FRA, 16
<134>2021-07-15T06:51:13Z cache-jnb7027 MEWElogs[355776]: UNSH, 1626331872853760835, JNB, 16
<134>2021-07-15T06:51:23Z cache-jnb7027 MEWElogs[355776]: UNSH, 1626331883222051653, JNB, 16
<134>2021-07-15T06:51:44Z cache-mad22068 MEWElogs[355776]: UNSH, 1626331903672782307, MAD, 16
<134>2021-07-15T06:51:50Z cache-fra19177 MEWElogs[355776]: UNSH, 1626331909310328115, FRA, 16
<134>2021-07-15T06:51:59Z cache-fra19177 MEWElogs[355776]: UNSH, 1626331918171125080, FRA, 16
<134>2021-07-15T06:52:05Z cache-lon4249 MEWElogs[355776]: UNSH, 1626331924525234728, LON, 16
<134>2021-07-15T06:52:17Z cache-fra19177 MEWElogs[355776]: UNSH, 1626331935987436782, FRA, 16
<134>2021-07-15T06:52:20Z cache-mad22068 MEWElogs[355776]: UNSH, 1626331939784704643, MAD, 16
<134>2021-07-15T06:53:00Z cache-jnb7027 MEWElogs[355776]: UNSH, 1626331979428824192, JNB, 16
<134>2021-07-15T06:53:40Z cache-den8274 MEWElogs[355776]: UNSH, 1626332020108780446, DEN, 16
<134>2021-07-15T06:53:59Z cache-hel6829 MEWElogs[355776]: UNSH, 1626332038696740865, HEL, 16
<134>2021-07-15T06:54:03Z cache-jnb7027 MEWElogs[355776]: UNSH, 1626332042898462076, JNB, 16
<134>2021-07-15T06:54:09Z cache-lcy19283 MEWElogs[355776]: UNSH, 1626332049256397216, LCY, 16
<134>2021-07-15T06:55:07Z cache-lcy19283 MEWElogs[355776]: UNSH, 1626332106099313568, LCY, 16
<134>2021-07-15T06:55:17Z cache-jnb7027 MEWElogs[355776]: UNSH, 1626332117524518718, JNB, 16
<134>2021-07-15T06:55:52Z cache-iah17271 MEWElogs[355776]: UNSH, 1626332152704274363, IAH, 16
<134>2021-07-15T06:56:03Z cache-lcy19283 MEWElogs[355776]: UNSH, 1626332163430462025, LCY, 16
<134>2021-07-15T06:56:09Z cache-jnb7027 MEWElogs[355776]: UNSH, 1626332169177740268, JNB, 16
<134>2021-07-15T06:56:28Z cache-den8274 MEWElogs[355776]: UNSH, 1626332188109608415, DEN, 16
<134>2021-07-15T06:57:04Z cache-mia11368 MEWElogs[355776]: UNSH, 1626332224181301003, MIA, 16
<134>2021-07-15T06:57:18Z cache-yul12826 MEWElogs[355776]: UNSH, 1626332237893577156, YUL, 16
<134>2021-07-15T06:57:27Z cache-mad22068 MEWElogs[355776]: UNSH, 1626332246862992004, MAD, 16
<134>2021-07-15T06:57:31Z cache-hkg17929 MEWElogs[355776]: UNSH, 1626332250832764606, HKG, 16
<134>2021-07-15T06:57:32Z cache-jnb7027 MEWElogs[355776]: UNSH, 1626332251891314286, JNB, 16
<134>2021-07-15T06:58:17Z cache-lcy19283 MEWElogs[355776]: UNSH, 1626332296486927552, LCY, 16
<134>2021-07-15T06:58:28Z cache-yul12826 MEWElogs[355776]: UNSH, 1626332307507476112, YUL, 16
<134>2021-07-15T06:58:31Z cache-iah17271 MEWElogs[355776]: UNSH, 1626332310291709443, IAH, 16
