<134>2021-07-15T01:41:38Z cache-hhn4077 MEWElogs[320228]: GRAY, 1626313297826519219, HHN, 13
<134>2021-07-15T01:41:40Z cache-hel6829 MEWElogs[320228]: GRAY, 1626313299448415741, HEL, 13
<134>2021-07-15T01:41:43Z cache-akl10324 MEWElogs[320228]: GRAY, 1626313302734697341, AKL, 13
<134>2021-07-15T01:42:15Z cache-cwb20520 MEWElogs[320228]: GRAY, 1626313335369717319, CWB, 13
<134>2021-07-15T01:42:16Z cache-hhn4077 MEWElogs[320228]: GRAY, 1626313335409964400, HHN, 13
<134>2021-07-15T01:42:42Z cache-dfw18678 MEWElogs[320228]: GRAY, 1626313362401405479, DFW, 13
<134>2021-07-15T01:43:17Z cache-pwk4920 MEWElogs[320228]: GRAY, 1626313396442881455, PWK, 13
<134>2021-07-15T01:43:50Z cache-dfw18678 MEWElogs[320228]: GRAY, 1626313429998542503, DFW, 13
<134>2021-07-15T01:44:51Z cache-den8274 MEWElogs[320228]: GRAY, 1626313490541123903, DEN, 13
<134>2021-07-15T01:44:56Z cache-lcy19283 MEWElogs[320228]: GRAY, 1626313495848792529, LCY, 13
<134>2021-07-15T01:45:02Z cache-bur17583 MEWElogs[320228]: GRAY, 1626313502251397724, BUR, 13
<134>2021-07-15T01:45:19Z cache-cwb20520 MEWElogs[320228]: GRAY, 1626313518524351538, CWB, 13
<134>2021-07-15T01:45:32Z cache-lon4249 MEWElogs[320228]: GRAY, 1626313532054505738, LON, 13
<134>2021-07-15T01:45:33Z cache-cwb20520 MEWElogs[320228]: GRAY, 1626313532033324564, CWB, 13
<134>2021-07-15T01:45:45Z cache-lcy19283 MEWElogs[320228]: GRAY, 1626313544749527904, LCY, 13
<134>2021-07-15T01:45:50Z cache-den8274 MEWElogs[320228]: GRAY, 1626313549967021329, DEN, 13
<134>2021-07-15T01:46:05Z cache-cwb20520 MEWElogs[320228]: GRAY, 1626313565278000495, CWB, 13
<134>2021-07-15T01:46:20Z cache-lon4249 MEWElogs[320228]: GRAY, 1626313579269797937, LON, 13
<134>2021-07-15T01:46:36Z cache-mad22068 MEWElogs[320228]: GRAY, 1626313595365108497, MAD, 13
<134>2021-07-15T01:46:38Z cache-den8274 MEWElogs[320228]: GRAY, 1626313597636747779, DEN, 13
<134>2021-07-15T01:46:40Z cache-hel6829 MEWElogs[320228]: GRAY, 1626313599486784151, HEL, 13
<134>2021-07-15T01:46:42Z cache-bur17583 MEWElogs[320228]: GRAY, 1626313601648519889, BUR, 13
<134>2021-07-15T01:46:46Z cache-hel6829 MEWElogs[320228]: GRAY, 1626313605516431555, HEL, 13
<134>2021-07-15T01:46:55Z cache-lcy19283 MEWElogs[320228]: GRAY, 1626313614186587543, LCY, 13
<134>2021-07-15T01:47:06Z cache-mad22068 MEWElogs[320228]: GRAY, 1626313625521169099, MAD, 13
<134>2021-07-15T01:47:23Z cache-dal21283 MEWElogs[320228]: GRAY, 1626313642265243729, DAL, 13
<134>2021-07-15T01:47:49Z cache-jnb7027 MEWElogs[320228]: GRAY, 1626313668128402407, JNB, 13
<134>2021-07-15T01:47:52Z cache-iah17271 MEWElogs[320228]: GRAY, 1626313671481440981, IAH, 13
<134>2021-07-15T01:48:12Z cache-den8274 MEWElogs[320228]: GRAY, 1626313691212798045, DEN, 13
<134>2021-07-15T01:48:16Z cache-mad22068 MEWElogs[320228]: GRAY, 1626313695780410938, MAD, 13
<134>2021-07-15T01:48:17Z cache-den8274 MEWElogs[320228]: GRAY, 1626313697154780403, DEN, 13
<134>2021-07-15T01:48:47Z cache-den8274 MEWElogs[320228]: GRAY, 1626313726848946707, DEN, 13
<134>2021-07-15T01:49:34Z cache-den8274 MEWElogs[320228]: GRAY, 1626313774065354413, DEN, 13
<134>2021-07-15T01:49:38Z cache-hel6829 MEWElogs[320228]: GRAY, 1626313777681494508, HEL, 13
<134>2021-07-15T01:49:48Z cache-mad22068 MEWElogs[320228]: GRAY, 1626313787004317781, MAD, 13
<134>2021-07-15T01:49:55Z cache-lon4249 MEWElogs[320228]: GRAY, 1626313794197554094, LON, 13
<134>2021-07-15T01:50:02Z cache-bur17583 MEWElogs[320228]: GRAY, 1626313802339939970, BUR, 13
<134>2021-07-15T01:50:13Z cache-mad22068 MEWElogs[320228]: GRAY, 1626313812212721378, MAD, 13
<134>2021-07-15T01:50:23Z cache-bur17583 MEWElogs[320228]: GRAY, 1626313823542519024, BUR, 13
<134>2021-07-15T01:50:46Z cache-mrs10583 MEWElogs[320228]: GRAY, 1626313845411706723, MRS, 13
<134>2021-07-15T01:51:11Z cache-dal21283 MEWElogs[320228]: GRAY, 1626313870935928304, DAL, 13
<134>2021-07-15T01:51:15Z cache-mrs10583 MEWElogs[320228]: GRAY, 1626313874232721195, MRS, 13
