<134>2021-07-14T22:32:36Z cache-hkg17929 MEWElogs[216063]: BLUR, 1626301955605465836, HKG, 11
<134>2021-07-14T22:32:44Z cache-mia11368 MEWElogs[216063]: BLUR, 1626301963256623282, MIA, 11
<134>2021-07-14T22:32:54Z cache-hkg17929 MEWElogs[216063]: BLUR, 1626301973156563845, HKG, 11
<134>2021-07-14T22:33:05Z cache-mci5951 MEWElogs[216063]: BLUR, 1626301985539434764, MCI, 11
<134>2021-07-14T22:33:07Z cache-stp9226 MEWElogs[216063]: BLUR, 1626301986215176119, STP, 11
<134>2021-07-14T22:33:34Z cache-lhr7382 MEWElogs[216063]: BLUR, 1626302013526105782, LHR, 11
<134>2021-07-14T22:34:23Z cache-mad22068 MEWElogs[216063]: BLUR, 1626302063284773252, MAD, 11
<134>2021-07-14T22:34:39Z cache-hkg17929 MEWElogs[216063]: BLUR, 1626302078550787880, HKG, 11
<134>2021-07-14T22:34:40Z cache-mad22068 MEWElogs[216063]: BLUR, 1626302080022042698, MAD, 11
<134>2021-07-14T22:34:56Z cache-mad22068 MEWElogs[216063]: BLUR, 1626302096346483417, MAD, 11
<134>2021-07-14T22:35:18Z cache-lhr7382 MEWElogs[216063]: BLUR, 1626302118066411875, LHR, 11
<134>2021-07-14T22:35:18Z cache-lax10677 MEWElogs[216063]: BLUR, 1626302118554108996, LGB, 11
<134>2021-07-14T22:35:29Z cache-yul12826 MEWElogs[216063]: BLUR, 1626302128907478269, YUL, 11
<134>2021-07-14T22:35:35Z cache-mel11272 MEWElogs[216063]: BLUR, 1626302134728302160, MEL, 11
<134>2021-07-14T22:35:49Z cache-hkg17929 MEWElogs[216063]: BLUR, 1626302148904151940, HKG, 11
<134>2021-07-14T22:35:55Z cache-stp9226 MEWElogs[216063]: BLUR, 1626302154123042728, STP, 11
<134>2021-07-14T22:36:13Z cache-stp9226 MEWElogs[216063]: BLUR, 1626302172772253067, STP, 11
<134>2021-07-14T22:36:32Z cache-lhr7382 MEWElogs[216063]: BLUR, 1626302191463337135, LHR, 11
<134>2021-07-14T22:38:02Z cache-lhr7382 MEWElogs[216063]: BLUR, 1626302281239850473, LHR, 11
<134>2021-07-14T22:38:09Z cache-jax20933 MEWElogs[216063]: BLUR, 1626302288586805700, JAX, 11
<134>2021-07-14T22:38:35Z cache-lax10677 MEWElogs[216063]: BLUR, 1626302314258212092, LGB, 11
<134>2021-07-14T22:40:11Z cache-yul12826 MEWElogs[216063]: BLUR, 1626302410608126653, YUL, 11
<134>2021-07-14T22:41:02Z cache-lga21983 MEWElogs[216063]: BLUR, 1626302461627123899, LGA, 11
<134>2021-07-14T22:41:50Z cache-mel11272 MEWElogs[216063]: BLUR, 1626302509162636088, MEL, 11
<134>2021-07-14T22:41:51Z cache-stp9226 MEWElogs[216063]: BLUR, 1626302510289972063, STP, 11
<134>2021-07-14T22:41:53Z cache-lga21983 MEWElogs[216063]: BLUR, 1626302513044162712, LGA, 11
