<134>2021-07-14T21:40:47Z cache-bos4657 MEWElogs[216063]: BLUR, 1626298847017641243, BOS, 11
<134>2021-07-14T21:41:02Z cache-dub4329 MEWElogs[216063]: BLUR, 1626298861624676918, DUB, 11
<134>2021-07-14T21:41:16Z cache-dub4329 MEWElogs[216063]: BLUR, 1626298875878772778, DUB, 11
<134>2021-07-14T21:41:50Z cache-bos4657 MEWElogs[216063]: BLUR, 1626298910338427788, BOS, 11
<134>2021-07-14T21:41:59Z cache-dub4329 MEWElogs[216063]: BLUR, 1626298919112202218, DUB, 11
<134>2021-07-14T21:42:22Z cache-pwk4920 MEWElogs[216063]: BLUR, 1626298942723942277, PWK, 11
<134>2021-07-14T21:42:40Z cache-chi21126 MEWElogs[216063]: BLUR, 1626298960174095427, CHI, 11
<134>2021-07-14T21:43:12Z cache-bos4657 MEWElogs[216063]: BLUR, 1626298991000096824, BOS, 11
<134>2021-07-14T21:45:03Z cache-iah17271 MEWElogs[216063]: BLUR, 1626299102171216146, IAH, 11
<134>2021-07-14T21:45:06Z cache-fra19177 MEWElogs[216063]: BLUR, 1626299105813341168, FRA, 11
<134>2021-07-14T21:45:25Z cache-cph20625 MEWElogs[216063]: BLUR, 1626299124142385209, CPH, 11
<134>2021-07-14T21:46:05Z cache-dfw18678 MEWElogs[216063]: BLUR, 1626299164874071883, DFW, 11
<134>2021-07-14T21:46:46Z cache-dfw18678 MEWElogs[216063]: BLUR, 1626299205675146064, DFW, 11
<134>2021-07-14T21:46:53Z cache-fra19177 MEWElogs[216063]: BLUR, 1626299212312998060, FRA, 11
<134>2021-07-14T21:47:33Z cache-cwb20520 MEWElogs[216063]: BLUR, 1626299252193323181, CWB, 11
<134>2021-07-14T21:47:50Z cache-den8274 MEWElogs[216063]: BLUR, 1626299269841832847, DEN, 11
<134>2021-07-14T21:48:05Z cache-dal21283 MEWElogs[216063]: BLUR, 1626299284977412815, DAL, 11
<134>2021-07-14T21:48:24Z cache-fra19177 MEWElogs[216063]: BLUR, 1626299303429872046, FRA, 11
<134>2021-07-14T21:48:37Z cache-den8274 MEWElogs[216063]: BLUR, 1626299316487778014, DEN, 11
<134>2021-07-14T21:49:06Z cache-jnb7027 MEWElogs[216063]: BLUR, 1626299345398374617, JNB, 11
<134>2021-07-14T21:49:11Z cache-lcy19283 MEWElogs[216063]: BLUR, 1626299351164342684, LCY, 11
<134>2021-07-14T21:49:54Z cache-fra19177 MEWElogs[216063]: BLUR, 1626299394759167300, FRA, 11
<134>2021-07-14T21:50:15Z cache-pwk4920 MEWElogs[216063]: BLUR, 1626299415361519319, PWK, 11
<134>2021-07-14T21:50:46Z cache-cwb20520 MEWElogs[216063]: BLUR, 1626299444941222507, CWB, 11
