<134>2021-07-15T04:47:01Z cache-lon4249 MEWElogs[322023]: ROTATE, 1626324420850788828, LON, 15
<134>2021-07-15T04:47:07Z cache-hel6829 MEWElogs[322023]: ROTATE, 1626324427688737435, HEL, 15
<134>2021-07-15T04:47:22Z cache-jnb7027 MEWElogs[322023]: ROTATE, 1626324441238783643, JNB, 15
<134>2021-07-15T04:47:55Z cache-lon4249 MEWElogs[322023]: ROTATE, 1626324474790736810, LON, 15
<134>2021-07-15T04:48:10Z cache-mad22068 MEWElogs[322023]: ROTATE, 1626324489786012569, MAD, 15
<134>2021-07-15T04:48:26Z cache-bur17583 MEWElogs[322023]: ROTATE, 1626324505729587009, BUR, 15
<134>2021-07-15T04:48:35Z cache-lcy19283 MEWElogs[322023]: ROTATE, 1626324514158784051, LCY, 15
<134>2021-07-15T04:49:19Z cache-hel6829 MEWElogs[322023]: ROTATE, 1626324558566845790, HEL, 15
<134>2021-07-15T04:49:21Z cache-iah17271 MEWElogs[322023]: ROTATE, 1626324560049144565, IAH, 15
<134>2021-07-15T04:49:26Z cache-fra19177 MEWElogs[322023]: ROTATE, 1626324565707141600, FRA, 15
<134>2021-07-15T04:49:39Z cache-mad22068 MEWElogs[322023]: ROTATE, 1626324578068488409, MAD, 15
<134>2021-07-15T04:49:51Z cache-lon4249 MEWElogs[322023]: ROTATE, 1626324590534868244, LON, 15
<134>2021-07-15T04:49:55Z cache-mad22068 MEWElogs[322023]: ROTATE, 1626324594398267991, MAD, 15
<134>2021-07-15T04:49:56Z cache-hel6829 MEWElogs[322023]: ROTATE, 1626324595809200175, HEL, 15
<134>2021-07-15T04:51:21Z cache-jnb7027 MEWElogs[322023]: ROTATE, 1626324680308159221, JNB, 15
<134>2021-07-15T04:51:40Z cache-jnb7027 MEWElogs[322023]: ROTATE, 1626324699781721013, JNB, 15
<134>2021-07-15T04:51:57Z cache-lcy19283 MEWElogs[322023]: ROTATE, 1626324717046129141, LCY, 15
<134>2021-07-15T04:52:56Z cache-jnb7027 MEWElogs[322023]: ROTATE, 1626324774825837336, JNB, 15
<134>2021-07-15T04:53:17Z cache-bur17583 MEWElogs[322023]: ROTATE, 1626324796791578345, BUR, 15
<134>2021-07-15T04:53:24Z cache-jnb7027 MEWElogs[322023]: ROTATE, 1626324802983375412, JNB, 15
<134>2021-07-15T04:53:33Z cache-jnb7027 MEWElogs[322023]: ROTATE, 1626324812299246436, JNB, 15
<134>2021-07-15T04:53:41Z cache-yul12826 MEWElogs[322023]: ROTATE, 1626324820544690436, YUL, 15
<134>2021-07-15T04:53:53Z cache-bur17583 MEWElogs[322023]: ROTATE, 1626324832580186145, BUR, 15
<134>2021-07-15T04:54:09Z cache-stp9226 MEWElogs[322023]: ROTATE, 1626324847973493780, STP, 15
<134>2021-07-15T04:54:31Z cache-iah17271 MEWElogs[322023]: ROTATE, 1626324871199705674, IAH, 15
<134>2021-07-15T04:54:44Z cache-hkg17929 MEWElogs[322023]: ROTATE, 1626324883885898574, HKG, 15
<134>2021-07-15T04:55:09Z cache-man4150 MEWElogs[322023]: ROTATE, 1626324908509482154, MAN, 15
<134>2021-07-15T04:55:40Z cache-man4150 MEWElogs[322023]: ROTATE, 1626324939683430822, MAN, 15
<134>2021-07-15T04:55:52Z cache-iah17271 MEWElogs[322023]: ROTATE, 1626324951262907230, IAH, 15
<134>2021-07-15T04:56:05Z cache-hkg17929 MEWElogs[322023]: ROTATE, 1626324964611485649, HKG, 15
<134>2021-07-15T04:56:26Z cache-dal21283 MEWElogs[322023]: ROTATE, 1626324985810756202, DAL, 15
<134>2021-07-15T04:56:27Z cache-bur17583 MEWElogs[322023]: ROTATE, 1626324987583706539, BUR, 15
