<134>2021-07-15T02:02:40Z cache-lax10677 MEWElogs[464521]: GRAY, 1626314559477954645, LGB, 13
<134>2021-07-15T02:02:56Z cache-mia11368 MEWElogs[464521]: GRAY, 1626314575734592579, MIA, 13
<134>2021-07-15T02:02:59Z cache-yul12826 MEWElogs[464521]: GRAY, 1626314578071476214, YUL, 13
<134>2021-07-15T02:03:06Z cache-mel11272 MEWElogs[464521]: GRAY, 1626314585162696580, MEL, 13
<134>2021-07-15T02:03:06Z cache-stp9226 MEWElogs[464521]: GRAY, 1626314585459630027, STP, 13
<134>2021-07-15T02:03:23Z cache-ewr18156 MEWElogs[464521]: GRAY, 1626314602791170949, EWR, 13
<134>2021-07-15T02:03:48Z cache-lga21983 MEWElogs[464521]: GRAY, 1626314628115489312, LGA, 13
<134>2021-07-15T02:04:10Z cache-lax10677 MEWElogs[464521]: GRAY, 1626314649734642800, LGB, 13
<134>2021-07-15T02:04:24Z cache-gig17035 MEWElogs[464521]: GRAY, 1626314663459101332, GIG, 13
<134>2021-07-15T02:04:25Z cache-ewr18156 MEWElogs[464521]: GRAY, 1626314665743935840, EWR, 13
<134>2021-07-15T02:04:26Z cache-yul12826 MEWElogs[464521]: GRAY, 1626314666111319271, YUL, 13
<134>2021-07-15T02:04:26Z cache-jax20933 MEWElogs[464521]: GRAY, 1626314666508498154, JAX, 13
<134>2021-07-15T02:04:44Z cache-scl19427 MEWElogs[464521]: GRAY, 1626314684537396224, SCL, 13
<134>2021-07-15T02:04:45Z cache-jax20933 MEWElogs[464521]: GRAY, 1626314684389286924, JAX, 13
<134>2021-07-15T02:04:46Z cache-lax10677 MEWElogs[464521]: GRAY, 1626314685086302290, LGB, 13
<134>2021-07-15T02:04:47Z cache-lga21983 MEWElogs[464521]: GRAY, 1626314686827979272, LGA, 13
<134>2021-07-15T02:05:09Z cache-osl6529 MEWElogs[464521]: GRAY, 1626314708596765974, OSL, 13
<134>2021-07-15T02:05:12Z cache-jax20933 MEWElogs[464521]: GRAY, 1626314711193851995, JAX, 13
<134>2021-07-15T02:05:19Z cache-gig17035 MEWElogs[464521]: GRAY, 1626314718369603389, GIG, 13
<134>2021-07-15T02:05:35Z cache-scl19427 MEWElogs[464521]: GRAY, 1626314734880750654, SCL, 13
<134>2021-07-15T02:05:41Z cache-lax10677 MEWElogs[464521]: GRAY, 1626314740498268185, LGB, 13
<134>2021-07-15T02:05:47Z cache-mel11272 MEWElogs[464521]: GRAY, 1626314747494201899, MEL, 13
<134>2021-07-15T02:06:01Z cache-osl6529 MEWElogs[464521]: GRAY, 1626314759988714977, OSL, 13
<134>2021-07-15T02:06:08Z cache-cdg20720 MEWElogs[464521]: GRAY, 1626314767768510585, CDG, 13
<134>2021-07-15T02:06:23Z cache-gig17035 MEWElogs[464521]: GRAY, 1626314783010394938, GIG, 13
<134>2021-07-15T02:06:27Z cache-yul12826 MEWElogs[464521]: GRAY, 1626314786181003485, YUL, 13
<134>2021-07-15T02:06:42Z cache-lga21983 MEWElogs[464521]: GRAY, 1626314802250795008, LGA, 13
<134>2021-07-15T02:06:43Z cache-lax10677 MEWElogs[464521]: GRAY, 1626314803177286177, LGB, 13
<134>2021-07-15T02:06:47Z cache-cdg20720 MEWElogs[464521]: GRAY, 1626314806673617181, CDG, 13
<134>2021-07-15T02:07:09Z cache-jax20933 MEWElogs[464521]: GRAY, 1626314828173608929, JAX, 13
<134>2021-07-15T02:07:26Z cache-ewr18156 MEWElogs[464521]: GRAY, 1626314845826987971, EWR, 13
<134>2021-07-15T02:07:50Z cache-ewr18156 MEWElogs[464521]: GRAY, 1626314870202233660, EWR, 13
<134>2021-07-15T02:07:51Z cache-osl6529 MEWElogs[464521]: GRAY, 1626314870790662393, OSL, 13
<134>2021-07-15T02:08:09Z cache-ewr18156 MEWElogs[464521]: GRAY, 1626314888470804762, EWR, 13
<134>2021-07-15T02:08:12Z cache-gig17035 MEWElogs[464521]: GRAY, 1626314891935477182, GIG, 13
<134>2021-07-15T02:08:15Z cache-osl6529 MEWElogs[464521]: GRAY, 1626314894074165523, OSL, 13
<134>2021-07-15T02:08:21Z cache-ewr18156 MEWElogs[464521]: GRAY, 1626314900575024373, EWR, 13
<134>2021-07-15T02:08:21Z cache-lga21983 MEWElogs[464521]: GRAY, 1626314901249554218, LGA, 13
<134>2021-07-15T02:08:29Z cache-osl6529 MEWElogs[464521]: GRAY, 1626314908486346230, OSL, 13
<134>2021-07-15T02:08:34Z cache-osl6529 MEWElogs[464521]: GRAY, 1626314913047568436, OSL, 13
<134>2021-07-15T02:09:03Z cache-scl19427 MEWElogs[464521]: GRAY, 1626314942824508070, SCL, 13
<134>2021-07-15T02:09:16Z cache-ewr18156 MEWElogs[464521]: GRAY, 1626314955199240619, EWR, 13
<134>2021-07-15T02:09:19Z cache-scl19427 MEWElogs[464521]: GRAY, 1626314959603570530, SCL, 13
<134>2021-07-15T02:09:33Z cache-mel11272 MEWElogs[464521]: GRAY, 1626314972346678536, MEL, 13
<134>2021-07-15T02:09:37Z cache-cdg20720 MEWElogs[464521]: GRAY, 1626314976528025343, CDG, 13
<134>2021-07-15T02:09:54Z cache-gig17035 MEWElogs[464521]: GRAY, 1626314993351860683, GIG, 13
<134>2021-07-15T02:09:59Z cache-lga21983 MEWElogs[464521]: GRAY, 1626314998932634304, LGA, 13
<134>2021-07-15T02:10:04Z cache-cdg20720 MEWElogs[464521]: GRAY, 1626315003584323479, CDG, 13
<134>2021-07-15T02:10:09Z cache-gig17035 MEWElogs[464521]: GRAY, 1626315008963505224, GIG, 13
<134>2021-07-15T02:10:26Z cache-cdg20720 MEWElogs[464521]: GRAY, 1626315025436030381, CDG, 13
<134>2021-07-15T02:10:50Z cache-stl4834 MEWElogs[464521]: GRAY, 1626315049961384681, STL, 13
<134>2021-07-15T02:11:04Z cache-hnd18722 MEWElogs[464521]: GRAY, 1626315063750830472, HND, 13
<134>2021-07-15T02:11:05Z cache-gig17035 MEWElogs[464521]: GRAY, 1626315064066414042, GIG, 13
<134>2021-07-15T02:11:13Z cache-gig17035 MEWElogs[464521]: GRAY, 1626315072028053773, GIG, 13
<134>2021-07-15T02:11:14Z cache-osl6529 MEWElogs[464521]: GRAY, 1626315074464607659, OSL, 13
<134>2021-07-15T02:11:32Z cache-gru17149 MEWElogs[464521]: GRAY, 1626315091122920686, GRU, 13
<134>2021-07-15T02:11:38Z cache-ewr18156 MEWElogs[464521]: GRAY, 1626315097925482812, EWR, 13
<134>2021-07-15T02:11:54Z cache-cdg20720 MEWElogs[464521]: GRAY, 1626315113799012451, CDG, 13
<134>2021-07-15T02:12:16Z cache-bom4751 MEWElogs[464521]: GRAY, 1626315135561722318, BOM, 13
<134>2021-07-15T02:12:33Z cache-ewr18156 MEWElogs[464521]: GRAY, 1626315153069137429, EWR, 13
<134>2021-07-15T02:12:35Z cache-gru17149 MEWElogs[464521]: GRAY, 1626315154462997615, GRU, 13
