<134>2021-07-15T06:03:36Z cache-vie21629 MEWElogs[21956]: ROTATE, 1626329015858857784, VIE, 15
<134>2021-07-15T06:09:09Z cache-dca17782 MEWElogs[21956]: UNSH, 1626329348555313805, DCA, 16
<134>2021-07-15T06:10:01Z cache-ams21020 MEWElogs[21956]: UNSH, 1626329400140869534, AMS, 16
<134>2021-07-15T06:10:07Z cache-dca17782 MEWElogs[21956]: UNSH, 1626329406735456489, DCA, 16
<134>2021-07-15T06:10:12Z cache-wdc5583 MEWElogs[21956]: UNSH, 1626329411490219324, WDC, 16
<134>2021-07-15T06:10:14Z cache-pdk17882 MEWElogs[21956]: UNSH, 1626329413359470144, PDK, 16
<134>2021-07-15T06:10:43Z cache-wdc5583 MEWElogs[21956]: UNSH, 1626329442189536231, WDC, 16
<134>2021-07-15T06:10:53Z cache-wdc5583 MEWElogs[21956]: UNSH, 1626329452846810765, WDC, 16
<134>2021-07-15T06:11:04Z cache-wdc5583 MEWElogs[21956]: UNSH, 1626329463469492852, WDC, 16
<134>2021-07-15T06:11:08Z cache-pdk17882 MEWElogs[21956]: UNSH, 1626329468822328792, PDK, 16
<134>2021-07-15T06:11:22Z cache-mdw17383 MEWElogs[21956]: UNSH, 1626329481626237420, MDW, 16
<134>2021-07-15T06:11:35Z cache-wdc5583 MEWElogs[21956]: UNSH, 1626329494965038002, WDC, 16
<134>2021-07-15T06:11:46Z cache-maa10251 MEWElogs[21956]: UNSH, 1626329506323874347, MAA, 16
<134>2021-07-15T06:12:06Z cache-bog6425 MEWElogs[21956]: UNSH, 1626329524971014804, BOG, 16
<134>2021-07-15T06:12:07Z cache-cmh21547 MEWElogs[21956]: UNSH, 1626329527049067752, CMH, 16
<134>2021-07-15T06:12:19Z cache-cmh21547 MEWElogs[21956]: UNSH, 1626329538037091736, CMH, 16
<134>2021-07-15T06:12:21Z cache-cph20625 MEWElogs[21956]: UNSH, 1626329540379874964, CPH, 16
<134>2021-07-15T06:12:22Z cache-dca17782 MEWElogs[21956]: UNSH, 1626329541354355260, DCA, 16
<134>2021-07-15T06:12:29Z cache-mdw17383 MEWElogs[21956]: UNSH, 1626329549467084745, MDW, 16
<134>2021-07-15T06:13:03Z cache-cmh21547 MEWElogs[21956]: UNSH, 1626329582485116235, CMH, 16
<134>2021-07-15T06:13:03Z cache-cph20625 MEWElogs[21956]: UNSH, 1626329582602058197, CPH, 16
<134>2021-07-15T06:13:12Z cache-ord1740 MEWElogs[21956]: UNSH, 1626329591500582421, ORD, 16
