<134>2021-07-14T17:23:10Z cache-mci5951 MEWElogs[370074]: FLIPH, 1626283389512812991, MCI, 10
<134>2021-07-14T17:23:28Z cache-mad22068 MEWElogs[370074]: FLIPH, 1626283408277003961, MAD, 10
<134>2021-07-14T17:23:34Z cache-lhr7382 MEWElogs[370074]: FLIPH, 1626283413259545424, LHR, 10
<134>2021-07-14T17:23:35Z cache-lax10677 MEWElogs[370074]: FLIPH, 1626283414855349534, LGB, 10
<134>2021-07-14T17:24:03Z cache-mad22068 MEWElogs[370074]: FLIPH, 1626283441967061473, MAD, -1
<134>2021-07-14T17:24:33Z cache-lhr7382 MEWElogs[370074]: FLIPH, 1626283472646652206, LHR, -1
<134>2021-07-14T17:24:42Z cache-jax20933 MEWElogs[370074]: FLIPH, 1626283481906298727, JAX, 10
<134>2021-07-14T17:24:45Z cache-stp9226 MEWElogs[370074]: FLIPH, 1626283485389826690, STP, -1
<134>2021-07-14T17:24:50Z cache-jax20933 MEWElogs[370074]: FLIPH, 1626283489257812575, JAX, -1
<134>2021-07-14T17:25:12Z cache-lhr7382 MEWElogs[370074]: FLIPH, 1626283511412117896, LHR, 10
<134>2021-07-14T17:25:19Z cache-stp9226 MEWElogs[370074]: FLIPH, 1626283518486824007, STP, -1
<134>2021-07-14T17:25:25Z cache-jax20933 MEWElogs[370074]: FLIPH, 1626283524817812893, JAX, -1
<134>2021-07-14T17:26:03Z cache-lax10677 MEWElogs[370074]: FLIPH, 1626283562475940100, LGB, -1
<134>2021-07-14T17:26:34Z cache-yul12826 MEWElogs[370074]: FLIPH, 1626283594425721549, YUL, 10
<134>2021-07-14T17:26:43Z cache-mci5951 MEWElogs[370074]: FLIPH, 1626283602518349137, MCI, 10
<134>2021-07-14T17:26:45Z cache-stp9226 MEWElogs[370074]: FLIPH, 1626283605372817431, STP, -1
<134>2021-07-14T17:26:48Z cache-jax20933 MEWElogs[370074]: FLIPH, 1626283607855570978, JAX, -1
<134>2021-07-14T17:26:57Z cache-lhr7382 MEWElogs[370074]: FLIPH, 1626283617058731692, LHR, 10
<134>2021-07-14T17:27:23Z cache-mad22068 MEWElogs[370074]: FLIPH, 1626283643094262886, MAD, -1
<134>2021-07-14T17:27:24Z cache-lhr7382 MEWElogs[370074]: FLIPH, 1626283643346505177, LHR, 10
<134>2021-07-14T17:27:33Z cache-mad22068 MEWElogs[370074]: FLIPH, 1626283652609605217, MAD, -1
<134>2021-07-14T17:27:35Z cache-mia11368 MEWElogs[370074]: FLIPH, 1626283654826193219, MIA, -1
<134>2021-07-14T17:27:51Z cache-lhr7382 MEWElogs[370074]: FLIPH, 1626283670239179621, LHR, 10
<134>2021-07-14T17:27:55Z cache-yul12826 MEWElogs[370074]: FLIPH, 1626283674815853051, YUL, -1
<134>2021-07-14T17:28:08Z cache-lhr7382 MEWElogs[370074]: FLIPH, 1626283687948859724, LHR, 10
<134>2021-07-14T17:28:17Z cache-lhr7382 MEWElogs[370074]: FLIPH, 1626283696877815726, LHR, 10
<134>2021-07-14T17:28:26Z cache-lhr7382 MEWElogs[370074]: FLIPH, 1626283705627738631, LHR, 10
<134>2021-07-14T17:28:31Z cache-yul12826 MEWElogs[370074]: FLIPH, 1626283711388520662, YUL, -1
<134>2021-07-14T17:28:42Z cache-mrs10583 MEWElogs[370074]: FLIPH, 1626283721645152790, MRS, 10
<134>2021-07-14T17:28:52Z cache-lhr7382 MEWElogs[370074]: FLIPH, 1626283732063666657, LHR, 10
<134>2021-07-14T17:29:04Z cache-mci5951 MEWElogs[370074]: FLIPH, 1626283743697071025, MCI, 10
<134>2021-07-14T17:29:26Z cache-man4150 MEWElogs[370074]: FLIPH, 1626283765117177173, MAN, -1
<134>2021-07-14T17:29:33Z cache-man4150 MEWElogs[370074]: FLIPH, 1626283773315502957, MAN, -1
<134>2021-07-14T17:29:36Z cache-man4150 MEWElogs[370074]: FLIPH, 1626283776183080046, MAN, 10
<134>2021-07-14T17:29:39Z cache-mia11368 MEWElogs[370074]: FLIPH, 1626283779550804270, MIA, 10
<134>2021-07-14T17:29:50Z cache-man4150 MEWElogs[370074]: FLIPH, 1626283789881930577, MAN, -1
<134>2021-07-14T17:30:07Z cache-mia11368 MEWElogs[370074]: FLIPH, 1626283806450283268, MIA, -1
<134>2021-07-14T17:30:21Z cache-hkg17929 MEWElogs[370074]: FLIPH, 1626283821136612783, HKG, -1
<134>2021-07-14T17:30:23Z cache-jax20933 MEWElogs[370074]: FLIPH, 1626283823278920567, JAX, -1
<134>2021-07-14T17:30:34Z cache-yul12826 MEWElogs[370074]: FLIPH, 1626283834198920407, YUL, 10
<134>2021-07-14T17:30:34Z cache-mel11272 MEWElogs[370074]: FLIPH, 1626283833954412218, MEL, 10
<134>2021-07-14T17:30:43Z cache-lax10677 MEWElogs[370074]: FLIPH, 1626283843059697922, LGB, 10
<134>2021-07-14T17:31:02Z cache-mel11272 MEWElogs[370074]: FLIPH, 1626283861927677647, MEL, -1
<134>2021-07-14T17:31:27Z cache-yul12826 MEWElogs[370074]: FLIPH, 1626283886796220093, YUL, -1
<134>2021-07-14T17:31:32Z cache-mia11368 MEWElogs[370074]: FLIPH, 1626283891551623726, MIA, 10
<134>2021-07-14T17:31:37Z cache-man4150 MEWElogs[370074]: FLIPH, 1626283897743017658, MAN, -1
<134>2021-07-14T17:31:49Z cache-mia11368 MEWElogs[370074]: FLIPH, 1626283908570752862, MIA, -1
<134>2021-07-14T17:32:07Z cache-lga21983 MEWElogs[370074]: FLIPH, 1626283927376643299, LGA, 10
<134>2021-07-14T17:32:26Z cache-stp9226 MEWElogs[370074]: FLIPH, 1626283945559658981, STP, 10
<134>2021-07-14T17:32:39Z cache-man4150 MEWElogs[370074]: FLIPH, 1626283958553936640, MAN, 10
<134>2021-07-14T17:32:47Z cache-lga21983 MEWElogs[370074]: FLIPH, 1626283966700890610, LGA, 10
<134>2021-07-14T17:32:53Z cache-lax10677 MEWElogs[370074]: FLIPH, 1626283972535834368, LGB, 10
