<134>2021-07-14T16:43:03Z cache-maa10251 MEWElogs[326955]: FLIPH, 1626280983778104983, MAA, -1
<134>2021-07-14T16:43:18Z cache-bos4657 MEWElogs[326955]: FLIPH, 1626280998618753217, BOS, -1
<134>2021-07-14T16:44:23Z cache-dfw18678 MEWElogs[326955]: FLIPH, 1626281062021537091, DFW, 10
<134>2021-07-14T16:44:27Z cache-cmh21547 MEWElogs[326955]: FLIPH, 1626281066287699614, CMH, -1
<134>2021-07-14T16:44:51Z cache-fty21383 MEWElogs[326955]: FLIPH, 1626281090717211790, FTY, 10
<134>2021-07-14T16:45:02Z cache-bos4657 MEWElogs[326955]: FLIPH, 1626281101667276618, BOS, 10
<134>2021-07-14T16:45:02Z cache-del21735 MEWElogs[326955]: FLIPH, 1626281101297446341, DEL, 10
<134>2021-07-14T16:45:26Z cache-bos4657 MEWElogs[326955]: FLIPH, 1626281125893001302, BOS, -1
<134>2021-07-14T16:46:00Z cache-cph20625 MEWElogs[326955]: FLIPH, 1626281160046188136, CPH, -1
<134>2021-07-14T16:46:14Z cache-dfw18678 MEWElogs[326955]: FLIPH, 1626281173975190804, DFW, 10
<134>2021-07-14T16:46:18Z cache-del21735 MEWElogs[326955]: FLIPH, 1626281177236939169, DEL, 10
<134>2021-07-14T16:46:24Z cache-del21735 MEWElogs[326955]: FLIPH, 1626281183846744182, DEL, -1
<134>2021-07-14T16:46:47Z cache-dfw18678 MEWElogs[326955]: FLIPH, 1626281206901493244, DFW, 10
<134>2021-07-14T16:46:55Z cache-chi21126 MEWElogs[326955]: FLIPH, 1626281214172029336, CHI, 10
<134>2021-07-14T16:47:07Z cache-cph20625 MEWElogs[326955]: FLIPH, 1626281226479469360, CPH, -1
<134>2021-07-14T16:47:08Z cache-fty21383 MEWElogs[326955]: FLIPH, 1626281228677761973, FTY, -1
<134>2021-07-14T16:47:14Z cache-del21735 MEWElogs[326955]: FLIPH, 1626281233954655273, DEL, 10
<134>2021-07-14T16:47:16Z cache-dub4329 MEWElogs[326955]: FLIPH, 1626281235980720391, DUB, -1
<134>2021-07-14T16:47:34Z cache-fty21383 MEWElogs[326955]: FLIPH, 1626281253484753141, FTY, -1
<134>2021-07-14T16:48:00Z cache-del21735 MEWElogs[326955]: FLIPH, 1626281278877278489, DEL, -1
<134>2021-07-14T16:48:02Z cache-cph20625 MEWElogs[326955]: FLIPH, 1626281281949034254, CPH, -1
<134>2021-07-14T16:48:10Z cache-bos4657 MEWElogs[326955]: FLIPH, 1626281289579056997, BOS, -1
<134>2021-07-14T16:48:14Z cache-dfw18678 MEWElogs[326955]: FLIPH, 1626281293441937502, DFW, -1
<134>2021-07-14T16:48:25Z cache-dfw18678 MEWElogs[326955]: FLIPH, 1626281304744563828, DFW, -1
<134>2021-07-14T16:48:30Z cache-del21735 MEWElogs[326955]: FLIPH, 1626281309632364959, DEL, 10
<134>2021-07-14T16:48:36Z cache-dfw18678 MEWElogs[326955]: FLIPH, 1626281315814934855, DFW, -1
<134>2021-07-14T16:48:46Z cache-pwk4920 MEWElogs[326955]: FLIPH, 1626281325806144474, PWK, -1
<134>2021-07-14T16:48:49Z cache-fty21383 MEWElogs[326955]: FLIPH, 1626281328949117027, FTY, -1
<134>2021-07-14T16:48:58Z cache-del21735 MEWElogs[326955]: FLIPH, 1626281337467818142, DEL, 10
<134>2021-07-14T16:49:07Z cache-del21735 MEWElogs[326955]: FLIPH, 1626281346882275541, DEL, 10
<134>2021-07-14T16:49:24Z cache-dfw18678 MEWElogs[326955]: FLIPH, 1626281364880378110, DFW, 10
<134>2021-07-14T16:49:26Z cache-pwk4920 MEWElogs[326955]: FLIPH, 1626281366079420418, PWK, -1
<134>2021-07-14T16:50:12Z cache-hhn4077 MEWElogs[326955]: FLIPH, 1626281411557929777, HHN, -1
<134>2021-07-14T16:50:15Z cache-hhn4077 MEWElogs[326955]: FLIPH, 1626281415296744720, HHN, 10
<134>2021-07-14T16:50:19Z cache-pwk4920 MEWElogs[326955]: FLIPH, 1626281419216565180, PWK, 10
<134>2021-07-14T16:50:36Z cache-hhn4077 MEWElogs[326955]: FLIPH, 1626281435105369053, HHN, -1
<134>2021-07-14T16:51:00Z cache-cph20625 MEWElogs[326955]: FLIPH, 1626281459864897568, CPH, -1
<134>2021-07-14T16:51:43Z cache-hhn4077 MEWElogs[326955]: FLIPH, 1626281502944570579, HHN, -1
<134>2021-07-14T16:51:49Z cache-chi21126 MEWElogs[326955]: FLIPH, 1626281508468604389, CHI, 10
<134>2021-07-14T16:51:56Z cache-bos4657 MEWElogs[326955]: FLIPH, 1626281515257451685, BOS, -1
<134>2021-07-14T16:52:13Z cache-del21735 MEWElogs[326955]: FLIPH, 1626281532479775205, DEL, 10
<134>2021-07-14T16:52:19Z cache-pwk4920 MEWElogs[326955]: FLIPH, 1626281539616939019, PWK, 10
<134>2021-07-14T16:52:32Z cache-akl10324 MEWElogs[326955]: FLIPH, 1626281551485665008, AKL, 10
<134>2021-07-14T16:52:52Z cache-del21735 MEWElogs[326955]: FLIPH, 1626281571557000591, DEL, -1
