<134>2021-07-15T00:31:42Z cache-maa10251 MEWElogs[320228]: CROP, 1626309101549908076, MAA, 12
<134>2021-07-15T00:31:44Z cache-eze19324 MEWElogs[320228]: CROP, 1626309103455824589, EZE, 12
<134>2021-07-15T00:31:48Z cache-eze19324 MEWElogs[320228]: CROP, 1626309108613047671, EZE, 12
<134>2021-07-15T00:31:54Z cache-wdc5583 MEWElogs[320228]: CROP, 1626309114295101261, WDC, 12
<134>2021-07-15T00:32:24Z cache-maa10251 MEWElogs[320228]: CROP, 1626309143286711340, MAA, 12
<134>2021-07-15T00:32:48Z cache-bog6425 MEWElogs[320228]: CROP, 1626309167954267584, BOG, 12
<134>2021-07-15T00:32:50Z cache-pdk17882 MEWElogs[320228]: CROP, 1626309170221321393, PDK, 12
<134>2021-07-15T00:32:50Z cache-eze19324 MEWElogs[320228]: CROP, 1626309170289312218, EZE, 12
<134>2021-07-15T00:32:56Z cache-eze19324 MEWElogs[320228]: CROP, 1626309175645375919, EZE, 12
<134>2021-07-15T00:33:02Z cache-pdk17882 MEWElogs[320228]: CROP, 1626309181041108760, PDK, 12
<134>2021-07-15T00:33:06Z cache-eze19324 MEWElogs[320228]: CROP, 1626309185876897789, EZE, 12
<134>2021-07-15T00:33:31Z cache-eze19324 MEWElogs[320228]: CROP, 1626309211079798781, EZE, 12
<134>2021-07-15T00:33:34Z cache-pdk17882 MEWElogs[320228]: CROP, 1626309213917537697, PDK, 12
<134>2021-07-15T00:33:41Z cache-wdc5583 MEWElogs[320228]: CROP, 1626309220258583095, WDC, 12
<134>2021-07-15T00:33:48Z cache-cmh21547 MEWElogs[320228]: CROP, 1626309227211007965, CMH, 12
<134>2021-07-15T00:33:50Z cache-ord1740 MEWElogs[320228]: CROP, 1626309229441277649, ORD, 12
<134>2021-07-15T00:33:52Z cache-eze19324 MEWElogs[320228]: CROP, 1626309231492085342, EZE, 12
<134>2021-07-15T00:33:54Z cache-cph20625 MEWElogs[320228]: CROP, 1626309233144218997, CPH, 12
<134>2021-07-15T00:34:07Z cache-bog6425 MEWElogs[320228]: CROP, 1626309247663722668, BOG, 12
<134>2021-07-15T00:34:10Z cache-dca17782 MEWElogs[320228]: CROP, 1626309250377943376, DCA, 12
<134>2021-07-15T00:34:30Z cache-bog6425 MEWElogs[320228]: CROP, 1626309269312633543, BOG, 12
<134>2021-07-15T00:34:38Z cache-eze19324 MEWElogs[320228]: CROP, 1626309278065110153, EZE, 12
<134>2021-07-15T00:34:41Z cache-cmh21547 MEWElogs[320228]: CROP, 1626309280687326437, CMH, 12
<134>2021-07-15T00:34:42Z cache-bog6425 MEWElogs[320228]: CROP, 1626309281980659699, BOG, 12
<134>2021-07-15T00:34:45Z cache-wdc5583 MEWElogs[320228]: CROP, 1626309284492826107, WDC, 12
<134>2021-07-15T00:34:57Z cache-cmh21547 MEWElogs[320228]: CROP, 1626309296577586816, CMH, 12
<134>2021-07-15T00:35:17Z cache-cmh21547 MEWElogs[320228]: CROP, 1626309317616386484, CMH, 12
<134>2021-07-15T00:35:34Z cache-dfw18678 MEWElogs[320228]: CROP, 1626309333204404337, DFW, 12
<134>2021-07-15T00:35:38Z cache-mdw17383 MEWElogs[320228]: CROP, 1626309337253041982, MDW, 12
<134>2021-07-15T00:35:39Z cache-fty21383 MEWElogs[320228]: CROP, 1626309338088052878, FTY, 12
<134>2021-07-15T00:36:10Z cache-dfw18678 MEWElogs[320228]: CROP, 1626309369764142618, DFW, 12
<134>2021-07-15T00:36:24Z cache-dfw18678 MEWElogs[320228]: CROP, 1626309384120448809, DFW, 12
<134>2021-07-15T00:36:40Z cache-cph20625 MEWElogs[320228]: CROP, 1626309399627834852, CPH, 12
<134>2021-07-15T00:36:45Z cache-bos4657 MEWElogs[320228]: CROP, 1626309404393681762, BOS, 12
<134>2021-07-15T00:36:53Z cache-cph20625 MEWElogs[320228]: CROP, 1626309412746040208, CPH, 12
<134>2021-07-15T00:36:58Z cache-cph20625 MEWElogs[320228]: CROP, 1626309417005894222, CPH, 12
<134>2021-07-15T00:37:03Z cache-bos4657 MEWElogs[320228]: CROP, 1626309423257079173, BOS, 12
<134>2021-07-15T00:37:14Z cache-chi21126 MEWElogs[320228]: CROP, 1626309434126733421, CHI, 12
<134>2021-07-15T00:37:59Z cache-fty21383 MEWElogs[320228]: CROP, 1626309478264597473, FTY, 12
<134>2021-07-15T00:38:00Z cache-hel6829 MEWElogs[320228]: CROP, 1626309479242633258, HEL, 12
<134>2021-07-15T00:38:07Z cache-dub4329 MEWElogs[320228]: CROP, 1626309486044933509, DUB, 12
<134>2021-07-15T00:38:22Z cache-dub4329 MEWElogs[320228]: CROP, 1626309500977981023, DUB, 12
<134>2021-07-15T00:38:25Z cache-dub4329 MEWElogs[320228]: CROP, 1626309503947143165, DUB, 12
<134>2021-07-15T00:38:29Z cache-hel6829 MEWElogs[320228]: CROP, 1626309508678973034, HEL, 12
<134>2021-07-15T00:38:33Z cache-del21735 MEWElogs[320228]: CROP, 1626309512496242249, DEL, 12
<134>2021-07-15T00:38:42Z cache-dub4329 MEWElogs[320228]: CROP, 1626309521483443745, DUB, 12
<134>2021-07-15T00:38:49Z cache-fty21383 MEWElogs[320228]: CROP, 1626309528318357910, FTY, 12
<134>2021-07-15T00:38:57Z cache-dub4329 MEWElogs[320228]: CROP, 1626309536047064089, DUB, 12
<134>2021-07-15T00:39:05Z cache-dub4329 MEWElogs[320228]: CROP, 1626309544777533769, DUB, 12
<134>2021-07-15T00:39:34Z cache-chi21126 MEWElogs[320228]: CROP, 1626309573733376638, CHI, 12
<134>2021-07-15T00:39:38Z cache-pwk4920 MEWElogs[320228]: CROP, 1626309578063393870, PWK, 12
<134>2021-07-15T00:39:42Z cache-chi21126 MEWElogs[320228]: CROP, 1626309582033560826, CHI, 12
<134>2021-07-15T00:39:50Z cache-chi21126 MEWElogs[320228]: CROP, 1626309590291316511, CHI, 12
<134>2021-07-15T00:40:01Z cache-dub4329 MEWElogs[320228]: CROP, 1626309600875670608, DUB, 12
<134>2021-07-15T00:40:02Z cache-chi21126 MEWElogs[320228]: CROP, 1626309602546228649, CHI, 12
<134>2021-07-15T00:40:26Z cache-akl10324 MEWElogs[320228]: CROP, 1626309624950649025, AKL, 12
<134>2021-07-15T00:40:35Z cache-hel6829 MEWElogs[320228]: CROP, 1626309634755585805, HEL, 12
<134>2021-07-15T00:40:36Z cache-chi21126 MEWElogs[320228]: CROP, 1626309636459949459, CHI, 12
<134>2021-07-15T00:41:00Z cache-pwk4920 MEWElogs[320228]: CROP, 1626309659600356496, PWK, 12
<134>2021-07-15T00:41:03Z cache-dub4329 MEWElogs[320228]: CROP, 1626309662604507117, DUB, 12
<134>2021-07-15T00:41:31Z cache-cwb20520 MEWElogs[320228]: CROP, 1626309690440571565, CWB, 12
