<134>2021-07-15T06:11:11Z cache-mdw17383 MEWElogs[320228]: UNSH, 1626329470247291113, MDW, 16
<134>2021-07-15T06:11:46Z cache-cmh21547 MEWElogs[320228]: UNSH, 1626329505081624080, CMH, 16
<134>2021-07-15T06:12:10Z cache-ams21020 MEWElogs[320228]: UNSH, 1626329529062357752, AMS, 16
<134>2021-07-15T06:12:12Z cache-dca17782 MEWElogs[320228]: UNSH, 1626329531706633872, DCA, 16
<134>2021-07-15T06:12:13Z cache-pdk17882 MEWElogs[320228]: UNSH, 1626329533508006823, PDK, 16
<134>2021-07-15T06:13:16Z cache-maa10251 MEWElogs[320228]: UNSH, 1626329596074384632, MAA, 16
<134>2021-07-15T06:13:41Z cache-wdc5583 MEWElogs[320228]: UNSH, 1626329620624830511, WDC, 16
<134>2021-07-15T06:13:47Z cache-cmh21547 MEWElogs[320228]: UNSH, 1626329626540323803, CMH, 16
<134>2021-07-15T06:13:55Z cache-maa10251 MEWElogs[320228]: UNSH, 1626329634755904829, MAA, 16
<134>2021-07-15T06:14:20Z cache-mdw17383 MEWElogs[320228]: UNSH, 1626329659012908479, MDW, 16
<134>2021-07-15T06:14:33Z cache-ams21020 MEWElogs[320228]: UNSH, 1626329672263889634, AMS, 16
<134>2021-07-15T06:15:06Z cache-ams21020 MEWElogs[320228]: UNSH, 1626329705743989161, AMS, 16
<134>2021-07-15T06:15:16Z cache-cmh21547 MEWElogs[320228]: UNSH, 1626329715326584080, CMH, 16
<134>2021-07-15T06:15:23Z cache-bog6425 MEWElogs[320228]: UNSH, 1626329722826933551, BOG, 16
<134>2021-07-15T06:15:24Z cache-dca17782 MEWElogs[320228]: UNSH, 1626329723650669951, DCA, 16
<134>2021-07-15T06:15:45Z cache-wdc5583 MEWElogs[320228]: UNSH, 1626329745431911705, WDC, 16
<134>2021-07-15T06:15:59Z cache-cmh21547 MEWElogs[320228]: UNSH, 1626329759308388842, CMH, 16
<134>2021-07-15T06:16:13Z cache-maa10251 MEWElogs[320228]: UNSH, 1626329772636074595, MAA, 16
<134>2021-07-15T06:17:22Z cache-maa10251 MEWElogs[320228]: UNSH, 1626329841311865614, MAA, 16
<134>2021-07-15T06:18:24Z cache-mdw17383 MEWElogs[320228]: UNSH, 1626329903055368550, MDW, 16
<134>2021-07-15T06:18:32Z cache-pdk17882 MEWElogs[320228]: UNSH, 1626329911508620738, PDK, 16
<134>2021-07-15T06:19:04Z cache-ams21020 MEWElogs[320228]: UNSH, 1626329943995884176, AMS, 16
<134>2021-07-15T06:19:20Z cache-maa10251 MEWElogs[320228]: UNSH, 1626329959605593511, MAA, 16
<134>2021-07-15T06:19:22Z cache-ams21020 MEWElogs[320228]: UNSH, 1626329960939304163, AMS, 16
<134>2021-07-15T06:19:30Z cache-mdw17383 MEWElogs[320228]: UNSH, 1626329969589217122, MDW, 16
<134>2021-07-15T06:19:36Z cache-pdk17882 MEWElogs[320228]: UNSH, 1626329975822115492, PDK, 16
<134>2021-07-15T06:19:51Z cache-cmh21547 MEWElogs[320228]: UNSH, 1626329991157583949, CMH, 16
<134>2021-07-15T06:20:40Z cache-pdk17882 MEWElogs[320228]: UNSH, 1626330040224888783, PDK, 16
