<134>2021-07-15T02:02:09Z cache-man4150 MEWElogs[46369]: GRAY, 1626314528638992558, MAN, 13
<134>2021-07-15T02:02:23Z cache-man4150 MEWElogs[46369]: GRAY, 1626314542783138981, MAN, 13
<134>2021-07-15T02:02:28Z cache-man4150 MEWElogs[46369]: GRAY, 1626314547553612296, MAN, 13
<134>2021-07-15T02:02:33Z cache-ewr18156 MEWElogs[46369]: GRAY, 1626314553081644431, EWR, 13
<134>2021-07-15T02:02:49Z cache-lga21983 MEWElogs[46369]: GRAY, 1626314568370380695, LGA, 13
<134>2021-07-15T02:02:51Z cache-yul12826 MEWElogs[46369]: GRAY, 1626314571299068116, YUL, 13
<134>2021-07-15T02:03:28Z cache-lga21983 MEWElogs[46369]: GRAY, 1626314607978154611, LGA, 13
<134>2021-07-15T02:03:34Z cache-jax20933 MEWElogs[46369]: GRAY, 1626314613182064380, JAX, 13
<134>2021-07-15T02:03:35Z cache-lax10677 MEWElogs[46369]: GRAY, 1626314615065152994, LGB, 13
<134>2021-07-15T02:04:00Z cache-jax20933 MEWElogs[46369]: GRAY, 1626314639914825003, JAX, 13
<134>2021-07-15T02:04:13Z cache-ewr18156 MEWElogs[46369]: GRAY, 1626314653253979178, EWR, 13
<134>2021-07-15T02:04:18Z cache-jax20933 MEWElogs[46369]: GRAY, 1626314657517870389, JAX, 13
<134>2021-07-15T02:04:32Z cache-lax10677 MEWElogs[46369]: GRAY, 1626314671013915576, LGB, 13
<134>2021-07-15T02:04:39Z cache-lax10677 MEWElogs[46369]: GRAY, 1626314678027897595, LGB, 13
<134>2021-07-15T02:04:44Z cache-mel11272 MEWElogs[46369]: GRAY, 1626314684010747187, MEL, 13
<134>2021-07-15T02:04:46Z cache-osl6529 MEWElogs[46369]: GRAY, 1626314685501898909, OSL, 13
<134>2021-07-15T02:05:14Z cache-osl6529 MEWElogs[46369]: GRAY, 1626314713136839827, OSL, 13
<134>2021-07-15T02:05:18Z cache-scl19427 MEWElogs[46369]: GRAY, 1626314718112716516, SCL, 13
<134>2021-07-15T02:05:27Z cache-scl19427 MEWElogs[46369]: GRAY, 1626314726507413615, SCL, 13
<134>2021-07-15T02:05:28Z cache-lax10677 MEWElogs[46369]: GRAY, 1626314726993990133, LGB, 13
<134>2021-07-15T02:05:41Z cache-cdg20720 MEWElogs[46369]: GRAY, 1626314740565507890, CDG, 13
<134>2021-07-15T02:05:46Z cache-cdg20720 MEWElogs[46369]: GRAY, 1626314745814138751, CDG, 13
<134>2021-07-15T02:06:05Z cache-osl6529 MEWElogs[46369]: GRAY, 1626314764527150820, OSL, 13
<134>2021-07-15T02:06:14Z cache-lga21983 MEWElogs[46369]: GRAY, 1626314773875444880, LGA, 13
<134>2021-07-15T02:06:33Z cache-jax20933 MEWElogs[46369]: GRAY, 1626314792109733763, JAX, 13
<134>2021-07-15T02:06:58Z cache-cdg20720 MEWElogs[46369]: GRAY, 1626314817717447262, CDG, 13
<134>2021-07-15T02:07:01Z cache-ewr18156 MEWElogs[46369]: GRAY, 1626314821434501602, EWR, 13
<134>2021-07-15T02:07:14Z cache-cdg20720 MEWElogs[46369]: GRAY, 1626314833998327592, CDG, 13
<134>2021-07-15T02:07:26Z cache-cdg20720 MEWElogs[46369]: GRAY, 1626314845000811133, CDG, 13
<134>2021-07-15T02:07:28Z cache-osl6529 MEWElogs[46369]: GRAY, 1626314847858215555, OSL, 13
<134>2021-07-15T02:07:38Z cache-ewr18156 MEWElogs[46369]: GRAY, 1626314857889165050, EWR, 13
<134>2021-07-15T02:08:21Z cache-cdg20720 MEWElogs[46369]: GRAY, 1626314900379716426, CDG, 13
<134>2021-07-15T02:08:44Z cache-ewr18156 MEWElogs[46369]: GRAY, 1626314924480637237, EWR, 13
<134>2021-07-15T02:08:54Z cache-scl19427 MEWElogs[46369]: GRAY, 1626314934759399178, SCL, 13
<134>2021-07-15T02:09:04Z cache-cdg20720 MEWElogs[46369]: GRAY, 1626314943952332088, CDG, 13
<134>2021-07-15T02:09:06Z cache-osl6529 MEWElogs[46369]: GRAY, 1626314945281494172, OSL, 13
<134>2021-07-15T02:09:09Z cache-cdg20720 MEWElogs[46369]: GRAY, 1626314949370666567, CDG, 13
<134>2021-07-15T02:09:22Z cache-jax20933 MEWElogs[46369]: GRAY, 1626314961659298585, JAX, 13
<134>2021-07-15T02:09:25Z cache-cdg20720 MEWElogs[46369]: GRAY, 1626314965668653564, CDG, 13
<134>2021-07-15T02:09:25Z cache-mel11272 MEWElogs[46369]: GRAY, 1626314965439883586, MEL, 13
<134>2021-07-15T02:09:27Z cache-bom4751 MEWElogs[46369]: GRAY, 1626314966531033972, BOM, 13
<134>2021-07-15T02:09:45Z cache-bom4751 MEWElogs[46369]: GRAY, 1626314983959268630, BOM, 13
<134>2021-07-15T02:09:47Z cache-stl4834 MEWElogs[46369]: GRAY, 1626314986866453308, STL, 13
<134>2021-07-15T02:10:10Z cache-cdg20720 MEWElogs[46369]: GRAY, 1626315008986278120, CDG, 13
<134>2021-07-15T02:10:20Z cache-bom4751 MEWElogs[46369]: GRAY, 1626315019317087854, BOM, 13
<134>2021-07-15T02:10:25Z cache-gig17035 MEWElogs[46369]: GRAY, 1626315024580950992, GIG, 13
<134>2021-07-15T02:10:31Z cache-bom4751 MEWElogs[46369]: GRAY, 1626315030928727103, BOM, 13
<134>2021-07-15T02:10:43Z cache-stl4834 MEWElogs[46369]: GRAY, 1626315042998393630, STL, 13
<134>2021-07-15T02:10:44Z cache-scl19427 MEWElogs[46369]: GRAY, 1626315043303194935, SCL, 13
<134>2021-07-15T02:11:04Z cache-stl4834 MEWElogs[46369]: GRAY, 1626315063880350385, STL, 13
<134>2021-07-15T02:11:06Z cache-osl6529 MEWElogs[46369]: GRAY, 1626315065310889829, OSL, 13
<134>2021-07-15T02:11:15Z cache-cdg20720 MEWElogs[46369]: GRAY, 1626315074745924092, CDG, 13
<134>2021-07-15T02:11:32Z cache-stl4834 MEWElogs[46369]: GRAY, 1626315091813586660, STL, 13
<134>2021-07-15T02:11:32Z cache-hnd18722 MEWElogs[46369]: GRAY, 1626315092257190789, HND, 13
<134>2021-07-15T02:11:32Z cache-ewr18156 MEWElogs[46369]: GRAY, 1626315091561926517, EWR, 13
<134>2021-07-15T02:11:46Z cache-hnd18722 MEWElogs[46369]: GRAY, 1626315106464215122, HND, 13
<134>2021-07-15T02:12:05Z cache-pao17461 MEWElogs[46369]: GRAY, 1626315125397563115, PAO, 13
<134>2021-07-15T02:12:07Z cache-stl4834 MEWElogs[46369]: GRAY, 1626315126556683487, STL, 13
