<134>2021-07-15T00:29:54Z cache-ord1740 MEWElogs[390968]: CROP, 1626308993952841420, ORD, 12
<134>2021-07-15T00:29:56Z cache-ams21020 MEWElogs[390968]: CROP, 1626308995331966700, AMS, 12
<134>2021-07-15T00:30:06Z cache-dca17782 MEWElogs[390968]: CROP, 1626309006539915325, DCA, 12
<134>2021-07-15T00:30:11Z cache-maa10251 MEWElogs[390968]: CROP, 1626309010154553404, MAA, 12
<134>2021-07-15T00:30:21Z cache-pdk17882 MEWElogs[390968]: CROP, 1626309021197886851, PDK, 12
<134>2021-07-15T00:30:22Z cache-ord1740 MEWElogs[390968]: CROP, 1626309021650287260, ORD, 12
<134>2021-07-15T00:30:24Z cache-ams21020 MEWElogs[390968]: CROP, 1626309023025612726, AMS, 12
<134>2021-07-15T00:30:28Z cache-wdc5583 MEWElogs[390968]: CROP, 1626309028049117321, WDC, 12
<134>2021-07-15T00:30:31Z cache-eze19324 MEWElogs[390968]: CROP, 1626309030324629020, EZE, 12
<134>2021-07-15T00:30:38Z cache-mdw17383 MEWElogs[390968]: CROP, 1626309037968914902, MDW, 12
<134>2021-07-15T00:30:41Z cache-eze19324 MEWElogs[390968]: CROP, 1626309040736881061, EZE, 12
<134>2021-07-15T00:30:44Z cache-dca17782 MEWElogs[390968]: CROP, 1626309044077824359, DCA, 12
<134>2021-07-15T00:31:01Z cache-ord1740 MEWElogs[390968]: CROP, 1626309060126641234, ORD, 12
<134>2021-07-15T00:31:03Z cache-ams21020 MEWElogs[390968]: CROP, 1626309062294773065, AMS, 12
<134>2021-07-15T00:31:07Z cache-dca17782 MEWElogs[390968]: CROP, 1626309066553643828, DCA, 12
<134>2021-07-15T00:31:25Z cache-cmh21547 MEWElogs[390968]: CROP, 1626309084736481111, CMH, 12
<134>2021-07-15T00:31:30Z cache-cmh21547 MEWElogs[390968]: CROP, 1626309090212953798, CMH, 12
<134>2021-07-15T00:31:45Z cache-dca17782 MEWElogs[390968]: CROP, 1626309105063370630, DCA, 12
<134>2021-07-15T00:31:48Z cache-ams21020 MEWElogs[390968]: CROP, 1626309107927189676, AMS, 12
<134>2021-07-15T00:31:57Z cache-cmh21547 MEWElogs[390968]: CROP, 1626309116423303047, CMH, 12
<134>2021-07-15T00:31:58Z cache-bog6425 MEWElogs[390968]: CROP, 1626309117573038458, BOG, 12
<134>2021-07-15T00:32:08Z cache-ord1740 MEWElogs[390968]: CROP, 1626309127091739777, ORD, 12
<134>2021-07-15T00:32:16Z cache-maa10251 MEWElogs[390968]: CROP, 1626309135685375870, MAA, 12
<134>2021-07-15T00:32:22Z cache-pdk17882 MEWElogs[390968]: CROP, 1626309141233058413, PDK, 12
<134>2021-07-15T00:32:30Z cache-dca17782 MEWElogs[390968]: CROP, 1626309150296718612, DCA, 12
<134>2021-07-15T00:32:31Z cache-ams21020 MEWElogs[390968]: CROP, 1626309150197987875, AMS, 12
<134>2021-07-15T00:32:34Z cache-ams21020 MEWElogs[390968]: CROP, 1626309153052189859, AMS, 12
<134>2021-07-15T00:32:34Z cache-cmh21547 MEWElogs[390968]: CROP, 1626309153800221166, CMH, 12
<134>2021-07-15T00:32:39Z cache-ams21020 MEWElogs[390968]: CROP, 1626309158607333552, AMS, 12
<134>2021-07-15T00:32:54Z cache-ord1740 MEWElogs[390968]: CROP, 1626309173043394171, ORD, 12
<134>2021-07-15T00:33:02Z cache-maa10251 MEWElogs[390968]: CROP, 1626309181731374926, MAA, 12
<134>2021-07-15T00:33:07Z cache-mdw17383 MEWElogs[390968]: CROP, 1626309186900533791, MDW, 12
<134>2021-07-15T00:33:14Z cache-maa10251 MEWElogs[390968]: CROP, 1626309192982252974, MAA, 12
<134>2021-07-15T00:33:15Z cache-dca17782 MEWElogs[390968]: CROP, 1626309194667583543, DCA, 12
<134>2021-07-15T00:33:29Z cache-maa10251 MEWElogs[390968]: CROP, 1626309208330381908, MAA, 12
<134>2021-07-15T00:33:29Z cache-mdw17383 MEWElogs[390968]: CROP, 1626309209334261917, MDW, 12
<134>2021-07-15T00:33:32Z cache-cph20625 MEWElogs[390968]: CROP, 1626309211146394155, CPH, 12
<134>2021-07-15T00:33:32Z cache-cmh21547 MEWElogs[390968]: CROP, 1626309211577722843, CMH, 12
<134>2021-07-15T00:33:38Z cache-pdk17882 MEWElogs[390968]: CROP, 1626309217514490056, PDK, 12
<134>2021-07-15T00:33:46Z cache-ord1740 MEWElogs[390968]: CROP, 1626309225946237537, ORD, 12
<134>2021-07-15T00:33:47Z cache-mdw17383 MEWElogs[390968]: CROP, 1626309226850043552, MDW, 12
<134>2021-07-15T00:33:58Z cache-cmh21547 MEWElogs[390968]: CROP, 1626309237892728499, CMH, 12
<134>2021-07-15T00:34:00Z cache-ord1740 MEWElogs[390968]: CROP, 1626309239748674940, ORD, 12
<134>2021-07-15T00:34:02Z cache-eze19324 MEWElogs[390968]: CROP, 1626309242118363076, EZE, 12
<134>2021-07-15T00:34:13Z cache-eze19324 MEWElogs[390968]: CROP, 1626309252430443567, EZE, 12
<134>2021-07-15T00:34:14Z cache-ord1740 MEWElogs[390968]: CROP, 1626309253897658818, ORD, 12
<134>2021-07-15T00:34:15Z cache-cph20625 MEWElogs[390968]: CROP, 1626309255113322684, CPH, 12
<134>2021-07-15T00:34:34Z cache-bog6425 MEWElogs[390968]: CROP, 1626309273469059215, BOG, 12
<134>2021-07-15T00:34:44Z cache-dca17782 MEWElogs[390968]: CROP, 1626309283860677134, DCA, 12
<134>2021-07-15T00:34:45Z cache-maa10251 MEWElogs[390968]: CROP, 1626309284196085418, MAA, 12
<134>2021-07-15T00:34:58Z cache-akl10324 MEWElogs[390968]: CROP, 1626309297554042337, AKL, 12
<134>2021-07-15T00:35:02Z cache-cmh21547 MEWElogs[390968]: CROP, 1626309301721297378, CMH, 12
<134>2021-07-15T00:35:13Z cache-cmh21547 MEWElogs[390968]: CROP, 1626309312283315983, CMH, 12
<134>2021-07-15T00:35:14Z cache-eze19324 MEWElogs[390968]: CROP, 1626309314408252639, EZE, 12
<134>2021-07-15T00:35:20Z cache-eze19324 MEWElogs[390968]: CROP, 1626309319764875255, EZE, 12
<134>2021-07-15T00:35:29Z cache-chi21126 MEWElogs[390968]: CROP, 1626309328032859244, CHI, 12
<134>2021-07-15T00:35:35Z cache-akl10324 MEWElogs[390968]: CROP, 1626309334882348048, AKL, 12
<134>2021-07-15T00:35:36Z cache-chi21126 MEWElogs[390968]: CROP, 1626309336294605882, CHI, 12
<134>2021-07-15T00:36:01Z cache-cmh21547 MEWElogs[390968]: CROP, 1626309360670860615, CMH, 12
<134>2021-07-15T00:36:05Z cache-chi21126 MEWElogs[390968]: CROP, 1626309364996337568, CHI, 12
<134>2021-07-15T00:36:11Z cache-bos4657 MEWElogs[390968]: CROP, 1626309370745127269, BOS, 12
<134>2021-07-15T00:36:16Z cache-fty21383 MEWElogs[390968]: CROP, 1626309375298094342, FTY, 12
<134>2021-07-15T00:36:18Z cache-akl10324 MEWElogs[390968]: CROP, 1626309377199529337, AKL, 12
<134>2021-07-15T00:36:32Z cache-eze19324 MEWElogs[390968]: CROP, 1626309391948065086, EZE, 12
<134>2021-07-15T00:36:38Z cache-dfw18678 MEWElogs[390968]: CROP, 1626309397987965128, DFW, 12
<134>2021-07-15T00:36:38Z cache-cmh21547 MEWElogs[390968]: CROP, 1626309397854490944, CMH, 12
<134>2021-07-15T00:36:41Z cache-bos4657 MEWElogs[390968]: CROP, 1626309400705497124, BOS, 12
<134>2021-07-15T00:37:02Z cache-eze19324 MEWElogs[390968]: CROP, 1626309422727581620, EZE, 12
<134>2021-07-15T00:37:07Z cache-bos4657 MEWElogs[390968]: CROP, 1626309426858238407, BOS, 12
<134>2021-07-15T00:37:10Z cache-cmh21547 MEWElogs[390968]: CROP, 1626309429617816950, CMH, 12
<134>2021-07-15T00:37:12Z cache-del21735 MEWElogs[390968]: CROP, 1626309431149733138, DEL, 12
<134>2021-07-15T00:37:16Z cache-fty21383 MEWElogs[390968]: CROP, 1626309435148117693, FTY, 12
<134>2021-07-15T00:37:16Z cache-dub4329 MEWElogs[390968]: CROP, 1626309436105521037, DUB, 12
<134>2021-07-15T00:37:22Z cache-fty21383 MEWElogs[390968]: CROP, 1626309441763403283, FTY, 12
<134>2021-07-15T00:37:24Z cache-cph20625 MEWElogs[390968]: CROP, 1626309442989600894, CPH, 12
<134>2021-07-15T00:37:24Z cache-chi21126 MEWElogs[390968]: CROP, 1626309443142263958, CHI, 12
<134>2021-07-15T00:37:25Z cache-pwk4920 MEWElogs[390968]: CROP, 1626309445401026233, PWK, 12
<134>2021-07-15T00:37:57Z cache-dub4329 MEWElogs[390968]: CROP, 1626309477316273543, DUB, 12
<134>2021-07-15T00:38:01Z cache-dub4329 MEWElogs[390968]: CROP, 1626309480191103733, DUB, 12
<134>2021-07-15T00:38:07Z cache-cph20625 MEWElogs[390968]: CROP, 1626309486427752528, CPH, 12
<134>2021-07-15T00:38:12Z cache-pwk4920 MEWElogs[390968]: CROP, 1626309492398638419, PWK, 12
<134>2021-07-15T00:38:22Z cache-chi21126 MEWElogs[390968]: CROP, 1626309501945235218, CHI, 12
<134>2021-07-15T00:38:32Z cache-dub4329 MEWElogs[390968]: CROP, 1626309512681069820, DUB, 12
<134>2021-07-15T00:38:41Z cache-hel6829 MEWElogs[390968]: CROP, 1626309521216086687, HEL, 12
<134>2021-07-15T00:38:43Z cache-pwk4920 MEWElogs[390968]: CROP, 1626309522627329642, PWK, 12
<134>2021-07-15T00:38:55Z cache-cph20625 MEWElogs[390968]: CROP, 1626309534452111279, CPH, 12
<134>2021-07-15T00:39:17Z cache-chi21126 MEWElogs[390968]: CROP, 1626309556975112493, CHI, 12
<134>2021-07-15T00:39:32Z cache-dub4329 MEWElogs[390968]: CROP, 1626309571610323107, DUB, 12
<134>2021-07-15T00:39:35Z cache-dub4329 MEWElogs[390968]: CROP, 1626309574556549115, DUB, 12
<134>2021-07-15T00:39:40Z cache-dub4329 MEWElogs[390968]: CROP, 1626309580372744487, DUB, 12
<134>2021-07-15T00:39:41Z cache-hel6829 MEWElogs[390968]: CROP, 1626309580408172196, HEL, 12
<134>2021-07-15T00:39:45Z cache-hel6829 MEWElogs[390968]: CROP, 1626309584626890228, HEL, 12
<134>2021-07-15T00:39:45Z cache-fty21383 MEWElogs[390968]: CROP, 1626309584698613379, FTY, 12
<134>2021-07-15T00:39:49Z cache-akl10324 MEWElogs[390968]: CROP, 1626309588198909427, AKL, 12
