<134>2021-07-14T17:53:14Z cache-stl4834 MEWElogs[322023]: FLIPH, 1626285194123607006, STL, 10
<134>2021-07-14T17:54:03Z cache-stl4834 MEWElogs[322023]: FLIPH, 1626285243129433490, STL, -1
<134>2021-07-14T17:54:38Z cache-pao17461 MEWElogs[322023]: FLIPH, 1626285278074504347, PAO, 10
<134>2021-07-14T17:54:48Z cache-cgh11122 MEWElogs[322023]: FLIPH, 1626285287617052877, CGH, 10
<134>2021-07-14T17:55:35Z cache-tyo11974 MEWElogs[322023]: FLIPH, 1626285334779018724, TYO, 10
<134>2021-07-14T17:55:49Z cache-cgh11122 MEWElogs[322023]: FLIPH, 1626285348441888939, CGH, 10
<134>2021-07-14T17:55:50Z cache-scl19427 MEWElogs[322023]: FLIPH, 1626285350181373838, SCL, 10
<134>2021-07-14T17:55:59Z cache-pao17461 MEWElogs[322023]: FLIPH, 1626285358708447688, PAO, -1
<134>2021-07-14T17:56:01Z cache-tyo11974 MEWElogs[322023]: FLIPH, 1626285360592320663, TYO, -1
<134>2021-07-14T17:56:14Z cache-scl19427 MEWElogs[322023]: FLIPH, 1626285374061582207, SCL, 10
<134>2021-07-14T17:56:23Z cache-scl19427 MEWElogs[322023]: FLIPH, 1626285382853561616, SCL, -1
<134>2021-07-14T17:56:43Z cache-sea4483 MEWElogs[322023]: FLIPH, 1626285402584787289, SEA, 10
<134>2021-07-14T17:57:03Z cache-stl4834 MEWElogs[322023]: FLIPH, 1626285422836106613, STL, 10
<134>2021-07-14T17:57:10Z cache-stl4834 MEWElogs[322023]: FLIPH, 1626285429963348460, STL, -1
<134>2021-07-14T17:57:16Z cache-sea4483 MEWElogs[322023]: FLIPH, 1626285435097940171, SEA, 10
<134>2021-07-14T17:57:18Z cache-sjc10078 MEWElogs[322023]: FLIPH, 1626285437781172352, SJC, -1
<134>2021-07-14T17:57:41Z cache-sjc10078 MEWElogs[322023]: FLIPH, 1626285461495245203, SJC, 10
<134>2021-07-14T17:58:28Z cache-cgh11183 MEWElogs[322023]: FLIPH, 1626285507653263101, CGH, -1
<134>2021-07-14T17:59:34Z cache-sea4483 MEWElogs[322023]: FLIPH, 1626285574121621267, SEA, -1
<134>2021-07-14T18:00:00Z cache-pao17461 MEWElogs[322023]: FLIPH, 1626285600336167670, PAO, 10
<134>2021-07-14T18:00:18Z cache-cgh11122 MEWElogs[322023]: FLIPH, 1626285618059140746, CGH, -1
<134>2021-07-14T18:00:22Z cache-cgh11183 MEWElogs[322023]: FLIPH, 1626285622162977739, CGH, 10
<134>2021-07-14T18:00:40Z cache-pao17461 MEWElogs[322023]: FLIPH, 1626285639558083289, PAO, -1
<134>2021-07-14T18:00:52Z cache-itm18851 MEWElogs[322023]: FLIPH, 1626285651555468755, ITM, -1
<134>2021-07-14T18:00:53Z cache-cgh11122 MEWElogs[322023]: FLIPH, 1626285652737112041, CGH, 10
<134>2021-07-14T18:00:57Z cache-hnd18722 MEWElogs[322023]: FLIPH, 1626285656694926868, HND, -1
<134>2021-07-14T18:01:10Z cache-tyo11974 MEWElogs[322023]: FLIPH, 1626285669129606345, TYO, -1
<134>2021-07-14T18:01:22Z cache-hnd18722 MEWElogs[322023]: FLIPH, 1626285681179026869, HND, 10
<134>2021-07-14T18:01:24Z cache-itm18851 MEWElogs[322023]: FLIPH, 1626285683270037775, ITM, -1
<134>2021-07-14T18:01:25Z cache-sea4483 MEWElogs[322023]: FLIPH, 1626285685643286711, SEA, 10
<134>2021-07-14T18:01:43Z cache-cgh11183 MEWElogs[322023]: FLIPH, 1626285703105877607, CGH, 10
<134>2021-07-14T18:02:07Z cache-bma1628 MEWElogs[322023]: FLIPH, 1626285726006082311, BMA, 10
