<134>2021-07-15T06:50:28Z cache-fra19177 MEWElogs[292213]: UNSH, 1626331827826414830, FRA, 16
<134>2021-07-15T06:50:31Z cache-jnb7027 MEWElogs[292213]: UNSH, 1626331831302031448, JNB, 16
<134>2021-07-15T06:50:37Z cache-fra19177 MEWElogs[292213]: UNSH, 1626331836495087215, FRA, 16
<134>2021-07-15T06:51:01Z cache-bur17583 MEWElogs[292213]: UNSH, 1626331860600798651, BUR, 16
<134>2021-07-15T06:51:07Z cache-dal21283 MEWElogs[292213]: UNSH, 1626331866201902309, DAL, 16
<134>2021-07-15T06:51:07Z cache-mad22068 MEWElogs[292213]: UNSH, 1626331866283136967, MAD, 16
<134>2021-07-15T06:51:40Z cache-lon4249 MEWElogs[292213]: UNSH, 1626331899749535800, LON, 16
<134>2021-07-15T06:51:44Z cache-mrs10583 MEWElogs[292213]: UNSH, 1626331903263061369, MRS, 16
<134>2021-07-15T06:52:02Z cache-mad22068 MEWElogs[292213]: UNSH, 1626331921284307866, MAD, 16
<134>2021-07-15T06:52:05Z cache-lcy19283 MEWElogs[292213]: UNSH, 1626331924690300551, LCY, 16
<134>2021-07-15T06:52:13Z cache-lon4249 MEWElogs[292213]: UNSH, 1626331932865801443, LON, 16
<134>2021-07-15T06:52:36Z cache-hel6829 MEWElogs[292213]: UNSH, 1626331955664640688, HEL, 16
<134>2021-07-15T06:54:46Z cache-bur17583 MEWElogs[292213]: UNSH, 1626332085613779723, BUR, 16
<134>2021-07-15T06:55:11Z cache-hel6829 MEWElogs[292213]: UNSH, 1626332110513916216, HEL, 16
<134>2021-07-15T06:55:28Z cache-jnb7027 MEWElogs[292213]: UNSH, 1626332128086409150, JNB, 16
<134>2021-07-15T06:55:39Z cache-mrs10583 MEWElogs[292213]: UNSH, 1626332138795302304, MRS, 16
<134>2021-07-15T06:55:52Z cache-bur17583 MEWElogs[292213]: UNSH, 1626332152186480503, BUR, 16
<134>2021-07-15T06:56:48Z cache-bur17583 MEWElogs[292213]: UNSH, 1626332207994080097, BUR, 16
<134>2021-07-15T06:57:18Z cache-stp9226 MEWElogs[292213]: UNSH, 1626332237637166368, STP, 16
<134>2021-07-15T06:57:35Z cache-iah17271 MEWElogs[292213]: UNSH, 1626332254961842993, IAH, 16
<134>2021-07-15T06:57:55Z cache-mad22068 MEWElogs[292213]: UNSH, 1626332274863965975, MAD, 16
