<134>2021-07-15T01:34:07Z cache-bos4657 MEWElogs[418388]: GRAY, 1626312846668321809, BOS, 13
<134>2021-07-15T01:34:25Z cache-cph20625 MEWElogs[418388]: GRAY, 1626312864542212883, CPH, 13
<134>2021-07-15T01:35:12Z cache-del21735 MEWElogs[418388]: GRAY, 1626312911896586099, DEL, 13
<134>2021-07-15T01:35:39Z cache-fra19177 MEWElogs[418388]: GRAY, 1626312938368627089, FRA, 13
<134>2021-07-15T01:36:09Z cache-del21735 MEWElogs[418388]: GRAY, 1626312969640283344, DEL, 13
<134>2021-07-15T01:36:27Z cache-akl10324 MEWElogs[418388]: GRAY, 1626312986839041543, AKL, 13
<134>2021-07-15T01:36:36Z cache-hhn4077 MEWElogs[418388]: GRAY, 1626312995929572904, HHN, 13
<134>2021-07-15T01:36:55Z cache-bos4657 MEWElogs[418388]: GRAY, 1626313014559305602, BOS, 13
<134>2021-07-15T01:37:07Z cache-bos4657 MEWElogs[418388]: GRAY, 1626313027030789348, BOS, 13
<134>2021-07-15T01:38:29Z cache-akl10324 MEWElogs[418388]: GRAY, 1626313108287485124, AKL, 13
<134>2021-07-15T01:38:34Z cache-fra19177 MEWElogs[418388]: GRAY, 1626313113808188079, FRA, 13
<134>2021-07-15T01:38:46Z cache-bos4657 MEWElogs[418388]: GRAY, 1626313125759878548, BOS, 13
<134>2021-07-15T01:38:52Z cache-hhn4077 MEWElogs[418388]: GRAY, 1626313132692018881, HHN, 13
<134>2021-07-15T01:39:12Z cache-chi21126 MEWElogs[418388]: GRAY, 1626313152039405912, CHI, 13
<134>2021-07-15T01:39:54Z cache-hhn4077 MEWElogs[418388]: GRAY, 1626313194039269484, HHN, 13
<134>2021-07-15T01:40:13Z cache-hhn4077 MEWElogs[418388]: GRAY, 1626313212514333764, HHN, 13
<134>2021-07-15T01:40:16Z cache-akl10324 MEWElogs[418388]: GRAY, 1626313216366077927, AKL, 13
<134>2021-07-15T01:40:34Z cache-fty21383 MEWElogs[418388]: GRAY, 1626313233422958944, FTY, 13
<134>2021-07-15T01:40:37Z cache-bos4657 MEWElogs[418388]: GRAY, 1626313236508045046, BOS, 13
<134>2021-07-15T01:41:03Z cache-hel6829 MEWElogs[418388]: GRAY, 1626313262713298544, HEL, 13
<134>2021-07-15T01:41:06Z cache-dfw18678 MEWElogs[418388]: GRAY, 1626313265915901032, DFW, 13
<134>2021-07-15T01:41:14Z cache-dfw18678 MEWElogs[418388]: GRAY, 1626313273335081111, DFW, 13
<134>2021-07-15T01:41:15Z cache-hel6829 MEWElogs[418388]: GRAY, 1626313274985466797, HEL, 13
<134>2021-07-15T01:41:34Z cache-fra19177 MEWElogs[418388]: GRAY, 1626313293284543349, FRA, 13
<134>2021-07-15T01:42:21Z cache-pwk4920 MEWElogs[418388]: GRAY, 1626313340281715949, PWK, 13
<134>2021-07-15T01:42:44Z cache-cwb20520 MEWElogs[418388]: GRAY, 1626313362980799080, CWB, 13
<134>2021-07-15T01:42:55Z cache-pwk4920 MEWElogs[418388]: GRAY, 1626313375204131871, PWK, 13
<134>2021-07-15T01:43:05Z cache-jnb7027 MEWElogs[418388]: GRAY, 1626313383874447347, JNB, 13
<134>2021-07-15T01:43:46Z cache-iah17271 MEWElogs[418388]: GRAY, 1626313425137764283, IAH, 13
<134>2021-07-15T01:43:53Z cache-jnb7027 MEWElogs[418388]: GRAY, 1626313432248065238, JNB, 13
