<134>2021-07-15T01:21:34Z cache-cmh21547 MEWElogs[334804]: GRAY, 1626312093875678560, CMH, 13
<134>2021-07-15T01:21:42Z cache-cmh21547 MEWElogs[334804]: GRAY, 1626312101646773287, CMH, 13
<134>2021-07-15T01:21:52Z cache-ams21020 MEWElogs[334804]: GRAY, 1626312111367582806, AMS, 13
<134>2021-07-15T01:22:10Z cache-maa10251 MEWElogs[334804]: GRAY, 1626312128922352727, MAA, 13
<134>2021-07-15T01:22:57Z cache-wdc5583 MEWElogs[334804]: GRAY, 1626312176596343158, WDC, 13
<134>2021-07-15T01:23:03Z cache-pdk17882 MEWElogs[334804]: GRAY, 1626312183250264934, PDK, 13
<134>2021-07-15T01:23:35Z cache-eze19324 MEWElogs[334804]: GRAY, 1626312214737700347, EZE, 13
<134>2021-07-15T01:23:59Z cache-eze19324 MEWElogs[334804]: GRAY, 1626312239024126507, EZE, 13
<134>2021-07-15T01:24:04Z cache-dca17782 MEWElogs[334804]: GRAY, 1626312242976710214, DCA, 13
<134>2021-07-15T01:24:04Z cache-pdk17882 MEWElogs[334804]: GRAY, 1626312243679111430, PDK, 13
<134>2021-07-15T01:24:15Z cache-eze19324 MEWElogs[334804]: GRAY, 1626312255238033136, EZE, 13
<134>2021-07-15T01:24:33Z cache-mdw17383 MEWElogs[334804]: GRAY, 1626312273553282077, MDW, 13
<134>2021-07-15T01:24:41Z cache-ams21020 MEWElogs[334804]: GRAY, 1626312280198521812, AMS, 13
<134>2021-07-15T01:24:58Z cache-cmh21547 MEWElogs[334804]: GRAY, 1626312297918535251, CMH, 13
<134>2021-07-15T01:25:22Z cache-ord1740 MEWElogs[334804]: GRAY, 1626312321350582308, ORD, 13
<134>2021-07-15T01:25:43Z cache-ams21020 MEWElogs[334804]: GRAY, 1626312342383015956, AMS, 13
<134>2021-07-15T01:26:03Z cache-wdc5583 MEWElogs[334804]: GRAY, 1626312362364005384, WDC, 13
<134>2021-07-15T01:26:13Z cache-mdw17383 MEWElogs[334804]: GRAY, 1626312372343713481, MDW, 13
<134>2021-07-15T01:26:41Z cache-ams21020 MEWElogs[334804]: GRAY, 1626312400465824940, AMS, 13
<134>2021-07-15T01:26:41Z cache-maa10251 MEWElogs[334804]: GRAY, 1626312400839699739, MAA, 13
<134>2021-07-15T01:26:48Z cache-ord1740 MEWElogs[334804]: GRAY, 1626312407306566129, ORD, 13
<134>2021-07-15T01:26:54Z cache-bog6425 MEWElogs[334804]: GRAY, 1626312413560471018, BOG, 13
<134>2021-07-15T01:26:54Z cache-pdk17882 MEWElogs[334804]: GRAY, 1626312413501299294, PDK, 13
<134>2021-07-15T01:27:22Z cache-eze19324 MEWElogs[334804]: GRAY, 1626312441608354585, EZE, 13
<134>2021-07-15T01:27:49Z cache-dca17782 MEWElogs[334804]: GRAY, 1626312468645922109, DCA, 13
<134>2021-07-15T01:27:53Z cache-cmh21547 MEWElogs[334804]: GRAY, 1626312473433267558, CMH, 13
<134>2021-07-15T01:27:57Z cache-ord1740 MEWElogs[334804]: GRAY, 1626312476186209609, ORD, 13
<134>2021-07-15T01:28:19Z cache-ord1740 MEWElogs[334804]: GRAY, 1626312498701497349, ORD, 13
<134>2021-07-15T01:28:58Z cache-maa10251 MEWElogs[334804]: GRAY, 1626312536969637205, MAA, 13
<134>2021-07-15T01:29:47Z cache-eze19324 MEWElogs[334804]: GRAY, 1626312587394314294, EZE, 13
<134>2021-07-15T01:30:02Z cache-ord1740 MEWElogs[334804]: GRAY, 1626312601667177748, ORD, 13
<134>2021-07-15T01:30:15Z cache-bog6425 MEWElogs[334804]: GRAY, 1626312614305424152, BOG, 13
<134>2021-07-15T01:30:35Z cache-bog6425 MEWElogs[334804]: GRAY, 1626312634737789674, BOG, 13
<134>2021-07-15T01:31:13Z cache-chi21126 MEWElogs[334804]: GRAY, 1626312672677733319, CHI, 13
<134>2021-07-15T01:31:15Z cache-wdc5583 MEWElogs[334804]: GRAY, 1626312674294023476, WDC, 13
<134>2021-07-15T01:31:33Z cache-dfw18678 MEWElogs[334804]: GRAY, 1626312692965219438, DFW, 13
