<134>2021-07-14T17:13:01Z cache-fra19177 MEWElogs[39982]: FLIPH, 1626282780974193080, FRA, 10
<134>2021-07-14T17:13:19Z cache-lon4249 MEWElogs[39982]: FLIPH, 1626282798508399136, LON, 10
<134>2021-07-14T17:13:32Z cache-dal21283 MEWElogs[39982]: FLIPH, 1626282811907780183, DAL, 10
<134>2021-07-14T17:13:39Z cache-iah17271 MEWElogs[39982]: FLIPH, 1626282818493387812, IAH, -1
<134>2021-07-14T17:13:49Z cache-mad22068 MEWElogs[39982]: FLIPH, 1626282828506202103, MAD, 10
<134>2021-07-14T17:14:03Z cache-dal21283 MEWElogs[39982]: FLIPH, 1626282843218153590, DAL, -1
<134>2021-07-14T17:14:32Z cache-lon4249 MEWElogs[39982]: FLIPH, 1626282871592620441, LON, 10
<134>2021-07-14T17:15:01Z cache-lon4249 MEWElogs[39982]: FLIPH, 1626282901280009150, LON, -1
<134>2021-07-14T17:15:01Z cache-mad22068 MEWElogs[39982]: FLIPH, 1626282900954288149, MAD, -1
<134>2021-07-14T17:15:32Z cache-lcy19283 MEWElogs[39982]: FLIPH, 1626282932184920002, LCY, -1
<134>2021-07-14T17:15:37Z cache-den8274 MEWElogs[39982]: FLIPH, 1626282936721775345, DEN, -1
<134>2021-07-14T17:15:41Z cache-mci5951 MEWElogs[39982]: FLIPH, 1626282940444902547, MCI, 10
<134>2021-07-14T17:15:46Z cache-den8274 MEWElogs[39982]: FLIPH, 1626282945693366530, DEN, -1
<134>2021-07-14T17:15:49Z cache-dal21283 MEWElogs[39982]: FLIPH, 1626282948789327165, DAL, 10
<134>2021-07-14T17:15:52Z cache-hkg17929 MEWElogs[39982]: FLIPH, 1626282951902022694, HKG, 10
<134>2021-07-14T17:15:56Z cache-dal21283 MEWElogs[39982]: FLIPH, 1626282956245472149, DAL, -1
<134>2021-07-14T17:16:28Z cache-mrs10583 MEWElogs[39982]: FLIPH, 1626282987142134884, MRS, 10
<134>2021-07-14T17:16:43Z cache-stp9226 MEWElogs[39982]: FLIPH, 1626283002501610314, STP, 10
<134>2021-07-14T17:16:46Z cache-mad22068 MEWElogs[39982]: FLIPH, 1626283005488305989, MAD, -1
<134>2021-07-14T17:17:12Z cache-bur17583 MEWElogs[39982]: FLIPH, 1626283031803586545, BUR, -1
<134>2021-07-14T17:17:16Z cache-mrs10583 MEWElogs[39982]: FLIPH, 1626283036004683332, MRS, 10
<134>2021-07-14T17:17:26Z cache-mad22068 MEWElogs[39982]: FLIPH, 1626283046124501446, MAD, 10
<134>2021-07-14T17:17:33Z cache-mad22068 MEWElogs[39982]: FLIPH, 1626283052416978101, MAD, -1
<134>2021-07-14T17:17:41Z cache-mrs10583 MEWElogs[39982]: FLIPH, 1626283060385484125, MRS, 10
<134>2021-07-14T17:18:14Z cache-mrs10583 MEWElogs[39982]: FLIPH, 1626283092973456497, MRS, 10
<134>2021-07-14T17:18:51Z cache-lhr7382 MEWElogs[39982]: FLIPH, 1626283130292689613, LHR, 10
<134>2021-07-14T17:19:14Z cache-lhr7382 MEWElogs[39982]: FLIPH, 1626283153600638361, LHR, -1
<134>2021-07-14T17:19:32Z cache-mrs10583 MEWElogs[39982]: FLIPH, 1626283171647143286, MRS, -1
<134>2021-07-14T17:19:34Z cache-lhr7382 MEWElogs[39982]: FLIPH, 1626283174269520289, LHR, 10
<134>2021-07-14T17:19:37Z cache-dal21283 MEWElogs[39982]: FLIPH, 1626283177751171030, DAL, 10
<134>2021-07-14T17:20:54Z cache-mrs10583 MEWElogs[39982]: FLIPH, 1626283253186758717, MRS, -1
<134>2021-07-14T17:21:03Z cache-jax20933 MEWElogs[39982]: FLIPH, 1626283263282969356, JAX, 10
<134>2021-07-14T17:21:23Z cache-yul12826 MEWElogs[39982]: FLIPH, 1626283282892458592, YUL, 10
<134>2021-07-14T17:21:28Z cache-lhr7382 MEWElogs[39982]: FLIPH, 1626283287376231529, LHR, 10
<134>2021-07-14T17:21:29Z cache-mrs10583 MEWElogs[39982]: FLIPH, 1626283288626532739, MRS, 10
<134>2021-07-14T17:21:39Z cache-jax20933 MEWElogs[39982]: FLIPH, 1626283298511688915, JAX, 10
<134>2021-07-14T17:21:51Z cache-mrs10583 MEWElogs[39982]: FLIPH, 1626283310404756086, MRS, -1
<134>2021-07-14T17:21:52Z cache-mci5951 MEWElogs[39982]: FLIPH, 1626283312076879916, MCI, -1
<134>2021-07-14T17:22:23Z cache-mrs10583 MEWElogs[39982]: FLIPH, 1626283343000480382, MRS, -1
<134>2021-07-14T17:22:33Z cache-mci5951 MEWElogs[39982]: FLIPH, 1626283352941004920, MCI, -1
<134>2021-07-14T17:22:34Z cache-mia11368 MEWElogs[39982]: FLIPH, 1626283353483496039, MIA, -1
<134>2021-07-14T17:22:37Z cache-lhr7382 MEWElogs[39982]: FLIPH, 1626283355947406131, LHR, -1
<134>2021-07-14T17:22:38Z cache-yul12826 MEWElogs[39982]: FLIPH, 1626283357257404582, YUL, 10
<134>2021-07-14T17:22:53Z cache-hkg17929 MEWElogs[39982]: FLIPH, 1626283373460489989, HKG, -1
<134>2021-07-14T17:22:54Z cache-yul12826 MEWElogs[39982]: FLIPH, 1626283374158397194, YUL, -1
<134>2021-07-14T17:22:56Z cache-stp9226 MEWElogs[39982]: FLIPH, 1626283375000284401, STP, 10
