<134>2021-07-14T17:33:05Z cache-jax20933 MEWElogs[355776]: FLIPH, 1626283984807094068, JAX, 10
<134>2021-07-14T17:33:07Z cache-osl6529 MEWElogs[355776]: FLIPH, 1626283986533776506, OSL, -1
<134>2021-07-14T17:33:10Z cache-lax10677 MEWElogs[355776]: FLIPH, 1626283989797985793, LGB, -1
<134>2021-07-14T17:33:12Z cache-yul12826 MEWElogs[355776]: FLIPH, 1626283991987013034, YUL, 10
<134>2021-07-14T17:33:25Z cache-mel11272 MEWElogs[355776]: FLIPH, 1626284004242460281, MEL, -1
<134>2021-07-14T17:33:36Z cache-lga21983 MEWElogs[355776]: FLIPH, 1626284016247067512, LGA, 10
<134>2021-07-14T17:33:55Z cache-man4150 MEWElogs[355776]: FLIPH, 1626284034930156276, MAN, 10
<134>2021-07-14T17:33:56Z cache-osl6529 MEWElogs[355776]: FLIPH, 1626284035530579654, OSL, 10
<134>2021-07-14T17:33:56Z cache-lga21983 MEWElogs[355776]: FLIPH, 1626284036423714903, LGA, 10
<134>2021-07-14T17:34:04Z cache-stp9226 MEWElogs[355776]: FLIPH, 1626284043768377490, STP, 10
<134>2021-07-14T17:34:38Z cache-gig17035 MEWElogs[355776]: FLIPH, 1626284078609947044, GIG, 10
<134>2021-07-14T17:34:41Z cache-jax20933 MEWElogs[355776]: FLIPH, 1626284080655790222, JAX, 10
<134>2021-07-14T17:34:52Z cache-man4150 MEWElogs[355776]: FLIPH, 1626284092215931983, MAN, 10
<134>2021-07-14T17:35:02Z cache-man4150 MEWElogs[355776]: FLIPH, 1626284101157449860, MAN, 10
<134>2021-07-14T17:35:02Z cache-cdg20720 MEWElogs[355776]: FLIPH, 1626284101741825722, CDG, -1
<134>2021-07-14T17:35:04Z cache-yul12826 MEWElogs[355776]: FLIPH, 1626284103942060577, YUL, 10
<134>2021-07-14T17:35:16Z cache-man4150 MEWElogs[355776]: FLIPH, 1626284115375196947, MAN, -1
<134>2021-07-14T17:35:24Z cache-ewr18156 MEWElogs[355776]: FLIPH, 1626284123194863128, EWR, -1
<134>2021-07-14T17:35:25Z cache-lga21983 MEWElogs[355776]: FLIPH, 1626284124755594681, LGA, 10
<134>2021-07-14T17:35:36Z cache-gig17035 MEWElogs[355776]: FLIPH, 1626284136052168415, GIG, -1
<134>2021-07-14T17:35:40Z cache-mel11272 MEWElogs[355776]: FLIPH, 1626284138979656018, MEL, 10
<134>2021-07-14T17:35:43Z cache-lax10677 MEWElogs[355776]: FLIPH, 1626284142123152072, LGB, 10
<134>2021-07-14T17:35:52Z cache-man4150 MEWElogs[355776]: FLIPH, 1626284152508025407, MAN, 10
<134>2021-07-14T17:36:14Z cache-osl6529 MEWElogs[355776]: FLIPH, 1626284173921570203, OSL, 10
<134>2021-07-14T17:36:39Z cache-bom4751 MEWElogs[355776]: FLIPH, 1626284197903594994, BOM, 10
<134>2021-07-14T17:36:39Z cache-man4150 MEWElogs[355776]: FLIPH, 1626284199203060632, MAN, -1
<134>2021-07-14T17:36:53Z cache-lga21983 MEWElogs[355776]: FLIPH, 1626284212927860394, LGA, 10
<134>2021-07-14T17:36:55Z cache-man4150 MEWElogs[355776]: FLIPH, 1626284215121753537, MAN, -1
<134>2021-07-14T17:37:06Z cache-man4150 MEWElogs[355776]: FLIPH, 1626284225824373639, MAN, 10
<134>2021-07-14T17:37:26Z cache-scl19427 MEWElogs[355776]: FLIPH, 1626284245326781374, SCL, -1
<134>2021-07-14T17:37:58Z cache-man4150 MEWElogs[355776]: FLIPH, 1626284277268300055, MAN, 10
<134>2021-07-14T17:38:20Z cache-osl6529 MEWElogs[355776]: FLIPH, 1626284300383861397, OSL, -1
<134>2021-07-14T17:38:27Z cache-gig17035 MEWElogs[355776]: FLIPH, 1626284307256366824, GIG, 10
<134>2021-07-14T17:38:29Z cache-lga21983 MEWElogs[355776]: FLIPH, 1626284308774527063, LGA, -1
<134>2021-07-14T17:39:21Z cache-mel11272 MEWElogs[355776]: FLIPH, 1626284360786603771, MEL, -1
<134>2021-07-14T17:39:38Z cache-osl6529 MEWElogs[355776]: FLIPH, 1626284377922712760, OSL, 10
<134>2021-07-14T17:39:41Z cache-ewr18156 MEWElogs[355776]: FLIPH, 1626284380869242538, EWR, -1
<134>2021-07-14T17:39:47Z cache-lga21983 MEWElogs[355776]: FLIPH, 1626284387733244842, LGA, -1
<134>2021-07-14T17:39:52Z cache-man4150 MEWElogs[355776]: FLIPH, 1626284392151379089, MAN, -1
<134>2021-07-14T17:39:55Z cache-man4150 MEWElogs[355776]: FLIPH, 1626284394778401779, MAN, 10
<134>2021-07-14T17:39:59Z cache-gru17149 MEWElogs[355776]: FLIPH, 1626284398524585310, GRU, -1
<134>2021-07-14T17:40:01Z cache-lga21983 MEWElogs[355776]: FLIPH, 1626284400977041465, LGA, 10
<134>2021-07-14T17:40:29Z cache-lga21983 MEWElogs[355776]: FLIPH, 1626284428011266580, LGA, -1
<134>2021-07-14T17:40:29Z cache-gig17035 MEWElogs[355776]: FLIPH, 1626284428301904170, GIG, 10
<134>2021-07-14T17:40:39Z cache-osl6529 MEWElogs[355776]: FLIPH, 1626284438700397131, OSL, -1
<134>2021-07-14T17:40:43Z cache-scl19427 MEWElogs[355776]: FLIPH, 1626284443066362920, SCL, 10
<134>2021-07-14T17:40:45Z cache-mel11272 MEWElogs[355776]: FLIPH, 1626284444530664371, MEL, 10
<134>2021-07-14T17:40:46Z cache-ewr18156 MEWElogs[355776]: FLIPH, 1626284446801098417, EWR, -1
<134>2021-07-14T17:40:48Z cache-osl6529 MEWElogs[355776]: FLIPH, 1626284447669320909, OSL, -1
<134>2021-07-14T17:40:49Z cache-lga21983 MEWElogs[355776]: FLIPH, 1626284448319307373, LGA, -1
<134>2021-07-14T17:41:23Z cache-cdg20720 MEWElogs[355776]: FLIPH, 1626284482338131293, CDG, 10
<134>2021-07-14T17:41:38Z cache-osl6529 MEWElogs[355776]: FLIPH, 1626284497506392090, OSL, 10
<134>2021-07-14T17:41:42Z cache-man4150 MEWElogs[355776]: FLIPH, 1626284502009125350, MAN, 10
<134>2021-07-14T17:42:03Z cache-cdg20720 MEWElogs[355776]: FLIPH, 1626284522727493652, CDG, 10
<134>2021-07-14T17:42:03Z cache-gru17149 MEWElogs[355776]: FLIPH, 1626284522578042160, GRU, -1
<134>2021-07-14T17:42:15Z cache-gru17149 MEWElogs[355776]: FLIPH, 1626284534788345772, GRU, 10
<134>2021-07-14T17:42:20Z cache-cdg20720 MEWElogs[355776]: FLIPH, 1626284539802482985, CDG, -1
<134>2021-07-14T17:42:27Z cache-bom4751 MEWElogs[355776]: FLIPH, 1626284546622669556, BOM, -1
<134>2021-07-14T17:42:47Z cache-lga21983 MEWElogs[355776]: FLIPH, 1626284566918308971, LGA, -1
<134>2021-07-14T17:42:50Z cache-man4150 MEWElogs[355776]: FLIPH, 1626284569019360757, MAN, 10
<134>2021-07-14T17:43:03Z cache-gru17149 MEWElogs[355776]: FLIPH, 1626284582798296830, GRU, 10
