<134>2021-07-14T16:22:03Z cache-eze19324 MEWElogs[322023]: FLIPH, 1626279723437095640, EZE, 10
<134>2021-07-14T16:26:58Z cache-mdw17383 MEWElogs[322023]: FLIPH, 1626280016994391129, MDW, -1
<134>2021-07-14T16:26:58Z cache-bog6425 MEWElogs[322023]: FLIPH, 1626280017580504301, BOG, -1
<134>2021-07-14T16:27:12Z cache-mdw17383 MEWElogs[322023]: FLIPH, 1626280031755399030, MDW, 10
<134>2021-07-14T16:27:22Z cache-wdc5583 MEWElogs[322023]: FLIPH, 1626280041356952391, WDC, 10
<134>2021-07-14T16:27:38Z cache-ams21020 MEWElogs[322023]: FLIPH, 1626280058110359639, AMS, -1
<134>2021-07-14T16:27:42Z cache-ord1740 MEWElogs[322023]: FLIPH, 1626280062399363329, ORD, -1
<134>2021-07-14T16:28:22Z cache-dca17782 MEWElogs[322023]: FLIPH, 1626280101437777681, DCA, -1
<134>2021-07-14T16:28:42Z cache-wdc5583 MEWElogs[322023]: FLIPH, 1626280121383959443, WDC, -1
<134>2021-07-14T16:28:45Z cache-eze19324 MEWElogs[322023]: FLIPH, 1626280124622635585, EZE, -1
<134>2021-07-14T16:28:46Z cache-ams21020 MEWElogs[322023]: FLIPH, 1626280125339967619, AMS, -1
<134>2021-07-14T16:29:02Z cache-dca17782 MEWElogs[322023]: FLIPH, 1626280141716560007, DCA, 10
<134>2021-07-14T16:29:02Z cache-wdc5583 MEWElogs[322023]: FLIPH, 1626280142660536813, WDC, -1
<134>2021-07-14T16:29:24Z cache-cmh21547 MEWElogs[322023]: FLIPH, 1626280163705126953, CMH, 10
<134>2021-07-14T16:29:25Z cache-mdw17383 MEWElogs[322023]: FLIPH, 1626280164103546122, MDW, 10
<134>2021-07-14T16:29:29Z cache-ams21020 MEWElogs[322023]: FLIPH, 1626280168600106614, AMS, -1
<134>2021-07-14T16:29:38Z cache-wdc5583 MEWElogs[322023]: FLIPH, 1626280177758293634, WDC, 10
<134>2021-07-14T16:29:41Z cache-pdk17882 MEWElogs[322023]: FLIPH, 1626280180887847041, PDK, -1
<134>2021-07-14T16:29:47Z cache-maa10251 MEWElogs[322023]: FLIPH, 1626280186408635689, MAA, -1
<134>2021-07-14T16:30:03Z cache-ord1740 MEWElogs[322023]: FLIPH, 1626280202836180284, ORD, 10
<134>2021-07-14T16:30:15Z cache-cmh21547 MEWElogs[322023]: FLIPH, 1626280214033354530, CMH, -1
<134>2021-07-14T16:30:36Z cache-maa10251 MEWElogs[322023]: FLIPH, 1626280236340947534, MAA, -1
<134>2021-07-14T16:31:03Z cache-bog6425 MEWElogs[322023]: FLIPH, 1626280263414237276, BOG, -1
<134>2021-07-14T16:31:29Z cache-dca17782 MEWElogs[322023]: FLIPH, 1626280289472960067, DCA, -1
<134>2021-07-14T16:31:32Z cache-cmh21547 MEWElogs[322023]: FLIPH, 1626280291305357563, CMH, -1
<134>2021-07-14T16:31:33Z cache-dca17782 MEWElogs[322023]: FLIPH, 1626280292501192686, DCA, 10
<134>2021-07-14T16:31:43Z cache-bog6425 MEWElogs[322023]: FLIPH, 1626280302863332277, BOG, -1
<134>2021-07-14T16:31:57Z cache-dca17782 MEWElogs[322023]: FLIPH, 1626280317164797150, DCA, -1
<134>2021-07-14T16:32:02Z cache-ord1740 MEWElogs[322023]: FLIPH, 1626280321370833939, ORD, 10
