<134>2021-07-15T06:19:40Z cache-ord1740 MEWElogs[369035]: UNSH, 1626329979277777578, ORD, 16
<134>2021-07-15T06:19:44Z cache-wdc5583 MEWElogs[369035]: UNSH, 1626329984464513370, WDC, 16
<134>2021-07-15T06:19:50Z cache-ord1740 MEWElogs[369035]: UNSH, 1626329989057411693, ORD, 16
<134>2021-07-15T06:19:52Z cache-mdw17383 MEWElogs[369035]: UNSH, 1626329991663991707, MDW, 16
<134>2021-07-15T06:20:31Z cache-pdk17882 MEWElogs[369035]: UNSH, 1626330030914866009, PDK, 16
<134>2021-07-15T06:20:36Z cache-cmh21547 MEWElogs[369035]: UNSH, 1626330035530515277, CMH, 16
<134>2021-07-15T06:20:43Z cache-cph20625 MEWElogs[369035]: UNSH, 1626330042387976032, CPH, 16
<134>2021-07-15T06:20:51Z cache-dca17782 MEWElogs[369035]: UNSH, 1626330050571672025, DCA, 16
<134>2021-07-15T06:20:53Z cache-cph20625 MEWElogs[369035]: UNSH, 1626330052903456662, CPH, 16
<134>2021-07-15T06:20:58Z cache-maa10251 MEWElogs[369035]: UNSH, 1626330057470120567, MAA, 16
<134>2021-07-15T06:21:36Z cache-pdk17882 MEWElogs[369035]: UNSH, 1626330095522173624, PDK, 16
<134>2021-07-15T06:21:38Z cache-wdc5583 MEWElogs[369035]: UNSH, 1626330097664482046, WDC, 16
<134>2021-07-15T06:21:46Z cache-pdk17882 MEWElogs[369035]: UNSH, 1626330105205354712, PDK, 16
<134>2021-07-15T06:22:44Z cache-bog6425 MEWElogs[369035]: UNSH, 1626330164353286051, BOG, 16
<134>2021-07-15T06:22:55Z cache-maa10251 MEWElogs[369035]: UNSH, 1626330175386248482, MAA, 16
<134>2021-07-15T06:23:07Z cache-dca17782 MEWElogs[369035]: UNSH, 1626330186240239827, DCA, 16
<134>2021-07-15T06:23:10Z cache-cph20625 MEWElogs[369035]: UNSH, 1626330189449115796, CPH, 16
<134>2021-07-15T06:23:27Z cache-pdk17882 MEWElogs[369035]: UNSH, 1626330206294603810, PDK, 16
<134>2021-07-15T06:23:33Z cache-mdw17383 MEWElogs[369035]: UNSH, 1626330212535530936, MDW, 16
<134>2021-07-15T06:23:41Z cache-ord1740 MEWElogs[369035]: UNSH, 1626330220665826204, ORD, 16
<134>2021-07-15T06:23:42Z cache-dfw18678 MEWElogs[369035]: UNSH, 1626330221234266261, DFW, 16
<134>2021-07-15T06:23:52Z cache-cph20625 MEWElogs[369035]: UNSH, 1626330231474297602, CPH, 16
<134>2021-07-15T06:24:04Z cache-wdc5583 MEWElogs[369035]: UNSH, 1626330243941570238, WDC, 16
<134>2021-07-15T06:24:13Z cache-bog6425 MEWElogs[369035]: UNSH, 1626330252709670354, BOG, 16
<134>2021-07-15T06:25:00Z cache-dca17782 MEWElogs[369035]: UNSH, 1626330300133750561, DCA, 16
<134>2021-07-15T06:25:45Z cache-mdw17383 MEWElogs[369035]: UNSH, 1626330345621366950, MDW, 16
<134>2021-07-15T06:25:48Z cache-chi21126 MEWElogs[369035]: UNSH, 1626330347956412343, CHI, 16
<134>2021-07-15T06:26:39Z cache-del21735 MEWElogs[369035]: UNSH, 1626330398929356880, DEL, 16
<134>2021-07-15T06:26:40Z cache-cmh21547 MEWElogs[369035]: UNSH, 1626330399258741823, CMH, 16
<134>2021-07-15T06:27:17Z cache-del21735 MEWElogs[369035]: UNSH, 1626330436932773178, DEL, 16
<134>2021-07-15T06:27:19Z cache-dub4329 MEWElogs[369035]: UNSH, 1626330438449568856, DUB, 16
<134>2021-07-15T06:27:19Z cache-akl10324 MEWElogs[369035]: UNSH, 1626330439178892236, AKL, 16
<134>2021-07-15T06:27:53Z cache-bos4657 MEWElogs[369035]: UNSH, 1626330473550492264, BOS, 16
<134>2021-07-15T06:28:54Z cache-chi21126 MEWElogs[369035]: UNSH, 1626330533916758942, CHI, 16
<134>2021-07-15T06:29:15Z cache-dfw18678 MEWElogs[369035]: UNSH, 1626330555349158178, DFW, 16
<134>2021-07-15T06:29:32Z cache-fty21383 MEWElogs[369035]: UNSH, 1626330571365416205, FTY, 16
