<134>2021-07-15T01:21:39Z cache-ord1740 MEWElogs[322581]: GRAY, 1626312098452585962, ORD, 13
<134>2021-07-15T01:22:12Z cache-cmh21547 MEWElogs[322581]: GRAY, 1626312131767479301, CMH, 13
<134>2021-07-15T01:23:00Z cache-ams21020 MEWElogs[322581]: GRAY, 1626312179084658764, AMS, 13
<134>2021-07-15T01:23:12Z cache-cmh21547 MEWElogs[322581]: GRAY, 1626312191722824046, CMH, 13
<134>2021-07-15T01:23:51Z cache-dca17782 MEWElogs[322581]: GRAY, 1626312230708395454, DCA, 13
<134>2021-07-15T01:24:02Z cache-maa10251 MEWElogs[322581]: GRAY, 1626312241088136598, MAA, 13
<134>2021-07-15T01:24:24Z cache-wdc5583 MEWElogs[322581]: GRAY, 1626312263605733078, WDC, 13
<134>2021-07-15T01:24:28Z cache-dca17782 MEWElogs[322581]: GRAY, 1626312268357983137, DCA, 13
<134>2021-07-15T01:24:34Z cache-dca17782 MEWElogs[322581]: GRAY, 1626312274673954775, DCA, 13
<134>2021-07-15T01:24:55Z cache-ams21020 MEWElogs[322581]: GRAY, 1626312294877755807, AMS, 13
<134>2021-07-15T01:24:59Z cache-dca17782 MEWElogs[322581]: GRAY, 1626312299383669117, DCA, 13
<134>2021-07-15T01:25:18Z cache-dca17782 MEWElogs[322581]: GRAY, 1626312318137715047, DCA, 13
<134>2021-07-15T01:28:14Z cache-bog6425 MEWElogs[322581]: GRAY, 1626312494173429319, BOG, 13
<134>2021-07-15T01:28:25Z cache-pdk17882 MEWElogs[322581]: GRAY, 1626312505192285349, PDK, 13
<134>2021-07-15T01:28:33Z cache-maa10251 MEWElogs[322581]: GRAY, 1626312513469839426, MAA, 13
<134>2021-07-15T01:28:42Z cache-eze19324 MEWElogs[322581]: GRAY, 1626312522431854687, EZE, 13
<134>2021-07-15T01:28:59Z cache-eze19324 MEWElogs[322581]: GRAY, 1626312538455070598, EZE, 13
<134>2021-07-15T01:29:08Z cache-mdw17383 MEWElogs[322581]: GRAY, 1626312547365655323, MDW, 13
<134>2021-07-15T01:29:14Z cache-pdk17882 MEWElogs[322581]: GRAY, 1626312553177427099, PDK, 13
<134>2021-07-15T01:29:34Z cache-cph20625 MEWElogs[322581]: GRAY, 1626312573343068105, CPH, 13
<134>2021-07-15T01:29:34Z cache-dca17782 MEWElogs[322581]: GRAY, 1626312574588934938, DCA, 13
<134>2021-07-15T01:29:49Z cache-cmh21547 MEWElogs[322581]: GRAY, 1626312588481295049, CMH, 13
<134>2021-07-15T01:30:06Z cache-dca17782 MEWElogs[322581]: GRAY, 1626312605947638233, DCA, 13
<134>2021-07-15T01:30:14Z cache-ord1740 MEWElogs[322581]: GRAY, 1626312613013005182, ORD, 13
<134>2021-07-15T01:30:17Z cache-mdw17383 MEWElogs[322581]: GRAY, 1626312616762787205, MDW, 13
<134>2021-07-15T01:30:25Z cache-mdw17383 MEWElogs[322581]: GRAY, 1626312624370139781, MDW, 13
<134>2021-07-15T01:30:42Z cache-bog6425 MEWElogs[322581]: GRAY, 1626312641459580296, BOG, 13
<134>2021-07-15T01:30:49Z cache-pdk17882 MEWElogs[322581]: GRAY, 1626312649242841019, PDK, 13
<134>2021-07-15T01:31:07Z cache-maa10251 MEWElogs[322581]: GRAY, 1626312666450208155, MAA, 13
<134>2021-07-15T01:31:15Z cache-cph20625 MEWElogs[322581]: GRAY, 1626312674403271038, CPH, 13
<134>2021-07-15T01:31:19Z cache-maa10251 MEWElogs[322581]: GRAY, 1626312678446668261, MAA, 13
<134>2021-07-15T01:31:22Z cache-wdc5583 MEWElogs[322581]: GRAY, 1626312681690487140, WDC, 13
<134>2021-07-15T01:31:28Z cache-bog6425 MEWElogs[322581]: GRAY, 1626312687653763159, BOG, 13
