<134>2021-07-14T16:21:38Z cache-maa10251 MEWElogs[370074]: FLIPH, 1626279697810222937, MAA, 10
<134>2021-07-14T16:21:39Z cache-cmh21547 MEWElogs[370074]: FLIPH, 1626279698776545486, CMH, 10
<134>2021-07-14T16:21:58Z cache-maa10251 MEWElogs[370074]: FLIPH, 1626279717082374982, MAA, 10
<134>2021-07-14T16:22:16Z cache-eze19324 MEWElogs[370074]: FLIPH, 1626279735727025776, EZE, 10
<134>2021-07-14T16:22:20Z cache-ams21020 MEWElogs[370074]: FLIPH, 1626279739720851357, AMS, 10
<134>2021-07-14T16:22:24Z cache-mdw17383 MEWElogs[370074]: FLIPH, 1626279743009910940, MDW, 10
<134>2021-07-14T16:27:08Z cache-bog6425 MEWElogs[370074]: FLIPH, 1626280027531216283, BOG, -1
<134>2021-07-14T16:27:18Z cache-maa10251 MEWElogs[370074]: FLIPH, 1626280037580443308, MAA, -1
<134>2021-07-14T16:27:26Z cache-eze19324 MEWElogs[370074]: FLIPH, 1626280045586118603, EZE, 10
<134>2021-07-14T16:27:28Z cache-ord1740 MEWElogs[370074]: FLIPH, 1626280047179854990, ORD, 10
<134>2021-07-14T16:27:46Z cache-bog6425 MEWElogs[370074]: FLIPH, 1626280066589993865, BOG, -1
<134>2021-07-14T16:28:14Z cache-ord1740 MEWElogs[370074]: FLIPH, 1626280093062084529, ORD, 10
<134>2021-07-14T16:28:22Z cache-eze19324 MEWElogs[370074]: FLIPH, 1626280100942528674, EZE, -1
<134>2021-07-14T16:28:51Z cache-cmh21547 MEWElogs[370074]: FLIPH, 1626280130788003753, CMH, 10
<134>2021-07-14T16:29:00Z cache-eze19324 MEWElogs[370074]: FLIPH, 1626280139498104143, EZE, 10
<134>2021-07-14T16:29:14Z cache-ord1740 MEWElogs[370074]: FLIPH, 1626280154762602718, ORD, -1
<134>2021-07-14T16:29:17Z cache-wdc5583 MEWElogs[370074]: FLIPH, 1626280156659302980, WDC, 10
<134>2021-07-14T16:29:18Z cache-dca17782 MEWElogs[370074]: FLIPH, 1626280157667570059, DCA, -1
<134>2021-07-14T16:29:20Z cache-eze19324 MEWElogs[370074]: FLIPH, 1626280159862566626, EZE, -1
<134>2021-07-14T16:29:47Z cache-bog6425 MEWElogs[370074]: FLIPH, 1626280187362747865, BOG, 10
<134>2021-07-14T16:29:53Z cache-pdk17882 MEWElogs[370074]: FLIPH, 1626280192784387431, PDK, 10
<134>2021-07-14T16:30:04Z cache-ams21020 MEWElogs[370074]: FLIPH, 1626280203594065093, AMS, -1
<134>2021-07-14T16:30:09Z cache-wdc5583 MEWElogs[370074]: FLIPH, 1626280208920028654, WDC, 10
<134>2021-07-14T16:30:12Z cache-pdk17882 MEWElogs[370074]: FLIPH, 1626280211828872306, PDK, 10
<134>2021-07-14T16:30:14Z cache-bog6425 MEWElogs[370074]: FLIPH, 1626280213823798388, BOG, -1
<134>2021-07-14T16:30:19Z cache-maa10251 MEWElogs[370074]: FLIPH, 1626280219102293079, MAA, 10
<134>2021-07-14T16:30:34Z cache-eze19324 MEWElogs[370074]: FLIPH, 1626280233484537336, EZE, 10
<134>2021-07-14T16:30:38Z cache-ams21020 MEWElogs[370074]: FLIPH, 1626280237727400088, AMS, -1
<134>2021-07-14T16:30:38Z cache-mdw17383 MEWElogs[370074]: FLIPH, 1626280238614311289, MDW, -1
<134>2021-07-14T16:30:40Z cache-cmh21547 MEWElogs[370074]: FLIPH, 1626280239628573759, CMH, 10
<134>2021-07-14T16:31:16Z cache-bog6425 MEWElogs[370074]: FLIPH, 1626280276107750756, BOG, 10
<134>2021-07-14T16:31:35Z cache-mdw17383 MEWElogs[370074]: FLIPH, 1626280295004649058, MDW, -1
