<134>2021-07-15T06:42:06Z cache-akl10324 MEWElogs[320228]: UNSH, 1626331326395720756, AKL, 16
<134>2021-07-15T06:42:12Z cache-den8274 MEWElogs[320228]: UNSH, 1626331331693398561, DEN, 16
<134>2021-07-15T06:42:21Z cache-den8274 MEWElogs[320228]: UNSH, 1626331340835767057, DEN, 16
<134>2021-07-15T06:42:56Z cache-cwb20520 MEWElogs[320228]: UNSH, 1626331375572064115, CWB, 16
<134>2021-07-15T06:43:09Z cache-lon4249 MEWElogs[320228]: UNSH, 1626331388594432395, LON, 16
<134>2021-07-15T06:43:13Z cache-iah17271 MEWElogs[320228]: UNSH, 1626331393903824542, IAH, 16
<134>2021-07-15T06:43:18Z cache-bur17583 MEWElogs[320228]: UNSH, 1626331397581622400, BUR, 16
<134>2021-07-15T06:43:57Z cache-dal21283 MEWElogs[320228]: UNSH, 1626331437104651942, DAL, 16
<134>2021-07-15T06:44:23Z cache-lon4249 MEWElogs[320228]: UNSH, 1626331463447118198, LON, 16
<134>2021-07-15T06:44:35Z cache-lcy19283 MEWElogs[320228]: UNSH, 1626331474173359385, LCY, 16
<134>2021-07-15T06:44:39Z cache-dal21283 MEWElogs[320228]: UNSH, 1626331478091212257, DAL, 16
<134>2021-07-15T06:44:52Z cache-hel6829 MEWElogs[320228]: UNSH, 1626331491777297185, HEL, 16
<134>2021-07-15T06:44:57Z cache-iah17271 MEWElogs[320228]: UNSH, 1626331497245184313, IAH, 16
<134>2021-07-15T06:44:58Z cache-bur17583 MEWElogs[320228]: UNSH, 1626331497848783278, BUR, 16
<134>2021-07-15T06:45:44Z cache-iah17271 MEWElogs[320228]: UNSH, 1626331542979080135, IAH, 16
<134>2021-07-15T06:47:01Z cache-bur17583 MEWElogs[320228]: UNSH, 1626331620396230207, BUR, 16
<134>2021-07-15T06:48:27Z cache-hel6829 MEWElogs[320228]: UNSH, 1626331706900859618, HEL, 16
<134>2021-07-15T06:48:59Z cache-lcy19283 MEWElogs[320228]: UNSH, 1626331738905877409, LCY, 16
<134>2021-07-15T06:49:05Z cache-fra19177 MEWElogs[320228]: UNSH, 1626331744748726410, FRA, 16
<134>2021-07-15T06:49:38Z cache-iah17271 MEWElogs[320228]: UNSH, 1626331777759141898, IAH, 16
<134>2021-07-15T06:50:15Z cache-bur17583 MEWElogs[320228]: UNSH, 1626331814700926610, BUR, 16
<134>2021-07-15T06:50:20Z cache-jnb7027 MEWElogs[320228]: UNSH, 1626331820517234513, JNB, 16
<134>2021-07-15T06:50:27Z cache-lcy19283 MEWElogs[320228]: UNSH, 1626331826636672860, LCY, 16
<134>2021-07-15T06:51:12Z cache-hel6829 MEWElogs[320228]: UNSH, 1626331871429752315, HEL, 16
<134>2021-07-15T06:51:12Z cache-lon4249 MEWElogs[320228]: UNSH, 1626331871910411862, LON, 16
<134>2021-07-15T06:51:55Z cache-lcy19283 MEWElogs[320228]: UNSH, 1626331914922254161, LCY, 16
