<134>2021-07-14T17:12:38Z cache-hel6829 MEWElogs[318405]: FLIPH, 1626282757866241533, HEL, 10
<134>2021-07-14T17:12:51Z cache-lcy19283 MEWElogs[318405]: FLIPH, 1626282770954005288, LCY, -1
<134>2021-07-14T17:12:58Z cache-fra19177 MEWElogs[318405]: FLIPH, 1626282777764656649, FRA, -1
<134>2021-07-14T17:13:02Z cache-lon4249 MEWElogs[318405]: FLIPH, 1626282781727627048, LON, 10
<134>2021-07-14T17:13:13Z cache-den8274 MEWElogs[318405]: FLIPH, 1626282793734300325, DEN, -1
<134>2021-07-14T17:13:23Z cache-cwb20520 MEWElogs[318405]: FLIPH, 1626282802532060376, CWB, 10
<134>2021-07-14T17:13:26Z cache-bur17583 MEWElogs[318405]: FLIPH, 1626282805370480920, BUR, -1
<134>2021-07-14T17:13:27Z cache-lon4249 MEWElogs[318405]: FLIPH, 1626282806649348478, LON, 10
<134>2021-07-14T17:13:49Z cache-lon4249 MEWElogs[318405]: FLIPH, 1626282828419325040, LON, -1
<134>2021-07-14T17:14:26Z cache-den8274 MEWElogs[318405]: FLIPH, 1626282865725381786, DEN, -1
<134>2021-07-14T17:14:27Z cache-dal21283 MEWElogs[318405]: FLIPH, 1626282866937377840, DAL, -1
<134>2021-07-14T17:14:38Z cache-bur17583 MEWElogs[318405]: FLIPH, 1626282877116540734, BUR, -1
<134>2021-07-14T17:14:42Z cache-dal21283 MEWElogs[318405]: FLIPH, 1626282881571070516, DAL, 10
<134>2021-07-14T17:15:04Z cache-dal21283 MEWElogs[318405]: FLIPH, 1626282903344976706, DAL, 10
<134>2021-07-14T17:15:05Z cache-mad22068 MEWElogs[318405]: FLIPH, 1626282904088922923, MAD, 10
<134>2021-07-14T17:15:23Z cache-mad22068 MEWElogs[318405]: FLIPH, 1626282922459337647, MAD, 10
<134>2021-07-14T17:15:28Z cache-mad22068 MEWElogs[318405]: FLIPH, 1626282928595430141, MAD, -1
<134>2021-07-14T17:15:50Z cache-iah17271 MEWElogs[318405]: FLIPH, 1626282950172201677, IAH, -1
<134>2021-07-14T17:15:51Z cache-cwb20520 MEWElogs[318405]: FLIPH, 1626282950045716449, CWB, 10
<134>2021-07-14T17:16:03Z cache-bur17583 MEWElogs[318405]: FLIPH, 1626282962486527845, BUR, 10
<134>2021-07-14T17:16:18Z cache-dal21283 MEWElogs[318405]: FLIPH, 1626282978774209065, DAL, -1
<134>2021-07-14T17:16:20Z cache-mrs10583 MEWElogs[318405]: FLIPH, 1626282979004931806, MRS, 10
<134>2021-07-14T17:16:25Z cache-mia11368 MEWElogs[318405]: FLIPH, 1626282984769287101, MIA, -1
<134>2021-07-14T17:16:38Z cache-lhr7382 MEWElogs[318405]: FLIPH, 1626282998328549968, LHR, 10
<134>2021-07-14T17:16:45Z cache-mia11368 MEWElogs[318405]: FLIPH, 1626283005125939195, MIA, -1
<134>2021-07-14T17:16:59Z cache-mad22068 MEWElogs[318405]: FLIPH, 1626283017930513839, MAD, 10
<134>2021-07-14T17:16:59Z cache-jax20933 MEWElogs[318405]: FLIPH, 1626283019129426667, JAX, -1
<134>2021-07-14T17:17:02Z cache-bur17583 MEWElogs[318405]: FLIPH, 1626283021695093173, BUR, -1
<134>2021-07-14T17:17:02Z cache-mci5951 MEWElogs[318405]: FLIPH, 1626283021305026790, MCI, 10
<134>2021-07-14T17:18:38Z cache-jax20933 MEWElogs[318405]: FLIPH, 1626283118470089610, JAX, 10
<134>2021-07-14T17:18:59Z cache-mrs10583 MEWElogs[318405]: FLIPH, 1626283139199036114, MRS, -1
<134>2021-07-14T17:19:15Z cache-hkg17929 MEWElogs[318405]: FLIPH, 1626283154910010460, HKG, -1
<134>2021-07-14T17:19:15Z cache-mrs10583 MEWElogs[318405]: FLIPH, 1626283155445924557, MRS, -1
<134>2021-07-14T17:19:21Z cache-mci5951 MEWElogs[318405]: FLIPH, 1626283160362016816, MCI, -1
<134>2021-07-14T17:19:22Z cache-stp9226 MEWElogs[318405]: FLIPH, 1626283162044938814, STP, -1
<134>2021-07-14T17:19:30Z cache-hkg17929 MEWElogs[318405]: FLIPH, 1626283169012551961, HKG, 10
<134>2021-07-14T17:19:32Z cache-stp9226 MEWElogs[318405]: FLIPH, 1626283172831867960, STP, -1
<134>2021-07-14T17:19:49Z cache-dal21283 MEWElogs[318405]: FLIPH, 1626283189748276194, DAL, 10
<134>2021-07-14T17:20:10Z cache-mia11368 MEWElogs[318405]: FLIPH, 1626283209791763538, MIA, -1
<134>2021-07-14T17:20:41Z cache-lhr7382 MEWElogs[318405]: FLIPH, 1626283241248994086, LHR, -1
<134>2021-07-14T17:21:16Z cache-lhr7382 MEWElogs[318405]: FLIPH, 1626283275983103660, LHR, -1
<134>2021-07-14T17:21:32Z cache-mia11368 MEWElogs[318405]: FLIPH, 1626283290980520201, MIA, -1
<134>2021-07-14T17:21:53Z cache-mrs10583 MEWElogs[318405]: FLIPH, 1626283313104045001, MRS, 10
<134>2021-07-14T17:22:05Z cache-mad22068 MEWElogs[318405]: FLIPH, 1626283325184483024, MAD, -1
<134>2021-07-14T17:22:06Z cache-stp9226 MEWElogs[318405]: FLIPH, 1626283325554217966, STP, -1
<134>2021-07-14T17:22:27Z cache-mad22068 MEWElogs[318405]: FLIPH, 1626283347586188808, MAD, 10
<134>2021-07-14T17:22:30Z cache-bur17583 MEWElogs[318405]: FLIPH, 1626283349684776949, BUR, 10
