<134>2021-07-14T17:22:23Z cache-mia11368 MEWElogs[382896]: FLIPH, 1626283342987714223, MIA, -1
<134>2021-07-14T17:23:07Z cache-lhr7382 MEWElogs[382896]: FLIPH, 1626283386596087789, LHR, 10
<134>2021-07-14T17:23:12Z cache-mia11368 MEWElogs[382896]: FLIPH, 1626283392202047661, MIA, 10
<134>2021-07-14T17:23:29Z cache-jax20933 MEWElogs[382896]: FLIPH, 1626283409397765524, JAX, 10
<134>2021-07-14T17:23:32Z cache-lax10677 MEWElogs[382896]: FLIPH, 1626283411888660187, LGB, -1
<134>2021-07-14T17:23:39Z cache-lhr7382 MEWElogs[382896]: FLIPH, 1626283419382985691, LHR, -1
<134>2021-07-14T17:23:44Z cache-stp9226 MEWElogs[382896]: FLIPH, 1626283423481932639, STP, 10
<134>2021-07-14T17:24:14Z cache-lax10677 MEWElogs[382896]: FLIPH, 1626283453439865050, LGB, -1
<134>2021-07-14T17:24:15Z cache-mad22068 MEWElogs[382896]: FLIPH, 1626283454844484725, MAD, 10
<134>2021-07-14T17:24:49Z cache-yul12826 MEWElogs[382896]: FLIPH, 1626283489285556043, YUL, -1
<134>2021-07-14T17:24:54Z cache-lax10677 MEWElogs[382896]: FLIPH, 1626283493273386521, LGB, -1
<134>2021-07-14T17:25:01Z cache-mci5951 MEWElogs[382896]: FLIPH, 1626283501917880581, MCI, 10
<134>2021-07-14T17:25:06Z cache-jax20933 MEWElogs[382896]: FLIPH, 1626283505299429766, JAX, 10
<134>2021-07-14T17:25:16Z cache-lax10677 MEWElogs[382896]: FLIPH, 1626283515772931773, LGB, 10
<134>2021-07-14T17:25:44Z cache-mrs10583 MEWElogs[382896]: FLIPH, 1626283543465134590, MRS, 10
<134>2021-07-14T17:25:44Z cache-stp9226 MEWElogs[382896]: FLIPH, 1626283543603815616, STP, 10
<134>2021-07-14T17:25:47Z cache-lhr7382 MEWElogs[382896]: FLIPH, 1626283547174760563, LHR, 10
<134>2021-07-14T17:25:53Z cache-jax20933 MEWElogs[382896]: FLIPH, 1626283552975819507, JAX, 10
<134>2021-07-14T17:26:01Z cache-jax20933 MEWElogs[382896]: FLIPH, 1626283560562994065, JAX, -1
<134>2021-07-14T17:26:04Z cache-mci5951 MEWElogs[382896]: FLIPH, 1626283563062425987, MCI, 10
<134>2021-07-14T17:26:05Z cache-mrs10583 MEWElogs[382896]: FLIPH, 1626283564882536496, MRS, -1
<134>2021-07-14T17:26:05Z cache-jax20933 MEWElogs[382896]: FLIPH, 1626283564935559607, JAX, 10
<134>2021-07-14T17:26:09Z cache-mad22068 MEWElogs[382896]: FLIPH, 1626283569487865905, MAD, 10
<134>2021-07-14T17:26:13Z cache-lhr7382 MEWElogs[382896]: FLIPH, 1626283573189489492, LHR, 10
<134>2021-07-14T17:26:17Z cache-mad22068 MEWElogs[382896]: FLIPH, 1626283576370744230, MAD, -1
<134>2021-07-14T17:26:19Z cache-lhr7382 MEWElogs[382896]: FLIPH, 1626283578961468739, LHR, -1
<134>2021-07-14T17:26:32Z cache-mrs10583 MEWElogs[382896]: FLIPH, 1626283591847280246, MRS, 10
<134>2021-07-14T17:26:37Z cache-mrs10583 MEWElogs[382896]: FLIPH, 1626283597153158636, MRS, -1
<134>2021-07-14T17:26:43Z cache-yul12826 MEWElogs[382896]: FLIPH, 1626283603830147333, YUL, 10
<134>2021-07-14T17:27:02Z cache-mci5951 MEWElogs[382896]: FLIPH, 1626283622646554005, MCI, 10
<134>2021-07-14T17:27:29Z cache-stp9226 MEWElogs[382896]: FLIPH, 1626283649036412183, STP, -1
<134>2021-07-14T17:27:42Z cache-mad22068 MEWElogs[382896]: FLIPH, 1626283662248468075, MAD, -1
<134>2021-07-14T17:27:46Z cache-yul12826 MEWElogs[382896]: FLIPH, 1626283665582842812, YUL, -1
<134>2021-07-14T17:27:47Z cache-jax20933 MEWElogs[382896]: FLIPH, 1626283667561564757, JAX, -1
<134>2021-07-14T17:27:52Z cache-hkg17929 MEWElogs[382896]: FLIPH, 1626283671363060898, HKG, -1
<134>2021-07-14T17:27:53Z cache-mrs10583 MEWElogs[382896]: FLIPH, 1626283672877623007, MRS, 10
<134>2021-07-14T17:28:05Z cache-lax10677 MEWElogs[382896]: FLIPH, 1626283685186688206, LGB, 10
<134>2021-07-14T17:28:06Z cache-mrs10583 MEWElogs[382896]: FLIPH, 1626283686338931000, MRS, -1
<134>2021-07-14T17:28:10Z cache-mci5951 MEWElogs[382896]: FLIPH, 1626283689932482760, MCI, -1
<134>2021-07-14T17:28:12Z cache-stp9226 MEWElogs[382896]: FLIPH, 1626283692175601666, STP, -1
<134>2021-07-14T17:28:16Z cache-yul12826 MEWElogs[382896]: FLIPH, 1626283696072202420, YUL, 10
<134>2021-07-14T17:28:35Z cache-lhr7382 MEWElogs[382896]: FLIPH, 1626283714432692931, LHR, 10
<134>2021-07-14T17:28:49Z cache-lhr7382 MEWElogs[382896]: FLIPH, 1626283729067811369, LHR, -1
<134>2021-07-14T17:28:59Z cache-mrs10583 MEWElogs[382896]: FLIPH, 1626283738033934378, MRS, 10
<134>2021-07-14T17:29:09Z cache-hkg17929 MEWElogs[382896]: FLIPH, 1626283749575836247, HKG, 10
<134>2021-07-14T17:29:10Z cache-mia11368 MEWElogs[382896]: FLIPH, 1626283749496356519, MIA, 10
<134>2021-07-14T17:29:10Z cache-stp9226 MEWElogs[382896]: FLIPH, 1626283749535065015, STP, 10
<134>2021-07-14T17:29:16Z cache-lhr7382 MEWElogs[382896]: FLIPH, 1626283755351683204, LHR, -1
<134>2021-07-14T17:29:32Z cache-stp9226 MEWElogs[382896]: FLIPH, 1626283771066459058, STP, 10
<134>2021-07-14T17:29:41Z cache-lhr7382 MEWElogs[382896]: FLIPH, 1626283780920040549, LHR, -1
<134>2021-07-14T17:29:58Z cache-man4150 MEWElogs[382896]: FLIPH, 1626283798339533856, MAN, -1
<134>2021-07-14T17:30:02Z cache-man4150 MEWElogs[382896]: FLIPH, 1626283801173707195, MAN, 10
<134>2021-07-14T17:30:09Z cache-man4150 MEWElogs[382896]: FLIPH, 1626283809504735971, MAN, 10
<134>2021-07-14T17:30:20Z cache-lax10677 MEWElogs[382896]: FLIPH, 1626283820005237332, LGB, -1
<134>2021-07-14T17:30:30Z cache-lax10677 MEWElogs[382896]: FLIPH, 1626283830013355169, LGB, -1
<134>2021-07-14T17:30:35Z cache-man4150 MEWElogs[382896]: FLIPH, 1626283834756192477, MAN, 10
<134>2021-07-14T17:30:45Z cache-mel11272 MEWElogs[382896]: FLIPH, 1626283844013384945, MEL, 10
<134>2021-07-14T17:30:48Z cache-mia11368 MEWElogs[382896]: FLIPH, 1626283847802590630, MIA, -1
<134>2021-07-14T17:31:00Z cache-lax10677 MEWElogs[382896]: FLIPH, 1626283859866349084, LGB, -1
<134>2021-07-14T17:31:13Z cache-lax10677 MEWElogs[382896]: FLIPH, 1626283873128089222, LGB, 10
<134>2021-07-14T17:31:15Z cache-mel11272 MEWElogs[382896]: FLIPH, 1626283874681496678, MEL, 10
<134>2021-07-14T17:31:26Z cache-mci5951 MEWElogs[382896]: FLIPH, 1626283885234748220, MCI, 10
<134>2021-07-14T17:31:29Z cache-jax20933 MEWElogs[382896]: FLIPH, 1626283888464551630, JAX, 10
<134>2021-07-14T17:31:29Z cache-man4150 MEWElogs[382896]: FLIPH, 1626283888903140723, MAN, -1
<134>2021-07-14T17:31:44Z cache-ewr18156 MEWElogs[382896]: FLIPH, 1626283903685541625, EWR, 10
<134>2021-07-14T17:31:52Z cache-osl6529 MEWElogs[382896]: FLIPH, 1626283911708044669, OSL, -1
<134>2021-07-14T17:31:52Z cache-mia11368 MEWElogs[382896]: FLIPH, 1626283911799591394, MIA, 10
<134>2021-07-14T17:32:00Z cache-jax20933 MEWElogs[382896]: FLIPH, 1626283920153257190, JAX, -1
<134>2021-07-14T17:32:11Z cache-man4150 MEWElogs[382896]: FLIPH, 1626283930642574599, MAN, -1
<134>2021-07-14T17:32:11Z cache-ewr18156 MEWElogs[382896]: FLIPH, 1626283931522899675, EWR, 10
<134>2021-07-14T17:32:13Z cache-mel11272 MEWElogs[382896]: FLIPH, 1626283932716663039, MEL, -1
