<134>2021-07-14T17:42:29Z cache-gig17035 MEWElogs[503012]: FLIPH, 1626284549134486172, GIG, 10
<134>2021-07-14T17:42:34Z cache-ewr18156 MEWElogs[503012]: FLIPH, 1626284554306168527, EWR, 10
<134>2021-07-14T17:42:54Z cache-cdg20720 MEWElogs[503012]: FLIPH, 1626284573852453839, CDG, 10
<134>2021-07-14T17:42:58Z cache-mel11272 MEWElogs[503012]: FLIPH, 1626284577308423022, MEL, 10
<134>2021-07-14T17:43:04Z cache-cdg20720 MEWElogs[503012]: FLIPH, 1626284584078982925, CDG, 10
<134>2021-07-14T17:43:15Z cache-stl4834 MEWElogs[503012]: FLIPH, 1626284595149157855, STL, 10
<134>2021-07-14T17:43:22Z cache-ewr18156 MEWElogs[503012]: FLIPH, 1626284601729774097, EWR, 10
<134>2021-07-14T17:43:29Z cache-bom4751 MEWElogs[503012]: FLIPH, 1626284608477815317, BOM, 10
<134>2021-07-14T17:43:31Z cache-cdg20720 MEWElogs[503012]: FLIPH, 1626284611228744977, CDG, -1
<134>2021-07-14T17:43:36Z cache-bom4751 MEWElogs[503012]: FLIPH, 1626284615827564684, BOM, -1
<134>2021-07-14T17:43:48Z cache-gru17149 MEWElogs[503012]: FLIPH, 1626284627811526008, GRU, -1
<134>2021-07-14T17:43:50Z cache-ewr18156 MEWElogs[503012]: FLIPH, 1626284629908408208, EWR, 10
<134>2021-07-14T17:44:00Z cache-lga21983 MEWElogs[503012]: FLIPH, 1626284639672376684, LGA, 10
<134>2021-07-14T17:44:14Z cache-gig17035 MEWElogs[503012]: FLIPH, 1626284653912921589, GIG, -1
<134>2021-07-14T17:44:16Z cache-bom4751 MEWElogs[503012]: FLIPH, 1626284655233863304, BOM, -1
<134>2021-07-14T17:44:17Z cache-scl19427 MEWElogs[503012]: FLIPH, 1626284656687438537, SCL, -1
<134>2021-07-14T17:44:25Z cache-cdg20720 MEWElogs[503012]: FLIPH, 1626284665129973928, CDG, 10
<134>2021-07-14T17:44:36Z cache-lga21983 MEWElogs[503012]: FLIPH, 1626284675838067958, LGA, -1
<134>2021-07-14T17:44:37Z cache-bom4751 MEWElogs[503012]: FLIPH, 1626284677568145361, BOM, 10
<134>2021-07-14T17:44:46Z cache-lga21983 MEWElogs[503012]: FLIPH, 1626284685709759146, LGA, -1
<134>2021-07-14T17:45:18Z cache-stl4834 MEWElogs[503012]: FLIPH, 1626284717746064818, STL, -1
<134>2021-07-14T17:45:35Z cache-osl6529 MEWElogs[503012]: FLIPH, 1626284734812587454, OSL, -1
<134>2021-07-14T17:46:00Z cache-ewr18156 MEWElogs[503012]: FLIPH, 1626284760891667603, EWR, 10
<134>2021-07-14T17:46:05Z cache-bom4751 MEWElogs[503012]: FLIPH, 1626284765172290217, BOM, 10
<134>2021-07-14T17:46:06Z cache-scl19427 MEWElogs[503012]: FLIPH, 1626284765973994653, SCL, -1
<134>2021-07-14T17:46:22Z cache-scl19427 MEWElogs[503012]: FLIPH, 1626284781398509615, SCL, 10
<134>2021-07-14T17:46:30Z cache-osl6529 MEWElogs[503012]: FLIPH, 1626284789669939304, OSL, -1
<134>2021-07-14T17:46:35Z cache-bom4751 MEWElogs[503012]: FLIPH, 1626284793918664893, BOM, 10
<134>2021-07-14T17:46:43Z cache-bom4751 MEWElogs[503012]: FLIPH, 1626284803627368937, BOM, 10
<134>2021-07-14T17:46:44Z cache-lga21983 MEWElogs[503012]: FLIPH, 1626284804047438637, LGA, -1
<134>2021-07-14T17:46:48Z cache-lga21983 MEWElogs[503012]: FLIPH, 1626284807286604385, LGA, 10
<134>2021-07-14T17:46:54Z cache-gig17035 MEWElogs[503012]: FLIPH, 1626284813674700011, GIG, 10
<134>2021-07-14T17:46:59Z cache-syd10183 MEWElogs[503012]: FLIPH, 1626284818851032291, SYD, -1
<134>2021-07-14T17:47:12Z cache-syd10183 MEWElogs[503012]: FLIPH, 1626284831753730435, SYD, 10
<134>2021-07-14T17:47:14Z cache-gig17035 MEWElogs[503012]: FLIPH, 1626284834351727351, GIG, -1
<134>2021-07-14T17:47:50Z cache-pao17461 MEWElogs[503012]: FLIPH, 1626284869129538931, PAO, -1
<134>2021-07-14T17:47:51Z cache-hnd18722 MEWElogs[503012]: FLIPH, 1626284871251453712, HND, 10
<134>2021-07-14T17:47:58Z cache-scl19427 MEWElogs[503012]: FLIPH, 1626284878124884474, SCL, 10
<134>2021-07-14T17:48:11Z cache-itm18851 MEWElogs[503012]: FLIPH, 1626284891468010939, ITM, -1
<134>2021-07-14T17:48:17Z cache-gig17035 MEWElogs[503012]: FLIPH, 1626284896934696702, GIG, 10
<134>2021-07-14T17:48:31Z cache-scl19427 MEWElogs[503012]: FLIPH, 1626284911152345295, SCL, -1
<134>2021-07-14T17:48:35Z cache-gru17149 MEWElogs[503012]: FLIPH, 1626284913912072554, GRU, -1
<134>2021-07-14T17:48:36Z cache-itm18851 MEWElogs[503012]: FLIPH, 1626284915050830959, ITM, 10
<134>2021-07-14T17:48:37Z cache-gru17149 MEWElogs[503012]: FLIPH, 1626284916618836067, GRU, 10
<134>2021-07-14T17:48:42Z cache-stl4834 MEWElogs[503012]: FLIPH, 1626284922361707818, STL, 10
<134>2021-07-14T17:48:57Z cache-bom4751 MEWElogs[503012]: FLIPH, 1626284937076875568, BOM, -1
<134>2021-07-14T17:49:05Z cache-pao17461 MEWElogs[503012]: FLIPH, 1626284945031765649, PAO, 10
<134>2021-07-14T17:49:06Z cache-itm18851 MEWElogs[503012]: FLIPH, 1626284946047594842, ITM, 10
<134>2021-07-14T17:49:14Z cache-itm18851 MEWElogs[503012]: FLIPH, 1626284953784365273, ITM, -1
<134>2021-07-14T17:49:20Z cache-bom4751 MEWElogs[503012]: FLIPH, 1626284959573807512, BOM, 10
<134>2021-07-14T17:49:21Z cache-cdg20720 MEWElogs[503012]: FLIPH, 1626284960270792643, CDG, 10
<134>2021-07-14T17:49:23Z cache-gru17149 MEWElogs[503012]: FLIPH, 1626284961948841062, GRU, -1
<134>2021-07-14T17:49:23Z cache-pao17461 MEWElogs[503012]: FLIPH, 1626284962858394371, PAO, -1
<134>2021-07-14T17:49:25Z cache-gru17149 MEWElogs[503012]: FLIPH, 1626284964673861255, GRU, 10
<134>2021-07-14T17:49:27Z cache-hnd18722 MEWElogs[503012]: FLIPH, 1626284966851946704, HND, 10
<134>2021-07-14T17:49:35Z cache-scl19427 MEWElogs[503012]: FLIPH, 1626284974810796522, SCL, 10
<134>2021-07-14T17:49:37Z cache-cdg20720 MEWElogs[503012]: FLIPH, 1626284976754720424, CDG, -1
<134>2021-07-14T17:49:47Z cache-pao17461 MEWElogs[503012]: FLIPH, 1626284986493345709, PAO, 10
<134>2021-07-14T17:49:47Z cache-cdg20720 MEWElogs[503012]: FLIPH, 1626284986583833855, CDG, -1
<134>2021-07-14T17:49:48Z cache-itm18851 MEWElogs[503012]: FLIPH, 1626284987474067708, ITM, 10
<134>2021-07-14T17:49:52Z cache-gig17035 MEWElogs[503012]: FLIPH, 1626284992243933475, GIG, 10
<134>2021-07-14T17:49:54Z cache-syd10183 MEWElogs[503012]: FLIPH, 1626284993079942727, SYD, 10
<134>2021-07-14T17:49:56Z cache-hnd18722 MEWElogs[503012]: FLIPH, 1626284995711562065, HND, -1
<134>2021-07-14T17:50:07Z cache-cgh11122 MEWElogs[503012]: FLIPH, 1626285007683759065, CGH, -1
<134>2021-07-14T17:50:10Z cache-gru17149 MEWElogs[503012]: FLIPH, 1626285009438781741, GRU, -1
<134>2021-07-14T17:50:15Z cache-pao17461 MEWElogs[503012]: FLIPH, 1626285014586339549, PAO, -1
<134>2021-07-14T17:50:19Z cache-cgh11122 MEWElogs[503012]: FLIPH, 1626285018354412619, CGH, -1
<134>2021-07-14T17:50:37Z cache-bom4751 MEWElogs[503012]: FLIPH, 1626285036662936577, BOM, 10
<134>2021-07-14T17:50:41Z cache-gru17149 MEWElogs[503012]: FLIPH, 1626285040770860574, GRU, 10
<134>2021-07-14T17:50:53Z cache-bom4751 MEWElogs[503012]: FLIPH, 1626285053100150025, BOM, -1
<134>2021-07-14T17:50:57Z cache-gru17149 MEWElogs[503012]: FLIPH, 1626285056895057874, GRU, -1
<134>2021-07-14T17:50:59Z cache-scl19427 MEWElogs[503012]: FLIPH, 1626285058759235319, SCL, 10
<134>2021-07-14T17:51:04Z cache-hnd18722 MEWElogs[503012]: FLIPH, 1626285063353518016, HND, 10
<134>2021-07-14T17:51:10Z cache-cgh11122 MEWElogs[503012]: FLIPH, 1626285069749560761, CGH, -1
<134>2021-07-14T17:51:22Z cache-itm18851 MEWElogs[503012]: FLIPH, 1626285081349745583, ITM, 10
<134>2021-07-14T17:51:24Z cache-gig17035 MEWElogs[503012]: FLIPH, 1626285083730590765, GIG, -1
<134>2021-07-14T17:51:27Z cache-stl4834 MEWElogs[503012]: FLIPH, 1626285086648223717, STL, -1
<134>2021-07-14T17:51:49Z cache-pao17461 MEWElogs[503012]: FLIPH, 1626285108544756253, PAO, -1
<134>2021-07-14T17:51:57Z cache-gru17149 MEWElogs[503012]: FLIPH, 1626285116536006911, GRU, 10
<134>2021-07-14T17:52:01Z cache-stl4834 MEWElogs[503012]: FLIPH, 1626285121139614964, STL, 10
<134>2021-07-14T17:52:03Z cache-gig17035 MEWElogs[503012]: FLIPH, 1626285122943003586, GIG, 10
<134>2021-07-14T17:52:14Z cache-itm18851 MEWElogs[503012]: FLIPH, 1626285133276990708, ITM, 10
<134>2021-07-14T17:52:20Z cache-pao17461 MEWElogs[503012]: FLIPH, 1626285139963245883, PAO, -1
<134>2021-07-14T17:52:21Z cache-itm18851 MEWElogs[503012]: FLIPH, 1626285140940298911, ITM, -1
<134>2021-07-14T17:52:24Z cache-bom4751 MEWElogs[503012]: FLIPH, 1626285143773828211, BOM, 10
