<134>2021-07-14T17:32:24Z cache-jax20933 MEWElogs[46369]: FLIPH, 1626283943785146571, JAX, -1
<134>2021-07-14T17:32:29Z cache-jax20933 MEWElogs[46369]: FLIPH, 1626283948446457126, JAX, 10
<134>2021-07-14T17:32:36Z cache-mel11272 MEWElogs[46369]: FLIPH, 1626283955616163981, MEL, 10
<134>2021-07-14T17:32:44Z cache-mel11272 MEWElogs[46369]: FLIPH, 1626283963208403974, MEL, -1
<134>2021-07-14T17:33:04Z cache-man4150 MEWElogs[46369]: FLIPH, 1626283984052115712, MAN, 10
<134>2021-07-14T17:33:07Z cache-lga21983 MEWElogs[46369]: FLIPH, 1626283986336122536, LGA, 10
<134>2021-07-14T17:33:09Z cache-yul12826 MEWElogs[46369]: FLIPH, 1626283988891225970, YUL, -1
<134>2021-07-14T17:33:10Z cache-stp9226 MEWElogs[46369]: FLIPH, 1626283989292479436, STP, 10
<134>2021-07-14T17:33:30Z cache-cdg20720 MEWElogs[46369]: FLIPH, 1626284009553595049, CDG, -1
<134>2021-07-14T17:33:33Z cache-lax10677 MEWElogs[46369]: FLIPH, 1626284013191733372, LGB, 10
<134>2021-07-14T17:33:37Z cache-yul12826 MEWElogs[46369]: FLIPH, 1626284017088216028, YUL, -1
<134>2021-07-14T17:33:41Z cache-ewr18156 MEWElogs[46369]: FLIPH, 1626284020601184462, EWR, -1
<134>2021-07-14T17:34:03Z cache-lax10677 MEWElogs[46369]: FLIPH, 1626284043014497278, LGB, 10
<134>2021-07-14T17:34:03Z cache-man4150 MEWElogs[46369]: FLIPH, 1626284043199059269, MAN, 10
<134>2021-07-14T17:34:16Z cache-mel11272 MEWElogs[46369]: FLIPH, 1626284055114939774, MEL, -1
<134>2021-07-14T17:34:33Z cache-yul12826 MEWElogs[46369]: FLIPH, 1626284073350648200, YUL, -1
<134>2021-07-14T17:34:36Z cache-lga21983 MEWElogs[46369]: FLIPH, 1626284075817382462, LGA, 10
<134>2021-07-14T17:34:43Z cache-lax10677 MEWElogs[46369]: FLIPH, 1626284082799560581, LGB, 10
<134>2021-07-14T17:34:46Z cache-mel11272 MEWElogs[46369]: FLIPH, 1626284085616520033, MEL, -1
<134>2021-07-14T17:35:01Z cache-osl6529 MEWElogs[46369]: FLIPH, 1626284100369747490, OSL, 10
<134>2021-07-14T17:35:05Z cache-cdg20720 MEWElogs[46369]: FLIPH, 1626284105133049766, CDG, 10
<134>2021-07-14T17:35:10Z cache-yul12826 MEWElogs[46369]: FLIPH, 1626284110318114126, YUL, -1
<134>2021-07-14T17:35:14Z cache-yul12826 MEWElogs[46369]: FLIPH, 1626284113322702996, YUL, 10
<134>2021-07-14T17:35:24Z cache-gig17035 MEWElogs[46369]: FLIPH, 1626284123582951210, GIG, -1
<134>2021-07-14T17:35:29Z cache-yul12826 MEWElogs[46369]: FLIPH, 1626284128787452711, YUL, -1
<134>2021-07-14T17:35:32Z cache-yul12826 MEWElogs[46369]: FLIPH, 1626284131822578497, YUL, 10
<134>2021-07-14T17:35:59Z cache-lax10677 MEWElogs[46369]: FLIPH, 1626284159062941294, LGB, -1
<134>2021-07-14T17:36:11Z cache-lga21983 MEWElogs[46369]: FLIPH, 1626284170830113776, LGA, -1
<134>2021-07-14T17:36:22Z cache-cdg20720 MEWElogs[46369]: FLIPH, 1626284182293071772, CDG, -1
<134>2021-07-14T17:36:46Z cache-bom4751 MEWElogs[46369]: FLIPH, 1626284205121078610, BOM, -1
<134>2021-07-14T17:36:49Z cache-lax10677 MEWElogs[46369]: FLIPH, 1626284208991253685, LGB, -1
<134>2021-07-14T17:36:49Z cache-scl19427 MEWElogs[46369]: FLIPH, 1626284208993601880, SCL, -1
<134>2021-07-14T17:37:12Z cache-gig17035 MEWElogs[46369]: FLIPH, 1626284231506654051, GIG, -1
<134>2021-07-14T17:37:15Z cache-osl6529 MEWElogs[46369]: FLIPH, 1626284235718077434, OSL, -1
<134>2021-07-14T17:37:23Z cache-gig17035 MEWElogs[46369]: FLIPH, 1626284243522228920, GIG, -1
<134>2021-07-14T17:37:32Z cache-ewr18156 MEWElogs[46369]: FLIPH, 1626284251975443031, EWR, -1
<134>2021-07-14T17:37:33Z cache-lga21983 MEWElogs[46369]: FLIPH, 1626284252657169992, LGA, 10
<134>2021-07-14T17:37:45Z cache-bom4751 MEWElogs[46369]: FLIPH, 1626284264267973443, BOM, -1
<134>2021-07-14T17:38:00Z cache-ewr18156 MEWElogs[46369]: FLIPH, 1626284279096093176, EWR, -1
<134>2021-07-14T17:38:01Z cache-lax10677 MEWElogs[46369]: FLIPH, 1626284281533717204, LGB, 10
<134>2021-07-14T17:38:02Z cache-scl19427 MEWElogs[46369]: FLIPH, 1626284281520338641, SCL, -1
<134>2021-07-14T17:38:15Z cache-man4150 MEWElogs[46369]: FLIPH, 1626284294442993698, MAN, 10
<134>2021-07-14T17:38:29Z cache-man4150 MEWElogs[46369]: FLIPH, 1626284308770620714, MAN, -1
<134>2021-07-14T17:38:36Z cache-ewr18156 MEWElogs[46369]: FLIPH, 1626284315849898162, EWR, -1
<134>2021-07-14T17:38:37Z cache-bom4751 MEWElogs[46369]: FLIPH, 1626284316165816634, BOM, 10
<134>2021-07-14T17:38:39Z cache-gig17035 MEWElogs[46369]: FLIPH, 1626284319656312905, GIG, 10
<134>2021-07-14T17:38:42Z cache-lga21983 MEWElogs[46369]: FLIPH, 1626284321827922695, LGA, 10
<134>2021-07-14T17:38:51Z cache-gig17035 MEWElogs[46369]: FLIPH, 1626284331483605171, GIG, 10
<134>2021-07-14T17:38:59Z cache-lga21983 MEWElogs[46369]: FLIPH, 1626284338402476124, LGA, -1
<134>2021-07-14T17:39:00Z cache-gig17035 MEWElogs[46369]: FLIPH, 1626284340044939461, GIG, -1
<134>2021-07-14T17:39:05Z cache-man4150 MEWElogs[46369]: FLIPH, 1626284344694270127, MAN, 10
<134>2021-07-14T17:39:23Z cache-bom4751 MEWElogs[46369]: FLIPH, 1626284362387998449, BOM, -1
<134>2021-07-14T17:39:34Z cache-ewr18156 MEWElogs[46369]: FLIPH, 1626284374617502520, EWR, 10
<134>2021-07-14T17:39:45Z cache-mel11272 MEWElogs[46369]: FLIPH, 1626284384179034235, MEL, 10
<134>2021-07-14T17:39:57Z cache-osl6529 MEWElogs[46369]: FLIPH, 1626284396396815070, OSL, 10
<134>2021-07-14T17:40:09Z cache-ewr18156 MEWElogs[46369]: FLIPH, 1626284408544670330, EWR, -1
<134>2021-07-14T17:40:13Z cache-gig17035 MEWElogs[46369]: FLIPH, 1626284412651445531, GIG, -1
<134>2021-07-14T17:40:35Z cache-man4150 MEWElogs[46369]: FLIPH, 1626284434418969838, MAN, -1
<134>2021-07-14T17:40:38Z cache-lga21983 MEWElogs[46369]: FLIPH, 1626284438463869669, LGA, -1
<134>2021-07-14T17:40:50Z cache-ewr18156 MEWElogs[46369]: FLIPH, 1626284449817618738, EWR, 10
<134>2021-07-14T17:40:53Z cache-bom4751 MEWElogs[46369]: FLIPH, 1626284452356961890, BOM, 10
<134>2021-07-14T17:40:55Z cache-mel11272 MEWElogs[46369]: FLIPH, 1626284454551632661, MEL, 10
<134>2021-07-14T17:40:56Z cache-gru17149 MEWElogs[46369]: FLIPH, 1626284455712044433, GRU, -1
<134>2021-07-14T17:41:00Z cache-osl6529 MEWElogs[46369]: FLIPH, 1626284460196381636, OSL, 10
<134>2021-07-14T17:41:07Z cache-osl6529 MEWElogs[46369]: FLIPH, 1626284466551564065, OSL, -1
<134>2021-07-14T17:41:07Z cache-ewr18156 MEWElogs[46369]: FLIPH, 1626284466206870296, EWR, -1
<134>2021-07-14T17:41:07Z cache-man4150 MEWElogs[46369]: FLIPH, 1626284466707349847, MAN, -1
<134>2021-07-14T17:41:12Z cache-mel11272 MEWElogs[46369]: FLIPH, 1626284472442423752, MEL, -1
<134>2021-07-14T17:41:22Z cache-lga21983 MEWElogs[46369]: FLIPH, 1626284481379262038, LGA, 10
<134>2021-07-14T17:41:30Z cache-gig17035 MEWElogs[46369]: FLIPH, 1626284489421064322, GIG, 10
<134>2021-07-14T17:41:38Z cache-bom4751 MEWElogs[46369]: FLIPH, 1626284497330187439, BOM, -1
<134>2021-07-14T17:41:46Z cache-osl6529 MEWElogs[46369]: FLIPH, 1626284506736284275, OSL, 10
<134>2021-07-14T17:41:53Z cache-osl6529 MEWElogs[46369]: FLIPH, 1626284512662306670, OSL, -1
<134>2021-07-14T17:41:56Z cache-osl6529 MEWElogs[46369]: FLIPH, 1626284515996647166, OSL, 10
<134>2021-07-14T17:42:07Z cache-scl19427 MEWElogs[46369]: FLIPH, 1626284527280663222, SCL, 10
<134>2021-07-14T17:42:13Z cache-cdg20720 MEWElogs[46369]: FLIPH, 1626284533241220377, CDG, 10
<134>2021-07-14T17:42:13Z cache-man4150 MEWElogs[46369]: FLIPH, 1626284532771003662, MAN, -1
<134>2021-07-14T17:42:20Z cache-bom4751 MEWElogs[46369]: FLIPH, 1626284539775203897, BOM, 10
