<134>2021-07-14T17:43:58Z cache-gru17149 MEWElogs[318405]: FLIPH, 1626284637409693172, GRU, -1
<134>2021-07-14T17:43:59Z cache-bom4751 MEWElogs[318405]: FLIPH, 1626284638969588647, BOM, 10
<134>2021-07-14T17:44:46Z cache-scl19427 MEWElogs[318405]: FLIPH, 1626284685030053233, SCL, 10
<134>2021-07-14T17:44:54Z cache-scl19427 MEWElogs[318405]: FLIPH, 1626284693748183956, SCL, -1
<134>2021-07-14T17:44:56Z cache-ewr18156 MEWElogs[318405]: FLIPH, 1626284695215082908, EWR, 10
<134>2021-07-14T17:45:04Z cache-ewr18156 MEWElogs[318405]: FLIPH, 1626284704632293230, EWR, 10
<134>2021-07-14T17:45:07Z cache-mel11272 MEWElogs[318405]: FLIPH, 1626284706491386239, MEL, -1
<134>2021-07-14T17:45:37Z cache-cdg20720 MEWElogs[318405]: FLIPH, 1626284736343859723, CDG, 10
<134>2021-07-14T17:45:58Z cache-scl19427 MEWElogs[318405]: FLIPH, 1626284757419359549, SCL, 10
<134>2021-07-14T17:46:14Z cache-lga21983 MEWElogs[318405]: FLIPH, 1626284774317082389, LGA, -1
<134>2021-07-14T17:46:49Z cache-itm18851 MEWElogs[318405]: FLIPH, 1626284807973662333, ITM, -1
<134>2021-07-14T17:46:50Z cache-gig17035 MEWElogs[318405]: FLIPH, 1626284810449408486, GIG, -1
<134>2021-07-14T17:47:56Z cache-gru17149 MEWElogs[318405]: FLIPH, 1626284875549161699, GRU, -1
<134>2021-07-14T17:47:59Z cache-bom4751 MEWElogs[318405]: FLIPH, 1626284878764593329, BOM, -1
<134>2021-07-14T17:48:26Z cache-cdg20720 MEWElogs[318405]: FLIPH, 1626284906096296844, CDG, -1
<134>2021-07-14T17:48:37Z cache-bom4751 MEWElogs[318405]: FLIPH, 1626284917485413485, BOM, -1
<134>2021-07-14T17:48:40Z cache-cdg20720 MEWElogs[318405]: FLIPH, 1626284919428311643, CDG, 10
<134>2021-07-14T17:48:51Z cache-bom4751 MEWElogs[318405]: FLIPH, 1626284930206409783, BOM, 10
<134>2021-07-14T17:48:59Z cache-scl19427 MEWElogs[318405]: FLIPH, 1626284939010022503, SCL, 10
<134>2021-07-14T17:49:33Z cache-pao17461 MEWElogs[318405]: FLIPH, 1626284973186715557, PAO, -1
<134>2021-07-14T17:49:49Z cache-gig17035 MEWElogs[318405]: FLIPH, 1626284988815977529, GIG, -1
<134>2021-07-14T17:49:57Z cache-cdg20720 MEWElogs[318405]: FLIPH, 1626284996833293864, CDG, -1
<134>2021-07-14T17:49:59Z cache-bom4751 MEWElogs[318405]: FLIPH, 1626284998411904051, BOM, 10
<134>2021-07-14T17:50:10Z cache-hnd18722 MEWElogs[318405]: FLIPH, 1626285009061392661, HND, 10
<134>2021-07-14T17:50:17Z cache-itm18851 MEWElogs[318405]: FLIPH, 1626285016313426291, ITM, -1
<134>2021-07-14T17:51:11Z cache-scl19427 MEWElogs[318405]: FLIPH, 1626285070800660010, SCL, 10
<134>2021-07-14T17:51:35Z cache-gru17149 MEWElogs[318405]: FLIPH, 1626285094889763025, GRU, -1
<134>2021-07-14T17:51:47Z cache-stl4834 MEWElogs[318405]: FLIPH, 1626285107464398563, STL, -1
<134>2021-07-14T17:51:51Z cache-itm18851 MEWElogs[318405]: FLIPH, 1626285109966113959, ITM, -1
<134>2021-07-14T17:52:18Z cache-hnd18722 MEWElogs[318405]: FLIPH, 1626285137656689822, HND, 10
<134>2021-07-14T17:52:32Z cache-cgh11122 MEWElogs[318405]: FLIPH, 1626285151033818570, CGH, -1
<134>2021-07-14T17:52:50Z cache-hnd18722 MEWElogs[318405]: FLIPH, 1626285169779266297, HND, 10
<134>2021-07-14T17:52:51Z cache-gig17035 MEWElogs[318405]: FLIPH, 1626285170538751462, GIG, 10
<134>2021-07-14T17:53:12Z cache-scl19427 MEWElogs[318405]: FLIPH, 1626285192367377636, SCL, 10
<134>2021-07-14T17:53:44Z cache-scl19427 MEWElogs[318405]: FLIPH, 1626285224575182391, SCL, -1
<134>2021-07-14T17:53:48Z cache-itm18851 MEWElogs[318405]: FLIPH, 1626285227155828590, ITM, 10
<134>2021-07-14T17:53:53Z cache-pao17461 MEWElogs[318405]: FLIPH, 1626285233210390234, PAO, -1
