<134>2021-07-14T21:00:14Z cache-eze19324 MEWElogs[412844]: BLUR, 1626296413752028227, EZE, 11
<134>2021-07-14T21:00:25Z cache-cmh21547 MEWElogs[412844]: BLUR, 1626296424719013757, CMH, 11
<134>2021-07-14T21:01:09Z cache-wdc5583 MEWElogs[412844]: BLUR, 1626296468936707476, WDC, 11
<134>2021-07-14T21:01:45Z cache-wdc5583 MEWElogs[412844]: BLUR, 1626296504725334583, WDC, 11
<134>2021-07-14T21:02:26Z cache-ams21020 MEWElogs[412844]: BLUR, 1626296545731239687, AMS, 11
<134>2021-07-14T21:02:37Z cache-ord1740 MEWElogs[412844]: BLUR, 1626296556724285301, ORD, 11
<134>2021-07-14T21:03:09Z cache-ord1740 MEWElogs[412844]: BLUR, 1626296588039494193, ORD, 11
<134>2021-07-14T21:04:13Z cache-ord1740 MEWElogs[412844]: BLUR, 1626296652151069654, ORD, 11
<134>2021-07-14T21:04:27Z cache-dca17782 MEWElogs[412844]: BLUR, 1626296666967919470, DCA, 11
<134>2021-07-14T21:04:32Z cache-wdc5583 MEWElogs[412844]: BLUR, 1626296671907341914, WDC, 11
<134>2021-07-14T21:04:36Z cache-pdk17882 MEWElogs[412844]: BLUR, 1626296675664342261, PDK, 11
<134>2021-07-14T21:05:09Z cache-wdc5583 MEWElogs[412844]: BLUR, 1626296709010761316, WDC, 11
<134>2021-07-14T21:05:46Z cache-cmh21547 MEWElogs[412844]: BLUR, 1626296745058142620, CMH, 11
<134>2021-07-14T21:05:46Z cache-bog6425 MEWElogs[412844]: BLUR, 1626296746423813355, BOG, 11
<134>2021-07-14T21:05:47Z cache-eze19324 MEWElogs[412844]: BLUR, 1626296746233038331, EZE, 11
<134>2021-07-14T21:06:50Z cache-dca17782 MEWElogs[412844]: BLUR, 1626296810582138355, DCA, 11
<134>2021-07-14T21:07:45Z cache-eze19324 MEWElogs[412844]: BLUR, 1626296864407457128, EZE, 11
<134>2021-07-14T21:08:30Z cache-wdc5583 MEWElogs[412844]: BLUR, 1626296910018193741, WDC, 11
<134>2021-07-14T21:08:32Z cache-ams21020 MEWElogs[412844]: BLUR, 1626296912329111868, AMS, 11
<134>2021-07-14T21:08:57Z cache-mdw17383 MEWElogs[412844]: BLUR, 1626296937292528825, MDW, 11
<134>2021-07-14T21:09:21Z cache-bog6425 MEWElogs[412844]: BLUR, 1626296961300380966, BOG, 11
<134>2021-07-14T21:09:45Z cache-ord1740 MEWElogs[412844]: BLUR, 1626296984657708268, ORD, 11
<134>2021-07-14T21:09:57Z cache-maa10251 MEWElogs[412844]: BLUR, 1626296996642532747, MAA, 11
<134>2021-07-14T21:10:12Z cache-maa10251 MEWElogs[412844]: BLUR, 1626297011255999309, MAA, 11
