<134>2021-07-14T16:21:59Z cache-bog6425 MEWElogs[412844]: FLIPH, 1626279718139078918, BOG, 10
<134>2021-07-14T16:22:12Z cache-mdw17383 MEWElogs[412844]: FLIPH, 1626279731738475740, MDW, 10
<134>2021-07-14T16:22:33Z cache-pdk17882 MEWElogs[412844]: FLIPH, 1626279752432078978, PDK, 10
<134>2021-07-14T16:27:00Z cache-ord1740 MEWElogs[412844]: FLIPH, 1626280019872094475, ORD, 10
<134>2021-07-14T16:27:14Z cache-ams21020 MEWElogs[412844]: FLIPH, 1626280033267251053, AMS, -1
<134>2021-07-14T16:27:14Z cache-eze19324 MEWElogs[412844]: FLIPH, 1626280033749926623, EZE, 10
<134>2021-07-14T16:27:24Z cache-ord1740 MEWElogs[412844]: FLIPH, 1626280044426806993, ORD, -1
<134>2021-07-14T16:27:29Z cache-wdc5583 MEWElogs[412844]: FLIPH, 1626280048081945550, WDC, -1
<134>2021-07-14T16:27:37Z cache-pdk17882 MEWElogs[412844]: FLIPH, 1626280056473051634, PDK, 10
<134>2021-07-14T16:28:13Z cache-eze19324 MEWElogs[412844]: FLIPH, 1626280092446324878, EZE, 10
<134>2021-07-14T16:28:19Z cache-ord1740 MEWElogs[412844]: FLIPH, 1626280099333646201, ORD, -1
<134>2021-07-14T16:28:19Z cache-pdk17882 MEWElogs[412844]: FLIPH, 1626280099298376259, PDK, -1
<134>2021-07-14T16:28:31Z cache-wdc5583 MEWElogs[412844]: FLIPH, 1626280111041653640, WDC, -1
<134>2021-07-14T16:28:39Z cache-bog6425 MEWElogs[412844]: FLIPH, 1626280118350351733, BOG, 10
<134>2021-07-14T16:28:46Z cache-pdk17882 MEWElogs[412844]: FLIPH, 1626280126335770662, PDK, -1
<134>2021-07-14T16:29:11Z cache-dca17782 MEWElogs[412844]: FLIPH, 1626280151323953389, DCA, 10
<134>2021-07-14T16:29:23Z cache-eze19324 MEWElogs[412844]: FLIPH, 1626280163028127986, EZE, 10
<134>2021-07-14T16:29:27Z cache-dca17782 MEWElogs[412844]: FLIPH, 1626280166844892899, DCA, -1
<134>2021-07-14T16:29:30Z cache-maa10251 MEWElogs[412844]: FLIPH, 1626280169356534496, MAA, 10
<134>2021-07-14T16:29:37Z cache-maa10251 MEWElogs[412844]: FLIPH, 1626280176535824082, MAA, -1
<134>2021-07-14T16:29:42Z cache-cmh21547 MEWElogs[412844]: FLIPH, 1626280181287306807, CMH, -1
<134>2021-07-14T16:29:45Z cache-wdc5583 MEWElogs[412844]: FLIPH, 1626280184887603278, WDC, -1
<134>2021-07-14T16:30:26Z cache-maa10251 MEWElogs[412844]: FLIPH, 1626280226542618348, MAA, -1
<134>2021-07-14T16:30:36Z cache-dca17782 MEWElogs[412844]: FLIPH, 1626280236102961922, DCA, 10
<134>2021-07-14T16:30:41Z cache-ams21020 MEWElogs[412844]: FLIPH, 1626280240810427192, AMS, 10
<134>2021-07-14T16:30:46Z cache-eze19324 MEWElogs[412844]: FLIPH, 1626280245582741516, EZE, 10
<134>2021-07-14T16:30:47Z cache-ams21020 MEWElogs[412844]: FLIPH, 1626280246417150191, AMS, -1
<134>2021-07-14T16:30:51Z cache-cmh21547 MEWElogs[412844]: FLIPH, 1626280250996114788, CMH, 10
<134>2021-07-14T16:30:55Z cache-eze19324 MEWElogs[412844]: FLIPH, 1626280254099120965, EZE, -1
<134>2021-07-14T16:31:05Z cache-ams21020 MEWElogs[412844]: FLIPH, 1626280265684098920, AMS, 10
<134>2021-07-14T16:31:13Z cache-pdk17882 MEWElogs[412844]: FLIPH, 1626280272315640061, PDK, -1
<134>2021-07-14T16:31:15Z cache-ams21020 MEWElogs[412844]: FLIPH, 1626280274206937816, AMS, 10
<134>2021-07-14T16:31:21Z cache-pdk17882 MEWElogs[412844]: FLIPH, 1626280281367578471, PDK, -1
<134>2021-07-14T16:31:24Z cache-ams21020 MEWElogs[412844]: FLIPH, 1626280283085953155, AMS, 10
<134>2021-07-14T16:31:38Z cache-dca17782 MEWElogs[412844]: FLIPH, 1626280298573863376, DCA, -1
