<134>2021-07-14T16:22:06Z cache-pdk17882 MEWElogs[39982]: FLIPH, 1626279725088888762, PDK, 10
<134>2021-07-14T16:27:00Z cache-maa10251 MEWElogs[39982]: FLIPH, 1626280020393000136, MAA, 10
<134>2021-07-14T16:27:16Z cache-pdk17882 MEWElogs[39982]: FLIPH, 1626280035396444818, PDK, -1
<134>2021-07-14T16:27:46Z cache-eze19324 MEWElogs[39982]: FLIPH, 1626280065734141019, EZE, -1
<134>2021-07-14T16:27:54Z cache-dca17782 MEWElogs[39982]: FLIPH, 1626280073582137711, DCA, -1
<134>2021-07-14T16:28:03Z cache-mdw17383 MEWElogs[39982]: FLIPH, 1626280083792152222, MDW, -1
<134>2021-07-14T16:28:12Z cache-dca17782 MEWElogs[39982]: FLIPH, 1626280091968758301, DCA, -1
<134>2021-07-14T16:28:17Z cache-maa10251 MEWElogs[39982]: FLIPH, 1626280097189881707, MAA, -1
<134>2021-07-14T16:28:20Z cache-maa10251 MEWElogs[39982]: FLIPH, 1626280099880940364, MAA, 10
<134>2021-07-14T16:28:38Z cache-maa10251 MEWElogs[39982]: FLIPH, 1626280117092684079, MAA, -1
<134>2021-07-14T16:28:47Z cache-ord1740 MEWElogs[39982]: FLIPH, 1626280127058136299, ORD, -1
<134>2021-07-14T16:28:59Z cache-bog6425 MEWElogs[39982]: FLIPH, 1626280137993730402, BOG, 10
<134>2021-07-14T16:29:06Z cache-wdc5583 MEWElogs[39982]: FLIPH, 1626280145946004824, WDC, 10
<134>2021-07-14T16:29:08Z cache-eze19324 MEWElogs[39982]: FLIPH, 1626280148208827876, EZE, -1
<134>2021-07-14T16:29:13Z cache-wdc5583 MEWElogs[39982]: FLIPH, 1626280153106704418, WDC, -1
<134>2021-07-14T16:29:13Z cache-cmh21547 MEWElogs[39982]: FLIPH, 1626280152854093144, CMH, 10
<134>2021-07-14T16:29:30Z cache-dca17782 MEWElogs[39982]: FLIPH, 1626280169955328723, DCA, 10
<134>2021-07-14T16:29:38Z cache-ams21020 MEWElogs[39982]: FLIPH, 1626280177286292758, AMS, -1
<134>2021-07-14T16:29:47Z cache-mdw17383 MEWElogs[39982]: FLIPH, 1626280186707633758, MDW, 10
<134>2021-07-14T16:29:53Z cache-cmh21547 MEWElogs[39982]: FLIPH, 1626280192125094148, CMH, -1
<134>2021-07-14T16:29:55Z cache-wdc5583 MEWElogs[39982]: FLIPH, 1626280195119055102, WDC, -1
<134>2021-07-14T16:30:13Z cache-ord1740 MEWElogs[39982]: FLIPH, 1626280212521203074, ORD, 10
<134>2021-07-14T16:30:28Z cache-ord1740 MEWElogs[39982]: FLIPH, 1626280228059787372, ORD, -1
<134>2021-07-14T16:30:37Z cache-ord1740 MEWElogs[39982]: FLIPH, 1626280237058068812, ORD, -1
<134>2021-07-14T16:30:40Z cache-ord1740 MEWElogs[39982]: FLIPH, 1626280239866643647, ORD, 10
<134>2021-07-14T16:30:59Z cache-cmh21547 MEWElogs[39982]: FLIPH, 1626280258287846738, CMH, -1
<134>2021-07-14T16:31:04Z cache-pdk17882 MEWElogs[39982]: FLIPH, 1626280263226924504, PDK, -1
<134>2021-07-14T16:31:26Z cache-bog6425 MEWElogs[39982]: FLIPH, 1626280285953649610, BOG, 10
<134>2021-07-14T16:31:40Z cache-pdk17882 MEWElogs[39982]: FLIPH, 1626280299390714082, PDK, -1
<134>2021-07-14T16:31:45Z cache-eze19324 MEWElogs[39982]: FLIPH, 1626280305058154208, EZE, 10
