<134>2021-07-14T21:52:23Z cache-lon4249 MEWElogs[382896]: BLUR, 1626299543241702384, LON, 11
<134>2021-07-14T21:52:30Z cache-cwb20520 MEWElogs[382896]: BLUR, 1626299549482397566, CWB, 11
<134>2021-07-14T21:52:32Z cache-hel6829 MEWElogs[382896]: BLUR, 1626299552306110358, HEL, 11
<134>2021-07-14T21:53:10Z cache-fra19177 MEWElogs[382896]: BLUR, 1626299589734543192, FRA, 11
<134>2021-07-14T21:53:19Z cache-lcy19283 MEWElogs[382896]: BLUR, 1626299598195795119, LCY, 11
<134>2021-07-14T21:53:36Z cache-lon4249 MEWElogs[382896]: BLUR, 1626299615859376517, LON, 11
<134>2021-07-14T21:53:47Z cache-den8274 MEWElogs[382896]: BLUR, 1626299626469420959, DEN, 11
<134>2021-07-14T21:53:58Z cache-dal21283 MEWElogs[382896]: BLUR, 1626299637420911591, DAL, 11
<134>2021-07-14T21:54:10Z cache-lcy19283 MEWElogs[382896]: BLUR, 1626299650092378463, LCY, 11
<134>2021-07-14T21:54:33Z cache-iah17271 MEWElogs[382896]: BLUR, 1626299673034821997, IAH, 11
<134>2021-07-14T21:54:38Z cache-dal21283 MEWElogs[382896]: BLUR, 1626299677799220458, DAL, 11
<134>2021-07-14T21:55:19Z cache-dal21283 MEWElogs[382896]: BLUR, 1626299718740888252, DAL, 11
<134>2021-07-14T21:55:20Z cache-hel6829 MEWElogs[382896]: BLUR, 1626299719490677024, HEL, 11
<134>2021-07-14T21:55:53Z cache-fra19177 MEWElogs[382896]: BLUR, 1626299753730625576, FRA, 11
<134>2021-07-14T21:56:07Z cache-den8274 MEWElogs[382896]: BLUR, 1626299766146047481, DEN, 11
<134>2021-07-14T21:56:30Z cache-lon4249 MEWElogs[382896]: BLUR, 1626299789306623647, LON, 11
<134>2021-07-14T21:56:36Z cache-den8274 MEWElogs[382896]: BLUR, 1626299796386263964, DEN, 11
<134>2021-07-14T21:56:40Z cache-fra19177 MEWElogs[382896]: BLUR, 1626299799140375036, FRA, 11
<134>2021-07-14T21:56:50Z cache-lcy19283 MEWElogs[382896]: BLUR, 1626299809688512013, LCY, 11
<134>2021-07-14T21:57:21Z cache-cwb20520 MEWElogs[382896]: BLUR, 1626299840175136913, CWB, 11
<134>2021-07-14T21:59:05Z cache-bur17583 MEWElogs[382896]: BLUR, 1626299945658667396, BUR, 11
<134>2021-07-14T21:59:13Z cache-iah17271 MEWElogs[382896]: BLUR, 1626299952776231691, IAH, 11
<134>2021-07-14T21:59:18Z cache-jnb7027 MEWElogs[382896]: BLUR, 1626299956959633006, JNB, 11
<134>2021-07-14T21:59:22Z cache-lon4249 MEWElogs[382896]: BLUR, 1626299961370518080, LON, 11
<134>2021-07-14T21:59:32Z cache-iah17271 MEWElogs[382896]: BLUR, 1626299972172446363, IAH, 11
<134>2021-07-14T21:59:33Z cache-jnb7027 MEWElogs[382896]: BLUR, 1626299972778903295, JNB, 11
<134>2021-07-14T22:00:20Z cache-hel6829 MEWElogs[382896]: BLUR, 1626300020295399859, HEL, 11
<134>2021-07-14T22:00:33Z cache-bur17583 MEWElogs[382896]: BLUR, 1626300032625993157, BUR, 11
<134>2021-07-14T22:01:06Z cache-jnb7027 MEWElogs[382896]: BLUR, 1626300066061729979, JNB, 11
<134>2021-07-14T22:01:46Z cache-dal21283 MEWElogs[382896]: BLUR, 1626300106025677917, DAL, 11
<134>2021-07-14T22:02:08Z cache-dal21283 MEWElogs[382896]: BLUR, 1626300128043793064, DAL, 11
<134>2021-07-14T22:02:12Z cache-iah17271 MEWElogs[382896]: BLUR, 1626300132512103788, IAH, 11
