<134>2021-07-14T16:21:50Z cache-mdw17383 MEWElogs[503012]: FLIPH, 1626279709730314058, MDW, 10
<134>2021-07-14T16:21:50Z cache-cmh21547 MEWElogs[503012]: FLIPH, 1626279710259187515, CMH, 10
<134>2021-07-14T16:22:03Z cache-ams21020 MEWElogs[503012]: FLIPH, 1626279722764336289, AMS, 10
<134>2021-07-14T16:22:12Z cache-cmh21547 MEWElogs[503012]: FLIPH, 1626279732613993291, CMH, 10
<134>2021-07-14T16:27:19Z cache-mdw17383 MEWElogs[503012]: FLIPH, 1626280039487956165, MDW, -1
<134>2021-07-14T16:27:23Z cache-cmh21547 MEWElogs[503012]: FLIPH, 1626280043210652670, CMH, 10
<134>2021-07-14T16:27:30Z cache-bog6425 MEWElogs[503012]: FLIPH, 1626280049914577974, BOG, 10
<134>2021-07-14T16:27:31Z cache-mdw17383 MEWElogs[503012]: FLIPH, 1626280050880899198, MDW, -1
<134>2021-07-14T16:27:34Z cache-pdk17882 MEWElogs[503012]: FLIPH, 1626280053556081896, PDK, -1
<134>2021-07-14T16:28:01Z cache-eze19324 MEWElogs[503012]: FLIPH, 1626280080622715512, EZE, 10
<134>2021-07-14T16:28:14Z cache-mdw17383 MEWElogs[503012]: FLIPH, 1626280094735250398, MDW, -1
<134>2021-07-14T16:28:28Z cache-bog6425 MEWElogs[503012]: FLIPH, 1626280108329116627, BOG, 10
<134>2021-07-14T16:28:40Z cache-maa10251 MEWElogs[503012]: FLIPH, 1626280119875421380, MAA, 10
<134>2021-07-14T16:28:48Z cache-ams21020 MEWElogs[503012]: FLIPH, 1626280128312886017, AMS, 10
<134>2021-07-14T16:28:50Z cache-ord1740 MEWElogs[503012]: FLIPH, 1626280129905211463, ORD, 10
<134>2021-07-14T16:28:56Z cache-ord1740 MEWElogs[503012]: FLIPH, 1626280136223248587, ORD, -1
<134>2021-07-14T16:28:57Z cache-ams21020 MEWElogs[503012]: FLIPH, 1626280136683395836, AMS, 10
<134>2021-07-14T16:28:59Z cache-mdw17383 MEWElogs[503012]: FLIPH, 1626280138750549061, MDW, -1
<134>2021-07-14T16:29:02Z cache-mdw17383 MEWElogs[503012]: FLIPH, 1626280142185578751, MDW, 10
<134>2021-07-14T16:29:02Z cache-cmh21547 MEWElogs[503012]: FLIPH, 1626280142086170620, CMH, 10
<134>2021-07-14T16:29:03Z cache-ams21020 MEWElogs[503012]: FLIPH, 1626280142349542947, AMS, -1
<134>2021-07-14T16:29:20Z cache-ams21020 MEWElogs[503012]: FLIPH, 1626280159947558767, AMS, -1
<134>2021-07-14T16:29:31Z cache-cmh21547 MEWElogs[503012]: FLIPH, 1626280170611921821, CMH, -1
<134>2021-07-14T16:29:31Z cache-pdk17882 MEWElogs[503012]: FLIPH, 1626280171745105884, PDK, -1
<134>2021-07-14T16:29:39Z cache-dca17782 MEWElogs[503012]: FLIPH, 1626280179086562887, DCA, 10
<134>2021-07-14T16:29:43Z cache-pdk17882 MEWElogs[503012]: FLIPH, 1626280183782797773, PDK, 10
<134>2021-07-14T16:29:54Z cache-bog6425 MEWElogs[503012]: FLIPH, 1626280194332293855, BOG, -1
<134>2021-07-14T16:30:07Z cache-bog6425 MEWElogs[503012]: FLIPH, 1626280206734274892, BOG, 10
<134>2021-07-14T16:30:20Z cache-mdw17383 MEWElogs[503012]: FLIPH, 1626280219747651196, MDW, 10
<134>2021-07-14T16:30:26Z cache-wdc5583 MEWElogs[503012]: FLIPH, 1626280226741033123, WDC, -1
<134>2021-07-14T16:30:29Z cache-cmh21547 MEWElogs[503012]: FLIPH, 1626280228804692358, CMH, 10
<134>2021-07-14T16:30:46Z cache-pdk17882 MEWElogs[503012]: FLIPH, 1626280245199226075, PDK, -1
<134>2021-07-14T16:30:59Z cache-maa10251 MEWElogs[503012]: FLIPH, 1626280258818373673, MAA, 10
<134>2021-07-14T16:31:02Z cache-mdw17383 MEWElogs[503012]: FLIPH, 1626280261298862564, MDW, -1
<134>2021-07-14T16:31:04Z cache-ord1740 MEWElogs[503012]: FLIPH, 1626280264099534193, ORD, -1
<134>2021-07-14T16:31:11Z cache-ams21020 MEWElogs[503012]: FLIPH, 1626280271145663718, AMS, -1
<134>2021-07-14T16:31:16Z cache-maa10251 MEWElogs[503012]: FLIPH, 1626280275732031605, MAA, -1
<134>2021-07-14T16:31:18Z cache-maa10251 MEWElogs[503012]: FLIPH, 1626280278508057783, MAA, 10
<134>2021-07-14T16:31:20Z cache-cmh21547 MEWElogs[503012]: FLIPH, 1626280280356544656, CMH, -1
<134>2021-07-14T16:31:24Z cache-mdw17383 MEWElogs[503012]: FLIPH, 1626280283674116795, MDW, -1
<134>2021-07-14T16:31:37Z cache-maa10251 MEWElogs[503012]: FLIPH, 1626280296038544043, MAA, -1
<134>2021-07-14T16:31:39Z cache-maa10251 MEWElogs[503012]: FLIPH, 1626280298745424518, MAA, 10
<134>2021-07-14T16:31:43Z cache-wdc5583 MEWElogs[503012]: FLIPH, 1626280303600017960, WDC, 10
<134>2021-07-14T16:31:49Z cache-ams21020 MEWElogs[503012]: FLIPH, 1626280309043835696, AMS, 10
