<134>2021-07-15T07:32:43Z cache-man4150 MEWElogs[318405]: UNSH, 1626334362152089545, MAN, 16
<134>2021-07-15T07:33:04Z cache-mel11272 MEWElogs[318405]: UNSH, 1626334383604743291, MEL, 16
<134>2021-07-15T07:33:41Z cache-lhr7382 MEWElogs[318405]: UNSH, 1626334421537755681, LHR, 16
<134>2021-07-15T07:35:07Z cache-cdg20720 MEWElogs[318405]: UNSH, 1626334506866660525, CDG, 16
<134>2021-07-15T07:35:14Z cache-jax20933 MEWElogs[318405]: UNSH, 1626334513372984188, JAX, 16
<134>2021-07-15T07:35:23Z cache-mel11272 MEWElogs[318405]: UNSH, 1626334521920750958, MEL, 16
<134>2021-07-15T07:36:04Z cache-lhr7382 MEWElogs[318405]: UNSH, 1626334564239754944, LHR, 16
<134>2021-07-15T07:36:14Z cache-lhr7382 MEWElogs[318405]: UNSH, 1626334572985436521, LHR, 16
<134>2021-07-15T07:36:29Z cache-mel11272 MEWElogs[318405]: UNSH, 1626334588387531483, MEL, 16
<134>2021-07-15T07:36:34Z cache-bom4751 MEWElogs[318405]: UNSH, 1626334593063754014, BOM, 16
<134>2021-07-15T07:36:48Z cache-osl6529 MEWElogs[318405]: UNSH, 1626334607027068917, OSL, 16
<134>2021-07-15T07:37:07Z cache-lax10677 MEWElogs[318405]: UNSH, 1626334626881280300, LGB, 16
<134>2021-07-15T07:37:09Z cache-lhr7382 MEWElogs[318405]: UNSH, 1626334628593897284, LHR, 16
<134>2021-07-15T07:39:27Z cache-bom4751 MEWElogs[318405]: UNSH, 1626334767514807239, BOM, 16
<134>2021-07-15T07:39:32Z cache-osl6529 MEWElogs[318405]: UNSH, 1626334771650050624, OSL, 16
<134>2021-07-15T07:39:43Z cache-ewr18156 MEWElogs[318405]: UNSH, 1626334782858410245, EWR, 16
<134>2021-07-15T07:40:04Z cache-mel11272 MEWElogs[318405]: UNSH, 1626334803807682965, MEL, 16
<134>2021-07-15T07:40:14Z cache-cdg20720 MEWElogs[318405]: UNSH, 1626334813588927560, CDG, 16
<134>2021-07-15T07:40:28Z cache-mel11272 MEWElogs[318405]: UNSH, 1626334827459111866, MEL, 16
<134>2021-07-15T07:41:37Z cache-osl6529 MEWElogs[318405]: UNSH, 1626334897103413481, OSL, 16
<134>2021-07-15T07:41:46Z cache-man4150 MEWElogs[318405]: UNSH, 1626334905120159764, MAN, 16
<134>2021-07-15T07:42:17Z cache-lhr7382 MEWElogs[318405]: UNSH, 1626334936447480809, LHR, 16
<134>2021-07-15T07:42:38Z cache-man4150 MEWElogs[318405]: UNSH, 1626334957481267296, MAN, 16
