<134>2021-07-15T06:50:00Z cache-fra19177 MEWElogs[216063]: UNSH, 1626331799821359986, FRA, 16
<134>2021-07-15T06:50:14Z cache-iah17271 MEWElogs[216063]: UNSH, 1626331813132669264, IAH, 16
<134>2021-07-15T06:50:17Z cache-lcy19283 MEWElogs[216063]: UNSH, 1626331817508699241, LCY, 16
<134>2021-07-15T06:50:46Z cache-lcy19283 MEWElogs[216063]: UNSH, 1626331845301729713, LCY, 16
<134>2021-07-15T06:50:54Z cache-lcy19283 MEWElogs[216063]: UNSH, 1626331854657657401, LCY, 16
<134>2021-07-15T06:50:55Z cache-lon4249 MEWElogs[216063]: UNSH, 1626331854528165832, LON, 16
<134>2021-07-15T06:50:58Z cache-den8274 MEWElogs[216063]: UNSH, 1626331857393207187, DEN, 16
<134>2021-07-15T06:51:11Z cache-bur17583 MEWElogs[216063]: UNSH, 1626331871607356864, BUR, 16
<134>2021-07-15T06:51:25Z cache-mad22068 MEWElogs[216063]: UNSH, 1626331884474960903, MAD, 16
<134>2021-07-15T06:51:36Z cache-iah17271 MEWElogs[216063]: UNSH, 1626331895856100914, IAH, 16
<134>2021-07-15T06:52:05Z cache-den8274 MEWElogs[216063]: UNSH, 1626331924087133797, DEN, 16
<134>2021-07-15T06:52:12Z cache-iah17271 MEWElogs[216063]: UNSH, 1626331931185198827, IAH, 16
<134>2021-07-15T06:52:29Z cache-bur17583 MEWElogs[216063]: UNSH, 1626331949109120253, BUR, 16
<134>2021-07-15T06:52:30Z cache-lon4249 MEWElogs[216063]: UNSH, 1626331949587737160, LON, 16
<134>2021-07-15T06:52:35Z cache-fra19177 MEWElogs[216063]: UNSH, 1626331954574572973, FRA, 16
<134>2021-07-15T06:52:40Z cache-bur17583 MEWElogs[216063]: UNSH, 1626331959912023321, BUR, 16
<134>2021-07-15T06:52:42Z cache-den8274 MEWElogs[216063]: UNSH, 1626331962191801061, DEN, 16
<134>2021-07-15T06:53:02Z cache-fra19177 MEWElogs[216063]: UNSH, 1626331981768297953, FRA, 16
<134>2021-07-15T06:53:15Z cache-mad22068 MEWElogs[216063]: UNSH, 1626331994771991492, MAD, 16
<134>2021-07-15T06:53:31Z cache-lcy19283 MEWElogs[216063]: UNSH, 1626332011322930597, LCY, 16
<134>2021-07-15T06:53:50Z cache-den8274 MEWElogs[216063]: UNSH, 1626332029781041653, DEN, 16
<134>2021-07-15T06:53:58Z cache-fra19177 MEWElogs[216063]: UNSH, 1626332037391972275, FRA, 16
<134>2021-07-15T06:54:00Z cache-lcy19283 MEWElogs[216063]: UNSH, 1626332039811549829, LCY, 16
<134>2021-07-15T06:54:10Z cache-mad22068 MEWElogs[216063]: UNSH, 1626332049754739270, MAD, 16
<134>2021-07-15T06:54:38Z cache-mad22068 MEWElogs[216063]: UNSH, 1626332077362924900, MAD, 16
<134>2021-07-15T06:54:39Z cache-lon4249 MEWElogs[216063]: UNSH, 1626332078700224193, LON, 16
<134>2021-07-15T06:54:49Z cache-mrs10583 MEWElogs[216063]: UNSH, 1626332088612262175, MRS, 16
<134>2021-07-15T06:54:56Z cache-mad22068 MEWElogs[216063]: UNSH, 1626332095185004716, MAD, 16
<134>2021-07-15T06:55:08Z cache-iah17271 MEWElogs[216063]: UNSH, 1626332107492772755, IAH, 16
<134>2021-07-15T06:55:21Z cache-hel6829 MEWElogs[216063]: UNSH, 1626332120755324838, HEL, 16
<134>2021-07-15T06:55:26Z cache-lcy19283 MEWElogs[216063]: UNSH, 1626332125149753153, LCY, 16
<134>2021-07-15T06:56:02Z cache-hel6829 MEWElogs[216063]: UNSH, 1626332161388509284, HEL, 16
<134>2021-07-15T06:56:46Z cache-mia11368 MEWElogs[216063]: UNSH, 1626332205323986994, MIA, 16
<134>2021-07-15T06:57:10Z cache-mad22068 MEWElogs[216063]: UNSH, 1626332229325743648, MAD, 16
<134>2021-07-15T06:57:10Z cache-bur17583 MEWElogs[216063]: UNSH, 1626332230189712304, BUR, 16
<134>2021-07-15T06:57:27Z cache-yul12826 MEWElogs[216063]: UNSH, 1626332246694010022, YUL, 16
<134>2021-07-15T06:57:30Z cache-stp9226 MEWElogs[216063]: UNSH, 1626332249113859600, STP, 16
<134>2021-07-15T06:57:33Z cache-bur17583 MEWElogs[216063]: UNSH, 1626332253138953205, BUR, 16
<134>2021-07-15T06:57:57Z cache-bur17583 MEWElogs[216063]: UNSH, 1626332276759531789, BUR, 16
<134>2021-07-15T06:58:04Z cache-stp9226 MEWElogs[216063]: UNSH, 1626332283156818148, STP, 16
