<134>2021-07-14T17:32:43Z cache-mia11368 MEWElogs[334804]: FLIPH, 1626283962564379208, MIA, 10
<134>2021-07-14T17:32:52Z cache-osl6529 MEWElogs[334804]: FLIPH, 1626283971064241233, OSL, 10
<134>2021-07-14T17:32:53Z cache-man4150 MEWElogs[334804]: FLIPH, 1626283972699868266, MAN, -1
<134>2021-07-14T17:33:00Z cache-lax10677 MEWElogs[334804]: FLIPH, 1626283979561867286, LGB, -1
<134>2021-07-14T17:33:10Z cache-osl6529 MEWElogs[334804]: FLIPH, 1626283989794299214, OSL, 10
<134>2021-07-14T17:33:27Z cache-mel11272 MEWElogs[334804]: FLIPH, 1626284006798008394, MEL, 10
<134>2021-07-14T17:33:53Z cache-stp9226 MEWElogs[334804]: FLIPH, 1626284032850152344, STP, 10
<134>2021-07-14T17:34:12Z cache-stp9226 MEWElogs[334804]: FLIPH, 1626284051218570591, STP, -1
<134>2021-07-14T17:34:18Z cache-ewr18156 MEWElogs[334804]: FLIPH, 1626284057562038537, EWR, -1
<134>2021-07-14T17:35:06Z cache-lga21983 MEWElogs[334804]: FLIPH, 1626284105173742932, LGA, 10
<134>2021-07-14T17:35:12Z cache-gig17035 MEWElogs[334804]: FLIPH, 1626284111501690047, GIG, -1
<134>2021-07-14T17:35:20Z cache-lax10677 MEWElogs[334804]: FLIPH, 1626284119551252039, LGB, -1
<134>2021-07-14T17:35:29Z cache-jax20933 MEWElogs[334804]: FLIPH, 1626284128446034632, JAX, 10
<134>2021-07-14T17:35:37Z cache-mel11272 MEWElogs[334804]: FLIPH, 1626284136457929402, MEL, -1
<134>2021-07-14T17:35:44Z cache-man4150 MEWElogs[334804]: FLIPH, 1626284144025209030, MAN, 10
<134>2021-07-14T17:35:56Z cache-cdg20720 MEWElogs[334804]: FLIPH, 1626284155495100972, CDG, 10
<134>2021-07-14T17:36:05Z cache-jax20933 MEWElogs[334804]: FLIPH, 1626284164314734237, JAX, 10
<134>2021-07-14T17:36:09Z cache-yul12826 MEWElogs[334804]: FLIPH, 1626284168850552732, YUL, 10
<134>2021-07-14T17:36:23Z cache-osl6529 MEWElogs[334804]: FLIPH, 1626284183026390172, OSL, 10
<134>2021-07-14T17:36:24Z cache-gig17035 MEWElogs[334804]: FLIPH, 1626284183803018813, GIG, -1
<134>2021-07-14T17:36:33Z cache-osl6529 MEWElogs[334804]: FLIPH, 1626284192268613279, OSL, 10
<134>2021-07-14T17:36:48Z cache-bom4751 MEWElogs[334804]: FLIPH, 1626284207847200962, BOM, 10
<134>2021-07-14T17:36:52Z cache-lax10677 MEWElogs[334804]: FLIPH, 1626284211960542042, LGB, 10
<134>2021-07-14T17:36:57Z cache-osl6529 MEWElogs[334804]: FLIPH, 1626284217081771300, OSL, -1
<134>2021-07-14T17:37:22Z cache-lax10677 MEWElogs[334804]: FLIPH, 1626284241969216741, LGB, 10
<134>2021-07-14T17:37:23Z cache-ewr18156 MEWElogs[334804]: FLIPH, 1626284242740941759, EWR, -1
<134>2021-07-14T17:37:59Z cache-lax10677 MEWElogs[334804]: FLIPH, 1626284278473026590, LGB, -1
<134>2021-07-14T17:38:04Z cache-bom4751 MEWElogs[334804]: FLIPH, 1626284283832972298, BOM, -1
<134>2021-07-14T17:38:05Z cache-cdg20720 MEWElogs[334804]: FLIPH, 1626284284462043304, CDG, -1
<134>2021-07-14T17:38:06Z cache-osl6529 MEWElogs[334804]: FLIPH, 1626284285117200245, OSL, 10
<134>2021-07-14T17:38:09Z cache-lga21983 MEWElogs[334804]: FLIPH, 1626284289203876846, LGA, -1
<134>2021-07-14T17:38:15Z cache-gig17035 MEWElogs[334804]: FLIPH, 1626284295178100383, GIG, 10
<134>2021-07-14T17:39:05Z cache-scl19427 MEWElogs[334804]: FLIPH, 1626284345618911233, SCL, 10
<134>2021-07-14T17:39:19Z cache-man4150 MEWElogs[334804]: FLIPH, 1626284358721196323, MAN, -1
<134>2021-07-14T17:39:27Z cache-scl19427 MEWElogs[334804]: FLIPH, 1626284366412982339, SCL, -1
<134>2021-07-14T17:39:33Z cache-bom4751 MEWElogs[334804]: FLIPH, 1626284372108956212, BOM, -1
<134>2021-07-14T17:39:39Z cache-gig17035 MEWElogs[334804]: FLIPH, 1626284379717759477, GIG, 10
<134>2021-07-14T17:39:40Z cache-cdg20720 MEWElogs[334804]: FLIPH, 1626284379085369133, CDG, 10
<134>2021-07-14T17:40:12Z cache-ewr18156 MEWElogs[334804]: FLIPH, 1626284411511880902, EWR, 10
<134>2021-07-14T17:40:18Z cache-man4150 MEWElogs[334804]: FLIPH, 1626284417341891963, MAN, -1
<134>2021-07-14T17:40:52Z cache-cdg20720 MEWElogs[334804]: FLIPH, 1626284451572560864, CDG, 10
<134>2021-07-14T17:40:53Z cache-mel11272 MEWElogs[334804]: FLIPH, 1626284452027089639, MEL, -1
<134>2021-07-14T17:40:59Z cache-gru17149 MEWElogs[334804]: FLIPH, 1626284458392690003, GRU, 10
<134>2021-07-14T17:41:03Z cache-mel11272 MEWElogs[334804]: FLIPH, 1626284462502054401, MEL, -1
<134>2021-07-14T17:41:16Z cache-osl6529 MEWElogs[334804]: FLIPH, 1626284475913093270, OSL, -1
<134>2021-07-14T17:41:28Z cache-ewr18156 MEWElogs[334804]: FLIPH, 1626284488210265644, EWR, 10
<134>2021-07-14T17:41:29Z cache-cdg20720 MEWElogs[334804]: FLIPH, 1626284489013019339, CDG, -1
<134>2021-07-14T17:41:44Z cache-gru17149 MEWElogs[334804]: FLIPH, 1626284503734005201, GRU, -1
<134>2021-07-14T17:41:48Z cache-ewr18156 MEWElogs[334804]: FLIPH, 1626284507299506120, EWR, 10
<134>2021-07-14T17:42:05Z cache-gig17035 MEWElogs[334804]: FLIPH, 1626284525249294940, GIG, 10
<134>2021-07-14T17:42:22Z cache-gru17149 MEWElogs[334804]: FLIPH, 1626284541626594426, GRU, -1
<134>2021-07-14T17:42:25Z cache-man4150 MEWElogs[334804]: FLIPH, 1626284544044996398, MAN, 10
<134>2021-07-14T17:42:31Z cache-ewr18156 MEWElogs[334804]: FLIPH, 1626284551190890688, EWR, -1
<134>2021-07-14T17:42:41Z cache-ewr18156 MEWElogs[334804]: FLIPH, 1626284560824086331, EWR, -1
