<134>2021-07-15T02:16:59Z cache-bom4751 MEWElogs[418388]: GRAY, 1626315418054614377, BOM, 13
<134>2021-07-15T02:17:02Z cache-gig17035 MEWElogs[418388]: GRAY, 1626315421169694866, GIG, 13
<134>2021-07-15T02:17:06Z cache-cgh11122 MEWElogs[418388]: GRAY, 1626315425107502979, CGH, 13
<134>2021-07-15T02:17:07Z cache-hnd18722 MEWElogs[418388]: GRAY, 1626315426912967554, HND, 13
<134>2021-07-15T02:17:16Z cache-bom4751 MEWElogs[418388]: GRAY, 1626315435316495251, BOM, 13
<134>2021-07-15T02:17:31Z cache-sjc10078 MEWElogs[418388]: GRAY, 1626315450296649676, SJC, 13
<134>2021-07-15T02:18:54Z cache-pao17461 MEWElogs[418388]: GRAY, 1626315533861443849, PAO, 13
<134>2021-07-15T02:19:01Z cache-cgh11183 MEWElogs[418388]: GRAY, 1626315541133293313, CGH, 13
<134>2021-07-15T02:19:36Z cache-hnd18722 MEWElogs[418388]: GRAY, 1626315575619349442, HND, 13
<134>2021-07-15T02:20:03Z cache-syd10183 MEWElogs[418388]: GRAY, 1626315602663817274, SYD, 13
<134>2021-07-15T02:20:17Z cache-syd10183 MEWElogs[418388]: GRAY, 1626315616824688958, SYD, 13
<134>2021-07-15T02:20:20Z cache-itm18851 MEWElogs[418388]: GRAY, 1626315619768274154, ITM, 13
<134>2021-07-15T02:21:09Z cache-cgh11122 MEWElogs[418388]: GRAY, 1626315668733005661, CGH, 13
<134>2021-07-15T02:21:12Z cache-pao17461 MEWElogs[418388]: GRAY, 1626315672724826247, PAO, 13
<134>2021-07-15T02:21:21Z cache-itm18851 MEWElogs[418388]: GRAY, 1626315680810914501, ITM, 13
<134>2021-07-15T02:21:40Z cache-pao17461 MEWElogs[418388]: GRAY, 1626315700688126720, PAO, 13
<134>2021-07-15T02:21:44Z cache-sea4483 MEWElogs[418388]: GRAY, 1626315703094172441, SEA, 13
<134>2021-07-15T02:21:59Z cache-bma1628 MEWElogs[418388]: GRAY, 1626315718326645270, BMA, 13
<134>2021-07-15T02:21:59Z cache-sea4483 MEWElogs[418388]: GRAY, 1626315719216869468, SEA, 13
<134>2021-07-15T02:22:00Z cache-sjc10078 MEWElogs[418388]: GRAY, 1626315719443163689, SJC, 13
<134>2021-07-15T02:22:03Z cache-bma1628 MEWElogs[418388]: GRAY, 1626315723583989141, BMA, 13
<134>2021-07-15T02:22:19Z cache-yyz4551 MEWElogs[418388]: GRAY, 1626315738911719508, YYZ, 13
<134>2021-07-15T02:22:24Z cache-pao17461 MEWElogs[418388]: GRAY, 1626315743490414690, PAO, 13
<134>2021-07-15T02:23:11Z cache-sea4483 MEWElogs[418388]: GRAY, 1626315791072011610, SEA, 13
<134>2021-07-15T02:23:26Z cache-cgh11122 MEWElogs[418388]: GRAY, 1626315805336146125, CGH, 13
<134>2021-07-15T02:23:29Z cache-bma1628 MEWElogs[418388]: GRAY, 1626315808643388366, BMA, 13
<134>2021-07-15T02:23:52Z cache-itm18851 MEWElogs[418388]: GRAY, 1626315831610862302, ITM, 13
<134>2021-07-15T02:24:01Z cache-sjc10078 MEWElogs[418388]: GRAY, 1626315840571437800, SJC, 13
<134>2021-07-15T02:24:48Z cache-tyo11974 MEWElogs[418388]: GRAY, 1626315888042112998, TYO, 13
<134>2021-07-15T02:25:07Z cache-tyo11974 MEWElogs[418388]: GRAY, 1626315907157003671, TYO, 13
<134>2021-07-15T02:25:09Z cache-yyz4551 MEWElogs[418388]: GRAY, 1626315909361468255, YYZ, 13
<134>2021-07-15T02:25:45Z cache-tyo11974 MEWElogs[418388]: GRAY, 1626315944922815394, TYO, 13
<134>2021-07-15T02:25:57Z cache-sjc10078 MEWElogs[418388]: GRAY, 1626315956847528810, SJC, 13
<134>2021-07-15T02:26:32Z cache-sjc10078 MEWElogs[418388]: GRAY, 1626315992342181365, SJC, 13
