<134>2021-07-14T17:12:12Z cache-iah17271 MEWElogs[400146]: FLIPH, 1626282731856289400, IAH, 10
<134>2021-07-14T17:12:22Z cache-lon4249 MEWElogs[400146]: FLIPH, 1626282741032977372, LON, 10
<134>2021-07-14T17:12:41Z cache-lcy19283 MEWElogs[400146]: FLIPH, 1626282760914271438, LCY, -1
<134>2021-07-14T17:12:57Z cache-iah17271 MEWElogs[400146]: FLIPH, 1626282777038257469, IAH, 10
<134>2021-07-14T17:13:03Z cache-cwb20520 MEWElogs[400146]: FLIPH, 1626282782752533358, CWB, 10
<134>2021-07-14T17:13:17Z cache-den8274 MEWElogs[400146]: FLIPH, 1626282796536206272, DEN, 10
<134>2021-07-14T17:13:28Z cache-dal21283 MEWElogs[400146]: FLIPH, 1626282808015209406, DAL, -1
<134>2021-07-14T17:13:32Z cache-den8274 MEWElogs[400146]: FLIPH, 1626282811711418031, DEN, -1
<134>2021-07-14T17:13:41Z cache-lcy19283 MEWElogs[400146]: FLIPH, 1626282821088650014, LCY, -1
<134>2021-07-14T17:13:42Z cache-jnb7027 MEWElogs[400146]: FLIPH, 1626282821509412597, JNB, 10
<134>2021-07-14T17:13:42Z cache-hkg17929 MEWElogs[400146]: FLIPH, 1626282821990770299, HKG, 10
<134>2021-07-14T17:13:42Z cache-iah17271 MEWElogs[400146]: FLIPH, 1626282821670387025, IAH, 10
<134>2021-07-14T17:13:44Z cache-den8274 MEWElogs[400146]: FLIPH, 1626282823441613517, DEN, 10
<134>2021-07-14T17:13:58Z cache-mad22068 MEWElogs[400146]: FLIPH, 1626282838241545280, MAD, 10
<134>2021-07-14T17:14:01Z cache-den8274 MEWElogs[400146]: FLIPH, 1626282841093243194, DEN, 10
<134>2021-07-14T17:14:04Z cache-lcy19283 MEWElogs[400146]: FLIPH, 1626282844192517725, LCY, 10
<134>2021-07-14T17:14:24Z cache-lon4249 MEWElogs[400146]: FLIPH, 1626282863468725899, LON, 10
<134>2021-07-14T17:14:29Z cache-den8274 MEWElogs[400146]: FLIPH, 1626282868493449512, DEN, 10
<134>2021-07-14T17:14:30Z cache-jnb7027 MEWElogs[400146]: FLIPH, 1626282870258932564, JNB, 10
<134>2021-07-14T17:14:31Z cache-lcy19283 MEWElogs[400146]: FLIPH, 1626282870893919658, LCY, -1
<134>2021-07-14T17:14:37Z cache-mad22068 MEWElogs[400146]: FLIPH, 1626282876021044058, MAD, 10
<134>2021-07-14T17:14:45Z cache-mad22068 MEWElogs[400146]: FLIPH, 1626282885403931569, MAD, 10
<134>2021-07-14T17:14:50Z cache-mci5951 MEWElogs[400146]: FLIPH, 1626282889575098652, MCI, 10
<134>2021-07-14T17:14:55Z cache-hkg17929 MEWElogs[400146]: FLIPH, 1626282894554072823, HKG, -1
<134>2021-07-14T17:15:13Z cache-den8274 MEWElogs[400146]: FLIPH, 1626282912971926627, DEN, 10
<134>2021-07-14T17:15:17Z cache-lon4249 MEWElogs[400146]: FLIPH, 1626282917683599117, LON, -1
<134>2021-07-14T17:15:22Z cache-dal21283 MEWElogs[400146]: FLIPH, 1626282921730909632, DAL, -1
<134>2021-07-14T17:15:30Z cache-mci5951 MEWElogs[400146]: FLIPH, 1626282930239347975, MCI, 10
<134>2021-07-14T17:15:38Z cache-lon4249 MEWElogs[400146]: FLIPH, 1626282937941368635, LON, 10
<134>2021-07-14T17:15:52Z cache-bur17583 MEWElogs[400146]: FLIPH, 1626282952188047028, BUR, 10
<134>2021-07-14T17:15:52Z cache-lhr7382 MEWElogs[400146]: FLIPH, 1626282951405139929, LHR, -1
<134>2021-07-14T17:15:57Z cache-den8274 MEWElogs[400146]: FLIPH, 1626282957550388865, DEN, 10
<134>2021-07-14T17:16:03Z cache-mrs10583 MEWElogs[400146]: FLIPH, 1626282962807838260, MRS, 10
<134>2021-07-14T17:16:11Z cache-hkg17929 MEWElogs[400146]: FLIPH, 1626282970321786291, HKG, -1
<134>2021-07-14T17:16:21Z cache-lhr7382 MEWElogs[400146]: FLIPH, 1626282980953201189, LHR, 10
<134>2021-07-14T17:16:24Z cache-hkg17929 MEWElogs[400146]: FLIPH, 1626282984268077307, HKG, 10
<134>2021-07-14T17:16:32Z cache-stp9226 MEWElogs[400146]: FLIPH, 1626282991669865423, STP, 10
<134>2021-07-14T17:16:45Z cache-dal21283 MEWElogs[400146]: FLIPH, 1626283005216437619, DAL, 10
<134>2021-07-14T17:16:57Z cache-mrs10583 MEWElogs[400146]: FLIPH, 1626283016911773550, MRS, -1
<134>2021-07-14T17:17:05Z cache-bur17583 MEWElogs[400146]: FLIPH, 1626283024834073911, BUR, 10
<134>2021-07-14T17:17:11Z cache-lhr7382 MEWElogs[400146]: FLIPH, 1626283030225186889, LHR, -1
<134>2021-07-14T17:17:22Z cache-stp9226 MEWElogs[400146]: FLIPH, 1626283042601675635, STP, -1
<134>2021-07-14T17:17:28Z cache-mci5951 MEWElogs[400146]: FLIPH, 1626283048248828811, MCI, -1
<134>2021-07-14T17:17:29Z cache-mia11368 MEWElogs[400146]: FLIPH, 1626283048509853900, MIA, 10
<134>2021-07-14T17:17:32Z cache-mci5951 MEWElogs[400146]: FLIPH, 1626283051237717100, MCI, 10
<134>2021-07-14T17:17:37Z cache-stp9226 MEWElogs[400146]: FLIPH, 1626283056835720853, STP, 10
<134>2021-07-14T17:17:47Z cache-jax20933 MEWElogs[400146]: FLIPH, 1626283066278100676, JAX, -1
<134>2021-07-14T17:17:51Z cache-hkg17929 MEWElogs[400146]: FLIPH, 1626283071008444964, HKG, 10
<134>2021-07-14T17:17:54Z cache-dal21283 MEWElogs[400146]: FLIPH, 1626283074121361816, DAL, 10
<134>2021-07-14T17:17:58Z cache-lhr7382 MEWElogs[400146]: FLIPH, 1626283076996832987, LHR, 10
<134>2021-07-14T17:17:59Z cache-mci5951 MEWElogs[400146]: FLIPH, 1626283078167757724, MCI, -1
<134>2021-07-14T17:18:02Z cache-mrs10583 MEWElogs[400146]: FLIPH, 1626283082099337678, MRS, -1
<134>2021-07-14T17:18:05Z cache-mrs10583 MEWElogs[400146]: FLIPH, 1626283084857462591, MRS, 10
<134>2021-07-14T17:18:10Z cache-hkg17929 MEWElogs[400146]: FLIPH, 1626283089339745114, HKG, -1
<134>2021-07-14T17:18:10Z cache-mad22068 MEWElogs[400146]: FLIPH, 1626283090555688356, MAD, -1
<134>2021-07-14T17:18:17Z cache-bur17583 MEWElogs[400146]: FLIPH, 1626283097611281693, BUR, 10
<134>2021-07-14T17:18:26Z cache-jax20933 MEWElogs[400146]: FLIPH, 1626283106326695783, JAX, 10
<134>2021-07-14T17:18:27Z cache-mrs10583 MEWElogs[400146]: FLIPH, 1626283106442240539, MRS, -1
<134>2021-07-14T17:18:27Z cache-stp9226 MEWElogs[400146]: FLIPH, 1626283107813591437, STP, -1
<134>2021-07-14T17:18:30Z cache-lhr7382 MEWElogs[400146]: FLIPH, 1626283109457123621, LHR, -1
<134>2021-07-14T17:18:42Z cache-hkg17929 MEWElogs[400146]: FLIPH, 1626283122583773289, HKG, -1
<134>2021-07-14T17:18:48Z cache-mia11368 MEWElogs[400146]: FLIPH, 1626283127682618845, MIA, -1
<134>2021-07-14T17:18:57Z cache-jax20933 MEWElogs[400146]: FLIPH, 1626283137890956950, JAX, -1
<134>2021-07-14T17:19:00Z cache-lhr7382 MEWElogs[400146]: FLIPH, 1626283139058808006, LHR, 10
<134>2021-07-14T17:19:05Z cache-lhr7382 MEWElogs[400146]: FLIPH, 1626283145007409161, LHR, -1
<134>2021-07-14T17:19:22Z cache-jax20933 MEWElogs[400146]: FLIPH, 1626283161748850382, JAX, -1
<134>2021-07-14T17:19:27Z cache-jax20933 MEWElogs[400146]: FLIPH, 1626283166138914593, JAX, 10
<134>2021-07-14T17:19:31Z cache-lhr7382 MEWElogs[400146]: FLIPH, 1626283171335901839, LHR, -1
<134>2021-07-14T17:19:41Z cache-bur17583 MEWElogs[400146]: FLIPH, 1626283181303688599, BUR, 10
<134>2021-07-14T17:19:47Z cache-mad22068 MEWElogs[400146]: FLIPH, 1626283186814651107, MAD, 10
<134>2021-07-14T17:20:02Z cache-hkg17929 MEWElogs[400146]: FLIPH, 1626283201969212777, HKG, 10
<134>2021-07-14T17:20:24Z cache-lhr7382 MEWElogs[400146]: FLIPH, 1626283223532917987, LHR, -1
<134>2021-07-14T17:20:31Z cache-mia11368 MEWElogs[400146]: FLIPH, 1626283230139361711, MIA, -1
<134>2021-07-14T17:20:43Z cache-hkg17929 MEWElogs[400146]: FLIPH, 1626283242567625929, HKG, -1
<134>2021-07-14T17:21:01Z cache-mia11368 MEWElogs[400146]: FLIPH, 1626283260689874376, MIA, -1
<134>2021-07-14T17:21:07Z cache-mad22068 MEWElogs[400146]: FLIPH, 1626283267566318242, MAD, -1
<134>2021-07-14T17:21:26Z cache-mrs10583 MEWElogs[400146]: FLIPH, 1626283285878716936, MRS, -1
<134>2021-07-14T17:21:53Z cache-lhr7382 MEWElogs[400146]: FLIPH, 1626283313189506181, LHR, 10
<134>2021-07-14T17:21:55Z cache-mia11368 MEWElogs[400146]: FLIPH, 1626283315064208474, MIA, 10
<134>2021-07-14T17:22:02Z cache-mrs10583 MEWElogs[400146]: FLIPH, 1626283321183791799, MRS, 10
<134>2021-07-14T17:22:09Z cache-yul12826 MEWElogs[400146]: FLIPH, 1626283328766033528, YUL, 10
<134>2021-07-14T17:22:10Z cache-mrs10583 MEWElogs[400146]: FLIPH, 1626283329245166444, MRS, 10
