<134>2021-07-15T00:40:39Z cache-akl10324 MEWElogs[382896]: CROP, 1626309638745411910, AKL, 12
<134>2021-07-15T00:40:44Z cache-cwb20520 MEWElogs[382896]: CROP, 1626309643755105677, CWB, 12
<134>2021-07-15T00:40:56Z cache-hel6829 MEWElogs[382896]: CROP, 1626309655947613171, HEL, 12
<134>2021-07-15T00:41:04Z cache-dfw18678 MEWElogs[382896]: CROP, 1626309664147203471, DFW, 12
<134>2021-07-15T00:41:07Z cache-del21735 MEWElogs[382896]: CROP, 1626309666902837215, DEL, 12
<134>2021-07-15T00:41:08Z cache-pwk4920 MEWElogs[382896]: CROP, 1626309667898310591, PWK, 12
<134>2021-07-15T00:41:18Z cache-chi21126 MEWElogs[382896]: CROP, 1626309677844093531, CHI, 12
<134>2021-07-15T00:41:19Z cache-dfw18678 MEWElogs[382896]: CROP, 1626309678490830690, DFW, 12
<134>2021-07-15T00:41:25Z cache-iah17271 MEWElogs[382896]: CROP, 1626309685474068492, IAH, 12
<134>2021-07-15T00:41:27Z cache-akl10324 MEWElogs[382896]: CROP, 1626309686097502866, AKL, 12
<134>2021-07-15T00:41:30Z cache-dub4329 MEWElogs[382896]: CROP, 1626309689760328508, DUB, 12
<134>2021-07-15T00:41:38Z cache-bos4657 MEWElogs[382896]: CROP, 1626309698354401375, BOS, 12
<134>2021-07-15T00:41:43Z cache-hel6829 MEWElogs[382896]: CROP, 1626309701947337950, HEL, 12
<134>2021-07-15T00:41:44Z cache-del21735 MEWElogs[382896]: CROP, 1626309704070760915, DEL, 12
<134>2021-07-15T00:41:45Z cache-iah17271 MEWElogs[382896]: CROP, 1626309704427393565, IAH, 12
<134>2021-07-15T00:41:54Z cache-bos4657 MEWElogs[382896]: CROP, 1626309713359398009, BOS, 12
<134>2021-07-15T00:42:06Z cache-lcy19283 MEWElogs[382896]: CROP, 1626309725351335268, LCY, 12
<134>2021-07-15T00:42:23Z cache-dfw18678 MEWElogs[382896]: CROP, 1626309742667183121, DFW, 12
<134>2021-07-15T00:42:30Z cache-pwk4920 MEWElogs[382896]: CROP, 1626309749734587235, PWK, 12
<134>2021-07-15T00:42:38Z cache-pwk4920 MEWElogs[382896]: CROP, 1626309758038118575, PWK, 12
<134>2021-07-15T00:42:42Z cache-pwk4920 MEWElogs[382896]: CROP, 1626309762164115924, PWK, 12
<134>2021-07-15T00:42:46Z cache-pwk4920 MEWElogs[382896]: CROP, 1626309766411125017, PWK, 12
<134>2021-07-15T00:42:56Z cache-dal21283 MEWElogs[382896]: CROP, 1626309775784931990, DAL, 12
<134>2021-07-15T00:43:10Z cache-dal21283 MEWElogs[382896]: CROP, 1626309790189551345, DAL, 12
<134>2021-07-15T00:43:11Z cache-lcy19283 MEWElogs[382896]: CROP, 1626309790787271895, LCY, 12
<134>2021-07-15T00:43:13Z cache-jnb7027 MEWElogs[382896]: CROP, 1626309792859677203, JNB, 12
<134>2021-07-15T00:43:17Z cache-lcy19283 MEWElogs[382896]: CROP, 1626309796621125118, LCY, 12
<134>2021-07-15T00:43:19Z cache-hel6829 MEWElogs[382896]: CROP, 1626309798571484936, HEL, 12
<134>2021-07-15T00:43:24Z cache-den8274 MEWElogs[382896]: CROP, 1626309803857794773, DEN, 12
<134>2021-07-15T00:43:28Z cache-hel6829 MEWElogs[382896]: CROP, 1626309807150092216, HEL, 12
<134>2021-07-15T00:43:31Z cache-lcy19283 MEWElogs[382896]: CROP, 1626309811241164726, LCY, 12
<134>2021-07-15T00:43:41Z cache-lcy19283 MEWElogs[382896]: CROP, 1626309820098929450, LCY, 12
<134>2021-07-15T00:43:45Z cache-hel6829 MEWElogs[382896]: CROP, 1626309823925647454, HEL, 12
<134>2021-07-15T00:43:50Z cache-iah17271 MEWElogs[382896]: CROP, 1626309830647804486, IAH, 12
<134>2021-07-15T00:43:54Z cache-dal21283 MEWElogs[382896]: CROP, 1626309833620000097, DAL, 12
<134>2021-07-15T00:44:03Z cache-mrs10583 MEWElogs[382896]: CROP, 1626309842492982940, MRS, 12
<134>2021-07-15T00:44:06Z cache-mrs10583 MEWElogs[382896]: CROP, 1626309845412530897, MRS, 12
<134>2021-07-15T00:44:11Z cache-den8274 MEWElogs[382896]: CROP, 1626309850832780768, DEN, 12
<134>2021-07-15T00:44:21Z cache-cwb20520 MEWElogs[382896]: CROP, 1626309861453942812, CWB, 12
<134>2021-07-15T00:44:30Z cache-hel6829 MEWElogs[382896]: CROP, 1626309869573607207, HEL, 12
<134>2021-07-15T00:44:37Z cache-dal21283 MEWElogs[382896]: CROP, 1626309876179053649, DAL, 12
<134>2021-07-15T00:44:39Z cache-cwb20520 MEWElogs[382896]: CROP, 1626309878607028239, CWB, 12
<134>2021-07-15T00:44:55Z cache-den8274 MEWElogs[382896]: CROP, 1626309894442087994, DEN, 12
<134>2021-07-15T00:44:58Z cache-mrs10583 MEWElogs[382896]: CROP, 1626309897763825941, MRS, 12
<134>2021-07-15T00:45:04Z cache-mrs10583 MEWElogs[382896]: CROP, 1626309903596992831, MRS, 12
<134>2021-07-15T00:45:09Z cache-cwb20520 MEWElogs[382896]: CROP, 1626309908890200905, CWB, 12
<134>2021-07-15T00:45:12Z cache-den8274 MEWElogs[382896]: CROP, 1626309912430754723, DEN, 12
<134>2021-07-15T00:45:16Z cache-mrs10583 MEWElogs[382896]: CROP, 1626309915272516277, MRS, 12
<134>2021-07-15T00:45:20Z cache-iah17271 MEWElogs[382896]: CROP, 1626309919378868631, IAH, 12
<134>2021-07-15T00:45:20Z cache-hkg17929 MEWElogs[382896]: CROP, 1626309920276416812, HKG, 12
<134>2021-07-15T00:45:27Z cache-cwb20520 MEWElogs[382896]: CROP, 1626309925980014119, CWB, 12
<134>2021-07-15T00:45:27Z cache-mad22068 MEWElogs[382896]: CROP, 1626309926111625744, MAD, 12
<134>2021-07-15T00:45:33Z cache-mrs10583 MEWElogs[382896]: CROP, 1626309932974530831, MRS, 12
<134>2021-07-15T00:45:36Z cache-mad22068 MEWElogs[382896]: CROP, 1626309935519005867, MAD, 12
<134>2021-07-15T00:45:52Z cache-den8274 MEWElogs[382896]: CROP, 1626309952187006871, DEN, 12
<134>2021-07-15T00:45:57Z cache-mrs10583 MEWElogs[382896]: CROP, 1626309956154114101, MRS, 12
<134>2021-07-15T00:45:57Z cache-iah17271 MEWElogs[382896]: CROP, 1626309956879069924, IAH, 12
<134>2021-07-15T00:46:10Z cache-lcy19283 MEWElogs[382896]: CROP, 1626309969183833003, LCY, 12
<134>2021-07-15T00:46:15Z cache-bur17583 MEWElogs[382896]: CROP, 1626309975422180326, BUR, 12
<134>2021-07-15T00:46:30Z cache-jnb7027 MEWElogs[382896]: CROP, 1626309989447469757, JNB, 12
<134>2021-07-15T00:46:38Z cache-jnb7027 MEWElogs[382896]: CROP, 1626309997260066457, JNB, 12
<134>2021-07-15T00:46:42Z cache-hkg17929 MEWElogs[382896]: CROP, 1626310001833499867, HKG, 12
<134>2021-07-15T00:46:47Z cache-hkg17929 MEWElogs[382896]: CROP, 1626310006588501819, HKG, 12
<134>2021-07-15T00:46:53Z cache-iah17271 MEWElogs[382896]: CROP, 1626310013427433470, IAH, 12
<134>2021-07-15T00:46:57Z cache-mrs10583 MEWElogs[382896]: CROP, 1626310017298381769, MRS, 12
<134>2021-07-15T00:47:06Z cache-lhr7382 MEWElogs[382896]: CROP, 1626310025834367551, LHR, 12
<134>2021-07-15T00:47:18Z cache-mrs10583 MEWElogs[382896]: CROP, 1626310037562951323, MRS, 12
<134>2021-07-15T00:47:22Z cache-cwb20520 MEWElogs[382896]: CROP, 1626310041366850454, CWB, 12
<134>2021-07-15T00:47:26Z cache-cwb20520 MEWElogs[382896]: CROP, 1626310045830260821, CWB, 12
<134>2021-07-15T00:47:43Z cache-cwb20520 MEWElogs[382896]: CROP, 1626310062869296335, CWB, 12
<134>2021-07-15T00:47:47Z cache-mia11368 MEWElogs[382896]: CROP, 1626310067517128727, MIA, 12
<134>2021-07-15T00:48:04Z cache-mad22068 MEWElogs[382896]: CROP, 1626310083796495735, MAD, 12
<134>2021-07-15T00:48:09Z cache-lhr7382 MEWElogs[382896]: CROP, 1626310088740804342, LHR, 12
<134>2021-07-15T00:48:14Z cache-hkg17929 MEWElogs[382896]: CROP, 1626310093444815214, HKG, 12
<134>2021-07-15T00:48:37Z cache-stp9226 MEWElogs[382896]: CROP, 1626310116855391143, STP, 12
<134>2021-07-15T00:48:39Z cache-mci5951 MEWElogs[382896]: CROP, 1626310119022004677, MCI, 12
<134>2021-07-15T00:48:50Z cache-dal21283 MEWElogs[382896]: CROP, 1626310129823410671, DAL, 12
<134>2021-07-15T00:49:02Z cache-stp9226 MEWElogs[382896]: CROP, 1626310141486089391, STP, 12
<134>2021-07-15T00:49:02Z cache-hkg17929 MEWElogs[382896]: CROP, 1626310141253880336, HKG, 12
<134>2021-07-15T00:49:13Z cache-man4150 MEWElogs[382896]: CROP, 1626310152840686286, MAN, 12
<134>2021-07-15T00:49:17Z cache-bur17583 MEWElogs[382896]: CROP, 1626310156282115140, BUR, 12
<134>2021-07-15T00:49:25Z cache-mia11368 MEWElogs[382896]: CROP, 1626310164323472893, MIA, 12
<134>2021-07-15T00:49:33Z cache-mia11368 MEWElogs[382896]: CROP, 1626310173399519635, MIA, 12
<134>2021-07-15T00:49:39Z cache-stp9226 MEWElogs[382896]: CROP, 1626310178595826788, STP, 12
<134>2021-07-15T00:49:39Z cache-hkg17929 MEWElogs[382896]: CROP, 1626310179511411229, HKG, 12
<134>2021-07-15T00:49:46Z cache-man4150 MEWElogs[382896]: CROP, 1626310185500340699, MAN, 12
<134>2021-07-15T00:49:49Z cache-hkg17929 MEWElogs[382896]: CROP, 1626310188914553389, HKG, 12
<134>2021-07-15T00:49:54Z cache-hkg17929 MEWElogs[382896]: CROP, 1626310193884675516, HKG, 12
<134>2021-07-15T00:50:15Z cache-mci5951 MEWElogs[382896]: CROP, 1626310214776047754, MCI, 12
<134>2021-07-15T00:50:18Z cache-man4150 MEWElogs[382896]: CROP, 1626310217842840150, MAN, 12
<134>2021-07-15T00:50:24Z cache-lhr7382 MEWElogs[382896]: CROP, 1626310223808712834, LHR, 12
<134>2021-07-15T00:50:28Z cache-mia11368 MEWElogs[382896]: CROP, 1626310227907758014, MIA, 12
<134>2021-07-15T00:50:35Z cache-jax20933 MEWElogs[382896]: CROP, 1626310234952322799, JAX, 12
<134>2021-07-15T00:50:35Z cache-lhr7382 MEWElogs[382896]: CROP, 1626310235232512450, LHR, 12
<134>2021-07-15T00:50:37Z cache-dal21283 MEWElogs[382896]: CROP, 1626310236696055342, DAL, 12
