<134>2021-07-14T17:23:04Z cache-jax20933 MEWElogs[322023]: FLIPH, 1626283384599787643, JAX, 10
<134>2021-07-14T17:23:09Z cache-mia11368 MEWElogs[322023]: FLIPH, 1626283388910992099, MIA, -1
<134>2021-07-14T17:23:16Z cache-mad22068 MEWElogs[322023]: FLIPH, 1626283395636572861, MAD, -1
<134>2021-07-14T17:23:16Z cache-lhr7382 MEWElogs[322023]: FLIPH, 1626283395376380139, LHR, 10
<134>2021-07-14T17:23:20Z cache-hkg17929 MEWElogs[322023]: FLIPH, 1626283399840656214, HKG, -1
<134>2021-07-14T17:23:56Z cache-yul12826 MEWElogs[322023]: FLIPH, 1626283436219822893, YUL, 10
<134>2021-07-14T17:24:35Z cache-lhr7382 MEWElogs[322023]: FLIPH, 1626283475578446464, LHR, 10
<134>2021-07-14T17:24:45Z cache-lhr7382 MEWElogs[322023]: FLIPH, 1626283484728515488, LHR, 10
<134>2021-07-14T17:24:54Z cache-lhr7382 MEWElogs[322023]: FLIPH, 1626283493412528223, LHR, 10
<134>2021-07-14T17:25:00Z cache-stp9226 MEWElogs[322023]: FLIPH, 1626283499710694782, STP, 10
<134>2021-07-14T17:25:02Z cache-mia11368 MEWElogs[322023]: FLIPH, 1626283502475825979, MIA, -1
<134>2021-07-14T17:25:03Z cache-lhr7382 MEWElogs[322023]: FLIPH, 1626283502340786799, LHR, 10
<134>2021-07-14T17:25:06Z cache-mia11368 MEWElogs[322023]: FLIPH, 1626283505827801486, MIA, 10
<134>2021-07-14T17:25:17Z cache-jax20933 MEWElogs[322023]: FLIPH, 1626283517271364191, JAX, 10
<134>2021-07-14T17:25:26Z cache-lax10677 MEWElogs[322023]: FLIPH, 1626283525617250603, LGB, 10
<134>2021-07-14T17:25:52Z cache-stp9226 MEWElogs[322023]: FLIPH, 1626283551421847357, STP, -1
<134>2021-07-14T17:26:13Z cache-yul12826 MEWElogs[322023]: FLIPH, 1626283572921529041, YUL, -1
<134>2021-07-14T17:26:21Z cache-mrs10583 MEWElogs[322023]: FLIPH, 1626283581088931709, MRS, -1
<134>2021-07-14T17:26:37Z cache-jax20933 MEWElogs[322023]: FLIPH, 1626283596155184364, JAX, -1
<134>2021-07-14T17:26:40Z cache-mci5951 MEWElogs[322023]: FLIPH, 1626283599404012149, MCI, -1
<134>2021-07-14T17:26:43Z cache-lax10677 MEWElogs[322023]: FLIPH, 1626283602512901000, LGB, -1
<134>2021-07-14T17:26:53Z cache-lax10677 MEWElogs[322023]: FLIPH, 1626283612588562089, LGB, -1
<134>2021-07-14T17:27:11Z cache-yul12826 MEWElogs[322023]: FLIPH, 1626283631277160564, YUL, 10
<134>2021-07-14T17:27:11Z cache-stp9226 MEWElogs[322023]: FLIPH, 1626283630537253636, STP, 10
<134>2021-07-14T17:27:13Z cache-mrs10583 MEWElogs[322023]: FLIPH, 1626283632410315155, MRS, 10
<134>2021-07-14T17:27:15Z cache-lhr7382 MEWElogs[322023]: FLIPH, 1626283634573503264, LHR, 10
<134>2021-07-14T17:27:26Z cache-lax10677 MEWElogs[322023]: FLIPH, 1626283645578768292, LGB, 10
<134>2021-07-14T17:27:40Z cache-jax20933 MEWElogs[322023]: FLIPH, 1626283660096760781, JAX, 10
<134>2021-07-14T17:28:04Z cache-yul12826 MEWElogs[322023]: FLIPH, 1626283683830748030, YUL, -1
<134>2021-07-14T17:28:07Z cache-yul12826 MEWElogs[322023]: FLIPH, 1626283686848199140, YUL, 10
<134>2021-07-14T17:28:10Z cache-mrs10583 MEWElogs[322023]: FLIPH, 1626283689081872636, MRS, 10
<134>2021-07-14T17:28:11Z cache-jax20933 MEWElogs[322023]: FLIPH, 1626283691451374002, JAX, -1
<134>2021-07-14T17:28:35Z cache-lax10677 MEWElogs[322023]: FLIPH, 1626283714973921227, LGB, 10
<134>2021-07-14T17:28:44Z cache-lhr7382 MEWElogs[322023]: FLIPH, 1626283723245385956, LHR, 10
<134>2021-07-14T17:28:48Z cache-jax20933 MEWElogs[322023]: FLIPH, 1626283727868961910, JAX, -1
<134>2021-07-14T17:28:55Z cache-mrs10583 MEWElogs[322023]: FLIPH, 1626283735290442411, MRS, -1
<134>2021-07-14T17:29:14Z cache-lax10677 MEWElogs[322023]: FLIPH, 1626283753989159299, LGB, 10
<134>2021-07-14T17:29:17Z cache-hkg17929 MEWElogs[322023]: FLIPH, 1626283757174484291, HKG, -1
<134>2021-07-14T17:29:22Z cache-mci5951 MEWElogs[322023]: FLIPH, 1626283761147724142, MCI, -1
<134>2021-07-14T17:29:44Z cache-man4150 MEWElogs[322023]: FLIPH, 1626283784418981217, MAN, 10
<134>2021-07-14T17:30:14Z cache-mel11272 MEWElogs[322023]: FLIPH, 1626283813870545852, MEL, 10
<134>2021-07-14T17:30:18Z cache-man4150 MEWElogs[322023]: FLIPH, 1626283817909692824, MAN, 10
<134>2021-07-14T17:30:32Z cache-hkg17929 MEWElogs[322023]: FLIPH, 1626283831906816798, HKG, -1
<134>2021-07-14T17:30:53Z cache-jax20933 MEWElogs[322023]: FLIPH, 1626283852427063782, JAX, 10
<134>2021-07-14T17:31:00Z cache-man4150 MEWElogs[322023]: FLIPH, 1626283859430165879, MAN, 10
<134>2021-07-14T17:31:08Z cache-yul12826 MEWElogs[322023]: FLIPH, 1626283867985105613, YUL, -1
<134>2021-07-14T17:31:22Z cache-ewr18156 MEWElogs[322023]: FLIPH, 1626283881515583292, EWR, -1
<134>2021-07-14T17:31:25Z cache-lga21983 MEWElogs[322023]: FLIPH, 1626283884764389196, LGA, -1
<134>2021-07-14T17:31:34Z cache-lax10677 MEWElogs[322023]: FLIPH, 1626283893137520111, LGB, 10
<134>2021-07-14T17:31:51Z cache-ewr18156 MEWElogs[322023]: FLIPH, 1626283910005766445, EWR, -1
<134>2021-07-14T17:31:57Z cache-man4150 MEWElogs[322023]: FLIPH, 1626283916746700042, MAN, 10
<134>2021-07-14T17:32:17Z cache-jax20933 MEWElogs[322023]: FLIPH, 1626283936382802153, JAX, 10
<134>2021-07-14T17:32:29Z cache-osl6529 MEWElogs[322023]: FLIPH, 1626283949132759787, OSL, -1
<134>2021-07-14T17:32:34Z cache-mel11272 MEWElogs[322023]: FLIPH, 1626283953031899019, MEL, -1
<134>2021-07-14T17:32:37Z cache-ewr18156 MEWElogs[322023]: FLIPH, 1626283956571703815, EWR, -1
<134>2021-07-14T17:32:42Z cache-osl6529 MEWElogs[322023]: FLIPH, 1626283961807061950, OSL, 10
<134>2021-07-14T17:32:44Z cache-stp9226 MEWElogs[322023]: FLIPH, 1626283963856072951, STP, -1
<134>2021-07-14T17:32:55Z cache-ewr18156 MEWElogs[322023]: FLIPH, 1626283974982364877, EWR, -1
