<134>2021-07-14T17:42:33Z cache-cdg20720 MEWElogs[412844]: FLIPH, 1626284553670510398, CDG, 10
<134>2021-07-14T17:42:34Z cache-mel11272 MEWElogs[412844]: FLIPH, 1626284554127502787, MEL, -1
<134>2021-07-14T17:42:53Z cache-gig17035 MEWElogs[412844]: FLIPH, 1626284573551805946, GIG, 10
<134>2021-07-14T17:43:06Z cache-man4150 MEWElogs[412844]: FLIPH, 1626284585862385022, MAN, 10
<134>2021-07-14T17:43:08Z cache-mel11272 MEWElogs[412844]: FLIPH, 1626284587947662053, MEL, 10
<134>2021-07-14T17:43:11Z cache-cdg20720 MEWElogs[412844]: FLIPH, 1626284591067764500, CDG, -1
<134>2021-07-14T17:43:12Z cache-stl4834 MEWElogs[412844]: FLIPH, 1626284591928658697, STL, -1
<134>2021-07-14T17:43:51Z cache-gru17149 MEWElogs[412844]: FLIPH, 1626284630503615932, GRU, 10
<134>2021-07-14T17:43:59Z cache-mel11272 MEWElogs[412844]: FLIPH, 1626284638635080341, MEL, 10
<134>2021-07-14T17:44:09Z cache-scl19427 MEWElogs[412844]: FLIPH, 1626284648164990887, SCL, 10
<134>2021-07-14T17:44:19Z cache-mel11272 MEWElogs[412844]: FLIPH, 1626284658648456966, MEL, 10
<134>2021-07-14T17:44:29Z cache-gig17035 MEWElogs[412844]: FLIPH, 1626284669423670264, GIG, 10
<134>2021-07-14T17:44:37Z cache-stl4834 MEWElogs[412844]: FLIPH, 1626284676236138043, STL, -1
<134>2021-07-14T17:44:42Z cache-cdg20720 MEWElogs[412844]: FLIPH, 1626284681895955021, CDG, -1
<134>2021-07-14T17:44:48Z cache-osl6529 MEWElogs[412844]: FLIPH, 1626284688019359027, OSL, -1
<134>2021-07-14T17:44:50Z cache-mel11272 MEWElogs[412844]: FLIPH, 1626284689018179267, MEL, 10
<134>2021-07-14T17:44:57Z cache-mel11272 MEWElogs[412844]: FLIPH, 1626284696480592601, MEL, -1
<134>2021-07-14T17:44:58Z cache-bom4751 MEWElogs[412844]: FLIPH, 1626284697820563892, BOM, 10
<134>2021-07-14T17:45:14Z cache-gig17035 MEWElogs[412844]: FLIPH, 1626284714334075950, GIG, -1
<134>2021-07-14T17:45:28Z cache-lga21983 MEWElogs[412844]: FLIPH, 1626284728418318415, LGA, 10
<134>2021-07-14T17:45:28Z cache-stl4834 MEWElogs[412844]: FLIPH, 1626284728173556560, STL, -1
<134>2021-07-14T17:45:34Z cache-scl19427 MEWElogs[412844]: FLIPH, 1626284733471022667, SCL, 10
<134>2021-07-14T17:45:40Z cache-mel11272 MEWElogs[412844]: FLIPH, 1626284739278946842, MEL, 10
<134>2021-07-14T17:45:54Z cache-osl6529 MEWElogs[412844]: FLIPH, 1626284753130699881, OSL, -1
<134>2021-07-14T17:45:55Z cache-gru17149 MEWElogs[412844]: FLIPH, 1626284754455663962, GRU, 10
<134>2021-07-14T17:45:56Z cache-osl6529 MEWElogs[412844]: FLIPH, 1626284756213408678, OSL, 10
<134>2021-07-14T17:46:02Z cache-gru17149 MEWElogs[412844]: FLIPH, 1626284761134102061, GRU, -1
<134>2021-07-14T17:46:13Z cache-bom4751 MEWElogs[412844]: FLIPH, 1626284771973831016, BOM, -1
<134>2021-07-14T17:46:22Z cache-bom4751 MEWElogs[412844]: FLIPH, 1626284781813250989, BOM, -1
<134>2021-07-14T17:46:33Z cache-osl6529 MEWElogs[412844]: FLIPH, 1626284792938258049, OSL, 10
<134>2021-07-14T17:46:33Z cache-gru17149 MEWElogs[412844]: FLIPH, 1626284792906968533, GRU, 10
<134>2021-07-14T17:46:46Z cache-stl4834 MEWElogs[412844]: FLIPH, 1626284805359037788, STL, 10
<134>2021-07-14T17:46:54Z cache-bom4751 MEWElogs[412844]: FLIPH, 1626284813088995547, BOM, 10
<134>2021-07-14T17:46:57Z cache-osl6529 MEWElogs[412844]: FLIPH, 1626284817228804749, OSL, -1
<134>2021-07-14T17:47:02Z cache-gru17149 MEWElogs[412844]: FLIPH, 1626284821161427326, GRU, 10
<134>2021-07-14T17:47:06Z cache-scl19427 MEWElogs[412844]: FLIPH, 1626284826257849759, SCL, -1
<134>2021-07-14T17:47:20Z cache-itm18851 MEWElogs[412844]: FLIPH, 1626284839491455829, ITM, -1
<134>2021-07-14T17:47:26Z cache-stl4834 MEWElogs[412844]: FLIPH, 1626284845412320543, STL, -1
<134>2021-07-14T17:47:46Z cache-scl19427 MEWElogs[412844]: FLIPH, 1626284865948939035, SCL, 10
<134>2021-07-14T17:47:50Z cache-bom4751 MEWElogs[412844]: FLIPH, 1626284869274318846, BOM, -1
<134>2021-07-14T17:48:02Z cache-pao17461 MEWElogs[412844]: FLIPH, 1626284882534338298, PAO, 10
<134>2021-07-14T17:48:15Z cache-gru17149 MEWElogs[412844]: FLIPH, 1626284894863775676, GRU, -1
<134>2021-07-14T17:48:19Z cache-cdg20720 MEWElogs[412844]: FLIPH, 1626284899339584568, CDG, 10
<134>2021-07-14T17:48:21Z cache-pao17461 MEWElogs[412844]: FLIPH, 1626284900205583435, PAO, -1
<134>2021-07-14T17:48:34Z cache-scl19427 MEWElogs[412844]: FLIPH, 1626284914558672344, SCL, 10
<134>2021-07-14T17:48:44Z cache-gru17149 MEWElogs[412844]: FLIPH, 1626284923341138685, GRU, -1
<134>2021-07-14T17:48:50Z cache-stl4834 MEWElogs[412844]: FLIPH, 1626284929574661556, STL, -1
<134>2021-07-14T17:48:53Z cache-gig17035 MEWElogs[412844]: FLIPH, 1626284932776087195, GIG, 10
<134>2021-07-14T17:48:57Z cache-cdg20720 MEWElogs[412844]: FLIPH, 1626284936300368367, CDG, -1
<134>2021-07-14T17:49:06Z cache-gru17149 MEWElogs[412844]: FLIPH, 1626284945251159932, GRU, 10
<134>2021-07-14T17:49:11Z cache-cdg20720 MEWElogs[412844]: FLIPH, 1626284950193886420, CDG, 10
<134>2021-07-14T17:49:31Z cache-cdg20720 MEWElogs[412844]: FLIPH, 1626284970271099585, CDG, 10
<134>2021-07-14T17:49:35Z cache-stl4834 MEWElogs[412844]: FLIPH, 1626284974759198505, STL, 10
<134>2021-07-14T17:49:47Z cache-scl19427 MEWElogs[412844]: FLIPH, 1626284986842913176, SCL, 10
<134>2021-07-14T17:49:51Z cache-syd10183 MEWElogs[412844]: FLIPH, 1626284990445006365, SYD, -1
<134>2021-07-14T17:50:17Z cache-pao17461 MEWElogs[412844]: FLIPH, 1626285017636224719, PAO, 10
<134>2021-07-14T17:50:28Z cache-stl4834 MEWElogs[412844]: FLIPH, 1626285027407629124, STL, 10
<134>2021-07-14T17:50:28Z cache-pao17461 MEWElogs[412844]: FLIPH, 1626285028098837888, PAO, 10
<134>2021-07-14T17:50:28Z cache-cgh11122 MEWElogs[412844]: FLIPH, 1626285028472243752, CGH, -1
<134>2021-07-14T17:50:29Z cache-gru17149 MEWElogs[412844]: FLIPH, 1626285028353930615, GRU, -1
<134>2021-07-14T17:50:34Z cache-bom4751 MEWElogs[412844]: FLIPH, 1626285033944941251, BOM, -1
<134>2021-07-14T17:50:39Z cache-pao17461 MEWElogs[412844]: FLIPH, 1626285038509368630, PAO, 10
<134>2021-07-14T17:50:54Z cache-syd10183 MEWElogs[412844]: FLIPH, 1626285053854217724, SYD, 10
<134>2021-07-14T17:50:56Z cache-bom4751 MEWElogs[412844]: FLIPH, 1626285055815657740, BOM, 10
<134>2021-07-14T17:51:07Z cache-pao17461 MEWElogs[412844]: FLIPH, 1626285066823666654, PAO, -1
<134>2021-07-14T17:51:12Z cache-itm18851 MEWElogs[412844]: FLIPH, 1626285070931363278, ITM, 10
<134>2021-07-14T17:51:23Z cache-cgh11122 MEWElogs[412844]: FLIPH, 1626285082962563122, CGH, 10
<134>2021-07-14T17:51:23Z cache-scl19427 MEWElogs[412844]: FLIPH, 1626285082957504844, SCL, 10
<134>2021-07-14T17:51:51Z cache-cgh11122 MEWElogs[412844]: FLIPH, 1626285110754148603, CGH, -1
<134>2021-07-14T17:52:02Z cache-syd10183 MEWElogs[412844]: FLIPH, 1626285121010529659, SYD, -1
<134>2021-07-14T17:52:03Z cache-cgh11122 MEWElogs[412844]: FLIPH, 1626285123325165474, CGH, 10
<134>2021-07-14T17:52:07Z cache-hnd18722 MEWElogs[412844]: FLIPH, 1626285126839789561, HND, 10
<134>2021-07-14T17:52:08Z cache-stl4834 MEWElogs[412844]: FLIPH, 1626285128650974867, STL, -1
<134>2021-07-14T17:52:19Z cache-stl4834 MEWElogs[412844]: FLIPH, 1626285139018868391, STL, -1
<134>2021-07-14T17:52:31Z cache-bom4751 MEWElogs[412844]: FLIPH, 1626285150581737047, BOM, -1
