<134>2021-07-15T04:06:29Z cache-bog6425 MEWElogs[370074]: ROTATE, 1626321988553380617, BOG, 15
<134>2021-07-15T04:06:37Z cache-ord1740 MEWElogs[370074]: ROTATE, 1626321996175406889, ORD, 15
<134>2021-07-15T04:06:38Z cache-bog6425 MEWElogs[370074]: ROTATE, 1626321998511644894, BOG, 15
<134>2021-07-15T04:06:46Z cache-pdk17882 MEWElogs[370074]: ROTATE, 1626322005763102706, PDK, 15
<134>2021-07-15T04:06:49Z cache-ams21020 MEWElogs[370074]: ROTATE, 1626322008765602436, AMS, 15
<134>2021-07-15T04:06:55Z cache-maa10251 MEWElogs[370074]: ROTATE, 1626322015167126349, MAA, 15
<134>2021-07-15T04:07:24Z cache-dca17782 MEWElogs[370074]: ROTATE, 1626322044480072705, DCA, 15
<134>2021-07-15T04:07:44Z cache-dca17782 MEWElogs[370074]: ROTATE, 1626322063836171546, DCA, 15
<134>2021-07-15T04:08:09Z cache-ord1740 MEWElogs[370074]: ROTATE, 1626322088104244360, ORD, 15
<134>2021-07-15T04:08:22Z cache-mdw17383 MEWElogs[370074]: ROTATE, 1626322101456792875, MDW, 15
<134>2021-07-15T04:09:13Z cache-ord1740 MEWElogs[370074]: ROTATE, 1626322152649931732, ORD, 15
<134>2021-07-15T04:09:22Z cache-ord1740 MEWElogs[370074]: ROTATE, 1626322161906470247, ORD, 15
<134>2021-07-15T04:09:24Z cache-ams21020 MEWElogs[370074]: ROTATE, 1626322163264008738, AMS, 15
<134>2021-07-15T04:09:25Z cache-wdc5583 MEWElogs[370074]: ROTATE, 1626322164955670639, WDC, 15
<134>2021-07-15T04:10:29Z cache-bog6425 MEWElogs[370074]: ROTATE, 1626322228948765203, BOG, 15
<134>2021-07-15T04:10:45Z cache-mdw17383 MEWElogs[370074]: ROTATE, 1626322245578646850, MDW, 15
<134>2021-07-15T04:10:52Z cache-wdc5583 MEWElogs[370074]: ROTATE, 1626322251330639720, WDC, 15
<134>2021-07-15T04:10:55Z cache-ams21020 MEWElogs[370074]: ROTATE, 1626322255594684302, AMS, 15
<134>2021-07-15T04:11:02Z cache-wdc5583 MEWElogs[370074]: ROTATE, 1626322261656988500, WDC, 15
<134>2021-07-15T04:11:06Z cache-maa10251 MEWElogs[370074]: ROTATE, 1626322266167015506, MAA, 15
<134>2021-07-15T04:11:23Z cache-ord1740 MEWElogs[370074]: ROTATE, 1626322282561364023, ORD, 15
<134>2021-07-15T04:11:30Z cache-mdw17383 MEWElogs[370074]: ROTATE, 1626322289711078179, MDW, 15
<134>2021-07-15T04:11:35Z cache-maa10251 MEWElogs[370074]: ROTATE, 1626322294633749342, MAA, 15
<134>2021-07-15T04:11:55Z cache-wdc5583 MEWElogs[370074]: ROTATE, 1626322315608918410, WDC, 15
<134>2021-07-15T04:12:27Z cache-wdc5583 MEWElogs[370074]: ROTATE, 1626322347657923350, WDC, 15
<134>2021-07-15T04:12:53Z cache-ams21020 MEWElogs[370074]: ROTATE, 1626322372843900649, AMS, 15
<134>2021-07-15T04:12:57Z cache-eze19324 MEWElogs[370074]: ROTATE, 1626322376215166274, EZE, 15
<134>2021-07-15T04:13:00Z cache-pdk17882 MEWElogs[370074]: ROTATE, 1626322379599804322, PDK, 15
<134>2021-07-15T04:13:07Z cache-dca17782 MEWElogs[370074]: ROTATE, 1626322386697303236, DCA, 15
<134>2021-07-15T04:13:20Z cache-mdw17383 MEWElogs[370074]: ROTATE, 1626322399981531966, MDW, 15
<134>2021-07-15T04:13:32Z cache-ord1740 MEWElogs[370074]: ROTATE, 1626322411494233065, ORD, 15
<134>2021-07-15T04:13:32Z cache-ams21020 MEWElogs[370074]: ROTATE, 1626322411708642930, AMS, 15
<134>2021-07-15T04:13:41Z cache-ord1740 MEWElogs[370074]: ROTATE, 1626322420460716164, ORD, 15
<134>2021-07-15T04:14:50Z cache-dca17782 MEWElogs[370074]: ROTATE, 1626322490361714790, DCA, 15
<134>2021-07-15T04:15:08Z cache-wdc5583 MEWElogs[370074]: ROTATE, 1626322507770065256, WDC, 15
<134>2021-07-15T04:15:30Z cache-wdc5583 MEWElogs[370074]: ROTATE, 1626322529481084994, WDC, 15
<134>2021-07-15T04:15:44Z cache-ams21020 MEWElogs[370074]: ROTATE, 1626322543425044695, AMS, 15
