<134>2021-07-15T00:39:58Z cache-del21735 MEWElogs[390968]: CROP, 1626309596846899251, DEL, 12
<134>2021-07-15T00:40:06Z cache-hel6829 MEWElogs[390968]: CROP, 1626309605431763671, HEL, 12
<134>2021-07-15T00:40:07Z cache-akl10324 MEWElogs[390968]: CROP, 1626309606638836243, AKL, 12
<134>2021-07-15T00:40:13Z cache-bos4657 MEWElogs[390968]: CROP, 1626309612851475075, BOS, 12
<134>2021-07-15T00:40:25Z cache-dub4329 MEWElogs[390968]: CROP, 1626309624440821278, DUB, 12
<134>2021-07-15T00:40:40Z cache-chi21126 MEWElogs[390968]: CROP, 1626309640459305836, CHI, 12
<134>2021-07-15T00:40:44Z cache-iah17271 MEWElogs[390968]: CROP, 1626309643406464491, IAH, 12
<134>2021-07-15T00:40:45Z cache-dfw18678 MEWElogs[390968]: CROP, 1626309644996633823, DFW, 12
<134>2021-07-15T00:40:53Z cache-del21735 MEWElogs[390968]: CROP, 1626309652010408977, DEL, 12
<134>2021-07-15T00:40:53Z cache-iah17271 MEWElogs[390968]: CROP, 1626309652936930853, IAH, 12
<134>2021-07-15T00:40:58Z cache-bos4657 MEWElogs[390968]: CROP, 1626309657612448620, BOS, 12
<134>2021-07-15T00:41:18Z cache-cwb20520 MEWElogs[390968]: CROP, 1626309677889625830, CWB, 12
<134>2021-07-15T00:41:21Z cache-akl10324 MEWElogs[390968]: CROP, 1626309681414687857, AKL, 12
<134>2021-07-15T00:41:30Z cache-chi21126 MEWElogs[390968]: CROP, 1626309689914404779, CHI, 12
<134>2021-07-15T00:41:34Z cache-jnb7027 MEWElogs[390968]: CROP, 1626309693831741952, JNB, 12
<134>2021-07-15T00:41:35Z cache-bos4657 MEWElogs[390968]: CROP, 1626309694719530986, BOS, 12
<134>2021-07-15T00:41:47Z cache-dfw18678 MEWElogs[390968]: CROP, 1626309706389116316, DFW, 12
<134>2021-07-15T00:41:51Z cache-dfw18678 MEWElogs[390968]: CROP, 1626309710981426369, DFW, 12
<134>2021-07-15T00:41:54Z cache-dub4329 MEWElogs[390968]: CROP, 1626309712990502966, DUB, 12
<134>2021-07-15T00:42:12Z cache-pwk4920 MEWElogs[390968]: CROP, 1626309732348246742, PWK, 12
<134>2021-07-15T00:42:17Z cache-iah17271 MEWElogs[390968]: CROP, 1626309736444071597, IAH, 12
<134>2021-07-15T00:42:22Z cache-iah17271 MEWElogs[390968]: CROP, 1626309741209285552, IAH, 12
<134>2021-07-15T00:42:25Z cache-den8274 MEWElogs[390968]: CROP, 1626309745124702928, DEN, 12
<134>2021-07-15T00:42:36Z cache-cwb20520 MEWElogs[390968]: CROP, 1626309755382557817, CWB, 12
<134>2021-07-15T00:42:44Z cache-cwb20520 MEWElogs[390968]: CROP, 1626309763822146816, CWB, 12
<134>2021-07-15T00:42:52Z cache-dal21283 MEWElogs[390968]: CROP, 1626309771118246656, DAL, 12
<134>2021-07-15T00:42:53Z cache-lcy19283 MEWElogs[390968]: CROP, 1626309772758027227, LCY, 12
<134>2021-07-15T00:43:05Z cache-den8274 MEWElogs[390968]: CROP, 1626309785208329640, DEN, 12
<134>2021-07-15T00:43:10Z cache-bur17583 MEWElogs[390968]: CROP, 1626309789652618434, BUR, 12
<134>2021-07-15T00:43:15Z cache-dal21283 MEWElogs[390968]: CROP, 1626309795037174349, DAL, 12
<134>2021-07-15T00:43:18Z cache-bur17583 MEWElogs[390968]: CROP, 1626309798345027714, BUR, 12
<134>2021-07-15T00:43:20Z cache-den8274 MEWElogs[390968]: CROP, 1626309800132410146, DEN, 12
<134>2021-07-15T00:43:23Z cache-bur17583 MEWElogs[390968]: CROP, 1626309802822720068, BUR, 12
<134>2021-07-15T00:43:28Z cache-mrs10583 MEWElogs[390968]: CROP, 1626309807139724718, MRS, 12
<134>2021-07-15T00:43:32Z cache-den8274 MEWElogs[390968]: CROP, 1626309811288374672, DEN, 12
<134>2021-07-15T00:43:49Z cache-bur17583 MEWElogs[390968]: CROP, 1626309828831385090, BUR, 12
<134>2021-07-15T00:43:51Z cache-mad22068 MEWElogs[390968]: CROP, 1626309830697833847, MAD, 12
<134>2021-07-15T00:43:53Z cache-lcy19283 MEWElogs[390968]: CROP, 1626309831964209338, LCY, 12
<134>2021-07-15T00:43:53Z cache-den8274 MEWElogs[390968]: CROP, 1626309832766199499, DEN, 12
<134>2021-07-15T00:44:07Z cache-mad22068 MEWElogs[390968]: CROP, 1626309846731974099, MAD, 12
<134>2021-07-15T00:44:09Z cache-cwb20520 MEWElogs[390968]: CROP, 1626309848632255983, CWB, 12
<134>2021-07-15T00:44:14Z cache-cwb20520 MEWElogs[390968]: CROP, 1626309852961806821, CWB, 12
<134>2021-07-15T00:44:17Z cache-mad22068 MEWElogs[390968]: CROP, 1626309856442793827, MAD, 12
<134>2021-07-15T00:44:19Z cache-den8274 MEWElogs[390968]: CROP, 1626309858155021199, DEN, 12
<134>2021-07-15T00:44:19Z cache-bur17583 MEWElogs[390968]: CROP, 1626309858840990137, BUR, 12
<134>2021-07-15T00:44:20Z cache-jnb7027 MEWElogs[390968]: CROP, 1626309859464167599, JNB, 12
<134>2021-07-15T00:44:37Z cache-lcy19283 MEWElogs[390968]: CROP, 1626309876835811304, LCY, 12
<134>2021-07-15T00:44:42Z cache-hel6829 MEWElogs[390968]: CROP, 1626309882031930675, HEL, 12
<134>2021-07-15T00:44:48Z cache-jnb7027 MEWElogs[390968]: CROP, 1626309887036170320, JNB, 12
<134>2021-07-15T00:44:55Z cache-jnb7027 MEWElogs[390968]: CROP, 1626309894830318200, JNB, 12
<134>2021-07-15T00:45:11Z cache-hkg17929 MEWElogs[390968]: CROP, 1626309910853387243, HKG, 12
<134>2021-07-15T00:45:14Z cache-dal21283 MEWElogs[390968]: CROP, 1626309913828741596, DAL, 12
<134>2021-07-15T00:45:18Z cache-dal21283 MEWElogs[390968]: CROP, 1626309918232400891, DAL, 12
<134>2021-07-15T00:45:28Z cache-mrs10583 MEWElogs[390968]: CROP, 1626309927229706991, MRS, 12
<134>2021-07-15T00:45:32Z cache-bur17583 MEWElogs[390968]: CROP, 1626309931940103346, BUR, 12
<134>2021-07-15T00:45:36Z cache-bur17583 MEWElogs[390968]: CROP, 1626309936515359080, BUR, 12
<134>2021-07-15T00:45:39Z cache-mrs10583 MEWElogs[390968]: CROP, 1626309938811420909, MRS, 12
<134>2021-07-15T00:45:39Z cache-mad22068 MEWElogs[390968]: CROP, 1626309938819769176, MAD, 12
<134>2021-07-15T00:45:45Z cache-mrs10583 MEWElogs[390968]: CROP, 1626309944567929216, MRS, 12
<134>2021-07-15T00:45:48Z cache-iah17271 MEWElogs[390968]: CROP, 1626309947527485434, IAH, 12
<134>2021-07-15T00:45:49Z cache-den8274 MEWElogs[390968]: CROP, 1626309948493235148, DEN, 12
<134>2021-07-15T00:45:56Z cache-cwb20520 MEWElogs[390968]: CROP, 1626309955812002209, CWB, 12
<134>2021-07-15T00:46:09Z cache-hkg17929 MEWElogs[390968]: CROP, 1626309967976043139, HKG, 12
<134>2021-07-15T00:46:12Z cache-bur17583 MEWElogs[390968]: CROP, 1626309970969559200, BUR, 12
<134>2021-07-15T00:46:21Z cache-mad22068 MEWElogs[390968]: CROP, 1626309980558628209, MAD, 12
<134>2021-07-15T00:46:34Z cache-lcy19283 MEWElogs[390968]: CROP, 1626309993176212249, LCY, 12
<134>2021-07-15T00:46:42Z cache-jnb7027 MEWElogs[390968]: CROP, 1626310001181785204, JNB, 12
<134>2021-07-15T00:46:44Z cache-mad22068 MEWElogs[390968]: CROP, 1626310003721453735, MAD, 12
<134>2021-07-15T00:46:46Z cache-mrs10583 MEWElogs[390968]: CROP, 1626310005725239909, MRS, 12
<134>2021-07-15T00:46:51Z cache-bur17583 MEWElogs[390968]: CROP, 1626310010329189140, BUR, 12
<134>2021-07-15T00:47:15Z cache-lhr7382 MEWElogs[390968]: CROP, 1626310034431607651, LHR, 12
<134>2021-07-15T00:47:15Z cache-mad22068 MEWElogs[390968]: CROP, 1626310035633307525, MAD, 12
<134>2021-07-15T00:47:21Z cache-lhr7382 MEWElogs[390968]: CROP, 1626310040208727672, LHR, 12
<134>2021-07-15T00:47:28Z cache-iah17271 MEWElogs[390968]: CROP, 1626310047466211658, IAH, 12
<134>2021-07-15T00:47:44Z cache-hkg17929 MEWElogs[390968]: CROP, 1626310064271537616, HKG, 12
<134>2021-07-15T00:47:48Z cache-dal21283 MEWElogs[390968]: CROP, 1626310067871315874, DAL, 12
<134>2021-07-15T00:47:59Z cache-mrs10583 MEWElogs[390968]: CROP, 1626310078149595196, MRS, 12
<134>2021-07-15T00:48:14Z cache-mad22068 MEWElogs[390968]: CROP, 1626310093146092125, MAD, 12
<134>2021-07-15T00:48:35Z cache-mci5951 MEWElogs[390968]: CROP, 1626310114771768864, MCI, 12
<134>2021-07-15T00:48:56Z cache-hkg17929 MEWElogs[390968]: CROP, 1626310136486230212, HKG, 12
<134>2021-07-15T00:49:05Z cache-mci5951 MEWElogs[390968]: CROP, 1626310145078184613, MCI, 12
<134>2021-07-15T00:49:20Z cache-dal21283 MEWElogs[390968]: CROP, 1626310159332342484, DAL, 12
<134>2021-07-15T00:49:21Z cache-hkg17929 MEWElogs[390968]: CROP, 1626310160290559209, HKG, 12
<134>2021-07-15T00:49:21Z cache-lhr7382 MEWElogs[390968]: CROP, 1626310160664259739, LHR, 12
<134>2021-07-15T00:49:25Z cache-bur17583 MEWElogs[390968]: CROP, 1626310164795213081, BUR, 12
<134>2021-07-15T00:49:25Z cache-hkg17929 MEWElogs[390968]: CROP, 1626310164981366165, HKG, 12
<134>2021-07-15T00:49:34Z cache-hkg17929 MEWElogs[390968]: CROP, 1626310174499096008, HKG, 12
<134>2021-07-15T00:49:51Z cache-stp9226 MEWElogs[390968]: CROP, 1626310190928341109, STP, 12
<134>2021-07-15T00:49:55Z cache-stp9226 MEWElogs[390968]: CROP, 1626310194978579656, STP, 12
