<134>2021-07-15T00:28:47Z cache-cmh21547 MEWElogs[464521]: CROP, 1626308926959459816, CMH, 12
<134>2021-07-15T00:28:47Z cache-eze19324 MEWElogs[464521]: CROP, 1626308926941502049, EZE, 12
<134>2021-07-15T00:28:53Z cache-bog6425 MEWElogs[464521]: CROP, 1626308933281959591, BOG, 12
<134>2021-07-15T00:28:56Z cache-ams21020 MEWElogs[464521]: CROP, 1626308936219402660, AMS, 12
<134>2021-07-15T00:28:58Z cache-mdw17383 MEWElogs[464521]: CROP, 1626308938481789092, MDW, 12
<134>2021-07-15T00:29:08Z cache-pdk17882 MEWElogs[464521]: CROP, 1626308948770623961, PDK, 12
<134>2021-07-15T00:29:19Z cache-ord1740 MEWElogs[464521]: CROP, 1626308958538677979, ORD, 12
<134>2021-07-15T00:29:21Z cache-dca17782 MEWElogs[464521]: CROP, 1626308961700469181, DCA, 12
<134>2021-07-15T00:29:38Z cache-mdw17383 MEWElogs[464521]: CROP, 1626308978717716139, MDW, 12
<134>2021-07-15T00:29:44Z cache-eze19324 MEWElogs[464521]: CROP, 1626308983454627693, EZE, 12
<134>2021-07-15T00:29:48Z cache-eze19324 MEWElogs[464521]: CROP, 1626308988480618068, EZE, 12
<134>2021-07-15T00:29:57Z cache-wdc5583 MEWElogs[464521]: CROP, 1626308997169648603, WDC, 12
<134>2021-07-15T00:29:59Z cache-eze19324 MEWElogs[464521]: CROP, 1626308998755058535, EZE, 12
<134>2021-07-15T00:30:01Z cache-ord1740 MEWElogs[464521]: CROP, 1626309000825127527, ORD, 12
<134>2021-07-15T00:30:14Z cache-pdk17882 MEWElogs[464521]: CROP, 1626309013909056945, PDK, 12
<134>2021-07-15T00:30:28Z cache-pdk17882 MEWElogs[464521]: CROP, 1626309028431561552, PDK, 12
<134>2021-07-15T00:30:32Z cache-bog6425 MEWElogs[464521]: CROP, 1626309031804548286, BOG, 12
<134>2021-07-15T00:30:41Z cache-dca17782 MEWElogs[464521]: CROP, 1626309040339951015, DCA, 12
<134>2021-07-15T00:30:42Z cache-cmh21547 MEWElogs[464521]: CROP, 1626309042338878694, CMH, 12
<134>2021-07-15T00:30:48Z cache-cmh21547 MEWElogs[464521]: CROP, 1626309047641064215, CMH, 12
<134>2021-07-15T00:30:50Z cache-ord1740 MEWElogs[464521]: CROP, 1626309049631811271, ORD, 12
<134>2021-07-15T00:30:51Z cache-mdw17383 MEWElogs[464521]: CROP, 1626309051405443829, MDW, 12
<134>2021-07-15T00:30:53Z cache-pdk17882 MEWElogs[464521]: CROP, 1626309053519048663, PDK, 12
<134>2021-07-15T00:31:01Z cache-pdk17882 MEWElogs[464521]: CROP, 1626309060731736637, PDK, 12
<134>2021-07-15T00:31:03Z cache-dca17782 MEWElogs[464521]: CROP, 1626309062858980789, DCA, 12
<134>2021-07-15T00:31:04Z cache-pdk17882 MEWElogs[464521]: CROP, 1626309064302650099, PDK, 12
<134>2021-07-15T00:31:15Z cache-cmh21547 MEWElogs[464521]: CROP, 1626309074018347559, CMH, 12
<134>2021-07-15T00:31:23Z cache-ams21020 MEWElogs[464521]: CROP, 1626309082457343300, AMS, 12
<134>2021-07-15T00:31:36Z cache-cmh21547 MEWElogs[464521]: CROP, 1626309095334623477, CMH, 12
<134>2021-07-15T00:31:36Z cache-wdc5583 MEWElogs[464521]: CROP, 1626309096778493705, WDC, 12
<134>2021-07-15T00:31:37Z cache-bog6425 MEWElogs[464521]: CROP, 1626309096281716764, BOG, 12
<134>2021-07-15T00:31:43Z cache-ams21020 MEWElogs[464521]: CROP, 1626309102402688789, AMS, 12
<134>2021-07-15T00:31:50Z cache-ord1740 MEWElogs[464521]: CROP, 1626309109564937583, ORD, 12
<134>2021-07-15T00:32:18Z cache-ord1740 MEWElogs[464521]: CROP, 1626309137954743379, ORD, 12
<134>2021-07-15T00:32:19Z cache-dca17782 MEWElogs[464521]: CROP, 1626309138807276976, DCA, 12
<134>2021-07-15T00:32:35Z cache-dca17782 MEWElogs[464521]: CROP, 1626309154012646393, DCA, 12
<134>2021-07-15T00:32:45Z cache-eze19324 MEWElogs[464521]: CROP, 1626309165140296979, EZE, 12
<134>2021-07-15T00:32:49Z cache-dca17782 MEWElogs[464521]: CROP, 1626309169051062557, DCA, 12
<134>2021-07-15T00:32:53Z cache-dca17782 MEWElogs[464521]: CROP, 1626309172663188546, DCA, 12
<134>2021-07-15T00:32:57Z cache-wdc5583 MEWElogs[464521]: CROP, 1626309177740338798, WDC, 12
<134>2021-07-15T00:33:01Z cache-bog6425 MEWElogs[464521]: CROP, 1626309180728268188, BOG, 12
<134>2021-07-15T00:33:05Z cache-bog6425 MEWElogs[464521]: CROP, 1626309184776894401, BOG, 12
<134>2021-07-15T00:33:32Z cache-ord1740 MEWElogs[464521]: CROP, 1626309211808332972, ORD, 12
<134>2021-07-15T00:33:51Z cache-mdw17383 MEWElogs[464521]: CROP, 1626309231421181933, MDW, 12
<134>2021-07-15T00:33:52Z cache-maa10251 MEWElogs[464521]: CROP, 1626309231463471920, MAA, 12
<134>2021-07-15T00:33:56Z cache-mdw17383 MEWElogs[464521]: CROP, 1626309236040934575, MDW, 12
<134>2021-07-15T00:34:18Z cache-pdk17882 MEWElogs[464521]: CROP, 1626309257175237644, PDK, 12
<134>2021-07-15T00:34:18Z cache-mdw17383 MEWElogs[464521]: CROP, 1626309257864846187, MDW, 12
<134>2021-07-15T00:34:25Z cache-cmh21547 MEWElogs[464521]: CROP, 1626309264972655107, CMH, 12
<134>2021-07-15T00:34:40Z cache-wdc5583 MEWElogs[464521]: CROP, 1626309280296675760, WDC, 12
<134>2021-07-15T00:35:09Z cache-dfw18678 MEWElogs[464521]: CROP, 1626309309764366423, DFW, 12
<134>2021-07-15T00:35:17Z cache-cph20625 MEWElogs[464521]: CROP, 1626309316473109558, CPH, 12
<134>2021-07-15T00:35:20Z cache-mdw17383 MEWElogs[464521]: CROP, 1626309319857300996, MDW, 12
<134>2021-07-15T00:35:32Z cache-fty21383 MEWElogs[464521]: CROP, 1626309331294322007, FTY, 12
<134>2021-07-15T00:35:54Z cache-del21735 MEWElogs[464521]: CROP, 1626309353009223256, DEL, 12
<134>2021-07-15T00:36:01Z cache-chi21126 MEWElogs[464521]: CROP, 1626309361027155261, CHI, 12
<134>2021-07-15T00:36:03Z cache-bos4657 MEWElogs[464521]: CROP, 1626309363331121201, BOS, 12
<134>2021-07-15T00:36:06Z cache-dfw18678 MEWElogs[464521]: CROP, 1626309365029371345, DFW, 12
<134>2021-07-15T00:36:06Z cache-cmh21547 MEWElogs[464521]: CROP, 1626309366062719231, CMH, 12
<134>2021-07-15T00:36:09Z cache-pwk4920 MEWElogs[464521]: CROP, 1626309368126580876, PWK, 12
<134>2021-07-15T00:36:45Z cache-akl10324 MEWElogs[464521]: CROP, 1626309405578640958, AKL, 12
<134>2021-07-15T00:36:49Z cache-cph20625 MEWElogs[464521]: CROP, 1626309408367366297, CPH, 12
<134>2021-07-15T00:36:49Z cache-del21735 MEWElogs[464521]: CROP, 1626309408632613649, DEL, 12
<134>2021-07-15T00:36:55Z cache-pwk4920 MEWElogs[464521]: CROP, 1626309415766462257, PWK, 12
<134>2021-07-15T00:37:10Z cache-cph20625 MEWElogs[464521]: CROP, 1626309429926708442, CPH, 12
<134>2021-07-15T00:37:24Z cache-akl10324 MEWElogs[464521]: CROP, 1626309443374079870, AKL, 12
<134>2021-07-15T00:37:36Z cache-dfw18678 MEWElogs[464521]: CROP, 1626309456077786873, DFW, 12
<134>2021-07-15T00:37:45Z cache-del21735 MEWElogs[464521]: CROP, 1626309464423069498, DEL, 12
<134>2021-07-15T00:37:52Z cache-pwk4920 MEWElogs[464521]: CROP, 1626309471194705653, PWK, 12
<134>2021-07-15T00:37:56Z cache-fty21383 MEWElogs[464521]: CROP, 1626309474994647202, FTY, 12
<134>2021-07-15T00:38:15Z cache-akl10324 MEWElogs[464521]: CROP, 1626309494518051020, AKL, 12
<134>2021-07-15T00:38:22Z cache-del21735 MEWElogs[464521]: CROP, 1626309501505663032, DEL, 12
<134>2021-07-15T00:38:32Z cache-fty21383 MEWElogs[464521]: CROP, 1626309511611208231, FTY, 12
<134>2021-07-15T00:38:38Z cache-hel6829 MEWElogs[464521]: CROP, 1626309517093511268, HEL, 12
<134>2021-07-15T00:38:38Z cache-dub4329 MEWElogs[464521]: CROP, 1626309518519616255, DUB, 12
<134>2021-07-15T00:38:46Z cache-fty21383 MEWElogs[464521]: CROP, 1626309525039248319, FTY, 12
