<134>2021-07-15T04:57:13Z cache-mrs10583 MEWElogs[46369]: ROTATE, 1626325032527811054, MRS, 15
<134>2021-07-15T04:57:27Z cache-bur17583 MEWElogs[46369]: ROTATE, 1626325046945071352, BUR, 15
<134>2021-07-15T04:57:37Z cache-lhr7382 MEWElogs[46369]: ROTATE, 1626325057057749856, LHR, 15
<134>2021-07-15T04:58:08Z cache-man4150 MEWElogs[46369]: ROTATE, 1626325087208265637, MAN, 15
<134>2021-07-15T04:58:11Z cache-hkg17929 MEWElogs[46369]: ROTATE, 1626325090533249682, HKG, 15
<134>2021-07-15T04:58:33Z cache-hkg17929 MEWElogs[46369]: ROTATE, 1626325113591985166, HKG, 15
<134>2021-07-15T04:58:41Z cache-lhr7382 MEWElogs[46369]: ROTATE, 1626325120206223967, LHR, 15
<134>2021-07-15T04:59:35Z cache-stp9226 MEWElogs[46369]: ROTATE, 1626325174503867315, STP, 15
<134>2021-07-15T04:59:57Z cache-man4150 MEWElogs[46369]: ROTATE, 1626325196291970658, MAN, 15
<134>2021-07-15T05:00:16Z cache-lax10677 MEWElogs[46369]: ROTATE, 1626325216281897339, LGB, 15
<134>2021-07-15T05:00:21Z cache-mci5951 MEWElogs[46369]: ROTATE, 1626325220233441294, MCI, 15
<134>2021-07-15T05:00:36Z cache-lga21983 MEWElogs[46369]: ROTATE, 1626325235085690299, LGA, 15
<134>2021-07-15T05:00:37Z cache-yul12826 MEWElogs[46369]: ROTATE, 1626325236709486755, YUL, 15
<134>2021-07-15T05:00:42Z cache-ewr18156 MEWElogs[46369]: ROTATE, 1626325241824701690, EWR, 15
<134>2021-07-15T05:00:44Z cache-mrs10583 MEWElogs[46369]: ROTATE, 1626325243636400367, MRS, 15
<134>2021-07-15T05:00:55Z cache-lhr7382 MEWElogs[46369]: ROTATE, 1626325254728069744, LHR, 15
<134>2021-07-15T05:01:00Z cache-mrs10583 MEWElogs[46369]: ROTATE, 1626325259234390567, MRS, 15
<134>2021-07-15T05:01:12Z cache-yul12826 MEWElogs[46369]: ROTATE, 1626325271587828143, YUL, 15
<134>2021-07-15T05:01:48Z cache-lga21983 MEWElogs[46369]: ROTATE, 1626325307357875157, LGA, 15
<134>2021-07-15T05:01:53Z cache-mci5951 MEWElogs[46369]: ROTATE, 1626325312652887428, MCI, 15
<134>2021-07-15T05:02:05Z cache-ewr18156 MEWElogs[46369]: ROTATE, 1626325325139674003, EWR, 15
<134>2021-07-15T05:02:06Z cache-stp9226 MEWElogs[46369]: ROTATE, 1626325325670939511, STP, 15
<134>2021-07-15T05:02:18Z cache-man4150 MEWElogs[46369]: ROTATE, 1626325337521734508, MAN, 15
<134>2021-07-15T05:02:50Z cache-mrs10583 MEWElogs[46369]: ROTATE, 1626325369829295818, MRS, 15
<134>2021-07-15T05:03:30Z cache-mrs10583 MEWElogs[46369]: ROTATE, 1626325409252437754, MRS, 15
<134>2021-07-15T05:03:36Z cache-lga21983 MEWElogs[46369]: ROTATE, 1626325415797413760, LGA, 15
<134>2021-07-15T05:03:47Z cache-hkg17929 MEWElogs[46369]: ROTATE, 1626325426762869691, HKG, 15
<134>2021-07-15T05:03:54Z cache-stp9226 MEWElogs[46369]: ROTATE, 1626325434093899033, STP, 15
<134>2021-07-15T05:04:29Z cache-lhr7382 MEWElogs[46369]: ROTATE, 1626325468354925123, LHR, 15
<134>2021-07-15T05:04:37Z cache-lhr7382 MEWElogs[46369]: ROTATE, 1626325476198762273, LHR, 15
<134>2021-07-15T05:04:39Z cache-ewr18156 MEWElogs[46369]: ROTATE, 1626325478955715118, EWR, 15
<134>2021-07-15T05:04:45Z cache-hkg17929 MEWElogs[46369]: ROTATE, 1626325484353564473, HKG, 15
<134>2021-07-15T05:04:53Z cache-lhr7382 MEWElogs[46369]: ROTATE, 1626325491968514144, LHR, 15
<134>2021-07-15T05:05:09Z cache-mci5951 MEWElogs[46369]: ROTATE, 1626325508464038871, MCI, 15
<134>2021-07-15T05:05:12Z cache-lax10677 MEWElogs[46369]: ROTATE, 1626325511645791081, LGB, 15
<134>2021-07-15T05:06:02Z cache-yul12826 MEWElogs[46369]: ROTATE, 1626325562307193238, YUL, 15
<134>2021-07-15T05:06:05Z cache-stp9226 MEWElogs[46369]: ROTATE, 1626325564179595405, STP, 15
<134>2021-07-15T05:06:21Z cache-mel11272 MEWElogs[46369]: ROTATE, 1626325580981423496, MEL, 15
<134>2021-07-15T05:06:32Z cache-mel11272 MEWElogs[46369]: ROTATE, 1626325591414245962, MEL, 15
<134>2021-07-15T05:06:47Z cache-lga21983 MEWElogs[46369]: ROTATE, 1626325606436075545, LGA, 15
