<134>2021-07-15T04:37:08Z cache-bos4657 MEWElogs[400146]: ROTATE, 1626323827588815900, BOS, 15
<134>2021-07-15T04:37:20Z cache-chi21126 MEWElogs[400146]: ROTATE, 1626323840096756562, CHI, 15
<134>2021-07-15T04:37:29Z cache-cwb20520 MEWElogs[400146]: ROTATE, 1626323848521425919, CWB, 15
<134>2021-07-15T04:37:53Z cache-akl10324 MEWElogs[400146]: ROTATE, 1626323873055488828, AKL, 15
<134>2021-07-15T04:38:05Z cache-hhn4077 MEWElogs[400146]: ROTATE, 1626323884729578401, HHN, 15
<134>2021-07-15T04:38:23Z cache-chi21126 MEWElogs[400146]: ROTATE, 1626323902561330129, CHI, 15
<134>2021-07-15T04:38:27Z cache-dal21283 MEWElogs[400146]: ROTATE, 1626323906844272412, DAL, 15
<134>2021-07-15T04:38:47Z cache-iah17271 MEWElogs[400146]: ROTATE, 1626323926223814230, IAH, 15
<134>2021-07-15T04:38:52Z cache-lcy19283 MEWElogs[400146]: ROTATE, 1626323932451878396, LCY, 15
<134>2021-07-15T04:39:11Z cache-hel6829 MEWElogs[400146]: ROTATE, 1626323950765996269, HEL, 15
<134>2021-07-15T04:39:49Z cache-den8274 MEWElogs[400146]: ROTATE, 1626323988416351292, DEN, 15
<134>2021-07-15T04:39:56Z cache-iah17271 MEWElogs[400146]: ROTATE, 1626323995412901047, IAH, 15
<134>2021-07-15T04:39:56Z cache-lon4249 MEWElogs[400146]: ROTATE, 1626323995858521787, LON, 15
<134>2021-07-15T04:40:24Z cache-fra19177 MEWElogs[400146]: ROTATE, 1626324023719327097, FRA, 15
<134>2021-07-15T04:40:24Z cache-dal21283 MEWElogs[400146]: ROTATE, 1626324023765010389, DAL, 15
<134>2021-07-15T04:40:30Z cache-bur17583 MEWElogs[400146]: ROTATE, 1626324030483269754, BUR, 15
<134>2021-07-15T04:41:28Z cache-fra19177 MEWElogs[400146]: ROTATE, 1626324087927939535, FRA, 15
<134>2021-07-15T04:41:39Z cache-jnb7027 MEWElogs[400146]: ROTATE, 1626324098492681909, JNB, 15
<134>2021-07-15T04:41:52Z cache-lon4249 MEWElogs[400146]: ROTATE, 1626324112432701346, LON, 15
<134>2021-07-15T04:41:52Z cache-lcy19283 MEWElogs[400146]: ROTATE, 1626324111717789796, LCY, 15
<134>2021-07-15T04:42:08Z cache-jnb7027 MEWElogs[400146]: ROTATE, 1626324127003432204, JNB, 15
<134>2021-07-15T04:42:16Z cache-iah17271 MEWElogs[400146]: ROTATE, 1626324135566692852, IAH, 15
<134>2021-07-15T04:42:23Z cache-lcy19283 MEWElogs[400146]: ROTATE, 1626324143125642285, LCY, 15
<134>2021-07-15T04:42:31Z cache-lcy19283 MEWElogs[400146]: ROTATE, 1626324150986521750, LCY, 15
<134>2021-07-15T04:42:44Z cache-den8274 MEWElogs[400146]: ROTATE, 1626324163870366466, DEN, 15
<134>2021-07-15T04:43:01Z cache-mad22068 MEWElogs[400146]: ROTATE, 1626324180103966342, MAD, 15
<134>2021-07-15T04:43:02Z cache-den8274 MEWElogs[400146]: ROTATE, 1626324182263495351, DEN, 15
<134>2021-07-15T04:43:04Z cache-jnb7027 MEWElogs[400146]: ROTATE, 1626324183800387444, JNB, 15
<134>2021-07-15T04:43:43Z cache-hel6829 MEWElogs[400146]: ROTATE, 1626324221992287997, HEL, 15
<134>2021-07-15T04:43:51Z cache-lcy19283 MEWElogs[400146]: ROTATE, 1626324230009503137, LCY, 15
<134>2021-07-15T04:43:55Z cache-lon4249 MEWElogs[400146]: ROTATE, 1626324234608402514, LON, 15
<134>2021-07-15T04:43:58Z cache-bur17583 MEWElogs[400146]: ROTATE, 1626324237718052056, BUR, 15
<134>2021-07-15T04:44:06Z cache-lcy19283 MEWElogs[400146]: ROTATE, 1626324245930490929, LCY, 15
<134>2021-07-15T04:44:19Z cache-lon4249 MEWElogs[400146]: ROTATE, 1626324258174083639, LON, 15
<134>2021-07-15T04:44:23Z cache-lcy19283 MEWElogs[400146]: ROTATE, 1626324262663463288, LCY, 15
<134>2021-07-15T04:44:35Z cache-den8274 MEWElogs[400146]: ROTATE, 1626324274797713122, DEN, 15
<134>2021-07-15T04:44:57Z cache-lon4249 MEWElogs[400146]: ROTATE, 1626324296842983430, LON, 15
<134>2021-07-15T04:44:58Z cache-bur17583 MEWElogs[400146]: ROTATE, 1626324297488805354, BUR, 15
<134>2021-07-15T04:45:09Z cache-iah17271 MEWElogs[400146]: ROTATE, 1626324308002831955, IAH, 15
<134>2021-07-15T04:45:11Z cache-mad22068 MEWElogs[400146]: ROTATE, 1626324310607813462, MAD, 15
<134>2021-07-15T04:45:23Z cache-fra19177 MEWElogs[400146]: ROTATE, 1626324322562759525, FRA, 15
<134>2021-07-15T04:45:32Z cache-dal21283 MEWElogs[400146]: ROTATE, 1626324331231675932, DAL, 15
<134>2021-07-15T04:46:24Z cache-mad22068 MEWElogs[400146]: ROTATE, 1626324383661471761, MAD, 15
<134>2021-07-15T04:46:27Z cache-iah17271 MEWElogs[400146]: ROTATE, 1626324387246993252, IAH, 15
