<134>2021-07-14T16:31:57Z cache-cmh21547 MEWElogs[382896]: FLIPH, 1626280316829934858, CMH, 10
<134>2021-07-14T16:32:11Z cache-ord1740 MEWElogs[382896]: FLIPH, 1626280330429926050, ORD, 10
<134>2021-07-14T16:32:17Z cache-eze19324 MEWElogs[382896]: FLIPH, 1626280337060865576, EZE, -1
<134>2021-07-14T16:32:27Z cache-wdc5583 MEWElogs[382896]: FLIPH, 1626280346374766733, WDC, 10
<134>2021-07-14T16:32:30Z cache-cmh21547 MEWElogs[382896]: FLIPH, 1626280349648388987, CMH, 10
<134>2021-07-14T16:32:55Z cache-maa10251 MEWElogs[382896]: FLIPH, 1626280374509989973, MAA, -1
<134>2021-07-14T16:32:56Z cache-eze19324 MEWElogs[382896]: FLIPH, 1626280376600097466, EZE, 10
<134>2021-07-14T16:32:57Z cache-ams21020 MEWElogs[382896]: FLIPH, 1626280377109231361, AMS, 10
<134>2021-07-14T16:33:05Z cache-ord1740 MEWElogs[382896]: FLIPH, 1626280384756311396, ORD, 10
<134>2021-07-14T16:33:06Z cache-ams21020 MEWElogs[382896]: FLIPH, 1626280385354732436, AMS, 10
<134>2021-07-14T16:33:07Z cache-maa10251 MEWElogs[382896]: FLIPH, 1626280386879416075, MAA, 10
<134>2021-07-14T16:33:15Z cache-ord1740 MEWElogs[382896]: FLIPH, 1626280394155000901, ORD, 10
<134>2021-07-14T16:33:17Z cache-maa10251 MEWElogs[382896]: FLIPH, 1626280396543887367, MAA, 10
<134>2021-07-14T16:33:18Z cache-mdw17383 MEWElogs[382896]: FLIPH, 1626280397882248638, MDW, 10
<134>2021-07-14T16:33:25Z cache-mdw17383 MEWElogs[382896]: FLIPH, 1626280405351677909, MDW, -1
<134>2021-07-14T16:33:30Z cache-eze19324 MEWElogs[382896]: FLIPH, 1626280409090361559, EZE, -1
<134>2021-07-14T16:33:37Z cache-ams21020 MEWElogs[382896]: FLIPH, 1626280417046738209, AMS, -1
<134>2021-07-14T16:34:00Z cache-wdc5583 MEWElogs[382896]: FLIPH, 1626280439180831808, WDC, 10
<134>2021-07-14T16:34:04Z cache-eze19324 MEWElogs[382896]: FLIPH, 1626280444001441343, EZE, -1
<134>2021-07-14T16:34:05Z cache-cmh21547 MEWElogs[382896]: FLIPH, 1626280444040752178, CMH, -1
<134>2021-07-14T16:34:16Z cache-maa10251 MEWElogs[382896]: FLIPH, 1626280456074910604, MAA, 10
<134>2021-07-14T16:34:20Z cache-ams21020 MEWElogs[382896]: FLIPH, 1626280459660572673, AMS, -1
<134>2021-07-14T16:34:22Z cache-dca17782 MEWElogs[382896]: FLIPH, 1626280461906883051, DCA, 10
<134>2021-07-14T16:34:26Z cache-pdk17882 MEWElogs[382896]: FLIPH, 1626280466019605695, PDK, 10
<134>2021-07-14T16:34:35Z cache-pdk17882 MEWElogs[382896]: FLIPH, 1626280475006374691, PDK, 10
<134>2021-07-14T16:34:36Z cache-ord1740 MEWElogs[382896]: FLIPH, 1626280475647517101, ORD, 10
<134>2021-07-14T16:34:39Z cache-bog6425 MEWElogs[382896]: FLIPH, 1626280479509082465, BOG, -1
<134>2021-07-14T16:34:52Z cache-bog6425 MEWElogs[382896]: FLIPH, 1626280491994215313, BOG, 10
<134>2021-07-14T16:34:59Z cache-dca17782 MEWElogs[382896]: FLIPH, 1626280499708941830, DCA, 10
<134>2021-07-14T16:35:07Z cache-dca17782 MEWElogs[382896]: FLIPH, 1626280506229346869, DCA, -1
<134>2021-07-14T16:35:21Z cache-cmh21547 MEWElogs[382896]: FLIPH, 1626280520829468894, CMH, -1
<134>2021-07-14T16:35:23Z cache-wdc5583 MEWElogs[382896]: FLIPH, 1626280522807390718, WDC, 10
<134>2021-07-14T16:35:39Z cache-bog6425 MEWElogs[382896]: FLIPH, 1626280538841095955, BOG, -1
<134>2021-07-14T16:35:40Z cache-wdc5583 MEWElogs[382896]: FLIPH, 1626280540176842851, WDC, -1
<134>2021-07-14T16:35:42Z cache-maa10251 MEWElogs[382896]: FLIPH, 1626280542468200910, MAA, -1
<134>2021-07-14T16:35:46Z cache-maa10251 MEWElogs[382896]: FLIPH, 1626280545189627181, MAA, 10
<134>2021-07-14T16:35:54Z cache-ord1740 MEWElogs[382896]: FLIPH, 1626280554854711431, ORD, -1
<134>2021-07-14T16:36:02Z cache-eze19324 MEWElogs[382896]: FLIPH, 1626280562118817703, EZE, -1
<134>2021-07-14T16:36:14Z cache-ord1740 MEWElogs[382896]: FLIPH, 1626280573541755381, ORD, -1
<134>2021-07-14T16:36:26Z cache-eze19324 MEWElogs[382896]: FLIPH, 1626280585349460618, EZE, -1
<134>2021-07-14T16:36:35Z cache-maa10251 MEWElogs[382896]: FLIPH, 1626280594868328805, MAA, 10
<134>2021-07-14T16:36:51Z cache-pdk17882 MEWElogs[382896]: FLIPH, 1626280610710842339, PDK, 10
<134>2021-07-14T16:36:59Z cache-mdw17383 MEWElogs[382896]: FLIPH, 1626280618609190278, MDW, 10
<134>2021-07-14T16:37:02Z cache-maa10251 MEWElogs[382896]: FLIPH, 1626280621660057291, MAA, -1
<134>2021-07-14T16:37:06Z cache-ams21020 MEWElogs[382896]: FLIPH, 1626280625524467242, AMS, 10
<134>2021-07-14T16:37:20Z cache-mdw17383 MEWElogs[382896]: FLIPH, 1626280640482723780, MDW, 10
<134>2021-07-14T16:37:25Z cache-pdk17882 MEWElogs[382896]: FLIPH, 1626280644133226551, PDK, -1
<134>2021-07-14T16:37:26Z cache-bog6425 MEWElogs[382896]: FLIPH, 1626280646384896866, BOG, -1
<134>2021-07-14T16:37:42Z cache-mdw17383 MEWElogs[382896]: FLIPH, 1626280662888086520, MDW, 10
<134>2021-07-14T16:37:48Z cache-ord1740 MEWElogs[382896]: FLIPH, 1626280667741760103, ORD, 10
<134>2021-07-14T16:38:01Z cache-mdw17383 MEWElogs[382896]: FLIPH, 1626280681668512391, MDW, -1
<134>2021-07-14T16:38:09Z cache-bog6425 MEWElogs[382896]: FLIPH, 1626280688205852252, BOG, 10
<134>2021-07-14T16:38:11Z cache-ams21020 MEWElogs[382896]: FLIPH, 1626280690573083902, AMS, -1
<134>2021-07-14T16:38:25Z cache-bog6425 MEWElogs[382896]: FLIPH, 1626280704959173020, BOG, -1
<134>2021-07-14T16:38:28Z cache-pdk17882 MEWElogs[382896]: FLIPH, 1626280707746631357, PDK, -1
<134>2021-07-14T16:38:47Z cache-pdk17882 MEWElogs[382896]: FLIPH, 1626280726465279099, PDK, -1
<134>2021-07-14T16:39:07Z cache-wdc5583 MEWElogs[382896]: FLIPH, 1626280746991259612, WDC, -1
<134>2021-07-14T16:39:14Z cache-dca17782 MEWElogs[382896]: FLIPH, 1626280753845814130, DCA, 10
<134>2021-07-14T16:39:14Z cache-eze19324 MEWElogs[382896]: FLIPH, 1626280753975151514, EZE, 10
<134>2021-07-14T16:39:16Z cache-ord1740 MEWElogs[382896]: FLIPH, 1626280755438300211, ORD, -1
<134>2021-07-14T16:39:40Z cache-ams21020 MEWElogs[382896]: FLIPH, 1626280780297118929, AMS, 10
<134>2021-07-14T16:39:54Z cache-cmh21547 MEWElogs[382896]: FLIPH, 1626280793810856665, CMH, -1
<134>2021-07-14T16:39:58Z cache-ams21020 MEWElogs[382896]: FLIPH, 1626280797537057050, AMS, 10
<134>2021-07-14T16:40:06Z cache-ams21020 MEWElogs[382896]: FLIPH, 1626280805843365849, AMS, 10
<134>2021-07-14T16:40:08Z cache-dca17782 MEWElogs[382896]: FLIPH, 1626280807237083840, DCA, -1
<134>2021-07-14T16:40:30Z cache-pdk17882 MEWElogs[382896]: FLIPH, 1626280829722337793, PDK, 10
<134>2021-07-14T16:40:39Z cache-pdk17882 MEWElogs[382896]: FLIPH, 1626280838825254588, PDK, 10
<134>2021-07-14T16:40:45Z cache-pdk17882 MEWElogs[382896]: FLIPH, 1626280844939669416, PDK, -1
<134>2021-07-14T16:40:46Z cache-wdc5583 MEWElogs[382896]: FLIPH, 1626280846257994636, WDC, 10
<134>2021-07-14T16:40:49Z cache-ord1740 MEWElogs[382896]: FLIPH, 1626280848280065971, ORD, 10
<134>2021-07-14T16:40:53Z cache-wdc5583 MEWElogs[382896]: FLIPH, 1626280853399263512, WDC, -1
<134>2021-07-14T16:41:12Z cache-pdk17882 MEWElogs[382896]: FLIPH, 1626280872057314187, PDK, -1
<134>2021-07-14T16:41:15Z cache-wdc5583 MEWElogs[382896]: FLIPH, 1626280874531691287, WDC, -1
<134>2021-07-14T16:41:28Z cache-maa10251 MEWElogs[382896]: FLIPH, 1626280888168472094, MAA, 10
<134>2021-07-14T16:41:40Z cache-pdk17882 MEWElogs[382896]: FLIPH, 1626280899182591373, PDK, -1
<134>2021-07-14T16:41:45Z cache-maa10251 MEWElogs[382896]: FLIPH, 1626280904889340431, MAA, -1
