<134>2021-07-15T05:00:21Z cache-man4150 MEWElogs[308969]: ROTATE, 1626325220142178135, MAN, 15
<134>2021-07-15T05:01:29Z cache-lga21983 MEWElogs[308969]: ROTATE, 1626325288751299460, LGA, 15
<134>2021-07-15T05:01:34Z cache-stp9226 MEWElogs[308969]: ROTATE, 1626325293333462457, STP, 15
<134>2021-07-15T05:01:47Z cache-yul12826 MEWElogs[308969]: ROTATE, 1626325306541680909, YUL, 15
<134>2021-07-15T05:01:52Z cache-hkg17929 MEWElogs[308969]: ROTATE, 1626325311583561646, HKG, 15
<134>2021-07-15T05:02:24Z cache-ewr18156 MEWElogs[308969]: ROTATE, 1626325343218132186, EWR, 15
<134>2021-07-15T05:02:29Z cache-yul12826 MEWElogs[308969]: ROTATE, 1626325348869632153, YUL, 15
<134>2021-07-15T05:03:14Z cache-mci5951 MEWElogs[308969]: ROTATE, 1626325394070311176, MCI, 15
<134>2021-07-15T05:03:17Z cache-lhr7382 MEWElogs[308969]: ROTATE, 1626325397169186118, LHR, 15
<134>2021-07-15T05:03:24Z cache-hkg17929 MEWElogs[308969]: ROTATE, 1626325403838800303, HKG, 15
<134>2021-07-15T05:03:25Z cache-lhr7382 MEWElogs[308969]: ROTATE, 1626325405325738352, LHR, 15
<134>2021-07-15T05:03:36Z cache-man4150 MEWElogs[308969]: ROTATE, 1626325415614721026, MAN, 15
<134>2021-07-15T05:03:49Z cache-lhr7382 MEWElogs[308969]: ROTATE, 1626325429060913955, LHR, 15
<134>2021-07-15T05:05:00Z cache-lhr7382 MEWElogs[308969]: ROTATE, 1626325499849300894, LHR, 15
<134>2021-07-15T05:05:08Z cache-lhr7382 MEWElogs[308969]: ROTATE, 1626325507654330018, LHR, 15
<134>2021-07-15T05:05:56Z cache-man4150 MEWElogs[308969]: ROTATE, 1626325555503454402, MAN, 15
<134>2021-07-15T05:06:13Z cache-ewr18156 MEWElogs[308969]: ROTATE, 1626325572694970882, EWR, 15
<134>2021-07-15T05:06:15Z cache-stp9226 MEWElogs[308969]: ROTATE, 1626325574939987351, STP, 15
<134>2021-07-15T05:06:19Z cache-man4150 MEWElogs[308969]: ROTATE, 1626325578784633319, MAN, 15
<134>2021-07-15T05:06:27Z cache-osl6529 MEWElogs[308969]: ROTATE, 1626325586009865554, OSL, 15
<134>2021-07-15T05:06:41Z cache-osl6529 MEWElogs[308969]: ROTATE, 1626325601675158614, OSL, 15
<134>2021-07-15T05:06:43Z cache-man4150 MEWElogs[308969]: ROTATE, 1626325602218781218, MAN, 15
<134>2021-07-15T05:07:11Z cache-lax10677 MEWElogs[308969]: ROTATE, 1626325630341872789, LGB, 15
<134>2021-07-15T05:07:32Z cache-lga21983 MEWElogs[308969]: ROTATE, 1626325651717928862, LGA, 15
<134>2021-07-15T05:07:59Z cache-lga21983 MEWElogs[308969]: ROTATE, 1626325678937460852, LGA, 15
<134>2021-07-15T05:08:13Z cache-ewr18156 MEWElogs[308969]: ROTATE, 1626325693147432739, EWR, 15
<134>2021-07-15T05:08:16Z cache-stp9226 MEWElogs[308969]: ROTATE, 1626325695185292862, STP, 15
<134>2021-07-15T05:09:00Z cache-ewr18156 MEWElogs[308969]: ROTATE, 1626325739616769481, EWR, 15
<134>2021-07-15T05:09:32Z cache-lax10677 MEWElogs[308969]: ROTATE, 1626325771640231360, LGB, 15
