<134>2021-07-14T21:29:48Z cache-dfw18678 MEWElogs[21956]: BLUR, 1626298187257051494, DFW, 11
<134>2021-07-14T21:30:38Z cache-cph20625 MEWElogs[21956]: BLUR, 1626298237475715906, CPH, 11
<134>2021-07-14T21:31:03Z cache-dfw18678 MEWElogs[21956]: BLUR, 1626298262895957357, DFW, 11
<134>2021-07-14T21:31:25Z cache-fty21383 MEWElogs[21956]: BLUR, 1626298284796878212, FTY, 11
<134>2021-07-14T21:31:28Z cache-dub4329 MEWElogs[21956]: BLUR, 1626298287144022871, DUB, 11
<134>2021-07-14T21:31:50Z cache-hhn4077 MEWElogs[21956]: BLUR, 1626298309097427443, HHN, 11
<134>2021-07-14T21:33:39Z cache-dfw18678 MEWElogs[21956]: BLUR, 1626298419020754196, DFW, 11
<134>2021-07-14T21:33:44Z cache-akl10324 MEWElogs[21956]: BLUR, 1626298422967102432, AKL, 11
<134>2021-07-14T21:34:22Z cache-bos4657 MEWElogs[21956]: BLUR, 1626298461072393301, BOS, 11
<134>2021-07-14T21:34:51Z cache-chi21126 MEWElogs[21956]: BLUR, 1626298490587963765, CHI, 11
<134>2021-07-14T21:35:10Z cache-dub4329 MEWElogs[21956]: BLUR, 1626298510152712565, DUB, 11
<134>2021-07-14T21:35:40Z cache-akl10324 MEWElogs[21956]: BLUR, 1626298539658768431, AKL, 11
<134>2021-07-14T21:35:57Z cache-akl10324 MEWElogs[21956]: BLUR, 1626298555940024676, AKL, 11
<134>2021-07-14T21:37:03Z cache-pwk4920 MEWElogs[21956]: BLUR, 1626298623421577135, PWK, 11
<134>2021-07-14T21:37:12Z cache-hhn4077 MEWElogs[21956]: BLUR, 1626298632119947765, HHN, 11
<134>2021-07-14T21:37:45Z cache-cph20625 MEWElogs[21956]: BLUR, 1626298664789636107, CPH, 11
<134>2021-07-14T21:38:01Z cache-del21735 MEWElogs[21956]: BLUR, 1626298680929268211, DEL, 11
<134>2021-07-14T21:38:04Z cache-hhn4077 MEWElogs[21956]: BLUR, 1626298683347821476, HHN, 11
<134>2021-07-14T21:38:04Z cache-fty21383 MEWElogs[21956]: BLUR, 1626298683612490037, FTY, 11
<134>2021-07-14T21:38:33Z cache-fty21383 MEWElogs[21956]: BLUR, 1626298712689963606, FTY, 11
<134>2021-07-14T21:38:45Z cache-del21735 MEWElogs[21956]: BLUR, 1626298724736048386, DEL, 11
<134>2021-07-14T21:39:00Z cache-del21735 MEWElogs[21956]: BLUR, 1626298739913615541, DEL, 11
<134>2021-07-14T21:39:26Z cache-akl10324 MEWElogs[21956]: BLUR, 1626298765673493464, AKL, 11
<134>2021-07-14T21:39:29Z cache-fty21383 MEWElogs[21956]: BLUR, 1626298768113600294, FTY, 11
