<134>2021-07-14T16:41:57Z cache-maa10251 MEWElogs[46369]: FLIPH, 1626280917346595624, MAA, 10
<134>2021-07-14T16:42:10Z cache-wdc5583 MEWElogs[46369]: FLIPH, 1626280929726693533, WDC, 10
<134>2021-07-14T16:42:13Z cache-bog6425 MEWElogs[46369]: FLIPH, 1626280933527049421, BOG, 10
<134>2021-07-14T16:42:37Z cache-fty21383 MEWElogs[46369]: FLIPH, 1626280956474799893, FTY, -1
<134>2021-07-14T16:42:42Z cache-mdw17383 MEWElogs[46369]: FLIPH, 1626280962245039149, MDW, 10
<134>2021-07-14T16:43:00Z cache-cmh21547 MEWElogs[46369]: FLIPH, 1626280979480540765, CMH, -1
<134>2021-07-14T16:43:11Z cache-cmh21547 MEWElogs[46369]: FLIPH, 1626280990234861263, CMH, -1
<134>2021-07-14T16:43:12Z cache-chi21126 MEWElogs[46369]: FLIPH, 1626280992100588862, CHI, -1
<134>2021-07-14T16:43:17Z cache-cph20625 MEWElogs[46369]: FLIPH, 1626280997819663310, CPH, 10
<134>2021-07-14T16:43:21Z cache-akl10324 MEWElogs[46369]: FLIPH, 1626281000659349231, AKL, 10
<134>2021-07-14T16:43:37Z cache-fty21383 MEWElogs[46369]: FLIPH, 1626281016895455924, FTY, 10
<134>2021-07-14T16:43:40Z cache-bos4657 MEWElogs[46369]: FLIPH, 1626281020015005534, BOS, 10
<134>2021-07-14T16:43:41Z cache-akl10324 MEWElogs[46369]: FLIPH, 1626281020623011926, AKL, 10
<134>2021-07-14T16:43:58Z cache-mdw17383 MEWElogs[46369]: FLIPH, 1626281037183012263, MDW, -1
<134>2021-07-14T16:43:58Z cache-wdc5583 MEWElogs[46369]: FLIPH, 1626281038484694588, WDC, -1
<134>2021-07-14T16:44:31Z cache-fty21383 MEWElogs[46369]: FLIPH, 1626281071838060832, FTY, -1
<134>2021-07-14T16:44:35Z cache-cph20625 MEWElogs[46369]: FLIPH, 1626281075079993592, CPH, 10
<134>2021-07-14T16:44:35Z cache-fty21383 MEWElogs[46369]: FLIPH, 1626281074389628068, FTY, 10
<134>2021-07-14T16:44:35Z cache-bos4657 MEWElogs[46369]: FLIPH, 1626281074648493374, BOS, 10
<134>2021-07-14T16:44:40Z cache-dfw18678 MEWElogs[46369]: FLIPH, 1626281080200261943, DFW, -1
<134>2021-07-14T16:44:51Z cache-akl10324 MEWElogs[46369]: FLIPH, 1626281090415870177, AKL, 10
<134>2021-07-14T16:44:53Z cache-bos4657 MEWElogs[46369]: FLIPH, 1626281092803519178, BOS, 10
<134>2021-07-14T16:45:05Z cache-cph20625 MEWElogs[46369]: FLIPH, 1626281104695239923, CPH, -1
<134>2021-07-14T16:45:06Z cache-eze19324 MEWElogs[46369]: FLIPH, 1626281106072820822, EZE, 10
<134>2021-07-14T16:45:06Z cache-dfw18678 MEWElogs[46369]: FLIPH, 1626281106041209216, DFW, 10
<134>2021-07-14T16:45:10Z cache-dub4329 MEWElogs[46369]: FLIPH, 1626281109318275200, DUB, -1
<134>2021-07-14T16:45:11Z cache-akl10324 MEWElogs[46369]: FLIPH, 1626281110639108814, AKL, 10
<134>2021-07-14T16:45:15Z cache-chi21126 MEWElogs[46369]: FLIPH, 1626281114958435398, CHI, -1
<134>2021-07-14T16:45:17Z cache-bos4657 MEWElogs[46369]: FLIPH, 1626281116887366651, BOS, -1
<134>2021-07-14T16:45:18Z cache-mdw17383 MEWElogs[46369]: FLIPH, 1626281118159238166, MDW, 10
<134>2021-07-14T16:45:19Z cache-chi21126 MEWElogs[46369]: FLIPH, 1626281118168083966, CHI, 10
<134>2021-07-14T16:45:20Z cache-cph20625 MEWElogs[46369]: FLIPH, 1626281120195667370, CPH, 10
<134>2021-07-14T16:45:28Z cache-dub4329 MEWElogs[46369]: FLIPH, 1626281128178047144, DUB, 10
<134>2021-07-14T16:45:44Z cache-bos4657 MEWElogs[46369]: FLIPH, 1626281143847705490, BOS, -1
<134>2021-07-14T16:45:53Z cache-eze19324 MEWElogs[46369]: FLIPH, 1626281153342372644, EZE, 10
<134>2021-07-14T16:45:58Z cache-fty21383 MEWElogs[46369]: FLIPH, 1626281157438035715, FTY, 10
<134>2021-07-14T16:46:03Z cache-fty21383 MEWElogs[46369]: FLIPH, 1626281163098418141, FTY, -1
<134>2021-07-14T16:46:03Z cache-dfw18678 MEWElogs[46369]: FLIPH, 1626281162621917390, DFW, 10
<134>2021-07-14T16:46:05Z cache-bos4657 MEWElogs[46369]: FLIPH, 1626281164948649998, BOS, 10
<134>2021-07-14T16:46:16Z cache-dub4329 MEWElogs[46369]: FLIPH, 1626281175878003207, DUB, 10
<134>2021-07-14T16:46:27Z cache-pwk4920 MEWElogs[46369]: FLIPH, 1626281186393613225, PWK, -1
<134>2021-07-14T16:46:29Z cache-akl10324 MEWElogs[46369]: FLIPH, 1626281188021911012, AKL, -1
<134>2021-07-14T16:46:44Z cache-cph20625 MEWElogs[46369]: FLIPH, 1626281204324201832, CPH, -1
<134>2021-07-14T16:46:53Z cache-del21735 MEWElogs[46369]: FLIPH, 1626281212313837729, DEL, -1
<134>2021-07-14T16:47:20Z cache-fty21383 MEWElogs[46369]: FLIPH, 1626281239531597160, FTY, 10
<134>2021-07-14T16:47:32Z cache-dub4329 MEWElogs[46369]: FLIPH, 1626281251667206598, DUB, -1
<134>2021-07-14T16:47:42Z cache-chi21126 MEWElogs[46369]: FLIPH, 1626281261218887159, CHI, 10
<134>2021-07-14T16:48:06Z cache-chi21126 MEWElogs[46369]: FLIPH, 1626281286404845317, CHI, -1
<134>2021-07-14T16:48:11Z cache-akl10324 MEWElogs[46369]: FLIPH, 1626281290967666005, AKL, 10
<134>2021-07-14T16:48:12Z cache-dub4329 MEWElogs[46369]: FLIPH, 1626281291483171206, DUB, -1
<134>2021-07-14T16:48:30Z cache-dub4329 MEWElogs[46369]: FLIPH, 1626281309780181582, DUB, 10
<134>2021-07-14T16:48:35Z cache-dub4329 MEWElogs[46369]: FLIPH, 1626281315054163345, DUB, -1
<134>2021-07-14T16:49:07Z cache-dub4329 MEWElogs[46369]: FLIPH, 1626281346608221685, DUB, -1
<134>2021-07-14T16:49:21Z cache-bos4657 MEWElogs[46369]: FLIPH, 1626281361747883912, BOS, -1
<134>2021-07-14T16:49:25Z cache-bos4657 MEWElogs[46369]: FLIPH, 1626281364690884090, BOS, 10
<134>2021-07-14T16:49:36Z cache-chi21126 MEWElogs[46369]: FLIPH, 1626281374997879387, CHI, 10
<134>2021-07-14T16:49:45Z cache-del21735 MEWElogs[46369]: FLIPH, 1626281384350613470, DEL, 10
<134>2021-07-14T16:49:49Z cache-dub4329 MEWElogs[46369]: FLIPH, 1626281388635245350, DUB, 10
<134>2021-07-14T16:49:57Z cache-dub4329 MEWElogs[46369]: FLIPH, 1626281396564798086, DUB, 10
<134>2021-07-14T16:50:00Z cache-akl10324 MEWElogs[46369]: FLIPH, 1626281399518748693, AKL, -1
<134>2021-07-14T16:50:02Z cache-dub4329 MEWElogs[46369]: FLIPH, 1626281401799469385, DUB, -1
<134>2021-07-14T16:50:20Z cache-del21735 MEWElogs[46369]: FLIPH, 1626281419129764887, DEL, -1
<134>2021-07-14T16:50:23Z cache-akl10324 MEWElogs[46369]: FLIPH, 1626281421933066640, AKL, 10
<134>2021-07-14T16:50:45Z cache-dub4329 MEWElogs[46369]: FLIPH, 1626281445202790830, DUB, 10
<134>2021-07-14T16:50:47Z cache-hhn4077 MEWElogs[46369]: FLIPH, 1626281446457585852, HHN, -1
<134>2021-07-14T16:50:48Z cache-fty21383 MEWElogs[46369]: FLIPH, 1626281447927617297, FTY, 10
<134>2021-07-14T16:50:50Z cache-akl10324 MEWElogs[46369]: FLIPH, 1626281449103916887, AKL, -1
<134>2021-07-14T16:51:23Z cache-bos4657 MEWElogs[46369]: FLIPH, 1626281482016068641, BOS, 10
<134>2021-07-14T16:51:26Z cache-chi21126 MEWElogs[46369]: FLIPH, 1626281486554897675, CHI, -1
<134>2021-07-14T16:51:37Z cache-del21735 MEWElogs[46369]: FLIPH, 1626281496085484898, DEL, -1
<134>2021-07-14T16:51:38Z cache-bos4657 MEWElogs[46369]: FLIPH, 1626281497167530444, BOS, -1
<134>2021-07-14T16:51:39Z cache-pwk4920 MEWElogs[46369]: FLIPH, 1626281499126338064, PWK, 10
