<134>2021-07-15T04:58:08Z cache-mrs10583 MEWElogs[464521]: ROTATE, 1626325087193613749, MRS, 15
<134>2021-07-15T04:58:23Z cache-mrs10583 MEWElogs[464521]: ROTATE, 1626325102744461072, MRS, 15
<134>2021-07-15T04:58:39Z cache-yul12826 MEWElogs[464521]: ROTATE, 1626325118695425779, YUL, 15
<134>2021-07-15T04:58:50Z cache-mci5951 MEWElogs[464521]: ROTATE, 1626325129623136530, MCI, 15
<134>2021-07-15T04:59:41Z cache-lax10677 MEWElogs[464521]: ROTATE, 1626325181271529962, LGB, 15
<134>2021-07-15T04:59:50Z cache-lga21983 MEWElogs[464521]: ROTATE, 1626325188986522139, LGA, 15
<134>2021-07-15T05:00:06Z cache-hkg17929 MEWElogs[464521]: ROTATE, 1626325206261811647, HKG, 15
<134>2021-07-15T05:00:52Z cache-lax10677 MEWElogs[464521]: ROTATE, 1626325251574773806, LGB, 15
<134>2021-07-15T05:01:19Z cache-ewr18156 MEWElogs[464521]: ROTATE, 1626325278517621314, EWR, 15
<134>2021-07-15T05:01:47Z cache-man4150 MEWElogs[464521]: ROTATE, 1626325306591629187, MAN, 15
<134>2021-07-15T05:01:55Z cache-man4150 MEWElogs[464521]: ROTATE, 1626325314326238057, MAN, 15
<134>2021-07-15T05:02:03Z cache-hkg17929 MEWElogs[464521]: ROTATE, 1626325322955737283, HKG, 15
<134>2021-07-15T05:02:11Z cache-mrs10583 MEWElogs[464521]: ROTATE, 1626325330352263271, MRS, 15
<134>2021-07-15T05:02:14Z cache-lax10677 MEWElogs[464521]: ROTATE, 1626325333805986937, LGB, 15
<134>2021-07-15T05:02:26Z cache-hkg17929 MEWElogs[464521]: ROTATE, 1626325345845676395, HKG, 15
<134>2021-07-15T05:02:37Z cache-hkg17929 MEWElogs[464521]: ROTATE, 1626325357350634168, HKG, 15
<134>2021-07-15T05:02:38Z cache-yul12826 MEWElogs[464521]: ROTATE, 1626325357439868811, YUL, 15
<134>2021-07-15T05:02:44Z cache-mci5951 MEWElogs[464521]: ROTATE, 1626325363362568856, MCI, 15
<134>2021-07-15T05:03:22Z cache-mrs10583 MEWElogs[464521]: ROTATE, 1626325401358741696, MRS, 15
<134>2021-07-15T05:03:36Z cache-lax10677 MEWElogs[464521]: ROTATE, 1626325415621477979, LGB, 15
<134>2021-07-15T05:04:16Z cache-stp9226 MEWElogs[464521]: ROTATE, 1626325455929066790, STP, 15
<134>2021-07-15T05:04:21Z cache-ewr18156 MEWElogs[464521]: ROTATE, 1626325460108003803, EWR, 15
<134>2021-07-15T05:04:49Z cache-ewr18156 MEWElogs[464521]: ROTATE, 1626325488058829566, EWR, 15
<134>2021-07-15T05:04:55Z cache-yul12826 MEWElogs[464521]: ROTATE, 1626325494476841580, YUL, 15
<134>2021-07-15T05:05:30Z cache-hkg17929 MEWElogs[464521]: ROTATE, 1626325529896900609, HKG, 15
<134>2021-07-15T05:05:40Z cache-man4150 MEWElogs[464521]: ROTATE, 1626325539900491457, MAN, 15
<134>2021-07-15T05:05:48Z cache-man4150 MEWElogs[464521]: ROTATE, 1626325547653433005, MAN, 15
<134>2021-07-15T05:06:00Z cache-lga21983 MEWElogs[464521]: ROTATE, 1626325559800832814, LGA, 15
<134>2021-07-15T05:06:35Z cache-man4150 MEWElogs[464521]: ROTATE, 1626325594423927014, MAN, 15
<134>2021-07-15T05:07:05Z cache-lga21983 MEWElogs[464521]: ROTATE, 1626325624662300627, LGA, 15
<134>2021-07-15T05:07:14Z cache-man4150 MEWElogs[464521]: ROTATE, 1626325633277563925, MAN, 15
<134>2021-07-15T05:07:55Z cache-mel11272 MEWElogs[464521]: ROTATE, 1626325674645989220, MEL, 15
<134>2021-07-15T05:08:04Z cache-ewr18156 MEWElogs[464521]: ROTATE, 1626325683670285018, EWR, 15
<134>2021-07-15T05:08:06Z cache-mel11272 MEWElogs[464521]: ROTATE, 1626325685252991712, MEL, 15
