<134>2021-07-14T17:22:08Z cache-lhr7382 MEWElogs[46369]: FLIPH, 1626283328019889517, LHR, -1
<134>2021-07-14T17:22:35Z cache-yul12826 MEWElogs[46369]: FLIPH, 1626283354326298922, YUL, -1
<134>2021-07-14T17:22:37Z cache-mci5951 MEWElogs[46369]: FLIPH, 1626283356032187261, MCI, 10
<134>2021-07-14T17:22:47Z cache-mad22068 MEWElogs[46369]: FLIPH, 1626283367159165836, MAD, 10
<134>2021-07-14T17:22:48Z cache-yul12826 MEWElogs[46369]: FLIPH, 1626283367329993164, YUL, 10
<134>2021-07-14T17:22:54Z cache-lhr7382 MEWElogs[46369]: FLIPH, 1626283373853853005, LHR, -1
<134>2021-07-14T17:22:57Z cache-mia11368 MEWElogs[46369]: FLIPH, 1626283377065059974, MIA, -1
<134>2021-07-14T17:23:00Z cache-mrs10583 MEWElogs[46369]: FLIPH, 1626283379475570278, MRS, 10
<134>2021-07-14T17:23:00Z cache-mia11368 MEWElogs[46369]: FLIPH, 1626283380372527926, MIA, 10
<134>2021-07-14T17:23:13Z cache-mrs10583 MEWElogs[46369]: FLIPH, 1626283393404158805, MRS, -1
<134>2021-07-14T17:23:17Z cache-mrs10583 MEWElogs[46369]: FLIPH, 1626283396068921374, MRS, 10
<134>2021-07-14T17:23:24Z cache-mad22068 MEWElogs[46369]: FLIPH, 1626283404925464757, MAD, -1
<134>2021-07-14T17:23:31Z cache-hkg17929 MEWElogs[46369]: FLIPH, 1626283410779144077, HKG, -1
<134>2021-07-14T17:23:53Z cache-mad22068 MEWElogs[46369]: FLIPH, 1626283433025002799, MAD, -1
<134>2021-07-14T17:23:56Z cache-mrs10583 MEWElogs[46369]: FLIPH, 1626283435319293155, MRS, -1
<134>2021-07-14T17:24:06Z cache-lhr7382 MEWElogs[46369]: FLIPH, 1626283445773937656, LHR, -1
<134>2021-07-14T17:24:31Z cache-mad22068 MEWElogs[46369]: FLIPH, 1626283470536049107, MAD, -1
<134>2021-07-14T17:24:47Z cache-mrs10583 MEWElogs[46369]: FLIPH, 1626283486856569721, MRS, 10
<134>2021-07-14T17:25:09Z cache-mrs10583 MEWElogs[46369]: FLIPH, 1626283508395818503, MRS, -1
<134>2021-07-14T17:25:13Z cache-hkg17929 MEWElogs[46369]: FLIPH, 1626283512544021138, HKG, 10
<134>2021-07-14T17:25:26Z cache-lhr7382 MEWElogs[46369]: FLIPH, 1626283526080920811, LHR, -1
<134>2021-07-14T17:25:27Z cache-mrs10583 MEWElogs[46369]: FLIPH, 1626283527278177491, MRS, 10
<134>2021-07-14T17:25:31Z cache-mad22068 MEWElogs[46369]: FLIPH, 1626283530158342716, MAD, 10
<134>2021-07-14T17:25:36Z cache-mrs10583 MEWElogs[46369]: FLIPH, 1626283535336844806, MRS, 10
<134>2021-07-14T17:25:39Z cache-lhr7382 MEWElogs[46369]: FLIPH, 1626283538526263389, LHR, 10
<134>2021-07-14T17:25:45Z cache-yul12826 MEWElogs[46369]: FLIPH, 1626283544901896990, YUL, -1
<134>2021-07-14T17:26:14Z cache-stp9226 MEWElogs[46369]: FLIPH, 1626283573014246207, STP, -1
<134>2021-07-14T17:26:26Z cache-lax10677 MEWElogs[46369]: FLIPH, 1626283585313761965, LGB, 10
<134>2021-07-14T17:26:37Z cache-lhr7382 MEWElogs[46369]: FLIPH, 1626283596474721778, LHR, -1
<134>2021-07-14T17:26:54Z cache-lhr7382 MEWElogs[46369]: FLIPH, 1626283614010025065, LHR, -1
<134>2021-07-14T17:27:02Z cache-mrs10583 MEWElogs[46369]: FLIPH, 1626283621547470321, MRS, -1
<134>2021-07-14T17:27:07Z cache-mad22068 MEWElogs[46369]: FLIPH, 1626283626949354243, MAD, 10
<134>2021-07-14T17:27:08Z cache-hkg17929 MEWElogs[46369]: FLIPH, 1626283627907805551, HKG, -1
<134>2021-07-14T17:27:24Z cache-mia11368 MEWElogs[46369]: FLIPH, 1626283644621599644, MIA, -1
<134>2021-07-14T17:27:40Z cache-yul12826 MEWElogs[46369]: FLIPH, 1626283659359594439, YUL, 10
<134>2021-07-14T17:27:46Z cache-lax10677 MEWElogs[46369]: FLIPH, 1626283665475967610, LGB, 10
<134>2021-07-14T17:27:52Z cache-jax20933 MEWElogs[46369]: FLIPH, 1626283672157275457, JAX, 10
<134>2021-07-14T17:27:58Z cache-mia11368 MEWElogs[46369]: FLIPH, 1626283678326244540, MIA, 10
<134>2021-07-14T17:27:59Z cache-jax20933 MEWElogs[46369]: FLIPH, 1626283679702613883, JAX, -1
<134>2021-07-14T17:28:13Z cache-mci5951 MEWElogs[46369]: FLIPH, 1626283692960420898, MCI, 10
<134>2021-07-14T17:28:16Z cache-stp9226 MEWElogs[46369]: FLIPH, 1626283695572558923, STP, 10
<134>2021-07-14T17:28:18Z cache-mia11368 MEWElogs[46369]: FLIPH, 1626283698507572527, MIA, 10
<134>2021-07-14T17:28:26Z cache-mia11368 MEWElogs[46369]: FLIPH, 1626283705512990008, MIA, -1
<134>2021-07-14T17:28:31Z cache-mrs10583 MEWElogs[46369]: FLIPH, 1626283710720941591, MRS, -1
<134>2021-07-14T17:28:36Z cache-jax20933 MEWElogs[46369]: FLIPH, 1626283715646658429, JAX, -1
<134>2021-07-14T17:28:57Z cache-mad22068 MEWElogs[46369]: FLIPH, 1626283736949227202, MAD, -1
<134>2021-07-14T17:29:07Z cache-mia11368 MEWElogs[46369]: FLIPH, 1626283746149997985, MIA, -1
<134>2021-07-14T17:29:15Z cache-mrs10583 MEWElogs[46369]: FLIPH, 1626283754064257409, MRS, 10
<134>2021-07-14T17:29:20Z cache-yul12826 MEWElogs[46369]: FLIPH, 1626283759743356075, YUL, 10
<134>2021-07-14T17:29:53Z cache-man4150 MEWElogs[46369]: FLIPH, 1626283792684792407, MAN, 10
<134>2021-07-14T17:29:57Z cache-mia11368 MEWElogs[46369]: FLIPH, 1626283796568928431, MIA, -1
<134>2021-07-14T17:30:04Z cache-stp9226 MEWElogs[46369]: FLIPH, 1626283803607960088, STP, 10
<134>2021-07-14T17:30:12Z cache-mci5951 MEWElogs[46369]: FLIPH, 1626283811443468266, MCI, -1
<134>2021-07-14T17:30:14Z cache-hkg17929 MEWElogs[46369]: FLIPH, 1626283813583236869, HKG, 10
<134>2021-07-14T17:30:16Z cache-yul12826 MEWElogs[46369]: FLIPH, 1626283815196993928, YUL, 10
<134>2021-07-14T17:30:16Z cache-lhr7382 MEWElogs[46369]: FLIPH, 1626283815894070616, LHR, -1
<134>2021-07-14T17:30:27Z cache-man4150 MEWElogs[46369]: FLIPH, 1626283826281346415, MAN, 10
<134>2021-07-14T17:30:27Z cache-mia11368 MEWElogs[46369]: FLIPH, 1626283827166414313, MIA, -1
<134>2021-07-14T17:30:31Z cache-yul12826 MEWElogs[46369]: FLIPH, 1626283831209809127, YUL, -1
<134>2021-07-14T17:30:36Z cache-jax20933 MEWElogs[46369]: FLIPH, 1626283835826483343, JAX, -1
<134>2021-07-14T17:30:48Z cache-jax20933 MEWElogs[46369]: FLIPH, 1626283847919573636, JAX, -1
<134>2021-07-14T17:30:52Z cache-mia11368 MEWElogs[46369]: FLIPH, 1626283850985922295, MIA, 10
<134>2021-07-14T17:30:59Z cache-lga21983 MEWElogs[46369]: FLIPH, 1626283858366189564, LGA, 10
<134>2021-07-14T17:31:01Z cache-yul12826 MEWElogs[46369]: FLIPH, 1626283861638566441, YUL, 10
<134>2021-07-14T17:31:02Z cache-mia11368 MEWElogs[46369]: FLIPH, 1626283861337142994, MIA, 10
<134>2021-07-14T17:31:11Z cache-yul12826 MEWElogs[46369]: FLIPH, 1626283871045571478, YUL, 10
<134>2021-07-14T17:31:15Z cache-mci5951 MEWElogs[46369]: FLIPH, 1626283874950869703, MCI, 10
<134>2021-07-14T17:31:28Z cache-mia11368 MEWElogs[46369]: FLIPH, 1626283888409286108, MIA, -1
<134>2021-07-14T17:31:40Z cache-lax10677 MEWElogs[46369]: FLIPH, 1626283900184499836, LGB, -1
<134>2021-07-14T17:31:43Z cache-osl6529 MEWElogs[46369]: FLIPH, 1626283902119915650, OSL, -1
<134>2021-07-14T17:31:53Z cache-jax20933 MEWElogs[46369]: FLIPH, 1626283912506850828, JAX, 10
<134>2021-07-14T17:32:02Z cache-ewr18156 MEWElogs[46369]: FLIPH, 1626283922414346642, EWR, 10
<134>2021-07-14T17:32:05Z cache-jax20933 MEWElogs[46369]: FLIPH, 1626283924705616931, JAX, 10
