<134>2021-07-15T05:28:13Z cache-syd10183 MEWElogs[464521]: ROTATE, 1626326892637019100, SYD, 15
<134>2021-07-15T05:28:24Z cache-syd10183 MEWElogs[464521]: ROTATE, 1626326903282776740, SYD, 15
<134>2021-07-15T05:28:54Z cache-pao17461 MEWElogs[464521]: ROTATE, 1626326934228336584, PAO, 15
<134>2021-07-15T05:30:42Z cache-cgh11122 MEWElogs[464521]: ROTATE, 1626327041710290218, CGH, 15
<134>2021-07-15T05:31:04Z cache-sjc10078 MEWElogs[464521]: ROTATE, 1626327064435760627, SJC, 15
<134>2021-07-15T05:31:38Z cache-sjc10078 MEWElogs[464521]: ROTATE, 1626327097599989551, SJC, 15
<134>2021-07-15T05:31:41Z cache-cgh11122 MEWElogs[464521]: ROTATE, 1626327100213970944, CGH, 15
<134>2021-07-15T05:32:08Z cache-sea4483 MEWElogs[464521]: ROTATE, 1626327128077850855, SEA, 15
<134>2021-07-15T05:32:33Z cache-sjc10078 MEWElogs[464521]: ROTATE, 1626327151996547005, SJC, 15
<134>2021-07-15T05:32:57Z cache-cgh11122 MEWElogs[464521]: ROTATE, 1626327177115254523, CGH, 15
<134>2021-07-15T05:33:03Z cache-pao17461 MEWElogs[464521]: ROTATE, 1626327183624827792, PAO, 15
<134>2021-07-15T05:33:26Z cache-cgh11122 MEWElogs[464521]: ROTATE, 1626327205767686942, CGH, 15
<134>2021-07-15T05:33:37Z cache-pao17461 MEWElogs[464521]: ROTATE, 1626327217131956897, PAO, 15
<134>2021-07-15T05:34:02Z cache-bma1628 MEWElogs[464521]: ROTATE, 1626327241675686785, BMA, 15
<134>2021-07-15T05:34:06Z cache-syd10183 MEWElogs[464521]: ROTATE, 1626327245893247293, SYD, 15
<134>2021-07-15T05:34:17Z cache-hnd18722 MEWElogs[464521]: ROTATE, 1626327256711460230, HND, 15
<134>2021-07-15T05:34:20Z cache-bma1628 MEWElogs[464521]: ROTATE, 1626327259055181167, BMA, 15
<134>2021-07-15T05:34:24Z cache-sjc10078 MEWElogs[464521]: ROTATE, 1626327263193282640, SJC, 15
<134>2021-07-15T05:35:04Z cache-pao17461 MEWElogs[464521]: ROTATE, 1626327303793975148, PAO, 15
<134>2021-07-15T05:35:14Z cache-sea4483 MEWElogs[464521]: ROTATE, 1626327313792003690, SEA, 15
<134>2021-07-15T05:35:20Z cache-bma1628 MEWElogs[464521]: ROTATE, 1626327319722596482, BMA, 15
<134>2021-07-15T05:35:57Z cache-hnd18722 MEWElogs[464521]: ROTATE, 1626327357520534431, HND, 15
<134>2021-07-15T05:36:47Z cache-bma1628 MEWElogs[464521]: ROTATE, 1626327406648231260, BMA, 15
<134>2021-07-15T05:37:06Z cache-cgh11122 MEWElogs[464521]: ROTATE, 1626327425574835105, CGH, 15
<134>2021-07-15T05:37:34Z cache-cgh11122 MEWElogs[464521]: ROTATE, 1626327453894124784, CGH, 15
<134>2021-07-15T05:38:04Z cache-sjc10078 MEWElogs[464521]: ROTATE, 1626327483024945285, SJC, 15
