<134>2021-07-14T17:03:45Z cache-hel6829 MEWElogs[326955]: FLIPH, 1626282224862256687, HEL, -1
<134>2021-07-14T17:04:02Z cache-den8274 MEWElogs[326955]: FLIPH, 1626282241724107522, DEN, 10
<134>2021-07-14T17:04:05Z cache-hel6829 MEWElogs[326955]: FLIPH, 1626282244417653961, HEL, -1
<134>2021-07-14T17:04:14Z cache-hel6829 MEWElogs[326955]: FLIPH, 1626282254273504471, HEL, -1
<134>2021-07-14T17:04:16Z cache-fra19177 MEWElogs[326955]: FLIPH, 1626282255635389658, FRA, 10
<134>2021-07-14T17:04:29Z cache-dal21283 MEWElogs[326955]: FLIPH, 1626282268876730994, DAL, -1
<134>2021-07-14T17:04:30Z cache-jnb7027 MEWElogs[326955]: FLIPH, 1626282269622756342, JNB, -1
<134>2021-07-14T17:04:31Z cache-cwb20520 MEWElogs[326955]: FLIPH, 1626282270623192143, CWB, -1
<134>2021-07-14T17:04:44Z cache-iah17271 MEWElogs[326955]: FLIPH, 1626282283275977630, IAH, -1
<134>2021-07-14T17:04:47Z cache-den8274 MEWElogs[326955]: FLIPH, 1626282286240725016, DEN, 10
<134>2021-07-14T17:04:50Z cache-lon4249 MEWElogs[326955]: FLIPH, 1626282290491660832, LON, 10
<134>2021-07-14T17:05:06Z cache-iah17271 MEWElogs[326955]: FLIPH, 1626282305835868125, IAH, -1
<134>2021-07-14T17:05:17Z cache-hel6829 MEWElogs[326955]: FLIPH, 1626282316749401991, HEL, 10
<134>2021-07-14T17:05:17Z cache-lcy19283 MEWElogs[326955]: FLIPH, 1626282316969562441, LCY, -1
<134>2021-07-14T17:05:24Z cache-lon4249 MEWElogs[326955]: FLIPH, 1626282324028199300, LON, 10
<134>2021-07-14T17:05:33Z cache-cwb20520 MEWElogs[326955]: FLIPH, 1626282332507505942, CWB, 10
<134>2021-07-14T17:06:00Z cache-cwb20520 MEWElogs[326955]: FLIPH, 1626282358941515470, CWB, -1
<134>2021-07-14T17:06:07Z cache-den8274 MEWElogs[326955]: FLIPH, 1626282366600490925, DEN, 10
<134>2021-07-14T17:06:12Z cache-dal21283 MEWElogs[326955]: FLIPH, 1626282371975290198, DAL, -1
<134>2021-07-14T17:06:22Z cache-den8274 MEWElogs[326955]: FLIPH, 1626282381575921995, DEN, -1
<134>2021-07-14T17:06:32Z cache-lcy19283 MEWElogs[326955]: FLIPH, 1626282391664052772, LCY, 10
<134>2021-07-14T17:06:46Z cache-iah17271 MEWElogs[326955]: FLIPH, 1626282406507661223, IAH, -1
<134>2021-07-14T17:06:52Z cache-cwb20520 MEWElogs[326955]: FLIPH, 1626282410970014173, CWB, 10
<134>2021-07-14T17:06:52Z cache-hel6829 MEWElogs[326955]: FLIPH, 1626282411242482080, HEL, -1
<134>2021-07-14T17:06:55Z cache-fra19177 MEWElogs[326955]: FLIPH, 1626282415470383114, FRA, -1
<134>2021-07-14T17:07:08Z cache-cwb20520 MEWElogs[326955]: FLIPH, 1626282427881276660, CWB, -1
<134>2021-07-14T17:07:18Z cache-lcy19283 MEWElogs[326955]: FLIPH, 1626282437942901995, LCY, -1
<134>2021-07-14T17:07:18Z cache-cwb20520 MEWElogs[326955]: FLIPH, 1626282437740127742, CWB, -1
<134>2021-07-14T17:07:33Z cache-dal21283 MEWElogs[326955]: FLIPH, 1626282453068472497, DAL, -1
<134>2021-07-14T17:07:50Z cache-jnb7027 MEWElogs[326955]: FLIPH, 1626282469607644272, JNB, 10
<134>2021-07-14T17:07:57Z cache-cwb20520 MEWElogs[326955]: FLIPH, 1626282476639181726, CWB, -1
<134>2021-07-14T17:07:59Z cache-jnb7027 MEWElogs[326955]: FLIPH, 1626282479402380685, JNB, 10
<134>2021-07-14T17:08:03Z cache-hel6829 MEWElogs[326955]: FLIPH, 1626282483308947980, HEL, 10
<134>2021-07-14T17:08:04Z cache-den8274 MEWElogs[326955]: FLIPH, 1626282483830147047, DEN, 10
<134>2021-07-14T17:08:13Z cache-lon4249 MEWElogs[326955]: FLIPH, 1626282493124119077, LON, -1
<134>2021-07-14T17:08:16Z cache-lon4249 MEWElogs[326955]: FLIPH, 1626282495939555110, LON, 10
<134>2021-07-14T17:08:29Z cache-bur17583 MEWElogs[326955]: FLIPH, 1626282509212696699, BUR, 10
<134>2021-07-14T17:08:48Z cache-hel6829 MEWElogs[326955]: FLIPH, 1626282528168150199, HEL, -1
<134>2021-07-14T17:08:58Z cache-lcy19283 MEWElogs[326955]: FLIPH, 1626282538368164445, LCY, -1
<134>2021-07-14T17:09:04Z cache-iah17271 MEWElogs[326955]: FLIPH, 1626282543498296142, IAH, 10
<134>2021-07-14T17:09:10Z cache-lon4249 MEWElogs[326955]: FLIPH, 1626282550004312044, LON, -1
<134>2021-07-14T17:09:47Z cache-jnb7027 MEWElogs[326955]: FLIPH, 1626282587211264839, JNB, 10
<134>2021-07-14T17:09:51Z cache-den8274 MEWElogs[326955]: FLIPH, 1626282590339603276, DEN, 10
<134>2021-07-14T17:10:07Z cache-jnb7027 MEWElogs[326955]: FLIPH, 1626282606727419777, JNB, 10
<134>2021-07-14T17:10:08Z cache-iah17271 MEWElogs[326955]: FLIPH, 1626282607165747071, IAH, -1
<134>2021-07-14T17:10:29Z cache-bur17583 MEWElogs[326955]: FLIPH, 1626282629571607165, BUR, -1
<134>2021-07-14T17:10:39Z cache-lcy19283 MEWElogs[326955]: FLIPH, 1626282638828904353, LCY, -1
<134>2021-07-14T17:10:40Z cache-bur17583 MEWElogs[326955]: FLIPH, 1626282639684267931, BUR, -1
<134>2021-07-14T17:10:41Z cache-hel6829 MEWElogs[326955]: FLIPH, 1626282640873849846, HEL, 10
<134>2021-07-14T17:10:46Z cache-hel6829 MEWElogs[326955]: FLIPH, 1626282646721885778, HEL, -1
<134>2021-07-14T17:10:56Z cache-jnb7027 MEWElogs[326955]: FLIPH, 1626282655554777977, JNB, 10
<134>2021-07-14T17:10:56Z cache-cwb20520 MEWElogs[326955]: FLIPH, 1626282655604688502, CWB, 10
<134>2021-07-14T17:11:15Z cache-lon4249 MEWElogs[326955]: FLIPH, 1626282674965180182, LON, 10
<134>2021-07-14T17:11:20Z cache-hel6829 MEWElogs[326955]: FLIPH, 1626282679840319308, HEL, 10
<134>2021-07-14T17:11:45Z cache-bur17583 MEWElogs[326955]: FLIPH, 1626282704597888384, BUR, 10
<134>2021-07-14T17:11:53Z cache-lcy19283 MEWElogs[326955]: FLIPH, 1626282713230017843, LCY, 10
<134>2021-07-14T17:11:57Z cache-den8274 MEWElogs[326955]: FLIPH, 1626282716335991411, DEN, 10
<134>2021-07-14T17:12:10Z cache-lon4249 MEWElogs[326955]: FLIPH, 1626282729984602636, LON, -1
<134>2021-07-14T17:12:34Z cache-hel6829 MEWElogs[326955]: FLIPH, 1626282754035037303, HEL, -1
<134>2021-07-14T17:12:45Z cache-iah17271 MEWElogs[326955]: FLIPH, 1626282765301799296, IAH, 10
<134>2021-07-14T17:12:59Z cache-lon4249 MEWElogs[326955]: FLIPH, 1626282778946422509, LON, -1
<134>2021-07-14T17:13:43Z cache-lon4249 MEWElogs[326955]: FLIPH, 1626282822977453018, LON, 10
