<134>2021-07-15T05:18:56Z cache-cdg20720 MEWElogs[334804]: ROTATE, 1626326335021444930, CDG, 15
<134>2021-07-15T05:19:08Z cache-mel11272 MEWElogs[334804]: ROTATE, 1626326348335063672, MEL, 15
<134>2021-07-15T05:19:24Z cache-stl4834 MEWElogs[334804]: ROTATE, 1626326363789154266, STL, 15
<134>2021-07-15T05:19:34Z cache-pao17461 MEWElogs[334804]: ROTATE, 1626326373217767372, PAO, 15
<134>2021-07-15T05:19:38Z cache-gru17149 MEWElogs[334804]: ROTATE, 1626326377352395200, GRU, 15
<134>2021-07-15T05:19:44Z cache-scl19427 MEWElogs[334804]: ROTATE, 1626326384329219102, SCL, 15
<134>2021-07-15T05:19:57Z cache-gru17149 MEWElogs[334804]: ROTATE, 1626326396347779429, GRU, 15
<134>2021-07-15T05:20:11Z cache-cdg20720 MEWElogs[334804]: ROTATE, 1626326410651219596, CDG, 15
<134>2021-07-15T05:20:17Z cache-pao17461 MEWElogs[334804]: ROTATE, 1626326416029460305, PAO, 15
<134>2021-07-15T05:20:20Z cache-cdg20720 MEWElogs[334804]: ROTATE, 1626326420210100144, CDG, 15
<134>2021-07-15T05:20:35Z cache-syd10183 MEWElogs[334804]: ROTATE, 1626326434369975670, SYD, 15
<134>2021-07-15T05:20:40Z cache-bom4751 MEWElogs[334804]: ROTATE, 1626326439746324020, BOM, 15
<134>2021-07-15T05:21:12Z cache-hnd18722 MEWElogs[334804]: ROTATE, 1626326472589433076, HND, 15
<134>2021-07-15T05:21:34Z cache-itm18851 MEWElogs[334804]: ROTATE, 1626326494013825454, ITM, 15
<134>2021-07-15T05:24:03Z cache-itm18851 MEWElogs[334804]: ROTATE, 1626326642651179833, ITM, 15
<134>2021-07-15T05:24:45Z cache-gig17035 MEWElogs[334804]: ROTATE, 1626326684903386289, GIG, 15
<134>2021-07-15T05:24:49Z cache-syd10183 MEWElogs[334804]: ROTATE, 1626326688270627884, SYD, 15
<134>2021-07-15T05:25:00Z cache-stl4834 MEWElogs[334804]: ROTATE, 1626326699696339123, STL, 15
<134>2021-07-15T05:25:55Z cache-itm18851 MEWElogs[334804]: ROTATE, 1626326754395378630, ITM, 15
<134>2021-07-15T05:26:17Z cache-itm18851 MEWElogs[334804]: ROTATE, 1626326776561915424, ITM, 15
<134>2021-07-15T05:26:37Z cache-stl4834 MEWElogs[334804]: ROTATE, 1626326796361687009, STL, 15
<134>2021-07-15T05:26:56Z cache-syd10183 MEWElogs[334804]: ROTATE, 1626326816286861945, SYD, 15
