<134>2021-07-15T04:57:17Z cache-mci5951 MEWElogs[21956]: ROTATE, 1626325036916049309, MCI, 15
<134>2021-07-15T04:57:48Z cache-mci5951 MEWElogs[21956]: ROTATE, 1626325067709713895, MCI, 15
<134>2021-07-15T04:58:15Z cache-man4150 MEWElogs[21956]: ROTATE, 1626325094946591764, MAN, 15
<134>2021-07-15T04:58:25Z cache-lhr7382 MEWElogs[21956]: ROTATE, 1626325104309599953, LHR, 15
<134>2021-07-15T04:58:29Z cache-stp9226 MEWElogs[21956]: ROTATE, 1626325108783642189, STP, 15
<134>2021-07-15T04:58:31Z cache-yul12826 MEWElogs[21956]: ROTATE, 1626325110424136686, YUL, 15
<134>2021-07-15T04:58:39Z cache-mrs10583 MEWElogs[21956]: ROTATE, 1626325118520522383, MRS, 15
<134>2021-07-15T04:58:45Z cache-lga21983 MEWElogs[21956]: ROTATE, 1626325125462833306, LGA, 15
<134>2021-07-15T04:59:13Z cache-stp9226 MEWElogs[21956]: ROTATE, 1626325152784336084, STP, 15
<134>2021-07-15T04:59:18Z cache-man4150 MEWElogs[21956]: ROTATE, 1626325157260633142, MAN, 15
<134>2021-07-15T04:59:20Z cache-lhr7382 MEWElogs[21956]: ROTATE, 1626325159344919618, LHR, 15
<134>2021-07-15T04:59:45Z cache-ewr18156 MEWElogs[21956]: ROTATE, 1626325185370688293, EWR, 15
<134>2021-07-15T04:59:46Z cache-stp9226 MEWElogs[21956]: ROTATE, 1626325185437754752, STP, 15
<134>2021-07-15T04:59:49Z cache-mrs10583 MEWElogs[21956]: ROTATE, 1626325188779743350, MRS, 15
<134>2021-07-15T04:59:57Z cache-mrs10583 MEWElogs[21956]: ROTATE, 1626325196571718515, MRS, 15
<134>2021-07-15T05:00:18Z cache-hkg17929 MEWElogs[21956]: ROTATE, 1626325217780330559, HKG, 15
<134>2021-07-15T05:00:21Z cache-mrs10583 MEWElogs[21956]: ROTATE, 1626325220137868077, MRS, 15
<134>2021-07-15T05:00:41Z cache-hkg17929 MEWElogs[21956]: ROTATE, 1626325241120037439, HKG, 15
<134>2021-07-15T05:00:50Z cache-stp9226 MEWElogs[21956]: ROTATE, 1626325249973312163, STP, 15
<134>2021-07-15T05:01:01Z cache-stp9226 MEWElogs[21956]: ROTATE, 1626325260791143057, STP, 15
<134>2021-07-15T05:01:29Z cache-yul12826 MEWElogs[21956]: ROTATE, 1626325288521231987, YUL, 15
<134>2021-07-15T05:01:31Z cache-man4150 MEWElogs[21956]: ROTATE, 1626325290708118308, MAN, 15
<134>2021-07-15T05:01:34Z cache-lhr7382 MEWElogs[21956]: ROTATE, 1626325294312701515, LHR, 15
<134>2021-07-15T05:01:39Z cache-lax10677 MEWElogs[21956]: ROTATE, 1626325298935795255, LGB, 15
<134>2021-07-15T05:02:03Z cache-man4150 MEWElogs[21956]: ROTATE, 1626325322030559416, MAN, 15
<134>2021-07-15T05:02:12Z cache-mci5951 MEWElogs[21956]: ROTATE, 1626325332500658830, MCI, 15
<134>2021-07-15T05:02:14Z cache-ewr18156 MEWElogs[21956]: ROTATE, 1626325333982086702, EWR, 15
<134>2021-07-15T05:02:30Z cache-lhr7382 MEWElogs[21956]: ROTATE, 1626325349297943580, LHR, 15
<134>2021-07-15T05:02:49Z cache-lax10677 MEWElogs[21956]: ROTATE, 1626325368478460406, LGB, 15
<134>2021-07-15T05:02:51Z cache-lga21983 MEWElogs[21956]: ROTATE, 1626325370541582974, LGA, 15
<134>2021-07-15T05:03:21Z cache-yul12826 MEWElogs[21956]: ROTATE, 1626325400663675073, YUL, 15
<134>2021-07-15T05:03:22Z cache-stp9226 MEWElogs[21956]: ROTATE, 1626325401372060316, STP, 15
<134>2021-07-15T05:03:38Z cache-yul12826 MEWElogs[21956]: ROTATE, 1626325417885725418, YUL, 15
<134>2021-07-15T05:03:42Z cache-lhr7382 MEWElogs[21956]: ROTATE, 1626325421177936873, LHR, 15
<134>2021-07-15T05:03:44Z cache-stp9226 MEWElogs[21956]: ROTATE, 1626325423155356767, STP, 15
<134>2021-07-15T05:04:10Z cache-hkg17929 MEWElogs[21956]: ROTATE, 1626325449775836795, HKG, 15
<134>2021-07-15T05:04:47Z cache-mci5951 MEWElogs[21956]: ROTATE, 1626325487323787012, MCI, 15
<134>2021-07-15T05:04:59Z cache-lax10677 MEWElogs[21956]: ROTATE, 1626325499149030253, LGB, 15
<134>2021-07-15T05:05:11Z cache-yul12826 MEWElogs[21956]: ROTATE, 1626325511348344490, YUL, 15
<134>2021-07-15T05:05:28Z cache-yul12826 MEWElogs[21956]: ROTATE, 1626325528374233778, YUL, 15
<134>2021-07-15T05:05:54Z cache-yul12826 MEWElogs[21956]: ROTATE, 1626325553863362658, YUL, 15
<134>2021-07-15T05:06:00Z cache-lax10677 MEWElogs[21956]: ROTATE, 1626325559461390962, LGB, 15
<134>2021-07-15T05:06:41Z cache-mci5951 MEWElogs[21956]: ROTATE, 1626325600334188569, MCI, 15
<134>2021-07-15T05:06:48Z cache-bom4751 MEWElogs[21956]: ROTATE, 1626325607116047812, BOM, 15
<134>2021-07-15T05:06:50Z cache-osl6529 MEWElogs[21956]: ROTATE, 1626325609463864821, OSL, 15
<134>2021-07-15T05:07:08Z cache-ewr18156 MEWElogs[21956]: ROTATE, 1626325627445203141, EWR, 15
<134>2021-07-15T05:07:11Z cache-mci5951 MEWElogs[21956]: ROTATE, 1626325630684480500, MCI, 15
<134>2021-07-15T05:07:16Z cache-bom4751 MEWElogs[21956]: ROTATE, 1626325635437180815, BOM, 15
