<134>2021-07-15T06:20:16Z cache-wdc5583 MEWElogs[355776]: UNSH, 1626330015101133149, WDC, 16
<134>2021-07-15T06:20:25Z cache-mdw17383 MEWElogs[355776]: UNSH, 1626330025318544254, MDW, 16
<134>2021-07-15T06:20:41Z cache-dca17782 MEWElogs[355776]: UNSH, 1626330041058002032, DCA, 16
<134>2021-07-15T06:20:58Z cache-cmh21547 MEWElogs[355776]: UNSH, 1626330057698008071, CMH, 16
<134>2021-07-15T06:21:15Z cache-bog6425 MEWElogs[355776]: UNSH, 1626330075500966063, BOG, 16
<134>2021-07-15T06:21:28Z cache-wdc5583 MEWElogs[355776]: UNSH, 1626330087174062961, WDC, 16
<134>2021-07-15T06:21:39Z cache-dca17782 MEWElogs[355776]: UNSH, 1626330098927693951, DCA, 16
<134>2021-07-15T06:21:59Z cache-wdc5583 MEWElogs[355776]: UNSH, 1626330118344952775, WDC, 16
<134>2021-07-15T06:22:37Z cache-ams21020 MEWElogs[355776]: UNSH, 1626330156962136261, AMS, 16
<134>2021-07-15T06:22:40Z cache-pdk17882 MEWElogs[355776]: UNSH, 1626330160484198185, PDK, 16
<134>2021-07-15T06:23:08Z cache-pdk17882 MEWElogs[355776]: UNSH, 1626330187973305744, PDK, 16
<134>2021-07-15T06:23:21Z cache-mdw17383 MEWElogs[355776]: UNSH, 1626330201572958664, MDW, 16
<134>2021-07-15T06:23:26Z cache-maa10251 MEWElogs[355776]: UNSH, 1626330205324820262, MAA, 16
<134>2021-07-15T06:23:35Z cache-pdk17882 MEWElogs[355776]: UNSH, 1626330215507515575, PDK, 16
<134>2021-07-15T06:23:43Z cache-wdc5583 MEWElogs[355776]: UNSH, 1626330222783470025, WDC, 16
<134>2021-07-15T06:23:44Z cache-mdw17383 MEWElogs[355776]: UNSH, 1626330223637249780, MDW, 16
<134>2021-07-15T06:23:45Z cache-dca17782 MEWElogs[355776]: UNSH, 1626330224444931557, DCA, 16
<134>2021-07-15T06:23:52Z cache-dfw18678 MEWElogs[355776]: UNSH, 1626330231502165359, DFW, 16
<134>2021-07-15T06:24:29Z cache-ord1740 MEWElogs[355776]: UNSH, 1626330268803844655, ORD, 16
<134>2021-07-15T06:24:39Z cache-cmh21547 MEWElogs[355776]: UNSH, 1626330278501842084, CMH, 16
<134>2021-07-15T06:24:43Z cache-bog6425 MEWElogs[355776]: UNSH, 1626330282037966250, BOG, 16
<134>2021-07-15T06:25:45Z cache-cmh21547 MEWElogs[355776]: UNSH, 1626330344380760084, CMH, 16
<134>2021-07-15T06:25:45Z cache-fty21383 MEWElogs[355776]: UNSH, 1626330344782512667, FTY, 16
<134>2021-07-15T06:26:24Z cache-akl10324 MEWElogs[355776]: UNSH, 1626330384413249636, AKL, 16
<134>2021-07-15T06:27:24Z cache-cmh21547 MEWElogs[355776]: UNSH, 1626330443799464873, CMH, 16
<134>2021-07-15T06:27:26Z cache-dfw18678 MEWElogs[355776]: UNSH, 1626330445832634042, DFW, 16
<134>2021-07-15T06:27:42Z cache-akl10324 MEWElogs[355776]: UNSH, 1626330461683350565, AKL, 16
<134>2021-07-15T06:27:47Z cache-fty21383 MEWElogs[355776]: UNSH, 1626330466828161904, FTY, 16
<134>2021-07-15T06:28:00Z cache-dub4329 MEWElogs[355776]: UNSH, 1626330479480676896, DUB, 16
<134>2021-07-15T06:28:25Z cache-cph20625 MEWElogs[355776]: UNSH, 1626330503945419809, CPH, 16
<134>2021-07-15T06:28:46Z cache-hhn4077 MEWElogs[355776]: UNSH, 1626330526464317412, HHN, 16
<134>2021-07-15T06:29:00Z cache-pwk4920 MEWElogs[355776]: UNSH, 1626330540159363494, PWK, 16
<134>2021-07-15T06:29:11Z cache-del21735 MEWElogs[355776]: UNSH, 1626330550781320981, DEL, 16
<134>2021-07-15T06:29:14Z cache-chi21126 MEWElogs[355776]: UNSH, 1626330553324268397, CHI, 16
<134>2021-07-15T06:29:43Z cache-chi21126 MEWElogs[355776]: UNSH, 1626330582181812923, CHI, 16
