<134>2021-07-14T17:42:24Z cache-mel11272 MEWElogs[46369]: FLIPH, 1626284543671495314, MEL, -1
<134>2021-07-14T17:42:25Z cache-gru17149 MEWElogs[46369]: FLIPH, 1626284544361896567, GRU, 10
<134>2021-07-14T17:42:28Z cache-lga21983 MEWElogs[46369]: FLIPH, 1626284547329626776, LGA, -1
<134>2021-07-14T17:42:42Z cache-gig17035 MEWElogs[46369]: FLIPH, 1626284561663980324, GIG, 10
<134>2021-07-14T17:42:44Z cache-ewr18156 MEWElogs[46369]: FLIPH, 1626284564028313744, EWR, 10
<134>2021-07-14T17:42:44Z cache-cdg20720 MEWElogs[46369]: FLIPH, 1626284563844599319, CDG, 10
<134>2021-07-14T17:43:02Z cache-gig17035 MEWElogs[46369]: FLIPH, 1626284582116963050, GIG, -1
<134>2021-07-14T17:43:06Z cache-gig17035 MEWElogs[46369]: FLIPH, 1626284585584107319, GIG, 10
<134>2021-07-14T17:43:19Z cache-scl19427 MEWElogs[46369]: FLIPH, 1626284599731734611, SCL, 10
<134>2021-07-14T17:43:22Z cache-stl4834 MEWElogs[46369]: FLIPH, 1626284602679370184, STL, -1
<134>2021-07-14T17:43:28Z cache-scl19427 MEWElogs[46369]: FLIPH, 1626284608253356381, SCL, -1
<134>2021-07-14T17:43:50Z cache-lga21983 MEWElogs[46369]: FLIPH, 1626284629905645244, LGA, 10
<134>2021-07-14T17:44:29Z cache-gru17149 MEWElogs[46369]: FLIPH, 1626284668381000940, GRU, 10
<134>2021-07-14T17:44:30Z cache-scl19427 MEWElogs[46369]: FLIPH, 1626284668916357460, SCL, -1
<134>2021-07-14T17:44:30Z cache-stl4834 MEWElogs[46369]: FLIPH, 1626284669160769150, STL, 10
<134>2021-07-14T17:44:30Z cache-osl6529 MEWElogs[46369]: FLIPH, 1626284669693893012, OSL, -1
<134>2021-07-14T17:44:32Z cache-cdg20720 MEWElogs[46369]: FLIPH, 1626284671715664233, CDG, -1
<134>2021-07-14T17:44:39Z cache-osl6529 MEWElogs[46369]: FLIPH, 1626284678709506701, OSL, -1
<134>2021-07-14T17:44:41Z cache-scl19427 MEWElogs[46369]: FLIPH, 1626284681664436360, SCL, -1
<134>2021-07-14T17:44:55Z cache-bom4751 MEWElogs[46369]: FLIPH, 1626284695090746619, BOM, -1
<134>2021-07-14T17:44:57Z cache-osl6529 MEWElogs[46369]: FLIPH, 1626284697377838521, OSL, -1
<134>2021-07-14T17:45:10Z cache-scl19427 MEWElogs[46369]: FLIPH, 1626284709127707876, SCL, 10
<134>2021-07-14T17:45:11Z cache-osl6529 MEWElogs[46369]: FLIPH, 1626284710261713461, OSL, 10
<134>2021-07-14T17:45:39Z cache-gig17035 MEWElogs[46369]: FLIPH, 1626284738700248626, GIG, -1
<134>2021-07-14T17:45:49Z cache-stl4834 MEWElogs[46369]: FLIPH, 1626284749765712371, STL, -1
<134>2021-07-14T17:46:01Z cache-stl4834 MEWElogs[46369]: FLIPH, 1626284760123165308, STL, -1
<134>2021-07-14T17:46:21Z cache-gru17149 MEWElogs[46369]: FLIPH, 1626284780752848166, GRU, -1
<134>2021-07-14T17:46:54Z cache-stl4834 MEWElogs[46369]: FLIPH, 1626284813328211294, STL, -1
<134>2021-07-14T17:47:11Z cache-bom4751 MEWElogs[46369]: FLIPH, 1626284830790313212, BOM, -1
<134>2021-07-14T17:47:14Z cache-bom4751 MEWElogs[46369]: FLIPH, 1626284833457112572, BOM, 10
<134>2021-07-14T17:47:17Z cache-hnd18722 MEWElogs[46369]: FLIPH, 1626284836641020883, HND, -1
<134>2021-07-14T17:47:21Z cache-pao17461 MEWElogs[46369]: FLIPH, 1626284841331838020, PAO, 10
<134>2021-07-14T17:47:25Z cache-cdg20720 MEWElogs[46369]: FLIPH, 1626284845668975736, CDG, -1
<134>2021-07-14T17:47:30Z cache-itm18851 MEWElogs[46369]: FLIPH, 1626284849877505376, ITM, -1
<134>2021-07-14T17:47:41Z cache-itm18851 MEWElogs[46369]: FLIPH, 1626284860390812150, ITM, -1
<134>2021-07-14T17:47:42Z cache-syd10183 MEWElogs[46369]: FLIPH, 1626284861871810645, SYD, 10
<134>2021-07-14T17:47:50Z cache-cdg20720 MEWElogs[46369]: FLIPH, 1626284869087482501, CDG, 10
<134>2021-07-14T17:47:52Z cache-pao17461 MEWElogs[46369]: FLIPH, 1626284872143655037, PAO, 10
<134>2021-07-14T17:47:59Z cache-gru17149 MEWElogs[46369]: FLIPH, 1626284878247513210, GRU, 10
<134>2021-07-14T17:48:03Z cache-syd10183 MEWElogs[46369]: FLIPH, 1626284881926988831, SYD, 10
<134>2021-07-14T17:48:07Z cache-scl19427 MEWElogs[46369]: FLIPH, 1626284886875278491, SCL, -1
<134>2021-07-14T17:48:10Z cache-pao17461 MEWElogs[46369]: FLIPH, 1626284889641085003, PAO, -1
<134>2021-07-14T17:48:20Z cache-hnd18722 MEWElogs[46369]: FLIPH, 1626284900302297928, HND, -1
<134>2021-07-14T17:48:29Z cache-cdg20720 MEWElogs[46369]: FLIPH, 1626284909390942284, CDG, 10
<134>2021-07-14T17:48:56Z cache-hnd18722 MEWElogs[46369]: FLIPH, 1626284935045138703, HND, 10
<134>2021-07-14T17:49:00Z cache-syd10183 MEWElogs[46369]: FLIPH, 1626284939752950561, SYD, -1
<134>2021-07-14T17:49:32Z cache-stl4834 MEWElogs[46369]: FLIPH, 1626284971488683429, STL, -1
<134>2021-07-14T17:49:37Z cache-gig17035 MEWElogs[46369]: FLIPH, 1626284976782970017, GIG, -1
<134>2021-07-14T17:49:45Z cache-itm18851 MEWElogs[46369]: FLIPH, 1626284984875628401, ITM, -1
<134>2021-07-14T17:49:46Z cache-bom4751 MEWElogs[46369]: FLIPH, 1626284986092305880, BOM, -1
<134>2021-07-14T17:49:53Z cache-stl4834 MEWElogs[46369]: FLIPH, 1626284992487668137, STL, -1
<134>2021-07-14T17:50:00Z cache-gig17035 MEWElogs[46369]: FLIPH, 1626285000277580430, GIG, -1
<134>2021-07-14T17:50:06Z cache-bom4751 MEWElogs[46369]: FLIPH, 1626285005268474644, BOM, -1
<134>2021-07-14T17:50:06Z cache-itm18851 MEWElogs[46369]: FLIPH, 1626285006021075234, ITM, -1
<134>2021-07-14T17:50:11Z cache-scl19427 MEWElogs[46369]: FLIPH, 1626285010886830713, SCL, 10
<134>2021-07-14T17:50:20Z cache-hnd18722 MEWElogs[46369]: FLIPH, 1626285019596273298, HND, 10
<134>2021-07-14T17:50:22Z cache-gru17149 MEWElogs[46369]: FLIPH, 1626285021632697403, GRU, 10
<134>2021-07-14T17:50:25Z cache-stl4834 MEWElogs[46369]: FLIPH, 1626285024230667719, STL, -1
<134>2021-07-14T17:50:40Z cache-itm18851 MEWElogs[46369]: FLIPH, 1626285039720613791, ITM, 10
<134>2021-07-14T17:50:52Z cache-cgh11122 MEWElogs[46369]: FLIPH, 1626285052165976371, CGH, 10
<134>2021-07-14T17:50:53Z cache-hnd18722 MEWElogs[46369]: FLIPH, 1626285052875554271, HND, 10
<134>2021-07-14T17:51:10Z cache-gru17149 MEWElogs[46369]: FLIPH, 1626285068942188142, GRU, 10
<134>2021-07-14T17:51:10Z cache-pao17461 MEWElogs[46369]: FLIPH, 1626285070029246686, PAO, 10
<134>2021-07-14T17:51:18Z cache-itm18851 MEWElogs[46369]: FLIPH, 1626285078683777715, ITM, -1
<134>2021-07-14T17:51:19Z cache-scl19427 MEWElogs[46369]: FLIPH, 1626285079598126166, SCL, -1
<134>2021-07-14T17:51:24Z cache-syd10183 MEWElogs[46369]: FLIPH, 1626285083552075865, SYD, 10
<134>2021-07-14T17:51:41Z cache-bom4751 MEWElogs[46369]: FLIPH, 1626285101450409411, BOM, -1
<134>2021-07-14T17:51:44Z cache-cgh11122 MEWElogs[46369]: FLIPH, 1626285103411775421, CGH, 10
<134>2021-07-14T17:51:45Z cache-gru17149 MEWElogs[46369]: FLIPH, 1626285104466910620, GRU, -1
<134>2021-07-14T17:51:54Z cache-hnd18722 MEWElogs[46369]: FLIPH, 1626285113276368102, HND, -1
<134>2021-07-14T17:52:11Z cache-scl19427 MEWElogs[46369]: FLIPH, 1626285131227207816, SCL, 10
<134>2021-07-14T17:52:12Z cache-stl4834 MEWElogs[46369]: FLIPH, 1626285131917236010, STL, 10
