<134>2021-07-15T02:13:42Z cache-cgh11122 MEWElogs[308969]: GRAY, 1626315221630872933, CGH, 13
<134>2021-07-15T02:13:43Z cache-pao17461 MEWElogs[308969]: GRAY, 1626315222013980747, PAO, 13
<134>2021-07-15T02:14:24Z cache-hnd18722 MEWElogs[308969]: GRAY, 1626315264006403002, HND, 13
<134>2021-07-15T02:15:13Z cache-gru17149 MEWElogs[308969]: GRAY, 1626315312717353618, GRU, 13
<134>2021-07-15T02:15:17Z cache-scl19427 MEWElogs[308969]: GRAY, 1626315317743769363, SCL, 13
<134>2021-07-15T02:15:23Z cache-stl4834 MEWElogs[308969]: GRAY, 1626315322218146705, STL, 13
<134>2021-07-15T02:15:26Z cache-pao17461 MEWElogs[308969]: GRAY, 1626315325864064939, PAO, 13
<134>2021-07-15T02:15:26Z cache-gru17149 MEWElogs[308969]: GRAY, 1626315325436339707, GRU, 13
<134>2021-07-15T02:15:57Z cache-hnd18722 MEWElogs[308969]: GRAY, 1626315356442361612, HND, 13
<134>2021-07-15T02:15:58Z cache-cgh11122 MEWElogs[308969]: GRAY, 1626315357495502098, CGH, 13
<134>2021-07-15T02:16:23Z cache-gig17035 MEWElogs[308969]: GRAY, 1626315382720389029, GIG, 13
<134>2021-07-15T02:16:23Z cache-gru17149 MEWElogs[308969]: GRAY, 1626315382710710228, GRU, 13
<134>2021-07-15T02:16:57Z cache-scl19427 MEWElogs[308969]: GRAY, 1626315417778124757, SCL, 13
<134>2021-07-15T02:17:11Z cache-syd10183 MEWElogs[308969]: GRAY, 1626315430899323711, SYD, 13
<134>2021-07-15T02:17:14Z cache-scl19427 MEWElogs[308969]: GRAY, 1626315434602761918, SCL, 13
<134>2021-07-15T02:17:39Z cache-gru17149 MEWElogs[308969]: GRAY, 1626315458133998487, GRU, 13
<134>2021-07-15T02:17:40Z cache-syd10183 MEWElogs[308969]: GRAY, 1626315459636759612, SYD, 13
<134>2021-07-15T02:18:34Z cache-pao17461 MEWElogs[308969]: GRAY, 1626315513306358794, PAO, 13
<134>2021-07-15T02:19:50Z cache-pao17461 MEWElogs[308969]: GRAY, 1626315589916619504, PAO, 13
<134>2021-07-15T02:19:55Z cache-cgh11183 MEWElogs[308969]: GRAY, 1626315594436669930, CGH, 13
<134>2021-07-15T02:20:08Z cache-cgh11183 MEWElogs[308969]: GRAY, 1626315607915677887, CGH, 13
<134>2021-07-15T02:20:22Z cache-cgh11122 MEWElogs[308969]: GRAY, 1626315621370230807, CGH, 13
<134>2021-07-15T02:20:40Z cache-hnd18722 MEWElogs[308969]: GRAY, 1626315639733781710, HND, 13
<134>2021-07-15T02:21:56Z cache-tyo11974 MEWElogs[308969]: GRAY, 1626315716034509608, TYO, 13
<134>2021-07-15T02:22:51Z cache-itm18851 MEWElogs[308969]: GRAY, 1626315771332535933, ITM, 13
<134>2021-07-15T02:22:58Z cache-yyz4551 MEWElogs[308969]: GRAY, 1626315776981412650, YYZ, 13
<134>2021-07-15T02:23:17Z cache-yyz4551 MEWElogs[308969]: GRAY, 1626315796073610875, YYZ, 13
<134>2021-07-15T02:23:29Z cache-yyz4551 MEWElogs[308969]: GRAY, 1626315808579839488, YYZ, 13
<134>2021-07-15T02:23:32Z cache-sjc10078 MEWElogs[308969]: GRAY, 1626315811541822476, SJC, 13
<134>2021-07-15T02:23:35Z cache-cgh11183 MEWElogs[308969]: GRAY, 1626315813947804353, CGH, 13
