<134>2021-07-15T01:41:58Z cache-bos4657 MEWElogs[46369]: GRAY, 1626313317181928871, BOS, 13
<134>2021-07-15T01:42:06Z cache-pwk4920 MEWElogs[46369]: GRAY, 1626313326000357377, PWK, 13
<134>2021-07-15T01:42:10Z cache-bos4657 MEWElogs[46369]: GRAY, 1626313329584367900, BOS, 13
<134>2021-07-15T01:42:16Z cache-bos4657 MEWElogs[46369]: GRAY, 1626313335681047719, BOS, 13
<134>2021-07-15T01:42:19Z cache-akl10324 MEWElogs[46369]: GRAY, 1626313338585866011, AKL, 13
<134>2021-07-15T01:42:23Z cache-cwb20520 MEWElogs[46369]: GRAY, 1626313342044037648, CWB, 13
<134>2021-07-15T01:42:30Z cache-hhn4077 MEWElogs[46369]: GRAY, 1626313349567320857, HHN, 13
<134>2021-07-15T01:42:37Z cache-del21735 MEWElogs[46369]: GRAY, 1626313356722684717, DEL, 13
<134>2021-07-15T01:42:48Z cache-hhn4077 MEWElogs[46369]: GRAY, 1626313368143502189, HHN, 13
<134>2021-07-15T01:42:53Z cache-bos4657 MEWElogs[46369]: GRAY, 1626313372285546929, BOS, 13
<134>2021-07-15T01:43:29Z cache-jnb7027 MEWElogs[46369]: GRAY, 1626313407904927787, JNB, 13
<134>2021-07-15T01:43:29Z cache-den8274 MEWElogs[46369]: GRAY, 1626313408753070733, DEN, 13
<134>2021-07-15T01:43:48Z cache-hel6829 MEWElogs[46369]: GRAY, 1626313427986838298, HEL, 13
<134>2021-07-15T01:44:06Z cache-dal21283 MEWElogs[46369]: GRAY, 1626313445453052927, DAL, 13
<134>2021-07-15T01:44:13Z cache-pwk4920 MEWElogs[46369]: GRAY, 1626313453310286192, PWK, 13
<134>2021-07-15T01:44:40Z cache-jnb7027 MEWElogs[46369]: GRAY, 1626313480307056789, JNB, 13
<134>2021-07-15T01:44:52Z cache-iah17271 MEWElogs[46369]: GRAY, 1626313492067693153, IAH, 13
<134>2021-07-15T01:44:53Z cache-jnb7027 MEWElogs[46369]: GRAY, 1626313492250969357, JNB, 13
<134>2021-07-15T01:45:09Z cache-bur17583 MEWElogs[46369]: GRAY, 1626313509461668208, BUR, 13
<134>2021-07-15T01:45:11Z cache-lcy19283 MEWElogs[46369]: GRAY, 1626313510764405662, LCY, 13
<134>2021-07-15T01:45:18Z cache-lon4249 MEWElogs[46369]: GRAY, 1626313518067348660, LON, 13
<134>2021-07-15T01:45:21Z cache-lcy19283 MEWElogs[46369]: GRAY, 1626313520390411656, LCY, 13
<134>2021-07-15T01:45:24Z cache-pwk4920 MEWElogs[46369]: GRAY, 1626313523672914462, PWK, 13
<134>2021-07-15T01:45:24Z cache-bur17583 MEWElogs[46369]: GRAY, 1626313523918634719, BUR, 13
<134>2021-07-15T01:45:38Z cache-den8274 MEWElogs[46369]: GRAY, 1626313538197875559, DEN, 13
<134>2021-07-15T01:46:03Z cache-hel6829 MEWElogs[46369]: GRAY, 1626313562749142740, HEL, 13
<134>2021-07-15T01:46:06Z cache-iah17271 MEWElogs[46369]: GRAY, 1626313566247041588, IAH, 13
<134>2021-07-15T01:46:14Z cache-lcy19283 MEWElogs[46369]: GRAY, 1626313574540551489, LCY, 13
<134>2021-07-15T01:46:41Z cache-mad22068 MEWElogs[46369]: GRAY, 1626313600342638825, MAD, 13
<134>2021-07-15T01:46:56Z cache-mad22068 MEWElogs[46369]: GRAY, 1626313615597927491, MAD, 13
<134>2021-07-15T01:47:29Z cache-iah17271 MEWElogs[46369]: GRAY, 1626313648917163820, IAH, 13
<134>2021-07-15T01:47:30Z cache-lon4249 MEWElogs[46369]: GRAY, 1626313649102736423, LON, 13
<134>2021-07-15T01:47:48Z cache-den8274 MEWElogs[46369]: GRAY, 1626313668347134100, DEN, 13
<134>2021-07-15T01:48:13Z cache-lcy19283 MEWElogs[46369]: GRAY, 1626313692808767384, LCY, 13
<134>2021-07-15T01:48:15Z cache-cwb20520 MEWElogs[46369]: GRAY, 1626313694437010295, CWB, 13
<134>2021-07-15T01:48:19Z cache-hel6829 MEWElogs[46369]: GRAY, 1626313697962802922, HEL, 13
<134>2021-07-15T01:48:20Z cache-lon4249 MEWElogs[46369]: GRAY, 1626313700576575878, LON, 13
<134>2021-07-15T01:48:31Z cache-mad22068 MEWElogs[46369]: GRAY, 1626313710713070571, MAD, 13
<134>2021-07-15T01:48:32Z cache-dal21283 MEWElogs[46369]: GRAY, 1626313712405249385, DAL, 13
<134>2021-07-15T01:48:37Z cache-bur17583 MEWElogs[46369]: GRAY, 1626313717104046844, BUR, 13
<134>2021-07-15T01:48:38Z cache-lcy19283 MEWElogs[46369]: GRAY, 1626313717685701191, LCY, 13
<134>2021-07-15T01:48:48Z cache-lcy19283 MEWElogs[46369]: GRAY, 1626313727606983916, LCY, 13
<134>2021-07-15T01:48:49Z cache-cwb20520 MEWElogs[46369]: GRAY, 1626313728027978504, CWB, 13
<134>2021-07-15T01:48:55Z cache-cwb20520 MEWElogs[46369]: GRAY, 1626313734738953721, CWB, 13
<134>2021-07-15T01:48:59Z cache-iah17271 MEWElogs[46369]: GRAY, 1626313738476989213, IAH, 13
<134>2021-07-15T01:49:41Z cache-bur17583 MEWElogs[46369]: GRAY, 1626313781002602447, BUR, 13
<134>2021-07-15T01:49:43Z cache-cwb20520 MEWElogs[46369]: GRAY, 1626313782632016731, CWB, 13
<134>2021-07-15T01:49:50Z cache-iah17271 MEWElogs[46369]: GRAY, 1626313789720252138, IAH, 13
<134>2021-07-15T01:50:01Z cache-lcy19283 MEWElogs[46369]: GRAY, 1626313801007046822, LCY, 13
<134>2021-07-15T01:50:15Z cache-hel6829 MEWElogs[46369]: GRAY, 1626313814324294617, HEL, 13
<134>2021-07-15T01:50:16Z cache-cwb20520 MEWElogs[46369]: GRAY, 1626313815862057632, CWB, 13
<134>2021-07-15T01:50:30Z cache-lcy19283 MEWElogs[46369]: GRAY, 1626313830123166307, LCY, 13
<134>2021-07-15T01:50:38Z cache-jnb7027 MEWElogs[46369]: GRAY, 1626313837265303105, JNB, 13
<134>2021-07-15T01:50:45Z cache-hel6829 MEWElogs[46369]: GRAY, 1626313844744524285, HEL, 13
<134>2021-07-15T01:50:51Z cache-hel6829 MEWElogs[46369]: GRAY, 1626313850823393197, HEL, 13
<134>2021-07-15T01:51:16Z cache-cwb20520 MEWElogs[46369]: GRAY, 1626313876562450553, CWB, 13
<134>2021-07-15T01:51:25Z cache-lhr7382 MEWElogs[46369]: GRAY, 1626313884405321241, LHR, 13
<134>2021-07-15T01:51:27Z cache-dal21283 MEWElogs[46369]: GRAY, 1626313886808211482, DAL, 13
<134>2021-07-15T01:51:29Z cache-mrs10583 MEWElogs[46369]: GRAY, 1626313889057474791, MRS, 13
<134>2021-07-15T01:51:33Z cache-jnb7027 MEWElogs[46369]: GRAY, 1626313892379692257, JNB, 13
<134>2021-07-15T01:51:34Z cache-lhr7382 MEWElogs[46369]: GRAY, 1626313893696552958, LHR, 13
<134>2021-07-15T01:51:35Z cache-mad22068 MEWElogs[46369]: GRAY, 1626313894425239636, MAD, 13
<134>2021-07-15T01:51:48Z cache-lhr7382 MEWElogs[46369]: GRAY, 1626313907907856638, LHR, 13
<134>2021-07-15T01:51:50Z cache-mad22068 MEWElogs[46369]: GRAY, 1626313909408967045, MAD, 13
<134>2021-07-15T01:51:53Z cache-mrs10583 MEWElogs[46369]: GRAY, 1626313912632454653, MRS, 13
<134>2021-07-15T01:51:53Z cache-lhr7382 MEWElogs[46369]: GRAY, 1626313912655075175, LHR, 13
