<134>2021-07-15T06:21:45Z cache-ams21020 MEWElogs[46369]: UNSH, 1626330105433097835, AMS, 16
<134>2021-07-15T06:21:59Z cache-dca17782 MEWElogs[46369]: UNSH, 1626330118350974953, DCA, 16
<134>2021-07-15T06:22:04Z cache-cmh21547 MEWElogs[46369]: UNSH, 1626330123781969260, CMH, 16
<134>2021-07-15T06:22:15Z cache-mdw17383 MEWElogs[46369]: UNSH, 1626330135310303003, MDW, 16
<134>2021-07-15T06:22:44Z cache-ord1740 MEWElogs[46369]: UNSH, 1626330163040829448, ORD, 16
<134>2021-07-15T06:23:21Z cache-cph20625 MEWElogs[46369]: UNSH, 1626330199953272281, CPH, 16
<134>2021-07-15T06:24:11Z cache-dfw18678 MEWElogs[46369]: UNSH, 1626330251102564243, DFW, 16
<134>2021-07-15T06:24:13Z cache-cph20625 MEWElogs[46369]: UNSH, 1626330252385056147, CPH, 16
<134>2021-07-15T06:24:29Z cache-mdw17383 MEWElogs[46369]: UNSH, 1626330268561267382, MDW, 16
<134>2021-07-15T06:24:33Z cache-cph20625 MEWElogs[46369]: UNSH, 1626330272902281537, CPH, 16
<134>2021-07-15T06:24:33Z cache-bog6425 MEWElogs[46369]: UNSH, 1626330272284320458, BOG, 16
<134>2021-07-15T06:25:04Z cache-cph20625 MEWElogs[46369]: UNSH, 1626330303907676587, CPH, 16
<134>2021-07-15T06:25:26Z cache-wdc5583 MEWElogs[46369]: UNSH, 1626330326095318923, WDC, 16
<134>2021-07-15T06:25:32Z cache-del21735 MEWElogs[46369]: UNSH, 1626330331912094610, DEL, 16
<134>2021-07-15T06:25:37Z cache-wdc5583 MEWElogs[46369]: UNSH, 1626330336602904100, WDC, 16
<134>2021-07-15T06:26:08Z cache-mdw17383 MEWElogs[46369]: UNSH, 1626330367745077362, MDW, 16
<134>2021-07-15T06:26:37Z cache-fty21383 MEWElogs[46369]: UNSH, 1626330396878963389, FTY, 16
<134>2021-07-15T06:26:47Z cache-chi21126 MEWElogs[46369]: UNSH, 1626330406766776118, CHI, 16
<134>2021-07-15T06:26:54Z cache-dub4329 MEWElogs[46369]: UNSH, 1626330413796093654, DUB, 16
<134>2021-07-15T06:26:55Z cache-fty21383 MEWElogs[46369]: UNSH, 1626330414574450828, FTY, 16
<134>2021-07-15T06:27:00Z cache-bos4657 MEWElogs[46369]: UNSH, 1626330419752876346, BOS, 16
<134>2021-07-15T06:27:21Z cache-cph20625 MEWElogs[46369]: UNSH, 1626330440536882339, CPH, 16
<134>2021-07-15T06:27:27Z cache-bos4657 MEWElogs[46369]: UNSH, 1626330446555941764, BOS, 16
<134>2021-07-15T06:27:30Z cache-fty21383 MEWElogs[46369]: UNSH, 1626330449411018610, FTY, 16
<134>2021-07-15T06:27:53Z cache-cph20625 MEWElogs[46369]: UNSH, 1626330472636034937, CPH, 16
<134>2021-07-15T06:28:10Z cache-hhn4077 MEWElogs[46369]: UNSH, 1626330489957762405, HHN, 16
<134>2021-07-15T06:28:15Z cache-dfw18678 MEWElogs[46369]: UNSH, 1626330495225455137, DFW, 16
<134>2021-07-15T06:28:25Z cache-chi21126 MEWElogs[46369]: UNSH, 1626330504710439735, CHI, 16
<134>2021-07-15T06:29:39Z cache-dub4329 MEWElogs[46369]: UNSH, 1626330578269861505, DUB, 16
<134>2021-07-15T06:29:58Z cache-fty21383 MEWElogs[46369]: UNSH, 1626330597233727889, FTY, 16
<134>2021-07-15T06:30:02Z cache-chi21126 MEWElogs[46369]: UNSH, 1626330601415166657, CHI, 16
<134>2021-07-15T06:30:20Z cache-dub4329 MEWElogs[46369]: UNSH, 1626330619380752718, DUB, 16
<134>2021-07-15T06:30:31Z cache-chi21126 MEWElogs[46369]: UNSH, 1626330630545346267, CHI, 16
<134>2021-07-15T06:30:41Z cache-chi21126 MEWElogs[46369]: UNSH, 1626330640366950191, CHI, 16
<134>2021-07-15T06:31:09Z cache-dfw18678 MEWElogs[46369]: UNSH, 1626330668589747460, DFW, 16
<134>2021-07-15T06:31:40Z cache-chi21126 MEWElogs[46369]: UNSH, 1626330699880862381, CHI, 16
