<134>2021-07-14T21:10:17Z cache-pdk17882 MEWElogs[369035]: BLUR, 1626297016993482816, PDK, 11
<134>2021-07-14T21:10:43Z cache-bog6425 MEWElogs[369035]: BLUR, 1626297042741112306, BOG, 11
<134>2021-07-14T21:11:13Z cache-ams21020 MEWElogs[369035]: BLUR, 1626297072732980245, AMS, 11
<134>2021-07-14T21:11:35Z cache-pdk17882 MEWElogs[369035]: BLUR, 1626297094291537420, PDK, 11
<134>2021-07-14T21:12:53Z cache-mdw17383 MEWElogs[369035]: BLUR, 1626297172470424310, MDW, 11
<134>2021-07-14T21:12:59Z cache-wdc5583 MEWElogs[369035]: BLUR, 1626297178904307242, WDC, 11
<134>2021-07-14T21:13:11Z cache-ams21020 MEWElogs[369035]: BLUR, 1626297190305264615, AMS, 11
<134>2021-07-14T21:13:28Z cache-maa10251 MEWElogs[369035]: BLUR, 1626297207095813325, MAA, 11
<134>2021-07-14T21:13:50Z cache-mdw17383 MEWElogs[369035]: BLUR, 1626297230517988388, MDW, 11
<134>2021-07-14T21:14:32Z cache-cmh21547 MEWElogs[369035]: BLUR, 1626297271833211283, CMH, 11
<134>2021-07-14T21:14:47Z cache-dfw18678 MEWElogs[369035]: BLUR, 1626297286657195578, DFW, 11
<134>2021-07-14T21:15:04Z cache-ord1740 MEWElogs[369035]: BLUR, 1626297303453044315, ORD, 11
<134>2021-07-14T21:16:15Z cache-cph20625 MEWElogs[369035]: BLUR, 1626297374516353368, CPH, 11
<134>2021-07-14T21:16:28Z cache-fty21383 MEWElogs[369035]: BLUR, 1626297387518883216, FTY, 11
<134>2021-07-14T21:16:57Z cache-akl10324 MEWElogs[369035]: BLUR, 1626297416241069211, AKL, 11
<134>2021-07-14T21:17:04Z cache-dfw18678 MEWElogs[369035]: BLUR, 1626297423377462176, DFW, 11
<134>2021-07-14T21:17:48Z cache-mdw17383 MEWElogs[369035]: BLUR, 1626297467423734888, MDW, 11
<134>2021-07-14T21:18:29Z cache-chi21126 MEWElogs[369035]: BLUR, 1626297509275757899, CHI, 11
<134>2021-07-14T21:18:45Z cache-chi21126 MEWElogs[369035]: BLUR, 1626297525805264859, CHI, 11
<134>2021-07-14T21:19:26Z cache-bos4657 MEWElogs[369035]: BLUR, 1626297566298425486, BOS, 11
<134>2021-07-14T21:20:10Z cache-chi21126 MEWElogs[369035]: BLUR, 1626297610055527444, CHI, 11
