<134>2021-07-15T04:27:44Z cache-hhn4077 MEWElogs[39982]: ROTATE, 1626323263390365540, HHN, 15
<134>2021-07-15T04:27:57Z cache-chi21126 MEWElogs[39982]: ROTATE, 1626323276944766472, CHI, 15
<134>2021-07-15T04:28:18Z cache-chi21126 MEWElogs[39982]: ROTATE, 1626323297518151341, CHI, 15
<134>2021-07-15T04:28:58Z cache-fty21383 MEWElogs[39982]: ROTATE, 1626323337440132192, FTY, 15
<134>2021-07-15T04:29:24Z cache-akl10324 MEWElogs[39982]: ROTATE, 1626323363855867764, AKL, 15
<134>2021-07-15T04:30:00Z cache-pwk4920 MEWElogs[39982]: ROTATE, 1626323400117739470, PWK, 15
<134>2021-07-15T04:30:55Z cache-fty21383 MEWElogs[39982]: ROTATE, 1626323453993146351, FTY, 15
<134>2021-07-15T04:30:58Z cache-dub4329 MEWElogs[39982]: ROTATE, 1626323457422658551, DUB, 15
<134>2021-07-15T04:31:19Z cache-akl10324 MEWElogs[39982]: ROTATE, 1626323479324394124, AKL, 15
<134>2021-07-15T04:31:34Z cache-cwb20520 MEWElogs[39982]: ROTATE, 1626323493082600990, CWB, 15
<134>2021-07-15T04:32:06Z cache-hhn4077 MEWElogs[39982]: ROTATE, 1626323525738465242, HHN, 15
<134>2021-07-15T04:32:33Z cache-cwb20520 MEWElogs[39982]: ROTATE, 1626323552748565516, CWB, 15
<134>2021-07-15T04:33:06Z cache-dfw18678 MEWElogs[39982]: ROTATE, 1626323585263913776, DFW, 15
<134>2021-07-15T04:33:39Z cache-dfw18678 MEWElogs[39982]: ROTATE, 1626323618887176857, DFW, 15
<134>2021-07-15T04:34:09Z cache-akl10324 MEWElogs[39982]: ROTATE, 1626323648890999679, AKL, 15
<134>2021-07-15T04:34:17Z cache-del21735 MEWElogs[39982]: ROTATE, 1626323656392355285, DEL, 15
<134>2021-07-15T04:34:52Z cache-hhn4077 MEWElogs[39982]: ROTATE, 1626323692565480588, HHN, 15
<134>2021-07-15T04:35:51Z cache-cwb20520 MEWElogs[39982]: ROTATE, 1626323750262646117, CWB, 15
<134>2021-07-15T04:36:33Z cache-hel6829 MEWElogs[39982]: ROTATE, 1626323792871599968, HEL, 15
<134>2021-07-15T04:36:33Z cache-hhn4077 MEWElogs[39982]: ROTATE, 1626323792637341612, HHN, 15
<134>2021-07-15T04:36:39Z cache-dub4329 MEWElogs[39982]: ROTATE, 1626323798846909055, DUB, 15
<134>2021-07-15T04:36:43Z cache-del21735 MEWElogs[39982]: ROTATE, 1626323801901801141, DEL, 15
<134>2021-07-15T04:36:50Z cache-bos4657 MEWElogs[39982]: ROTATE, 1626323809235029018, BOS, 15
<134>2021-07-15T04:37:19Z cache-cwb20520 MEWElogs[39982]: ROTATE, 1626323838691544804, CWB, 15
<134>2021-07-15T04:37:26Z cache-fra19177 MEWElogs[39982]: ROTATE, 1626323846478636468, FRA, 15
