<134>2021-07-14T21:10:47Z cache-cmh21547 MEWElogs[355776]: BLUR, 1626297046751198761, CMH, 11
<134>2021-07-14T21:11:14Z cache-maa10251 MEWElogs[355776]: BLUR, 1626297073631070357, MAA, 11
<134>2021-07-14T21:11:30Z cache-wdc5583 MEWElogs[355776]: BLUR, 1626297089798031881, WDC, 11
<134>2021-07-14T21:12:21Z cache-pdk17882 MEWElogs[355776]: BLUR, 1626297140834065391, PDK, 11
<134>2021-07-14T21:12:24Z cache-bog6425 MEWElogs[355776]: BLUR, 1626297143763593717, BOG, 11
<134>2021-07-14T21:13:07Z cache-pdk17882 MEWElogs[355776]: BLUR, 1626297187234253101, PDK, 11
<134>2021-07-14T21:13:29Z cache-bog6425 MEWElogs[355776]: BLUR, 1626297209149541364, BOG, 11
<134>2021-07-14T21:14:24Z cache-pdk17882 MEWElogs[355776]: BLUR, 1626297264336169553, PDK, 11
<134>2021-07-14T21:14:48Z cache-ord1740 MEWElogs[355776]: BLUR, 1626297287653930676, ORD, 11
<134>2021-07-14T21:16:13Z cache-fty21383 MEWElogs[355776]: BLUR, 1626297372939345801, FTY, 11
<134>2021-07-14T21:16:48Z cache-mdw17383 MEWElogs[355776]: BLUR, 1626297408305945351, MDW, 11
<134>2021-07-14T21:17:13Z cache-akl10324 MEWElogs[355776]: BLUR, 1626297432357151434, AKL, 11
<134>2021-07-14T21:17:13Z cache-wdc5583 MEWElogs[355776]: BLUR, 1626297432893109092, WDC, 11
<134>2021-07-14T21:17:50Z cache-wdc5583 MEWElogs[355776]: BLUR, 1626297470183403872, WDC, 11
<134>2021-07-14T21:17:53Z cache-chi21126 MEWElogs[355776]: BLUR, 1626297473057903312, CHI, 11
<134>2021-07-14T21:18:03Z cache-akl10324 MEWElogs[355776]: BLUR, 1626297482374662870, AKL, 11
<134>2021-07-14T21:18:23Z cache-dfw18678 MEWElogs[355776]: BLUR, 1626297503406238946, DFW, 11
<134>2021-07-14T21:18:37Z cache-cmh21547 MEWElogs[355776]: BLUR, 1626297516520540511, CMH, 11
<134>2021-07-14T21:18:40Z cache-akl10324 MEWElogs[355776]: BLUR, 1626297519718751741, AKL, 11
<134>2021-07-14T21:19:15Z cache-cph20625 MEWElogs[355776]: BLUR, 1626297555129304506, CPH, 11
<134>2021-07-14T21:19:28Z cache-mdw17383 MEWElogs[355776]: BLUR, 1626297567459543764, MDW, 11
