<134>2021-07-14T17:22:12Z cache-mia11368 MEWElogs[334804]: FLIPH, 1626283332396378428, MIA, -1
<134>2021-07-14T17:22:13Z cache-mci5951 MEWElogs[334804]: FLIPH, 1626283332332168982, MCI, -1
<134>2021-07-14T17:22:16Z cache-mia11368 MEWElogs[334804]: FLIPH, 1626283335645877631, MIA, 10
<134>2021-07-14T17:22:35Z cache-hkg17929 MEWElogs[334804]: FLIPH, 1626283354383508842, HKG, 10
<134>2021-07-14T17:22:37Z cache-mad22068 MEWElogs[334804]: FLIPH, 1626283357313238744, MAD, 10
<134>2021-07-14T17:22:39Z cache-lhr7382 MEWElogs[334804]: FLIPH, 1626283358893577048, LHR, 10
<134>2021-07-14T17:22:45Z cache-lhr7382 MEWElogs[334804]: FLIPH, 1626283364869753491, LHR, -1
<134>2021-07-14T17:22:56Z cache-hkg17929 MEWElogs[334804]: FLIPH, 1626283376513441441, HKG, 10
<134>2021-07-14T17:23:12Z cache-hkg17929 MEWElogs[334804]: FLIPH, 1626283392079498761, HKG, 10
<134>2021-07-14T17:23:18Z cache-yul12826 MEWElogs[334804]: FLIPH, 1626283398059043179, YUL, 10
<134>2021-07-14T17:23:28Z cache-stp9226 MEWElogs[334804]: FLIPH, 1626283407318735046, STP, -1
<134>2021-07-14T17:23:41Z cache-mia11368 MEWElogs[334804]: FLIPH, 1626283420599132834, MIA, -1
<134>2021-07-14T17:23:53Z cache-lax10677 MEWElogs[334804]: FLIPH, 1626283432959499238, LGB, -1
<134>2021-07-14T17:24:05Z cache-jax20933 MEWElogs[334804]: FLIPH, 1626283445531921389, JAX, 10
<134>2021-07-14T17:24:07Z cache-mrs10583 MEWElogs[334804]: FLIPH, 1626283446541360661, MRS, 10
<134>2021-07-14T17:24:34Z cache-yul12826 MEWElogs[334804]: FLIPH, 1626283473617457904, YUL, 10
<134>2021-07-14T17:24:40Z cache-mad22068 MEWElogs[334804]: FLIPH, 1626283479431242808, MAD, -1
<134>2021-07-14T17:24:42Z cache-lhr7382 MEWElogs[334804]: FLIPH, 1626283481688121701, LHR, -1
<134>2021-07-14T17:24:53Z cache-yul12826 MEWElogs[334804]: FLIPH, 1626283492303822883, YUL, 10
<134>2021-07-14T17:25:40Z cache-mrs10583 MEWElogs[334804]: FLIPH, 1626283540769974626, MRS, -1
<134>2021-07-14T17:25:41Z cache-mad22068 MEWElogs[334804]: FLIPH, 1626283540628536850, MAD, 10
<134>2021-07-14T17:25:48Z cache-yul12826 MEWElogs[334804]: FLIPH, 1626283548033632778, YUL, 10
<134>2021-07-14T17:26:11Z cache-lhr7382 MEWElogs[334804]: FLIPH, 1626283570234856447, LHR, -1
<134>2021-07-14T17:26:16Z cache-lax10677 MEWElogs[334804]: FLIPH, 1626283575402088602, LGB, 10
<134>2021-07-14T17:26:32Z cache-mci5951 MEWElogs[334804]: FLIPH, 1626283592648405253, MCI, 10
<134>2021-07-14T17:26:34Z cache-stp9226 MEWElogs[334804]: FLIPH, 1626283594552505562, STP, -1
<134>2021-07-14T17:26:39Z cache-stp9226 MEWElogs[334804]: FLIPH, 1626283597976520403, STP, 10
<134>2021-07-14T17:26:49Z cache-stp9226 MEWElogs[334804]: FLIPH, 1626283608759141621, STP, 10
<134>2021-07-14T17:26:56Z cache-stp9226 MEWElogs[334804]: FLIPH, 1626283616099752951, STP, -1
<134>2021-07-14T17:27:03Z cache-lax10677 MEWElogs[334804]: FLIPH, 1626283622395590460, LGB, -1
<134>2021-07-14T17:27:21Z cache-hkg17929 MEWElogs[334804]: FLIPH, 1626283641765176684, HKG, 10
<134>2021-07-14T17:27:35Z cache-mrs10583 MEWElogs[334804]: FLIPH, 1626283654036645333, MRS, -1
<134>2021-07-14T17:27:35Z cache-mad22068 MEWElogs[334804]: FLIPH, 1626283655804742740, MAD, 10
<134>2021-07-14T17:27:42Z cache-lhr7382 MEWElogs[334804]: FLIPH, 1626283661396924060, LHR, 10
<134>2021-07-14T17:27:45Z cache-mad22068 MEWElogs[334804]: FLIPH, 1626283665595256387, MAD, 10
<134>2021-07-14T17:27:51Z cache-mad22068 MEWElogs[334804]: FLIPH, 1626283671718723750, MAD, -1
<134>2021-07-14T17:27:54Z cache-stp9226 MEWElogs[334804]: FLIPH, 1626283673943314189, STP, 10
<134>2021-07-14T17:28:02Z cache-hkg17929 MEWElogs[334804]: FLIPH, 1626283682047011660, HKG, -1
<134>2021-07-14T17:28:04Z cache-jax20933 MEWElogs[334804]: FLIPH, 1626283683957338881, JAX, 10
<134>2021-07-14T17:28:10Z cache-mad22068 MEWElogs[334804]: FLIPH, 1626283690417859676, MAD, -1
<134>2021-07-14T17:28:34Z cache-mrs10583 MEWElogs[334804]: FLIPH, 1626283713387778388, MRS, 10
<134>2021-07-14T17:28:38Z cache-stp9226 MEWElogs[334804]: FLIPH, 1626283717033968804, STP, 10
<134>2021-07-14T17:28:40Z cache-jax20933 MEWElogs[334804]: FLIPH, 1626283720221512667, JAX, 10
<134>2021-07-14T17:28:56Z cache-hkg17929 MEWElogs[334804]: FLIPH, 1626283735799987692, HKG, -1
<134>2021-07-14T17:28:59Z cache-yul12826 MEWElogs[334804]: FLIPH, 1626283738520894517, YUL, -1
<134>2021-07-14T17:29:10Z cache-mad22068 MEWElogs[334804]: FLIPH, 1626283749581660433, MAD, 10
<134>2021-07-14T17:29:19Z cache-mia11368 MEWElogs[334804]: FLIPH, 1626283759571706751, MIA, 10
<134>2021-07-14T17:30:02Z cache-lhr7382 MEWElogs[334804]: FLIPH, 1626283801493682038, LHR, 10
<134>2021-07-14T17:30:17Z cache-mia11368 MEWElogs[334804]: FLIPH, 1626283816540927354, MIA, -1
<134>2021-07-14T17:30:25Z cache-hkg17929 MEWElogs[334804]: FLIPH, 1626283824236634634, HKG, 10
<134>2021-07-14T17:30:35Z cache-hkg17929 MEWElogs[334804]: FLIPH, 1626283835036072960, HKG, 10
<134>2021-07-14T17:30:42Z cache-mci5951 MEWElogs[334804]: FLIPH, 1626283841806800756, MCI, -1
<134>2021-07-14T17:31:55Z cache-mel11272 MEWElogs[334804]: FLIPH, 1626283915068713006, MEL, 10
<134>2021-07-14T17:32:00Z cache-stp9226 MEWElogs[334804]: FLIPH, 1626283920396965023, STP, -1
