<134>2021-07-14T22:45:33Z cache-stp9226 MEWElogs[46369]: BLUR, 1626302732928605395, STP, 11
<134>2021-07-14T22:45:40Z cache-lax10677 MEWElogs[46369]: BLUR, 1626302740847719721, LGB, 11
<134>2021-07-14T22:45:59Z cache-lax10677 MEWElogs[46369]: BLUR, 1626302759236525534, LGB, 11
<134>2021-07-14T22:46:25Z cache-ewr18156 MEWElogs[46369]: BLUR, 1626302785105556157, EWR, 11
<134>2021-07-14T22:46:51Z cache-gig17035 MEWElogs[46369]: BLUR, 1626302810620725348, GIG, 11
<134>2021-07-14T22:47:09Z cache-bom4751 MEWElogs[46369]: BLUR, 1626302828189767943, BOM, 11
<134>2021-07-14T22:48:20Z cache-mel11272 MEWElogs[46369]: BLUR, 1626302898903871660, MEL, 11
<134>2021-07-14T22:49:40Z cache-ewr18156 MEWElogs[46369]: BLUR, 1626302980570958166, EWR, 11
<134>2021-07-14T22:49:51Z cache-osl6529 MEWElogs[46369]: BLUR, 1626302990826320814, OSL, 11
<134>2021-07-14T22:50:11Z cache-lga21983 MEWElogs[46369]: BLUR, 1626303010918684208, LGA, 11
<134>2021-07-14T22:50:39Z cache-man4150 MEWElogs[46369]: BLUR, 1626303039247164647, MAN, 11
<134>2021-07-14T22:50:44Z cache-lax10677 MEWElogs[46369]: BLUR, 1626303043514078823, LGB, 11
<134>2021-07-14T22:51:58Z cache-ewr18156 MEWElogs[46369]: BLUR, 1626303117486288250, EWR, 11
<134>2021-07-14T22:51:59Z cache-scl19427 MEWElogs[46369]: BLUR, 1626303118438489373, SCL, 11
<134>2021-07-14T22:52:11Z cache-gru17149 MEWElogs[46369]: BLUR, 1626303130704870116, GRU, 11
<134>2021-07-14T22:52:40Z cache-bom4751 MEWElogs[46369]: BLUR, 1626303159796522224, BOM, 11
<134>2021-07-14T22:53:00Z cache-scl19427 MEWElogs[46369]: BLUR, 1626303179225662147, SCL, 11
<134>2021-07-14T22:53:10Z cache-bom4751 MEWElogs[46369]: BLUR, 1626303189436334034, BOM, 11
<134>2021-07-14T22:53:52Z cache-osl6529 MEWElogs[46369]: BLUR, 1626303231719952300, OSL, 11
<134>2021-07-14T22:54:10Z cache-ewr18156 MEWElogs[46369]: BLUR, 1626303250275422555, EWR, 11
<134>2021-07-14T22:54:18Z cache-man4150 MEWElogs[46369]: BLUR, 1626303257313519180, MAN, 11
<134>2021-07-14T22:54:26Z cache-lga21983 MEWElogs[46369]: BLUR, 1626303266100385878, LGA, 11
<134>2021-07-14T22:54:32Z cache-man4150 MEWElogs[46369]: BLUR, 1626303271314830307, MAN, 11
<134>2021-07-14T22:54:47Z cache-mel11272 MEWElogs[46369]: BLUR, 1626303286028580345, MEL, 11
<134>2021-07-14T22:55:00Z cache-lga21983 MEWElogs[46369]: BLUR, 1626303300224305070, LGA, 11
<134>2021-07-14T22:55:24Z cache-cdg20720 MEWElogs[46369]: BLUR, 1626303323250664429, CDG, 11
