<134>2021-07-14T21:10:32Z cache-ord1740 MEWElogs[216063]: BLUR, 1626297031889968639, ORD, 11
<134>2021-07-14T21:10:36Z cache-dca17782 MEWElogs[216063]: BLUR, 1626297035618930459, DCA, 11
<134>2021-07-14T21:10:42Z cache-maa10251 MEWElogs[216063]: BLUR, 1626297041026623182, MAA, 11
<134>2021-07-14T21:11:12Z cache-wdc5583 MEWElogs[216063]: BLUR, 1626297072001492758, WDC, 11
<134>2021-07-14T21:12:09Z cache-ord1740 MEWElogs[216063]: BLUR, 1626297128600979695, ORD, 11
<134>2021-07-14T21:12:14Z cache-mdw17383 MEWElogs[216063]: BLUR, 1626297133879902778, MDW, 11
<134>2021-07-14T21:13:13Z cache-maa10251 MEWElogs[216063]: BLUR, 1626297192385962187, MAA, 11
<134>2021-07-14T21:13:25Z cache-ams21020 MEWElogs[216063]: BLUR, 1626297205171173728, AMS, 11
<134>2021-07-14T21:13:46Z cache-bog6425 MEWElogs[216063]: BLUR, 1626297225671737600, BOG, 11
<134>2021-07-14T21:14:03Z cache-bog6425 MEWElogs[216063]: BLUR, 1626297242022473389, BOG, 11
<134>2021-07-14T21:14:32Z cache-ord1740 MEWElogs[216063]: BLUR, 1626297271872884464, ORD, 11
<134>2021-07-14T21:16:05Z cache-dfw18678 MEWElogs[216063]: BLUR, 1626297364900907040, DFW, 11
<134>2021-07-14T21:16:40Z cache-akl10324 MEWElogs[216063]: BLUR, 1626297399713250135, AKL, 11
<134>2021-07-14T21:16:43Z cache-chi21126 MEWElogs[216063]: BLUR, 1626297402768861287, CHI, 11
<134>2021-07-14T21:17:34Z cache-bos4657 MEWElogs[216063]: BLUR, 1626297453401465879, BOS, 11
<134>2021-07-14T21:18:19Z cache-cmh21547 MEWElogs[216063]: BLUR, 1626297498088604916, CMH, 11
<134>2021-07-14T21:18:59Z cache-eze19324 MEWElogs[216063]: BLUR, 1626297539821269485, EZE, 11
<134>2021-07-14T21:19:08Z cache-mdw17383 MEWElogs[216063]: BLUR, 1626297548299428217, MDW, 11
<134>2021-07-14T21:19:11Z cache-bos4657 MEWElogs[216063]: BLUR, 1626297550611043918, BOS, 11
<134>2021-07-14T21:19:22Z cache-dfw18678 MEWElogs[216063]: BLUR, 1626297561915097579, DFW, 11
<134>2021-07-14T21:19:34Z cache-fty21383 MEWElogs[216063]: BLUR, 1626297573362540571, FTY, 11
<134>2021-07-14T21:19:43Z cache-dfw18678 MEWElogs[216063]: BLUR, 1626297583004039825, DFW, 11
