<134>2021-07-15T01:23:57Z cache-cmh21547 MEWElogs[418388]: GRAY, 1626312236466375502, CMH, 13
<134>2021-07-15T01:24:08Z cache-maa10251 MEWElogs[418388]: GRAY, 1626312247080406695, MAA, 13
<134>2021-07-15T01:24:12Z cache-mdw17383 MEWElogs[418388]: GRAY, 1626312251401222757, MDW, 13
<134>2021-07-15T01:24:14Z cache-bog6425 MEWElogs[418388]: GRAY, 1626312254173960804, BOG, 13
<134>2021-07-15T01:25:12Z cache-maa10251 MEWElogs[418388]: GRAY, 1626312311663144822, MAA, 13
<134>2021-07-15T01:25:19Z cache-mdw17383 MEWElogs[418388]: GRAY, 1626312318534982556, MDW, 13
<134>2021-07-15T01:25:27Z cache-mdw17383 MEWElogs[418388]: GRAY, 1626312325981827663, MDW, 13
<134>2021-07-15T01:25:29Z cache-cmh21547 MEWElogs[418388]: GRAY, 1626312328186989235, CMH, 13
<134>2021-07-15T01:25:48Z cache-wdc5583 MEWElogs[418388]: GRAY, 1626312348455975322, WDC, 13
<134>2021-07-15T01:26:07Z cache-ams21020 MEWElogs[418388]: GRAY, 1626312366311046389, AMS, 13
<134>2021-07-15T01:26:35Z cache-pdk17882 MEWElogs[418388]: GRAY, 1626312394619205891, PDK, 13
<134>2021-07-15T01:27:07Z cache-wdc5583 MEWElogs[418388]: GRAY, 1626312426658586271, WDC, 13
<134>2021-07-15T01:27:22Z cache-ord1740 MEWElogs[418388]: GRAY, 1626312441857176776, ORD, 13
<134>2021-07-15T01:27:34Z cache-ams21020 MEWElogs[418388]: GRAY, 1626312452926621950, AMS, 13
<134>2021-07-15T01:27:57Z cache-wdc5583 MEWElogs[418388]: GRAY, 1626312476504502506, WDC, 13
<134>2021-07-15T01:28:02Z cache-ams21020 MEWElogs[418388]: GRAY, 1626312481709097402, AMS, 13
<134>2021-07-15T01:28:02Z cache-dca17782 MEWElogs[418388]: GRAY, 1626312481416499924, DCA, 13
<134>2021-07-15T01:28:12Z cache-ams21020 MEWElogs[418388]: GRAY, 1626312491312821961, AMS, 13
<134>2021-07-15T01:28:14Z cache-mdw17383 MEWElogs[418388]: GRAY, 1626312493692319677, MDW, 13
<134>2021-07-15T01:28:47Z cache-bog6425 MEWElogs[418388]: GRAY, 1626312527451518157, BOG, 13
<134>2021-07-15T01:28:52Z cache-maa10251 MEWElogs[418388]: GRAY, 1626312531091738951, MAA, 13
<134>2021-07-15T01:28:52Z cache-mdw17383 MEWElogs[418388]: GRAY, 1626312531628775413, MDW, 13
<134>2021-07-15T01:29:41Z cache-dca17782 MEWElogs[418388]: GRAY, 1626312580895870563, DCA, 13
<134>2021-07-15T01:30:06Z cache-cph20625 MEWElogs[418388]: GRAY, 1626312605308278177, CPH, 13
<134>2021-07-15T01:31:01Z cache-eze19324 MEWElogs[418388]: GRAY, 1626312660255131568, EZE, 13
<134>2021-07-15T01:31:21Z cache-chi21126 MEWElogs[418388]: GRAY, 1626312680502995262, CHI, 13
<134>2021-07-15T01:31:26Z cache-pdk17882 MEWElogs[418388]: GRAY, 1626312685322828694, PDK, 13
<134>2021-07-15T01:31:29Z cache-wdc5583 MEWElogs[418388]: GRAY, 1626312688766925040, WDC, 13
<134>2021-07-15T01:31:34Z cache-eze19324 MEWElogs[418388]: GRAY, 1626312693005496401, EZE, 13
<134>2021-07-15T01:32:06Z cache-cmh21547 MEWElogs[418388]: GRAY, 1626312725506414489, CMH, 13
<134>2021-07-15T01:32:47Z cache-eze19324 MEWElogs[418388]: GRAY, 1626312766244568265, EZE, 13
<134>2021-07-15T01:32:47Z cache-fty21383 MEWElogs[418388]: GRAY, 1626312766517867480, FTY, 13
<134>2021-07-15T01:32:59Z cache-cmh21547 MEWElogs[418388]: GRAY, 1626312779000871362, CMH, 13
<134>2021-07-15T01:33:10Z cache-chi21126 MEWElogs[418388]: GRAY, 1626312789836962230, CHI, 13
<134>2021-07-15T01:33:15Z cache-akl10324 MEWElogs[418388]: GRAY, 1626312795019535782, AKL, 13
<134>2021-07-15T01:33:19Z cache-fty21383 MEWElogs[418388]: GRAY, 1626312798441396379, FTY, 13
<134>2021-07-15T01:33:24Z cache-bos4657 MEWElogs[418388]: GRAY, 1626312803601859091, BOS, 13
<134>2021-07-15T01:33:29Z cache-del21735 MEWElogs[418388]: GRAY, 1626312808777023695, DEL, 13
<134>2021-07-15T01:33:35Z cache-fty21383 MEWElogs[418388]: GRAY, 1626312814293916875, FTY, 13
<134>2021-07-15T01:33:35Z cache-mdw17383 MEWElogs[418388]: GRAY, 1626312814966422107, MDW, 13
