<134>2021-07-15T05:38:47Z cache-tyo11974 MEWElogs[400146]: ROTATE, 1626327527072232717, TYO, 15
<134>2021-07-15T05:38:58Z cache-sjc10078 MEWElogs[400146]: ROTATE, 1626327537242202551, SJC, 15
<134>2021-07-15T05:39:06Z cache-tyo11974 MEWElogs[400146]: ROTATE, 1626327545576655767, TYO, 15
<134>2021-07-15T05:40:17Z cache-cgh11183 MEWElogs[400146]: ROTATE, 1626327615975808439, CGH, 15
<134>2021-07-15T05:40:35Z cache-yyz4551 MEWElogs[400146]: ROTATE, 1626327634226496174, YYZ, 15
<134>2021-07-15T05:41:01Z cache-yyz4551 MEWElogs[400146]: ROTATE, 1626327660319495439, YYZ, 15
<134>2021-07-15T05:41:25Z cache-vie21629 MEWElogs[400146]: ROTATE, 1626327684937384839, VIE, 15
<134>2021-07-15T05:41:41Z cache-bma1628 MEWElogs[400146]: ROTATE, 1626327701423680188, BMA, 15
<134>2021-07-15T05:42:02Z cache-cgh11183 MEWElogs[400146]: ROTATE, 1626327721433873635, CGH, 15
<134>2021-07-15T05:42:19Z cache-yyz4551 MEWElogs[400146]: ROTATE, 1626327738771744953, YYZ, 15
<134>2021-07-15T05:42:37Z cache-yyz4551 MEWElogs[400146]: ROTATE, 1626327756681828539, YYZ, 15
<134>2021-07-15T05:43:08Z cache-bma1628 MEWElogs[400146]: ROTATE, 1626327788598122486, BMA, 15
<134>2021-07-15T05:43:59Z cache-sjc10078 MEWElogs[400146]: ROTATE, 1626327839725622647, SJC, 15
<134>2021-07-15T05:44:10Z cache-bma1628 MEWElogs[400146]: ROTATE, 1626327849561453828, BMA, 15
<134>2021-07-15T05:44:11Z cache-sjc10078 MEWElogs[400146]: ROTATE, 1626327850582505037, SJC, 15
<134>2021-07-15T05:45:37Z cache-tyo11974 MEWElogs[400146]: ROTATE, 1626327935936528951, TYO, 15
<134>2021-07-15T05:45:46Z cache-tyo11974 MEWElogs[400146]: ROTATE, 1626327945450222269, TYO, 15
<134>2021-07-15T05:46:25Z cache-sea4483 MEWElogs[400146]: ROTATE, 1626327985522520166, SEA, 15
<134>2021-07-15T05:48:09Z cache-yyz4551 MEWElogs[400146]: ROTATE, 1626328089450542302, YYZ, 15
<134>2021-07-15T05:48:19Z cache-tyo11974 MEWElogs[400146]: ROTATE, 1626328097998885814, TYO, 15
<134>2021-07-15T05:48:46Z cache-tyo11974 MEWElogs[400146]: ROTATE, 1626328125535029245, TYO, 15
