<134>2021-07-15T06:23:44Z cache-bog6425 MEWElogs[318405]: UNSH, 1626330223522336181, BOG, 16
<134>2021-07-15T06:23:54Z cache-pdk17882 MEWElogs[318405]: UNSH, 1626330233884661693, PDK, 16
<134>2021-07-15T06:24:00Z cache-ord1740 MEWElogs[318405]: UNSH, 1626330239899586787, ORD, 16
<134>2021-07-15T06:24:02Z cache-dfw18678 MEWElogs[318405]: UNSH, 1626330241257943218, DFW, 16
<134>2021-07-15T06:24:03Z cache-pdk17882 MEWElogs[318405]: UNSH, 1626330243154128803, PDK, 16
<134>2021-07-15T06:24:40Z cache-mdw17383 MEWElogs[318405]: UNSH, 1626330279615758299, MDW, 16
<134>2021-07-15T06:25:57Z cache-mdw17383 MEWElogs[318405]: UNSH, 1626330356690388751, MDW, 16
<134>2021-07-15T06:26:08Z cache-wdc5583 MEWElogs[318405]: UNSH, 1626330368129323993, WDC, 16
<134>2021-07-15T06:26:08Z cache-chi21126 MEWElogs[318405]: UNSH, 1626330367631999329, CHI, 16
<134>2021-07-15T06:26:15Z cache-bos4657 MEWElogs[318405]: UNSH, 1626330375194893884, BOS, 16
<134>2021-07-15T06:26:20Z cache-fty21383 MEWElogs[318405]: UNSH, 1626330379459086477, FTY, 16
<134>2021-07-15T06:26:24Z cache-dfw18678 MEWElogs[318405]: UNSH, 1626330383864749547, DFW, 16
<134>2021-07-15T06:26:50Z cache-cph20625 MEWElogs[318405]: UNSH, 1626330409135151708, CPH, 16
<134>2021-07-15T06:27:53Z cache-akl10324 MEWElogs[318405]: UNSH, 1626330472854071035, AKL, 16
<134>2021-07-15T06:27:56Z cache-fty21383 MEWElogs[318405]: UNSH, 1626330475501064240, FTY, 16
<134>2021-07-15T06:28:22Z cache-fty21383 MEWElogs[318405]: UNSH, 1626330501816656598, FTY, 16
<134>2021-07-15T06:28:55Z cache-hhn4077 MEWElogs[318405]: UNSH, 1626330535518982554, HHN, 16
<134>2021-07-15T06:29:36Z cache-akl10324 MEWElogs[318405]: UNSH, 1626330575560407896, AKL, 16
<134>2021-07-15T06:29:41Z cache-bos4657 MEWElogs[318405]: UNSH, 1626330580476270281, BOS, 16
<134>2021-07-15T06:29:49Z cache-fty21383 MEWElogs[318405]: UNSH, 1626330588630838914, FTY, 16
<134>2021-07-15T06:30:06Z cache-dfw18678 MEWElogs[318405]: UNSH, 1626330605687483650, DFW, 16
<134>2021-07-15T06:30:07Z cache-bos4657 MEWElogs[318405]: UNSH, 1626330606986216144, BOS, 16
<134>2021-07-15T06:30:25Z cache-bos4657 MEWElogs[318405]: UNSH, 1626330624733080729, BOS, 16
<134>2021-07-15T06:30:35Z cache-pwk4920 MEWElogs[318405]: UNSH, 1626330633977221284, PWK, 16
<134>2021-07-15T06:30:45Z cache-hhn4077 MEWElogs[318405]: UNSH, 1626330644987053516, HHN, 16
<134>2021-07-15T06:31:21Z cache-pwk4920 MEWElogs[318405]: UNSH, 1626330680994862372, PWK, 16
<134>2021-07-15T06:31:50Z cache-chi21126 MEWElogs[318405]: UNSH, 1626330709375493980, CHI, 16
<134>2021-07-15T06:32:19Z cache-akl10324 MEWElogs[318405]: UNSH, 1626330739173092465, AKL, 16
<134>2021-07-15T06:32:34Z cache-fty21383 MEWElogs[318405]: UNSH, 1626330753643122304, FTY, 16
<134>2021-07-15T06:32:46Z cache-pwk4920 MEWElogs[318405]: UNSH, 1626330765689170248, PWK, 16
