<134>2021-07-15T04:17:38Z cache-pdk17882 MEWElogs[39982]: ROTATE, 1626322658605434813, PDK, 15
<134>2021-07-15T04:18:02Z cache-eze19324 MEWElogs[39982]: ROTATE, 1626322681482338928, EZE, 15
<134>2021-07-15T04:18:21Z cache-wdc5583 MEWElogs[39982]: ROTATE, 1626322700485003191, WDC, 15
<134>2021-07-15T04:18:25Z cache-pdk17882 MEWElogs[39982]: ROTATE, 1626322704838744019, PDK, 15
<134>2021-07-15T04:18:26Z cache-mdw17383 MEWElogs[39982]: ROTATE, 1626322705894921918, MDW, 15
<134>2021-07-15T04:18:28Z cache-ord1740 MEWElogs[39982]: ROTATE, 1626322707082369009, ORD, 15
<134>2021-07-15T04:18:36Z cache-mdw17383 MEWElogs[39982]: ROTATE, 1626322716473193102, MDW, 15
<134>2021-07-15T04:18:58Z cache-eze19324 MEWElogs[39982]: ROTATE, 1626322737957538827, EZE, 15
<134>2021-07-15T04:19:20Z cache-mdw17383 MEWElogs[39982]: ROTATE, 1626322759442042129, MDW, 15
<134>2021-07-15T04:19:25Z cache-bog6425 MEWElogs[39982]: ROTATE, 1626322764533290414, BOG, 15
<134>2021-07-15T04:19:31Z cache-eze19324 MEWElogs[39982]: ROTATE, 1626322771523133870, EZE, 15
<134>2021-07-15T04:19:58Z cache-pdk17882 MEWElogs[39982]: ROTATE, 1626322797332700150, PDK, 15
<134>2021-07-15T04:20:16Z cache-pdk17882 MEWElogs[39982]: ROTATE, 1626322815769403362, PDK, 15
<134>2021-07-15T04:20:44Z cache-bog6425 MEWElogs[39982]: ROTATE, 1626322844272633586, BOG, 15
<134>2021-07-15T04:20:55Z cache-dfw18678 MEWElogs[39982]: ROTATE, 1626322854794092966, DFW, 15
<134>2021-07-15T04:21:28Z cache-dca17782 MEWElogs[39982]: ROTATE, 1626322887120632430, DCA, 15
<134>2021-07-15T04:21:56Z cache-cph20625 MEWElogs[39982]: ROTATE, 1626322915725498058, CPH, 15
<134>2021-07-15T04:22:04Z cache-dfw18678 MEWElogs[39982]: ROTATE, 1626322923218720069, DFW, 15
<134>2021-07-15T04:23:25Z cache-cwb20520 MEWElogs[39982]: ROTATE, 1626323004221360950, CWB, 15
<134>2021-07-15T04:23:35Z cache-dfw18678 MEWElogs[39982]: ROTATE, 1626323014662195707, DFW, 15
<134>2021-07-15T04:24:04Z cache-fty21383 MEWElogs[39982]: ROTATE, 1626323043302653051, FTY, 15
<134>2021-07-15T04:24:40Z cache-chi21126 MEWElogs[39982]: ROTATE, 1626323079684368478, CHI, 15
<134>2021-07-15T04:25:19Z cache-akl10324 MEWElogs[39982]: ROTATE, 1626323119168908426, AKL, 15
<134>2021-07-15T04:25:24Z cache-dub4329 MEWElogs[39982]: ROTATE, 1626323123463067386, DUB, 15
<134>2021-07-15T04:25:25Z cache-cwb20520 MEWElogs[39982]: ROTATE, 1626323124099295739, CWB, 15
<134>2021-07-15T04:25:27Z cache-fty21383 MEWElogs[39982]: ROTATE, 1626323126802263021, FTY, 15
<134>2021-07-15T04:25:50Z cache-hhn4077 MEWElogs[39982]: ROTATE, 1626323149658573852, HHN, 15
<134>2021-07-15T04:25:57Z cache-bos4657 MEWElogs[39982]: ROTATE, 1626323156666219069, BOS, 15
<134>2021-07-15T04:26:52Z cache-fty21383 MEWElogs[39982]: ROTATE, 1626323211153117257, FTY, 15
<134>2021-07-15T04:27:00Z cache-fty21383 MEWElogs[39982]: ROTATE, 1626323219540163668, FTY, 15
