<134>2021-07-14T16:52:26Z cache-chi21126 MEWElogs[355776]: FLIPH, 1626281545882418038, CHI, 10
<134>2021-07-14T16:52:33Z cache-dfw18678 MEWElogs[355776]: FLIPH, 1626281552753483158, DFW, 10
<134>2021-07-14T16:52:41Z cache-dub4329 MEWElogs[355776]: FLIPH, 1626281560895332528, DUB, -1
<134>2021-07-14T16:52:45Z cache-hhn4077 MEWElogs[355776]: FLIPH, 1626281564368751521, HHN, 10
<134>2021-07-14T16:53:02Z cache-akl10324 MEWElogs[355776]: FLIPH, 1626281581373101803, AKL, 10
<134>2021-07-14T16:53:06Z cache-pwk4920 MEWElogs[355776]: FLIPH, 1626281586550719228, PWK, -1
<134>2021-07-14T16:53:10Z cache-pwk4920 MEWElogs[355776]: FLIPH, 1626281589891199710, PWK, 10
<134>2021-07-14T16:53:11Z cache-bos4657 MEWElogs[355776]: FLIPH, 1626281590995518165, BOS, 10
<134>2021-07-14T16:53:14Z cache-cph20625 MEWElogs[355776]: FLIPH, 1626281593512900053, CPH, -1
<134>2021-07-14T16:53:14Z cache-chi21126 MEWElogs[355776]: FLIPH, 1626281593546733422, CHI, 10
<134>2021-07-14T16:53:17Z cache-fty21383 MEWElogs[355776]: FLIPH, 1626281596840608485, FTY, 10
<134>2021-07-14T16:53:18Z cache-hhn4077 MEWElogs[355776]: FLIPH, 1626281598304120989, HHN, 10
<134>2021-07-14T16:53:26Z cache-bos4657 MEWElogs[355776]: FLIPH, 1626281606153369044, BOS, -1
<134>2021-07-14T16:53:27Z cache-dfw18678 MEWElogs[355776]: FLIPH, 1626281606230642627, DFW, -1
<134>2021-07-14T16:53:30Z cache-akl10324 MEWElogs[355776]: FLIPH, 1626281609167972488, AKL, -1
<134>2021-07-14T16:53:47Z cache-bos4657 MEWElogs[355776]: FLIPH, 1626281627234478085, BOS, 10
<134>2021-07-14T16:53:54Z cache-hhn4077 MEWElogs[355776]: FLIPH, 1626281633972638928, HHN, 10
<134>2021-07-14T16:54:14Z cache-cph20625 MEWElogs[355776]: FLIPH, 1626281653712193899, CPH, 10
<134>2021-07-14T16:54:32Z cache-fty21383 MEWElogs[355776]: FLIPH, 1626281671464126032, FTY, 10
<134>2021-07-14T16:54:32Z cache-dfw18678 MEWElogs[355776]: FLIPH, 1626281672665749263, DFW, -1
<134>2021-07-14T16:54:38Z cache-bos4657 MEWElogs[355776]: FLIPH, 1626281678308314007, BOS, -1
<134>2021-07-14T16:54:47Z cache-bos4657 MEWElogs[355776]: FLIPH, 1626281687503682412, BOS, -1
<134>2021-07-14T16:54:52Z cache-hhn4077 MEWElogs[355776]: FLIPH, 1626281691322433531, HHN, 10
<134>2021-07-14T16:55:01Z cache-akl10324 MEWElogs[355776]: FLIPH, 1626281700089079658, AKL, -1
<134>2021-07-14T16:55:21Z cache-cph20625 MEWElogs[355776]: FLIPH, 1626281720735975348, CPH, 10
<134>2021-07-14T16:55:23Z cache-akl10324 MEWElogs[355776]: FLIPH, 1626281722759134032, AKL, 10
<134>2021-07-14T16:55:31Z cache-dfw18678 MEWElogs[355776]: FLIPH, 1626281730345369281, DFW, 10
<134>2021-07-14T16:55:31Z cache-akl10324 MEWElogs[355776]: FLIPH, 1626281730573685834, AKL, -1
<134>2021-07-14T16:55:34Z cache-akl10324 MEWElogs[355776]: FLIPH, 1626281733223426917, AKL, 10
<134>2021-07-14T16:55:36Z cache-pwk4920 MEWElogs[355776]: FLIPH, 1626281735954095820, PWK, -1
<134>2021-07-14T16:55:37Z cache-bos4657 MEWElogs[355776]: FLIPH, 1626281736752537407, BOS, 10
<134>2021-07-14T16:55:41Z cache-dfw18678 MEWElogs[355776]: FLIPH, 1626281740762288573, DFW, 10
<134>2021-07-14T16:55:53Z cache-cph20625 MEWElogs[355776]: FLIPH, 1626281753471458973, CPH, 10
<134>2021-07-14T16:55:56Z cache-del21735 MEWElogs[355776]: FLIPH, 1626281754849824068, DEL, -1
<134>2021-07-14T16:56:03Z cache-chi21126 MEWElogs[355776]: FLIPH, 1626281762738420434, CHI, 10
<134>2021-07-14T16:56:18Z cache-dub4329 MEWElogs[355776]: FLIPH, 1626281777100468837, DUB, 10
<134>2021-07-14T16:56:38Z cache-dub4329 MEWElogs[355776]: FLIPH, 1626281798130508348, DUB, -1
<134>2021-07-14T16:56:56Z cache-cph20625 MEWElogs[355776]: FLIPH, 1626281816006150602, CPH, -1
<134>2021-07-14T16:57:14Z cache-hel6829 MEWElogs[355776]: FLIPH, 1626281833377925192, HEL, -1
<134>2021-07-14T16:57:33Z cache-del21735 MEWElogs[355776]: FLIPH, 1626281852590486044, DEL, 10
<134>2021-07-14T16:57:38Z cache-hhn4077 MEWElogs[355776]: FLIPH, 1626281858482066606, HHN, 10
<134>2021-07-14T16:57:44Z cache-del21735 MEWElogs[355776]: FLIPH, 1626281863078741894, DEL, 10
<134>2021-07-14T16:58:13Z cache-akl10324 MEWElogs[355776]: FLIPH, 1626281892577111109, AKL, -1
<134>2021-07-14T16:58:26Z cache-pwk4920 MEWElogs[355776]: FLIPH, 1626281905342402775, PWK, -1
<134>2021-07-14T16:58:39Z cache-fra19177 MEWElogs[355776]: FLIPH, 1626281918282913963, FRA, -1
<134>2021-07-14T16:58:46Z cache-akl10324 MEWElogs[355776]: FLIPH, 1626281925445864314, AKL, 10
<134>2021-07-14T16:58:49Z cache-jnb7027 MEWElogs[355776]: FLIPH, 1626281928850172942, JNB, 10
<134>2021-07-14T16:59:03Z cache-iah17271 MEWElogs[355776]: FLIPH, 1626281943036310492, IAH, 10
<134>2021-07-14T16:59:09Z cache-dfw18678 MEWElogs[355776]: FLIPH, 1626281948178709011, DFW, 10
<134>2021-07-14T16:59:09Z cache-pwk4920 MEWElogs[355776]: FLIPH, 1626281948596009708, PWK, 10
<134>2021-07-14T16:59:15Z cache-cph20625 MEWElogs[355776]: FLIPH, 1626281954191374657, CPH, 10
<134>2021-07-14T16:59:20Z cache-hel6829 MEWElogs[355776]: FLIPH, 1626281960299570226, HEL, -1
<134>2021-07-14T16:59:26Z cache-fra19177 MEWElogs[355776]: FLIPH, 1626281966062857908, FRA, 10
<134>2021-07-14T16:59:32Z cache-del21735 MEWElogs[355776]: FLIPH, 1626281972057063709, DEL, 10
<134>2021-07-14T16:59:34Z cache-hel6829 MEWElogs[355776]: FLIPH, 1626281973867910966, HEL, 10
<134>2021-07-14T16:59:49Z cache-del21735 MEWElogs[355776]: FLIPH, 1626281988477456576, DEL, -1
<134>2021-07-14T16:59:51Z cache-dfw18678 MEWElogs[355776]: FLIPH, 1626281991361700252, DFW, 10
<134>2021-07-14T16:59:55Z cache-pwk4920 MEWElogs[355776]: FLIPH, 1626281995288755481, PWK, -1
<134>2021-07-14T17:00:07Z cache-jnb7027 MEWElogs[355776]: FLIPH, 1626282006760031882, JNB, 10
<134>2021-07-14T17:00:14Z cache-del21735 MEWElogs[355776]: FLIPH, 1626282013265413600, DEL, 10
<134>2021-07-14T17:00:14Z cache-jnb7027 MEWElogs[355776]: FLIPH, 1626282013894078840, JNB, -1
<134>2021-07-14T17:00:15Z cache-cwb20520 MEWElogs[355776]: FLIPH, 1626282014514421139, CWB, -1
<134>2021-07-14T17:00:26Z cache-pwk4920 MEWElogs[355776]: FLIPH, 1626282025190713673, PWK, -1
<134>2021-07-14T17:00:33Z cache-iah17271 MEWElogs[355776]: FLIPH, 1626282032710825876, IAH, 10
<134>2021-07-14T17:00:38Z cache-hhn4077 MEWElogs[355776]: FLIPH, 1626282038346707778, HHN, -1
<134>2021-07-14T17:00:43Z cache-hel6829 MEWElogs[355776]: FLIPH, 1626282042849985181, HEL, 10
<134>2021-07-14T17:00:44Z cache-jnb7027 MEWElogs[355776]: FLIPH, 1626282043676118688, JNB, -1
<134>2021-07-14T17:00:46Z cache-pwk4920 MEWElogs[355776]: FLIPH, 1626282045434994084, PWK, -1
<134>2021-07-14T17:00:48Z cache-dfw18678 MEWElogs[355776]: FLIPH, 1626282047460601519, DFW, 10
<134>2021-07-14T17:00:54Z cache-jnb7027 MEWElogs[355776]: FLIPH, 1626282053576205607, JNB, -1
<134>2021-07-14T17:01:14Z cache-jnb7027 MEWElogs[355776]: FLIPH, 1626282073163435527, JNB, -1
<134>2021-07-14T17:01:28Z cache-dfw18678 MEWElogs[355776]: FLIPH, 1626282088217067934, DFW, -1
<134>2021-07-14T17:01:42Z cache-fra19177 MEWElogs[355776]: FLIPH, 1626282101453659856, FRA, 10
<134>2021-07-14T17:01:42Z cache-hel6829 MEWElogs[355776]: FLIPH, 1626282101523597891, HEL, 10
<134>2021-07-14T17:01:43Z cache-cwb20520 MEWElogs[355776]: FLIPH, 1626282102392906046, CWB, -1
<134>2021-07-14T17:01:49Z cache-den8274 MEWElogs[355776]: FLIPH, 1626282107976565062, DEN, 10
<134>2021-07-14T17:02:12Z cache-den8274 MEWElogs[355776]: FLIPH, 1626282131982967549, DEN, -1
<134>2021-07-14T17:02:13Z cache-iah17271 MEWElogs[355776]: FLIPH, 1626282132907232140, IAH, 10
