<134>2021-07-15T07:33:08Z cache-jax20933 MEWElogs[322581]: UNSH, 1626334388047538629, JAX, 16
<134>2021-07-15T07:34:25Z cache-osl6529 MEWElogs[322581]: UNSH, 1626334464096825084, OSL, 16
<134>2021-07-15T07:35:29Z cache-cdg20720 MEWElogs[322581]: UNSH, 1626334528440686602, CDG, 16
<134>2021-07-15T07:35:43Z cache-lax10677 MEWElogs[322581]: UNSH, 1626334542716887215, LGB, 16
<134>2021-07-15T07:35:54Z cache-mel11272 MEWElogs[322581]: UNSH, 1626334554237348224, MEL, 16
<134>2021-07-15T07:36:11Z cache-osl6529 MEWElogs[322581]: UNSH, 1626334571606640406, OSL, 16
<134>2021-07-15T07:36:21Z cache-osl6529 MEWElogs[322581]: UNSH, 1626334580376305361, OSL, 16
<134>2021-07-15T07:37:15Z cache-cdg20720 MEWElogs[322581]: UNSH, 1626334634299634324, CDG, 16
<134>2021-07-15T07:37:56Z cache-bom4751 MEWElogs[322581]: UNSH, 1626334675373557232, BOM, 16
<134>2021-07-15T07:38:01Z cache-mel11272 MEWElogs[322581]: UNSH, 1626334680061819289, MEL, 16
<134>2021-07-15T07:38:44Z cache-mel11272 MEWElogs[322581]: UNSH, 1626334724436211801, MEL, 16
<134>2021-07-15T07:38:53Z cache-lga21983 MEWElogs[322581]: UNSH, 1626334732730408276, LGA, 16
<134>2021-07-15T07:39:12Z cache-jax20933 MEWElogs[322581]: UNSH, 1626334751915241274, JAX, 16
<134>2021-07-15T07:39:51Z cache-lhr7382 MEWElogs[322581]: UNSH, 1626334790919087107, LHR, 16
<134>2021-07-15T07:39:59Z cache-osl6529 MEWElogs[322581]: UNSH, 1626334798249814000, OSL, 16
<134>2021-07-15T07:41:51Z cache-cdg20720 MEWElogs[322581]: UNSH, 1626334910334583652, CDG, 16
<134>2021-07-15T07:42:19Z cache-lax10677 MEWElogs[322581]: UNSH, 1626334938490530692, LGB, 16
<134>2021-07-15T07:42:22Z cache-mel11272 MEWElogs[322581]: UNSH, 1626334942437368112, MEL, 16
<134>2021-07-15T07:42:35Z cache-lga21983 MEWElogs[322581]: UNSH, 1626334954103727901, LGA, 16
<134>2021-07-15T07:43:03Z cache-lga21983 MEWElogs[322581]: UNSH, 1626334982698997259, LGA, 16
