<134>2021-07-15T06:51:35Z cache-mrs10583 MEWElogs[322023]: UNSH, 1626331894458308484, MRS, 16
<134>2021-07-15T06:51:45Z cache-lcy19283 MEWElogs[322023]: UNSH, 1626331905833881512, LCY, 16
<134>2021-07-15T06:52:00Z cache-iah17271 MEWElogs[322023]: UNSH, 1626331919688155321, IAH, 16
<134>2021-07-15T06:52:10Z cache-mad22068 MEWElogs[322023]: UNSH, 1626331930212280506, MAD, 16
<134>2021-07-15T06:52:26Z cache-hel6829 MEWElogs[322023]: UNSH, 1626331945491153507, HEL, 16
<134>2021-07-15T06:52:38Z cache-mad22068 MEWElogs[322023]: UNSH, 1626331957626398881, MAD, 16
<134>2021-07-15T06:53:03Z cache-lcy19283 MEWElogs[322023]: UNSH, 1626331982221088897, LCY, 16
<134>2021-07-15T06:53:06Z cache-hel6829 MEWElogs[322023]: UNSH, 1626331986369584162, HEL, 16
<134>2021-07-15T06:53:30Z cache-fra19177 MEWElogs[322023]: UNSH, 1626332009148317258, FRA, 16
<134>2021-07-15T06:54:14Z cache-mrs10583 MEWElogs[322023]: UNSH, 1626332053471269667, MRS, 16
<134>2021-07-15T06:54:14Z cache-jnb7027 MEWElogs[322023]: UNSH, 1626332053656145941, JNB, 16
<134>2021-07-15T06:54:22Z cache-lon4249 MEWElogs[322023]: UNSH, 1626332061462492750, LON, 16
<134>2021-07-15T06:54:22Z cache-iah17271 MEWElogs[322023]: UNSH, 1626332061654122524, IAH, 16
<134>2021-07-15T06:54:25Z cache-jnb7027 MEWElogs[322023]: UNSH, 1626332064740998889, JNB, 16
<134>2021-07-15T06:55:22Z cache-mrs10583 MEWElogs[322023]: UNSH, 1626332121879856498, MRS, 16
<134>2021-07-15T06:56:16Z cache-iah17271 MEWElogs[322023]: UNSH, 1626332175594470755, IAH, 16
<134>2021-07-15T06:56:50Z cache-iah17271 MEWElogs[322023]: UNSH, 1626332209956506478, IAH, 16
<134>2021-07-15T06:58:13Z cache-mia11368 MEWElogs[322023]: UNSH, 1626332292643612966, MIA, 16
<134>2021-07-15T06:58:14Z cache-mad22068 MEWElogs[322023]: UNSH, 1626332293463485301, MAD, 16
<134>2021-07-15T06:58:41Z cache-mad22068 MEWElogs[322023]: UNSH, 1626332321057955677, MAD, 16
