<134>2021-07-14T18:02:34Z cache-tyo11974 MEWElogs[503012]: FLIPH, 1626285753502950060, TYO, 10
<134>2021-07-14T18:02:36Z cache-hnd18722 MEWElogs[503012]: FLIPH, 1626285755815374733, HND, 10
<134>2021-07-14T18:02:41Z cache-sjc10078 MEWElogs[503012]: FLIPH, 1626285761331989632, SJC, -1
<134>2021-07-14T18:02:43Z cache-sea4483 MEWElogs[503012]: FLIPH, 1626285762214703212, SEA, 10
<134>2021-07-14T18:02:46Z cache-pao17461 MEWElogs[503012]: FLIPH, 1626285765735812947, PAO, -1
<134>2021-07-14T18:02:53Z cache-sea4483 MEWElogs[503012]: FLIPH, 1626285772975005631, SEA, 10
<134>2021-07-14T18:02:54Z cache-cgh11183 MEWElogs[503012]: FLIPH, 1626285773915422648, CGH, 10
<134>2021-07-14T18:02:57Z cache-pao17461 MEWElogs[503012]: FLIPH, 1626285776448243072, PAO, -1
<134>2021-07-14T18:03:15Z cache-sjc10078 MEWElogs[503012]: FLIPH, 1626285794448651551, SJC, 10
<134>2021-07-14T18:04:10Z cache-pao17461 MEWElogs[503012]: FLIPH, 1626285849430574404, PAO, -1
<134>2021-07-14T18:04:33Z cache-sea4483 MEWElogs[503012]: FLIPH, 1626285872456198595, SEA, 10
<134>2021-07-14T18:04:57Z cache-cgh11183 MEWElogs[503012]: FLIPH, 1626285896899194925, CGH, 10
<134>2021-07-14T18:05:06Z cache-cgh11122 MEWElogs[503012]: FLIPH, 1626285905627598191, CGH, -1
<134>2021-07-14T18:05:08Z cache-yyz4551 MEWElogs[503012]: FLIPH, 1626285908200937576, YYZ, -1
<134>2021-07-14T18:05:16Z cache-sea4483 MEWElogs[503012]: FLIPH, 1626285916116904951, SEA, 10
<134>2021-07-14T18:05:30Z cache-yyz4551 MEWElogs[503012]: FLIPH, 1626285929356674856, YYZ, 10
<134>2021-07-14T18:05:47Z cache-tyo11974 MEWElogs[503012]: FLIPH, 1626285946228897346, TYO, 10
<134>2021-07-14T18:05:59Z cache-sjc10078 MEWElogs[503012]: FLIPH, 1626285959004265897, SJC, 10
<134>2021-07-14T18:06:05Z cache-tyo11974 MEWElogs[503012]: FLIPH, 1626285964716466696, TYO, 10
<134>2021-07-14T18:06:24Z cache-yyz4551 MEWElogs[503012]: FLIPH, 1626285983780120224, YYZ, 10
<134>2021-07-14T18:06:36Z cache-cgh11183 MEWElogs[503012]: FLIPH, 1626285995912045091, CGH, -1
<134>2021-07-14T18:06:43Z cache-yyz4551 MEWElogs[503012]: FLIPH, 1626286002092282881, YYZ, 10
<134>2021-07-14T18:06:45Z cache-sea4483 MEWElogs[503012]: FLIPH, 1626286004321493145, SEA, 10
<134>2021-07-14T18:06:55Z cache-bma1628 MEWElogs[503012]: FLIPH, 1626286014532637130, BMA, 10
<134>2021-07-14T18:07:05Z cache-bma1628 MEWElogs[503012]: FLIPH, 1626286024103305301, BMA, 10
<134>2021-07-14T18:07:07Z cache-vie21629 MEWElogs[503012]: FLIPH, 1626286026437170482, VIE, -1
<134>2021-07-14T18:07:13Z cache-vie21629 MEWElogs[503012]: FLIPH, 1626286032713558906, VIE, 10
<134>2021-07-14T18:07:21Z cache-sjc10078 MEWElogs[503012]: FLIPH, 1626286041267422855, SJC, 10
<134>2021-07-14T18:07:52Z cache-sjc10078 MEWElogs[503012]: FLIPH, 1626286071953789220, SJC, 10
<134>2021-07-14T18:08:53Z cache-vie21629 MEWElogs[503012]: FLIPH, 1626286132309766129, VIE, -1
<134>2021-07-14T18:09:02Z cache-cgh11183 MEWElogs[503012]: FLIPH, 1626286141681494016, CGH, 10
<134>2021-07-14T18:09:05Z cache-sea4483 MEWElogs[503012]: FLIPH, 1626286145111552539, SEA, 10
<134>2021-07-14T18:09:11Z cache-bma1628 MEWElogs[503012]: FLIPH, 1626286150252965939, BMA, -1
<134>2021-07-14T18:09:12Z cache-cgh11183 MEWElogs[503012]: FLIPH, 1626286152013341336, CGH, 10
<134>2021-07-14T18:09:23Z cache-cgh11183 MEWElogs[503012]: FLIPH, 1626286162427527866, CGH, 10
<134>2021-07-14T18:09:25Z cache-sjc10078 MEWElogs[503012]: FLIPH, 1626286164859518914, SJC, 10
<134>2021-07-14T18:09:53Z cache-vie21629 MEWElogs[503012]: FLIPH, 1626286192465783474, VIE, -1
<134>2021-07-14T18:09:53Z cache-yyz4551 MEWElogs[503012]: FLIPH, 1626286193734254189, YYZ, 10
<134>2021-07-14T18:09:59Z cache-vie21629 MEWElogs[503012]: FLIPH, 1626286198749502056, VIE, 10
<134>2021-07-14T18:10:01Z cache-sea4483 MEWElogs[503012]: FLIPH, 1626286200802993879, SEA, 10
<134>2021-07-14T18:10:16Z cache-cgh11183 MEWElogs[503012]: FLIPH, 1626286215702783104, CGH, 10
<134>2021-07-14T18:10:38Z cache-vie21629 MEWElogs[503012]: FLIPH, 1626286237806681189, VIE, -1
<134>2021-07-14T18:10:45Z cache-sjc10078 MEWElogs[503012]: FLIPH, 1626286244760302664, SJC, -1
<134>2021-07-14T18:11:07Z cache-sea4483 MEWElogs[503012]: FLIPH, 1626286267327821154, SEA, 10
<134>2021-07-14T18:11:16Z cache-sea4483 MEWElogs[503012]: FLIPH, 1626286274990907163, SEA, -1
<134>2021-07-14T18:11:32Z cache-yyz4551 MEWElogs[503012]: FLIPH, 1626286292302539053, YYZ, -1
<134>2021-07-14T18:11:38Z cache-sea4483 MEWElogs[503012]: FLIPH, 1626286297258607063, SEA, -1
<134>2021-07-14T18:11:44Z cache-yyz4551 MEWElogs[503012]: FLIPH, 1626286304397723056, YYZ, 10
