<134>2021-07-15T02:22:17Z cache-cgh11183 MEWElogs[369035]: GRAY, 1626315737419150258, CGH, 13
<134>2021-07-15T02:22:22Z cache-itm18851 MEWElogs[369035]: GRAY, 1626315741124374621, ITM, 13
<134>2021-07-15T02:22:31Z cache-sea4483 MEWElogs[369035]: GRAY, 1626315750838660209, SEA, 13
<134>2021-07-15T02:22:32Z cache-yyz4551 MEWElogs[369035]: GRAY, 1626315752004377978, YYZ, 13
<134>2021-07-15T02:22:34Z cache-sjc10078 MEWElogs[369035]: GRAY, 1626315754438464921, SJC, 13
<134>2021-07-15T02:22:39Z cache-sea4483 MEWElogs[369035]: GRAY, 1626315758889338561, SEA, 13
<134>2021-07-15T02:22:45Z cache-yyz4551 MEWElogs[369035]: GRAY, 1626315764553721232, YYZ, 13
<134>2021-07-15T02:22:55Z cache-sea4483 MEWElogs[369035]: GRAY, 1626315774983149898, SEA, 13
<134>2021-07-15T02:23:00Z cache-tyo11974 MEWElogs[369035]: GRAY, 1626315779899792545, TYO, 13
<134>2021-07-15T02:23:25Z cache-sjc10078 MEWElogs[369035]: GRAY, 1626315804810481234, SJC, 13
<134>2021-07-15T02:23:37Z cache-itm18851 MEWElogs[369035]: GRAY, 1626315816553264592, ITM, 13
<134>2021-07-15T02:23:48Z cache-cgh11183 MEWElogs[369035]: GRAY, 1626315827529958761, CGH, 13
<134>2021-07-15T02:24:02Z cache-cgh11183 MEWElogs[369035]: GRAY, 1626315841837528901, CGH, 13
<134>2021-07-15T02:24:04Z cache-tyo11974 MEWElogs[369035]: GRAY, 1626315843191300666, TYO, 13
<134>2021-07-15T02:24:07Z cache-sjc10078 MEWElogs[369035]: GRAY, 1626315847750683403, SJC, 13
<134>2021-07-15T02:24:07Z cache-sea4483 MEWElogs[369035]: GRAY, 1626315846904199368, SEA, 13
<134>2021-07-15T02:24:26Z cache-vie21629 MEWElogs[369035]: GRAY, 1626315865269843467, VIE, 13
<134>2021-07-15T02:24:30Z cache-sjc10078 MEWElogs[369035]: GRAY, 1626315869556089144, SJC, 13
<134>2021-07-15T02:24:36Z cache-vie21629 MEWElogs[369035]: GRAY, 1626315875373145253, VIE, 13
<134>2021-07-15T02:24:38Z cache-bma1628 MEWElogs[369035]: GRAY, 1626315877304570353, BMA, 13
<134>2021-07-15T02:25:10Z cache-bma1628 MEWElogs[369035]: GRAY, 1626315909463525606, BMA, 13
<134>2021-07-15T02:26:13Z cache-cgh11183 MEWElogs[369035]: GRAY, 1626315972725671053, CGH, 13
<134>2021-07-15T02:26:30Z cache-sea4483 MEWElogs[369035]: GRAY, 1626315990277586882, SEA, 13
<134>2021-07-15T02:26:38Z cache-sea4483 MEWElogs[369035]: GRAY, 1626315997860561737, SEA, 13
<134>2021-07-15T02:27:10Z cache-yyz4551 MEWElogs[369035]: GRAY, 1626316029546520081, YYZ, 13
<134>2021-07-15T02:27:14Z cache-cgh11183 MEWElogs[369035]: GRAY, 1626316033962059247, CGH, 13
<134>2021-07-15T02:27:48Z cache-bma1628 MEWElogs[369035]: GRAY, 1626316068796532776, BMA, 13
<134>2021-07-15T02:27:50Z cache-sea4483 MEWElogs[369035]: GRAY, 1626316069918392067, SEA, 13
<134>2021-07-15T02:27:59Z cache-sjc10078 MEWElogs[369035]: GRAY, 1626316078293799826, SJC, 13
<134>2021-07-15T02:28:00Z cache-yyz4551 MEWElogs[369035]: GRAY, 1626316079926465540, YYZ, 13
<134>2021-07-15T02:28:18Z cache-tyo11974 MEWElogs[369035]: GRAY, 1626316097659961281, TYO, 13
<134>2021-07-15T02:28:19Z cache-sjc10078 MEWElogs[369035]: GRAY, 1626316098690093014, SJC, 13
<134>2021-07-15T02:28:45Z cache-sea4483 MEWElogs[369035]: GRAY, 1626316124757169379, SEA, 13
<134>2021-07-15T02:28:48Z cache-sjc10078 MEWElogs[369035]: GRAY, 1626316127470547884, SJC, 13
<134>2021-07-15T02:29:08Z cache-tyo11974 MEWElogs[369035]: GRAY, 1626316147879882574, TYO, 13
<134>2021-07-15T02:29:16Z cache-yyz4551 MEWElogs[369035]: GRAY, 1626316155861976277, YYZ, 13
<134>2021-07-15T02:29:39Z cache-vie21629 MEWElogs[369035]: GRAY, 1626316178049300533, VIE, 13
<134>2021-07-15T02:29:41Z cache-tyo11974 MEWElogs[369035]: GRAY, 1626316180491430158, TYO, 13
<134>2021-07-15T02:29:48Z cache-yyz4551 MEWElogs[369035]: GRAY, 1626316187445674850, YYZ, 13
<134>2021-07-15T02:29:59Z cache-vie21629 MEWElogs[369035]: GRAY, 1626316198072955349, VIE, 13
<134>2021-07-15T02:30:58Z cache-tyo11974 MEWElogs[369035]: GRAY, 1626316257552546520, TYO, 13
<134>2021-07-15T02:31:04Z cache-tyo11974 MEWElogs[369035]: GRAY, 1626316263800235535, TYO, 13
<134>2021-07-15T02:31:17Z cache-yyz4551 MEWElogs[369035]: GRAY, 1626316276315009043, YYZ, 13
<134>2021-07-15T02:31:17Z cache-tyo11974 MEWElogs[369035]: GRAY, 1626316276496525574, TYO, 13
