<134>2021-07-15T01:02:50Z cache-sea4483 MEWElogs[320228]: CROP, 1626310970299549111, SEA, 12
<134>2021-07-15T01:02:59Z cache-hnd18722 MEWElogs[320228]: CROP, 1626310978740773373, HND, 12
<134>2021-07-15T01:03:04Z cache-cgh11122 MEWElogs[320228]: CROP, 1626310982954282152, CGH, 12
<134>2021-07-15T01:03:11Z cache-bma1628 MEWElogs[320228]: CROP, 1626310990768171532, BMA, 12
<134>2021-07-15T01:03:17Z cache-bma1628 MEWElogs[320228]: CROP, 1626310996738403234, BMA, 12
<134>2021-07-15T01:03:20Z cache-itm18851 MEWElogs[320228]: CROP, 1626310999889847965, ITM, 12
<134>2021-07-15T01:03:29Z cache-bma1628 MEWElogs[320228]: CROP, 1626311008643430434, BMA, 12
<134>2021-07-15T01:03:55Z cache-sjc10078 MEWElogs[320228]: CROP, 1626311035324034325, SJC, 12
<134>2021-07-15T01:04:05Z cache-cgh11122 MEWElogs[320228]: CROP, 1626311045037320894, CGH, 12
<134>2021-07-15T01:04:09Z cache-itm18851 MEWElogs[320228]: CROP, 1626311048990248488, ITM, 12
<134>2021-07-15T01:04:26Z cache-sjc10078 MEWElogs[320228]: CROP, 1626311065725537253, SJC, 12
<134>2021-07-15T01:04:36Z cache-pao17461 MEWElogs[320228]: CROP, 1626311076338737873, PAO, 12
<134>2021-07-15T01:04:44Z cache-sjc10078 MEWElogs[320228]: CROP, 1626311083544730149, SJC, 12
<134>2021-07-15T01:04:49Z cache-bma1628 MEWElogs[320228]: CROP, 1626311088460012516, BMA, 12
<134>2021-07-15T01:05:10Z cache-sjc10078 MEWElogs[320228]: CROP, 1626311109763168141, SJC, 12
<134>2021-07-15T01:05:10Z cache-bma1628 MEWElogs[320228]: CROP, 1626311109285179945, BMA, 12
<134>2021-07-15T01:05:13Z cache-cgh11183 MEWElogs[320228]: CROP, 1626311112018846752, CGH, 12
<134>2021-07-15T01:05:48Z cache-cgh11183 MEWElogs[320228]: CROP, 1626311147432164902, CGH, 12
<134>2021-07-15T01:06:01Z cache-itm18851 MEWElogs[320228]: CROP, 1626311161251535279, ITM, 12
<134>2021-07-15T01:06:15Z cache-sjc10078 MEWElogs[320228]: CROP, 1626311174336800234, SJC, 12
<134>2021-07-15T01:06:46Z cache-itm18851 MEWElogs[320228]: CROP, 1626311205694668337, ITM, 12
<134>2021-07-15T01:06:53Z cache-tyo11974 MEWElogs[320228]: CROP, 1626311212043590584, TYO, 12
<134>2021-07-15T01:06:55Z cache-sea4483 MEWElogs[320228]: CROP, 1626311214910590445, SEA, 12
<134>2021-07-15T01:06:59Z cache-sea4483 MEWElogs[320228]: CROP, 1626311219447290877, SEA, 12
<134>2021-07-15T01:07:35Z cache-cgh11183 MEWElogs[320228]: CROP, 1626311254274585342, CGH, 12
<134>2021-07-15T01:07:36Z cache-yyz4551 MEWElogs[320228]: CROP, 1626311256691702597, YYZ, 12
<134>2021-07-15T01:07:41Z cache-yyz4551 MEWElogs[320228]: CROP, 1626311260552229754, YYZ, 12
<134>2021-07-15T01:07:56Z cache-yyz4551 MEWElogs[320228]: CROP, 1626311275764800339, YYZ, 12
<134>2021-07-15T01:09:31Z cache-yyz4551 MEWElogs[320228]: CROP, 1626311371594598246, YYZ, 12
<134>2021-07-15T01:09:48Z cache-cgh11183 MEWElogs[320228]: CROP, 1626311387470439671, CGH, 12
<134>2021-07-15T01:09:57Z cache-sjc10078 MEWElogs[320228]: CROP, 1626311396703204768, SJC, 12
<134>2021-07-15T01:10:31Z cache-sjc10078 MEWElogs[320228]: CROP, 1626311431228661163, SJC, 12
<134>2021-07-15T01:10:40Z cache-sjc10078 MEWElogs[320228]: CROP, 1626311440129545027, SJC, 12
<134>2021-07-15T01:10:49Z cache-tyo11974 MEWElogs[320228]: CROP, 1626311448210086471, TYO, 12
<134>2021-07-15T01:11:12Z cache-yyz4551 MEWElogs[320228]: CROP, 1626311471804250791, YYZ, 12
<134>2021-07-15T01:11:28Z cache-yyz4551 MEWElogs[320228]: CROP, 1626311487565892619, YYZ, 12
<134>2021-07-15T01:11:35Z cache-cgh11183 MEWElogs[320228]: CROP, 1626311495566742646, CGH, 12
