<134>2021-07-15T01:31:50Z cache-wdc5583 MEWElogs[412844]: GRAY, 1626312710002144638, WDC, 13
<134>2021-07-15T01:32:02Z cache-chi21126 MEWElogs[412844]: GRAY, 1626312721597599819, CHI, 13
<134>2021-07-15T01:32:06Z cache-cph20625 MEWElogs[412844]: GRAY, 1626312725127926774, CPH, 13
<134>2021-07-15T01:32:12Z cache-cph20625 MEWElogs[412844]: GRAY, 1626312731436207688, CPH, 13
<134>2021-07-15T01:32:12Z cache-akl10324 MEWElogs[412844]: GRAY, 1626312731495293940, AKL, 13
<134>2021-07-15T01:32:15Z cache-chi21126 MEWElogs[412844]: GRAY, 1626312735103254354, CHI, 13
<134>2021-07-15T01:32:30Z cache-eze19324 MEWElogs[412844]: GRAY, 1626312749721084143, EZE, 13
<134>2021-07-15T01:32:48Z cache-dfw18678 MEWElogs[412844]: GRAY, 1626312767808102275, DFW, 13
<134>2021-07-15T01:32:51Z cache-cmh21547 MEWElogs[412844]: GRAY, 1626312771245079860, CMH, 13
<134>2021-07-15T01:32:54Z cache-akl10324 MEWElogs[412844]: GRAY, 1626312773551216669, AKL, 13
<134>2021-07-15T01:32:58Z cache-fty21383 MEWElogs[412844]: GRAY, 1626312777282605869, FTY, 13
<134>2021-07-15T01:33:17Z cache-wdc5583 MEWElogs[412844]: GRAY, 1626312796401852690, WDC, 13
<134>2021-07-15T01:33:54Z cache-bos4657 MEWElogs[412844]: GRAY, 1626312834333239775, BOS, 13
<134>2021-07-15T01:34:18Z cache-chi21126 MEWElogs[412844]: GRAY, 1626312857557938215, CHI, 13
<134>2021-07-15T01:34:23Z cache-eze19324 MEWElogs[412844]: GRAY, 1626312862747609190, EZE, 13
<134>2021-07-15T01:34:33Z cache-del21735 MEWElogs[412844]: GRAY, 1626312871906120815, DEL, 13
<134>2021-07-15T01:34:49Z cache-pwk4920 MEWElogs[412844]: GRAY, 1626312888266174814, PWK, 13
<134>2021-07-15T01:34:58Z cache-chi21126 MEWElogs[412844]: GRAY, 1626312898215508586, CHI, 13
<134>2021-07-15T01:35:01Z cache-fra19177 MEWElogs[412844]: GRAY, 1626312900677854905, FRA, 13
<134>2021-07-15T01:35:02Z cache-akl10324 MEWElogs[412844]: GRAY, 1626312901434215624, AKL, 13
<134>2021-07-15T01:35:19Z cache-chi21126 MEWElogs[412844]: GRAY, 1626312918799683106, CHI, 13
<134>2021-07-15T01:35:30Z cache-akl10324 MEWElogs[412844]: GRAY, 1626312929779910696, AKL, 13
<134>2021-07-15T01:35:40Z cache-pwk4920 MEWElogs[412844]: GRAY, 1626312939103417131, PWK, 13
<134>2021-07-15T01:35:42Z cache-cph20625 MEWElogs[412844]: GRAY, 1626312941028986524, CPH, 13
<134>2021-07-15T01:35:53Z cache-del21735 MEWElogs[412844]: GRAY, 1626312952719028922, DEL, 13
<134>2021-07-15T01:36:02Z cache-dfw18678 MEWElogs[412844]: GRAY, 1626312961010843239, DFW, 13
<134>2021-07-15T01:36:20Z cache-akl10324 MEWElogs[412844]: GRAY, 1626312979736523536, AKL, 13
<134>2021-07-15T01:36:33Z cache-del21735 MEWElogs[412844]: GRAY, 1626312992378628626, DEL, 13
<134>2021-07-15T01:36:48Z cache-bos4657 MEWElogs[412844]: GRAY, 1626313008072178699, BOS, 13
<134>2021-07-15T01:36:51Z cache-pwk4920 MEWElogs[412844]: GRAY, 1626313010950519350, PWK, 13
<134>2021-07-15T01:37:10Z cache-fra19177 MEWElogs[412844]: GRAY, 1626313028983479645, FRA, 13
<134>2021-07-15T01:37:10Z cache-dfw18678 MEWElogs[412844]: GRAY, 1626313029584171555, DFW, 13
<134>2021-07-15T01:37:10Z cache-cph20625 MEWElogs[412844]: GRAY, 1626313029788643210, CPH, 13
<134>2021-07-15T01:37:17Z cache-cph20625 MEWElogs[412844]: GRAY, 1626313035962612801, CPH, 13
<134>2021-07-15T01:37:18Z cache-hhn4077 MEWElogs[412844]: GRAY, 1626313038641762778, HHN, 13
<134>2021-07-15T01:37:20Z cache-pwk4920 MEWElogs[412844]: GRAY, 1626313039608468755, PWK, 13
<134>2021-07-15T01:37:31Z cache-del21735 MEWElogs[412844]: GRAY, 1626313050850696756, DEL, 13
<134>2021-07-15T01:37:36Z cache-cph20625 MEWElogs[412844]: GRAY, 1626313054954440607, CPH, 13
<134>2021-07-15T01:37:48Z cache-dfw18678 MEWElogs[412844]: GRAY, 1626313068049089916, DFW, 13
<134>2021-07-15T01:38:05Z cache-chi21126 MEWElogs[412844]: GRAY, 1626313084459539065, CHI, 13
<134>2021-07-15T01:38:12Z cache-del21735 MEWElogs[412844]: GRAY, 1626313090956778161, DEL, 13
<134>2021-07-15T01:38:12Z cache-dfw18678 MEWElogs[412844]: GRAY, 1626313091867623280, DFW, 13
<134>2021-07-15T01:38:17Z cache-pwk4920 MEWElogs[412844]: GRAY, 1626313097154556256, PWK, 13
<134>2021-07-15T01:38:21Z cache-bos4657 MEWElogs[412844]: GRAY, 1626313100947074744, BOS, 13
<134>2021-07-15T01:38:30Z cache-hhn4077 MEWElogs[412844]: GRAY, 1626313109463032354, HHN, 13
<134>2021-07-15T01:38:33Z cache-fty21383 MEWElogs[412844]: GRAY, 1626313112004352705, FTY, 13
<134>2021-07-15T01:38:35Z cache-dfw18678 MEWElogs[412844]: GRAY, 1626313114455575977, DFW, 13
<134>2021-07-15T01:38:44Z cache-fra19177 MEWElogs[412844]: GRAY, 1626313123305713181, FRA, 13
<134>2021-07-15T01:38:46Z cache-del21735 MEWElogs[412844]: GRAY, 1626313125515082719, DEL, 13
<134>2021-07-15T01:38:57Z cache-cph20625 MEWElogs[412844]: GRAY, 1626313136499897564, CPH, 13
<134>2021-07-15T01:38:59Z cache-fty21383 MEWElogs[412844]: GRAY, 1626313138323377263, FTY, 13
<134>2021-07-15T01:39:22Z cache-cph20625 MEWElogs[412844]: GRAY, 1626313161549933079, CPH, 13
<134>2021-07-15T01:40:12Z cache-pwk4920 MEWElogs[412844]: GRAY, 1626313212192626941, PWK, 13
<134>2021-07-15T01:40:13Z cache-fty21383 MEWElogs[412844]: GRAY, 1626313212385799897, FTY, 13
<134>2021-07-15T01:40:18Z cache-fty21383 MEWElogs[412844]: GRAY, 1626313217660823738, FTY, 13
<134>2021-07-15T01:40:20Z cache-cwb20520 MEWElogs[412844]: GRAY, 1626313219519145341, CWB, 13
<134>2021-07-15T01:40:30Z cache-chi21126 MEWElogs[412844]: GRAY, 1626313229081928382, CHI, 13
<134>2021-07-15T01:40:48Z cache-pwk4920 MEWElogs[412844]: GRAY, 1626313248056667577, PWK, 13
<134>2021-07-15T01:41:00Z cache-fra19177 MEWElogs[412844]: GRAY, 1626313259693625698, FRA, 13
<134>2021-07-15T01:41:21Z cache-akl10324 MEWElogs[412844]: GRAY, 1626313280798345692, AKL, 13
<134>2021-07-15T01:41:45Z cache-pwk4920 MEWElogs[412844]: GRAY, 1626313304923162412, PWK, 13
