<134>2021-07-15T06:09:09Z cache-bog6425 MEWElogs[216063]: UNSH, 1626329348709527562, BOG, 16
<134>2021-07-15T06:09:10Z cache-cmh21547 MEWElogs[216063]: UNSH, 1626329349556344453, CMH, 16
<134>2021-07-15T06:09:21Z cache-mdw17383 MEWElogs[216063]: UNSH, 1626329360579259484, MDW, 16
<134>2021-07-15T06:09:39Z cache-maa10251 MEWElogs[216063]: UNSH, 1626329378622965535, MAA, 16
<134>2021-07-15T06:10:09Z cache-ams21020 MEWElogs[216063]: UNSH, 1626329408587101432, AMS, 16
<134>2021-07-15T06:10:17Z cache-cmh21547 MEWElogs[216063]: UNSH, 1626329416130033539, CMH, 16
<134>2021-07-15T06:10:22Z cache-pdk17882 MEWElogs[216063]: UNSH, 1626329422609863684, PDK, 16
<134>2021-07-15T06:10:28Z cache-bog6425 MEWElogs[216063]: UNSH, 1626329427149590830, BOG, 16
<134>2021-07-15T06:10:28Z cache-maa10251 MEWElogs[216063]: UNSH, 1626329427917094740, MAA, 16
<134>2021-07-15T06:10:32Z cache-wdc5583 MEWElogs[216063]: UNSH, 1626329432216330484, WDC, 16
<134>2021-07-15T06:10:41Z cache-pdk17882 MEWElogs[216063]: UNSH, 1626329441084059598, PDK, 16
<134>2021-07-15T06:11:08Z cache-ams21020 MEWElogs[216063]: UNSH, 1626329468135074500, AMS, 16
<134>2021-07-15T06:11:15Z cache-ord1740 MEWElogs[216063]: UNSH, 1626329474060896931, ORD, 16
<134>2021-07-15T06:11:46Z cache-bog6425 MEWElogs[216063]: UNSH, 1626329505493715535, BOG, 16
<134>2021-07-15T06:12:04Z cache-ord1740 MEWElogs[216063]: UNSH, 1626329523448626941, ORD, 16
<134>2021-07-15T06:12:19Z cache-mdw17383 MEWElogs[216063]: UNSH, 1626329538312672020, MDW, 16
<134>2021-07-15T06:12:42Z cache-ams21020 MEWElogs[216063]: UNSH, 1626329562279435295, AMS, 16
<134>2021-07-15T06:12:59Z cache-ams21020 MEWElogs[216063]: UNSH, 1626329578932739676, AMS, 16
<134>2021-07-15T06:12:59Z cache-pdk17882 MEWElogs[216063]: UNSH, 1626329579609166244, PDK, 16
<134>2021-07-15T06:13:03Z cache-mdw17383 MEWElogs[216063]: UNSH, 1626329583355370369, MDW, 16
<134>2021-07-15T06:13:08Z cache-ams21020 MEWElogs[216063]: UNSH, 1626329587310589931, AMS, 16
<134>2021-07-15T06:13:09Z cache-pdk17882 MEWElogs[216063]: UNSH, 1626329588956417109, PDK, 16
<134>2021-07-15T06:13:10Z cache-wdc5583 MEWElogs[216063]: UNSH, 1626329589606153966, WDC, 16
<134>2021-07-15T06:13:25Z cache-bog6425 MEWElogs[216063]: UNSH, 1626329604821594297, BOG, 16
<134>2021-07-15T06:13:25Z cache-cmh21547 MEWElogs[216063]: UNSH, 1626329604614012043, CMH, 16
<134>2021-07-15T06:13:58Z cache-dca17782 MEWElogs[216063]: UNSH, 1626329637302144273, DCA, 16
<134>2021-07-15T06:14:10Z cache-ord1740 MEWElogs[216063]: UNSH, 1626329649740514183, ORD, 16
<134>2021-07-15T06:14:22Z cache-pdk17882 MEWElogs[216063]: UNSH, 1626329662271260791, PDK, 16
<134>2021-07-15T06:14:50Z cache-pdk17882 MEWElogs[216063]: UNSH, 1626329689981787634, PDK, 16
<134>2021-07-15T06:14:58Z cache-cph20625 MEWElogs[216063]: UNSH, 1626329697189909916, CPH, 16
<134>2021-07-15T06:15:03Z cache-bog6425 MEWElogs[216063]: UNSH, 1626329702890995138, BOG, 16
<134>2021-07-15T06:15:04Z cache-wdc5583 MEWElogs[216063]: UNSH, 1626329703526931136, WDC, 16
<134>2021-07-15T06:15:37Z cache-mdw17383 MEWElogs[216063]: UNSH, 1626329736983458702, MDW, 16
<134>2021-07-15T06:15:48Z cache-mdw17383 MEWElogs[216063]: UNSH, 1626329748187748451, MDW, 16
<134>2021-07-15T06:16:43Z cache-maa10251 MEWElogs[216063]: UNSH, 1626329802253729423, MAA, 16
<134>2021-07-15T06:17:40Z cache-wdc5583 MEWElogs[216063]: UNSH, 1626329859929821624, WDC, 16
<134>2021-07-15T06:18:04Z cache-ams21020 MEWElogs[216063]: UNSH, 1626329884648101486, AMS, 16
<134>2021-07-15T06:18:14Z cache-ams21020 MEWElogs[216063]: UNSH, 1626329893187522440, AMS, 16
<134>2021-07-15T06:19:08Z cache-cmh21547 MEWElogs[216063]: UNSH, 1626329947328401271, CMH, 16
