<134>2021-07-15T00:28:40Z cache-ams21020 MEWElogs[412844]: CROP, 1626308919138651518, AMS, 12
<134>2021-07-15T00:28:58Z cache-ord1740 MEWElogs[412844]: CROP, 1626308937574318358, ORD, 12
<134>2021-07-15T00:29:13Z cache-ams21020 MEWElogs[412844]: CROP, 1626308953068065030, AMS, 12
<134>2021-07-15T00:29:18Z cache-maa10251 MEWElogs[412844]: CROP, 1626308957645203483, MAA, 12
<134>2021-07-15T00:29:20Z cache-pdk17882 MEWElogs[412844]: CROP, 1626308959595445968, PDK, 12
<134>2021-07-15T00:29:33Z cache-ams21020 MEWElogs[412844]: CROP, 1626308972852599053, AMS, 12
<134>2021-07-15T00:29:34Z cache-cmh21547 MEWElogs[412844]: CROP, 1626308973901839736, CMH, 12
<134>2021-07-15T00:29:42Z cache-ams21020 MEWElogs[412844]: CROP, 1626308981549994989, AMS, 12
<134>2021-07-15T00:29:53Z cache-wdc5583 MEWElogs[412844]: CROP, 1626308992940656966, WDC, 12
<134>2021-07-15T00:29:55Z cache-cmh21547 MEWElogs[412844]: CROP, 1626308994960686137, CMH, 12
<134>2021-07-15T00:30:01Z cache-ams21020 MEWElogs[412844]: CROP, 1626309000802982217, AMS, 12
<134>2021-07-15T00:30:04Z cache-ams21020 MEWElogs[412844]: CROP, 1626309003599906243, AMS, 12
<134>2021-07-15T00:30:06Z cache-ams21020 MEWElogs[412844]: CROP, 1626309006359388627, AMS, 12
<134>2021-07-15T00:30:16Z cache-mdw17383 MEWElogs[412844]: CROP, 1626309015858862112, MDW, 12
<134>2021-07-15T00:30:18Z cache-dca17782 MEWElogs[412844]: CROP, 1626309017851295871, DCA, 12
<134>2021-07-15T00:30:19Z cache-bog6425 MEWElogs[412844]: CROP, 1626309019055140668, BOG, 12
<134>2021-07-15T00:30:20Z cache-wdc5583 MEWElogs[412844]: CROP, 1626309019361239190, WDC, 12
<134>2021-07-15T00:30:24Z cache-bog6425 MEWElogs[412844]: CROP, 1626309023195698189, BOG, 12
<134>2021-07-15T00:30:29Z cache-mdw17383 MEWElogs[412844]: CROP, 1626309029098518186, MDW, 12
<134>2021-07-15T00:30:32Z cache-cmh21547 MEWElogs[412844]: CROP, 1626309031931785106, CMH, 12
<134>2021-07-15T00:30:36Z cache-pdk17882 MEWElogs[412844]: CROP, 1626309035595039003, PDK, 12
<134>2021-07-15T00:30:41Z cache-maa10251 MEWElogs[412844]: CROP, 1626309040200958480, MAA, 12
<134>2021-07-15T00:30:59Z cache-cmh21547 MEWElogs[412844]: CROP, 1626309058150465775, CMH, 12
<134>2021-07-15T00:31:08Z cache-ord1740 MEWElogs[412844]: CROP, 1626309067452012766, ORD, 12
<134>2021-07-15T00:31:19Z cache-cmh21547 MEWElogs[412844]: CROP, 1626309079533596926, CMH, 12
<134>2021-07-15T00:31:27Z cache-bog6425 MEWElogs[412844]: CROP, 1626309087440995722, BOG, 12
<134>2021-07-15T00:31:30Z cache-dca17782 MEWElogs[412844]: CROP, 1626309089949824718, DCA, 12
<134>2021-07-15T00:31:42Z cache-dca17782 MEWElogs[412844]: CROP, 1626309101219647734, DCA, 12
<134>2021-07-15T00:31:43Z cache-ord1740 MEWElogs[412844]: CROP, 1626309102632111707, ORD, 12
<134>2021-07-15T00:31:45Z cache-bog6425 MEWElogs[412844]: CROP, 1626309104877484651, BOG, 12
<134>2021-07-15T00:31:50Z cache-maa10251 MEWElogs[412844]: CROP, 1626309109145186928, MAA, 12
<134>2021-07-15T00:31:57Z cache-maa10251 MEWElogs[412844]: CROP, 1626309116786230834, MAA, 12
<134>2021-07-15T00:32:00Z cache-mdw17383 MEWElogs[412844]: CROP, 1626309119540727777, MDW, 12
<134>2021-07-15T00:32:06Z cache-pdk17882 MEWElogs[412844]: CROP, 1626309126526639820, PDK, 12
<134>2021-07-15T00:32:08Z cache-dca17782 MEWElogs[412844]: CROP, 1626309127628835670, DCA, 12
<134>2021-07-15T00:32:09Z cache-mdw17383 MEWElogs[412844]: CROP, 1626309128575840177, MDW, 12
<134>2021-07-15T00:32:17Z cache-cmh21547 MEWElogs[412844]: CROP, 1626309137651891004, CMH, 12
<134>2021-07-15T00:32:20Z cache-eze19324 MEWElogs[412844]: CROP, 1626309139636740174, EZE, 12
<134>2021-07-15T00:32:25Z cache-pdk17882 MEWElogs[412844]: CROP, 1626309144886395221, PDK, 12
<134>2021-07-15T00:32:32Z cache-maa10251 MEWElogs[412844]: CROP, 1626309151372356484, MAA, 12
<134>2021-07-15T00:32:37Z cache-wdc5583 MEWElogs[412844]: CROP, 1626309156764570534, WDC, 12
<134>2021-07-15T00:32:47Z cache-ord1740 MEWElogs[412844]: CROP, 1626309166144369083, ORD, 12
<134>2021-07-15T00:33:00Z cache-dca17782 MEWElogs[412844]: CROP, 1626309179813450248, DCA, 12
<134>2021-07-15T00:33:01Z cache-eze19324 MEWElogs[412844]: CROP, 1626309180777398826, EZE, 12
<134>2021-07-15T00:33:02Z cache-mdw17383 MEWElogs[412844]: CROP, 1626309182480446791, MDW, 12
<134>2021-07-15T00:33:04Z cache-pdk17882 MEWElogs[412844]: CROP, 1626309184648306651, PDK, 12
<134>2021-07-15T00:33:13Z cache-pdk17882 MEWElogs[412844]: CROP, 1626309192031806663, PDK, 12
<134>2021-07-15T00:33:37Z cache-cmh21547 MEWElogs[412844]: CROP, 1626309216826313462, CMH, 12
<134>2021-07-15T00:33:45Z cache-dca17782 MEWElogs[412844]: CROP, 1626309224706778007, DCA, 12
<134>2021-07-15T00:33:49Z cache-wdc5583 MEWElogs[412844]: CROP, 1626309228664318464, WDC, 12
<134>2021-07-15T00:33:59Z cache-pdk17882 MEWElogs[412844]: CROP, 1626309238930313727, PDK, 12
<134>2021-07-15T00:34:06Z cache-pdk17882 MEWElogs[412844]: CROP, 1626309246239701316, PDK, 12
<134>2021-07-15T00:34:11Z cache-cph20625 MEWElogs[412844]: CROP, 1626309250742346803, CPH, 12
<134>2021-07-15T00:34:20Z cache-cmh21547 MEWElogs[412844]: CROP, 1626309259743761825, CMH, 12
<134>2021-07-15T00:34:25Z cache-bog6425 MEWElogs[412844]: CROP, 1626309265067200931, BOG, 12
<134>2021-07-15T00:34:30Z cache-cmh21547 MEWElogs[412844]: CROP, 1626309270094820601, CMH, 12
<134>2021-07-15T00:34:37Z cache-cph20625 MEWElogs[412844]: CROP, 1626309276917607959, CPH, 12
<134>2021-07-15T00:34:46Z cache-cph20625 MEWElogs[412844]: CROP, 1626309285594362543, CPH, 12
<134>2021-07-15T00:34:52Z cache-maa10251 MEWElogs[412844]: CROP, 1626309291606178202, MAA, 12
<134>2021-07-15T00:35:21Z cache-akl10324 MEWElogs[412844]: CROP, 1626309320539021935, AKL, 12
<134>2021-07-15T00:35:25Z cache-eze19324 MEWElogs[412844]: CROP, 1626309324995413706, EZE, 12
<134>2021-07-15T00:35:30Z cache-akl10324 MEWElogs[412844]: CROP, 1626309330113054032, AKL, 12
<134>2021-07-15T00:35:36Z cache-bog6425 MEWElogs[412844]: CROP, 1626309336452128075, BOG, 12
<134>2021-07-15T00:36:10Z cache-chi21126 MEWElogs[412844]: CROP, 1626309369538127938, CHI, 12
<134>2021-07-15T00:36:22Z cache-eze19324 MEWElogs[412844]: CROP, 1626309381717922327, EZE, 12
<134>2021-07-15T00:36:28Z cache-cmh21547 MEWElogs[412844]: CROP, 1626309387419631535, CMH, 12
<134>2021-07-15T00:36:32Z cache-akl10324 MEWElogs[412844]: CROP, 1626309391394190061, AKL, 12
<134>2021-07-15T00:36:35Z cache-pwk4920 MEWElogs[412844]: CROP, 1626309394713615989, PWK, 12
<134>2021-07-15T00:36:38Z cache-eze19324 MEWElogs[412844]: CROP, 1626309397276806635, EZE, 12
<134>2021-07-15T00:36:48Z cache-cmh21547 MEWElogs[412844]: CROP, 1626309408259826149, CMH, 12
<134>2021-07-15T00:37:00Z cache-akl10324 MEWElogs[412844]: CROP, 1626309420159411084, AKL, 12
<134>2021-07-15T00:37:16Z cache-del21735 MEWElogs[412844]: CROP, 1626309435027346685, DEL, 12
<134>2021-07-15T00:37:30Z cache-del21735 MEWElogs[412844]: CROP, 1626309449792197415, DEL, 12
<134>2021-07-15T00:37:34Z cache-pwk4920 MEWElogs[412844]: CROP, 1626309453931924889, PWK, 12
<134>2021-07-15T00:37:42Z cache-fty21383 MEWElogs[412844]: CROP, 1626309461635124886, FTY, 12
<134>2021-07-15T00:37:53Z cache-chi21126 MEWElogs[412844]: CROP, 1626309472835023039, CHI, 12
<134>2021-07-15T00:38:01Z cache-akl10324 MEWElogs[412844]: CROP, 1626309480539845200, AKL, 12
<134>2021-07-15T00:38:16Z cache-cph20625 MEWElogs[412844]: CROP, 1626309495179662302, CPH, 12
<134>2021-07-15T00:38:16Z cache-hel6829 MEWElogs[412844]: CROP, 1626309496100203357, HEL, 12
<134>2021-07-15T00:38:36Z cache-dub4329 MEWElogs[412844]: CROP, 1626309515607941103, DUB, 12
