<134>2021-07-14T16:32:12Z cache-wdc5583 MEWElogs[322023]: FLIPH, 1626280332360339690, WDC, -1
<134>2021-07-14T16:32:15Z cache-bog6425 MEWElogs[322023]: FLIPH, 1626280334702236977, BOG, 10
<134>2021-07-14T16:33:02Z cache-cmh21547 MEWElogs[322023]: FLIPH, 1626280382504394135, CMH, 10
<134>2021-07-14T16:33:07Z cache-mdw17383 MEWElogs[322023]: FLIPH, 1626280386902598413, MDW, 10
<134>2021-07-14T16:33:12Z cache-bog6425 MEWElogs[322023]: FLIPH, 1626280391913306675, BOG, -1
<134>2021-07-14T16:33:34Z cache-bog6425 MEWElogs[322023]: FLIPH, 1626280414029599631, BOG, 10
<134>2021-07-14T16:33:56Z cache-ord1740 MEWElogs[322023]: FLIPH, 1626280436627194595, ORD, -1
<134>2021-07-14T16:34:10Z cache-wdc5583 MEWElogs[322023]: FLIPH, 1626280449715668277, WDC, 10
<134>2021-07-14T16:34:28Z cache-dca17782 MEWElogs[322023]: FLIPH, 1626280468230357121, DCA, -1
<134>2021-07-14T16:34:47Z cache-dca17782 MEWElogs[322023]: FLIPH, 1626280486889695860, DCA, -1
<134>2021-07-14T16:34:48Z cache-cmh21547 MEWElogs[322023]: FLIPH, 1626280487924975063, CMH, -1
<134>2021-07-14T16:34:51Z cache-eze19324 MEWElogs[322023]: FLIPH, 1626280491143497938, EZE, -1
<134>2021-07-14T16:34:52Z cache-wdc5583 MEWElogs[322023]: FLIPH, 1626280491617373679, WDC, 10
<134>2021-07-14T16:34:56Z cache-maa10251 MEWElogs[322023]: FLIPH, 1626280496089628120, MAA, 10
<134>2021-07-14T16:35:02Z cache-wdc5583 MEWElogs[322023]: FLIPH, 1626280502057779656, WDC, 10
<134>2021-07-14T16:35:27Z cache-pdk17882 MEWElogs[322023]: FLIPH, 1626280526262666775, PDK, -1
<134>2021-07-14T16:35:56Z cache-maa10251 MEWElogs[322023]: FLIPH, 1626280555178150200, MAA, 10
<134>2021-07-14T16:36:17Z cache-eze19324 MEWElogs[322023]: FLIPH, 1626280576933263338, EZE, 10
<134>2021-07-14T16:36:20Z cache-bog6425 MEWElogs[322023]: FLIPH, 1626280580027346788, BOG, 10
<134>2021-07-14T16:36:22Z cache-mdw17383 MEWElogs[322023]: FLIPH, 1626280582358550195, MDW, -1
<134>2021-07-14T16:37:08Z cache-ord1740 MEWElogs[322023]: FLIPH, 1626280628357991635, ORD, -1
<134>2021-07-14T16:37:21Z cache-cmh21547 MEWElogs[322023]: FLIPH, 1626280640325582489, CMH, -1
<134>2021-07-14T16:37:45Z cache-pdk17882 MEWElogs[322023]: FLIPH, 1626280665231370016, PDK, 10
<134>2021-07-14T16:37:50Z cache-dca17782 MEWElogs[322023]: FLIPH, 1626280669236279112, DCA, 10
<134>2021-07-14T16:38:06Z cache-bog6425 MEWElogs[322023]: FLIPH, 1626280685407296771, BOG, -1
<134>2021-07-14T16:38:10Z cache-pdk17882 MEWElogs[322023]: FLIPH, 1626280689542604770, PDK, -1
<134>2021-07-14T16:39:06Z cache-ord1740 MEWElogs[322023]: FLIPH, 1626280746174367914, ORD, -1
<134>2021-07-14T16:39:23Z cache-eze19324 MEWElogs[322023]: FLIPH, 1626280762454678992, EZE, -1
<134>2021-07-14T16:39:30Z cache-dca17782 MEWElogs[322023]: FLIPH, 1626280769493816092, DCA, -1
<134>2021-07-14T16:39:36Z cache-pdk17882 MEWElogs[322023]: FLIPH, 1626280775225183673, PDK, 10
<134>2021-07-14T16:39:51Z cache-pdk17882 MEWElogs[322023]: FLIPH, 1626280790494583480, PDK, -1
<134>2021-07-14T16:39:58Z cache-dca17782 MEWElogs[322023]: FLIPH, 1626280797664951405, DCA, -1
<134>2021-07-14T16:40:06Z cache-mdw17383 MEWElogs[322023]: FLIPH, 1626280806504284480, MDW, 10
<134>2021-07-14T16:40:40Z cache-maa10251 MEWElogs[322023]: FLIPH, 1626280839371977838, MAA, 10
<134>2021-07-14T16:40:55Z cache-bog6425 MEWElogs[322023]: FLIPH, 1626280855682160952, BOG, 10
<134>2021-07-14T16:41:05Z cache-bog6425 MEWElogs[322023]: FLIPH, 1626280865428108844, BOG, 10
<134>2021-07-14T16:41:06Z cache-maa10251 MEWElogs[322023]: FLIPH, 1626280865760487138, MAA, -1
<134>2021-07-14T16:41:32Z cache-bog6425 MEWElogs[322023]: FLIPH, 1626280891956628458, BOG, -1
<134>2021-07-14T16:41:33Z cache-cmh21547 MEWElogs[322023]: FLIPH, 1626280892063177320, CMH, -1
<134>2021-07-14T16:41:39Z cache-ord1740 MEWElogs[322023]: FLIPH, 1626280899699803224, ORD, -1
<134>2021-07-14T16:41:43Z cache-dca17782 MEWElogs[322023]: FLIPH, 1626280903490852491, DCA, 10
<134>2021-07-14T16:41:52Z cache-ord1740 MEWElogs[322023]: FLIPH, 1626280911519795334, ORD, 10
<134>2021-07-14T16:41:54Z cache-mdw17383 MEWElogs[322023]: FLIPH, 1626280914178776721, MDW, -1
<134>2021-07-14T16:42:08Z cache-akl10324 MEWElogs[322023]: FLIPH, 1626280927566387955, AKL, -1
