<134>2021-07-15T05:28:18Z cache-sea4483 MEWElogs[390968]: ROTATE, 1626326897873850890, SEA, 15
<134>2021-07-15T05:28:44Z cache-pao17461 MEWElogs[390968]: ROTATE, 1626326923543749659, PAO, 15
<134>2021-07-15T05:28:56Z cache-hnd18722 MEWElogs[390968]: ROTATE, 1626326934973634297, HND, 15
<134>2021-07-15T05:29:06Z cache-pao17461 MEWElogs[390968]: ROTATE, 1626326945204506899, PAO, 15
<134>2021-07-15T05:29:06Z cache-cgh11122 MEWElogs[390968]: ROTATE, 1626326946360518269, CGH, 15
<134>2021-07-15T05:29:15Z cache-sea4483 MEWElogs[390968]: ROTATE, 1626326954496394804, SEA, 15
<134>2021-07-15T05:29:18Z cache-syd10183 MEWElogs[390968]: ROTATE, 1626326956964845992, SYD, 15
<134>2021-07-15T05:29:24Z cache-sjc10078 MEWElogs[390968]: ROTATE, 1626326963840164909, SJC, 15
<134>2021-07-15T05:29:26Z cache-scl19427 MEWElogs[390968]: ROTATE, 1626326965639748139, SCL, 15
<134>2021-07-15T05:29:45Z cache-cgh11122 MEWElogs[390968]: ROTATE, 1626326984522758057, CGH, 15
<134>2021-07-15T05:29:49Z cache-sea4483 MEWElogs[390968]: ROTATE, 1626326989299932109, SEA, 15
<134>2021-07-15T05:29:59Z cache-cgh11183 MEWElogs[390968]: ROTATE, 1626326998846506710, CGH, 15
<134>2021-07-15T05:30:32Z cache-cgh11122 MEWElogs[390968]: ROTATE, 1626327032248310987, CGH, 15
<134>2021-07-15T05:30:36Z cache-sea4483 MEWElogs[390968]: ROTATE, 1626327035419896125, SEA, 15
<134>2021-07-15T05:30:42Z cache-pao17461 MEWElogs[390968]: ROTATE, 1626327042332782597, PAO, 15
<134>2021-07-15T05:30:43Z cache-syd10183 MEWElogs[390968]: ROTATE, 1626327043474985594, SYD, 15
<134>2021-07-15T05:30:54Z cache-syd10183 MEWElogs[390968]: ROTATE, 1626327054074215060, SYD, 15
<134>2021-07-15T05:31:16Z cache-sjc10078 MEWElogs[390968]: ROTATE, 1626327075897337490, SJC, 15
<134>2021-07-15T05:31:17Z cache-cgh11183 MEWElogs[390968]: ROTATE, 1626327075970341543, CGH, 15
<134>2021-07-15T05:31:20Z cache-itm18851 MEWElogs[390968]: ROTATE, 1626327079282783940, ITM, 15
<134>2021-07-15T05:31:21Z cache-cgh11122 MEWElogs[390968]: ROTATE, 1626327080736026301, CGH, 15
<134>2021-07-15T05:31:36Z cache-cgh11183 MEWElogs[390968]: ROTATE, 1626327095177895180, CGH, 15
<134>2021-07-15T05:31:37Z cache-pao17461 MEWElogs[390968]: ROTATE, 1626327096226709412, PAO, 15
<134>2021-07-15T05:32:20Z cache-cgh11122 MEWElogs[390968]: ROTATE, 1626327139090950654, CGH, 15
<134>2021-07-15T05:32:52Z cache-pao17461 MEWElogs[390968]: ROTATE, 1626327172237120656, PAO, 15
<134>2021-07-15T05:33:18Z cache-bma1628 MEWElogs[390968]: ROTATE, 1626327197855678892, BMA, 15
<134>2021-07-15T05:33:43Z cache-hnd18722 MEWElogs[390968]: ROTATE, 1626327222943667778, HND, 15
<134>2021-07-15T05:34:35Z cache-sjc10078 MEWElogs[390968]: ROTATE, 1626327274806564453, SJC, 15
<134>2021-07-15T05:34:53Z cache-bma1628 MEWElogs[390968]: ROTATE, 1626327293813928217, BMA, 15
<134>2021-07-15T05:35:31Z cache-sjc10078 MEWElogs[390968]: ROTATE, 1626327330017969842, SJC, 15
<134>2021-07-15T05:35:52Z cache-sjc10078 MEWElogs[390968]: ROTATE, 1626327351685784964, SJC, 15
<134>2021-07-15T05:36:08Z cache-cgh11122 MEWElogs[390968]: ROTATE, 1626327367723886220, CGH, 15
<134>2021-07-15T05:36:18Z cache-cgh11122 MEWElogs[390968]: ROTATE, 1626327377253336235, CGH, 15
<134>2021-07-15T05:37:08Z cache-sjc10078 MEWElogs[390968]: ROTATE, 1626327427792804780, SJC, 15
<134>2021-07-15T05:37:30Z cache-sjc10078 MEWElogs[390968]: ROTATE, 1626327449642617598, SJC, 15
<134>2021-07-15T05:38:13Z cache-bma1628 MEWElogs[390968]: ROTATE, 1626327493133631076, BMA, 15
