<134>2021-07-14T17:02:23Z cache-fra19177 MEWElogs[308969]: FLIPH, 1626282143031646993, FRA, -1
<134>2021-07-14T17:02:41Z cache-den8274 MEWElogs[308969]: FLIPH, 1626282161131214141, DEN, 10
<134>2021-07-14T17:02:47Z cache-iah17271 MEWElogs[308969]: FLIPH, 1626282166171484899, IAH, 10
<134>2021-07-14T17:02:51Z cache-jnb7027 MEWElogs[308969]: FLIPH, 1626282171240540037, JNB, -1
<134>2021-07-14T17:03:04Z cache-jnb7027 MEWElogs[308969]: FLIPH, 1626282184073766500, JNB, 10
<134>2021-07-14T17:03:10Z cache-dal21283 MEWElogs[308969]: FLIPH, 1626282189484289588, DAL, -1
<134>2021-07-14T17:03:25Z cache-hel6829 MEWElogs[308969]: FLIPH, 1626282205451087995, HEL, -1
<134>2021-07-14T17:03:34Z cache-jnb7027 MEWElogs[308969]: FLIPH, 1626282213514186843, JNB, 10
<134>2021-07-14T17:03:38Z cache-iah17271 MEWElogs[308969]: FLIPH, 1626282217816105621, IAH, -1
<134>2021-07-14T17:03:39Z cache-lcy19283 MEWElogs[308969]: FLIPH, 1626282218828524359, LCY, 10
<134>2021-07-14T17:03:53Z cache-jnb7027 MEWElogs[308969]: FLIPH, 1626282233221621398, JNB, 10
<134>2021-07-14T17:04:17Z cache-lcy19283 MEWElogs[308969]: FLIPH, 1626282256013845785, LCY, -1
<134>2021-07-14T17:04:18Z cache-hhn4077 MEWElogs[308969]: FLIPH, 1626282257823431275, HHN, -1
<134>2021-07-14T17:04:44Z cache-hel6829 MEWElogs[308969]: FLIPH, 1626282283421060808, HEL, -1
<134>2021-07-14T17:05:40Z cache-iah17271 MEWElogs[308969]: FLIPH, 1626282339366651670, IAH, -1
<134>2021-07-14T17:05:41Z cache-lon4249 MEWElogs[308969]: FLIPH, 1626282340298830739, LON, 10
<134>2021-07-14T17:06:25Z cache-den8274 MEWElogs[308969]: FLIPH, 1626282384384704621, DEN, 10
<134>2021-07-14T17:06:32Z cache-cwb20520 MEWElogs[308969]: FLIPH, 1626282391552749894, CWB, 10
<134>2021-07-14T17:07:01Z cache-iah17271 MEWElogs[308969]: FLIPH, 1626282420870064536, IAH, 10
<134>2021-07-14T17:07:20Z cache-jnb7027 MEWElogs[308969]: FLIPH, 1626282440131874253, JNB, 10
<134>2021-07-14T17:07:38Z cache-cwb20520 MEWElogs[308969]: FLIPH, 1626282457090376051, CWB, -1
<134>2021-07-14T17:08:09Z cache-cwb20520 MEWElogs[308969]: FLIPH, 1626282488929090505, CWB, 10
<134>2021-07-14T17:08:33Z cache-hel6829 MEWElogs[308969]: FLIPH, 1626282512551365377, HEL, 10
<134>2021-07-14T17:08:39Z cache-lcy19283 MEWElogs[308969]: FLIPH, 1626282518551274884, LCY, -1
<134>2021-07-14T17:08:49Z cache-lcy19283 MEWElogs[308969]: FLIPH, 1626282528500293478, LCY, -1
<134>2021-07-14T17:09:02Z cache-lcy19283 MEWElogs[308969]: FLIPH, 1626282541903641164, LCY, 10
<134>2021-07-14T17:09:12Z cache-fra19177 MEWElogs[308969]: FLIPH, 1626282552242301704, FRA, -1
<134>2021-07-14T17:09:15Z cache-jnb7027 MEWElogs[308969]: FLIPH, 1626282555102596279, JNB, -1
<134>2021-07-14T17:09:15Z cache-den8274 MEWElogs[308969]: FLIPH, 1626282555078771599, DEN, 10
<134>2021-07-14T17:09:18Z cache-cwb20520 MEWElogs[308969]: FLIPH, 1626282557285176899, CWB, 10
<134>2021-07-14T17:09:38Z cache-dal21283 MEWElogs[308969]: FLIPH, 1626282577316126191, DAL, -1
<134>2021-07-14T17:09:43Z cache-lon4249 MEWElogs[308969]: FLIPH, 1626282582511845140, LON, -1
<134>2021-07-14T17:09:52Z cache-bur17583 MEWElogs[308969]: FLIPH, 1626282591301432596, BUR, 10
<134>2021-07-14T17:10:17Z cache-hel6829 MEWElogs[308969]: FLIPH, 1626282617466375558, HEL, -1
<134>2021-07-14T17:10:18Z cache-den8274 MEWElogs[308969]: FLIPH, 1626282617832915609, DEN, 10
<134>2021-07-14T17:10:37Z cache-cwb20520 MEWElogs[308969]: FLIPH, 1626282636127873886, CWB, 10
<134>2021-07-14T17:10:51Z cache-lon4249 MEWElogs[308969]: FLIPH, 1626282650637327839, LON, 10
<134>2021-07-14T17:10:51Z cache-fra19177 MEWElogs[308969]: FLIPH, 1626282651093576257, FRA, -1
<134>2021-07-14T17:10:55Z cache-iah17271 MEWElogs[308969]: FLIPH, 1626282655157585338, IAH, 10
<134>2021-07-14T17:11:20Z cache-dal21283 MEWElogs[308969]: FLIPH, 1626282679915533954, DAL, -1
<134>2021-07-14T17:11:45Z cache-cwb20520 MEWElogs[308969]: FLIPH, 1626282704416719147, CWB, 10
<134>2021-07-14T17:11:46Z cache-lon4249 MEWElogs[308969]: FLIPH, 1626282705246050846, LON, -1
<134>2021-07-14T17:11:50Z cache-hel6829 MEWElogs[308969]: FLIPH, 1626282709169504140, HEL, 10
<134>2021-07-14T17:12:02Z cache-cwb20520 MEWElogs[308969]: FLIPH, 1626282721039201161, CWB, -1
<134>2021-07-14T17:12:16Z cache-fra19177 MEWElogs[308969]: FLIPH, 1626282735070335802, FRA, 10
