<134>2021-07-15T00:38:48Z cache-dub4329 MEWElogs[334804]: CROP, 1626309527301730720, DUB, 12
<134>2021-07-15T00:38:51Z cache-pwk4920 MEWElogs[334804]: CROP, 1626309530958931686, PWK, 12
<134>2021-07-15T00:38:51Z cache-bos4657 MEWElogs[334804]: CROP, 1626309530937905247, BOS, 12
<134>2021-07-15T00:38:54Z cache-dub4329 MEWElogs[334804]: CROP, 1626309533124890910, DUB, 12
<134>2021-07-15T00:39:08Z cache-cph20625 MEWElogs[334804]: CROP, 1626309547381208557, CPH, 12
<134>2021-07-15T00:39:21Z cache-bos4657 MEWElogs[334804]: CROP, 1626309560493947316, BOS, 12
<134>2021-07-15T00:39:34Z cache-pwk4920 MEWElogs[334804]: CROP, 1626309573863572548, PWK, 12
<134>2021-07-15T00:39:39Z cache-bos4657 MEWElogs[334804]: CROP, 1626309579509094599, BOS, 12
<134>2021-07-15T00:39:47Z cache-pwk4920 MEWElogs[334804]: CROP, 1626309586521904786, PWK, 12
<134>2021-07-15T00:40:23Z cache-hel6829 MEWElogs[334804]: CROP, 1626309622099076227, HEL, 12
<134>2021-07-15T00:40:31Z cache-dub4329 MEWElogs[334804]: CROP, 1626309630276481911, DUB, 12
<134>2021-07-15T00:40:32Z cache-bos4657 MEWElogs[334804]: CROP, 1626309631734627598, BOS, 12
<134>2021-07-15T00:40:45Z cache-chi21126 MEWElogs[334804]: CROP, 1626309644532953640, CHI, 12
<134>2021-07-15T00:40:48Z cache-iah17271 MEWElogs[334804]: CROP, 1626309648165609373, IAH, 12
<134>2021-07-15T00:41:09Z cache-bos4657 MEWElogs[334804]: CROP, 1626309668730536292, BOS, 12
<134>2021-07-15T00:41:12Z cache-dub4329 MEWElogs[334804]: CROP, 1626309671797088472, DUB, 12
<134>2021-07-15T00:41:33Z cache-pwk4920 MEWElogs[334804]: CROP, 1626309693677458075, PWK, 12
<134>2021-07-15T00:41:42Z cache-dub4329 MEWElogs[334804]: CROP, 1626309701403592648, DUB, 12
<134>2021-07-15T00:42:27Z cache-lcy19283 MEWElogs[334804]: CROP, 1626309746146767830, LCY, 12
<134>2021-07-15T00:42:30Z cache-iah17271 MEWElogs[334804]: CROP, 1626309750308554092, IAH, 12
<134>2021-07-15T00:42:33Z cache-jnb7027 MEWElogs[334804]: CROP, 1626309752961889913, JNB, 12
<134>2021-07-15T00:42:39Z cache-cwb20520 MEWElogs[334804]: CROP, 1626309759586247491, CWB, 12
<134>2021-07-15T00:43:07Z cache-iah17271 MEWElogs[334804]: CROP, 1626309786642964084, IAH, 12
<134>2021-07-15T00:43:26Z cache-iah17271 MEWElogs[334804]: CROP, 1626309806437143444, IAH, 12
<134>2021-07-15T00:43:32Z cache-hel6829 MEWElogs[334804]: CROP, 1626309811341686780, HEL, 12
<134>2021-07-15T00:43:44Z cache-cwb20520 MEWElogs[334804]: CROP, 1626309823108166452, CWB, 12
<134>2021-07-15T00:43:57Z cache-hel6829 MEWElogs[334804]: CROP, 1626309836292623913, HEL, 12
<134>2021-07-15T00:44:09Z cache-hel6829 MEWElogs[334804]: CROP, 1626309848797949710, HEL, 12
<134>2021-07-15T00:44:27Z cache-mad22068 MEWElogs[334804]: CROP, 1626309866276046568, MAD, 12
<134>2021-07-15T00:44:38Z cache-mrs10583 MEWElogs[334804]: CROP, 1626309877492826086, MRS, 12
<134>2021-07-15T00:44:42Z cache-iah17271 MEWElogs[334804]: CROP, 1626309881889326481, IAH, 12
<134>2021-07-15T00:44:43Z cache-lcy19283 MEWElogs[334804]: CROP, 1626309882755087030, LCY, 12
<134>2021-07-15T00:44:56Z cache-cwb20520 MEWElogs[334804]: CROP, 1626309895770848897, CWB, 12
<134>2021-07-15T00:45:01Z cache-hkg17929 MEWElogs[334804]: CROP, 1626309901261835773, HKG, 12
<134>2021-07-15T00:45:06Z cache-bur17583 MEWElogs[334804]: CROP, 1626309905850738074, BUR, 12
<134>2021-07-15T00:45:45Z cache-lcy19283 MEWElogs[334804]: CROP, 1626309945301927354, LCY, 12
<134>2021-07-15T00:46:03Z cache-hkg17929 MEWElogs[334804]: CROP, 1626309963270375032, HKG, 12
<134>2021-07-15T00:46:05Z cache-cwb20520 MEWElogs[334804]: CROP, 1626309964469181267, CWB, 12
<134>2021-07-15T00:46:06Z cache-jnb7027 MEWElogs[334804]: CROP, 1626309965722195891, JNB, 12
<134>2021-07-15T00:46:23Z cache-mad22068 MEWElogs[334804]: CROP, 1626309983764306105, MAD, 12
<134>2021-07-15T00:46:30Z cache-iah17271 MEWElogs[334804]: CROP, 1626309989863427827, IAH, 12
<134>2021-07-15T00:46:34Z cache-jnb7027 MEWElogs[334804]: CROP, 1626309993330289863, JNB, 12
<134>2021-07-15T00:46:43Z cache-cwb20520 MEWElogs[334804]: CROP, 1626310002977407722, CWB, 12
<134>2021-07-15T00:47:00Z cache-bur17583 MEWElogs[334804]: CROP, 1626310019406562305, BUR, 12
<134>2021-07-15T00:47:03Z cache-iah17271 MEWElogs[334804]: CROP, 1626310023015652831, IAH, 12
<134>2021-07-15T00:47:27Z cache-lhr7382 MEWElogs[334804]: CROP, 1626310046013808725, LHR, 12
<134>2021-07-15T00:47:31Z cache-cwb20520 MEWElogs[334804]: CROP, 1626310050191617483, CWB, 12
<134>2021-07-15T00:47:37Z cache-iah17271 MEWElogs[334804]: CROP, 1626310056709376845, IAH, 12
<134>2021-07-15T00:47:52Z cache-den8274 MEWElogs[334804]: CROP, 1626310072167444168, DEN, 12
<134>2021-07-15T00:47:53Z cache-jnb7027 MEWElogs[334804]: CROP, 1626310072505818662, JNB, 12
<134>2021-07-15T00:48:02Z cache-dal21283 MEWElogs[334804]: CROP, 1626310082062399576, DAL, 12
<134>2021-07-15T00:48:08Z cache-bur17583 MEWElogs[334804]: CROP, 1626310087660694657, BUR, 12
