<134>2021-07-15T00:38:52Z cache-del21735 MEWElogs[400146]: CROP, 1626309530863457831, DEL, 12
<134>2021-07-15T00:38:52Z cache-akl10324 MEWElogs[400146]: CROP, 1626309531692146205, AKL, 12
<134>2021-07-15T00:38:55Z cache-bos4657 MEWElogs[400146]: CROP, 1626309534685167773, BOS, 12
<134>2021-07-15T00:39:00Z cache-chi21126 MEWElogs[400146]: CROP, 1626309539919349334, CHI, 12
<134>2021-07-15T00:39:08Z cache-pwk4920 MEWElogs[400146]: CROP, 1626309548196299536, PWK, 12
<134>2021-07-15T00:39:16Z cache-akl10324 MEWElogs[400146]: CROP, 1626309555138408508, AKL, 12
<134>2021-07-15T00:39:17Z cache-cph20625 MEWElogs[400146]: CROP, 1626309556352439351, CPH, 12
<134>2021-07-15T00:39:23Z cache-dfw18678 MEWElogs[400146]: CROP, 1626309562801669388, DFW, 12
<134>2021-07-15T00:39:33Z cache-hel6829 MEWElogs[400146]: CROP, 1626309572103642379, HEL, 12
<134>2021-07-15T00:39:35Z cache-fty21383 MEWElogs[400146]: CROP, 1626309574839185958, FTY, 12
<134>2021-07-15T00:39:43Z cache-pwk4920 MEWElogs[400146]: CROP, 1626309582363421649, PWK, 12
<134>2021-07-15T00:39:44Z cache-dub4329 MEWElogs[400146]: CROP, 1626309583339236701, DUB, 12
<134>2021-07-15T00:39:55Z cache-bos4657 MEWElogs[400146]: CROP, 1626309594289833263, BOS, 12
<134>2021-07-15T00:39:58Z cache-bos4657 MEWElogs[400146]: CROP, 1626309597982288295, BOS, 12
<134>2021-07-15T00:39:58Z cache-akl10324 MEWElogs[400146]: CROP, 1626309597353522877, AKL, 12
<134>2021-07-15T00:40:12Z cache-pwk4920 MEWElogs[400146]: CROP, 1626309612104356036, PWK, 12
<134>2021-07-15T00:40:13Z cache-dub4329 MEWElogs[400146]: CROP, 1626309612521838344, DUB, 12
<134>2021-07-15T00:40:16Z cache-pwk4920 MEWElogs[400146]: CROP, 1626309616477020403, PWK, 12
<134>2021-07-15T00:40:28Z cache-dub4329 MEWElogs[400146]: CROP, 1626309627377020236, DUB, 12
<134>2021-07-15T00:40:31Z cache-del21735 MEWElogs[400146]: CROP, 1626309630010387927, DEL, 12
<134>2021-07-15T00:40:33Z cache-chi21126 MEWElogs[400146]: CROP, 1626309632445112004, CHI, 12
<134>2021-07-15T00:40:37Z cache-dub4329 MEWElogs[400146]: CROP, 1626309636195652556, DUB, 12
<134>2021-07-15T00:40:39Z cache-iah17271 MEWElogs[400146]: CROP, 1626309638769714082, IAH, 12
<134>2021-07-15T00:40:43Z cache-bos4657 MEWElogs[400146]: CROP, 1626309642725232699, BOS, 12
<134>2021-07-15T00:40:45Z cache-del21735 MEWElogs[400146]: CROP, 1626309644459297660, DEL, 12
<134>2021-07-15T00:40:55Z cache-dfw18678 MEWElogs[400146]: CROP, 1626309654465668716, DFW, 12
<134>2021-07-15T00:41:14Z cache-cwb20520 MEWElogs[400146]: CROP, 1626309673753890444, CWB, 12
<134>2021-07-15T00:41:20Z cache-bos4657 MEWElogs[400146]: CROP, 1626309679944463534, BOS, 12
<134>2021-07-15T00:41:21Z cache-hel6829 MEWElogs[400146]: CROP, 1626309681171246198, HEL, 12
<134>2021-07-15T00:41:35Z cache-cwb20520 MEWElogs[400146]: CROP, 1626309694715384366, CWB, 12
<134>2021-07-15T00:41:36Z cache-dub4329 MEWElogs[400146]: CROP, 1626309695577693714, DUB, 12
<134>2021-07-15T00:41:43Z cache-jnb7027 MEWElogs[400146]: CROP, 1626309701973452440, JNB, 12
<134>2021-07-15T00:41:47Z cache-pwk4920 MEWElogs[400146]: CROP, 1626309706664763454, PWK, 12
<134>2021-07-15T00:41:59Z cache-iah17271 MEWElogs[400146]: CROP, 1626309718070001552, IAH, 12
<134>2021-07-15T00:41:59Z cache-hel6829 MEWElogs[400146]: CROP, 1626309718842002129, HEL, 12
<134>2021-07-15T00:41:59Z cache-dub4329 MEWElogs[400146]: CROP, 1626309718766936377, DUB, 12
<134>2021-07-15T00:42:02Z cache-jnb7027 MEWElogs[400146]: CROP, 1626309721699098566, JNB, 12
<134>2021-07-15T00:42:09Z cache-pwk4920 MEWElogs[400146]: CROP, 1626309728179549024, PWK, 12
<134>2021-07-15T00:42:16Z cache-hel6829 MEWElogs[400146]: CROP, 1626309735685089732, HEL, 12
<134>2021-07-15T00:42:16Z cache-pwk4920 MEWElogs[400146]: CROP, 1626309736674794947, PWK, 12
<134>2021-07-15T00:42:21Z cache-den8274 MEWElogs[400146]: CROP, 1626309741497043707, DEN, 12
<134>2021-07-15T00:42:22Z cache-akl10324 MEWElogs[400146]: CROP, 1626309741754593160, AKL, 12
<134>2021-07-15T00:42:34Z cache-pwk4920 MEWElogs[400146]: CROP, 1626309753912858627, PWK, 12
<134>2021-07-15T00:42:46Z cache-dal21283 MEWElogs[400146]: CROP, 1626309765836632963, DAL, 12
<134>2021-07-15T00:42:50Z cache-hel6829 MEWElogs[400146]: CROP, 1626309769223769009, HEL, 12
<134>2021-07-15T00:42:54Z cache-jnb7027 MEWElogs[400146]: CROP, 1626309772987679119, JNB, 12
<134>2021-07-15T00:42:57Z cache-iah17271 MEWElogs[400146]: CROP, 1626309777612717988, IAH, 12
<134>2021-07-15T00:43:02Z cache-iah17271 MEWElogs[400146]: CROP, 1626309782140459500, IAH, 12
<134>2021-07-15T00:43:29Z cache-jnb7027 MEWElogs[400146]: CROP, 1626309808550656803, JNB, 12
<134>2021-07-15T00:43:36Z cache-hel6829 MEWElogs[400146]: CROP, 1626309815552075902, HEL, 12
<134>2021-07-15T00:43:38Z cache-dal21283 MEWElogs[400146]: CROP, 1626309818759074955, DAL, 12
<134>2021-07-15T00:43:42Z cache-den8274 MEWElogs[400146]: CROP, 1626309822188675235, DEN, 12
<134>2021-07-15T00:43:44Z cache-dal21283 MEWElogs[400146]: CROP, 1626309823489417399, DAL, 12
<134>2021-07-15T00:43:55Z cache-mad22068 MEWElogs[400146]: CROP, 1626309833964365424, MAD, 12
<134>2021-07-15T00:43:58Z cache-dal21283 MEWElogs[400146]: CROP, 1626309838304673236, DAL, 12
<134>2021-07-15T00:44:00Z cache-den8274 MEWElogs[400146]: CROP, 1626309840092982574, DEN, 12
<134>2021-07-15T00:44:02Z cache-bur17583 MEWElogs[400146]: CROP, 1626309841902872337, BUR, 12
<134>2021-07-15T00:44:04Z cache-mad22068 MEWElogs[400146]: CROP, 1626309843602986971, MAD, 12
<134>2021-07-15T00:44:10Z cache-iah17271 MEWElogs[400146]: CROP, 1626309849353847047, IAH, 12
<134>2021-07-15T00:44:20Z cache-mrs10583 MEWElogs[400146]: CROP, 1626309859879334955, MRS, 12
<134>2021-07-15T00:44:28Z cache-jnb7027 MEWElogs[400146]: CROP, 1626309867369482746, JNB, 12
<134>2021-07-15T00:44:33Z cache-mad22068 MEWElogs[400146]: CROP, 1626309872667722707, MAD, 12
<134>2021-07-15T00:44:40Z cache-lcy19283 MEWElogs[400146]: CROP, 1626309879805952016, LCY, 12
<134>2021-07-15T00:44:41Z cache-mrs10583 MEWElogs[400146]: CROP, 1626309880381842952, MRS, 12
<134>2021-07-15T00:44:48Z cache-den8274 MEWElogs[400146]: CROP, 1626309886986142181, DEN, 12
<134>2021-07-15T00:44:49Z cache-mad22068 MEWElogs[400146]: CROP, 1626309888597796840, MAD, 12
<134>2021-07-15T00:44:58Z cache-bur17583 MEWElogs[400146]: CROP, 1626309897376536413, BUR, 12
<134>2021-07-15T00:45:01Z cache-mrs10583 MEWElogs[400146]: CROP, 1626309900681210633, MRS, 12
<134>2021-07-15T00:45:16Z cache-hkg17929 MEWElogs[400146]: CROP, 1626309915569450510, HKG, 12
<134>2021-07-15T00:45:22Z cache-mrs10583 MEWElogs[400146]: CROP, 1626309921133277469, MRS, 12
<134>2021-07-15T00:45:37Z cache-den8274 MEWElogs[400146]: CROP, 1626309937289740430, DEN, 12
<134>2021-07-15T00:45:44Z cache-cwb20520 MEWElogs[400146]: CROP, 1626309943008597439, CWB, 12
<134>2021-07-15T00:45:45Z cache-bur17583 MEWElogs[400146]: CROP, 1626309945065508980, BUR, 12
<134>2021-07-15T00:46:01Z cache-cwb20520 MEWElogs[400146]: CROP, 1626309960075744402, CWB, 12
<134>2021-07-15T00:46:04Z cache-den8274 MEWElogs[400146]: CROP, 1626309963188016433, DEN, 12
<134>2021-07-15T00:46:08Z cache-mrs10583 MEWElogs[400146]: CROP, 1626309967569436603, MRS, 12
<134>2021-07-15T00:46:11Z cache-mrs10583 MEWElogs[400146]: CROP, 1626309970434851738, MRS, 12
<134>2021-07-15T00:46:19Z cache-lcy19283 MEWElogs[400146]: CROP, 1626309978453768852, LCY, 12
<134>2021-07-15T00:46:33Z cache-den8274 MEWElogs[400146]: CROP, 1626309992429209087, DEN, 12
<134>2021-07-15T00:46:39Z cache-cwb20520 MEWElogs[400146]: CROP, 1626309998655344179, CWB, 12
<134>2021-07-15T00:46:46Z cache-bur17583 MEWElogs[400146]: CROP, 1626310005897720205, BUR, 12
<134>2021-07-15T00:46:52Z cache-lcy19283 MEWElogs[400146]: CROP, 1626310011291371116, LCY, 12
<134>2021-07-15T00:47:04Z cache-bur17583 MEWElogs[400146]: CROP, 1626310023776184625, BUR, 12
<134>2021-07-15T00:47:06Z cache-jnb7027 MEWElogs[400146]: CROP, 1626310025216504284, JNB, 12
<134>2021-07-15T00:47:09Z cache-den8274 MEWElogs[400146]: CROP, 1626310029297256176, DEN, 12
<134>2021-07-15T00:47:10Z cache-mad22068 MEWElogs[400146]: CROP, 1626310029202058973, MAD, 12
<134>2021-07-15T00:47:17Z cache-den8274 MEWElogs[400146]: CROP, 1626310036671099296, DEN, 12
<134>2021-07-15T00:47:19Z cache-mad22068 MEWElogs[400146]: CROP, 1626310038800100136, MAD, 12
<134>2021-07-15T00:47:25Z cache-bur17583 MEWElogs[400146]: CROP, 1626310044949444121, BUR, 12
<134>2021-07-15T00:47:35Z cache-cwb20520 MEWElogs[400146]: CROP, 1626310054434956105, CWB, 12
<134>2021-07-15T00:47:41Z cache-jnb7027 MEWElogs[400146]: CROP, 1626310060634476140, JNB, 12
<134>2021-07-15T00:47:44Z cache-den8274 MEWElogs[400146]: CROP, 1626310064895095806, DEN, 12
<134>2021-07-15T00:47:49Z cache-den8274 MEWElogs[400146]: CROP, 1626310068555650221, DEN, 12
<134>2021-07-15T00:48:09Z cache-mci5951 MEWElogs[400146]: CROP, 1626310088662127400, MCI, 12
<134>2021-07-15T00:48:10Z cache-iah17271 MEWElogs[400146]: CROP, 1626310089881085896, IAH, 12
<134>2021-07-15T00:48:10Z cache-mrs10583 MEWElogs[400146]: CROP, 1626310089761420664, MRS, 12
<134>2021-07-15T00:48:18Z cache-mci5951 MEWElogs[400146]: CROP, 1626310097480900157, MCI, 12
<134>2021-07-15T00:48:25Z cache-stp9226 MEWElogs[400146]: CROP, 1626310104587995086, STP, 12
<134>2021-07-15T00:48:27Z cache-dal21283 MEWElogs[400146]: CROP, 1626310106409143695, DAL, 12
<134>2021-07-15T00:48:32Z cache-hkg17929 MEWElogs[400146]: CROP, 1626310112409339496, HKG, 12
<134>2021-07-15T00:48:40Z cache-dal21283 MEWElogs[400146]: CROP, 1626310120085330016, DAL, 12
<134>2021-07-15T00:48:45Z cache-jax20933 MEWElogs[400146]: CROP, 1626310124840780615, JAX, 12
<134>2021-07-15T00:48:46Z cache-lhr7382 MEWElogs[400146]: CROP, 1626310125929106655, LHR, 12
