<134>2021-07-15T01:51:43Z cache-iah17271 MEWElogs[320228]: GRAY, 1626313902020402852, IAH, 13
<134>2021-07-15T01:51:50Z cache-hkg17929 MEWElogs[320228]: GRAY, 1626313909745961486, HKG, 13
<134>2021-07-15T01:52:07Z cache-mrs10583 MEWElogs[320228]: GRAY, 1626313926806476960, MRS, 13
<134>2021-07-15T01:52:50Z cache-stp9226 MEWElogs[320228]: GRAY, 1626313969487399398, STP, 13
<134>2021-07-15T01:52:55Z cache-mrs10583 MEWElogs[320228]: GRAY, 1626313974336063668, MRS, 13
<134>2021-07-15T01:53:09Z cache-bur17583 MEWElogs[320228]: GRAY, 1626313989514153912, BUR, 13
<134>2021-07-15T01:53:13Z cache-hkg17929 MEWElogs[320228]: GRAY, 1626313993256719483, HKG, 13
<134>2021-07-15T01:53:18Z cache-mrs10583 MEWElogs[320228]: GRAY, 1626313997851681992, MRS, 13
<134>2021-07-15T01:53:36Z cache-mci5951 MEWElogs[320228]: GRAY, 1626314015424792910, MCI, 13
<134>2021-07-15T01:53:51Z cache-stp9226 MEWElogs[320228]: GRAY, 1626314030551852487, STP, 13
<134>2021-07-15T01:54:16Z cache-dal21283 MEWElogs[320228]: GRAY, 1626314056399331987, DAL, 13
<134>2021-07-15T01:54:20Z cache-lhr7382 MEWElogs[320228]: GRAY, 1626314059679711936, LHR, 13
<134>2021-07-15T01:54:51Z cache-stp9226 MEWElogs[320228]: GRAY, 1626314091126823261, STP, 13
<134>2021-07-15T01:54:57Z cache-lhr7382 MEWElogs[320228]: GRAY, 1626314097186378351, LHR, 13
<134>2021-07-15T01:55:10Z cache-mia11368 MEWElogs[320228]: GRAY, 1626314109707128953, MIA, 13
<134>2021-07-15T01:55:16Z cache-lhr7382 MEWElogs[320228]: GRAY, 1626314115807566340, LHR, 13
<134>2021-07-15T01:55:29Z cache-mci5951 MEWElogs[320228]: GRAY, 1626314128593703883, MCI, 13
<134>2021-07-15T01:55:38Z cache-hkg17929 MEWElogs[320228]: GRAY, 1626314137505233550, HKG, 13
<134>2021-07-15T01:55:43Z cache-mci5951 MEWElogs[320228]: GRAY, 1626314142909966706, MCI, 13
<134>2021-07-15T01:56:00Z cache-stp9226 MEWElogs[320228]: GRAY, 1626314159099707801, STP, 13
<134>2021-07-15T01:56:01Z cache-jax20933 MEWElogs[320228]: GRAY, 1626314160662009250, JAX, 13
<134>2021-07-15T01:56:17Z cache-mia11368 MEWElogs[320228]: GRAY, 1626314177461040418, MIA, 13
<134>2021-07-15T01:56:52Z cache-jax20933 MEWElogs[320228]: GRAY, 1626314212826445084, JAX, 13
<134>2021-07-15T01:57:49Z cache-mci5951 MEWElogs[320228]: GRAY, 1626314268938413239, MCI, 13
<134>2021-07-15T01:57:59Z cache-man4150 MEWElogs[320228]: GRAY, 1626314278409603089, MAN, 13
<134>2021-07-15T01:58:03Z cache-jax20933 MEWElogs[320228]: GRAY, 1626314282470474856, JAX, 13
<134>2021-07-15T01:58:03Z cache-hkg17929 MEWElogs[320228]: GRAY, 1626314283080020450, HKG, 13
<134>2021-07-15T01:58:09Z cache-stp9226 MEWElogs[320228]: GRAY, 1626314288210786680, STP, 13
<134>2021-07-15T01:58:12Z cache-lhr7382 MEWElogs[320228]: GRAY, 1626314291878663511, LHR, 13
<134>2021-07-15T01:58:19Z cache-hkg17929 MEWElogs[320228]: GRAY, 1626314298163326431, HKG, 13
<134>2021-07-15T01:58:26Z cache-lhr7382 MEWElogs[320228]: GRAY, 1626314305778520259, LHR, 13
<134>2021-07-15T01:58:31Z cache-mci5951 MEWElogs[320228]: GRAY, 1626314311220462098, MCI, 13
<134>2021-07-15T01:58:43Z cache-stp9226 MEWElogs[320228]: GRAY, 1626314321971227742, STP, 13
<134>2021-07-15T01:58:49Z cache-hkg17929 MEWElogs[320228]: GRAY, 1626314328672272602, HKG, 13
<134>2021-07-15T01:58:50Z cache-lhr7382 MEWElogs[320228]: GRAY, 1626314329035545730, LHR, 13
<134>2021-07-15T01:59:00Z cache-lga21983 MEWElogs[320228]: GRAY, 1626314339805981118, LGA, 13
<134>2021-07-15T01:59:26Z cache-hkg17929 MEWElogs[320228]: GRAY, 1626314366401924556, HKG, 13
<134>2021-07-15T01:59:30Z cache-man4150 MEWElogs[320228]: GRAY, 1626314369897661172, MAN, 13
<134>2021-07-15T01:59:49Z cache-yul12826 MEWElogs[320228]: GRAY, 1626314388911713403, YUL, 13
<134>2021-07-15T02:00:19Z cache-lax10677 MEWElogs[320228]: GRAY, 1626314419001441804, LGB, 13
<134>2021-07-15T02:00:43Z cache-mel11272 MEWElogs[320228]: GRAY, 1626314443133324251, MEL, 13
<134>2021-07-15T02:00:46Z cache-lga21983 MEWElogs[320228]: GRAY, 1626314445703940232, LGA, 13
<134>2021-07-15T02:00:52Z cache-man4150 MEWElogs[320228]: GRAY, 1626314451343353239, MAN, 13
<134>2021-07-15T02:01:30Z cache-lax10677 MEWElogs[320228]: GRAY, 1626314489570081447, LGB, 13
