<134>2021-07-14T18:02:56Z cache-cgh11122 MEWElogs[400146]: FLIPH, 1626285775264614021, CGH, 10
<134>2021-07-14T18:03:20Z cache-pao17461 MEWElogs[400146]: FLIPH, 1626285800280102869, PAO, 10
<134>2021-07-14T18:03:36Z cache-cgh11122 MEWElogs[400146]: FLIPH, 1626285815879010021, CGH, 10
<134>2021-07-14T18:03:38Z cache-pao17461 MEWElogs[400146]: FLIPH, 1626285817923301912, PAO, -1
<134>2021-07-14T18:03:39Z cache-bma1628 MEWElogs[400146]: FLIPH, 1626285819198768529, BMA, 10
<134>2021-07-14T18:03:43Z cache-cgh11122 MEWElogs[400146]: FLIPH, 1626285823245185657, CGH, -1
<134>2021-07-14T18:03:48Z cache-tyo11974 MEWElogs[400146]: FLIPH, 1626285827692729229, TYO, 10
<134>2021-07-14T18:03:59Z cache-sea4483 MEWElogs[400146]: FLIPH, 1626285839178270915, SEA, 10
<134>2021-07-14T18:04:13Z cache-cgh11183 MEWElogs[400146]: FLIPH, 1626285853063241662, CGH, -1
<134>2021-07-14T18:04:13Z cache-tyo11974 MEWElogs[400146]: FLIPH, 1626285852718853497, TYO, -1
<134>2021-07-14T18:04:23Z cache-hnd18722 MEWElogs[400146]: FLIPH, 1626285862820372329, HND, 10
<134>2021-07-14T18:04:37Z cache-cgh11183 MEWElogs[400146]: FLIPH, 1626285876570953730, CGH, 10
<134>2021-07-14T18:04:44Z cache-cgh11183 MEWElogs[400146]: FLIPH, 1626285883886624281, CGH, -1
<134>2021-07-14T18:04:50Z cache-tyo11974 MEWElogs[400146]: FLIPH, 1626285889077750984, TYO, -1
<134>2021-07-14T18:04:51Z cache-sea4483 MEWElogs[400146]: FLIPH, 1626285890849009437, SEA, -1
<134>2021-07-14T18:05:18Z cache-sjc10078 MEWElogs[400146]: FLIPH, 1626285918003349159, SJC, 10
<134>2021-07-14T18:05:25Z cache-tyo11974 MEWElogs[400146]: FLIPH, 1626285925223598569, TYO, -1
<134>2021-07-14T18:05:25Z cache-cgh11122 MEWElogs[400146]: FLIPH, 1626285925908352063, CGH, -1
<134>2021-07-14T18:05:48Z cache-cgh11183 MEWElogs[400146]: FLIPH, 1626285948060598791, CGH, 10
<134>2021-07-14T18:06:15Z cache-cgh11183 MEWElogs[400146]: FLIPH, 1626285975508986474, CGH, -1
<134>2021-07-14T18:06:21Z cache-yyz4551 MEWElogs[400146]: FLIPH, 1626285980867516932, YYZ, -1
<134>2021-07-14T18:07:18Z cache-cgh11183 MEWElogs[400146]: FLIPH, 1626286036947236822, CGH, -1
<134>2021-07-14T18:07:38Z cache-cgh11183 MEWElogs[400146]: FLIPH, 1626286057440522497, CGH, -1
<134>2021-07-14T18:07:42Z cache-yyz4551 MEWElogs[400146]: FLIPH, 1626286062700215150, YYZ, -1
<134>2021-07-14T18:07:59Z cache-sjc10078 MEWElogs[400146]: FLIPH, 1626286078981689030, SJC, -1
<134>2021-07-14T18:08:28Z cache-bma1628 MEWElogs[400146]: FLIPH, 1626286107358624906, BMA, 10
<134>2021-07-14T18:08:44Z cache-vie21629 MEWElogs[400146]: FLIPH, 1626286123488492723, VIE, 10
<134>2021-07-14T18:08:49Z cache-tyo11974 MEWElogs[400146]: FLIPH, 1626286128556921584, TYO, -1
<134>2021-07-14T18:08:52Z cache-sea4483 MEWElogs[400146]: FLIPH, 1626286131250465515, SEA, -1
<134>2021-07-14T18:09:25Z cache-tyo11974 MEWElogs[400146]: FLIPH, 1626286164497079936, TYO, -1
<134>2021-07-14T18:09:32Z cache-sjc10078 MEWElogs[400146]: FLIPH, 1626286172248398850, SJC, -1
<134>2021-07-14T18:09:35Z cache-yyz4551 MEWElogs[400146]: FLIPH, 1626286175414065765, YYZ, 10
<134>2021-07-14T18:09:35Z cache-sea4483 MEWElogs[400146]: FLIPH, 1626286175243534901, SEA, -1
<134>2021-07-14T18:09:57Z cache-sjc10078 MEWElogs[400146]: FLIPH, 1626286196602034474, SJC, 10
<134>2021-07-14T18:10:07Z cache-sjc10078 MEWElogs[400146]: FLIPH, 1626286206909518392, SJC, 10
<134>2021-07-14T18:10:34Z cache-cgh11183 MEWElogs[400146]: FLIPH, 1626286233353804156, CGH, -1
<134>2021-07-14T18:10:35Z cache-sjc10078 MEWElogs[400146]: FLIPH, 1626286234432538305, SJC, -1
<134>2021-07-14T18:10:53Z cache-bma1628 MEWElogs[400146]: FLIPH, 1626286252874544607, BMA, -1
<134>2021-07-14T18:10:57Z cache-cgh11183 MEWElogs[400146]: FLIPH, 1626286256891037081, CGH, 10
<134>2021-07-14T18:10:59Z cache-yyz4551 MEWElogs[400146]: FLIPH, 1626286258717664816, YYZ, 10
<134>2021-07-14T18:11:19Z cache-sea4483 MEWElogs[400146]: FLIPH, 1626286278532125619, SEA, 10
<134>2021-07-14T18:11:28Z cache-cgh11183 MEWElogs[400146]: FLIPH, 1626286287721421941, CGH, 10
<134>2021-07-14T18:11:51Z cache-sea4483 MEWElogs[400146]: FLIPH, 1626286311747347935, SEA, 10
<134>2021-07-14T18:12:09Z cache-yyz4551 MEWElogs[400146]: FLIPH, 1626286328957962511, YYZ, -1
<134>2021-07-14T18:12:20Z cache-cgh11183 MEWElogs[400146]: FLIPH, 1626286339708290646, CGH, 10
<134>2021-07-14T18:12:49Z cache-cgh11183 MEWElogs[400146]: FLIPH, 1626286367996910877, CGH, -1
