<134>2021-07-14T21:30:39Z cache-del21735 MEWElogs[292213]: BLUR, 1626298238114545261, DEL, 11
<134>2021-07-14T21:30:40Z cache-akl10324 MEWElogs[292213]: BLUR, 1626298240197230800, AKL, 11
<134>2021-07-14T21:31:10Z cache-fty21383 MEWElogs[292213]: BLUR, 1626298269488812577, FTY, 11
<134>2021-07-14T21:31:10Z cache-pwk4920 MEWElogs[292213]: BLUR, 1626298270202136145, PWK, 11
<134>2021-07-14T21:31:14Z cache-dub4329 MEWElogs[292213]: BLUR, 1626298273349450166, DUB, 11
<134>2021-07-14T21:31:54Z cache-fty21383 MEWElogs[292213]: BLUR, 1626298313581337351, FTY, 11
<134>2021-07-14T21:33:20Z cache-hhn4077 MEWElogs[292213]: BLUR, 1626298399932646400, HHN, 11
<134>2021-07-14T21:34:01Z cache-dub4329 MEWElogs[292213]: BLUR, 1626298440714379168, DUB, 11
<134>2021-07-14T21:34:06Z cache-bos4657 MEWElogs[292213]: BLUR, 1626298445320240264, BOS, 11
<134>2021-07-14T21:34:20Z cache-dfw18678 MEWElogs[292213]: BLUR, 1626298459569553831, DFW, 11
<134>2021-07-14T21:34:36Z cache-del21735 MEWElogs[292213]: BLUR, 1626298475043573937, DEL, 11
<134>2021-07-14T21:35:23Z cache-akl10324 MEWElogs[292213]: BLUR, 1626298522915169841, AKL, 11
<134>2021-07-14T21:35:36Z cache-pwk4920 MEWElogs[292213]: BLUR, 1626298535341169169, PWK, 11
<134>2021-07-14T21:35:48Z cache-cph20625 MEWElogs[292213]: BLUR, 1626298547898505083, CPH, 11
<134>2021-07-14T21:36:18Z cache-hhn4077 MEWElogs[292213]: BLUR, 1626298578449543398, HHN, 11
<134>2021-07-14T21:36:34Z cache-dub4329 MEWElogs[292213]: BLUR, 1626298593847020194, DUB, 11
<134>2021-07-14T21:37:21Z cache-fty21383 MEWElogs[292213]: BLUR, 1626298640892963407, FTY, 11
<134>2021-07-14T21:37:46Z cache-del21735 MEWElogs[292213]: BLUR, 1626298666086291949, DEL, 11
<134>2021-07-14T21:38:04Z cache-cph20625 MEWElogs[292213]: BLUR, 1626298683732020335, CPH, 11
<134>2021-07-14T21:38:31Z cache-del21735 MEWElogs[292213]: BLUR, 1626298709898229042, DEL, 11
<134>2021-07-14T21:39:09Z cache-bos4657 MEWElogs[292213]: BLUR, 1626298748334130733, BOS, 11
<134>2021-07-14T21:39:26Z cache-pwk4920 MEWElogs[292213]: BLUR, 1626298765858211612, PWK, 11
<134>2021-07-14T21:39:57Z cache-hel6829 MEWElogs[292213]: BLUR, 1626298797093892803, HEL, 11
<134>2021-07-14T21:40:01Z cache-pwk4920 MEWElogs[292213]: BLUR, 1626298800998015486, PWK, 11
<134>2021-07-14T21:40:14Z cache-bos4657 MEWElogs[292213]: BLUR, 1626298814070327825, BOS, 11
