<134>2021-07-15T01:52:23Z cache-mia11368 MEWElogs[464521]: GRAY, 1626313943182784363, MIA, 13
<134>2021-07-15T01:52:40Z cache-lhr7382 MEWElogs[464521]: GRAY, 1626313960001360519, LHR, 13
<134>2021-07-15T01:52:54Z cache-mci5951 MEWElogs[464521]: GRAY, 1626313973409736820, MCI, 13
<134>2021-07-15T01:53:22Z cache-iah17271 MEWElogs[464521]: GRAY, 1626314001676945218, IAH, 13
<134>2021-07-15T01:53:32Z cache-bur17583 MEWElogs[464521]: GRAY, 1626314011262419061, BUR, 13
<134>2021-07-15T01:53:41Z cache-mad22068 MEWElogs[464521]: GRAY, 1626314020865115052, MAD, 13
<134>2021-07-15T01:53:44Z cache-stp9226 MEWElogs[464521]: GRAY, 1626314023834424000, STP, 13
<134>2021-07-15T01:53:47Z cache-mrs10583 MEWElogs[464521]: GRAY, 1626314026148398888, MRS, 13
<134>2021-07-15T01:53:53Z cache-dal21283 MEWElogs[464521]: GRAY, 1626314032818527959, DAL, 13
<134>2021-07-15T01:53:59Z cache-hkg17929 MEWElogs[464521]: GRAY, 1626314039399177269, HKG, 13
<134>2021-07-15T01:54:20Z cache-mrs10583 MEWElogs[464521]: GRAY, 1626314059522744880, MRS, 13
<134>2021-07-15T01:54:25Z cache-stp9226 MEWElogs[464521]: GRAY, 1626314064187683579, STP, 13
<134>2021-07-15T01:54:32Z cache-man4150 MEWElogs[464521]: GRAY, 1626314071318542743, MAN, 13
<134>2021-07-15T01:55:58Z cache-man4150 MEWElogs[464521]: GRAY, 1626314157589673776, MAN, 13
<134>2021-07-15T01:56:12Z cache-mci5951 MEWElogs[464521]: GRAY, 1626314171217677939, MCI, 13
<134>2021-07-15T01:56:19Z cache-mrs10583 MEWElogs[464521]: GRAY, 1626314178684241134, MRS, 13
<134>2021-07-15T01:56:47Z cache-hkg17929 MEWElogs[464521]: GRAY, 1626314206644773554, HKG, 13
<134>2021-07-15T01:57:18Z cache-jax20933 MEWElogs[464521]: GRAY, 1626314238676955713, JAX, 13
<134>2021-07-15T01:57:20Z cache-yul12826 MEWElogs[464521]: GRAY, 1626314239883845984, YUL, 13
<134>2021-07-15T01:57:25Z cache-hkg17929 MEWElogs[464521]: GRAY, 1626314244850304374, HKG, 13
<134>2021-07-15T01:58:03Z cache-mci5951 MEWElogs[464521]: GRAY, 1626314283365595839, MCI, 13
<134>2021-07-15T01:58:18Z cache-mrs10583 MEWElogs[464521]: GRAY, 1626314297460263286, MRS, 13
<134>2021-07-15T01:58:22Z cache-stp9226 MEWElogs[464521]: GRAY, 1626314301725962320, STP, 13
<134>2021-07-15T01:58:23Z cache-mrs10583 MEWElogs[464521]: GRAY, 1626314302232329068, MRS, 13
<134>2021-07-15T01:58:23Z cache-man4150 MEWElogs[464521]: GRAY, 1626314302429226339, MAN, 13
<134>2021-07-15T01:58:27Z cache-mrs10583 MEWElogs[464521]: GRAY, 1626314306962021438, MRS, 13
<134>2021-07-15T01:58:57Z cache-man4150 MEWElogs[464521]: GRAY, 1626314336144995927, MAN, 13
<134>2021-07-15T01:59:27Z cache-lga21983 MEWElogs[464521]: GRAY, 1626314366204728709, LGA, 13
<134>2021-07-15T01:59:35Z cache-man4150 MEWElogs[464521]: GRAY, 1626314374660803781, MAN, 13
<134>2021-07-15T01:59:40Z cache-man4150 MEWElogs[464521]: GRAY, 1626314379366354020, MAN, 13
<134>2021-07-15T01:59:49Z cache-man4150 MEWElogs[464521]: GRAY, 1626314388943367650, MAN, 13
<134>2021-07-15T01:59:57Z cache-stp9226 MEWElogs[464521]: GRAY, 1626314396155632994, STP, 13
<134>2021-07-15T01:59:57Z cache-mia11368 MEWElogs[464521]: GRAY, 1626314396957579607, MIA, 13
<134>2021-07-15T02:00:11Z cache-mia11368 MEWElogs[464521]: GRAY, 1626314411579722881, MIA, 13
<134>2021-07-15T02:00:34Z cache-mia11368 MEWElogs[464521]: GRAY, 1626314433426661333, MIA, 13
<134>2021-07-15T02:00:37Z cache-mel11272 MEWElogs[464521]: GRAY, 1626314436274184462, MEL, 13
<134>2021-07-15T02:02:16Z cache-hkg17929 MEWElogs[464521]: GRAY, 1626314536522068934, HKG, 13
