<134>2021-07-15T04:27:03Z cache-bos4657 MEWElogs[390968]: ROTATE, 1626323222527444652, BOS, 15
<134>2021-07-15T04:27:12Z cache-hhn4077 MEWElogs[390968]: ROTATE, 1626323231740662815, HHN, 15
<134>2021-07-15T04:27:16Z cache-chi21126 MEWElogs[390968]: ROTATE, 1626323236316861121, CHI, 15
<134>2021-07-15T04:27:17Z cache-del21735 MEWElogs[390968]: ROTATE, 1626323237325631982, DEL, 15
<134>2021-07-15T04:27:18Z cache-pwk4920 MEWElogs[390968]: ROTATE, 1626323237867516359, PWK, 15
<134>2021-07-15T04:27:25Z cache-cwb20520 MEWElogs[390968]: ROTATE, 1626323244189704439, CWB, 15
<134>2021-07-15T04:27:27Z cache-akl10324 MEWElogs[390968]: ROTATE, 1626323246462461514, AKL, 15
<134>2021-07-15T04:27:31Z cache-bos4657 MEWElogs[390968]: ROTATE, 1626323250047576531, BOS, 15
<134>2021-07-15T04:27:39Z cache-pwk4920 MEWElogs[390968]: ROTATE, 1626323258287213272, PWK, 15
<134>2021-07-15T04:27:59Z cache-dub4329 MEWElogs[390968]: ROTATE, 1626323278718332364, DUB, 15
<134>2021-07-15T04:28:07Z cache-dub4329 MEWElogs[390968]: ROTATE, 1626323286543725887, DUB, 15
<134>2021-07-15T04:28:13Z cache-del21735 MEWElogs[390968]: ROTATE, 1626323291960238714, DEL, 15
<134>2021-07-15T04:28:30Z cache-del21735 MEWElogs[390968]: ROTATE, 1626323310281980315, DEL, 15
<134>2021-07-15T04:28:33Z cache-fty21383 MEWElogs[390968]: ROTATE, 1626323312178266266, FTY, 15
<134>2021-07-15T04:29:00Z cache-pwk4920 MEWElogs[390968]: ROTATE, 1626323339711259335, PWK, 15
<134>2021-07-15T04:29:46Z cache-akl10324 MEWElogs[390968]: ROTATE, 1626323385187378066, AKL, 15
<134>2021-07-15T04:30:08Z cache-dfw18678 MEWElogs[390968]: ROTATE, 1626323407665131938, DFW, 15
<134>2021-07-15T04:30:27Z cache-dub4329 MEWElogs[390968]: ROTATE, 1626323426501115736, DUB, 15
<134>2021-07-15T04:30:31Z cache-chi21126 MEWElogs[390968]: ROTATE, 1626323431331534261, CHI, 15
<134>2021-07-15T04:30:33Z cache-bos4657 MEWElogs[390968]: ROTATE, 1626323432812338414, BOS, 15
<134>2021-07-15T04:30:43Z cache-dub4329 MEWElogs[390968]: ROTATE, 1626323441985702918, DUB, 15
<134>2021-07-15T04:30:51Z cache-pwk4920 MEWElogs[390968]: ROTATE, 1626323451282811756, PWK, 15
<134>2021-07-15T04:30:52Z cache-bos4657 MEWElogs[390968]: ROTATE, 1626323451149865940, BOS, 15
<134>2021-07-15T04:31:24Z cache-cwb20520 MEWElogs[390968]: ROTATE, 1626323483135264947, CWB, 15
<134>2021-07-15T04:31:45Z cache-fty21383 MEWElogs[390968]: ROTATE, 1626323504667161126, FTY, 15
<134>2021-07-15T04:31:56Z cache-chi21126 MEWElogs[390968]: ROTATE, 1626323515733901149, CHI, 15
<134>2021-07-15T04:32:12Z cache-pwk4920 MEWElogs[390968]: ROTATE, 1626323532418309798, PWK, 15
<134>2021-07-15T04:32:18Z cache-del21735 MEWElogs[390968]: ROTATE, 1626323537741508453, DEL, 15
<134>2021-07-15T04:32:39Z cache-hhn4077 MEWElogs[390968]: ROTATE, 1626323559055011974, HHN, 15
<134>2021-07-15T04:32:42Z cache-pwk4920 MEWElogs[390968]: ROTATE, 1626323562667860781, PWK, 15
<134>2021-07-15T04:32:43Z cache-cwb20520 MEWElogs[390968]: ROTATE, 1626323562629733168, CWB, 15
<134>2021-07-15T04:33:04Z cache-del21735 MEWElogs[390968]: ROTATE, 1626323583775321976, DEL, 15
<134>2021-07-15T04:33:53Z cache-pwk4920 MEWElogs[390968]: ROTATE, 1626323632799066346, PWK, 15
<134>2021-07-15T04:33:57Z cache-chi21126 MEWElogs[390968]: ROTATE, 1626323637001093608, CHI, 15
<134>2021-07-15T04:34:44Z cache-dub4329 MEWElogs[390968]: ROTATE, 1626323683341831083, DUB, 15
<134>2021-07-15T04:34:45Z cache-hhn4077 MEWElogs[390968]: ROTATE, 1626323684408248406, HHN, 15
<134>2021-07-15T04:34:49Z cache-chi21126 MEWElogs[390968]: ROTATE, 1626323688377984613, CHI, 15
<134>2021-07-15T04:35:02Z cache-akl10324 MEWElogs[390968]: ROTATE, 1626323701419374168, AKL, 15
<134>2021-07-15T04:35:08Z cache-dfw18678 MEWElogs[390968]: ROTATE, 1626323707192842376, DFW, 15
<134>2021-07-15T04:35:48Z cache-del21735 MEWElogs[390968]: ROTATE, 1626323747684611928, DEL, 15
<134>2021-07-15T04:35:56Z cache-fty21383 MEWElogs[390968]: ROTATE, 1626323755328105208, FTY, 15
<134>2021-07-15T04:36:09Z cache-dub4329 MEWElogs[390968]: ROTATE, 1626323768158615182, DUB, 15
<134>2021-07-15T04:36:37Z cache-dfw18678 MEWElogs[390968]: ROTATE, 1626323796872716770, DFW, 15
<134>2021-07-15T04:36:47Z cache-dub4329 MEWElogs[390968]: ROTATE, 1626323806583777779, DUB, 15
