<134>2021-07-14T16:41:51Z cache-bog6425 MEWElogs[400146]: FLIPH, 1626280911252855444, BOG, -1
<134>2021-07-14T16:41:55Z cache-cmh21547 MEWElogs[400146]: FLIPH, 1626280914190151687, CMH, -1
<134>2021-07-14T16:41:58Z cache-pdk17882 MEWElogs[400146]: FLIPH, 1626280917337146791, PDK, -1
<134>2021-07-14T16:42:04Z cache-bog6425 MEWElogs[400146]: FLIPH, 1626280923858182339, BOG, 10
<134>2021-07-14T16:42:06Z cache-cmh21547 MEWElogs[400146]: FLIPH, 1626280925132599113, CMH, -1
<134>2021-07-14T16:42:18Z cache-eze19324 MEWElogs[400146]: FLIPH, 1626280937822885482, EZE, -1
<134>2021-07-14T16:42:21Z cache-dca17782 MEWElogs[400146]: FLIPH, 1626280941081688514, DCA, 10
<134>2021-07-14T16:42:31Z cache-mdw17383 MEWElogs[400146]: FLIPH, 1626280950906693154, MDW, 10
<134>2021-07-14T16:42:44Z cache-eze19324 MEWElogs[400146]: FLIPH, 1626280964089635413, EZE, 10
<134>2021-07-14T16:42:50Z cache-bog6425 MEWElogs[400146]: FLIPH, 1626280970065779430, BOG, -1
<134>2021-07-14T16:42:53Z cache-cmh21547 MEWElogs[400146]: FLIPH, 1626280972425729547, CMH, 10
<134>2021-07-14T16:43:00Z cache-wdc5583 MEWElogs[400146]: FLIPH, 1626280980736957335, WDC, 10
<134>2021-07-14T16:43:08Z cache-eze19324 MEWElogs[400146]: FLIPH, 1626280987964534329, EZE, 10
<134>2021-07-14T16:43:15Z cache-cmh21547 MEWElogs[400146]: FLIPH, 1626280994062477765, CMH, 10
<134>2021-07-14T16:43:32Z cache-wdc5583 MEWElogs[400146]: FLIPH, 1626281011619389100, WDC, 10
<134>2021-07-14T16:43:47Z cache-cmh21547 MEWElogs[400146]: FLIPH, 1626281026680461705, CMH, 10
<134>2021-07-14T16:44:09Z cache-cmh21547 MEWElogs[400146]: FLIPH, 1626281048252324713, CMH, 10
<134>2021-07-14T16:44:12Z cache-wdc5583 MEWElogs[400146]: FLIPH, 1626281052196583619, WDC, 10
<134>2021-07-14T16:44:31Z cache-cph20625 MEWElogs[400146]: FLIPH, 1626281070707489369, CPH, -1
<134>2021-07-14T16:44:34Z cache-mdw17383 MEWElogs[400146]: FLIPH, 1626281073979955242, MDW, 10
<134>2021-07-14T16:44:37Z cache-cmh21547 MEWElogs[400146]: FLIPH, 1626281077076121151, CMH, -1
<134>2021-07-14T16:44:52Z cache-mdw17383 MEWElogs[400146]: FLIPH, 1626281092873843812, MDW, -1
<134>2021-07-14T16:44:59Z cache-del21735 MEWElogs[400146]: FLIPH, 1626281098727165285, DEL, -1
<134>2021-07-14T16:45:14Z cache-fty21383 MEWElogs[400146]: FLIPH, 1626281113018222968, FTY, -1
<134>2021-07-14T16:45:16Z cache-cph20625 MEWElogs[400146]: FLIPH, 1626281115790451855, CPH, -1
<134>2021-07-14T16:45:19Z cache-akl10324 MEWElogs[400146]: FLIPH, 1626281118065251321, AKL, -1
<134>2021-07-14T16:45:28Z cache-del21735 MEWElogs[400146]: FLIPH, 1626281126995271371, DEL, -1
<134>2021-07-14T16:45:32Z cache-cph20625 MEWElogs[400146]: FLIPH, 1626281131066201832, CPH, 10
<134>2021-07-14T16:45:38Z cache-cph20625 MEWElogs[400146]: FLIPH, 1626281138091159895, CPH, -1
<134>2021-07-14T16:45:45Z cache-chi21126 MEWElogs[400146]: FLIPH, 1626281145000202860, CHI, -1
<134>2021-07-14T16:45:46Z cache-fty21383 MEWElogs[400146]: FLIPH, 1626281146684985009, FTY, -1
<134>2021-07-14T16:45:55Z cache-fty21383 MEWElogs[400146]: FLIPH, 1626281154904464922, FTY, -1
<134>2021-07-14T16:46:05Z cache-del21735 MEWElogs[400146]: FLIPH, 1626281164976003788, DEL, -1
<134>2021-07-14T16:46:24Z cache-dub4329 MEWElogs[400146]: FLIPH, 1626281183760211790, DUB, 10
<134>2021-07-14T16:46:25Z cache-eze19324 MEWElogs[400146]: FLIPH, 1626281185660572389, EZE, -1
<134>2021-07-14T16:46:25Z cache-dfw18678 MEWElogs[400146]: FLIPH, 1626281184994219378, DFW, 10
<134>2021-07-14T16:46:29Z cache-eze19324 MEWElogs[400146]: FLIPH, 1626281188835255001, EZE, 10
<134>2021-07-14T16:46:34Z cache-cph20625 MEWElogs[400146]: FLIPH, 1626281193138743176, CPH, -1
<134>2021-07-14T16:46:46Z cache-hhn4077 MEWElogs[400146]: FLIPH, 1626281206642780926, HHN, -1
<134>2021-07-14T16:46:55Z cache-dfw18678 MEWElogs[400146]: FLIPH, 1626281214374846357, DFW, -1
<134>2021-07-14T16:47:00Z cache-fty21383 MEWElogs[400146]: FLIPH, 1626281220361591500, FTY, -1
<134>2021-07-14T16:47:06Z cache-bos4657 MEWElogs[400146]: FLIPH, 1626281226188059405, BOS, -1
<134>2021-07-14T16:47:08Z cache-dub4329 MEWElogs[400146]: FLIPH, 1626281228113268276, DUB, -1
<134>2021-07-14T16:47:11Z cache-dub4329 MEWElogs[400146]: FLIPH, 1626281230748486946, DUB, 10
<134>2021-07-14T16:47:24Z cache-dub4329 MEWElogs[400146]: FLIPH, 1626281243870783764, DUB, -1
<134>2021-07-14T16:47:34Z cache-cph20625 MEWElogs[400146]: FLIPH, 1626281253365485190, CPH, 10
<134>2021-07-14T16:47:46Z cache-hhn4077 MEWElogs[400146]: FLIPH, 1626281266307488839, HHN, 10
<134>2021-07-14T16:47:54Z cache-bos4657 MEWElogs[400146]: FLIPH, 1626281274461343191, BOS, 10
<134>2021-07-14T16:47:59Z cache-akl10324 MEWElogs[400146]: FLIPH, 1626281278386510215, AKL, -1
<134>2021-07-14T16:48:30Z cache-pwk4920 MEWElogs[400146]: FLIPH, 1626281309143162320, PWK, 10
<134>2021-07-14T16:48:36Z cache-chi21126 MEWElogs[400146]: FLIPH, 1626281315359069519, CHI, -1
<134>2021-07-14T16:48:41Z cache-cph20625 MEWElogs[400146]: FLIPH, 1626281320532192348, CPH, 10
<134>2021-07-14T16:48:52Z cache-fty21383 MEWElogs[400146]: FLIPH, 1626281331511318644, FTY, 10
<134>2021-07-14T16:49:09Z cache-fty21383 MEWElogs[400146]: FLIPH, 1626281348172543279, FTY, 10
<134>2021-07-14T16:49:17Z cache-fty21383 MEWElogs[400146]: FLIPH, 1626281356623946924, FTY, 10
<134>2021-07-14T16:49:26Z cache-cph20625 MEWElogs[400146]: FLIPH, 1626281365198666202, CPH, 10
<134>2021-07-14T16:49:30Z cache-dub4329 MEWElogs[400146]: FLIPH, 1626281370240622948, DUB, -1
<134>2021-07-14T16:49:36Z cache-dfw18678 MEWElogs[400146]: FLIPH, 1626281375891436537, DFW, 10
<134>2021-07-14T16:49:42Z cache-fty21383 MEWElogs[400146]: FLIPH, 1626281381585777848, FTY, 10
<134>2021-07-14T16:49:43Z cache-bos4657 MEWElogs[400146]: FLIPH, 1626281382824458210, BOS, 10
<134>2021-07-14T16:49:46Z cache-dub4329 MEWElogs[400146]: FLIPH, 1626281386006221909, DUB, -1
<134>2021-07-14T16:50:07Z cache-fty21383 MEWElogs[400146]: FLIPH, 1626281406695285789, FTY, 10
<134>2021-07-14T16:50:28Z cache-bos4657 MEWElogs[400146]: FLIPH, 1626281427731525944, BOS, 10
<134>2021-07-14T16:50:29Z cache-chi21126 MEWElogs[400146]: FLIPH, 1626281429003757183, CHI, -1
<134>2021-07-14T16:50:43Z cache-bos4657 MEWElogs[400146]: FLIPH, 1626281443254457003, BOS, -1
<134>2021-07-14T16:50:52Z cache-bos4657 MEWElogs[400146]: FLIPH, 1626281452015463692, BOS, -1
<134>2021-07-14T16:50:58Z cache-dub4329 MEWElogs[400146]: FLIPH, 1626281458318590778, DUB, -1
<134>2021-07-14T16:51:03Z cache-fty21383 MEWElogs[400146]: FLIPH, 1626281462100982408, FTY, -1
<134>2021-07-14T16:51:17Z cache-pwk4920 MEWElogs[400146]: FLIPH, 1626281476028847932, PWK, -1
<134>2021-07-14T16:51:24Z cache-dub4329 MEWElogs[400146]: FLIPH, 1626281484374287340, DUB, 10
<134>2021-07-14T16:51:26Z cache-fty21383 MEWElogs[400146]: FLIPH, 1626281486740976894, FTY, -1
<134>2021-07-14T16:51:38Z cache-del21735 MEWElogs[400146]: FLIPH, 1626281498650736018, DEL, 10
<134>2021-07-14T16:51:49Z cache-bos4657 MEWElogs[400146]: FLIPH, 1626281509156404232, BOS, 10
