<134>2021-07-14T22:33:46Z cache-hkg17929 MEWElogs[355776]: BLUR, 1626302025782353137, HKG, 11
<134>2021-07-14T22:34:17Z cache-mia11368 MEWElogs[355776]: BLUR, 1626302056212416060, MIA, 11
<134>2021-07-14T22:34:40Z cache-stp9226 MEWElogs[355776]: BLUR, 1626302079915184261, STP, 11
<134>2021-07-14T22:35:51Z cache-mci5951 MEWElogs[355776]: BLUR, 1626302150513926917, MCI, 11
<134>2021-07-14T22:35:59Z cache-yul12826 MEWElogs[355776]: BLUR, 1626302158359285886, YUL, 11
<134>2021-07-14T22:36:57Z cache-yul12826 MEWElogs[355776]: BLUR, 1626302217207943218, YUL, 11
<134>2021-07-14T22:37:22Z cache-mia11368 MEWElogs[355776]: BLUR, 1626302241469362859, MIA, 11
<134>2021-07-14T22:38:03Z cache-man4150 MEWElogs[355776]: BLUR, 1626302283111675594, MAN, 11
<134>2021-07-14T22:38:41Z cache-yul12826 MEWElogs[355776]: BLUR, 1626302321142764960, YUL, 11
<134>2021-07-14T22:38:44Z cache-lga21983 MEWElogs[355776]: BLUR, 1626302323901200433, LGA, 11
<134>2021-07-14T22:39:20Z cache-stp9226 MEWElogs[355776]: BLUR, 1626302359340769925, STP, 11
<134>2021-07-14T22:39:40Z cache-mel11272 MEWElogs[355776]: BLUR, 1626302379364036570, MEL, 11
<134>2021-07-14T22:40:42Z cache-man4150 MEWElogs[355776]: BLUR, 1626302442224799467, MAN, 11
<134>2021-07-14T22:40:54Z cache-stp9226 MEWElogs[355776]: BLUR, 1626302453130711372, STP, 11
<134>2021-07-14T22:41:14Z cache-stp9226 MEWElogs[355776]: BLUR, 1626302473023744353, STP, 11
<134>2021-07-14T22:41:17Z cache-mel11272 MEWElogs[355776]: BLUR, 1626302476832056807, MEL, 11
<134>2021-07-14T22:41:36Z cache-lga21983 MEWElogs[355776]: BLUR, 1626302496115670621, LGA, 11
<134>2021-07-14T22:42:40Z cache-man4150 MEWElogs[355776]: BLUR, 1626302559419897385, MAN, 11
<134>2021-07-14T22:42:41Z cache-yul12826 MEWElogs[355776]: BLUR, 1626302560801703158, YUL, 11
<134>2021-07-14T22:43:01Z cache-lga21983 MEWElogs[355776]: BLUR, 1626302581159832389, LGA, 11
<134>2021-07-14T22:43:09Z cache-man4150 MEWElogs[355776]: BLUR, 1626302588891665154, MAN, 11
<134>2021-07-14T22:43:37Z cache-mia11368 MEWElogs[355776]: BLUR, 1626302616123419746, MIA, 11
