<134>2021-07-15T07:32:44Z cache-lga21983 MEWElogs[216063]: UNSH, 1626334363155588021, LGA, 16
<134>2021-07-15T07:32:45Z cache-jax20933 MEWElogs[216063]: UNSH, 1626334364653278690, JAX, 16
<134>2021-07-15T07:32:55Z cache-osl6529 MEWElogs[216063]: UNSH, 1626334374764633666, OSL, 16
<134>2021-07-15T07:33:13Z cache-osl6529 MEWElogs[216063]: UNSH, 1626334392266799301, OSL, 16
<134>2021-07-15T07:33:30Z cache-osl6529 MEWElogs[216063]: UNSH, 1626334409900986660, OSL, 16
<134>2021-07-15T07:33:32Z cache-lga21983 MEWElogs[216063]: UNSH, 1626334411693402667, LGA, 16
<134>2021-07-15T07:33:54Z cache-lax10677 MEWElogs[216063]: UNSH, 1626334433148024731, LGB, 16
<134>2021-07-15T07:33:59Z cache-man4150 MEWElogs[216063]: UNSH, 1626334438188442178, MAN, 16
<134>2021-07-15T07:34:08Z cache-bom4751 MEWElogs[216063]: UNSH, 1626334447587514305, BOM, 16
<134>2021-07-15T07:34:25Z cache-man4150 MEWElogs[216063]: UNSH, 1626334464210629277, MAN, 16
<134>2021-07-15T07:34:34Z cache-lhr7382 MEWElogs[216063]: UNSH, 1626334474473762554, LHR, 16
<134>2021-07-15T07:34:43Z cache-ewr18156 MEWElogs[216063]: UNSH, 1626334482399883878, EWR, 16
<134>2021-07-15T07:34:51Z cache-osl6529 MEWElogs[216063]: UNSH, 1626334490400388704, OSL, 16
<134>2021-07-15T07:34:52Z cache-ewr18156 MEWElogs[216063]: UNSH, 1626334491276790033, EWR, 16
<134>2021-07-15T07:35:11Z cache-lax10677 MEWElogs[216063]: UNSH, 1626334510628825974, LGB, 16
<134>2021-07-15T07:35:18Z cache-cdg20720 MEWElogs[216063]: UNSH, 1626334517864719592, CDG, 16
<134>2021-07-15T07:35:22Z cache-lax10677 MEWElogs[216063]: UNSH, 1626334521764888799, LGB, 16
<134>2021-07-15T07:36:00Z cache-man4150 MEWElogs[216063]: UNSH, 1626334560140325526, MAN, 16
<134>2021-07-15T07:36:03Z cache-osl6529 MEWElogs[216063]: UNSH, 1626334562434572513, OSL, 16
<134>2021-07-15T07:36:07Z cache-mel11272 MEWElogs[216063]: UNSH, 1626334566240370868, MEL, 16
<134>2021-07-15T07:36:15Z cache-lax10677 MEWElogs[216063]: UNSH, 1626334574219987822, LGB, 16
<134>2021-07-15T07:36:32Z cache-lhr7382 MEWElogs[216063]: UNSH, 1626334591348285254, LHR, 16
<134>2021-07-15T07:36:51Z cache-lga21983 MEWElogs[216063]: UNSH, 1626334610541549085, LGA, 16
<134>2021-07-15T07:37:10Z cache-man4150 MEWElogs[216063]: UNSH, 1626334629924773680, MAN, 16
<134>2021-07-15T07:37:18Z cache-lhr7382 MEWElogs[216063]: UNSH, 1626334637571025459, LHR, 16
<134>2021-07-15T07:37:30Z cache-lax10677 MEWElogs[216063]: UNSH, 1626334649475846489, LGB, 16
<134>2021-07-15T07:38:32Z cache-lax10677 MEWElogs[216063]: UNSH, 1626334711475253058, LGB, 16
<134>2021-07-15T07:38:36Z cache-ewr18156 MEWElogs[216063]: UNSH, 1626334716209241621, EWR, 16
<134>2021-07-15T07:38:48Z cache-cdg20720 MEWElogs[216063]: UNSH, 1626334728492035355, CDG, 16
<134>2021-07-15T07:39:23Z cache-man4150 MEWElogs[216063]: UNSH, 1626334762348525200, MAN, 16
<134>2021-07-15T07:39:42Z cache-lhr7382 MEWElogs[216063]: UNSH, 1626334781801136394, LHR, 16
<134>2021-07-15T07:40:40Z cache-ewr18156 MEWElogs[216063]: UNSH, 1626334839956284742, EWR, 16
<134>2021-07-15T07:40:50Z cache-man4150 MEWElogs[216063]: UNSH, 1626334850446158301, MAN, 16
<134>2021-07-15T07:40:52Z cache-bom4751 MEWElogs[216063]: UNSH, 1626334851583944539, BOM, 16
<134>2021-07-15T07:41:02Z cache-ewr18156 MEWElogs[216063]: UNSH, 1626334861216692657, EWR, 16
<134>2021-07-15T07:41:02Z cache-lax10677 MEWElogs[216063]: UNSH, 1626334861927344355, LGB, 16
<134>2021-07-15T07:41:30Z cache-ewr18156 MEWElogs[216063]: UNSH, 1626334889567506976, EWR, 16
<134>2021-07-15T07:41:40Z cache-cdg20720 MEWElogs[216063]: UNSH, 1626334899984364384, CDG, 16
<134>2021-07-15T07:41:41Z cache-jax20933 MEWElogs[216063]: UNSH, 1626334900595495259, JAX, 16
<134>2021-07-15T07:41:49Z cache-lhr7382 MEWElogs[216063]: UNSH, 1626334908891315251, LHR, 16
<134>2021-07-15T07:42:01Z cache-cdg20720 MEWElogs[216063]: UNSH, 1626334920992782767, CDG, 16
<134>2021-07-15T07:42:12Z cache-osl6529 MEWElogs[216063]: UNSH, 1626334932529913511, OSL, 16
<134>2021-07-15T07:42:15Z cache-lga21983 MEWElogs[216063]: UNSH, 1626334934488212483, LGA, 16
<134>2021-07-15T07:42:31Z cache-osl6529 MEWElogs[216063]: UNSH, 1626334950296970072, OSL, 16
