<134>2021-07-15T02:22:27Z cache-sjc10078 MEWElogs[390968]: GRAY, 1626315747424191873, SJC, 13
<134>2021-07-15T02:22:38Z cache-cgh11122 MEWElogs[390968]: GRAY, 1626315757289375145, CGH, 13
<134>2021-07-15T02:22:44Z cache-cgh11122 MEWElogs[390968]: GRAY, 1626315764119267153, CGH, 13
<134>2021-07-15T02:24:18Z cache-yyz4551 MEWElogs[390968]: GRAY, 1626315858465528841, YYZ, 13
<134>2021-07-15T02:24:32Z cache-yyz4551 MEWElogs[390968]: GRAY, 1626315871454841788, YYZ, 13
<134>2021-07-15T02:24:44Z cache-yyz4551 MEWElogs[390968]: GRAY, 1626315884287045827, YYZ, 13
<134>2021-07-15T02:24:48Z cache-bma1628 MEWElogs[390968]: GRAY, 1626315887910170170, BMA, 13
<134>2021-07-15T02:24:50Z cache-cgh11183 MEWElogs[390968]: GRAY, 1626315889645910271, CGH, 13
<134>2021-07-15T02:25:01Z cache-tyo11974 MEWElogs[390968]: GRAY, 1626315900848920520, TYO, 13
<134>2021-07-15T02:25:18Z cache-sea4483 MEWElogs[390968]: GRAY, 1626315917746125066, SEA, 13
<134>2021-07-15T02:25:21Z cache-tyo11974 MEWElogs[390968]: GRAY, 1626315919938825831, TYO, 13
<134>2021-07-15T02:25:28Z cache-yyz4551 MEWElogs[390968]: GRAY, 1626315928432355616, YYZ, 13
<134>2021-07-15T02:25:35Z cache-sjc10078 MEWElogs[390968]: GRAY, 1626315934511097775, SJC, 13
<134>2021-07-15T02:25:39Z cache-cgh11183 MEWElogs[390968]: GRAY, 1626315938142584307, CGH, 13
<134>2021-07-15T02:25:39Z cache-tyo11974 MEWElogs[390968]: GRAY, 1626315938614349887, TYO, 13
<134>2021-07-15T02:25:52Z cache-bma1628 MEWElogs[390968]: GRAY, 1626315951874588393, BMA, 13
<134>2021-07-15T02:26:17Z cache-tyo11974 MEWElogs[390968]: GRAY, 1626315976635697643, TYO, 13
<134>2021-07-15T02:27:22Z cache-tyo11974 MEWElogs[390968]: GRAY, 1626316040939995032, TYO, 13
<134>2021-07-15T02:27:55Z cache-bma1628 MEWElogs[390968]: GRAY, 1626316074074080824, BMA, 13
<134>2021-07-15T02:27:56Z cache-cgh11183 MEWElogs[390968]: GRAY, 1626316075129623301, CGH, 13
<134>2021-07-15T02:28:07Z cache-yyz4551 MEWElogs[390968]: GRAY, 1626316086189506311, YYZ, 13
<134>2021-07-15T02:28:44Z cache-yyz4551 MEWElogs[390968]: GRAY, 1626316124405890017, YYZ, 13
<134>2021-07-15T02:29:08Z cache-vie21629 MEWElogs[390968]: GRAY, 1626316147906555212, VIE, 13
<134>2021-07-15T02:29:46Z cache-bma1628 MEWElogs[390968]: GRAY, 1626316185527916273, BMA, 13
<134>2021-07-15T02:30:20Z cache-sea4483 MEWElogs[390968]: GRAY, 1626316220356396881, SEA, 13
<134>2021-07-15T02:31:24Z cache-yyz4551 MEWElogs[390968]: GRAY, 1626316283151888120, YYZ, 13
<134>2021-07-15T02:31:42Z cache-yyz4551 MEWElogs[390968]: GRAY, 1626316302180087425, YYZ, 13
