<134>2021-07-14T21:21:00Z cache-fty21383 MEWElogs[355776]: BLUR, 1626297659030844040, FTY, 11
<134>2021-07-14T21:21:21Z cache-dfw18678 MEWElogs[355776]: BLUR, 1626297680692563577, DFW, 11
<134>2021-07-14T21:21:21Z cache-eze19324 MEWElogs[355776]: BLUR, 1626297680651745779, EZE, 11
<134>2021-07-14T21:21:30Z cache-del21735 MEWElogs[355776]: BLUR, 1626297689273117163, DEL, 11
<134>2021-07-14T21:21:44Z cache-del21735 MEWElogs[355776]: BLUR, 1626297703628332040, DEL, 11
<134>2021-07-14T21:21:52Z cache-cph20625 MEWElogs[355776]: BLUR, 1626297711597126066, CPH, 11
<134>2021-07-14T21:22:11Z cache-cph20625 MEWElogs[355776]: BLUR, 1626297731086101094, CPH, 11
<134>2021-07-14T21:22:27Z cache-chi21126 MEWElogs[355776]: BLUR, 1626297746993283699, CHI, 11
<134>2021-07-14T21:22:33Z cache-akl10324 MEWElogs[355776]: BLUR, 1626297752237585351, AKL, 11
<134>2021-07-14T21:22:56Z cache-bos4657 MEWElogs[355776]: BLUR, 1626297775502877236, BOS, 11
<134>2021-07-14T21:23:12Z cache-bos4657 MEWElogs[355776]: BLUR, 1626297791408950414, BOS, 11
<134>2021-07-14T21:23:19Z cache-chi21126 MEWElogs[355776]: BLUR, 1626297799082750425, CHI, 11
<134>2021-07-14T21:24:32Z cache-fty21383 MEWElogs[355776]: BLUR, 1626297871038286427, FTY, 11
<134>2021-07-14T21:24:43Z cache-pwk4920 MEWElogs[355776]: BLUR, 1626297883029392048, PWK, 11
<134>2021-07-14T21:25:09Z cache-dub4329 MEWElogs[355776]: BLUR, 1626297908871113264, DUB, 11
<134>2021-07-14T21:25:16Z cache-akl10324 MEWElogs[355776]: BLUR, 1626297916011764371, AKL, 11
<134>2021-07-14T21:25:26Z cache-cph20625 MEWElogs[355776]: BLUR, 1626297926114371394, CPH, 11
<134>2021-07-14T21:25:33Z cache-dfw18678 MEWElogs[355776]: BLUR, 1626297932496957949, DFW, 11
<134>2021-07-14T21:26:19Z cache-dub4329 MEWElogs[355776]: BLUR, 1626297978683090000, DUB, 11
<134>2021-07-14T21:26:33Z cache-dub4329 MEWElogs[355776]: BLUR, 1626297992394961522, DUB, 11
<134>2021-07-14T21:26:54Z cache-fty21383 MEWElogs[355776]: BLUR, 1626298013597035104, FTY, 11
<134>2021-07-14T21:28:01Z cache-bos4657 MEWElogs[355776]: BLUR, 1626298080840667280, BOS, 11
<134>2021-07-14T21:28:23Z cache-cph20625 MEWElogs[355776]: BLUR, 1626298102501348106, CPH, 11
<134>2021-07-14T21:29:51Z cache-bos4657 MEWElogs[355776]: BLUR, 1626298191134590868, BOS, 11
<134>2021-07-14T21:30:06Z cache-dfw18678 MEWElogs[355776]: BLUR, 1626298205883123506, DFW, 11
<134>2021-07-14T21:30:08Z cache-del21735 MEWElogs[355776]: BLUR, 1626298207689988013, DEL, 11
<134>2021-07-14T21:30:17Z cache-pwk4920 MEWElogs[355776]: BLUR, 1626298217604052146, PWK, 11
<134>2021-07-14T21:30:25Z cache-dfw18678 MEWElogs[355776]: BLUR, 1626298224681636573, DFW, 11
<134>2021-07-14T21:30:41Z cache-fty21383 MEWElogs[355776]: BLUR, 1626298240787236269, FTY, 11
