<134>2021-07-15T04:16:24Z cache-pdk17882 MEWElogs[369035]: ROTATE, 1626322583584139866, PDK, 15
<134>2021-07-15T04:16:27Z cache-ord1740 MEWElogs[369035]: ROTATE, 1626322586852519271, ORD, 15
<134>2021-07-15T04:16:49Z cache-mdw17383 MEWElogs[369035]: ROTATE, 1626322608906871913, MDW, 15
<134>2021-07-15T04:16:52Z cache-pdk17882 MEWElogs[369035]: ROTATE, 1626322612355122210, PDK, 15
<134>2021-07-15T04:17:12Z cache-maa10251 MEWElogs[369035]: ROTATE, 1626322631462362303, MAA, 15
<134>2021-07-15T04:17:24Z cache-cph20625 MEWElogs[369035]: ROTATE, 1626322644576385610, CPH, 15
<134>2021-07-15T04:17:27Z cache-bog6425 MEWElogs[369035]: ROTATE, 1626322646465156616, BOG, 15
<134>2021-07-15T04:17:27Z cache-wdc5583 MEWElogs[369035]: ROTATE, 1626322647244268374, WDC, 15
<134>2021-07-15T04:17:32Z cache-ams21020 MEWElogs[369035]: ROTATE, 1626322651876666479, AMS, 15
<134>2021-07-15T04:17:47Z cache-bog6425 MEWElogs[369035]: ROTATE, 1626322666197077594, BOG, 15
<134>2021-07-15T04:17:49Z cache-wdc5583 MEWElogs[369035]: ROTATE, 1626322668885151834, WDC, 15
<134>2021-07-15T04:17:51Z cache-eze19324 MEWElogs[369035]: ROTATE, 1626322670221553735, EZE, 15
<134>2021-07-15T04:18:05Z cache-mdw17383 MEWElogs[369035]: ROTATE, 1626322684321022820, MDW, 15
<134>2021-07-15T04:18:25Z cache-maa10251 MEWElogs[369035]: ROTATE, 1626322705304264734, MAA, 15
<134>2021-07-15T04:19:45Z cache-bog6425 MEWElogs[369035]: ROTATE, 1626322784884518360, BOG, 15
<134>2021-07-15T04:19:52Z cache-mdw17383 MEWElogs[369035]: ROTATE, 1626322791990069875, MDW, 15
<134>2021-07-15T04:20:43Z cache-dfw18678 MEWElogs[369035]: ROTATE, 1626322843067539955, DFW, 15
<134>2021-07-15T04:20:43Z cache-pdk17882 MEWElogs[369035]: ROTATE, 1626322843272343929, PDK, 15
<134>2021-07-15T04:20:51Z cache-cph20625 MEWElogs[369035]: ROTATE, 1626322850717077397, CPH, 15
<134>2021-07-15T04:20:55Z cache-maa10251 MEWElogs[369035]: ROTATE, 1626322854388663792, MAA, 15
<134>2021-07-15T04:21:02Z cache-wdc5583 MEWElogs[369035]: ROTATE, 1626322861982434019, WDC, 15
<134>2021-07-15T04:21:04Z cache-maa10251 MEWElogs[369035]: ROTATE, 1626322863942381734, MAA, 15
<134>2021-07-15T04:21:06Z cache-dfw18678 MEWElogs[369035]: ROTATE, 1626322866268317399, DFW, 15
<134>2021-07-15T04:21:13Z cache-eze19324 MEWElogs[369035]: ROTATE, 1626322872630326078, EZE, 15
<134>2021-07-15T04:21:14Z cache-bog6425 MEWElogs[369035]: ROTATE, 1626322873984172821, BOG, 15
<134>2021-07-15T04:21:38Z cache-cph20625 MEWElogs[369035]: ROTATE, 1626322897208623891, CPH, 15
<134>2021-07-15T04:21:45Z cache-wdc5583 MEWElogs[369035]: ROTATE, 1626322905130324461, WDC, 15
<134>2021-07-15T04:21:48Z cache-eze19324 MEWElogs[369035]: ROTATE, 1626322907888077814, EZE, 15
<134>2021-07-15T04:22:02Z cache-chi21126 MEWElogs[369035]: ROTATE, 1626322921751346867, CHI, 15
<134>2021-07-15T04:22:23Z cache-chi21126 MEWElogs[369035]: ROTATE, 1626322942829747881, CHI, 15
<134>2021-07-15T04:22:25Z cache-bog6425 MEWElogs[369035]: ROTATE, 1626322944051689381, BOG, 15
<134>2021-07-15T04:22:45Z cache-cwb20520 MEWElogs[369035]: ROTATE, 1626322964745428387, CWB, 15
<134>2021-07-15T04:22:48Z cache-wdc5583 MEWElogs[369035]: ROTATE, 1626322968290610778, WDC, 15
<134>2021-07-15T04:22:57Z cache-fty21383 MEWElogs[369035]: ROTATE, 1626322976337753179, FTY, 15
<134>2021-07-15T04:23:04Z cache-akl10324 MEWElogs[369035]: ROTATE, 1626322982962638861, AKL, 15
<134>2021-07-15T04:23:29Z cache-eze19324 MEWElogs[369035]: ROTATE, 1626323009075124979, EZE, 15
<134>2021-07-15T04:23:31Z cache-del21735 MEWElogs[369035]: ROTATE, 1626323010148116976, DEL, 15
<134>2021-07-15T04:24:25Z cache-del21735 MEWElogs[369035]: ROTATE, 1626323064674861121, DEL, 15
<134>2021-07-15T04:25:02Z cache-fty21383 MEWElogs[369035]: ROTATE, 1626323101853670640, FTY, 15
<134>2021-07-15T04:25:12Z cache-chi21126 MEWElogs[369035]: ROTATE, 1626323111508664348, CHI, 15
<134>2021-07-15T04:25:32Z cache-dub4329 MEWElogs[369035]: ROTATE, 1626323131181680362, DUB, 15
<134>2021-07-15T04:25:33Z cache-chi21126 MEWElogs[369035]: ROTATE, 1626323132252186291, CHI, 15
<134>2021-07-15T04:25:47Z cache-del21735 MEWElogs[369035]: ROTATE, 1626323146509363700, DEL, 15
