<134>2021-07-14T22:01:07Z cache-fra19177 MEWElogs[216063]: BLUR, 1626300066966322636, FRA, 11
<134>2021-07-14T22:01:17Z cache-cwb20520 MEWElogs[216063]: BLUR, 1626300076684141785, CWB, 11
<134>2021-07-14T22:01:26Z cache-bur17583 MEWElogs[216063]: BLUR, 1626300086601458543, BUR, 11
<134>2021-07-14T22:02:35Z cache-lcy19283 MEWElogs[216063]: BLUR, 1626300155659003519, LCY, 11
<134>2021-07-14T22:02:52Z cache-lcy19283 MEWElogs[216063]: BLUR, 1626300172593648329, LCY, 11
<134>2021-07-14T22:03:33Z cache-bur17583 MEWElogs[216063]: BLUR, 1626300213074411315, BUR, 11
<134>2021-07-14T22:03:51Z cache-den8274 MEWElogs[216063]: BLUR, 1626300231260762721, DEN, 11
<134>2021-07-14T22:04:53Z cache-iah17271 MEWElogs[216063]: BLUR, 1626300293036599844, IAH, 11
<134>2021-07-14T22:05:01Z cache-jnb7027 MEWElogs[216063]: BLUR, 1626300301086559636, JNB, 11
<134>2021-07-14T22:05:05Z cache-lon4249 MEWElogs[216063]: BLUR, 1626300304262668963, LON, 11
<134>2021-07-14T22:05:54Z cache-iah17271 MEWElogs[216063]: BLUR, 1626300353778542164, IAH, 11
<134>2021-07-14T22:06:05Z cache-fra19177 MEWElogs[216063]: BLUR, 1626300364975944853, FRA, 11
<134>2021-07-14T22:06:20Z cache-jnb7027 MEWElogs[216063]: BLUR, 1626300379614965888, JNB, 11
<134>2021-07-14T22:06:36Z cache-iah17271 MEWElogs[216063]: BLUR, 1626300395950704184, IAH, 11
<134>2021-07-14T22:06:52Z cache-jnb7027 MEWElogs[216063]: BLUR, 1626300411620552955, JNB, 11
<134>2021-07-14T22:06:56Z cache-iah17271 MEWElogs[216063]: BLUR, 1626300416183390936, IAH, 11
<134>2021-07-14T22:07:00Z cache-cwb20520 MEWElogs[216063]: BLUR, 1626300419871583713, CWB, 11
<134>2021-07-14T22:07:57Z cache-iah17271 MEWElogs[216063]: BLUR, 1626300476344396859, IAH, 11
<134>2021-07-14T22:08:55Z cache-lon4249 MEWElogs[216063]: BLUR, 1626300535173199522, LON, 11
<134>2021-07-14T22:09:16Z cache-iah17271 MEWElogs[216063]: BLUR, 1626300555966565887, IAH, 11
<134>2021-07-14T22:09:28Z cache-jnb7027 MEWElogs[216063]: BLUR, 1626300567664839041, JNB, 11
<134>2021-07-14T22:09:44Z cache-lcy19283 MEWElogs[216063]: BLUR, 1626300583783693219, LCY, 11
<134>2021-07-14T22:10:04Z cache-cwb20520 MEWElogs[216063]: BLUR, 1626300603389078414, CWB, 11
<134>2021-07-14T22:10:35Z cache-iah17271 MEWElogs[216063]: BLUR, 1626300634906960885, IAH, 11
<134>2021-07-14T22:10:46Z cache-bur17583 MEWElogs[216063]: BLUR, 1626300646555461568, BUR, 11
<134>2021-07-14T22:10:47Z cache-mad22068 MEWElogs[216063]: BLUR, 1626300646564136974, MAD, 11
<134>2021-07-14T22:10:48Z cache-hkg17929 MEWElogs[216063]: BLUR, 1626300647384863403, HKG, 11
<134>2021-07-14T22:10:54Z cache-cwb20520 MEWElogs[216063]: BLUR, 1626300653369026492, CWB, 11
<134>2021-07-14T22:10:56Z cache-mrs10583 MEWElogs[216063]: BLUR, 1626300655308234862, MRS, 11
