<134>2021-07-14T16:21:56Z cache-ord1740 MEWElogs[382896]: FLIPH, 1626279715668828807, ORD, 10
<134>2021-07-14T16:22:01Z cache-cmh21547 MEWElogs[382896]: FLIPH, 1626279721307685647, CMH, 10
<134>2021-07-14T16:22:24Z cache-cmh21547 MEWElogs[382896]: FLIPH, 1626279744284256049, CMH, 10
<134>2021-07-14T16:22:26Z cache-dca17782 MEWElogs[382896]: FLIPH, 1626279745119078918, DCA, 10
<134>2021-07-14T16:26:58Z cache-eze19324 MEWElogs[382896]: FLIPH, 1626280018077493548, EZE, -1
<134>2021-07-14T16:27:01Z cache-bog6425 MEWElogs[382896]: FLIPH, 1626280020276372100, BOG, 10
<134>2021-07-14T16:27:01Z cache-mdw17383 MEWElogs[382896]: FLIPH, 1626280020516467985, MDW, 10
<134>2021-07-14T16:27:10Z cache-dca17782 MEWElogs[382896]: FLIPH, 1626280029618926858, DCA, 10
<134>2021-07-14T16:27:20Z cache-cmh21547 MEWElogs[382896]: FLIPH, 1626280039381751446, CMH, -1
<134>2021-07-14T16:27:21Z cache-maa10251 MEWElogs[382896]: FLIPH, 1626280040359294663, MAA, 10
<134>2021-07-14T16:27:31Z cache-cmh21547 MEWElogs[382896]: FLIPH, 1626280050246720537, CMH, -1
<134>2021-07-14T16:27:42Z cache-ams21020 MEWElogs[382896]: FLIPH, 1626280060972028526, AMS, 10
<134>2021-07-14T16:27:46Z cache-mdw17383 MEWElogs[382896]: FLIPH, 1626280065394040514, MDW, 10
<134>2021-07-14T16:27:58Z cache-maa10251 MEWElogs[382896]: FLIPH, 1626280077714656758, MAA, -1
<134>2021-07-14T16:28:06Z cache-dca17782 MEWElogs[382896]: FLIPH, 1626280085817844469, DCA, 10
<134>2021-07-14T16:28:13Z cache-pdk17882 MEWElogs[382896]: FLIPH, 1626280093095265505, PDK, 10
<134>2021-07-14T16:28:21Z cache-wdc5583 MEWElogs[382896]: FLIPH, 1626280100444186753, WDC, -1
<134>2021-07-14T16:28:25Z cache-bog6425 MEWElogs[382896]: FLIPH, 1626280105524217871, BOG, -1
<134>2021-07-14T16:28:28Z cache-ams21020 MEWElogs[382896]: FLIPH, 1626280108173350459, AMS, -1
<134>2021-07-14T16:28:28Z cache-ord1740 MEWElogs[382896]: FLIPH, 1626280108607640694, ORD, -1
<134>2021-07-14T16:28:32Z cache-ord1740 MEWElogs[382896]: FLIPH, 1626280111485995145, ORD, 10
<134>2021-07-14T16:28:36Z cache-mdw17383 MEWElogs[382896]: FLIPH, 1626280116602917691, MDW, -1
<134>2021-07-14T16:28:37Z cache-cmh21547 MEWElogs[382896]: FLIPH, 1626280116061745932, CMH, -1
<134>2021-07-14T16:28:50Z cache-maa10251 MEWElogs[382896]: FLIPH, 1626280129572632010, MAA, 10
<134>2021-07-14T16:28:55Z cache-bog6425 MEWElogs[382896]: FLIPH, 1626280135207630494, BOG, -1
<134>2021-07-14T16:29:07Z cache-maa10251 MEWElogs[382896]: FLIPH, 1626280146580280546, MAA, -1
<134>2021-07-14T16:29:19Z cache-cmh21547 MEWElogs[382896]: FLIPH, 1626280159855891703, CMH, -1
<134>2021-07-14T16:29:46Z cache-ams21020 MEWElogs[382896]: FLIPH, 1626280186034829867, AMS, -1
<134>2021-07-14T16:29:47Z cache-eze19324 MEWElogs[382896]: FLIPH, 1626280186215504055, EZE, 10
<134>2021-07-14T16:29:54Z cache-ord1740 MEWElogs[382896]: FLIPH, 1626280193815279185, ORD, 10
<134>2021-07-14T16:30:03Z cache-cmh21547 MEWElogs[382896]: FLIPH, 1626280202991765645, CMH, -1
<134>2021-07-14T16:30:06Z cache-mdw17383 MEWElogs[382896]: FLIPH, 1626280205436199627, MDW, -1
<134>2021-07-14T16:30:15Z cache-ams21020 MEWElogs[382896]: FLIPH, 1626280214547869942, AMS, 10
<134>2021-07-14T16:30:21Z cache-ams21020 MEWElogs[382896]: FLIPH, 1626280220463134015, AMS, -1
<134>2021-07-14T16:30:30Z cache-pdk17882 MEWElogs[382896]: FLIPH, 1626280229973762489, PDK, 10
<134>2021-07-14T16:30:32Z cache-ams21020 MEWElogs[382896]: FLIPH, 1626280231951876474, AMS, 10
<134>2021-07-14T16:30:46Z cache-ord1740 MEWElogs[382896]: FLIPH, 1626280246045906925, ORD, -1
<134>2021-07-14T16:30:52Z cache-dca17782 MEWElogs[382896]: FLIPH, 1626280251741356253, DCA, -1
<134>2021-07-14T16:30:55Z cache-dca17782 MEWElogs[382896]: FLIPH, 1626280254853149305, DCA, 10
<134>2021-07-14T16:30:55Z cache-ams21020 MEWElogs[382896]: FLIPH, 1626280254603882551, AMS, -1
<134>2021-07-14T16:31:07Z cache-bog6425 MEWElogs[382896]: FLIPH, 1626280266265100971, BOG, 10
<134>2021-07-14T16:31:08Z cache-maa10251 MEWElogs[382896]: FLIPH, 1626280268538976277, MAA, 10
<134>2021-07-14T16:31:21Z cache-ams21020 MEWElogs[382896]: FLIPH, 1626280280003183597, AMS, -1
<134>2021-07-14T16:31:24Z cache-pdk17882 MEWElogs[382896]: FLIPH, 1626280284234814126, PDK, 10
<134>2021-07-14T16:31:26Z cache-ord1740 MEWElogs[382896]: FLIPH, 1626280285024201487, ORD, 10
<134>2021-07-14T16:31:49Z cache-maa10251 MEWElogs[382896]: FLIPH, 1626280308816777589, MAA, 10
