<134>2021-07-15T06:09:19Z cache-ord1740 MEWElogs[334804]: UNSH, 1626329358422236903, ORD, 16
<134>2021-07-15T06:09:55Z cache-cmh21547 MEWElogs[334804]: UNSH, 1626329394139636459, CMH, 16
<134>2021-07-15T06:10:02Z cache-wdc5583 MEWElogs[334804]: UNSH, 1626329401371482661, WDC, 16
<134>2021-07-15T06:10:07Z cache-ord1740 MEWElogs[334804]: UNSH, 1626329406607838638, ORD, 16
<134>2021-07-15T06:10:17Z cache-ord1740 MEWElogs[334804]: UNSH, 1626329416269506508, ORD, 16
<134>2021-07-15T06:10:18Z cache-bog6425 MEWElogs[334804]: UNSH, 1626329417369041035, BOG, 16
<134>2021-07-15T06:11:00Z cache-ams21020 MEWElogs[334804]: UNSH, 1626329459563424240, AMS, 16
<134>2021-07-15T06:11:54Z cache-ord1740 MEWElogs[334804]: UNSH, 1626329513743443906, ORD, 16
<134>2021-07-15T06:12:17Z cache-maa10251 MEWElogs[334804]: UNSH, 1626329535949707802, MAA, 16
<134>2021-07-15T06:13:20Z cache-dca17782 MEWElogs[334804]: UNSH, 1626329599048168923, DCA, 16
<134>2021-07-15T06:13:24Z cache-ams21020 MEWElogs[334804]: UNSH, 1626329603768811569, AMS, 16
<134>2021-07-15T06:13:36Z cache-cmh21547 MEWElogs[334804]: UNSH, 1626329615589064032, CMH, 16
<134>2021-07-15T06:14:22Z cache-wdc5583 MEWElogs[334804]: UNSH, 1626329662221674024, WDC, 16
<134>2021-07-15T06:14:27Z cache-cph20625 MEWElogs[334804]: UNSH, 1626329666210752808, CPH, 16
<134>2021-07-15T06:14:37Z cache-dca17782 MEWElogs[334804]: UNSH, 1626329676163556492, DCA, 16
<134>2021-07-15T06:15:14Z cache-wdc5583 MEWElogs[334804]: UNSH, 1626329713942635458, WDC, 16
<134>2021-07-15T06:16:13Z cache-bog6425 MEWElogs[334804]: UNSH, 1626329772364696533, BOG, 16
<134>2021-07-15T06:17:07Z cache-cmh21547 MEWElogs[334804]: UNSH, 1626329826117500982, CMH, 16
<134>2021-07-15T06:17:11Z cache-bog6425 MEWElogs[334804]: UNSH, 1626329830675953152, BOG, 16
<134>2021-07-15T06:17:14Z cache-ams21020 MEWElogs[334804]: UNSH, 1626329833172144486, AMS, 16
<134>2021-07-15T06:17:32Z cache-maa10251 MEWElogs[334804]: UNSH, 1626329851102437922, MAA, 16
<134>2021-07-15T06:17:39Z cache-mdw17383 MEWElogs[334804]: UNSH, 1626329858960072800, MDW, 16
<134>2021-07-15T06:18:02Z cache-cmh21547 MEWElogs[334804]: UNSH, 1626329881184688727, CMH, 16
<134>2021-07-15T06:18:22Z cache-ams21020 MEWElogs[334804]: UNSH, 1626329901447368178, AMS, 16
<134>2021-07-15T06:18:35Z cache-cmh21547 MEWElogs[334804]: UNSH, 1626329914077704530, CMH, 16
<134>2021-07-15T06:19:03Z cache-wdc5583 MEWElogs[334804]: UNSH, 1626329943165876657, WDC, 16
