<134>2021-07-14T23:26:21Z cache-cgh11122 MEWElogs[464521]: BLUR, 1626305180339295777, CGH, 11
<134>2021-07-14T23:26:54Z cache-cgh11122 MEWElogs[464521]: BLUR, 1626305214264294693, CGH, 11
<134>2021-07-14T23:27:02Z cache-sjc10078 MEWElogs[464521]: BLUR, 1626305221031113741, SJC, 11
<134>2021-07-14T23:27:29Z cache-syd10183 MEWElogs[464521]: BLUR, 1626305249066231924, SYD, 11
<134>2021-07-14T23:27:30Z cache-hnd18722 MEWElogs[464521]: BLUR, 1626305249438736994, HND, 11
<134>2021-07-14T23:27:57Z cache-sea4483 MEWElogs[464521]: BLUR, 1626305276826025741, SEA, 11
<134>2021-07-14T23:27:58Z cache-stl4834 MEWElogs[464521]: BLUR, 1626305277681436757, STL, 11
<134>2021-07-14T23:28:50Z cache-pao17461 MEWElogs[464521]: BLUR, 1626305330615777140, PAO, 11
<134>2021-07-14T23:29:00Z cache-hnd18722 MEWElogs[464521]: BLUR, 1626305339335332357, HND, 11
<134>2021-07-14T23:29:29Z cache-stl4834 MEWElogs[464521]: BLUR, 1626305368738511562, STL, 11
<134>2021-07-14T23:30:02Z cache-cgh11183 MEWElogs[464521]: BLUR, 1626305401345028660, CGH, 11
<134>2021-07-14T23:30:03Z cache-sjc10078 MEWElogs[464521]: BLUR, 1626305402614261154, SJC, 11
<134>2021-07-14T23:30:06Z cache-stl4834 MEWElogs[464521]: BLUR, 1626305405263084512, STL, 11
<134>2021-07-14T23:32:21Z cache-cgh11183 MEWElogs[464521]: BLUR, 1626305540915355048, CGH, 11
<134>2021-07-14T23:32:56Z cache-cgh11122 MEWElogs[464521]: BLUR, 1626305575477692318, CGH, 11
<134>2021-07-14T23:34:03Z cache-cgh11183 MEWElogs[464521]: BLUR, 1626305643608851648, CGH, 11
<134>2021-07-14T23:34:04Z cache-cgh11122 MEWElogs[464521]: BLUR, 1626305644479248832, CGH, 11
<134>2021-07-14T23:34:57Z cache-cgh11122 MEWElogs[464521]: BLUR, 1626305696805990100, CGH, 11
<134>2021-07-14T23:34:59Z cache-sea4483 MEWElogs[464521]: BLUR, 1626305698610559438, SEA, 11
<134>2021-07-14T23:35:32Z cache-cgh11122 MEWElogs[464521]: BLUR, 1626305731782988044, CGH, 11
<134>2021-07-14T23:36:15Z cache-sjc10078 MEWElogs[464521]: BLUR, 1626305774609017897, SJC, 11
