<134>2021-07-15T04:06:18Z cache-wdc5583 MEWElogs[318405]: ROTATE, 1626321978061650235, WDC, 15
<134>2021-07-15T04:06:46Z cache-dca17782 MEWElogs[318405]: ROTATE, 1626322006415280607, DCA, 15
<134>2021-07-15T04:07:05Z cache-dca17782 MEWElogs[318405]: ROTATE, 1626322025163687443, DCA, 15
<134>2021-07-15T04:07:27Z cache-ams21020 MEWElogs[318405]: ROTATE, 1626322047482230774, AMS, 15
<134>2021-07-15T04:07:45Z cache-cph20625 MEWElogs[318405]: ROTATE, 1626322063943476960, CPH, 15
<134>2021-07-15T04:08:22Z cache-cph20625 MEWElogs[318405]: ROTATE, 1626322101212981452, CPH, 15
<134>2021-07-15T04:08:48Z cache-eze19324 MEWElogs[318405]: ROTATE, 1626322127713312452, EZE, 15
<134>2021-07-15T04:08:55Z cache-mdw17383 MEWElogs[318405]: ROTATE, 1626322135017953855, MDW, 15
<134>2021-07-15T04:09:00Z cache-dca17782 MEWElogs[318405]: ROTATE, 1626322139840950863, DCA, 15
<134>2021-07-15T04:09:24Z cache-maa10251 MEWElogs[318405]: ROTATE, 1626322163151104328, MAA, 15
<134>2021-07-15T04:09:27Z cache-mdw17383 MEWElogs[318405]: ROTATE, 1626322167686983390, MDW, 15
<134>2021-07-15T04:10:12Z cache-mdw17383 MEWElogs[318405]: ROTATE, 1626322212607983291, MDW, 15
<134>2021-07-15T04:10:25Z cache-dca17782 MEWElogs[318405]: ROTATE, 1626322224738533393, DCA, 15
<134>2021-07-15T04:10:37Z cache-ord1740 MEWElogs[318405]: ROTATE, 1626322236109398956, ORD, 15
<134>2021-07-15T04:11:27Z cache-ams21020 MEWElogs[318405]: ROTATE, 1626322286589504342, AMS, 15
<134>2021-07-15T04:11:51Z cache-ord1740 MEWElogs[318405]: ROTATE, 1626322310064920654, ORD, 15
<134>2021-07-15T04:12:04Z cache-pdk17882 MEWElogs[318405]: ROTATE, 1626322323069196615, PDK, 15
<134>2021-07-15T04:12:06Z cache-cph20625 MEWElogs[318405]: ROTATE, 1626322325785222636, CPH, 15
<134>2021-07-15T04:12:09Z cache-ord1740 MEWElogs[318405]: ROTATE, 1626322328367544496, ORD, 15
<134>2021-07-15T04:12:22Z cache-maa10251 MEWElogs[318405]: ROTATE, 1626322341287985412, MAA, 15
<134>2021-07-15T04:13:11Z cache-wdc5583 MEWElogs[318405]: ROTATE, 1626322390881149025, WDC, 15
<134>2021-07-15T04:14:23Z cache-dca17782 MEWElogs[318405]: ROTATE, 1626322462713020522, DCA, 15
<134>2021-07-15T04:15:44Z cache-mdw17383 MEWElogs[318405]: ROTATE, 1626322543567439717, MDW, 15
<134>2021-07-15T04:15:47Z cache-bog6425 MEWElogs[318405]: ROTATE, 1626322546829769887, BOG, 15
<134>2021-07-15T04:15:57Z cache-bog6425 MEWElogs[318405]: ROTATE, 1626322556773803021, BOG, 15
<134>2021-07-15T04:16:11Z cache-cph20625 MEWElogs[318405]: ROTATE, 1626322569963144581, CPH, 15
<134>2021-07-15T04:16:14Z cache-ams21020 MEWElogs[318405]: ROTATE, 1626322574534368122, AMS, 15
