<134>2021-07-15T01:21:33Z cache-dca17782 MEWElogs[39982]: GRAY, 1626312092737080479, DCA, 13
<134>2021-07-15T01:21:33Z cache-wdc5583 MEWElogs[39982]: GRAY, 1626312093212427387, WDC, 13
<134>2021-07-15T01:21:57Z cache-pdk17882 MEWElogs[39982]: GRAY, 1626312117224637586, PDK, 13
<134>2021-07-15T01:22:08Z cache-ord1740 MEWElogs[39982]: GRAY, 1626312126975245560, ORD, 13
<134>2021-07-15T01:22:19Z cache-ord1740 MEWElogs[39982]: GRAY, 1626312138293375448, ORD, 13
<134>2021-07-15T01:22:27Z cache-mdw17383 MEWElogs[39982]: GRAY, 1626312146372888594, MDW, 13
<134>2021-07-15T01:22:31Z cache-eze19324 MEWElogs[39982]: GRAY, 1626312150530956078, EZE, 13
<134>2021-07-15T01:22:34Z cache-pdk17882 MEWElogs[39982]: GRAY, 1626312153467531155, PDK, 13
<134>2021-07-15T01:22:42Z cache-dca17782 MEWElogs[39982]: GRAY, 1626312161896022941, DCA, 13
<134>2021-07-15T01:22:46Z cache-pdk17882 MEWElogs[39982]: GRAY, 1626312165434302966, PDK, 13
<134>2021-07-15T01:22:53Z cache-ord1740 MEWElogs[39982]: GRAY, 1626312172626333659, ORD, 13
<134>2021-07-15T01:23:12Z cache-mdw17383 MEWElogs[39982]: GRAY, 1626312191425003547, MDW, 13
<134>2021-07-15T01:23:14Z cache-ams21020 MEWElogs[39982]: GRAY, 1626312193855724240, AMS, 13
<134>2021-07-15T01:24:09Z cache-dca17782 MEWElogs[39982]: GRAY, 1626312248975455767, DCA, 13
<134>2021-07-15T01:24:13Z cache-ord1740 MEWElogs[39982]: GRAY, 1626312252860262549, ORD, 13
<134>2021-07-15T01:24:19Z cache-maa10251 MEWElogs[39982]: GRAY, 1626312258678065406, MAA, 13
<134>2021-07-15T01:24:52Z cache-wdc5583 MEWElogs[39982]: GRAY, 1626312291261804341, WDC, 13
<134>2021-07-15T01:25:06Z cache-cmh21547 MEWElogs[39982]: GRAY, 1626312305368283059, CMH, 13
<134>2021-07-15T01:25:12Z cache-eze19324 MEWElogs[39982]: GRAY, 1626312311992730182, EZE, 13
<134>2021-07-15T01:25:33Z cache-mdw17383 MEWElogs[39982]: GRAY, 1626312333563358696, MDW, 13
<134>2021-07-15T01:25:47Z cache-bog6425 MEWElogs[39982]: GRAY, 1626312346875912466, BOG, 13
<134>2021-07-15T01:25:51Z cache-ord1740 MEWElogs[39982]: GRAY, 1626312350204482762, ORD, 13
<134>2021-07-15T01:25:56Z cache-wdc5583 MEWElogs[39982]: GRAY, 1626312355538943253, WDC, 13
<134>2021-07-15T01:26:23Z cache-maa10251 MEWElogs[39982]: GRAY, 1626312383055283974, MAA, 13
<134>2021-07-15T01:26:31Z cache-wdc5583 MEWElogs[39982]: GRAY, 1626312390988924439, WDC, 13
<134>2021-07-15T01:26:55Z cache-ams21020 MEWElogs[39982]: GRAY, 1626312414838745727, AMS, 13
<134>2021-07-15T01:26:56Z cache-eze19324 MEWElogs[39982]: GRAY, 1626312416722639485, EZE, 13
<134>2021-07-15T01:26:59Z cache-wdc5583 MEWElogs[39982]: GRAY, 1626312419312660654, WDC, 13
<134>2021-07-15T01:27:06Z cache-mdw17383 MEWElogs[39982]: GRAY, 1626312425725675655, MDW, 13
<134>2021-07-15T01:27:34Z cache-bog6425 MEWElogs[39982]: GRAY, 1626312454071156779, BOG, 13
<134>2021-07-15T01:27:55Z cache-bog6425 MEWElogs[39982]: GRAY, 1626312474809397265, BOG, 13
<134>2021-07-15T01:28:13Z cache-dca17782 MEWElogs[39982]: GRAY, 1626312493608277285, DCA, 13
<134>2021-07-15T01:28:51Z cache-eze19324 MEWElogs[39982]: GRAY, 1626312530369227236, EZE, 13
<134>2021-07-15T01:29:23Z cache-eze19324 MEWElogs[39982]: GRAY, 1626312563097970872, EZE, 13
<134>2021-07-15T01:29:40Z cache-eze19324 MEWElogs[39982]: GRAY, 1626312579263651174, EZE, 13
<134>2021-07-15T01:29:51Z cache-ord1740 MEWElogs[39982]: GRAY, 1626312590353984523, ORD, 13
<134>2021-07-15T01:30:02Z cache-pdk17882 MEWElogs[39982]: GRAY, 1626312601306666168, PDK, 13
<134>2021-07-15T01:30:08Z cache-ord1740 MEWElogs[39982]: GRAY, 1626312607270634443, ORD, 13
<134>2021-07-15T01:30:26Z cache-cmh21547 MEWElogs[39982]: GRAY, 1626312626787181041, CMH, 13
<134>2021-07-15T01:30:39Z cache-wdc5583 MEWElogs[39982]: GRAY, 1626312638530835512, WDC, 13
<134>2021-07-15T01:30:49Z cache-bog6425 MEWElogs[39982]: GRAY, 1626312648205650854, BOG, 13
<134>2021-07-15T01:31:28Z cache-chi21126 MEWElogs[39982]: GRAY, 1626312687542016640, CHI, 13
