<134>2021-07-14T23:05:24Z cache-bom4751 MEWElogs[369035]: BLUR, 1626303923798560108, BOM, 11
<134>2021-07-14T23:06:11Z cache-pao17461 MEWElogs[369035]: BLUR, 1626303970620505969, PAO, 11
<134>2021-07-14T23:06:21Z cache-gig17035 MEWElogs[369035]: BLUR, 1626303981025095337, GIG, 11
<134>2021-07-14T23:06:41Z cache-hnd18722 MEWElogs[369035]: BLUR, 1626304000492284086, HND, 11
<134>2021-07-14T23:06:44Z cache-syd10183 MEWElogs[369035]: BLUR, 1626304003555742000, SYD, 11
<134>2021-07-14T23:06:55Z cache-scl19427 MEWElogs[369035]: BLUR, 1626304015688883416, SCL, 11
<134>2021-07-14T23:07:25Z cache-gig17035 MEWElogs[369035]: BLUR, 1626304044865077590, GIG, 11
<134>2021-07-14T23:07:41Z cache-pao17461 MEWElogs[369035]: BLUR, 1626304061053286812, PAO, 11
<134>2021-07-14T23:08:19Z cache-gru17149 MEWElogs[369035]: BLUR, 1626304098397035943, GRU, 11
<134>2021-07-14T23:08:28Z cache-hnd18722 MEWElogs[369035]: BLUR, 1626304107008585902, HND, 11
<134>2021-07-14T23:09:00Z cache-syd10183 MEWElogs[369035]: BLUR, 1626304139822349800, SYD, 11
<134>2021-07-14T23:10:05Z cache-pao17461 MEWElogs[369035]: BLUR, 1626304204833441847, PAO, 11
<134>2021-07-14T23:10:05Z cache-bom4751 MEWElogs[369035]: BLUR, 1626304204700402305, BOM, 11
<134>2021-07-14T23:10:07Z cache-syd10183 MEWElogs[369035]: BLUR, 1626304206081784947, SYD, 11
<134>2021-07-14T23:11:14Z cache-syd10183 MEWElogs[369035]: BLUR, 1626304273874434261, SYD, 11
<134>2021-07-14T23:11:19Z cache-itm18851 MEWElogs[369035]: BLUR, 1626304279518274151, ITM, 11
<134>2021-07-14T23:11:31Z cache-syd10183 MEWElogs[369035]: BLUR, 1626304290342829147, SYD, 11
<134>2021-07-14T23:12:20Z cache-syd10183 MEWElogs[369035]: BLUR, 1626304339831326306, SYD, 11
<134>2021-07-14T23:13:25Z cache-pao17461 MEWElogs[369035]: BLUR, 1626304404849286646, PAO, 11
<134>2021-07-14T23:14:56Z cache-pao17461 MEWElogs[369035]: BLUR, 1626304495579090239, PAO, 11
<134>2021-07-14T23:15:11Z cache-gru17149 MEWElogs[369035]: BLUR, 1626304510883316046, GRU, 11
