<134>2021-07-15T06:19:10Z cache-maa10251 MEWElogs[216063]: UNSH, 1626329949788621066, MAA, 16
<134>2021-07-15T06:19:24Z cache-wdc5583 MEWElogs[216063]: UNSH, 1626329963549976888, WDC, 16
<134>2021-07-15T06:19:28Z cache-bog6425 MEWElogs[216063]: UNSH, 1626329967716369801, BOG, 16
<134>2021-07-15T06:19:30Z cache-cph20625 MEWElogs[216063]: UNSH, 1626329969122455806, CPH, 16
<134>2021-07-15T06:19:30Z cache-cmh21547 MEWElogs[216063]: UNSH, 1626329969245643618, CMH, 16
<134>2021-07-15T06:19:30Z cache-ams21020 MEWElogs[216063]: UNSH, 1626329969331548419, AMS, 16
<134>2021-07-15T06:19:43Z cache-dca17782 MEWElogs[216063]: UNSH, 1626329982924343431, DCA, 16
<134>2021-07-15T06:19:50Z cache-cph20625 MEWElogs[216063]: UNSH, 1626329990015966162, CPH, 16
<134>2021-07-15T06:20:28Z cache-ord1740 MEWElogs[216063]: UNSH, 1626330027236905762, ORD, 16
<134>2021-07-15T06:20:37Z cache-ord1740 MEWElogs[216063]: UNSH, 1626330036662828610, ORD, 16
<134>2021-07-15T06:21:09Z cache-cmh21547 MEWElogs[216063]: UNSH, 1626330068632275982, CMH, 16
<134>2021-07-15T06:21:31Z cache-cmh21547 MEWElogs[216063]: UNSH, 1626330090804069668, CMH, 16
<134>2021-07-15T06:21:37Z cache-maa10251 MEWElogs[216063]: UNSH, 1626330096387051648, MAA, 16
<134>2021-07-15T06:21:37Z cache-ams21020 MEWElogs[216063]: UNSH, 1626330096791091650, AMS, 16
<134>2021-07-15T06:21:56Z cache-bog6425 MEWElogs[216063]: UNSH, 1626330115354009055, BOG, 16
<134>2021-07-15T06:21:56Z cache-cph20625 MEWElogs[216063]: UNSH, 1626330115739940983, CPH, 16
<134>2021-07-15T06:22:23Z cache-pdk17882 MEWElogs[216063]: UNSH, 1626330142161914799, PDK, 16
<134>2021-07-15T06:22:26Z cache-maa10251 MEWElogs[216063]: UNSH, 1626330145904105338, MAA, 16
<134>2021-07-15T06:22:28Z cache-cph20625 MEWElogs[216063]: UNSH, 1626330147079012693, CPH, 16
<134>2021-07-15T06:22:30Z cache-wdc5583 MEWElogs[216063]: UNSH, 1626330150015456262, WDC, 16
<134>2021-07-15T06:22:35Z cache-bog6425 MEWElogs[216063]: UNSH, 1626330154506217525, BOG, 16
<134>2021-07-15T06:24:12Z cache-pdk17882 MEWElogs[216063]: UNSH, 1626330252387918968, PDK, 16
<134>2021-07-15T06:24:24Z cache-maa10251 MEWElogs[216063]: UNSH, 1626330263634014858, MAA, 16
<134>2021-07-15T06:24:52Z cache-bog6425 MEWElogs[216063]: UNSH, 1626330291822001462, BOG, 16
<134>2021-07-15T06:24:54Z cache-maa10251 MEWElogs[216063]: UNSH, 1626330292964708287, MAA, 16
<134>2021-07-15T06:25:15Z cache-cph20625 MEWElogs[216063]: UNSH, 1626330314234866023, CPH, 16
<134>2021-07-15T06:25:19Z cache-fty21383 MEWElogs[216063]: UNSH, 1626330318828211703, FTY, 16
<134>2021-07-15T06:25:23Z cache-dfw18678 MEWElogs[216063]: UNSH, 1626330322915141362, DFW, 16
<134>2021-07-15T06:25:30Z cache-bos4657 MEWElogs[216063]: UNSH, 1626330330021359037, BOS, 16
<134>2021-07-15T06:26:03Z cache-akl10324 MEWElogs[216063]: UNSH, 1626330361982579370, AKL, 16
<134>2021-07-15T06:26:14Z cache-dfw18678 MEWElogs[216063]: UNSH, 1626330373680680165, DFW, 16
<134>2021-07-15T06:26:17Z cache-cph20625 MEWElogs[216063]: UNSH, 1626330377446153174, CPH, 16
<134>2021-07-15T06:26:46Z cache-fty21383 MEWElogs[216063]: UNSH, 1626330405971619680, FTY, 16
<134>2021-07-15T06:27:08Z cache-del21735 MEWElogs[216063]: UNSH, 1626330427509566005, DEL, 16
<134>2021-07-15T06:28:05Z cache-fty21383 MEWElogs[216063]: UNSH, 1626330484152672475, FTY, 16
<134>2021-07-15T06:28:20Z cache-bos4657 MEWElogs[216063]: UNSH, 1626330500003119921, BOS, 16
<134>2021-07-15T06:28:28Z cache-akl10324 MEWElogs[216063]: UNSH, 1626330507099071928, AKL, 16
<134>2021-07-15T06:28:38Z cache-hhn4077 MEWElogs[216063]: UNSH, 1626330517453156981, HHN, 16
<134>2021-07-15T06:29:04Z cache-bos4657 MEWElogs[216063]: UNSH, 1626330544800224202, BOS, 16
