<134>2021-07-14T23:24:33Z cache-itm18851 MEWElogs[216063]: BLUR, 1626305072557804329, ITM, 11
<134>2021-07-14T23:25:46Z cache-itm18851 MEWElogs[216063]: BLUR, 1626305144923550510, ITM, 11
<134>2021-07-14T23:27:19Z cache-sea4483 MEWElogs[216063]: BLUR, 1626305237989012393, SEA, 11
<134>2021-07-14T23:28:19Z cache-cgh11183 MEWElogs[216063]: BLUR, 1626305298154461311, CGH, 11
<134>2021-07-14T23:28:32Z cache-sjc10078 MEWElogs[216063]: BLUR, 1626305311729167282, SJC, 11
<134>2021-07-14T23:28:37Z cache-cgh11122 MEWElogs[216063]: BLUR, 1626305317282887808, CGH, 11
<134>2021-07-14T23:29:18Z cache-hnd18722 MEWElogs[216063]: BLUR, 1626305356926104235, HND, 11
<134>2021-07-14T23:29:30Z cache-cgh11122 MEWElogs[216063]: BLUR, 1626305369256255339, CGH, 11
<134>2021-07-14T23:29:48Z cache-stl4834 MEWElogs[216063]: BLUR, 1626305387005987395, STL, 11
<134>2021-07-14T23:30:21Z cache-cgh11122 MEWElogs[216063]: BLUR, 1626305420624187959, CGH, 11
<134>2021-07-14T23:30:38Z cache-cgh11122 MEWElogs[216063]: BLUR, 1626305437879899539, CGH, 11
<134>2021-07-14T23:30:55Z cache-cgh11122 MEWElogs[216063]: BLUR, 1626305454752232881, CGH, 11
<134>2021-07-14T23:31:15Z cache-pao17461 MEWElogs[216063]: BLUR, 1626305474702578593, PAO, 11
<134>2021-07-14T23:31:17Z cache-bma1628 MEWElogs[216063]: BLUR, 1626305476899967212, BMA, 11
<134>2021-07-14T23:31:48Z cache-sea4483 MEWElogs[216063]: BLUR, 1626305507606816711, SEA, 11
<134>2021-07-14T23:31:58Z cache-hnd18722 MEWElogs[216063]: BLUR, 1626305517635128146, HND, 11
<134>2021-07-14T23:32:01Z cache-itm18851 MEWElogs[216063]: BLUR, 1626305521243320995, ITM, 11
<134>2021-07-14T23:32:52Z cache-hnd18722 MEWElogs[216063]: BLUR, 1626305571103535721, HND, 11
<134>2021-07-14T23:33:18Z cache-bma1628 MEWElogs[216063]: BLUR, 1626305597922376423, BMA, 11
<134>2021-07-14T23:34:02Z cache-sea4483 MEWElogs[216063]: BLUR, 1626305641603577978, SEA, 11
