<134>2021-07-15T00:49:01Z cache-mci5951 MEWElogs[39982]: CROP, 1626310140506800302, MCI, 12
<134>2021-07-15T00:49:20Z cache-mia11368 MEWElogs[39982]: CROP, 1626310159626320462, MIA, 12
<134>2021-07-15T00:49:25Z cache-dal21283 MEWElogs[39982]: CROP, 1626310164005332848, DAL, 12
<134>2021-07-15T00:49:35Z cache-stp9226 MEWElogs[39982]: CROP, 1626310174535103542, STP, 12
<134>2021-07-15T00:49:44Z cache-dal21283 MEWElogs[39982]: CROP, 1626310183793223395, DAL, 12
<134>2021-07-15T00:49:47Z cache-jax20933 MEWElogs[39982]: CROP, 1626310186262278082, JAX, 12
<134>2021-07-15T00:50:13Z cache-man4150 MEWElogs[39982]: CROP, 1626310211978048593, MAN, 12
<134>2021-07-15T00:50:13Z cache-hkg17929 MEWElogs[39982]: CROP, 1626310212775336912, HKG, 12
<134>2021-07-15T00:50:15Z cache-mia11368 MEWElogs[39982]: CROP, 1626310214564012695, MIA, 12
<134>2021-07-15T00:50:17Z cache-lax10677 MEWElogs[39982]: CROP, 1626310216762895972, LGB, 12
<134>2021-07-15T00:50:51Z cache-yul12826 MEWElogs[39982]: CROP, 1626310249959276866, YUL, 12
<134>2021-07-15T00:51:15Z cache-lax10677 MEWElogs[39982]: CROP, 1626310274206341481, LGB, 12
<134>2021-07-15T00:51:16Z cache-lhr7382 MEWElogs[39982]: CROP, 1626310275875438802, LHR, 12
<134>2021-07-15T00:51:34Z cache-mel11272 MEWElogs[39982]: CROP, 1626310293707982396, MEL, 12
<134>2021-07-15T00:51:56Z cache-stp9226 MEWElogs[39982]: CROP, 1626310315199334513, STP, 12
<134>2021-07-15T00:52:27Z cache-man4150 MEWElogs[39982]: CROP, 1626310346600932335, MAN, 12
<134>2021-07-15T00:52:40Z cache-jax20933 MEWElogs[39982]: CROP, 1626310359066083001, JAX, 12
<134>2021-07-15T00:52:44Z cache-mci5951 MEWElogs[39982]: CROP, 1626310363337502553, MCI, 12
<134>2021-07-15T00:52:45Z cache-lax10677 MEWElogs[39982]: CROP, 1626310364439350881, LGB, 12
<134>2021-07-15T00:52:45Z cache-yul12826 MEWElogs[39982]: CROP, 1626310364228005212, YUL, 12
<134>2021-07-15T00:53:22Z cache-mia11368 MEWElogs[39982]: CROP, 1626310402025462436, MIA, 12
<134>2021-07-15T00:53:45Z cache-mia11368 MEWElogs[39982]: CROP, 1626310425230314478, MIA, 12
<134>2021-07-15T00:54:19Z cache-lga21983 MEWElogs[39982]: CROP, 1626310459367453104, LGA, 12
<134>2021-07-15T00:54:29Z cache-yul12826 MEWElogs[39982]: CROP, 1626310468927449716, YUL, 12
<134>2021-07-15T00:54:49Z cache-mia11368 MEWElogs[39982]: CROP, 1626310488387814064, MIA, 12
<134>2021-07-15T00:55:05Z cache-osl6529 MEWElogs[39982]: CROP, 1626310504712975442, OSL, 12
<134>2021-07-15T00:55:06Z cache-ewr18156 MEWElogs[39982]: CROP, 1626310506047927891, EWR, 12
<134>2021-07-15T00:55:33Z cache-ewr18156 MEWElogs[39982]: CROP, 1626310532876933215, EWR, 12
<134>2021-07-15T00:55:33Z cache-lga21983 MEWElogs[39982]: CROP, 1626310532546944093, LGA, 12
<134>2021-07-15T00:55:40Z cache-scl19427 MEWElogs[39982]: CROP, 1626310540470264485, SCL, 12
<134>2021-07-15T00:55:56Z cache-scl19427 MEWElogs[39982]: CROP, 1626310556502768772, SCL, 12
<134>2021-07-15T00:56:01Z cache-lga21983 MEWElogs[39982]: CROP, 1626310560659125003, LGA, 12
<134>2021-07-15T00:56:18Z cache-scl19427 MEWElogs[39982]: CROP, 1626310577887153220, SCL, 12
<134>2021-07-15T00:56:27Z cache-gru17149 MEWElogs[39982]: CROP, 1626310586194358822, GRU, 12
<134>2021-07-15T00:56:33Z cache-jax20933 MEWElogs[39982]: CROP, 1626310592581589652, JAX, 12
<134>2021-07-15T00:56:34Z cache-gig17035 MEWElogs[39982]: CROP, 1626310593588258755, GIG, 12
<134>2021-07-15T00:57:06Z cache-syd10183 MEWElogs[39982]: CROP, 1626310625819318305, SYD, 12
<134>2021-07-15T00:57:12Z cache-gru17149 MEWElogs[39982]: CROP, 1626310631411322415, GRU, 12
<134>2021-07-15T00:57:20Z cache-osl6529 MEWElogs[39982]: CROP, 1626310639403650048, OSL, 12
<134>2021-07-15T00:57:22Z cache-lga21983 MEWElogs[39982]: CROP, 1626310641443410964, LGA, 12
<134>2021-07-15T00:57:51Z cache-bom4751 MEWElogs[39982]: CROP, 1626310671464353234, BOM, 12
<134>2021-07-15T00:57:54Z cache-syd10183 MEWElogs[39982]: CROP, 1626310673273698830, SYD, 12
<134>2021-07-15T00:58:08Z cache-osl6529 MEWElogs[39982]: CROP, 1626310687774504168, OSL, 12
<134>2021-07-15T00:58:36Z cache-ewr18156 MEWElogs[39982]: CROP, 1626310715663253725, EWR, 12
<134>2021-07-15T00:58:56Z cache-syd10183 MEWElogs[39982]: CROP, 1626310735414959252, SYD, 12
