<134>2021-07-14T17:22:23Z cache-hkg17929 MEWElogs[308969]: FLIPH, 1626283343323068679, HKG, 10
<134>2021-07-14T17:22:34Z cache-mad22068 MEWElogs[308969]: FLIPH, 1626283353969380492, MAD, -1
<134>2021-07-14T17:22:35Z cache-jax20933 MEWElogs[308969]: FLIPH, 1626283354796863883, JAX, -1
<134>2021-07-14T17:22:46Z cache-mia11368 MEWElogs[308969]: FLIPH, 1626283366582377484, MIA, -1
<134>2021-07-14T17:22:56Z cache-mrs10583 MEWElogs[308969]: FLIPH, 1626283376785514692, MRS, -1
<134>2021-07-14T17:23:08Z cache-stp9226 MEWElogs[308969]: FLIPH, 1626283388045952323, STP, 10
<134>2021-07-14T17:23:15Z cache-yul12826 MEWElogs[308969]: FLIPH, 1626283395002050265, YUL, -1
<134>2021-07-14T17:23:17Z cache-mci5951 MEWElogs[308969]: FLIPH, 1626283396736414215, MCI, -1
<134>2021-07-14T17:23:40Z cache-mrs10583 MEWElogs[308969]: FLIPH, 1626283418954152180, MRS, -1
<134>2021-07-14T17:23:47Z cache-mad22068 MEWElogs[308969]: FLIPH, 1626283426785413657, MAD, 10
<134>2021-07-14T17:23:53Z cache-yul12826 MEWElogs[308969]: FLIPH, 1626283433237497079, YUL, -1
<134>2021-07-14T17:24:37Z cache-lax10677 MEWElogs[308969]: FLIPH, 1626283476469465927, LGB, 10
<134>2021-07-14T17:25:03Z cache-lax10677 MEWElogs[308969]: FLIPH, 1626283502990972041, LGB, -1
<134>2021-07-14T17:25:07Z cache-yul12826 MEWElogs[308969]: FLIPH, 1626283507543188151, YUL, -1
<134>2021-07-14T17:25:08Z cache-lhr7382 MEWElogs[308969]: FLIPH, 1626283508349629467, LHR, -1
<134>2021-07-14T17:25:10Z cache-hkg17929 MEWElogs[308969]: FLIPH, 1626283509437229979, HKG, -1
<134>2021-07-14T17:25:29Z cache-jax20933 MEWElogs[308969]: FLIPH, 1626283529322222762, JAX, 10
<134>2021-07-14T17:25:46Z cache-lax10677 MEWElogs[308969]: FLIPH, 1626283545544504205, LGB, 10
<134>2021-07-14T17:25:49Z cache-mrs10583 MEWElogs[308969]: FLIPH, 1626283548792728727, MRS, -1
<134>2021-07-14T17:26:16Z cache-yul12826 MEWElogs[308969]: FLIPH, 1626283575928930559, YUL, 10
<134>2021-07-14T17:26:37Z cache-mia11368 MEWElogs[308969]: FLIPH, 1626283597020523730, MIA, 10
<134>2021-07-14T17:26:50Z cache-mci5951 MEWElogs[308969]: FLIPH, 1626283609453283112, MCI, -1
<134>2021-07-14T17:26:59Z cache-jax20933 MEWElogs[308969]: FLIPH, 1626283619588880122, JAX, -1
<134>2021-07-14T17:27:06Z cache-lhr7382 MEWElogs[308969]: FLIPH, 1626283625788155098, LHR, 10
<134>2021-07-14T17:27:24Z cache-jax20933 MEWElogs[308969]: FLIPH, 1626283643632332127, JAX, -1
<134>2021-07-14T17:27:37Z cache-mrs10583 MEWElogs[308969]: FLIPH, 1626283656693122764, MRS, 10
<134>2021-07-14T17:28:05Z cache-mia11368 MEWElogs[308969]: FLIPH, 1626283685189312223, MIA, -1
<134>2021-07-14T17:28:20Z cache-mad22068 MEWElogs[308969]: FLIPH, 1626283700024551905, MAD, -1
<134>2021-07-14T17:28:40Z cache-lhr7382 MEWElogs[308969]: FLIPH, 1626283720236228995, LHR, -1
<134>2021-07-14T17:29:19Z cache-lhr7382 MEWElogs[308969]: FLIPH, 1626283758323476273, LHR, 10
<134>2021-07-14T17:29:45Z cache-mel11272 MEWElogs[308969]: FLIPH, 1626283784020974935, MEL, 10
<134>2021-07-14T17:29:54Z cache-yul12826 MEWElogs[308969]: FLIPH, 1626283793867158397, YUL, -1
<134>2021-07-14T17:29:54Z cache-lax10677 MEWElogs[308969]: FLIPH, 1626283793410391191, LGB, 10
<134>2021-07-14T17:29:57Z cache-yul12826 MEWElogs[308969]: FLIPH, 1626283796831036959, YUL, 10
<134>2021-07-14T17:30:00Z cache-mia11368 MEWElogs[308969]: FLIPH, 1626283799698243939, MIA, 10
<134>2021-07-14T17:30:11Z cache-stp9226 MEWElogs[308969]: FLIPH, 1626283811062716848, STP, -1
<134>2021-07-14T17:30:16Z cache-jax20933 MEWElogs[308969]: FLIPH, 1626283815671967325, JAX, 10
<134>2021-07-14T17:30:24Z cache-mel11272 MEWElogs[308969]: FLIPH, 1626283823852079107, MEL, 10
<134>2021-07-14T17:30:25Z cache-mci5951 MEWElogs[308969]: FLIPH, 1626283824640567148, MCI, 10
<134>2021-07-14T17:31:05Z cache-lga21983 MEWElogs[308969]: FLIPH, 1626283865005940864, LGA, -1
<134>2021-07-14T17:31:07Z cache-stp9226 MEWElogs[308969]: FLIPH, 1626283866225986546, STP, -1
<134>2021-07-14T17:31:24Z cache-man4150 MEWElogs[308969]: FLIPH, 1626283883447944240, MAN, 10
<134>2021-07-14T17:31:48Z cache-yul12826 MEWElogs[308969]: FLIPH, 1626283908108353043, YUL, 10
<134>2021-07-14T17:31:54Z cache-yul12826 MEWElogs[308969]: FLIPH, 1626283914282157454, YUL, -1
