<134>2021-07-14T23:27:22Z cache-stl4834 MEWElogs[382896]: BLUR, 1626305241108660003, STL, 11
<134>2021-07-14T23:28:07Z cache-itm18851 MEWElogs[382896]: BLUR, 1626305287720071846, ITM, 11
<134>2021-07-14T23:29:14Z cache-sea4483 MEWElogs[382896]: BLUR, 1626305353982319691, SEA, 11
<134>2021-07-14T23:29:24Z cache-tyo11974 MEWElogs[382896]: BLUR, 1626305363854421602, TYO, 11
<134>2021-07-14T23:29:34Z cache-hnd18722 MEWElogs[382896]: BLUR, 1626305374726645671, HND, 11
<134>2021-07-14T23:29:55Z cache-itm18851 MEWElogs[382896]: BLUR, 1626305394986576125, ITM, 11
<134>2021-07-14T23:30:21Z cache-sjc10078 MEWElogs[382896]: BLUR, 1626305420730842484, SJC, 11
<134>2021-07-14T23:30:28Z cache-hnd18722 MEWElogs[382896]: BLUR, 1626305428288159398, HND, 11
<134>2021-07-14T23:30:32Z cache-itm18851 MEWElogs[382896]: BLUR, 1626305430954550007, ITM, 11
<134>2021-07-14T23:30:42Z cache-stl4834 MEWElogs[382896]: BLUR, 1626305441534245754, STL, 11
<134>2021-07-14T23:32:45Z cache-sea4483 MEWElogs[382896]: BLUR, 1626305564873051799, SEA, 11
<134>2021-07-14T23:33:12Z cache-cgh11183 MEWElogs[382896]: BLUR, 1626305592222815113, CGH, 11
<134>2021-07-14T23:33:31Z cache-itm18851 MEWElogs[382896]: BLUR, 1626305610345567517, ITM, 11
<134>2021-07-14T23:33:36Z cache-tyo11974 MEWElogs[382896]: BLUR, 1626305615489703328, TYO, 11
<134>2021-07-14T23:34:33Z cache-tyo11974 MEWElogs[382896]: BLUR, 1626305672748971891, TYO, 11
<134>2021-07-14T23:35:46Z cache-yyz4551 MEWElogs[382896]: BLUR, 1626305746537805869, YYZ, 11
<134>2021-07-14T23:36:05Z cache-cgh11183 MEWElogs[382896]: BLUR, 1626305764509348804, CGH, 11
<134>2021-07-14T23:36:13Z cache-tyo11974 MEWElogs[382896]: BLUR, 1626305772869959648, TYO, 11
<134>2021-07-14T23:36:19Z cache-yyz4551 MEWElogs[382896]: BLUR, 1626305778826728901, YYZ, 11
<134>2021-07-14T23:36:22Z cache-cgh11183 MEWElogs[382896]: BLUR, 1626305781643669182, CGH, 11
<134>2021-07-14T23:36:24Z cache-cgh11122 MEWElogs[382896]: BLUR, 1626305783888862138, CGH, 11
<134>2021-07-14T23:36:33Z cache-bma1628 MEWElogs[382896]: BLUR, 1626305792499316088, BMA, 11
<134>2021-07-14T23:36:36Z cache-sea4483 MEWElogs[382896]: BLUR, 1626305796406811683, SEA, 11
