<134>2021-07-15T00:28:45Z cache-bog6425 MEWElogs[370074]: CROP, 1626308924929632125, BOG, 12
<134>2021-07-15T00:28:57Z cache-cmh21547 MEWElogs[370074]: CROP, 1626308937390935718, CMH, 12
<134>2021-07-15T00:29:39Z cache-ams21020 MEWElogs[370074]: CROP, 1626308978725811730, AMS, 12
<134>2021-07-15T00:29:48Z cache-maa10251 MEWElogs[370074]: CROP, 1626308987451764319, MAA, 12
<134>2021-07-15T00:30:05Z cache-wdc5583 MEWElogs[370074]: CROP, 1626309005885718251, WDC, 12
<134>2021-07-15T00:30:15Z cache-eze19324 MEWElogs[370074]: CROP, 1626309014248451088, EZE, 12
<134>2021-07-15T00:30:32Z cache-wdc5583 MEWElogs[370074]: CROP, 1626309032295749653, WDC, 12
<134>2021-07-15T00:30:39Z cache-pdk17882 MEWElogs[370074]: CROP, 1626309039187408109, PDK, 12
<134>2021-07-15T00:30:45Z cache-bog6425 MEWElogs[370074]: CROP, 1626309044346924208, BOG, 12
<134>2021-07-15T00:30:52Z cache-eze19324 MEWElogs[370074]: CROP, 1626309051329774288, EZE, 12
<134>2021-07-15T00:30:52Z cache-maa10251 MEWElogs[370074]: CROP, 1626309051697308333, MAA, 12
<134>2021-07-15T00:30:53Z cache-bog6425 MEWElogs[370074]: CROP, 1626309052889651906, BOG, 12
<134>2021-07-15T00:30:53Z cache-wdc5583 MEWElogs[370074]: CROP, 1626309053165857229, WDC, 12
<134>2021-07-15T00:30:57Z cache-ams21020 MEWElogs[370074]: CROP, 1626309056731773246, AMS, 12
<134>2021-07-15T00:31:00Z cache-ams21020 MEWElogs[370074]: CROP, 1626309059484072840, AMS, 12
<134>2021-07-15T00:31:06Z cache-bog6425 MEWElogs[370074]: CROP, 1626309065649120093, BOG, 12
<134>2021-07-15T00:31:14Z cache-bog6425 MEWElogs[370074]: CROP, 1626309074523702895, BOG, 12
<134>2021-07-15T00:31:19Z cache-mdw17383 MEWElogs[370074]: CROP, 1626309079172178504, MDW, 12
<134>2021-07-15T00:31:22Z cache-dca17782 MEWElogs[370074]: CROP, 1626309082366251293, DCA, 12
<134>2021-07-15T00:31:34Z cache-dca17782 MEWElogs[370074]: CROP, 1626309093655291715, DCA, 12
<134>2021-07-15T00:31:42Z cache-mdw17383 MEWElogs[370074]: CROP, 1626309101745284358, MDW, 12
<134>2021-07-15T00:32:04Z cache-eze19324 MEWElogs[370074]: CROP, 1626309123936330361, EZE, 12
<134>2021-07-15T00:32:38Z cache-dca17782 MEWElogs[370074]: CROP, 1626309157773827541, DCA, 12
<134>2021-07-15T00:32:50Z cache-ord1740 MEWElogs[370074]: CROP, 1626309169609498040, ORD, 12
<134>2021-07-15T00:33:11Z cache-ord1740 MEWElogs[370074]: CROP, 1626309190441688261, ORD, 12
<134>2021-07-15T00:33:11Z cache-eze19324 MEWElogs[370074]: CROP, 1626309191073717295, EZE, 12
<134>2021-07-15T00:33:18Z cache-ord1740 MEWElogs[370074]: CROP, 1626309197461199207, ORD, 12
<134>2021-07-15T00:33:21Z cache-maa10251 MEWElogs[370074]: CROP, 1626309200780827126, MAA, 12
<134>2021-07-15T00:33:45Z cache-pdk17882 MEWElogs[370074]: CROP, 1626309224736249043, PDK, 12
<134>2021-07-15T00:33:52Z cache-cmh21547 MEWElogs[370074]: CROP, 1626309232381821329, CMH, 12
<134>2021-07-15T00:33:53Z cache-wdc5583 MEWElogs[370074]: CROP, 1626309232985900345, WDC, 12
<134>2021-07-15T00:34:03Z cache-pdk17882 MEWElogs[370074]: CROP, 1626309242598047502, PDK, 12
<134>2021-07-15T00:34:18Z cache-eze19324 MEWElogs[370074]: CROP, 1626309257708147170, EZE, 12
<134>2021-07-15T00:34:28Z cache-eze19324 MEWElogs[370074]: CROP, 1626309267897478277, EZE, 12
<134>2021-07-15T00:34:41Z cache-dca17782 MEWElogs[370074]: CROP, 1626309280167907924, DCA, 12
<134>2021-07-15T00:34:48Z cache-dca17782 MEWElogs[370074]: CROP, 1626309287476862619, DCA, 12
<134>2021-07-15T00:34:48Z cache-akl10324 MEWElogs[370074]: CROP, 1626309288137764521, AKL, 12
<134>2021-07-15T00:34:50Z cache-bog6425 MEWElogs[370074]: CROP, 1626309290260566548, BOG, 12
<134>2021-07-15T00:35:07Z cache-akl10324 MEWElogs[370074]: CROP, 1626309306714802696, AKL, 12
<134>2021-07-15T00:35:07Z cache-bog6425 MEWElogs[370074]: CROP, 1626309307156628187, BOG, 12
<134>2021-07-15T00:35:12Z cache-fty21383 MEWElogs[370074]: CROP, 1626309311455096454, FTY, 12
<134>2021-07-15T00:36:12Z cache-del21735 MEWElogs[370074]: CROP, 1626309371274331763, DEL, 12
<134>2021-07-15T00:36:15Z cache-bos4657 MEWElogs[370074]: CROP, 1626309374841775175, BOS, 12
<134>2021-07-15T00:36:16Z cache-del21735 MEWElogs[370074]: CROP, 1626309375124802062, DEL, 12
<134>2021-07-15T00:36:19Z cache-dfw18678 MEWElogs[370074]: CROP, 1626309379030902600, DFW, 12
<134>2021-07-15T00:36:29Z cache-dfw18678 MEWElogs[370074]: CROP, 1626309388725221367, DFW, 12
<134>2021-07-15T00:36:32Z cache-fty21383 MEWElogs[370074]: CROP, 1626309391756015976, FTY, 12
<134>2021-07-15T00:36:40Z cache-pwk4920 MEWElogs[370074]: CROP, 1626309399012619656, PWK, 12
<134>2021-07-15T00:36:43Z cache-pwk4920 MEWElogs[370074]: CROP, 1626309403152812423, PWK, 12
<134>2021-07-15T00:37:06Z cache-cph20625 MEWElogs[370074]: CROP, 1626309425674298449, CPH, 12
<134>2021-07-15T00:37:18Z cache-bos4657 MEWElogs[370074]: CROP, 1626309437910025632, BOS, 12
<134>2021-07-15T00:37:46Z cache-dub4329 MEWElogs[370074]: CROP, 1626309465694529964, DUB, 12
<134>2021-07-15T00:37:50Z cache-cph20625 MEWElogs[370074]: CROP, 1626309469095871072, CPH, 12
<134>2021-07-15T00:38:03Z cache-hel6829 MEWElogs[370074]: CROP, 1626309483441088427, HEL, 12
<134>2021-07-15T00:38:04Z cache-dfw18678 MEWElogs[370074]: CROP, 1626309484038536865, DFW, 12
<134>2021-07-15T00:38:11Z cache-cph20625 MEWElogs[370074]: CROP, 1626309490751211518, CPH, 12
<134>2021-07-15T00:38:18Z cache-del21735 MEWElogs[370074]: CROP, 1626309497441749103, DEL, 12
<134>2021-07-15T00:38:26Z cache-del21735 MEWElogs[370074]: CROP, 1626309505151718340, DEL, 12
<134>2021-07-15T00:38:34Z cache-pwk4920 MEWElogs[370074]: CROP, 1626309514006210771, PWK, 12
