<134>2021-07-15T07:43:13Z cache-jax20933 MEWElogs[400146]: UNSH, 1626334992277552702, JAX, 16
<134>2021-07-15T07:43:48Z cache-lhr7382 MEWElogs[400146]: UNSH, 1626335027834534574, LHR, 16
<134>2021-07-15T07:43:58Z cache-man4150 MEWElogs[400146]: UNSH, 1626335037426447908, MAN, 16
<134>2021-07-15T07:44:00Z cache-jax20933 MEWElogs[400146]: UNSH, 1626335039941707709, JAX, 16
<134>2021-07-15T07:44:06Z cache-lhr7382 MEWElogs[400146]: UNSH, 1626335045302466241, LHR, 16
<134>2021-07-15T07:44:20Z cache-bom4751 MEWElogs[400146]: UNSH, 1626335060240856443, BOM, 16
<134>2021-07-15T07:44:35Z cache-osl6529 MEWElogs[400146]: UNSH, 1626335075400373368, OSL, 16
<134>2021-07-15T07:44:41Z cache-bom4751 MEWElogs[400146]: UNSH, 1626335080763862314, BOM, 16
<134>2021-07-15T07:44:46Z cache-jax20933 MEWElogs[400146]: UNSH, 1626335085665363140, JAX, 16
<134>2021-07-15T07:44:59Z cache-man4150 MEWElogs[400146]: UNSH, 1626335099123073016, MAN, 16
<134>2021-07-15T07:45:13Z cache-bom4751 MEWElogs[400146]: UNSH, 1626335112127584738, BOM, 16
<134>2021-07-15T07:45:25Z cache-mel11272 MEWElogs[400146]: UNSH, 1626335124684258843, MEL, 16
<134>2021-07-15T07:45:35Z cache-lax10677 MEWElogs[400146]: UNSH, 1626335135821070593, LGB, 16
<134>2021-07-15T07:45:41Z cache-man4150 MEWElogs[400146]: UNSH, 1626335140870418254, MAN, 16
<134>2021-07-15T07:45:52Z cache-bom4751 MEWElogs[400146]: UNSH, 1626335151720567594, BOM, 16
<134>2021-07-15T07:46:10Z cache-mel11272 MEWElogs[400146]: UNSH, 1626335169570862746, MEL, 16
<134>2021-07-15T07:46:52Z cache-man4150 MEWElogs[400146]: UNSH, 1626335211231083672, MAN, 16
<134>2021-07-15T07:47:17Z cache-man4150 MEWElogs[400146]: UNSH, 1626335236468614340, MAN, 16
<134>2021-07-15T07:47:18Z cache-mel11272 MEWElogs[400146]: UNSH, 1626335238639448847, MEL, 16
<134>2021-07-15T07:48:47Z cache-cdg20720 MEWElogs[400146]: UNSH, 1626335326870872546, CDG, 16
<134>2021-07-15T07:49:36Z cache-mel11272 MEWElogs[400146]: UNSH, 1626335375498498300, MEL, 16
<134>2021-07-15T07:49:46Z cache-gig17035 MEWElogs[400146]: UNSH, 1626335385565214322, GIG, 16
<134>2021-07-15T07:49:49Z cache-lax10677 MEWElogs[400146]: UNSH, 1626335388375598475, LGB, 16
<134>2021-07-15T07:49:51Z cache-pao17461 MEWElogs[400146]: UNSH, 1626335390507526469, PAO, 16
<134>2021-07-15T07:50:11Z cache-scl19427 MEWElogs[400146]: UNSH, 1626335410824001941, SCL, 16
<134>2021-07-15T07:50:21Z cache-gig17035 MEWElogs[400146]: UNSH, 1626335420369429327, GIG, 16
<134>2021-07-15T07:50:36Z cache-bom4751 MEWElogs[400146]: UNSH, 1626335435334392741, BOM, 16
<134>2021-07-15T07:50:47Z cache-scl19427 MEWElogs[400146]: UNSH, 1626335447336671230, SCL, 16
<134>2021-07-15T07:51:12Z cache-itm18851 MEWElogs[400146]: UNSH, 1626335472031346851, ITM, 16
<134>2021-07-15T07:51:25Z cache-hnd18722 MEWElogs[400146]: UNSH, 1626335484462908312, HND, 16
<134>2021-07-15T07:52:24Z cache-cgh11122 MEWElogs[400146]: UNSH, 1626335543672277399, CGH, 16
<134>2021-07-15T07:52:34Z cache-cgh11122 MEWElogs[400146]: UNSH, 1626335553832830826, CGH, 16
<134>2021-07-15T07:53:03Z cache-syd10183 MEWElogs[400146]: UNSH, 1626335583302579440, SYD, 16
