<134>2021-07-14T16:21:38Z cache-dca17782 MEWElogs[21956]: FLIPH, 1626279697739881678, DCA, 10
<134>2021-07-14T16:22:07Z cache-maa10251 MEWElogs[21956]: FLIPH, 1626279726533385576, MAA, 10
<134>2021-07-14T16:22:28Z cache-ams21020 MEWElogs[21956]: FLIPH, 1626279748407082634, AMS, 10
<134>2021-07-14T16:22:34Z cache-mdw17383 MEWElogs[21956]: FLIPH, 1626279754227014980, MDW, 10
<134>2021-07-14T16:22:35Z cache-cmh21547 MEWElogs[21956]: FLIPH, 1626279755471317964, CMH, 10
<134>2021-07-14T16:26:57Z cache-wdc5583 MEWElogs[21956]: FLIPH, 1626280016933495183, WDC, -1
<134>2021-07-14T16:26:57Z cache-dca17782 MEWElogs[21956]: FLIPH, 1626280016923578203, DCA, -1
<134>2021-07-14T16:26:58Z cache-pdk17882 MEWElogs[21956]: FLIPH, 1626280016990116707, PDK, -1
<134>2021-07-14T16:26:58Z cache-maa10251 MEWElogs[21956]: FLIPH, 1626280017632831561, MAA, -1
<134>2021-07-14T16:27:06Z cache-ams21020 MEWElogs[21956]: FLIPH, 1626280025165087661, AMS, -1
<134>2021-07-14T16:27:33Z cache-ord1740 MEWElogs[21956]: FLIPH, 1626280053355333299, ORD, -1
<134>2021-07-14T16:27:34Z cache-dca17782 MEWElogs[21956]: FLIPH, 1626280054555957638, DCA, -1
<134>2021-07-14T16:27:35Z cache-cmh21547 MEWElogs[21956]: FLIPH, 1626280054112704184, CMH, 10
<134>2021-07-14T16:27:38Z cache-maa10251 MEWElogs[21956]: FLIPH, 1626280057881429611, MAA, -1
<134>2021-07-14T16:28:04Z cache-cmh21547 MEWElogs[21956]: FLIPH, 1626280083171763294, CMH, -1
<134>2021-07-14T16:28:08Z cache-cmh21547 MEWElogs[21956]: FLIPH, 1626280087099775505, CMH, 10
<134>2021-07-14T16:28:19Z cache-bog6425 MEWElogs[21956]: FLIPH, 1626280098390772661, BOG, 10
<134>2021-07-14T16:28:31Z cache-pdk17882 MEWElogs[21956]: FLIPH, 1626280111155498073, PDK, 10
<134>2021-07-14T16:28:37Z cache-pdk17882 MEWElogs[21956]: FLIPH, 1626280117334698040, PDK, -1
<134>2021-07-14T16:28:41Z cache-ord1740 MEWElogs[21956]: FLIPH, 1626280120678400078, ORD, 10
<134>2021-07-14T16:28:50Z cache-dca17782 MEWElogs[21956]: FLIPH, 1626280129590676369, DCA, -1
<134>2021-07-14T16:28:56Z cache-wdc5583 MEWElogs[21956]: FLIPH, 1626280135607532019, WDC, 10
<134>2021-07-14T16:29:05Z cache-pdk17882 MEWElogs[21956]: FLIPH, 1626280144512497545, PDK, -1
<134>2021-07-14T16:29:06Z cache-ams21020 MEWElogs[21956]: FLIPH, 1626280145391681961, AMS, 10
<134>2021-07-14T16:29:21Z cache-mdw17383 MEWElogs[21956]: FLIPH, 1626280160668756846, MDW, -1
<134>2021-07-14T16:29:25Z cache-pdk17882 MEWElogs[21956]: FLIPH, 1626280165562616168, PDK, 10
<134>2021-07-14T16:29:31Z cache-mdw17383 MEWElogs[21956]: FLIPH, 1626280171822298855, MDW, -1
<134>2021-07-14T16:29:49Z cache-ams21020 MEWElogs[21956]: FLIPH, 1626280188933495171, AMS, 10
<134>2021-07-14T16:29:55Z cache-mdw17383 MEWElogs[21956]: FLIPH, 1626280194547247339, MDW, -1
<134>2021-07-14T16:29:55Z cache-dca17782 MEWElogs[21956]: FLIPH, 1626280194970118412, DCA, -1
<134>2021-07-14T16:29:58Z cache-eze19324 MEWElogs[21956]: FLIPH, 1626280197751632017, EZE, 10
<134>2021-07-14T16:29:58Z cache-mdw17383 MEWElogs[21956]: FLIPH, 1626280198020009357, MDW, 10
<134>2021-07-14T16:30:00Z cache-pdk17882 MEWElogs[21956]: FLIPH, 1626280199032775074, PDK, -1
<134>2021-07-14T16:30:18Z cache-pdk17882 MEWElogs[21956]: FLIPH, 1626280218073047973, PDK, -1
<134>2021-07-14T16:30:18Z cache-eze19324 MEWElogs[21956]: FLIPH, 1626280218241041776, EZE, -1
<134>2021-07-14T16:30:29Z cache-ams21020 MEWElogs[21956]: FLIPH, 1626280229045733828, AMS, -1
<134>2021-07-14T16:30:31Z cache-ord1740 MEWElogs[21956]: FLIPH, 1626280230864165558, ORD, 10
<134>2021-07-14T16:30:36Z cache-cmh21547 MEWElogs[21956]: FLIPH, 1626280235786081251, CMH, -1
<134>2021-07-14T16:30:47Z cache-bog6425 MEWElogs[21956]: FLIPH, 1626280246661561198, BOG, 10
<134>2021-07-14T16:30:56Z cache-maa10251 MEWElogs[21956]: FLIPH, 1626280256130953232, MAA, -1
<134>2021-07-14T16:30:57Z cache-ams21020 MEWElogs[21956]: FLIPH, 1626280257386464794, AMS, 10
<134>2021-07-14T16:31:06Z cache-maa10251 MEWElogs[21956]: FLIPH, 1626280265811463849, MAA, -1
<134>2021-07-14T16:31:13Z cache-wdc5583 MEWElogs[21956]: FLIPH, 1626280272443799190, WDC, 10
<134>2021-07-14T16:31:22Z cache-eze19324 MEWElogs[21956]: FLIPH, 1626280281628087531, EZE, 10
<134>2021-07-14T16:31:34Z cache-wdc5583 MEWElogs[21956]: FLIPH, 1626280293340763505, WDC, 10
<134>2021-07-14T16:31:35Z cache-cmh21547 MEWElogs[21956]: FLIPH, 1626280295251006456, CMH, 10
