<134>2021-07-14T21:21:45Z cache-mdw17383 MEWElogs[322581]: BLUR, 1626297705122260601, MDW, 11
<134>2021-07-14T21:22:11Z cache-fty21383 MEWElogs[322581]: BLUR, 1626297730392064528, FTY, 11
<134>2021-07-14T21:23:15Z cache-pwk4920 MEWElogs[322581]: BLUR, 1626297795136017285, PWK, 11
<134>2021-07-14T21:23:29Z cache-cph20625 MEWElogs[322581]: BLUR, 1626297809036974323, CPH, 11
<134>2021-07-14T21:23:53Z cache-hhn4077 MEWElogs[322581]: BLUR, 1626297832120231987, HHN, 11
<134>2021-07-14T21:24:48Z cache-cph20625 MEWElogs[322581]: BLUR, 1626297887712557008, CPH, 11
<134>2021-07-14T21:25:11Z cache-del21735 MEWElogs[322581]: BLUR, 1626297910816182966, DEL, 11
<134>2021-07-14T21:25:13Z cache-fty21383 MEWElogs[322581]: BLUR, 1626297912855245920, FTY, 11
<134>2021-07-14T21:26:39Z cache-del21735 MEWElogs[322581]: BLUR, 1626297998683136155, DEL, 11
<134>2021-07-14T21:27:09Z cache-del21735 MEWElogs[322581]: BLUR, 1626298028362394298, DEL, 11
<134>2021-07-14T21:27:52Z cache-del21735 MEWElogs[322581]: BLUR, 1626298071337665335, DEL, 11
<134>2021-07-14T21:28:31Z cache-dfw18678 MEWElogs[322581]: BLUR, 1626298109980008570, DFW, 11
<134>2021-07-14T21:28:56Z cache-akl10324 MEWElogs[322581]: BLUR, 1626298136173880369, AKL, 11
<134>2021-07-14T21:29:43Z cache-fty21383 MEWElogs[322581]: BLUR, 1626298182315816558, FTY, 11
<134>2021-07-14T21:30:23Z cache-bos4657 MEWElogs[322581]: BLUR, 1626298222644109903, BOS, 11
<134>2021-07-14T21:30:24Z cache-akl10324 MEWElogs[322581]: BLUR, 1626298223724779441, AKL, 11
<134>2021-07-14T21:30:31Z cache-dub4329 MEWElogs[322581]: BLUR, 1626298230621282135, DUB, 11
<134>2021-07-14T21:30:36Z cache-hhn4077 MEWElogs[322581]: BLUR, 1626298236337425100, HHN, 11
<134>2021-07-14T21:30:44Z cache-dfw18678 MEWElogs[322581]: BLUR, 1626298243806644747, DFW, 11
<134>2021-07-14T21:31:12Z cache-hhn4077 MEWElogs[322581]: BLUR, 1626298272114501208, HHN, 11
<134>2021-07-14T21:31:27Z cache-bos4657 MEWElogs[322581]: BLUR, 1626298286428942417, BOS, 11
