<134>2021-07-14T17:02:27Z cache-fra19177 MEWElogs[318405]: FLIPH, 1626282146075129871, FRA, 10
<134>2021-07-14T17:02:35Z cache-cwb20520 MEWElogs[318405]: FLIPH, 1626282154225529988, CWB, 10
<134>2021-07-14T17:02:42Z cache-cwb20520 MEWElogs[318405]: FLIPH, 1626282161267859310, CWB, -1
<134>2021-07-14T17:02:54Z cache-jnb7027 MEWElogs[318405]: FLIPH, 1626282174051987158, JNB, 10
<134>2021-07-14T17:03:02Z cache-dal21283 MEWElogs[318405]: FLIPH, 1626282181866539162, DAL, 10
<134>2021-07-14T17:03:26Z cache-den8274 MEWElogs[318405]: FLIPH, 1626282206167060237, DEN, 10
<134>2021-07-14T17:03:33Z cache-hhn4077 MEWElogs[318405]: FLIPH, 1626282212005694706, HHN, -1
<134>2021-07-14T17:03:36Z cache-dal21283 MEWElogs[318405]: FLIPH, 1626282216609858541, DAL, 10
<134>2021-07-14T17:03:59Z cache-dal21283 MEWElogs[318405]: FLIPH, 1626282238655085371, DAL, 10
<134>2021-07-14T17:04:10Z cache-hhn4077 MEWElogs[318405]: FLIPH, 1626282250022759397, HHN, 10
<134>2021-07-14T17:04:13Z cache-fra19177 MEWElogs[318405]: FLIPH, 1626282252502805996, FRA, -1
<134>2021-07-14T17:04:18Z cache-hel6829 MEWElogs[318405]: FLIPH, 1626282258114700593, HEL, 10
<134>2021-07-14T17:04:21Z cache-iah17271 MEWElogs[318405]: FLIPH, 1626282261061974981, IAH, -1
<134>2021-07-14T17:04:26Z cache-lon4249 MEWElogs[318405]: FLIPH, 1626282266351788964, LON, 10
<134>2021-07-14T17:04:37Z cache-hel6829 MEWElogs[318405]: FLIPH, 1626282277525196828, HEL, 10
<134>2021-07-14T17:04:53Z cache-hel6829 MEWElogs[318405]: FLIPH, 1626282293365441793, HEL, -1
<134>2021-07-14T17:04:58Z cache-hhn4077 MEWElogs[318405]: FLIPH, 1626282297671849356, HHN, 10
<134>2021-07-14T17:05:08Z cache-hel6829 MEWElogs[318405]: FLIPH, 1626282306918552907, HEL, 10
<134>2021-07-14T17:05:12Z cache-jnb7027 MEWElogs[318405]: FLIPH, 1626282312309075653, JNB, 10
<134>2021-07-14T17:05:29Z cache-den8274 MEWElogs[318405]: FLIPH, 1626282328004308339, DEN, -1
<134>2021-07-14T17:05:33Z cache-hel6829 MEWElogs[318405]: FLIPH, 1626282332681195176, HEL, -1
<134>2021-07-14T17:05:43Z cache-fra19177 MEWElogs[318405]: FLIPH, 1626282342324128454, FRA, -1
<134>2021-07-14T17:05:51Z cache-iah17271 MEWElogs[318405]: FLIPH, 1626282350653705600, IAH, -1
<134>2021-07-14T17:05:54Z cache-lon4249 MEWElogs[318405]: FLIPH, 1626282354026653332, LON, -1
<134>2021-07-14T17:06:04Z cache-bur17583 MEWElogs[318405]: FLIPH, 1626282363950472214, BUR, 10
<134>2021-07-14T17:06:19Z cache-cwb20520 MEWElogs[318405]: FLIPH, 1626282378603550146, CWB, -1
<134>2021-07-14T17:06:28Z cache-lcy19283 MEWElogs[318405]: FLIPH, 1626282388216286811, LCY, -1
<134>2021-07-14T17:06:31Z cache-den8274 MEWElogs[318405]: FLIPH, 1626282390529884814, DEN, -1
<134>2021-07-14T17:07:21Z cache-lcy19283 MEWElogs[318405]: FLIPH, 1626282441330618085, LCY, 10
<134>2021-07-14T17:07:22Z cache-fra19177 MEWElogs[318405]: FLIPH, 1626282442388705264, FRA, -1
<134>2021-07-14T17:07:28Z cache-lcy19283 MEWElogs[318405]: FLIPH, 1626282448018646505, LCY, -1
<134>2021-07-14T17:07:33Z cache-fra19177 MEWElogs[318405]: FLIPH, 1626282451984303717, FRA, -1
<134>2021-07-14T17:07:36Z cache-fra19177 MEWElogs[318405]: FLIPH, 1626282455166248774, FRA, 10
<134>2021-07-14T17:07:40Z cache-jnb7027 MEWElogs[318405]: FLIPH, 1626282459602921777, JNB, 10
<134>2021-07-14T17:07:55Z cache-bur17583 MEWElogs[318405]: FLIPH, 1626282474984427280, BUR, -1
<134>2021-07-14T17:07:57Z cache-jnb7027 MEWElogs[318405]: FLIPH, 1626282476529831377, JNB, -1
<134>2021-07-14T17:08:18Z cache-fra19177 MEWElogs[318405]: FLIPH, 1626282497550726882, FRA, -1
<134>2021-07-14T17:08:42Z cache-lcy19283 MEWElogs[318405]: FLIPH, 1626282521958143860, LCY, 10
<134>2021-07-14T17:09:08Z cache-hel6829 MEWElogs[318405]: FLIPH, 1626282547666911511, HEL, -1
<134>2021-07-14T17:09:18Z cache-dal21283 MEWElogs[318405]: FLIPH, 1626282557607589990, DAL, 10
<134>2021-07-14T17:09:24Z cache-den8274 MEWElogs[318405]: FLIPH, 1626282563871425293, DEN, 10
<134>2021-07-14T17:09:26Z cache-lon4249 MEWElogs[318405]: FLIPH, 1626282566397366366, LON, -1
<134>2021-07-14T17:09:49Z cache-lcy19283 MEWElogs[318405]: FLIPH, 1626282588906624712, LCY, -1
<134>2021-07-14T17:10:47Z cache-cwb20520 MEWElogs[318405]: FLIPH, 1626282645909547904, CWB, 10
<134>2021-07-14T17:10:51Z cache-hel6829 MEWElogs[318405]: FLIPH, 1626282650542138611, HEL, 10
<134>2021-07-14T17:11:36Z cache-hel6829 MEWElogs[318405]: FLIPH, 1626282695616725477, HEL, -1
<134>2021-07-14T17:11:36Z cache-den8274 MEWElogs[318405]: FLIPH, 1626282695580928536, DEN, -1
<134>2021-07-14T17:11:49Z cache-fra19177 MEWElogs[318405]: FLIPH, 1626282707996629106, FRA, 10
<134>2021-07-14T17:12:03Z cache-den8274 MEWElogs[318405]: FLIPH, 1626282722369675533, DEN, -1
<134>2021-07-14T17:12:24Z cache-den8274 MEWElogs[318405]: FLIPH, 1626282743012804981, DEN, 10
