<134>2021-07-15T02:12:08Z cache-ewr18156 MEWElogs[369035]: GRAY, 1626315128403240944, EWR, 13
<134>2021-07-15T02:12:10Z cache-gru17149 MEWElogs[369035]: GRAY, 1626315129389579895, GRU, 13
<134>2021-07-15T02:12:16Z cache-gig17035 MEWElogs[369035]: GRAY, 1626315135123026793, GIG, 13
<134>2021-07-15T02:12:24Z cache-scl19427 MEWElogs[369035]: GRAY, 1626315143819869094, SCL, 13
<134>2021-07-15T02:12:45Z cache-bom4751 MEWElogs[369035]: GRAY, 1626315164215808194, BOM, 13
<134>2021-07-15T02:12:49Z cache-scl19427 MEWElogs[369035]: GRAY, 1626315168609934600, SCL, 13
<134>2021-07-15T02:13:00Z cache-gru17149 MEWElogs[369035]: GRAY, 1626315179790535288, GRU, 13
<134>2021-07-15T02:13:14Z cache-scl19427 MEWElogs[369035]: GRAY, 1626315194057381276, SCL, 13
<134>2021-07-15T02:13:48Z cache-scl19427 MEWElogs[369035]: GRAY, 1626315227103557201, SCL, 13
<134>2021-07-15T02:13:49Z cache-cgh11122 MEWElogs[369035]: GRAY, 1626315228439065213, CGH, 13
<134>2021-07-15T02:13:49Z cache-pao17461 MEWElogs[369035]: GRAY, 1626315228781404630, PAO, 13
<134>2021-07-15T02:14:19Z cache-stl4834 MEWElogs[369035]: GRAY, 1626315259131759385, STL, 13
<134>2021-07-15T02:14:49Z cache-cgh11122 MEWElogs[369035]: GRAY, 1626315289599838515, CGH, 13
<134>2021-07-15T02:14:54Z cache-itm18851 MEWElogs[369035]: GRAY, 1626315293078112565, ITM, 13
<134>2021-07-15T02:14:57Z cache-cgh11122 MEWElogs[369035]: GRAY, 1626315296491651321, CGH, 13
<134>2021-07-15T02:15:33Z cache-pao17461 MEWElogs[369035]: GRAY, 1626315332592209665, PAO, 13
<134>2021-07-15T02:15:44Z cache-bom4751 MEWElogs[369035]: GRAY, 1626315343540400390, BOM, 13
<134>2021-07-15T02:15:45Z cache-gig17035 MEWElogs[369035]: GRAY, 1626315344103836028, GIG, 13
<134>2021-07-15T02:15:51Z cache-cgh11122 MEWElogs[369035]: GRAY, 1626315350744602294, CGH, 13
<134>2021-07-15T02:15:52Z cache-gig17035 MEWElogs[369035]: GRAY, 1626315351786466100, GIG, 13
<134>2021-07-15T02:15:59Z cache-gig17035 MEWElogs[369035]: GRAY, 1626315359464610087, GIG, 13
<134>2021-07-15T02:16:01Z cache-itm18851 MEWElogs[369035]: GRAY, 1626315360947522049, ITM, 13
<134>2021-07-15T02:16:08Z cache-gig17035 MEWElogs[369035]: GRAY, 1626315367212349521, GIG, 13
<134>2021-07-15T02:16:09Z cache-itm18851 MEWElogs[369035]: GRAY, 1626315368540441879, ITM, 13
<134>2021-07-15T02:16:18Z cache-cgh11122 MEWElogs[369035]: GRAY, 1626315377945543115, CGH, 13
<134>2021-07-15T02:16:39Z cache-hnd18722 MEWElogs[369035]: GRAY, 1626315398745063279, HND, 13
<134>2021-07-15T02:16:54Z cache-hnd18722 MEWElogs[369035]: GRAY, 1626315413043032114, HND, 13
<134>2021-07-15T02:17:03Z cache-pao17461 MEWElogs[369035]: GRAY, 1626315422498761818, PAO, 13
<134>2021-07-15T02:17:20Z cache-gru17149 MEWElogs[369035]: GRAY, 1626315439233842060, GRU, 13
<134>2021-07-15T02:17:21Z cache-hnd18722 MEWElogs[369035]: GRAY, 1626315440947998450, HND, 13
<134>2021-07-15T02:17:26Z cache-syd10183 MEWElogs[369035]: GRAY, 1626315445639357116, SYD, 13
<134>2021-07-15T02:17:42Z cache-hnd18722 MEWElogs[369035]: GRAY, 1626315462321653553, HND, 13
<134>2021-07-15T02:17:43Z cache-stl4834 MEWElogs[369035]: GRAY, 1626315462624804054, STL, 13
<134>2021-07-15T02:17:45Z cache-sjc10078 MEWElogs[369035]: GRAY, 1626315464724235504, SJC, 13
<134>2021-07-15T02:18:12Z cache-pao17461 MEWElogs[369035]: GRAY, 1626315492189025521, PAO, 13
<134>2021-07-15T02:18:27Z cache-hnd18722 MEWElogs[369035]: GRAY, 1626315506071421197, HND, 13
<134>2021-07-15T02:18:28Z cache-cgh11122 MEWElogs[369035]: GRAY, 1626315507081895194, CGH, 13
<134>2021-07-15T02:18:42Z cache-sjc10078 MEWElogs[369035]: GRAY, 1626315521625357082, SJC, 13
<134>2021-07-15T02:19:22Z cache-hnd18722 MEWElogs[369035]: GRAY, 1626315561723933671, HND, 13
<134>2021-07-15T02:19:29Z cache-cgh11183 MEWElogs[369035]: GRAY, 1626315567983029161, CGH, 13
<134>2021-07-15T02:20:15Z cache-cgh11122 MEWElogs[369035]: GRAY, 1626315614442284641, CGH, 13
<134>2021-07-15T02:20:15Z cache-cgh11183 MEWElogs[369035]: GRAY, 1626315614774386644, CGH, 13
<134>2021-07-15T02:20:32Z cache-sea4483 MEWElogs[369035]: GRAY, 1626315631707833963, SEA, 13
<134>2021-07-15T02:21:03Z cache-sjc10078 MEWElogs[369035]: GRAY, 1626315662679101095, SJC, 13
<134>2021-07-15T02:21:43Z cache-cgh11122 MEWElogs[369035]: GRAY, 1626315703088731841, CGH, 13
<134>2021-07-15T02:21:55Z cache-pao17461 MEWElogs[369035]: GRAY, 1626315714828236886, PAO, 13
<134>2021-07-15T02:21:57Z cache-cgh11183 MEWElogs[369035]: GRAY, 1626315716884454167, CGH, 13
