<134>2021-07-15T06:19:27Z cache-pdk17882 MEWElogs[464521]: UNSH, 1626329966506708832, PDK, 16
<134>2021-07-15T06:19:34Z cache-dca17782 MEWElogs[464521]: UNSH, 1626329973309160548, DCA, 16
<134>2021-07-15T06:19:49Z cache-maa10251 MEWElogs[464521]: UNSH, 1626329988786504607, MAA, 16
<134>2021-07-15T06:20:12Z cache-dca17782 MEWElogs[464521]: UNSH, 1626330011828862705, DCA, 16
<134>2021-07-15T06:20:19Z cache-maa10251 MEWElogs[464521]: UNSH, 1626330018433665318, MAA, 16
<134>2021-07-15T06:20:37Z cache-bog6425 MEWElogs[464521]: UNSH, 1626330036478831902, BOG, 16
<134>2021-07-15T06:20:50Z cache-pdk17882 MEWElogs[464521]: UNSH, 1626330049388601567, PDK, 16
<134>2021-07-15T06:21:03Z cache-ams21020 MEWElogs[464521]: UNSH, 1626330063099587382, AMS, 16
<134>2021-07-15T06:21:06Z cache-ord1740 MEWElogs[464521]: UNSH, 1626330065435733696, ORD, 16
<134>2021-07-15T06:21:13Z cache-cph20625 MEWElogs[464521]: UNSH, 1626330073463817098, CPH, 16
<134>2021-07-15T06:21:17Z cache-pdk17882 MEWElogs[464521]: UNSH, 1626330076845219401, PDK, 16
<134>2021-07-15T06:22:05Z cache-bog6425 MEWElogs[464521]: UNSH, 1626330124987416967, BOG, 16
<134>2021-07-15T06:22:41Z cache-wdc5583 MEWElogs[464521]: UNSH, 1626330160529388443, WDC, 16
<134>2021-07-15T06:22:47Z cache-dca17782 MEWElogs[464521]: UNSH, 1626330167323242546, DCA, 16
<134>2021-07-15T06:23:00Z cache-mdw17383 MEWElogs[464521]: UNSH, 1626330179308337818, MDW, 16
<134>2021-07-15T06:23:10Z cache-mdw17383 MEWElogs[464521]: UNSH, 1626330190344388074, MDW, 16
<134>2021-07-15T06:24:17Z cache-mdw17383 MEWElogs[464521]: UNSH, 1626330256921486935, MDW, 16
<134>2021-07-15T06:24:34Z cache-maa10251 MEWElogs[464521]: UNSH, 1626330273691846348, MAA, 16
<134>2021-07-15T06:25:33Z cache-dfw18678 MEWElogs[464521]: UNSH, 1626330333029940698, DFW, 16
<134>2021-07-15T06:25:36Z cache-cph20625 MEWElogs[464521]: UNSH, 1626330335095825939, CPH, 16
<134>2021-07-15T06:25:57Z cache-cph20625 MEWElogs[464521]: UNSH, 1626330355993687124, CPH, 16
<134>2021-07-15T06:26:04Z cache-dfw18678 MEWElogs[464521]: UNSH, 1626330363607879604, DFW, 16
<134>2021-07-15T06:26:29Z cache-fty21383 MEWElogs[464521]: UNSH, 1626330388073596809, FTY, 16
<134>2021-07-15T06:26:34Z cache-bos4657 MEWElogs[464521]: UNSH, 1626330393032410189, BOS, 16
<134>2021-07-15T06:27:09Z cache-bos4657 MEWElogs[464521]: UNSH, 1626330428692454869, BOS, 16
<134>2021-07-15T06:27:21Z cache-fty21383 MEWElogs[464521]: UNSH, 1626330440470585658, FTY, 16
<134>2021-07-15T06:27:31Z cache-cph20625 MEWElogs[464521]: UNSH, 1626330451144618940, CPH, 16
<134>2021-07-15T06:27:36Z cache-bos4657 MEWElogs[464521]: UNSH, 1626330455585541198, BOS, 16
<134>2021-07-15T06:27:36Z cache-del21735 MEWElogs[464521]: UNSH, 1626330455808187477, DEL, 16
<134>2021-07-15T06:27:47Z cache-chi21126 MEWElogs[464521]: UNSH, 1626330466012210399, CHI, 16
<134>2021-07-15T06:27:55Z cache-del21735 MEWElogs[464521]: UNSH, 1626330474532610774, DEL, 16
<134>2021-07-15T06:28:19Z cache-hhn4077 MEWElogs[464521]: UNSH, 1626330498997167761, HHN, 16
<134>2021-07-15T06:28:41Z cache-dub4329 MEWElogs[464521]: UNSH, 1626330520402007130, DUB, 16
<134>2021-07-15T06:28:44Z cache-chi21126 MEWElogs[464521]: UNSH, 1626330524432391765, CHI, 16
<134>2021-07-15T06:28:48Z cache-bos4657 MEWElogs[464521]: UNSH, 1626330527187966637, BOS, 16
<134>2021-07-15T06:28:49Z cache-dub4329 MEWElogs[464521]: UNSH, 1626330528629473388, DUB, 16
<134>2021-07-15T06:28:56Z cache-cph20625 MEWElogs[464521]: UNSH, 1626330535439734322, CPH, 16
<134>2021-07-15T06:28:56Z cache-dfw18678 MEWElogs[464521]: UNSH, 1626330535786528667, DFW, 16
<134>2021-07-15T06:28:57Z cache-fty21383 MEWElogs[464521]: UNSH, 1626330536546868810, FTY, 16
<134>2021-07-15T06:29:06Z cache-dub4329 MEWElogs[464521]: UNSH, 1626330545065576049, DUB, 16
<134>2021-07-15T06:29:13Z cache-akl10324 MEWElogs[464521]: UNSH, 1626330552865168120, AKL, 16
