<134>2021-07-15T01:21:33Z cache-maa10251 MEWElogs[382896]: GRAY, 1626312092653966944, MAA, 13
<134>2021-07-15T01:21:47Z cache-bog6425 MEWElogs[382896]: GRAY, 1626312106706544673, BOG, 13
<134>2021-07-15T01:21:54Z cache-wdc5583 MEWElogs[382896]: GRAY, 1626312113986093629, WDC, 13
<134>2021-07-15T01:22:06Z cache-ams21020 MEWElogs[382896]: GRAY, 1626312125970515956, AMS, 13
<134>2021-07-15T01:22:15Z cache-maa10251 MEWElogs[382896]: GRAY, 1626312134829107066, MAA, 13
<134>2021-07-15T01:22:20Z cache-maa10251 MEWElogs[382896]: GRAY, 1626312140832026791, MAA, 13
<134>2021-07-15T01:22:31Z cache-ams21020 MEWElogs[382896]: GRAY, 1626312150138805357, AMS, 13
<134>2021-07-15T01:22:42Z cache-mdw17383 MEWElogs[382896]: GRAY, 1626312161530990011, MDW, 13
<134>2021-07-15T01:23:27Z cache-cmh21547 MEWElogs[382896]: GRAY, 1626312206655056308, CMH, 13
<134>2021-07-15T01:23:28Z cache-bog6425 MEWElogs[382896]: GRAY, 1626312207172459584, BOG, 13
<134>2021-07-15T01:23:44Z cache-maa10251 MEWElogs[382896]: GRAY, 1626312223297329349, MAA, 13
<134>2021-07-15T01:23:51Z cache-eze19324 MEWElogs[382896]: GRAY, 1626312230909177631, EZE, 13
<134>2021-07-15T01:24:01Z cache-bog6425 MEWElogs[382896]: GRAY, 1626312240734495628, BOG, 13
<134>2021-07-15T01:24:02Z cache-wdc5583 MEWElogs[382896]: GRAY, 1626312241504680522, WDC, 13
<134>2021-07-15T01:24:07Z cache-eze19324 MEWElogs[382896]: GRAY, 1626312247339840514, EZE, 13
<134>2021-07-15T01:24:20Z cache-cmh21547 MEWElogs[382896]: GRAY, 1626312259751181950, CMH, 13
<134>2021-07-15T01:24:24Z cache-eze19324 MEWElogs[382896]: GRAY, 1626312263615729748, EZE, 13
<134>2021-07-15T01:24:25Z cache-ord1740 MEWElogs[382896]: GRAY, 1626312264205083295, ORD, 13
<134>2021-07-15T01:24:30Z cache-ord1740 MEWElogs[382896]: GRAY, 1626312269865659812, ORD, 13
<134>2021-07-15T01:24:39Z cache-pdk17882 MEWElogs[382896]: GRAY, 1626312279419980089, PDK, 13
<134>2021-07-15T01:24:46Z cache-pdk17882 MEWElogs[382896]: GRAY, 1626312285442755975, PDK, 13
<134>2021-07-15T01:24:48Z cache-maa10251 MEWElogs[382896]: GRAY, 1626312288175117789, MAA, 13
<134>2021-07-15T01:24:55Z cache-eze19324 MEWElogs[382896]: GRAY, 1626312295815913451, EZE, 13
<134>2021-07-15T01:25:34Z cache-ord1740 MEWElogs[382896]: GRAY, 1626312333123854151, ORD, 13
<134>2021-07-15T01:25:56Z cache-ord1740 MEWElogs[382896]: GRAY, 1626312355906467537, ORD, 13
<134>2021-07-15T01:26:00Z cache-bog6425 MEWElogs[382896]: GRAY, 1626312360025981081, BOG, 13
<134>2021-07-15T01:26:02Z cache-ord1740 MEWElogs[382896]: GRAY, 1626312361616947003, ORD, 13
<134>2021-07-15T01:26:07Z cache-cmh21547 MEWElogs[382896]: GRAY, 1626312366536240209, CMH, 13
<134>2021-07-15T01:26:18Z cache-maa10251 MEWElogs[382896]: GRAY, 1626312377204243990, MAA, 13
<134>2021-07-15T01:26:20Z cache-mdw17383 MEWElogs[382896]: GRAY, 1626312380057265103, MDW, 13
<134>2021-07-15T01:26:30Z cache-maa10251 MEWElogs[382896]: GRAY, 1626312389083018422, MAA, 13
<134>2021-07-15T01:26:34Z cache-dca17782 MEWElogs[382896]: GRAY, 1626312393576998213, DCA, 13
<134>2021-07-15T01:26:43Z cache-mdw17383 MEWElogs[382896]: GRAY, 1626312402835474216, MDW, 13
<134>2021-07-15T01:26:52Z cache-wdc5583 MEWElogs[382896]: GRAY, 1626312411925731941, WDC, 13
<134>2021-07-15T01:26:53Z cache-maa10251 MEWElogs[382896]: GRAY, 1626312412606171686, MAA, 13
<134>2021-07-15T01:27:31Z cache-cmh21547 MEWElogs[382896]: GRAY, 1626312450679034439, CMH, 13
<134>2021-07-15T01:27:35Z cache-wdc5583 MEWElogs[382896]: GRAY, 1626312454750057402, WDC, 13
<134>2021-07-15T01:27:45Z cache-ord1740 MEWElogs[382896]: GRAY, 1626312464810807207, ORD, 13
<134>2021-07-15T01:27:59Z cache-mdw17383 MEWElogs[382896]: GRAY, 1626312478620337760, MDW, 13
<134>2021-07-15T01:28:01Z cache-bog6425 MEWElogs[382896]: GRAY, 1626312481273078071, BOG, 13
<134>2021-07-15T01:28:11Z cache-maa10251 MEWElogs[382896]: GRAY, 1626312489974496741, MAA, 13
<134>2021-07-15T01:28:31Z cache-ord1740 MEWElogs[382896]: GRAY, 1626312510118954158, ORD, 13
<134>2021-07-15T01:28:35Z cache-bog6425 MEWElogs[382896]: GRAY, 1626312513978457509, BOG, 13
<134>2021-07-15T01:28:36Z cache-ord1740 MEWElogs[382896]: GRAY, 1626312515825360989, ORD, 13
<134>2021-07-15T01:28:50Z cache-pdk17882 MEWElogs[382896]: GRAY, 1626312529345667195, PDK, 13
<134>2021-07-15T01:29:27Z cache-wdc5583 MEWElogs[382896]: GRAY, 1626312567535248206, WDC, 13
<134>2021-07-15T01:29:34Z cache-ord1740 MEWElogs[382896]: GRAY, 1626312573463121015, ORD, 13
<134>2021-07-15T01:30:20Z cache-pdk17882 MEWElogs[382896]: GRAY, 1626312619235029596, PDK, 13
<134>2021-07-15T01:30:43Z cache-eze19324 MEWElogs[382896]: GRAY, 1626312643403201999, EZE, 13
<134>2021-07-15T01:30:52Z cache-eze19324 MEWElogs[382896]: GRAY, 1626312651804130570, EZE, 13
<134>2021-07-15T01:30:55Z cache-pdk17882 MEWElogs[382896]: GRAY, 1626312655207481160, PDK, 13
<134>2021-07-15T01:30:55Z cache-maa10251 MEWElogs[382896]: GRAY, 1626312654735520053, MAA, 13
<134>2021-07-15T01:31:13Z cache-maa10251 MEWElogs[382896]: GRAY, 1626312672265208987, MAA, 13
