<134>2021-07-15T04:16:23Z cache-ams21020 MEWElogs[322023]: ROTATE, 1626322582181152078, AMS, 15
<134>2021-07-15T04:16:35Z cache-dca17782 MEWElogs[322023]: ROTATE, 1626322594746148639, DCA, 15
<134>2021-07-15T04:16:54Z cache-ams21020 MEWElogs[322023]: ROTATE, 1626322613206302662, AMS, 15
<134>2021-07-15T04:17:09Z cache-ams21020 MEWElogs[322023]: ROTATE, 1626322628646064389, AMS, 15
<134>2021-07-15T04:17:10Z cache-mdw17383 MEWElogs[322023]: ROTATE, 1626322630214708956, MDW, 15
<134>2021-07-15T04:17:12Z cache-dca17782 MEWElogs[322023]: ROTATE, 1626322632043279257, DCA, 15
<134>2021-07-15T04:17:21Z cache-pdk17882 MEWElogs[322023]: ROTATE, 1626322640096076328, PDK, 15
<134>2021-07-15T04:17:43Z cache-mdw17383 MEWElogs[322023]: ROTATE, 1626322662626926998, MDW, 15
<134>2021-07-15T04:18:46Z cache-dca17782 MEWElogs[322023]: ROTATE, 1626322725867181150, DCA, 15
<134>2021-07-15T04:19:03Z cache-maa10251 MEWElogs[322023]: ROTATE, 1626322743107057710, MAA, 15
<134>2021-07-15T04:20:02Z cache-dca17782 MEWElogs[322023]: ROTATE, 1626322801939658362, DCA, 15
<134>2021-07-15T04:20:22Z cache-cph20625 MEWElogs[322023]: ROTATE, 1626322822679043728, CPH, 15
<134>2021-07-15T04:20:25Z cache-mdw17383 MEWElogs[322023]: ROTATE, 1626322824463229813, MDW, 15
<134>2021-07-15T04:20:26Z cache-pdk17882 MEWElogs[322023]: ROTATE, 1626322825036619955, PDK, 15
<134>2021-07-15T04:20:29Z cache-wdc5583 MEWElogs[322023]: ROTATE, 1626322829672651158, WDC, 15
<134>2021-07-15T04:20:30Z cache-dca17782 MEWElogs[322023]: ROTATE, 1626322830512621272, DCA, 15
<134>2021-07-15T04:22:26Z cache-dfw18678 MEWElogs[322023]: ROTATE, 1626322945834505636, DFW, 15
<134>2021-07-15T04:23:09Z cache-wdc5583 MEWElogs[322023]: ROTATE, 1626322989119949368, WDC, 15
<134>2021-07-15T04:23:24Z cache-dfw18678 MEWElogs[322023]: ROTATE, 1626323003493528325, DFW, 15
<134>2021-07-15T04:23:41Z cache-mdw17383 MEWElogs[322023]: ROTATE, 1626323021023197810, MDW, 15
<134>2021-07-15T04:24:14Z cache-dub4329 MEWElogs[322023]: ROTATE, 1626323053317700720, DUB, 15
<134>2021-07-15T04:24:25Z cache-bos4657 MEWElogs[322023]: ROTATE, 1626323064837762480, BOS, 15
<134>2021-07-15T04:24:37Z cache-fty21383 MEWElogs[322023]: ROTATE, 1626323076677895845, FTY, 15
<134>2021-07-15T04:24:52Z cache-del21735 MEWElogs[322023]: ROTATE, 1626323092031462522, DEL, 15
<134>2021-07-15T04:25:01Z cache-dub4329 MEWElogs[322023]: ROTATE, 1626323100045366541, DUB, 15
<134>2021-07-15T04:25:22Z cache-chi21126 MEWElogs[322023]: ROTATE, 1626323122067379684, CHI, 15
<134>2021-07-15T04:25:31Z cache-akl10324 MEWElogs[322023]: ROTATE, 1626323130088236055, AKL, 15
<134>2021-07-15T04:25:35Z cache-cwb20520 MEWElogs[322023]: ROTATE, 1626323134508118550, CWB, 15
<134>2021-07-15T04:26:01Z cache-fty21383 MEWElogs[322023]: ROTATE, 1626323160391975893, FTY, 15
<134>2021-07-15T04:26:07Z cache-bos4657 MEWElogs[322023]: ROTATE, 1626323166301028742, BOS, 15
