<134>2021-07-15T04:48:02Z cache-bur17583 MEWElogs[464521]: ROTATE, 1626324481662720805, BUR, 15
<134>2021-07-15T04:48:09Z cache-jnb7027 MEWElogs[464521]: ROTATE, 1626324489224663395, JNB, 15
<134>2021-07-15T04:48:22Z cache-fra19177 MEWElogs[464521]: ROTATE, 1626324501086942910, FRA, 15
<134>2021-07-15T04:48:38Z cache-bur17583 MEWElogs[464521]: ROTATE, 1626324517497545046, BUR, 15
<134>2021-07-15T04:49:05Z cache-lon4249 MEWElogs[464521]: ROTATE, 1626324544002181974, LON, 15
<134>2021-07-15T04:49:09Z cache-iah17271 MEWElogs[464521]: ROTATE, 1626324548369322632, IAH, 15
<134>2021-07-15T04:49:15Z cache-mad22068 MEWElogs[464521]: ROTATE, 1626324554309020160, MAD, 15
<134>2021-07-15T04:49:31Z cache-mad22068 MEWElogs[464521]: ROTATE, 1626324570143038896, MAD, 15
<134>2021-07-15T04:50:20Z cache-lcy19283 MEWElogs[464521]: ROTATE, 1626324619803064441, LCY, 15
<134>2021-07-15T04:50:53Z cache-lcy19283 MEWElogs[464521]: ROTATE, 1626324652353118215, LCY, 15
<134>2021-07-15T04:51:01Z cache-hel6829 MEWElogs[464521]: ROTATE, 1626324660899849069, HEL, 15
<134>2021-07-15T04:51:23Z cache-lon4249 MEWElogs[464521]: ROTATE, 1626324682638127759, LON, 15
<134>2021-07-15T04:51:42Z cache-mrs10583 MEWElogs[464521]: ROTATE, 1626324701692084552, MRS, 15
<134>2021-07-15T04:52:03Z cache-iah17271 MEWElogs[464521]: ROTATE, 1626324722348091777, IAH, 15
<134>2021-07-15T04:52:03Z cache-hkg17929 MEWElogs[464521]: ROTATE, 1626324722988402158, HKG, 15
<134>2021-07-15T04:52:04Z cache-bur17583 MEWElogs[464521]: ROTATE, 1626324723308524576, BUR, 15
<134>2021-07-15T04:52:14Z cache-lcy19283 MEWElogs[464521]: ROTATE, 1626324733327386460, LCY, 15
<134>2021-07-15T04:52:23Z cache-yul12826 MEWElogs[464521]: ROTATE, 1626324742847061511, YUL, 15
<134>2021-07-15T04:53:06Z cache-yul12826 MEWElogs[464521]: ROTATE, 1626324786174648211, YUL, 15
<134>2021-07-15T04:53:09Z cache-mrs10583 MEWElogs[464521]: ROTATE, 1626324788051677819, MRS, 15
<134>2021-07-15T04:53:09Z cache-lhr7382 MEWElogs[464521]: ROTATE, 1626324789250097719, LHR, 15
<134>2021-07-15T04:53:18Z cache-lhr7382 MEWElogs[464521]: ROTATE, 1626324797117787711, LHR, 15
<134>2021-07-15T04:53:25Z cache-mrs10583 MEWElogs[464521]: ROTATE, 1626324804070417063, MRS, 15
<134>2021-07-15T04:53:32Z cache-yul12826 MEWElogs[464521]: ROTATE, 1626324811863077281, YUL, 15
<134>2021-07-15T04:53:57Z cache-iah17271 MEWElogs[464521]: ROTATE, 1626324836505832048, IAH, 15
<134>2021-07-15T04:53:58Z cache-stp9226 MEWElogs[464521]: ROTATE, 1626324837138603459, STP, 15
<134>2021-07-15T04:54:19Z cache-dal21283 MEWElogs[464521]: ROTATE, 1626324859081372953, DAL, 15
<134>2021-07-15T04:54:55Z cache-dal21283 MEWElogs[464521]: ROTATE, 1626324894487165936, DAL, 15
<134>2021-07-15T04:55:07Z cache-yul12826 MEWElogs[464521]: ROTATE, 1626324906529428492, YUL, 15
<134>2021-07-15T04:55:30Z cache-hkg17929 MEWElogs[464521]: ROTATE, 1626324929888430613, HKG, 15
<134>2021-07-15T04:55:38Z cache-mrs10583 MEWElogs[464521]: ROTATE, 1626324937901731828, MRS, 15
<134>2021-07-15T04:56:02Z cache-mrs10583 MEWElogs[464521]: ROTATE, 1626324961917615771, MRS, 15
<134>2021-07-15T04:56:57Z cache-mrs10583 MEWElogs[464521]: ROTATE, 1626325016933748014, MRS, 15
<134>2021-07-15T04:56:58Z cache-man4150 MEWElogs[464521]: ROTATE, 1626325016974366488, MAN, 15
<134>2021-07-15T04:56:58Z cache-lhr7382 MEWElogs[464521]: ROTATE, 1626325017796830406, LHR, 15
<134>2021-07-15T04:57:01Z cache-dal21283 MEWElogs[464521]: ROTATE, 1626325021551255646, DAL, 15
<134>2021-07-15T04:57:13Z cache-man4150 MEWElogs[464521]: ROTATE, 1626325032562578663, MAN, 15
<134>2021-07-15T04:57:29Z cache-man4150 MEWElogs[464521]: ROTATE, 1626325048031670615, MAN, 15
<134>2021-07-15T04:57:52Z cache-lga21983 MEWElogs[464521]: ROTATE, 1626325071258150340, LGA, 15
<134>2021-07-15T04:57:52Z cache-mrs10583 MEWElogs[464521]: ROTATE, 1626325071553024452, MRS, 15
