<134>2021-07-15T06:30:16Z cache-dfw18678 MEWElogs[355776]: UNSH, 1626330615269389857, DFW, 16
<134>2021-07-15T06:30:17Z cache-del21735 MEWElogs[355776]: UNSH, 1626330616678655227, DEL, 16
<134>2021-07-15T06:30:50Z cache-chi21126 MEWElogs[355776]: UNSH, 1626330649837787356, CHI, 16
<134>2021-07-15T06:30:52Z cache-akl10324 MEWElogs[355776]: UNSH, 1626330651341241405, AKL, 16
<134>2021-07-15T06:31:00Z cache-chi21126 MEWElogs[355776]: UNSH, 1626330659883165155, CHI, 16
<134>2021-07-15T06:31:09Z cache-dub4329 MEWElogs[355776]: UNSH, 1626330668914241684, DUB, 16
<134>2021-07-15T06:31:30Z cache-chi21126 MEWElogs[355776]: UNSH, 1626330689918654082, CHI, 16
<134>2021-07-15T06:31:43Z cache-cwb20520 MEWElogs[355776]: UNSH, 1626330702578697647, CWB, 16
<134>2021-07-15T06:31:58Z cache-hhn4077 MEWElogs[355776]: UNSH, 1626330718539768006, HHN, 16
<134>2021-07-15T06:32:51Z cache-del21735 MEWElogs[355776]: UNSH, 1626330770059833312, DEL, 16
<134>2021-07-15T06:33:00Z cache-fty21383 MEWElogs[355776]: UNSH, 1626330779622764792, FTY, 16
<134>2021-07-15T06:33:05Z cache-dub4329 MEWElogs[355776]: UNSH, 1626330784397944175, DUB, 16
<134>2021-07-15T06:33:47Z cache-chi21126 MEWElogs[355776]: UNSH, 1626330826959452850, CHI, 16
<134>2021-07-15T06:33:53Z cache-fty21383 MEWElogs[355776]: UNSH, 1626330832032087653, FTY, 16
<134>2021-07-15T06:33:58Z cache-akl10324 MEWElogs[355776]: UNSH, 1626330838219741844, AKL, 16
<134>2021-07-15T06:34:06Z cache-del21735 MEWElogs[355776]: UNSH, 1626330845952815925, DEL, 16
<134>2021-07-15T06:34:15Z cache-del21735 MEWElogs[355776]: UNSH, 1626330855493701577, DEL, 16
<134>2021-07-15T06:34:19Z cache-cwb20520 MEWElogs[355776]: UNSH, 1626330858374317587, CWB, 16
<134>2021-07-15T06:35:04Z cache-dal21283 MEWElogs[355776]: UNSH, 1626330903964515227, DAL, 16
<134>2021-07-15T06:35:17Z cache-pwk4920 MEWElogs[355776]: UNSH, 1626330916700627979, PWK, 16
<134>2021-07-15T06:35:57Z cache-hhn4077 MEWElogs[355776]: UNSH, 1626330956425917461, HHN, 16
<134>2021-07-15T06:36:04Z cache-fty21383 MEWElogs[355776]: UNSH, 1626330963268897727, FTY, 16
<134>2021-07-15T06:36:05Z cache-chi21126 MEWElogs[355776]: UNSH, 1626330964447595695, CHI, 16
<134>2021-07-15T06:36:13Z cache-bos4657 MEWElogs[355776]: UNSH, 1626330973481183654, BOS, 16
<134>2021-07-15T06:37:16Z cache-cwb20520 MEWElogs[355776]: UNSH, 1626331035533694375, CWB, 16
<134>2021-07-15T06:37:58Z cache-fty21383 MEWElogs[355776]: UNSH, 1626331077752700694, FTY, 16
<134>2021-07-15T06:38:15Z cache-chi21126 MEWElogs[355776]: UNSH, 1626331094777879941, CHI, 16
<134>2021-07-15T06:39:02Z cache-del21735 MEWElogs[355776]: UNSH, 1626331141415025004, DEL, 16
<134>2021-07-15T06:39:02Z cache-dal21283 MEWElogs[355776]: UNSH, 1626331141630799543, DAL, 16
<134>2021-07-15T06:39:07Z cache-dub4329 MEWElogs[355776]: UNSH, 1626331146897688961, DUB, 16
<134>2021-07-15T06:39:24Z cache-dub4329 MEWElogs[355776]: UNSH, 1626331163485218022, DUB, 16
<134>2021-07-15T06:39:34Z cache-fty21383 MEWElogs[355776]: UNSH, 1626331173980300241, FTY, 16
<134>2021-07-15T06:39:56Z cache-hhn4077 MEWElogs[355776]: UNSH, 1626331195800600857, HHN, 16
<134>2021-07-15T06:40:05Z cache-hel6829 MEWElogs[355776]: UNSH, 1626331204313189525, HEL, 16
