<134>2021-07-15T01:31:43Z cache-wdc5583 MEWElogs[369035]: GRAY, 1626312702855594951, WDC, 13
<134>2021-07-15T01:31:53Z cache-cph20625 MEWElogs[369035]: GRAY, 1626312712565107979, CPH, 13
<134>2021-07-15T01:31:53Z cache-dca17782 MEWElogs[369035]: GRAY, 1626312712857981689, DCA, 13
<134>2021-07-15T01:32:05Z cache-wdc5583 MEWElogs[369035]: GRAY, 1626312724819323429, WDC, 13
<134>2021-07-15T01:32:13Z cache-cmh21547 MEWElogs[369035]: GRAY, 1626312732955960159, CMH, 13
<134>2021-07-15T01:32:28Z cache-cmh21547 MEWElogs[369035]: GRAY, 1626312748264596779, CMH, 13
<134>2021-07-15T01:32:36Z cache-cmh21547 MEWElogs[369035]: GRAY, 1626312755974947039, CMH, 13
<134>2021-07-15T01:32:41Z cache-dfw18678 MEWElogs[369035]: GRAY, 1626312760509047563, DFW, 13
<134>2021-07-15T01:33:06Z cache-mdw17383 MEWElogs[369035]: GRAY, 1626312785061367528, MDW, 13
<134>2021-07-15T01:33:21Z cache-cph20625 MEWElogs[369035]: GRAY, 1626312800729748014, CPH, 13
<134>2021-07-15T01:33:27Z cache-eze19324 MEWElogs[369035]: GRAY, 1626312806335492541, EZE, 13
<134>2021-07-15T01:33:29Z cache-cmh21547 MEWElogs[369035]: GRAY, 1626312809413281040, CMH, 13
<134>2021-07-15T01:33:41Z cache-del21735 MEWElogs[369035]: GRAY, 1626312820280859617, DEL, 13
<134>2021-07-15T01:33:44Z cache-akl10324 MEWElogs[369035]: GRAY, 1626312823209689578, AKL, 13
<134>2021-07-15T01:33:47Z cache-cph20625 MEWElogs[369035]: GRAY, 1626312826418306946, CPH, 13
<134>2021-07-15T01:34:12Z cache-akl10324 MEWElogs[369035]: GRAY, 1626312851531437659, AKL, 13
<134>2021-07-15T01:34:12Z cache-cph20625 MEWElogs[369035]: GRAY, 1626312851874521605, CPH, 13
<134>2021-07-15T01:34:25Z cache-chi21126 MEWElogs[369035]: GRAY, 1626312864281151250, CHI, 13
<134>2021-07-15T01:34:38Z cache-del21735 MEWElogs[369035]: GRAY, 1626312877602666798, DEL, 13
<134>2021-07-15T01:34:47Z cache-eze19324 MEWElogs[369035]: GRAY, 1626312887252533949, EZE, 13
<134>2021-07-15T01:34:48Z cache-akl10324 MEWElogs[369035]: GRAY, 1626312887372410179, AKL, 13
<134>2021-07-15T01:35:07Z cache-dfw18678 MEWElogs[369035]: GRAY, 1626312906963801624, DFW, 13
<134>2021-07-15T01:35:10Z cache-bos4657 MEWElogs[369035]: GRAY, 1626312909007441342, BOS, 13
<134>2021-07-15T01:35:16Z cache-fty21383 MEWElogs[369035]: GRAY, 1626312915449029018, FTY, 13
<134>2021-07-15T01:35:34Z cache-bos4657 MEWElogs[369035]: GRAY, 1626312933787159982, BOS, 13
<134>2021-07-15T01:35:39Z cache-hhn4077 MEWElogs[369035]: GRAY, 1626312938996056426, HHN, 13
<134>2021-07-15T01:35:46Z cache-pwk4920 MEWElogs[369035]: GRAY, 1626312946128382281, PWK, 13
<134>2021-07-15T01:35:54Z cache-cph20625 MEWElogs[369035]: GRAY, 1626312953826222323, CPH, 13
<134>2021-07-15T01:35:54Z cache-dfw18678 MEWElogs[369035]: GRAY, 1626312953653842795, DFW, 13
<134>2021-07-15T01:35:58Z cache-bos4657 MEWElogs[369035]: GRAY, 1626312958428724523, BOS, 13
<134>2021-07-15T01:36:27Z cache-hhn4077 MEWElogs[369035]: GRAY, 1626312986459475029, HHN, 13
<134>2021-07-15T01:36:33Z cache-cph20625 MEWElogs[369035]: GRAY, 1626312992261248222, CPH, 13
<134>2021-07-15T01:36:41Z cache-akl10324 MEWElogs[369035]: GRAY, 1626313001424647182, AKL, 13
<134>2021-07-15T01:36:56Z cache-hhn4077 MEWElogs[369035]: GRAY, 1626313015063320609, HHN, 13
<134>2021-07-15T01:37:22Z cache-cph20625 MEWElogs[369035]: GRAY, 1626313042280188716, CPH, 13
<134>2021-07-15T01:37:33Z cache-fra19177 MEWElogs[369035]: GRAY, 1626313052466363104, FRA, 13
<134>2021-07-15T01:37:42Z cache-del21735 MEWElogs[369035]: GRAY, 1626313062121252809, DEL, 13
<134>2021-07-15T01:38:52Z cache-del21735 MEWElogs[369035]: GRAY, 1626313131219841191, DEL, 13
<134>2021-07-15T01:38:52Z cache-pwk4920 MEWElogs[369035]: GRAY, 1626313132708107176, PWK, 13
<134>2021-07-15T01:39:02Z cache-fra19177 MEWElogs[369035]: GRAY, 1626313142069806105, FRA, 13
<134>2021-07-15T01:39:35Z cache-cph20625 MEWElogs[369035]: GRAY, 1626313174075324041, CPH, 13
<134>2021-07-15T01:39:41Z cache-akl10324 MEWElogs[369035]: GRAY, 1626313180690520252, AKL, 13
<134>2021-07-15T01:39:44Z cache-pwk4920 MEWElogs[369035]: GRAY, 1626313183582096450, PWK, 13
<134>2021-07-15T01:40:18Z cache-del21735 MEWElogs[369035]: GRAY, 1626313217765582407, DEL, 13
<134>2021-07-15T01:40:41Z cache-fra19177 MEWElogs[369035]: GRAY, 1626313240793635124, FRA, 13
<134>2021-07-15T01:40:50Z cache-hhn4077 MEWElogs[369035]: GRAY, 1626313250123076518, HHN, 13
<134>2021-07-15T01:40:55Z cache-pwk4920 MEWElogs[369035]: GRAY, 1626313255242924976, PWK, 13
<134>2021-07-15T01:41:07Z cache-akl10324 MEWElogs[369035]: GRAY, 1626313266404033069, AKL, 13
<134>2021-07-15T01:41:08Z cache-bos4657 MEWElogs[369035]: GRAY, 1626313267901874718, BOS, 13
<134>2021-07-15T01:41:09Z cache-hel6829 MEWElogs[369035]: GRAY, 1626313268810133724, HEL, 13
<134>2021-07-15T01:41:31Z cache-pwk4920 MEWElogs[369035]: GRAY, 1626313290773871745, PWK, 13
