<134>2021-07-15T01:32:22Z cache-chi21126 MEWElogs[216063]: GRAY, 1626312742115661871, CHI, 13
<134>2021-07-15T01:32:34Z cache-wdc5583 MEWElogs[216063]: GRAY, 1626312753552375587, WDC, 13
<134>2021-07-15T01:32:36Z cache-mdw17383 MEWElogs[216063]: GRAY, 1626312755396637017, MDW, 13
<134>2021-07-15T01:32:38Z cache-eze19324 MEWElogs[216063]: GRAY, 1626312757869118387, EZE, 13
<134>2021-07-15T01:32:43Z cache-mdw17383 MEWElogs[216063]: GRAY, 1626312762777597072, MDW, 13
<134>2021-07-15T01:32:52Z cache-fty21383 MEWElogs[216063]: GRAY, 1626312771954566395, FTY, 13
<134>2021-07-15T01:32:56Z cache-dfw18678 MEWElogs[216063]: GRAY, 1626312775936300341, DFW, 13
<134>2021-07-15T01:33:22Z cache-cmh21547 MEWElogs[216063]: GRAY, 1626312801892581303, CMH, 13
<134>2021-07-15T01:33:42Z cache-bos4657 MEWElogs[216063]: GRAY, 1626312822105085186, BOS, 13
<134>2021-07-15T01:33:49Z cache-bos4657 MEWElogs[216063]: GRAY, 1626312828232378298, BOS, 13
<134>2021-07-15T01:33:49Z cache-dfw18678 MEWElogs[216063]: GRAY, 1626312828671711262, DFW, 13
<134>2021-07-15T01:33:53Z cache-cmh21547 MEWElogs[216063]: GRAY, 1626312832014167552, CMH, 13
<134>2021-07-15T01:33:54Z cache-cph20625 MEWElogs[216063]: GRAY, 1626312833014697515, CPH, 13
<134>2021-07-15T01:34:19Z cache-cph20625 MEWElogs[216063]: GRAY, 1626312858221960750, CPH, 13
<134>2021-07-15T01:34:55Z cache-del21735 MEWElogs[216063]: GRAY, 1626312894830571158, DEL, 13
<134>2021-07-15T01:34:57Z cache-cph20625 MEWElogs[216063]: GRAY, 1626312896502105409, CPH, 13
<134>2021-07-15T01:35:05Z cache-fty21383 MEWElogs[216063]: GRAY, 1626312904776487158, FTY, 13
<134>2021-07-15T01:35:11Z cache-fra19177 MEWElogs[216063]: GRAY, 1626312910013899764, FRA, 13
<134>2021-07-15T01:35:25Z cache-fra19177 MEWElogs[216063]: GRAY, 1626312924225819180, FRA, 13
<134>2021-07-15T01:35:27Z cache-bos4657 MEWElogs[216063]: GRAY, 1626312927563103013, BOS, 13
<134>2021-07-15T01:35:29Z cache-fra19177 MEWElogs[216063]: GRAY, 1626312928936242330, FRA, 13
<134>2021-07-15T01:35:44Z cache-fra19177 MEWElogs[216063]: GRAY, 1626312942983625743, FRA, 13
<134>2021-07-15T01:35:54Z cache-fty21383 MEWElogs[216063]: GRAY, 1626312953202628811, FTY, 13
<134>2021-07-15T01:35:59Z cache-akl10324 MEWElogs[216063]: GRAY, 1626312958093076483, AKL, 13
<134>2021-07-15T01:36:17Z cache-hhn4077 MEWElogs[216063]: GRAY, 1626312977140663437, HHN, 13
<134>2021-07-15T01:36:27Z cache-cph20625 MEWElogs[216063]: GRAY, 1626312986077151080, CPH, 13
<134>2021-07-15T01:36:27Z cache-fra19177 MEWElogs[216063]: GRAY, 1626312986628335214, FRA, 13
<134>2021-07-15T01:36:39Z cache-cph20625 MEWElogs[216063]: GRAY, 1626312998558158285, CPH, 13
<134>2021-07-15T01:37:02Z cache-del21735 MEWElogs[216063]: GRAY, 1626313021611302662, DEL, 13
<134>2021-07-15T01:37:27Z cache-fra19177 MEWElogs[216063]: GRAY, 1626313047707545654, FRA, 13
<134>2021-07-15T01:37:46Z cache-akl10324 MEWElogs[216063]: GRAY, 1626313065494196426, AKL, 13
<134>2021-07-15T01:37:50Z cache-fty21383 MEWElogs[216063]: GRAY, 1626313069944961605, FTY, 13
<134>2021-07-15T01:38:25Z cache-hhn4077 MEWElogs[216063]: GRAY, 1626313104741997151, HHN, 13
<134>2021-07-15T01:38:27Z cache-dfw18678 MEWElogs[216063]: GRAY, 1626313107155415113, DFW, 13
<134>2021-07-15T01:38:28Z cache-bos4657 MEWElogs[216063]: GRAY, 1626313107159400435, BOS, 13
<134>2021-07-15T01:38:32Z cache-chi21126 MEWElogs[216063]: GRAY, 1626313111279902836, CHI, 13
<134>2021-07-15T01:38:40Z cache-del21735 MEWElogs[216063]: GRAY, 1626313119758268713, DEL, 13
<134>2021-07-15T01:38:43Z cache-fty21383 MEWElogs[216063]: GRAY, 1626313122516519740, FTY, 13
<134>2021-07-15T01:38:44Z cache-hhn4077 MEWElogs[216063]: GRAY, 1626313123531659366, HHN, 13
<134>2021-07-15T01:38:59Z cache-bos4657 MEWElogs[216063]: GRAY, 1626313138341025168, BOS, 13
<134>2021-07-15T01:39:03Z cache-del21735 MEWElogs[216063]: GRAY, 1626313142795421801, DEL, 13
<134>2021-07-15T01:39:04Z cache-akl10324 MEWElogs[216063]: GRAY, 1626313144656356161, AKL, 13
<134>2021-07-15T01:39:15Z cache-fty21383 MEWElogs[216063]: GRAY, 1626313154438848237, FTY, 13
<134>2021-07-15T01:39:41Z cache-cph20625 MEWElogs[216063]: GRAY, 1626313180369565718, CPH, 13
<134>2021-07-15T01:39:47Z cache-bos4657 MEWElogs[216063]: GRAY, 1626313187242483097, BOS, 13
<134>2021-07-15T01:39:50Z cache-fra19177 MEWElogs[216063]: GRAY, 1626313189453518647, FRA, 13
<134>2021-07-15T01:40:08Z cache-fty21383 MEWElogs[216063]: GRAY, 1626313207151679729, FTY, 13
<134>2021-07-15T01:40:37Z cache-dfw18678 MEWElogs[216063]: GRAY, 1626313236236935014, DFW, 13
<134>2021-07-15T01:40:39Z cache-fty21383 MEWElogs[216063]: GRAY, 1626313238786501576, FTY, 13
<134>2021-07-15T01:40:41Z cache-hhn4077 MEWElogs[216063]: GRAY, 1626313240853366187, HHN, 13
<134>2021-07-15T01:40:53Z cache-cwb20520 MEWElogs[216063]: GRAY, 1626313253676976413, CWB, 13
<134>2021-07-15T01:41:01Z cache-cwb20520 MEWElogs[216063]: GRAY, 1626313260241235027, CWB, 13
<134>2021-07-15T01:41:05Z cache-del21735 MEWElogs[216063]: GRAY, 1626313264075550100, DEL, 13
<134>2021-07-15T01:41:14Z cache-fra19177 MEWElogs[216063]: GRAY, 1626313273798225364, FRA, 13
<134>2021-07-15T01:41:45Z cache-hel6829 MEWElogs[216063]: GRAY, 1626313305559053276, HEL, 13
<134>2021-07-15T01:42:02Z cache-fra19177 MEWElogs[216063]: GRAY, 1626313321326187481, FRA, 13
<134>2021-07-15T01:42:10Z cache-hel6829 MEWElogs[216063]: GRAY, 1626313329881163438, HEL, 13
<134>2021-07-15T01:42:20Z cache-del21735 MEWElogs[216063]: GRAY, 1626313339157595323, DEL, 13
