<134>2021-07-15T05:08:53Z cache-lga21983 MEWElogs[322581]: ROTATE, 1626325732974294113, LGA, 15
<134>2021-07-15T05:10:06Z cache-lax10677 MEWElogs[322581]: ROTATE, 1626325806415083994, LGB, 15
<134>2021-07-15T05:10:41Z cache-ewr18156 MEWElogs[322581]: ROTATE, 1626325841631088548, EWR, 15
<134>2021-07-15T05:10:41Z cache-mel11272 MEWElogs[322581]: ROTATE, 1626325840742527276, MEL, 15
<134>2021-07-15T05:10:56Z cache-cdg20720 MEWElogs[322581]: ROTATE, 1626325856107305530, CDG, 15
<134>2021-07-15T05:11:24Z cache-ewr18156 MEWElogs[322581]: ROTATE, 1626325883071987074, EWR, 15
<134>2021-07-15T05:12:03Z cache-scl19427 MEWElogs[322581]: ROTATE, 1626325922650311816, SCL, 15
<134>2021-07-15T05:13:10Z cache-ewr18156 MEWElogs[322581]: ROTATE, 1626325989281242334, EWR, 15
<134>2021-07-15T05:13:13Z cache-gig17035 MEWElogs[322581]: ROTATE, 1626325993320869851, GIG, 15
<134>2021-07-15T05:13:37Z cache-lax10677 MEWElogs[322581]: ROTATE, 1626326016423830739, LGB, 15
<134>2021-07-15T05:14:00Z cache-lax10677 MEWElogs[322581]: ROTATE, 1626326039817314539, LGB, 15
<134>2021-07-15T05:14:19Z cache-cdg20720 MEWElogs[322581]: ROTATE, 1626326058399678412, CDG, 15
<134>2021-07-15T05:14:21Z cache-scl19427 MEWElogs[322581]: ROTATE, 1626326060814577229, SCL, 15
<134>2021-07-15T05:14:41Z cache-stl4834 MEWElogs[322581]: ROTATE, 1626326080275542877, STL, 15
<134>2021-07-15T05:14:50Z cache-itm18851 MEWElogs[322581]: ROTATE, 1626326089527408019, ITM, 15
<134>2021-07-15T05:14:58Z cache-lax10677 MEWElogs[322581]: ROTATE, 1626326098404289710, LGB, 15
<134>2021-07-15T05:15:09Z cache-gig17035 MEWElogs[322581]: ROTATE, 1626326108863018340, GIG, 15
<134>2021-07-15T05:15:13Z cache-itm18851 MEWElogs[322581]: ROTATE, 1626326111995270411, ITM, 15
<134>2021-07-15T05:15:35Z cache-stl4834 MEWElogs[322581]: ROTATE, 1626326134566028307, STL, 15
<134>2021-07-15T05:16:37Z cache-gru17149 MEWElogs[322581]: ROTATE, 1626326196368217068, GRU, 15
<134>2021-07-15T05:17:38Z cache-itm18851 MEWElogs[322581]: ROTATE, 1626326257739845002, ITM, 15
<134>2021-07-15T05:17:52Z cache-bom4751 MEWElogs[322581]: ROTATE, 1626326272050435351, BOM, 15
<134>2021-07-15T05:17:56Z cache-mel11272 MEWElogs[322581]: ROTATE, 1626326275784936501, MEL, 15
<134>2021-07-15T05:18:02Z cache-bom4751 MEWElogs[322581]: ROTATE, 1626326281606365282, BOM, 15
<134>2021-07-15T05:18:12Z cache-gru17149 MEWElogs[322581]: ROTATE, 1626326291730582142, GRU, 15
<134>2021-07-15T05:18:23Z cache-itm18851 MEWElogs[322581]: ROTATE, 1626326302528191620, ITM, 15
<134>2021-07-15T05:18:29Z cache-lax10677 MEWElogs[322581]: ROTATE, 1626326308316695556, LGB, 15
