<134>2021-07-14T22:43:46Z cache-jax20933 MEWElogs[355776]: BLUR, 1626302625411022341, JAX, 11
<134>2021-07-14T22:43:55Z cache-lax10677 MEWElogs[355776]: BLUR, 1626302634489881081, LGB, 11
<134>2021-07-14T22:44:40Z cache-yul12826 MEWElogs[355776]: BLUR, 1626302679945583466, YUL, 11
<134>2021-07-14T22:44:49Z cache-lax10677 MEWElogs[355776]: BLUR, 1626302688268926722, LGB, 11
<134>2021-07-14T22:45:01Z cache-lga21983 MEWElogs[355776]: BLUR, 1626302700752503185, LGA, 11
<134>2021-07-14T22:45:32Z cache-jax20933 MEWElogs[355776]: BLUR, 1626302731548210801, JAX, 11
<134>2021-07-14T22:45:33Z cache-man4150 MEWElogs[355776]: BLUR, 1626302732666492247, MAN, 11
<134>2021-07-14T22:46:54Z cache-lax10677 MEWElogs[355776]: BLUR, 1626302812981577880, LGB, 11
<134>2021-07-14T22:47:03Z cache-osl6529 MEWElogs[355776]: BLUR, 1626302822642618276, OSL, 11
<134>2021-07-14T22:47:15Z cache-ewr18156 MEWElogs[355776]: BLUR, 1626302834468773262, EWR, 11
<134>2021-07-14T22:47:36Z cache-lga21983 MEWElogs[355776]: BLUR, 1626302856569098749, LGA, 11
<134>2021-07-14T22:47:38Z cache-bom4751 MEWElogs[355776]: BLUR, 1626302857460002162, BOM, 11
<134>2021-07-14T22:47:48Z cache-osl6529 MEWElogs[355776]: BLUR, 1626302867562950392, OSL, 11
<134>2021-07-14T22:47:58Z cache-man4150 MEWElogs[355776]: BLUR, 1626302877497196747, MAN, 11
<134>2021-07-14T22:48:10Z cache-bom4751 MEWElogs[355776]: BLUR, 1626302889798651509, BOM, 11
<134>2021-07-14T22:48:21Z cache-jax20933 MEWElogs[355776]: BLUR, 1626302900912216391, JAX, 11
<134>2021-07-14T22:48:25Z cache-bom4751 MEWElogs[355776]: BLUR, 1626302904420448228, BOM, 11
<134>2021-07-14T22:49:26Z cache-cdg20720 MEWElogs[355776]: BLUR, 1626302965525618546, CDG, 11
<134>2021-07-14T22:50:54Z cache-cdg20720 MEWElogs[355776]: BLUR, 1626303053766895590, CDG, 11
<134>2021-07-14T22:53:02Z cache-lga21983 MEWElogs[355776]: BLUR, 1626303181394534131, LGA, 11
<134>2021-07-14T22:53:24Z cache-mel11272 MEWElogs[355776]: BLUR, 1626303203065717168, MEL, 11
<134>2021-07-14T22:53:26Z cache-cdg20720 MEWElogs[355776]: BLUR, 1626303204977422158, CDG, 11
<134>2021-07-14T22:53:37Z cache-osl6529 MEWElogs[355776]: BLUR, 1626303216800263583, OSL, 11
