<134>2021-07-14T21:50:04Z cache-lcy19283 MEWElogs[390968]: BLUR, 1626299403836801480, LCY, 11
<134>2021-07-14T21:50:29Z cache-cwb20520 MEWElogs[390968]: BLUR, 1626299428382839060, CWB, 11
<134>2021-07-14T21:50:53Z cache-dal21283 MEWElogs[390968]: BLUR, 1626299452689893355, DAL, 11
<134>2021-07-14T21:51:15Z cache-lcy19283 MEWElogs[390968]: BLUR, 1626299475395939213, LCY, 11
<134>2021-07-14T21:51:55Z cache-cwb20520 MEWElogs[390968]: BLUR, 1626299514047130202, CWB, 11
<134>2021-07-14T21:52:09Z cache-lcy19283 MEWElogs[390968]: BLUR, 1626299528314828157, LCY, 11
<134>2021-07-14T21:52:21Z cache-jnb7027 MEWElogs[390968]: BLUR, 1626299541083452661, JNB, 11
<134>2021-07-14T21:52:35Z cache-dal21283 MEWElogs[390968]: BLUR, 1626299554999509879, DAL, 11
<134>2021-07-14T21:52:52Z cache-iah17271 MEWElogs[390968]: BLUR, 1626299571395575790, IAH, 11
<134>2021-07-14T21:52:53Z cache-lon4249 MEWElogs[390968]: BLUR, 1626299572364639536, LON, 11
<134>2021-07-14T21:53:08Z cache-lon4249 MEWElogs[390968]: BLUR, 1626299587511647560, LON, 11
<134>2021-07-14T21:54:00Z cache-jnb7027 MEWElogs[390968]: BLUR, 1626299639791867799, JNB, 11
<134>2021-07-14T21:54:18Z cache-bur17583 MEWElogs[390968]: BLUR, 1626299658257017142, BUR, 11
<134>2021-07-14T21:55:05Z cache-cwb20520 MEWElogs[390968]: BLUR, 1626299704652434115, CWB, 11
<134>2021-07-14T21:55:37Z cache-jnb7027 MEWElogs[390968]: BLUR, 1626299736539566873, JNB, 11
<134>2021-07-14T21:55:55Z cache-lcy19283 MEWElogs[390968]: BLUR, 1626299755649769425, LCY, 11
<134>2021-07-14T21:56:40Z cache-bur17583 MEWElogs[390968]: BLUR, 1626299799929408817, BUR, 11
<134>2021-07-14T21:56:44Z cache-hel6829 MEWElogs[390968]: BLUR, 1626299803080967473, HEL, 11
<134>2021-07-14T21:56:57Z cache-dal21283 MEWElogs[390968]: BLUR, 1626299817418654577, DAL, 11
<134>2021-07-14T21:57:55Z cache-cwb20520 MEWElogs[390968]: BLUR, 1626299873937466156, CWB, 11
<134>2021-07-14T21:58:21Z cache-lcy19283 MEWElogs[390968]: BLUR, 1626299900378755792, LCY, 11
<134>2021-07-14T21:58:38Z cache-lcy19283 MEWElogs[390968]: BLUR, 1626299917442020028, LCY, 11
<134>2021-07-14T21:58:58Z cache-den8274 MEWElogs[390968]: BLUR, 1626299937143117241, DEN, 11
<134>2021-07-14T21:59:13Z cache-den8274 MEWElogs[390968]: BLUR, 1626299952494469318, DEN, 11
