<134>2021-07-14T16:42:18Z cache-cph20625 MEWElogs[39982]: FLIPH, 1626280937767265670, CPH, -1
<134>2021-07-14T16:44:04Z cache-eze19324 MEWElogs[39982]: FLIPH, 1626281043931220631, EZE, -1
<134>2021-07-14T16:44:18Z cache-akl10324 MEWElogs[39982]: FLIPH, 1626281057766737808, AKL, -1
<134>2021-07-14T16:44:19Z cache-fty21383 MEWElogs[39982]: FLIPH, 1626281057979300583, FTY, 10
<134>2021-07-14T16:44:49Z cache-chi21126 MEWElogs[39982]: FLIPH, 1626281089332682803, CHI, 10
<134>2021-07-14T16:45:10Z cache-bos4657 MEWElogs[39982]: FLIPH, 1626281110662660536, BOS, 10
<134>2021-07-14T16:45:18Z cache-del21735 MEWElogs[39982]: FLIPH, 1626281117564737231, DEL, -1
<134>2021-07-14T16:45:51Z cache-akl10324 MEWElogs[39982]: FLIPH, 1626281150522449164, AKL, 10
<134>2021-07-14T16:45:59Z cache-akl10324 MEWElogs[39982]: FLIPH, 1626281157967425770, AKL, -1
<134>2021-07-14T16:46:21Z cache-dfw18678 MEWElogs[39982]: FLIPH, 1626281181450022308, DFW, -1
<134>2021-07-14T16:46:39Z cache-fty21383 MEWElogs[39982]: FLIPH, 1626281198306868219, FTY, 10
<134>2021-07-14T16:46:44Z cache-dfw18678 MEWElogs[39982]: FLIPH, 1626281203371467645, DFW, -1
<134>2021-07-14T16:46:48Z cache-dub4329 MEWElogs[39982]: FLIPH, 1626281207344558319, DUB, 10
<134>2021-07-14T16:46:49Z cache-cph20625 MEWElogs[39982]: FLIPH, 1626281208832055545, CPH, 10
<134>2021-07-14T16:47:03Z cache-fty21383 MEWElogs[39982]: FLIPH, 1626281222882462227, FTY, 10
<134>2021-07-14T16:47:11Z cache-akl10324 MEWElogs[39982]: FLIPH, 1626281230532974499, AKL, 10
<134>2021-07-14T16:47:19Z cache-dub4329 MEWElogs[39982]: FLIPH, 1626281238601777186, DUB, 10
<134>2021-07-14T16:47:29Z cache-chi21126 MEWElogs[39982]: FLIPH, 1626281249144762776, CHI, -1
<134>2021-07-14T16:47:40Z cache-dub4329 MEWElogs[39982]: FLIPH, 1626281259511714409, DUB, -1
<134>2021-07-14T16:47:40Z cache-dfw18678 MEWElogs[39982]: FLIPH, 1626281260114358354, DFW, -1
<134>2021-07-14T16:47:51Z cache-cph20625 MEWElogs[39982]: FLIPH, 1626281271016460965, CPH, -1
<134>2021-07-14T16:47:53Z cache-del21735 MEWElogs[39982]: FLIPH, 1626281271895365435, DEL, 10
<134>2021-07-14T16:48:31Z cache-bos4657 MEWElogs[39982]: FLIPH, 1626281310422134726, BOS, 10
<134>2021-07-14T16:48:36Z cache-bos4657 MEWElogs[39982]: FLIPH, 1626281316369469536, BOS, -1
<134>2021-07-14T16:48:51Z cache-akl10324 MEWElogs[39982]: FLIPH, 1626281330876557375, AKL, 10
<134>2021-07-14T16:49:37Z cache-pwk4920 MEWElogs[39982]: FLIPH, 1626281376008226171, PWK, -1
<134>2021-07-14T16:50:10Z cache-dub4329 MEWElogs[39982]: FLIPH, 1626281409701618145, DUB, -1
<134>2021-07-14T16:50:28Z cache-fty21383 MEWElogs[39982]: FLIPH, 1626281428852037592, FTY, -1
<134>2021-07-14T16:50:40Z cache-fty21383 MEWElogs[39982]: FLIPH, 1626281439633862396, FTY, 10
<134>2021-07-14T16:51:02Z cache-chi21126 MEWElogs[39982]: FLIPH, 1626281461187606055, CHI, 10
<134>2021-07-14T16:51:27Z cache-pwk4920 MEWElogs[39982]: FLIPH, 1626281485978817955, PWK, -1
<134>2021-07-14T16:51:30Z cache-chi21126 MEWElogs[39982]: FLIPH, 1626281489741647807, CHI, 10
<134>2021-07-14T16:51:56Z cache-dfw18678 MEWElogs[39982]: FLIPH, 1626281516035282902, DFW, -1
