<134>2021-07-14T17:32:48Z cache-man4150 MEWElogs[21956]: FLIPH, 1626283967178273410, MAN, 10
<134>2021-07-14T17:32:53Z cache-lga21983 MEWElogs[21956]: FLIPH, 1626283973393786256, LGA, -1
<134>2021-07-14T17:32:57Z cache-osl6529 MEWElogs[21956]: FLIPH, 1626283977053263876, OSL, -1
<134>2021-07-14T17:33:07Z cache-mel11272 MEWElogs[21956]: FLIPH, 1626283986493914010, MEL, 10
<134>2021-07-14T17:33:16Z cache-osl6529 MEWElogs[21956]: FLIPH, 1626283995736577531, OSL, -1
<134>2021-07-14T17:33:17Z cache-lga21983 MEWElogs[21956]: FLIPH, 1626283996407685869, LGA, 10
<134>2021-07-14T17:33:30Z cache-lax10677 MEWElogs[21956]: FLIPH, 1626284010123355169, LGB, -1
<134>2021-07-14T17:33:52Z cache-man4150 MEWElogs[21956]: FLIPH, 1626284032080874568, MAN, -1
<134>2021-07-14T17:34:00Z cache-man4150 MEWElogs[21956]: FLIPH, 1626284040251458189, MAN, -1
<134>2021-07-14T17:34:13Z cache-lga21983 MEWElogs[21956]: FLIPH, 1626284052969005764, LGA, -1
<134>2021-07-14T17:34:13Z cache-osl6529 MEWElogs[21956]: FLIPH, 1626284053683327974, OSL, 10
<134>2021-07-14T17:34:21Z cache-ewr18156 MEWElogs[21956]: FLIPH, 1626284060622936442, EWR, 10
<134>2021-07-14T17:34:23Z cache-gig17035 MEWElogs[21956]: FLIPH, 1626284062803778593, GIG, -1
<134>2021-07-14T17:34:28Z cache-man4150 MEWElogs[21956]: FLIPH, 1626284067835429326, MAN, 10
<134>2021-07-14T17:34:43Z cache-lga21983 MEWElogs[21956]: FLIPH, 1626284082510715683, LGA, -1
<134>2021-07-14T17:34:51Z cache-gig17035 MEWElogs[21956]: FLIPH, 1626284090762854207, GIG, 10
<134>2021-07-14T17:35:09Z cache-mel11272 MEWElogs[21956]: FLIPH, 1626284108163472289, MEL, 10
<134>2021-07-14T17:35:19Z cache-man4150 MEWElogs[21956]: FLIPH, 1626284118231478854, MAN, 10
<134>2021-07-14T17:35:23Z cache-yul12826 MEWElogs[21956]: FLIPH, 1626284122485612859, YUL, 10
<134>2021-07-14T17:35:24Z cache-jax20933 MEWElogs[21956]: FLIPH, 1626284123886465482, JAX, -1
<134>2021-07-14T17:35:25Z cache-osl6529 MEWElogs[21956]: FLIPH, 1626284124917738704, OSL, -1
<134>2021-07-14T17:35:35Z cache-osl6529 MEWElogs[21956]: FLIPH, 1626284134120960358, OSL, -1
<134>2021-07-14T17:35:44Z cache-osl6529 MEWElogs[21956]: FLIPH, 1626284143245236102, OSL, -1
<134>2021-07-14T17:35:50Z cache-ewr18156 MEWElogs[21956]: FLIPH, 1626284150608763985, EWR, -1
<134>2021-07-14T17:36:14Z cache-lga21983 MEWElogs[21956]: FLIPH, 1626284173886178258, LGA, 10
<134>2021-07-14T17:36:28Z cache-bom4751 MEWElogs[21956]: FLIPH, 1626284187651980281, BOM, 10
<134>2021-07-14T17:36:30Z cache-osl6529 MEWElogs[21956]: FLIPH, 1626284189079281500, OSL, -1
<134>2021-07-14T17:36:36Z cache-bom4751 MEWElogs[21956]: FLIPH, 1626284195153323597, BOM, -1
<134>2021-07-14T17:36:39Z cache-mel11272 MEWElogs[21956]: FLIPH, 1626284197958638612, MEL, -1
<134>2021-07-14T17:36:40Z cache-lga21983 MEWElogs[21956]: FLIPH, 1626284200152217957, LGA, -1
<134>2021-07-14T17:37:03Z cache-lga21983 MEWElogs[21956]: FLIPH, 1626284222765259575, LGA, 10
<134>2021-07-14T17:37:26Z cache-ewr18156 MEWElogs[21956]: FLIPH, 1626284245749219655, EWR, 10
<134>2021-07-14T17:37:39Z cache-lax10677 MEWElogs[21956]: FLIPH, 1626284258832405568, LGB, -1
<134>2021-07-14T17:37:39Z cache-lga21983 MEWElogs[21956]: FLIPH, 1626284259479987263, LGA, -1
<134>2021-07-14T17:37:42Z cache-lax10677 MEWElogs[21956]: FLIPH, 1626284261822442266, LGB, 10
<134>2021-07-14T17:37:44Z cache-osl6529 MEWElogs[21956]: FLIPH, 1626284263400470088, OSL, -1
<134>2021-07-14T17:38:05Z cache-scl19427 MEWElogs[21956]: FLIPH, 1626284284976144469, SCL, 10
<134>2021-07-14T17:38:23Z cache-bom4751 MEWElogs[21956]: FLIPH, 1626284303170145570, BOM, -1
<134>2021-07-14T17:38:27Z cache-bom4751 MEWElogs[21956]: FLIPH, 1626284305929399536, BOM, 10
<134>2021-07-14T17:38:35Z cache-cdg20720 MEWElogs[21956]: FLIPH, 1626284315218437552, CDG, -1
<134>2021-07-14T17:38:48Z cache-gig17035 MEWElogs[21956]: FLIPH, 1626284327976094689, GIG, -1
<134>2021-07-14T17:39:16Z cache-bom4751 MEWElogs[21956]: FLIPH, 1626284355352695397, BOM, 10
<134>2021-07-14T17:39:18Z cache-scl19427 MEWElogs[21956]: FLIPH, 1626284357834943870, SCL, 10
<134>2021-07-14T17:39:20Z cache-osl6529 MEWElogs[21956]: FLIPH, 1626284359387115192, OSL, 10
<134>2021-07-14T17:39:24Z cache-mel11272 MEWElogs[21956]: FLIPH, 1626284363302487222, MEL, 10
<134>2021-07-14T17:39:31Z cache-ewr18156 MEWElogs[21956]: FLIPH, 1626284371411852263, EWR, -1
<134>2021-07-14T17:39:53Z cache-ewr18156 MEWElogs[21956]: FLIPH, 1626284393094326031, EWR, 10
<134>2021-07-14T17:40:02Z cache-gru17149 MEWElogs[21956]: FLIPH, 1626284401197626055, GRU, 10
<134>2021-07-14T17:40:27Z cache-cdg20720 MEWElogs[21956]: FLIPH, 1626284427034281403, CDG, -1
<134>2021-07-14T17:40:31Z cache-scl19427 MEWElogs[21956]: FLIPH, 1626284430041051279, SCL, 10
<134>2021-07-14T17:40:35Z cache-mel11272 MEWElogs[21956]: FLIPH, 1626284434149852496, MEL, 10
<134>2021-07-14T17:40:41Z cache-bom4751 MEWElogs[21956]: FLIPH, 1626284440088040236, BOM, -1
<134>2021-07-14T17:41:06Z cache-gru17149 MEWElogs[21956]: FLIPH, 1626284465585549987, GRU, -1
<134>2021-07-14T17:41:13Z cache-cdg20720 MEWElogs[21956]: FLIPH, 1626284471982840882, CDG, 10
<134>2021-07-14T17:41:18Z cache-gru17149 MEWElogs[21956]: FLIPH, 1626284477694746049, GRU, 10
<134>2021-07-14T17:41:21Z cache-bom4751 MEWElogs[21956]: FLIPH, 1626284481051718786, BOM, 10
<134>2021-07-14T17:41:25Z cache-osl6529 MEWElogs[21956]: FLIPH, 1626284485097807387, OSL, -1
<134>2021-07-14T17:41:32Z cache-scl19427 MEWElogs[21956]: FLIPH, 1626284491300574354, SCL, 10
<134>2021-07-14T17:41:39Z cache-cdg20720 MEWElogs[21956]: FLIPH, 1626284498921398830, CDG, -1
<134>2021-07-14T17:41:40Z cache-scl19427 MEWElogs[21956]: FLIPH, 1626284499899337746, SCL, -1
<134>2021-07-14T17:41:43Z cache-scl19427 MEWElogs[21956]: FLIPH, 1626284503334937658, SCL, 10
<134>2021-07-14T17:41:48Z cache-man4150 MEWElogs[21956]: FLIPH, 1626284507556703393, MAN, -1
<134>2021-07-14T17:41:56Z cache-bom4751 MEWElogs[21956]: FLIPH, 1626284516657253227, BOM, -1
<134>2021-07-14T17:42:04Z cache-mel11272 MEWElogs[21956]: FLIPH, 1626284523181808394, MEL, -1
<134>2021-07-14T17:42:18Z cache-gig17035 MEWElogs[21956]: FLIPH, 1626284536996174507, GIG, 10
<134>2021-07-14T17:42:20Z cache-scl19427 MEWElogs[21956]: FLIPH, 1626284539420452005, SCL, 10
<134>2021-07-14T17:42:32Z cache-gru17149 MEWElogs[21956]: FLIPH, 1626284551193985015, GRU, -1
<134>2021-07-14T17:42:40Z cache-lga21983 MEWElogs[21956]: FLIPH, 1626284560341411369, LGA, 10
<134>2021-07-14T17:42:41Z cache-man4150 MEWElogs[21956]: FLIPH, 1626284560566825722, MAN, 10
