<134>2021-07-14T21:09:26Z cache-eze19324 MEWElogs[400146]: BLUR, 1626296965244344003, EZE, 11
<134>2021-07-14T21:09:51Z cache-cmh21547 MEWElogs[400146]: BLUR, 1626296990483268593, CMH, 11
<134>2021-07-14T21:10:59Z cache-maa10251 MEWElogs[400146]: BLUR, 1626297059085685854, MAA, 11
<134>2021-07-14T21:11:20Z cache-ord1740 MEWElogs[400146]: BLUR, 1626297079600499439, ORD, 11
<134>2021-07-14T21:11:41Z cache-dca17782 MEWElogs[400146]: BLUR, 1626297100740028393, DCA, 11
<134>2021-07-14T21:12:41Z cache-bog6425 MEWElogs[400146]: BLUR, 1626297160226232705, BOG, 11
<134>2021-07-14T21:12:55Z cache-ams21020 MEWElogs[400146]: BLUR, 1626297175554182882, AMS, 11
<134>2021-07-14T21:13:00Z cache-dca17782 MEWElogs[400146]: BLUR, 1626297180271596147, DCA, 11
<134>2021-07-14T21:13:29Z cache-ord1740 MEWElogs[400146]: BLUR, 1626297208593289531, ORD, 11
<134>2021-07-14T21:13:57Z cache-cph20625 MEWElogs[400146]: BLUR, 1626297236367717006, CPH, 11
<134>2021-07-14T21:14:51Z cache-cmh21547 MEWElogs[400146]: BLUR, 1626297290666723174, CMH, 11
<134>2021-07-14T21:15:08Z cache-dca17782 MEWElogs[400146]: BLUR, 1626297307972811260, DCA, 11
<134>2021-07-14T21:15:43Z cache-wdc5583 MEWElogs[400146]: BLUR, 1626297342787230874, WDC, 11
<134>2021-07-14T21:16:19Z cache-akl10324 MEWElogs[400146]: BLUR, 1626297378844810717, AKL, 11
<134>2021-07-14T21:16:29Z cache-mdw17383 MEWElogs[400146]: BLUR, 1626297388649788820, MDW, 11
<134>2021-07-14T21:16:40Z cache-eze19324 MEWElogs[400146]: BLUR, 1626297400165437065, EZE, 11
<134>2021-07-14T21:17:15Z cache-cph20625 MEWElogs[400146]: BLUR, 1626297434389868588, CPH, 11
<134>2021-07-14T21:17:22Z cache-cmh21547 MEWElogs[400146]: BLUR, 1626297441438447679, CMH, 11
<134>2021-07-14T21:17:39Z cache-fty21383 MEWElogs[400146]: BLUR, 1626297458602545666, FTY, 11
<134>2021-07-14T21:18:00Z cache-eze19324 MEWElogs[400146]: BLUR, 1626297479886041005, EZE, 11
<134>2021-07-14T21:18:03Z cache-dfw18678 MEWElogs[400146]: BLUR, 1626297483264103744, DFW, 11
<134>2021-07-14T21:18:23Z cache-bos4657 MEWElogs[400146]: BLUR, 1626297503020930486, BOS, 11
<134>2021-07-14T21:18:39Z cache-bos4657 MEWElogs[400146]: BLUR, 1626297518735239047, BOS, 11
