<134>2021-07-14T22:22:24Z cache-mci5951 MEWElogs[464521]: BLUR, 1626301343564716056, MCI, 11
<134>2021-07-14T22:24:22Z cache-hkg17929 MEWElogs[464521]: BLUR, 1626301461068625188, HKG, 11
<134>2021-07-14T22:24:31Z cache-mci5951 MEWElogs[464521]: BLUR, 1626301470875339339, MCI, 11
<134>2021-07-14T22:24:57Z cache-hkg17929 MEWElogs[464521]: BLUR, 1626301496028755000, HKG, 11
<134>2021-07-14T22:25:03Z cache-lhr7382 MEWElogs[464521]: BLUR, 1626301502638024581, LHR, 11
<134>2021-07-14T22:25:14Z cache-hkg17929 MEWElogs[464521]: BLUR, 1626301513324940434, HKG, 11
<134>2021-07-14T22:25:23Z cache-mrs10583 MEWElogs[464521]: BLUR, 1626301522821489699, MRS, 11
<134>2021-07-14T22:25:48Z cache-yul12826 MEWElogs[464521]: BLUR, 1626301547694256699, YUL, 11
<134>2021-07-14T22:26:11Z cache-mad22068 MEWElogs[464521]: BLUR, 1626301571101821886, MAD, 11
<134>2021-07-14T22:26:40Z cache-mci5951 MEWElogs[464521]: BLUR, 1626301599135943110, MCI, 11
<134>2021-07-14T22:26:45Z cache-mad22068 MEWElogs[464521]: BLUR, 1626301604613490431, MAD, 11
<134>2021-07-14T22:27:50Z cache-stp9226 MEWElogs[464521]: BLUR, 1626301669021192858, STP, 11
<134>2021-07-14T22:28:48Z cache-lax10677 MEWElogs[464521]: BLUR, 1626301728846823230, LGB, 11
<134>2021-07-14T22:29:31Z cache-mad22068 MEWElogs[464521]: BLUR, 1626301770821738282, MAD, 11
<134>2021-07-14T22:29:47Z cache-yul12826 MEWElogs[464521]: BLUR, 1626301786731958699, YUL, 11
<134>2021-07-14T22:29:57Z cache-hkg17929 MEWElogs[464521]: BLUR, 1626301796462188855, HKG, 11
<134>2021-07-14T22:29:58Z cache-mia11368 MEWElogs[464521]: BLUR, 1626301797896115977, MIA, 11
<134>2021-07-14T22:30:16Z cache-yul12826 MEWElogs[464521]: BLUR, 1626301815868926604, YUL, 11
<134>2021-07-14T22:30:35Z cache-mia11368 MEWElogs[464521]: BLUR, 1626301834165250762, MIA, 11
<134>2021-07-14T22:31:58Z cache-mad22068 MEWElogs[464521]: BLUR, 1626301917767048516, MAD, 11
<134>2021-07-14T22:32:01Z cache-hkg17929 MEWElogs[464521]: BLUR, 1626301920694875891, HKG, 11
<134>2021-07-14T22:32:17Z cache-yul12826 MEWElogs[464521]: BLUR, 1626301936207204971, YUL, 11
<134>2021-07-14T22:32:18Z cache-mrs10583 MEWElogs[464521]: BLUR, 1626301937150740599, MRS, 11
<134>2021-07-14T22:32:20Z cache-lax10677 MEWElogs[464521]: BLUR, 1626301939889184630, LGB, 11
