<134>2021-07-14T22:13:26Z cache-lon4249 MEWElogs[355776]: BLUR, 1626300806608566688, LON, 11
<134>2021-07-14T22:13:28Z cache-mrs10583 MEWElogs[355776]: BLUR, 1626300808163333065, MRS, 11
<134>2021-07-14T22:14:04Z cache-mad22068 MEWElogs[355776]: BLUR, 1626300844585728528, MAD, 11
<134>2021-07-14T22:14:11Z cache-dal21283 MEWElogs[355776]: BLUR, 1626300850703369534, DAL, 11
<134>2021-07-14T22:14:13Z cache-mci5951 MEWElogs[355776]: BLUR, 1626300852092033524, MCI, 11
<134>2021-07-14T22:14:32Z cache-dal21283 MEWElogs[355776]: BLUR, 1626300872069289430, DAL, 11
<134>2021-07-14T22:15:23Z cache-mia11368 MEWElogs[355776]: BLUR, 1626300922783071911, MIA, 11
<134>2021-07-14T22:15:54Z cache-iah17271 MEWElogs[355776]: BLUR, 1626300953897441233, IAH, 11
<134>2021-07-14T22:17:14Z cache-mci5951 MEWElogs[355776]: BLUR, 1626301033391073087, MCI, 11
<134>2021-07-14T22:18:08Z cache-mia11368 MEWElogs[355776]: BLUR, 1626301087686878575, MIA, 11
<134>2021-07-14T22:18:13Z cache-hkg17929 MEWElogs[355776]: BLUR, 1626301092408131446, HKG, 11
<134>2021-07-14T22:18:30Z cache-stp9226 MEWElogs[355776]: BLUR, 1626301109228309347, STP, 11
<134>2021-07-14T22:18:31Z cache-bur17583 MEWElogs[355776]: BLUR, 1626301110684413477, BUR, 11
<134>2021-07-14T22:19:30Z cache-lhr7382 MEWElogs[355776]: BLUR, 1626301169515378242, LHR, 11
<134>2021-07-14T22:20:03Z cache-stp9226 MEWElogs[355776]: BLUR, 1626301202662026560, STP, 11
<134>2021-07-14T22:20:40Z cache-stp9226 MEWElogs[355776]: BLUR, 1626301239828090269, STP, 11
<134>2021-07-14T22:21:08Z cache-mia11368 MEWElogs[355776]: BLUR, 1626301268020271285, MIA, 11
<134>2021-07-14T22:21:40Z cache-mrs10583 MEWElogs[355776]: BLUR, 1626301299835956220, MRS, 11
<134>2021-07-14T22:22:18Z cache-hkg17929 MEWElogs[355776]: BLUR, 1626301337177426872, HKG, 11
<134>2021-07-14T22:22:32Z cache-yul12826 MEWElogs[355776]: BLUR, 1626301351577274379, YUL, 11
<134>2021-07-14T22:23:03Z cache-lhr7382 MEWElogs[355776]: BLUR, 1626301383296588608, LHR, 11
