<134>2021-07-15T07:42:48Z cache-jax20933 MEWElogs[46369]: UNSH, 1626334967949444202, JAX, 16
<134>2021-07-15T07:43:49Z cache-man4150 MEWElogs[46369]: UNSH, 1626335028750512265, MAN, 16
<134>2021-07-15T07:44:09Z cache-osl6529 MEWElogs[46369]: UNSH, 1626335048647704905, OSL, 16
<134>2021-07-15T07:44:20Z cache-cdg20720 MEWElogs[46369]: UNSH, 1626335060581158271, CDG, 16
<134>2021-07-15T07:44:24Z cache-man4150 MEWElogs[46369]: UNSH, 1626335063006182177, MAN, 16
<134>2021-07-15T07:44:42Z cache-man4150 MEWElogs[46369]: UNSH, 1626335081486314949, MAN, 16
<134>2021-07-15T07:45:31Z cache-jax20933 MEWElogs[46369]: UNSH, 1626335130747458877, JAX, 16
<134>2021-07-15T07:45:33Z cache-lga21983 MEWElogs[46369]: UNSH, 1626335133217351790, LGA, 16
<134>2021-07-15T07:45:37Z cache-lhr7382 MEWElogs[46369]: UNSH, 1626335136071719958, LHR, 16
<134>2021-07-15T07:45:59Z cache-mel11272 MEWElogs[46369]: UNSH, 1626335158222220206, MEL, 16
<134>2021-07-15T07:46:11Z cache-ewr18156 MEWElogs[46369]: UNSH, 1626335170693009669, EWR, 16
<134>2021-07-15T07:46:19Z cache-cdg20720 MEWElogs[46369]: UNSH, 1626335178199638885, CDG, 16
<134>2021-07-15T07:47:01Z cache-lga21983 MEWElogs[46369]: UNSH, 1626335220622538925, LGA, 16
<134>2021-07-15T07:47:25Z cache-osl6529 MEWElogs[46369]: UNSH, 1626335245687208256, OSL, 16
<134>2021-07-15T07:47:37Z cache-ewr18156 MEWElogs[46369]: UNSH, 1626335256458010797, EWR, 16
<134>2021-07-15T07:47:38Z cache-bom4751 MEWElogs[46369]: UNSH, 1626335257282090150, BOM, 16
<134>2021-07-15T07:47:49Z cache-lga21983 MEWElogs[46369]: UNSH, 1626335268847765899, LGA, 16
<134>2021-07-15T07:47:52Z cache-scl19427 MEWElogs[46369]: UNSH, 1626335272093443524, SCL, 16
<134>2021-07-15T07:48:24Z cache-gig17035 MEWElogs[46369]: UNSH, 1626335304276323983, GIG, 16
<134>2021-07-15T07:48:47Z cache-lax10677 MEWElogs[46369]: UNSH, 1626335326352201577, LGB, 16
<134>2021-07-15T07:48:55Z cache-pao17461 MEWElogs[46369]: UNSH, 1626335334522037984, PAO, 16
<134>2021-07-15T07:49:05Z cache-gru17149 MEWElogs[46369]: UNSH, 1626335344177625366, GRU, 16
<134>2021-07-15T07:49:06Z cache-pao17461 MEWElogs[46369]: UNSH, 1626335345492795758, PAO, 16
<134>2021-07-15T07:49:19Z cache-jax20933 MEWElogs[46369]: UNSH, 1626335358920904419, JAX, 16
<134>2021-07-15T07:49:24Z cache-mel11272 MEWElogs[46369]: UNSH, 1626335363062436043, MEL, 16
<134>2021-07-15T07:49:28Z cache-lax10677 MEWElogs[46369]: UNSH, 1626335367926690439, LGB, 16
<134>2021-07-15T07:49:49Z cache-mel11272 MEWElogs[46369]: UNSH, 1626335388534456395, MEL, 16
<134>2021-07-15T07:50:05Z cache-gru17149 MEWElogs[46369]: UNSH, 1626335404838715600, GRU, 16
<134>2021-07-15T07:50:13Z cache-lax10677 MEWElogs[46369]: UNSH, 1626335412122258773, LGB, 16
<134>2021-07-15T07:50:46Z cache-bom4751 MEWElogs[46369]: UNSH, 1626335445812608263, BOM, 16
<134>2021-07-15T07:51:10Z cache-gru17149 MEWElogs[46369]: UNSH, 1626335469578325404, GRU, 16
<134>2021-07-15T07:51:12Z cache-jax20933 MEWElogs[46369]: UNSH, 1626335471791643638, JAX, 16
<134>2021-07-15T07:51:21Z cache-syd10183 MEWElogs[46369]: UNSH, 1626335481352608552, SYD, 16
<134>2021-07-15T07:51:36Z cache-jax20933 MEWElogs[46369]: UNSH, 1626335495126567637, JAX, 16
<134>2021-07-15T07:51:54Z cache-cgh11122 MEWElogs[46369]: UNSH, 1626335513595880139, CGH, 16
<134>2021-07-15T07:52:01Z cache-gru17149 MEWElogs[46369]: UNSH, 1626335520438963683, GRU, 16
<134>2021-07-15T07:52:22Z cache-gru17149 MEWElogs[46369]: UNSH, 1626335541737970172, GRU, 16
