<134>2021-07-14T22:26:51Z cache-jax20933 MEWElogs[370074]: BLUR, 1626301610961003403, JAX, 11
<134>2021-07-14T22:27:04Z cache-yul12826 MEWElogs[370074]: BLUR, 1626301623804066177, YUL, 11
<134>2021-07-14T22:28:46Z cache-stp9226 MEWElogs[370074]: BLUR, 1626301725555542665, STP, 11
<134>2021-07-14T22:30:02Z cache-jax20933 MEWElogs[370074]: BLUR, 1626301801449108148, JAX, 11
<134>2021-07-14T22:30:19Z cache-lhr7382 MEWElogs[370074]: BLUR, 1626301818247237649, LHR, 11
<134>2021-07-14T22:30:56Z cache-stp9226 MEWElogs[370074]: BLUR, 1626301855943750269, STP, 11
<134>2021-07-14T22:31:49Z cache-jax20933 MEWElogs[370074]: BLUR, 1626301908872521343, JAX, 11
<134>2021-07-14T22:31:50Z cache-mrs10583 MEWElogs[370074]: BLUR, 1626301909617545881, MRS, 11
<134>2021-07-14T22:32:04Z cache-mrs10583 MEWElogs[370074]: BLUR, 1626301923259114043, MRS, 11
<134>2021-07-14T22:32:07Z cache-mia11368 MEWElogs[370074]: BLUR, 1626301926563623533, MIA, 11
<134>2021-07-14T22:32:32Z cache-mrs10583 MEWElogs[370074]: BLUR, 1626301950959375970, MRS, 11
<134>2021-07-14T22:32:35Z cache-lhr7382 MEWElogs[370074]: BLUR, 1626301954442334805, LHR, 11
<134>2021-07-14T22:32:56Z cache-lax10677 MEWElogs[370074]: BLUR, 1626301976265790120, LGB, 11
<134>2021-07-14T22:33:11Z cache-hkg17929 MEWElogs[370074]: BLUR, 1626301990484146193, HKG, 11
<134>2021-07-14T22:33:32Z cache-yul12826 MEWElogs[370074]: BLUR, 1626302011548983748, YUL, 11
<134>2021-07-14T22:34:43Z cache-lax10677 MEWElogs[370074]: BLUR, 1626302083263709963, LGB, 11
<134>2021-07-14T22:34:53Z cache-mia11368 MEWElogs[370074]: BLUR, 1626302092602100728, MIA, 11
<134>2021-07-14T22:35:03Z cache-lhr7382 MEWElogs[370074]: BLUR, 1626302103249265850, LHR, 11
<134>2021-07-14T22:35:13Z cache-mad22068 MEWElogs[370074]: BLUR, 1626302112973035799, MAD, 11
<134>2021-07-14T22:35:18Z cache-jax20933 MEWElogs[370074]: BLUR, 1626302118719466725, JAX, 11
<134>2021-07-14T22:35:32Z cache-mia11368 MEWElogs[370074]: BLUR, 1626302131487725024, MIA, 11
