<134>2021-07-15T06:19:18Z cache-pdk17882 MEWElogs[382896]: UNSH, 1626329957391065267, PDK, 16
<134>2021-07-15T06:19:40Z cache-maa10251 MEWElogs[382896]: UNSH, 1626329979072835739, MAA, 16
<134>2021-07-15T06:19:45Z cache-pdk17882 MEWElogs[382896]: UNSH, 1626329985011643257, PDK, 16
<134>2021-07-15T06:19:54Z cache-pdk17882 MEWElogs[382896]: UNSH, 1626329994224226868, PDK, 16
<134>2021-07-15T06:20:03Z cache-cmh21547 MEWElogs[382896]: UNSH, 1626330002088420550, CMH, 16
<134>2021-07-15T06:20:04Z cache-pdk17882 MEWElogs[382896]: UNSH, 1626330003266425606, PDK, 16
<134>2021-07-15T06:20:22Z cache-cph20625 MEWElogs[382896]: UNSH, 1626330021550950352, CPH, 16
<134>2021-07-15T06:21:04Z cache-cph20625 MEWElogs[382896]: UNSH, 1626330063216472955, CPH, 16
<134>2021-07-15T06:21:12Z cache-ams21020 MEWElogs[382896]: UNSH, 1626330071471052597, AMS, 16
<134>2021-07-15T06:21:16Z cache-wdc5583 MEWElogs[382896]: UNSH, 1626330076474796182, WDC, 16
<134>2021-07-15T06:21:19Z cache-dca17782 MEWElogs[382896]: UNSH, 1626330079755511130, DCA, 16
<134>2021-07-15T06:22:05Z cache-ord1740 MEWElogs[382896]: UNSH, 1626330124361674547, ORD, 16
<134>2021-07-15T06:22:09Z cache-dca17782 MEWElogs[382896]: UNSH, 1626330128591197049, DCA, 16
<134>2021-07-15T06:23:12Z cache-ams21020 MEWElogs[382896]: UNSH, 1626330191333364265, AMS, 16
<134>2021-07-15T06:23:31Z cache-dfw18678 MEWElogs[382896]: UNSH, 1626330211062373981, DFW, 16
<134>2021-07-15T06:23:55Z cache-maa10251 MEWElogs[382896]: UNSH, 1626330234468305493, MAA, 16
<134>2021-07-15T06:24:15Z cache-wdc5583 MEWElogs[382896]: UNSH, 1626330254061331062, WDC, 16
<134>2021-07-15T06:24:17Z cache-cmh21547 MEWElogs[382896]: UNSH, 1626330256257124628, CMH, 16
<134>2021-07-15T06:24:32Z cache-dca17782 MEWElogs[382896]: UNSH, 1626330271871823364, DCA, 16
<134>2021-07-15T06:24:56Z cache-akl10324 MEWElogs[382896]: UNSH, 1626330295370231606, AKL, 16
<134>2021-07-15T06:25:03Z cache-maa10251 MEWElogs[382896]: UNSH, 1626330302819946903, MAA, 16
<134>2021-07-15T06:25:03Z cache-dfw18678 MEWElogs[382896]: UNSH, 1626330302330930553, DFW, 16
<134>2021-07-15T06:25:06Z cache-wdc5583 MEWElogs[382896]: UNSH, 1626330305703348904, WDC, 16
<134>2021-07-15T06:25:12Z cache-cmh21547 MEWElogs[382896]: UNSH, 1626330311446966248, CMH, 16
<134>2021-07-15T06:25:17Z cache-chi21126 MEWElogs[382896]: UNSH, 1626330317549812936, CHI, 16
<134>2021-07-15T06:25:39Z cache-chi21126 MEWElogs[382896]: UNSH, 1626330338349849593, CHI, 16
<134>2021-07-15T06:26:07Z cache-cph20625 MEWElogs[382896]: UNSH, 1626330366985600743, CPH, 16
<134>2021-07-15T06:26:18Z cache-chi21126 MEWElogs[382896]: UNSH, 1626330377607375766, CHI, 16
<134>2021-07-15T06:26:21Z cache-del21735 MEWElogs[382896]: UNSH, 1626330379861904260, DEL, 16
<134>2021-07-15T06:26:24Z cache-bos4657 MEWElogs[382896]: UNSH, 1626330384115617664, BOS, 16
<134>2021-07-15T06:26:47Z cache-akl10324 MEWElogs[382896]: UNSH, 1626330406603377579, AKL, 16
<134>2021-07-15T06:27:03Z cache-dub4329 MEWElogs[382896]: UNSH, 1626330422036326513, DUB, 16
<134>2021-07-15T06:27:10Z cache-cph20625 MEWElogs[382896]: UNSH, 1626330430019136842, CPH, 16
<134>2021-07-15T06:27:13Z cache-cmh21547 MEWElogs[382896]: UNSH, 1626330432389721793, CMH, 16
<134>2021-07-15T06:27:30Z cache-akl10324 MEWElogs[382896]: UNSH, 1626330450172288220, AKL, 16
<134>2021-07-15T06:27:37Z cache-chi21126 MEWElogs[382896]: UNSH, 1626330456396165561, CHI, 16
<134>2021-07-15T06:27:45Z cache-dfw18678 MEWElogs[382896]: UNSH, 1626330465558317076, DFW, 16
<134>2021-07-15T06:28:12Z cache-bos4657 MEWElogs[382896]: UNSH, 1626330491156419834, BOS, 16
<134>2021-07-15T06:28:14Z cache-fty21383 MEWElogs[382896]: UNSH, 1626330493174288141, FTY, 16
<134>2021-07-15T06:28:25Z cache-dub4329 MEWElogs[382896]: UNSH, 1626330504018817606, DUB, 16
<134>2021-07-15T06:28:39Z cache-bos4657 MEWElogs[382896]: UNSH, 1626330518331703226, BOS, 16
<134>2021-07-15T06:29:06Z cache-fty21383 MEWElogs[382896]: UNSH, 1626330545128940160, FTY, 16
<134>2021-07-15T06:29:06Z cache-cph20625 MEWElogs[382896]: UNSH, 1626330545922139388, CPH, 16
