<134>2021-07-14T23:15:27Z cache-gru17149 MEWElogs[355776]: BLUR, 1626304526363059178, GRU, 11
<134>2021-07-14T23:16:26Z cache-pao17461 MEWElogs[355776]: BLUR, 1626304585451187691, PAO, 11
<134>2021-07-14T23:16:47Z cache-itm18851 MEWElogs[355776]: BLUR, 1626304607008985442, ITM, 11
<134>2021-07-14T23:17:51Z cache-gru17149 MEWElogs[355776]: BLUR, 1626304670087736381, GRU, 11
<134>2021-07-14T23:17:54Z cache-gig17035 MEWElogs[355776]: BLUR, 1626304674441640570, GIG, 11
<134>2021-07-14T23:17:56Z cache-syd10183 MEWElogs[355776]: BLUR, 1626304676205519444, SYD, 11
<134>2021-07-14T23:18:13Z cache-syd10183 MEWElogs[355776]: BLUR, 1626304692700062121, SYD, 11
<134>2021-07-14T23:18:35Z cache-itm18851 MEWElogs[355776]: BLUR, 1626304715019145492, ITM, 11
<134>2021-07-14T23:19:50Z cache-hnd18722 MEWElogs[355776]: BLUR, 1626304789627758748, HND, 11
<134>2021-07-14T23:21:16Z cache-itm18851 MEWElogs[355776]: BLUR, 1626304875461441106, ITM, 11
<134>2021-07-14T23:21:19Z cache-hnd18722 MEWElogs[355776]: BLUR, 1626304878165774326, HND, 11
<134>2021-07-14T23:21:20Z cache-syd10183 MEWElogs[355776]: BLUR, 1626304879443199740, SYD, 11
<134>2021-07-14T23:21:34Z cache-itm18851 MEWElogs[355776]: BLUR, 1626304894235870630, ITM, 11
<134>2021-07-14T23:21:37Z cache-sjc10078 MEWElogs[355776]: BLUR, 1626304896906239810, SJC, 11
<134>2021-07-14T23:21:59Z cache-scl19427 MEWElogs[355776]: BLUR, 1626304918272501828, SCL, 11
<134>2021-07-14T23:22:29Z cache-itm18851 MEWElogs[355776]: BLUR, 1626304948151940310, ITM, 11
<134>2021-07-14T23:23:06Z cache-pao17461 MEWElogs[355776]: BLUR, 1626304986361267493, PAO, 11
<134>2021-07-14T23:23:29Z cache-cgh11122 MEWElogs[355776]: BLUR, 1626305009436601566, CGH, 11
<134>2021-07-14T23:23:40Z cache-itm18851 MEWElogs[355776]: BLUR, 1626305019078577317, ITM, 11
<134>2021-07-14T23:23:41Z cache-scl19427 MEWElogs[355776]: BLUR, 1626305020449290344, SCL, 11
<134>2021-07-14T23:24:51Z cache-itm18851 MEWElogs[355776]: BLUR, 1626305090802877507, ITM, 11
<134>2021-07-14T23:25:10Z cache-itm18851 MEWElogs[355776]: BLUR, 1626305109153586535, ITM, 11
<134>2021-07-14T23:25:12Z cache-sjc10078 MEWElogs[355776]: BLUR, 1626305111793441687, SJC, 11
<134>2021-07-14T23:25:13Z cache-syd10183 MEWElogs[355776]: BLUR, 1626305112083161057, SYD, 11
