<134>2021-07-14T21:00:06Z cache-cmh21547 MEWElogs[355776]: BLUR, 1626296406064282432, CMH, 11
<134>2021-07-14T21:00:13Z cache-pdk17882 MEWElogs[355776]: BLUR, 1626296412473684439, PDK, 11
<134>2021-07-14T21:00:14Z cache-ams21020 MEWElogs[355776]: BLUR, 1626296413662338810, AMS, 11
<134>2021-07-14T21:00:38Z cache-bog6425 MEWElogs[355776]: BLUR, 1626296437251958165, BOG, 11
<134>2021-07-14T21:00:43Z cache-pdk17882 MEWElogs[355776]: BLUR, 1626296443310373794, PDK, 11
<134>2021-07-14T21:01:06Z cache-mdw17383 MEWElogs[355776]: BLUR, 1626296465105939602, MDW, 11
<134>2021-07-14T21:01:22Z cache-cmh21547 MEWElogs[355776]: BLUR, 1626296481221525683, CMH, 11
<134>2021-07-14T21:01:25Z cache-mdw17383 MEWElogs[355776]: BLUR, 1626296484931537508, MDW, 11
<134>2021-07-14T21:01:44Z cache-mdw17383 MEWElogs[355776]: BLUR, 1626296504434693883, MDW, 11
<134>2021-07-14T21:01:54Z cache-maa10251 MEWElogs[355776]: BLUR, 1626296513088249532, MAA, 11
<134>2021-07-14T21:03:24Z cache-ams21020 MEWElogs[355776]: BLUR, 1626296604411629024, AMS, 11
<134>2021-07-14T21:03:36Z cache-wdc5583 MEWElogs[355776]: BLUR, 1626296615829656924, WDC, 11
<134>2021-07-14T21:03:41Z cache-ord1740 MEWElogs[355776]: BLUR, 1626296620252321669, ORD, 11
<134>2021-07-14T21:03:52Z cache-bog6425 MEWElogs[355776]: BLUR, 1626296631957694475, BOG, 11
<134>2021-07-14T21:04:30Z cache-cmh21547 MEWElogs[355776]: BLUR, 1626296670119559379, CMH, 11
<134>2021-07-14T21:04:37Z cache-maa10251 MEWElogs[355776]: BLUR, 1626296676474595897, MAA, 11
<134>2021-07-14T21:04:42Z cache-bog6425 MEWElogs[355776]: BLUR, 1626296681080247026, BOG, 11
<134>2021-07-14T21:04:57Z cache-bog6425 MEWElogs[355776]: BLUR, 1626296697365027658, BOG, 11
<134>2021-07-14T21:05:23Z cache-pdk17882 MEWElogs[355776]: BLUR, 1626296723012639696, PDK, 11
<134>2021-07-14T21:06:00Z cache-mdw17383 MEWElogs[355776]: BLUR, 1626296759574159259, MDW, 11
<134>2021-07-14T21:07:09Z cache-bog6425 MEWElogs[355776]: BLUR, 1626296829014681920, BOG, 11
<134>2021-07-14T21:07:37Z cache-cmh21547 MEWElogs[355776]: BLUR, 1626296857654004597, CMH, 11
<134>2021-07-14T21:08:04Z cache-eze19324 MEWElogs[355776]: BLUR, 1626296884730305003, EZE, 11
<134>2021-07-14T21:08:48Z cache-bog6425 MEWElogs[355776]: BLUR, 1626296927982768950, BOG, 11
<134>2021-07-14T21:08:57Z cache-ord1740 MEWElogs[355776]: BLUR, 1626296936567776124, ORD, 11
<134>2021-07-14T21:09:18Z cache-ams21020 MEWElogs[355776]: BLUR, 1626296957600174271, AMS, 11
<134>2021-07-14T21:10:03Z cache-dca17782 MEWElogs[355776]: BLUR, 1626297003209045953, DCA, 11
