<134>2021-07-15T05:08:03Z cache-bom4751 MEWElogs[369035]: ROTATE, 1626325682433172843, BOM, 15
<134>2021-07-15T05:08:12Z cache-bom4751 MEWElogs[369035]: ROTATE, 1626325691773128320, BOM, 15
<134>2021-07-15T05:08:16Z cache-osl6529 MEWElogs[369035]: ROTATE, 1626325695618173832, OSL, 15
<134>2021-07-15T05:08:17Z cache-lga21983 MEWElogs[369035]: ROTATE, 1626325696975537146, LGA, 15
<134>2021-07-15T05:08:26Z cache-lga21983 MEWElogs[369035]: ROTATE, 1626325705864720764, LGA, 15
<134>2021-07-15T05:08:58Z cache-hkg17929 MEWElogs[369035]: ROTATE, 1626325738076353407, HKG, 15
<134>2021-07-15T05:09:08Z cache-bom4751 MEWElogs[369035]: ROTATE, 1626325747843666851, BOM, 15
<134>2021-07-15T05:09:09Z cache-hkg17929 MEWElogs[369035]: ROTATE, 1626325749399298300, HKG, 15
<134>2021-07-15T05:09:18Z cache-bom4751 MEWElogs[369035]: ROTATE, 1626325757246952499, BOM, 15
<134>2021-07-15T05:09:18Z cache-mel11272 MEWElogs[369035]: ROTATE, 1626325757538560705, MEL, 15
<134>2021-07-15T05:09:32Z cache-hkg17929 MEWElogs[369035]: ROTATE, 1626325772141560923, HKG, 15
<134>2021-07-15T05:10:04Z cache-gig17035 MEWElogs[369035]: ROTATE, 1626325803273743085, GIG, 15
<134>2021-07-15T05:10:19Z cache-cdg20720 MEWElogs[369035]: ROTATE, 1626325818229658071, CDG, 15
<134>2021-07-15T05:10:47Z cache-mci5951 MEWElogs[369035]: ROTATE, 1626325847407548300, MCI, 15
<134>2021-07-15T05:10:57Z cache-gig17035 MEWElogs[369035]: ROTATE, 1626325856423472841, GIG, 15
<134>2021-07-15T05:11:00Z cache-osl6529 MEWElogs[369035]: ROTATE, 1626325859856596658, OSL, 15
<134>2021-07-15T05:11:05Z cache-scl19427 MEWElogs[369035]: ROTATE, 1626325864587309105, SCL, 15
<134>2021-07-15T05:11:16Z cache-osl6529 MEWElogs[369035]: ROTATE, 1626325875592514599, OSL, 15
<134>2021-07-15T05:11:32Z cache-ewr18156 MEWElogs[369035]: ROTATE, 1626325891270725007, EWR, 15
<134>2021-07-15T05:11:40Z cache-scl19427 MEWElogs[369035]: ROTATE, 1626325899550690976, SCL, 15
<134>2021-07-15T05:12:46Z cache-mel11272 MEWElogs[369035]: ROTATE, 1626325965393865393, MEL, 15
<134>2021-07-15T05:13:15Z cache-osl6529 MEWElogs[369035]: ROTATE, 1626325994065498122, OSL, 15
<134>2021-07-15T05:13:17Z cache-gru17149 MEWElogs[369035]: ROTATE, 1626325996029902609, GRU, 15
<134>2021-07-15T05:13:30Z cache-itm18851 MEWElogs[369035]: ROTATE, 1626326010604139355, ITM, 15
<134>2021-07-15T05:13:40Z cache-bom4751 MEWElogs[369035]: ROTATE, 1626326019987599481, BOM, 15
<134>2021-07-15T05:13:50Z cache-cdg20720 MEWElogs[369035]: ROTATE, 1626326029895645980, CDG, 15
<134>2021-07-15T05:14:09Z cache-cdg20720 MEWElogs[369035]: ROTATE, 1626326048832162611, CDG, 15
<134>2021-07-15T05:14:10Z cache-scl19427 MEWElogs[369035]: ROTATE, 1626326049442949294, SCL, 15
<134>2021-07-15T05:14:36Z cache-bom4751 MEWElogs[369035]: ROTATE, 1626326075772045940, BOM, 15
<134>2021-07-15T05:14:42Z cache-gru17149 MEWElogs[369035]: ROTATE, 1626326081529992758, GRU, 15
<134>2021-07-15T05:14:55Z cache-cdg20720 MEWElogs[369035]: ROTATE, 1626326095094280643, CDG, 15
<134>2021-07-15T05:15:11Z cache-gru17149 MEWElogs[369035]: ROTATE, 1626326110288438574, GRU, 15
<134>2021-07-15T05:16:02Z cache-mel11272 MEWElogs[369035]: ROTATE, 1626326161872155851, MEL, 15
<134>2021-07-15T05:16:12Z cache-mel11272 MEWElogs[369035]: ROTATE, 1626326172519000467, MEL, 15
<134>2021-07-15T05:16:18Z cache-scl19427 MEWElogs[369035]: ROTATE, 1626326177601400028, SCL, 15
<134>2021-07-15T05:16:31Z cache-itm18851 MEWElogs[369035]: ROTATE, 1626326190330143143, ITM, 15
<134>2021-07-15T05:17:13Z cache-stl4834 MEWElogs[369035]: ROTATE, 1626326233377724991, STL, 15
<134>2021-07-15T05:17:14Z cache-cdg20720 MEWElogs[369035]: ROTATE, 1626326233346665705, CDG, 15
<134>2021-07-15T05:17:27Z cache-osl6529 MEWElogs[369035]: ROTATE, 1626326246800232820, OSL, 15
<134>2021-07-15T05:17:45Z cache-mel11272 MEWElogs[369035]: ROTATE, 1626326265496253583, MEL, 15
