<134>2021-07-15T05:20:51Z cache-stl4834 MEWElogs[308969]: ROTATE, 1626326450130526093, STL, 15
<134>2021-07-15T05:21:35Z cache-cdg20720 MEWElogs[308969]: ROTATE, 1626326494865775690, CDG, 15
<134>2021-07-15T05:21:53Z cache-cdg20720 MEWElogs[308969]: ROTATE, 1626326512794997515, CDG, 15
<134>2021-07-15T05:22:14Z cache-cgh11122 MEWElogs[308969]: ROTATE, 1626326533574704920, CGH, 15
<134>2021-07-15T05:22:22Z cache-itm18851 MEWElogs[308969]: ROTATE, 1626326542204324971, ITM, 15
<134>2021-07-15T05:22:43Z cache-cgh11122 MEWElogs[308969]: ROTATE, 1626326562771329305, CGH, 15
<134>2021-07-15T05:23:18Z cache-itm18851 MEWElogs[308969]: ROTATE, 1626326598252313724, ITM, 15
<134>2021-07-15T05:23:34Z cache-stl4834 MEWElogs[308969]: ROTATE, 1626326613338794322, STL, 15
<134>2021-07-15T05:24:33Z cache-gru17149 MEWElogs[308969]: ROTATE, 1626326672510159248, GRU, 15
<134>2021-07-15T05:25:20Z cache-syd10183 MEWElogs[308969]: ROTATE, 1626326720080314438, SYD, 15
<134>2021-07-15T05:25:56Z cache-cgh11122 MEWElogs[308969]: ROTATE, 1626326755472316096, CGH, 15
<134>2021-07-15T05:26:24Z cache-cgh11122 MEWElogs[308969]: ROTATE, 1626326783591005259, CGH, 15
<134>2021-07-15T05:26:43Z cache-hnd18722 MEWElogs[308969]: ROTATE, 1626326803448329249, HND, 15
<134>2021-07-15T05:27:55Z cache-scl19427 MEWElogs[308969]: ROTATE, 1626326874728521403, SCL, 15
<134>2021-07-15T05:28:12Z cache-hnd18722 MEWElogs[308969]: ROTATE, 1626326890997789594, HND, 15
<134>2021-07-15T05:28:48Z cache-cgh11122 MEWElogs[308969]: ROTATE, 1626326927210301211, CGH, 15
<134>2021-07-15T05:28:52Z cache-sea4483 MEWElogs[308969]: ROTATE, 1626326931836060813, SEA, 15
<134>2021-07-15T05:28:52Z cache-scl19427 MEWElogs[308969]: ROTATE, 1626326931503827726, SCL, 15
<134>2021-07-15T05:29:36Z cache-sjc10078 MEWElogs[308969]: ROTATE, 1626326975049084462, SJC, 15
<134>2021-07-15T05:29:41Z cache-stl4834 MEWElogs[308969]: ROTATE, 1626326980500041804, STL, 15
<134>2021-07-15T05:30:23Z cache-cgh11122 MEWElogs[308969]: ROTATE, 1626327022845976378, CGH, 15
<134>2021-07-15T05:30:38Z cache-cgh11183 MEWElogs[308969]: ROTATE, 1626327037529393397, CGH, 15
