<134>2021-07-14T16:42:01Z cache-ord1740 MEWElogs[390968]: FLIPH, 1626280920565049683, ORD, 10
<134>2021-07-14T16:42:10Z cache-eze19324 MEWElogs[390968]: FLIPH, 1626280929406582714, EZE, 10
<134>2021-07-14T16:42:17Z cache-cmh21547 MEWElogs[390968]: FLIPH, 1626280936009049656, CMH, -1
<134>2021-07-14T16:42:23Z cache-cph20625 MEWElogs[390968]: FLIPH, 1626280942444178785, CPH, 10
<134>2021-07-14T16:42:53Z cache-chi21126 MEWElogs[390968]: FLIPH, 1626280973349513657, CHI, -1
<134>2021-07-14T16:42:53Z cache-mdw17383 MEWElogs[390968]: FLIPH, 1626280973398711678, MDW, 10
<134>2021-07-14T16:42:56Z cache-cph20625 MEWElogs[390968]: FLIPH, 1626280976023161336, CPH, 10
<134>2021-07-14T16:43:05Z cache-eze19324 MEWElogs[390968]: FLIPH, 1626280984774686189, EZE, -1
<134>2021-07-14T16:43:17Z cache-maa10251 MEWElogs[390968]: FLIPH, 1626280996381143227, MAA, 10
<134>2021-07-14T16:43:21Z cache-bos4657 MEWElogs[390968]: FLIPH, 1626281001525966150, BOS, 10
<134>2021-07-14T16:43:32Z cache-eze19324 MEWElogs[390968]: FLIPH, 1626281011672372204, EZE, 10
<134>2021-07-14T16:43:38Z cache-wdc5583 MEWElogs[390968]: FLIPH, 1626281018511476451, WDC, -1
<134>2021-07-14T16:43:51Z cache-akl10324 MEWElogs[390968]: FLIPH, 1626281030540361352, AKL, 10
<134>2021-07-14T16:44:02Z cache-chi21126 MEWElogs[390968]: FLIPH, 1626281042115515783, CHI, 10
<134>2021-07-14T16:44:08Z cache-mdw17383 MEWElogs[390968]: FLIPH, 1626281048082540352, MDW, -1
<134>2021-07-14T16:44:08Z cache-bos4657 MEWElogs[390968]: FLIPH, 1626281047329372315, BOS, 10
<134>2021-07-14T16:44:10Z cache-fty21383 MEWElogs[390968]: FLIPH, 1626281049686119977, FTY, 10
<134>2021-07-14T16:44:16Z cache-cmh21547 MEWElogs[390968]: FLIPH, 1626281055476514409, CMH, -1
<134>2021-07-14T16:44:19Z cache-eze19324 MEWElogs[390968]: FLIPH, 1626281058972521775, EZE, 10
<134>2021-07-14T16:44:21Z cache-del21735 MEWElogs[390968]: FLIPH, 1626281060020088077, DEL, -1
<134>2021-07-14T16:44:23Z cache-mdw17383 MEWElogs[390968]: FLIPH, 1626281062692318494, MDW, 10
<134>2021-07-14T16:44:23Z cache-fty21383 MEWElogs[390968]: FLIPH, 1626281063641355202, FTY, -1
<134>2021-07-14T16:44:31Z cache-eze19324 MEWElogs[390968]: FLIPH, 1626281070858646198, EZE, 10
<134>2021-07-14T16:44:47Z cache-chi21126 MEWElogs[390968]: FLIPH, 1626281086490629236, CHI, -1
<134>2021-07-14T16:44:53Z cache-cph20625 MEWElogs[390968]: FLIPH, 1626281092682308763, CPH, -1
<134>2021-07-14T16:44:55Z cache-eze19324 MEWElogs[390968]: FLIPH, 1626281094402232514, EZE, 10
<134>2021-07-14T16:45:10Z cache-cph20625 MEWElogs[390968]: FLIPH, 1626281109009575187, CPH, 10
<134>2021-07-14T16:45:14Z cache-dfw18678 MEWElogs[390968]: FLIPH, 1626281114215197493, DFW, -1
<134>2021-07-14T16:45:29Z cache-akl10324 MEWElogs[390968]: FLIPH, 1626281128003613368, AKL, -1
<134>2021-07-14T16:45:30Z cache-del21735 MEWElogs[390968]: FLIPH, 1626281129557748745, DEL, 10
<134>2021-07-14T16:45:35Z cache-bos4657 MEWElogs[390968]: FLIPH, 1626281134938136968, BOS, -1
<134>2021-07-14T16:45:38Z cache-bos4657 MEWElogs[390968]: FLIPH, 1626281137753116830, BOS, 10
<134>2021-07-14T16:45:51Z cache-eze19324 MEWElogs[390968]: FLIPH, 1626281150175463169, EZE, -1
<134>2021-07-14T16:45:55Z cache-chi21126 MEWElogs[390968]: FLIPH, 1626281154530861414, CHI, -1
<134>2021-07-14T16:45:58Z cache-dub4329 MEWElogs[390968]: FLIPH, 1626281157650982983, DUB, -1
<134>2021-07-14T16:46:09Z cache-akl10324 MEWElogs[390968]: FLIPH, 1626281167938887616, AKL, -1
<134>2021-07-14T16:46:11Z cache-fty21383 MEWElogs[390968]: FLIPH, 1626281171274856893, FTY, -1
<134>2021-07-14T16:46:11Z cache-cph20625 MEWElogs[390968]: FLIPH, 1626281170992986633, CPH, -1
<134>2021-07-14T16:46:13Z cache-chi21126 MEWElogs[390968]: FLIPH, 1626281173624159023, CHI, -1
<134>2021-07-14T16:46:13Z cache-dub4329 MEWElogs[390968]: FLIPH, 1626281173237800729, DUB, -1
<134>2021-07-14T16:46:16Z cache-pwk4920 MEWElogs[390968]: FLIPH, 1626281176370988313, PWK, -1
<134>2021-07-14T16:46:23Z cache-fty21383 MEWElogs[390968]: FLIPH, 1626281181986602956, FTY, 10
<134>2021-07-14T16:46:36Z cache-pwk4920 MEWElogs[390968]: FLIPH, 1626281196415440415, PWK, -1
<134>2021-07-14T16:46:44Z cache-fty21383 MEWElogs[390968]: FLIPH, 1626281203890192006, FTY, -1
<134>2021-07-14T16:46:51Z cache-bos4657 MEWElogs[390968]: FLIPH, 1626281210832532932, BOS, 10
<134>2021-07-14T16:46:55Z cache-cph20625 MEWElogs[390968]: FLIPH, 1626281215414153795, CPH, -1
<134>2021-07-14T16:47:02Z cache-hhn4077 MEWElogs[390968]: FLIPH, 1626281221501266093, HHN, 10
<134>2021-07-14T16:47:06Z cache-pwk4920 MEWElogs[390968]: FLIPH, 1626281226252359218, PWK, -1
<134>2021-07-14T16:47:17Z cache-pwk4920 MEWElogs[390968]: FLIPH, 1626281236252895741, PWK, -1
<134>2021-07-14T16:47:25Z cache-fty21383 MEWElogs[390968]: FLIPH, 1626281245195548345, FTY, -1
<134>2021-07-14T16:47:40Z cache-pwk4920 MEWElogs[390968]: FLIPH, 1626281259499682685, PWK, 10
<134>2021-07-14T16:47:43Z cache-del21735 MEWElogs[390968]: FLIPH, 1626281262633220922, DEL, 10
<134>2021-07-14T16:47:50Z cache-fty21383 MEWElogs[390968]: FLIPH, 1626281269893665236, FTY, -1
<134>2021-07-14T16:47:51Z cache-akl10324 MEWElogs[390968]: FLIPH, 1626281270694406731, AKL, 10
<134>2021-07-14T16:47:57Z cache-chi21126 MEWElogs[390968]: FLIPH, 1626281276926516967, CHI, -1
<134>2021-07-14T16:48:04Z cache-bos4657 MEWElogs[390968]: FLIPH, 1626281283509945634, BOS, 10
<134>2021-07-14T16:48:12Z cache-bos4657 MEWElogs[390968]: FLIPH, 1626281292480245822, BOS, 10
<134>2021-07-14T16:48:19Z cache-fty21383 MEWElogs[390968]: FLIPH, 1626281298353848662, FTY, 10
<134>2021-07-14T16:48:19Z cache-dub4329 MEWElogs[390968]: FLIPH, 1626281299261525804, DUB, -1
<134>2021-07-14T16:48:47Z cache-dfw18678 MEWElogs[390968]: FLIPH, 1626281327170937435, DFW, -1
<134>2021-07-14T16:48:51Z cache-dub4329 MEWElogs[390968]: FLIPH, 1626281330917339571, DUB, -1
<134>2021-07-14T16:48:52Z cache-cph20625 MEWElogs[390968]: FLIPH, 1626281331966119773, CPH, 10
<134>2021-07-14T16:48:57Z cache-bos4657 MEWElogs[390968]: FLIPH, 1626281337479447581, BOS, 10
<134>2021-07-14T16:48:59Z cache-cph20625 MEWElogs[390968]: FLIPH, 1626281338589415628, CPH, -1
<134>2021-07-14T16:49:16Z cache-bos4657 MEWElogs[390968]: FLIPH, 1626281355645336562, BOS, 10
<134>2021-07-14T16:49:17Z cache-hhn4077 MEWElogs[390968]: FLIPH, 1626281356709197911, HHN, 10
<134>2021-07-14T16:49:21Z cache-cph20625 MEWElogs[390968]: FLIPH, 1626281360467234852, CPH, -1
<134>2021-07-14T16:49:30Z cache-pwk4920 MEWElogs[390968]: FLIPH, 1626281369316924586, PWK, 10
<134>2021-07-14T16:49:39Z cache-fty21383 MEWElogs[390968]: FLIPH, 1626281379051328548, FTY, -1
<134>2021-07-14T16:49:41Z cache-hhn4077 MEWElogs[390968]: FLIPH, 1626281380782565728, HHN, 10
<134>2021-07-14T16:49:41Z cache-chi21126 MEWElogs[390968]: FLIPH, 1626281381563474565, CHI, -1
<134>2021-07-14T16:49:46Z cache-pwk4920 MEWElogs[390968]: FLIPH, 1626281385875895951, PWK, -1
<134>2021-07-14T16:49:50Z cache-fty21383 MEWElogs[390968]: FLIPH, 1626281389900468610, FTY, 10
<134>2021-07-14T16:50:01Z cache-bos4657 MEWElogs[390968]: FLIPH, 1626281400634419981, BOS, 10
<134>2021-07-14T16:50:04Z cache-fty21383 MEWElogs[390968]: FLIPH, 1626281404115792540, FTY, -1
<134>2021-07-14T16:50:07Z cache-bos4657 MEWElogs[390968]: FLIPH, 1626281406746815117, BOS, -1
<134>2021-07-14T16:50:19Z cache-chi21126 MEWElogs[390968]: FLIPH, 1626281419275592187, CHI, -1
<134>2021-07-14T16:50:26Z cache-dub4329 MEWElogs[390968]: FLIPH, 1626281425572507444, DUB, -1
<134>2021-07-14T16:50:32Z cache-del21735 MEWElogs[390968]: FLIPH, 1626281430957478002, DEL, 10
<134>2021-07-14T16:50:39Z cache-hhn4077 MEWElogs[390968]: FLIPH, 1626281438954827427, HHN, 10
<134>2021-07-14T16:50:41Z cache-del21735 MEWElogs[390968]: FLIPH, 1626281440436658279, DEL, 10
<134>2021-07-14T16:50:48Z cache-del21735 MEWElogs[390968]: FLIPH, 1626281447818807889, DEL, -1
<134>2021-07-14T16:50:54Z cache-cph20625 MEWElogs[390968]: FLIPH, 1626281453324279468, CPH, 10
<134>2021-07-14T16:51:01Z cache-dfw18678 MEWElogs[390968]: FLIPH, 1626281460812784407, DFW, -1
<134>2021-07-14T16:51:01Z cache-bos4657 MEWElogs[390968]: FLIPH, 1626281460993153353, BOS, -1
<134>2021-07-14T16:51:02Z cache-akl10324 MEWElogs[390968]: FLIPH, 1626281461576020784, AKL, 10
<134>2021-07-14T16:51:04Z cache-dfw18678 MEWElogs[390968]: FLIPH, 1626281464024829864, DFW, 10
<134>2021-07-14T16:51:11Z cache-chi21126 MEWElogs[390968]: FLIPH, 1626281470666000652, CHI, 10
<134>2021-07-14T16:51:14Z cache-del21735 MEWElogs[390968]: FLIPH, 1626281473147193160, DEL, -1
<134>2021-07-14T16:51:15Z cache-dfw18678 MEWElogs[390968]: FLIPH, 1626281474766458035, DFW, 10
<134>2021-07-14T16:51:24Z cache-hhn4077 MEWElogs[390968]: FLIPH, 1626281484335563809, HHN, 10
<134>2021-07-14T16:51:28Z cache-bos4657 MEWElogs[390968]: FLIPH, 1626281488164867398, BOS, -1
<134>2021-07-14T16:51:36Z cache-pwk4920 MEWElogs[390968]: FLIPH, 1626281495946771901, PWK, -1
<134>2021-07-14T16:51:58Z cache-chi21126 MEWElogs[390968]: FLIPH, 1626281517646514733, CHI, 10
