<134>2021-07-14T17:53:40Z cache-hnd18722 MEWElogs[369035]: FLIPH, 1626285219887327992, HND, -1
<134>2021-07-14T17:53:54Z cache-hnd18722 MEWElogs[369035]: FLIPH, 1626285233253244341, HND, 10
<134>2021-07-14T17:53:58Z cache-itm18851 MEWElogs[369035]: FLIPH, 1626285237591287230, ITM, 10
<134>2021-07-14T17:54:27Z cache-stl4834 MEWElogs[369035]: FLIPH, 1626285267285577384, STL, 10
<134>2021-07-14T17:54:29Z cache-itm18851 MEWElogs[369035]: FLIPH, 1626285268760878808, ITM, 10
<134>2021-07-14T17:54:37Z cache-hnd18722 MEWElogs[369035]: FLIPH, 1626285276236846085, HND, 10
<134>2021-07-14T17:54:41Z cache-gru17149 MEWElogs[369035]: FLIPH, 1626285280025100604, GRU, 10
<134>2021-07-14T17:54:55Z cache-stl4834 MEWElogs[369035]: FLIPH, 1626285294939549839, STL, -1
<134>2021-07-14T17:55:01Z cache-itm18851 MEWElogs[369035]: FLIPH, 1626285299950853129, ITM, 10
<134>2021-07-14T17:55:01Z cache-scl19427 MEWElogs[369035]: FLIPH, 1626285300761225964, SCL, 10
<134>2021-07-14T17:55:09Z cache-gru17149 MEWElogs[369035]: FLIPH, 1626285308459174117, GRU, 10
<134>2021-07-14T17:55:16Z cache-pao17461 MEWElogs[369035]: FLIPH, 1626285316044869956, PAO, -1
<134>2021-07-14T17:55:23Z cache-tyo11974 MEWElogs[369035]: FLIPH, 1626285322770430170, TYO, -1
<134>2021-07-14T17:55:42Z cache-itm18851 MEWElogs[369035]: FLIPH, 1626285341996212972, ITM, 10
<134>2021-07-14T17:55:45Z cache-sjc10078 MEWElogs[369035]: FLIPH, 1626285345234086591, SJC, -1
<134>2021-07-14T17:56:06Z cache-cgh11122 MEWElogs[369035]: FLIPH, 1626285365913965088, CGH, -1
<134>2021-07-14T17:56:06Z cache-sea4483 MEWElogs[369035]: FLIPH, 1626285366772698349, SEA, -1
<134>2021-07-14T17:56:09Z cache-sjc10078 MEWElogs[369035]: FLIPH, 1626285368731466377, SJC, 10
<134>2021-07-14T17:56:10Z cache-sea4483 MEWElogs[369035]: FLIPH, 1626285370104412458, SEA, 10
<134>2021-07-14T17:56:19Z cache-pao17461 MEWElogs[369035]: FLIPH, 1626285379396342858, PAO, -1
<134>2021-07-14T17:56:26Z cache-scl19427 MEWElogs[369035]: FLIPH, 1626285386236917009, SCL, 10
<134>2021-07-14T17:56:35Z cache-itm18851 MEWElogs[369035]: FLIPH, 1626285394128006385, ITM, 10
<134>2021-07-14T17:56:50Z cache-tyo11974 MEWElogs[369035]: FLIPH, 1626285409623228047, TYO, 10
<134>2021-07-14T17:56:50Z cache-pao17461 MEWElogs[369035]: FLIPH, 1626285410684075695, PAO, -1
<134>2021-07-14T17:56:53Z cache-itm18851 MEWElogs[369035]: FLIPH, 1626285412287202511, ITM, -1
<134>2021-07-14T17:56:55Z cache-hnd18722 MEWElogs[369035]: FLIPH, 1626285414014707111, HND, 10
<134>2021-07-14T17:57:06Z cache-itm18851 MEWElogs[369035]: FLIPH, 1626285425797115045, ITM, 10
<134>2021-07-14T17:57:20Z cache-cgh11122 MEWElogs[369035]: FLIPH, 1626285439601070575, CGH, 10
<134>2021-07-14T17:57:27Z cache-cgh11183 MEWElogs[369035]: FLIPH, 1626285446589996762, CGH, -1
<134>2021-07-14T17:57:55Z cache-stl4834 MEWElogs[369035]: FLIPH, 1626285475416492150, STL, 10
<134>2021-07-14T17:58:06Z cache-pao17461 MEWElogs[369035]: FLIPH, 1626285486885335483, PAO, 10
<134>2021-07-14T17:58:13Z cache-stl4834 MEWElogs[369035]: FLIPH, 1626285493056428143, STL, -1
<134>2021-07-14T17:58:20Z cache-cgh11122 MEWElogs[369035]: FLIPH, 1626285499803827230, CGH, 10
<134>2021-07-14T17:58:22Z cache-tyo11974 MEWElogs[369035]: FLIPH, 1626285501337120403, TYO, 10
<134>2021-07-14T17:58:34Z cache-stl4834 MEWElogs[369035]: FLIPH, 1626285513686399444, STL, -1
<134>2021-07-14T17:58:39Z cache-itm18851 MEWElogs[369035]: FLIPH, 1626285518437951948, ITM, 10
<134>2021-07-14T17:58:47Z cache-stl4834 MEWElogs[369035]: FLIPH, 1626285527133582231, STL, 10
<134>2021-07-14T17:58:47Z cache-cgh11122 MEWElogs[369035]: FLIPH, 1626285527102721542, CGH, -1
<134>2021-07-14T17:58:55Z cache-tyo11974 MEWElogs[369035]: FLIPH, 1626285534595580943, TYO, -1
<134>2021-07-14T17:58:57Z cache-itm18851 MEWElogs[369035]: FLIPH, 1626285536522081169, ITM, -1
<134>2021-07-14T17:59:01Z cache-cgh11122 MEWElogs[369035]: FLIPH, 1626285539970668732, CGH, 10
<134>2021-07-14T17:59:02Z cache-cgh11183 MEWElogs[369035]: FLIPH, 1626285541272925777, CGH, 10
<134>2021-07-14T17:59:13Z cache-sjc10078 MEWElogs[369035]: FLIPH, 1626285552568219910, SJC, -1
<134>2021-07-14T17:59:15Z cache-tyo11974 MEWElogs[369035]: FLIPH, 1626285554472664221, TYO, 10
<134>2021-07-14T17:59:16Z cache-sjc10078 MEWElogs[369035]: FLIPH, 1626285555648069826, SJC, 10
<134>2021-07-14T17:59:33Z cache-tyo11974 MEWElogs[369035]: FLIPH, 1626285572240984945, TYO, 10
<134>2021-07-14T18:00:07Z cache-hnd18722 MEWElogs[369035]: FLIPH, 1626285605991025956, HND, 10
<134>2021-07-14T18:00:17Z cache-stl4834 MEWElogs[369035]: FLIPH, 1626285617712132010, STL, -1
<134>2021-07-14T18:00:22Z cache-stl4834 MEWElogs[369035]: FLIPH, 1626285621025778275, STL, 10
<134>2021-07-14T18:00:25Z cache-sjc10078 MEWElogs[369035]: FLIPH, 1626285624869725434, SJC, -1
<134>2021-07-14T18:00:39Z cache-sjc10078 MEWElogs[369035]: FLIPH, 1626285638699149134, SJC, 10
<134>2021-07-14T18:00:43Z cache-cgh11183 MEWElogs[369035]: FLIPH, 1626285642561097714, CGH, 10
<134>2021-07-14T18:00:54Z cache-tyo11974 MEWElogs[369035]: FLIPH, 1626285653592743904, TYO, 10
<134>2021-07-14T18:01:03Z cache-tyo11974 MEWElogs[369035]: FLIPH, 1626285662481956642, TYO, 10
<134>2021-07-14T18:01:11Z cache-hnd18722 MEWElogs[369035]: FLIPH, 1626285670017793125, HND, 10
<134>2021-07-14T18:01:31Z cache-sjc10078 MEWElogs[369035]: FLIPH, 1626285690909673224, SJC, 10
<134>2021-07-14T18:01:33Z cache-cgh11122 MEWElogs[369035]: FLIPH, 1626285693379452360, CGH, 10
<134>2021-07-14T18:01:36Z cache-bma1628 MEWElogs[369035]: FLIPH, 1626285695301635308, BMA, -1
<134>2021-07-14T18:01:43Z cache-hnd18722 MEWElogs[369035]: FLIPH, 1626285702430978859, HND, 10
<134>2021-07-14T18:01:47Z cache-itm18851 MEWElogs[369035]: FLIPH, 1626285706686744602, ITM, 10
<134>2021-07-14T18:01:51Z cache-hnd18722 MEWElogs[369035]: FLIPH, 1626285710191380829, HND, -1
<134>2021-07-14T18:02:04Z cache-pao17461 MEWElogs[369035]: FLIPH, 1626285723388476664, PAO, -1
<134>2021-07-14T18:02:12Z cache-cgh11122 MEWElogs[369035]: FLIPH, 1626285731669220179, CGH, -1
<134>2021-07-14T18:02:13Z cache-bma1628 MEWElogs[369035]: FLIPH, 1626285732101658708, BMA, -1
<134>2021-07-14T18:02:15Z cache-pao17461 MEWElogs[369035]: FLIPH, 1626285734102984757, PAO, -1
<134>2021-07-14T18:02:25Z cache-pao17461 MEWElogs[369035]: FLIPH, 1626285744547743515, PAO, -1
<134>2021-07-14T18:02:31Z cache-sea4483 MEWElogs[369035]: FLIPH, 1626285751308362017, SEA, 10
<134>2021-07-14T18:02:34Z cache-cgh11183 MEWElogs[369035]: FLIPH, 1626285753529040688, CGH, 10
<134>2021-07-14T18:02:59Z cache-bma1628 MEWElogs[369035]: FLIPH, 1626285778836261968, BMA, -1
<134>2021-07-14T18:03:02Z cache-tyo11974 MEWElogs[369035]: FLIPH, 1626285781152178133, TYO, 10
<134>2021-07-14T18:03:06Z cache-hnd18722 MEWElogs[369035]: FLIPH, 1626285785039467434, HND, -1
<134>2021-07-14T18:03:20Z cache-bma1628 MEWElogs[369035]: FLIPH, 1626285800447186262, BMA, 10
<134>2021-07-14T18:03:38Z cache-tyo11974 MEWElogs[369035]: FLIPH, 1626285818108053812, TYO, 10
