<134>2021-07-14T21:30:45Z cache-dub4329 MEWElogs[216063]: BLUR, 1626298244668861904, DUB, 11
<134>2021-07-14T21:30:56Z cache-fty21383 MEWElogs[216063]: BLUR, 1626298255254636879, FTY, 11
<134>2021-07-14T21:31:21Z cache-chi21126 MEWElogs[216063]: BLUR, 1626298280323425020, CHI, 11
<134>2021-07-14T21:31:53Z cache-del21735 MEWElogs[216063]: BLUR, 1626298312792468766, DEL, 11
<134>2021-07-14T21:32:23Z cache-fty21383 MEWElogs[216063]: BLUR, 1626298342798877144, FTY, 11
<134>2021-07-14T21:32:50Z cache-dub4329 MEWElogs[216063]: BLUR, 1626298370478243719, DUB, 11
<134>2021-07-14T21:33:13Z cache-pwk4920 MEWElogs[216063]: BLUR, 1626298392924736969, PWK, 11
<134>2021-07-14T21:34:17Z cache-fty21383 MEWElogs[216063]: BLUR, 1626298456026956262, FTY, 11
<134>2021-07-14T21:34:42Z cache-dub4329 MEWElogs[216063]: BLUR, 1626298482064092255, DUB, 11
<134>2021-07-14T21:35:07Z cache-hhn4077 MEWElogs[216063]: BLUR, 1626298506890641499, HHN, 11
<134>2021-07-14T21:35:38Z cache-dub4329 MEWElogs[216063]: BLUR, 1626298537634387688, DUB, 11
<134>2021-07-14T21:36:28Z cache-pwk4920 MEWElogs[216063]: BLUR, 1626298588567292482, PWK, 11
<134>2021-07-14T21:36:32Z cache-akl10324 MEWElogs[216063]: BLUR, 1626298591963801802, AKL, 11
<134>2021-07-14T21:37:23Z cache-akl10324 MEWElogs[216063]: BLUR, 1626298642921839906, AKL, 11
<134>2021-07-14T21:37:26Z cache-cph20625 MEWElogs[216063]: BLUR, 1626298645281647312, CPH, 11
<134>2021-07-14T21:37:26Z cache-chi21126 MEWElogs[216063]: BLUR, 1626298646648875837, CHI, 11
<134>2021-07-14T21:37:32Z cache-del21735 MEWElogs[216063]: BLUR, 1626298651482115694, DEL, 11
<134>2021-07-14T21:37:40Z cache-akl10324 MEWElogs[216063]: BLUR, 1626298659884857375, AKL, 11
<134>2021-07-14T21:37:40Z cache-dfw18678 MEWElogs[216063]: BLUR, 1626298659785668825, DFW, 11
<134>2021-07-14T21:37:47Z cache-hhn4077 MEWElogs[216063]: BLUR, 1626298666512789136, HHN, 11
<134>2021-07-14T21:38:50Z cache-pwk4920 MEWElogs[216063]: BLUR, 1626298730111722242, PWK, 11
<134>2021-07-14T21:39:35Z cache-dub4329 MEWElogs[216063]: BLUR, 1626298775627046755, DUB, 11
<134>2021-07-14T21:39:47Z cache-chi21126 MEWElogs[216063]: BLUR, 1626298786035706344, CHI, 11
<134>2021-07-14T21:40:13Z cache-del21735 MEWElogs[216063]: BLUR, 1626298812887147227, DEL, 11
