<134>2021-07-14T18:02:35Z cache-pao17461 MEWElogs[412844]: FLIPH, 1626285755107436237, PAO, -1
<134>2021-07-14T18:02:50Z cache-bma1628 MEWElogs[412844]: FLIPH, 1626285769500932234, BMA, -1
<134>2021-07-14T18:02:58Z cache-itm18851 MEWElogs[412844]: FLIPH, 1626285777364648893, ITM, -1
<134>2021-07-14T18:03:11Z cache-bma1628 MEWElogs[412844]: FLIPH, 1626285791374919605, BMA, 10
<134>2021-07-14T18:03:22Z cache-sjc10078 MEWElogs[412844]: FLIPH, 1626285801618559819, SJC, -1
<134>2021-07-14T18:03:25Z cache-sjc10078 MEWElogs[412844]: FLIPH, 1626285804760786049, SJC, 10
<134>2021-07-14T18:03:27Z cache-tyo11974 MEWElogs[412844]: FLIPH, 1626285806424078513, TYO, -1
<134>2021-07-14T18:03:45Z cache-cgh11183 MEWElogs[412844]: FLIPH, 1626285825357248967, CGH, 10
<134>2021-07-14T18:03:49Z cache-sea4483 MEWElogs[412844]: FLIPH, 1626285828189557928, SEA, 10
<134>2021-07-14T18:03:57Z cache-tyo11974 MEWElogs[412844]: FLIPH, 1626285836775487368, TYO, 10
<134>2021-07-14T18:04:10Z cache-sea4483 MEWElogs[412844]: FLIPH, 1626285850086089285, SEA, 10
<134>2021-07-14T18:04:12Z cache-pao17461 MEWElogs[412844]: FLIPH, 1626285852455248482, PAO, 10
<134>2021-07-14T18:04:20Z cache-pao17461 MEWElogs[412844]: FLIPH, 1626285859955004090, PAO, -1
<134>2021-07-14T18:04:23Z cache-sjc10078 MEWElogs[412844]: FLIPH, 1626285862789315729, SJC, -1
<134>2021-07-14T18:04:27Z cache-sjc10078 MEWElogs[412844]: FLIPH, 1626285866002688540, SJC, 10
<134>2021-07-14T18:04:45Z cache-bma1628 MEWElogs[412844]: FLIPH, 1626285884616886263, BMA, 10
<134>2021-07-14T18:04:59Z cache-yyz4551 MEWElogs[412844]: FLIPH, 1626285898846143682, YYZ, -1
<134>2021-07-14T18:05:35Z cache-yyz4551 MEWElogs[412844]: FLIPH, 1626285935507807098, YYZ, -1
<134>2021-07-14T18:05:38Z cache-bma1628 MEWElogs[412844]: FLIPH, 1626285937532076098, BMA, -1
<134>2021-07-14T18:05:39Z cache-yyz4551 MEWElogs[412844]: FLIPH, 1626285938417002428, YYZ, 10
<134>2021-07-14T18:05:53Z cache-yyz4551 MEWElogs[412844]: FLIPH, 1626285953598482003, YYZ, -1
<134>2021-07-14T18:05:58Z cache-cgh11183 MEWElogs[412844]: FLIPH, 1626285958127016042, CGH, 10
<134>2021-07-14T18:06:00Z cache-sea4483 MEWElogs[412844]: FLIPH, 1626285959906325571, SEA, 10
<134>2021-07-14T18:06:06Z cache-yyz4551 MEWElogs[412844]: FLIPH, 1626285965514697340, YYZ, 10
<134>2021-07-14T18:06:19Z cache-cgh11183 MEWElogs[412844]: FLIPH, 1626285978308656312, CGH, 10
<134>2021-07-14T18:06:22Z cache-sea4483 MEWElogs[412844]: FLIPH, 1626285981967537930, SEA, 10
<134>2021-07-14T18:06:30Z cache-cgh11122 MEWElogs[412844]: FLIPH, 1626285989324438929, CGH, 10
<134>2021-07-14T18:06:30Z cache-yyz4551 MEWElogs[412844]: FLIPH, 1626285990014429702, YYZ, -1
<134>2021-07-14T18:06:30Z cache-tyo11974 MEWElogs[412844]: FLIPH, 1626285989908340618, TYO, -1
<134>2021-07-14T18:06:46Z cache-cgh11183 MEWElogs[412844]: FLIPH, 1626286005919276075, CGH, -1
<134>2021-07-14T18:07:00Z cache-yyz4551 MEWElogs[412844]: FLIPH, 1626286020076872768, YYZ, 10
<134>2021-07-14T18:07:20Z cache-bma1628 MEWElogs[412844]: FLIPH, 1626286039494029458, BMA, -1
<134>2021-07-14T18:07:30Z cache-cgh11183 MEWElogs[412844]: FLIPH, 1626286050238791365, CGH, 10
<134>2021-07-14T18:07:44Z cache-vie21629 MEWElogs[412844]: FLIPH, 1626286063537637611, VIE, 10
<134>2021-07-14T18:07:46Z cache-yyz4551 MEWElogs[412844]: FLIPH, 1626286065585826183, YYZ, 10
<134>2021-07-14T18:08:00Z cache-sea4483 MEWElogs[412844]: FLIPH, 1626286080428623347, SEA, 10
<134>2021-07-14T18:08:08Z cache-vie21629 MEWElogs[412844]: FLIPH, 1626286087420832579, VIE, -1
<134>2021-07-14T18:08:40Z cache-yyz4551 MEWElogs[412844]: FLIPH, 1626286120832775462, YYZ, 10
<134>2021-07-14T18:09:08Z cache-yyz4551 MEWElogs[412844]: FLIPH, 1626286148035715416, YYZ, 10
<134>2021-07-14T18:09:11Z cache-sjc10078 MEWElogs[412844]: FLIPH, 1626286151284750047, SJC, -1
<134>2021-07-14T18:09:43Z cache-sjc10078 MEWElogs[412844]: FLIPH, 1626286182753613006, SJC, -1
<134>2021-07-14T18:10:05Z cache-cgh11183 MEWElogs[412844]: FLIPH, 1626286205408232395, CGH, 10
<134>2021-07-14T18:10:06Z cache-bma1628 MEWElogs[412844]: FLIPH, 1626286206398365278, BMA, -1
<134>2021-07-14T18:10:37Z cache-cgh11183 MEWElogs[412844]: FLIPH, 1626286236292053867, CGH, 10
<134>2021-07-14T18:10:47Z cache-cgh11183 MEWElogs[412844]: FLIPH, 1626286246597420994, CGH, 10
<134>2021-07-14T18:11:03Z cache-bma1628 MEWElogs[412844]: FLIPH, 1626286262186128977, BMA, -1
<134>2021-07-14T18:11:06Z cache-bma1628 MEWElogs[412844]: FLIPH, 1626286265332446491, BMA, 10
<134>2021-07-14T18:11:12Z cache-bma1628 MEWElogs[412844]: FLIPH, 1626286271458906734, BMA, -1
<134>2021-07-14T18:11:26Z cache-sea4483 MEWElogs[412844]: FLIPH, 1626286286139260486, SEA, -1
<134>2021-07-14T18:11:36Z cache-yyz4551 MEWElogs[412844]: FLIPH, 1626286295306027687, YYZ, 10
<134>2021-07-14T18:11:43Z cache-bma1628 MEWElogs[412844]: FLIPH, 1626286302665605766, BMA, 10
<134>2021-07-14T18:11:58Z cache-bma1628 MEWElogs[412844]: FLIPH, 1626286318008106751, BMA, -1
<134>2021-07-14T18:12:18Z cache-yyz4551 MEWElogs[412844]: FLIPH, 1626286338178250536, YYZ, -1
<134>2021-07-14T18:12:26Z cache-bma1628 MEWElogs[412844]: FLIPH, 1626286345921596436, BMA, -1
