<134>2021-07-14T17:01:51Z cache-iah17271 MEWElogs[503012]: FLIPH, 1626282110781142203, IAH, 10
<134>2021-07-14T17:01:54Z cache-lcy19283 MEWElogs[503012]: FLIPH, 1626282113411551484, LCY, -1
<134>2021-07-14T17:02:08Z cache-fra19177 MEWElogs[503012]: FLIPH, 1626282128514795825, FRA, 10
<134>2021-07-14T17:02:13Z cache-jnb7027 MEWElogs[503012]: FLIPH, 1626282132235917201, JNB, -1
<134>2021-07-14T17:02:13Z cache-lcy19283 MEWElogs[503012]: FLIPH, 1626282133605350911, LCY, -1
<134>2021-07-14T17:02:15Z cache-jnb7027 MEWElogs[503012]: FLIPH, 1626282135075869747, JNB, 10
<134>2021-07-14T17:02:17Z cache-dal21283 MEWElogs[503012]: FLIPH, 1626282136618244655, DAL, 10
<134>2021-07-14T17:02:44Z cache-fra19177 MEWElogs[503012]: FLIPH, 1626282164572556723, FRA, 10
<134>2021-07-14T17:02:45Z cache-jnb7027 MEWElogs[503012]: FLIPH, 1626282164432570450, JNB, 10
<134>2021-07-14T17:02:51Z cache-dal21283 MEWElogs[503012]: FLIPH, 1626282170513372674, DAL, 10
<134>2021-07-14T17:03:45Z cache-den8274 MEWElogs[503012]: FLIPH, 1626282223993163601, DEN, 10
<134>2021-07-14T17:03:48Z cache-dal21283 MEWElogs[503012]: FLIPH, 1626282227680740812, DAL, 10
<134>2021-07-14T17:03:53Z cache-den8274 MEWElogs[503012]: FLIPH, 1626282232589463180, DEN, 10
<134>2021-07-14T17:04:03Z cache-fra19177 MEWElogs[503012]: FLIPH, 1626282242898799894, FRA, -1
<134>2021-07-14T17:04:18Z cache-dal21283 MEWElogs[503012]: FLIPH, 1626282257388877316, DAL, -1
<134>2021-07-14T17:04:26Z cache-lcy19283 MEWElogs[503012]: FLIPH, 1626282266057394347, LCY, -1
<134>2021-07-14T17:04:30Z cache-lcy19283 MEWElogs[503012]: FLIPH, 1626282269430471285, LCY, 10
<134>2021-07-14T17:04:32Z cache-dal21283 MEWElogs[503012]: FLIPH, 1626282272426182432, DAL, 10
<134>2021-07-14T17:04:38Z cache-den8274 MEWElogs[503012]: FLIPH, 1626282277527764006, DEN, 10
<134>2021-07-14T17:04:56Z cache-dal21283 MEWElogs[503012]: FLIPH, 1626282295816851069, DAL, 10
<134>2021-07-14T17:04:58Z cache-fra19177 MEWElogs[503012]: FLIPH, 1626282297949122562, FRA, -1
<134>2021-07-14T17:05:04Z cache-den8274 MEWElogs[503012]: FLIPH, 1626282303693802584, DEN, 10
<134>2021-07-14T17:05:27Z cache-lcy19283 MEWElogs[503012]: FLIPH, 1626282327216430547, LCY, -1
<134>2021-07-14T17:05:32Z cache-iah17271 MEWElogs[503012]: FLIPH, 1626282331664773425, IAH, 10
<134>2021-07-14T17:05:52Z cache-jnb7027 MEWElogs[503012]: FLIPH, 1626282351685718541, JNB, 10
<134>2021-07-14T17:06:01Z cache-lcy19283 MEWElogs[503012]: FLIPH, 1626282361602103408, LCY, 10
<134>2021-07-14T17:06:24Z cache-bur17583 MEWElogs[503012]: FLIPH, 1626282384404716840, BUR, 10
<134>2021-07-14T17:06:31Z cache-jnb7027 MEWElogs[503012]: FLIPH, 1626282390906255180, JNB, 10
<134>2021-07-14T17:06:37Z cache-fra19177 MEWElogs[503012]: FLIPH, 1626282397590849659, FRA, -1
<134>2021-07-14T17:06:43Z cache-den8274 MEWElogs[503012]: FLIPH, 1626282402492049578, DEN, 10
<134>2021-07-14T17:06:51Z cache-jnb7027 MEWElogs[503012]: FLIPH, 1626282410734501963, JNB, 10
<134>2021-07-14T17:06:58Z cache-jnb7027 MEWElogs[503012]: FLIPH, 1626282417704549982, JNB, -1
<134>2021-07-14T17:07:01Z cache-hel6829 MEWElogs[503012]: FLIPH, 1626282420909884261, HEL, -1
<134>2021-07-14T17:07:13Z cache-bur17583 MEWElogs[503012]: FLIPH, 1626282433758665601, BUR, -1
<134>2021-07-14T17:07:40Z cache-hel6829 MEWElogs[503012]: FLIPH, 1626282460072995435, HEL, -1
<134>2021-07-14T17:07:45Z cache-fra19177 MEWElogs[503012]: FLIPH, 1626282464356218959, FRA, 10
<134>2021-07-14T17:07:55Z cache-dal21283 MEWElogs[503012]: FLIPH, 1626282475215330017, DAL, -1
<134>2021-07-14T17:08:00Z cache-cwb20520 MEWElogs[503012]: FLIPH, 1626282479319213110, CWB, 10
<134>2021-07-14T17:08:01Z cache-den8274 MEWElogs[503012]: FLIPH, 1626282481108626265, DEN, -1
<134>2021-07-14T17:08:06Z cache-bur17583 MEWElogs[503012]: FLIPH, 1626282485333299533, BUR, -1
<134>2021-07-14T17:08:10Z cache-dal21283 MEWElogs[503012]: FLIPH, 1626282490127789764, DAL, 10
<134>2021-07-14T17:08:25Z cache-iah17271 MEWElogs[503012]: FLIPH, 1626282505287696487, IAH, -1
<134>2021-07-14T17:08:37Z cache-iah17271 MEWElogs[503012]: FLIPH, 1626282516095693351, IAH, -1
<134>2021-07-14T17:08:39Z cache-cwb20520 MEWElogs[503012]: FLIPH, 1626282518258054672, CWB, 10
<134>2021-07-14T17:08:39Z cache-den8274 MEWElogs[503012]: FLIPH, 1626282519342968731, DEN, 10
<134>2021-07-14T17:08:40Z cache-bur17583 MEWElogs[503012]: FLIPH, 1626282519458648916, BUR, 10
<134>2021-07-14T17:08:41Z cache-lon4249 MEWElogs[503012]: FLIPH, 1626282520275143139, LON, 10
<134>2021-07-14T17:08:42Z cache-hel6829 MEWElogs[503012]: FLIPH, 1626282522340708682, HEL, 10
<134>2021-07-14T17:08:46Z cache-jnb7027 MEWElogs[503012]: FLIPH, 1626282525758843427, JNB, -1
<134>2021-07-14T17:08:46Z cache-bur17583 MEWElogs[503012]: FLIPH, 1626282526172255666, BUR, -1
<134>2021-07-14T17:08:54Z cache-fra19177 MEWElogs[503012]: FLIPH, 1626282534388198585, FRA, -1
<134>2021-07-14T17:09:00Z cache-iah17271 MEWElogs[503012]: FLIPH, 1626282539887679510, IAH, -1
<134>2021-07-14T17:09:06Z cache-den8274 MEWElogs[503012]: FLIPH, 1626282546118822926, DEN, 10
<134>2021-07-14T17:09:09Z cache-lcy19283 MEWElogs[503012]: FLIPH, 1626282548905076336, LCY, -1
<134>2021-07-14T17:09:17Z cache-bur17583 MEWElogs[503012]: FLIPH, 1626282557250901406, BUR, -1
<134>2021-07-14T17:09:25Z cache-jnb7027 MEWElogs[503012]: FLIPH, 1626282564798841299, JNB, -1
<134>2021-07-14T17:09:34Z cache-iah17271 MEWElogs[503012]: FLIPH, 1626282573814427242, IAH, -1
<134>2021-07-14T17:09:38Z cache-jnb7027 MEWElogs[503012]: FLIPH, 1626282577445784402, JNB, 10
<134>2021-07-14T17:09:42Z cache-bur17583 MEWElogs[503012]: FLIPH, 1626282581122961902, BUR, 10
<134>2021-07-14T17:09:56Z cache-iah17271 MEWElogs[503012]: FLIPH, 1626282595876337844, IAH, -1
<134>2021-07-14T17:10:02Z cache-hel6829 MEWElogs[503012]: FLIPH, 1626282601295292213, HEL, 10
<134>2021-07-14T17:10:17Z cache-jnb7027 MEWElogs[503012]: FLIPH, 1626282616391752419, JNB, 10
<134>2021-07-14T17:10:39Z cache-lon4249 MEWElogs[503012]: FLIPH, 1626282639635096882, LON, -1
<134>2021-07-14T17:10:41Z cache-iah17271 MEWElogs[503012]: FLIPH, 1626282640707293921, IAH, -1
<134>2021-07-14T17:10:43Z cache-jnb7027 MEWElogs[503012]: FLIPH, 1626282642913462289, JNB, -1
<134>2021-07-14T17:10:46Z cache-dal21283 MEWElogs[503012]: FLIPH, 1626282646101022764, DAL, -1
<134>2021-07-14T17:11:03Z cache-cwb20520 MEWElogs[503012]: FLIPH, 1626282662655264569, CWB, -1
<134>2021-07-14T17:11:13Z cache-jnb7027 MEWElogs[503012]: FLIPH, 1626282672180338360, JNB, -1
<134>2021-07-14T17:11:20Z cache-fra19177 MEWElogs[503012]: FLIPH, 1626282680694526864, FRA, 10
<134>2021-07-14T17:11:24Z cache-dal21283 MEWElogs[503012]: FLIPH, 1626282683874904755, DAL, 10
<134>2021-07-14T17:11:27Z cache-fra19177 MEWElogs[503012]: FLIPH, 1626282686222840757, FRA, -1
<134>2021-07-14T17:11:43Z cache-lcy19283 MEWElogs[503012]: FLIPH, 1626282702915306281, LCY, 10
<134>2021-07-14T17:11:46Z cache-dal21283 MEWElogs[503012]: FLIPH, 1626282706205124011, DAL, 10
