<134>2021-07-15T07:32:57Z cache-jax20933 MEWElogs[370074]: UNSH, 1626334376811787548, JAX, 16
<134>2021-07-15T07:33:43Z cache-lax10677 MEWElogs[370074]: UNSH, 1626334422350984953, LGB, 16
<134>2021-07-15T07:34:01Z cache-lga21983 MEWElogs[370074]: UNSH, 1626334440566786678, LGA, 16
<134>2021-07-15T07:34:14Z cache-lga21983 MEWElogs[370074]: UNSH, 1626334453166559678, LGA, 16
<134>2021-07-15T07:34:32Z cache-lga21983 MEWElogs[370074]: UNSH, 1626334472032720222, LGA, 16
<134>2021-07-15T07:34:37Z cache-bom4751 MEWElogs[370074]: UNSH, 1626334476856665900, BOM, 16
<134>2021-07-15T07:34:57Z cache-bom4751 MEWElogs[370074]: UNSH, 1626334496953240060, BOM, 16
<134>2021-07-15T07:35:41Z cache-bom4751 MEWElogs[370074]: UNSH, 1626334540684505127, BOM, 16
<134>2021-07-15T07:36:32Z cache-ewr18156 MEWElogs[370074]: UNSH, 1626334591868834161, EWR, 16
<134>2021-07-15T07:36:56Z cache-jax20933 MEWElogs[370074]: UNSH, 1626334615163003149, JAX, 16
<134>2021-07-15T07:36:57Z cache-lax10677 MEWElogs[370074]: UNSH, 1626334616528879047, LGB, 16
<134>2021-07-15T07:37:22Z cache-ewr18156 MEWElogs[370074]: UNSH, 1626334640978656904, EWR, 16
<134>2021-07-15T07:37:24Z cache-osl6529 MEWElogs[370074]: UNSH, 1626334643988054937, OSL, 16
<134>2021-07-15T07:38:39Z cache-cdg20720 MEWElogs[370074]: UNSH, 1626334718483119544, CDG, 16
<134>2021-07-15T07:38:57Z cache-osl6529 MEWElogs[370074]: UNSH, 1626334736328614802, OSL, 16
<134>2021-07-15T07:39:04Z cache-ewr18156 MEWElogs[370074]: UNSH, 1626334743953883611, EWR, 16
<134>2021-07-15T07:39:34Z cache-lga21983 MEWElogs[370074]: UNSH, 1626334773198583743, LGA, 16
<134>2021-07-15T07:40:31Z cache-ewr18156 MEWElogs[370074]: UNSH, 1626334830150947394, EWR, 16
<134>2021-07-15T07:41:04Z cache-lhr7382 MEWElogs[370074]: UNSH, 1626334863558771207, LHR, 16
<134>2021-07-15T07:41:20Z cache-cdg20720 MEWElogs[370074]: UNSH, 1626334879154194690, CDG, 16
<134>2021-07-15T07:41:22Z cache-lhr7382 MEWElogs[370074]: UNSH, 1626334882395237814, LHR, 16
<134>2021-07-15T07:41:34Z cache-lax10677 MEWElogs[370074]: UNSH, 1626334894495328689, LGB, 16
<134>2021-07-15T07:42:04Z cache-osl6529 MEWElogs[370074]: UNSH, 1626334923709610663, OSL, 16
<134>2021-07-15T07:42:46Z cache-bom4751 MEWElogs[370074]: UNSH, 1626334966329774122, BOM, 16
