<134>2021-07-15T00:59:38Z cache-bom4751 MEWElogs[400146]: CROP, 1626310777795399348, BOM, 12
<134>2021-07-15T00:59:41Z cache-bom4751 MEWElogs[400146]: CROP, 1626310781540447807, BOM, 12
<134>2021-07-15T00:59:52Z cache-gru17149 MEWElogs[400146]: CROP, 1626310791257772536, GRU, 12
<134>2021-07-15T00:59:55Z cache-stl4834 MEWElogs[400146]: CROP, 1626310794415568731, STL, 12
<134>2021-07-15T01:00:01Z cache-cgh11122 MEWElogs[400146]: CROP, 1626310800599381792, CGH, 12
<134>2021-07-15T01:00:07Z cache-syd10183 MEWElogs[400146]: CROP, 1626310806594017037, SYD, 12
<134>2021-07-15T01:00:18Z cache-gig17035 MEWElogs[400146]: CROP, 1626310817730973063, GIG, 12
<134>2021-07-15T01:00:36Z cache-hnd18722 MEWElogs[400146]: CROP, 1626310836211326395, HND, 12
<134>2021-07-15T01:00:37Z cache-scl19427 MEWElogs[400146]: CROP, 1626310837566137311, SCL, 12
<134>2021-07-15T01:00:53Z cache-gig17035 MEWElogs[400146]: CROP, 1626310853392227605, GIG, 12
<134>2021-07-15T01:01:07Z cache-bom4751 MEWElogs[400146]: CROP, 1626310866074224377, BOM, 12
<134>2021-07-15T01:01:07Z cache-stl4834 MEWElogs[400146]: CROP, 1626310866628655593, STL, 12
<134>2021-07-15T01:01:09Z cache-syd10183 MEWElogs[400146]: CROP, 1626310868207020277, SYD, 12
<134>2021-07-15T01:01:18Z cache-hnd18722 MEWElogs[400146]: CROP, 1626310877633814792, HND, 12
<134>2021-07-15T01:01:22Z cache-gru17149 MEWElogs[400146]: CROP, 1626310881788343347, GRU, 12
<134>2021-07-15T01:01:27Z cache-gru17149 MEWElogs[400146]: CROP, 1626310886096333372, GRU, 12
<134>2021-07-15T01:01:27Z cache-syd10183 MEWElogs[400146]: CROP, 1626310887519657969, SYD, 12
<134>2021-07-15T01:01:34Z cache-pao17461 MEWElogs[400146]: CROP, 1626310893986074096, PAO, 12
<134>2021-07-15T01:01:43Z cache-pao17461 MEWElogs[400146]: CROP, 1626310902448029514, PAO, 12
<134>2021-07-15T01:01:45Z cache-gig17035 MEWElogs[400146]: CROP, 1626310905143090398, GIG, 12
<134>2021-07-15T01:01:47Z cache-bom4751 MEWElogs[400146]: CROP, 1626310906509552766, BOM, 12
<134>2021-07-15T01:01:48Z cache-cgh11122 MEWElogs[400146]: CROP, 1626310907957406790, CGH, 12
<134>2021-07-15T01:01:52Z cache-syd10183 MEWElogs[400146]: CROP, 1626310911546148108, SYD, 12
<134>2021-07-15T01:01:55Z cache-gig17035 MEWElogs[400146]: CROP, 1626310915390693314, GIG, 12
<134>2021-07-15T01:02:02Z cache-stl4834 MEWElogs[400146]: CROP, 1626310922336178058, STL, 12
<134>2021-07-15T01:02:13Z cache-scl19427 MEWElogs[400146]: CROP, 1626310932894215936, SCL, 12
<134>2021-07-15T01:02:15Z cache-syd10183 MEWElogs[400146]: CROP, 1626310935215266560, SYD, 12
<134>2021-07-15T01:02:17Z cache-bom4751 MEWElogs[400146]: CROP, 1626310936175086983, BOM, 12
<134>2021-07-15T01:02:31Z cache-bom4751 MEWElogs[400146]: CROP, 1626310950885809262, BOM, 12
<134>2021-07-15T01:02:32Z cache-sea4483 MEWElogs[400146]: CROP, 1626310951040691346, SEA, 12
<134>2021-07-15T01:02:32Z cache-hnd18722 MEWElogs[400146]: CROP, 1626310951468391462, HND, 12
<134>2021-07-15T01:02:41Z cache-itm18851 MEWElogs[400146]: CROP, 1626310960797237098, ITM, 12
<134>2021-07-15T01:02:50Z cache-pao17461 MEWElogs[400146]: CROP, 1626310969501972020, PAO, 12
<134>2021-07-15T01:02:51Z cache-scl19427 MEWElogs[400146]: CROP, 1626310970451854222, SCL, 12
<134>2021-07-15T01:03:04Z cache-hnd18722 MEWElogs[400146]: CROP, 1626310983314849922, HND, 12
<134>2021-07-15T01:03:08Z cache-syd10183 MEWElogs[400146]: CROP, 1626310987612377406, SYD, 12
<134>2021-07-15T01:03:20Z cache-cgh11122 MEWElogs[400146]: CROP, 1626311000378398309, CGH, 12
<134>2021-07-15T01:03:28Z cache-pao17461 MEWElogs[400146]: CROP, 1626311008167330096, PAO, 12
<134>2021-07-15T01:03:34Z cache-scl19427 MEWElogs[400146]: CROP, 1626311013347707669, SCL, 12
<134>2021-07-15T01:03:34Z cache-cgh11122 MEWElogs[400146]: CROP, 1626311013879832945, CGH, 12
<134>2021-07-15T01:03:40Z cache-bma1628 MEWElogs[400146]: CROP, 1626311020419472620, BMA, 12
<134>2021-07-15T01:03:46Z cache-syd10183 MEWElogs[400146]: CROP, 1626311026350109921, SYD, 12
<134>2021-07-15T01:03:47Z cache-sjc10078 MEWElogs[400146]: CROP, 1626311026681203886, SJC, 12
<134>2021-07-15T01:03:50Z cache-scl19427 MEWElogs[400146]: CROP, 1626311029213709944, SCL, 12
<134>2021-07-15T01:03:53Z cache-bma1628 MEWElogs[400146]: CROP, 1626311032312218309, BMA, 12
<134>2021-07-15T01:04:11Z cache-pao17461 MEWElogs[400146]: CROP, 1626311051185231326, PAO, 12
<134>2021-07-15T01:04:23Z cache-cgh11122 MEWElogs[400146]: CROP, 1626311062537561965, CGH, 12
<134>2021-07-15T01:04:26Z cache-bma1628 MEWElogs[400146]: CROP, 1626311064971658105, BMA, 12
<134>2021-07-15T01:04:28Z cache-cgh11183 MEWElogs[400146]: CROP, 1626311068190615892, CGH, 12
<134>2021-07-15T01:04:32Z cache-hnd18722 MEWElogs[400146]: CROP, 1626311071783158825, HND, 12
<134>2021-07-15T01:04:44Z cache-syd10183 MEWElogs[400146]: CROP, 1626311083716401016, SYD, 12
<134>2021-07-15T01:04:49Z cache-itm18851 MEWElogs[400146]: CROP, 1626311087925660554, ITM, 12
<134>2021-07-15T01:04:49Z cache-syd10183 MEWElogs[400146]: CROP, 1626311088568395751, SYD, 12
<134>2021-07-15T01:05:13Z cache-bma1628 MEWElogs[400146]: CROP, 1626311112258909434, BMA, 12
<134>2021-07-15T01:05:14Z cache-sjc10078 MEWElogs[400146]: CROP, 1626311113899665202, SJC, 12
<134>2021-07-15T01:05:19Z cache-sea4483 MEWElogs[400146]: CROP, 1626311119267757723, SEA, 12
<134>2021-07-15T01:05:30Z cache-sea4483 MEWElogs[400146]: CROP, 1626311129100363008, SEA, 12
<134>2021-07-15T01:05:31Z cache-sjc10078 MEWElogs[400146]: CROP, 1626311131297193733, SJC, 12
<134>2021-07-15T01:05:35Z cache-sjc10078 MEWElogs[400146]: CROP, 1626311135774204438, SJC, 12
<134>2021-07-15T01:05:42Z cache-bma1628 MEWElogs[400146]: CROP, 1626311141646098217, BMA, 12
<134>2021-07-15T01:06:13Z cache-yyz4551 MEWElogs[400146]: CROP, 1626311172302658331, YYZ, 12
<134>2021-07-15T01:06:33Z cache-bma1628 MEWElogs[400146]: CROP, 1626311192308264032, BMA, 12
<134>2021-07-15T01:06:35Z cache-sjc10078 MEWElogs[400146]: CROP, 1626311195326221226, SJC, 12
<134>2021-07-15T01:06:35Z cache-tyo11974 MEWElogs[400146]: CROP, 1626311194952478057, TYO, 12
<134>2021-07-15T01:06:55Z cache-yyz4551 MEWElogs[400146]: CROP, 1626311214505320879, YYZ, 12
<134>2021-07-15T01:07:00Z cache-tyo11974 MEWElogs[400146]: CROP, 1626311220484147819, TYO, 12
<134>2021-07-15T01:07:03Z cache-cgh11183 MEWElogs[400146]: CROP, 1626311222615672122, CGH, 12
<134>2021-07-15T01:07:19Z cache-sjc10078 MEWElogs[400146]: CROP, 1626311238009055450, SJC, 12
<134>2021-07-15T01:07:21Z cache-cgh11183 MEWElogs[400146]: CROP, 1626311240951915783, CGH, 12
<134>2021-07-15T01:07:31Z cache-tyo11974 MEWElogs[400146]: CROP, 1626311250183369736, TYO, 12
<134>2021-07-15T01:07:33Z cache-yyz4551 MEWElogs[400146]: CROP, 1626311252770680324, YYZ, 12
<134>2021-07-15T01:07:56Z cache-bma1628 MEWElogs[400146]: CROP, 1626311275190324344, BMA, 12
<134>2021-07-15T01:08:13Z cache-tyo11974 MEWElogs[400146]: CROP, 1626311293679007749, TYO, 12
<134>2021-07-15T01:08:19Z cache-yyz4551 MEWElogs[400146]: CROP, 1626311298898784304, YYZ, 12
<134>2021-07-15T01:08:30Z cache-yyz4551 MEWElogs[400146]: CROP, 1626311310201759223, YYZ, 12
<134>2021-07-15T01:08:59Z cache-sea4483 MEWElogs[400146]: CROP, 1626311339133031091, SEA, 12
<134>2021-07-15T01:09:00Z cache-tyo11974 MEWElogs[400146]: CROP, 1626311340779890429, TYO, 12
<134>2021-07-15T01:09:02Z cache-cgh11183 MEWElogs[400146]: CROP, 1626311342665336627, CGH, 12
<134>2021-07-15T01:09:05Z cache-yyz4551 MEWElogs[400146]: CROP, 1626311345087405841, YYZ, 12
<134>2021-07-15T01:09:26Z cache-cgh11183 MEWElogs[400146]: CROP, 1626311365442343978, CGH, 12
<134>2021-07-15T01:09:27Z cache-vie21629 MEWElogs[400146]: CROP, 1626311366819284812, VIE, 12
<134>2021-07-15T01:09:35Z cache-cgh11183 MEWElogs[400146]: CROP, 1626311374317209185, CGH, 12
