<134>2021-07-15T01:31:49Z cache-mdw17383 MEWElogs[382896]: GRAY, 1626312708712006964, MDW, 13
<134>2021-07-15T01:32:00Z cache-bog6425 MEWElogs[382896]: GRAY, 1626312720294499909, BOG, 13
<134>2021-07-15T01:32:08Z cache-chi21126 MEWElogs[382896]: GRAY, 1626312728477192600, CHI, 13
<134>2021-07-15T01:32:11Z cache-dfw18678 MEWElogs[382896]: GRAY, 1626312730411279738, DFW, 13
<134>2021-07-15T01:32:15Z cache-fty21383 MEWElogs[382896]: GRAY, 1626312734687108318, FTY, 13
<134>2021-07-15T01:32:25Z cache-cph20625 MEWElogs[382896]: GRAY, 1626312744104767121, CPH, 13
<134>2021-07-15T01:32:50Z cache-chi21126 MEWElogs[382896]: GRAY, 1626312769634991064, CHI, 13
<134>2021-07-15T01:33:14Z cache-fty21383 MEWElogs[382896]: GRAY, 1626312793119840135, FTY, 13
<134>2021-07-15T01:33:24Z cache-fty21383 MEWElogs[382896]: GRAY, 1626312803695548446, FTY, 13
<134>2021-07-15T01:33:26Z cache-dfw18678 MEWElogs[382896]: GRAY, 1626312806166799911, DFW, 13
<134>2021-07-15T01:33:29Z cache-fty21383 MEWElogs[382896]: GRAY, 1626312808967810379, FTY, 13
<134>2021-07-15T01:33:36Z cache-bos4657 MEWElogs[382896]: GRAY, 1626312815781582199, BOS, 13
<134>2021-07-15T01:34:06Z cache-eze19324 MEWElogs[382896]: GRAY, 1626312846743790749, EZE, 13
<134>2021-07-15T01:34:25Z cache-bos4657 MEWElogs[382896]: GRAY, 1626312865117509242, BOS, 13
<134>2021-07-15T01:34:27Z cache-del21735 MEWElogs[382896]: GRAY, 1626312866164056175, DEL, 13
<134>2021-07-15T01:34:31Z cache-eze19324 MEWElogs[382896]: GRAY, 1626312870740563008, EZE, 13
<134>2021-07-15T01:34:44Z cache-chi21126 MEWElogs[382896]: GRAY, 1626312884381550572, CHI, 13
<134>2021-07-15T01:34:59Z cache-dfw18678 MEWElogs[382896]: GRAY, 1626312899176651042, DFW, 13
<134>2021-07-15T01:35:05Z cache-fra19177 MEWElogs[382896]: GRAY, 1626312905313901493, FRA, 13
<134>2021-07-15T01:35:06Z cache-hhn4077 MEWElogs[382896]: GRAY, 1626312905960007635, HHN, 13
<134>2021-07-15T01:35:07Z cache-del21735 MEWElogs[382896]: GRAY, 1626312906223846666, DEL, 13
<134>2021-07-15T01:35:34Z cache-fra19177 MEWElogs[382896]: GRAY, 1626312933691107269, FRA, 13
<134>2021-07-15T01:36:02Z cache-fra19177 MEWElogs[382896]: GRAY, 1626312961587138064, FRA, 13
<134>2021-07-15T01:36:24Z cache-bos4657 MEWElogs[382896]: GRAY, 1626312983382980385, BOS, 13
<134>2021-07-15T01:36:31Z cache-fty21383 MEWElogs[382896]: GRAY, 1626312990350072650, FTY, 13
<134>2021-07-15T01:36:36Z cache-bos4657 MEWElogs[382896]: GRAY, 1626312995703454541, BOS, 13
<134>2021-07-15T01:36:42Z cache-hhn4077 MEWElogs[382896]: GRAY, 1626313000993984658, HHN, 13
<134>2021-07-15T01:36:43Z cache-chi21126 MEWElogs[382896]: GRAY, 1626313002378799065, CHI, 13
<134>2021-07-15T01:36:47Z cache-fty21383 MEWElogs[382896]: GRAY, 1626313006235652668, FTY, 13
<134>2021-07-15T01:36:47Z cache-dfw18678 MEWElogs[382896]: GRAY, 1626313006596846419, DFW, 13
<134>2021-07-15T01:36:51Z cache-fra19177 MEWElogs[382896]: GRAY, 1626313010243394352, FRA, 13
<134>2021-07-15T01:36:52Z cache-fty21383 MEWElogs[382896]: GRAY, 1626313011499081795, FTY, 13
<134>2021-07-15T01:36:57Z cache-fty21383 MEWElogs[382896]: GRAY, 1626313016794251895, FTY, 13
<134>2021-07-15T01:37:04Z cache-fra19177 MEWElogs[382896]: GRAY, 1626313024299555210, FRA, 13
<134>2021-07-15T01:37:13Z cache-bos4657 MEWElogs[382896]: GRAY, 1626313033156694182, BOS, 13
<134>2021-07-15T01:37:31Z cache-bos4657 MEWElogs[382896]: GRAY, 1626313051511044929, BOS, 13
<134>2021-07-15T01:37:37Z cache-fra19177 MEWElogs[382896]: GRAY, 1626313057066596199, FRA, 13
<134>2021-07-15T01:37:40Z cache-fty21383 MEWElogs[382896]: GRAY, 1626313059410520919, FTY, 13
<134>2021-07-15T01:37:42Z cache-fra19177 MEWElogs[382896]: GRAY, 1626313061679693824, FRA, 13
<134>2021-07-15T01:37:52Z cache-fra19177 MEWElogs[382896]: GRAY, 1626313071391737748, FRA, 13
<134>2021-07-15T01:37:55Z cache-pwk4920 MEWElogs[382896]: GRAY, 1626313075599962687, PWK, 13
<134>2021-07-15T01:37:56Z cache-bos4657 MEWElogs[382896]: GRAY, 1626313076135869278, BOS, 13
<134>2021-07-15T01:38:01Z cache-fra19177 MEWElogs[382896]: GRAY, 1626313080825973816, FRA, 13
<134>2021-07-15T01:38:03Z cache-pwk4920 MEWElogs[382896]: GRAY, 1626313082706223061, PWK, 13
<134>2021-07-15T01:38:11Z cache-chi21126 MEWElogs[382896]: GRAY, 1626313091094127939, CHI, 13
<134>2021-07-15T01:38:17Z cache-del21735 MEWElogs[382896]: GRAY, 1626313096729081160, DEL, 13
<134>2021-07-15T01:38:20Z cache-fra19177 MEWElogs[382896]: GRAY, 1626313099777702297, FRA, 13
<134>2021-07-15T01:38:27Z cache-fty21383 MEWElogs[382896]: GRAY, 1626313106776553301, FTY, 13
<134>2021-07-15T01:38:32Z cache-cph20625 MEWElogs[382896]: GRAY, 1626313111306293576, CPH, 13
<134>2021-07-15T01:38:40Z cache-bos4657 MEWElogs[382896]: GRAY, 1626313119605373124, BOS, 13
<134>2021-07-15T01:39:12Z cache-akl10324 MEWElogs[382896]: GRAY, 1626313151797417259, AKL, 13
<134>2021-07-15T01:39:16Z cache-hhn4077 MEWElogs[382896]: GRAY, 1626313156254740016, HHN, 13
<134>2021-07-15T01:39:26Z cache-fty21383 MEWElogs[382896]: GRAY, 1626313165157065585, FTY, 13
<134>2021-07-15T01:39:26Z cache-fra19177 MEWElogs[382896]: GRAY, 1626313165943962227, FRA, 13
<134>2021-07-15T01:39:35Z cache-hhn4077 MEWElogs[382896]: GRAY, 1626313174944733334, HHN, 13
<134>2021-07-15T01:39:41Z cache-fty21383 MEWElogs[382896]: GRAY, 1626313180879790095, FTY, 13
<134>2021-07-15T01:39:54Z cache-chi21126 MEWElogs[382896]: GRAY, 1626313193627063497, CHI, 13
<134>2021-07-15T01:39:59Z cache-cph20625 MEWElogs[382896]: GRAY, 1626313199125300977, CPH, 13
<134>2021-07-15T01:40:06Z cache-cwb20520 MEWElogs[382896]: GRAY, 1626313205533453757, CWB, 13
<134>2021-07-15T01:40:21Z cache-chi21126 MEWElogs[382896]: GRAY, 1626313221890545987, CHI, 13
<134>2021-07-15T01:40:43Z cache-bos4657 MEWElogs[382896]: GRAY, 1626313242863155383, BOS, 13
<134>2021-07-15T01:40:51Z cache-fra19177 MEWElogs[382896]: GRAY, 1626313250087588972, FRA, 13
<134>2021-07-15T01:41:22Z cache-hel6829 MEWElogs[382896]: GRAY, 1626313281116392907, HEL, 13
<134>2021-07-15T01:41:27Z cache-bos4657 MEWElogs[382896]: GRAY, 1626313286534079789, BOS, 13
<134>2021-07-15T01:41:28Z cache-cwb20520 MEWElogs[382896]: GRAY, 1626313287314777372, CWB, 13
<134>2021-07-15T01:41:32Z cache-bos4657 MEWElogs[382896]: GRAY, 1626313292695959361, BOS, 13
<134>2021-07-15T01:41:33Z cache-hhn4077 MEWElogs[382896]: GRAY, 1626313293114038583, HHN, 13
