<134>2021-07-14T17:22:18Z cache-mad22068 MEWElogs[400146]: FLIPH, 1626283337643025484, MAD, 10
<134>2021-07-14T17:22:26Z cache-mrs10583 MEWElogs[400146]: FLIPH, 1626283345729824711, MRS, 10
<134>2021-07-14T17:22:26Z cache-mci5951 MEWElogs[400146]: FLIPH, 1626283345952175726, MCI, 10
<134>2021-07-14T17:23:04Z cache-lhr7382 MEWElogs[400146]: FLIPH, 1626283383655131511, LHR, -1
<134>2021-07-14T17:23:05Z cache-yul12826 MEWElogs[400146]: FLIPH, 1626283385535761982, YUL, -1
<134>2021-07-14T17:23:13Z cache-jax20933 MEWElogs[400146]: FLIPH, 1626283392617619051, JAX, -1
<134>2021-07-14T17:23:15Z cache-lax10677 MEWElogs[400146]: FLIPH, 1626283394717455017, LGB, 10
<134>2021-07-14T17:23:50Z cache-mrs10583 MEWElogs[400146]: FLIPH, 1626283429949211432, MRS, 10
<134>2021-07-14T17:23:52Z cache-stp9226 MEWElogs[400146]: FLIPH, 1626283431481912016, STP, -1
<134>2021-07-14T17:23:55Z cache-mia11368 MEWElogs[400146]: FLIPH, 1626283434550943503, MIA, 10
<134>2021-07-14T17:24:01Z cache-mia11368 MEWElogs[400146]: FLIPH, 1626283441461907531, MIA, -1
<134>2021-07-14T17:24:04Z cache-mrs10583 MEWElogs[400146]: FLIPH, 1626283443859155244, MRS, -1
<134>2021-07-14T17:24:21Z cache-yul12826 MEWElogs[400146]: FLIPH, 1626283461324734843, YUL, -1
<134>2021-07-14T17:24:24Z cache-lax10677 MEWElogs[400146]: FLIPH, 1626283463317853069, LGB, -1
<134>2021-07-14T17:24:25Z cache-mia11368 MEWElogs[400146]: FLIPH, 1626283464744778915, MIA, 10
<134>2021-07-14T17:24:29Z cache-jax20933 MEWElogs[400146]: FLIPH, 1626283469525709175, JAX, 10
<134>2021-07-14T17:24:31Z cache-mrs10583 MEWElogs[400146]: FLIPH, 1626283470651655951, MRS, 10
<134>2021-07-14T17:24:34Z cache-stp9226 MEWElogs[400146]: FLIPH, 1626283474536723253, STP, -1
<134>2021-07-14T17:24:34Z cache-mia11368 MEWElogs[400146]: FLIPH, 1626283474829321431, MIA, 10
<134>2021-07-14T17:24:49Z cache-mci5951 MEWElogs[400146]: FLIPH, 1626283488528294141, MCI, -1
<134>2021-07-14T17:24:51Z cache-hkg17929 MEWElogs[400146]: FLIPH, 1626283490904275804, HKG, 10
<134>2021-07-14T17:24:57Z cache-lax10677 MEWElogs[400146]: FLIPH, 1626283496161133361, LGB, 10
<134>2021-07-14T17:24:59Z cache-mci5951 MEWElogs[400146]: FLIPH, 1626283498760933708, MCI, -1
<134>2021-07-14T17:25:17Z cache-mrs10583 MEWElogs[400146]: FLIPH, 1626283516499737355, MRS, -1
<134>2021-07-14T17:25:20Z cache-mrs10583 MEWElogs[400146]: FLIPH, 1626283519175914472, MRS, 10
<134>2021-07-14T17:25:22Z cache-stp9226 MEWElogs[400146]: FLIPH, 1626283521939261535, STP, 10
<134>2021-07-14T17:25:23Z cache-hkg17929 MEWElogs[400146]: FLIPH, 1626283523263538089, HKG, 10
<134>2021-07-14T17:25:29Z cache-lhr7382 MEWElogs[400146]: FLIPH, 1626283529104014908, LHR, 10
<134>2021-07-14T17:25:53Z cache-lax10677 MEWElogs[400146]: FLIPH, 1626283552691714448, LGB, -1
<134>2021-07-14T17:25:56Z cache-lax10677 MEWElogs[400146]: FLIPH, 1626283555626180359, LGB, 10
<134>2021-07-14T17:26:13Z cache-lax10677 MEWElogs[400146]: FLIPH, 1626283572370515978, LGB, -1
<134>2021-07-14T17:26:14Z cache-mia11368 MEWElogs[400146]: FLIPH, 1626283573763216396, MIA, -1
<134>2021-07-14T17:26:16Z cache-mrs10583 MEWElogs[400146]: FLIPH, 1626283575689148545, MRS, 10
<134>2021-07-14T17:27:12Z cache-hkg17929 MEWElogs[400146]: FLIPH, 1626283631028207467, HKG, 10
<134>2021-07-14T17:27:12Z cache-jax20933 MEWElogs[400146]: FLIPH, 1626283631585725489, JAX, -1
<134>2021-07-14T17:27:13Z cache-lax10677 MEWElogs[400146]: FLIPH, 1626283632566865227, LGB, -1
<134>2021-07-14T17:27:26Z cache-mad22068 MEWElogs[400146]: FLIPH, 1626283646346165687, MAD, 10
<134>2021-07-14T17:27:33Z cache-hkg17929 MEWElogs[400146]: FLIPH, 1626283652835429222, HKG, 10
<134>2021-07-14T17:27:40Z cache-mci5951 MEWElogs[400146]: FLIPH, 1626283659707900509, MCI, -1
<134>2021-07-14T17:27:49Z cache-yul12826 MEWElogs[400146]: FLIPH, 1626283668490970449, YUL, 10
<134>2021-07-14T17:28:14Z cache-lhr7382 MEWElogs[400146]: FLIPH, 1626283693855327876, LHR, -1
<134>2021-07-14T17:28:23Z cache-mci5951 MEWElogs[400146]: FLIPH, 1626283703039090137, MCI, 10
<134>2021-07-14T17:28:28Z cache-mia11368 MEWElogs[400146]: FLIPH, 1626283708753595212, MIA, 10
<134>2021-07-14T17:28:55Z cache-lax10677 MEWElogs[400146]: FLIPH, 1626283734497320743, LGB, 10
<134>2021-07-14T17:29:00Z cache-hkg17929 MEWElogs[400146]: FLIPH, 1626283738919642390, HKG, 10
<134>2021-07-14T17:29:01Z cache-mad22068 MEWElogs[400146]: FLIPH, 1626283740050083084, MAD, 10
<134>2021-07-14T17:29:01Z cache-lax10677 MEWElogs[400146]: FLIPH, 1626283741407010609, LGB, -1
<134>2021-07-14T17:29:07Z cache-lhr7382 MEWElogs[400146]: FLIPH, 1626283746818251803, LHR, -1
<134>2021-07-14T17:29:12Z cache-lax10677 MEWElogs[400146]: FLIPH, 1626283751094872862, LGB, -1
<134>2021-07-14T17:29:21Z cache-lax10677 MEWElogs[400146]: FLIPH, 1626283760803546923, LGB, -1
<134>2021-07-14T17:29:28Z cache-man4150 MEWElogs[400146]: FLIPH, 1626283767824013581, MAN, 10
<134>2021-07-14T17:29:28Z cache-yul12826 MEWElogs[400146]: FLIPH, 1626283768849174205, YUL, 10
<134>2021-07-14T17:29:32Z cache-mel11272 MEWElogs[400146]: FLIPH, 1626283771618592304, MEL, -1
<134>2021-07-14T17:29:37Z cache-mia11368 MEWElogs[400146]: FLIPH, 1626283776487228277, MIA, -1
<134>2021-07-14T17:29:39Z cache-hkg17929 MEWElogs[400146]: FLIPH, 1626283778497715266, HKG, -1
<134>2021-07-14T17:29:40Z cache-lax10677 MEWElogs[400146]: FLIPH, 1626283780019006205, LGB, -1
<134>2021-07-14T17:29:42Z cache-man4150 MEWElogs[400146]: FLIPH, 1626283781597542971, MAN, -1
<134>2021-07-14T17:29:42Z cache-mel11272 MEWElogs[400146]: FLIPH, 1626283781519804039, MEL, -1
<134>2021-07-14T17:29:52Z cache-mel11272 MEWElogs[400146]: FLIPH, 1626283791384940539, MEL, -1
<134>2021-07-14T17:30:02Z cache-mci5951 MEWElogs[400146]: FLIPH, 1626283801513601289, MCI, -1
<134>2021-07-14T17:30:03Z cache-yul12826 MEWElogs[400146]: FLIPH, 1626283803159603192, YUL, -1
<134>2021-07-14T17:30:06Z cache-yul12826 MEWElogs[400146]: FLIPH, 1626283806078441027, YUL, 10
<134>2021-07-14T17:30:10Z cache-mia11368 MEWElogs[400146]: FLIPH, 1626283809623878641, MIA, 10
<134>2021-07-14T17:30:11Z cache-lax10677 MEWElogs[400146]: FLIPH, 1626283810171756404, LGB, -1
<134>2021-07-14T17:30:13Z cache-lax10677 MEWElogs[400146]: FLIPH, 1626283813166006091, LGB, 10
<134>2021-07-14T17:30:22Z cache-yul12826 MEWElogs[400146]: FLIPH, 1626283821628337373, YUL, -1
<134>2021-07-14T17:30:32Z cache-mci5951 MEWElogs[400146]: FLIPH, 1626283831787774095, MCI, -1
<134>2021-07-14T17:30:41Z cache-mia11368 MEWElogs[400146]: FLIPH, 1626283841010306521, MIA, 10
<134>2021-07-14T17:30:41Z cache-yul12826 MEWElogs[400146]: FLIPH, 1626283840461432033, YUL, -1
<134>2021-07-14T17:30:42Z cache-mel11272 MEWElogs[400146]: FLIPH, 1626283841517337770, MEL, -1
<134>2021-07-14T17:30:52Z cache-mci5951 MEWElogs[400146]: FLIPH, 1626283851961174494, MCI, -1
<134>2021-07-14T17:30:53Z cache-ewr18156 MEWElogs[400146]: FLIPH, 1626283852817769036, EWR, -1
<134>2021-07-14T17:31:03Z cache-lax10677 MEWElogs[400146]: FLIPH, 1626283862999376656, LGB, 10
<134>2021-07-14T17:31:16Z cache-man4150 MEWElogs[400146]: FLIPH, 1626283875578528673, MAN, 10
<134>2021-07-14T17:31:21Z cache-man4150 MEWElogs[400146]: FLIPH, 1626283880825397351, MAN, -1
<134>2021-07-14T17:31:45Z cache-osl6529 MEWElogs[400146]: FLIPH, 1626283905225322763, OSL, 10
<134>2021-07-14T17:31:49Z cache-stp9226 MEWElogs[400146]: FLIPH, 1626283909536978432, STP, -1
<134>2021-07-14T17:31:54Z cache-man4150 MEWElogs[400146]: FLIPH, 1626283913874583373, MAN, -1
