<134>2021-07-14T22:14:35Z cache-iah17271 MEWElogs[46369]: BLUR, 1626300875089711114, IAH, 11
<134>2021-07-14T22:15:29Z cache-hkg17929 MEWElogs[46369]: BLUR, 1626300928763609173, HKG, 11
<134>2021-07-14T22:16:00Z cache-stp9226 MEWElogs[46369]: BLUR, 1626300959266215998, STP, 11
<134>2021-07-14T22:17:06Z cache-mad22068 MEWElogs[46369]: BLUR, 1626301025604065535, MAD, 11
<134>2021-07-14T22:17:30Z cache-mia11368 MEWElogs[46369]: BLUR, 1626301049418773596, MIA, 11
<134>2021-07-14T22:18:44Z cache-mia11368 MEWElogs[46369]: BLUR, 1626301124332354076, MIA, 11
<134>2021-07-14T22:18:48Z cache-hkg17929 MEWElogs[46369]: BLUR, 1626301127815757739, HKG, 11
<134>2021-07-14T22:19:05Z cache-hkg17929 MEWElogs[46369]: BLUR, 1626301145270746288, HKG, 11
<134>2021-07-14T22:19:26Z cache-stp9226 MEWElogs[46369]: BLUR, 1626301165270849729, STP, 11
<134>2021-07-14T22:19:44Z cache-stp9226 MEWElogs[46369]: BLUR, 1626301183944512883, STP, 11
<134>2021-07-14T22:19:59Z cache-mci5951 MEWElogs[46369]: BLUR, 1626301198439089988, MCI, 11
<134>2021-07-14T22:20:15Z cache-hkg17929 MEWElogs[46369]: BLUR, 1626301215061152110, HKG, 11
<134>2021-07-14T22:20:40Z cache-mad22068 MEWElogs[46369]: BLUR, 1626301239272514177, MAD, 11
<134>2021-07-14T22:20:45Z cache-mrs10583 MEWElogs[46369]: BLUR, 1626301244171421774, MRS, 11
<134>2021-07-14T22:20:52Z cache-mci5951 MEWElogs[46369]: BLUR, 1626301252716406121, MCI, 11
<134>2021-07-14T22:21:32Z cache-lhr7382 MEWElogs[46369]: BLUR, 1626301292008364127, LHR, 11
<134>2021-07-14T22:21:47Z cache-lhr7382 MEWElogs[46369]: BLUR, 1626301307119211821, LHR, 11
<134>2021-07-14T22:21:54Z cache-mrs10583 MEWElogs[46369]: BLUR, 1626301313808338676, MRS, 11
<134>2021-07-14T22:22:34Z cache-mad22068 MEWElogs[46369]: BLUR, 1626301354452803603, MAD, 11
<134>2021-07-14T22:22:36Z cache-mrs10583 MEWElogs[46369]: BLUR, 1626301355633333033, MRS, 11
<134>2021-07-14T22:22:37Z cache-jax20933 MEWElogs[46369]: BLUR, 1626301356298831469, JAX, 11
<134>2021-07-14T22:23:02Z cache-yul12826 MEWElogs[46369]: BLUR, 1626301381093199581, YUL, 11
<134>2021-07-14T22:23:09Z cache-stp9226 MEWElogs[46369]: BLUR, 1626301389042831941, STP, 11
<134>2021-07-14T22:23:25Z cache-mad22068 MEWElogs[46369]: BLUR, 1626301404883476344, MAD, 11
<134>2021-07-14T22:23:55Z cache-mci5951 MEWElogs[46369]: BLUR, 1626301434269587650, MCI, 11
