<134>2021-07-14T16:21:48Z cache-wdc5583 MEWElogs[390968]: FLIPH, 1626279708609173039, WDC, 10
<134>2021-07-14T16:22:08Z cache-bog6425 MEWElogs[390968]: FLIPH, 1626279727950103151, BOG, 10
<134>2021-07-14T16:22:14Z cache-ord1740 MEWElogs[390968]: FLIPH, 1626279733742002382, ORD, 10
<134>2021-07-14T16:22:26Z cache-maa10251 MEWElogs[390968]: FLIPH, 1626279746276939347, MAA, 10
<134>2021-07-14T16:27:07Z cache-pdk17882 MEWElogs[390968]: FLIPH, 1626280026337704367, PDK, -1
<134>2021-07-14T16:27:37Z cache-ord1740 MEWElogs[390968]: FLIPH, 1626280056122540173, ORD, 10
<134>2021-07-14T16:27:37Z cache-bog6425 MEWElogs[390968]: FLIPH, 1626280056826053510, BOG, -1
<134>2021-07-14T16:27:38Z cache-eze19324 MEWElogs[390968]: FLIPH, 1626280057299177347, EZE, 10
<134>2021-07-14T16:27:42Z cache-cmh21547 MEWElogs[390968]: FLIPH, 1626280061121084240, CMH, -1
<134>2021-07-14T16:27:42Z cache-pdk17882 MEWElogs[390968]: FLIPH, 1626280062580212524, PDK, -1
<134>2021-07-14T16:27:53Z cache-wdc5583 MEWElogs[390968]: FLIPH, 1626280072304571768, WDC, 10
<134>2021-07-14T16:27:55Z cache-ams21020 MEWElogs[390968]: FLIPH, 1626280074853811321, AMS, -1
<134>2021-07-14T16:27:55Z cache-ord1740 MEWElogs[390968]: FLIPH, 1626280074973507188, ORD, 10
<134>2021-07-14T16:28:05Z cache-ord1740 MEWElogs[390968]: FLIPH, 1626280084020636494, ORD, 10
<134>2021-07-14T16:28:05Z cache-bog6425 MEWElogs[390968]: FLIPH, 1626280085815836230, BOG, -1
<134>2021-07-14T16:28:40Z cache-dca17782 MEWElogs[390968]: FLIPH, 1626280120174590126, DCA, -1
<134>2021-07-14T16:28:53Z cache-dca17782 MEWElogs[390968]: FLIPH, 1626280132573764450, DCA, 10
<134>2021-07-14T16:28:57Z cache-maa10251 MEWElogs[390968]: FLIPH, 1626280136466394581, MAA, -1
<134>2021-07-14T16:28:59Z cache-pdk17882 MEWElogs[390968]: FLIPH, 1626280138252598983, PDK, 10
<134>2021-07-14T16:29:18Z cache-ord1740 MEWElogs[390968]: FLIPH, 1626280157596350320, ORD, 10
<134>2021-07-14T16:29:23Z cache-ams21020 MEWElogs[390968]: FLIPH, 1626280162932473758, AMS, 10
<134>2021-07-14T16:29:32Z cache-ord1740 MEWElogs[390968]: FLIPH, 1626280172899780215, ORD, -1
<134>2021-07-14T16:29:55Z cache-eze19324 MEWElogs[390968]: FLIPH, 1626280194551742298, EZE, -1
<134>2021-07-14T16:30:49Z cache-ams21020 MEWElogs[390968]: FLIPH, 1626280249258649922, AMS, 10
<134>2021-07-14T16:30:50Z cache-mdw17383 MEWElogs[390968]: FLIPH, 1626280250177861105, MDW, -1
<134>2021-07-14T16:30:54Z cache-pdk17882 MEWElogs[390968]: FLIPH, 1626280254230765055, PDK, -1
<134>2021-07-14T16:31:02Z cache-wdc5583 MEWElogs[390968]: FLIPH, 1626280262011243941, WDC, 10
<134>2021-07-14T16:31:03Z cache-ams21020 MEWElogs[390968]: FLIPH, 1626280262875940381, AMS, -1
<134>2021-07-14T16:31:10Z cache-wdc5583 MEWElogs[390968]: FLIPH, 1626280269023556821, WDC, -1
<134>2021-07-14T16:31:31Z cache-eze19324 MEWElogs[390968]: FLIPH, 1626280290127653148, EZE, -1
<134>2021-07-14T16:31:41Z cache-dca17782 MEWElogs[390968]: FLIPH, 1626280301607288758, DCA, 10
