<134>2021-07-15T04:27:44Z cache-del21735 MEWElogs[308969]: ROTATE, 1626323264402252254, DEL, 15
<134>2021-07-15T04:28:07Z cache-chi21126 MEWElogs[308969]: ROTATE, 1626323286991439344, CHI, 15
<134>2021-07-15T04:28:22Z cache-del21735 MEWElogs[308969]: ROTATE, 1626323301185132624, DEL, 15
<134>2021-07-15T04:28:31Z cache-akl10324 MEWElogs[308969]: ROTATE, 1626323310231197172, AKL, 15
<134>2021-07-15T04:29:02Z cache-bos4657 MEWElogs[308969]: ROTATE, 1626323341107179910, BOS, 15
<134>2021-07-15T04:29:20Z cache-bos4657 MEWElogs[308969]: ROTATE, 1626323359703198517, BOS, 15
<134>2021-07-15T04:29:25Z cache-dub4329 MEWElogs[308969]: ROTATE, 1626323364285950598, DUB, 15
<134>2021-07-15T04:29:49Z cache-dub4329 MEWElogs[308969]: ROTATE, 1626323387941474799, DUB, 15
<134>2021-07-15T04:31:06Z cache-dub4329 MEWElogs[308969]: ROTATE, 1626323465102567097, DUB, 15
<134>2021-07-15T04:31:19Z cache-bos4657 MEWElogs[308969]: ROTATE, 1626323478768713476, BOS, 15
<134>2021-07-15T04:31:24Z cache-del21735 MEWElogs[308969]: ROTATE, 1626323483739229125, DEL, 15
<134>2021-07-15T04:31:28Z cache-fty21383 MEWElogs[308969]: ROTATE, 1626323487415570950, FTY, 15
<134>2021-07-15T04:31:50Z cache-hhn4077 MEWElogs[308969]: ROTATE, 1626323509079195752, HHN, 15
<134>2021-07-15T04:32:33Z cache-pwk4920 MEWElogs[308969]: ROTATE, 1626323552649555489, PWK, 15
<134>2021-07-15T04:32:46Z cache-chi21126 MEWElogs[308969]: ROTATE, 1626323566215619890, CHI, 15
<134>2021-07-15T04:33:29Z cache-hhn4077 MEWElogs[308969]: ROTATE, 1626323609043227347, HHN, 15
<134>2021-07-15T04:33:42Z cache-cwb20520 MEWElogs[308969]: ROTATE, 1626323621492531670, CWB, 15
<134>2021-07-15T04:33:50Z cache-fty21383 MEWElogs[308969]: ROTATE, 1626323629795069760, FTY, 15
<134>2021-07-15T04:34:02Z cache-cwb20520 MEWElogs[308969]: ROTATE, 1626323641564407981, CWB, 15
<134>2021-07-15T04:34:32Z cache-cwb20520 MEWElogs[308969]: ROTATE, 1626323671234655332, CWB, 15
<134>2021-07-15T04:35:21Z cache-cwb20520 MEWElogs[308969]: ROTATE, 1626323720515259749, CWB, 15
<134>2021-07-15T04:35:23Z cache-akl10324 MEWElogs[308969]: ROTATE, 1626323722697671464, AKL, 15
<134>2021-07-15T04:35:39Z cache-chi21126 MEWElogs[308969]: ROTATE, 1626323739371163827, CHI, 15
<134>2021-07-15T04:35:46Z cache-dub4329 MEWElogs[308969]: ROTATE, 1626323745126799413, DUB, 15
<134>2021-07-15T04:36:26Z cache-akl10324 MEWElogs[308969]: ROTATE, 1626323786701675228, AKL, 15
<134>2021-07-15T04:37:01Z cache-hel6829 MEWElogs[308969]: ROTATE, 1626323820667619558, HEL, 15
<134>2021-07-15T04:37:17Z cache-bos4657 MEWElogs[308969]: ROTATE, 1626323836637623082, BOS, 15
<134>2021-07-15T04:37:41Z cache-chi21126 MEWElogs[308969]: ROTATE, 1626323860223634736, CHI, 15
