<134>2021-07-14T21:52:28Z cache-den8274 MEWElogs[400146]: BLUR, 1626299547299095258, DEN, 11
<134>2021-07-14T21:53:01Z cache-lcy19283 MEWElogs[400146]: BLUR, 1626299581010334942, LCY, 11
<134>2021-07-14T21:53:07Z cache-bur17583 MEWElogs[400146]: BLUR, 1626299586563309186, BUR, 11
<134>2021-07-14T21:54:18Z cache-dal21283 MEWElogs[400146]: BLUR, 1626299657475897965, DAL, 11
<134>2021-07-14T21:54:48Z cache-den8274 MEWElogs[400146]: BLUR, 1626299687277944514, DEN, 11
<134>2021-07-14T21:54:48Z cache-cwb20520 MEWElogs[400146]: BLUR, 1626299687735902442, CWB, 11
<134>2021-07-14T21:55:11Z cache-bur17583 MEWElogs[400146]: BLUR, 1626299710875517296, BUR, 11
<134>2021-07-14T21:55:29Z cache-bur17583 MEWElogs[400146]: BLUR, 1626299728904782202, BUR, 11
<134>2021-07-14T21:55:38Z cache-dal21283 MEWElogs[400146]: BLUR, 1626299738597537976, DAL, 11
<134>2021-07-14T21:56:07Z cache-jnb7027 MEWElogs[400146]: BLUR, 1626299767069832836, JNB, 11
<134>2021-07-14T21:56:10Z cache-fra19177 MEWElogs[400146]: BLUR, 1626299769189774867, FRA, 11
<134>2021-07-14T21:56:13Z cache-cwb20520 MEWElogs[400146]: BLUR, 1626299772423191059, CWB, 11
<134>2021-07-14T21:56:14Z cache-lon4249 MEWElogs[400146]: BLUR, 1626299774179335022, LON, 11
<134>2021-07-14T21:56:22Z cache-bur17583 MEWElogs[400146]: BLUR, 1626299782037483768, BUR, 11
<134>2021-07-14T21:57:08Z cache-den8274 MEWElogs[400146]: BLUR, 1626299827894202080, DEN, 11
<134>2021-07-14T21:57:09Z cache-fra19177 MEWElogs[400146]: BLUR, 1626299828784979521, FRA, 11
<134>2021-07-14T21:57:10Z cache-jnb7027 MEWElogs[400146]: BLUR, 1626299830011565027, JNB, 11
<134>2021-07-14T21:57:16Z cache-bur17583 MEWElogs[400146]: BLUR, 1626299836265030835, BUR, 11
<134>2021-07-14T21:57:38Z cache-cwb20520 MEWElogs[400146]: BLUR, 1626299857555602229, CWB, 11
<134>2021-07-14T21:57:43Z cache-jnb7027 MEWElogs[400146]: BLUR, 1626299861884632903, JNB, 11
<134>2021-07-14T21:58:27Z cache-bur17583 MEWElogs[400146]: BLUR, 1626299907514149949, BUR, 11
<134>2021-07-14T21:58:54Z cache-lcy19283 MEWElogs[400146]: BLUR, 1626299934094013132, LCY, 11
<134>2021-07-14T21:59:00Z cache-dal21283 MEWElogs[400146]: BLUR, 1626299939780097564, DAL, 11
<134>2021-07-14T21:59:20Z cache-cwb20520 MEWElogs[400146]: BLUR, 1626299959494034910, CWB, 11
<134>2021-07-14T21:59:59Z cache-den8274 MEWElogs[400146]: BLUR, 1626299999004118185, DEN, 11
<134>2021-07-14T22:01:10Z cache-lcy19283 MEWElogs[400146]: BLUR, 1626300069257753455, LCY, 11
<134>2021-07-14T22:01:17Z cache-lon4249 MEWElogs[400146]: BLUR, 1626300077332076194, LON, 11
<134>2021-07-14T22:01:43Z cache-hel6829 MEWElogs[400146]: BLUR, 1626300103368174572, HEL, 11
<134>2021-07-14T22:02:08Z cache-cwb20520 MEWElogs[400146]: BLUR, 1626300127666934233, CWB, 11
