<134>2021-07-14T16:52:32Z cache-bos4657 MEWElogs[39982]: FLIPH, 1626281551945059869, BOS, -1
<134>2021-07-14T16:52:32Z cache-fty21383 MEWElogs[39982]: FLIPH, 1626281552630372212, FTY, -1
<134>2021-07-14T16:52:36Z cache-dub4329 MEWElogs[39982]: FLIPH, 1626281555649338776, DUB, 10
<134>2021-07-14T16:52:44Z cache-dub4329 MEWElogs[39982]: FLIPH, 1626281563530438441, DUB, 10
<134>2021-07-14T16:52:52Z cache-fty21383 MEWElogs[39982]: FLIPH, 1626281571767961661, FTY, 10
<134>2021-07-14T16:52:57Z cache-fty21383 MEWElogs[39982]: FLIPH, 1626281577532792404, FTY, -1
<134>2021-07-14T16:53:03Z cache-hhn4077 MEWElogs[39982]: FLIPH, 1626281583100575971, HHN, -1
<134>2021-07-14T16:53:07Z cache-dfw18678 MEWElogs[39982]: FLIPH, 1626281586996279741, DFW, 10
<134>2021-07-14T16:53:14Z cache-fty21383 MEWElogs[39982]: FLIPH, 1626281594157146540, FTY, -1
<134>2021-07-14T16:53:21Z cache-bos4657 MEWElogs[39982]: FLIPH, 1626281599979560906, BOS, 10
<134>2021-07-14T16:53:55Z cache-del21735 MEWElogs[39982]: FLIPH, 1626281634409421155, DEL, -1
<134>2021-07-14T16:53:59Z cache-cph20625 MEWElogs[39982]: FLIPH, 1626281638240398375, CPH, -1
<134>2021-07-14T16:54:16Z cache-del21735 MEWElogs[39982]: FLIPH, 1626281656143171579, DEL, 10
<134>2021-07-14T16:54:23Z cache-akl10324 MEWElogs[39982]: FLIPH, 1626281662245007987, AKL, 10
<134>2021-07-14T16:54:34Z cache-dub4329 MEWElogs[39982]: FLIPH, 1626281674135784988, DUB, 10
<134>2021-07-14T16:54:45Z cache-fty21383 MEWElogs[39982]: FLIPH, 1626281685269222953, FTY, -1
<134>2021-07-14T16:54:47Z cache-cph20625 MEWElogs[39982]: FLIPH, 1626281687271075393, CPH, 10
<134>2021-07-14T16:54:51Z cache-akl10324 MEWElogs[39982]: FLIPH, 1626281690133559370, AKL, -1
<134>2021-07-14T16:56:15Z cache-del21735 MEWElogs[39982]: FLIPH, 1626281774158893942, DEL, -1
<134>2021-07-14T16:56:23Z cache-cph20625 MEWElogs[39982]: FLIPH, 1626281782927484720, CPH, -1
<134>2021-07-14T16:56:28Z cache-cph20625 MEWElogs[39982]: FLIPH, 1626281787226092338, CPH, 10
<134>2021-07-14T16:56:46Z cache-dub4329 MEWElogs[39982]: FLIPH, 1626281805969767122, DUB, -1
<134>2021-07-14T16:57:53Z cache-dfw18678 MEWElogs[39982]: FLIPH, 1626281873423679626, DFW, 10
<134>2021-07-14T16:58:00Z cache-hhn4077 MEWElogs[39982]: FLIPH, 1626281880302834071, HHN, 10
<134>2021-07-14T16:58:26Z cache-jnb7027 MEWElogs[39982]: FLIPH, 1626281905712460584, JNB, -1
<134>2021-07-14T16:58:29Z cache-del21735 MEWElogs[39982]: FLIPH, 1626281908983982010, DEL, -1
<134>2021-07-14T16:58:48Z cache-hhn4077 MEWElogs[39982]: FLIPH, 1626281927730697379, HHN, 10
<134>2021-07-14T16:58:50Z cache-del21735 MEWElogs[39982]: FLIPH, 1626281930292966859, DEL, 10
<134>2021-07-14T16:58:55Z cache-hel6829 MEWElogs[39982]: FLIPH, 1626281934926076747, HEL, 10
<134>2021-07-14T16:59:09Z cache-jnb7027 MEWElogs[39982]: FLIPH, 1626281948353402758, JNB, 10
<134>2021-07-14T16:59:39Z cache-pwk4920 MEWElogs[39982]: FLIPH, 1626281978595555612, PWK, 10
<134>2021-07-14T16:59:41Z cache-hhn4077 MEWElogs[39982]: FLIPH, 1626281980664967403, HHN, -1
<134>2021-07-14T16:59:48Z cache-pwk4920 MEWElogs[39982]: FLIPH, 1626281988571173614, PWK, 10
<134>2021-07-14T16:59:54Z cache-hel6829 MEWElogs[39982]: FLIPH, 1626281993833225337, HEL, 10
<134>2021-07-14T17:00:19Z cache-hel6829 MEWElogs[39982]: FLIPH, 1626282019261545144, HEL, -1
<134>2021-07-14T17:00:19Z cache-hhn4077 MEWElogs[39982]: FLIPH, 1626282019143957238, HHN, 10
<134>2021-07-14T17:00:24Z cache-jnb7027 MEWElogs[39982]: FLIPH, 1626282023701893376, JNB, -1
<134>2021-07-14T17:00:25Z cache-fra19177 MEWElogs[39982]: FLIPH, 1626282025574989098, FRA, -1
<134>2021-07-14T17:00:44Z cache-del21735 MEWElogs[39982]: FLIPH, 1626282043631935073, DEL, 10
<134>2021-07-14T17:01:12Z cache-hel6829 MEWElogs[39982]: FLIPH, 1626282071876308765, HEL, 10
<134>2021-07-14T17:01:13Z cache-lcy19283 MEWElogs[39982]: FLIPH, 1626282072924884393, LCY, -1
<134>2021-07-14T17:01:16Z cache-jnb7027 MEWElogs[39982]: FLIPH, 1626282076022889010, JNB, 10
<134>2021-07-14T17:01:26Z cache-cwb20520 MEWElogs[39982]: FLIPH, 1626282085760724898, CWB, 10
<134>2021-07-14T17:01:48Z cache-fra19177 MEWElogs[39982]: FLIPH, 1626282107474976419, FRA, -1
<134>2021-07-14T17:01:53Z cache-cwb20520 MEWElogs[39982]: FLIPH, 1626282112208690756, CWB, -1
<134>2021-07-14T17:02:17Z cache-hel6829 MEWElogs[39982]: FLIPH, 1626282137123175735, HEL, -1
<134>2021-07-14T17:02:30Z cache-hel6829 MEWElogs[39982]: FLIPH, 1626282150757522827, HEL, 10
