<134>2021-07-15T01:21:42Z cache-eze19324 MEWElogs[400146]: GRAY, 1626312102564661854, EZE, 13
<134>2021-07-15T01:21:42Z cache-ams21020 MEWElogs[400146]: GRAY, 1626312101863554591, AMS, 13
<134>2021-07-15T01:21:49Z cache-mdw17383 MEWElogs[400146]: GRAY, 1626312108803993295, MDW, 13
<134>2021-07-15T01:22:01Z cache-wdc5583 MEWElogs[400146]: GRAY, 1626312120769122219, WDC, 13
<134>2021-07-15T01:22:16Z cache-ams21020 MEWElogs[400146]: GRAY, 1626312135574105441, AMS, 13
<134>2021-07-15T01:22:22Z cache-pdk17882 MEWElogs[400146]: GRAY, 1626312141399538264, PDK, 13
<134>2021-07-15T01:22:27Z cache-cmh21547 MEWElogs[400146]: GRAY, 1626312146812263570, CMH, 13
<134>2021-07-15T01:22:30Z cache-dca17782 MEWElogs[400146]: GRAY, 1626312149095078456, DCA, 13
<134>2021-07-15T01:22:42Z cache-ord1740 MEWElogs[400146]: GRAY, 1626312161269053996, ORD, 13
<134>2021-07-15T01:22:46Z cache-bog6425 MEWElogs[400146]: GRAY, 1626312166722841051, BOG, 13
<134>2021-07-15T01:22:49Z cache-wdc5583 MEWElogs[400146]: GRAY, 1626312169799847063, WDC, 13
<134>2021-07-15T01:22:55Z cache-ams21020 MEWElogs[400146]: GRAY, 1626312174311906192, AMS, 13
<134>2021-07-15T01:22:55Z cache-dca17782 MEWElogs[400146]: GRAY, 1626312174565616145, DCA, 13
<134>2021-07-15T01:22:57Z cache-cmh21547 MEWElogs[400146]: GRAY, 1626312176714040884, CMH, 13
<134>2021-07-15T01:23:04Z cache-ams21020 MEWElogs[400146]: GRAY, 1626312183887478850, AMS, 13
<134>2021-07-15T01:23:09Z cache-pdk17882 MEWElogs[400146]: GRAY, 1626312189258071989, PDK, 13
<134>2021-07-15T01:23:14Z cache-bog6425 MEWElogs[400146]: GRAY, 1626312193834675971, BOG, 13
<134>2021-07-15T01:23:14Z cache-maa10251 MEWElogs[400146]: GRAY, 1626312193638421199, MAA, 13
<134>2021-07-15T01:23:19Z cache-wdc5583 MEWElogs[400146]: GRAY, 1626312198150276775, WDC, 13
<134>2021-07-15T01:23:20Z cache-dca17782 MEWElogs[400146]: GRAY, 1626312199581485573, DCA, 13
<134>2021-07-15T01:23:26Z cache-wdc5583 MEWElogs[400146]: GRAY, 1626312205492102429, WDC, 13
<134>2021-07-15T01:23:33Z cache-wdc5583 MEWElogs[400146]: GRAY, 1626312212368565765, WDC, 13
<134>2021-07-15T01:23:43Z cache-ams21020 MEWElogs[400146]: GRAY, 1626312222622652463, AMS, 13
<134>2021-07-15T01:23:48Z cache-bog6425 MEWElogs[400146]: GRAY, 1626312227242133661, BOG, 13
<134>2021-07-15T01:24:02Z cache-ams21020 MEWElogs[400146]: GRAY, 1626312241855069212, AMS, 13
<134>2021-07-15T01:24:04Z cache-mdw17383 MEWElogs[400146]: GRAY, 1626312243878546242, MDW, 13
<134>2021-07-15T01:24:14Z cache-maa10251 MEWElogs[400146]: GRAY, 1626312252931782038, MAA, 13
<134>2021-07-15T01:24:21Z cache-dca17782 MEWElogs[400146]: GRAY, 1626312261741938674, DCA, 13
<134>2021-07-15T01:24:26Z cache-ams21020 MEWElogs[400146]: GRAY, 1626312265876085715, AMS, 13
<134>2021-07-15T01:24:36Z cache-ams21020 MEWElogs[400146]: GRAY, 1626312275349330821, AMS, 13
<134>2021-07-15T01:24:40Z cache-eze19324 MEWElogs[400146]: GRAY, 1626312279824131326, EZE, 13
<134>2021-07-15T01:24:41Z cache-mdw17383 MEWElogs[400146]: GRAY, 1626312280851846261, MDW, 13
<134>2021-07-15T01:24:58Z cache-wdc5583 MEWElogs[400146]: GRAY, 1626312298397262064, WDC, 13
<134>2021-07-15T01:25:05Z cache-ord1740 MEWElogs[400146]: GRAY, 1626312304344516573, ORD, 13
<134>2021-07-15T01:25:14Z cache-bog6425 MEWElogs[400146]: GRAY, 1626312313465546637, BOG, 13
<134>2021-07-15T01:25:29Z cache-eze19324 MEWElogs[400146]: GRAY, 1626312328028584923, EZE, 13
<134>2021-07-15T01:25:40Z cache-bog6425 MEWElogs[400146]: GRAY, 1626312340303727200, BOG, 13
<134>2021-07-15T01:25:41Z cache-mdw17383 MEWElogs[400146]: GRAY, 1626312341288819703, MDW, 13
<134>2021-07-15T01:26:14Z cache-ord1740 MEWElogs[400146]: GRAY, 1626312372996161455, ORD, 13
<134>2021-07-15T01:26:15Z cache-cmh21547 MEWElogs[400146]: GRAY, 1626312374043219631, CMH, 13
<134>2021-07-15T01:26:16Z cache-eze19324 MEWElogs[400146]: GRAY, 1626312376416965135, EZE, 13
<134>2021-07-15T01:26:31Z cache-ord1740 MEWElogs[400146]: GRAY, 1626312390248083698, ORD, 13
<134>2021-07-15T01:26:35Z cache-maa10251 MEWElogs[400146]: GRAY, 1626312395035175952, MAA, 13
<134>2021-07-15T01:26:38Z cache-cmh21547 MEWElogs[400146]: GRAY, 1626312397134130863, CMH, 13
<134>2021-07-15T01:27:06Z cache-dca17782 MEWElogs[400146]: GRAY, 1626312425295157562, DCA, 13
<134>2021-07-15T01:27:14Z cache-pdk17882 MEWElogs[400146]: GRAY, 1626312433120724040, PDK, 13
<134>2021-07-15T01:27:14Z cache-mdw17383 MEWElogs[400146]: GRAY, 1626312433478938772, MDW, 13
<134>2021-07-15T01:27:21Z cache-bog6425 MEWElogs[400146]: GRAY, 1626312440631262878, BOG, 13
<134>2021-07-15T01:28:05Z cache-maa10251 MEWElogs[400146]: GRAY, 1626312484019553830, MAA, 13
<134>2021-07-15T01:28:11Z cache-eze19324 MEWElogs[400146]: GRAY, 1626312490148962181, EZE, 13
<134>2021-07-15T01:28:13Z cache-pdk17882 MEWElogs[400146]: GRAY, 1626312493266838440, PDK, 13
<134>2021-07-15T01:28:37Z cache-mdw17383 MEWElogs[400146]: GRAY, 1626312516645593440, MDW, 13
<134>2021-07-15T01:28:39Z cache-wdc5583 MEWElogs[400146]: GRAY, 1626312519206542401, WDC, 13
<134>2021-07-15T01:28:40Z cache-ams21020 MEWElogs[400146]: GRAY, 1626312519734544221, AMS, 13
<134>2021-07-15T01:28:43Z cache-pdk17882 MEWElogs[400146]: GRAY, 1626312523270333027, PDK, 13
<134>2021-07-15T01:28:45Z cache-ams21020 MEWElogs[400146]: GRAY, 1626312524585214924, AMS, 13
<134>2021-07-15T01:28:54Z cache-ord1740 MEWElogs[400146]: GRAY, 1626312533044829473, ORD, 13
<134>2021-07-15T01:29:00Z cache-wdc5583 MEWElogs[400146]: GRAY, 1626312540378187725, WDC, 13
<134>2021-07-15T01:29:04Z cache-ams21020 MEWElogs[400146]: GRAY, 1626312543655189626, AMS, 13
<134>2021-07-15T01:29:29Z cache-dca17782 MEWElogs[400146]: GRAY, 1626312568494760328, DCA, 13
<134>2021-07-15T01:29:31Z cache-mdw17383 MEWElogs[400146]: GRAY, 1626312570665040503, MDW, 13
<134>2021-07-15T01:29:39Z cache-maa10251 MEWElogs[400146]: GRAY, 1626312578368485082, MAA, 13
<134>2021-07-15T01:29:41Z cache-cph20625 MEWElogs[400146]: GRAY, 1626312580088660053, CPH, 13
<134>2021-07-15T01:29:45Z cache-maa10251 MEWElogs[400146]: GRAY, 1626312584309178593, MAA, 13
<134>2021-07-15T01:29:46Z cache-mdw17383 MEWElogs[400146]: GRAY, 1626312586080849227, MDW, 13
<134>2021-07-15T01:29:47Z cache-dca17782 MEWElogs[400146]: GRAY, 1626312587049039720, DCA, 13
<134>2021-07-15T01:29:47Z cache-bog6425 MEWElogs[400146]: GRAY, 1626312587546930231, BOG, 13
<134>2021-07-15T01:29:51Z cache-maa10251 MEWElogs[400146]: GRAY, 1626312590162191669, MAA, 13
<134>2021-07-15T01:29:55Z cache-pdk17882 MEWElogs[400146]: GRAY, 1626312595340414505, PDK, 13
<134>2021-07-15T01:30:04Z cache-eze19324 MEWElogs[400146]: GRAY, 1626312603600001102, EZE, 13
<134>2021-07-15T01:30:19Z cache-dca17782 MEWElogs[400146]: GRAY, 1626312618372972913, DCA, 13
<134>2021-07-15T01:30:43Z cache-pdk17882 MEWElogs[400146]: GRAY, 1626312643318518937, PDK, 13
<134>2021-07-15T01:30:44Z cache-maa10251 MEWElogs[400146]: GRAY, 1626312642938014240, MAA, 13
<134>2021-07-15T01:30:56Z cache-cph20625 MEWElogs[400146]: GRAY, 1626312655671850881, CPH, 13
<134>2021-07-15T01:30:58Z cache-cmh21547 MEWElogs[400146]: GRAY, 1626312657071137244, CMH, 13
<134>2021-07-15T01:31:00Z cache-wdc5583 MEWElogs[400146]: GRAY, 1626312659693475708, WDC, 13
<134>2021-07-15T01:31:02Z cache-mdw17383 MEWElogs[400146]: GRAY, 1626312661850859041, MDW, 13
<134>2021-07-15T01:31:17Z cache-mdw17383 MEWElogs[400146]: GRAY, 1626312677233357467, MDW, 13
