<134>2021-07-14T18:03:48Z cache-pao17461 MEWElogs[320228]: FLIPH, 1626285828572778549, PAO, -1
<134>2021-07-14T18:04:04Z cache-tyo11974 MEWElogs[320228]: FLIPH, 1626285843473609490, TYO, -1
<134>2021-07-14T18:04:36Z cache-sjc10078 MEWElogs[320228]: FLIPH, 1626285875976403209, SJC, 10
<134>2021-07-14T18:04:41Z cache-yyz4551 MEWElogs[320228]: FLIPH, 1626285880298536902, YYZ, -1
<134>2021-07-14T18:04:48Z cache-cgh11122 MEWElogs[320228]: FLIPH, 1626285887896727863, CGH, 10
<134>2021-07-14T18:04:58Z cache-cgh11122 MEWElogs[320228]: FLIPH, 1626285898181309395, CGH, 10
<134>2021-07-14T18:05:19Z cache-cgh11122 MEWElogs[320228]: FLIPH, 1626285918591163379, CGH, 10
<134>2021-07-14T18:05:39Z cache-sjc10078 MEWElogs[320228]: FLIPH, 1626285938723337538, SJC, 10
<134>2021-07-14T18:05:39Z cache-cgh11122 MEWElogs[320228]: FLIPH, 1626285939020308582, CGH, 10
<134>2021-07-14T18:05:41Z cache-bma1628 MEWElogs[320228]: FLIPH, 1626285940676636439, BMA, 10
<134>2021-07-14T18:06:27Z cache-sjc10078 MEWElogs[320228]: FLIPH, 1626285986541229364, SJC, -1
<134>2021-07-14T18:06:28Z cache-bma1628 MEWElogs[320228]: FLIPH, 1626285986943831006, BMA, 10
<134>2021-07-14T18:06:29Z cache-sea4483 MEWElogs[320228]: FLIPH, 1626285989585934027, SEA, -1
<134>2021-07-14T18:06:47Z cache-sjc10078 MEWElogs[320228]: FLIPH, 1626286006936520037, SJC, -1
<134>2021-07-14T18:07:01Z cache-tyo11974 MEWElogs[320228]: FLIPH, 1626286020258084774, TYO, 10
<134>2021-07-14T18:07:33Z cache-yyz4551 MEWElogs[320228]: FLIPH, 1626286053514491838, YYZ, -1
<134>2021-07-14T18:07:41Z cache-bma1628 MEWElogs[320228]: FLIPH, 1626286061142231157, BMA, 10
<134>2021-07-14T18:07:48Z cache-cgh11183 MEWElogs[320228]: FLIPH, 1626286067476931302, CGH, -1
<134>2021-07-14T18:07:51Z cache-bma1628 MEWElogs[320228]: FLIPH, 1626286070484203856, BMA, 10
<134>2021-07-14T18:08:12Z cache-tyo11974 MEWElogs[320228]: FLIPH, 1626286091747896726, TYO, -1
<134>2021-07-14T18:08:24Z cache-sjc10078 MEWElogs[320228]: FLIPH, 1626286103131750537, SJC, 10
<134>2021-07-14T18:08:33Z cache-tyo11974 MEWElogs[320228]: FLIPH, 1626286112552611023, TYO, 10
<134>2021-07-14T18:08:58Z cache-tyo11974 MEWElogs[320228]: FLIPH, 1626286137637887530, TYO, -1
<134>2021-07-14T18:09:05Z cache-yyz4551 MEWElogs[320228]: FLIPH, 1626286145154899460, YYZ, -1
<134>2021-07-14T18:09:50Z cache-sea4483 MEWElogs[320228]: FLIPH, 1626286189758794741, SEA, 10
<134>2021-07-14T18:11:05Z cache-yyz4551 MEWElogs[320228]: FLIPH, 1626286264899440517, YYZ, -1
<134>2021-07-14T18:11:15Z cache-vie21629 MEWElogs[320228]: FLIPH, 1626286274521053429, VIE, 10
<134>2021-07-14T18:12:00Z cache-vie21629 MEWElogs[320228]: FLIPH, 1626286319817032704, VIE, 10
<134>2021-07-14T18:12:09Z cache-vie21629 MEWElogs[320228]: FLIPH, 1626286328656964499, VIE, -1
<134>2021-07-14T18:12:15Z cache-vie21629 MEWElogs[320228]: FLIPH, 1626286334866355877, VIE, 10
<134>2021-07-14T18:13:12Z cache-yyz4551 MEWElogs[320228]: FLIPH, 1626286392557583734, YYZ, -1
<134>2021-07-14T18:13:30Z cache-cgh11183 MEWElogs[320228]: FLIPH, 1626286409281114880, CGH, -1
