<134>2021-07-14T17:53:09Z cache-scl19427 MEWElogs[355776]: FLIPH, 1626285188958287421, SCL, -1
<134>2021-07-14T17:53:24Z cache-stl4834 MEWElogs[355776]: FLIPH, 1626285204419800623, STL, 10
<134>2021-07-14T17:53:25Z cache-pao17461 MEWElogs[355776]: FLIPH, 1626285204691820572, PAO, 10
<134>2021-07-14T17:53:36Z cache-syd10183 MEWElogs[355776]: FLIPH, 1626285215111312539, SYD, -1
<134>2021-07-14T17:53:43Z cache-gru17149 MEWElogs[355776]: FLIPH, 1626285221783536796, GRU, 10
<134>2021-07-14T17:53:52Z cache-gru17149 MEWElogs[355776]: FLIPH, 1626285231864600570, GRU, 10
<134>2021-07-14T17:54:14Z cache-gig17035 MEWElogs[355776]: FLIPH, 1626285253723560006, GIG, 10
<134>2021-07-14T17:54:44Z cache-hnd18722 MEWElogs[355776]: FLIPH, 1626285284012737628, HND, -1
<134>2021-07-14T17:54:45Z cache-tyo11974 MEWElogs[355776]: FLIPH, 1626285284204257119, TYO, -1
<134>2021-07-14T17:55:05Z cache-tyo11974 MEWElogs[355776]: FLIPH, 1626285305513299514, TYO, 10
<134>2021-07-14T17:55:05Z cache-pao17461 MEWElogs[355776]: FLIPH, 1626285305748874650, PAO, -1
<134>2021-07-14T17:55:15Z cache-tyo11974 MEWElogs[355776]: FLIPH, 1626285315023617403, TYO, 10
<134>2021-07-14T17:55:18Z cache-cgh11122 MEWElogs[355776]: FLIPH, 1626285318256234650, CGH, 10
<134>2021-07-14T17:55:19Z cache-stl4834 MEWElogs[355776]: FLIPH, 1626285318924173088, STL, 10
<134>2021-07-14T17:55:40Z cache-itm18851 MEWElogs[355776]: FLIPH, 1626285339362814164, ITM, -1
<134>2021-07-14T17:55:51Z cache-stl4834 MEWElogs[355776]: FLIPH, 1626285350338380353, STL, 10
<134>2021-07-14T17:55:51Z cache-hnd18722 MEWElogs[355776]: FLIPH, 1626285350729085955, HND, 10
<134>2021-07-14T17:56:10Z cache-tyo11974 MEWElogs[355776]: FLIPH, 1626285369787747763, TYO, -1
<134>2021-07-14T17:56:16Z cache-sjc10078 MEWElogs[355776]: FLIPH, 1626285375802657666, SJC, -1
<134>2021-07-14T17:56:29Z cache-sjc10078 MEWElogs[355776]: FLIPH, 1626285389195382850, SJC, 10
<134>2021-07-14T17:56:40Z cache-pao17461 MEWElogs[355776]: FLIPH, 1626285400260615261, PAO, -1
<134>2021-07-14T17:56:41Z cache-hnd18722 MEWElogs[355776]: FLIPH, 1626285400707850658, HND, -1
<134>2021-07-14T17:56:49Z cache-cgh11122 MEWElogs[355776]: FLIPH, 1626285408687208627, CGH, 10
<134>2021-07-14T17:57:16Z cache-hnd18722 MEWElogs[355776]: FLIPH, 1626285435216552054, HND, 10
<134>2021-07-14T17:57:37Z cache-cgh11122 MEWElogs[355776]: FLIPH, 1626285456872025573, CGH, -1
<134>2021-07-14T17:57:52Z cache-sjc10078 MEWElogs[355776]: FLIPH, 1626285471646521909, SJC, 10
<134>2021-07-14T17:57:53Z cache-stl4834 MEWElogs[355776]: FLIPH, 1626285472136172912, STL, -1
<134>2021-07-14T17:57:55Z cache-tyo11974 MEWElogs[355776]: FLIPH, 1626285474382283819, TYO, 10
<134>2021-07-14T17:58:03Z cache-tyo11974 MEWElogs[355776]: FLIPH, 1626285483417047818, TYO, 10
<134>2021-07-14T17:58:19Z cache-hnd18722 MEWElogs[355776]: FLIPH, 1626285498906369319, HND, 10
<134>2021-07-14T17:58:23Z cache-sjc10078 MEWElogs[355776]: FLIPH, 1626285503222086283, SJC, 10
<134>2021-07-14T17:58:25Z cache-pao17461 MEWElogs[355776]: FLIPH, 1626285504436190764, PAO, -1
<134>2021-07-14T17:58:59Z cache-itm18851 MEWElogs[355776]: FLIPH, 1626285539185393195, ITM, 10
<134>2021-07-14T17:59:08Z cache-cgh11183 MEWElogs[355776]: FLIPH, 1626285548509082047, CGH, -1
<134>2021-07-14T17:59:09Z cache-hnd18722 MEWElogs[355776]: FLIPH, 1626285549044727775, HND, -1
<134>2021-07-14T17:59:11Z cache-cgh11122 MEWElogs[355776]: FLIPH, 1626285550390839912, CGH, 10
<134>2021-07-14T17:59:19Z cache-stl4834 MEWElogs[355776]: FLIPH, 1626285558879683657, STL, 10
<134>2021-07-14T17:59:27Z cache-pao17461 MEWElogs[355776]: FLIPH, 1626285566433497005, PAO, -1
<134>2021-07-14T17:59:34Z cache-hnd18722 MEWElogs[355776]: FLIPH, 1626285573116627528, HND, 10
<134>2021-07-14T17:59:42Z cache-cgh11183 MEWElogs[355776]: FLIPH, 1626285581338485224, CGH, 10
<134>2021-07-14T17:59:51Z cache-cgh11122 MEWElogs[355776]: FLIPH, 1626285590826137450, CGH, 10
<134>2021-07-14T17:59:52Z cache-cgh11183 MEWElogs[355776]: FLIPH, 1626285591550036029, CGH, 10
<134>2021-07-14T17:59:54Z cache-sjc10078 MEWElogs[355776]: FLIPH, 1626285594069673828, SJC, -1
<134>2021-07-14T17:59:57Z cache-sjc10078 MEWElogs[355776]: FLIPH, 1626285596992049750, SJC, 10
<134>2021-07-14T18:00:02Z cache-cgh11183 MEWElogs[355776]: FLIPH, 1626285601751883548, CGH, 10
<134>2021-07-14T18:00:02Z cache-itm18851 MEWElogs[355776]: FLIPH, 1626285601376308293, ITM, 10
<134>2021-07-14T18:00:04Z cache-hnd18722 MEWElogs[355776]: FLIPH, 1626285603144358690, HND, -1
<134>2021-07-14T18:00:11Z cache-cgh11122 MEWElogs[355776]: FLIPH, 1626285610865133094, CGH, 10
<134>2021-07-14T18:00:31Z cache-sea4483 MEWElogs[355776]: FLIPH, 1626285631515229427, SEA, 10
<134>2021-07-14T18:00:42Z cache-bma1628 MEWElogs[355776]: FLIPH, 1626285641944442694, BMA, 10
<134>2021-07-14T18:00:55Z cache-itm18851 MEWElogs[355776]: FLIPH, 1626285654250280047, ITM, 10
<134>2021-07-14T18:01:00Z cache-cgh11183 MEWElogs[355776]: FLIPH, 1626285659779940466, CGH, -1
<134>2021-07-14T18:01:23Z cache-cgh11183 MEWElogs[355776]: FLIPH, 1626285682930773136, CGH, 10
<134>2021-07-14T18:01:28Z cache-sjc10078 MEWElogs[355776]: FLIPH, 1626285687689420765, SJC, -1
<134>2021-07-14T18:01:37Z cache-tyo11974 MEWElogs[355776]: FLIPH, 1626285696778398899, TYO, -1
<134>2021-07-14T18:01:39Z cache-bma1628 MEWElogs[355776]: FLIPH, 1626285698413228143, BMA, 10
<134>2021-07-14T18:01:44Z cache-bma1628 MEWElogs[355776]: FLIPH, 1626285704446524494, BMA, -1
<134>2021-07-14T18:01:44Z cache-sea4483 MEWElogs[355776]: FLIPH, 1626285704042822350, SEA, -1
<134>2021-07-14T18:02:16Z cache-tyo11974 MEWElogs[355776]: FLIPH, 1626285735720284061, TYO, 10
<134>2021-07-14T18:02:25Z cache-hnd18722 MEWElogs[355776]: FLIPH, 1626285745086187002, HND, 10
<134>2021-07-14T18:02:32Z cache-tyo11974 MEWElogs[355776]: FLIPH, 1626285751218097132, TYO, -1
<134>2021-07-14T18:02:33Z cache-cgh11122 MEWElogs[355776]: FLIPH, 1626285752103344951, CGH, -1
<134>2021-07-14T18:03:02Z cache-bma1628 MEWElogs[355776]: FLIPH, 1626285781992173181, BMA, 10
