<134>2021-07-15T04:47:38Z cache-mad22068 MEWElogs[320228]: ROTATE, 1626324457511180938, MAD, 15
<134>2021-07-15T04:47:40Z cache-lon4249 MEWElogs[320228]: ROTATE, 1626324459283595383, LON, 15
<134>2021-07-15T04:47:40Z cache-fra19177 MEWElogs[320228]: ROTATE, 1626324460114970630, FRA, 15
<134>2021-07-15T04:47:50Z cache-jnb7027 MEWElogs[320228]: ROTATE, 1626324469857865727, JNB, 15
<134>2021-07-15T04:48:03Z cache-lon4249 MEWElogs[320228]: ROTATE, 1626324482569884952, LON, 15
<134>2021-07-15T04:48:10Z cache-lon4249 MEWElogs[320228]: ROTATE, 1626324490347190028, LON, 15
<134>2021-07-15T04:48:57Z cache-jnb7027 MEWElogs[320228]: ROTATE, 1626324537684320603, JNB, 15
<134>2021-07-15T04:49:10Z cache-hel6829 MEWElogs[320228]: ROTATE, 1626324549156210943, HEL, 15
<134>2021-07-15T04:49:27Z cache-den8274 MEWElogs[320228]: ROTATE, 1626324567860972699, DEN, 15
<134>2021-07-15T04:49:28Z cache-lon4249 MEWElogs[320228]: ROTATE, 1626324567576726125, LON, 15
<134>2021-07-15T04:49:32Z cache-iah17271 MEWElogs[320228]: ROTATE, 1626324571840782146, IAH, 15
<134>2021-07-15T04:49:38Z cache-hel6829 MEWElogs[320228]: ROTATE, 1626324577239104328, HEL, 15
<134>2021-07-15T04:49:48Z cache-dal21283 MEWElogs[320228]: ROTATE, 1626324587497111147, DAL, 15
<134>2021-07-15T04:49:48Z cache-lcy19283 MEWElogs[320228]: ROTATE, 1626324587505716293, LCY, 15
<134>2021-07-15T04:49:56Z cache-iah17271 MEWElogs[320228]: ROTATE, 1626324595661081219, IAH, 15
<134>2021-07-15T04:50:24Z cache-dal21283 MEWElogs[320228]: ROTATE, 1626324623412238586, DAL, 15
<134>2021-07-15T04:50:37Z cache-bur17583 MEWElogs[320228]: ROTATE, 1626324636908990305, BUR, 15
<134>2021-07-15T04:50:53Z cache-lon4249 MEWElogs[320228]: ROTATE, 1626324651989426863, LON, 15
<134>2021-07-15T04:50:55Z cache-mrs10583 MEWElogs[320228]: ROTATE, 1626324654389773346, MRS, 15
<134>2021-07-15T04:51:36Z cache-den8274 MEWElogs[320228]: ROTATE, 1626324696438947442, DEN, 15
<134>2021-07-15T04:51:41Z cache-lcy19283 MEWElogs[320228]: ROTATE, 1626324700635981124, LCY, 15
<134>2021-07-15T04:52:53Z cache-mrs10583 MEWElogs[320228]: ROTATE, 1626324772432942734, MRS, 15
<134>2021-07-15T04:53:40Z cache-mrs10583 MEWElogs[320228]: ROTATE, 1626324819773259915, MRS, 15
<134>2021-07-15T04:53:46Z cache-hkg17929 MEWElogs[320228]: ROTATE, 1626324826151227069, HKG, 15
<134>2021-07-15T04:54:24Z cache-yul12826 MEWElogs[320228]: ROTATE, 1626324863528083629, YUL, 15
<134>2021-07-15T04:54:29Z cache-mad22068 MEWElogs[320228]: ROTATE, 1626324868220740552, MAD, 15
<134>2021-07-15T04:54:36Z cache-lhr7382 MEWElogs[320228]: ROTATE, 1626324875795131108, LHR, 15
<134>2021-07-15T04:54:52Z cache-bur17583 MEWElogs[320228]: ROTATE, 1626324891437941870, BUR, 15
<134>2021-07-15T04:55:07Z cache-hkg17929 MEWElogs[320228]: ROTATE, 1626324906854845871, HKG, 15
<134>2021-07-15T04:55:18Z cache-dal21283 MEWElogs[320228]: ROTATE, 1626324917039328308, DAL, 15
<134>2021-07-15T04:55:25Z cache-man4150 MEWElogs[320228]: ROTATE, 1626324924070063409, MAN, 15
<134>2021-07-15T04:55:27Z cache-bur17583 MEWElogs[320228]: ROTATE, 1626324926644579900, BUR, 15
<134>2021-07-15T04:55:47Z cache-stp9226 MEWElogs[320228]: ROTATE, 1626324946185171249, STP, 15
<134>2021-07-15T04:56:03Z cache-man4150 MEWElogs[320228]: ROTATE, 1626324962921608735, MAN, 15
<134>2021-07-15T04:56:03Z cache-lhr7382 MEWElogs[320228]: ROTATE, 1626324962948576658, LHR, 15
<134>2021-07-15T04:56:16Z cache-yul12826 MEWElogs[320228]: ROTATE, 1626324975133609934, YUL, 15
<134>2021-07-15T04:56:34Z cache-mrs10583 MEWElogs[320228]: ROTATE, 1626324993425433105, MRS, 15
<134>2021-07-15T04:56:50Z cache-man4150 MEWElogs[320228]: ROTATE, 1626325009277545228, MAN, 15
<134>2021-07-15T04:57:21Z cache-mrs10583 MEWElogs[320228]: ROTATE, 1626325040443380034, MRS, 15
