<134>2021-07-15T05:28:00Z cache-pao17461 MEWElogs[382896]: ROTATE, 1626326879904916944, PAO, 15
<134>2021-07-15T05:28:08Z cache-sjc10078 MEWElogs[382896]: ROTATE, 1626326887761675771, SJC, 15
<134>2021-07-15T05:28:14Z cache-stl4834 MEWElogs[382896]: ROTATE, 1626326894341985696, STL, 15
<134>2021-07-15T05:28:20Z cache-itm18851 MEWElogs[382896]: ROTATE, 1626326899970279980, ITM, 15
<134>2021-07-15T05:28:22Z cache-pao17461 MEWElogs[382896]: ROTATE, 1626326901984054856, PAO, 15
<134>2021-07-15T05:28:22Z cache-hnd18722 MEWElogs[382896]: ROTATE, 1626326901792676142, HND, 15
<134>2021-07-15T05:28:28Z cache-cgh11122 MEWElogs[382896]: ROTATE, 1626326907344247596, CGH, 15
<134>2021-07-15T05:28:45Z cache-hnd18722 MEWElogs[382896]: ROTATE, 1626326924070111167, HND, 15
<134>2021-07-15T05:28:47Z cache-stl4834 MEWElogs[382896]: ROTATE, 1626326926628660922, STL, 15
<134>2021-07-15T05:29:34Z cache-cgh11122 MEWElogs[382896]: ROTATE, 1626326974846153000, CGH, 15
<134>2021-07-15T05:29:40Z cache-syd10183 MEWElogs[382896]: ROTATE, 1626326979839142774, SYD, 15
<134>2021-07-15T05:29:49Z cache-pao17461 MEWElogs[382896]: ROTATE, 1626326988579618614, PAO, 15
<134>2021-07-15T05:30:01Z cache-itm18851 MEWElogs[382896]: ROTATE, 1626327000825436185, ITM, 15
<134>2021-07-15T05:30:04Z cache-cgh11122 MEWElogs[382896]: ROTATE, 1626327003818574369, CGH, 15
<134>2021-07-15T05:31:07Z cache-cgh11183 MEWElogs[382896]: ROTATE, 1626327066261523993, CGH, 15
<134>2021-07-15T05:31:08Z cache-itm18851 MEWElogs[382896]: ROTATE, 1626327067863500150, ITM, 15
<134>2021-07-15T05:31:27Z cache-sjc10078 MEWElogs[382896]: ROTATE, 1626327087010232659, SJC, 15
<134>2021-07-15T05:31:50Z cache-cgh11122 MEWElogs[382896]: ROTATE, 1626327109818777510, CGH, 15
<134>2021-07-15T05:31:54Z cache-itm18851 MEWElogs[382896]: ROTATE, 1626327113067024390, ITM, 15
<134>2021-07-15T05:32:14Z cache-cgh11183 MEWElogs[382896]: ROTATE, 1626327133483821428, CGH, 15
<134>2021-07-15T05:32:30Z cache-sea4483 MEWElogs[382896]: ROTATE, 1626327150850704566, SEA, 15
<134>2021-07-15T05:32:54Z cache-sjc10078 MEWElogs[382896]: ROTATE, 1626327173807564601, SJC, 15
<134>2021-07-15T05:33:10Z cache-bma1628 MEWElogs[382896]: ROTATE, 1626327189217695240, BMA, 15
<134>2021-07-15T05:33:12Z cache-cgh11183 MEWElogs[382896]: ROTATE, 1626327192127722743, CGH, 15
<134>2021-07-15T05:33:18Z cache-sea4483 MEWElogs[382896]: ROTATE, 1626327197547015915, SEA, 15
<134>2021-07-15T05:34:12Z cache-sjc10078 MEWElogs[382896]: ROTATE, 1626327251893898020, SJC, 15
<134>2021-07-15T05:34:16Z cache-sea4483 MEWElogs[382896]: ROTATE, 1626327255661281749, SEA, 15
<134>2021-07-15T05:34:28Z cache-bma1628 MEWElogs[382896]: ROTATE, 1626327267710003137, BMA, 15
<134>2021-07-15T05:34:46Z cache-sjc10078 MEWElogs[382896]: ROTATE, 1626327285934367580, SJC, 15
<134>2021-07-15T05:34:52Z cache-cgh11122 MEWElogs[382896]: ROTATE, 1626327291415381684, CGH, 15
<134>2021-07-15T05:35:14Z cache-pao17461 MEWElogs[382896]: ROTATE, 1626327314777525429, PAO, 15
<134>2021-07-15T05:36:02Z cache-sjc10078 MEWElogs[382896]: ROTATE, 1626327362202058073, SJC, 15
<134>2021-07-15T05:36:11Z cache-sea4483 MEWElogs[382896]: ROTATE, 1626327370756575336, SEA, 15
<134>2021-07-15T05:36:13Z cache-syd10183 MEWElogs[382896]: ROTATE, 1626327372659353491, SYD, 15
<134>2021-07-15T05:36:20Z cache-hnd18722 MEWElogs[382896]: ROTATE, 1626327379361844463, HND, 15
<134>2021-07-15T05:36:44Z cache-cgh11183 MEWElogs[382896]: ROTATE, 1626327403673370403, CGH, 15
<134>2021-07-15T05:36:47Z cache-cgh11122 MEWElogs[382896]: ROTATE, 1626327406540549929, CGH, 15
<134>2021-07-15T05:37:21Z cache-bma1628 MEWElogs[382896]: ROTATE, 1626327441204726182, BMA, 15
<134>2021-07-15T05:37:25Z cache-hnd18722 MEWElogs[382896]: ROTATE, 1626327444728540794, HND, 15
<134>2021-07-15T05:37:30Z cache-sea4483 MEWElogs[382896]: ROTATE, 1626327450428121419, SEA, 15
