<134>2021-07-15T06:31:03Z cache-pwk4920 MEWElogs[322023]: UNSH, 1626330662357453317, PWK, 16
<134>2021-07-15T06:31:08Z cache-fty21383 MEWElogs[322023]: UNSH, 1626330667021987335, FTY, 16
<134>2021-07-15T06:31:14Z cache-del21735 MEWElogs[322023]: UNSH, 1626330673778444425, DEL, 16
<134>2021-07-15T06:31:25Z cache-akl10324 MEWElogs[322023]: UNSH, 1626330684109122892, AKL, 16
<134>2021-07-15T06:31:35Z cache-akl10324 MEWElogs[322023]: UNSH, 1626330694874537567, AKL, 16
<134>2021-07-15T06:32:04Z cache-bos4657 MEWElogs[322023]: UNSH, 1626330723766412451, BOS, 16
<134>2021-07-15T06:32:14Z cache-cwb20520 MEWElogs[322023]: UNSH, 1626330733890594096, CWB, 16
<134>2021-07-15T06:32:25Z cache-fty21383 MEWElogs[322023]: UNSH, 1626330744882200255, FTY, 16
<134>2021-07-15T06:32:38Z cache-dfw18678 MEWElogs[322023]: UNSH, 1626330757841591217, DFW, 16
<134>2021-07-15T06:32:41Z cache-dub4329 MEWElogs[322023]: UNSH, 1626330759989818534, DUB, 16
<134>2021-07-15T06:32:41Z cache-akl10324 MEWElogs[322023]: UNSH, 1626330761162262439, AKL, 16
<134>2021-07-15T06:32:57Z cache-bos4657 MEWElogs[322023]: UNSH, 1626330777490168784, BOS, 16
<134>2021-07-15T06:33:40Z cache-hhn4077 MEWElogs[322023]: UNSH, 1626330819861291419, HHN, 16
<134>2021-07-15T06:34:02Z cache-fty21383 MEWElogs[322023]: UNSH, 1626330841256924845, FTY, 16
<134>2021-07-15T06:34:10Z cache-bos4657 MEWElogs[322023]: UNSH, 1626330849105154951, BOS, 16
<134>2021-07-15T06:34:42Z cache-akl10324 MEWElogs[322023]: UNSH, 1626330882626754833, AKL, 16
<134>2021-07-15T06:36:11Z cache-del21735 MEWElogs[322023]: UNSH, 1626330970233896286, DEL, 16
<134>2021-07-15T06:37:07Z cache-bos4657 MEWElogs[322023]: UNSH, 1626331026940928308, BOS, 16
<134>2021-07-15T06:37:10Z cache-pwk4920 MEWElogs[322023]: UNSH, 1626331029795901373, PWK, 16
<134>2021-07-15T06:37:52Z cache-bos4657 MEWElogs[322023]: UNSH, 1626331071576438003, BOS, 16
<134>2021-07-15T06:40:00Z cache-pwk4920 MEWElogs[322023]: UNSH, 1626331198999670439, PWK, 16
<134>2021-07-15T06:40:36Z cache-hel6829 MEWElogs[322023]: UNSH, 1626331235093029271, HEL, 16
