<134>2021-07-14T22:11:26Z cache-lcy19283 MEWElogs[216063]: BLUR, 1626300685698118468, LCY, 11
<134>2021-07-14T22:12:18Z cache-mrs10583 MEWElogs[216063]: BLUR, 1626300738539050450, MRS, 11
<134>2021-07-14T22:12:43Z cache-mci5951 MEWElogs[216063]: BLUR, 1626300762677725765, MCI, 11
<134>2021-07-14T22:13:07Z cache-cwb20520 MEWElogs[216063]: BLUR, 1626300786638981438, CWB, 11
<134>2021-07-14T22:13:09Z cache-hkg17929 MEWElogs[216063]: BLUR, 1626300788889015918, HKG, 11
<134>2021-07-14T22:13:37Z cache-mci5951 MEWElogs[216063]: BLUR, 1626300816405672287, MCI, 11
<134>2021-07-14T22:13:41Z cache-lhr7382 MEWElogs[216063]: BLUR, 1626300821467686347, LHR, 11
<134>2021-07-14T22:14:54Z cache-hkg17929 MEWElogs[216063]: BLUR, 1626300894071225234, HKG, 11
<134>2021-07-14T22:15:14Z cache-iah17271 MEWElogs[216063]: BLUR, 1626300914098503539, IAH, 11
<134>2021-07-14T22:15:44Z cache-mad22068 MEWElogs[216063]: BLUR, 1626300944250069385, MAD, 11
<134>2021-07-14T22:16:17Z cache-dal21283 MEWElogs[216063]: BLUR, 1626300977052228052, DAL, 11
<134>2021-07-14T22:16:49Z cache-mad22068 MEWElogs[216063]: BLUR, 1626301009641232018, MAD, 11
<134>2021-07-14T22:16:55Z cache-stp9226 MEWElogs[216063]: BLUR, 1626301014545172788, STP, 11
<134>2021-07-14T22:17:01Z cache-hkg17929 MEWElogs[216063]: BLUR, 1626301020329148201, HKG, 11
<134>2021-07-14T22:17:15Z cache-jax20933 MEWElogs[216063]: BLUR, 1626301035107984896, JAX, 11
<134>2021-07-14T22:17:57Z cache-mrs10583 MEWElogs[216063]: BLUR, 1626301076135999492, MRS, 11
<134>2021-07-14T22:17:59Z cache-lhr7382 MEWElogs[216063]: BLUR, 1626301079349555321, LHR, 11
<134>2021-07-14T22:18:11Z cache-mad22068 MEWElogs[216063]: BLUR, 1626301090684607063, MAD, 11
<134>2021-07-14T22:18:11Z cache-stp9226 MEWElogs[216063]: BLUR, 1626301090789272142, STP, 11
<134>2021-07-14T22:18:15Z cache-lhr7382 MEWElogs[216063]: BLUR, 1626301094208296098, LHR, 11
<134>2021-07-14T22:18:23Z cache-dal21283 MEWElogs[216063]: BLUR, 1626301102793758871, DAL, 11
<134>2021-07-14T22:18:24Z cache-mrs10583 MEWElogs[216063]: BLUR, 1626301103990346722, MRS, 11
