<134>2021-07-15T01:51:48Z cache-mrs10583 MEWElogs[334804]: GRAY, 1626313907903500357, MRS, 13
<134>2021-07-15T01:51:58Z cache-lhr7382 MEWElogs[334804]: GRAY, 1626313917372029367, LHR, 13
<134>2021-07-15T01:52:25Z cache-mad22068 MEWElogs[334804]: GRAY, 1626313944724827251, MAD, 13
<134>2021-07-15T01:52:31Z cache-den8274 MEWElogs[334804]: GRAY, 1626313951427462765, DEN, 13
<134>2021-07-15T01:53:24Z cache-mia11368 MEWElogs[334804]: GRAY, 1626314003804908387, MIA, 13
<134>2021-07-15T01:53:31Z cache-mad22068 MEWElogs[334804]: GRAY, 1626314010651076313, MAD, 13
<134>2021-07-15T01:54:08Z cache-bur17583 MEWElogs[334804]: GRAY, 1626314047435325548, BUR, 13
<134>2021-07-15T01:54:46Z cache-mci5951 MEWElogs[334804]: GRAY, 1626314085902199465, MCI, 13
<134>2021-07-15T01:55:00Z cache-hkg17929 MEWElogs[334804]: GRAY, 1626314099672676423, HKG, 13
<134>2021-07-15T01:55:20Z cache-man4150 MEWElogs[334804]: GRAY, 1626314119705290715, MAN, 13
<134>2021-07-15T01:55:25Z cache-man4150 MEWElogs[334804]: GRAY, 1626314124461668659, MAN, 13
<134>2021-07-15T01:56:05Z cache-mci5951 MEWElogs[334804]: GRAY, 1626314164066978571, MCI, 13
<134>2021-07-15T01:56:38Z cache-mrs10583 MEWElogs[334804]: GRAY, 1626314197712362036, MRS, 13
<134>2021-07-15T01:57:06Z cache-mrs10583 MEWElogs[334804]: GRAY, 1626314225902495090, MRS, 13
<134>2021-07-15T01:57:08Z cache-stp9226 MEWElogs[334804]: GRAY, 1626314227237542985, STP, 13
<134>2021-07-15T01:57:18Z cache-hkg17929 MEWElogs[334804]: GRAY, 1626314237181202353, HKG, 13
<134>2021-07-15T01:57:25Z cache-man4150 MEWElogs[334804]: GRAY, 1626314244472616203, MAN, 13
<134>2021-07-15T01:57:35Z cache-stp9226 MEWElogs[334804]: GRAY, 1626314254675240027, STP, 13
<134>2021-07-15T01:58:42Z cache-man4150 MEWElogs[334804]: GRAY, 1626314321645356616, MAN, 13
<134>2021-07-15T01:58:51Z cache-mel11272 MEWElogs[334804]: GRAY, 1626314330240837410, MEL, 13
<134>2021-07-15T01:59:59Z cache-man4150 MEWElogs[334804]: GRAY, 1626314398597990124, MAN, 13
<134>2021-07-15T02:00:18Z cache-man4150 MEWElogs[334804]: GRAY, 1626314417727676140, MAN, 13
<134>2021-07-15T02:00:42Z cache-man4150 MEWElogs[334804]: GRAY, 1626314441733811437, MAN, 13
<134>2021-07-15T02:00:47Z cache-man4150 MEWElogs[334804]: GRAY, 1626314446544341810, MAN, 13
<134>2021-07-15T02:01:05Z cache-stp9226 MEWElogs[334804]: GRAY, 1626314464051785959, STP, 13
<134>2021-07-15T02:01:06Z cache-hkg17929 MEWElogs[334804]: GRAY, 1626314466056701620, HKG, 13
<134>2021-07-15T02:01:41Z cache-mel11272 MEWElogs[334804]: GRAY, 1626314500185802303, MEL, 13
