<134>2021-07-14T22:03:23Z cache-fra19177 MEWElogs[382896]: BLUR, 1626300202064349918, FRA, 11
<134>2021-07-14T22:03:28Z cache-jnb7027 MEWElogs[382896]: BLUR, 1626300207118724387, JNB, 11
<134>2021-07-14T22:04:06Z cache-cwb20520 MEWElogs[382896]: BLUR, 1626300244975055404, CWB, 11
<134>2021-07-14T22:04:26Z cache-bur17583 MEWElogs[382896]: BLUR, 1626300266313613134, BUR, 11
<134>2021-07-14T22:05:54Z cache-hel6829 MEWElogs[382896]: BLUR, 1626300353308784673, HEL, 11
<134>2021-07-14T22:06:08Z cache-cwb20520 MEWElogs[382896]: BLUR, 1626300367328015856, CWB, 11
<134>2021-07-14T22:06:10Z cache-hel6829 MEWElogs[382896]: BLUR, 1626300370113194805, HEL, 11
<134>2021-07-14T22:06:16Z cache-bur17583 MEWElogs[382896]: BLUR, 1626300375377676975, BUR, 11
<134>2021-07-14T22:07:11Z cache-den8274 MEWElogs[382896]: BLUR, 1626300430894848023, DEN, 11
<134>2021-07-14T22:07:44Z cache-lon4249 MEWElogs[382896]: BLUR, 1626300463572430004, LON, 11
<134>2021-07-14T22:07:50Z cache-cwb20520 MEWElogs[382896]: BLUR, 1626300469626229372, CWB, 11
<134>2021-07-14T22:08:03Z cache-fra19177 MEWElogs[382896]: BLUR, 1626300482976577168, FRA, 11
<134>2021-07-14T22:08:04Z cache-bur17583 MEWElogs[382896]: BLUR, 1626300483715552231, BUR, 11
<134>2021-07-14T22:08:22Z cache-bur17583 MEWElogs[382896]: BLUR, 1626300501642162352, BUR, 11
<134>2021-07-14T22:08:24Z cache-cwb20520 MEWElogs[382896]: BLUR, 1626300503235364450, CWB, 11
<134>2021-07-14T22:08:42Z cache-den8274 MEWElogs[382896]: BLUR, 1626300521850325717, DEN, 11
<134>2021-07-14T22:09:12Z cache-den8274 MEWElogs[382896]: BLUR, 1626300551997591291, DEN, 11
<134>2021-07-14T22:09:16Z cache-bur17583 MEWElogs[382896]: BLUR, 1626300555355104872, BUR, 11
<134>2021-07-14T22:11:11Z cache-cwb20520 MEWElogs[382896]: BLUR, 1626300670357320523, CWB, 11
<134>2021-07-14T22:11:34Z cache-iah17271 MEWElogs[382896]: BLUR, 1626300694033294171, IAH, 11
<134>2021-07-14T22:11:37Z cache-mad22068 MEWElogs[382896]: BLUR, 1626300696914613085, MAD, 11
<134>2021-07-14T22:12:33Z cache-mrs10583 MEWElogs[382896]: BLUR, 1626300752375565125, MRS, 11
<134>2021-07-14T22:12:34Z cache-hkg17929 MEWElogs[382896]: BLUR, 1626300753950588292, HKG, 11
<134>2021-07-14T22:12:42Z cache-mad22068 MEWElogs[382896]: BLUR, 1626300762020752529, MAD, 11
<134>2021-07-14T22:12:44Z cache-lon4249 MEWElogs[382896]: BLUR, 1626300763390076077, LON, 11
<134>2021-07-14T22:12:56Z cache-iah17271 MEWElogs[382896]: BLUR, 1626300775993590458, IAH, 11
<134>2021-07-14T22:13:11Z cache-bur17583 MEWElogs[382896]: BLUR, 1626300790297919435, BUR, 11
