<134>2021-07-15T02:22:02Z cache-pao17461 MEWElogs[320228]: GRAY, 1626315721933241267, PAO, 13
<134>2021-07-15T02:22:32Z cache-cgh11183 MEWElogs[320228]: GRAY, 1626315751442883631, CGH, 13
<134>2021-07-15T02:22:34Z cache-tyo11974 MEWElogs[320228]: GRAY, 1626315754006396912, TYO, 13
<134>2021-07-15T02:23:14Z cache-itm18851 MEWElogs[320228]: GRAY, 1626315793976729746, ITM, 13
<134>2021-07-15T02:23:20Z cache-cgh11183 MEWElogs[320228]: GRAY, 1626315800099671198, CGH, 13
<134>2021-07-15T02:23:38Z cache-tyo11974 MEWElogs[320228]: GRAY, 1626315817909027663, TYO, 13
<134>2021-07-15T02:23:45Z cache-cgh11122 MEWElogs[320228]: GRAY, 1626315825589185557, CGH, 13
<134>2021-07-15T02:25:16Z cache-itm18851 MEWElogs[320228]: GRAY, 1626315914959001579, ITM, 13
<134>2021-07-15T02:25:42Z cache-bma1628 MEWElogs[320228]: GRAY, 1626315941346912012, BMA, 13
<134>2021-07-15T02:25:47Z cache-bma1628 MEWElogs[320228]: GRAY, 1626315946630568751, BMA, 13
<134>2021-07-15T02:26:06Z cache-sea4483 MEWElogs[320228]: GRAY, 1626315966149880029, SEA, 13
<134>2021-07-15T02:26:35Z cache-bma1628 MEWElogs[320228]: GRAY, 1626315994134661313, BMA, 13
<134>2021-07-15T02:26:39Z cache-bma1628 MEWElogs[320228]: GRAY, 1626315999415935203, BMA, 13
<134>2021-07-15T02:27:15Z cache-tyo11974 MEWElogs[320228]: GRAY, 1626316034584521884, TYO, 13
<134>2021-07-15T02:28:13Z cache-yyz4551 MEWElogs[320228]: GRAY, 1626316092537384737, YYZ, 13
<134>2021-07-15T02:28:37Z cache-bma1628 MEWElogs[320228]: GRAY, 1626316116493515906, BMA, 13
<134>2021-07-15T02:29:42Z cache-yyz4551 MEWElogs[320228]: GRAY, 1626316181147419912, YYZ, 13
<134>2021-07-15T02:29:57Z cache-bma1628 MEWElogs[320228]: GRAY, 1626316196071127667, BMA, 13
<134>2021-07-15T02:30:39Z cache-vie21629 MEWElogs[320228]: GRAY, 1626316238247826156, VIE, 13
<134>2021-07-15T02:30:52Z cache-sea4483 MEWElogs[320228]: GRAY, 1626316252513659499, SEA, 13
<134>2021-07-15T02:31:11Z cache-tyo11974 MEWElogs[320228]: GRAY, 1626316270249992246, TYO, 13
<134>2021-07-15T02:31:40Z cache-vie21629 MEWElogs[320228]: GRAY, 1626316299140934636, VIE, 13
<134>2021-07-15T02:31:48Z cache-yyz4551 MEWElogs[320228]: GRAY, 1626316308348165994, YYZ, 13
