<134>2021-07-15T02:02:54Z cache-lax10677 MEWElogs[216063]: GRAY, 1626314573644360961, LGB, 13
<134>2021-07-15T02:03:15Z cache-lga21983 MEWElogs[216063]: GRAY, 1626314594706883593, LGA, 13
<134>2021-07-15T02:03:16Z cache-mci5951 MEWElogs[216063]: GRAY, 1626314595783119015, MCI, 13
<134>2021-07-15T02:03:26Z cache-hkg17929 MEWElogs[216063]: GRAY, 1626314605282292129, HKG, 13
<134>2021-07-15T02:03:46Z cache-osl6529 MEWElogs[216063]: GRAY, 1626314625322541799, OSL, 13
<134>2021-07-15T02:04:06Z cache-mci5951 MEWElogs[216063]: GRAY, 1626314645631000964, MCI, 13
<134>2021-07-15T02:04:09Z cache-mel11272 MEWElogs[216063]: GRAY, 1626314648928150335, MEL, 13
<134>2021-07-15T02:04:19Z cache-yul12826 MEWElogs[216063]: GRAY, 1626314659593746407, YUL, 13
<134>2021-07-15T02:04:24Z cache-lax10677 MEWElogs[216063]: GRAY, 1626314664103005929, LGB, 13
<134>2021-07-15T02:04:47Z cache-cdg20720 MEWElogs[216063]: GRAY, 1626314686144614681, CDG, 13
<134>2021-07-15T02:04:59Z cache-lax10677 MEWElogs[216063]: GRAY, 1626314698939718414, LGB, 13
<134>2021-07-15T02:05:03Z cache-yul12826 MEWElogs[216063]: GRAY, 1626314703661846195, YUL, 13
<134>2021-07-15T02:05:25Z cache-cdg20720 MEWElogs[216063]: GRAY, 1626314724151831297, CDG, 13
<134>2021-07-15T02:05:54Z cache-lax10677 MEWElogs[216063]: GRAY, 1626314754536796295, LGB, 13
<134>2021-07-15T02:06:20Z cache-cdg20720 MEWElogs[216063]: GRAY, 1626314779049216715, CDG, 13
<134>2021-07-15T02:06:49Z cache-ewr18156 MEWElogs[216063]: GRAY, 1626314809029810226, EWR, 13
<134>2021-07-15T02:06:58Z cache-scl19427 MEWElogs[216063]: GRAY, 1626314818098871238, SCL, 13
<134>2021-07-15T02:07:23Z cache-scl19427 MEWElogs[216063]: GRAY, 1626314843465125633, SCL, 13
<134>2021-07-15T02:07:25Z cache-gig17035 MEWElogs[216063]: GRAY, 1626314845874951303, GIG, 13
<134>2021-07-15T02:07:35Z cache-jax20933 MEWElogs[216063]: GRAY, 1626314855029306614, JAX, 13
<134>2021-07-15T02:07:37Z cache-cdg20720 MEWElogs[216063]: GRAY, 1626314856145200412, CDG, 13
<134>2021-07-15T02:08:09Z cache-lga21983 MEWElogs[216063]: GRAY, 1626314888563615832, LGA, 13
<134>2021-07-15T02:08:20Z cache-gig17035 MEWElogs[216063]: GRAY, 1626314899979720636, GIG, 13
<134>2021-07-15T02:08:31Z cache-cdg20720 MEWElogs[216063]: GRAY, 1626314911283068007, CDG, 13
<134>2021-07-15T02:08:34Z cache-gru17149 MEWElogs[216063]: GRAY, 1626314913601813511, GRU, 13
<134>2021-07-15T02:08:37Z cache-mel11272 MEWElogs[216063]: GRAY, 1626314916326109555, MEL, 13
<134>2021-07-15T02:08:43Z cache-cdg20720 MEWElogs[216063]: GRAY, 1626314922113735116, CDG, 13
<134>2021-07-15T02:08:47Z cache-scl19427 MEWElogs[216063]: GRAY, 1626314926542591969, SCL, 13
<134>2021-07-15T02:08:47Z cache-gru17149 MEWElogs[216063]: GRAY, 1626314926396677056, GRU, 13
<134>2021-07-15T02:09:00Z cache-lga21983 MEWElogs[216063]: GRAY, 1626314939999836492, LGA, 13
<134>2021-07-15T02:09:15Z cache-cdg20720 MEWElogs[216063]: GRAY, 1626314954649447453, CDG, 13
<134>2021-07-15T02:09:20Z cache-lga21983 MEWElogs[216063]: GRAY, 1626314959471381513, LGA, 13
<134>2021-07-15T02:09:29Z cache-osl6529 MEWElogs[216063]: GRAY, 1626314968430342739, OSL, 13
<134>2021-07-15T02:10:26Z cache-bom4751 MEWElogs[216063]: GRAY, 1626315025108498405, BOM, 13
<134>2021-07-15T02:10:32Z cache-gig17035 MEWElogs[216063]: GRAY, 1626315032329349633, GIG, 13
<134>2021-07-15T02:10:35Z cache-gru17149 MEWElogs[216063]: GRAY, 1626315033979808261, GRU, 13
<134>2021-07-15T02:10:42Z cache-ewr18156 MEWElogs[216063]: GRAY, 1626315041336878478, EWR, 13
<134>2021-07-15T02:10:49Z cache-syd10183 MEWElogs[216063]: GRAY, 1626315048869738300, SYD, 13
<134>2021-07-15T02:11:20Z cache-gig17035 MEWElogs[216063]: GRAY, 1626315079897358800, GIG, 13
<134>2021-07-15T02:11:40Z cache-hnd18722 MEWElogs[216063]: GRAY, 1626315099396677409, HND, 13
<134>2021-07-15T02:11:59Z cache-scl19427 MEWElogs[216063]: GRAY, 1626315118718916068, SCL, 13
<134>2021-07-15T02:12:00Z cache-gig17035 MEWElogs[216063]: GRAY, 1626315119352111008, GIG, 13
<134>2021-07-15T02:12:21Z cache-cdg20720 MEWElogs[216063]: GRAY, 1626315140730625664, CDG, 13
<134>2021-07-15T02:12:48Z cache-pao17461 MEWElogs[216063]: GRAY, 1626315167144402416, PAO, 13
