<134>2021-07-15T05:39:15Z cache-tyo11974 MEWElogs[369035]: ROTATE, 1626327554672202955, TYO, 15
<134>2021-07-15T05:39:27Z cache-cgh11183 MEWElogs[369035]: ROTATE, 1626327566927594527, CGH, 15
<134>2021-07-15T05:39:48Z cache-sea4483 MEWElogs[369035]: ROTATE, 1626327587742350801, SEA, 15
<134>2021-07-15T05:40:26Z cache-cgh11183 MEWElogs[369035]: ROTATE, 1626327625714903901, CGH, 15
<134>2021-07-15T05:40:35Z cache-sea4483 MEWElogs[369035]: ROTATE, 1626327634213279893, SEA, 15
<134>2021-07-15T05:40:45Z cache-sea4483 MEWElogs[369035]: ROTATE, 1626327645510824906, SEA, 15
<134>2021-07-15T05:41:07Z cache-sjc10078 MEWElogs[369035]: ROTATE, 1626327666726157407, SJC, 15
<134>2021-07-15T05:41:10Z cache-yyz4551 MEWElogs[369035]: ROTATE, 1626327668992159255, YYZ, 15
<134>2021-07-15T05:41:20Z cache-sea4483 MEWElogs[369035]: ROTATE, 1626327679308162367, SEA, 15
<134>2021-07-15T05:41:32Z cache-bma1628 MEWElogs[369035]: ROTATE, 1626327692499197794, BMA, 15
<134>2021-07-15T05:41:36Z cache-yyz4551 MEWElogs[369035]: ROTATE, 1626327695287532240, YYZ, 15
<134>2021-07-15T05:41:41Z cache-vie21629 MEWElogs[369035]: ROTATE, 1626327700743493671, VIE, 15
<134>2021-07-15T05:42:28Z cache-sea4483 MEWElogs[369035]: ROTATE, 1626327747602340862, SEA, 15
<134>2021-07-15T05:42:52Z cache-bma1628 MEWElogs[369035]: ROTATE, 1626327771208230489, BMA, 15
<134>2021-07-15T05:43:12Z cache-yyz4551 MEWElogs[369035]: ROTATE, 1626327791842924190, YYZ, 15
<134>2021-07-15T05:43:19Z cache-cgh11183 MEWElogs[369035]: ROTATE, 1626327798181032639, CGH, 15
<134>2021-07-15T05:43:25Z cache-tyo11974 MEWElogs[369035]: ROTATE, 1626327804688060022, TYO, 15
<134>2021-07-15T05:43:26Z cache-bma1628 MEWElogs[369035]: ROTATE, 1626327805926958912, BMA, 15
<134>2021-07-15T05:44:43Z cache-sea4483 MEWElogs[369035]: ROTATE, 1626327883208190372, SEA, 15
<134>2021-07-15T05:44:49Z cache-tyo11974 MEWElogs[369035]: ROTATE, 1626327888943700753, TYO, 15
<134>2021-07-15T05:44:51Z cache-vie21629 MEWElogs[369035]: ROTATE, 1626327890381959136, VIE, 15
<134>2021-07-15T05:44:59Z cache-tyo11974 MEWElogs[369035]: ROTATE, 1626327898232540985, TYO, 15
<134>2021-07-15T05:45:14Z cache-cgh11183 MEWElogs[369035]: ROTATE, 1626327913741641138, CGH, 15
<134>2021-07-15T05:46:26Z cache-vie21629 MEWElogs[369035]: ROTATE, 1626327985420336982, VIE, 15
<134>2021-07-15T05:47:31Z cache-tyo11974 MEWElogs[369035]: ROTATE, 1626328050818426612, TYO, 15
<134>2021-07-15T05:47:59Z cache-tyo11974 MEWElogs[369035]: ROTATE, 1626328078904828293, TYO, 15
<134>2021-07-15T05:48:27Z cache-yyz4551 MEWElogs[369035]: ROTATE, 1626328107600998806, YYZ, 15
<134>2021-07-15T05:48:54Z cache-yyz4551 MEWElogs[369035]: ROTATE, 1626328133682312223, YYZ, 15
