<134>2021-07-14T16:41:49Z cache-cph20625 MEWElogs[216063]: FLIPH, 1626280908570768777, CPH, 10
<134>2021-07-14T16:41:53Z cache-dca17782 MEWElogs[216063]: FLIPH, 1626280912758197463, DCA, 10
<134>2021-07-14T16:42:07Z cache-maa10251 MEWElogs[216063]: FLIPH, 1626280927109787910, MAA, 10
<134>2021-07-14T16:42:18Z cache-dca17782 MEWElogs[216063]: FLIPH, 1626280937918947289, DCA, -1
<134>2021-07-14T16:42:21Z cache-bog6425 MEWElogs[216063]: FLIPH, 1626280940514717220, BOG, -1
<134>2021-07-14T16:42:26Z cache-chi21126 MEWElogs[216063]: FLIPH, 1626280945773018873, CHI, -1
<134>2021-07-14T16:42:38Z cache-chi21126 MEWElogs[216063]: FLIPH, 1626280958009164161, CHI, 10
<134>2021-07-14T16:42:51Z cache-akl10324 MEWElogs[216063]: FLIPH, 1626280970361628444, AKL, 10
<134>2021-07-14T16:43:09Z cache-bog6425 MEWElogs[216063]: FLIPH, 1626280989625554199, BOG, -1
<134>2021-07-14T16:43:13Z cache-fty21383 MEWElogs[216063]: FLIPH, 1626280992177677900, FTY, 10
<134>2021-07-14T16:43:14Z cache-maa10251 MEWElogs[216063]: FLIPH, 1626280993651632408, MAA, -1
<134>2021-07-14T16:43:16Z cache-mdw17383 MEWElogs[216063]: FLIPH, 1626280995817810847, MDW, 10
<134>2021-07-14T16:43:29Z cache-cph20625 MEWElogs[216063]: FLIPH, 1626281008930796474, CPH, 10
<134>2021-07-14T16:43:38Z cache-mdw17383 MEWElogs[216063]: FLIPH, 1626281018320005754, MDW, 10
<134>2021-07-14T16:43:47Z cache-cph20625 MEWElogs[216063]: FLIPH, 1626281026603748847, CPH, -1
<134>2021-07-14T16:43:48Z cache-wdc5583 MEWElogs[216063]: FLIPH, 1626281028558388321, WDC, -1
<134>2021-07-14T16:44:18Z cache-dfw18678 MEWElogs[216063]: FLIPH, 1626281058401242437, DFW, -1
<134>2021-07-14T16:44:31Z cache-cmh21547 MEWElogs[216063]: FLIPH, 1626281070148327242, CMH, 10
<134>2021-07-14T16:45:15Z cache-eze19324 MEWElogs[216063]: FLIPH, 1626281114926096201, EZE, -1
<134>2021-07-14T16:45:17Z cache-dub4329 MEWElogs[216063]: FLIPH, 1626281117646887245, DUB, -1
<134>2021-07-14T16:45:25Z cache-dfw18678 MEWElogs[216063]: FLIPH, 1626281125390317482, DFW, -1
<134>2021-07-14T16:45:47Z cache-bos4657 MEWElogs[216063]: FLIPH, 1626281146773396754, BOS, 10
<134>2021-07-14T16:46:05Z cache-eze19324 MEWElogs[216063]: FLIPH, 1626281165439871853, EZE, 10
<134>2021-07-14T16:46:06Z cache-pwk4920 MEWElogs[216063]: FLIPH, 1626281166437368374, PWK, -1
<134>2021-07-14T16:46:08Z cache-chi21126 MEWElogs[216063]: FLIPH, 1626281167217543745, CHI, 10
<134>2021-07-14T16:46:15Z cache-cph20625 MEWElogs[216063]: FLIPH, 1626281175306800397, CPH, 10
<134>2021-07-14T16:46:31Z cache-akl10324 MEWElogs[216063]: FLIPH, 1626281190544807799, AKL, 10
<134>2021-07-14T16:46:33Z cache-dfw18678 MEWElogs[216063]: FLIPH, 1626281192446178833, DFW, -1
<134>2021-07-14T16:46:35Z cache-fty21383 MEWElogs[216063]: FLIPH, 1626281195791730234, FTY, -1
<134>2021-07-14T16:47:09Z cache-dfw18678 MEWElogs[216063]: FLIPH, 1626281229446414422, DFW, 10
<134>2021-07-14T16:47:12Z cache-del21735 MEWElogs[216063]: FLIPH, 1626281231387553780, DEL, -1
<134>2021-07-14T16:47:24Z cache-chi21126 MEWElogs[216063]: FLIPH, 1626281243028929223, CHI, 10
<134>2021-07-14T16:47:24Z cache-del21735 MEWElogs[216063]: FLIPH, 1626281243664926386, DEL, 10
<134>2021-07-14T16:47:27Z cache-dub4329 MEWElogs[216063]: FLIPH, 1626281246476755459, DUB, 10
<134>2021-07-14T16:47:29Z cache-akl10324 MEWElogs[216063]: FLIPH, 1626281248005502643, AKL, -1
<134>2021-07-14T16:47:33Z cache-bos4657 MEWElogs[216063]: FLIPH, 1626281253426438545, BOS, -1
<134>2021-07-14T16:47:47Z cache-pwk4920 MEWElogs[216063]: FLIPH, 1626281266143098077, PWK, -1
<134>2021-07-14T16:48:02Z cache-fty21383 MEWElogs[216063]: FLIPH, 1626281281152465299, FTY, 10
<134>2021-07-14T16:48:18Z cache-del21735 MEWElogs[216063]: FLIPH, 1626281297714202352, DEL, -1
<134>2021-07-14T16:48:36Z cache-cph20625 MEWElogs[216063]: FLIPH, 1626281315849667922, CPH, -1
<134>2021-07-14T16:48:43Z cache-dub4329 MEWElogs[216063]: FLIPH, 1626281322960089071, DUB, -1
<134>2021-07-14T16:48:51Z cache-dfw18678 MEWElogs[216063]: FLIPH, 1626281330758216379, DFW, 10
<134>2021-07-14T16:48:56Z cache-pwk4920 MEWElogs[216063]: FLIPH, 1626281336264104867, PWK, -1
<134>2021-07-14T16:48:59Z cache-akl10324 MEWElogs[216063]: FLIPH, 1626281338850858467, AKL, -1
<134>2021-07-14T16:49:10Z cache-pwk4920 MEWElogs[216063]: FLIPH, 1626281349390040892, PWK, 10
<134>2021-07-14T16:49:44Z cache-cph20625 MEWElogs[216063]: FLIPH, 1626281383335478037, CPH, -1
<134>2021-07-14T16:49:48Z cache-cph20625 MEWElogs[216063]: FLIPH, 1626281387533224864, CPH, 10
<134>2021-07-14T16:49:50Z cache-akl10324 MEWElogs[216063]: FLIPH, 1626281389579254050, AKL, -1
<134>2021-07-14T16:49:58Z cache-dfw18678 MEWElogs[216063]: FLIPH, 1626281398507067395, DFW, 10
<134>2021-07-14T16:50:04Z cache-hhn4077 MEWElogs[216063]: FLIPH, 1626281403849615834, HHN, 10
<134>2021-07-14T16:50:06Z cache-cph20625 MEWElogs[216063]: FLIPH, 1626281405658114636, CPH, -1
<134>2021-07-14T16:50:16Z cache-pwk4920 MEWElogs[216063]: FLIPH, 1626281415987474951, PWK, -1
<134>2021-07-14T16:50:27Z cache-hhn4077 MEWElogs[216063]: FLIPH, 1626281426811672481, HHN, 10
<134>2021-07-14T16:50:28Z cache-dfw18678 MEWElogs[216063]: FLIPH, 1626281427857783134, DFW, -1
<134>2021-07-14T16:50:51Z cache-hhn4077 MEWElogs[216063]: FLIPH, 1626281450617408108, HHN, 10
<134>2021-07-14T16:50:51Z cache-del21735 MEWElogs[216063]: FLIPH, 1626281450444505765, DEL, 10
<134>2021-07-14T16:51:08Z cache-chi21126 MEWElogs[216063]: FLIPH, 1626281467439658025, CHI, -1
<134>2021-07-14T16:51:11Z cache-cph20625 MEWElogs[216063]: FLIPH, 1626281470756077883, CPH, -1
<134>2021-07-14T16:51:20Z cache-chi21126 MEWElogs[216063]: FLIPH, 1626281480225298785, CHI, 10
<134>2021-07-14T16:51:22Z cache-fty21383 MEWElogs[216063]: FLIPH, 1626281481032497378, FTY, 10
<134>2021-07-14T16:51:38Z cache-fty21383 MEWElogs[216063]: FLIPH, 1626281497638187429, FTY, 10
