<134>2021-07-14T21:30:53Z cache-del21735 MEWElogs[464521]: BLUR, 1626298252604371586, DEL, 11
<134>2021-07-14T21:30:57Z cache-akl10324 MEWElogs[464521]: BLUR, 1626298256861935924, AKL, 11
<134>2021-07-14T21:30:58Z cache-cph20625 MEWElogs[464521]: BLUR, 1626298257216265226, CPH, 11
<134>2021-07-14T21:31:14Z cache-akl10324 MEWElogs[464521]: BLUR, 1626298273522226364, AKL, 11
<134>2021-07-14T21:31:38Z cache-chi21126 MEWElogs[464521]: BLUR, 1626298297594393499, CHI, 11
<134>2021-07-14T21:32:31Z cache-bos4657 MEWElogs[464521]: BLUR, 1626298350015564908, BOS, 11
<134>2021-07-14T21:33:46Z cache-dub4329 MEWElogs[464521]: BLUR, 1626298426584231669, DUB, 11
<134>2021-07-14T21:34:16Z cache-chi21126 MEWElogs[464521]: BLUR, 1626298456400206870, CHI, 11
<134>2021-07-14T21:34:20Z cache-del21735 MEWElogs[464521]: BLUR, 1626298460322860786, DEL, 11
<134>2021-07-14T21:34:33Z cache-akl10324 MEWElogs[464521]: BLUR, 1626298472557810009, AKL, 11
<134>2021-07-14T21:35:27Z cache-fty21383 MEWElogs[464521]: BLUR, 1626298526739621119, FTY, 11
<134>2021-07-14T21:35:28Z cache-cph20625 MEWElogs[464521]: BLUR, 1626298528771038704, CPH, 11
<134>2021-07-14T21:36:46Z cache-pwk4920 MEWElogs[464521]: BLUR, 1626298606201577348, PWK, 11
<134>2021-07-14T21:37:39Z cache-pwk4920 MEWElogs[464521]: BLUR, 1626298658778180942, PWK, 11
<134>2021-07-14T21:38:04Z cache-bos4657 MEWElogs[464521]: BLUR, 1626298684550178392, BOS, 11
<134>2021-07-14T21:38:23Z cache-cph20625 MEWElogs[464521]: BLUR, 1626298702685704369, CPH, 11
<134>2021-07-14T21:38:25Z cache-dub4329 MEWElogs[464521]: BLUR, 1626298704742843615, DUB, 11
<134>2021-07-14T21:38:57Z cache-hhn4077 MEWElogs[464521]: BLUR, 1626298736755790220, HHN, 11
<134>2021-07-14T21:39:22Z cache-dub4329 MEWElogs[464521]: BLUR, 1626298761223027475, DUB, 11
<134>2021-07-14T21:39:25Z cache-bos4657 MEWElogs[464521]: BLUR, 1626298764369684620, BOS, 11
