<134>2021-07-15T05:07:26Z cache-ewr18156 MEWElogs[21956]: ROTATE, 1626325645930857133, EWR, 15
<134>2021-07-15T05:07:37Z cache-man4150 MEWElogs[21956]: ROTATE, 1626325656481550062, MAN, 15
<134>2021-07-15T05:08:19Z cache-cdg20720 MEWElogs[21956]: ROTATE, 1626325698884073100, CDG, 15
<134>2021-07-15T05:08:22Z cache-bom4751 MEWElogs[21956]: ROTATE, 1626325701189895902, BOM, 15
<134>2021-07-15T05:08:27Z cache-stp9226 MEWElogs[21956]: ROTATE, 1626325706002816603, STP, 15
<134>2021-07-15T05:08:32Z cache-osl6529 MEWElogs[21956]: ROTATE, 1626325711341722167, OSL, 15
<134>2021-07-15T05:08:37Z cache-cdg20720 MEWElogs[21956]: ROTATE, 1626325716746953797, CDG, 15
<134>2021-07-15T05:08:59Z cache-stp9226 MEWElogs[21956]: ROTATE, 1626325738125388869, STP, 15
<134>2021-07-15T05:08:59Z cache-bom4751 MEWElogs[21956]: ROTATE, 1626325738575440454, BOM, 15
<134>2021-07-15T05:09:34Z cache-osl6529 MEWElogs[21956]: ROTATE, 1626325773909370766, OSL, 15
<134>2021-07-15T05:09:58Z cache-osl6529 MEWElogs[21956]: ROTATE, 1626325797227139092, OSL, 15
<134>2021-07-15T05:11:01Z cache-bom4751 MEWElogs[21956]: ROTATE, 1626325860404371488, BOM, 15
<134>2021-07-15T05:11:16Z cache-lax10677 MEWElogs[21956]: ROTATE, 1626325875812435620, LGB, 15
<134>2021-07-15T05:11:41Z cache-lax10677 MEWElogs[21956]: ROTATE, 1626325900542930049, LGB, 15
<134>2021-07-15T05:11:53Z cache-lga21983 MEWElogs[21956]: ROTATE, 1626325912391705937, LGA, 15
<134>2021-07-15T05:12:04Z cache-mel11272 MEWElogs[21956]: ROTATE, 1626325924048789484, MEL, 15
<134>2021-07-15T05:12:20Z cache-lga21983 MEWElogs[21956]: ROTATE, 1626325939441227878, LGA, 15
<134>2021-07-15T05:12:20Z cache-gig17035 MEWElogs[21956]: ROTATE, 1626325940220957032, GIG, 15
<134>2021-07-15T05:13:24Z cache-gig17035 MEWElogs[21956]: ROTATE, 1626326003905551075, GIG, 15
<134>2021-07-15T05:14:00Z cache-cdg20720 MEWElogs[21956]: ROTATE, 1626326039311543346, CDG, 15
<134>2021-07-15T05:14:08Z cache-stl4834 MEWElogs[21956]: ROTATE, 1626326047716690889, STL, 15
<134>2021-07-15T05:14:30Z cache-mel11272 MEWElogs[21956]: ROTATE, 1626326069772151676, MEL, 15
<134>2021-07-15T05:14:32Z cache-scl19427 MEWElogs[21956]: ROTATE, 1626326072188106001, SCL, 15
<134>2021-07-15T05:14:52Z cache-stl4834 MEWElogs[21956]: ROTATE, 1626326091175289476, STL, 15
<134>2021-07-15T05:15:22Z cache-mel11272 MEWElogs[21956]: ROTATE, 1626326120921010495, MEL, 15
<134>2021-07-15T05:15:31Z cache-scl19427 MEWElogs[21956]: ROTATE, 1626326130985199662, SCL, 15
<134>2021-07-15T05:16:24Z cache-gig17035 MEWElogs[21956]: ROTATE, 1626326183145088295, GIG, 15
<134>2021-07-15T05:17:19Z cache-osl6529 MEWElogs[21956]: ROTATE, 1626326238892658312, OSL, 15
