<134>2021-07-14T17:53:14Z cache-pao17461 MEWElogs[21956]: FLIPH, 1626285194220165375, PAO, 10
<134>2021-07-14T17:53:21Z cache-pao17461 MEWElogs[21956]: FLIPH, 1626285201485310760, PAO, -1
<134>2021-07-14T17:53:26Z cache-itm18851 MEWElogs[21956]: FLIPH, 1626285205879098048, ITM, 10
<134>2021-07-14T17:53:33Z cache-scl19427 MEWElogs[21956]: FLIPH, 1626285212715214593, SCL, -1
<134>2021-07-14T17:54:11Z cache-gru17149 MEWElogs[21956]: FLIPH, 1626285250822616749, GRU, 10
<134>2021-07-14T17:54:24Z cache-stl4834 MEWElogs[21956]: FLIPH, 1626285264030304633, STL, -1
<134>2021-07-14T17:54:33Z cache-scl19427 MEWElogs[21956]: FLIPH, 1626285273152631047, SCL, -1
<134>2021-07-14T17:54:40Z cache-itm18851 MEWElogs[21956]: FLIPH, 1626285279122876024, ITM, 10
<134>2021-07-14T17:54:57Z cache-gru17149 MEWElogs[21956]: FLIPH, 1626285296303928888, GRU, -1
<134>2021-07-14T17:55:05Z cache-sjc10078 MEWElogs[21956]: FLIPH, 1626285304017321581, SJC, -1
<134>2021-07-14T17:55:19Z cache-hnd18722 MEWElogs[21956]: FLIPH, 1626285318804404703, HND, 10
<134>2021-07-14T17:55:30Z cache-hnd18722 MEWElogs[21956]: FLIPH, 1626285329441932131, HND, 10
<134>2021-07-14T17:56:02Z cache-pao17461 MEWElogs[21956]: FLIPH, 1626285361799384356, PAO, 10
<134>2021-07-14T17:56:09Z cache-cgh11122 MEWElogs[21956]: FLIPH, 1626285368884837657, CGH, 10
<134>2021-07-14T17:56:14Z cache-itm18851 MEWElogs[21956]: FLIPH, 1626285373102884977, ITM, 10
<134>2021-07-14T17:56:31Z cache-hnd18722 MEWElogs[21956]: FLIPH, 1626285390159889333, HND, -1
<134>2021-07-14T17:56:32Z cache-itm18851 MEWElogs[21956]: FLIPH, 1626285391430478569, ITM, -1
<134>2021-07-14T17:56:41Z cache-tyo11974 MEWElogs[21956]: FLIPH, 1626285400319341589, TYO, 10
<134>2021-07-14T17:56:49Z cache-stl4834 MEWElogs[21956]: FLIPH, 1626285409187807313, STL, -1
<134>2021-07-14T17:57:09Z cache-cgh11183 MEWElogs[21956]: FLIPH, 1626285428820503404, CGH, 10
<134>2021-07-14T17:57:29Z cache-cgh11183 MEWElogs[21956]: FLIPH, 1626285449422027800, CGH, 10
<134>2021-07-14T17:57:38Z cache-sea4483 MEWElogs[21956]: FLIPH, 1626285457471492944, SEA, 10
<134>2021-07-14T17:57:54Z cache-pao17461 MEWElogs[21956]: FLIPH, 1626285473683427324, PAO, -1
<134>2021-07-14T17:58:17Z cache-pao17461 MEWElogs[21956]: FLIPH, 1626285497226398807, PAO, 10
<134>2021-07-14T17:58:21Z cache-sea4483 MEWElogs[21956]: FLIPH, 1626285500580310018, SEA, 10
<134>2021-07-14T17:58:30Z cache-hnd18722 MEWElogs[21956]: FLIPH, 1626285509429617964, HND, 10
<134>2021-07-14T17:58:36Z cache-itm18851 MEWElogs[21956]: FLIPH, 1626285515730952441, ITM, -1
<134>2021-07-14T17:58:41Z cache-hnd18722 MEWElogs[21956]: FLIPH, 1626285520093178091, HND, 10
<134>2021-07-14T17:58:58Z cache-tyo11974 MEWElogs[21956]: FLIPH, 1626285536976110480, TYO, 10
<134>2021-07-14T17:58:58Z cache-cgh11183 MEWElogs[21956]: FLIPH, 1626285538382244984, CGH, -1
<134>2021-07-14T17:59:28Z cache-itm18851 MEWElogs[21956]: FLIPH, 1626285567649693903, ITM, -1
<134>2021-07-14T17:59:30Z cache-pao17461 MEWElogs[21956]: FLIPH, 1626285569576886849, PAO, 10
<134>2021-07-14T17:59:40Z cache-stl4834 MEWElogs[21956]: FLIPH, 1626285579743888021, STL, 10
<134>2021-07-14T17:59:48Z cache-tyo11974 MEWElogs[21956]: FLIPH, 1626285587907677271, TYO, -1
<134>2021-07-14T17:59:49Z cache-itm18851 MEWElogs[21956]: FLIPH, 1626285588314911920, ITM, -1
<134>2021-07-14T17:59:56Z cache-sea4483 MEWElogs[21956]: FLIPH, 1626285595909947632, SEA, -1
<134>2021-07-14T17:59:59Z cache-cgh11183 MEWElogs[21956]: FLIPH, 1626285598781180540, CGH, -1
<134>2021-07-14T18:00:08Z cache-sjc10078 MEWElogs[21956]: FLIPH, 1626285607072689258, SJC, 10
<134>2021-07-14T18:00:19Z cache-itm18851 MEWElogs[21956]: FLIPH, 1626285619326515248, ITM, -1
<134>2021-07-14T18:00:32Z cache-pao17461 MEWElogs[21956]: FLIPH, 1626285631789704053, PAO, 10
<134>2021-07-14T18:00:36Z cache-hnd18722 MEWElogs[21956]: FLIPH, 1626285635225966295, HND, -1
<134>2021-07-14T18:00:49Z cache-bma1628 MEWElogs[21956]: FLIPH, 1626285648595008756, BMA, -1
<134>2021-07-14T18:00:53Z cache-sea4483 MEWElogs[21956]: FLIPH, 1626285653080295046, SEA, 10
<134>2021-07-14T18:01:04Z cache-sea4483 MEWElogs[21956]: FLIPH, 1626285663822209753, SEA, 10
<134>2021-07-14T18:01:12Z cache-tyo11974 MEWElogs[21956]: FLIPH, 1626285671411045407, TYO, 10
<134>2021-07-14T18:01:20Z cache-sjc10078 MEWElogs[21956]: FLIPH, 1626285680172330378, SJC, 10
<134>2021-07-14T18:01:21Z cache-pao17461 MEWElogs[21956]: FLIPH, 1626285681160562932, PAO, -1
<134>2021-07-14T18:02:17Z cache-sea4483 MEWElogs[21956]: FLIPH, 1626285736773252451, SEA, -1
<134>2021-07-14T18:02:24Z cache-cgh11183 MEWElogs[21956]: FLIPH, 1626285743218823199, CGH, 10
<134>2021-07-14T18:02:34Z cache-sjc10078 MEWElogs[21956]: FLIPH, 1626285754091346672, SJC, 10
<134>2021-07-14T18:02:50Z cache-tyo11974 MEWElogs[21956]: FLIPH, 1626285769444319981, TYO, -1
<134>2021-07-14T18:02:54Z cache-hnd18722 MEWElogs[21956]: FLIPH, 1626285774224091019, HND, -1
<134>2021-07-14T18:03:01Z cache-itm18851 MEWElogs[21956]: FLIPH, 1626285780003663682, ITM, 10
<134>2021-07-14T18:03:08Z cache-itm18851 MEWElogs[21956]: FLIPH, 1626285787555739487, ITM, -1
<134>2021-07-14T18:03:10Z cache-itm18851 MEWElogs[21956]: FLIPH, 1626285790191077876, ITM, 10
