<134>2021-07-15T00:38:43Z cache-chi21126 MEWElogs[292213]: CROP, 1626309523130957606, CHI, 12
<134>2021-07-15T00:38:46Z cache-dfw18678 MEWElogs[292213]: CROP, 1626309526740555263, DFW, 12
<134>2021-07-15T00:38:52Z cache-dfw18678 MEWElogs[292213]: CROP, 1626309531643902073, DFW, 12
<134>2021-07-15T00:38:56Z cache-dfw18678 MEWElogs[292213]: CROP, 1626309535802509874, DFW, 12
<134>2021-07-15T00:39:10Z cache-del21735 MEWElogs[292213]: CROP, 1626309549305991177, DEL, 12
<134>2021-07-15T00:39:14Z cache-dub4329 MEWElogs[292213]: CROP, 1626309553590531584, DUB, 12
<134>2021-07-15T00:39:30Z cache-cph20625 MEWElogs[292213]: CROP, 1626309569687210790, CPH, 12
<134>2021-07-15T00:39:36Z cache-del21735 MEWElogs[292213]: CROP, 1626309575068582760, DEL, 12
<134>2021-07-15T00:40:03Z cache-akl10324 MEWElogs[292213]: CROP, 1626309601969330667, AKL, 12
<134>2021-07-15T00:40:16Z cache-akl10324 MEWElogs[292213]: CROP, 1626309615835641694, AKL, 12
<134>2021-07-15T00:40:38Z cache-del21735 MEWElogs[292213]: CROP, 1626309637192186005, DEL, 12
<134>2021-07-15T00:40:41Z cache-del21735 MEWElogs[292213]: CROP, 1626309640777329035, DEL, 12
<134>2021-07-15T00:40:48Z cache-dub4329 MEWElogs[292213]: CROP, 1626309647910080742, DUB, 12
<134>2021-07-15T00:41:08Z cache-akl10324 MEWElogs[292213]: CROP, 1626309667224527875, AKL, 12
<134>2021-07-15T00:41:22Z cache-del21735 MEWElogs[292213]: CROP, 1626309681872305149, DEL, 12
<134>2021-07-15T00:41:42Z cache-bos4657 MEWElogs[292213]: CROP, 1626309702102486023, BOS, 12
<134>2021-07-15T00:41:43Z cache-pwk4920 MEWElogs[292213]: CROP, 1626309702328491358, PWK, 12
<134>2021-07-15T00:41:46Z cache-bos4657 MEWElogs[292213]: CROP, 1626309705867412548, BOS, 12
<134>2021-07-15T00:41:51Z cache-pwk4920 MEWElogs[292213]: CROP, 1626309710878396033, PWK, 12
<134>2021-07-15T00:42:00Z cache-pwk4920 MEWElogs[292213]: CROP, 1626309719797335152, PWK, 12
<134>2021-07-15T00:42:04Z cache-dfw18678 MEWElogs[292213]: CROP, 1626309724508934822, DFW, 12
<134>2021-07-15T00:42:14Z cache-jnb7027 MEWElogs[292213]: CROP, 1626309733486098657, JNB, 12
<134>2021-07-15T00:42:22Z cache-pwk4920 MEWElogs[292213]: CROP, 1626309741080342195, PWK, 12
<134>2021-07-15T00:42:25Z cache-hel6829 MEWElogs[292213]: CROP, 1626309744108853801, HEL, 12
<134>2021-07-15T00:42:39Z cache-iah17271 MEWElogs[292213]: CROP, 1626309759203352179, IAH, 12
<134>2021-07-15T00:42:49Z cache-jnb7027 MEWElogs[292213]: CROP, 1626309768891747289, JNB, 12
<134>2021-07-15T00:43:06Z cache-jnb7027 MEWElogs[292213]: CROP, 1626309785026178457, JNB, 12
<134>2021-07-15T00:43:06Z cache-hel6829 MEWElogs[292213]: CROP, 1626309785906716259, HEL, 12
<134>2021-07-15T00:43:10Z cache-jnb7027 MEWElogs[292213]: CROP, 1626309788921318324, JNB, 12
<134>2021-07-15T00:43:25Z cache-dal21283 MEWElogs[292213]: CROP, 1626309804983660860, DAL, 12
<134>2021-07-15T00:43:42Z cache-mad22068 MEWElogs[292213]: CROP, 1626309821144368676, MAD, 12
<134>2021-07-15T00:43:57Z cache-mrs10583 MEWElogs[292213]: CROP, 1626309836558669250, MRS, 12
<134>2021-07-15T00:44:08Z cache-dal21283 MEWElogs[292213]: CROP, 1626309847837612261, DAL, 12
<134>2021-07-15T00:44:27Z cache-dal21283 MEWElogs[292213]: CROP, 1626309867027602073, DAL, 12
<134>2021-07-15T00:44:40Z cache-den8274 MEWElogs[292213]: CROP, 1626309879828479340, DEN, 12
<134>2021-07-15T00:44:51Z cache-den8274 MEWElogs[292213]: CROP, 1626309890639830914, DEN, 12
<134>2021-07-15T00:44:58Z cache-den8274 MEWElogs[292213]: CROP, 1626309898127806500, DEN, 12
<134>2021-07-15T00:45:05Z cache-dal21283 MEWElogs[292213]: CROP, 1626309904755388508, DAL, 12
<134>2021-07-15T00:45:07Z cache-lcy19283 MEWElogs[292213]: CROP, 1626309906740112881, LCY, 12
<134>2021-07-15T00:45:08Z cache-mad22068 MEWElogs[292213]: CROP, 1626309907036246936, MAD, 12
<134>2021-07-15T00:45:30Z cache-den8274 MEWElogs[292213]: CROP, 1626309930098411483, DEN, 12
<134>2021-07-15T00:46:16Z cache-iah17271 MEWElogs[292213]: CROP, 1626309975291866912, IAH, 12
<134>2021-07-15T00:46:26Z cache-den8274 MEWElogs[292213]: CROP, 1626309985067674921, DEN, 12
<134>2021-07-15T00:46:37Z cache-lcy19283 MEWElogs[292213]: CROP, 1626309996191862164, LCY, 12
<134>2021-07-15T00:46:39Z cache-lcy19283 MEWElogs[292213]: CROP, 1626309999211871725, LCY, 12
<134>2021-07-15T00:46:40Z cache-mrs10583 MEWElogs[292213]: CROP, 1626309999847324413, MRS, 12
<134>2021-07-15T00:46:47Z cache-mad22068 MEWElogs[292213]: CROP, 1626310006887793745, MAD, 12
<134>2021-07-15T00:46:53Z cache-mad22068 MEWElogs[292213]: CROP, 1626310013116090771, MAD, 12
<134>2021-07-15T00:46:54Z cache-jnb7027 MEWElogs[292213]: CROP, 1626310013259994669, JNB, 12
<134>2021-07-15T00:46:54Z cache-dal21283 MEWElogs[292213]: CROP, 1626310013640816750, DAL, 12
<134>2021-07-15T00:46:55Z cache-bur17583 MEWElogs[292213]: CROP, 1626310014939160070, BUR, 12
<134>2021-07-15T00:47:03Z cache-mad22068 MEWElogs[292213]: CROP, 1626310022868910389, MAD, 12
<134>2021-07-15T00:47:07Z cache-mrs10583 MEWElogs[292213]: CROP, 1626310025969366362, MRS, 12
<134>2021-07-15T00:47:13Z cache-bur17583 MEWElogs[292213]: CROP, 1626310032185040512, BUR, 12
<134>2021-07-15T00:47:23Z cache-iah17271 MEWElogs[292213]: CROP, 1626310042233695068, IAH, 12
<134>2021-07-15T00:47:37Z cache-jnb7027 MEWElogs[292213]: CROP, 1626310056727854691, JNB, 12
<134>2021-07-15T00:47:38Z cache-bur17583 MEWElogs[292213]: CROP, 1626310057709983562, BUR, 12
<134>2021-07-15T00:47:44Z cache-mrs10583 MEWElogs[292213]: CROP, 1626310063723334517, MRS, 12
<134>2021-07-15T00:47:46Z cache-bur17583 MEWElogs[292213]: CROP, 1626310066163584350, BUR, 12
<134>2021-07-15T00:47:58Z cache-dal21283 MEWElogs[292213]: CROP, 1626310077504846092, DAL, 12
<134>2021-07-15T00:48:08Z cache-hkg17929 MEWElogs[292213]: CROP, 1626310088736467383, HKG, 12
<134>2021-07-15T00:48:11Z cache-mia11368 MEWElogs[292213]: CROP, 1626310090461635848, MIA, 12
<134>2021-07-15T00:48:17Z cache-mad22068 MEWElogs[292213]: CROP, 1626310096209469049, MAD, 12
<134>2021-07-15T00:48:26Z cache-mad22068 MEWElogs[292213]: CROP, 1626310105553203618, MAD, 12
<134>2021-07-15T00:48:29Z cache-lhr7382 MEWElogs[292213]: CROP, 1626310108816490951, LHR, 12
<134>2021-07-15T00:48:31Z cache-dal21283 MEWElogs[292213]: CROP, 1626310111088556514, DAL, 12
<134>2021-07-15T00:48:39Z cache-jax20933 MEWElogs[292213]: CROP, 1626310119030748182, JAX, 12
