<134>2021-07-15T04:06:18Z cache-pdk17882 MEWElogs[46369]: ROTATE, 1626321977640698199, PDK, 15
<134>2021-07-15T04:06:37Z cache-pdk17882 MEWElogs[46369]: ROTATE, 1626321996494058225, PDK, 15
<134>2021-07-15T04:06:51Z cache-wdc5583 MEWElogs[46369]: ROTATE, 1626322011235221715, WDC, 15
<134>2021-07-15T04:06:55Z cache-ord1740 MEWElogs[46369]: ROTATE, 1626322014639356891, ORD, 15
<134>2021-07-15T04:06:59Z cache-bog6425 MEWElogs[46369]: ROTATE, 1626322018715454169, BOG, 15
<134>2021-07-15T04:07:04Z cache-ord1740 MEWElogs[46369]: ROTATE, 1626322023727511603, ORD, 15
<134>2021-07-15T04:07:32Z cache-maa10251 MEWElogs[46369]: ROTATE, 1626322052055723929, MAA, 15
<134>2021-07-15T04:08:12Z cache-cph20625 MEWElogs[46369]: ROTATE, 1626322092011151432, CPH, 15
<134>2021-07-15T04:09:08Z cache-cph20625 MEWElogs[46369]: ROTATE, 1626322147905283430, CPH, 15
<134>2021-07-15T04:09:19Z cache-dca17782 MEWElogs[46369]: ROTATE, 1626322158340807590, DCA, 15
<134>2021-07-15T04:09:39Z cache-bog6425 MEWElogs[46369]: ROTATE, 1626322178972222069, BOG, 15
<134>2021-07-15T04:10:08Z cache-wdc5583 MEWElogs[46369]: ROTATE, 1626322208341994439, WDC, 15
<134>2021-07-15T04:10:14Z cache-cph20625 MEWElogs[46369]: ROTATE, 1626322213326778836, CPH, 15
<134>2021-07-15T04:10:20Z cache-pdk17882 MEWElogs[46369]: ROTATE, 1626322219692372180, PDK, 15
<134>2021-07-15T04:10:30Z cache-pdk17882 MEWElogs[46369]: ROTATE, 1626322229030438991, PDK, 15
<134>2021-07-15T04:10:41Z cache-eze19324 MEWElogs[46369]: ROTATE, 1626322240706651496, EZE, 15
<134>2021-07-15T04:10:46Z cache-ord1740 MEWElogs[46369]: ROTATE, 1626322245381300366, ORD, 15
<134>2021-07-15T04:11:05Z cache-ord1740 MEWElogs[46369]: ROTATE, 1626322264053578384, ORD, 15
<134>2021-07-15T04:11:28Z cache-bog6425 MEWElogs[46369]: ROTATE, 1626322287913031536, BOG, 15
<134>2021-07-15T04:11:32Z cache-ord1740 MEWElogs[46369]: ROTATE, 1626322291778311872, ORD, 15
<134>2021-07-15T04:12:00Z cache-eze19324 MEWElogs[46369]: ROTATE, 1626322319693055236, EZE, 15
<134>2021-07-15T04:12:06Z cache-wdc5583 MEWElogs[46369]: ROTATE, 1626322326099769985, WDC, 15
<134>2021-07-15T04:12:16Z cache-cph20625 MEWElogs[46369]: ROTATE, 1626322335139990824, CPH, 15
<134>2021-07-15T04:12:17Z cache-wdc5583 MEWElogs[46369]: ROTATE, 1626322337000023093, WDC, 15
<134>2021-07-15T04:12:22Z cache-eze19324 MEWElogs[46369]: ROTATE, 1626322341857799161, EZE, 15
<134>2021-07-15T04:12:29Z cache-dca17782 MEWElogs[46369]: ROTATE, 1626322348363548607, DCA, 15
<134>2021-07-15T04:12:38Z cache-dca17782 MEWElogs[46369]: ROTATE, 1626322358037000362, DCA, 15
<134>2021-07-15T04:12:43Z cache-cph20625 MEWElogs[46369]: ROTATE, 1626322363408968967, CPH, 15
<134>2021-07-15T04:12:58Z cache-mdw17383 MEWElogs[46369]: ROTATE, 1626322377600441311, MDW, 15
<134>2021-07-15T04:13:00Z cache-maa10251 MEWElogs[46369]: ROTATE, 1626322379051644054, MAA, 15
<134>2021-07-15T04:13:01Z cache-wdc5583 MEWElogs[46369]: ROTATE, 1626322380309339477, WDC, 15
<134>2021-07-15T04:13:27Z cache-maa10251 MEWElogs[46369]: ROTATE, 1626322406795369832, MAA, 15
<134>2021-07-15T04:13:35Z cache-dca17782 MEWElogs[46369]: ROTATE, 1626322415342108872, DCA, 15
<134>2021-07-15T04:13:37Z cache-pdk17882 MEWElogs[46369]: ROTATE, 1626322416773786632, PDK, 15
<134>2021-07-15T04:13:40Z cache-ams21020 MEWElogs[46369]: ROTATE, 1626322419410314952, AMS, 15
<134>2021-07-15T04:14:36Z cache-ord1740 MEWElogs[46369]: ROTATE, 1626322475860725678, ORD, 15
<134>2021-07-15T04:14:37Z cache-bog6425 MEWElogs[46369]: ROTATE, 1626322477370491837, BOG, 15
<134>2021-07-15T04:14:46Z cache-wdc5583 MEWElogs[46369]: ROTATE, 1626322486151929556, WDC, 15
<134>2021-07-15T04:14:58Z cache-bog6425 MEWElogs[46369]: ROTATE, 1626322497491814797, BOG, 15
<134>2021-07-15T04:15:05Z cache-ams21020 MEWElogs[46369]: ROTATE, 1626322504907210509, AMS, 15
<134>2021-07-15T04:15:10Z cache-pdk17882 MEWElogs[46369]: ROTATE, 1626322509523917018, PDK, 15
<134>2021-07-15T04:15:14Z cache-cph20625 MEWElogs[46369]: ROTATE, 1626322513547341346, CPH, 15
<134>2021-07-15T04:15:17Z cache-bog6425 MEWElogs[46369]: ROTATE, 1626322517208390757, BOG, 15
<134>2021-07-15T04:15:28Z cache-maa10251 MEWElogs[46369]: ROTATE, 1626322527996636587, MAA, 15
<134>2021-07-15T04:15:36Z cache-ams21020 MEWElogs[46369]: ROTATE, 1626322535700238124, AMS, 15
<134>2021-07-15T04:15:37Z cache-dca17782 MEWElogs[46369]: ROTATE, 1626322536841081255, DCA, 15
<134>2021-07-15T04:16:07Z cache-bog6425 MEWElogs[46369]: ROTATE, 1626322566880164943, BOG, 15
