<134>2021-07-15T01:43:54Z cache-hel6829 MEWElogs[318405]: GRAY, 1626313434063429700, HEL, 13
<134>2021-07-15T01:43:57Z cache-bur17583 MEWElogs[318405]: GRAY, 1626313437838631347, BUR, 13
<134>2021-07-15T01:43:59Z cache-jnb7027 MEWElogs[318405]: GRAY, 1626313438241517039, JNB, 13
<134>2021-07-15T01:44:08Z cache-iah17271 MEWElogs[318405]: GRAY, 1626313447370366905, IAH, 13
<134>2021-07-15T01:44:37Z cache-lon4249 MEWElogs[318405]: GRAY, 1626313476216184221, LON, 13
<134>2021-07-15T01:45:20Z cache-den8274 MEWElogs[318405]: GRAY, 1626313520407567172, DEN, 13
<134>2021-07-15T01:45:46Z cache-cwb20520 MEWElogs[318405]: GRAY, 1626313545320687872, CWB, 13
<134>2021-07-15T01:46:10Z cache-mad22068 MEWElogs[318405]: GRAY, 1626313569887386385, MAD, 13
<134>2021-07-15T01:46:19Z cache-dal21283 MEWElogs[318405]: GRAY, 1626313579602901598, DAL, 13
<134>2021-07-15T01:46:21Z cache-mad22068 MEWElogs[318405]: GRAY, 1626313580223600471, MAD, 13
<134>2021-07-15T01:46:56Z cache-bur17583 MEWElogs[318405]: GRAY, 1626313615625145949, BUR, 13
<134>2021-07-15T01:47:44Z cache-lon4249 MEWElogs[318405]: GRAY, 1626313663340769426, LON, 13
<134>2021-07-15T01:48:00Z cache-den8274 MEWElogs[318405]: GRAY, 1626313679543055584, DEN, 13
<134>2021-07-15T01:48:48Z cache-dal21283 MEWElogs[318405]: GRAY, 1626313728057229306, DAL, 13
<134>2021-07-15T01:49:01Z cache-jnb7027 MEWElogs[318405]: GRAY, 1626313740697053553, JNB, 13
<134>2021-07-15T01:49:13Z cache-dal21283 MEWElogs[318405]: GRAY, 1626313752627919917, DAL, 13
<134>2021-07-15T01:49:34Z cache-bur17583 MEWElogs[318405]: GRAY, 1626313773959440347, BUR, 13
<134>2021-07-15T01:49:36Z cache-iah17271 MEWElogs[318405]: GRAY, 1626313775365118569, IAH, 13
<134>2021-07-15T01:49:51Z cache-den8274 MEWElogs[318405]: GRAY, 1626313791640013191, DEN, 13
<134>2021-07-15T01:49:58Z cache-den8274 MEWElogs[318405]: GRAY, 1626313797534558447, DEN, 13
<134>2021-07-15T01:50:40Z cache-dal21283 MEWElogs[318405]: GRAY, 1626313840638755722, DAL, 13
<134>2021-07-15T01:50:44Z cache-jnb7027 MEWElogs[318405]: GRAY, 1626313843619278661, JNB, 13
<134>2021-07-15T01:50:50Z cache-lcy19283 MEWElogs[318405]: GRAY, 1626313849931713363, LCY, 13
<134>2021-07-15T01:50:56Z cache-dal21283 MEWElogs[318405]: GRAY, 1626313856159466781, DAL, 13
<134>2021-07-15T01:51:00Z cache-lcy19283 MEWElogs[318405]: GRAY, 1626313859904730187, LCY, 13
<134>2021-07-15T01:51:08Z cache-den8274 MEWElogs[318405]: GRAY, 1626313868234888226, DEN, 13
<134>2021-07-15T01:51:57Z cache-bur17583 MEWElogs[318405]: GRAY, 1626313916323603621, BUR, 13
<134>2021-07-15T01:52:02Z cache-lhr7382 MEWElogs[318405]: GRAY, 1626313922106034642, LHR, 13
<134>2021-07-15T01:52:09Z cache-jnb7027 MEWElogs[318405]: GRAY, 1626313928014021041, JNB, 13
<134>2021-07-15T01:52:20Z cache-jnb7027 MEWElogs[318405]: GRAY, 1626313939925221803, JNB, 13
<134>2021-07-15T01:52:40Z cache-dal21283 MEWElogs[318405]: GRAY, 1626313960042004517, DAL, 13
<134>2021-07-15T01:52:50Z cache-lhr7382 MEWElogs[318405]: GRAY, 1626313969747823435, LHR, 13
<134>2021-07-15T01:53:02Z cache-mia11368 MEWElogs[318405]: GRAY, 1626313981177450151, MIA, 13
<134>2021-07-15T01:53:14Z cache-lhr7382 MEWElogs[318405]: GRAY, 1626313993417610803, LHR, 13
<134>2021-07-15T01:53:37Z cache-mrs10583 MEWElogs[318405]: GRAY, 1626314016699657776, MRS, 13
<134>2021-07-15T01:53:42Z cache-mrs10583 MEWElogs[318405]: GRAY, 1626314021334708101, MRS, 13
