<134>2021-07-14T16:41:57Z cache-ord1740 MEWElogs[382896]: FLIPH, 1626280917732857724, ORD, -1
<134>2021-07-14T16:42:09Z cache-cmh21547 MEWElogs[382896]: FLIPH, 1626280929020332511, CMH, 10
<134>2021-07-14T16:42:21Z cache-eze19324 MEWElogs[382896]: FLIPH, 1626280940960110662, EZE, 10
<134>2021-07-14T16:42:23Z cache-bog6425 MEWElogs[382896]: FLIPH, 1626280943376064260, BOG, 10
<134>2021-07-14T16:42:28Z cache-dca17782 MEWElogs[382896]: FLIPH, 1626280947182280175, DCA, -1
<134>2021-07-14T16:42:29Z cache-cph20625 MEWElogs[382896]: FLIPH, 1626280949152714815, CPH, -1
<134>2021-07-14T16:42:44Z cache-maa10251 MEWElogs[382896]: FLIPH, 1626280963642350761, MAA, -1
<134>2021-07-14T16:42:51Z cache-wdc5583 MEWElogs[382896]: FLIPH, 1626280970678243909, WDC, 10
<134>2021-07-14T16:42:52Z cache-bog6425 MEWElogs[382896]: FLIPH, 1626280972881650701, BOG, 10
<134>2021-07-14T16:42:54Z cache-maa10251 MEWElogs[382896]: FLIPH, 1626280973468137880, MAA, -1
<134>2021-07-14T16:43:01Z cache-akl10324 MEWElogs[382896]: FLIPH, 1626280980645303543, AKL, 10
<134>2021-07-14T16:43:03Z cache-bog6425 MEWElogs[382896]: FLIPH, 1626280982744484363, BOG, 10
<134>2021-07-14T16:43:08Z cache-wdc5583 MEWElogs[382896]: FLIPH, 1626280987774912864, WDC, -1
<134>2021-07-14T16:43:20Z cache-eze19324 MEWElogs[382896]: FLIPH, 1626280999855669120, EZE, 10
<134>2021-07-14T16:43:32Z cache-bos4657 MEWElogs[382896]: FLIPH, 1626281010985133124, BOS, 10
<134>2021-07-14T16:43:35Z cache-dfw18678 MEWElogs[382896]: FLIPH, 1626281014103060377, DFW, -1
<134>2021-07-14T16:43:38Z cache-dfw18678 MEWElogs[382896]: FLIPH, 1626281017645500482, DFW, 10
<134>2021-07-14T16:43:49Z cache-akl10324 MEWElogs[382896]: FLIPH, 1626281028031385104, AKL, -1
<134>2021-07-14T16:43:58Z cache-cph20625 MEWElogs[382896]: FLIPH, 1626281037469849794, CPH, -1
<134>2021-07-14T16:44:00Z cache-dfw18678 MEWElogs[382896]: FLIPH, 1626281039779176037, DFW, 10
<134>2021-07-14T16:44:02Z cache-fty21383 MEWElogs[382896]: FLIPH, 1626281041452227735, FTY, 10
<134>2021-07-14T16:44:21Z cache-chi21126 MEWElogs[382896]: FLIPH, 1626281061168381847, CHI, 10
<134>2021-07-14T16:44:44Z cache-dfw18678 MEWElogs[382896]: FLIPH, 1626281083866123700, DFW, 10
<134>2021-07-14T16:44:56Z cache-fty21383 MEWElogs[382896]: FLIPH, 1626281096336393500, FTY, -1
<134>2021-07-14T16:44:57Z cache-chi21126 MEWElogs[382896]: FLIPH, 1626281096025904093, CHI, -1
<134>2021-07-14T16:44:59Z cache-akl10324 MEWElogs[382896]: FLIPH, 1626281098056496047, AKL, -1
<134>2021-07-14T16:45:09Z cache-akl10324 MEWElogs[382896]: FLIPH, 1626281108166826512, AKL, -1
<134>2021-07-14T16:45:24Z cache-fty21383 MEWElogs[382896]: FLIPH, 1626281123933050531, FTY, 10
<134>2021-07-14T16:45:37Z cache-dub4329 MEWElogs[382896]: FLIPH, 1626281136662470661, DUB, 10
<134>2021-07-14T16:45:41Z cache-akl10324 MEWElogs[382896]: FLIPH, 1626281140705377709, AKL, 10
<134>2021-07-14T16:45:53Z cache-dub4329 MEWElogs[382896]: FLIPH, 1626281152393807022, DUB, 10
<134>2021-07-14T16:46:32Z cache-chi21126 MEWElogs[382896]: FLIPH, 1626281192704427121, CHI, -1
<134>2021-07-14T16:46:39Z cache-akl10324 MEWElogs[382896]: FLIPH, 1626281198027854169, AKL, -1
<134>2021-07-14T16:46:41Z cache-akl10324 MEWElogs[382896]: FLIPH, 1626281200466316433, AKL, 10
<134>2021-07-14T16:46:55Z cache-del21735 MEWElogs[382896]: FLIPH, 1626281214899746167, DEL, 10
<134>2021-07-14T16:46:59Z cache-akl10324 MEWElogs[382896]: FLIPH, 1626281218057648016, AKL, -1
<134>2021-07-14T16:47:09Z cache-hhn4077 MEWElogs[382896]: FLIPH, 1626281228978195106, HHN, -1
<134>2021-07-14T16:47:33Z cache-dfw18678 MEWElogs[382896]: FLIPH, 1626281252643706689, DFW, 10
<134>2021-07-14T16:47:33Z cache-del21735 MEWElogs[382896]: FLIPH, 1626281253056545392, DEL, 10
<134>2021-07-14T16:47:37Z cache-fty21383 MEWElogs[382896]: FLIPH, 1626281256056824936, FTY, 10
<134>2021-07-14T16:47:45Z cache-bos4657 MEWElogs[382896]: FLIPH, 1626281265450754210, BOS, 10
<134>2021-07-14T16:47:50Z cache-pwk4920 MEWElogs[382896]: FLIPH, 1626281269366949997, PWK, 10
<134>2021-07-14T16:47:55Z cache-dfw18678 MEWElogs[382896]: FLIPH, 1626281274946423248, DFW, 10
<134>2021-07-14T16:48:14Z cache-dub4329 MEWElogs[382896]: FLIPH, 1626281294068260033, DUB, 10
<134>2021-07-14T16:48:16Z cache-fty21383 MEWElogs[382896]: FLIPH, 1626281295751048957, FTY, -1
<134>2021-07-14T16:48:18Z cache-cph20625 MEWElogs[382896]: FLIPH, 1626281297306124154, CPH, 10
<134>2021-07-14T16:48:19Z cache-akl10324 MEWElogs[382896]: FLIPH, 1626281298415878718, AKL, -1
<134>2021-07-14T16:48:19Z cache-pwk4920 MEWElogs[382896]: FLIPH, 1626281299123104061, PWK, 10
<134>2021-07-14T16:48:22Z cache-dub4329 MEWElogs[382896]: FLIPH, 1626281301947087717, DUB, 10
<134>2021-07-14T16:48:26Z cache-chi21126 MEWElogs[382896]: FLIPH, 1626281305502115611, CHI, -1
<134>2021-07-14T16:48:27Z cache-bos4657 MEWElogs[382896]: FLIPH, 1626281307497569306, BOS, -1
<134>2021-07-14T16:48:29Z cache-chi21126 MEWElogs[382896]: FLIPH, 1626281308567834392, CHI, 10
<134>2021-07-14T16:48:39Z cache-akl10324 MEWElogs[382896]: FLIPH, 1626281318521121251, AKL, -1
<134>2021-07-14T16:48:55Z cache-bos4657 MEWElogs[382896]: FLIPH, 1626281334558991125, BOS, -1
<134>2021-07-14T16:49:01Z cache-hhn4077 MEWElogs[382896]: FLIPH, 1626281341295023497, HHN, -1
<134>2021-07-14T16:49:12Z cache-akl10324 MEWElogs[382896]: FLIPH, 1626281351493410028, AKL, 10
<134>2021-07-14T16:49:14Z cache-fty21383 MEWElogs[382896]: FLIPH, 1626281354082024311, FTY, -1
<134>2021-07-14T16:49:43Z cache-akl10324 MEWElogs[382896]: FLIPH, 1626281382222529732, AKL, 10
<134>2021-07-14T16:49:52Z cache-chi21126 MEWElogs[382896]: FLIPH, 1626281391064517637, CHI, -1
<134>2021-07-14T16:49:53Z cache-hhn4077 MEWElogs[382896]: FLIPH, 1626281392661052748, HHN, 10
<134>2021-07-14T16:49:54Z cache-chi21126 MEWElogs[382896]: FLIPH, 1626281394091851571, CHI, 10
<134>2021-07-14T16:49:59Z cache-cph20625 MEWElogs[382896]: FLIPH, 1626281399138897315, CPH, 10
<134>2021-07-14T16:50:09Z cache-chi21126 MEWElogs[382896]: FLIPH, 1626281409668309700, CHI, -1
<134>2021-07-14T16:50:13Z cache-del21735 MEWElogs[382896]: FLIPH, 1626281412456976249, DEL, 10
<134>2021-07-14T16:50:16Z cache-dfw18678 MEWElogs[382896]: FLIPH, 1626281416766716484, DFW, -1
<134>2021-07-14T16:50:34Z cache-bos4657 MEWElogs[382896]: FLIPH, 1626281434279069835, BOS, -1
<134>2021-07-14T16:50:39Z cache-chi21126 MEWElogs[382896]: FLIPH, 1626281438781283784, CHI, -1
<134>2021-07-14T16:50:57Z cache-fty21383 MEWElogs[382896]: FLIPH, 1626281456110110084, FTY, 10
<134>2021-07-14T16:51:09Z cache-dub4329 MEWElogs[382896]: FLIPH, 1626281468690998979, DUB, 10
<134>2021-07-14T16:51:10Z cache-pwk4920 MEWElogs[382896]: FLIPH, 1626281469388991792, PWK, 10
<134>2021-07-14T16:51:30Z cache-fty21383 MEWElogs[382896]: FLIPH, 1626281489325072257, FTY, 10
<134>2021-07-14T16:51:32Z cache-hhn4077 MEWElogs[382896]: FLIPH, 1626281491877751027, HHN, -1
<134>2021-07-14T16:51:32Z cache-akl10324 MEWElogs[382896]: FLIPH, 1626281491577241790, AKL, 10
