<134>2021-07-15T05:18:01Z cache-itm18851 MEWElogs[400146]: ROTATE, 1626326280240348345, ITM, 15
<134>2021-07-15T05:18:07Z cache-stl4834 MEWElogs[400146]: ROTATE, 1626326287562539299, STL, 15
<134>2021-07-15T05:18:18Z cache-cdg20720 MEWElogs[400146]: ROTATE, 1626326297683957737, CDG, 15
<134>2021-07-15T05:18:19Z cache-stl4834 MEWElogs[400146]: ROTATE, 1626326298355871311, STL, 15
<134>2021-07-15T05:18:27Z cache-cdg20720 MEWElogs[400146]: ROTATE, 1626326307177390722, CDG, 15
<134>2021-07-15T05:18:52Z cache-stl4834 MEWElogs[400146]: ROTATE, 1626326330986438187, STL, 15
<134>2021-07-15T05:19:01Z cache-pao17461 MEWElogs[400146]: ROTATE, 1626326340125103817, PAO, 15
<134>2021-07-15T05:19:08Z cache-itm18851 MEWElogs[400146]: ROTATE, 1626326348023659747, ITM, 15
<134>2021-07-15T05:19:40Z cache-mel11272 MEWElogs[400146]: ROTATE, 1626326379055488367, MEL, 15
<134>2021-07-15T05:20:27Z cache-pao17461 MEWElogs[400146]: ROTATE, 1626326426762359282, PAO, 15
<134>2021-07-15T05:20:49Z cache-cdg20720 MEWElogs[400146]: ROTATE, 1626326448797950480, CDG, 15
<134>2021-07-15T05:21:01Z cache-itm18851 MEWElogs[400146]: ROTATE, 1626326460473039724, ITM, 15
<134>2021-07-15T05:21:02Z cache-stl4834 MEWElogs[400146]: ROTATE, 1626326461042599348, STL, 15
<134>2021-07-15T05:21:05Z cache-gig17035 MEWElogs[400146]: ROTATE, 1626326465415403462, GIG, 15
<134>2021-07-15T05:21:17Z cache-gig17035 MEWElogs[400146]: ROTATE, 1626326475946369433, GIG, 15
<134>2021-07-15T05:21:24Z cache-hnd18722 MEWElogs[400146]: ROTATE, 1626326483697907412, HND, 15
<134>2021-07-15T05:21:25Z cache-cdg20720 MEWElogs[400146]: ROTATE, 1626326485763284972, CDG, 15
<134>2021-07-15T05:21:55Z cache-stl4834 MEWElogs[400146]: ROTATE, 1626326514831506117, STL, 15
<134>2021-07-15T05:21:58Z cache-hnd18722 MEWElogs[400146]: ROTATE, 1626326517376824128, HND, 15
<134>2021-07-15T05:22:00Z cache-gru17149 MEWElogs[400146]: ROTATE, 1626326519855865745, GRU, 15
<134>2021-07-15T05:22:09Z cache-hnd18722 MEWElogs[400146]: ROTATE, 1626326528098596078, HND, 15
<134>2021-07-15T05:22:40Z cache-syd10183 MEWElogs[400146]: ROTATE, 1626326559808451342, SYD, 15
<134>2021-07-15T05:23:02Z cache-cgh11122 MEWElogs[400146]: ROTATE, 1626326581831642138, CGH, 15
<134>2021-07-15T05:23:14Z cache-hnd18722 MEWElogs[400146]: ROTATE, 1626326593709496625, HND, 15
<134>2021-07-15T05:23:41Z cache-itm18851 MEWElogs[400146]: ROTATE, 1626326620531752464, ITM, 15
<134>2021-07-15T05:24:10Z cache-cgh11122 MEWElogs[400146]: ROTATE, 1626326649504028096, CGH, 15
<134>2021-07-15T05:24:16Z cache-stl4834 MEWElogs[400146]: ROTATE, 1626326656066221009, STL, 15
<134>2021-07-15T05:24:30Z cache-scl19427 MEWElogs[400146]: ROTATE, 1626326669831128608, SCL, 15
<134>2021-07-15T05:25:10Z cache-syd10183 MEWElogs[400146]: ROTATE, 1626326709467161160, SYD, 15
<134>2021-07-15T05:25:10Z cache-itm18851 MEWElogs[400146]: ROTATE, 1626326709685148909, ITM, 15
<134>2021-07-15T05:25:17Z cache-gig17035 MEWElogs[400146]: ROTATE, 1626326716166163439, GIG, 15
<134>2021-07-15T05:25:21Z cache-gru17149 MEWElogs[400146]: ROTATE, 1626326720017329190, GRU, 15
<134>2021-07-15T05:25:54Z cache-stl4834 MEWElogs[400146]: ROTATE, 1626326753479709779, STL, 15
<134>2021-07-15T05:27:07Z cache-pao17461 MEWElogs[400146]: ROTATE, 1626326827032009808, PAO, 15
<134>2021-07-15T05:27:13Z cache-gig17035 MEWElogs[400146]: ROTATE, 1626326832897923338, GIG, 15
<134>2021-07-15T05:27:32Z cache-scl19427 MEWElogs[400146]: ROTATE, 1626326852118667742, SCL, 15
<134>2021-07-15T05:27:50Z cache-pao17461 MEWElogs[400146]: ROTATE, 1626326869163939055, PAO, 15
