<134>2021-07-14T17:02:33Z cache-jnb7027 MEWElogs[320228]: FLIPH, 1626282151885509022, JNB, -1
<134>2021-07-14T17:02:41Z cache-hel6829 MEWElogs[320228]: FLIPH, 1626282160535153006, HEL, 10
<134>2021-07-14T17:02:55Z cache-lon4249 MEWElogs[320228]: FLIPH, 1626282174250286231, LON, -1
<134>2021-07-14T17:02:58Z cache-dal21283 MEWElogs[320228]: FLIPH, 1626282178136446614, DAL, -1
<134>2021-07-14T17:03:51Z cache-jnb7027 MEWElogs[320228]: FLIPH, 1626282230375707917, JNB, -1
<134>2021-07-14T17:03:59Z cache-iah17271 MEWElogs[320228]: FLIPH, 1626282239317337609, IAH, -1
<134>2021-07-14T17:04:00Z cache-lon4249 MEWElogs[320228]: FLIPH, 1626282239248813744, LON, -1
<134>2021-07-14T17:04:04Z cache-cwb20520 MEWElogs[320228]: FLIPH, 1626282243909417862, CWB, 10
<134>2021-07-14T17:04:39Z cache-lcy19283 MEWElogs[320228]: FLIPH, 1626282279272966695, LCY, 10
<134>2021-07-14T17:05:09Z cache-jnb7027 MEWElogs[320228]: FLIPH, 1626282309411667343, JNB, -1
<134>2021-07-14T17:05:20Z cache-iah17271 MEWElogs[320228]: FLIPH, 1626282320038836879, IAH, 10
<134>2021-07-14T17:05:37Z cache-den8274 MEWElogs[320228]: FLIPH, 1626282336903524812, DEN, -1
<134>2021-07-14T17:05:49Z cache-cwb20520 MEWElogs[320228]: FLIPH, 1626282349202590300, CWB, -1
<134>2021-07-14T17:06:27Z cache-dal21283 MEWElogs[320228]: FLIPH, 1626282387047504588, DAL, 10
<134>2021-07-14T17:06:35Z cache-bur17583 MEWElogs[320228]: FLIPH, 1626282395091835392, BUR, 10
<134>2021-07-14T17:06:38Z cache-lcy19283 MEWElogs[320228]: FLIPH, 1626282398053946743, LCY, -1
<134>2021-07-14T17:06:59Z cache-fra19177 MEWElogs[320228]: FLIPH, 1626282418466043604, FRA, 10
<134>2021-07-14T17:07:01Z cache-dal21283 MEWElogs[320228]: FLIPH, 1626282421493762986, DAL, 10
<134>2021-07-14T17:07:07Z cache-den8274 MEWElogs[320228]: FLIPH, 1626282426769640905, DEN, -1
<134>2021-07-14T17:07:10Z cache-den8274 MEWElogs[320228]: FLIPH, 1626282429558717471, DEN, 10
<134>2021-07-14T17:07:37Z cache-dal21283 MEWElogs[320228]: FLIPH, 1626282456733834521, DAL, 10
<134>2021-07-14T17:07:57Z cache-lon4249 MEWElogs[320228]: FLIPH, 1626282476853839492, LON, -1
<134>2021-07-14T17:08:07Z cache-jnb7027 MEWElogs[320228]: FLIPH, 1626282486362923779, JNB, -1
<134>2021-07-14T17:08:19Z cache-bur17583 MEWElogs[320228]: FLIPH, 1626282498853892526, BUR, 10
<134>2021-07-14T17:08:21Z cache-den8274 MEWElogs[320228]: FLIPH, 1626282501496822994, DEN, 10
<134>2021-07-14T17:08:25Z cache-lon4249 MEWElogs[320228]: FLIPH, 1626282504132390635, LON, 10
<134>2021-07-14T17:08:28Z cache-fra19177 MEWElogs[320228]: FLIPH, 1626282506917789412, FRA, -1
<134>2021-07-14T17:08:55Z cache-jnb7027 MEWElogs[320228]: FLIPH, 1626282535655888606, JNB, -1
<134>2021-07-14T17:08:58Z cache-fra19177 MEWElogs[320228]: FLIPH, 1626282537341641227, FRA, 10
<134>2021-07-14T17:09:12Z cache-iah17271 MEWElogs[320228]: FLIPH, 1626282551847163805, IAH, -1
<134>2021-07-14T17:09:13Z cache-lcy19283 MEWElogs[320228]: FLIPH, 1626282552240537023, LCY, 10
<134>2021-07-14T17:09:13Z cache-den8274 MEWElogs[320228]: FLIPH, 1626282552330091542, DEN, -1
<134>2021-07-14T17:09:26Z cache-iah17271 MEWElogs[320228]: FLIPH, 1626282566311938197, IAH, 10
<134>2021-07-14T17:09:30Z cache-fra19177 MEWElogs[320228]: FLIPH, 1626282569588529714, FRA, -1
<134>2021-07-14T17:09:31Z cache-bur17583 MEWElogs[320228]: FLIPH, 1626282570799596267, BUR, 10
<134>2021-07-14T17:09:39Z cache-den8274 MEWElogs[320228]: FLIPH, 1626282578684037931, DEN, -1
<134>2021-07-14T17:10:00Z cache-dal21283 MEWElogs[320228]: FLIPH, 1626282600357579427, DAL, -1
<134>2021-07-14T17:10:05Z cache-jnb7027 MEWElogs[320228]: FLIPH, 1626282603868166558, JNB, -1
<134>2021-07-14T17:10:27Z cache-hel6829 MEWElogs[320228]: FLIPH, 1626282627292583330, HEL, -1
<134>2021-07-14T17:10:32Z cache-bur17583 MEWElogs[320228]: FLIPH, 1626282632767501513, BUR, 10
<134>2021-07-14T17:10:37Z cache-den8274 MEWElogs[320228]: FLIPH, 1626282636796788290, DEN, 10
<134>2021-07-14T17:10:43Z cache-lcy19283 MEWElogs[320228]: FLIPH, 1626282642314162320, LCY, 10
<134>2021-07-14T17:10:43Z cache-den8274 MEWElogs[320228]: FLIPH, 1626282642820829987, DEN, -1
<134>2021-07-14T17:11:01Z cache-bur17583 MEWElogs[320228]: FLIPH, 1626282660066267271, BUR, -1
<134>2021-07-14T17:11:03Z cache-jnb7027 MEWElogs[320228]: FLIPH, 1626282662392366945, JNB, -1
<134>2021-07-14T17:11:07Z cache-lon4249 MEWElogs[320228]: FLIPH, 1626282666847249231, LON, 10
<134>2021-07-14T17:11:15Z cache-jnb7027 MEWElogs[320228]: FLIPH, 1626282675026319108, JNB, 10
<134>2021-07-14T17:11:16Z cache-hel6829 MEWElogs[320228]: FLIPH, 1626282675943270426, HEL, -1
<134>2021-07-14T17:11:18Z cache-fra19177 MEWElogs[320228]: FLIPH, 1626282677594542863, FRA, -1
<134>2021-07-14T17:11:33Z cache-cwb20520 MEWElogs[320228]: FLIPH, 1626282691999982785, CWB, -1
<134>2021-07-14T17:11:55Z cache-jnb7027 MEWElogs[320228]: FLIPH, 1626282714446562723, JNB, 10
<134>2021-07-14T17:12:05Z cache-hel6829 MEWElogs[320228]: FLIPH, 1626282724602350816, HEL, -1
<134>2021-07-14T17:12:31Z cache-lcy19283 MEWElogs[320228]: FLIPH, 1626282750833136690, LCY, -1
