<134>2021-07-14T17:02:08Z cache-lon4249 MEWElogs[412844]: FLIPH, 1626282127752598795, LON, 10
<134>2021-07-14T17:02:15Z cache-cwb20520 MEWElogs[412844]: FLIPH, 1626282134737648714, CWB, 10
<134>2021-07-14T17:02:33Z cache-lon4249 MEWElogs[412844]: FLIPH, 1626282152671879360, LON, 10
<134>2021-07-14T17:02:36Z cache-fra19177 MEWElogs[412844]: FLIPH, 1626282155228930383, FRA, 10
<134>2021-07-14T17:02:50Z cache-hhn4077 MEWElogs[412844]: FLIPH, 1626282169574760322, HHN, 10
<134>2021-07-14T17:02:59Z cache-hel6829 MEWElogs[412844]: FLIPH, 1626282179734209763, HEL, 10
<134>2021-07-14T17:03:15Z cache-den8274 MEWElogs[412844]: FLIPH, 1626282194446170638, DEN, -1
<134>2021-07-14T17:03:20Z cache-hhn4077 MEWElogs[412844]: FLIPH, 1626282200042330611, HHN, -1
<134>2021-07-14T17:03:27Z cache-iah17271 MEWElogs[412844]: FLIPH, 1626282206879680940, IAH, -1
<134>2021-07-14T17:03:35Z cache-den8274 MEWElogs[412844]: FLIPH, 1626282214998192534, DEN, 10
<134>2021-07-14T17:03:35Z cache-fra19177 MEWElogs[412844]: FLIPH, 1626282215215061206, FRA, -1
<134>2021-07-14T17:03:36Z cache-lcy19283 MEWElogs[412844]: FLIPH, 1626282215458145520, LCY, -1
<134>2021-07-14T17:03:47Z cache-hhn4077 MEWElogs[412844]: FLIPH, 1626282227329966513, HHN, 10
<134>2021-07-14T17:03:59Z cache-hel6829 MEWElogs[412844]: FLIPH, 1626282238349018624, HEL, 10
<134>2021-07-14T17:04:00Z cache-jnb7027 MEWElogs[412844]: FLIPH, 1626282240105106200, JNB, -1
<134>2021-07-14T17:04:06Z cache-lcy19283 MEWElogs[412844]: FLIPH, 1626282245812960330, LCY, -1
<134>2021-07-14T17:04:24Z cache-hel6829 MEWElogs[412844]: FLIPH, 1626282264082075669, HEL, -1
<134>2021-07-14T17:04:29Z cache-den8274 MEWElogs[412844]: FLIPH, 1626282268881209054, DEN, 10
<134>2021-07-14T17:04:32Z cache-iah17271 MEWElogs[412844]: FLIPH, 1626282272084189992, IAH, -1
<134>2021-07-14T17:04:34Z cache-hhn4077 MEWElogs[412844]: FLIPH, 1626282273691020459, HHN, 10
<134>2021-07-14T17:04:34Z cache-hel6829 MEWElogs[412844]: FLIPH, 1626282273686011798, HEL, -1
<134>2021-07-14T17:04:52Z cache-den8274 MEWElogs[412844]: FLIPH, 1626282292146698341, DEN, -1
<134>2021-07-14T17:04:54Z cache-den8274 MEWElogs[412844]: FLIPH, 1626282294825893922, DEN, 10
<134>2021-07-14T17:05:05Z cache-lon4249 MEWElogs[412844]: FLIPH, 1626282304659423768, LON, -1
<134>2021-07-14T17:05:07Z cache-fra19177 MEWElogs[412844]: FLIPH, 1626282307201619199, FRA, -1
<134>2021-07-14T17:05:29Z cache-dal21283 MEWElogs[412844]: FLIPH, 1626282329325304843, DAL, 10
<134>2021-07-14T17:05:57Z cache-lon4249 MEWElogs[412844]: FLIPH, 1626282356799111598, LON, 10
<134>2021-07-14T17:06:01Z cache-fra19177 MEWElogs[412844]: FLIPH, 1626282360909936439, FRA, -1
<134>2021-07-14T17:06:01Z cache-bur17583 MEWElogs[412844]: FLIPH, 1626282360743610198, BUR, -1
<134>2021-07-14T17:06:01Z cache-jnb7027 MEWElogs[412844]: FLIPH, 1626282361406284610, JNB, 10
<134>2021-07-14T17:06:08Z cache-lcy19283 MEWElogs[412844]: FLIPH, 1626282368134250491, LCY, -1
<134>2021-07-14T17:06:48Z cache-lcy19283 MEWElogs[412844]: FLIPH, 1626282407817392804, LCY, -1
<134>2021-07-14T17:06:56Z cache-hel6829 MEWElogs[412844]: FLIPH, 1626282415045061800, HEL, 10
<134>2021-07-14T17:06:58Z cache-lcy19283 MEWElogs[412844]: FLIPH, 1626282417890783062, LCY, -1
<134>2021-07-14T17:07:16Z cache-den8274 MEWElogs[412844]: FLIPH, 1626282436223062056, DEN, -1
<134>2021-07-14T17:07:20Z cache-iah17271 MEWElogs[412844]: FLIPH, 1626282439983368954, IAH, -1
<134>2021-07-14T17:07:46Z cache-den8274 MEWElogs[412844]: FLIPH, 1626282465891192831, DEN, 10
<134>2021-07-14T17:07:56Z cache-iah17271 MEWElogs[412844]: FLIPH, 1626282475726407081, IAH, 10
<134>2021-07-14T17:08:07Z cache-dal21283 MEWElogs[412844]: FLIPH, 1626282486452046780, DAL, -1
<134>2021-07-14T17:08:14Z cache-iah17271 MEWElogs[412844]: FLIPH, 1626282494303111743, IAH, -1
<134>2021-07-14T17:08:49Z cache-cwb20520 MEWElogs[412844]: FLIPH, 1626282527971141339, CWB, 10
<134>2021-07-14T17:08:52Z cache-lcy19283 MEWElogs[412844]: FLIPH, 1626282531837038753, LCY, 10
<134>2021-07-14T17:08:55Z cache-dal21283 MEWElogs[412844]: FLIPH, 1626282534885140829, DAL, 10
<134>2021-07-14T17:08:58Z cache-hel6829 MEWElogs[412844]: FLIPH, 1626282537780344229, HEL, -1
<134>2021-07-14T17:09:21Z cache-fra19177 MEWElogs[412844]: FLIPH, 1626282560788306765, FRA, -1
<134>2021-07-14T17:09:32Z cache-hel6829 MEWElogs[412844]: FLIPH, 1626282571313450963, HEL, 10
<134>2021-07-14T17:09:48Z cache-den8274 MEWElogs[412844]: FLIPH, 1626282587537162442, DEN, -1
<134>2021-07-14T17:09:59Z cache-bur17583 MEWElogs[412844]: FLIPH, 1626282598587462519, BUR, -1
<134>2021-07-14T17:10:02Z cache-bur17583 MEWElogs[412844]: FLIPH, 1626282601764801666, BUR, 10
<134>2021-07-14T17:10:07Z cache-cwb20520 MEWElogs[412844]: FLIPH, 1626282606514044618, CWB, 10
<134>2021-07-14T17:10:18Z cache-lon4249 MEWElogs[412844]: FLIPH, 1626282617791375005, LON, 10
<134>2021-07-14T17:10:19Z cache-iah17271 MEWElogs[412844]: FLIPH, 1626282618467045663, IAH, -1
<134>2021-07-14T17:10:50Z cache-dal21283 MEWElogs[412844]: FLIPH, 1626282649950149349, DAL, 10
<134>2021-07-14T17:10:54Z cache-bur17583 MEWElogs[412844]: FLIPH, 1626282653221389468, BUR, 10
<134>2021-07-14T17:10:59Z cache-lon4249 MEWElogs[412844]: FLIPH, 1626282658771125337, LON, 10
<134>2021-07-14T17:11:05Z cache-iah17271 MEWElogs[412844]: FLIPH, 1626282665747540526, IAH, 10
<134>2021-07-14T17:11:06Z cache-cwb20520 MEWElogs[412844]: FLIPH, 1626282665366244423, CWB, 10
<134>2021-07-14T17:11:10Z cache-bur17583 MEWElogs[412844]: FLIPH, 1626282670383199820, BUR, -1
<134>2021-07-14T17:11:12Z cache-fra19177 MEWElogs[412844]: FLIPH, 1626282671738912847, FRA, 10
<134>2021-07-14T17:11:15Z cache-cwb20520 MEWElogs[412844]: FLIPH, 1626282675007639441, CWB, 10
<134>2021-07-14T17:11:33Z cache-lcy19283 MEWElogs[412844]: FLIPH, 1626282692768759243, LCY, 10
<134>2021-07-14T17:11:36Z cache-iah17271 MEWElogs[412844]: FLIPH, 1626282695250827407, IAH, -1
<134>2021-07-14T17:11:42Z cache-cwb20520 MEWElogs[412844]: FLIPH, 1626282701766758846, CWB, -1
<134>2021-07-14T17:11:52Z cache-cwb20520 MEWElogs[412844]: FLIPH, 1626282711411861884, CWB, -1
<134>2021-07-14T17:12:03Z cache-fra19177 MEWElogs[412844]: FLIPH, 1626282723111084431, FRA, -1
