<134>2021-07-14T16:51:58Z cache-hhn4077 MEWElogs[46369]: FLIPH, 1626281518448560949, HHN, 10
<134>2021-07-14T16:52:04Z cache-chi21126 MEWElogs[46369]: FLIPH, 1626281523817090838, CHI, -1
<134>2021-07-14T16:52:27Z cache-fty21383 MEWElogs[46369]: FLIPH, 1626281546971440187, FTY, 10
<134>2021-07-14T16:52:36Z cache-pwk4920 MEWElogs[46369]: FLIPH, 1626281556414166253, PWK, -1
<134>2021-07-14T16:52:56Z cache-hhn4077 MEWElogs[46369]: FLIPH, 1626281575437357626, HHN, 10
<134>2021-07-14T16:53:00Z cache-dub4329 MEWElogs[46369]: FLIPH, 1626281579393139538, DUB, 10
<134>2021-07-14T16:53:12Z cache-akl10324 MEWElogs[46369]: FLIPH, 1626281591225599862, AKL, 10
<134>2021-07-14T16:53:24Z cache-dub4329 MEWElogs[46369]: FLIPH, 1626281603412274758, DUB, 10
<134>2021-07-14T16:53:40Z cache-dub4329 MEWElogs[46369]: FLIPH, 1626281619187406368, DUB, 10
<134>2021-07-14T16:53:43Z cache-akl10324 MEWElogs[46369]: FLIPH, 1626281622001839257, AKL, 10
<134>2021-07-14T16:53:47Z cache-cph20625 MEWElogs[46369]: FLIPH, 1626281627063303204, CPH, -1
<134>2021-07-14T16:53:58Z cache-del21735 MEWElogs[46369]: FLIPH, 1626281636995034371, DEL, 10
<134>2021-07-14T16:54:03Z cache-cph20625 MEWElogs[46369]: FLIPH, 1626281642639577242, CPH, 10
<134>2021-07-14T16:54:03Z cache-dub4329 MEWElogs[46369]: FLIPH, 1626281642652637430, DUB, 10
<134>2021-07-14T16:54:03Z cache-dfw18678 MEWElogs[46369]: FLIPH, 1626281643094100627, DFW, 10
<134>2021-07-14T16:54:05Z cache-hhn4077 MEWElogs[46369]: FLIPH, 1626281644998832830, HHN, 10
<134>2021-07-14T16:54:16Z cache-chi21126 MEWElogs[46369]: FLIPH, 1626281655665731977, CHI, -1
<134>2021-07-14T16:54:19Z cache-chi21126 MEWElogs[46369]: FLIPH, 1626281658597656053, CHI, 10
<134>2021-07-14T16:54:40Z cache-akl10324 MEWElogs[46369]: FLIPH, 1626281679878592387, AKL, -1
<134>2021-07-14T16:54:47Z cache-dub4329 MEWElogs[46369]: FLIPH, 1626281687128212736, DUB, -1
<134>2021-07-14T16:54:47Z cache-chi21126 MEWElogs[46369]: FLIPH, 1626281686921942309, CHI, 10
<134>2021-07-14T16:54:55Z cache-cph20625 MEWElogs[46369]: FLIPH, 1626281694082656456, CPH, -1
<134>2021-07-14T16:55:05Z cache-del21735 MEWElogs[46369]: FLIPH, 1626281705533994112, DEL, -1
<134>2021-07-14T16:55:06Z cache-dub4329 MEWElogs[46369]: FLIPH, 1626281705401581715, DUB, 10
<134>2021-07-14T16:55:09Z cache-fty21383 MEWElogs[46369]: FLIPH, 1626281709881536744, FTY, -1
<134>2021-07-14T16:55:16Z cache-pwk4920 MEWElogs[46369]: FLIPH, 1626281715605708467, PWK, -1
<134>2021-07-14T16:55:18Z cache-fty21383 MEWElogs[46369]: FLIPH, 1626281718191783476, FTY, -1
<134>2021-07-14T16:55:34Z cache-chi21126 MEWElogs[46369]: FLIPH, 1626281734230574988, CHI, 10
<134>2021-07-14T16:56:03Z cache-fty21383 MEWElogs[46369]: FLIPH, 1626281762487441752, FTY, 10
<134>2021-07-14T16:56:09Z cache-hhn4077 MEWElogs[46369]: FLIPH, 1626281769344376879, HHN, 10
<134>2021-07-14T16:56:10Z cache-dub4329 MEWElogs[46369]: FLIPH, 1626281769290549964, DUB, 10
<134>2021-07-14T16:56:32Z cache-chi21126 MEWElogs[46369]: FLIPH, 1626281791237537482, CHI, 10
<134>2021-07-14T16:56:39Z cache-hhn4077 MEWElogs[46369]: FLIPH, 1626281799084796800, HHN, -1
<134>2021-07-14T16:56:55Z cache-dfw18678 MEWElogs[46369]: FLIPH, 1626281814044675216, DFW, -1
<134>2021-07-14T16:57:09Z cache-dfw18678 MEWElogs[46369]: FLIPH, 1626281828460550803, DFW, 10
<134>2021-07-14T16:57:23Z cache-hel6829 MEWElogs[46369]: FLIPH, 1626281843420188613, HEL, -1
<134>2021-07-14T16:57:24Z cache-del21735 MEWElogs[46369]: FLIPH, 1626281843379648246, DEL, 10
<134>2021-07-14T16:57:38Z cache-pwk4920 MEWElogs[46369]: FLIPH, 1626281858591203773, PWK, 10
<134>2021-07-14T16:57:43Z cache-bos4657 MEWElogs[46369]: FLIPH, 1626281862894737641, BOS, 10
<134>2021-07-14T16:57:44Z cache-dub4329 MEWElogs[46369]: FLIPH, 1626281863328447096, DUB, 10
<134>2021-07-14T16:57:46Z cache-akl10324 MEWElogs[46369]: FLIPH, 1626281865024147688, AKL, 10
<134>2021-07-14T16:57:52Z cache-bos4657 MEWElogs[46369]: FLIPH, 1626281871924662105, BOS, 10
<134>2021-07-14T16:58:00Z cache-del21735 MEWElogs[46369]: FLIPH, 1626281879858347595, DEL, -1
<134>2021-07-14T16:58:02Z cache-hel6829 MEWElogs[46369]: FLIPH, 1626281882372293699, HEL, -1
<134>2021-07-14T16:58:07Z cache-dub4329 MEWElogs[46369]: FLIPH, 1626281886887986237, DUB, 10
<134>2021-07-14T16:58:08Z cache-iah17271 MEWElogs[46369]: FLIPH, 1626281887574850561, IAH, 10
<134>2021-07-14T16:58:09Z cache-pwk4920 MEWElogs[46369]: FLIPH, 1626281888780251809, PWK, 10
<134>2021-07-14T16:58:09Z cache-del21735 MEWElogs[46369]: FLIPH, 1626281889331209502, DEL, -1
<134>2021-07-14T16:58:12Z cache-dub4329 MEWElogs[46369]: FLIPH, 1626281892096244246, DUB, -1
<134>2021-07-14T16:58:16Z cache-akl10324 MEWElogs[46369]: FLIPH, 1626281895013003784, AKL, 10
<134>2021-07-14T16:58:20Z cache-hhn4077 MEWElogs[46369]: FLIPH, 1626281900134496847, HHN, -1
<134>2021-07-14T16:58:23Z cache-akl10324 MEWElogs[46369]: FLIPH, 1626281902474907033, AKL, -1
<134>2021-07-14T16:58:32Z cache-hel6829 MEWElogs[46369]: FLIPH, 1626281911664857399, HEL, -1
<134>2021-07-14T16:58:33Z cache-akl10324 MEWElogs[46369]: FLIPH, 1626281912645944080, AKL, -1
<134>2021-07-14T16:58:39Z cache-del21735 MEWElogs[46369]: FLIPH, 1626281918465108825, DEL, -1
<134>2021-07-14T16:58:40Z cache-iah17271 MEWElogs[46369]: FLIPH, 1626281920667357566, IAH, 10
<134>2021-07-14T16:58:41Z cache-cph20625 MEWElogs[46369]: FLIPH, 1626281920752503424, CPH, 10
<134>2021-07-14T16:58:45Z cache-dfw18678 MEWElogs[46369]: FLIPH, 1626281924017983220, DFW, -1
<134>2021-07-14T16:59:08Z cache-fra19177 MEWElogs[46369]: FLIPH, 1626281947927933297, FRA, 10
<134>2021-07-14T16:59:28Z cache-jnb7027 MEWElogs[46369]: FLIPH, 1626281967774432797, JNB, 10
<134>2021-07-14T16:59:35Z cache-jnb7027 MEWElogs[46369]: FLIPH, 1626281974690412953, JNB, -1
<134>2021-07-14T16:59:44Z cache-hhn4077 MEWElogs[46369]: FLIPH, 1626281984691413719, HHN, 10
<134>2021-07-14T16:59:45Z cache-iah17271 MEWElogs[46369]: FLIPH, 1626281984289211848, IAH, -1
<134>2021-07-14T17:00:00Z cache-dfw18678 MEWElogs[46369]: FLIPH, 1626281999325009285, DFW, -1
<134>2021-07-14T17:00:08Z cache-fra19177 MEWElogs[46369]: FLIPH, 1626282008170082037, FRA, -1
<134>2021-07-14T17:00:13Z cache-lcy19283 MEWElogs[46369]: FLIPH, 1626282012315481960, LCY, -1
<134>2021-07-14T17:00:25Z cache-dfw18678 MEWElogs[46369]: FLIPH, 1626282024540743304, DFW, 10
<134>2021-07-14T17:00:25Z cache-del21735 MEWElogs[46369]: FLIPH, 1626282024377154419, DEL, 10
<134>2021-07-14T17:00:44Z cache-dfw18678 MEWElogs[46369]: FLIPH, 1626282043784176585, DFW, -1
<134>2021-07-14T17:00:44Z cache-iah17271 MEWElogs[46369]: FLIPH, 1626282043640903545, IAH, 10
<134>2021-07-14T17:00:54Z cache-lcy19283 MEWElogs[46369]: FLIPH, 1626282053308445523, LCY, -1
<134>2021-07-14T17:01:05Z cache-fra19177 MEWElogs[46369]: FLIPH, 1626282064818118406, FRA, 10
<134>2021-07-14T17:01:09Z cache-pwk4920 MEWElogs[46369]: FLIPH, 1626282068377773732, PWK, 10
<134>2021-07-14T17:01:19Z cache-den8274 MEWElogs[46369]: FLIPH, 1626282077977908355, DEN, -1
<134>2021-07-14T17:01:39Z cache-fra19177 MEWElogs[46369]: FLIPH, 1626282098284896617, FRA, -1
<134>2021-07-14T17:01:51Z cache-fra19177 MEWElogs[46369]: FLIPH, 1626282110569442500, FRA, 10
<134>2021-07-14T17:01:55Z cache-den8274 MEWElogs[46369]: FLIPH, 1626282114015084584, DEN, -1
