<134>2021-07-15T02:22:25Z cache-cgh11183 MEWElogs[400146]: GRAY, 1626315744446955607, CGH, 13
<134>2021-07-15T02:23:07Z cache-tyo11974 MEWElogs[400146]: GRAY, 1626315786317987208, TYO, 13
<134>2021-07-15T02:23:13Z cache-tyo11974 MEWElogs[400146]: GRAY, 1626315792613000153, TYO, 13
<134>2021-07-15T02:23:29Z cache-itm18851 MEWElogs[400146]: GRAY, 1626315808868755594, ITM, 13
<134>2021-07-15T02:24:13Z cache-yyz4551 MEWElogs[400146]: GRAY, 1626315852235293040, YYZ, 13
<134>2021-07-15T02:24:30Z cache-itm18851 MEWElogs[400146]: GRAY, 1626315869200354766, ITM, 13
<134>2021-07-15T02:24:59Z cache-bma1628 MEWElogs[400146]: GRAY, 1626315898569384909, BMA, 13
<134>2021-07-15T02:25:31Z cache-bma1628 MEWElogs[400146]: GRAY, 1626315930531803080, BMA, 13
<134>2021-07-15T02:25:48Z cache-yyz4551 MEWElogs[400146]: GRAY, 1626315947260339793, YYZ, 13
<134>2021-07-15T02:25:51Z cache-tyo11974 MEWElogs[400146]: GRAY, 1626315951240093276, TYO, 13
<134>2021-07-15T02:26:06Z cache-cgh11183 MEWElogs[400146]: GRAY, 1626315965901894283, CGH, 13
<134>2021-07-15T02:26:13Z cache-yyz4551 MEWElogs[400146]: GRAY, 1626315972579800104, YYZ, 13
<134>2021-07-15T02:26:26Z cache-yyz4551 MEWElogs[400146]: GRAY, 1626315985231019580, YYZ, 13
<134>2021-07-15T02:26:32Z cache-yyz4551 MEWElogs[400146]: GRAY, 1626315991678052159, YYZ, 13
<134>2021-07-15T02:26:47Z cache-sjc10078 MEWElogs[400146]: GRAY, 1626316006662297181, SJC, 13
<134>2021-07-15T02:26:51Z cache-bma1628 MEWElogs[400146]: GRAY, 1626316010299527451, BMA, 13
<134>2021-07-15T02:27:26Z cache-sea4483 MEWElogs[400146]: GRAY, 1626316045807386242, SEA, 13
<134>2021-07-15T02:27:30Z cache-sjc10078 MEWElogs[400146]: GRAY, 1626316049675427493, SJC, 13
<134>2021-07-15T02:27:41Z cache-yyz4551 MEWElogs[400146]: GRAY, 1626316060942033602, YYZ, 13
<134>2021-07-15T02:27:57Z cache-sea4483 MEWElogs[400146]: GRAY, 1626316077623471784, SEA, 13
<134>2021-07-15T02:28:31Z cache-bma1628 MEWElogs[400146]: GRAY, 1626316110842248035, BMA, 13
<134>2021-07-15T02:28:43Z cache-tyo11974 MEWElogs[400146]: GRAY, 1626316122833651461, TYO, 13
<134>2021-07-15T02:29:01Z cache-sea4483 MEWElogs[400146]: GRAY, 1626316140697939544, SEA, 13
<134>2021-07-15T02:29:14Z cache-bma1628 MEWElogs[400146]: GRAY, 1626316153607448839, BMA, 13
<134>2021-07-15T02:29:25Z cache-cgh11183 MEWElogs[400146]: GRAY, 1626316164118488563, CGH, 13
<134>2021-07-15T02:31:36Z cache-tyo11974 MEWElogs[400146]: GRAY, 1626316295620368858, TYO, 13
