<134>2021-07-15T06:32:08Z cache-dub4329 MEWElogs[46369]: UNSH, 1626330727003066544, DUB, 16
<134>2021-07-15T06:32:17Z cache-fty21383 MEWElogs[46369]: UNSH, 1626330736193643630, FTY, 16
<134>2021-07-15T06:32:29Z cache-dfw18678 MEWElogs[46369]: UNSH, 1626330748786166941, DFW, 16
<134>2021-07-15T06:32:49Z cache-chi21126 MEWElogs[46369]: UNSH, 1626330768974349153, CHI, 16
<134>2021-07-15T06:33:00Z cache-del21735 MEWElogs[46369]: UNSH, 1626330779627928151, DEL, 16
<134>2021-07-15T06:33:18Z cache-chi21126 MEWElogs[46369]: UNSH, 1626330797838160692, CHI, 16
<134>2021-07-15T06:33:21Z cache-hhn4077 MEWElogs[46369]: UNSH, 1626330801377561184, HHN, 16
<134>2021-07-15T06:33:25Z cache-bos4657 MEWElogs[46369]: UNSH, 1626330804326538296, BOS, 16
<134>2021-07-15T06:33:51Z cache-bos4657 MEWElogs[46369]: UNSH, 1626330831086629291, BOS, 16
<134>2021-07-15T06:33:52Z cache-pwk4920 MEWElogs[46369]: UNSH, 1626330831396767158, PWK, 16
<134>2021-07-15T06:33:58Z cache-cwb20520 MEWElogs[46369]: UNSH, 1626330837599391505, CWB, 16
<134>2021-07-15T06:33:59Z cache-hhn4077 MEWElogs[46369]: UNSH, 1626330838118619263, HHN, 16
<134>2021-07-15T06:34:11Z cache-pwk4920 MEWElogs[46369]: UNSH, 1626330850515262519, PWK, 16
<134>2021-07-15T06:35:32Z cache-dub4329 MEWElogs[46369]: UNSH, 1626330932675800094, DUB, 16
<134>2021-07-15T06:35:35Z cache-dal21283 MEWElogs[46369]: UNSH, 1626330934861329084, DAL, 16
<134>2021-07-15T06:35:45Z cache-pwk4920 MEWElogs[46369]: UNSH, 1626330944775768692, PWK, 16
<134>2021-07-15T06:35:50Z cache-dub4329 MEWElogs[46369]: UNSH, 1626330949206865408, DUB, 16
<134>2021-07-15T06:35:54Z cache-chi21126 MEWElogs[46369]: UNSH, 1626330954804330369, CHI, 16
<134>2021-07-15T06:36:14Z cache-dub4329 MEWElogs[46369]: UNSH, 1626330973812265425, DUB, 16
<134>2021-07-15T06:36:25Z cache-hhn4077 MEWElogs[46369]: UNSH, 1626330984745546216, HHN, 16
<134>2021-07-15T06:36:50Z cache-bos4657 MEWElogs[46369]: UNSH, 1626331009333487624, BOS, 16
<134>2021-07-15T06:36:56Z cache-dub4329 MEWElogs[46369]: UNSH, 1626331014961839229, DUB, 16
<134>2021-07-15T06:37:12Z cache-dub4329 MEWElogs[46369]: UNSH, 1626331031514769964, DUB, 16
<134>2021-07-15T06:37:16Z cache-del21735 MEWElogs[46369]: UNSH, 1626331036009706029, DEL, 16
<134>2021-07-15T06:37:27Z cache-cwb20520 MEWElogs[46369]: UNSH, 1626331046109582004, CWB, 16
<134>2021-07-15T06:37:41Z cache-chi21126 MEWElogs[46369]: UNSH, 1626331060474204650, CHI, 16
<134>2021-07-15T06:37:47Z cache-cwb20520 MEWElogs[46369]: UNSH, 1626331066735514550, CWB, 16
<134>2021-07-15T06:37:59Z cache-dal21283 MEWElogs[46369]: UNSH, 1626331079501366032, DAL, 16
<134>2021-07-15T06:38:07Z cache-pwk4920 MEWElogs[46369]: UNSH, 1626331086023074308, PWK, 16
<134>2021-07-15T06:38:14Z cache-hhn4077 MEWElogs[46369]: UNSH, 1626331093673535959, HHN, 16
<134>2021-07-15T06:38:34Z cache-akl10324 MEWElogs[46369]: UNSH, 1626331113693523733, AKL, 16
<134>2021-07-15T06:38:43Z cache-del21735 MEWElogs[46369]: UNSH, 1626331122490568576, DEL, 16
<134>2021-07-15T06:39:12Z cache-pwk4920 MEWElogs[46369]: UNSH, 1626331151274438451, PWK, 16
<134>2021-07-15T06:39:12Z cache-bos4657 MEWElogs[46369]: UNSH, 1626331151594532539, BOS, 16
<134>2021-07-15T06:39:16Z cache-dub4329 MEWElogs[46369]: UNSH, 1626331155158521413, DUB, 16
<134>2021-07-15T06:39:33Z cache-chi21126 MEWElogs[46369]: UNSH, 1626331172554379014, CHI, 16
<134>2021-07-15T06:39:36Z cache-hhn4077 MEWElogs[46369]: UNSH, 1626331176872875914, HHN, 16
<134>2021-07-15T06:39:40Z cache-del21735 MEWElogs[46369]: UNSH, 1626331179891337967, DEL, 16
<134>2021-07-15T06:39:42Z cache-chi21126 MEWElogs[46369]: UNSH, 1626331181017804960, CHI, 16
<134>2021-07-15T06:40:03Z cache-dal21283 MEWElogs[46369]: UNSH, 1626331203497053044, DAL, 16
<134>2021-07-15T06:40:05Z cache-hhn4077 MEWElogs[46369]: UNSH, 1626331204974001441, HHN, 16
<134>2021-07-15T06:40:15Z cache-chi21126 MEWElogs[46369]: UNSH, 1626331214831168444, CHI, 16
<134>2021-07-15T06:40:36Z cache-akl10324 MEWElogs[46369]: UNSH, 1626331236488929139, AKL, 16
<134>2021-07-15T06:40:42Z cache-fra19177 MEWElogs[46369]: UNSH, 1626331240984324228, FRA, 16
<134>2021-07-15T06:40:51Z cache-chi21126 MEWElogs[46369]: UNSH, 1626331250764728345, CHI, 16
<134>2021-07-15T06:41:06Z cache-jnb7027 MEWElogs[46369]: UNSH, 1626331265195797613, JNB, 16
<134>2021-07-15T06:41:32Z cache-cwb20520 MEWElogs[46369]: UNSH, 1626331291660824151, CWB, 16
<134>2021-07-15T06:41:33Z cache-akl10324 MEWElogs[46369]: UNSH, 1626331293021777206, AKL, 16
<134>2021-07-15T06:41:44Z cache-iah17271 MEWElogs[46369]: UNSH, 1626331304315106772, IAH, 16
<134>2021-07-15T06:41:45Z cache-fra19177 MEWElogs[46369]: UNSH, 1626331304756762322, FRA, 16
<134>2021-07-15T06:41:57Z cache-hhn4077 MEWElogs[46369]: UNSH, 1626331316515534773, HHN, 16
