<134>2021-07-14T17:22:41Z cache-stp9226 MEWElogs[21956]: FLIPH, 1626283360269181942, STP, -1
<134>2021-07-14T17:22:43Z cache-hkg17929 MEWElogs[21956]: FLIPH, 1626283362376762694, HKG, -1
<134>2021-07-14T17:22:43Z cache-mrs10583 MEWElogs[21956]: FLIPH, 1626283362800862543, MRS, 10
<134>2021-07-14T17:22:44Z cache-yul12826 MEWElogs[21956]: FLIPH, 1626283364330906817, YUL, -1
<134>2021-07-14T17:22:48Z cache-lhr7382 MEWElogs[21956]: FLIPH, 1626283367737342751, LHR, 10
<134>2021-07-14T17:22:51Z cache-jax20933 MEWElogs[21956]: FLIPH, 1626283371501959744, JAX, 10
<134>2021-07-14T17:22:56Z cache-mad22068 MEWElogs[21956]: FLIPH, 1626283376222795328, MAD, 10
<134>2021-07-14T17:23:09Z cache-yul12826 MEWElogs[21956]: FLIPH, 1626283388420207698, YUL, 10
<134>2021-07-14T17:23:19Z cache-mci5951 MEWElogs[21956]: FLIPH, 1626283399772684689, MCI, 10
<134>2021-07-14T17:23:20Z cache-mia11368 MEWElogs[21956]: FLIPH, 1626283399330378659, MIA, -1
<134>2021-07-14T17:23:22Z cache-mrs10583 MEWElogs[21956]: FLIPH, 1626283401702781088, MRS, -1
<134>2021-07-14T17:23:25Z cache-jax20933 MEWElogs[21956]: FLIPH, 1626283404848812886, JAX, -1
<134>2021-07-14T17:23:27Z cache-mci5951 MEWElogs[21956]: FLIPH, 1626283406787444972, MCI, -1
<134>2021-07-14T17:23:52Z cache-mia11368 MEWElogs[21956]: FLIPH, 1626283431217993176, MIA, -1
<134>2021-07-14T17:24:03Z cache-lax10677 MEWElogs[21956]: FLIPH, 1626283442870385242, LGB, -1
<134>2021-07-14T17:24:05Z cache-hkg17929 MEWElogs[21956]: FLIPH, 1626283444817357452, HKG, -1
<134>2021-07-14T17:24:05Z cache-yul12826 MEWElogs[21956]: FLIPH, 1626283445350548754, YUL, 10
<134>2021-07-14T17:24:06Z cache-mad22068 MEWElogs[21956]: FLIPH, 1626283445314765673, MAD, 10
<134>2021-07-14T17:24:26Z cache-hkg17929 MEWElogs[21956]: FLIPH, 1626283466248597280, HKG, -1
<134>2021-07-14T17:24:29Z cache-hkg17929 MEWElogs[21956]: FLIPH, 1626283469338853852, HKG, 10
<134>2021-07-14T17:25:11Z cache-stp9226 MEWElogs[21956]: FLIPH, 1626283510726534736, STP, 10
<134>2021-07-14T17:25:23Z cache-mia11368 MEWElogs[21956]: FLIPH, 1626283522920837776, MIA, -1
<134>2021-07-14T17:25:34Z cache-hkg17929 MEWElogs[21956]: FLIPH, 1626283534004621750, HKG, 10
<134>2021-07-14T17:25:35Z cache-lhr7382 MEWElogs[21956]: FLIPH, 1626283535491325151, LHR, -1
<134>2021-07-14T17:25:39Z cache-yul12826 MEWElogs[21956]: FLIPH, 1626283538762980597, YUL, 10
<134>2021-07-14T17:26:04Z cache-mia11368 MEWElogs[21956]: FLIPH, 1626283563818092026, MIA, -1
<134>2021-07-14T17:26:04Z cache-hkg17929 MEWElogs[21956]: FLIPH, 1626283563297185848, HKG, -1
<134>2021-07-14T17:26:06Z cache-mad22068 MEWElogs[21956]: FLIPH, 1626283566127720152, MAD, -1
<134>2021-07-14T17:26:14Z cache-mrs10583 MEWElogs[21956]: FLIPH, 1626283572974345562, MRS, -1
<134>2021-07-14T17:26:19Z cache-mad22068 MEWElogs[21956]: FLIPH, 1626283579615091497, MAD, 10
<134>2021-07-14T17:26:22Z cache-yul12826 MEWElogs[21956]: FLIPH, 1626283582166538159, YUL, -1
<134>2021-07-14T17:26:23Z cache-lax10677 MEWElogs[21956]: FLIPH, 1626283582275320267, LGB, -1
<134>2021-07-14T17:26:24Z cache-jax20933 MEWElogs[21956]: FLIPH, 1626283584172546147, JAX, -1
<134>2021-07-14T17:26:26Z cache-yul12826 MEWElogs[21956]: FLIPH, 1626283585183571483, YUL, 10
<134>2021-07-14T17:26:29Z cache-jax20933 MEWElogs[21956]: FLIPH, 1626283588640367792, JAX, 10
<134>2021-07-14T17:26:31Z cache-lhr7382 MEWElogs[21956]: FLIPH, 1626283590739497894, LHR, 10
<134>2021-07-14T17:26:54Z cache-mia11368 MEWElogs[21956]: FLIPH, 1626283614165152919, MIA, -1
<134>2021-07-14T17:27:12Z cache-lhr7382 MEWElogs[21956]: FLIPH, 1626283631584306413, LHR, -1
<134>2021-07-14T17:27:18Z cache-yul12826 MEWElogs[21956]: FLIPH, 1626283637978071464, YUL, -1
<134>2021-07-14T17:27:19Z cache-hkg17929 MEWElogs[21956]: FLIPH, 1626283638644457219, HKG, -1
<134>2021-07-14T17:27:26Z cache-mrs10583 MEWElogs[21956]: FLIPH, 1626283645980424714, MRS, -1
<134>2021-07-14T17:27:59Z cache-lhr7382 MEWElogs[21956]: FLIPH, 1626283679088623504, LHR, 10
<134>2021-07-14T17:28:13Z cache-yul12826 MEWElogs[21956]: FLIPH, 1626283693136280246, YUL, -1
<134>2021-07-14T17:28:28Z cache-jax20933 MEWElogs[21956]: FLIPH, 1626283707606396242, JAX, 10
<134>2021-07-14T17:28:32Z cache-lax10677 MEWElogs[21956]: FLIPH, 1626283711945457628, LGB, -1
<134>2021-07-14T17:28:40Z cache-yul12826 MEWElogs[21956]: FLIPH, 1626283720179649231, YUL, -1
<134>2021-07-14T17:28:45Z cache-hkg17929 MEWElogs[21956]: FLIPH, 1626283724986072232, HKG, -1
<134>2021-07-14T17:28:46Z cache-mia11368 MEWElogs[21956]: FLIPH, 1626283725946952252, MIA, -1
<134>2021-07-14T17:28:53Z cache-mci5951 MEWElogs[21956]: FLIPH, 1626283733628479127, MCI, 10
<134>2021-07-14T17:29:04Z cache-mrs10583 MEWElogs[21956]: FLIPH, 1626283743397464848, MRS, -1
<134>2021-07-14T17:29:16Z cache-mia11368 MEWElogs[21956]: FLIPH, 1626283756293743337, MIA, -1
<134>2021-07-14T17:29:26Z cache-yul12826 MEWElogs[21956]: FLIPH, 1626283765872010668, YUL, -1
<134>2021-07-14T17:29:27Z cache-lhr7382 MEWElogs[21956]: FLIPH, 1626283766827825444, LHR, 10
<134>2021-07-14T17:29:43Z cache-lhr7382 MEWElogs[21956]: FLIPH, 1626283783874986614, LHR, 10
<134>2021-07-14T17:29:49Z cache-stp9226 MEWElogs[21956]: FLIPH, 1626283789429782566, STP, -1
<134>2021-07-14T17:29:49Z cache-mia11368 MEWElogs[21956]: FLIPH, 1626283789555676623, MIA, 10
<134>2021-07-14T17:29:50Z cache-hkg17929 MEWElogs[21956]: FLIPH, 1626283789159338508, HKG, -1
<134>2021-07-14T17:29:54Z cache-mel11272 MEWElogs[21956]: FLIPH, 1626283793864226489, MEL, 10
<134>2021-07-14T17:29:59Z cache-lhr7382 MEWElogs[21956]: FLIPH, 1626283798498138306, LHR, -1
<134>2021-07-14T17:30:29Z cache-lga21983 MEWElogs[21956]: FLIPH, 1626283828122909759, LGA, 10
<134>2021-07-14T17:30:31Z cache-mia11368 MEWElogs[21956]: FLIPH, 1626283830439540195, MIA, 10
<134>2021-07-14T17:30:45Z cache-lga21983 MEWElogs[21956]: FLIPH, 1626283845443560209, LGA, -1
<134>2021-07-14T17:30:56Z cache-mci5951 MEWElogs[21956]: FLIPH, 1626283855072074659, MCI, 10
<134>2021-07-14T17:30:56Z cache-ewr18156 MEWElogs[21956]: FLIPH, 1626283855810202123, EWR, 10
<134>2021-07-14T17:31:05Z cache-mel11272 MEWElogs[21956]: FLIPH, 1626283864503735648, MEL, 10
<134>2021-07-14T17:31:21Z cache-stp9226 MEWElogs[21956]: FLIPH, 1626283880470108053, STP, 10
<134>2021-07-14T17:31:22Z cache-mia11368 MEWElogs[21956]: FLIPH, 1626283881413973432, MIA, 10
<134>2021-07-14T17:31:23Z cache-mel11272 MEWElogs[21956]: FLIPH, 1626283882271729664, MEL, -1
<134>2021-07-14T17:31:33Z cache-mel11272 MEWElogs[21956]: FLIPH, 1626283892337970264, MEL, -1
<134>2021-07-14T17:31:38Z cache-mia11368 MEWElogs[21956]: FLIPH, 1626283898423147020, MIA, -1
<134>2021-07-14T17:31:39Z cache-yul12826 MEWElogs[21956]: FLIPH, 1626283898974235639, YUL, 10
<134>2021-07-14T17:31:50Z cache-lax10677 MEWElogs[21956]: FLIPH, 1626283910103180030, LGB, -1
<134>2021-07-14T17:31:55Z cache-osl6529 MEWElogs[21956]: FLIPH, 1626283914918585059, OSL, 10
<134>2021-07-14T17:32:03Z cache-man4150 MEWElogs[21956]: FLIPH, 1626283922236397973, MAN, -1
<134>2021-07-14T17:32:04Z cache-yul12826 MEWElogs[21956]: FLIPH, 1626283923669981539, YUL, -1
<134>2021-07-14T17:32:14Z cache-man4150 MEWElogs[21956]: FLIPH, 1626283933364322486, MAN, 10
<134>2021-07-14T17:32:19Z cache-man4150 MEWElogs[21956]: FLIPH, 1626283939120311136, MAN, -1
