<134>2021-07-15T01:41:57Z cache-fra19177 MEWElogs[369035]: GRAY, 1626313316683463524, FRA, 13
<134>2021-07-15T01:42:06Z cache-dfw18678 MEWElogs[369035]: GRAY, 1626313326110580749, DFW, 13
<134>2021-07-15T01:42:26Z cache-del21735 MEWElogs[369035]: GRAY, 1626313345054246787, DEL, 13
<134>2021-07-15T01:42:39Z cache-iah17271 MEWElogs[369035]: GRAY, 1626313358918604463, IAH, 13
<134>2021-07-15T01:42:44Z cache-hhn4077 MEWElogs[369035]: GRAY, 1626313363469972026, HHN, 13
<134>2021-07-15T01:42:50Z cache-dfw18678 MEWElogs[369035]: GRAY, 1626313369632371449, DFW, 13
<134>2021-07-15T01:42:53Z cache-jnb7027 MEWElogs[369035]: GRAY, 1626313371961018920, JNB, 13
<134>2021-07-15T01:43:00Z cache-hel6829 MEWElogs[369035]: GRAY, 1626313379201610488, HEL, 13
<134>2021-07-15T01:43:01Z cache-iah17271 MEWElogs[369035]: GRAY, 1626313381165749617, IAH, 13
<134>2021-07-15T01:43:16Z cache-iah17271 MEWElogs[369035]: GRAY, 1626313395882348477, IAH, 13
<134>2021-07-15T01:43:16Z cache-jnb7027 MEWElogs[369035]: GRAY, 1626313395743532090, JNB, 13
<134>2021-07-15T01:43:23Z cache-lcy19283 MEWElogs[369035]: GRAY, 1626313402853595902, LCY, 13
<134>2021-07-15T01:43:37Z cache-pwk4920 MEWElogs[369035]: GRAY, 1626313417562468299, PWK, 13
<134>2021-07-15T01:43:54Z cache-lon4249 MEWElogs[369035]: GRAY, 1626313433719614908, LON, 13
<134>2021-07-15T01:43:58Z cache-dfw18678 MEWElogs[369035]: GRAY, 1626313437767718629, DFW, 13
<134>2021-07-15T01:44:04Z cache-cwb20520 MEWElogs[369035]: GRAY, 1626313443680856200, CWB, 13
<134>2021-07-15T01:44:13Z cache-hel6829 MEWElogs[369035]: GRAY, 1626313452307844381, HEL, 13
<134>2021-07-15T01:44:17Z cache-lcy19283 MEWElogs[369035]: GRAY, 1626313456619838576, LCY, 13
<134>2021-07-15T01:44:20Z cache-bur17583 MEWElogs[369035]: GRAY, 1626313459063177330, BUR, 13
<134>2021-07-15T01:44:23Z cache-iah17271 MEWElogs[369035]: GRAY, 1626313462236465754, IAH, 13
<134>2021-07-15T01:44:24Z cache-hel6829 MEWElogs[369035]: GRAY, 1626313464504052088, HEL, 13
<134>2021-07-15T01:44:46Z cache-lcy19283 MEWElogs[369035]: GRAY, 1626313486032902189, LCY, 13
<134>2021-07-15T01:44:48Z cache-bur17583 MEWElogs[369035]: GRAY, 1626313487967841330, BUR, 13
<134>2021-07-15T01:44:50Z cache-hel6829 MEWElogs[369035]: GRAY, 1626313489090728455, HEL, 13
<134>2021-07-15T01:44:56Z cache-hel6829 MEWElogs[369035]: GRAY, 1626313495205524464, HEL, 13
<134>2021-07-15T01:45:03Z cache-den8274 MEWElogs[369035]: GRAY, 1626313502889239904, DEN, 13
<134>2021-07-15T01:45:08Z cache-lon4249 MEWElogs[369035]: GRAY, 1626313508666715631, LON, 13
<134>2021-07-15T01:45:27Z cache-hel6829 MEWElogs[369035]: GRAY, 1626313526254280290, HEL, 13
<134>2021-07-15T01:46:00Z cache-lon4249 MEWElogs[369035]: GRAY, 1626313559930966592, LON, 13
<134>2021-07-15T01:46:05Z cache-bur17583 MEWElogs[369035]: GRAY, 1626313565351082269, BUR, 13
<134>2021-07-15T01:46:15Z cache-lon4249 MEWElogs[369035]: GRAY, 1626313574280670164, LON, 13
<134>2021-07-15T01:46:30Z cache-mad22068 MEWElogs[369035]: GRAY, 1626313590379299813, MAD, 13
<134>2021-07-15T01:46:38Z cache-lon4249 MEWElogs[369035]: GRAY, 1626313597826310981, LON, 13
<134>2021-07-15T01:46:45Z cache-mad22068 MEWElogs[369035]: GRAY, 1626313605463693613, MAD, 13
<134>2021-07-15T01:47:10Z cache-hel6829 MEWElogs[369035]: GRAY, 1626313630248284134, HEL, 13
<134>2021-07-15T01:47:14Z cache-iah17271 MEWElogs[369035]: GRAY, 1626313634023280995, IAH, 13
<134>2021-07-15T01:47:28Z cache-cwb20520 MEWElogs[369035]: GRAY, 1626313647127167162, CWB, 13
<134>2021-07-15T01:47:47Z cache-bur17583 MEWElogs[369035]: GRAY, 1626313666394793501, BUR, 13
<134>2021-07-15T01:47:52Z cache-mad22068 MEWElogs[369035]: GRAY, 1626313670969130676, MAD, 13
<134>2021-07-15T01:48:10Z cache-dal21283 MEWElogs[369035]: GRAY, 1626313689045003216, DAL, 13
<134>2021-07-15T01:48:28Z cache-cwb20520 MEWElogs[369035]: GRAY, 1626313707842393983, CWB, 13
<134>2021-07-15T01:48:36Z cache-mad22068 MEWElogs[369035]: GRAY, 1626313715639981584, MAD, 13
<134>2021-07-15T01:48:37Z cache-hel6829 MEWElogs[369035]: GRAY, 1626313716391309824, HEL, 13
<134>2021-07-15T01:48:41Z cache-den8274 MEWElogs[369035]: GRAY, 1626313720854009592, DEN, 13
<134>2021-07-15T01:49:06Z cache-mad22068 MEWElogs[369035]: GRAY, 1626313745909184927, MAD, 13
<134>2021-07-15T01:49:16Z cache-mad22068 MEWElogs[369035]: GRAY, 1626313756193689710, MAD, 13
<134>2021-07-15T01:49:16Z cache-lon4249 MEWElogs[369035]: GRAY, 1626313756786684117, LON, 13
<134>2021-07-15T01:49:22Z cache-lcy19283 MEWElogs[369035]: GRAY, 1626313761680014485, LCY, 13
<134>2021-07-15T01:49:32Z cache-lcy19283 MEWElogs[369035]: GRAY, 1626313771701063097, LCY, 13
<134>2021-07-15T01:49:35Z cache-lon4249 MEWElogs[369035]: GRAY, 1626313775564784741, LON, 13
<134>2021-07-15T01:49:50Z cache-lon4249 MEWElogs[369035]: GRAY, 1626313789566050013, LON, 13
<134>2021-07-15T01:49:53Z cache-mad22068 MEWElogs[369035]: GRAY, 1626313791964725793, MAD, 13
<134>2021-07-15T01:50:11Z cache-lcy19283 MEWElogs[369035]: GRAY, 1626313810820222077, LCY, 13
<134>2021-07-15T01:51:05Z cache-iah17271 MEWElogs[369035]: GRAY, 1626313864903172470, IAH, 13
<134>2021-07-15T01:51:10Z cache-lhr7382 MEWElogs[369035]: GRAY, 1626313869717999997, LHR, 13
<134>2021-07-15T01:51:39Z cache-mad22068 MEWElogs[369035]: GRAY, 1626313899424836623, MAD, 13
<134>2021-07-15T01:51:43Z cache-hkg17929 MEWElogs[369035]: GRAY, 1626313902146086549, HKG, 13
<134>2021-07-15T01:51:45Z cache-mad22068 MEWElogs[369035]: GRAY, 1626313904411412111, MAD, 13
