<134>2021-07-15T02:12:54Z cache-gig17035 MEWElogs[216063]: GRAY, 1626315174263485900, GIG, 13
<134>2021-07-15T02:13:13Z cache-bom4751 MEWElogs[216063]: GRAY, 1626315193202790062, BOM, 13
<134>2021-07-15T02:13:32Z cache-gru17149 MEWElogs[216063]: GRAY, 1626315211720406719, GRU, 13
<134>2021-07-15T02:13:37Z cache-stl4834 MEWElogs[216063]: GRAY, 1626315217040385902, STL, 13
<134>2021-07-15T02:13:48Z cache-gig17035 MEWElogs[216063]: GRAY, 1626315228616240703, GIG, 13
<134>2021-07-15T02:13:56Z cache-scl19427 MEWElogs[216063]: GRAY, 1626315235317896339, SCL, 13
<134>2021-07-15T02:14:11Z cache-pao17461 MEWElogs[216063]: GRAY, 1626315249970782947, PAO, 13
<134>2021-07-15T02:14:16Z cache-itm18851 MEWElogs[216063]: GRAY, 1626315255478927133, ITM, 13
<134>2021-07-15T02:14:17Z cache-pao17461 MEWElogs[216063]: GRAY, 1626315256801174558, PAO, 13
<134>2021-07-15T02:14:20Z cache-gig17035 MEWElogs[216063]: GRAY, 1626315259914064300, GIG, 13
<134>2021-07-15T02:14:36Z cache-cgh11122 MEWElogs[216063]: GRAY, 1626315276091236393, CGH, 13
<134>2021-07-15T02:14:54Z cache-stl4834 MEWElogs[216063]: GRAY, 1626315294237572783, STL, 13
<134>2021-07-15T02:15:39Z cache-gru17149 MEWElogs[216063]: GRAY, 1626315338010986648, GRU, 13
<134>2021-07-15T02:15:39Z cache-pao17461 MEWElogs[216063]: GRAY, 1626315339141836228, PAO, 13
<134>2021-07-15T02:16:16Z cache-scl19427 MEWElogs[216063]: GRAY, 1626315376081078486, SCL, 13
<134>2021-07-15T02:16:24Z cache-bom4751 MEWElogs[216063]: GRAY, 1626315383851336487, BOM, 13
<134>2021-07-15T02:16:25Z cache-hnd18722 MEWElogs[216063]: GRAY, 1626315384536124245, HND, 13
<134>2021-07-15T02:16:28Z cache-pao17461 MEWElogs[216063]: GRAY, 1626315387965436605, PAO, 13
<134>2021-07-15T02:16:31Z cache-itm18851 MEWElogs[216063]: GRAY, 1626315391020028702, ITM, 13
<134>2021-07-15T02:16:53Z cache-bom4751 MEWElogs[216063]: GRAY, 1626315412358619782, BOM, 13
<134>2021-07-15T02:17:01Z cache-itm18851 MEWElogs[216063]: GRAY, 1626315420899632032, ITM, 13
<134>2021-07-15T02:17:22Z cache-stl4834 MEWElogs[216063]: GRAY, 1626315441585657895, STL, 13
<134>2021-07-15T02:17:36Z cache-stl4834 MEWElogs[216063]: GRAY, 1626315455654662964, STL, 13
<134>2021-07-15T02:17:47Z cache-cgh11122 MEWElogs[216063]: GRAY, 1626315466502812891, CGH, 13
<134>2021-07-15T02:17:47Z cache-scl19427 MEWElogs[216063]: GRAY, 1626315467644882738, SCL, 13
<134>2021-07-15T02:17:52Z cache-sea4483 MEWElogs[216063]: GRAY, 1626315471939597544, SEA, 13
<134>2021-07-15T02:18:05Z cache-scl19427 MEWElogs[216063]: GRAY, 1626315484621609013, SCL, 13
<134>2021-07-15T02:18:16Z cache-sea4483 MEWElogs[216063]: GRAY, 1626315495972681492, SEA, 13
<134>2021-07-15T02:18:19Z cache-hnd18722 MEWElogs[216063]: GRAY, 1626315498865969133, HND, 13
<134>2021-07-15T02:18:25Z cache-stl4834 MEWElogs[216063]: GRAY, 1626315504324771693, STL, 13
<134>2021-07-15T02:18:33Z cache-hnd18722 MEWElogs[216063]: GRAY, 1626315513209965642, HND, 13
<134>2021-07-15T02:18:35Z cache-cgh11183 MEWElogs[216063]: GRAY, 1626315514396210880, CGH, 13
<134>2021-07-15T02:18:55Z cache-sjc10078 MEWElogs[216063]: GRAY, 1626315535257539152, SJC, 13
<134>2021-07-15T02:19:13Z cache-syd10183 MEWElogs[216063]: GRAY, 1626315552913333878, SYD, 13
<134>2021-07-15T02:19:45Z cache-sjc10078 MEWElogs[216063]: GRAY, 1626315584269914658, SJC, 13
<134>2021-07-15T02:19:58Z cache-itm18851 MEWElogs[216063]: GRAY, 1626315597034290078, ITM, 13
<134>2021-07-15T02:20:11Z cache-pao17461 MEWElogs[216063]: GRAY, 1626315610168804892, PAO, 13
<134>2021-07-15T02:20:35Z cache-sjc10078 MEWElogs[216063]: GRAY, 1626315634616951282, SJC, 13
<134>2021-07-15T02:20:35Z cache-itm18851 MEWElogs[216063]: GRAY, 1626315635085301406, ITM, 13
<134>2021-07-15T02:20:51Z cache-itm18851 MEWElogs[216063]: GRAY, 1626315650179629501, ITM, 13
<134>2021-07-15T02:21:21Z cache-syd10183 MEWElogs[216063]: GRAY, 1626315680968188094, SYD, 13
<134>2021-07-15T02:21:30Z cache-cgh11122 MEWElogs[216063]: GRAY, 1626315689598018571, CGH, 13
<134>2021-07-15T02:21:34Z cache-pao17461 MEWElogs[216063]: GRAY, 1626315693925427227, PAO, 13
<134>2021-07-15T02:21:52Z cache-sjc10078 MEWElogs[216063]: GRAY, 1626315711931978034, SJC, 13
<134>2021-07-15T02:22:05Z cache-cgh11122 MEWElogs[216063]: GRAY, 1626315723952957008, CGH, 13
<134>2021-07-15T02:22:20Z cache-sjc10078 MEWElogs[216063]: GRAY, 1626315740293254818, SJC, 13
<134>2021-07-15T02:22:29Z cache-itm18851 MEWElogs[216063]: GRAY, 1626315748705335335, ITM, 13
<134>2021-07-15T02:22:51Z cache-pao17461 MEWElogs[216063]: GRAY, 1626315771044913227, PAO, 13
