<134>2021-07-15T07:43:37Z cache-jax20933 MEWElogs[21956]: UNSH, 1626335016051312275, JAX, 16
<134>2021-07-15T07:43:50Z cache-lga21983 MEWElogs[21956]: UNSH, 1626335029714377979, LGA, 16
<134>2021-07-15T07:43:59Z cache-lga21983 MEWElogs[21956]: UNSH, 1626335038489088968, LGA, 16
<134>2021-07-15T07:44:18Z cache-mel11272 MEWElogs[21956]: UNSH, 1626335057469884691, MEL, 16
<134>2021-07-15T07:44:53Z cache-cdg20720 MEWElogs[21956]: UNSH, 1626335092390566117, CDG, 16
<134>2021-07-15T07:45:03Z cache-bom4751 MEWElogs[21956]: UNSH, 1626335102115033842, BOM, 16
<134>2021-07-15T07:45:08Z cache-jax20933 MEWElogs[21956]: UNSH, 1626335107891382582, JAX, 16
<134>2021-07-15T07:45:11Z cache-osl6529 MEWElogs[21956]: UNSH, 1626335110753035240, OSL, 16
<134>2021-07-15T07:45:12Z cache-ewr18156 MEWElogs[21956]: UNSH, 1626335111738396467, EWR, 16
<134>2021-07-15T07:45:35Z cache-cdg20720 MEWElogs[21956]: UNSH, 1626335134809491977, CDG, 16
<134>2021-07-15T07:45:44Z cache-lga21983 MEWElogs[21956]: UNSH, 1626335143311642686, LGA, 16
<134>2021-07-15T07:45:53Z cache-lga21983 MEWElogs[21956]: UNSH, 1626335153168500990, LGA, 16
<134>2021-07-15T07:45:57Z cache-lax10677 MEWElogs[21956]: UNSH, 1626335156473045310, LGB, 16
<134>2021-07-15T07:46:04Z cache-osl6529 MEWElogs[21956]: UNSH, 1626335164342455889, OSL, 16
<134>2021-07-15T07:46:35Z cache-bom4751 MEWElogs[21956]: UNSH, 1626335194847069203, BOM, 16
<134>2021-07-15T07:46:40Z cache-lax10677 MEWElogs[21956]: UNSH, 1626335199181672227, LGB, 16
<134>2021-07-15T07:46:43Z cache-mel11272 MEWElogs[21956]: UNSH, 1626335202995057589, MEL, 16
<134>2021-07-15T07:46:56Z cache-bom4751 MEWElogs[21956]: UNSH, 1626335215951876725, BOM, 16
<134>2021-07-15T07:47:08Z cache-osl6529 MEWElogs[21956]: UNSH, 1626335227920277642, OSL, 16
<134>2021-07-15T07:47:27Z cache-gig17035 MEWElogs[21956]: UNSH, 1626335246394746495, GIG, 16
<134>2021-07-15T07:47:27Z cache-ewr18156 MEWElogs[21956]: UNSH, 1626335246788961830, EWR, 16
<134>2021-07-15T07:47:45Z cache-pao17461 MEWElogs[21956]: UNSH, 1626335264486176340, PAO, 16
<134>2021-07-15T07:48:08Z cache-bom4751 MEWElogs[21956]: UNSH, 1626335287312582719, BOM, 16
<134>2021-07-15T07:48:16Z cache-lga21983 MEWElogs[21956]: UNSH, 1626335296070784509, LGA, 16
<134>2021-07-15T07:48:18Z cache-bom4751 MEWElogs[21956]: UNSH, 1626335297793671508, BOM, 16
<134>2021-07-15T07:48:59Z cache-cdg20720 MEWElogs[21956]: UNSH, 1626335338710904045, CDG, 16
<134>2021-07-15T07:49:00Z cache-mel11272 MEWElogs[21956]: UNSH, 1626335340536036460, MEL, 16
<134>2021-07-15T07:49:24Z cache-gig17035 MEWElogs[21956]: UNSH, 1626335362995766814, GIG, 16
<134>2021-07-15T07:49:34Z cache-gig17035 MEWElogs[21956]: UNSH, 1626335374088631680, GIG, 16
<134>2021-07-15T07:49:42Z cache-bom4751 MEWElogs[21956]: UNSH, 1626335381638066230, BOM, 16
<134>2021-07-15T07:49:45Z cache-itm18851 MEWElogs[21956]: UNSH, 1626335384627305941, ITM, 16
<134>2021-07-15T07:50:23Z cache-lax10677 MEWElogs[21956]: UNSH, 1626335422673785811, LGB, 16
<134>2021-07-15T07:50:39Z cache-jax20933 MEWElogs[21956]: UNSH, 1626335438441669145, JAX, 16
<134>2021-07-15T07:51:21Z cache-gru17149 MEWElogs[21956]: UNSH, 1626335480687311273, GRU, 16
<134>2021-07-15T07:51:22Z cache-mel11272 MEWElogs[21956]: UNSH, 1626335481336179380, MEL, 16
<134>2021-07-15T07:51:31Z cache-gru17149 MEWElogs[21956]: UNSH, 1626335490407892204, GRU, 16
<134>2021-07-15T07:51:35Z cache-syd10183 MEWElogs[21956]: UNSH, 1626335493967872576, SYD, 16
<134>2021-07-15T07:51:57Z cache-pao17461 MEWElogs[21956]: UNSH, 1626335517184303169, PAO, 16
<134>2021-07-15T07:52:20Z cache-pao17461 MEWElogs[21956]: UNSH, 1626335539870592599, PAO, 16
<134>2021-07-15T07:52:42Z cache-gru17149 MEWElogs[21956]: UNSH, 1626335561433737489, GRU, 16
<134>2021-07-15T07:53:06Z cache-gig17035 MEWElogs[21956]: UNSH, 1626335585297705677, GIG, 16
<134>2021-07-15T07:53:16Z cache-gig17035 MEWElogs[21956]: UNSH, 1626335596490891562, GIG, 16
<134>2021-07-15T07:53:18Z cache-hnd18722 MEWElogs[21956]: UNSH, 1626335597138517013, HND, 16
<134>2021-07-15T07:53:22Z cache-itm18851 MEWElogs[21956]: UNSH, 1626335602482771396, ITM, 16
