<134>2021-07-15T06:50:10Z cache-fra19177 MEWElogs[412844]: UNSH, 1626331809818766825, FRA, 16
<134>2021-07-15T06:51:13Z cache-fra19177 MEWElogs[412844]: UNSH, 1626331872880372479, FRA, 16
<134>2021-07-15T06:51:16Z cache-den8274 MEWElogs[412844]: UNSH, 1626331875922948604, DEN, 16
<134>2021-07-15T06:51:46Z cache-jnb7027 MEWElogs[412844]: UNSH, 1626331905777742844, JNB, 16
<134>2021-07-15T06:51:53Z cache-mrs10583 MEWElogs[412844]: UNSH, 1626331912034863105, MRS, 16
<134>2021-07-15T06:51:56Z cache-lon4249 MEWElogs[412844]: UNSH, 1626331916328932971, LON, 16
<134>2021-07-15T06:52:08Z cache-fra19177 MEWElogs[412844]: UNSH, 1626331927130802890, FRA, 16
<134>2021-07-15T06:52:21Z cache-mrs10583 MEWElogs[412844]: UNSH, 1626331940300257380, MRS, 16
<134>2021-07-15T06:52:51Z cache-bur17583 MEWElogs[412844]: UNSH, 1626331970951767914, BUR, 16
<134>2021-07-15T06:53:03Z cache-bur17583 MEWElogs[412844]: UNSH, 1626331982506803189, BUR, 16
<134>2021-07-15T06:53:03Z cache-mrs10583 MEWElogs[412844]: UNSH, 1626331982517825441, MRS, 16
<134>2021-07-15T06:54:01Z cache-bur17583 MEWElogs[412844]: UNSH, 1626332040026569906, BUR, 16
<134>2021-07-15T06:54:06Z cache-mrs10583 MEWElogs[412844]: UNSH, 1626332045052173558, MRS, 16
<134>2021-07-15T06:54:34Z cache-bur17583 MEWElogs[412844]: UNSH, 1626332073987860077, BUR, 16
<134>2021-07-15T06:55:19Z cache-bur17583 MEWElogs[412844]: UNSH, 1626332119277262325, BUR, 16
<134>2021-07-15T06:55:25Z cache-den8274 MEWElogs[412844]: UNSH, 1626332124282077424, DEN, 16
<134>2021-07-15T06:55:34Z cache-lcy19283 MEWElogs[412844]: UNSH, 1626332134612266943, LCY, 16
<134>2021-07-15T06:55:45Z cache-lcy19283 MEWElogs[412844]: UNSH, 1626332144453539587, LCY, 16
<134>2021-07-15T06:55:49Z cache-mad22068 MEWElogs[412844]: UNSH, 1626332148751900588, MAD, 16
<134>2021-07-15T06:56:05Z cache-iah17271 MEWElogs[412844]: UNSH, 1626332164330766007, IAH, 16
<134>2021-07-15T06:56:11Z cache-lon4249 MEWElogs[412844]: UNSH, 1626332170363873718, LON, 16
<134>2021-07-15T06:56:14Z cache-bur17583 MEWElogs[412844]: UNSH, 1626332174380984490, BUR, 16
<134>2021-07-15T06:56:19Z cache-lon4249 MEWElogs[412844]: UNSH, 1626332178650815472, LON, 16
<134>2021-07-15T06:56:38Z cache-den8274 MEWElogs[412844]: UNSH, 1626332197490914151, DEN, 16
<134>2021-07-15T06:56:54Z cache-hkg17929 MEWElogs[412844]: UNSH, 1626332213138270640, HKG, 16
<134>2021-07-15T06:57:03Z cache-mrs10583 MEWElogs[412844]: UNSH, 1626332223143647537, MRS, 16
<134>2021-07-15T06:57:07Z cache-stp9226 MEWElogs[412844]: UNSH, 1626332225996869140, STP, 16
<134>2021-07-15T06:57:09Z cache-yul12826 MEWElogs[412844]: UNSH, 1626332228938744666, YUL, 16
<134>2021-07-15T06:57:19Z cache-mad22068 MEWElogs[412844]: UNSH, 1626332238103410948, MAD, 16
<134>2021-07-15T06:57:29Z cache-mrs10583 MEWElogs[412844]: UNSH, 1626332248703134873, MRS, 16
<134>2021-07-15T06:57:35Z cache-yul12826 MEWElogs[412844]: UNSH, 1626332255076110688, YUL, 16
<134>2021-07-15T06:57:44Z cache-hkg17929 MEWElogs[412844]: UNSH, 1626332263230566596, HKG, 16
<134>2021-07-15T06:57:46Z cache-bur17583 MEWElogs[412844]: UNSH, 1626332265170002425, BUR, 16
<134>2021-07-15T06:58:32Z cache-mad22068 MEWElogs[412844]: UNSH, 1626332311603927336, MAD, 16
