<134>2021-07-15T04:27:39Z cache-bos4657 MEWElogs[464521]: ROTATE, 1626323259095528629, BOS, 15
<134>2021-07-15T04:27:51Z cache-fty21383 MEWElogs[464521]: ROTATE, 1626323270320039671, FTY, 15
<134>2021-07-15T04:27:54Z cache-del21735 MEWElogs[464521]: ROTATE, 1626323273403459155, DEL, 15
<134>2021-07-15T04:28:20Z cache-akl10324 MEWElogs[464521]: ROTATE, 1626323299537800395, AKL, 15
<134>2021-07-15T04:29:09Z cache-dub4329 MEWElogs[464521]: ROTATE, 1626323348669855223, DUB, 15
<134>2021-07-15T04:29:10Z cache-pwk4920 MEWElogs[464521]: ROTATE, 1626323349828197431, PWK, 15
<134>2021-07-15T04:29:20Z cache-pwk4920 MEWElogs[464521]: ROTATE, 1626323359969083123, PWK, 15
<134>2021-07-15T04:29:30Z cache-pwk4920 MEWElogs[464521]: ROTATE, 1626323369997525321, PWK, 15
<134>2021-07-15T04:29:50Z cache-pwk4920 MEWElogs[464521]: ROTATE, 1626323390170454242, PWK, 15
<134>2021-07-15T04:30:07Z cache-akl10324 MEWElogs[464521]: ROTATE, 1626323406297286631, AKL, 15
<134>2021-07-15T04:30:13Z cache-fty21383 MEWElogs[464521]: ROTATE, 1626323412212877582, FTY, 15
<134>2021-07-15T04:30:19Z cache-dfw18678 MEWElogs[464521]: ROTATE, 1626323419110204863, DFW, 15
<134>2021-07-15T04:30:42Z cache-dfw18678 MEWElogs[464521]: ROTATE, 1626323442053432930, DFW, 15
<134>2021-07-15T04:30:50Z cache-dub4329 MEWElogs[464521]: ROTATE, 1626323449762792417, DUB, 15
<134>2021-07-15T04:31:11Z cache-fty21383 MEWElogs[464521]: ROTATE, 1626323470513272733, FTY, 15
<134>2021-07-15T04:31:38Z cache-dfw18678 MEWElogs[464521]: ROTATE, 1626323497917220481, DFW, 15
<134>2021-07-15T04:32:11Z cache-dfw18678 MEWElogs[464521]: ROTATE, 1626323530898531209, DFW, 15
<134>2021-07-15T04:32:43Z cache-dfw18678 MEWElogs[464521]: ROTATE, 1626323563420978869, DFW, 15
<134>2021-07-15T04:32:54Z cache-dfw18678 MEWElogs[464521]: ROTATE, 1626323574508535332, DFW, 15
<134>2021-07-15T04:33:50Z cache-dfw18678 MEWElogs[464521]: ROTATE, 1626323629632434902, DFW, 15
<134>2021-07-15T04:34:44Z cache-pwk4920 MEWElogs[464521]: ROTATE, 1626323683062892662, PWK, 15
<134>2021-07-15T04:34:59Z cache-dub4329 MEWElogs[464521]: ROTATE, 1626323698883331857, DUB, 15
<134>2021-07-15T04:35:14Z cache-pwk4920 MEWElogs[464521]: ROTATE, 1626323713930390436, PWK, 15
<134>2021-07-15T04:35:15Z cache-dub4329 MEWElogs[464521]: ROTATE, 1626323714339762215, DUB, 15
<134>2021-07-15T04:35:25Z cache-pwk4920 MEWElogs[464521]: ROTATE, 1626323724203287001, PWK, 15
<134>2021-07-15T04:35:31Z cache-fty21383 MEWElogs[464521]: ROTATE, 1626323730226594653, FTY, 15
<134>2021-07-15T04:35:53Z cache-dfw18678 MEWElogs[464521]: ROTATE, 1626323752260988853, DFW, 15
<134>2021-07-15T04:36:07Z cache-hhn4077 MEWElogs[464521]: ROTATE, 1626323767550681598, HHN, 15
<134>2021-07-15T04:36:16Z cache-dub4329 MEWElogs[464521]: ROTATE, 1626323775863787035, DUB, 15
<134>2021-07-15T04:36:48Z cache-dfw18678 MEWElogs[464521]: ROTATE, 1626323807671206287, DFW, 15
<134>2021-07-15T04:36:58Z cache-dfw18678 MEWElogs[464521]: ROTATE, 1626323818066609546, DFW, 15
<134>2021-07-15T04:37:06Z cache-hhn4077 MEWElogs[464521]: ROTATE, 1626323826100319728, HHN, 15
<134>2021-07-15T04:37:17Z cache-pwk4920 MEWElogs[464521]: ROTATE, 1626323836128852883, PWK, 15
