<134>2021-07-15T05:09:11Z cache-osl6529 MEWElogs[39982]: ROTATE, 1626325750460314203, OSL, 15
<134>2021-07-15T05:09:37Z cache-mci5951 MEWElogs[39982]: ROTATE, 1626325776216846100, MCI, 15
<134>2021-07-15T05:09:44Z cache-hkg17929 MEWElogs[39982]: ROTATE, 1626325783661111769, HKG, 15
<134>2021-07-15T05:09:57Z cache-mci5951 MEWElogs[39982]: ROTATE, 1626325796428988095, MCI, 15
<134>2021-07-15T05:10:00Z cache-cdg20720 MEWElogs[39982]: ROTATE, 1626325799694366148, CDG, 15
<134>2021-07-15T05:10:06Z cache-lga21983 MEWElogs[39982]: ROTATE, 1626325805135187232, LGA, 15
<134>2021-07-15T05:10:10Z cache-mel11272 MEWElogs[39982]: ROTATE, 1626325809600723764, MEL, 15
<134>2021-07-15T05:10:30Z cache-lax10677 MEWElogs[39982]: ROTATE, 1626325829906281979, LGB, 15
<134>2021-07-15T05:10:31Z cache-mel11272 MEWElogs[39982]: ROTATE, 1626325830516846521, MEL, 15
<134>2021-07-15T05:10:45Z cache-osl6529 MEWElogs[39982]: ROTATE, 1626325844028191224, OSL, 15
<134>2021-07-15T05:11:15Z cache-ewr18156 MEWElogs[39982]: ROTATE, 1626325874864507820, EWR, 15
<134>2021-07-15T05:11:40Z cache-gru17149 MEWElogs[39982]: ROTATE, 1626325899393482412, GRU, 15
<134>2021-07-15T05:11:49Z cache-ewr18156 MEWElogs[39982]: ROTATE, 1626325908186005475, EWR, 15
<134>2021-07-15T05:12:10Z cache-gig17035 MEWElogs[39982]: ROTATE, 1626325929751914909, GIG, 15
<134>2021-07-15T05:12:51Z cache-osl6529 MEWElogs[39982]: ROTATE, 1626325970475470352, OSL, 15
<134>2021-07-15T05:12:56Z cache-mel11272 MEWElogs[39982]: ROTATE, 1626325975676749099, MEL, 15
<134>2021-07-15T05:12:57Z cache-gru17149 MEWElogs[39982]: ROTATE, 1626325976778403512, GRU, 15
<134>2021-07-15T05:13:03Z cache-gig17035 MEWElogs[39982]: ROTATE, 1626325982788331333, GIG, 15
<134>2021-07-15T05:13:31Z cache-osl6529 MEWElogs[39982]: ROTATE, 1626326010095092391, OSL, 15
<134>2021-07-15T05:13:46Z cache-stl4834 MEWElogs[39982]: ROTATE, 1626326025877286311, STL, 15
<134>2021-07-15T05:13:59Z cache-mel11272 MEWElogs[39982]: ROTATE, 1626326038475185632, MEL, 15
<134>2021-07-15T05:15:10Z cache-lax10677 MEWElogs[39982]: ROTATE, 1626326110076880990, LGB, 15
<134>2021-07-15T05:16:09Z cache-bom4751 MEWElogs[39982]: ROTATE, 1626326169029228030, BOM, 15
<134>2021-07-15T05:16:19Z cache-itm18851 MEWElogs[39982]: ROTATE, 1626326178930515518, ITM, 15
<134>2021-07-15T05:17:16Z cache-itm18851 MEWElogs[39982]: ROTATE, 1626326235556302623, ITM, 15
<134>2021-07-15T05:17:17Z cache-lax10677 MEWElogs[39982]: ROTATE, 1626326237153597299, LGB, 15
<134>2021-07-15T05:18:04Z cache-lax10677 MEWElogs[39982]: ROTATE, 1626326284402705341, LGB, 15
<134>2021-07-15T05:18:27Z cache-mel11272 MEWElogs[39982]: ROTATE, 1626326307001506732, MEL, 15
<134>2021-07-15T05:18:36Z cache-scl19427 MEWElogs[39982]: ROTATE, 1626326315636585227, SCL, 15
<134>2021-07-15T05:19:02Z cache-stl4834 MEWElogs[39982]: ROTATE, 1626326341809625165, STL, 15
