<134>2021-07-15T07:42:44Z cache-lga21983 MEWElogs[318405]: UNSH, 1626334963427638066, LGA, 16
<134>2021-07-15T07:42:57Z cache-osl6529 MEWElogs[318405]: UNSH, 1626334977265957791, OSL, 16
<134>2021-07-15T07:43:07Z cache-osl6529 MEWElogs[318405]: UNSH, 1626334986432070767, OSL, 16
<134>2021-07-15T07:43:16Z cache-lax10677 MEWElogs[318405]: UNSH, 1626334995200424087, LGB, 16
<134>2021-07-15T07:45:03Z cache-ewr18156 MEWElogs[318405]: UNSH, 1626335102252491189, EWR, 16
<134>2021-07-15T07:46:03Z cache-lhr7382 MEWElogs[318405]: UNSH, 1626335162678102978, LHR, 16
<134>2021-07-15T07:46:13Z cache-osl6529 MEWElogs[318405]: UNSH, 1626335173102783890, OSL, 16
<134>2021-07-15T07:46:22Z cache-osl6529 MEWElogs[318405]: UNSH, 1626335182058961215, OSL, 16
<134>2021-07-15T07:46:52Z cache-lga21983 MEWElogs[318405]: UNSH, 1626335211531272701, LGA, 16
<134>2021-07-15T07:47:08Z cache-mel11272 MEWElogs[318405]: UNSH, 1626335227873967887, MEL, 16
<134>2021-07-15T07:47:09Z cache-man4150 MEWElogs[318405]: UNSH, 1626335227972337234, MAN, 16
<134>2021-07-15T07:47:09Z cache-ewr18156 MEWElogs[318405]: UNSH, 1626335228486536110, EWR, 16
<134>2021-07-15T07:47:17Z cache-osl6529 MEWElogs[318405]: UNSH, 1626335236747506145, OSL, 16
<134>2021-07-15T07:48:07Z cache-pao17461 MEWElogs[318405]: UNSH, 1626335287091398482, PAO, 16
<134>2021-07-15T07:48:07Z cache-lga21983 MEWElogs[318405]: UNSH, 1626335286949936430, LGA, 16
<134>2021-07-15T07:48:16Z cache-cdg20720 MEWElogs[318405]: UNSH, 1626335295949737883, CDG, 16
<134>2021-07-15T07:49:43Z cache-jax20933 MEWElogs[318405]: UNSH, 1626335382450092343, JAX, 16
<134>2021-07-15T07:50:16Z cache-jax20933 MEWElogs[318405]: UNSH, 1626335415566801976, JAX, 16
<134>2021-07-15T07:50:22Z cache-itm18851 MEWElogs[318405]: UNSH, 1626335421727364059, ITM, 16
<134>2021-07-15T07:50:35Z cache-pao17461 MEWElogs[318405]: UNSH, 1626335435022642971, PAO, 16
<134>2021-07-15T07:51:11Z cache-scl19427 MEWElogs[318405]: UNSH, 1626335470537925950, SCL, 16
<134>2021-07-15T07:51:22Z cache-scl19427 MEWElogs[318405]: UNSH, 1626335481654696960, SCL, 16
<134>2021-07-15T07:52:13Z cache-hnd18722 MEWElogs[318405]: UNSH, 1626335533295930013, HND, 16
<134>2021-07-15T07:52:42Z cache-pao17461 MEWElogs[318405]: UNSH, 1626335561622793010, PAO, 16
