<134>2021-07-15T07:32:45Z cache-osl6529 MEWElogs[46369]: UNSH, 1626334364673826630, OSL, 16
<134>2021-07-15T07:32:48Z cache-lhr7382 MEWElogs[46369]: UNSH, 1626334367832819248, LHR, 16
<134>2021-07-15T07:32:52Z cache-man4150 MEWElogs[46369]: UNSH, 1626334371180295294, MAN, 16
<134>2021-07-15T07:33:26Z cache-mel11272 MEWElogs[46369]: UNSH, 1626334405631099276, MEL, 16
<134>2021-07-15T07:33:34Z cache-ewr18156 MEWElogs[46369]: UNSH, 1626334413629952829, EWR, 16
<134>2021-07-15T07:33:44Z cache-jax20933 MEWElogs[46369]: UNSH, 1626334423111152490, JAX, 16
<134>2021-07-15T07:33:58Z cache-bom4751 MEWElogs[46369]: UNSH, 1626334437354691437, BOM, 16
<134>2021-07-15T07:34:26Z cache-lhr7382 MEWElogs[46369]: UNSH, 1626334465696778923, LHR, 16
<134>2021-07-15T07:35:20Z cache-bom4751 MEWElogs[46369]: UNSH, 1626334519009224568, BOM, 16
<134>2021-07-15T07:35:25Z cache-jax20933 MEWElogs[46369]: UNSH, 1626334524439050154, JAX, 16
<134>2021-07-15T07:35:58Z cache-jax20933 MEWElogs[46369]: UNSH, 1626334557683367531, JAX, 16
<134>2021-07-15T07:37:26Z cache-cdg20720 MEWElogs[46369]: UNSH, 1626334645044279810, CDG, 16
<134>2021-07-15T07:37:27Z cache-man4150 MEWElogs[46369]: UNSH, 1626334646755775807, MAN, 16
<134>2021-07-15T07:37:28Z cache-lga21983 MEWElogs[46369]: UNSH, 1626334648800022038, LGA, 16
<134>2021-07-15T07:37:39Z cache-mel11272 MEWElogs[46369]: UNSH, 1626334657878140591, MEL, 16
<134>2021-07-15T07:37:51Z cache-lax10677 MEWElogs[46369]: UNSH, 1626334670486724343, LGB, 16
<134>2021-07-15T07:38:00Z cache-osl6529 MEWElogs[46369]: UNSH, 1626334679762212069, OSL, 16
<134>2021-07-15T07:38:28Z cache-man4150 MEWElogs[46369]: UNSH, 1626334707576102159, MAN, 16
<134>2021-07-15T07:38:37Z cache-man4150 MEWElogs[46369]: UNSH, 1626334716877527648, MAN, 16
<134>2021-07-15T07:38:45Z cache-bom4751 MEWElogs[46369]: UNSH, 1626334725114096132, BOM, 16
<134>2021-07-15T07:38:46Z cache-osl6529 MEWElogs[46369]: UNSH, 1626334726194020897, OSL, 16
<134>2021-07-15T07:39:23Z cache-osl6529 MEWElogs[46369]: UNSH, 1626334762915042927, OSL, 16
<134>2021-07-15T07:39:32Z cache-man4150 MEWElogs[46369]: UNSH, 1626334771355262045, MAN, 16
<134>2021-07-15T07:39:41Z cache-cdg20720 MEWElogs[46369]: UNSH, 1626334780716271929, CDG, 16
<134>2021-07-15T07:39:59Z cache-jax20933 MEWElogs[46369]: UNSH, 1626334798311463106, JAX, 16
<134>2021-07-15T07:40:02Z cache-lga21983 MEWElogs[46369]: UNSH, 1626334801676848763, LGA, 16
<134>2021-07-15T07:40:10Z cache-bom4751 MEWElogs[46369]: UNSH, 1626334809714897451, BOM, 16
<134>2021-07-15T07:40:11Z cache-lga21983 MEWElogs[46369]: UNSH, 1626334810833922806, LGA, 16
<134>2021-07-15T07:40:17Z cache-lax10677 MEWElogs[46369]: UNSH, 1626334817714979698, LGB, 16
<134>2021-07-15T07:40:28Z cache-lhr7382 MEWElogs[46369]: UNSH, 1626334827648640285, LHR, 16
<134>2021-07-15T07:40:29Z cache-lax10677 MEWElogs[46369]: UNSH, 1626334828457190591, LGB, 16
<134>2021-07-15T07:40:41Z cache-lga21983 MEWElogs[46369]: UNSH, 1626334840003448775, LGA, 16
<134>2021-07-15T07:41:46Z cache-osl6529 MEWElogs[46369]: UNSH, 1626334905898044178, OSL, 16
<134>2021-07-15T07:42:11Z cache-man4150 MEWElogs[46369]: UNSH, 1626334930378044270, MAN, 16
<134>2021-07-15T07:42:11Z cache-mel11272 MEWElogs[46369]: UNSH, 1626334931325424540, MEL, 16
<134>2021-07-15T07:42:33Z cache-cdg20720 MEWElogs[46369]: UNSH, 1626334952740313470, CDG, 16
<134>2021-07-15T07:42:35Z cache-mel11272 MEWElogs[46369]: UNSH, 1626334954105736207, MEL, 16
<134>2021-07-15T07:42:35Z cache-lhr7382 MEWElogs[46369]: UNSH, 1626334954511934928, LHR, 16
