<134>2021-07-15T02:12:10Z cache-cdg20720 MEWElogs[292213]: GRAY, 1626315129824927671, CDG, 13
<134>2021-07-15T02:12:39Z cache-gig17035 MEWElogs[292213]: GRAY, 1626315158500438981, GIG, 13
<134>2021-07-15T02:13:09Z cache-stl4834 MEWElogs[292213]: GRAY, 1626315189115798804, STL, 13
<134>2021-07-15T02:14:06Z cache-bom4751 MEWElogs[292213]: GRAY, 1626315245334910272, BOM, 13
<134>2021-07-15T02:14:10Z cache-cgh11122 MEWElogs[292213]: GRAY, 1626315248976996867, CGH, 13
<134>2021-07-15T02:14:13Z cache-stl4834 MEWElogs[292213]: GRAY, 1626315252249593493, STL, 13
<134>2021-07-15T02:14:30Z cache-cgh11122 MEWElogs[292213]: GRAY, 1626315269367367954, CGH, 13
<134>2021-07-15T02:14:55Z cache-gru17149 MEWElogs[292213]: GRAY, 1626315293957582911, GRU, 13
<134>2021-07-15T02:14:59Z cache-hnd18722 MEWElogs[292213]: GRAY, 1626315299501921428, HND, 13
<134>2021-07-15T02:15:06Z cache-hnd18722 MEWElogs[292213]: GRAY, 1626315306474731608, HND, 13
<134>2021-07-15T02:15:32Z cache-gru17149 MEWElogs[292213]: GRAY, 1626315331674730254, GRU, 13
<134>2021-07-15T02:15:44Z cache-cgh11122 MEWElogs[292213]: GRAY, 1626315344034263026, CGH, 13
<134>2021-07-15T02:16:25Z cache-scl19427 MEWElogs[292213]: GRAY, 1626315384716390876, SCL, 13
<134>2021-07-15T02:16:41Z cache-scl19427 MEWElogs[292213]: GRAY, 1626315401174616854, SCL, 13
<134>2021-07-15T02:17:39Z cache-itm18851 MEWElogs[292213]: GRAY, 1626315458874098365, ITM, 13
<134>2021-07-15T02:18:34Z cache-cgh11122 MEWElogs[292213]: GRAY, 1626315513808649981, CGH, 13
<134>2021-07-15T02:18:40Z cache-sea4483 MEWElogs[292213]: GRAY, 1626315519845947994, SEA, 13
<134>2021-07-15T02:19:14Z cache-stl4834 MEWElogs[292213]: GRAY, 1626315553803092837, STL, 13
<134>2021-07-15T02:19:17Z cache-sjc10078 MEWElogs[292213]: GRAY, 1626315556010738772, SJC, 13
<134>2021-07-15T02:19:37Z cache-sjc10078 MEWElogs[292213]: GRAY, 1626315577339382797, SJC, 13
<134>2021-07-15T02:19:56Z cache-syd10183 MEWElogs[292213]: GRAY, 1626315595734966574, SYD, 13
<134>2021-07-15T02:20:21Z cache-cgh11183 MEWElogs[292213]: GRAY, 1626315621667923857, CGH, 13
<134>2021-07-15T02:20:43Z cache-itm18851 MEWElogs[292213]: GRAY, 1626315642574810460, ITM, 13
<134>2021-07-15T02:20:55Z cache-cgh11122 MEWElogs[292213]: GRAY, 1626315655094306309, CGH, 13
<134>2021-07-15T02:21:08Z cache-hnd18722 MEWElogs[292213]: GRAY, 1626315668207040187, HND, 13
<134>2021-07-15T02:21:19Z cache-sea4483 MEWElogs[292213]: GRAY, 1626315679389875368, SEA, 13
