<134>2021-07-14T16:31:39Z cache-mdw17383 MEWElogs[322581]: FLIPH, 1626280298410100510, MDW, 10
<134>2021-07-14T16:31:40Z cache-ord1740 MEWElogs[322581]: FLIPH, 1626280300465378885, ORD, -1
<134>2021-07-14T16:31:58Z cache-ams21020 MEWElogs[322581]: FLIPH, 1626280317054395021, AMS, 10
<134>2021-07-14T16:31:58Z cache-pdk17882 MEWElogs[322581]: FLIPH, 1626280317252475107, PDK, -1
<134>2021-07-14T16:31:58Z cache-ord1740 MEWElogs[322581]: FLIPH, 1626280318550021723, ORD, -1
<134>2021-07-14T16:32:19Z cache-cmh21547 MEWElogs[322581]: FLIPH, 1626280338739666181, CMH, 10
<134>2021-07-14T16:32:25Z cache-ord1740 MEWElogs[322581]: FLIPH, 1626280345689820773, ORD, -1
<134>2021-07-14T16:32:44Z cache-wdc5583 MEWElogs[322581]: FLIPH, 1626280363229675163, WDC, -1
<134>2021-07-14T16:33:02Z cache-pdk17882 MEWElogs[322581]: FLIPH, 1626280381508385851, PDK, -1
<134>2021-07-14T16:33:05Z cache-bog6425 MEWElogs[322581]: FLIPH, 1626280384939520922, BOG, 10
<134>2021-07-14T16:33:12Z cache-dca17782 MEWElogs[322581]: FLIPH, 1626280392296952942, DCA, -1
<134>2021-07-14T16:33:24Z cache-cmh21547 MEWElogs[322581]: FLIPH, 1626280404271443709, CMH, 10
<134>2021-07-14T16:33:32Z cache-bog6425 MEWElogs[322581]: FLIPH, 1626280411309504741, BOG, -1
<134>2021-07-14T16:33:40Z cache-ams21020 MEWElogs[322581]: FLIPH, 1626280419866726543, AMS, 10
<134>2021-07-14T16:33:46Z cache-cmh21547 MEWElogs[322581]: FLIPH, 1626280426220098215, CMH, 10
<134>2021-07-14T16:33:59Z cache-pdk17882 MEWElogs[322581]: FLIPH, 1626280438786087008, PDK, 10
<134>2021-07-14T16:34:01Z cache-dca17782 MEWElogs[322581]: FLIPH, 1626280439974828950, DCA, -1
<134>2021-07-14T16:34:03Z cache-bog6425 MEWElogs[322581]: FLIPH, 1626280443487473730, BOG, 10
<134>2021-07-14T16:34:14Z cache-maa10251 MEWElogs[322581]: FLIPH, 1626280453353955816, MAA, -1
<134>2021-07-14T16:34:27Z cache-eze19324 MEWElogs[322581]: FLIPH, 1626280467693031235, EZE, -1
<134>2021-07-14T16:34:33Z cache-pdk17882 MEWElogs[322581]: FLIPH, 1626280472172100155, PDK, -1
<134>2021-07-14T16:34:53Z cache-pdk17882 MEWElogs[322581]: FLIPH, 1626280492989258882, PDK, 10
<134>2021-07-14T16:35:21Z cache-mdw17383 MEWElogs[322581]: FLIPH, 1626280520229067147, MDW, 10
<134>2021-07-14T16:35:30Z cache-ams21020 MEWElogs[322581]: FLIPH, 1626280530462193577, AMS, 10
<134>2021-07-14T16:35:39Z cache-mdw17383 MEWElogs[322581]: FLIPH, 1626280538780335805, MDW, -1
<134>2021-07-14T16:36:05Z cache-eze19324 MEWElogs[322581]: FLIPH, 1626280565287019531, EZE, 10
<134>2021-07-14T16:36:15Z cache-dca17782 MEWElogs[322581]: FLIPH, 1626280574576018513, DCA, 10
<134>2021-07-14T16:36:21Z cache-pdk17882 MEWElogs[322581]: FLIPH, 1626280580929520484, PDK, -1
<134>2021-07-14T16:37:00Z cache-pdk17882 MEWElogs[322581]: FLIPH, 1626280619743804863, PDK, 10
<134>2021-07-14T16:37:02Z cache-ams21020 MEWElogs[322581]: FLIPH, 1626280622494784486, AMS, -1
<134>2021-07-14T16:37:21Z cache-ord1740 MEWElogs[322581]: FLIPH, 1626280640464249071, ORD, 10
<134>2021-07-14T16:37:30Z cache-ord1740 MEWElogs[322581]: FLIPH, 1626280649669561045, ORD, 10
<134>2021-07-14T16:37:37Z cache-dca17782 MEWElogs[322581]: FLIPH, 1626280656941311645, DCA, -1
<134>2021-07-14T16:37:43Z cache-wdc5583 MEWElogs[322581]: FLIPH, 1626280663563163290, WDC, -1
<134>2021-07-14T16:37:45Z cache-ord1740 MEWElogs[322581]: FLIPH, 1626280664980550656, ORD, -1
<134>2021-07-14T16:37:45Z cache-ams21020 MEWElogs[322581]: FLIPH, 1626280664675742834, AMS, -1
<134>2021-07-14T16:37:55Z cache-dca17782 MEWElogs[322581]: FLIPH, 1626280675450417705, DCA, -1
<134>2021-07-14T16:37:57Z cache-wdc5583 MEWElogs[322581]: FLIPH, 1626280677657790834, WDC, 10
<134>2021-07-14T16:38:01Z cache-pdk17882 MEWElogs[322581]: FLIPH, 1626280680573951524, PDK, -1
<134>2021-07-14T16:38:13Z cache-pdk17882 MEWElogs[322581]: FLIPH, 1626280692496716174, PDK, 10
<134>2021-07-14T16:38:28Z cache-wdc5583 MEWElogs[322581]: FLIPH, 1626280708230366597, WDC, 10
<134>2021-07-14T16:38:40Z cache-ams21020 MEWElogs[322581]: FLIPH, 1626280719467580918, AMS, 10
<134>2021-07-14T16:38:57Z cache-ord1740 MEWElogs[322581]: FLIPH, 1626280737176645380, ORD, -1
<134>2021-07-14T16:39:11Z cache-eze19324 MEWElogs[322581]: FLIPH, 1626280750756704346, EZE, -1
<134>2021-07-14T16:39:34Z cache-mdw17383 MEWElogs[322581]: FLIPH, 1626280773781192179, MDW, 10
<134>2021-07-14T16:40:24Z cache-mdw17383 MEWElogs[322581]: FLIPH, 1626280824801554665, MDW, -1
<134>2021-07-14T16:40:29Z cache-ams21020 MEWElogs[322581]: FLIPH, 1626280828899157661, AMS, -1
<134>2021-07-14T16:40:33Z cache-wdc5583 MEWElogs[322581]: FLIPH, 1626280832735231701, WDC, -1
<134>2021-07-14T16:40:40Z cache-ams21020 MEWElogs[322581]: FLIPH, 1626280839875393217, AMS, 10
<134>2021-07-14T16:40:52Z cache-cmh21547 MEWElogs[322581]: FLIPH, 1626280851942367020, CMH, 10
<134>2021-07-14T16:41:08Z cache-wdc5583 MEWElogs[322581]: FLIPH, 1626280867741438268, WDC, 10
<134>2021-07-14T16:41:21Z cache-pdk17882 MEWElogs[322581]: FLIPH, 1626280881026221930, PDK, -1
<134>2021-07-14T16:41:25Z cache-ord1740 MEWElogs[322581]: FLIPH, 1626280884399834842, ORD, 10
<134>2021-07-14T16:41:25Z cache-bog6425 MEWElogs[322581]: FLIPH, 1626280884877606443, BOG, 10
<134>2021-07-14T16:41:35Z cache-maa10251 MEWElogs[322581]: FLIPH, 1626280895214417955, MAA, -1
