<134>2021-07-15T04:26:55Z cache-akl10324 MEWElogs[334804]: ROTATE, 1626323214997016075, AKL, 15
<134>2021-07-15T04:27:08Z cache-dfw18678 MEWElogs[334804]: ROTATE, 1626323227210017932, DFW, 15
<134>2021-07-15T04:27:15Z cache-cwb20520 MEWElogs[334804]: ROTATE, 1626323234113855511, CWB, 15
<134>2021-07-15T04:27:44Z cache-dub4329 MEWElogs[334804]: ROTATE, 1626323263408264179, DUB, 15
<134>2021-07-15T04:28:43Z cache-bos4657 MEWElogs[334804]: ROTATE, 1626323322948707001, BOS, 15
<134>2021-07-15T04:28:49Z cache-hhn4077 MEWElogs[334804]: ROTATE, 1626323328877224012, HHN, 15
<134>2021-07-15T04:28:50Z cache-pwk4920 MEWElogs[334804]: ROTATE, 1626323329435457872, PWK, 15
<134>2021-07-15T04:29:17Z cache-dub4329 MEWElogs[334804]: ROTATE, 1626323356511012528, DUB, 15
<134>2021-07-15T04:30:10Z cache-hhn4077 MEWElogs[334804]: ROTATE, 1626323410393925599, HHN, 15
<134>2021-07-15T04:30:14Z cache-cwb20520 MEWElogs[334804]: ROTATE, 1626323413308450933, CWB, 15
<134>2021-07-15T04:30:38Z cache-fty21383 MEWElogs[334804]: ROTATE, 1626323437359274641, FTY, 15
<134>2021-07-15T04:30:54Z cache-cwb20520 MEWElogs[334804]: ROTATE, 1626323453035795313, CWB, 15
<134>2021-07-15T04:30:54Z cache-dfw18678 MEWElogs[334804]: ROTATE, 1626323453372356260, DFW, 15
<134>2021-07-15T04:31:25Z cache-hhn4077 MEWElogs[334804]: ROTATE, 1626323484160897433, HHN, 15
<134>2021-07-15T04:32:27Z cache-chi21126 MEWElogs[334804]: ROTATE, 1626323546197919891, CHI, 15
<134>2021-07-15T04:32:32Z cache-dub4329 MEWElogs[334804]: ROTATE, 1626323550949526471, DUB, 15
<134>2021-07-15T04:32:37Z cache-chi21126 MEWElogs[334804]: ROTATE, 1626323555985180365, CHI, 15
<134>2021-07-15T04:33:03Z cache-hhn4077 MEWElogs[334804]: ROTATE, 1626323583571200166, HHN, 15
<134>2021-07-15T04:34:24Z cache-bos4657 MEWElogs[334804]: ROTATE, 1626323662975697187, BOS, 15
<134>2021-07-15T04:34:28Z cache-dub4329 MEWElogs[334804]: ROTATE, 1626323667421442674, DUB, 15
<134>2021-07-15T04:34:45Z cache-del21735 MEWElogs[334804]: ROTATE, 1626323683944017170, DEL, 15
<134>2021-07-15T04:35:11Z cache-cwb20520 MEWElogs[334804]: ROTATE, 1626323710769709757, CWB, 15
<134>2021-07-15T04:35:21Z cache-del21735 MEWElogs[334804]: ROTATE, 1626323720090811763, DEL, 15
<134>2021-07-15T04:35:55Z cache-pwk4920 MEWElogs[334804]: ROTATE, 1626323754612618750, PWK, 15
<134>2021-07-15T04:36:24Z cache-hel6829 MEWElogs[334804]: ROTATE, 1626323783542642855, HEL, 15
<134>2021-07-15T04:36:40Z cache-chi21126 MEWElogs[334804]: ROTATE, 1626323799954958436, CHI, 15
