<134>2021-07-15T06:09:09Z cache-pdk17882 MEWElogs[370074]: UNSH, 1626329348232225642, PDK, 16
<134>2021-07-15T06:09:48Z cache-dca17782 MEWElogs[370074]: UNSH, 1626329387440018572, DCA, 16
<134>2021-07-15T06:10:43Z cache-ams21020 MEWElogs[370074]: UNSH, 1626329442644098442, AMS, 16
<134>2021-07-15T06:10:55Z cache-ord1740 MEWElogs[370074]: UNSH, 1626329454747821851, ORD, 16
<134>2021-07-15T06:11:00Z cache-pdk17882 MEWElogs[370074]: UNSH, 1626329459589579708, PDK, 16
<134>2021-07-15T06:11:52Z cache-ams21020 MEWElogs[370074]: UNSH, 1626329511720923831, AMS, 16
<134>2021-07-15T06:12:32Z cache-cph20625 MEWElogs[370074]: UNSH, 1626329550955760123, CPH, 16
<134>2021-07-15T06:12:42Z cache-cph20625 MEWElogs[370074]: UNSH, 1626329561585924640, CPH, 16
<134>2021-07-15T06:12:51Z cache-dca17782 MEWElogs[370074]: UNSH, 1626329570865797265, DCA, 16
<134>2021-07-15T06:12:53Z cache-ord1740 MEWElogs[370074]: UNSH, 1626329572154099748, ORD, 16
<134>2021-07-15T06:13:20Z cache-wdc5583 MEWElogs[370074]: UNSH, 1626329600193959778, WDC, 16
<134>2021-07-15T06:13:26Z cache-mdw17383 MEWElogs[370074]: UNSH, 1626329605115387384, MDW, 16
<134>2021-07-15T06:13:56Z cache-cph20625 MEWElogs[370074]: UNSH, 1626329635015797756, CPH, 16
<134>2021-07-15T06:14:41Z cache-pdk17882 MEWElogs[370074]: UNSH, 1626329680831000090, PDK, 16
<134>2021-07-15T06:15:08Z cache-cph20625 MEWElogs[370074]: UNSH, 1626329707605902411, CPH, 16
<134>2021-07-15T06:15:33Z cache-maa10251 MEWElogs[370074]: UNSH, 1626329732611339250, MAA, 16
<134>2021-07-15T06:16:03Z cache-bog6425 MEWElogs[370074]: UNSH, 1626329762506529199, BOG, 16
<134>2021-07-15T06:16:10Z cache-mdw17383 MEWElogs[370074]: UNSH, 1626329770232483949, MDW, 16
<134>2021-07-15T06:16:23Z cache-ams21020 MEWElogs[370074]: UNSH, 1626329782852011935, AMS, 16
<134>2021-07-15T06:16:31Z cache-dca17782 MEWElogs[370074]: UNSH, 1626329790780846382, DCA, 16
<134>2021-07-15T06:17:15Z cache-ord1740 MEWElogs[370074]: UNSH, 1626329833987413218, ORD, 16
<134>2021-07-15T06:18:17Z cache-dca17782 MEWElogs[370074]: UNSH, 1626329896475115129, DCA, 16
<134>2021-07-15T06:18:27Z cache-cph20625 MEWElogs[370074]: UNSH, 1626329906141900632, CPH, 16
<134>2021-07-15T06:18:54Z cache-wdc5583 MEWElogs[370074]: UNSH, 1626329933012303441, WDC, 16
<134>2021-07-15T06:18:56Z cache-ams21020 MEWElogs[370074]: UNSH, 1626329935625179595, AMS, 16
<134>2021-07-15T06:18:56Z cache-dca17782 MEWElogs[370074]: UNSH, 1626329935596879075, DCA, 16
<134>2021-07-15T06:18:59Z cache-bog6425 MEWElogs[370074]: UNSH, 1626329938235340045, BOG, 16
