<134>2021-07-15T06:21:01Z cache-dca17782 MEWElogs[322023]: UNSH, 1626330060102664311, DCA, 16
<134>2021-07-15T06:21:25Z cache-bog6425 MEWElogs[322023]: UNSH, 1626330085212027038, BOG, 16
<134>2021-07-15T06:21:43Z cache-mdw17383 MEWElogs[322023]: UNSH, 1626330102166715599, MDW, 16
<134>2021-07-15T06:22:17Z cache-cph20625 MEWElogs[322023]: UNSH, 1626330136619612647, CPH, 16
<134>2021-07-15T06:22:26Z cache-cmh21547 MEWElogs[322023]: UNSH, 1626330145741897794, CMH, 16
<134>2021-07-15T06:22:38Z cache-dca17782 MEWElogs[322023]: UNSH, 1626330157820844650, DCA, 16
<134>2021-07-15T06:22:50Z cache-pdk17882 MEWElogs[322023]: UNSH, 1626330169775264014, PDK, 16
<134>2021-07-15T06:22:54Z cache-bog6425 MEWElogs[322023]: UNSH, 1626330174057874816, BOG, 16
<134>2021-07-15T06:23:34Z cache-bog6425 MEWElogs[322023]: UNSH, 1626330213619413614, BOG, 16
<134>2021-07-15T06:24:20Z cache-ord1740 MEWElogs[322023]: UNSH, 1626330259157039690, ORD, 16
<134>2021-07-15T06:24:21Z cache-dfw18678 MEWElogs[322023]: UNSH, 1626330261376482470, DFW, 16
<134>2021-07-15T06:24:22Z cache-pdk17882 MEWElogs[322023]: UNSH, 1626330261646380443, PDK, 16
<134>2021-07-15T06:24:22Z cache-cph20625 MEWElogs[322023]: UNSH, 1626330262614639979, CPH, 16
<134>2021-07-15T06:24:32Z cache-akl10324 MEWElogs[322023]: UNSH, 1626330272181644860, AKL, 16
<134>2021-07-15T06:24:54Z cache-cph20625 MEWElogs[322023]: UNSH, 1626330293553922735, CPH, 16
<134>2021-07-15T06:25:28Z cache-akl10324 MEWElogs[322023]: UNSH, 1626330328618874618, AKL, 16
<134>2021-07-15T06:25:56Z cache-cmh21547 MEWElogs[322023]: UNSH, 1626330355343704553, CMH, 16
<134>2021-07-15T06:26:06Z cache-bos4657 MEWElogs[322023]: UNSH, 1626330366128023819, BOS, 16
<134>2021-07-15T06:26:58Z cache-del21735 MEWElogs[322023]: UNSH, 1626330417812751295, DEL, 16
<134>2021-07-15T06:27:02Z cache-cmh21547 MEWElogs[322023]: UNSH, 1626330421174375967, CMH, 16
<134>2021-07-15T06:27:35Z cache-dub4329 MEWElogs[322023]: UNSH, 1626330454813841529, DUB, 16
<134>2021-07-15T06:27:56Z cache-dfw18678 MEWElogs[322023]: UNSH, 1626330475217680128, DFW, 16
<134>2021-07-15T06:27:56Z cache-chi21126 MEWElogs[322023]: UNSH, 1626330475266975450, CHI, 16
<134>2021-07-15T06:28:13Z cache-cph20625 MEWElogs[322023]: UNSH, 1626330493552366951, CPH, 16
<134>2021-07-15T06:28:24Z cache-del21735 MEWElogs[322023]: UNSH, 1626330503059842492, DEL, 16
<134>2021-07-15T06:28:35Z cache-dfw18678 MEWElogs[322023]: UNSH, 1626330515555710431, DFW, 16
<134>2021-07-15T06:29:23Z cache-fty21383 MEWElogs[322023]: UNSH, 1626330562456278023, FTY, 16
<134>2021-07-15T06:29:47Z cache-dub4329 MEWElogs[322023]: UNSH, 1626330586465534022, DUB, 16
<134>2021-07-15T06:30:20Z cache-akl10324 MEWElogs[322023]: UNSH, 1626330619151052446, AKL, 16
<134>2021-07-15T06:30:28Z cache-dub4329 MEWElogs[322023]: UNSH, 1626330627548023702, DUB, 16
<134>2021-07-15T06:30:32Z cache-fty21383 MEWElogs[322023]: UNSH, 1626330631928365239, FTY, 16
<134>2021-07-15T06:30:51Z cache-dfw18678 MEWElogs[322023]: UNSH, 1626330650582335766, DFW, 16
