<134>2021-07-15T02:03:43Z cache-yul12826 MEWElogs[308969]: GRAY, 1626314622339828882, YUL, 13
<134>2021-07-15T02:03:56Z cache-osl6529 MEWElogs[308969]: GRAY, 1626314634980988137, OSL, 13
<134>2021-07-15T02:04:13Z cache-mci5951 MEWElogs[308969]: GRAY, 1626314652658019126, MCI, 13
<134>2021-07-15T02:04:32Z cache-osl6529 MEWElogs[308969]: GRAY, 1626314671774941123, OSL, 13
<134>2021-07-15T02:04:32Z cache-yul12826 MEWElogs[308969]: GRAY, 1626314672710413309, YUL, 13
<134>2021-07-15T02:04:52Z cache-lax10677 MEWElogs[308969]: GRAY, 1626314691958169819, LGB, 13
<134>2021-07-15T02:05:10Z cache-ewr18156 MEWElogs[308969]: GRAY, 1626314709333818793, EWR, 13
<134>2021-07-15T02:05:14Z cache-lga21983 MEWElogs[308969]: GRAY, 1626314713343585452, LGA, 13
<134>2021-07-15T02:05:21Z cache-lax10677 MEWElogs[308969]: GRAY, 1626314720320534109, LGB, 13
<134>2021-07-15T02:05:23Z cache-osl6529 MEWElogs[308969]: GRAY, 1626314723023087053, OSL, 13
<134>2021-07-15T02:05:33Z cache-lga21983 MEWElogs[308969]: GRAY, 1626314733668174843, LGA, 13
<134>2021-07-15T02:05:47Z cache-osl6529 MEWElogs[308969]: GRAY, 1626314746030961556, OSL, 13
<134>2021-07-15T02:06:22Z cache-lga21983 MEWElogs[308969]: GRAY, 1626314782395196109, LGA, 13
<134>2021-07-15T02:06:37Z cache-mel11272 MEWElogs[308969]: GRAY, 1626314796751254148, MEL, 13
<134>2021-07-15T02:06:50Z cache-scl19427 MEWElogs[308969]: GRAY, 1626314809861648660, SCL, 13
<134>2021-07-15T02:07:55Z cache-lga21983 MEWElogs[308969]: GRAY, 1626314875059048213, LGA, 13
<134>2021-07-15T02:08:30Z cache-scl19427 MEWElogs[308969]: GRAY, 1626314909768324587, SCL, 13
<134>2021-07-15T02:08:43Z cache-mel11272 MEWElogs[308969]: GRAY, 1626314923291989764, MEL, 13
<134>2021-07-15T02:08:47Z cache-bom4751 MEWElogs[308969]: GRAY, 1626314925892570974, BOM, 13
<134>2021-07-15T02:08:52Z cache-osl6529 MEWElogs[308969]: GRAY, 1626314931468539173, OSL, 13
<134>2021-07-15T02:09:06Z cache-gig17035 MEWElogs[308969]: GRAY, 1626314946134955935, GIG, 13
<134>2021-07-15T02:09:15Z cache-bom4751 MEWElogs[308969]: GRAY, 1626314954832669950, BOM, 13
<134>2021-07-15T02:09:18Z cache-gru17149 MEWElogs[308969]: GRAY, 1626314957730448761, GRU, 13
<134>2021-07-15T02:09:25Z cache-gru17149 MEWElogs[308969]: GRAY, 1626314964085778839, GRU, 13
<134>2021-07-15T02:09:28Z cache-ewr18156 MEWElogs[308969]: GRAY, 1626314967544293876, EWR, 13
<134>2021-07-15T02:09:39Z cache-bom4751 MEWElogs[308969]: GRAY, 1626314978189178515, BOM, 13
<134>2021-07-15T02:09:53Z cache-cdg20720 MEWElogs[308969]: GRAY, 1626314992700564685, CDG, 13
<134>2021-07-15T02:10:55Z cache-ewr18156 MEWElogs[308969]: GRAY, 1626315054202576325, EWR, 13
<134>2021-07-15T02:10:57Z cache-osl6529 MEWElogs[308969]: GRAY, 1626315055996205739, OSL, 13
<134>2021-07-15T02:11:05Z cache-bom4751 MEWElogs[308969]: GRAY, 1626315065745135063, BOM, 13
<134>2021-07-15T02:11:24Z cache-bom4751 MEWElogs[308969]: GRAY, 1626315083078435787, BOM, 13
<134>2021-07-15T02:11:25Z cache-scl19427 MEWElogs[308969]: GRAY, 1626315085175336742, SCL, 13
<134>2021-07-15T02:11:45Z cache-syd10183 MEWElogs[308969]: GRAY, 1626315104969844087, SYD, 13
<134>2021-07-15T02:12:14Z cache-stl4834 MEWElogs[308969]: GRAY, 1626315133782594994, STL, 13
<134>2021-07-15T02:12:16Z cache-cdg20720 MEWElogs[308969]: GRAY, 1626315135219951543, CDG, 13
<134>2021-07-15T02:12:27Z cache-pao17461 MEWElogs[308969]: GRAY, 1626315146706828352, PAO, 13
<134>2021-07-15T02:12:34Z cache-syd10183 MEWElogs[308969]: GRAY, 1626315154318906852, SYD, 13
<134>2021-07-15T02:13:07Z cache-gru17149 MEWElogs[308969]: GRAY, 1626315186340946485, GRU, 13
<134>2021-07-15T02:13:09Z cache-syd10183 MEWElogs[308969]: GRAY, 1626315189249925158, SYD, 13
