<134>2021-07-15T04:58:19Z cache-mci5951 MEWElogs[322581]: ROTATE, 1626325098850558553, MCI, 15
<134>2021-07-15T04:59:02Z cache-man4150 MEWElogs[322581]: ROTATE, 1626325141640545934, MAN, 15
<134>2021-07-15T04:59:04Z cache-yul12826 MEWElogs[322581]: ROTATE, 1626325143717964858, YUL, 15
<134>2021-07-15T04:59:36Z cache-lhr7382 MEWElogs[322581]: ROTATE, 1626325175154654641, LHR, 15
<134>2021-07-15T04:59:54Z cache-yul12826 MEWElogs[322581]: ROTATE, 1626325194288123502, YUL, 15
<134>2021-07-15T05:00:04Z cache-ewr18156 MEWElogs[322581]: ROTATE, 1626325203915667505, EWR, 15
<134>2021-07-15T05:00:05Z cache-man4150 MEWElogs[322581]: ROTATE, 1626325204092568051, MAN, 15
<134>2021-07-15T05:00:23Z cache-ewr18156 MEWElogs[322581]: ROTATE, 1626325222891602542, EWR, 15
<134>2021-07-15T05:00:40Z cache-stp9226 MEWElogs[322581]: ROTATE, 1626325239125226595, STP, 15
<134>2021-07-15T05:00:52Z cache-man4150 MEWElogs[322581]: ROTATE, 1626325251364666830, MAN, 15
<134>2021-07-15T05:00:53Z cache-hkg17929 MEWElogs[322581]: ROTATE, 1626325252761691547, HKG, 15
<134>2021-07-15T05:01:00Z cache-man4150 MEWElogs[322581]: ROTATE, 1626325259282559139, MAN, 15
<134>2021-07-15T05:01:01Z cache-mci5951 MEWElogs[322581]: ROTATE, 1626325261375630710, MCI, 15
<134>2021-07-15T05:01:22Z cache-mci5951 MEWElogs[322581]: ROTATE, 1626325281883673925, MCI, 15
<134>2021-07-15T05:01:38Z cache-yul12826 MEWElogs[322581]: ROTATE, 1626325297945580422, YUL, 15
<134>2021-07-15T05:02:46Z cache-lhr7382 MEWElogs[322581]: ROTATE, 1626325365168186419, LHR, 15
<134>2021-07-15T05:03:00Z cache-lga21983 MEWElogs[322581]: ROTATE, 1626325379555682745, LGA, 15
<134>2021-07-15T05:03:05Z cache-mci5951 MEWElogs[322581]: ROTATE, 1626325384068337504, MCI, 15
<134>2021-07-15T05:03:09Z cache-ewr18156 MEWElogs[322581]: ROTATE, 1626325388084827631, EWR, 15
<134>2021-07-15T05:03:46Z cache-mel11272 MEWElogs[322581]: ROTATE, 1626325426512943101, MEL, 15
<134>2021-07-15T05:03:55Z cache-yul12826 MEWElogs[322581]: ROTATE, 1626325435412347151, YUL, 15
<134>2021-07-15T05:04:27Z cache-mci5951 MEWElogs[322581]: ROTATE, 1626325466829510651, MCI, 15
<134>2021-07-15T05:04:56Z cache-hkg17929 MEWElogs[322581]: ROTATE, 1626325495800511296, HKG, 15
<134>2021-07-15T05:05:00Z cache-stp9226 MEWElogs[322581]: ROTATE, 1626325499107875548, STP, 15
<134>2021-07-15T05:05:09Z cache-man4150 MEWElogs[322581]: ROTATE, 1626325508368768386, MAN, 15
<134>2021-07-15T05:05:35Z cache-ewr18156 MEWElogs[322581]: ROTATE, 1626325535007969387, EWR, 15
<134>2021-07-15T05:05:51Z cache-mel11272 MEWElogs[322581]: ROTATE, 1626325550303181250, MEL, 15
<134>2021-07-15T05:06:00Z cache-mci5951 MEWElogs[322581]: ROTATE, 1626325559733653191, MCI, 15
<134>2021-07-15T05:06:30Z cache-mci5951 MEWElogs[322581]: ROTATE, 1626325589977366052, MCI, 15
<134>2021-07-15T05:06:34Z cache-osl6529 MEWElogs[322581]: ROTATE, 1626325593853114798, OSL, 15
<134>2021-07-15T05:06:38Z cache-bom4751 MEWElogs[322581]: ROTATE, 1626325597260592775, BOM, 15
<134>2021-07-15T05:07:26Z cache-hkg17929 MEWElogs[322581]: ROTATE, 1626325645707326855, HKG, 15
<134>2021-07-15T05:07:52Z cache-mci5951 MEWElogs[322581]: ROTATE, 1626325672387784651, MCI, 15
<134>2021-07-15T05:07:53Z cache-bom4751 MEWElogs[322581]: ROTATE, 1626325672904532267, BOM, 15
