<134>2021-07-15T00:51:42Z cache-yul12826 MEWElogs[308969]: CROP, 1626310301605559464, YUL, 12
<134>2021-07-15T00:51:54Z cache-mia11368 MEWElogs[308969]: CROP, 1626310314253175385, MIA, 12
<134>2021-07-15T00:51:59Z cache-lga21983 MEWElogs[308969]: CROP, 1626310319024167359, LGA, 12
<134>2021-07-15T00:52:13Z cache-mia11368 MEWElogs[308969]: CROP, 1626310332497852599, MIA, 12
<134>2021-07-15T00:52:17Z cache-stp9226 MEWElogs[308969]: CROP, 1626310336096897833, STP, 12
<134>2021-07-15T00:52:28Z cache-lga21983 MEWElogs[308969]: CROP, 1626310347408858680, LGA, 12
<134>2021-07-15T00:52:33Z cache-stp9226 MEWElogs[308969]: CROP, 1626310352515808181, STP, 12
<134>2021-07-15T00:53:07Z cache-mel11272 MEWElogs[308969]: CROP, 1626310386033882870, MEL, 12
<134>2021-07-15T00:53:09Z cache-mci5951 MEWElogs[308969]: CROP, 1626310389020610640, MCI, 12
<134>2021-07-15T00:53:40Z cache-mia11368 MEWElogs[308969]: CROP, 1626310420648398658, MIA, 12
<134>2021-07-15T00:54:05Z cache-jax20933 MEWElogs[308969]: CROP, 1626310444194562678, JAX, 12
<134>2021-07-15T00:54:13Z cache-ewr18156 MEWElogs[308969]: CROP, 1626310453026297407, EWR, 12
<134>2021-07-15T00:54:18Z cache-mia11368 MEWElogs[308969]: CROP, 1626310457511944343, MIA, 12
<134>2021-07-15T00:54:23Z cache-osl6529 MEWElogs[308969]: CROP, 1626310461959855204, OSL, 12
<134>2021-07-15T00:54:25Z cache-lax10677 MEWElogs[308969]: CROP, 1626310464217640747, LGB, 12
<134>2021-07-15T00:54:46Z cache-lax10677 MEWElogs[308969]: CROP, 1626310486185782963, LGB, 12
<134>2021-07-15T00:54:48Z cache-jax20933 MEWElogs[308969]: CROP, 1626310488003431954, JAX, 12
<134>2021-07-15T00:55:01Z cache-yul12826 MEWElogs[308969]: CROP, 1626310501510595456, YUL, 12
<134>2021-07-15T00:55:04Z cache-lga21983 MEWElogs[308969]: CROP, 1626310504011946004, LGA, 12
<134>2021-07-15T00:55:29Z cache-gru17149 MEWElogs[308969]: CROP, 1626310528598346088, GRU, 12
<134>2021-07-15T00:55:30Z cache-osl6529 MEWElogs[308969]: CROP, 1626310530545561309, OSL, 12
<134>2021-07-15T00:55:40Z cache-osl6529 MEWElogs[308969]: CROP, 1626310539123415981, OSL, 12
<134>2021-07-15T00:55:53Z cache-yul12826 MEWElogs[308969]: CROP, 1626310552096576244, YUL, 12
<134>2021-07-15T00:55:57Z cache-lga21983 MEWElogs[308969]: CROP, 1626310556940049941, LGA, 12
<134>2021-07-15T00:56:03Z cache-ewr18156 MEWElogs[308969]: CROP, 1626310562751065448, EWR, 12
<134>2021-07-15T00:56:08Z cache-gig17035 MEWElogs[308969]: CROP, 1626310567379234749, GIG, 12
<134>2021-07-15T00:56:17Z cache-yul12826 MEWElogs[308969]: CROP, 1626310576124942840, YUL, 12
<134>2021-07-15T00:56:18Z cache-gig17035 MEWElogs[308969]: CROP, 1626310578078581869, GIG, 12
<134>2021-07-15T00:56:45Z cache-gig17035 MEWElogs[308969]: CROP, 1626310603941490687, GIG, 12
<134>2021-07-15T00:56:45Z cache-scl19427 MEWElogs[308969]: CROP, 1626310604297838532, SCL, 12
<134>2021-07-15T00:56:58Z cache-lga21983 MEWElogs[308969]: CROP, 1626310617149086083, LGA, 12
<134>2021-07-15T00:57:39Z cache-jax20933 MEWElogs[308969]: CROP, 1626310659733305931, JAX, 12
<134>2021-07-15T00:57:52Z cache-stl4834 MEWElogs[308969]: CROP, 1626310671706824979, STL, 12
<134>2021-07-15T00:57:59Z cache-scl19427 MEWElogs[308969]: CROP, 1626310678582113393, SCL, 12
<134>2021-07-15T00:58:14Z cache-scl19427 MEWElogs[308969]: CROP, 1626310694238166331, SCL, 12
<134>2021-07-15T00:58:18Z cache-gru17149 MEWElogs[308969]: CROP, 1626310697076781180, GRU, 12
<134>2021-07-15T00:58:44Z cache-gig17035 MEWElogs[308969]: CROP, 1626310723890851517, GIG, 12
<134>2021-07-15T00:58:46Z cache-hnd18722 MEWElogs[308969]: CROP, 1626310725815664711, HND, 12
<134>2021-07-15T00:58:51Z cache-bom4751 MEWElogs[308969]: CROP, 1626310730132002208, BOM, 12
<134>2021-07-15T00:59:03Z cache-stl4834 MEWElogs[308969]: CROP, 1626310743483373709, STL, 12
<134>2021-07-15T00:59:43Z cache-syd10183 MEWElogs[308969]: CROP, 1626310782663333291, SYD, 12
<134>2021-07-15T00:59:55Z cache-hnd18722 MEWElogs[308969]: CROP, 1626310794090783100, HND, 12
<134>2021-07-15T01:00:17Z cache-pao17461 MEWElogs[308969]: CROP, 1626310817329618002, PAO, 12
<134>2021-07-15T01:00:34Z cache-pao17461 MEWElogs[308969]: CROP, 1626310833833254865, PAO, 12
<134>2021-07-15T01:01:35Z cache-gru17149 MEWElogs[308969]: CROP, 1626310894194392796, GRU, 12
<134>2021-07-15T01:01:40Z cache-gig17035 MEWElogs[308969]: CROP, 1626310899883165420, GIG, 12
