<134>2021-07-15T01:21:34Z cache-eze19324 MEWElogs[21956]: GRAY, 1626312093978579864, EZE, 13
<134>2021-07-15T01:22:19Z cache-cmh21547 MEWElogs[21956]: GRAY, 1626312139275939883, CMH, 13
<134>2021-07-15T01:22:39Z cache-eze19324 MEWElogs[21956]: GRAY, 1626312158766447029, EZE, 13
<134>2021-07-15T01:22:42Z cache-cmh21547 MEWElogs[21956]: GRAY, 1626312161880330366, CMH, 13
<134>2021-07-15T01:23:01Z cache-dca17782 MEWElogs[21956]: GRAY, 1626312180784421928, DCA, 13
<134>2021-07-15T01:23:11Z cache-wdc5583 MEWElogs[21956]: GRAY, 1626312191125277593, WDC, 13
<134>2021-07-15T01:23:13Z cache-dca17782 MEWElogs[21956]: GRAY, 1626312193459858301, DCA, 13
<134>2021-07-15T01:23:16Z cache-pdk17882 MEWElogs[21956]: GRAY, 1626312195338374653, PDK, 13
<134>2021-07-15T01:23:20Z cache-bog6425 MEWElogs[21956]: GRAY, 1626312200623633759, BOG, 13
<134>2021-07-15T01:23:31Z cache-maa10251 MEWElogs[21956]: GRAY, 1626312211272992823, MAA, 13
<134>2021-07-15T01:23:39Z cache-ord1740 MEWElogs[21956]: GRAY, 1626312218379390686, ORD, 13
<134>2021-07-15T01:23:47Z cache-ams21020 MEWElogs[21956]: GRAY, 1626312227451847445, AMS, 13
<134>2021-07-15T01:23:53Z cache-wdc5583 MEWElogs[21956]: GRAY, 1626312233739359328, WDC, 13
<134>2021-07-15T01:24:44Z cache-wdc5583 MEWElogs[21956]: GRAY, 1626312284353997640, WDC, 13
<134>2021-07-15T01:25:16Z cache-pdk17882 MEWElogs[21956]: GRAY, 1626312315516526940, PDK, 13
<134>2021-07-15T01:25:27Z cache-bog6425 MEWElogs[21956]: GRAY, 1626312326981734239, BOG, 13
<134>2021-07-15T01:25:34Z cache-bog6425 MEWElogs[21956]: GRAY, 1626312333600173113, BOG, 13
<134>2021-07-15T01:25:37Z cache-dca17782 MEWElogs[21956]: GRAY, 1626312336678179212, DCA, 13
<134>2021-07-15T01:25:42Z cache-maa10251 MEWElogs[21956]: GRAY, 1626312341668248960, MAA, 13
<134>2021-07-15T01:25:56Z cache-dca17782 MEWElogs[21956]: GRAY, 1626312355743002017, DCA, 13
<134>2021-07-15T01:26:08Z cache-ord1740 MEWElogs[21956]: GRAY, 1626312367314423452, ORD, 13
<134>2021-07-15T01:26:28Z cache-bog6425 MEWElogs[21956]: GRAY, 1626312387410455243, BOG, 13
<134>2021-07-15T01:26:40Z cache-pdk17882 MEWElogs[21956]: GRAY, 1626312400577784213, PDK, 13
<134>2021-07-15T01:26:47Z cache-bog6425 MEWElogs[21956]: GRAY, 1626312407050964469, BOG, 13
<134>2021-07-15T01:27:05Z cache-ord1740 MEWElogs[21956]: GRAY, 1626312424358875312, ORD, 13
<134>2021-07-15T01:27:05Z cache-eze19324 MEWElogs[21956]: GRAY, 1626312425203372618, EZE, 13
<134>2021-07-15T01:27:11Z cache-dca17782 MEWElogs[21956]: GRAY, 1626312431428321826, DCA, 13
<134>2021-07-15T01:27:21Z cache-wdc5583 MEWElogs[21956]: GRAY, 1626312441010093406, WDC, 13
<134>2021-07-15T01:27:46Z cache-maa10251 MEWElogs[21956]: GRAY, 1626312465751657112, MAA, 13
<134>2021-07-15T01:28:01Z cache-pdk17882 MEWElogs[21956]: GRAY, 1626312481341922646, PDK, 13
<134>2021-07-15T01:28:21Z cache-bog6425 MEWElogs[21956]: GRAY, 1626312501116870264, BOG, 13
<134>2021-07-15T01:28:21Z cache-ams21020 MEWElogs[21956]: GRAY, 1626312500724155033, AMS, 13
<134>2021-07-15T01:28:25Z cache-ord1740 MEWElogs[21956]: GRAY, 1626312504389557733, ORD, 13
<134>2021-07-15T01:28:26Z cache-wdc5583 MEWElogs[21956]: GRAY, 1626312505166192039, WDC, 13
<134>2021-07-15T01:28:26Z cache-dca17782 MEWElogs[21956]: GRAY, 1626312505766086625, DCA, 13
<134>2021-07-15T01:28:32Z cache-cmh21547 MEWElogs[21956]: GRAY, 1626312512084603307, CMH, 13
<134>2021-07-15T01:28:57Z cache-dca17782 MEWElogs[21956]: GRAY, 1626312536790650042, DCA, 13
<134>2021-07-15T01:29:08Z cache-bog6425 MEWElogs[21956]: GRAY, 1626312547539613927, BOG, 13
<134>2021-07-15T01:29:15Z cache-eze19324 MEWElogs[21956]: GRAY, 1626312554842093262, EZE, 13
<134>2021-07-15T01:29:23Z cache-mdw17383 MEWElogs[21956]: GRAY, 1626312562895235694, MDW, 13
<134>2021-07-15T01:29:37Z cache-pdk17882 MEWElogs[21956]: GRAY, 1626312577133962557, PDK, 13
<134>2021-07-15T01:29:47Z cache-cph20625 MEWElogs[21956]: GRAY, 1626312586296760242, CPH, 13
<134>2021-07-15T01:30:04Z cache-cmh21547 MEWElogs[21956]: GRAY, 1626312603755204777, CMH, 13
<134>2021-07-15T01:30:07Z cache-pdk17882 MEWElogs[21956]: GRAY, 1626312607296769695, PDK, 13
<134>2021-07-15T01:30:24Z cache-wdc5583 MEWElogs[21956]: GRAY, 1626312623622226476, WDC, 13
<134>2021-07-15T01:30:26Z cache-maa10251 MEWElogs[21956]: GRAY, 1626312625271768625, MAA, 13
<134>2021-07-15T01:30:31Z cache-ord1740 MEWElogs[21956]: GRAY, 1626312630189339996, ORD, 13
<134>2021-07-15T01:30:38Z cache-cph20625 MEWElogs[21956]: GRAY, 1626312636945445376, CPH, 13
<134>2021-07-15T01:30:55Z cache-bog6425 MEWElogs[21956]: GRAY, 1626312654613511819, BOG, 13
<134>2021-07-15T01:30:59Z cache-ord1740 MEWElogs[21956]: GRAY, 1626312658954700260, ORD, 13
<134>2021-07-15T01:31:08Z cache-bog6425 MEWElogs[21956]: GRAY, 1626312667564846123, BOG, 13
<134>2021-07-15T01:31:25Z cache-mdw17383 MEWElogs[21956]: GRAY, 1626312684963404186, MDW, 13
<134>2021-07-15T01:31:27Z cache-dca17782 MEWElogs[21956]: GRAY, 1626312687380639226, DCA, 13
<134>2021-07-15T01:31:28Z cache-cph20625 MEWElogs[21956]: GRAY, 1626312686992643200, CPH, 13
