<134>2021-07-15T07:43:06Z cache-man4150 MEWElogs[382896]: UNSH, 1626334985327558345, MAN, 16
<134>2021-07-15T07:43:16Z cache-cdg20720 MEWElogs[382896]: UNSH, 1626334995103810379, CDG, 16
<134>2021-07-15T07:43:30Z cache-lhr7382 MEWElogs[382896]: UNSH, 1626335008966869193, LHR, 16
<134>2021-07-15T07:43:40Z cache-man4150 MEWElogs[382896]: UNSH, 1626335020152712131, MAN, 16
<134>2021-07-15T07:43:48Z cache-ewr18156 MEWElogs[382896]: UNSH, 1626335027528695776, EWR, 16
<134>2021-07-15T07:44:01Z cache-bom4751 MEWElogs[382896]: UNSH, 1626335040241981612, BOM, 16
<134>2021-07-15T07:44:11Z cache-lax10677 MEWElogs[382896]: UNSH, 1626335050376453827, LGB, 16
<134>2021-07-15T07:44:24Z cache-ewr18156 MEWElogs[382896]: UNSH, 1626335064241344526, EWR, 16
<134>2021-07-15T07:44:40Z cache-mel11272 MEWElogs[382896]: UNSH, 1626335079405815745, MEL, 16
<134>2021-07-15T07:45:04Z cache-lax10677 MEWElogs[382896]: UNSH, 1626335103203038742, LGB, 16
<134>2021-07-15T07:45:10Z cache-lhr7382 MEWElogs[382896]: UNSH, 1626335109349232785, LHR, 16
<134>2021-07-15T07:45:24Z cache-lga21983 MEWElogs[382896]: UNSH, 1626335123960916527, LGA, 16
<134>2021-07-15T07:45:36Z cache-mel11272 MEWElogs[382896]: UNSH, 1626335135761873854, MEL, 16
<134>2021-07-15T07:45:45Z cache-lhr7382 MEWElogs[382896]: UNSH, 1626335145051895913, LHR, 16
<134>2021-07-15T07:45:45Z cache-cdg20720 MEWElogs[382896]: UNSH, 1626335145247393522, CDG, 16
<134>2021-07-15T07:46:08Z cache-man4150 MEWElogs[382896]: UNSH, 1626335167392583797, MAN, 16
<134>2021-07-15T07:46:38Z cache-jax20933 MEWElogs[382896]: UNSH, 1626335197827138048, JAX, 16
<134>2021-07-15T07:47:50Z cache-gig17035 MEWElogs[382896]: UNSH, 1626335269810242051, GIG, 16
<134>2021-07-15T07:48:59Z cache-gig17035 MEWElogs[382896]: UNSH, 1626335338853669295, GIG, 16
<134>2021-07-15T07:49:32Z cache-itm18851 MEWElogs[382896]: UNSH, 1626335372272135058, ITM, 16
<134>2021-07-15T07:49:53Z cache-bom4751 MEWElogs[382896]: UNSH, 1626335392597390965, BOM, 16
<134>2021-07-15T07:49:55Z cache-gru17149 MEWElogs[382896]: UNSH, 1626335394904194914, GRU, 16
<134>2021-07-15T07:50:53Z cache-lax10677 MEWElogs[382896]: UNSH, 1626335452788563388, LGB, 16
<134>2021-07-15T07:51:12Z cache-pao17461 MEWElogs[382896]: UNSH, 1626335471187893842, PAO, 16
<134>2021-07-15T07:51:22Z cache-pao17461 MEWElogs[382896]: UNSH, 1626335481878661566, PAO, 16
<134>2021-07-15T07:51:42Z cache-stl4834 MEWElogs[382896]: UNSH, 1626335501906298784, STL, 16
<134>2021-07-15T07:51:49Z cache-itm18851 MEWElogs[382896]: UNSH, 1626335509002149112, ITM, 16
<134>2021-07-15T07:51:53Z cache-gig17035 MEWElogs[382896]: UNSH, 1626335512185847966, GIG, 16
<134>2021-07-15T07:52:03Z cache-cgh11122 MEWElogs[382896]: UNSH, 1626335523270940043, CGH, 16
<134>2021-07-15T07:52:26Z cache-syd10183 MEWElogs[382896]: UNSH, 1626335545139118300, SYD, 16
<134>2021-07-15T07:52:54Z cache-gig17035 MEWElogs[382896]: UNSH, 1626335574274088837, GIG, 16
<134>2021-07-15T07:52:57Z cache-itm18851 MEWElogs[382896]: UNSH, 1626335577194822104, ITM, 16
