<134>2021-07-15T07:42:46Z cache-mel11272 MEWElogs[216063]: UNSH, 1626334965964394457, MEL, 16
<134>2021-07-15T07:42:57Z cache-bom4751 MEWElogs[216063]: UNSH, 1626334976794307539, BOM, 16
<134>2021-07-15T07:43:59Z cache-lax10677 MEWElogs[216063]: UNSH, 1626335039186034000, LGB, 16
<134>2021-07-15T07:44:06Z cache-ewr18156 MEWElogs[216063]: UNSH, 1626335046094888171, EWR, 16
<134>2021-07-15T07:44:15Z cache-man4150 MEWElogs[216063]: UNSH, 1626335054222822321, MAN, 16
<134>2021-07-15T07:44:15Z cache-ewr18156 MEWElogs[216063]: UNSH, 1626335055107254124, EWR, 16
<134>2021-07-15T07:44:24Z cache-jax20933 MEWElogs[216063]: UNSH, 1626335063299982635, JAX, 16
<134>2021-07-15T07:44:32Z cache-man4150 MEWElogs[216063]: UNSH, 1626335072286728724, MAN, 16
<134>2021-07-15T07:45:03Z cache-mel11272 MEWElogs[216063]: UNSH, 1626335102308589439, MEL, 16
<134>2021-07-15T07:45:14Z cache-mel11272 MEWElogs[216063]: UNSH, 1626335113565094079, MEL, 16
<134>2021-07-15T07:45:18Z cache-lhr7382 MEWElogs[216063]: UNSH, 1626335118062075524, LHR, 16
<134>2021-07-15T07:45:22Z cache-bom4751 MEWElogs[216063]: UNSH, 1626335121949679677, BOM, 16
<134>2021-07-15T07:45:31Z cache-ewr18156 MEWElogs[216063]: UNSH, 1626335131073821223, EWR, 16
<134>2021-07-15T07:46:08Z cache-lax10677 MEWElogs[216063]: UNSH, 1626335167800864693, LGB, 16
<134>2021-07-15T07:46:13Z cache-lga21983 MEWElogs[216063]: UNSH, 1626335172259415429, LGA, 16
<134>2021-07-15T07:46:13Z cache-bom4751 MEWElogs[216063]: UNSH, 1626335173222018698, BOM, 16
<134>2021-07-15T07:46:39Z cache-lhr7382 MEWElogs[216063]: UNSH, 1626335198893937474, LHR, 16
<134>2021-07-15T07:47:07Z cache-bom4751 MEWElogs[216063]: UNSH, 1626335226649580689, BOM, 16
<134>2021-07-15T07:47:21Z cache-lga21983 MEWElogs[216063]: UNSH, 1626335240605235906, LGA, 16
<134>2021-07-15T07:47:36Z cache-jax20933 MEWElogs[216063]: UNSH, 1626335255925760336, JAX, 16
<134>2021-07-15T07:47:47Z cache-ewr18156 MEWElogs[216063]: UNSH, 1626335266100154946, EWR, 16
<134>2021-07-15T07:47:55Z cache-cdg20720 MEWElogs[216063]: UNSH, 1626335274743729098, CDG, 16
<134>2021-07-15T07:47:59Z cache-lga21983 MEWElogs[216063]: UNSH, 1626335278012556529, LGA, 16
<134>2021-07-15T07:48:02Z cache-gig17035 MEWElogs[216063]: UNSH, 1626335281771434562, GIG, 16
<134>2021-07-15T07:48:26Z cache-cdg20720 MEWElogs[216063]: UNSH, 1626335306378762638, CDG, 16
<134>2021-07-15T07:48:47Z cache-bom4751 MEWElogs[216063]: UNSH, 1626335326767690870, BOM, 16
<134>2021-07-15T07:49:31Z cache-jax20933 MEWElogs[216063]: UNSH, 1626335371122222013, JAX, 16
<134>2021-07-15T07:50:12Z cache-mel11272 MEWElogs[216063]: UNSH, 1626335412055289460, MEL, 16
<134>2021-07-15T07:50:35Z cache-mel11272 MEWElogs[216063]: UNSH, 1626335433900420903, MEL, 16
<134>2021-07-15T07:50:47Z cache-mel11272 MEWElogs[216063]: UNSH, 1626335446633545536, MEL, 16
<134>2021-07-15T07:50:59Z cache-pao17461 MEWElogs[216063]: UNSH, 1626335458958888733, PAO, 16
<134>2021-07-15T07:51:34Z cache-pao17461 MEWElogs[216063]: UNSH, 1626335493879405587, PAO, 16
<134>2021-07-15T07:51:36Z cache-itm18851 MEWElogs[216063]: UNSH, 1626335496444643586, ITM, 16
<134>2021-07-15T07:51:41Z cache-gru17149 MEWElogs[216063]: UNSH, 1626335500688485606, GRU, 16
<134>2021-07-15T07:51:51Z cache-gru17149 MEWElogs[216063]: UNSH, 1626335510588399974, GRU, 16
<134>2021-07-15T07:52:09Z cache-pao17461 MEWElogs[216063]: UNSH, 1626335528586548367, PAO, 16
<134>2021-07-15T07:52:14Z cache-cgh11122 MEWElogs[216063]: UNSH, 1626335533640635486, CGH, 16
<134>2021-07-15T07:52:17Z cache-itm18851 MEWElogs[216063]: UNSH, 1626335536935038646, ITM, 16
<134>2021-07-15T07:52:26Z cache-hnd18722 MEWElogs[216063]: UNSH, 1626335545162148922, HND, 16
<134>2021-07-15T07:52:27Z cache-scl19427 MEWElogs[216063]: UNSH, 1626335546860678242, SCL, 16
<134>2021-07-15T07:52:38Z cache-syd10183 MEWElogs[216063]: UNSH, 1626335557842480498, SYD, 16
