<134>2021-07-15T01:42:34Z cache-jnb7027 MEWElogs[322581]: GRAY, 1626313353684237020, JNB, 13
<134>2021-07-15T01:43:10Z cache-jnb7027 MEWElogs[322581]: GRAY, 1626313389816168778, JNB, 13
<134>2021-07-15T01:43:12Z cache-den8274 MEWElogs[322581]: GRAY, 1626313391071804524, DEN, 13
<134>2021-07-15T01:43:50Z cache-lon4249 MEWElogs[322581]: GRAY, 1626313429009222267, LON, 13
<134>2021-07-15T01:44:04Z cache-bur17583 MEWElogs[322581]: GRAY, 1626313444733902927, BUR, 13
<134>2021-07-15T01:44:45Z cache-dal21283 MEWElogs[322581]: GRAY, 1626313484951542289, DAL, 13
<134>2021-07-15T01:45:35Z cache-lcy19283 MEWElogs[322581]: GRAY, 1626313534831996870, LCY, 13
<134>2021-07-15T01:45:42Z cache-lon4249 MEWElogs[322581]: GRAY, 1626313541400081931, LON, 13
<134>2021-07-15T01:45:47Z cache-lon4249 MEWElogs[322581]: GRAY, 1626313546066837628, LON, 13
<134>2021-07-15T01:45:52Z cache-bur17583 MEWElogs[322581]: GRAY, 1626313551528378595, BUR, 13
<134>2021-07-15T01:46:00Z cache-jnb7027 MEWElogs[322581]: GRAY, 1626313559015367268, JNB, 13
<134>2021-07-15T01:46:20Z cache-den8274 MEWElogs[322581]: GRAY, 1626313579862450095, DEN, 13
<134>2021-07-15T01:46:47Z cache-cwb20520 MEWElogs[322581]: GRAY, 1626313606571874616, CWB, 13
<134>2021-07-15T01:46:51Z cache-mad22068 MEWElogs[322581]: GRAY, 1626313610574471281, MAD, 13
<134>2021-07-15T01:47:19Z cache-jnb7027 MEWElogs[322581]: GRAY, 1626313637962883863, JNB, 13
<134>2021-07-15T01:47:34Z cache-lcy19283 MEWElogs[322581]: GRAY, 1626313652925998678, LCY, 13
<134>2021-07-15T01:47:36Z cache-iah17271 MEWElogs[322581]: GRAY, 1626313656435476220, IAH, 13
<134>2021-07-15T01:47:43Z cache-jnb7027 MEWElogs[322581]: GRAY, 1626313662090656993, JNB, 13
<134>2021-07-15T01:48:15Z cache-bur17583 MEWElogs[322581]: GRAY, 1626313694858197182, BUR, 13
<134>2021-07-15T01:48:18Z cache-jnb7027 MEWElogs[322581]: GRAY, 1626313697965645843, JNB, 13
<134>2021-07-15T01:48:30Z cache-hel6829 MEWElogs[322581]: GRAY, 1626313710283288475, HEL, 13
<134>2021-07-15T01:48:37Z cache-iah17271 MEWElogs[322581]: GRAY, 1626313716466729598, IAH, 13
<134>2021-07-15T01:48:48Z cache-lon4249 MEWElogs[322581]: GRAY, 1626313728600693800, LON, 13
<134>2021-07-15T01:48:55Z cache-jnb7027 MEWElogs[322581]: GRAY, 1626313734423542458, JNB, 13
<134>2021-07-15T01:49:07Z cache-hel6829 MEWElogs[322581]: GRAY, 1626313747161921095, HEL, 13
<134>2021-07-15T01:49:10Z cache-den8274 MEWElogs[322581]: GRAY, 1626313750486385505, DEN, 13
<134>2021-07-15T01:49:29Z cache-dal21283 MEWElogs[322581]: GRAY, 1626313768235673671, DAL, 13
<134>2021-07-15T01:49:43Z cache-iah17271 MEWElogs[322581]: GRAY, 1626313782689502848, IAH, 13
<134>2021-07-15T01:49:49Z cache-jnb7027 MEWElogs[322581]: GRAY, 1626313788899594544, JNB, 13
<134>2021-07-15T01:50:12Z cache-iah17271 MEWElogs[322581]: GRAY, 1626313812335856977, IAH, 13
<134>2021-07-15T01:50:23Z cache-lon4249 MEWElogs[322581]: GRAY, 1626313822169456053, LON, 13
<134>2021-07-15T01:50:39Z cache-hel6829 MEWElogs[322581]: GRAY, 1626313838652699997, HEL, 13
<134>2021-07-15T01:50:50Z cache-cwb20520 MEWElogs[322581]: GRAY, 1626313849706275961, CWB, 13
<134>2021-07-15T01:51:03Z cache-dal21283 MEWElogs[322581]: GRAY, 1626313863442220525, DAL, 13
<134>2021-07-15T01:51:44Z cache-den8274 MEWElogs[322581]: GRAY, 1626313904236171065, DEN, 13
<134>2021-07-15T01:51:56Z cache-den8274 MEWElogs[322581]: GRAY, 1626313916017139263, DEN, 13
<134>2021-07-15T01:52:24Z cache-dal21283 MEWElogs[322581]: GRAY, 1626313944133493988, DAL, 13
<134>2021-07-15T01:52:26Z cache-lhr7382 MEWElogs[322581]: GRAY, 1626313945704958528, LHR, 13
<134>2021-07-15T01:52:30Z cache-mad22068 MEWElogs[322581]: GRAY, 1626313949919788120, MAD, 13
<134>2021-07-15T01:52:31Z cache-mia11368 MEWElogs[322581]: GRAY, 1626313950694079660, MIA, 13
