<134>2021-07-15T01:52:00Z cache-mia11368 MEWElogs[39982]: GRAY, 1626313920725115954, MIA, 13
<134>2021-07-15T01:52:15Z cache-mad22068 MEWElogs[39982]: GRAY, 1626313934696070476, MAD, 13
<134>2021-07-15T01:52:20Z cache-iah17271 MEWElogs[39982]: GRAY, 1626313939651724718, IAH, 13
<134>2021-07-15T01:52:41Z cache-mrs10583 MEWElogs[39982]: GRAY, 1626313960023089888, MRS, 13
<134>2021-07-15T01:52:57Z cache-stp9226 MEWElogs[39982]: GRAY, 1626313976596837381, STP, 13
<134>2021-07-15T01:53:42Z cache-lhr7382 MEWElogs[39982]: GRAY, 1626314021510087267, LHR, 13
<134>2021-07-15T01:53:58Z cache-stp9226 MEWElogs[39982]: GRAY, 1626314037290978749, STP, 13
<134>2021-07-15T01:54:12Z cache-mad22068 MEWElogs[39982]: GRAY, 1626314051309756713, MAD, 13
<134>2021-07-15T01:54:42Z cache-man4150 MEWElogs[39982]: GRAY, 1626314081243975340, MAN, 13
<134>2021-07-15T01:55:44Z cache-man4150 MEWElogs[39982]: GRAY, 1626314143469577841, MAN, 13
<134>2021-07-15T01:55:49Z cache-man4150 MEWElogs[39982]: GRAY, 1626314148173176195, MAN, 13
<134>2021-07-15T01:56:01Z cache-hkg17929 MEWElogs[39982]: GRAY, 1626314160280380554, HKG, 13
<134>2021-07-15T01:56:26Z cache-jax20933 MEWElogs[39982]: GRAY, 1626314186642230906, JAX, 13
<134>2021-07-15T01:56:33Z cache-lhr7382 MEWElogs[39982]: GRAY, 1626314192330869154, LHR, 13
<134>2021-07-15T01:56:54Z cache-stp9226 MEWElogs[39982]: GRAY, 1626314213769579288, STP, 13
<134>2021-07-15T01:58:22Z cache-lax10677 MEWElogs[39982]: GRAY, 1626314301415077223, LGB, 13
<134>2021-07-15T01:58:33Z cache-hkg17929 MEWElogs[39982]: GRAY, 1626314313350373982, HKG, 13
<134>2021-07-15T01:58:37Z cache-mia11368 MEWElogs[39982]: GRAY, 1626314316078780171, MIA, 13
<134>2021-07-15T01:58:40Z cache-lhr7382 MEWElogs[39982]: GRAY, 1626314319649295970, LHR, 13
<134>2021-07-15T01:58:43Z cache-mel11272 MEWElogs[39982]: GRAY, 1626314322764704411, MEL, 13
<134>2021-07-15T01:58:49Z cache-lax10677 MEWElogs[39982]: GRAY, 1626314329174556505, LGB, 13
<134>2021-07-15T01:58:53Z cache-mci5951 MEWElogs[39982]: GRAY, 1626314332871632139, MCI, 13
<134>2021-07-15T01:58:56Z cache-jax20933 MEWElogs[39982]: GRAY, 1626314335554224833, JAX, 13
<134>2021-07-15T01:59:11Z cache-man4150 MEWElogs[39982]: GRAY, 1626314350346237662, MAN, 13
<134>2021-07-15T01:59:22Z cache-jax20933 MEWElogs[39982]: GRAY, 1626314361816851552, JAX, 13
<134>2021-07-15T01:59:48Z cache-jax20933 MEWElogs[39982]: GRAY, 1626314388517796679, JAX, 13
<134>2021-07-15T01:59:57Z cache-jax20933 MEWElogs[39982]: GRAY, 1626314397304654101, JAX, 13
<134>2021-07-15T02:00:14Z cache-yul12826 MEWElogs[39982]: GRAY, 1626314413773001158, YUL, 13
<134>2021-07-15T02:00:21Z cache-yul12826 MEWElogs[39982]: GRAY, 1626314420247452194, YUL, 13
<134>2021-07-15T02:00:24Z cache-stp9226 MEWElogs[39982]: GRAY, 1626314423328687095, STP, 13
<134>2021-07-15T02:00:48Z cache-mia11368 MEWElogs[39982]: GRAY, 1626314448449501327, MIA, 13
<134>2021-07-15T02:01:38Z cache-hkg17929 MEWElogs[39982]: GRAY, 1626314497974905240, HKG, 13
