<134>2021-07-14T21:41:35Z cache-bos4657 MEWElogs[369035]: BLUR, 1626298894222674584, BOS, 11
<134>2021-07-14T21:42:01Z cache-dfw18678 MEWElogs[369035]: BLUR, 1626298921311581909, DFW, 11
<134>2021-07-14T21:42:13Z cache-dub4329 MEWElogs[369035]: BLUR, 1626298932813430520, DUB, 11
<134>2021-07-14T21:42:29Z cache-hel6829 MEWElogs[369035]: BLUR, 1626298948527832670, HEL, 11
<134>2021-07-14T21:43:14Z cache-chi21126 MEWElogs[369035]: BLUR, 1626298994290432480, CHI, 11
<134>2021-07-14T21:43:23Z cache-dfw18678 MEWElogs[369035]: BLUR, 1626299002934505156, DFW, 11
<134>2021-07-14T21:43:33Z cache-chi21126 MEWElogs[369035]: BLUR, 1626299012133151744, CHI, 11
<134>2021-07-14T21:44:50Z cache-hhn4077 MEWElogs[369035]: BLUR, 1626299090225178003, HHN, 11
<134>2021-07-14T21:45:05Z cache-cph20625 MEWElogs[369035]: BLUR, 1626299104863147801, CPH, 11
<134>2021-07-14T21:46:03Z cache-den8274 MEWElogs[369035]: BLUR, 1626299162354125914, DEN, 11
<134>2021-07-14T21:46:07Z cache-fra19177 MEWElogs[369035]: BLUR, 1626299166414332755, FRA, 11
<134>2021-07-14T21:46:24Z cache-hel6829 MEWElogs[369035]: BLUR, 1626299183542552876, HEL, 11
<134>2021-07-14T21:46:31Z cache-lcy19283 MEWElogs[369035]: BLUR, 1626299190818104426, LCY, 11
<134>2021-07-14T21:47:02Z cache-pwk4920 MEWElogs[369035]: BLUR, 1626299222373581400, PWK, 11
<134>2021-07-14T21:47:06Z cache-lcy19283 MEWElogs[369035]: BLUR, 1626299225963542902, LCY, 11
<134>2021-07-14T21:47:06Z cache-dfw18678 MEWElogs[369035]: BLUR, 1626299225952077345, DFW, 11
<134>2021-07-14T21:47:14Z cache-hel6829 MEWElogs[369035]: BLUR, 1626299233532412642, HEL, 11
<134>2021-07-14T21:47:21Z cache-pwk4920 MEWElogs[369035]: BLUR, 1626299240939408108, PWK, 11
<134>2021-07-14T21:47:26Z cache-iah17271 MEWElogs[369035]: BLUR, 1626299245320337676, IAH, 11
<134>2021-07-14T21:48:05Z cache-den8274 MEWElogs[369035]: BLUR, 1626299285132659744, DEN, 11
<134>2021-07-14T21:48:49Z cache-jnb7027 MEWElogs[369035]: BLUR, 1626299329066852519, JNB, 11
<134>2021-07-14T21:50:29Z cache-iah17271 MEWElogs[369035]: BLUR, 1626299428632821953, IAH, 11
<134>2021-07-14T21:50:34Z cache-hel6829 MEWElogs[369035]: BLUR, 1626299433652427748, HEL, 11
<134>2021-07-14T21:51:08Z cache-pwk4920 MEWElogs[369035]: BLUR, 1626299467883875026, PWK, 11
