<134>2021-07-15T06:29:49Z cache-cwb20520 MEWElogs[322581]: UNSH, 1626330587968028449, CWB, 16
<134>2021-07-15T06:30:06Z cache-fty21383 MEWElogs[322581]: UNSH, 1626330605864735760, FTY, 16
<134>2021-07-15T06:31:12Z cache-hhn4077 MEWElogs[322581]: UNSH, 1626330672119848940, HHN, 16
<134>2021-07-15T06:31:30Z cache-hhn4077 MEWElogs[322581]: UNSH, 1626330690749416822, HHN, 16
<134>2021-07-15T06:31:51Z cache-fty21383 MEWElogs[322581]: UNSH, 1626330710255092139, FTY, 16
<134>2021-07-15T06:31:55Z cache-bos4657 MEWElogs[322581]: UNSH, 1626330714728521112, BOS, 16
<134>2021-07-15T06:31:59Z cache-pwk4920 MEWElogs[322581]: UNSH, 1626330718148667182, PWK, 16
<134>2021-07-15T06:32:19Z cache-chi21126 MEWElogs[322581]: UNSH, 1626330738909925443, CHI, 16
<134>2021-07-15T06:32:31Z cache-akl10324 MEWElogs[322581]: UNSH, 1626330750180137918, AKL, 16
<134>2021-07-15T06:32:31Z cache-del21735 MEWElogs[322581]: UNSH, 1626330750700724609, DEL, 16
<134>2021-07-15T06:32:37Z cache-pwk4920 MEWElogs[322581]: UNSH, 1626330756044497152, PWK, 16
<134>2021-07-15T06:32:56Z cache-cwb20520 MEWElogs[322581]: UNSH, 1626330775582020128, CWB, 16
<134>2021-07-15T06:33:19Z cache-del21735 MEWElogs[322581]: UNSH, 1626330798369668928, DEL, 16
<134>2021-07-15T06:34:08Z cache-cwb20520 MEWElogs[322581]: UNSH, 1626330847880432573, CWB, 16
<134>2021-07-15T06:34:37Z cache-chi21126 MEWElogs[322581]: UNSH, 1626330876323753134, CHI, 16
<134>2021-07-15T06:35:27Z cache-pwk4920 MEWElogs[322581]: UNSH, 1626330926082533506, PWK, 16
<134>2021-07-15T06:35:47Z cache-bos4657 MEWElogs[322581]: UNSH, 1626330946876674753, BOS, 16
<134>2021-07-15T06:35:55Z cache-fty21383 MEWElogs[322581]: UNSH, 1626330954575440500, FTY, 16
<134>2021-07-15T06:36:12Z cache-fty21383 MEWElogs[322581]: UNSH, 1626330971932888741, FTY, 16
<134>2021-07-15T06:37:16Z cache-bos4657 MEWElogs[322581]: UNSH, 1626331035856698450, BOS, 16
<134>2021-07-15T06:38:41Z cache-chi21126 MEWElogs[322581]: UNSH, 1626331120893378281, CHI, 16
<134>2021-07-15T06:39:08Z cache-fty21383 MEWElogs[322581]: UNSH, 1626331147646762927, FTY, 16
<134>2021-07-15T06:39:16Z cache-chi21126 MEWElogs[322581]: UNSH, 1626331155169411291, CHI, 16
<134>2021-07-15T06:39:17Z cache-akl10324 MEWElogs[322581]: UNSH, 1626331157780199364, AKL, 16
<134>2021-07-15T06:39:32Z cache-cwb20520 MEWElogs[322581]: UNSH, 1626331171284779693, CWB, 16
<134>2021-07-15T06:39:32Z cache-dub4329 MEWElogs[322581]: UNSH, 1626331171704331466, DUB, 16
<134>2021-07-15T06:39:43Z cache-dal21283 MEWElogs[322581]: UNSH, 1626331182510912572, DAL, 16
