<134>2021-07-14T17:23:22Z cache-lax10677 MEWElogs[318405]: FLIPH, 1626283401865880830, LGB, -1
<134>2021-07-14T17:23:23Z cache-hkg17929 MEWElogs[318405]: FLIPH, 1626283402930852248, HKG, 10
<134>2021-07-14T17:23:24Z cache-mrs10583 MEWElogs[318405]: FLIPH, 1626283404433253239, MRS, 10
<134>2021-07-14T17:23:57Z cache-lhr7382 MEWElogs[318405]: FLIPH, 1626283436985278657, LHR, -1
<134>2021-07-14T17:23:58Z cache-mrs10583 MEWElogs[318405]: FLIPH, 1626283438065604817, MRS, 10
<134>2021-07-14T17:24:01Z cache-mci5951 MEWElogs[318405]: FLIPH, 1626283441001053319, MCI, 10
<134>2021-07-14T17:24:12Z cache-mia11368 MEWElogs[318405]: FLIPH, 1626283451562570542, MIA, -1
<134>2021-07-14T17:24:14Z cache-mrs10583 MEWElogs[318405]: FLIPH, 1626283454570033412, MRS, 10
<134>2021-07-14T17:24:28Z cache-stp9226 MEWElogs[318405]: FLIPH, 1626283467119078834, STP, 10
<134>2021-07-14T17:25:17Z cache-mad22068 MEWElogs[318405]: FLIPH, 1626283516938430451, MAD, -1
<134>2021-07-14T17:25:33Z cache-stp9226 MEWElogs[318405]: FLIPH, 1626283532740303056, STP, 10
<134>2021-07-14T17:25:47Z cache-mia11368 MEWElogs[318405]: FLIPH, 1626283546581010901, MIA, 10
<134>2021-07-14T17:25:53Z cache-mia11368 MEWElogs[318405]: FLIPH, 1626283553438340197, MIA, -1
<134>2021-07-14T17:25:57Z cache-mrs10583 MEWElogs[318405]: FLIPH, 1626283556852534803, MRS, -1
<134>2021-07-14T17:26:07Z cache-hkg17929 MEWElogs[318405]: FLIPH, 1626283566392030093, HKG, 10
<134>2021-07-14T17:26:28Z cache-lhr7382 MEWElogs[318405]: FLIPH, 1626283587727487594, LHR, -1
<134>2021-07-14T17:27:05Z cache-lax10677 MEWElogs[318405]: FLIPH, 1626283625428320153, LGB, 10
<134>2021-07-14T17:27:10Z cache-mrs10583 MEWElogs[318405]: FLIPH, 1626283629645393079, MRS, -1
<134>2021-07-14T17:27:15Z cache-mia11368 MEWElogs[318405]: FLIPH, 1626283634594208572, MIA, -1
<134>2021-07-14T17:27:17Z cache-mad22068 MEWElogs[318405]: FLIPH, 1626283636809512052, MAD, 10
<134>2021-07-14T17:27:21Z cache-mrs10583 MEWElogs[318405]: FLIPH, 1626283640518250754, MRS, 10
<134>2021-07-14T17:27:30Z cache-yul12826 MEWElogs[318405]: FLIPH, 1626283649929354940, YUL, 10
<134>2021-07-14T17:27:36Z cache-yul12826 MEWElogs[318405]: FLIPH, 1626283656452619095, YUL, -1
<134>2021-07-14T17:27:41Z cache-hkg17929 MEWElogs[318405]: FLIPH, 1626283660700164170, HKG, -1
<134>2021-07-14T17:27:43Z cache-mrs10583 MEWElogs[318405]: FLIPH, 1626283662090211409, MRS, -1
<134>2021-07-14T17:27:43Z cache-mci5951 MEWElogs[318405]: FLIPH, 1626283662814662257, MCI, 10
<134>2021-07-14T17:27:58Z cache-mrs10583 MEWElogs[318405]: FLIPH, 1626283678177406996, MRS, -1
<134>2021-07-14T17:28:02Z cache-stp9226 MEWElogs[318405]: FLIPH, 1626283681384681478, STP, -1
<134>2021-07-14T17:28:17Z cache-mrs10583 MEWElogs[318405]: FLIPH, 1626283697156762240, MRS, 10
<134>2021-07-14T17:28:30Z cache-mci5951 MEWElogs[318405]: FLIPH, 1626283710485917363, MCI, -1
<134>2021-07-14T17:28:43Z cache-mad22068 MEWElogs[318405]: FLIPH, 1626283722338895065, MAD, 10
<134>2021-07-14T17:29:21Z cache-hkg17929 MEWElogs[318405]: FLIPH, 1626283760270897849, HKG, 10
<134>2021-07-14T17:29:24Z cache-mci5951 MEWElogs[318405]: FLIPH, 1626283764311915481, MCI, 10
<134>2021-07-14T17:29:44Z cache-yul12826 MEWElogs[318405]: FLIPH, 1626283784510915341, YUL, -1
<134>2021-07-14T17:29:45Z cache-mci5951 MEWElogs[318405]: FLIPH, 1626283784432227485, MCI, 10
<134>2021-07-14T17:30:07Z cache-man4150 MEWElogs[318405]: FLIPH, 1626283806614152811, MAN, -1
<134>2021-07-14T17:30:11Z cache-lhr7382 MEWElogs[318405]: FLIPH, 1626283810144471553, LHR, 10
<134>2021-07-14T17:30:41Z cache-jax20933 MEWElogs[318405]: FLIPH, 1626283840447294507, JAX, 10
<134>2021-07-14T17:30:50Z cache-lax10677 MEWElogs[318405]: FLIPH, 1626283850016431503, LGB, -1
<134>2021-07-14T17:31:33Z cache-mci5951 MEWElogs[318405]: FLIPH, 1626283892262070839, MCI, -1
<134>2021-07-14T17:31:41Z cache-man4150 MEWElogs[318405]: FLIPH, 1626283900371586353, MAN, 10
<134>2021-07-14T17:31:49Z cache-jax20933 MEWElogs[318405]: FLIPH, 1626283908013210765, JAX, -1
<134>2021-07-14T17:31:53Z cache-mel11272 MEWElogs[318405]: FLIPH, 1626283912562874659, MEL, -1
<134>2021-07-14T17:31:55Z cache-lga21983 MEWElogs[318405]: FLIPH, 1626283914355205465, LGA, -1
<134>2021-07-14T17:32:07Z cache-yul12826 MEWElogs[318405]: FLIPH, 1626283926599978068, YUL, 10
<134>2021-07-14T17:32:22Z cache-mia11368 MEWElogs[318405]: FLIPH, 1626283942055212366, MIA, 10
<134>2021-07-14T17:32:28Z cache-lga21983 MEWElogs[318405]: FLIPH, 1626283947153069365, LGA, 10
<134>2021-07-14T17:32:49Z cache-ewr18156 MEWElogs[318405]: FLIPH, 1626283968585595630, EWR, 10
