<134>2021-07-15T02:02:41Z cache-mia11368 MEWElogs[334804]: GRAY, 1626314561348765008, MIA, 13
<134>2021-07-15T02:02:52Z cache-mel11272 MEWElogs[334804]: GRAY, 1626314571080382443, MEL, 13
<134>2021-07-15T02:03:42Z cache-lga21983 MEWElogs[334804]: GRAY, 1626314621634680104, LGA, 13
<134>2021-07-15T02:03:42Z cache-lax10677 MEWElogs[334804]: GRAY, 1626314622048003496, LGB, 13
<134>2021-07-15T02:04:00Z cache-stp9226 MEWElogs[334804]: GRAY, 1626314639465350540, STP, 13
<134>2021-07-15T02:04:07Z cache-gig17035 MEWElogs[334804]: GRAY, 1626314646915475691, GIG, 13
<134>2021-07-15T02:04:09Z cache-osl6529 MEWElogs[334804]: GRAY, 1626314648690280092, OSL, 13
<134>2021-07-15T02:04:40Z cache-lga21983 MEWElogs[334804]: GRAY, 1626314680087866699, LGA, 13
<134>2021-07-15T02:04:57Z cache-ewr18156 MEWElogs[334804]: GRAY, 1626314697008074248, EWR, 13
<134>2021-07-15T02:05:18Z cache-osl6529 MEWElogs[334804]: GRAY, 1626314717855790917, OSL, 13
<134>2021-07-15T02:05:28Z cache-ewr18156 MEWElogs[334804]: GRAY, 1626314727838214156, EWR, 13
<134>2021-07-15T02:05:54Z cache-lga21983 MEWElogs[334804]: GRAY, 1626314753869043307, LGA, 13
<134>2021-07-15T02:06:07Z cache-lga21983 MEWElogs[334804]: GRAY, 1626314767117191361, LGA, 13
<134>2021-07-15T02:06:08Z cache-lax10677 MEWElogs[334804]: GRAY, 1626314768452735698, LGB, 13
<134>2021-07-15T02:06:28Z cache-osl6529 MEWElogs[334804]: GRAY, 1626314787772006762, OSL, 13
<134>2021-07-15T02:06:38Z cache-gig17035 MEWElogs[334804]: GRAY, 1626314798455042353, GIG, 13
<134>2021-07-15T02:06:55Z cache-gig17035 MEWElogs[334804]: GRAY, 1626314814982791977, GIG, 13
<134>2021-07-15T02:07:09Z cache-lga21983 MEWElogs[334804]: GRAY, 1626314828651493993, LGA, 13
<134>2021-07-15T02:07:11Z cache-gig17035 MEWElogs[334804]: GRAY, 1626314830477858498, GIG, 13
<134>2021-07-15T02:07:19Z cache-osl6529 MEWElogs[334804]: GRAY, 1626314838736484081, OSL, 13
<134>2021-07-15T02:07:33Z cache-osl6529 MEWElogs[334804]: GRAY, 1626314852418587784, OSL, 13
<134>2021-07-15T02:07:42Z cache-lga21983 MEWElogs[334804]: GRAY, 1626314861992799090, LGA, 13
<134>2021-07-15T02:07:54Z cache-mel11272 MEWElogs[334804]: GRAY, 1626314873884498981, MEL, 13
<134>2021-07-15T02:08:39Z cache-ewr18156 MEWElogs[334804]: GRAY, 1626314918436797732, EWR, 13
<134>2021-07-15T02:09:10Z cache-bom4751 MEWElogs[334804]: GRAY, 1626314949019206494, BOM, 13
<134>2021-07-15T02:09:10Z cache-ewr18156 MEWElogs[334804]: GRAY, 1626314949173016558, EWR, 13
<134>2021-07-15T02:09:12Z cache-mel11272 MEWElogs[334804]: GRAY, 1626314951508989184, MEL, 13
<134>2021-07-15T02:09:39Z cache-mel11272 MEWElogs[334804]: GRAY, 1626314979311022473, MEL, 13
<134>2021-07-15T02:09:44Z cache-gru17149 MEWElogs[334804]: GRAY, 1626314983473524185, GRU, 13
<134>2021-07-15T02:09:48Z cache-osl6529 MEWElogs[334804]: GRAY, 1626314986960693317, OSL, 13
<134>2021-07-15T02:10:01Z cache-mel11272 MEWElogs[334804]: GRAY, 1626315000118412083, MEL, 13
<134>2021-07-15T02:10:28Z cache-gru17149 MEWElogs[334804]: GRAY, 1626315027694060315, GRU, 13
<134>2021-07-15T02:10:55Z cache-bom4751 MEWElogs[334804]: GRAY, 1626315053987425865, BOM, 13
<134>2021-07-15T02:10:56Z cache-syd10183 MEWElogs[334804]: GRAY, 1626315055931836494, SYD, 13
<134>2021-07-15T02:11:13Z cache-ewr18156 MEWElogs[334804]: GRAY, 1626315072735767027, EWR, 13
<134>2021-07-15T02:11:41Z cache-bom4751 MEWElogs[334804]: GRAY, 1626315100740371367, BOM, 13
<134>2021-07-15T02:11:59Z cache-pao17461 MEWElogs[334804]: GRAY, 1626315118442466905, PAO, 13
