<134>2021-07-14T18:03:18Z cache-bma1628 MEWElogs[322023]: FLIPH, 1626285797394885030, BMA, -1
<134>2021-07-14T18:03:27Z cache-hnd18722 MEWElogs[322023]: FLIPH, 1626285806291899296, HND, -1
<134>2021-07-14T18:03:36Z cache-cgh11183 MEWElogs[322023]: FLIPH, 1626285815180403523, CGH, 10
<134>2021-07-14T18:03:38Z cache-hnd18722 MEWElogs[322023]: FLIPH, 1626285817171048419, HND, -1
<134>2021-07-14T18:03:42Z cache-pao17461 MEWElogs[322023]: FLIPH, 1626285821071331048, PAO, 10
<134>2021-07-14T18:04:06Z cache-cgh11183 MEWElogs[322023]: FLIPH, 1626285845850125589, CGH, 10
<134>2021-07-14T18:04:06Z cache-tyo11974 MEWElogs[322023]: FLIPH, 1626285845789186233, TYO, 10
<134>2021-07-14T18:04:17Z cache-cgh11122 MEWElogs[322023]: FLIPH, 1626285857009979295, CGH, 10
<134>2021-07-14T18:04:22Z cache-sea4483 MEWElogs[322023]: FLIPH, 1626285861357124591, SEA, 10
<134>2021-07-14T18:04:30Z cache-sea4483 MEWElogs[322023]: FLIPH, 1626285868994247046, SEA, -1
<134>2021-07-14T18:05:25Z cache-cgh11183 MEWElogs[322023]: FLIPH, 1626285924651547938, CGH, -1
<134>2021-07-14T18:05:25Z cache-sjc10078 MEWElogs[322023]: FLIPH, 1626285925096623686, SJC, -1
<134>2021-07-14T18:05:57Z cache-cgh11122 MEWElogs[322023]: FLIPH, 1626285956374629308, CGH, -1
<134>2021-07-14T18:06:05Z cache-cgh11183 MEWElogs[322023]: FLIPH, 1626285965427031916, CGH, -1
<134>2021-07-14T18:06:39Z cache-cgh11183 MEWElogs[322023]: FLIPH, 1626285998755139541, CGH, 10
<134>2021-07-14T18:06:57Z cache-tyo11974 MEWElogs[322023]: FLIPH, 1626286017839645483, TYO, -1
<134>2021-07-14T18:07:27Z cache-sea4483 MEWElogs[322023]: FLIPH, 1626286047620208198, SEA, 10
<134>2021-07-14T18:07:39Z cache-sea4483 MEWElogs[322023]: FLIPH, 1626286058490485241, SEA, 10
<134>2021-07-14T18:07:39Z cache-sjc10078 MEWElogs[322023]: FLIPH, 1626286058665549392, SJC, -1
<134>2021-07-14T18:07:55Z cache-yyz4551 MEWElogs[322023]: FLIPH, 1626286075172969375, YYZ, 10
<134>2021-07-14T18:08:18Z cache-cgh11183 MEWElogs[322023]: FLIPH, 1626286097760974021, CGH, -1
<134>2021-07-14T18:08:34Z cache-sea4483 MEWElogs[322023]: FLIPH, 1626286113145327377, SEA, 10
<134>2021-07-14T18:08:37Z cache-bma1628 MEWElogs[322023]: FLIPH, 1626286116612352453, BMA, 10
<134>2021-07-14T18:08:55Z cache-sea4483 MEWElogs[322023]: FLIPH, 1626286134523562404, SEA, 10
<134>2021-07-14T18:08:56Z cache-bma1628 MEWElogs[322023]: FLIPH, 1626286135103738316, BMA, 10
<134>2021-07-14T18:09:22Z cache-sjc10078 MEWElogs[322023]: FLIPH, 1626286161687106564, SJC, -1
<134>2021-07-14T18:09:24Z cache-yyz4551 MEWElogs[322023]: FLIPH, 1626286163374973871, YYZ, -1
<134>2021-07-14T18:09:33Z cache-yyz4551 MEWElogs[322023]: FLIPH, 1626286172499085213, YYZ, -1
<134>2021-07-14T18:09:33Z cache-cgh11183 MEWElogs[322023]: FLIPH, 1626286172774607764, CGH, 10
<134>2021-07-14T18:09:48Z cache-bma1628 MEWElogs[322023]: FLIPH, 1626286187225818015, BMA, -1
<134>2021-07-14T18:09:51Z cache-yyz4551 MEWElogs[322023]: FLIPH, 1626286190832086833, YYZ, -1
<134>2021-07-14T18:10:24Z cache-cgh11183 MEWElogs[322023]: FLIPH, 1626286223342629493, CGH, -1
<134>2021-07-14T18:10:25Z cache-bma1628 MEWElogs[322023]: FLIPH, 1626286225113661980, BMA, -1
<134>2021-07-14T18:10:29Z cache-bma1628 MEWElogs[322023]: FLIPH, 1626286228273261893, BMA, 10
<134>2021-07-14T18:10:44Z cache-bma1628 MEWElogs[322023]: FLIPH, 1626286243730159820, BMA, -1
<134>2021-07-14T18:11:15Z cache-sjc10078 MEWElogs[322023]: FLIPH, 1626286275730154834, SJC, -1
<134>2021-07-14T18:11:34Z cache-bma1628 MEWElogs[322023]: FLIPH, 1626286293272663350, BMA, 10
<134>2021-07-14T18:12:47Z cache-sea4483 MEWElogs[322023]: FLIPH, 1626286366496932231, SEA, 10
