<134>2021-07-15T01:41:51Z cache-akl10324 MEWElogs[412844]: GRAY, 1626313310028524658, AKL, 13
<134>2021-07-15T01:42:00Z cache-chi21126 MEWElogs[412844]: GRAY, 1626313319682086532, CHI, 13
<134>2021-07-15T01:42:08Z cache-del21735 MEWElogs[412844]: GRAY, 1626313327408100675, DEL, 13
<134>2021-07-15T01:42:41Z cache-akl10324 MEWElogs[412844]: GRAY, 1626313360198040551, AKL, 13
<134>2021-07-15T01:43:08Z cache-iah17271 MEWElogs[412844]: GRAY, 1626313388440280874, IAH, 13
<134>2021-07-15T01:43:20Z cache-dfw18678 MEWElogs[412844]: GRAY, 1626313399581447784, DFW, 13
<134>2021-07-15T01:43:33Z cache-lcy19283 MEWElogs[412844]: GRAY, 1626313412861058104, LCY, 13
<134>2021-07-15T01:43:36Z cache-lon4249 MEWElogs[412844]: GRAY, 1626313415087284826, LON, 13
<134>2021-07-15T01:43:37Z cache-akl10324 MEWElogs[412844]: GRAY, 1626313416547881428, AKL, 13
<134>2021-07-15T01:43:52Z cache-pwk4920 MEWElogs[412844]: GRAY, 1626313431960314523, PWK, 13
<134>2021-07-15T01:44:00Z cache-hel6829 MEWElogs[412844]: GRAY, 1626313440165529804, HEL, 13
<134>2021-07-15T01:44:10Z cache-den8274 MEWElogs[412844]: GRAY, 1626313449423353134, DEN, 13
<134>2021-07-15T01:44:15Z cache-iah17271 MEWElogs[412844]: GRAY, 1626313454847625714, IAH, 13
<134>2021-07-15T01:44:15Z cache-den8274 MEWElogs[412844]: GRAY, 1626313455214793026, DEN, 13
<134>2021-07-15T01:44:18Z cache-hel6829 MEWElogs[412844]: GRAY, 1626313458381770168, HEL, 13
<134>2021-07-15T01:44:30Z cache-iah17271 MEWElogs[412844]: GRAY, 1626313469546060048, IAH, 13
<134>2021-07-15T01:44:33Z cache-den8274 MEWElogs[412844]: GRAY, 1626313472873019022, DEN, 13
<134>2021-07-15T01:44:49Z cache-pwk4920 MEWElogs[412844]: GRAY, 1626313488383025688, PWK, 13
<134>2021-07-15T01:44:53Z cache-dal21283 MEWElogs[412844]: GRAY, 1626313492793567123, DAL, 13
<134>2021-07-15T01:45:02Z cache-pwk4920 MEWElogs[412844]: GRAY, 1626313502579517019, PWK, 13
<134>2021-07-15T01:45:04Z cache-lon4249 MEWElogs[412844]: GRAY, 1626313504071361075, LON, 13
<134>2021-07-15T01:45:08Z cache-hel6829 MEWElogs[412844]: GRAY, 1626313507777021275, HEL, 13
<134>2021-07-15T01:45:08Z cache-dal21283 MEWElogs[412844]: GRAY, 1626313507850531870, DAL, 13
<134>2021-07-15T01:45:10Z cache-pwk4920 MEWElogs[412844]: GRAY, 1626313509743445138, PWK, 13
<134>2021-07-15T01:45:39Z cache-cwb20520 MEWElogs[412844]: GRAY, 1626313538758843809, CWB, 13
<134>2021-07-15T01:45:58Z cache-bur17583 MEWElogs[412844]: GRAY, 1626313558547240351, BUR, 13
<134>2021-07-15T01:46:00Z cache-lcy19283 MEWElogs[412844]: GRAY, 1626313559283726059, LCY, 13
<134>2021-07-15T01:46:22Z cache-iah17271 MEWElogs[412844]: GRAY, 1626313582218612809, IAH, 13
<134>2021-07-15T01:46:34Z cache-hel6829 MEWElogs[412844]: GRAY, 1626313593409482870, HEL, 13
<134>2021-07-15T01:46:52Z cache-dal21283 MEWElogs[412844]: GRAY, 1626313611317896341, DAL, 13
<134>2021-07-15T01:46:58Z cache-dal21283 MEWElogs[412844]: GRAY, 1626313618950088581, DAL, 13
<134>2021-07-15T01:47:08Z cache-den8274 MEWElogs[412844]: GRAY, 1626313627743106498, DEN, 13
<134>2021-07-15T01:47:31Z cache-bur17583 MEWElogs[412844]: GRAY, 1626313651806467433, BUR, 13
<134>2021-07-15T01:47:34Z cache-cwb20520 MEWElogs[412844]: GRAY, 1626313653886107809, CWB, 13
<134>2021-07-15T01:47:54Z cache-bur17583 MEWElogs[412844]: GRAY, 1626313673269782227, BUR, 13
<134>2021-07-15T01:48:01Z cache-jnb7027 MEWElogs[412844]: GRAY, 1626313680156864150, JNB, 13
<134>2021-07-15T01:48:14Z cache-iah17271 MEWElogs[412844]: GRAY, 1626313693706315347, IAH, 13
<134>2021-07-15T01:48:22Z cache-cwb20520 MEWElogs[412844]: GRAY, 1626313701222026603, CWB, 13
<134>2021-07-15T01:48:41Z cache-dal21283 MEWElogs[412844]: GRAY, 1626313720256933579, DAL, 13
<134>2021-07-15T01:48:42Z cache-cwb20520 MEWElogs[412844]: GRAY, 1626313721358116780, CWB, 13
<134>2021-07-15T01:48:42Z cache-hel6829 MEWElogs[412844]: GRAY, 1626313722525595901, HEL, 13
<134>2021-07-15T01:48:49Z cache-hel6829 MEWElogs[412844]: GRAY, 1626313728630443984, HEL, 13
<134>2021-07-15T01:49:17Z cache-lcy19283 MEWElogs[412844]: GRAY, 1626313756834502767, LCY, 13
<134>2021-07-15T01:49:22Z cache-lon4249 MEWElogs[412844]: GRAY, 1626313761508325126, LON, 13
<134>2021-07-15T01:49:23Z cache-den8274 MEWElogs[412844]: GRAY, 1626313762156551349, DEN, 13
<134>2021-07-15T01:49:27Z cache-mad22068 MEWElogs[412844]: GRAY, 1626313766231800964, MAD, 13
<134>2021-07-15T01:49:40Z cache-den8274 MEWElogs[412844]: GRAY, 1626313779996228264, DEN, 13
<134>2021-07-15T01:49:48Z cache-bur17583 MEWElogs[412844]: GRAY, 1626313788268129750, BUR, 13
<134>2021-07-15T01:49:57Z cache-lcy19283 MEWElogs[412844]: GRAY, 1626313796141755132, LCY, 13
<134>2021-07-15T01:50:28Z cache-mad22068 MEWElogs[412844]: GRAY, 1626313827293117636, MAD, 13
<134>2021-07-15T01:50:31Z cache-bur17583 MEWElogs[412844]: GRAY, 1626313830679815591, BUR, 13
<134>2021-07-15T01:50:32Z cache-jnb7027 MEWElogs[412844]: GRAY, 1626313831301081287, JNB, 13
<134>2021-07-15T01:50:38Z cache-den8274 MEWElogs[412844]: GRAY, 1626313838083320890, DEN, 13
<134>2021-07-15T01:50:51Z cache-mrs10583 MEWElogs[412844]: GRAY, 1626313850492913883, MRS, 13
<134>2021-07-15T01:50:56Z cache-den8274 MEWElogs[412844]: GRAY, 1626313856227158974, DEN, 13
<134>2021-07-15T01:50:56Z cache-jnb7027 MEWElogs[412844]: GRAY, 1626313855592513775, JNB, 13
<134>2021-07-15T01:51:10Z cache-cwb20520 MEWElogs[412844]: GRAY, 1626313869725786849, CWB, 13
<134>2021-07-15T01:51:15Z cache-jnb7027 MEWElogs[412844]: GRAY, 1626313873999160715, JNB, 13
<134>2021-07-15T01:51:19Z cache-mad22068 MEWElogs[412844]: GRAY, 1626313879053446944, MAD, 13
<134>2021-07-15T01:51:29Z cache-bur17583 MEWElogs[412844]: GRAY, 1626313888230710166, BUR, 13
<134>2021-07-15T01:51:33Z cache-den8274 MEWElogs[412844]: GRAY, 1626313892315443600, DEN, 13
<134>2021-07-15T01:51:46Z cache-mia11368 MEWElogs[412844]: GRAY, 1626313906093947220, MIA, 13
