<134>2021-07-15T05:10:05Z cache-ewr18156 MEWElogs[418388]: ROTATE, 1626325804607048007, EWR, 15
<134>2021-07-15T05:10:14Z cache-bom4751 MEWElogs[418388]: ROTATE, 1626325813554573902, BOM, 15
<134>2021-07-15T05:10:15Z cache-lga21983 MEWElogs[418388]: ROTATE, 1626325814076711137, LGA, 15
<134>2021-07-15T05:10:38Z cache-cdg20720 MEWElogs[418388]: ROTATE, 1626325837096621398, CDG, 15
<134>2021-07-15T05:10:50Z cache-lga21983 MEWElogs[418388]: ROTATE, 1626325849385025827, LGA, 15
<134>2021-07-15T05:10:53Z cache-scl19427 MEWElogs[418388]: ROTATE, 1626325852725518476, SCL, 15
<134>2021-07-15T05:12:12Z cache-osl6529 MEWElogs[418388]: ROTATE, 1626325931344310800, OSL, 15
<134>2021-07-15T05:12:54Z cache-ewr18156 MEWElogs[418388]: ROTATE, 1626325973004959043, EWR, 15
<134>2021-07-15T05:13:23Z cache-cdg20720 MEWElogs[418388]: ROTATE, 1626326002756662201, CDG, 15
<134>2021-07-15T05:14:18Z cache-osl6529 MEWElogs[418388]: ROTATE, 1626326057275706804, OSL, 15
<134>2021-07-15T05:14:24Z cache-lax10677 MEWElogs[418388]: ROTATE, 1626326063656282934, LGB, 15
<134>2021-07-15T05:14:39Z cache-itm18851 MEWElogs[418388]: ROTATE, 1626326078075985578, ITM, 15
<134>2021-07-15T05:14:58Z cache-gig17035 MEWElogs[418388]: ROTATE, 1626326098102623346, GIG, 15
<134>2021-07-15T05:15:05Z cache-osl6529 MEWElogs[418388]: ROTATE, 1626326104198183341, OSL, 15
<134>2021-07-15T05:15:43Z cache-scl19427 MEWElogs[418388]: ROTATE, 1626326142538722768, SCL, 15
<134>2021-07-15T05:15:46Z cache-itm18851 MEWElogs[418388]: ROTATE, 1626326145591400062, ITM, 15
<134>2021-07-15T05:16:46Z cache-cdg20720 MEWElogs[418388]: ROTATE, 1626326205081144439, CDG, 15
<134>2021-07-15T05:16:52Z cache-stl4834 MEWElogs[418388]: ROTATE, 1626326211567104952, STL, 15
<134>2021-07-15T05:17:05Z cache-gru17149 MEWElogs[418388]: ROTATE, 1626326224724650817, GRU, 15
<134>2021-07-15T05:17:06Z cache-lax10677 MEWElogs[418388]: ROTATE, 1626326225478436858, LGB, 15
<134>2021-07-15T05:17:15Z cache-gru17149 MEWElogs[418388]: ROTATE, 1626326234135131055, GRU, 15
<134>2021-07-15T05:17:25Z cache-stl4834 MEWElogs[418388]: ROTATE, 1626326244248157239, STL, 15
<134>2021-07-15T05:18:30Z cache-stl4834 MEWElogs[418388]: ROTATE, 1626326309185427712, STL, 15
<134>2021-07-15T05:18:30Z cache-gig17035 MEWElogs[418388]: ROTATE, 1626326309580351968, GIG, 15
<134>2021-07-15T05:18:38Z cache-pao17461 MEWElogs[418388]: ROTATE, 1626326318557196847, PAO, 15
<134>2021-07-15T05:18:57Z cache-itm18851 MEWElogs[418388]: ROTATE, 1626326336811325220, ITM, 15
<134>2021-07-15T05:18:58Z cache-bom4751 MEWElogs[418388]: ROTATE, 1626326337130658471, BOM, 15
<134>2021-07-15T05:19:27Z cache-syd10183 MEWElogs[418388]: ROTATE, 1626326367442515456, SYD, 15
<134>2021-07-15T05:19:31Z cache-itm18851 MEWElogs[418388]: ROTATE, 1626326370773357531, ITM, 15
