<134>2021-07-15T04:37:36Z cache-pwk4920 MEWElogs[412844]: ROTATE, 1626323856149224332, PWK, 15
<134>2021-07-15T04:37:43Z cache-akl10324 MEWElogs[412844]: ROTATE, 1626323862650392163, AKL, 15
<134>2021-07-15T04:38:13Z cache-hhn4077 MEWElogs[412844]: ROTATE, 1626323892901292805, HHN, 15
<134>2021-07-15T04:38:19Z cache-cwb20520 MEWElogs[412844]: ROTATE, 1626323898054803443, CWB, 15
<134>2021-07-15T04:38:24Z cache-akl10324 MEWElogs[412844]: ROTATE, 1626323904611214838, AKL, 15
<134>2021-07-15T04:38:31Z cache-fra19177 MEWElogs[412844]: ROTATE, 1626323910712583340, FRA, 15
<134>2021-07-15T04:38:38Z cache-jnb7027 MEWElogs[412844]: ROTATE, 1626323917642278510, JNB, 15
<134>2021-07-15T04:38:43Z cache-hel6829 MEWElogs[412844]: ROTATE, 1626323922947144437, HEL, 15
<134>2021-07-15T04:39:35Z cache-jnb7027 MEWElogs[412844]: ROTATE, 1626323974524448649, JNB, 15
<134>2021-07-15T04:39:48Z cache-pwk4920 MEWElogs[412844]: ROTATE, 1626323988104847266, PWK, 15
<134>2021-07-15T04:40:16Z cache-fra19177 MEWElogs[412844]: ROTATE, 1626324015569171085, FRA, 15
<134>2021-07-15T04:41:01Z cache-jnb7027 MEWElogs[412844]: ROTATE, 1626324060731188829, JNB, 15
<134>2021-07-15T04:41:11Z cache-jnb7027 MEWElogs[412844]: ROTATE, 1626324070260734351, JNB, 15
<134>2021-07-15T04:41:12Z cache-fra19177 MEWElogs[412844]: ROTATE, 1626324072110212993, FRA, 15
<134>2021-07-15T04:41:34Z cache-dal21283 MEWElogs[412844]: ROTATE, 1626324094560308088, DAL, 15
<134>2021-07-15T04:41:44Z cache-fra19177 MEWElogs[412844]: ROTATE, 1626324104635469325, FRA, 15
<134>2021-07-15T04:41:53Z cache-fra19177 MEWElogs[412844]: ROTATE, 1626324112656620390, FRA, 15
<134>2021-07-15T04:41:55Z cache-bur17583 MEWElogs[412844]: ROTATE, 1626324115102231706, BUR, 15
<134>2021-07-15T04:42:03Z cache-mad22068 MEWElogs[412844]: ROTATE, 1626324122904378435, MAD, 15
<134>2021-07-15T04:42:17Z cache-fra19177 MEWElogs[412844]: ROTATE, 1626324136640268563, FRA, 15
<134>2021-07-15T04:42:35Z cache-dal21283 MEWElogs[412844]: ROTATE, 1626324154626504700, DAL, 15
<134>2021-07-15T04:42:41Z cache-fra19177 MEWElogs[412844]: ROTATE, 1626324161567002617, FRA, 15
<134>2021-07-15T04:42:52Z cache-mad22068 MEWElogs[412844]: ROTATE, 1626324171796860830, MAD, 15
<134>2021-07-15T04:42:55Z cache-hel6829 MEWElogs[412844]: ROTATE, 1626324175775990892, HEL, 15
<134>2021-07-15T04:42:59Z cache-fra19177 MEWElogs[412844]: ROTATE, 1626324177956195614, FRA, 15
<134>2021-07-15T04:43:16Z cache-mad22068 MEWElogs[412844]: ROTATE, 1626324196319790923, MAD, 15
<134>2021-07-15T04:43:17Z cache-lon4249 MEWElogs[412844]: ROTATE, 1626324196524792563, LON, 15
<134>2021-07-15T04:43:31Z cache-fra19177 MEWElogs[412844]: ROTATE, 1626324210214978502, FRA, 15
<134>2021-07-15T04:43:32Z cache-jnb7027 MEWElogs[412844]: ROTATE, 1626324212148948245, JNB, 15
<134>2021-07-15T04:44:00Z cache-iah17271 MEWElogs[412844]: ROTATE, 1626324239740422119, IAH, 15
<134>2021-07-15T04:44:03Z cache-fra19177 MEWElogs[412844]: ROTATE, 1626324242284415243, FRA, 15
<134>2021-07-15T04:44:10Z cache-fra19177 MEWElogs[412844]: ROTATE, 1626324250259438216, FRA, 15
<134>2021-07-15T04:45:46Z cache-bur17583 MEWElogs[412844]: ROTATE, 1626324346372080783, BUR, 15
<134>2021-07-15T04:45:58Z cache-den8274 MEWElogs[412844]: ROTATE, 1626324357000858277, DEN, 15
<134>2021-07-15T04:46:12Z cache-hel6829 MEWElogs[412844]: ROTATE, 1626324371074058869, HEL, 15
<134>2021-07-15T04:46:20Z cache-dal21283 MEWElogs[412844]: ROTATE, 1626324379262425191, DAL, 15
<134>2021-07-15T04:46:32Z cache-mad22068 MEWElogs[412844]: ROTATE, 1626324392040561542, MAD, 15
<134>2021-07-15T04:47:05Z cache-mad22068 MEWElogs[412844]: ROTATE, 1626324424849948817, MAD, 15
<134>2021-07-15T04:47:08Z cache-fra19177 MEWElogs[412844]: ROTATE, 1626324427940901661, FRA, 15
