<134>2021-07-15T04:06:58Z cache-cph20625 MEWElogs[464521]: ROTATE, 1626322016941181052, CPH, 15
<134>2021-07-15T04:07:04Z cache-mdw17383 MEWElogs[464521]: ROTATE, 1626322023089880275, MDW, 15
<134>2021-07-15T04:07:23Z cache-pdk17882 MEWElogs[464521]: ROTATE, 1626322042840470090, PDK, 15
<134>2021-07-15T04:07:36Z cache-wdc5583 MEWElogs[464521]: ROTATE, 1626322056370903021, WDC, 15
<134>2021-07-15T04:07:58Z cache-wdc5583 MEWElogs[464521]: ROTATE, 1626322078481911649, WDC, 15
<134>2021-07-15T04:08:10Z cache-maa10251 MEWElogs[464521]: ROTATE, 1626322088925654679, MAA, 15
<134>2021-07-15T04:08:30Z cache-bog6425 MEWElogs[464521]: ROTATE, 1626322109482302671, BOG, 15
<134>2021-07-15T04:08:37Z cache-eze19324 MEWElogs[464521]: ROTATE, 1626322116524038152, EZE, 15
<134>2021-07-15T04:09:04Z cache-wdc5583 MEWElogs[464521]: ROTATE, 1626322143368491135, WDC, 15
<134>2021-07-15T04:09:08Z cache-ams21020 MEWElogs[464521]: ROTATE, 1626322147950960659, AMS, 15
<134>2021-07-15T04:09:28Z cache-dca17782 MEWElogs[464521]: ROTATE, 1626322167681015011, DCA, 15
<134>2021-07-15T04:09:33Z cache-maa10251 MEWElogs[464521]: ROTATE, 1626322172671288818, MAA, 15
<134>2021-07-15T04:09:47Z cache-dca17782 MEWElogs[464521]: ROTATE, 1626322186753720730, DCA, 15
<134>2021-07-15T04:10:25Z cache-ams21020 MEWElogs[464521]: ROTATE, 1626322224726004559, AMS, 15
<134>2021-07-15T04:10:39Z cache-maa10251 MEWElogs[464521]: ROTATE, 1626322237928488270, MAA, 15
<134>2021-07-15T04:10:39Z cache-bog6425 MEWElogs[464521]: ROTATE, 1626322238819796424, BOG, 15
<134>2021-07-15T04:10:57Z cache-maa10251 MEWElogs[464521]: ROTATE, 1626322256677924017, MAA, 15
<134>2021-07-15T04:10:57Z cache-pdk17882 MEWElogs[464521]: ROTATE, 1626322257073525194, PDK, 15
<134>2021-07-15T04:11:57Z cache-cph20625 MEWElogs[464521]: ROTATE, 1626322316492135891, CPH, 15
<134>2021-07-15T04:12:15Z cache-ams21020 MEWElogs[464521]: ROTATE, 1626322334167961290, AMS, 15
<134>2021-07-15T04:12:30Z cache-ams21020 MEWElogs[464521]: ROTATE, 1626322349630763604, AMS, 15
<134>2021-07-15T04:12:39Z cache-wdc5583 MEWElogs[464521]: ROTATE, 1626322358543259234, WDC, 15
<134>2021-07-15T04:12:46Z cache-ord1740 MEWElogs[464521]: ROTATE, 1626322365363999510, ORD, 15
<134>2021-07-15T04:13:08Z cache-eze19324 MEWElogs[464521]: ROTATE, 1626322387368339585, EZE, 15
<134>2021-07-15T04:13:24Z cache-ams21020 MEWElogs[464521]: ROTATE, 1626322403945396581, AMS, 15
<134>2021-07-15T04:13:27Z cache-bog6425 MEWElogs[464521]: ROTATE, 1626322407327514440, BOG, 15
<134>2021-07-15T04:13:48Z cache-bog6425 MEWElogs[464521]: ROTATE, 1626322427459837041, BOG, 15
<134>2021-07-15T04:13:50Z cache-ord1740 MEWElogs[464521]: ROTATE, 1626322429668490357, ORD, 15
<134>2021-07-15T04:13:57Z cache-bog6425 MEWElogs[464521]: ROTATE, 1626322437375663901, BOG, 15
<134>2021-07-15T04:14:16Z cache-mdw17383 MEWElogs[464521]: ROTATE, 1626322455735773912, MDW, 15
<134>2021-07-15T04:14:18Z cache-cph20625 MEWElogs[464521]: ROTATE, 1626322457620660643, CPH, 15
<134>2021-07-15T04:14:18Z cache-ord1740 MEWElogs[464521]: ROTATE, 1626322457484057246, ORD, 15
<134>2021-07-15T04:14:32Z cache-dca17782 MEWElogs[464521]: ROTATE, 1626322471897699481, DCA, 15
<134>2021-07-15T04:15:00Z cache-dca17782 MEWElogs[464521]: ROTATE, 1626322499588757101, DCA, 15
<134>2021-07-15T04:15:28Z cache-pdk17882 MEWElogs[464521]: ROTATE, 1626322527909929293, PDK, 15
<134>2021-07-15T04:15:33Z cache-cph20625 MEWElogs[464521]: ROTATE, 1626322532240823836, CPH, 15
<134>2021-07-15T04:16:06Z cache-mdw17383 MEWElogs[464521]: ROTATE, 1626322565346856117, MDW, 15
<134>2021-07-15T04:16:12Z cache-wdc5583 MEWElogs[464521]: ROTATE, 1626322572189317049, WDC, 15
<134>2021-07-15T04:16:16Z cache-dca17782 MEWElogs[464521]: ROTATE, 1626322575049183857, DCA, 15
<134>2021-07-15T04:16:24Z cache-dca17782 MEWElogs[464521]: ROTATE, 1626322584703863680, DCA, 15
<134>2021-07-15T04:16:31Z cache-ams21020 MEWElogs[464521]: ROTATE, 1626322589979481347, AMS, 15
<134>2021-07-15T04:16:34Z cache-wdc5583 MEWElogs[464521]: ROTATE, 1626322593334158034, WDC, 15
