<134>2021-07-14T22:33:46Z cache-yul12826 MEWElogs[464521]: BLUR, 1626302026276305013, YUL, 11
<134>2021-07-14T22:34:36Z cache-jax20933 MEWElogs[464521]: BLUR, 1626302076688885425, JAX, 11
<134>2021-07-14T22:34:37Z cache-mci5951 MEWElogs[464521]: BLUR, 1626302077237405734, MCI, 11
<134>2021-07-14T22:34:55Z cache-mci5951 MEWElogs[464521]: BLUR, 1626302095612206318, MCI, 11
<134>2021-07-14T22:34:58Z cache-jax20933 MEWElogs[464521]: BLUR, 1626302097535216757, JAX, 11
<134>2021-07-14T22:35:36Z cache-stp9226 MEWElogs[464521]: BLUR, 1626302135517038787, STP, 11
<134>2021-07-14T22:36:02Z cache-jax20933 MEWElogs[464521]: BLUR, 1626302161413047740, JAX, 11
<134>2021-07-14T22:36:07Z cache-hkg17929 MEWElogs[464521]: BLUR, 1626302166796114654, HKG, 11
<134>2021-07-14T22:37:41Z cache-lax10677 MEWElogs[464521]: BLUR, 1626302260827959625, LGB, 11
<134>2021-07-14T22:38:02Z cache-mel11272 MEWElogs[464521]: BLUR, 1626302281040920132, MEL, 11
<134>2021-07-14T22:38:18Z cache-mel11272 MEWElogs[464521]: BLUR, 1626302297434845962, MEL, 11
<134>2021-07-14T22:38:41Z cache-stp9226 MEWElogs[464521]: BLUR, 1626302320971820474, STP, 11
<134>2021-07-14T22:38:46Z cache-ewr18156 MEWElogs[464521]: BLUR, 1626302326812940517, EWR, 11
<134>2021-07-14T22:39:00Z cache-stp9226 MEWElogs[464521]: BLUR, 1626302339928713044, STP, 11
<134>2021-07-14T22:39:53Z cache-ewr18156 MEWElogs[464521]: BLUR, 1626302393471636044, EWR, 11
<134>2021-07-14T22:41:15Z cache-ewr18156 MEWElogs[464521]: BLUR, 1626302475151003168, EWR, 11
<134>2021-07-14T22:41:32Z cache-ewr18156 MEWElogs[464521]: BLUR, 1626302491772915124, EWR, 11
<134>2021-07-14T22:41:41Z cache-man4150 MEWElogs[464521]: BLUR, 1626302500765807907, MAN, 11
<134>2021-07-14T22:42:00Z cache-jax20933 MEWElogs[464521]: BLUR, 1626302520025819826, JAX, 11
<134>2021-07-14T22:43:08Z cache-ewr18156 MEWElogs[464521]: BLUR, 1626302588281248056, EWR, 11
