<134>2021-07-14T18:05:02Z cache-yyz4551 MEWElogs[39982]: FLIPH, 1626285901791725018, YYZ, 10
<134>2021-07-14T18:05:08Z cache-cgh11122 MEWElogs[39982]: FLIPH, 1626285908412413515, CGH, 10
<134>2021-07-14T18:05:17Z cache-cgh11183 MEWElogs[39982]: FLIPH, 1626285917362441975, CGH, 10
<134>2021-07-14T18:06:02Z cache-yyz4551 MEWElogs[39982]: FLIPH, 1626285962649864152, YYZ, -1
<134>2021-07-14T18:06:10Z cache-sjc10078 MEWElogs[39982]: FLIPH, 1626285969249463982, SJC, 10
<134>2021-07-14T18:06:21Z cache-tyo11974 MEWElogs[39982]: FLIPH, 1626285980658686644, TYO, -1
<134>2021-07-14T18:06:45Z cache-bma1628 MEWElogs[39982]: FLIPH, 1626286005305480157, BMA, 10
<134>2021-07-14T18:06:51Z cache-sjc10078 MEWElogs[39982]: FLIPH, 1626286010128749568, SJC, 10
<134>2021-07-14T18:07:28Z cache-cgh11183 MEWElogs[39982]: FLIPH, 1626286047293472970, CGH, -1
<134>2021-07-14T18:08:09Z cache-bma1628 MEWElogs[39982]: FLIPH, 1626286088852772389, BMA, 10
<134>2021-07-14T18:08:40Z cache-sjc10078 MEWElogs[39982]: FLIPH, 1626286120175032397, SJC, -1
<134>2021-07-14T18:08:41Z cache-sea4483 MEWElogs[39982]: FLIPH, 1626286120643739136, SEA, -1
<134>2021-07-14T18:08:47Z cache-yyz4551 MEWElogs[39982]: FLIPH, 1626286127098212448, YYZ, -1
<134>2021-07-14T18:09:18Z cache-tyo11974 MEWElogs[39982]: FLIPH, 1626286157907340500, TYO, 10
<134>2021-07-14T18:10:12Z cache-yyz4551 MEWElogs[39982]: FLIPH, 1626286211916808261, YYZ, 10
<134>2021-07-14T18:10:14Z cache-vie21629 MEWElogs[39982]: FLIPH, 1626286213756765612, VIE, 10
<134>2021-07-14T18:10:18Z cache-yyz4551 MEWElogs[39982]: FLIPH, 1626286218277118996, YYZ, -1
<134>2021-07-14T18:10:29Z cache-vie21629 MEWElogs[39982]: FLIPH, 1626286228810388423, VIE, 10
<134>2021-07-14T18:11:15Z cache-bma1628 MEWElogs[39982]: FLIPH, 1626286274653959647, BMA, 10
<134>2021-07-14T18:12:11Z cache-bma1628 MEWElogs[39982]: FLIPH, 1626286330489510517, BMA, 10
<134>2021-07-14T18:12:20Z cache-bma1628 MEWElogs[39982]: FLIPH, 1626286339722537005, BMA, 10
<134>2021-07-14T18:13:09Z cache-sea4483 MEWElogs[39982]: FLIPH, 1626286388349911796, SEA, 10
<134>2021-07-14T18:13:22Z cache-yyz4551 MEWElogs[39982]: FLIPH, 1626286401665311613, YYZ, -1
<134>2021-07-14T18:14:10Z cache-yyz4551 MEWElogs[39982]: FLIPH, 1626286450496681079, YYZ, 10
<134>2021-07-14T18:14:16Z cache-vie21629 MEWElogs[39982]: FLIPH, 1626286455785872134, VIE, 10
<134>2021-07-14T18:14:44Z cache-yyz4551 MEWElogs[39982]: FLIPH, 1626286484044462896, YYZ, -1
