<134>2021-07-15T00:59:27Z cache-gru17149 MEWElogs[318405]: CROP, 1626310766765125734, GRU, 12
<134>2021-07-15T00:59:38Z cache-syd10183 MEWElogs[318405]: CROP, 1626310777943531776, SYD, 12
<134>2021-07-15T00:59:41Z cache-stl4834 MEWElogs[318405]: CROP, 1626310781661807172, STL, 12
<134>2021-07-15T01:00:21Z cache-gru17149 MEWElogs[318405]: CROP, 1626310819981112785, GRU, 12
<134>2021-07-15T01:00:29Z cache-gru17149 MEWElogs[318405]: CROP, 1626310828065676379, GRU, 12
<134>2021-07-15T01:00:39Z cache-pao17461 MEWElogs[318405]: CROP, 1626310838284497657, PAO, 12
<134>2021-07-15T01:01:06Z cache-gru17149 MEWElogs[318405]: CROP, 1626310865460597491, GRU, 12
<134>2021-07-15T01:01:29Z cache-stl4834 MEWElogs[318405]: CROP, 1626310888066654350, STL, 12
<134>2021-07-15T01:01:29Z cache-pao17461 MEWElogs[318405]: CROP, 1626310889833333958, PAO, 12
<134>2021-07-15T01:01:43Z cache-itm18851 MEWElogs[318405]: CROP, 1626310902670036779, ITM, 12
<134>2021-07-15T01:01:51Z cache-gig17035 MEWElogs[318405]: CROP, 1626310910307491482, GIG, 12
<134>2021-07-15T01:02:28Z cache-cgh11122 MEWElogs[318405]: CROP, 1626310947446034566, CGH, 12
<134>2021-07-15T01:02:50Z cache-bom4751 MEWElogs[318405]: CROP, 1626310969133134507, BOM, 12
<134>2021-07-15T01:02:50Z cache-cgh11122 MEWElogs[318405]: CROP, 1626310969396025116, CGH, 12
<134>2021-07-15T01:03:23Z cache-sea4483 MEWElogs[318405]: CROP, 1626311003627564439, SEA, 12
<134>2021-07-15T01:04:00Z cache-sjc10078 MEWElogs[318405]: CROP, 1626311040048994870, SJC, 12
<134>2021-07-15T01:04:14Z cache-bma1628 MEWElogs[318405]: CROP, 1626311053206247554, BMA, 12
<134>2021-07-15T01:04:21Z cache-sjc10078 MEWElogs[318405]: CROP, 1626311061367825586, SJC, 12
<134>2021-07-15T01:04:23Z cache-bma1628 MEWElogs[318405]: CROP, 1626311061995740372, BMA, 12
<134>2021-07-15T01:04:28Z cache-itm18851 MEWElogs[318405]: CROP, 1626311068294368102, ITM, 12
<134>2021-07-15T01:04:30Z cache-sjc10078 MEWElogs[318405]: CROP, 1626311070163093788, SJC, 12
<134>2021-07-15T01:04:49Z cache-sjc10078 MEWElogs[318405]: CROP, 1626311088025798904, SJC, 12
<134>2021-07-15T01:04:54Z cache-cgh11122 MEWElogs[318405]: CROP, 1626311093440561496, CGH, 12
<134>2021-07-15T01:05:07Z cache-cgh11122 MEWElogs[318405]: CROP, 1626311106775067063, CGH, 12
<134>2021-07-15T01:05:10Z cache-pao17461 MEWElogs[318405]: CROP, 1626311109681793237, PAO, 12
<134>2021-07-15T01:05:25Z cache-sea4483 MEWElogs[318405]: CROP, 1626311124069523606, SEA, 12
<134>2021-07-15T01:05:28Z cache-bma1628 MEWElogs[318405]: CROP, 1626311127030670587, BMA, 12
<134>2021-07-15T01:05:36Z cache-tyo11974 MEWElogs[318405]: CROP, 1626311135435783995, TYO, 12
<134>2021-07-15T01:05:42Z cache-cgh11122 MEWElogs[318405]: CROP, 1626311142290298929, CGH, 12
<134>2021-07-15T01:05:44Z cache-bma1628 MEWElogs[318405]: CROP, 1626311144629781011, BMA, 12
<134>2021-07-15T01:05:44Z cache-sea4483 MEWElogs[318405]: CROP, 1626311144074062214, SEA, 12
<134>2021-07-15T01:06:40Z cache-cgh11183 MEWElogs[318405]: CROP, 1626311200319057046, CGH, 12
<134>2021-07-15T01:06:44Z cache-tyo11974 MEWElogs[318405]: CROP, 1626311203587685013, TYO, 12
<134>2021-07-15T01:06:53Z cache-bma1628 MEWElogs[318405]: CROP, 1626311212841262023, BMA, 12
<134>2021-07-15T01:07:02Z cache-yyz4551 MEWElogs[318405]: CROP, 1626311222072573081, YYZ, 12
<134>2021-07-15T01:07:32Z cache-bma1628 MEWElogs[318405]: CROP, 1626311251580834509, BMA, 12
<134>2021-07-15T01:07:48Z cache-cgh11183 MEWElogs[318405]: CROP, 1626311267503962439, CGH, 12
<134>2021-07-15T01:08:14Z cache-sjc10078 MEWElogs[318405]: CROP, 1626311294351134276, SJC, 12
<134>2021-07-15T01:08:21Z cache-vie21629 MEWElogs[318405]: CROP, 1626311299935649364, VIE, 12
<134>2021-07-15T01:08:27Z cache-sjc10078 MEWElogs[318405]: CROP, 1626311307097472736, SJC, 12
<134>2021-07-15T01:08:32Z cache-tyo11974 MEWElogs[318405]: CROP, 1626311311145238286, TYO, 12
<134>2021-07-15T01:09:23Z cache-sea4483 MEWElogs[318405]: CROP, 1626311363232960814, SEA, 12
