<134>2021-07-15T07:44:06Z cache-man4150 MEWElogs[322023]: UNSH, 1626335045763182513, MAN, 16
<134>2021-07-15T07:44:07Z cache-mel11272 MEWElogs[322023]: UNSH, 1626335045933575067, MEL, 16
<134>2021-07-15T07:44:46Z cache-lga21983 MEWElogs[322023]: UNSH, 1626335085830603212, LGA, 16
<134>2021-07-15T07:45:15Z cache-lga21983 MEWElogs[322023]: UNSH, 1626335114578278041, LGA, 16
<134>2021-07-15T07:45:32Z cache-bom4751 MEWElogs[322023]: UNSH, 1626335131986587664, BOM, 16
<134>2021-07-15T07:46:01Z cache-ewr18156 MEWElogs[322023]: UNSH, 1626335160137660664, EWR, 16
<134>2021-07-15T07:46:30Z cache-cdg20720 MEWElogs[322023]: UNSH, 1626335189214963570, CDG, 16
<134>2021-07-15T07:47:14Z cache-jax20933 MEWElogs[322023]: UNSH, 1626335233016307373, JAX, 16
<134>2021-07-15T07:47:17Z cache-bom4751 MEWElogs[322023]: UNSH, 1626335236581118634, BOM, 16
<134>2021-07-15T07:47:40Z cache-lga21983 MEWElogs[322023]: UNSH, 1626335259207401222, LGA, 16
<134>2021-07-15T07:48:15Z cache-mel11272 MEWElogs[322023]: UNSH, 1626335294455752236, MEL, 16
<134>2021-07-15T07:48:15Z cache-ewr18156 MEWElogs[322023]: UNSH, 1626335294385720201, EWR, 16
<134>2021-07-15T07:48:15Z cache-lax10677 MEWElogs[322023]: UNSH, 1626335294814241101, LGB, 16
<134>2021-07-15T07:48:22Z cache-jax20933 MEWElogs[322023]: UNSH, 1626335301116280437, JAX, 16
<134>2021-07-15T07:48:49Z cache-mel11272 MEWElogs[322023]: UNSH, 1626335328820834855, MEL, 16
<134>2021-07-15T07:48:55Z cache-gru17149 MEWElogs[322023]: UNSH, 1626335334008585001, GRU, 16
<134>2021-07-15T07:49:15Z cache-gru17149 MEWElogs[322023]: UNSH, 1626335354100643744, GRU, 16
<134>2021-07-15T07:49:19Z cache-itm18851 MEWElogs[322023]: UNSH, 1626335359326421933, ITM, 16
<134>2021-07-15T07:50:01Z cache-mel11272 MEWElogs[322023]: UNSH, 1626335400099685620, MEL, 16
<134>2021-07-15T07:50:02Z cache-pao17461 MEWElogs[322023]: UNSH, 1626335401252922252, PAO, 16
<134>2021-07-15T07:50:23Z cache-mel11272 MEWElogs[322023]: UNSH, 1626335423087067757, MEL, 16
<134>2021-07-15T07:50:25Z cache-pao17461 MEWElogs[322023]: UNSH, 1626335424084261513, PAO, 16
<134>2021-07-15T07:50:34Z cache-itm18851 MEWElogs[322023]: UNSH, 1626335434229570770, ITM, 16
<134>2021-07-15T07:52:03Z cache-stl4834 MEWElogs[322023]: UNSH, 1626335522730198472, STL, 16
<134>2021-07-15T07:52:04Z cache-scl19427 MEWElogs[322023]: UNSH, 1626335523347927666, SCL, 16
<134>2021-07-15T07:52:15Z cache-scl19427 MEWElogs[322023]: UNSH, 1626335535314883382, SCL, 16
<134>2021-07-15T07:53:50Z cache-syd10183 MEWElogs[322023]: UNSH, 1626335629245647887, SYD, 16
<134>2021-07-15T07:53:50Z cache-gig17035 MEWElogs[322023]: UNSH, 1626335629862278008, GIG, 16
