<134>2021-07-15T01:42:07Z cache-hhn4077 MEWElogs[464521]: GRAY, 1626313326086528213, HHN, 13
<134>2021-07-15T01:42:11Z cache-hhn4077 MEWElogs[464521]: GRAY, 1626313330741576406, HHN, 13
<134>2021-07-15T01:42:14Z cache-pwk4920 MEWElogs[464521]: GRAY, 1626313333146721011, PWK, 13
<134>2021-07-15T01:42:16Z cache-hel6829 MEWElogs[464521]: GRAY, 1626313335928751439, HEL, 13
<134>2021-07-15T01:42:21Z cache-hhn4077 MEWElogs[464521]: GRAY, 1626313340068553889, HHN, 13
<134>2021-07-15T01:42:22Z cache-bos4657 MEWElogs[464521]: GRAY, 1626313341916290962, BOS, 13
<134>2021-07-15T01:42:27Z cache-pwk4920 MEWElogs[464521]: GRAY, 1626313347232048062, PWK, 13
<134>2021-07-15T01:42:29Z cache-dfw18678 MEWElogs[464521]: GRAY, 1626313348358906080, DFW, 13
<134>2021-07-15T01:42:54Z cache-del21735 MEWElogs[464521]: GRAY, 1626313373631587832, DEL, 13
<134>2021-07-15T01:42:59Z cache-jnb7027 MEWElogs[464521]: GRAY, 1626313377909331726, JNB, 13
<134>2021-07-15T01:43:03Z cache-lon4249 MEWElogs[464521]: GRAY, 1626313382549991095, LON, 13
<134>2021-07-15T01:43:25Z cache-lon4249 MEWElogs[464521]: GRAY, 1626313405719887909, LON, 13
<134>2021-07-15T01:43:38Z cache-lcy19283 MEWElogs[464521]: GRAY, 1626313417826133664, LCY, 13
<134>2021-07-15T01:43:44Z cache-pwk4920 MEWElogs[464521]: GRAY, 1626313424532961221, PWK, 13
<134>2021-07-15T01:43:47Z cache-jnb7027 MEWElogs[464521]: GRAY, 1626313426254565010, JNB, 13
<134>2021-07-15T01:43:53Z cache-lcy19283 MEWElogs[464521]: GRAY, 1626313432433238012, LCY, 13
<134>2021-07-15T01:43:58Z cache-den8274 MEWElogs[464521]: GRAY, 1626313437970914849, DEN, 13
<134>2021-07-15T01:44:07Z cache-lcy19283 MEWElogs[464521]: GRAY, 1626313446844479092, LCY, 13
<134>2021-07-15T01:44:37Z cache-lcy19283 MEWElogs[464521]: GRAY, 1626313476327108817, LCY, 13
<134>2021-07-15T01:44:59Z cache-cwb20520 MEWElogs[464521]: GRAY, 1626313498237191775, CWB, 13
<134>2021-07-15T01:45:00Z cache-lon4249 MEWElogs[464521]: GRAY, 1626313499461150028, LON, 13
<134>2021-07-15T01:45:11Z cache-jnb7027 MEWElogs[464521]: GRAY, 1626313510378522357, JNB, 13
<134>2021-07-15T01:45:28Z cache-lon4249 MEWElogs[464521]: GRAY, 1626313527329871598, LON, 13
<134>2021-07-15T01:45:45Z cache-bur17583 MEWElogs[464521]: GRAY, 1626313544683604085, BUR, 13
<134>2021-07-15T01:45:59Z cache-iah17271 MEWElogs[464521]: GRAY, 1626313558830398363, IAH, 13
<134>2021-07-15T01:46:09Z cache-hel6829 MEWElogs[464521]: GRAY, 1626313568866609578, HEL, 13
<134>2021-07-15T01:46:49Z cache-den8274 MEWElogs[464521]: GRAY, 1626313609450609660, DEN, 13
<134>2021-07-15T01:46:51Z cache-hel6829 MEWElogs[464521]: GRAY, 1626313611615902570, HEL, 13
<134>2021-07-15T01:47:22Z cache-iah17271 MEWElogs[464521]: GRAY, 1626313641542087982, IAH, 13
<134>2021-07-15T01:47:25Z cache-bur17583 MEWElogs[464521]: GRAY, 1626313644580346055, BUR, 13
<134>2021-07-15T01:47:29Z cache-hel6829 MEWElogs[464521]: GRAY, 1626313648888314487, HEL, 13
<134>2021-07-15T01:47:53Z cache-lcy19283 MEWElogs[464521]: GRAY, 1626313672933304048, LCY, 13
<134>2021-07-15T01:48:08Z cache-lcy19283 MEWElogs[464521]: GRAY, 1626313687803421267, LCY, 13
<134>2021-07-15T01:48:12Z cache-lon4249 MEWElogs[464521]: GRAY, 1626313691187020829, LON, 13
<134>2021-07-15T01:48:12Z cache-jnb7027 MEWElogs[464521]: GRAY, 1626313692026662941, JNB, 13
<134>2021-07-15T01:48:16Z cache-lon4249 MEWElogs[464521]: GRAY, 1626313695917228823, LON, 13
<134>2021-07-15T01:48:30Z cache-bur17583 MEWElogs[464521]: GRAY, 1626313709476897019, BUR, 13
<134>2021-07-15T01:48:44Z cache-bur17583 MEWElogs[464521]: GRAY, 1626313724232034299, BUR, 13
<134>2021-07-15T01:48:51Z cache-bur17583 MEWElogs[464521]: GRAY, 1626313731389400180, BUR, 13
<134>2021-07-15T01:48:53Z cache-lon4249 MEWElogs[464521]: GRAY, 1626313733209582635, LON, 13
<134>2021-07-15T01:49:09Z cache-cwb20520 MEWElogs[464521]: GRAY, 1626313748434482348, CWB, 13
<134>2021-07-15T01:49:20Z cache-bur17583 MEWElogs[464521]: GRAY, 1626313759438360375, BUR, 13
<134>2021-07-15T01:49:22Z cache-mad22068 MEWElogs[464521]: GRAY, 1626313761194922653, MAD, 13
<134>2021-07-15T01:49:28Z cache-iah17271 MEWElogs[464521]: GRAY, 1626313768110281603, IAH, 13
<134>2021-07-15T01:49:32Z cache-mad22068 MEWElogs[464521]: GRAY, 1626313771724482916, MAD, 13
<134>2021-07-15T01:50:48Z cache-mad22068 MEWElogs[464521]: GRAY, 1626313847494638727, MAD, 13
<134>2021-07-15T01:51:20Z cache-lhr7382 MEWElogs[464521]: GRAY, 1626313879663121600, LHR, 13
<134>2021-07-15T01:51:21Z cache-den8274 MEWElogs[464521]: GRAY, 1626313880418428718, DEN, 13
<134>2021-07-15T01:52:02Z cache-den8274 MEWElogs[464521]: GRAY, 1626313921724119579, DEN, 13
