<134>2021-07-14T17:12:32Z cache-den8274 MEWElogs[320228]: FLIPH, 1626282751901850781, DEN, 10
<134>2021-07-14T17:12:48Z cache-bur17583 MEWElogs[320228]: FLIPH, 1626282767050382906, BUR, 10
<134>2021-07-14T17:12:56Z cache-den8274 MEWElogs[320228]: FLIPH, 1626282775517523945, DEN, -1
<134>2021-07-14T17:13:35Z cache-lcy19283 MEWElogs[320228]: FLIPH, 1626282814618150514, LCY, 10
<134>2021-07-14T17:13:46Z cache-mad22068 MEWElogs[320228]: FLIPH, 1626282825357456919, MAD, -1
<134>2021-07-14T17:13:52Z cache-lcy19283 MEWElogs[320228]: FLIPH, 1626282831239915518, LCY, -1
<134>2021-07-14T17:13:59Z cache-lon4249 MEWElogs[320228]: FLIPH, 1626282839171123025, LON, 10
<134>2021-07-14T17:14:01Z cache-hkg17929 MEWElogs[320228]: FLIPH, 1626282840435375767, HKG, -1
<134>2021-07-14T17:14:01Z cache-iah17271 MEWElogs[320228]: FLIPH, 1626282840578592870, IAH, -1
<134>2021-07-14T17:14:01Z cache-lcy19283 MEWElogs[320228]: FLIPH, 1626282841035083911, LCY, -1
<134>2021-07-14T17:14:08Z cache-mad22068 MEWElogs[320228]: FLIPH, 1626282847678908747, MAD, 10
<134>2021-07-14T17:14:27Z cache-jnb7027 MEWElogs[320228]: FLIPH, 1626282867435918892, JNB, -1
<134>2021-07-14T17:14:37Z cache-lon4249 MEWElogs[320228]: FLIPH, 1626282877018609237, LON, -1
<134>2021-07-14T17:14:53Z cache-den8274 MEWElogs[320228]: FLIPH, 1626282892517717236, DEN, -1
<134>2021-07-14T17:15:38Z cache-cwb20520 MEWElogs[320228]: FLIPH, 1626282937679162222, CWB, -1
<134>2021-07-14T17:16:10Z cache-stp9226 MEWElogs[320228]: FLIPH, 1626282969551192690, STP, 10
<134>2021-07-14T17:16:21Z cache-mci5951 MEWElogs[320228]: FLIPH, 1626282981100874590, MCI, 10
<134>2021-07-14T17:16:41Z cache-mrs10583 MEWElogs[320228]: FLIPH, 1626283000584653401, MRS, -1
<134>2021-07-14T17:16:43Z cache-mrs10583 MEWElogs[320228]: FLIPH, 1626283003336928407, MRS, 10
<134>2021-07-14T17:16:49Z cache-mad22068 MEWElogs[320228]: FLIPH, 1626283008617826750, MAD, 10
<134>2021-07-14T17:16:49Z cache-mrs10583 MEWElogs[320228]: FLIPH, 1626283008763508277, MRS, -1
<134>2021-07-14T17:16:51Z cache-stp9226 MEWElogs[320228]: FLIPH, 1626283010104751287, STP, -1
<134>2021-07-14T17:16:59Z cache-mci5951 MEWElogs[320228]: FLIPH, 1626283018379325274, MCI, -1
<134>2021-07-14T17:17:05Z cache-lhr7382 MEWElogs[320228]: FLIPH, 1626283024398410803, LHR, 10
<134>2021-07-14T17:17:15Z cache-bur17583 MEWElogs[320228]: FLIPH, 1626283035135331709, BUR, 10
<134>2021-07-14T17:17:39Z cache-dal21283 MEWElogs[320228]: FLIPH, 1626283058975345403, DAL, -1
<134>2021-07-14T17:18:11Z cache-mrs10583 MEWElogs[320228]: FLIPH, 1626283090270250975, MRS, -1
<134>2021-07-14T17:18:35Z cache-jax20933 MEWElogs[320228]: FLIPH, 1626283114037949549, JAX, -1
<134>2021-07-14T17:18:49Z cache-stp9226 MEWElogs[320228]: FLIPH, 1626283129663064347, STP, -1
<134>2021-07-14T17:19:08Z cache-hkg17929 MEWElogs[320228]: FLIPH, 1626283147269494125, HKG, 10
<134>2021-07-14T17:19:19Z cache-mrs10583 MEWElogs[320228]: FLIPH, 1626283158235440572, MRS, 10
<134>2021-07-14T17:20:14Z cache-hkg17929 MEWElogs[320228]: FLIPH, 1626283213284291719, HKG, 10
<134>2021-07-14T17:20:45Z cache-mci5951 MEWElogs[320228]: FLIPH, 1626283244319311737, MCI, 10
<134>2021-07-14T17:20:54Z cache-bur17583 MEWElogs[320228]: FLIPH, 1626283254061803008, BUR, 10
<134>2021-07-14T17:21:15Z cache-hkg17929 MEWElogs[320228]: FLIPH, 1626283274878353652, HKG, -1
<134>2021-07-14T17:21:15Z cache-bur17583 MEWElogs[320228]: FLIPH, 1626283274957525551, BUR, 10
<134>2021-07-14T17:21:25Z cache-mci5951 MEWElogs[320228]: FLIPH, 1626283284339685950, MCI, 10
<134>2021-07-14T17:21:44Z cache-stp9226 MEWElogs[320228]: FLIPH, 1626283303920173410, STP, -1
<134>2021-07-14T17:21:59Z cache-lhr7382 MEWElogs[320228]: FLIPH, 1626283319119126844, LHR, -1
<134>2021-07-14T17:22:07Z cache-bur17583 MEWElogs[320228]: FLIPH, 1626283326874724245, BUR, 10
