<134>2021-07-14T17:22:12Z cache-hkg17929 MEWElogs[216063]: FLIPH, 1626283331656259238, HKG, 10
<134>2021-07-14T17:22:15Z cache-jax20933 MEWElogs[216063]: FLIPH, 1626283334347832242, JAX, 10
<134>2021-07-14T17:22:20Z cache-stp9226 MEWElogs[216063]: FLIPH, 1626283339736258863, STP, 10
<134>2021-07-14T17:22:28Z cache-stp9226 MEWElogs[216063]: FLIPH, 1626283347456978169, STP, -1
<134>2021-07-14T17:22:45Z cache-hkg17929 MEWElogs[216063]: FLIPH, 1626283365474492202, HKG, 10
<134>2021-07-14T17:22:50Z cache-mia11368 MEWElogs[216063]: FLIPH, 1626283369927546846, MIA, 10
<134>2021-07-14T17:23:17Z cache-stp9226 MEWElogs[216063]: FLIPH, 1626283396172941730, STP, -1
<134>2021-07-14T17:23:19Z cache-mad22068 MEWElogs[216063]: FLIPH, 1626283398686829884, MAD, 10
<134>2021-07-14T17:23:21Z cache-lhr7382 MEWElogs[216063]: FLIPH, 1626283401513586822, LHR, -1
<134>2021-07-14T17:23:40Z cache-mci5951 MEWElogs[216063]: FLIPH, 1626283420243688915, MCI, 10
<134>2021-07-14T17:23:43Z cache-lax10677 MEWElogs[216063]: FLIPH, 1626283422588696714, LGB, -1
<134>2021-07-14T17:23:45Z cache-hkg17929 MEWElogs[216063]: FLIPH, 1626283425198947617, HKG, 10
<134>2021-07-14T17:23:47Z cache-yul12826 MEWElogs[216063]: FLIPH, 1626283426664295418, YUL, 10
<134>2021-07-14T17:23:48Z cache-mci5951 MEWElogs[216063]: FLIPH, 1626283427412429191, MCI, -1
<134>2021-07-14T17:23:51Z cache-lhr7382 MEWElogs[216063]: FLIPH, 1626283431063096906, LHR, 10
<134>2021-07-14T17:23:56Z cache-lax10677 MEWElogs[216063]: FLIPH, 1626283435984076844, LGB, 10
<134>2021-07-14T17:23:57Z cache-hkg17929 MEWElogs[216063]: FLIPH, 1626283437130179973, HKG, 10
<134>2021-07-14T17:24:05Z cache-mia11368 MEWElogs[216063]: FLIPH, 1626283444588551978, MIA, 10
<134>2021-07-14T17:24:13Z cache-jax20933 MEWElogs[216063]: FLIPH, 1626283453035230419, JAX, -1
<134>2021-07-14T17:24:18Z cache-jax20933 MEWElogs[216063]: FLIPH, 1626283457479322593, JAX, 10
<134>2021-07-14T17:24:19Z cache-mci5951 MEWElogs[216063]: FLIPH, 1626283458248752231, MCI, -1
<134>2021-07-14T17:24:21Z cache-mad22068 MEWElogs[216063]: FLIPH, 1626283461138271775, MAD, -1
<134>2021-07-14T17:24:24Z cache-stp9226 MEWElogs[216063]: FLIPH, 1626283463733901291, STP, -1
<134>2021-07-14T17:24:31Z cache-mci5951 MEWElogs[216063]: FLIPH, 1626283471377143565, MCI, 10
<134>2021-07-14T17:24:37Z cache-hkg17929 MEWElogs[216063]: FLIPH, 1626283476950653038, HKG, -1
<134>2021-07-14T17:24:42Z cache-mci5951 MEWElogs[216063]: FLIPH, 1626283481503727197, MCI, 10
<134>2021-07-14T17:24:49Z cache-stp9226 MEWElogs[216063]: FLIPH, 1626283488785822266, STP, 10
<134>2021-07-14T17:24:52Z cache-mad22068 MEWElogs[216063]: FLIPH, 1626283491884539260, MAD, 10
<134>2021-07-14T17:24:55Z cache-mrs10583 MEWElogs[216063]: FLIPH, 1626283494900484130, MRS, 10
<134>2021-07-14T17:24:58Z cache-hkg17929 MEWElogs[216063]: FLIPH, 1626283498528186183, HKG, -1
<134>2021-07-14T17:25:01Z cache-yul12826 MEWElogs[216063]: FLIPH, 1626283501357071477, YUL, 10
<134>2021-07-14T17:25:09Z cache-mci5951 MEWElogs[216063]: FLIPH, 1626283509395035210, MCI, -1
<134>2021-07-14T17:25:11Z cache-yul12826 MEWElogs[216063]: FLIPH, 1626283510689875774, YUL, 10
<134>2021-07-14T17:25:33Z cache-mci5951 MEWElogs[216063]: FLIPH, 1626283532791182366, MCI, 10
<134>2021-07-14T17:25:36Z cache-mia11368 MEWElogs[216063]: FLIPH, 1626283536092585872, MIA, 10
<134>2021-07-14T17:26:10Z cache-mci5951 MEWElogs[216063]: FLIPH, 1626283569790724861, MCI, -1
<134>2021-07-14T17:26:17Z cache-stp9226 MEWElogs[216063]: FLIPH, 1626283576435822248, STP, 10
<134>2021-07-14T17:26:17Z cache-mia11368 MEWElogs[216063]: FLIPH, 1626283576891919964, MIA, 10
<134>2021-07-14T17:26:24Z cache-mrs10583 MEWElogs[216063]: FLIPH, 1626283583800020352, MRS, 10
<134>2021-07-14T17:26:26Z cache-mad22068 MEWElogs[216063]: FLIPH, 1626283586243510076, MAD, -1
<134>2021-07-14T17:26:35Z cache-mad22068 MEWElogs[216063]: FLIPH, 1626283595762728602, MAD, -1
<134>2021-07-14T17:26:36Z cache-lax10677 MEWElogs[216063]: FLIPH, 1626283595559312308, LGB, 10
<134>2021-07-14T17:26:46Z cache-lax10677 MEWElogs[216063]: FLIPH, 1626283605544298256, LGB, 10
<134>2021-07-14T17:26:47Z cache-mia11368 MEWElogs[216063]: FLIPH, 1626283607126587597, MIA, 10
<134>2021-07-14T17:26:48Z cache-mrs10583 MEWElogs[216063]: FLIPH, 1626283608163618774, MRS, 10
<134>2021-07-14T17:27:00Z cache-stp9226 MEWElogs[216063]: FLIPH, 1626283619535721804, STP, 10
<134>2021-07-14T17:27:10Z cache-mci5951 MEWElogs[216063]: FLIPH, 1626283629541829855, MCI, -1
<134>2021-07-14T17:27:13Z cache-mci5951 MEWElogs[216063]: FLIPH, 1626283632635764983, MCI, 10
<134>2021-07-14T17:27:30Z cache-mci5951 MEWElogs[216063]: FLIPH, 1626283649621629171, MCI, -1
<134>2021-07-14T17:27:33Z cache-lax10677 MEWElogs[216063]: FLIPH, 1626283652468145090, LGB, -1
<134>2021-07-14T17:27:35Z cache-lax10677 MEWElogs[216063]: FLIPH, 1626283655505210413, LGB, 10
<134>2021-07-14T17:27:38Z cache-mia11368 MEWElogs[216063]: FLIPH, 1626283657944384504, MIA, 10
<134>2021-07-14T17:27:44Z cache-mrs10583 MEWElogs[216063]: FLIPH, 1626283664728159729, MRS, 10
<134>2021-07-14T17:28:23Z cache-mrs10583 MEWElogs[216063]: FLIPH, 1626283702569274786, MRS, -1
<134>2021-07-14T17:28:24Z cache-hkg17929 MEWElogs[216063]: FLIPH, 1626283703467402366, HKG, -1
<134>2021-07-14T17:28:37Z cache-hkg17929 MEWElogs[216063]: FLIPH, 1626283717408469016, HKG, 10
<134>2021-07-14T17:28:49Z cache-hkg17929 MEWElogs[216063]: FLIPH, 1626283728070802689, HKG, 10
<134>2021-07-14T17:28:51Z cache-mci5951 MEWElogs[216063]: FLIPH, 1626283730570834729, MCI, -1
<134>2021-07-14T17:29:01Z cache-mci5951 MEWElogs[216063]: FLIPH, 1626283740503723889, MCI, -1
<134>2021-07-14T17:29:06Z cache-stp9226 MEWElogs[216063]: FLIPH, 1626283746126056158, STP, -1
<134>2021-07-14T17:29:32Z cache-lhr7382 MEWElogs[216063]: FLIPH, 1626283772324354601, LHR, -1
<134>2021-07-14T17:29:42Z cache-hkg17929 MEWElogs[216063]: FLIPH, 1626283781601562175, HKG, 10
<134>2021-07-14T17:30:13Z cache-yul12826 MEWElogs[216063]: FLIPH, 1626283812305574004, YUL, -1
<134>2021-07-14T17:30:34Z cache-stp9226 MEWElogs[216063]: FLIPH, 1626283833115927167, STP, -1
<134>2021-07-14T17:30:52Z cache-yul12826 MEWElogs[216063]: FLIPH, 1626283852523954567, YUL, 10
<134>2021-07-14T17:30:55Z cache-mel11272 MEWElogs[216063]: FLIPH, 1626283854186974546, MEL, 10
<134>2021-07-14T17:30:56Z cache-stp9226 MEWElogs[216063]: FLIPH, 1626283855370979977, STP, -1
<134>2021-07-14T17:31:03Z cache-ewr18156 MEWElogs[216063]: FLIPH, 1626283862626929820, EWR, -1
<134>2021-07-14T17:31:06Z cache-mci5951 MEWElogs[216063]: FLIPH, 1626283865072840468, MCI, 10
<134>2021-07-14T17:31:12Z cache-ewr18156 MEWElogs[216063]: FLIPH, 1626283872091117255, EWR, -1
<134>2021-07-14T17:31:12Z cache-mci5951 MEWElogs[216063]: FLIPH, 1626283871784631625, MCI, -1
<134>2021-07-14T17:31:15Z cache-ewr18156 MEWElogs[216063]: FLIPH, 1626283875164880908, EWR, 10
<134>2021-07-14T17:31:36Z cache-mci5951 MEWElogs[216063]: FLIPH, 1626283895403566215, MCI, 10
<134>2021-07-14T17:31:43Z cache-mel11272 MEWElogs[216063]: FLIPH, 1626283902542040686, MEL, -1
<134>2021-07-14T17:32:05Z cache-lga21983 MEWElogs[216063]: FLIPH, 1626283924164564608, LGA, -1
