<134>2021-07-14T17:32:33Z cache-osl6529 MEWElogs[400146]: FLIPH, 1626283952540098123, OSL, 10
<134>2021-07-14T17:32:41Z cache-yul12826 MEWElogs[400146]: FLIPH, 1626283960525766229, YUL, -1
<134>2021-07-14T17:33:31Z cache-stp9226 MEWElogs[400146]: FLIPH, 1626284010922949975, STP, 10
<134>2021-07-14T17:33:40Z cache-cdg20720 MEWElogs[400146]: FLIPH, 1626284019557352991, CDG, -1
<134>2021-07-14T17:33:58Z cache-mel11272 MEWElogs[400146]: FLIPH, 1626284036997523957, MEL, 10
<134>2021-07-14T17:34:00Z cache-stp9226 MEWElogs[400146]: FLIPH, 1626284040346121438, STP, -1
<134>2021-07-14T17:34:24Z cache-yul12826 MEWElogs[400146]: FLIPH, 1626284064011884452, YUL, -1
<134>2021-07-14T17:34:32Z cache-lga21983 MEWElogs[400146]: FLIPH, 1626284072576805480, LGA, -1
<134>2021-07-14T17:34:38Z cache-osl6529 MEWElogs[400146]: FLIPH, 1626284078060573959, OSL, -1
<134>2021-07-14T17:34:46Z cache-lga21983 MEWElogs[400146]: FLIPH, 1626284085715680357, LGA, 10
<134>2021-07-14T17:35:10Z cache-man4150 MEWElogs[400146]: FLIPH, 1626284109598394140, MAN, 10
<134>2021-07-14T17:35:13Z cache-lax10677 MEWElogs[400146]: FLIPH, 1626284112645167077, LGB, 10
<134>2021-07-14T17:35:17Z cache-jax20933 MEWElogs[400146]: FLIPH, 1626284116356511503, JAX, 10
<134>2021-07-14T17:35:19Z cache-osl6529 MEWElogs[400146]: FLIPH, 1626284118781580328, OSL, 10
<134>2021-07-14T17:35:33Z cache-man4150 MEWElogs[400146]: FLIPH, 1626284132657996902, MAN, -1
<134>2021-07-14T17:35:33Z cache-ewr18156 MEWElogs[400146]: FLIPH, 1626284132374860808, EWR, -1
<134>2021-07-14T17:35:41Z cache-ewr18156 MEWElogs[400146]: FLIPH, 1626284141380900834, EWR, -1
<134>2021-07-14T17:36:15Z cache-gig17035 MEWElogs[400146]: FLIPH, 1626284175388365102, GIG, 10
<134>2021-07-14T17:36:16Z cache-cdg20720 MEWElogs[400146]: FLIPH, 1626284175609655163, CDG, 10
<134>2021-07-14T17:36:24Z cache-lga21983 MEWElogs[400146]: FLIPH, 1626284183738147325, LGA, 10
<134>2021-07-14T17:36:34Z cache-lga21983 MEWElogs[400146]: FLIPH, 1626284193549418883, LGA, 10
<134>2021-07-14T17:36:36Z cache-ewr18156 MEWElogs[400146]: FLIPH, 1626284196380922421, EWR, -1
<134>2021-07-14T17:36:40Z cache-gig17035 MEWElogs[400146]: FLIPH, 1626284199479420395, GIG, 10
<134>2021-07-14T17:36:42Z cache-man4150 MEWElogs[400146]: FLIPH, 1626284201903838974, MAN, 10
<134>2021-07-14T17:36:45Z cache-ewr18156 MEWElogs[400146]: FLIPH, 1626284205523612262, EWR, -1
<134>2021-07-14T17:36:51Z cache-mel11272 MEWElogs[400146]: FLIPH, 1626284210554461991, MEL, 10
<134>2021-07-14T17:36:59Z cache-lga21983 MEWElogs[400146]: FLIPH, 1626284219566356029, LGA, -1
<134>2021-07-14T17:37:00Z cache-osl6529 MEWElogs[400146]: FLIPH, 1626284220405084259, OSL, 10
<134>2021-07-14T17:37:04Z cache-ewr18156 MEWElogs[400146]: FLIPH, 1626284224068938345, EWR, -1
<134>2021-07-14T17:37:09Z cache-mel11272 MEWElogs[400146]: FLIPH, 1626284228432109145, MEL, -1
<134>2021-07-14T17:37:14Z cache-ewr18156 MEWElogs[400146]: FLIPH, 1626284233551882819, EWR, -1
<134>2021-07-14T17:37:27Z cache-cdg20720 MEWElogs[400146]: FLIPH, 1626284246908512479, CDG, 10
<134>2021-07-14T17:37:42Z cache-mel11272 MEWElogs[400146]: FLIPH, 1626284261413340394, MEL, 10
<134>2021-07-14T17:37:52Z cache-mel11272 MEWElogs[400146]: FLIPH, 1626284271490447170, MEL, 10
<134>2021-07-14T17:38:08Z cache-cdg20720 MEWElogs[400146]: FLIPH, 1626284287835693134, CDG, 10
<134>2021-07-14T17:38:08Z cache-lax10677 MEWElogs[400146]: FLIPH, 1626284288555258789, LGB, -1
<134>2021-07-14T17:38:23Z cache-man4150 MEWElogs[400146]: FLIPH, 1626284303049489149, MAN, 10
<134>2021-07-14T17:38:36Z cache-gig17035 MEWElogs[400146]: FLIPH, 1626284316107655482, GIG, -1
<134>2021-07-14T17:38:40Z cache-man4150 MEWElogs[400146]: FLIPH, 1626284319713335196, MAN, 10
<134>2021-07-14T17:38:42Z cache-osl6529 MEWElogs[400146]: FLIPH, 1626284321861903320, OSL, 10
<134>2021-07-14T17:38:51Z cache-osl6529 MEWElogs[400146]: FLIPH, 1626284331216853613, OSL, 10
<134>2021-07-14T17:38:58Z cache-osl6529 MEWElogs[400146]: FLIPH, 1626284337512124307, OSL, -1
<134>2021-07-14T17:39:03Z cache-mel11272 MEWElogs[400146]: FLIPH, 1626284342672352090, MEL, 10
<134>2021-07-14T17:39:03Z cache-ewr18156 MEWElogs[400146]: FLIPH, 1626284343444725751, EWR, -1
<134>2021-07-14T17:39:03Z cache-gig17035 MEWElogs[400146]: FLIPH, 1626284343552885433, GIG, 10
<134>2021-07-14T17:39:09Z cache-cdg20720 MEWElogs[400146]: FLIPH, 1626284348705554232, CDG, 10
<134>2021-07-14T17:39:14Z cache-mel11272 MEWElogs[400146]: FLIPH, 1626284353052112663, MEL, 10
<134>2021-07-14T17:39:24Z cache-gig17035 MEWElogs[400146]: FLIPH, 1626284364220353292, GIG, -1
<134>2021-07-14T17:39:28Z cache-lax10677 MEWElogs[400146]: FLIPH, 1626284368550085547, LGB, -1
<134>2021-07-14T17:39:44Z cache-osl6529 MEWElogs[400146]: FLIPH, 1626284383930121639, OSL, -1
<134>2021-07-14T17:39:45Z cache-bom4751 MEWElogs[400146]: FLIPH, 1626284384687145238, BOM, 10
<134>2021-07-14T17:39:51Z cache-scl19427 MEWElogs[400146]: FLIPH, 1626284390447510195, SCL, -1
<134>2021-07-14T17:39:59Z cache-ewr18156 MEWElogs[400146]: FLIPH, 1626284399355651173, EWR, -1
<134>2021-07-14T17:40:00Z cache-gig17035 MEWElogs[400146]: FLIPH, 1626284400248293727, GIG, -1
<134>2021-07-14T17:40:06Z cache-osl6529 MEWElogs[400146]: FLIPH, 1626284405391450487, OSL, 10
<134>2021-07-14T17:40:11Z cache-lga21983 MEWElogs[400146]: FLIPH, 1626284411001291774, LGA, 10
<134>2021-07-14T17:40:12Z cache-mel11272 MEWElogs[400146]: FLIPH, 1626284411563084888, MEL, -1
<134>2021-07-14T17:40:14Z cache-scl19427 MEWElogs[400146]: FLIPH, 1626284414695450651, SCL, -1
<134>2021-07-14T17:40:17Z cache-lga21983 MEWElogs[400146]: FLIPH, 1626284417666274539, LGA, -1
<134>2021-07-14T17:40:25Z cache-gig17035 MEWElogs[400146]: FLIPH, 1626284424744965688, GIG, -1
<134>2021-07-14T17:40:30Z cache-cdg20720 MEWElogs[400146]: FLIPH, 1626284430253116904, CDG, 10
<134>2021-07-14T17:40:37Z cache-ewr18156 MEWElogs[400146]: FLIPH, 1626284437245798996, EWR, -1
<134>2021-07-14T17:41:12Z cache-lga21983 MEWElogs[400146]: FLIPH, 1626284471319408418, LGA, 10
<134>2021-07-14T17:41:16Z cache-mel11272 MEWElogs[400146]: FLIPH, 1626284474974225985, MEL, 10
<134>2021-07-14T17:41:18Z cache-bom4751 MEWElogs[400146]: FLIPH, 1626284478267040714, BOM, -1
<134>2021-07-14T17:41:19Z cache-osl6529 MEWElogs[400146]: FLIPH, 1626284479093985401, OSL, 10
<134>2021-07-14T17:41:37Z cache-gru17149 MEWElogs[400146]: FLIPH, 1626284496859246784, GRU, 10
<134>2021-07-14T17:41:39Z cache-man4150 MEWElogs[400146]: FLIPH, 1626284499309058374, MAN, -1
<134>2021-07-14T17:41:42Z cache-cdg20720 MEWElogs[400146]: FLIPH, 1626284502243733943, CDG, 10
<134>2021-07-14T17:41:49Z cache-lga21983 MEWElogs[400146]: FLIPH, 1626284508126605444, LGA, -1
<134>2021-07-14T17:41:54Z cache-ewr18156 MEWElogs[400146]: FLIPH, 1626284513614321031, EWR, -1
<134>2021-07-14T17:41:54Z cache-mel11272 MEWElogs[400146]: FLIPH, 1626284513181486896, MEL, -1
<134>2021-07-14T17:42:02Z cache-osl6529 MEWElogs[400146]: FLIPH, 1626284522051836183, OSL, -1
<134>2021-07-14T17:42:12Z cache-osl6529 MEWElogs[400146]: FLIPH, 1626284531235073834, OSL, -1
<134>2021-07-14T17:42:13Z cache-gru17149 MEWElogs[400146]: FLIPH, 1626284532107243515, GRU, -1
<134>2021-07-14T17:42:14Z cache-osl6529 MEWElogs[400146]: FLIPH, 1626284534278272045, OSL, 10
