<134>2021-07-15T01:21:50Z cache-cmh21547 MEWElogs[370074]: GRAY, 1626312109178583398, CMH, 13
<134>2021-07-15T01:21:51Z cache-pdk17882 MEWElogs[370074]: GRAY, 1626312111181515519, PDK, 13
<134>2021-07-15T01:22:15Z cache-eze19324 MEWElogs[370074]: GRAY, 1626312134525790382, EZE, 13
<134>2021-07-15T01:22:15Z cache-wdc5583 MEWElogs[370074]: GRAY, 1626312134850993441, WDC, 13
<134>2021-07-15T01:22:50Z cache-cmh21547 MEWElogs[370074]: GRAY, 1626312169309980207, CMH, 13
<134>2021-07-15T01:22:57Z cache-mdw17383 MEWElogs[370074]: GRAY, 1626312176357341488, MDW, 13
<134>2021-07-15T01:22:59Z cache-ord1740 MEWElogs[370074]: GRAY, 1626312178256002713, ORD, 13
<134>2021-07-15T01:23:11Z cache-eze19324 MEWElogs[370074]: GRAY, 1626312190753665230, EZE, 13
<134>2021-07-15T01:23:27Z cache-eze19324 MEWElogs[370074]: GRAY, 1626312206592075729, EZE, 13
<134>2021-07-15T01:24:22Z cache-ams21020 MEWElogs[370074]: GRAY, 1626312261129835343, AMS, 13
<134>2021-07-15T01:24:28Z cache-bog6425 MEWElogs[370074]: GRAY, 1626312267476409243, BOG, 13
<134>2021-07-15T01:24:48Z cache-mdw17383 MEWElogs[370074]: GRAY, 1626312288326819721, MDW, 13
<134>2021-07-15T01:25:12Z cache-wdc5583 MEWElogs[370074]: GRAY, 1626312312767406389, WDC, 13
<134>2021-07-15T01:25:18Z cache-ams21020 MEWElogs[370074]: GRAY, 1626312318581797865, AMS, 13
<134>2021-07-15T01:25:30Z cache-maa10251 MEWElogs[370074]: GRAY, 1626312329251878963, MAA, 13
<134>2021-07-15T01:26:17Z cache-ams21020 MEWElogs[370074]: GRAY, 1626312376233883655, AMS, 13
<134>2021-07-15T01:27:07Z cache-cmh21547 MEWElogs[370074]: GRAY, 1626312427716020657, CMH, 13
<134>2021-07-15T01:27:40Z cache-maa10251 MEWElogs[370074]: GRAY, 1626312459963605083, MAA, 13
<134>2021-07-15T01:27:43Z cache-mdw17383 MEWElogs[370074]: GRAY, 1626312463479366147, MDW, 13
<134>2021-07-15T01:28:02Z cache-ord1740 MEWElogs[370074]: GRAY, 1626312481850120726, ORD, 13
<134>2021-07-15T01:29:16Z cache-mdw17383 MEWElogs[370074]: GRAY, 1626312555186008581, MDW, 13
<134>2021-07-15T01:29:20Z cache-pdk17882 MEWElogs[370074]: GRAY, 1626312559150801191, PDK, 13
<134>2021-07-15T01:29:21Z cache-wdc5583 MEWElogs[370074]: GRAY, 1626312560851548466, WDC, 13
<134>2021-07-15T01:29:49Z cache-pdk17882 MEWElogs[370074]: GRAY, 1626312589075665046, PDK, 13
<134>2021-07-15T01:29:54Z cache-dca17782 MEWElogs[370074]: GRAY, 1626312593188665887, DCA, 13
<134>2021-07-15T01:29:55Z cache-bog6425 MEWElogs[370074]: GRAY, 1626312594440161561, BOG, 13
<134>2021-07-15T01:29:56Z cache-wdc5583 MEWElogs[370074]: GRAY, 1626312595378641358, WDC, 13
<134>2021-07-15T01:31:28Z cache-cmh21547 MEWElogs[370074]: GRAY, 1626312687396737924, CMH, 13
