<134>2021-07-15T00:38:46Z cache-cph20625 MEWElogs[464521]: CROP, 1626309525727477420, CPH, 12
<134>2021-07-15T00:38:47Z cache-pwk4920 MEWElogs[464521]: CROP, 1626309526810015061, PWK, 12
<134>2021-07-15T00:38:48Z cache-del21735 MEWElogs[464521]: CROP, 1626309527230158921, DEL, 12
<134>2021-07-15T00:39:02Z cache-akl10324 MEWElogs[464521]: CROP, 1626309541045592233, AKL, 12
<134>2021-07-15T00:39:02Z cache-bos4657 MEWElogs[464521]: CROP, 1626309542098716657, BOS, 12
<134>2021-07-15T00:39:05Z cache-dfw18678 MEWElogs[464521]: CROP, 1626309544922521758, DFW, 12
<134>2021-07-15T00:39:11Z cache-hel6829 MEWElogs[464521]: CROP, 1626309550606198232, HEL, 12
<134>2021-07-15T00:39:22Z cache-chi21126 MEWElogs[464521]: CROP, 1626309561368885242, CHI, 12
<134>2021-07-15T00:39:24Z cache-hel6829 MEWElogs[464521]: CROP, 1626309563677076100, HEL, 12
<134>2021-07-15T00:39:48Z cache-cph20625 MEWElogs[464521]: CROP, 1626309587221255449, CPH, 12
<134>2021-07-15T00:39:57Z cache-cph20625 MEWElogs[464521]: CROP, 1626309595956553065, CPH, 12
<134>2021-07-15T00:40:07Z cache-chi21126 MEWElogs[464521]: CROP, 1626309606970784132, CHI, 12
<134>2021-07-15T00:40:08Z cache-pwk4920 MEWElogs[464521]: CROP, 1626309607754205412, PWK, 12
<134>2021-07-15T00:40:12Z cache-del21735 MEWElogs[464521]: CROP, 1626309611649435877, DEL, 12
<134>2021-07-15T00:40:23Z cache-del21735 MEWElogs[464521]: CROP, 1626309622728243693, DEL, 12
<134>2021-07-15T00:40:24Z cache-chi21126 MEWElogs[464521]: CROP, 1626309624130138592, CHI, 12
<134>2021-07-15T00:40:27Z cache-del21735 MEWElogs[464521]: CROP, 1626309626350775691, DEL, 12
<134>2021-07-15T00:40:28Z cache-bos4657 MEWElogs[464521]: CROP, 1626309627970938278, BOS, 12
<134>2021-07-15T00:40:36Z cache-cph20625 MEWElogs[464521]: CROP, 1626309635039476374, CPH, 12
<134>2021-07-15T00:40:36Z cache-dfw18678 MEWElogs[464521]: CROP, 1626309635908398417, DFW, 12
<134>2021-07-15T00:40:39Z cache-pwk4920 MEWElogs[464521]: CROP, 1626309638300085308, PWK, 12
<134>2021-07-15T00:40:40Z cache-cwb20520 MEWElogs[464521]: CROP, 1626309639196704761, CWB, 12
<134>2021-07-15T00:40:44Z cache-akl10324 MEWElogs[464521]: CROP, 1626309643402432323, AKL, 12
<134>2021-07-15T00:40:47Z cache-pwk4920 MEWElogs[464521]: CROP, 1626309646757755691, PWK, 12
<134>2021-07-15T00:40:54Z cache-dub4329 MEWElogs[464521]: CROP, 1626309653724478084, DUB, 12
<134>2021-07-15T00:40:56Z cache-pwk4920 MEWElogs[464521]: CROP, 1626309655259906175, PWK, 12
<134>2021-07-15T00:40:57Z cache-chi21126 MEWElogs[464521]: CROP, 1626309656711324282, CHI, 12
<134>2021-07-15T00:41:04Z cache-del21735 MEWElogs[464521]: CROP, 1626309663249031506, DEL, 12
<134>2021-07-15T00:41:09Z cache-chi21126 MEWElogs[464521]: CROP, 1626309668977806748, CHI, 12
<134>2021-07-15T00:41:36Z cache-iah17271 MEWElogs[464521]: CROP, 1626309695308075015, IAH, 12
<134>2021-07-15T00:42:08Z cache-akl10324 MEWElogs[464521]: CROP, 1626309727769422821, AKL, 12
<134>2021-07-15T00:42:12Z cache-hel6829 MEWElogs[464521]: CROP, 1626309731495643213, HEL, 12
<134>2021-07-15T00:42:18Z cache-dfw18678 MEWElogs[464521]: CROP, 1626309738390482825, DFW, 12
<134>2021-07-15T00:42:27Z cache-dfw18678 MEWElogs[464521]: CROP, 1626309747189083008, DFW, 12
<134>2021-07-15T00:42:29Z cache-den8274 MEWElogs[464521]: CROP, 1626309748815293869, DEN, 12
<134>2021-07-15T00:42:33Z cache-den8274 MEWElogs[464521]: CROP, 1626309752445697881, DEN, 12
<134>2021-07-15T00:42:44Z cache-lcy19283 MEWElogs[464521]: CROP, 1626309763901960150, LCY, 12
<134>2021-07-15T00:42:54Z cache-hel6829 MEWElogs[464521]: CROP, 1626309773420322448, HEL, 12
<134>2021-07-15T00:43:10Z cache-cwb20520 MEWElogs[464521]: CROP, 1626309789097091818, CWB, 12
<134>2021-07-15T00:43:15Z cache-bur17583 MEWElogs[464521]: CROP, 1626309794076847557, BUR, 12
<134>2021-07-15T00:43:28Z cache-bur17583 MEWElogs[464521]: CROP, 1626309807090882761, BUR, 12
<134>2021-07-15T00:43:33Z cache-jnb7027 MEWElogs[464521]: CROP, 1626309812429168788, JNB, 12
<134>2021-07-15T00:43:38Z cache-cwb20520 MEWElogs[464521]: CROP, 1626309818827523847, CWB, 12
<134>2021-07-15T00:43:41Z cache-jnb7027 MEWElogs[464521]: CROP, 1626309820117336464, JNB, 12
<134>2021-07-15T00:43:52Z cache-cwb20520 MEWElogs[464521]: CROP, 1626309831794244345, CWB, 12
<134>2021-07-15T00:44:08Z cache-jnb7027 MEWElogs[464521]: CROP, 1626309847346555309, JNB, 12
<134>2021-07-15T00:44:13Z cache-mad22068 MEWElogs[464521]: CROP, 1626309853205679779, MAD, 12
<134>2021-07-15T00:44:13Z cache-lcy19283 MEWElogs[464521]: CROP, 1626309852963736265, LCY, 12
<134>2021-07-15T00:44:18Z cache-hel6829 MEWElogs[464521]: CROP, 1626309857156784365, HEL, 12
<134>2021-07-15T00:44:19Z cache-iah17271 MEWElogs[464521]: CROP, 1626309859105656300, IAH, 12
<134>2021-07-15T00:44:22Z cache-den8274 MEWElogs[464521]: CROP, 1626309861695037727, DEN, 12
<134>2021-07-15T00:44:26Z cache-hel6829 MEWElogs[464521]: CROP, 1626309865435089361, HEL, 12
<134>2021-07-15T00:44:27Z cache-lcy19283 MEWElogs[464521]: CROP, 1626309867868202823, LCY, 12
<134>2021-07-15T00:44:36Z cache-bur17583 MEWElogs[464521]: CROP, 1626309875921547871, BUR, 12
<134>2021-07-15T00:44:46Z cache-dal21283 MEWElogs[464521]: CROP, 1626309885674540104, DAL, 12
<134>2021-07-15T00:44:47Z cache-iah17271 MEWElogs[464521]: CROP, 1626309886798305730, IAH, 12
<134>2021-07-15T00:44:52Z cache-mrs10583 MEWElogs[464521]: CROP, 1626309891986916848, MRS, 12
<134>2021-07-15T00:44:52Z cache-lcy19283 MEWElogs[464521]: CROP, 1626309891687005897, LCY, 12
<134>2021-07-15T00:45:05Z cache-iah17271 MEWElogs[464521]: CROP, 1626309905074088698, IAH, 12
<134>2021-07-15T00:45:16Z cache-mad22068 MEWElogs[464521]: CROP, 1626309916546406919, MAD, 12
<134>2021-07-15T00:45:19Z cache-den8274 MEWElogs[464521]: CROP, 1626309919578269409, DEN, 12
<134>2021-07-15T00:45:24Z cache-iah17271 MEWElogs[464521]: CROP, 1626309923952554821, IAH, 12
<134>2021-07-15T00:45:31Z cache-mrs10583 MEWElogs[464521]: CROP, 1626309930113492663, MRS, 12
<134>2021-07-15T00:45:31Z cache-lcy19283 MEWElogs[464521]: CROP, 1626309930388704891, LCY, 12
<134>2021-07-15T00:45:43Z cache-iah17271 MEWElogs[464521]: CROP, 1626309942960625779, IAH, 12
<134>2021-07-15T00:45:50Z cache-hkg17929 MEWElogs[464521]: CROP, 1626309949122321760, HKG, 12
<134>2021-07-15T00:45:52Z cache-dal21283 MEWElogs[464521]: CROP, 1626309952053923160, DAL, 12
<134>2021-07-15T00:46:01Z cache-lcy19283 MEWElogs[464521]: CROP, 1626309960266356003, LCY, 12
<134>2021-07-15T00:46:05Z cache-mrs10583 MEWElogs[464521]: CROP, 1626309964673003183, MRS, 12
<134>2021-07-15T00:46:14Z cache-mrs10583 MEWElogs[464521]: CROP, 1626309973680815002, MRS, 12
<134>2021-07-15T00:46:14Z cache-mad22068 MEWElogs[464521]: CROP, 1626309974351831612, MAD, 12
<134>2021-07-15T00:46:26Z cache-cwb20520 MEWElogs[464521]: CROP, 1626309986000860864, CWB, 12
<134>2021-07-15T00:46:36Z cache-den8274 MEWElogs[464521]: CROP, 1626309996196988115, DEN, 12
<134>2021-07-15T00:46:37Z cache-hkg17929 MEWElogs[464521]: CROP, 1626309997143621141, HKG, 12
<134>2021-07-15T00:46:45Z cache-lcy19283 MEWElogs[464521]: CROP, 1626310005196289081, LCY, 12
<134>2021-07-15T00:46:52Z cache-mrs10583 MEWElogs[464521]: CROP, 1626310011532268309, MRS, 12
<134>2021-07-15T00:46:58Z cache-dal21283 MEWElogs[464521]: CROP, 1626310018159287942, DAL, 12
<134>2021-07-15T00:47:04Z cache-cwb20520 MEWElogs[464521]: CROP, 1626310024382444087, CWB, 12
<134>2021-07-15T00:47:12Z cache-lhr7382 MEWElogs[464521]: CROP, 1626310031585999112, LHR, 12
<134>2021-07-15T00:47:13Z cache-mad22068 MEWElogs[464521]: CROP, 1626310032445432268, MAD, 12
<134>2021-07-15T00:47:16Z cache-bur17583 MEWElogs[464521]: CROP, 1626310036223412631, BUR, 12
<134>2021-07-15T00:47:17Z cache-dal21283 MEWElogs[464521]: CROP, 1626310037635388983, DAL, 12
<134>2021-07-15T00:47:17Z cache-cwb20520 MEWElogs[464521]: CROP, 1626310037035940881, CWB, 12
<134>2021-07-15T00:47:18Z cache-lhr7382 MEWElogs[464521]: CROP, 1626310037320136795, LHR, 12
<134>2021-07-15T00:47:21Z cache-mrs10583 MEWElogs[464521]: CROP, 1626310040494355608, MRS, 12
<134>2021-07-15T00:47:31Z cache-den8274 MEWElogs[464521]: CROP, 1626310050993002614, DEN, 12
<134>2021-07-15T00:47:33Z cache-iah17271 MEWElogs[464521]: CROP, 1626310052005682008, IAH, 12
<134>2021-07-15T00:47:39Z cache-mad22068 MEWElogs[464521]: CROP, 1626310058218407536, MAD, 12
<134>2021-07-15T00:47:41Z cache-lhr7382 MEWElogs[464521]: CROP, 1626310060207629964, LHR, 12
<134>2021-07-15T00:47:43Z cache-dal21283 MEWElogs[464521]: CROP, 1626310063143943169, DAL, 12
<134>2021-07-15T00:47:55Z cache-lhr7382 MEWElogs[464521]: CROP, 1626310074545622129, LHR, 12
<134>2021-07-15T00:48:01Z cache-lhr7382 MEWElogs[464521]: CROP, 1626310080228710135, LHR, 12
<134>2021-07-15T00:48:03Z cache-stp9226 MEWElogs[464521]: CROP, 1626310083852497270, STP, 12
<134>2021-07-15T00:48:06Z cache-iah17271 MEWElogs[464521]: CROP, 1626310085225520845, IAH, 12
<134>2021-07-15T00:48:07Z cache-dal21283 MEWElogs[464521]: CROP, 1626310087154781509, DAL, 12
<134>2021-07-15T00:48:07Z cache-mad22068 MEWElogs[464521]: CROP, 1626310086903176809, MAD, 12
<134>2021-07-15T00:48:21Z cache-mel11272 MEWElogs[464521]: CROP, 1626310100002401048, MEL, 12
<134>2021-07-15T00:48:38Z cache-lhr7382 MEWElogs[464521]: CROP, 1626310117368032059, LHR, 12
<134>2021-07-15T00:48:38Z cache-bur17583 MEWElogs[464521]: CROP, 1626310117586309658, BUR, 12
<134>2021-07-15T00:48:42Z cache-stp9226 MEWElogs[464521]: CROP, 1626310120985859188, STP, 12
