<134>2021-07-15T04:26:35Z cache-chi21126 MEWElogs[322023]: ROTATE, 1626323195377502806, CHI, 15
<134>2021-07-15T04:27:16Z cache-akl10324 MEWElogs[322023]: ROTATE, 1626323236078198703, AKL, 15
<134>2021-07-15T04:27:37Z cache-akl10324 MEWElogs[322023]: ROTATE, 1626323256874090299, AKL, 15
<134>2021-07-15T04:27:49Z cache-bos4657 MEWElogs[322023]: ROTATE, 1626323268125950223, BOS, 15
<134>2021-07-15T04:28:09Z cache-pwk4920 MEWElogs[322023]: ROTATE, 1626323288924256018, PWK, 15
<134>2021-07-15T04:28:14Z cache-dfw18678 MEWElogs[322023]: ROTATE, 1626323294563349033, DFW, 15
<134>2021-07-15T04:28:16Z cache-fty21383 MEWElogs[322023]: ROTATE, 1626323295401896032, FTY, 15
<134>2021-07-15T04:28:52Z cache-akl10324 MEWElogs[322023]: ROTATE, 1626323331580758846, AKL, 15
<134>2021-07-15T04:29:06Z cache-fty21383 MEWElogs[322023]: ROTATE, 1626323345961542991, FTY, 15
<134>2021-07-15T04:29:10Z cache-dfw18678 MEWElogs[322023]: ROTATE, 1626323349940593452, DFW, 15
<134>2021-07-15T04:29:29Z cache-chi21126 MEWElogs[322023]: ROTATE, 1626323369276114574, CHI, 15
<134>2021-07-15T04:30:31Z cache-pwk4920 MEWElogs[322023]: ROTATE, 1626323430742914594, PWK, 15
<134>2021-07-15T04:30:41Z cache-chi21126 MEWElogs[322023]: ROTATE, 1626323441881553810, CHI, 15
<134>2021-07-15T04:30:44Z cache-cwb20520 MEWElogs[322023]: ROTATE, 1626323443027552646, CWB, 15
<134>2021-07-15T04:31:10Z cache-bos4657 MEWElogs[322023]: ROTATE, 1626323469473782239, BOS, 15
<134>2021-07-15T04:31:36Z cache-dub4329 MEWElogs[322023]: ROTATE, 1626323496455860777, DUB, 15
<134>2021-07-15T04:32:02Z cache-pwk4920 MEWElogs[322023]: ROTATE, 1626323522268017322, PWK, 15
<134>2021-07-15T04:32:28Z cache-del21735 MEWElogs[322023]: ROTATE, 1626323547135346396, DEL, 15
<134>2021-07-15T04:32:31Z cache-hhn4077 MEWElogs[322023]: ROTATE, 1626323550670341370, HHN, 15
<134>2021-07-15T04:32:34Z cache-akl10324 MEWElogs[322023]: ROTATE, 1626323553935741322, AKL, 15
<134>2021-07-15T04:33:34Z cache-fty21383 MEWElogs[322023]: ROTATE, 1626323613182656254, FTY, 15
<134>2021-07-15T04:33:55Z cache-bos4657 MEWElogs[322023]: ROTATE, 1626323635529101099, BOS, 15
<134>2021-07-15T04:34:11Z cache-dfw18678 MEWElogs[322023]: ROTATE, 1626323651147474952, DFW, 15
<134>2021-07-15T04:34:19Z cache-hhn4077 MEWElogs[322023]: ROTATE, 1626323659164426954, HHN, 15
<134>2021-07-15T04:34:51Z cache-dub4329 MEWElogs[322023]: ROTATE, 1626323691176190503, DUB, 15
<134>2021-07-15T04:34:53Z cache-del21735 MEWElogs[322023]: ROTATE, 1626323692930953941, DEL, 15
<134>2021-07-15T04:35:39Z cache-del21735 MEWElogs[322023]: ROTATE, 1626323738404331169, DEL, 15
<134>2021-07-15T04:36:09Z cache-chi21126 MEWElogs[322023]: ROTATE, 1626323769038075386, CHI, 15
