<134>2021-07-14T16:31:46Z cache-bog6425 MEWElogs[216063]: FLIPH, 1626280305657817711, BOG, 10
<134>2021-07-14T16:31:49Z cache-pdk17882 MEWElogs[216063]: FLIPH, 1626280308362998369, PDK, -1
<134>2021-07-14T16:31:51Z cache-pdk17882 MEWElogs[216063]: FLIPH, 1626280311169915143, PDK, 10
<134>2021-07-14T16:31:57Z cache-eze19324 MEWElogs[216063]: FLIPH, 1626280316817688368, EZE, 10
<134>2021-07-14T16:32:01Z cache-dca17782 MEWElogs[216063]: FLIPH, 1626280320214530452, DCA, 10
<134>2021-07-14T16:32:16Z cache-wdc5583 MEWElogs[216063]: FLIPH, 1626280335840881722, WDC, 10
<134>2021-07-14T16:32:20Z cache-ams21020 MEWElogs[216063]: FLIPH, 1626280339427835576, AMS, -1
<134>2021-07-14T16:32:25Z cache-bog6425 MEWElogs[216063]: FLIPH, 1626280344695873028, BOG, 10
<134>2021-07-14T16:32:37Z cache-ams21020 MEWElogs[216063]: FLIPH, 1626280356773033186, AMS, -1
<134>2021-07-14T16:32:54Z cache-wdc5583 MEWElogs[216063]: FLIPH, 1626280373547626411, WDC, -1
<134>2021-07-14T16:32:55Z cache-ams21020 MEWElogs[216063]: FLIPH, 1626280374297518504, AMS, -1
<134>2021-07-14T16:32:57Z cache-wdc5583 MEWElogs[216063]: FLIPH, 1626280376949841746, WDC, 10
<134>2021-07-14T16:33:20Z cache-pdk17882 MEWElogs[216063]: FLIPH, 1626280399966823457, PDK, -1
<134>2021-07-14T16:33:23Z cache-ams21020 MEWElogs[216063]: FLIPH, 1626280402467630776, AMS, 10
<134>2021-07-14T16:33:33Z cache-eze19324 MEWElogs[216063]: FLIPH, 1626280412271948585, EZE, 10
<134>2021-07-14T16:33:54Z cache-cmh21547 MEWElogs[216063]: FLIPH, 1626280433229870223, CMH, -1
<134>2021-07-14T16:33:56Z cache-ams21020 MEWElogs[216063]: FLIPH, 1626280436677420743, AMS, 10
<134>2021-07-14T16:34:13Z cache-ams21020 MEWElogs[216063]: FLIPH, 1626280453662043840, AMS, 10
<134>2021-07-14T16:34:19Z cache-dca17782 MEWElogs[216063]: FLIPH, 1626280458811182880, DCA, -1
<134>2021-07-14T16:34:21Z cache-mdw17383 MEWElogs[216063]: FLIPH, 1626280460794038089, MDW, -1
<134>2021-07-14T16:34:27Z cache-cmh21547 MEWElogs[216063]: FLIPH, 1626280466119972475, CMH, -1
<134>2021-07-14T16:34:43Z cache-eze19324 MEWElogs[216063]: FLIPH, 1626280482685677577, EZE, 10
<134>2021-07-14T16:34:56Z cache-dca17782 MEWElogs[216063]: FLIPH, 1626280496555285291, DCA, -1
<134>2021-07-14T16:35:09Z cache-bog6425 MEWElogs[216063]: FLIPH, 1626280509010506673, BOG, -1
<134>2021-07-14T16:35:10Z cache-cmh21547 MEWElogs[216063]: FLIPH, 1626280509735738282, CMH, -1
<134>2021-07-14T16:35:15Z cache-eze19324 MEWElogs[216063]: FLIPH, 1626280515292542923, EZE, -1
<134>2021-07-14T16:35:33Z cache-maa10251 MEWElogs[216063]: FLIPH, 1626280532943698884, MAA, -1
<134>2021-07-14T16:35:45Z cache-ams21020 MEWElogs[216063]: FLIPH, 1626280544921717924, AMS, -1
<134>2021-07-14T16:35:47Z cache-dca17782 MEWElogs[216063]: FLIPH, 1626280546575875962, DCA, 10
<134>2021-07-14T16:35:50Z cache-wdc5583 MEWElogs[216063]: FLIPH, 1626280550081211216, WDC, -1
<134>2021-07-14T16:36:02Z cache-maa10251 MEWElogs[216063]: FLIPH, 1626280562271563731, MAA, -1
<134>2021-07-14T16:36:10Z cache-bog6425 MEWElogs[216063]: FLIPH, 1626280570201972734, BOG, 10
<134>2021-07-14T16:36:14Z cache-wdc5583 MEWElogs[216063]: FLIPH, 1626280573712239893, WDC, 10
<134>2021-07-14T16:36:45Z cache-wdc5583 MEWElogs[216063]: FLIPH, 1626280604104334589, WDC, 10
<134>2021-07-14T16:36:59Z cache-dca17782 MEWElogs[216063]: FLIPH, 1626280619169594347, DCA, -1
<134>2021-07-14T16:37:12Z cache-dca17782 MEWElogs[216063]: FLIPH, 1626280631567783077, DCA, 10
<134>2021-07-14T16:37:22Z cache-maa10251 MEWElogs[216063]: FLIPH, 1626280641553890974, MAA, -1
<134>2021-07-14T16:37:24Z cache-cmh21547 MEWElogs[216063]: FLIPH, 1626280644329578283, CMH, 10
<134>2021-07-14T16:37:27Z cache-eze19324 MEWElogs[216063]: FLIPH, 1626280646953439080, EZE, 10
<134>2021-07-14T16:37:27Z cache-dca17782 MEWElogs[216063]: FLIPH, 1626280647385232719, DCA, -1
<134>2021-07-14T16:37:29Z cache-ams21020 MEWElogs[216063]: FLIPH, 1626280648216091537, AMS, -1
<134>2021-07-14T16:37:29Z cache-bog6425 MEWElogs[216063]: FLIPH, 1626280649213062505, BOG, 10
<134>2021-07-14T16:37:39Z cache-ams21020 MEWElogs[216063]: FLIPH, 1626280659319436827, AMS, 10
<134>2021-07-14T16:37:50Z cache-mdw17383 MEWElogs[216063]: FLIPH, 1626280670362558169, MDW, -1
<134>2021-07-14T16:37:57Z cache-cmh21547 MEWElogs[216063]: FLIPH, 1626280676879741686, CMH, 10
<134>2021-07-14T16:38:21Z cache-ord1740 MEWElogs[216063]: FLIPH, 1626280701139150055, ORD, -1
<134>2021-07-14T16:38:24Z cache-dca17782 MEWElogs[216063]: FLIPH, 1626280703623026531, DCA, -1
<134>2021-07-14T16:38:37Z cache-dca17782 MEWElogs[216063]: FLIPH, 1626280716354861354, DCA, 10
<134>2021-07-14T16:38:38Z cache-bog6425 MEWElogs[216063]: FLIPH, 1626280717461836522, BOG, 10
<134>2021-07-14T16:38:48Z cache-eze19324 MEWElogs[216063]: FLIPH, 1626280726971077864, EZE, -1
<134>2021-07-14T16:38:55Z cache-bog6425 MEWElogs[216063]: FLIPH, 1626280734893055661, BOG, -1
<134>2021-07-14T16:38:58Z cache-bog6425 MEWElogs[216063]: FLIPH, 1626280737712229305, BOG, 10
<134>2021-07-14T16:38:59Z cache-maa10251 MEWElogs[216063]: FLIPH, 1626280738834397860, MAA, -1
<134>2021-07-14T16:39:09Z cache-ord1740 MEWElogs[216063]: FLIPH, 1626280748910523112, ORD, 10
<134>2021-07-14T16:39:12Z cache-maa10251 MEWElogs[216063]: FLIPH, 1626280751501581538, MAA, 10
<134>2021-07-14T16:39:21Z cache-ams21020 MEWElogs[216063]: FLIPH, 1626280760104607120, AMS, -1
<134>2021-07-14T16:39:21Z cache-wdc5583 MEWElogs[216063]: FLIPH, 1626280761478190884, WDC, 10
<134>2021-07-14T16:39:21Z cache-cmh21547 MEWElogs[216063]: FLIPH, 1626280760863243006, CMH, -1
<134>2021-07-14T16:39:23Z cache-mdw17383 MEWElogs[216063]: FLIPH, 1626280762956736059, MDW, 10
<134>2021-07-14T16:39:32Z cache-cmh21547 MEWElogs[216063]: FLIPH, 1626280771880421479, CMH, -1
<134>2021-07-14T16:39:33Z cache-dca17782 MEWElogs[216063]: FLIPH, 1626280772437629178, DCA, 10
<134>2021-07-14T16:39:33Z cache-bog6425 MEWElogs[216063]: FLIPH, 1626280773850403050, BOG, -1
<134>2021-07-14T16:39:50Z cache-eze19324 MEWElogs[216063]: FLIPH, 1626280788926300678, EZE, 10
<134>2021-07-14T16:40:00Z cache-ord1740 MEWElogs[216063]: FLIPH, 1626280800593809159, ORD, -1
<134>2021-07-14T16:40:03Z cache-bog6425 MEWElogs[216063]: FLIPH, 1626280802907646495, BOG, -1
<134>2021-07-14T16:40:04Z cache-wdc5583 MEWElogs[216063]: FLIPH, 1626280803840294710, WDC, 10
<134>2021-07-14T16:40:08Z cache-pdk17882 MEWElogs[216063]: FLIPH, 1626280808687300039, PDK, -1
<134>2021-07-14T16:40:25Z cache-eze19324 MEWElogs[216063]: FLIPH, 1626280824319598163, EZE, 10
<134>2021-07-14T16:40:27Z cache-bog6425 MEWElogs[216063]: FLIPH, 1626280826686426005, BOG, 10
<134>2021-07-14T16:40:27Z cache-ord1740 MEWElogs[216063]: FLIPH, 1626280827660968000, ORD, -1
<134>2021-07-14T16:40:43Z cache-wdc5583 MEWElogs[216063]: FLIPH, 1626280843069437710, WDC, -1
<134>2021-07-14T16:40:58Z cache-mdw17383 MEWElogs[216063]: FLIPH, 1626280858192036291, MDW, -1
<134>2021-07-14T16:41:14Z cache-cph20625 MEWElogs[216063]: FLIPH, 1626280874689691294, CPH, 10
<134>2021-07-14T16:41:30Z cache-pdk17882 MEWElogs[216063]: FLIPH, 1626280890147494112, PDK, -1
