<134>2021-07-15T06:29:20Z cache-pwk4920 MEWElogs[334804]: UNSH, 1626330559015441303, PWK, 16
<134>2021-07-15T06:29:32Z cache-bos4657 MEWElogs[334804]: UNSH, 1626330571494379053, BOS, 16
<134>2021-07-15T06:29:47Z cache-akl10324 MEWElogs[334804]: UNSH, 1626330586573364137, AKL, 16
<134>2021-07-15T06:30:30Z cache-akl10324 MEWElogs[334804]: UNSH, 1626330629917526817, AKL, 16
<134>2021-07-15T06:30:42Z cache-dfw18678 MEWElogs[334804]: UNSH, 1626330641781828598, DFW, 16
<134>2021-07-15T06:30:53Z cache-dub4329 MEWElogs[334804]: UNSH, 1626330652371346073, DUB, 16
<134>2021-07-15T06:31:01Z cache-dub4329 MEWElogs[334804]: UNSH, 1626330660606399841, DUB, 16
<134>2021-07-15T06:31:22Z cache-hhn4077 MEWElogs[334804]: UNSH, 1626330681438804986, HHN, 16
<134>2021-07-15T06:31:45Z cache-dfw18678 MEWElogs[334804]: UNSH, 1626330704263853246, DFW, 16
<134>2021-07-15T06:31:46Z cache-bos4657 MEWElogs[334804]: UNSH, 1626330705663288163, BOS, 16
<134>2021-07-15T06:32:00Z cache-chi21126 MEWElogs[334804]: UNSH, 1626330719616337426, CHI, 16
<134>2021-07-15T06:32:40Z cache-chi21126 MEWElogs[334804]: UNSH, 1626330759072358661, CHI, 16
<134>2021-07-15T06:32:43Z cache-fty21383 MEWElogs[334804]: UNSH, 1626330762292660949, FTY, 16
<134>2021-07-15T06:33:21Z cache-dub4329 MEWElogs[334804]: UNSH, 1626330800833974009, DUB, 16
<134>2021-07-15T06:33:57Z cache-chi21126 MEWElogs[334804]: UNSH, 1626330836716536982, CHI, 16
<134>2021-07-15T06:34:01Z cache-bos4657 MEWElogs[334804]: UNSH, 1626330840024469100, BOS, 16
<134>2021-07-15T06:34:02Z cache-dal21283 MEWElogs[334804]: UNSH, 1626330841067503069, DAL, 16
<134>2021-07-15T06:34:27Z cache-bos4657 MEWElogs[334804]: UNSH, 1626330866805758951, BOS, 16
<134>2021-07-15T06:34:32Z cache-akl10324 MEWElogs[334804]: UNSH, 1626330871534664156, AKL, 16
<134>2021-07-15T06:34:59Z cache-pwk4920 MEWElogs[334804]: UNSH, 1626330898147917607, PWK, 16
<134>2021-07-15T06:35:17Z cache-dub4329 MEWElogs[334804]: UNSH, 1626330916288816481, DUB, 16
<134>2021-07-15T06:36:24Z cache-chi21126 MEWElogs[334804]: UNSH, 1626330983479107397, CHI, 16
<134>2021-07-15T06:38:04Z cache-del21735 MEWElogs[334804]: UNSH, 1626331083818292567, DEL, 16
<134>2021-07-15T06:38:07Z cache-fty21383 MEWElogs[334804]: UNSH, 1626331086460691487, FTY, 16
<134>2021-07-15T06:38:29Z cache-cwb20520 MEWElogs[334804]: UNSH, 1626331108466893432, CWB, 16
<134>2021-07-15T06:38:50Z cache-chi21126 MEWElogs[334804]: UNSH, 1626331129488432664, CHI, 16
