<134>2021-07-14T16:21:52Z cache-eze19324 MEWElogs[46369]: FLIPH, 1626279711458426744, EZE, 10
<134>2021-07-14T16:21:57Z cache-pdk17882 MEWElogs[46369]: FLIPH, 1626279716107203404, PDK, 10
<134>2021-07-14T16:22:11Z cache-ams21020 MEWElogs[46369]: FLIPH, 1626279730973006115, AMS, 10
<134>2021-07-14T16:22:18Z cache-bog6425 MEWElogs[46369]: FLIPH, 1626279737844523286, BOG, 10
<134>2021-07-14T16:27:01Z cache-cmh21547 MEWElogs[46369]: FLIPH, 1626280020937519508, CMH, 10
<134>2021-07-14T16:27:16Z cache-dca17782 MEWElogs[46369]: FLIPH, 1626280035820518408, DCA, -1
<134>2021-07-14T16:27:28Z cache-pdk17882 MEWElogs[46369]: FLIPH, 1626280047373379730, PDK, 10
<134>2021-07-14T16:27:35Z cache-eze19324 MEWElogs[46369]: FLIPH, 1626280054069748234, EZE, -1
<134>2021-07-14T16:27:49Z cache-eze19324 MEWElogs[46369]: FLIPH, 1626280068878808824, EZE, 10
<134>2021-07-14T16:27:56Z cache-mdw17383 MEWElogs[46369]: FLIPH, 1626280076245055699, MDW, 10
<134>2021-07-14T16:28:01Z cache-maa10251 MEWElogs[46369]: FLIPH, 1626280080393833627, MAA, 10
<134>2021-07-14T16:28:02Z cache-ord1740 MEWElogs[46369]: FLIPH, 1626280081240775426, ORD, -1
<134>2021-07-14T16:28:07Z cache-ams21020 MEWElogs[46369]: FLIPH, 1626280086472282315, AMS, 10
<134>2021-07-14T16:28:32Z cache-ams21020 MEWElogs[46369]: FLIPH, 1626280111106133543, AMS, 10
<134>2021-07-14T16:28:34Z cache-wdc5583 MEWElogs[46369]: FLIPH, 1626280114315131790, WDC, 10
<134>2021-07-14T16:28:37Z cache-ams21020 MEWElogs[46369]: FLIPH, 1626280116689245585, AMS, -1
<134>2021-07-14T16:28:37Z cache-ord1740 MEWElogs[46369]: FLIPH, 1626280117792185365, ORD, -1
<134>2021-07-14T16:28:46Z cache-bog6425 MEWElogs[46369]: FLIPH, 1626280125523944188, BOG, -1
<134>2021-07-14T16:28:49Z cache-pdk17882 MEWElogs[46369]: FLIPH, 1626280129246383063, PDK, 10
<134>2021-07-14T16:28:54Z cache-ams21020 MEWElogs[46369]: FLIPH, 1626280133708198359, AMS, -1
<134>2021-07-14T16:29:08Z cache-bog6425 MEWElogs[46369]: FLIPH, 1626280148005009779, BOG, 10
<134>2021-07-14T16:29:09Z cache-mdw17383 MEWElogs[46369]: FLIPH, 1626280149743891807, MDW, -1
<134>2021-07-14T16:29:14Z cache-mdw17383 MEWElogs[46369]: FLIPH, 1626280153192914215, MDW, 10
<134>2021-07-14T16:29:41Z cache-ams21020 MEWElogs[46369]: FLIPH, 1626280180322625584, AMS, 10
<134>2021-07-14T16:29:49Z cache-dca17782 MEWElogs[46369]: FLIPH, 1626280188651295995, DCA, 10
<134>2021-07-14T16:30:00Z cache-maa10251 MEWElogs[46369]: FLIPH, 1626280199312580327, MAA, 10
<134>2021-07-14T16:30:02Z cache-pdk17882 MEWElogs[46369]: FLIPH, 1626280201908766012, PDK, 10
<134>2021-07-14T16:30:09Z cache-mdw17383 MEWElogs[46369]: FLIPH, 1626280208839384415, MDW, 10
<134>2021-07-14T16:30:10Z cache-maa10251 MEWElogs[46369]: FLIPH, 1626280209207397207, MAA, 10
<134>2021-07-14T16:30:11Z cache-ams21020 MEWElogs[46369]: FLIPH, 1626280211752372773, AMS, -1
<134>2021-07-14T16:30:16Z cache-mdw17383 MEWElogs[46369]: FLIPH, 1626280216301831323, MDW, -1
<134>2021-07-14T16:30:30Z cache-mdw17383 MEWElogs[46369]: FLIPH, 1626280230769069502, MDW, 10
<134>2021-07-14T16:30:34Z cache-bog6425 MEWElogs[46369]: FLIPH, 1626280234151843137, BOG, -1
<134>2021-07-14T16:30:37Z cache-wdc5583 MEWElogs[46369]: FLIPH, 1626280237649060224, WDC, -1
<134>2021-07-14T16:30:54Z cache-bog6425 MEWElogs[46369]: FLIPH, 1626280253614961726, BOG, -1
<134>2021-07-14T16:30:57Z cache-pdk17882 MEWElogs[46369]: FLIPH, 1626280257081730397, PDK, 10
<134>2021-07-14T16:31:02Z cache-dca17782 MEWElogs[46369]: FLIPH, 1626280261190981644, DCA, -1
<134>2021-07-14T16:31:14Z cache-dca17782 MEWElogs[46369]: FLIPH, 1626280273785973807, DCA, 10
<134>2021-07-14T16:31:19Z cache-wdc5583 MEWElogs[46369]: FLIPH, 1626280279437546924, WDC, -1
<134>2021-07-14T16:31:23Z cache-bog6425 MEWElogs[46369]: FLIPH, 1626280283119605607, BOG, -1
<134>2021-07-14T16:31:27Z cache-mdw17383 MEWElogs[46369]: FLIPH, 1626280287168365680, MDW, 10
<134>2021-07-14T16:31:32Z cache-ams21020 MEWElogs[46369]: FLIPH, 1626280291804057734, AMS, 10
<134>2021-07-14T16:31:36Z cache-bog6425 MEWElogs[46369]: FLIPH, 1626280295914896426, BOG, 10
<134>2021-07-14T16:31:37Z cache-ams21020 MEWElogs[46369]: FLIPH, 1626280297435834451, AMS, -1
<134>2021-07-14T16:31:40Z cache-wdc5583 MEWElogs[46369]: FLIPH, 1626280300210639686, WDC, -1
