<134>2021-07-14T21:10:36Z cache-wdc5583 MEWElogs[412844]: BLUR, 1626297036067166267, WDC, 11
<134>2021-07-14T21:11:00Z cache-bog6425 MEWElogs[412844]: BLUR, 1626297060093993894, BOG, 11
<134>2021-07-14T21:11:29Z cache-ams21020 MEWElogs[412844]: BLUR, 1626297088198898796, AMS, 11
<134>2021-07-14T21:12:29Z cache-dca17782 MEWElogs[412844]: BLUR, 1626297148958886589, DCA, 11
<134>2021-07-14T21:12:42Z cache-ams21020 MEWElogs[412844]: BLUR, 1626297161262794908, AMS, 11
<134>2021-07-14T21:12:42Z cache-ord1740 MEWElogs[412844]: BLUR, 1626297161406197900, ORD, 11
<134>2021-07-14T21:12:43Z cache-maa10251 MEWElogs[412844]: BLUR, 1626297162664168692, MAA, 11
<134>2021-07-14T21:12:45Z cache-dca17782 MEWElogs[412844]: BLUR, 1626297164854981166, DCA, 11
<134>2021-07-14T21:13:38Z cache-pdk17882 MEWElogs[412844]: BLUR, 1626297218201530690, PDK, 11
<134>2021-07-14T21:14:09Z cache-pdk17882 MEWElogs[412844]: BLUR, 1626297248920135808, PDK, 11
<134>2021-07-14T21:14:21Z cache-dca17782 MEWElogs[412844]: BLUR, 1626297260844537462, DCA, 11
<134>2021-07-14T21:14:52Z cache-bog6425 MEWElogs[412844]: BLUR, 1626297291156760198, BOG, 11
<134>2021-07-14T21:15:28Z cache-mdw17383 MEWElogs[412844]: BLUR, 1626297328481443328, MDW, 11
<134>2021-07-14T21:15:36Z cache-ord1740 MEWElogs[412844]: BLUR, 1626297335195973524, ORD, 11
<134>2021-07-14T21:16:25Z cache-chi21126 MEWElogs[412844]: BLUR, 1626297385516492141, CHI, 11
<134>2021-07-14T21:18:08Z cache-fty21383 MEWElogs[412844]: BLUR, 1626297487483406597, FTY, 11
<134>2021-07-14T21:18:43Z cache-dfw18678 MEWElogs[412844]: BLUR, 1626297522681868833, DFW, 11
<134>2021-07-14T21:19:03Z cache-chi21126 MEWElogs[412844]: BLUR, 1626297543288919581, CHI, 11
<134>2021-07-14T21:20:01Z cache-eze19324 MEWElogs[412844]: BLUR, 1626297600984646164, EZE, 11
<134>2021-07-14T21:20:02Z cache-akl10324 MEWElogs[412844]: BLUR, 1626297601438982278, AKL, 11
<134>2021-07-14T21:20:03Z cache-dfw18678 MEWElogs[412844]: BLUR, 1626297602176311916, DFW, 11
<134>2021-07-14T21:20:29Z cache-cmh21547 MEWElogs[412844]: BLUR, 1626297629388151285, CMH, 11
