<134>2021-07-14T16:32:01Z cache-mdw17383 MEWElogs[412844]: FLIPH, 1626280320362554678, MDW, 10
<134>2021-07-14T16:32:07Z cache-pdk17882 MEWElogs[412844]: FLIPH, 1626280326233508345, PDK, -1
<134>2021-07-14T16:32:20Z cache-ord1740 MEWElogs[412844]: FLIPH, 1626280339582242383, ORD, 10
<134>2021-07-14T16:32:22Z cache-bog6425 MEWElogs[412844]: FLIPH, 1626280341882951935, BOG, -1
<134>2021-07-14T16:32:28Z cache-ams21020 MEWElogs[412844]: FLIPH, 1626280348157977986, AMS, -1
<134>2021-07-14T16:32:29Z cache-maa10251 MEWElogs[412844]: FLIPH, 1626280347945750291, MAA, 10
<134>2021-07-14T16:32:37Z cache-cmh21547 MEWElogs[412844]: FLIPH, 1626280356642319967, CMH, -1
<134>2021-07-14T16:32:46Z cache-pdk17882 MEWElogs[412844]: FLIPH, 1626280365327839392, PDK, 10
<134>2021-07-14T16:32:54Z cache-eze19324 MEWElogs[412844]: FLIPH, 1626280373427286569, EZE, -1
<134>2021-07-14T16:33:24Z cache-maa10251 MEWElogs[412844]: FLIPH, 1626280403448459969, MAA, -1
<134>2021-07-14T16:33:24Z cache-bog6425 MEWElogs[412844]: FLIPH, 1626280404253401595, BOG, 10
<134>2021-07-14T16:33:41Z cache-eze19324 MEWElogs[412844]: FLIPH, 1626280420755509644, EZE, -1
<134>2021-07-14T16:34:32Z cache-mdw17383 MEWElogs[412844]: FLIPH, 1626280472121966449, MDW, -1
<134>2021-07-14T16:34:39Z cache-eze19324 MEWElogs[412844]: FLIPH, 1626280479451388253, EZE, -1
<134>2021-07-14T16:34:50Z cache-pdk17882 MEWElogs[412844]: FLIPH, 1626280490057733407, PDK, -1
<134>2021-07-14T16:34:55Z cache-ams21020 MEWElogs[412844]: FLIPH, 1626280494161102911, AMS, -1
<134>2021-07-14T16:34:59Z cache-mdw17383 MEWElogs[412844]: FLIPH, 1626280498737407621, MDW, 10
<134>2021-07-14T16:35:19Z cache-dca17782 MEWElogs[412844]: FLIPH, 1626280518621358384, DCA, 10
<134>2021-07-14T16:35:21Z cache-pdk17882 MEWElogs[412844]: FLIPH, 1626280520109461717, PDK, 10
<134>2021-07-14T16:35:24Z cache-maa10251 MEWElogs[412844]: FLIPH, 1626280523202260692, MAA, -1
<134>2021-07-14T16:35:27Z cache-maa10251 MEWElogs[412844]: FLIPH, 1626280525932608603, MAA, 10
<134>2021-07-14T16:35:29Z cache-bog6425 MEWElogs[412844]: FLIPH, 1626280528855251960, BOG, -1
<134>2021-07-14T16:35:35Z cache-pdk17882 MEWElogs[412844]: FLIPH, 1626280535201564199, PDK, -1
<134>2021-07-14T16:35:43Z cache-wdc5583 MEWElogs[412844]: FLIPH, 1626280543429288201, WDC, 10
<134>2021-07-14T16:35:53Z cache-maa10251 MEWElogs[412844]: FLIPH, 1626280552470392278, MAA, -1
<134>2021-07-14T16:35:54Z cache-cmh21547 MEWElogs[412844]: FLIPH, 1626280553420678253, CMH, -1
<134>2021-07-14T16:36:00Z cache-bog6425 MEWElogs[412844]: FLIPH, 1626280560680159694, BOG, 10
<134>2021-07-14T16:36:08Z cache-cmh21547 MEWElogs[412844]: FLIPH, 1626280568155081814, CMH, 10
<134>2021-07-14T16:36:15Z cache-cmh21547 MEWElogs[412844]: FLIPH, 1626280574975691490, CMH, -1
<134>2021-07-14T16:36:22Z cache-ams21020 MEWElogs[412844]: FLIPH, 1626280581966679877, AMS, 10
<134>2021-07-14T16:36:26Z cache-cmh21547 MEWElogs[412844]: FLIPH, 1626280585877649798, CMH, -1
<134>2021-07-14T16:36:27Z cache-bog6425 MEWElogs[412844]: FLIPH, 1626280587198001604, BOG, -1
<134>2021-07-14T16:36:34Z cache-wdc5583 MEWElogs[412844]: FLIPH, 1626280594029185547, WDC, 10
<134>2021-07-14T16:36:37Z cache-bog6425 MEWElogs[412844]: FLIPH, 1626280597094469770, BOG, -1
<134>2021-07-14T16:36:40Z cache-bog6425 MEWElogs[412844]: FLIPH, 1626280599907262087, BOG, 10
<134>2021-07-14T16:36:44Z cache-dca17782 MEWElogs[412844]: FLIPH, 1626280603698010616, DCA, 10
<134>2021-07-14T16:36:48Z cache-mdw17383 MEWElogs[412844]: FLIPH, 1626280607601689628, MDW, 10
<134>2021-07-14T16:36:50Z cache-ord1740 MEWElogs[412844]: FLIPH, 1626280610013790230, ORD, -1
<134>2021-07-14T16:36:52Z cache-eze19324 MEWElogs[412844]: FLIPH, 1626280611942607358, EZE, 10
<134>2021-07-14T16:36:53Z cache-ord1740 MEWElogs[412844]: FLIPH, 1626280612829153326, ORD, 10
<134>2021-07-14T16:36:54Z cache-wdc5583 MEWElogs[412844]: FLIPH, 1626280614341727617, WDC, 10
<134>2021-07-14T16:37:03Z cache-ord1740 MEWElogs[412844]: FLIPH, 1626280622038277643, ORD, 10
<134>2021-07-14T16:37:18Z cache-dca17782 MEWElogs[412844]: FLIPH, 1626280637872333543, DCA, -1
<134>2021-07-14T16:37:32Z cache-ams21020 MEWElogs[412844]: FLIPH, 1626280651211080110, AMS, 10
<134>2021-07-14T16:37:47Z cache-eze19324 MEWElogs[412844]: FLIPH, 1626280667378246331, EZE, -1
<134>2021-07-14T16:37:51Z cache-eze19324 MEWElogs[412844]: FLIPH, 1626280670556505821, EZE, 10
<134>2021-07-14T16:37:56Z cache-bog6425 MEWElogs[412844]: FLIPH, 1626280675709821893, BOG, -1
<134>2021-07-14T16:37:57Z cache-ams21020 MEWElogs[412844]: FLIPH, 1626280676287230321, AMS, 10
<134>2021-07-14T16:38:02Z cache-eze19324 MEWElogs[412844]: FLIPH, 1626280682493610586, EZE, 10
<134>2021-07-14T16:38:16Z cache-bog6425 MEWElogs[412844]: FLIPH, 1626280695136613003, BOG, -1
<134>2021-07-14T16:38:35Z cache-eze19324 MEWElogs[412844]: FLIPH, 1626280714820413665, EZE, -1
<134>2021-07-14T16:38:49Z cache-pdk17882 MEWElogs[412844]: FLIPH, 1626280729423990980, PDK, 10
<134>2021-07-14T16:39:23Z cache-dca17782 MEWElogs[412844]: FLIPH, 1626280763103771050, DCA, 10
<134>2021-07-14T16:39:28Z cache-ord1740 MEWElogs[412844]: FLIPH, 1626280767250881897, ORD, 10
<134>2021-07-14T16:39:32Z cache-wdc5583 MEWElogs[412844]: FLIPH, 1626280771993371909, WDC, 10
<134>2021-07-14T16:39:35Z cache-eze19324 MEWElogs[412844]: FLIPH, 1626280774089779057, EZE, -1
<134>2021-07-14T16:39:56Z cache-bog6425 MEWElogs[412844]: FLIPH, 1626280796121280255, BOG, 10
<134>2021-07-14T16:40:03Z cache-ams21020 MEWElogs[412844]: FLIPH, 1626280803068715971, AMS, -1
<134>2021-07-14T16:40:13Z cache-ord1740 MEWElogs[412844]: FLIPH, 1626280812387787540, ORD, 10
<134>2021-07-14T16:40:46Z cache-bog6425 MEWElogs[412844]: FLIPH, 1626280845958412079, BOG, 10
<134>2021-07-14T16:40:47Z cache-mdw17383 MEWElogs[412844]: FLIPH, 1626280846939321810, MDW, -1
<134>2021-07-14T16:41:08Z cache-eze19324 MEWElogs[412844]: FLIPH, 1626280868041664652, EZE, -1
<134>2021-07-14T16:41:14Z cache-cmh21547 MEWElogs[412844]: FLIPH, 1626280873978819947, CMH, 10
<134>2021-07-14T16:41:27Z cache-cph20625 MEWElogs[412844]: FLIPH, 1626280886058688255, CPH, 10
<134>2021-07-14T16:41:46Z cache-mdw17383 MEWElogs[412844]: FLIPH, 1626280906241345162, MDW, 10
