<134>2021-07-15T00:39:02Z cache-dub4329 MEWElogs[318405]: CROP, 1626309541843283394, DUB, 12
<134>2021-07-15T00:39:04Z cache-pwk4920 MEWElogs[318405]: CROP, 1626309543968240315, PWK, 12
<134>2021-07-15T00:39:06Z cache-bos4657 MEWElogs[318405]: CROP, 1626309545747780997, BOS, 12
<134>2021-07-15T00:39:09Z cache-fty21383 MEWElogs[318405]: CROP, 1626309548164114511, FTY, 12
<134>2021-07-15T00:39:25Z cache-akl10324 MEWElogs[318405]: CROP, 1626309564560373332, AKL, 12
<134>2021-07-15T00:39:26Z cache-fty21383 MEWElogs[318405]: CROP, 1626309564974373151, FTY, 12
<134>2021-07-15T00:39:28Z cache-hel6829 MEWElogs[318405]: CROP, 1626309567868378839, HEL, 12
<134>2021-07-15T00:39:30Z cache-pwk4920 MEWElogs[318405]: CROP, 1626309569538666518, PWK, 12
<134>2021-07-15T00:39:38Z cache-dub4329 MEWElogs[318405]: CROP, 1626309577474940899, DUB, 12
<134>2021-07-15T00:39:49Z cache-fty21383 MEWElogs[318405]: CROP, 1626309587971728429, FTY, 12
<134>2021-07-15T00:39:53Z cache-dub4329 MEWElogs[318405]: CROP, 1626309592209031562, DUB, 12
<134>2021-07-15T00:39:54Z cache-del21735 MEWElogs[318405]: CROP, 1626309593213998137, DEL, 12
<134>2021-07-15T00:39:55Z cache-fty21383 MEWElogs[318405]: CROP, 1626309594571088041, FTY, 12
<134>2021-07-15T00:39:56Z cache-dub4329 MEWElogs[318405]: CROP, 1626309595126548971, DUB, 12
<134>2021-07-15T00:40:10Z cache-dub4329 MEWElogs[318405]: CROP, 1626309609594051531, DUB, 12
<134>2021-07-15T00:40:18Z cache-fty21383 MEWElogs[318405]: CROP, 1626309617704633226, FTY, 12
<134>2021-07-15T00:40:40Z cache-dub4329 MEWElogs[318405]: CROP, 1626309639109755151, DUB, 12
<134>2021-07-15T00:40:42Z cache-pwk4920 MEWElogs[318405]: CROP, 1626309642531971767, PWK, 12
<134>2021-07-15T00:41:01Z cache-chi21126 MEWElogs[318405]: CROP, 1626309660915083351, CHI, 12
<134>2021-07-15T00:41:05Z cache-hel6829 MEWElogs[318405]: CROP, 1626309664309860360, HEL, 12
<134>2021-07-15T00:41:09Z cache-dub4329 MEWElogs[318405]: CROP, 1626309668486458983, DUB, 12
<134>2021-07-15T00:41:17Z cache-bos4657 MEWElogs[318405]: CROP, 1626309676269050767, BOS, 12
<134>2021-07-15T00:41:25Z cache-pwk4920 MEWElogs[318405]: CROP, 1626309684894936321, PWK, 12
<134>2021-07-15T00:41:45Z cache-akl10324 MEWElogs[318405]: CROP, 1626309704546200171, AKL, 12
<134>2021-07-15T00:41:53Z cache-iah17271 MEWElogs[318405]: CROP, 1626309713292937283, IAH, 12
<134>2021-07-15T00:42:09Z cache-dfw18678 MEWElogs[318405]: CROP, 1626309728971242112, DFW, 12
<134>2021-07-15T00:42:35Z cache-bur17583 MEWElogs[318405]: CROP, 1626309755352647355, BUR, 12
<134>2021-07-15T00:42:36Z cache-den8274 MEWElogs[318405]: CROP, 1626309756076017433, DEN, 12
<134>2021-07-15T00:42:46Z cache-den8274 MEWElogs[318405]: CROP, 1626309766622364481, DEN, 12
<134>2021-07-15T00:42:56Z cache-lcy19283 MEWElogs[318405]: CROP, 1626309775726292038, LCY, 12
<134>2021-07-15T00:42:58Z cache-hel6829 MEWElogs[318405]: CROP, 1626309777606812857, HEL, 12
<134>2021-07-15T00:43:16Z cache-mad22068 MEWElogs[318405]: CROP, 1626309795214885656, MAD, 12
<134>2021-07-15T00:43:22Z cache-iah17271 MEWElogs[318405]: CROP, 1626309801433011233, IAH, 12
<134>2021-07-15T00:43:47Z cache-mad22068 MEWElogs[318405]: CROP, 1626309827482583055, MAD, 12
<134>2021-07-15T00:43:54Z cache-bur17583 MEWElogs[318405]: CROP, 1626309833022228482, BUR, 12
<134>2021-07-15T00:44:07Z cache-bur17583 MEWElogs[318405]: CROP, 1626309846178274840, BUR, 12
<134>2021-07-15T00:44:22Z cache-hel6829 MEWElogs[318405]: CROP, 1626309861294963349, HEL, 12
<134>2021-07-15T00:44:26Z cache-lcy19283 MEWElogs[318405]: CROP, 1626309864936947475, LCY, 12
<134>2021-07-15T00:44:31Z cache-jnb7027 MEWElogs[318405]: CROP, 1626309871366148263, JNB, 12
<134>2021-07-15T00:44:40Z cache-bur17583 MEWElogs[318405]: CROP, 1626309880181715116, BUR, 12
<134>2021-07-15T00:44:44Z cache-jnb7027 MEWElogs[318405]: CROP, 1626309883179007402, JNB, 12
<134>2021-07-15T00:44:44Z cache-den8274 MEWElogs[318405]: CROP, 1626309883406641698, DEN, 12
<134>2021-07-15T00:44:45Z cache-bur17583 MEWElogs[318405]: CROP, 1626309884490123338, BUR, 12
<134>2021-07-15T00:44:46Z cache-mad22068 MEWElogs[318405]: CROP, 1626309885381205213, MAD, 12
<134>2021-07-15T00:45:11Z cache-jnb7027 MEWElogs[318405]: CROP, 1626309910509581608, JNB, 12
<134>2021-07-15T00:45:13Z cache-mrs10583 MEWElogs[318405]: CROP, 1626309912397037181, MRS, 12
<134>2021-07-15T00:45:13Z cache-mad22068 MEWElogs[318405]: CROP, 1626309913355976862, MAD, 12
<134>2021-07-15T00:45:23Z cache-mad22068 MEWElogs[318405]: CROP, 1626309922794331556, MAD, 12
<134>2021-07-15T00:45:24Z cache-den8274 MEWElogs[318405]: CROP, 1626309923017760854, DEN, 12
<134>2021-07-15T00:45:25Z cache-hkg17929 MEWElogs[318405]: CROP, 1626309925161219352, HKG, 12
<134>2021-07-15T00:45:30Z cache-hkg17929 MEWElogs[318405]: CROP, 1626309929879515870, HKG, 12
<134>2021-07-15T00:45:35Z cache-cwb20520 MEWElogs[318405]: CROP, 1626309934407792286, CWB, 12
<134>2021-07-15T00:45:42Z cache-lcy19283 MEWElogs[318405]: CROP, 1626309942304962292, LCY, 12
<134>2021-07-15T00:45:55Z cache-jnb7027 MEWElogs[318405]: CROP, 1626309954119840429, JNB, 12
<134>2021-07-15T00:45:59Z cache-jnb7027 MEWElogs[318405]: CROP, 1626309957973831728, JNB, 12
<134>2021-07-15T00:46:05Z cache-mad22068 MEWElogs[318405]: CROP, 1626309964292514844, MAD, 12
<134>2021-07-15T00:46:11Z cache-iah17271 MEWElogs[318405]: CROP, 1626309970476528785, IAH, 12
<134>2021-07-15T00:46:13Z cache-hkg17929 MEWElogs[318405]: CROP, 1626309973102135740, HKG, 12
<134>2021-07-15T00:46:24Z cache-lcy19283 MEWElogs[318405]: CROP, 1626309984226908856, LCY, 12
<134>2021-07-15T00:46:27Z cache-lcy19283 MEWElogs[318405]: CROP, 1626309987236507284, LCY, 12
<134>2021-07-15T00:46:32Z cache-mad22068 MEWElogs[318405]: CROP, 1626309991006145449, MAD, 12
<134>2021-07-15T00:46:37Z cache-bur17583 MEWElogs[318405]: CROP, 1626309997109836811, BUR, 12
<134>2021-07-15T00:46:52Z cache-hkg17929 MEWElogs[318405]: CROP, 1626310011318659872, HKG, 12
<134>2021-07-15T00:46:52Z cache-cwb20520 MEWElogs[318405]: CROP, 1626310011522142017, CWB, 12
<134>2021-07-15T00:46:55Z cache-den8274 MEWElogs[318405]: CROP, 1626310014708274571, DEN, 12
<134>2021-07-15T00:47:00Z cache-mad22068 MEWElogs[318405]: CROP, 1626310019635256887, MAD, 12
<134>2021-07-15T00:47:01Z cache-mrs10583 MEWElogs[318405]: CROP, 1626310020198740190, MRS, 12
<134>2021-07-15T00:47:04Z cache-lhr7382 MEWElogs[318405]: CROP, 1626310022958458856, LHR, 12
<134>2021-07-15T00:47:07Z cache-iah17271 MEWElogs[318405]: CROP, 1626310027725152905, IAH, 12
<134>2021-07-15T00:47:13Z cache-den8274 MEWElogs[318405]: CROP, 1626310032965807242, DEN, 12
<134>2021-07-15T00:47:32Z cache-mad22068 MEWElogs[318405]: CROP, 1626310051470523360, MAD, 12
<134>2021-07-15T00:47:41Z cache-mrs10583 MEWElogs[318405]: CROP, 1626310060854584663, MRS, 12
<134>2021-07-15T00:47:57Z cache-mad22068 MEWElogs[318405]: CROP, 1626310077390695399, MAD, 12
<134>2021-07-15T00:48:15Z cache-iah17271 MEWElogs[318405]: CROP, 1626310094527943787, IAH, 12
<134>2021-07-15T00:48:18Z cache-lhr7382 MEWElogs[318405]: CROP, 1626310097300128808, LHR, 12
<134>2021-07-15T00:48:20Z cache-bur17583 MEWElogs[318405]: CROP, 1626310100727266373, BUR, 12
<134>2021-07-15T00:48:26Z cache-mci5951 MEWElogs[318405]: CROP, 1626310106008008213, MCI, 12
<134>2021-07-15T00:48:27Z cache-lhr7382 MEWElogs[318405]: CROP, 1626310105953268764, LHR, 12
<134>2021-07-15T00:48:32Z cache-mad22068 MEWElogs[318405]: CROP, 1626310111862766433, MAD, 12
<134>2021-07-15T00:48:33Z cache-bur17583 MEWElogs[318405]: CROP, 1626310113236087525, BUR, 12
<134>2021-07-15T00:48:39Z cache-mel11272 MEWElogs[318405]: CROP, 1626310118514865861, MEL, 12
<134>2021-07-15T00:48:49Z cache-lhr7382 MEWElogs[318405]: CROP, 1626310128768459105, LHR, 12
