<134>2021-07-15T07:53:22Z cache-gru17149 MEWElogs[382896]: UNSH, 1626335601840806549, GRU, 16
<134>2021-07-15T07:53:27Z cache-syd10183 MEWElogs[382896]: UNSH, 1626335606965599468, SYD, 16
<134>2021-07-15T07:53:32Z cache-gru17149 MEWElogs[382896]: UNSH, 1626335611882609806, GRU, 16
<134>2021-07-15T07:53:39Z cache-stl4834 MEWElogs[382896]: UNSH, 1626335618717866397, STL, 16
<134>2021-07-15T07:53:50Z cache-stl4834 MEWElogs[382896]: UNSH, 1626335629145799294, STL, 16
<134>2021-07-15T07:54:11Z cache-stl4834 MEWElogs[382896]: UNSH, 1626335650819840656, STL, 16
<134>2021-07-15T07:54:12Z cache-gig17035 MEWElogs[382896]: UNSH, 1626335651927467301, GIG, 16
<134>2021-07-15T07:54:17Z cache-pao17461 MEWElogs[382896]: UNSH, 1626335656115475639, PAO, 16
<134>2021-07-15T07:54:17Z cache-syd10183 MEWElogs[382896]: UNSH, 1626335656045642498, SYD, 16
<134>2021-07-15T07:54:23Z cache-scl19427 MEWElogs[382896]: UNSH, 1626335662560035235, SCL, 16
<134>2021-07-15T07:54:32Z cache-gru17149 MEWElogs[382896]: UNSH, 1626335671713514891, GRU, 16
<134>2021-07-15T07:55:09Z cache-scl19427 MEWElogs[382896]: UNSH, 1626335709350183104, SCL, 16
<134>2021-07-15T07:55:10Z cache-gig17035 MEWElogs[382896]: UNSH, 1626335709111021993, GIG, 16
<134>2021-07-15T07:55:44Z cache-itm18851 MEWElogs[382896]: UNSH, 1626335743061284120, ITM, 16
<134>2021-07-15T07:55:56Z cache-gru17149 MEWElogs[382896]: UNSH, 1626335755536389349, GRU, 16
<134>2021-07-15T07:56:24Z cache-pao17461 MEWElogs[382896]: UNSH, 1626335784216785095, PAO, 16
<134>2021-07-15T07:56:25Z cache-gru17149 MEWElogs[382896]: UNSH, 1626335785220354464, GRU, 16
<134>2021-07-15T07:56:55Z cache-cgh11122 MEWElogs[382896]: UNSH, 1626335814750154900, CGH, 16
<134>2021-07-15T07:57:11Z cache-syd10183 MEWElogs[382896]: UNSH, 1626335830987209015, SYD, 16
<134>2021-07-15T07:58:06Z cache-cgh11122 MEWElogs[382896]: UNSH, 1626335886084363643, CGH, 16
<134>2021-07-15T07:58:31Z cache-pao17461 MEWElogs[382896]: UNSH, 1626335910864686883, PAO, 16
<134>2021-07-15T07:58:43Z cache-scl19427 MEWElogs[382896]: UNSH, 1626335922971905042, SCL, 16
<134>2021-07-15T07:58:44Z cache-stl4834 MEWElogs[382896]: UNSH, 1626335923221438576, STL, 16
<134>2021-07-15T07:58:50Z cache-itm18851 MEWElogs[382896]: UNSH, 1626335929806122518, ITM, 16
<134>2021-07-15T07:59:17Z cache-stl4834 MEWElogs[382896]: UNSH, 1626335956075108768, STL, 16
<134>2021-07-15T07:59:31Z cache-pao17461 MEWElogs[382896]: UNSH, 1626335970899536526, PAO, 16
<134>2021-07-15T07:59:33Z cache-cgh11122 MEWElogs[382896]: UNSH, 1626335972136097120, CGH, 16
