<134>2021-07-14T21:41:05Z cache-hel6829 MEWElogs[355776]: BLUR, 1626298864440979191, HEL, 11
<134>2021-07-14T21:41:20Z cache-hhn4077 MEWElogs[355776]: BLUR, 1626298880695347789, HHN, 11
<134>2021-07-14T21:42:05Z cache-pwk4920 MEWElogs[355776]: BLUR, 1626298925501068846, PWK, 11
<134>2021-07-14T21:42:12Z cache-hel6829 MEWElogs[355776]: BLUR, 1626298931654952499, HEL, 11
<134>2021-07-14T21:43:22Z cache-hhn4077 MEWElogs[355776]: BLUR, 1626299002310836746, HHN, 11
<134>2021-07-14T21:43:22Z cache-iah17271 MEWElogs[355776]: BLUR, 1626299002247991644, IAH, 11
<134>2021-07-14T21:43:40Z cache-hhn4077 MEWElogs[355776]: BLUR, 1626299020000104883, HHN, 11
<134>2021-07-14T21:44:07Z cache-pwk4920 MEWElogs[355776]: BLUR, 1626299047148181237, PWK, 11
<134>2021-07-14T21:44:46Z cache-cph20625 MEWElogs[355776]: BLUR, 1626299085880158120, CPH, 11
<134>2021-07-14T21:45:02Z cache-lcy19283 MEWElogs[355776]: BLUR, 1626299101341820631, LCY, 11
<134>2021-07-14T21:45:16Z cache-den8274 MEWElogs[355776]: BLUR, 1626299116361527440, DEN, 11
<134>2021-07-14T21:45:52Z cache-pwk4920 MEWElogs[355776]: BLUR, 1626299152283996428, PWK, 11
<134>2021-07-14T21:46:04Z cache-iah17271 MEWElogs[355776]: BLUR, 1626299163599452924, IAH, 11
<134>2021-07-14T21:46:33Z cache-den8274 MEWElogs[355776]: BLUR, 1626299192909400289, DEN, 11
<134>2021-07-14T21:46:48Z cache-den8274 MEWElogs[355776]: BLUR, 1626299208281234255, DEN, 11
<134>2021-07-14T21:47:49Z cache-cwb20520 MEWElogs[355776]: BLUR, 1626299268839716950, CWB, 11
<134>2021-07-14T21:48:02Z cache-jnb7027 MEWElogs[355776]: BLUR, 1626299281765013922, JNB, 11
<134>2021-07-14T21:48:25Z cache-dal21283 MEWElogs[355776]: BLUR, 1626299305162364120, DAL, 11
<134>2021-07-14T21:48:59Z cache-hhn4077 MEWElogs[355776]: BLUR, 1626299339204614540, HHN, 11
<134>2021-07-14T21:49:16Z cache-cwb20520 MEWElogs[355776]: BLUR, 1626299355583760961, CWB, 11
<134>2021-07-14T21:50:32Z cache-dal21283 MEWElogs[355776]: BLUR, 1626299431873358122, DAL, 11
<134>2021-07-14T21:50:50Z cache-pwk4920 MEWElogs[355776]: BLUR, 1626299450423753132, PWK, 11
