<134>2021-07-15T02:22:14Z cache-itm18851 MEWElogs[292213]: GRAY, 1626315733546210906, ITM, 13
<134>2021-07-15T02:22:17Z cache-cgh11122 MEWElogs[292213]: GRAY, 1626315737059140242, CGH, 13
<134>2021-07-15T02:22:31Z cache-pao17461 MEWElogs[292213]: GRAY, 1626315750359152524, PAO, 13
<134>2021-07-15T02:23:13Z cache-bma1628 MEWElogs[292213]: GRAY, 1626315792469628189, BMA, 13
<134>2021-07-15T02:23:32Z cache-tyo11974 MEWElogs[292213]: GRAY, 1626315811520916415, TYO, 13
<134>2021-07-15T02:23:52Z cache-cgh11122 MEWElogs[292213]: GRAY, 1626315832273958672, CGH, 13
<134>2021-07-15T02:24:07Z cache-itm18851 MEWElogs[292213]: GRAY, 1626315846610867496, ITM, 13
<134>2021-07-15T02:24:23Z cache-cgh11183 MEWElogs[292213]: GRAY, 1626315862371093697, CGH, 13
<134>2021-07-15T02:24:23Z cache-sea4483 MEWElogs[292213]: GRAY, 1626315863159953119, SEA, 13
<134>2021-07-15T02:24:51Z cache-yyz4551 MEWElogs[292213]: GRAY, 1626315890582718853, YYZ, 13
<134>2021-07-15T02:25:26Z cache-vie21629 MEWElogs[292213]: GRAY, 1626315925553922235, VIE, 13
<134>2021-07-15T02:26:00Z cache-cgh11183 MEWElogs[292213]: GRAY, 1626315959063021670, CGH, 13
<134>2021-07-15T02:26:00Z cache-yyz4551 MEWElogs[292213]: GRAY, 1626315959816088138, YYZ, 13
<134>2021-07-15T02:26:17Z cache-vie21629 MEWElogs[292213]: GRAY, 1626315975935682174, VIE, 13
<134>2021-07-15T02:26:24Z cache-tyo11974 MEWElogs[292213]: GRAY, 1626315983279913704, TYO, 13
<134>2021-07-15T02:26:43Z cache-tyo11974 MEWElogs[292213]: GRAY, 1626316002618461302, TYO, 13
<134>2021-07-15T02:27:37Z cache-sjc10078 MEWElogs[292213]: GRAY, 1626316056687926648, SJC, 13
<134>2021-07-15T02:27:40Z cache-tyo11974 MEWElogs[292213]: GRAY, 1626316060037164392, TYO, 13
<134>2021-07-15T02:28:05Z cache-sjc10078 MEWElogs[292213]: GRAY, 1626316084865254418, SJC, 13
<134>2021-07-15T02:28:12Z cache-tyo11974 MEWElogs[292213]: GRAY, 1626316091249456951, TYO, 13
<134>2021-07-15T02:28:17Z cache-cgh11183 MEWElogs[292213]: GRAY, 1626316096056161809, CGH, 13
<134>2021-07-15T02:28:24Z cache-cgh11183 MEWElogs[292213]: GRAY, 1626316102933503188, CGH, 13
<134>2021-07-15T02:28:29Z cache-sea4483 MEWElogs[292213]: GRAY, 1626316108791257815, SEA, 13
<134>2021-07-15T02:29:34Z cache-tyo11974 MEWElogs[292213]: GRAY, 1626316173984524826, TYO, 13
<134>2021-07-15T02:29:41Z cache-bma1628 MEWElogs[292213]: GRAY, 1626316180209518933, BMA, 13
<134>2021-07-15T02:29:47Z cache-tyo11974 MEWElogs[292213]: GRAY, 1626316186791352963, TYO, 13
<134>2021-07-15T02:29:49Z cache-vie21629 MEWElogs[292213]: GRAY, 1626316188005241096, VIE, 13
<134>2021-07-15T02:29:54Z cache-tyo11974 MEWElogs[292213]: GRAY, 1626316193050334173, TYO, 13
<134>2021-07-15T02:30:19Z cache-yyz4551 MEWElogs[292213]: GRAY, 1626316219106280897, YYZ, 13
<134>2021-07-15T02:30:45Z cache-tyo11974 MEWElogs[292213]: GRAY, 1626316244641144974, TYO, 13
<134>2021-07-15T02:30:59Z cache-vie21629 MEWElogs[292213]: GRAY, 1626316258260726278, VIE, 13
<134>2021-07-15T02:31:42Z cache-tyo11974 MEWElogs[292213]: GRAY, 1626316301913427786, TYO, 13
<134>2021-07-15T02:32:01Z cache-yyz4551 MEWElogs[292213]: GRAY, 1626316320877457321, YYZ, 13
