<134>2021-07-15T02:11:57Z cache-gru17149 MEWElogs[320228]: GRAY, 1626315116763177961, GRU, 13
<134>2021-07-15T02:12:21Z cache-syd10183 MEWElogs[320228]: GRAY, 1626315139995231195, SYD, 13
<134>2021-07-15T02:13:01Z cache-itm18851 MEWElogs[320228]: GRAY, 1626315180705987092, ITM, 13
<134>2021-07-15T02:13:02Z cache-cgh11122 MEWElogs[320228]: GRAY, 1626315181574524903, CGH, 13
<134>2021-07-15T02:13:08Z cache-bom4751 MEWElogs[320228]: GRAY, 1626315187337960133, BOM, 13
<134>2021-07-15T02:13:16Z cache-syd10183 MEWElogs[320228]: GRAY, 1626315196322734213, SYD, 13
<134>2021-07-15T02:13:26Z cache-gru17149 MEWElogs[320228]: GRAY, 1626315205466420811, GRU, 13
<134>2021-07-15T02:14:12Z cache-scl19427 MEWElogs[320228]: GRAY, 1626315251863384731, SCL, 13
<134>2021-07-15T02:15:06Z cache-pao17461 MEWElogs[320228]: GRAY, 1626315305310947393, PAO, 13
<134>2021-07-15T02:15:50Z cache-stl4834 MEWElogs[320228]: GRAY, 1626315350108125131, STL, 13
<134>2021-07-15T02:16:04Z cache-cgh11122 MEWElogs[320228]: GRAY, 1626315364254844807, CGH, 13
<134>2021-07-15T02:16:06Z cache-pao17461 MEWElogs[320228]: GRAY, 1626315366448246507, PAO, 13
<134>2021-07-15T02:16:18Z cache-hnd18722 MEWElogs[320228]: GRAY, 1626315377557132498, HND, 13
<134>2021-07-15T02:16:22Z cache-syd10183 MEWElogs[320228]: GRAY, 1626315381481042937, SYD, 13
<134>2021-07-15T02:16:29Z cache-syd10183 MEWElogs[320228]: GRAY, 1626315388511525000, SYD, 13
<134>2021-07-15T02:16:43Z cache-syd10183 MEWElogs[320228]: GRAY, 1626315402678805814, SYD, 13
<134>2021-07-15T02:16:56Z cache-pao17461 MEWElogs[320228]: GRAY, 1626315415247453702, PAO, 13
<134>2021-07-15T02:17:00Z cache-hnd18722 MEWElogs[320228]: GRAY, 1626315419948356008, HND, 13
<134>2021-07-15T02:17:08Z cache-sjc10078 MEWElogs[320228]: GRAY, 1626315428312458985, SJC, 13
<134>2021-07-15T02:17:09Z cache-itm18851 MEWElogs[320228]: GRAY, 1626315428529860026, ITM, 13
<134>2021-07-15T02:18:48Z cache-cgh11122 MEWElogs[320228]: GRAY, 1626315527376524382, CGH, 13
<134>2021-07-15T02:19:04Z cache-sea4483 MEWElogs[320228]: GRAY, 1626315543906782458, SEA, 13
<134>2021-07-15T02:19:06Z cache-syd10183 MEWElogs[320228]: GRAY, 1626315545613324992, SYD, 13
<134>2021-07-15T02:19:15Z cache-hnd18722 MEWElogs[320228]: GRAY, 1626315554855468271, HND, 13
<134>2021-07-15T02:19:29Z cache-hnd18722 MEWElogs[320228]: GRAY, 1626315568641238251, HND, 13
<134>2021-07-15T02:19:41Z cache-syd10183 MEWElogs[320228]: GRAY, 1626315581594132521, SYD, 13
<134>2021-07-15T02:19:48Z cache-cgh11122 MEWElogs[320228]: GRAY, 1626315587440263775, CGH, 13
<134>2021-07-15T02:20:01Z cache-cgh11183 MEWElogs[320228]: GRAY, 1626315601036406586, CGH, 13
<134>2021-07-15T02:20:36Z cache-cgh11183 MEWElogs[320228]: GRAY, 1626315634916270037, CGH, 13
<134>2021-07-15T02:20:59Z cache-itm18851 MEWElogs[320228]: GRAY, 1626315658068909639, ITM, 13
<134>2021-07-15T02:20:59Z cache-stl4834 MEWElogs[320228]: GRAY, 1626315659113029514, STL, 13
<134>2021-07-15T02:21:02Z cache-cgh11122 MEWElogs[320228]: GRAY, 1626315661879151169, CGH, 13
<134>2021-07-15T02:21:42Z cache-syd10183 MEWElogs[320228]: GRAY, 1626315702037048581, SYD, 13
