<134>2021-07-14T20:50:19Z cache-wdc5583 MEWElogs[382896]: BLUR, 1626295818983853519, WDC, 11
<134>2021-07-14T20:50:27Z cache-dca17782 MEWElogs[382896]: BLUR, 1626295826250791782, DCA, 11
<134>2021-07-14T20:50:51Z cache-ams21020 MEWElogs[382896]: BLUR, 1626295851119673364, AMS, 11
<134>2021-07-14T20:50:53Z cache-maa10251 MEWElogs[382896]: BLUR, 1626295851930683773, MAA, 11
<134>2021-07-14T20:51:37Z cache-maa10251 MEWElogs[382896]: BLUR, 1626295896125845250, MAA, 11
<134>2021-07-14T20:51:52Z cache-ams21020 MEWElogs[382896]: BLUR, 1626295911889508079, AMS, 11
<134>2021-07-14T20:52:20Z cache-dca17782 MEWElogs[382896]: BLUR, 1626295939985673757, DCA, 11
<134>2021-07-14T20:53:06Z cache-maa10251 MEWElogs[382896]: BLUR, 1626295985508116420, MAA, 11
<134>2021-07-14T20:54:19Z cache-wdc5583 MEWElogs[382896]: BLUR, 1626296059457706853, WDC, 11
<134>2021-07-14T20:54:52Z cache-ams21020 MEWElogs[382896]: BLUR, 1626296091139772342, AMS, 11
<134>2021-07-14T20:56:58Z cache-cmh21547 MEWElogs[382896]: BLUR, 1626296217456954483, CMH, 11
<134>2021-07-14T20:57:06Z cache-maa10251 MEWElogs[382896]: BLUR, 1626296225289595934, MAA, 11
<134>2021-07-14T20:57:27Z cache-wdc5583 MEWElogs[382896]: BLUR, 1626296247329925219, WDC, 11
<134>2021-07-14T20:58:08Z cache-mdw17383 MEWElogs[382896]: BLUR, 1626296287371504313, MDW, 11
<134>2021-07-14T20:58:23Z cache-ord1740 MEWElogs[382896]: BLUR, 1626296302129735745, ORD, 11
<134>2021-07-14T20:58:53Z cache-maa10251 MEWElogs[382896]: BLUR, 1626296331883109677, MAA, 11
<134>2021-07-14T20:59:14Z cache-eze19324 MEWElogs[382896]: BLUR, 1626296354431372743, EZE, 11
<134>2021-07-14T20:59:20Z cache-dca17782 MEWElogs[382896]: BLUR, 1626296359578609582, DCA, 11
<134>2021-07-14T20:59:27Z cache-ord1740 MEWElogs[382896]: BLUR, 1626296366299729094, ORD, 11
<134>2021-07-14T20:59:28Z cache-mdw17383 MEWElogs[382896]: BLUR, 1626296367619891901, MDW, 11
<134>2021-07-14T20:59:41Z cache-pdk17882 MEWElogs[382896]: BLUR, 1626296381326230317, PDK, 11
