<134>2021-07-15T06:40:07Z cache-bos4657 MEWElogs[382896]: UNSH, 1626331207079539425, BOS, 16
<134>2021-07-15T06:40:09Z cache-del21735 MEWElogs[382896]: UNSH, 1626331208815134717, DEL, 16
<134>2021-07-15T06:40:16Z cache-bos4657 MEWElogs[382896]: UNSH, 1626331215958072244, BOS, 16
<134>2021-07-15T06:40:25Z cache-hel6829 MEWElogs[382896]: UNSH, 1626331224921416268, HEL, 16
<134>2021-07-15T06:40:57Z cache-pwk4920 MEWElogs[382896]: UNSH, 1626331256028959300, PWK, 16
<134>2021-07-15T06:40:57Z cache-cwb20520 MEWElogs[382896]: UNSH, 1626331256888613139, CWB, 16
<134>2021-07-15T06:41:18Z cache-fra19177 MEWElogs[382896]: UNSH, 1626331277473053900, FRA, 16
<134>2021-07-15T06:41:21Z cache-cwb20520 MEWElogs[382896]: UNSH, 1626331280905140251, CWB, 16
<134>2021-07-15T06:41:25Z cache-pwk4920 MEWElogs[382896]: UNSH, 1626331284938630278, PWK, 16
<134>2021-07-15T06:42:19Z cache-iah17271 MEWElogs[382896]: UNSH, 1626331338032900280, IAH, 16
<134>2021-07-15T06:42:41Z cache-iah17271 MEWElogs[382896]: UNSH, 1626331360396815981, IAH, 16
<134>2021-07-15T06:42:47Z cache-fra19177 MEWElogs[382896]: UNSH, 1626331367164733776, FRA, 16
<134>2021-07-15T06:43:09Z cache-hel6829 MEWElogs[382896]: UNSH, 1626331388747596190, HEL, 16
<134>2021-07-15T06:43:27Z cache-dal21283 MEWElogs[382896]: UNSH, 1626331406647554556, DAL, 16
<134>2021-07-15T06:43:42Z cache-lon4249 MEWElogs[382896]: UNSH, 1626331421865604849, LON, 16
<134>2021-07-15T06:44:09Z cache-cwb20520 MEWElogs[382896]: UNSH, 1626331448597446865, CWB, 16
<134>2021-07-15T06:44:29Z cache-dal21283 MEWElogs[382896]: UNSH, 1626331467993403006, DAL, 16
<134>2021-07-15T06:45:06Z cache-den8274 MEWElogs[382896]: UNSH, 1626331506284245662, DEN, 16
<134>2021-07-15T06:45:11Z cache-lcy19283 MEWElogs[382896]: UNSH, 1626331511586740564, LCY, 16
<134>2021-07-15T06:45:19Z cache-jnb7027 MEWElogs[382896]: UNSH, 1626331518984231463, JNB, 16
<134>2021-07-15T06:45:22Z cache-lon4249 MEWElogs[382896]: UNSH, 1626331521763251656, LON, 16
<134>2021-07-15T06:45:37Z cache-fra19177 MEWElogs[382896]: UNSH, 1626331537677348126, FRA, 16
<134>2021-07-15T06:45:43Z cache-bur17583 MEWElogs[382896]: UNSH, 1626331543010594516, BUR, 16
<134>2021-07-15T06:46:05Z cache-fra19177 MEWElogs[382896]: UNSH, 1626331564110231525, FRA, 16
<134>2021-07-15T06:46:28Z cache-bur17583 MEWElogs[382896]: UNSH, 1626331587001928254, BUR, 16
<134>2021-07-15T06:46:56Z cache-lon4249 MEWElogs[382896]: UNSH, 1626331615533600347, LON, 16
<134>2021-07-15T06:47:25Z cache-dal21283 MEWElogs[382896]: UNSH, 1626331644296065934, DAL, 16
<134>2021-07-15T06:47:26Z cache-fra19177 MEWElogs[382896]: UNSH, 1626331645596727777, FRA, 16
<134>2021-07-15T06:47:39Z cache-lon4249 MEWElogs[382896]: UNSH, 1626331658384388617, LON, 16
<134>2021-07-15T06:47:59Z cache-bur17583 MEWElogs[382896]: UNSH, 1626331678935829401, BUR, 16
<134>2021-07-15T06:48:21Z cache-bur17583 MEWElogs[382896]: UNSH, 1626331700756356188, BUR, 16
<134>2021-07-15T06:48:30Z cache-lon4249 MEWElogs[382896]: UNSH, 1626331710169327823, LON, 16
<134>2021-07-15T06:48:40Z cache-lcy19283 MEWElogs[382896]: UNSH, 1626331719917147160, LCY, 16
<134>2021-07-15T06:49:16Z cache-mad22068 MEWElogs[382896]: UNSH, 1626331755491761779, MAD, 16
