<134>2021-07-15T06:11:37Z cache-maa10251 MEWElogs[46369]: UNSH, 1626329496445487435, MAA, 16
<134>2021-07-15T06:11:46Z cache-pdk17882 MEWElogs[46369]: UNSH, 1626329505756032798, PDK, 16
<134>2021-07-15T06:12:28Z cache-wdc5583 MEWElogs[46369]: UNSH, 1626329547031482841, WDC, 16
<134>2021-07-15T06:12:33Z cache-pdk17882 MEWElogs[46369]: UNSH, 1626329552161644453, PDK, 16
<134>2021-07-15T06:12:40Z cache-cmh21547 MEWElogs[46369]: UNSH, 1626329560040017044, CMH, 16
<134>2021-07-15T06:13:01Z cache-dca17782 MEWElogs[46369]: UNSH, 1626329580111780364, DCA, 16
<134>2021-07-15T06:13:15Z cache-ams21020 MEWElogs[46369]: UNSH, 1626329595552312674, AMS, 16
<134>2021-07-15T06:13:24Z cache-cph20625 MEWElogs[46369]: UNSH, 1626329603790043757, CPH, 16
<134>2021-07-15T06:13:26Z cache-maa10251 MEWElogs[46369]: UNSH, 1626329605668458413, MAA, 16
<134>2021-07-15T06:14:02Z cache-wdc5583 MEWElogs[46369]: UNSH, 1626329641447869434, WDC, 16
<134>2021-07-15T06:14:08Z cache-ams21020 MEWElogs[46369]: UNSH, 1626329647128028926, AMS, 16
<134>2021-07-15T06:15:37Z cache-pdk17882 MEWElogs[46369]: UNSH, 1626329736598382432, PDK, 16
<134>2021-07-15T06:15:53Z cache-bog6425 MEWElogs[46369]: UNSH, 1626329752787681240, BOG, 16
<134>2021-07-15T06:16:05Z cache-pdk17882 MEWElogs[46369]: UNSH, 1626329763989939364, PDK, 16
<134>2021-07-15T06:16:06Z cache-ams21020 MEWElogs[46369]: UNSH, 1626329765946264103, AMS, 16
<134>2021-07-15T06:16:21Z cache-mdw17383 MEWElogs[46369]: UNSH, 1626329781259959092, MDW, 16
<134>2021-07-15T06:16:26Z cache-ord1740 MEWElogs[46369]: UNSH, 1626329785724730526, ORD, 16
<134>2021-07-15T06:17:26Z cache-pdk17882 MEWElogs[46369]: UNSH, 1626329846757609439, PDK, 16
<134>2021-07-15T06:17:56Z cache-ams21020 MEWElogs[46369]: UNSH, 1626329876005341472, AMS, 16
<134>2021-07-15T06:18:22Z cache-wdc5583 MEWElogs[46369]: UNSH, 1626329901441752807, WDC, 16
<134>2021-07-15T06:18:47Z cache-ams21020 MEWElogs[46369]: UNSH, 1626329927288225871, AMS, 16
<134>2021-07-15T06:19:09Z cache-bog6425 MEWElogs[46369]: UNSH, 1626329948386109916, BOG, 16
<134>2021-07-15T06:19:30Z cache-maa10251 MEWElogs[46369]: UNSH, 1626329969400642515, MAA, 16
<134>2021-07-15T06:20:11Z cache-cph20625 MEWElogs[46369]: UNSH, 1626330010859731272, CPH, 16
<134>2021-07-15T06:20:47Z cache-bog6425 MEWElogs[46369]: UNSH, 1626330046239267710, BOG, 16
<134>2021-07-15T06:20:59Z cache-pdk17882 MEWElogs[46369]: UNSH, 1626330058524758536, PDK, 16
<134>2021-07-15T06:21:20Z cache-ams21020 MEWElogs[46369]: UNSH, 1626330079812804579, AMS, 16
