<134>2021-07-14T17:43:19Z cache-osl6529 MEWElogs[292213]: FLIPH, 1626284598362873682, OSL, 10
<134>2021-07-14T17:43:26Z cache-bom4751 MEWElogs[292213]: FLIPH, 1626284605669318493, BOM, -1
<134>2021-07-14T17:43:42Z cache-gru17149 MEWElogs[292213]: FLIPH, 1626284620970671377, GRU, 10
<134>2021-07-14T17:44:22Z cache-cdg20720 MEWElogs[292213]: FLIPH, 1626284661764370919, CDG, -1
<134>2021-07-14T17:44:37Z cache-ewr18156 MEWElogs[292213]: FLIPH, 1626284676721482867, EWR, 10
<134>2021-07-14T17:45:23Z cache-ewr18156 MEWElogs[292213]: FLIPH, 1626284722899545225, EWR, 10
<134>2021-07-14T17:45:58Z cache-mel11272 MEWElogs[292213]: FLIPH, 1626284757189149482, MEL, -1
<134>2021-07-14T17:46:03Z cache-gig17035 MEWElogs[292213]: FLIPH, 1626284762227046480, GIG, -1
<134>2021-07-14T17:46:05Z cache-lga21983 MEWElogs[292213]: FLIPH, 1626284764502852134, LGA, -1
<134>2021-07-14T17:46:10Z cache-mel11272 MEWElogs[292213]: FLIPH, 1626284769784594521, MEL, 10
<134>2021-07-14T17:46:14Z cache-gru17149 MEWElogs[292213]: FLIPH, 1626284773765738782, GRU, 10
<134>2021-07-14T17:46:41Z cache-itm18851 MEWElogs[292213]: FLIPH, 1626284800275344444, ITM, 10
<134>2021-07-14T17:47:02Z cache-bom4751 MEWElogs[292213]: FLIPH, 1626284821063939344, BOM, -1
<134>2021-07-14T17:47:06Z cache-cdg20720 MEWElogs[292213]: FLIPH, 1626284825350393233, CDG, -1
<134>2021-07-14T17:47:12Z cache-gru17149 MEWElogs[292213]: FLIPH, 1626284830529611204, GRU, 10
<134>2021-07-14T17:47:22Z cache-itm18851 MEWElogs[292213]: FLIPH, 1626284842226315331, ITM, 10
<134>2021-07-14T17:47:27Z cache-gru17149 MEWElogs[292213]: FLIPH, 1626284846722623570, GRU, -1
<134>2021-07-14T17:47:40Z cache-pao17461 MEWElogs[292213]: FLIPH, 1626284859048704638, PAO, -1
<134>2021-07-14T17:48:37Z cache-cdg20720 MEWElogs[292213]: FLIPH, 1626284915994567505, CDG, -1
<134>2021-07-14T17:48:49Z cache-cdg20720 MEWElogs[292213]: FLIPH, 1626284929598600318, CDG, 10
<134>2021-07-14T17:49:25Z cache-stl4834 MEWElogs[292213]: FLIPH, 1626284964327213112, STL, 10
<134>2021-07-14T17:49:44Z cache-pao17461 MEWElogs[292213]: FLIPH, 1626284983490657880, PAO, -1
<134>2021-07-14T17:50:17Z cache-hnd18722 MEWElogs[292213]: FLIPH, 1626285016779810768, HND, -1
<134>2021-07-14T17:50:20Z cache-gru17149 MEWElogs[292213]: FLIPH, 1626285018925820633, GRU, -1
<134>2021-07-14T17:50:51Z cache-hnd18722 MEWElogs[292213]: FLIPH, 1626285050024656501, HND, -1
<134>2021-07-14T17:50:56Z cache-pao17461 MEWElogs[292213]: FLIPH, 1626285056615646518, PAO, -1
<134>2021-07-14T17:51:03Z cache-bom4751 MEWElogs[292213]: FLIPH, 1626285062864329632, BOM, -1
<134>2021-07-14T17:51:16Z cache-stl4834 MEWElogs[292213]: FLIPH, 1626285076474305006, STL, -1
<134>2021-07-14T17:51:42Z cache-syd10183 MEWElogs[292213]: FLIPH, 1626285100965031883, SYD, -1
<134>2021-07-14T17:51:43Z cache-itm18851 MEWElogs[292213]: FLIPH, 1626285102230372290, ITM, 10
<134>2021-07-14T17:51:53Z cache-itm18851 MEWElogs[292213]: FLIPH, 1626285112618282644, ITM, 10
<134>2021-07-14T17:52:07Z cache-gru17149 MEWElogs[292213]: FLIPH, 1626285126090379165, GRU, 10
<134>2021-07-14T17:52:11Z cache-itm18851 MEWElogs[292213]: FLIPH, 1626285130612157260, ITM, -1
<134>2021-07-14T17:52:11Z cache-cgh11122 MEWElogs[292213]: FLIPH, 1626285130577135920, CGH, -1
<134>2021-07-14T17:52:13Z cache-gru17149 MEWElogs[292213]: FLIPH, 1626285132858569518, GRU, -1
<134>2021-07-14T17:52:14Z cache-syd10183 MEWElogs[292213]: FLIPH, 1626285133571755081, SYD, 10
<134>2021-07-14T17:52:24Z cache-syd10183 MEWElogs[292213]: FLIPH, 1626285143540358831, SYD, 10
<134>2021-07-14T17:52:35Z cache-scl19427 MEWElogs[292213]: FLIPH, 1626285155256684741, SCL, 10
<134>2021-07-14T17:52:45Z cache-gru17149 MEWElogs[292213]: FLIPH, 1626285164873559478, GRU, 10
<134>2021-07-14T17:53:01Z cache-scl19427 MEWElogs[292213]: FLIPH, 1626285180304871377, SCL, 10
<134>2021-07-14T17:53:08Z cache-hnd18722 MEWElogs[292213]: FLIPH, 1626285188116265695, HND, -1
