<134>2021-07-14T21:31:00Z cache-dub4329 MEWElogs[355776]: BLUR, 1626298259511090505, DUB, 11
<134>2021-07-14T21:31:10Z cache-bos4657 MEWElogs[355776]: BLUR, 1626298269544918257, BOS, 11
<134>2021-07-14T21:31:43Z cache-bos4657 MEWElogs[355776]: BLUR, 1626298302151514080, BOS, 11
<134>2021-07-14T21:32:09Z cache-fty21383 MEWElogs[355776]: BLUR, 1626298328808297724, FTY, 11
<134>2021-07-14T21:32:45Z cache-hhn4077 MEWElogs[355776]: BLUR, 1626298364848162742, HHN, 11
<134>2021-07-14T21:33:33Z cache-bos4657 MEWElogs[355776]: BLUR, 1626298413522371169, BOS, 11
<134>2021-07-14T21:34:14Z cache-hhn4077 MEWElogs[355776]: BLUR, 1626298453697239766, HHN, 11
<134>2021-07-14T21:34:45Z cache-fty21383 MEWElogs[355776]: BLUR, 1626298484007271704, FTY, 11
<134>2021-07-14T21:34:58Z cache-fty21383 MEWElogs[355776]: BLUR, 1626298497854843968, FTY, 11
<134>2021-07-14T21:35:55Z cache-bos4657 MEWElogs[355776]: BLUR, 1626298555780048057, BOS, 11
<134>2021-07-14T21:36:25Z cache-fty21383 MEWElogs[355776]: BLUR, 1626298584016248904, FTY, 11
<134>2021-07-14T21:36:38Z cache-fty21383 MEWElogs[355776]: BLUR, 1626298597958553693, FTY, 11
<134>2021-07-14T21:36:50Z cache-akl10324 MEWElogs[355776]: BLUR, 1626298610269723309, AKL, 11
<134>2021-07-14T21:37:00Z cache-dfw18678 MEWElogs[355776]: BLUR, 1626298619259676932, DFW, 11
<134>2021-07-14T21:37:49Z cache-bos4657 MEWElogs[355776]: BLUR, 1626298668684168589, BOS, 11
<134>2021-07-14T21:37:57Z cache-akl10324 MEWElogs[355776]: BLUR, 1626298676780392793, AKL, 11
<134>2021-07-14T21:37:58Z cache-dub4329 MEWElogs[355776]: BLUR, 1626298677151398202, DUB, 11
<134>2021-07-14T21:38:14Z cache-pwk4920 MEWElogs[355776]: BLUR, 1626298694394186473, PWK, 11
<134>2021-07-14T21:39:10Z cache-akl10324 MEWElogs[355776]: BLUR, 1626298749171485719, AKL, 11
<134>2021-07-14T21:39:15Z cache-del21735 MEWElogs[355776]: BLUR, 1626298754528252661, DEL, 11
<134>2021-07-14T21:40:48Z cache-hel6829 MEWElogs[355776]: BLUR, 1626298847878634397, HEL, 11
