<134>2021-07-15T06:30:08Z cache-del21735 MEWElogs[292213]: UNSH, 1626330607155001881, DEL, 16
<134>2021-07-15T06:30:50Z cache-fty21383 MEWElogs[292213]: UNSH, 1626330649213671327, FTY, 16
<134>2021-07-15T06:31:03Z cache-akl10324 MEWElogs[292213]: UNSH, 1626330662213144639, AKL, 16
<134>2021-07-15T06:32:08Z cache-pwk4920 MEWElogs[292213]: UNSH, 1626330727801825693, PWK, 16
<134>2021-07-15T06:32:13Z cache-bos4657 MEWElogs[292213]: UNSH, 1626330732794026820, BOS, 16
<134>2021-07-15T06:32:18Z cache-hhn4077 MEWElogs[292213]: UNSH, 1626330737043578609, HHN, 16
<134>2021-07-15T06:32:36Z cache-hhn4077 MEWElogs[292213]: UNSH, 1626330755579992081, HHN, 16
<134>2021-07-15T06:32:40Z cache-bos4657 MEWElogs[292213]: UNSH, 1626330759757137831, BOS, 16
<134>2021-07-15T06:33:03Z cache-akl10324 MEWElogs[292213]: UNSH, 1626330783506906778, AKL, 16
<134>2021-07-15T06:33:14Z cache-dfw18678 MEWElogs[292213]: UNSH, 1626330793234502634, DFW, 16
<134>2021-07-15T06:33:37Z cache-del21735 MEWElogs[292213]: UNSH, 1626330817169707694, DEL, 16
<134>2021-07-15T06:33:47Z cache-del21735 MEWElogs[292213]: UNSH, 1626330826655099587, DEL, 16
<134>2021-07-15T06:34:02Z cache-pwk4920 MEWElogs[292213]: UNSH, 1626330841070946180, PWK, 16
<134>2021-07-15T06:34:19Z cache-dub4329 MEWElogs[292213]: UNSH, 1626330858204971995, DUB, 16
<134>2021-07-15T06:34:44Z cache-dal21283 MEWElogs[292213]: UNSH, 1626330883670321505, DAL, 16
<134>2021-07-15T06:35:03Z cache-bos4657 MEWElogs[292213]: UNSH, 1626330902949947581, BOS, 16
<134>2021-07-15T06:35:25Z cache-dub4329 MEWElogs[292213]: UNSH, 1626330924545159532, DUB, 16
<134>2021-07-15T06:35:36Z cache-pwk4920 MEWElogs[292213]: UNSH, 1626330935491309946, PWK, 16
<134>2021-07-15T06:36:01Z cache-del21735 MEWElogs[292213]: UNSH, 1626330960601762736, DEL, 16
<134>2021-07-15T06:36:04Z cache-pwk4920 MEWElogs[292213]: UNSH, 1626330963387107975, PWK, 16
<134>2021-07-15T06:36:05Z cache-hhn4077 MEWElogs[292213]: UNSH, 1626330965789931339, HHN, 16
<134>2021-07-15T06:36:44Z cache-akl10324 MEWElogs[292213]: UNSH, 1626331003670155448, AKL, 16
<134>2021-07-15T06:36:47Z cache-dub4329 MEWElogs[292213]: UNSH, 1626331006702724002, DUB, 16
<134>2021-07-15T06:36:57Z cache-fty21383 MEWElogs[292213]: UNSH, 1626331016374441093, FTY, 16
<134>2021-07-15T06:37:34Z cache-bos4657 MEWElogs[292213]: UNSH, 1626331053793224694, BOS, 16
<134>2021-07-15T06:37:43Z cache-bos4657 MEWElogs[292213]: UNSH, 1626331062626496658, BOS, 16
<134>2021-07-15T06:37:50Z cache-dal21283 MEWElogs[292213]: UNSH, 1626331069032059376, DAL, 16
<134>2021-07-15T06:37:53Z cache-dub4329 MEWElogs[292213]: UNSH, 1626331072625609595, DUB, 16
<134>2021-07-15T06:38:24Z cache-del21735 MEWElogs[292213]: UNSH, 1626331103478460079, DEL, 16
<134>2021-07-15T06:38:28Z cache-bos4657 MEWElogs[292213]: UNSH, 1626331107157760351, BOS, 16
<134>2021-07-15T06:38:43Z cache-dub4329 MEWElogs[292213]: UNSH, 1626331122167882327, DUB, 16
<134>2021-07-15T06:38:50Z cache-cwb20520 MEWElogs[292213]: UNSH, 1626331129831505123, CWB, 16
<134>2021-07-15T06:38:54Z cache-bos4657 MEWElogs[292213]: UNSH, 1626331133939420643, BOS, 16
<134>2021-07-15T06:39:11Z cache-del21735 MEWElogs[292213]: UNSH, 1626331150735129758, DEL, 16
