<134>2021-07-15T06:13:36Z cache-maa10251 MEWElogs[21956]: UNSH, 1626329615443072471, MAA, 16
<134>2021-07-15T06:13:58Z cache-mdw17383 MEWElogs[21956]: UNSH, 1626329637294760816, MDW, 16
<134>2021-07-15T06:13:58Z cache-ams21020 MEWElogs[21956]: UNSH, 1626329637527611119, AMS, 16
<134>2021-07-15T06:14:06Z cache-cph20625 MEWElogs[21956]: UNSH, 1626329645345498526, CPH, 16
<134>2021-07-15T06:14:33Z cache-wdc5583 MEWElogs[21956]: UNSH, 1626329672345245352, WDC, 16
<134>2021-07-15T06:14:49Z cache-ams21020 MEWElogs[21956]: UNSH, 1626329688748328497, AMS, 16
<134>2021-07-15T06:14:55Z cache-dca17782 MEWElogs[21956]: UNSH, 1626329695153084540, DCA, 16
<134>2021-07-15T06:15:05Z cache-dca17782 MEWElogs[21956]: UNSH, 1626329704789260103, DCA, 16
<134>2021-07-15T06:15:18Z cache-cph20625 MEWElogs[21956]: UNSH, 1626329717875490568, CPH, 16
<134>2021-07-15T06:15:38Z cache-cmh21547 MEWElogs[21956]: UNSH, 1626329737393344134, CMH, 16
<134>2021-07-15T06:15:58Z cache-ams21020 MEWElogs[21956]: UNSH, 1626329757452160164, AMS, 16
<134>2021-07-15T06:16:32Z cache-ams21020 MEWElogs[21956]: UNSH, 1626329791207376788, AMS, 16
<134>2021-07-15T06:16:51Z cache-dca17782 MEWElogs[21956]: UNSH, 1626329810058620346, DCA, 16
<134>2021-07-15T06:17:01Z cache-bog6425 MEWElogs[21956]: UNSH, 1626329820986644980, BOG, 16
<134>2021-07-15T06:17:03Z cache-maa10251 MEWElogs[21956]: UNSH, 1626329821860695307, MAA, 16
<134>2021-07-15T06:17:07Z cache-mdw17383 MEWElogs[21956]: UNSH, 1626329826044377949, MDW, 16
<134>2021-07-15T06:17:28Z cache-mdw17383 MEWElogs[21956]: UNSH, 1626329848018832702, MDW, 16
<134>2021-07-15T06:17:40Z cache-cmh21547 MEWElogs[21956]: UNSH, 1626329859302909322, CMH, 16
<134>2021-07-15T06:17:44Z cache-ord1740 MEWElogs[21956]: UNSH, 1626329863118085178, ORD, 16
<134>2021-07-15T06:17:50Z cache-mdw17383 MEWElogs[21956]: UNSH, 1626329869675731945, MDW, 16
<134>2021-07-15T06:17:53Z cache-ord1740 MEWElogs[21956]: UNSH, 1626329872779974709, ORD, 16
<134>2021-07-15T06:18:00Z cache-bog6425 MEWElogs[21956]: UNSH, 1626329879079308576, BOG, 16
<134>2021-07-15T06:18:19Z cache-bog6425 MEWElogs[21956]: UNSH, 1626329898582172176, BOG, 16
<134>2021-07-15T06:18:51Z cache-ord1740 MEWElogs[21956]: UNSH, 1626329930523504133, ORD, 16
<134>2021-07-15T06:19:11Z cache-ord1740 MEWElogs[21956]: UNSH, 1626329950371272731, ORD, 16
<134>2021-07-15T06:19:18Z cache-bog6425 MEWElogs[21956]: UNSH, 1626329958024213436, BOG, 16
<134>2021-07-15T06:19:53Z cache-dca17782 MEWElogs[21956]: UNSH, 1626329992515828052, DCA, 16
<134>2021-07-15T06:19:54Z cache-ams21020 MEWElogs[21956]: UNSH, 1626329994488795272, AMS, 16
<134>2021-07-15T06:20:08Z cache-bog6425 MEWElogs[21956]: UNSH, 1626330007245099278, BOG, 16
<134>2021-07-15T06:20:20Z cache-ams21020 MEWElogs[21956]: UNSH, 1626330019516635507, AMS, 16
<134>2021-07-15T06:20:22Z cache-dca17782 MEWElogs[21956]: UNSH, 1626330021718836907, DCA, 16
<134>2021-07-15T06:20:25Z cache-cmh21547 MEWElogs[21956]: UNSH, 1626330024468108003, CMH, 16
<134>2021-07-15T06:20:32Z cache-dca17782 MEWElogs[21956]: UNSH, 1626330031236683945, DCA, 16
<134>2021-07-15T06:20:46Z cache-wdc5583 MEWElogs[21956]: UNSH, 1626330045732579789, WDC, 16
<134>2021-07-15T06:21:18Z cache-maa10251 MEWElogs[21956]: UNSH, 1626330076910356289, MAA, 16
<134>2021-07-15T06:21:27Z cache-maa10251 MEWElogs[21956]: UNSH, 1626330086681312762, MAA, 16
<134>2021-07-15T06:21:28Z cache-ams21020 MEWElogs[21956]: UNSH, 1626330088168706273, AMS, 16
<134>2021-07-15T06:22:20Z cache-ams21020 MEWElogs[21956]: UNSH, 1626330139759835806, AMS, 16
<134>2021-07-15T06:22:24Z cache-ord1740 MEWElogs[21956]: UNSH, 1626330143848396400, ORD, 16
<134>2021-07-15T06:22:27Z cache-mdw17383 MEWElogs[21956]: UNSH, 1626330146264926012, MDW, 16
<134>2021-07-15T06:22:50Z cache-wdc5583 MEWElogs[21956]: UNSH, 1626330170764222819, WDC, 16
<134>2021-07-15T06:22:53Z cache-ord1740 MEWElogs[21956]: UNSH, 1626330172767097640, ORD, 16
<134>2021-07-15T06:23:10Z cache-cmh21547 MEWElogs[21956]: UNSH, 1626330189675999798, CMH, 16
<134>2021-07-15T06:23:22Z cache-ord1740 MEWElogs[21956]: UNSH, 1626330201499796266, ORD, 16
