<134>2021-07-14T17:52:29Z cache-hnd18722 MEWElogs[503012]: FLIPH, 1626285148309091774, HND, 10
<134>2021-07-14T17:52:33Z cache-bom4751 MEWElogs[503012]: FLIPH, 1626285153342995160, BOM, 10
<134>2021-07-14T17:52:35Z cache-cgh11122 MEWElogs[503012]: FLIPH, 1626285153943605858, CGH, 10
<134>2021-07-14T17:52:54Z cache-stl4834 MEWElogs[503012]: FLIPH, 1626285173341234519, STL, 10
<134>2021-07-14T17:52:55Z cache-cgh11122 MEWElogs[503012]: FLIPH, 1626285174288623252, CGH, 10
<134>2021-07-14T17:52:55Z cache-gru17149 MEWElogs[503012]: FLIPH, 1626285174338537206, GRU, 10
<134>2021-07-14T17:53:02Z cache-pao17461 MEWElogs[503012]: FLIPH, 1626285181096143546, PAO, -1
<134>2021-07-14T17:53:11Z cache-pao17461 MEWElogs[503012]: FLIPH, 1626285191123950087, PAO, -1
<134>2021-07-14T17:53:13Z cache-itm18851 MEWElogs[503012]: FLIPH, 1626285192871231370, ITM, -1
<134>2021-07-14T17:53:26Z cache-gig17035 MEWElogs[503012]: FLIPH, 1626285205911649148, GIG, 10
<134>2021-07-14T17:53:38Z cache-gig17035 MEWElogs[503012]: FLIPH, 1626285217931680866, GIG, 10
<134>2021-07-14T17:53:42Z cache-stl4834 MEWElogs[503012]: FLIPH, 1626285221898155789, STL, -1
<134>2021-07-14T17:54:05Z cache-hnd18722 MEWElogs[503012]: FLIPH, 1626285243999786281, HND, 10
<134>2021-07-14T17:54:06Z cache-syd10183 MEWElogs[503012]: FLIPH, 1626285245239867038, SYD, -1
<134>2021-07-14T17:54:10Z cache-scl19427 MEWElogs[503012]: FLIPH, 1626285248972084394, SCL, -1
<134>2021-07-14T17:54:18Z cache-gru17149 MEWElogs[503012]: FLIPH, 1626285257876577197, GRU, -1
<134>2021-07-14T17:54:24Z cache-hnd18722 MEWElogs[503012]: FLIPH, 1626285262927887669, HND, -1
<134>2021-07-14T17:54:28Z cache-cgh11122 MEWElogs[503012]: FLIPH, 1626285267041279900, CGH, 10
<134>2021-07-14T17:54:38Z cache-stl4834 MEWElogs[503012]: FLIPH, 1626285277546770087, STL, 10
<134>2021-07-14T17:54:44Z cache-sjc10078 MEWElogs[503012]: FLIPH, 1626285283230518769, SJC, -1
<134>2021-07-14T17:54:48Z cache-pao17461 MEWElogs[503012]: FLIPH, 1626285288511383589, PAO, 10
<134>2021-07-14T17:54:56Z cache-pao17461 MEWElogs[503012]: FLIPH, 1626285295561586715, PAO, -1
<134>2021-07-14T17:55:04Z cache-tyo11974 MEWElogs[503012]: FLIPH, 1626285303089054273, TYO, -1
<134>2021-07-14T17:55:06Z cache-gru17149 MEWElogs[503012]: FLIPH, 1626285305767233742, GRU, -1
<134>2021-07-14T17:55:18Z cache-sjc10078 MEWElogs[503012]: FLIPH, 1626285317272414148, SJC, 10
<134>2021-07-14T17:55:25Z cache-gru17149 MEWElogs[503012]: FLIPH, 1626285324926839405, GRU, -1
<134>2021-07-14T17:55:39Z cache-scl19427 MEWElogs[503012]: FLIPH, 1626285338316731232, SCL, 10
<134>2021-07-14T17:55:54Z cache-tyo11974 MEWElogs[503012]: FLIPH, 1626285353603504221, TYO, 10
<134>2021-07-14T17:56:09Z cache-pao17461 MEWElogs[503012]: FLIPH, 1626285368988726204, PAO, -1
<134>2021-07-14T17:56:11Z cache-itm18851 MEWElogs[503012]: FLIPH, 1626285370494135072, ITM, -1
<134>2021-07-14T17:56:13Z cache-pao17461 MEWElogs[503012]: FLIPH, 1626285372177196392, PAO, 10
<134>2021-07-14T17:56:24Z cache-itm18851 MEWElogs[503012]: FLIPH, 1626285383707029011, ITM, 10
<134>2021-07-14T17:56:30Z cache-pao17461 MEWElogs[503012]: FLIPH, 1626285389785596172, PAO, -1
<134>2021-07-14T17:56:44Z cache-hnd18722 MEWElogs[503012]: FLIPH, 1626285403489583534, HND, 10
<134>2021-07-14T17:57:02Z cache-hnd18722 MEWElogs[503012]: FLIPH, 1626285421774976524, HND, -1
<134>2021-07-14T17:57:04Z cache-sea4483 MEWElogs[503012]: FLIPH, 1626285424426737747, SEA, 10
<134>2021-07-14T17:57:16Z cache-tyo11974 MEWElogs[503012]: FLIPH, 1626285435201029666, TYO, -1
<134>2021-07-14T17:57:23Z cache-hnd18722 MEWElogs[503012]: FLIPH, 1626285442885012958, HND, -1
<134>2021-07-14T17:57:34Z cache-hnd18722 MEWElogs[503012]: FLIPH, 1626285453650115772, HND, -1
<134>2021-07-14T17:57:44Z cache-tyo11974 MEWElogs[503012]: FLIPH, 1626285462958960486, TYO, -1
<134>2021-07-14T17:57:45Z cache-itm18851 MEWElogs[503012]: FLIPH, 1626285464393429461, ITM, -1
<134>2021-07-14T17:57:46Z cache-tyo11974 MEWElogs[503012]: FLIPH, 1626285465246843719, TYO, 10
<134>2021-07-14T17:57:57Z cache-cgh11183 MEWElogs[503012]: FLIPH, 1626285477142131709, CGH, -1
<134>2021-07-14T17:58:06Z cache-sea4483 MEWElogs[503012]: FLIPH, 1626285486401174836, SEA, -1
<134>2021-07-14T17:58:09Z cache-cgh11122 MEWElogs[503012]: FLIPH, 1626285489597332871, CGH, 10
<134>2021-07-14T17:58:20Z cache-tyo11974 MEWElogs[503012]: FLIPH, 1626285499020415516, TYO, -1
<134>2021-07-14T17:58:53Z cache-sjc10078 MEWElogs[503012]: FLIPH, 1626285532065192453, SJC, -1
<134>2021-07-14T17:59:22Z cache-cgh11183 MEWElogs[503012]: FLIPH, 1626285561096051560, CGH, 10
<134>2021-07-14T17:59:31Z cache-hnd18722 MEWElogs[503012]: FLIPH, 1626285570308681795, HND, -1
<134>2021-07-14T17:59:44Z cache-hnd18722 MEWElogs[503012]: FLIPH, 1626285583824397421, HND, 10
<134>2021-07-14T18:00:08Z cache-pao17461 MEWElogs[503012]: FLIPH, 1626285607554380017, PAO, -1
<134>2021-07-14T18:00:22Z cache-itm18851 MEWElogs[503012]: FLIPH, 1626285621989113982, ITM, 10
<134>2021-07-14T18:00:40Z cache-cgh11183 MEWElogs[503012]: FLIPH, 1626285639772867105, CGH, -1
<134>2021-07-14T18:00:42Z cache-pao17461 MEWElogs[503012]: FLIPH, 1626285642642036262, PAO, 10
<134>2021-07-14T18:01:11Z cache-cgh11183 MEWElogs[503012]: FLIPH, 1626285670068729725, CGH, -1
<134>2021-07-14T18:01:11Z cache-pao17461 MEWElogs[503012]: FLIPH, 1626285670699195718, PAO, -1
<134>2021-07-14T18:01:14Z cache-sea4483 MEWElogs[503012]: FLIPH, 1626285674550829439, SEA, 10
<134>2021-07-14T18:01:14Z cache-pao17461 MEWElogs[503012]: FLIPH, 1626285673855459777, PAO, 10
<134>2021-07-14T18:01:30Z cache-hnd18722 MEWElogs[503012]: FLIPH, 1626285688926185900, HND, -1
<134>2021-07-14T18:01:48Z cache-sea4483 MEWElogs[503012]: FLIPH, 1626285707414581710, SEA, 10
<134>2021-07-14T18:01:50Z cache-sjc10078 MEWElogs[503012]: FLIPH, 1626285709268163251, SJC, -1
<134>2021-07-14T18:01:51Z cache-cgh11122 MEWElogs[503012]: FLIPH, 1626285711193920260, CGH, -1
<134>2021-07-14T18:01:52Z cache-sjc10078 MEWElogs[503012]: FLIPH, 1626285712507572665, SJC, 10
<134>2021-07-14T18:01:54Z cache-cgh11183 MEWElogs[503012]: FLIPH, 1626285713059770877, CGH, 10
<134>2021-07-14T18:01:57Z cache-bma1628 MEWElogs[503012]: FLIPH, 1626285716810195383, BMA, 10
<134>2021-07-14T18:02:04Z cache-cgh11183 MEWElogs[503012]: FLIPH, 1626285723276237871, CGH, 10
<134>2021-07-14T18:02:07Z cache-pao17461 MEWElogs[503012]: FLIPH, 1626285726565178390, PAO, 10
<134>2021-07-14T18:02:26Z cache-itm18851 MEWElogs[503012]: FLIPH, 1626285745735332438, ITM, -1
<134>2021-07-14T18:02:27Z cache-pao17461 MEWElogs[503012]: FLIPH, 1626285747548174167, PAO, 10
