<134>2021-07-15T07:43:15Z cache-man4150 MEWElogs[322581]: UNSH, 1626334994406659224, MAN, 16
<134>2021-07-15T07:43:21Z cache-bom4751 MEWElogs[322581]: UNSH, 1626334999645011827, BOM, 16
<134>2021-07-15T07:43:59Z cache-cdg20720 MEWElogs[322581]: UNSH, 1626335038440120521, CDG, 16
<134>2021-07-15T07:44:37Z cache-lga21983 MEWElogs[322581]: UNSH, 1626335076488356452, LGA, 16
<134>2021-07-15T07:44:41Z cache-lhr7382 MEWElogs[322581]: UNSH, 1626335080871150568, LHR, 16
<134>2021-07-15T07:45:46Z cache-lax10677 MEWElogs[322581]: UNSH, 1626335146037466338, LGB, 16
<134>2021-07-15T07:46:05Z cache-jax20933 MEWElogs[322581]: UNSH, 1626335164791616607, JAX, 16
<134>2021-07-15T07:46:21Z cache-lhr7382 MEWElogs[322581]: UNSH, 1626335181308707000, LHR, 16
<134>2021-07-15T07:46:50Z cache-lax10677 MEWElogs[322581]: UNSH, 1626335209406794767, LGB, 16
<134>2021-07-15T07:47:01Z cache-lax10677 MEWElogs[322581]: UNSH, 1626335220067060317, LGB, 16
<134>2021-07-15T07:47:18Z cache-ewr18156 MEWElogs[322581]: UNSH, 1626335237566339489, EWR, 16
<134>2021-07-15T07:47:27Z cache-bom4751 MEWElogs[322581]: UNSH, 1626335246688171489, BOM, 16
<134>2021-07-15T07:47:55Z cache-ewr18156 MEWElogs[322581]: UNSH, 1626335275308101706, EWR, 16
<134>2021-07-15T07:48:20Z cache-pao17461 MEWElogs[322581]: UNSH, 1626335299609678276, PAO, 16
<134>2021-07-15T07:48:48Z cache-gig17035 MEWElogs[322581]: UNSH, 1626335327332203443, GIG, 16
<134>2021-07-15T07:48:56Z cache-jax20933 MEWElogs[322581]: UNSH, 1626335335149143280, JAX, 16
<134>2021-07-15T07:49:18Z cache-pao17461 MEWElogs[322581]: UNSH, 1626335357116102340, PAO, 16
<134>2021-07-15T07:51:23Z cache-jax20933 MEWElogs[322581]: UNSH, 1626335482683316287, JAX, 16
<134>2021-07-15T07:51:29Z cache-gig17035 MEWElogs[322581]: UNSH, 1626335489109000134, GIG, 16
<134>2021-07-15T07:52:02Z cache-itm18851 MEWElogs[322581]: UNSH, 1626335522443827049, ITM, 16
<134>2021-07-15T07:52:10Z cache-syd10183 MEWElogs[322581]: UNSH, 1626335530537655818, SYD, 16
<134>2021-07-15T07:52:38Z cache-scl19427 MEWElogs[322581]: UNSH, 1626335558374351611, SCL, 16
