<134>2021-07-15T00:58:51Z cache-ewr18156 MEWElogs[216063]: CROP, 1626310731220418852, EWR, 12
<134>2021-07-15T00:58:55Z cache-hnd18722 MEWElogs[216063]: CROP, 1626310734770534456, HND, 12
<134>2021-07-15T00:58:55Z cache-stl4834 MEWElogs[216063]: CROP, 1626310734966630247, STL, 12
<134>2021-07-15T00:58:58Z cache-ewr18156 MEWElogs[216063]: CROP, 1626310738648906587, EWR, 12
<134>2021-07-15T00:58:59Z cache-gru17149 MEWElogs[216063]: CROP, 1626310738101896806, GRU, 12
<134>2021-07-15T00:59:13Z cache-pao17461 MEWElogs[216063]: CROP, 1626310753422704356, PAO, 12
<134>2021-07-15T00:59:25Z cache-stl4834 MEWElogs[216063]: CROP, 1626310764681934961, STL, 12
<134>2021-07-15T00:59:33Z cache-stl4834 MEWElogs[216063]: CROP, 1626310773198352889, STL, 12
<134>2021-07-15T00:59:33Z cache-syd10183 MEWElogs[216063]: CROP, 1626310773253249427, SYD, 12
<134>2021-07-15T00:59:41Z cache-gig17035 MEWElogs[216063]: CROP, 1626310781048498539, GIG, 12
<134>2021-07-15T00:59:41Z cache-hnd18722 MEWElogs[216063]: CROP, 1626310780415816450, HND, 12
<134>2021-07-15T00:59:43Z cache-cgh11122 MEWElogs[216063]: CROP, 1626310782873715776, CGH, 12
<134>2021-07-15T00:59:46Z cache-stl4834 MEWElogs[216063]: CROP, 1626310785777415753, STL, 12
<134>2021-07-15T00:59:46Z cache-itm18851 MEWElogs[216063]: CROP, 1626310785880284679, ITM, 12
<134>2021-07-15T00:59:48Z cache-gru17149 MEWElogs[216063]: CROP, 1626310787241069994, GRU, 12
<134>2021-07-15T00:59:56Z cache-gru17149 MEWElogs[216063]: CROP, 1626310795347564253, GRU, 12
<134>2021-07-15T01:00:16Z cache-syd10183 MEWElogs[216063]: CROP, 1626310816273203780, SYD, 12
<134>2021-07-15T01:00:25Z cache-stl4834 MEWElogs[216063]: CROP, 1626310824506775946, STL, 12
<134>2021-07-15T01:00:26Z cache-pao17461 MEWElogs[216063]: CROP, 1626310825698660613, PAO, 12
<134>2021-07-15T01:00:30Z cache-pao17461 MEWElogs[216063]: CROP, 1626310829745246039, PAO, 12
<134>2021-07-15T01:00:43Z cache-gig17035 MEWElogs[216063]: CROP, 1626310843153811242, GIG, 12
<134>2021-07-15T01:01:14Z cache-gru17149 MEWElogs[216063]: CROP, 1626310873664272227, GRU, 12
<134>2021-07-15T01:01:16Z cache-stl4834 MEWElogs[216063]: CROP, 1626310875208730802, STL, 12
<134>2021-07-15T01:01:29Z cache-gig17035 MEWElogs[216063]: CROP, 1626310889574553198, GIG, 12
<134>2021-07-15T01:01:33Z cache-itm18851 MEWElogs[216063]: CROP, 1626310892854274170, ITM, 12
<134>2021-07-15T01:01:39Z cache-bom4751 MEWElogs[216063]: CROP, 1626310899131255033, BOM, 12
<134>2021-07-15T01:01:51Z cache-gru17149 MEWElogs[216063]: CROP, 1626310910471470623, GRU, 12
<134>2021-07-15T01:01:53Z cache-itm18851 MEWElogs[216063]: CROP, 1626310912232948993, ITM, 12
<134>2021-07-15T01:01:54Z cache-stl4834 MEWElogs[216063]: CROP, 1626310913889447154, STL, 12
<134>2021-07-15T01:01:58Z cache-bom4751 MEWElogs[216063]: CROP, 1626310917381464030, BOM, 12
<134>2021-07-15T01:01:59Z cache-gru17149 MEWElogs[216063]: CROP, 1626310918656546688, GRU, 12
<134>2021-07-15T01:02:03Z cache-gru17149 MEWElogs[216063]: CROP, 1626310922772029960, GRU, 12
<134>2021-07-15T01:02:21Z cache-pao17461 MEWElogs[216063]: CROP, 1626310940222459474, PAO, 12
<134>2021-07-15T01:02:21Z cache-sea4483 MEWElogs[216063]: CROP, 1626310941182242828, SEA, 12
<134>2021-07-15T01:02:23Z cache-stl4834 MEWElogs[216063]: CROP, 1626310943421270284, STL, 12
<134>2021-07-15T01:02:54Z cache-hnd18722 MEWElogs[216063]: CROP, 1626310974235056659, HND, 12
<134>2021-07-15T01:02:56Z cache-itm18851 MEWElogs[216063]: CROP, 1626310975318910069, ITM, 12
<134>2021-07-15T01:02:56Z cache-scl19427 MEWElogs[216063]: CROP, 1626310975918791134, SCL, 12
<134>2021-07-15T01:02:58Z cache-gig17035 MEWElogs[216063]: CROP, 1626310977922109218, GIG, 12
<134>2021-07-15T01:03:10Z cache-itm18851 MEWElogs[216063]: CROP, 1626310990344480493, ITM, 12
<134>2021-07-15T01:03:29Z cache-sea4483 MEWElogs[216063]: CROP, 1626311008410352455, SEA, 12
<134>2021-07-15T01:03:31Z cache-hnd18722 MEWElogs[216063]: CROP, 1626311011130972725, HND, 12
<134>2021-07-15T01:03:43Z cache-sea4483 MEWElogs[216063]: CROP, 1626311022864709585, SEA, 12
<134>2021-07-15T01:03:53Z cache-pao17461 MEWElogs[216063]: CROP, 1626311033591341353, PAO, 12
<134>2021-07-15T01:04:00Z cache-hnd18722 MEWElogs[216063]: CROP, 1626311039354729625, HND, 12
<134>2021-07-15T01:04:14Z cache-itm18851 MEWElogs[216063]: CROP, 1626311053815441912, ITM, 12
<134>2021-07-15T01:04:15Z cache-pao17461 MEWElogs[216063]: CROP, 1626311055369229913, PAO, 12
<134>2021-07-15T01:04:30Z cache-syd10183 MEWElogs[216063]: CROP, 1626311069327268466, SYD, 12
<134>2021-07-15T01:04:37Z cache-hnd18722 MEWElogs[216063]: CROP, 1626311076385798919, HND, 12
<134>2021-07-15T01:04:39Z cache-sjc10078 MEWElogs[216063]: CROP, 1626311079041195330, SJC, 12
<134>2021-07-15T01:04:49Z cache-pao17461 MEWElogs[216063]: CROP, 1626311088886752805, PAO, 12
<134>2021-07-15T01:04:52Z cache-bma1628 MEWElogs[216063]: CROP, 1626311091421355147, BMA, 12
<134>2021-07-15T01:04:55Z cache-bma1628 MEWElogs[216063]: CROP, 1626311094323413964, BMA, 12
<134>2021-07-15T01:04:58Z cache-cgh11122 MEWElogs[216063]: CROP, 1626311097781991542, CGH, 12
<134>2021-07-15T01:05:08Z cache-cgh11183 MEWElogs[216063]: CROP, 1626311107657685564, CGH, 12
<134>2021-07-15T01:05:19Z cache-bma1628 MEWElogs[216063]: CROP, 1626311118124510014, BMA, 12
<134>2021-07-15T01:05:23Z cache-tyo11974 MEWElogs[216063]: CROP, 1626311122501627360, TYO, 12
<134>2021-07-15T01:05:28Z cache-hnd18722 MEWElogs[216063]: CROP, 1626311127510171001, HND, 12
<134>2021-07-15T01:05:33Z cache-cgh11122 MEWElogs[216063]: CROP, 1626311133430122852, CGH, 12
<134>2021-07-15T01:05:38Z cache-cgh11122 MEWElogs[216063]: CROP, 1626311137812336899, CGH, 12
<134>2021-07-15T01:05:39Z cache-sea4483 MEWElogs[216063]: CROP, 1626311139059519014, SEA, 12
<134>2021-07-15T01:05:44Z cache-tyo11974 MEWElogs[216063]: CROP, 1626311143846336768, TYO, 12
<134>2021-07-15T01:05:52Z cache-cgh11183 MEWElogs[216063]: CROP, 1626311151830997575, CGH, 12
<134>2021-07-15T01:06:02Z cache-sjc10078 MEWElogs[216063]: CROP, 1626311161051419359, SJC, 12
<134>2021-07-15T01:06:10Z cache-tyo11974 MEWElogs[216063]: CROP, 1626311169270125146, TYO, 12
<134>2021-07-15T01:06:12Z cache-bma1628 MEWElogs[216063]: CROP, 1626311171476245664, BMA, 12
<134>2021-07-15T01:06:14Z cache-tyo11974 MEWElogs[216063]: CROP, 1626311173493126932, TYO, 12
<134>2021-07-15T01:06:24Z cache-yyz4551 MEWElogs[216063]: CROP, 1626311184033856184, YYZ, 12
<134>2021-07-15T01:06:32Z cache-sea4483 MEWElogs[216063]: CROP, 1626311191323478221, SEA, 12
<134>2021-07-15T01:06:46Z cache-sea4483 MEWElogs[216063]: CROP, 1626311205352708417, SEA, 12
<134>2021-07-15T01:06:50Z cache-bma1628 MEWElogs[216063]: CROP, 1626311209896194180, BMA, 12
<134>2021-07-15T01:06:55Z cache-itm18851 MEWElogs[216063]: CROP, 1626311215693556816, ITM, 12
<134>2021-07-15T01:07:05Z cache-itm18851 MEWElogs[216063]: CROP, 1626311225352166086, ITM, 12
<134>2021-07-15T01:07:23Z cache-bma1628 MEWElogs[216063]: CROP, 1626311242694003680, BMA, 12
<134>2021-07-15T01:07:43Z cache-cgh11183 MEWElogs[216063]: CROP, 1626311263094318471, CGH, 12
<134>2021-07-15T01:07:59Z cache-bma1628 MEWElogs[216063]: CROP, 1626311278103441020, BMA, 12
<134>2021-07-15T01:08:01Z cache-tyo11974 MEWElogs[216063]: CROP, 1626311280534622740, TYO, 12
<134>2021-07-15T01:08:11Z cache-sea4483 MEWElogs[216063]: CROP, 1626311290952598499, SEA, 12
<134>2021-07-15T01:08:14Z cache-vie21629 MEWElogs[216063]: CROP, 1626311292983002159, VIE, 12
<134>2021-07-15T01:08:15Z cache-yyz4551 MEWElogs[216063]: CROP, 1626311295121309302, YYZ, 12
<134>2021-07-15T01:08:19Z cache-tyo11974 MEWElogs[216063]: CROP, 1626311298139212859, TYO, 12
<134>2021-07-15T01:08:31Z cache-sjc10078 MEWElogs[216063]: CROP, 1626311311369453059, SJC, 12
<134>2021-07-15T01:08:32Z cache-cgh11183 MEWElogs[216063]: CROP, 1626311311716188800, CGH, 12
<134>2021-07-15T01:08:41Z cache-cgh11183 MEWElogs[216063]: CROP, 1626311320441302513, CGH, 12
