<134>2021-07-15T04:37:48Z cache-hhn4077 MEWElogs[464521]: ROTATE, 1626323867959601145, HHN, 15
<134>2021-07-15T04:37:52Z cache-dal21283 MEWElogs[464521]: ROTATE, 1626323872026923943, DAL, 15
<134>2021-07-15T04:37:59Z cache-fra19177 MEWElogs[464521]: ROTATE, 1626323878391885993, FRA, 15
<134>2021-07-15T04:38:14Z cache-akl10324 MEWElogs[464521]: ROTATE, 1626323894004904671, AKL, 15
<134>2021-07-15T04:38:29Z cache-hhn4077 MEWElogs[464521]: ROTATE, 1626323909173289341, HHN, 15
<134>2021-07-15T04:38:37Z cache-pwk4920 MEWElogs[464521]: ROTATE, 1626323917396184243, PWK, 15
<134>2021-07-15T04:39:40Z cache-den8274 MEWElogs[464521]: ROTATE, 1626323979295028557, DEN, 15
<134>2021-07-15T04:39:54Z cache-jnb7027 MEWElogs[464521]: ROTATE, 1626323993766653220, JNB, 15
<134>2021-07-15T04:40:14Z cache-jnb7027 MEWElogs[464521]: ROTATE, 1626324013086721566, JNB, 15
<134>2021-07-15T04:41:00Z cache-dal21283 MEWElogs[464521]: ROTATE, 1626324059126258891, DAL, 15
<134>2021-07-15T04:41:12Z cache-den8274 MEWElogs[464521]: ROTATE, 1626324071793050468, DEN, 15
<134>2021-07-15T04:41:21Z cache-lon4249 MEWElogs[464521]: ROTATE, 1626324080387817678, LON, 15
<134>2021-07-15T04:41:27Z cache-lcy19283 MEWElogs[464521]: ROTATE, 1626324086700123427, LCY, 15
<134>2021-07-15T04:41:38Z cache-lon4249 MEWElogs[464521]: ROTATE, 1626324097142367040, LON, 15
<134>2021-07-15T04:41:39Z cache-mad22068 MEWElogs[464521]: ROTATE, 1626324098423554132, MAD, 15
<134>2021-07-15T04:41:40Z cache-iah17271 MEWElogs[464521]: ROTATE, 1626324099990977928, IAH, 15
<134>2021-07-15T04:41:58Z cache-jnb7027 MEWElogs[464521]: ROTATE, 1626324117663164552, JNB, 15
<134>2021-07-15T04:42:01Z cache-fra19177 MEWElogs[464521]: ROTATE, 1626324120399774186, FRA, 15
<134>2021-07-15T04:42:07Z cache-lcy19283 MEWElogs[464521]: ROTATE, 1626324127460008273, LCY, 15
<134>2021-07-15T04:42:32Z cache-bur17583 MEWElogs[464521]: ROTATE, 1626324151774811291, BUR, 15
<134>2021-07-15T04:42:45Z cache-jnb7027 MEWElogs[464521]: ROTATE, 1626324164819291294, JNB, 15
<134>2021-07-15T04:43:10Z cache-dal21283 MEWElogs[464521]: ROTATE, 1626324189676295256, DAL, 15
<134>2021-07-15T04:43:19Z cache-lcy19283 MEWElogs[464521]: ROTATE, 1626324198380612798, LCY, 15
<134>2021-07-15T04:43:24Z cache-lon4249 MEWElogs[464521]: ROTATE, 1626324204093597580, LON, 15
<134>2021-07-15T04:43:42Z cache-jnb7027 MEWElogs[464521]: ROTATE, 1626324221770233042, JNB, 15
<134>2021-07-15T04:43:58Z cache-lcy19283 MEWElogs[464521]: ROTATE, 1626324237931535260, LCY, 15
<134>2021-07-15T04:44:21Z cache-jnb7027 MEWElogs[464521]: ROTATE, 1626324259979693924, JNB, 15
<134>2021-07-15T04:44:38Z cache-mad22068 MEWElogs[464521]: ROTATE, 1626324278048491946, MAD, 15
<134>2021-07-15T04:44:39Z cache-jnb7027 MEWElogs[464521]: ROTATE, 1626324279110638810, JNB, 15
<134>2021-07-15T04:45:12Z cache-lcy19283 MEWElogs[464521]: ROTATE, 1626324311436863188, LCY, 15
<134>2021-07-15T04:45:19Z cache-jnb7027 MEWElogs[464521]: ROTATE, 1626324318230342530, JNB, 15
<134>2021-07-15T04:45:36Z cache-lon4249 MEWElogs[464521]: ROTATE, 1626324335332551219, LON, 15
<134>2021-07-15T04:45:43Z cache-dal21283 MEWElogs[464521]: ROTATE, 1626324342782527272, DAL, 15
<134>2021-07-15T04:45:52Z cache-lcy19283 MEWElogs[464521]: ROTATE, 1626324351353816491, LCY, 15
<134>2021-07-15T04:46:06Z cache-jnb7027 MEWElogs[464521]: ROTATE, 1626324365504021011, JNB, 15
<134>2021-07-15T04:47:01Z cache-bur17583 MEWElogs[464521]: ROTATE, 1626324420738461158, BUR, 15
<134>2021-07-15T04:47:02Z cache-iah17271 MEWElogs[464521]: ROTATE, 1626324421594232905, IAH, 15
<134>2021-07-15T04:47:17Z cache-lon4249 MEWElogs[464521]: ROTATE, 1626324436211112020, LON, 15
