<134>2021-07-14T16:21:38Z cache-mdw17383 MEWElogs[216063]: FLIPH, 1626279698221497126, MDW, 10
<134>2021-07-14T16:22:16Z cache-dca17782 MEWElogs[216063]: FLIPH, 1626279735758417210, DCA, 10
<134>2021-07-14T16:27:07Z cache-ord1740 MEWElogs[216063]: FLIPH, 1626280026497283932, ORD, -1
<134>2021-07-14T16:27:11Z cache-bog6425 MEWElogs[216063]: FLIPH, 1626280030311222531, BOG, 10
<134>2021-07-14T16:27:40Z cache-maa10251 MEWElogs[216063]: FLIPH, 1626280060622560261, MAA, 10
<134>2021-07-14T16:27:51Z cache-maa10251 MEWElogs[216063]: FLIPH, 1626280070708814030, MAA, 10
<134>2021-07-14T16:28:14Z cache-wdc5583 MEWElogs[216063]: FLIPH, 1626280093586854422, WDC, 10
<134>2021-07-14T16:28:23Z cache-pdk17882 MEWElogs[216063]: FLIPH, 1626280102199972523, PDK, 10
<134>2021-07-14T16:28:24Z cache-wdc5583 MEWElogs[216063]: FLIPH, 1626280103915227561, WDC, 10
<134>2021-07-14T16:28:29Z cache-pdk17882 MEWElogs[216063]: FLIPH, 1626280108262162281, PDK, -1
<134>2021-07-14T16:28:30Z cache-maa10251 MEWElogs[216063]: FLIPH, 1626280110133340261, MAA, 10
<134>2021-07-14T16:28:43Z cache-dca17782 MEWElogs[216063]: FLIPH, 1626280123360762803, DCA, 10
<134>2021-07-14T16:28:52Z cache-mdw17383 MEWElogs[216063]: FLIPH, 1626280131264614235, MDW, 10
<134>2021-07-14T16:28:57Z cache-eze19324 MEWElogs[216063]: FLIPH, 1626280136338511019, EZE, -1
<134>2021-07-14T16:29:10Z cache-maa10251 MEWElogs[216063]: FLIPH, 1626280149326386208, MAA, 10
<134>2021-07-14T16:29:11Z cache-eze19324 MEWElogs[216063]: FLIPH, 1626280151382012906, EZE, 10
<134>2021-07-14T16:29:12Z cache-ams21020 MEWElogs[216063]: FLIPH, 1626280151150394762, AMS, -1
<134>2021-07-14T16:29:32Z cache-eze19324 MEWElogs[216063]: FLIPH, 1626280171504212907, EZE, -1
<134>2021-07-14T16:29:36Z cache-ord1740 MEWElogs[216063]: FLIPH, 1626280175705448600, ORD, 10
<134>2021-07-14T16:29:40Z cache-maa10251 MEWElogs[216063]: FLIPH, 1626280179270268365, MAA, 10
<134>2021-07-14T16:30:10Z cache-eze19324 MEWElogs[216063]: FLIPH, 1626280209500568274, EZE, 10
<134>2021-07-14T16:30:24Z cache-dca17782 MEWElogs[216063]: FLIPH, 1626280223647932709, DCA, -1
<134>2021-07-14T16:30:26Z cache-dca17782 MEWElogs[216063]: FLIPH, 1626280226757531082, DCA, 10
<134>2021-07-14T16:30:43Z cache-dca17782 MEWElogs[216063]: FLIPH, 1626280242417769374, DCA, -1
<134>2021-07-14T16:30:43Z cache-eze19324 MEWElogs[216063]: FLIPH, 1626280242327420181, EZE, -1
<134>2021-07-14T16:30:48Z cache-cmh21547 MEWElogs[216063]: FLIPH, 1626280247060278798, CMH, -1
<134>2021-07-14T16:30:57Z cache-eze19324 MEWElogs[216063]: FLIPH, 1626280257270841229, EZE, 10
<134>2021-07-14T16:30:59Z cache-wdc5583 MEWElogs[216063]: FLIPH, 1626280258621538704, WDC, -1
<134>2021-07-14T16:31:13Z cache-mdw17383 MEWElogs[216063]: FLIPH, 1626280272555917274, MDW, -1
<134>2021-07-14T16:31:33Z cache-eze19324 MEWElogs[216063]: FLIPH, 1626280293230631778, EZE, 10
