<134>2021-07-15T04:47:50Z cache-bur17583 MEWElogs[412844]: ROTATE, 1626324469380213061, BUR, 15
<134>2021-07-15T04:47:52Z cache-dal21283 MEWElogs[412844]: ROTATE, 1626324471293215710, DAL, 15
<134>2021-07-15T04:48:01Z cache-lcy19283 MEWElogs[412844]: ROTATE, 1626324481326163924, LCY, 15
<134>2021-07-15T04:48:19Z cache-lon4249 MEWElogs[412844]: ROTATE, 1626324497984489926, LON, 15
<134>2021-07-15T04:48:45Z cache-fra19177 MEWElogs[412844]: ROTATE, 1626324525502377081, FRA, 15
<134>2021-07-15T04:49:01Z cache-dal21283 MEWElogs[412844]: ROTATE, 1626324540222888194, DAL, 15
<134>2021-07-15T04:49:09Z cache-den8274 MEWElogs[412844]: ROTATE, 1626324549007988925, DEN, 15
<134>2021-07-15T04:49:59Z cache-lon4249 MEWElogs[412844]: ROTATE, 1626324598248011915, LON, 15
<134>2021-07-15T04:50:45Z cache-lon4249 MEWElogs[412844]: ROTATE, 1626324644268705932, LON, 15
<134>2021-07-15T04:50:47Z cache-mrs10583 MEWElogs[412844]: ROTATE, 1626324646621796903, MRS, 15
<134>2021-07-15T04:51:08Z cache-lon4249 MEWElogs[412844]: ROTATE, 1626324667300577386, LON, 15
<134>2021-07-15T04:51:24Z cache-dal21283 MEWElogs[412844]: ROTATE, 1626324683499887747, DAL, 15
<134>2021-07-15T04:51:27Z cache-den8274 MEWElogs[412844]: ROTATE, 1626324686868596787, DEN, 15
<134>2021-07-15T04:51:30Z cache-hel6829 MEWElogs[412844]: ROTATE, 1626324689236166751, HEL, 15
<134>2021-07-15T04:51:52Z cache-hkg17929 MEWElogs[412844]: ROTATE, 1626324711344820381, HKG, 15
<134>2021-07-15T04:52:14Z cache-hkg17929 MEWElogs[412844]: ROTATE, 1626324734489608671, HKG, 15
<134>2021-07-15T04:53:00Z cache-mad22068 MEWElogs[412844]: ROTATE, 1626324779531311772, MAD, 15
<134>2021-07-15T04:53:08Z cache-mad22068 MEWElogs[412844]: ROTATE, 1626324787746786148, MAD, 15
<134>2021-07-15T04:53:46Z cache-iah17271 MEWElogs[412844]: ROTATE, 1626324825520225673, IAH, 15
<134>2021-07-15T04:53:48Z cache-lhr7382 MEWElogs[412844]: ROTATE, 1626324828798511577, LHR, 15
<134>2021-07-15T04:54:17Z cache-bur17583 MEWElogs[412844]: ROTATE, 1626324856457539937, BUR, 15
<134>2021-07-15T04:54:28Z cache-mrs10583 MEWElogs[412844]: ROTATE, 1626324867236337990, MRS, 15
<134>2021-07-15T04:54:44Z cache-lhr7382 MEWElogs[412844]: ROTATE, 1626324883763363114, LHR, 15
<134>2021-07-15T04:54:49Z cache-yul12826 MEWElogs[412844]: ROTATE, 1626324889304473275, YUL, 15
<134>2021-07-15T04:54:54Z cache-iah17271 MEWElogs[412844]: ROTATE, 1626324893192016660, IAH, 15
<134>2021-07-15T04:54:56Z cache-hkg17929 MEWElogs[412844]: ROTATE, 1626324895482380211, HKG, 15
<134>2021-07-15T04:55:01Z cache-mci5951 MEWElogs[412844]: ROTATE, 1626324900858364359, MCI, 15
<134>2021-07-15T04:55:05Z cache-iah17271 MEWElogs[412844]: ROTATE, 1626324904646023215, IAH, 15
<134>2021-07-15T04:55:15Z cache-mrs10583 MEWElogs[412844]: ROTATE, 1626324914255174574, MRS, 15
<134>2021-07-15T04:55:24Z cache-lhr7382 MEWElogs[412844]: ROTATE, 1626324923767399144, LHR, 15
<134>2021-07-15T04:55:32Z cache-lhr7382 MEWElogs[412844]: ROTATE, 1626324931674688056, LHR, 15
<134>2021-07-15T04:55:53Z cache-mci5951 MEWElogs[412844]: ROTATE, 1626324952874830037, MCI, 15
<134>2021-07-15T04:56:04Z cache-mci5951 MEWElogs[412844]: ROTATE, 1626324963362233207, MCI, 15
<134>2021-07-15T04:56:18Z cache-man4150 MEWElogs[412844]: ROTATE, 1626324978383942087, MAN, 15
<134>2021-07-15T04:56:34Z cache-man4150 MEWElogs[412844]: ROTATE, 1626324993868203900, MAN, 15
<134>2021-07-15T04:57:03Z cache-bur17583 MEWElogs[412844]: ROTATE, 1626325023304803847, BUR, 15
<134>2021-07-15T04:57:06Z cache-mci5951 MEWElogs[412844]: ROTATE, 1626325026366352389, MCI, 15
<134>2021-07-15T04:57:14Z cache-lhr7382 MEWElogs[412844]: ROTATE, 1626325033534210832, LHR, 15
<134>2021-07-15T04:57:14Z cache-hkg17929 MEWElogs[412844]: ROTATE, 1626325033641039350, HKG, 15
<134>2021-07-15T04:57:48Z cache-hkg17929 MEWElogs[412844]: ROTATE, 1626325067791843304, HKG, 15
