<134>2021-07-14T16:52:06Z cache-hhn4077 MEWElogs[382896]: FLIPH, 1626281526004654577, HHN, -1
<134>2021-07-14T16:52:10Z cache-dub4329 MEWElogs[382896]: FLIPH, 1626281529070341590, DUB, -1
<134>2021-07-14T16:52:10Z cache-hhn4077 MEWElogs[382896]: FLIPH, 1626281530177862359, HHN, 10
<134>2021-07-14T16:52:11Z cache-del21735 MEWElogs[382896]: FLIPH, 1626281529865222091, DEL, -1
<134>2021-07-14T16:52:22Z cache-dfw18678 MEWElogs[382896]: FLIPH, 1626281541673613806, DFW, 10
<134>2021-07-14T16:52:22Z cache-cph20625 MEWElogs[382896]: FLIPH, 1626281542356390307, CPH, 10
<134>2021-07-14T16:52:34Z cache-cph20625 MEWElogs[382896]: FLIPH, 1626281553712357289, CPH, 10
<134>2021-07-14T16:52:40Z cache-pwk4920 MEWElogs[382896]: FLIPH, 1626281559625814110, PWK, 10
<134>2021-07-14T16:52:56Z cache-dfw18678 MEWElogs[382896]: FLIPH, 1626281575442917200, DFW, 10
<134>2021-07-14T16:53:30Z cache-hhn4077 MEWElogs[382896]: FLIPH, 1626281610369070828, HHN, 10
<134>2021-07-14T16:53:36Z cache-pwk4920 MEWElogs[382896]: FLIPH, 1626281616263999765, PWK, -1
<134>2021-07-14T16:53:36Z cache-cph20625 MEWElogs[382896]: FLIPH, 1626281615856444728, CPH, -1
<134>2021-07-14T16:53:42Z cache-hhn4077 MEWElogs[382896]: FLIPH, 1626281622283277556, HHN, 10
<134>2021-07-14T16:53:52Z cache-cph20625 MEWElogs[382896]: FLIPH, 1626281631400816038, CPH, 10
<134>2021-07-14T16:54:00Z cache-akl10324 MEWElogs[382896]: FLIPH, 1626281639480644507, AKL, -1
<134>2021-07-14T16:54:04Z cache-fty21383 MEWElogs[382896]: FLIPH, 1626281644221341224, FTY, -1
<134>2021-07-14T16:54:28Z cache-chi21126 MEWElogs[382896]: FLIPH, 1626281667815489926, CHI, 10
<134>2021-07-14T16:54:29Z cache-fty21383 MEWElogs[382896]: FLIPH, 1626281668904696453, FTY, -1
<134>2021-07-14T16:54:40Z cache-fty21383 MEWElogs[382896]: FLIPH, 1626281679647088419, FTY, 10
<134>2021-07-14T16:54:40Z cache-hhn4077 MEWElogs[382896]: FLIPH, 1626281680247552253, HHN, 10
<134>2021-07-14T16:54:43Z cache-cph20625 MEWElogs[382896]: FLIPH, 1626281682853018178, CPH, -1
<134>2021-07-14T16:54:48Z cache-fty21383 MEWElogs[382896]: FLIPH, 1626281687810875180, FTY, 10
<134>2021-07-14T16:54:51Z cache-bos4657 MEWElogs[382896]: FLIPH, 1626281690401761070, BOS, 10
<134>2021-07-14T16:55:06Z cache-dfw18678 MEWElogs[382896]: FLIPH, 1626281705747504576, DFW, -1
<134>2021-07-14T16:55:08Z cache-bos4657 MEWElogs[382896]: FLIPH, 1626281708492158469, BOS, 10
<134>2021-07-14T16:55:09Z cache-pwk4920 MEWElogs[382896]: FLIPH, 1626281708833590276, PWK, 10
<134>2021-07-14T16:55:11Z cache-akl10324 MEWElogs[382896]: FLIPH, 1626281710122283503, AKL, -1
<134>2021-07-14T16:55:24Z cache-del21735 MEWElogs[382896]: FLIPH, 1626281724178806221, DEL, -1
<134>2021-07-14T16:55:26Z cache-dub4329 MEWElogs[382896]: FLIPH, 1626281726197092683, DUB, -1
<134>2021-07-14T16:55:40Z cache-pwk4920 MEWElogs[382896]: FLIPH, 1626281739221138159, PWK, 10
<134>2021-07-14T16:55:46Z cache-del21735 MEWElogs[382896]: FLIPH, 1626281745316070546, DEL, -1
<134>2021-07-14T16:55:59Z cache-dub4329 MEWElogs[382896]: FLIPH, 1626281758858101302, DUB, -1
<134>2021-07-14T16:55:59Z cache-chi21126 MEWElogs[382896]: FLIPH, 1626281759683566412, CHI, -1
<134>2021-07-14T16:56:04Z cache-akl10324 MEWElogs[382896]: FLIPH, 1626281764404221958, AKL, 10
<134>2021-07-14T16:56:37Z cache-bos4657 MEWElogs[382896]: FLIPH, 1626281796853176756, BOS, -1
<134>2021-07-14T16:56:50Z cache-chi21126 MEWElogs[382896]: FLIPH, 1626281809715248192, CHI, 10
<134>2021-07-14T16:57:03Z cache-del21735 MEWElogs[382896]: FLIPH, 1626281821900788884, DEL, -1
<134>2021-07-14T16:57:03Z cache-akl10324 MEWElogs[382896]: FLIPH, 1626281822227538202, AKL, -1
<134>2021-07-14T16:57:15Z cache-del21735 MEWElogs[382896]: FLIPH, 1626281834005037376, DEL, 10
<134>2021-07-14T16:57:18Z cache-dub4329 MEWElogs[382896]: FLIPH, 1626281837356925239, DUB, -1
<134>2021-07-14T16:57:20Z cache-dub4329 MEWElogs[382896]: FLIPH, 1626281839938552086, DUB, 10
<134>2021-07-14T16:57:30Z cache-cph20625 MEWElogs[382896]: FLIPH, 1626281849806292934, CPH, -1
<134>2021-07-14T16:57:35Z cache-akl10324 MEWElogs[382896]: FLIPH, 1626281854797700040, AKL, 10
<134>2021-07-14T16:58:12Z cache-hel6829 MEWElogs[382896]: FLIPH, 1626281892057516716, HEL, -1
<134>2021-07-14T16:58:15Z cache-pwk4920 MEWElogs[382896]: FLIPH, 1626281895337094087, PWK, -1
<134>2021-07-14T16:58:19Z cache-del21735 MEWElogs[382896]: FLIPH, 1626281899745231704, DEL, -1
<134>2021-07-14T16:58:29Z cache-jnb7027 MEWElogs[382896]: FLIPH, 1626281908552053801, JNB, 10
<134>2021-07-14T16:58:47Z cache-jnb7027 MEWElogs[382896]: FLIPH, 1626281926015171338, JNB, -1
<134>2021-07-14T16:58:56Z cache-jnb7027 MEWElogs[382896]: FLIPH, 1626281935806664957, JNB, -1
<134>2021-07-14T16:58:59Z cache-hhn4077 MEWElogs[382896]: FLIPH, 1626281938767188155, HHN, 10
<134>2021-07-14T16:59:15Z cache-lcy19283 MEWElogs[382896]: FLIPH, 1626281955402619532, LCY, 10
<134>2021-07-14T16:59:15Z cache-jnb7027 MEWElogs[382896]: FLIPH, 1626281955238569884, JNB, -1
<134>2021-07-14T16:59:24Z cache-hel6829 MEWElogs[382896]: FLIPH, 1626281964181954380, HEL, 10
<134>2021-07-14T16:59:27Z cache-dfw18678 MEWElogs[382896]: FLIPH, 1626281966183554497, DFW, -1
<134>2021-07-14T16:59:29Z cache-dfw18678 MEWElogs[382896]: FLIPH, 1626281969401799547, DFW, 10
<134>2021-07-14T16:59:42Z cache-fra19177 MEWElogs[382896]: FLIPH, 1626281981199751819, FRA, -1
<134>2021-07-14T16:59:44Z cache-hel6829 MEWElogs[382896]: FLIPH, 1626281983756702826, HEL, 10
<134>2021-07-14T17:00:33Z cache-hel6829 MEWElogs[382896]: FLIPH, 1626282032948178696, HEL, 10
<134>2021-07-14T17:00:35Z cache-cwb20520 MEWElogs[382896]: FLIPH, 1626282034247175324, CWB, -1
<134>2021-07-14T17:00:43Z cache-lcy19283 MEWElogs[382896]: FLIPH, 1626282042992269789, LCY, -1
<134>2021-07-14T17:00:54Z cache-del21735 MEWElogs[382896]: FLIPH, 1626282053328791016, DEL, 10
<134>2021-07-14T17:01:04Z cache-cwb20520 MEWElogs[382896]: FLIPH, 1626282063526007207, CWB, -1
<134>2021-07-14T17:01:07Z cache-jnb7027 MEWElogs[382896]: FLIPH, 1626282066282572474, JNB, 10
<134>2021-07-14T17:01:14Z cache-cwb20520 MEWElogs[382896]: FLIPH, 1626282073286627747, CWB, -1
<134>2021-07-14T17:01:37Z cache-lcy19283 MEWElogs[382896]: FLIPH, 1626282096786712190, LCY, 10
<134>2021-07-14T17:01:39Z cache-den8274 MEWElogs[382896]: FLIPH, 1626282098749925572, DEN, 10
<134>2021-07-14T17:01:59Z cache-hhn4077 MEWElogs[382896]: FLIPH, 1626282118996502492, HHN, -1
<134>2021-07-14T17:02:03Z cache-hhn4077 MEWElogs[382896]: FLIPH, 1626282123066327788, HHN, 10
