<134>2021-07-15T05:07:14Z cache-lga21983 MEWElogs[46369]: ROTATE, 1626325633739311133, LGA, 15
<134>2021-07-15T05:07:17Z cache-ewr18156 MEWElogs[46369]: ROTATE, 1626325636898737928, EWR, 15
<134>2021-07-15T05:07:23Z cache-lga21983 MEWElogs[46369]: ROTATE, 1626325642751782898, LGA, 15
<134>2021-07-15T05:07:29Z cache-osl6529 MEWElogs[46369]: ROTATE, 1626325648292462522, OSL, 15
<134>2021-07-15T05:07:45Z cache-osl6529 MEWElogs[46369]: ROTATE, 1626325664063195821, OSL, 15
<134>2021-07-15T05:08:44Z cache-lga21983 MEWElogs[46369]: ROTATE, 1626325723857142376, LGA, 15
<134>2021-07-15T05:08:47Z cache-mel11272 MEWElogs[46369]: ROTATE, 1626325726458365928, MEL, 15
<134>2021-07-15T05:09:16Z cache-mci5951 MEWElogs[46369]: ROTATE, 1626325755645475185, MCI, 15
<134>2021-07-15T05:09:26Z cache-mci5951 MEWElogs[46369]: ROTATE, 1626325765990101906, MCI, 15
<134>2021-07-15T05:09:31Z cache-stp9226 MEWElogs[46369]: ROTATE, 1626325770527970163, STP, 15
<134>2021-07-15T05:09:39Z cache-lga21983 MEWElogs[46369]: ROTATE, 1626325778481144172, LGA, 15
<134>2021-07-15T05:09:43Z cache-lax10677 MEWElogs[46369]: ROTATE, 1626325783333353440, LGB, 15
<134>2021-07-15T05:10:16Z cache-mci5951 MEWElogs[46369]: ROTATE, 1626325816711501392, MCI, 15
<134>2021-07-15T05:11:19Z cache-bom4751 MEWElogs[46369]: ROTATE, 1626325879292480231, BOM, 15
<134>2021-07-15T05:11:24Z cache-cdg20720 MEWElogs[46369]: ROTATE, 1626325884320658648, CDG, 15
<134>2021-07-15T05:11:28Z cache-scl19427 MEWElogs[46369]: ROTATE, 1626325887731446093, SCL, 15
<134>2021-07-15T05:11:38Z cache-bom4751 MEWElogs[46369]: ROTATE, 1626325898242211694, BOM, 15
<134>2021-07-15T05:11:40Z cache-osl6529 MEWElogs[46369]: ROTATE, 1626325899616097270, OSL, 15
<134>2021-07-15T05:11:41Z cache-ewr18156 MEWElogs[46369]: ROTATE, 1626325900051055562, EWR, 15
<134>2021-07-15T05:11:57Z cache-ewr18156 MEWElogs[46369]: ROTATE, 1626325916192781116, EWR, 15
<134>2021-07-15T05:12:05Z cache-ewr18156 MEWElogs[46369]: ROTATE, 1626325924237459795, EWR, 15
<134>2021-07-15T05:12:19Z cache-cdg20720 MEWElogs[46369]: ROTATE, 1626325938898236005, CDG, 15
<134>2021-07-15T05:12:27Z cache-lax10677 MEWElogs[46369]: ROTATE, 1626325946732326657, LGB, 15
<134>2021-07-15T05:12:27Z cache-osl6529 MEWElogs[46369]: ROTATE, 1626325946966493098, OSL, 15
<134>2021-07-15T05:12:43Z cache-osl6529 MEWElogs[46369]: ROTATE, 1626325962617469975, OSL, 15
<134>2021-07-15T05:13:02Z cache-lax10677 MEWElogs[46369]: ROTATE, 1626325981428506273, LGB, 15
<134>2021-07-15T05:13:13Z cache-bom4751 MEWElogs[46369]: ROTATE, 1626325992247577324, BOM, 15
<134>2021-07-15T05:13:17Z cache-mel11272 MEWElogs[46369]: ROTATE, 1626325996755787811, MEL, 15
<134>2021-07-15T05:13:53Z cache-itm18851 MEWElogs[46369]: ROTATE, 1626326033129468455, ITM, 15
<134>2021-07-15T05:14:10Z cache-osl6529 MEWElogs[46369]: ROTATE, 1626326049509825933, OSL, 15
<134>2021-07-15T05:14:44Z cache-scl19427 MEWElogs[46369]: ROTATE, 1626326083850300397, SCL, 15
<134>2021-07-15T05:15:33Z cache-lax10677 MEWElogs[46369]: ROTATE, 1626326133735740943, LGB, 15
<134>2021-07-15T05:15:52Z cache-osl6529 MEWElogs[46369]: ROTATE, 1626326151177853214, OSL, 15
<134>2021-07-15T05:15:59Z cache-gru17149 MEWElogs[46369]: ROTATE, 1626326158633688087, GRU, 15
