<134>2021-07-15T04:06:18Z cache-maa10251 MEWElogs[400146]: ROTATE, 1626321977847787267, MAA, 15
<134>2021-07-15T04:06:37Z cache-dca17782 MEWElogs[400146]: ROTATE, 1626321996982320902, DCA, 15
<134>2021-07-15T04:06:41Z cache-mdw17383 MEWElogs[400146]: ROTATE, 1626322001214176372, MDW, 15
<134>2021-07-15T04:07:13Z cache-wdc5583 MEWElogs[400146]: ROTATE, 1626322033888648276, WDC, 15
<134>2021-07-15T04:07:20Z cache-bog6425 MEWElogs[400146]: ROTATE, 1626322039299468834, BOG, 15
<134>2021-07-15T04:07:54Z cache-cph20625 MEWElogs[400146]: ROTATE, 1626322073295062186, CPH, 15
<134>2021-07-15T04:08:22Z cache-dca17782 MEWElogs[400146]: ROTATE, 1626322101818536192, DCA, 15
<134>2021-07-15T04:08:28Z cache-pdk17882 MEWElogs[400146]: ROTATE, 1626322108005159141, PDK, 15
<134>2021-07-15T04:08:43Z cache-mdw17383 MEWElogs[400146]: ROTATE, 1626322123625590546, MDW, 15
<134>2021-07-15T04:08:45Z cache-ams21020 MEWElogs[400146]: ROTATE, 1626322124532289503, AMS, 15
<134>2021-07-15T04:08:46Z cache-maa10251 MEWElogs[400146]: ROTATE, 1626322125995573412, MAA, 15
<134>2021-07-15T04:08:49Z cache-bog6425 MEWElogs[400146]: ROTATE, 1626322129592589000, BOG, 15
<134>2021-07-15T04:09:18Z cache-cph20625 MEWElogs[400146]: ROTATE, 1626322157238129711, CPH, 15
<134>2021-07-15T04:09:43Z cache-pdk17882 MEWElogs[400146]: ROTATE, 1626322182690052962, PDK, 15
<134>2021-07-15T04:10:02Z cache-mdw17383 MEWElogs[400146]: ROTATE, 1626322201124687167, MDW, 15
<134>2021-07-15T04:10:18Z cache-ams21020 MEWElogs[400146]: ROTATE, 1626322217001576546, AMS, 15
<134>2021-07-15T04:10:23Z cache-cph20625 MEWElogs[400146]: ROTATE, 1626322222714026794, CPH, 15
<134>2021-07-15T04:10:49Z cache-bog6425 MEWElogs[400146]: ROTATE, 1626322248711471961, BOG, 15
<134>2021-07-15T04:11:16Z cache-maa10251 MEWElogs[400146]: ROTATE, 1626322275617405062, MAA, 15
<134>2021-07-15T04:11:26Z cache-pdk17882 MEWElogs[400146]: ROTATE, 1626322285102263579, PDK, 15
<134>2021-07-15T04:11:45Z cache-maa10251 MEWElogs[400146]: ROTATE, 1626322303945496508, MAA, 15
<134>2021-07-15T04:12:00Z cache-ord1740 MEWElogs[400146]: ROTATE, 1626322319185143814, ORD, 15
<134>2021-07-15T04:12:03Z cache-maa10251 MEWElogs[400146]: ROTATE, 1626322322812328705, MAA, 15
<134>2021-07-15T04:12:10Z cache-dca17782 MEWElogs[400146]: ROTATE, 1626322329332426669, DCA, 15
<134>2021-07-15T04:12:13Z cache-maa10251 MEWElogs[400146]: ROTATE, 1626322332209383396, MAA, 15
<134>2021-07-15T04:12:22Z cache-ams21020 MEWElogs[400146]: ROTATE, 1626322341845018333, AMS, 15
<134>2021-07-15T04:12:34Z cache-eze19324 MEWElogs[400146]: ROTATE, 1626322353146979685, EZE, 15
<134>2021-07-15T04:12:41Z cache-pdk17882 MEWElogs[400146]: ROTATE, 1626322360954779097, PDK, 15
<134>2021-07-15T04:12:48Z cache-dca17782 MEWElogs[400146]: ROTATE, 1626322367835590437, DCA, 15
<134>2021-07-15T04:12:55Z cache-ord1740 MEWElogs[400146]: ROTATE, 1626322374575514237, ORD, 15
<134>2021-07-15T04:13:54Z cache-mdw17383 MEWElogs[400146]: ROTATE, 1626322433408556920, MDW, 15
<134>2021-07-15T04:14:27Z cache-ams21020 MEWElogs[400146]: ROTATE, 1626322466246755039, AMS, 15
<134>2021-07-15T04:14:42Z cache-ams21020 MEWElogs[400146]: ROTATE, 1626322481631396577, AMS, 15
<134>2021-07-15T04:14:55Z cache-cph20625 MEWElogs[400146]: ROTATE, 1626322494870001850, CPH, 15
<134>2021-07-15T04:15:22Z cache-mdw17383 MEWElogs[400146]: ROTATE, 1626322521782387313, MDW, 15
<134>2021-07-15T04:15:22Z cache-ord1740 MEWElogs[400146]: ROTATE, 1626322521880153583, ORD, 15
<134>2021-07-15T04:15:23Z cache-eze19324 MEWElogs[400146]: ROTATE, 1626322522811284026, EZE, 15
<134>2021-07-15T04:15:28Z cache-ams21020 MEWElogs[400146]: ROTATE, 1626322527916622793, AMS, 15
<134>2021-07-15T04:15:47Z cache-pdk17882 MEWElogs[400146]: ROTATE, 1626322546774356390, PDK, 15
<134>2021-07-15T04:15:52Z cache-ams21020 MEWElogs[400146]: ROTATE, 1626322551297738768, AMS, 15
<134>2021-07-15T04:15:57Z cache-eze19324 MEWElogs[400146]: ROTATE, 1626322556850141012, EZE, 15
