<134>2021-07-15T00:48:44Z cache-man4150 MEWElogs[322581]: CROP, 1626310123659849964, MAN, 12
<134>2021-07-15T00:48:46Z cache-stp9226 MEWElogs[322581]: CROP, 1626310125034090837, STP, 12
<134>2021-07-15T00:48:54Z cache-stp9226 MEWElogs[322581]: CROP, 1626310133194917937, STP, 12
<134>2021-07-15T00:48:55Z cache-dal21283 MEWElogs[322581]: CROP, 1626310134416686675, DAL, 12
<134>2021-07-15T00:49:04Z cache-lhr7382 MEWElogs[322581]: CROP, 1626310143364096369, LHR, 12
<134>2021-07-15T00:49:16Z cache-man4150 MEWElogs[322581]: CROP, 1626310155830249804, MAN, 12
<134>2021-07-15T00:49:38Z cache-bur17583 MEWElogs[322581]: CROP, 1626310177369350390, BUR, 12
<134>2021-07-15T00:49:41Z cache-lhr7382 MEWElogs[322581]: CROP, 1626310180596423559, LHR, 12
<134>2021-07-15T00:49:42Z cache-lax10677 MEWElogs[322581]: CROP, 1626310181727888206, LGB, 12
<134>2021-07-15T00:49:42Z cache-mia11368 MEWElogs[322581]: CROP, 1626310182504256743, MIA, 12
<134>2021-07-15T00:49:47Z cache-mia11368 MEWElogs[322581]: CROP, 1626310187067298030, MIA, 12
<134>2021-07-15T00:49:57Z cache-mia11368 MEWElogs[322581]: CROP, 1626310196231232876, MIA, 12
<134>2021-07-15T00:50:05Z cache-jax20933 MEWElogs[322581]: CROP, 1626310204468075399, JAX, 12
<134>2021-07-15T00:50:32Z cache-lhr7382 MEWElogs[322581]: CROP, 1626310232379134659, LHR, 12
<134>2021-07-15T00:50:44Z cache-lhr7382 MEWElogs[322581]: CROP, 1626310243792924873, LHR, 12
<134>2021-07-15T00:50:53Z cache-man4150 MEWElogs[322581]: CROP, 1626310252837803669, MAN, 12
<134>2021-07-15T00:51:05Z cache-lhr7382 MEWElogs[322581]: CROP, 1626310264179553349, LHR, 12
<134>2021-07-15T00:51:15Z cache-hkg17929 MEWElogs[322581]: CROP, 1626310275613066559, HKG, 12
<134>2021-07-15T00:51:47Z cache-mci5951 MEWElogs[322581]: CROP, 1626310306993939192, MCI, 12
<134>2021-07-15T00:51:48Z cache-mel11272 MEWElogs[322581]: CROP, 1626310307550321834, MEL, 12
<134>2021-07-15T00:51:58Z cache-man4150 MEWElogs[322581]: CROP, 1626310317876746322, MAN, 12
<134>2021-07-15T00:52:10Z cache-man4150 MEWElogs[322581]: CROP, 1626310329327452704, MAN, 12
<134>2021-07-15T00:52:16Z cache-mel11272 MEWElogs[322581]: CROP, 1626310335480388080, MEL, 12
<134>2021-07-15T00:52:49Z cache-ewr18156 MEWElogs[322581]: CROP, 1626310369545935587, EWR, 12
<134>2021-07-15T00:53:04Z cache-jax20933 MEWElogs[322581]: CROP, 1626310383214872440, JAX, 12
<134>2021-07-15T00:53:12Z cache-mia11368 MEWElogs[322581]: CROP, 1626310392553411985, MIA, 12
<134>2021-07-15T00:53:20Z cache-ewr18156 MEWElogs[322581]: CROP, 1626310400116280121, EWR, 12
<134>2021-07-15T00:53:41Z cache-lax10677 MEWElogs[322581]: CROP, 1626310420985308659, LGB, 12
<134>2021-07-15T00:53:44Z cache-mel11272 MEWElogs[322581]: CROP, 1626310423108397315, MEL, 12
<134>2021-07-15T00:54:03Z cache-osl6529 MEWElogs[322581]: CROP, 1626310441951338474, OSL, 12
<134>2021-07-15T00:54:10Z cache-jax20933 MEWElogs[322581]: CROP, 1626310450401043467, JAX, 12
<134>2021-07-15T00:54:10Z cache-mci5951 MEWElogs[322581]: CROP, 1626310450147822938, MCI, 12
<134>2021-07-15T00:54:11Z cache-osl6529 MEWElogs[322581]: CROP, 1626310450569280056, OSL, 12
<134>2021-07-15T00:54:13Z cache-yul12826 MEWElogs[322581]: CROP, 1626310453295678823, YUL, 12
<134>2021-07-15T00:54:30Z cache-jax20933 MEWElogs[322581]: CROP, 1626310469341866443, JAX, 12
<134>2021-07-15T00:54:36Z cache-jax20933 MEWElogs[322581]: CROP, 1626310475744435444, JAX, 12
<134>2021-07-15T00:54:53Z cache-mel11272 MEWElogs[322581]: CROP, 1626310492599880643, MEL, 12
<134>2021-07-15T00:54:57Z cache-mci5951 MEWElogs[322581]: CROP, 1626310497549007272, MCI, 12
<134>2021-07-15T00:55:00Z cache-lga21983 MEWElogs[322581]: CROP, 1626310500056300575, LGA, 12
<134>2021-07-15T00:55:09Z cache-lga21983 MEWElogs[322581]: CROP, 1626310508132061550, LGA, 12
<134>2021-07-15T00:55:16Z cache-mel11272 MEWElogs[322581]: CROP, 1626310515799989971, MEL, 12
<134>2021-07-15T00:55:20Z cache-lga21983 MEWElogs[322581]: CROP, 1626310520422591248, LGA, 12
<134>2021-07-15T00:55:34Z cache-lax10677 MEWElogs[322581]: CROP, 1626310533663568160, LGB, 12
<134>2021-07-15T00:55:46Z cache-scl19427 MEWElogs[322581]: CROP, 1626310545849891210, SCL, 12
<134>2021-07-15T00:56:04Z cache-yul12826 MEWElogs[322581]: CROP, 1626310563777375874, YUL, 12
<134>2021-07-15T00:56:30Z cache-lax10677 MEWElogs[322581]: CROP, 1626310589855231235, LGB, 12
<134>2021-07-15T00:56:32Z cache-stl4834 MEWElogs[322581]: CROP, 1626310591846662093, STL, 12
<134>2021-07-15T00:56:35Z cache-gru17149 MEWElogs[322581]: CROP, 1626310594228742002, GRU, 12
<134>2021-07-15T00:56:40Z cache-stl4834 MEWElogs[322581]: CROP, 1626310600298696989, STL, 12
<134>2021-07-15T00:56:42Z cache-osl6529 MEWElogs[322581]: CROP, 1626310602090535991, OSL, 12
<134>2021-07-15T00:56:45Z cache-lga21983 MEWElogs[322581]: CROP, 1626310605137936951, LGA, 12
<134>2021-07-15T00:57:03Z cache-osl6529 MEWElogs[322581]: CROP, 1626310621982995772, OSL, 12
<134>2021-07-15T00:57:33Z cache-jax20933 MEWElogs[322581]: CROP, 1626310653631387386, JAX, 12
<134>2021-07-15T00:58:06Z cache-osl6529 MEWElogs[322581]: CROP, 1626310684996076191, OSL, 12
<134>2021-07-15T00:58:25Z cache-ewr18156 MEWElogs[322581]: CROP, 1626310704286368632, EWR, 12
