<134>2021-07-15T06:50:11Z cache-mad22068 MEWElogs[382896]: UNSH, 1626331810729431697, MAD, 16
<134>2021-07-15T06:50:46Z cache-dal21283 MEWElogs[382896]: UNSH, 1626331845137206099, DAL, 16
<134>2021-07-15T06:51:53Z cache-mad22068 MEWElogs[382896]: UNSH, 1626331912464546826, MAD, 16
<134>2021-07-15T06:51:56Z cache-bur17583 MEWElogs[382896]: UNSH, 1626331915495478552, BUR, 16
<134>2021-07-15T06:52:05Z cache-hel6829 MEWElogs[382896]: UNSH, 1626331924424074585, HEL, 16
<134>2021-07-15T06:52:17Z cache-jnb7027 MEWElogs[382896]: UNSH, 1626331936218785742, JNB, 16
<134>2021-07-15T06:52:18Z cache-bur17583 MEWElogs[382896]: UNSH, 1626331937512950377, BUR, 16
<134>2021-07-15T06:53:14Z cache-bur17583 MEWElogs[382896]: UNSH, 1626331994016729577, BUR, 16
<134>2021-07-15T06:53:21Z cache-mrs10583 MEWElogs[382896]: UNSH, 1626332000746006301, MRS, 16
<134>2021-07-15T06:53:48Z cache-lon4249 MEWElogs[382896]: UNSH, 1626332027594658351, LON, 16
<134>2021-07-15T06:53:57Z cache-lon4249 MEWElogs[382896]: UNSH, 1626332036207461680, LON, 16
<134>2021-07-15T06:54:14Z cache-lon4249 MEWElogs[382896]: UNSH, 1626332053152088891, LON, 16
<134>2021-07-15T06:54:22Z cache-bur17583 MEWElogs[382896]: UNSH, 1626332062302455041, BUR, 16
<134>2021-07-15T06:54:31Z cache-mrs10583 MEWElogs[382896]: UNSH, 1626332070628387998, MRS, 16
<134>2021-07-15T06:54:34Z cache-fra19177 MEWElogs[382896]: UNSH, 1626332073734708243, FRA, 16
<134>2021-07-15T06:54:57Z cache-jnb7027 MEWElogs[382896]: UNSH, 1626332096262096584, JNB, 16
<134>2021-07-15T06:55:42Z cache-iah17271 MEWElogs[382896]: UNSH, 1626332141458617980, IAH, 16
<134>2021-07-15T06:56:22Z cache-mrs10583 MEWElogs[382896]: UNSH, 1626332181130999793, MRS, 16
<134>2021-07-15T06:56:50Z cache-jnb7027 MEWElogs[382896]: UNSH, 1626332209708821801, JNB, 16
<134>2021-07-15T06:56:52Z cache-lcy19283 MEWElogs[382896]: UNSH, 1626332211080476067, LCY, 16
<134>2021-07-15T06:57:06Z cache-hkg17929 MEWElogs[382896]: UNSH, 1626332225837208664, HKG, 16
<134>2021-07-15T06:57:12Z cache-mrs10583 MEWElogs[382896]: UNSH, 1626332231862931745, MRS, 16
<134>2021-07-15T06:57:21Z cache-jnb7027 MEWElogs[382896]: UNSH, 1626332240454604250, JNB, 16
<134>2021-07-15T06:57:23Z cache-iah17271 MEWElogs[382896]: UNSH, 1626332243342925649, IAH, 16
<134>2021-07-15T06:57:29Z cache-lcy19283 MEWElogs[382896]: UNSH, 1626332248924330186, LCY, 16
<134>2021-07-15T06:57:39Z cache-lcy19283 MEWElogs[382896]: UNSH, 1626332258780600108, LCY, 16
<134>2021-07-15T06:57:46Z cache-mad22068 MEWElogs[382896]: UNSH, 1626332265278909310, MAD, 16
<134>2021-07-15T06:57:46Z cache-mrs10583 MEWElogs[382896]: UNSH, 1626332265465091751, MRS, 16
<134>2021-07-15T06:57:53Z cache-jnb7027 MEWElogs[382896]: UNSH, 1626332272695472274, JNB, 16
<134>2021-07-15T06:57:54Z cache-mia11368 MEWElogs[382896]: UNSH, 1626332273754301209, MIA, 16
<134>2021-07-15T06:57:55Z cache-mrs10583 MEWElogs[382896]: UNSH, 1626332274415259164, MRS, 16
<134>2021-07-15T06:58:12Z cache-mrs10583 MEWElogs[382896]: UNSH, 1626332291524695723, MRS, 16
<134>2021-07-15T06:58:42Z cache-bur17583 MEWElogs[382896]: UNSH, 1626332321402828247, BUR, 16
