<134>2021-07-14T18:03:05Z cache-sjc10078 MEWElogs[334804]: FLIPH, 1626285784591354501, SJC, 10
<134>2021-07-14T18:03:13Z cache-cgh11122 MEWElogs[334804]: FLIPH, 1626285792719961540, CGH, -1
<134>2021-07-14T18:03:41Z cache-hnd18722 MEWElogs[334804]: FLIPH, 1626285820045939975, HND, 10
<134>2021-07-14T18:03:52Z cache-sjc10078 MEWElogs[334804]: FLIPH, 1626285831914015296, SJC, -1
<134>2021-07-14T18:04:19Z cache-sea4483 MEWElogs[334804]: FLIPH, 1626285858004421221, SEA, -1
<134>2021-07-14T18:04:23Z cache-tyo11974 MEWElogs[334804]: FLIPH, 1626285862126077018, TYO, -1
<134>2021-07-14T18:04:23Z cache-cgh11183 MEWElogs[334804]: FLIPH, 1626285863363135814, CGH, -1
<134>2021-07-14T18:04:31Z cache-hnd18722 MEWElogs[334804]: FLIPH, 1626285870493913005, HND, -1
<134>2021-07-14T18:04:33Z cache-cgh11183 MEWElogs[334804]: FLIPH, 1626285873640031912, CGH, -1
<134>2021-07-14T18:04:43Z cache-yyz4551 MEWElogs[334804]: FLIPH, 1626285883209607436, YYZ, 10
<134>2021-07-14T18:04:54Z cache-bma1628 MEWElogs[334804]: FLIPH, 1626285893825405782, BMA, 10
<134>2021-07-14T18:05:56Z cache-sea4483 MEWElogs[334804]: FLIPH, 1626285956458970358, SEA, -1
<134>2021-07-14T18:06:09Z cache-bma1628 MEWElogs[334804]: FLIPH, 1626285968362077751, BMA, 10
<134>2021-07-14T18:06:17Z cache-sjc10078 MEWElogs[334804]: FLIPH, 1626285976254550192, SJC, -1
<134>2021-07-14T18:06:33Z cache-tyo11974 MEWElogs[334804]: FLIPH, 1626285992324775438, TYO, 10
<134>2021-07-14T18:06:48Z cache-yyz4551 MEWElogs[334804]: FLIPH, 1626286008208583004, YYZ, -1
<134>2021-07-14T18:07:10Z cache-tyo11974 MEWElogs[334804]: FLIPH, 1626286029654735609, TYO, 10
<134>2021-07-14T18:07:15Z cache-yyz4551 MEWElogs[334804]: FLIPH, 1626286035278288416, YYZ, -1
<134>2021-07-14T18:07:26Z cache-tyo11974 MEWElogs[334804]: FLIPH, 1626286045590820299, TYO, -1
<134>2021-07-14T18:07:47Z cache-tyo11974 MEWElogs[334804]: FLIPH, 1626286066612578687, TYO, 10
<134>2021-07-14T18:08:32Z cache-yyz4551 MEWElogs[334804]: FLIPH, 1626286111758986461, YYZ, 10
<134>2021-07-14T18:08:38Z cache-vie21629 MEWElogs[334804]: FLIPH, 1626286117324623891, VIE, -1
<134>2021-07-14T18:08:43Z cache-sjc10078 MEWElogs[334804]: FLIPH, 1626286123346660411, SJC, 10
<134>2021-07-14T18:08:59Z cache-vie21629 MEWElogs[334804]: FLIPH, 1626286138576382541, VIE, 10
<134>2021-07-14T18:09:17Z cache-sea4483 MEWElogs[334804]: FLIPH, 1626286156235952170, SEA, 10
<134>2021-07-14T18:09:30Z cache-cgh11183 MEWElogs[334804]: FLIPH, 1626286169832538547, CGH, -1
<134>2021-07-14T18:09:38Z cache-bma1628 MEWElogs[334804]: FLIPH, 1626286177806162370, BMA, -1
<134>2021-07-14T18:10:00Z cache-yyz4551 MEWElogs[334804]: FLIPH, 1626286199913136933, YYZ, -1
<134>2021-07-14T18:10:09Z cache-yyz4551 MEWElogs[334804]: FLIPH, 1626286208994277243, YYZ, -1
<134>2021-07-14T18:10:46Z cache-sea4483 MEWElogs[334804]: FLIPH, 1626286245318769204, SEA, 10
<134>2021-07-14T18:12:30Z cache-bma1628 MEWElogs[334804]: FLIPH, 1626286349086349730, BMA, 10
<134>2021-07-14T18:12:40Z cache-vie21629 MEWElogs[334804]: FLIPH, 1626286359297684128, VIE, -1
<134>2021-07-14T18:12:58Z cache-sea4483 MEWElogs[334804]: FLIPH, 1626286377621155147, SEA, 10
