<134>2021-07-14T21:53:11Z cache-jnb7027 MEWElogs[355776]: BLUR, 1626299589893829360, JNB, 11
<134>2021-07-14T21:53:22Z cache-lon4249 MEWElogs[355776]: BLUR, 1626299601709250130, LON, 11
<134>2021-07-14T21:53:50Z cache-iah17271 MEWElogs[355776]: BLUR, 1626299630108582375, IAH, 11
<134>2021-07-14T21:54:31Z cache-cwb20520 MEWElogs[355776]: BLUR, 1626299670312148846, CWB, 11
<134>2021-07-14T21:54:33Z cache-jnb7027 MEWElogs[355776]: BLUR, 1626299672324114564, JNB, 11
<134>2021-07-14T21:55:39Z cache-lcy19283 MEWElogs[355776]: BLUR, 1626299738354506553, LCY, 11
<134>2021-07-14T21:55:45Z cache-lon4249 MEWElogs[355776]: BLUR, 1626299744718128143, LON, 11
<134>2021-07-14T21:57:54Z cache-fra19177 MEWElogs[355776]: BLUR, 1626299873212014393, FRA, 11
<134>2021-07-14T21:58:19Z cache-dal21283 MEWElogs[355776]: BLUR, 1626299899059726910, DAL, 11
<134>2021-07-14T21:58:53Z cache-lon4249 MEWElogs[355776]: BLUR, 1626299932243236586, LON, 11
<134>2021-07-14T21:59:40Z cache-bur17583 MEWElogs[355776]: BLUR, 1626299980190409628, BUR, 11
<134>2021-07-14T21:59:49Z cache-jnb7027 MEWElogs[355776]: BLUR, 1626299988547976293, JNB, 11
<134>2021-07-14T22:00:27Z cache-cwb20520 MEWElogs[355776]: BLUR, 1626300026411723285, CWB, 11
<134>2021-07-14T22:00:34Z cache-lon4249 MEWElogs[355776]: BLUR, 1626300033025882738, LON, 11
<134>2021-07-14T22:00:41Z cache-dal21283 MEWElogs[355776]: BLUR, 1626300040754898563, DAL, 11
<134>2021-07-14T22:01:03Z cache-lon4249 MEWElogs[355776]: BLUR, 1626300062500090762, LON, 11
<134>2021-07-14T22:01:32Z cache-den8274 MEWElogs[355776]: BLUR, 1626300092171855455, DEN, 11
<134>2021-07-14T22:01:33Z cache-iah17271 MEWElogs[355776]: BLUR, 1626300092642641564, IAH, 11
<134>2021-07-14T22:02:58Z cache-bur17583 MEWElogs[355776]: BLUR, 1626300178147126751, BUR, 11
<134>2021-07-14T22:03:05Z cache-den8274 MEWElogs[355776]: BLUR, 1626300185236912526, DEN, 11
