<134>2021-07-15T04:16:20Z cache-eze19324 MEWElogs[382896]: ROTATE, 1626322579382318431, EZE, 15
<134>2021-07-15T04:16:23Z cache-wdc5583 MEWElogs[382896]: ROTATE, 1626322582950383233, WDC, 15
<134>2021-07-15T04:17:15Z cache-cph20625 MEWElogs[382896]: ROTATE, 1626322635198582153, CPH, 15
<134>2021-07-15T04:17:37Z cache-bog6425 MEWElogs[382896]: ROTATE, 1626322656464288931, BOG, 15
<134>2021-07-15T04:18:31Z cache-cph20625 MEWElogs[382896]: ROTATE, 1626322709998033667, CPH, 15
<134>2021-07-15T04:19:05Z cache-dca17782 MEWElogs[382896]: ROTATE, 1626322744690387443, DCA, 15
<134>2021-07-15T04:19:10Z cache-eze19324 MEWElogs[382896]: ROTATE, 1626322749176278502, EZE, 15
<134>2021-07-15T04:20:46Z cache-ord1740 MEWElogs[382896]: ROTATE, 1626322845651966151, ORD, 15
<134>2021-07-15T04:20:51Z cache-wdc5583 MEWElogs[382896]: ROTATE, 1626322850941548205, WDC, 15
<134>2021-07-15T04:21:17Z cache-dfw18678 MEWElogs[382896]: ROTATE, 1626322877744222572, DFW, 15
<134>2021-07-15T04:21:19Z cache-mdw17383 MEWElogs[382896]: ROTATE, 1626322879164204290, MDW, 15
<134>2021-07-15T04:21:20Z cache-pdk17882 MEWElogs[382896]: ROTATE, 1626322879929200300, PDK, 15
<134>2021-07-15T04:21:37Z cache-eze19324 MEWElogs[382896]: ROTATE, 1626322896566714826, EZE, 15
<134>2021-07-15T04:21:42Z cache-maa10251 MEWElogs[382896]: ROTATE, 1626322901165777922, MAA, 15
<134>2021-07-15T04:22:09Z cache-del21735 MEWElogs[382896]: ROTATE, 1626322928798734351, DEL, 15
<134>2021-07-15T04:22:49Z cache-dfw18678 MEWElogs[382896]: ROTATE, 1626322969102270737, DFW, 15
<134>2021-07-15T04:23:00Z cache-dfw18678 MEWElogs[382896]: ROTATE, 1626322980647359773, DFW, 15
<134>2021-07-15T04:23:52Z cache-mdw17383 MEWElogs[382896]: ROTATE, 1626323031543404687, MDW, 15
<134>2021-07-15T04:23:58Z cache-dfw18678 MEWElogs[382896]: ROTATE, 1626323037656939345, DFW, 15
<134>2021-07-15T04:24:09Z cache-dfw18678 MEWElogs[382896]: ROTATE, 1626323048873102706, DFW, 15
<134>2021-07-15T04:24:16Z cache-akl10324 MEWElogs[382896]: ROTATE, 1626323055502979386, AKL, 15
<134>2021-07-15T04:24:20Z cache-dfw18678 MEWElogs[382896]: ROTATE, 1626323060186278776, DFW, 15
<134>2021-07-15T04:24:34Z cache-del21735 MEWElogs[382896]: ROTATE, 1626323073620559261, DEL, 15
<134>2021-07-15T04:24:45Z cache-fty21383 MEWElogs[382896]: ROTATE, 1626323084883379735, FTY, 15
<134>2021-07-15T04:24:46Z cache-pwk4920 MEWElogs[382896]: ROTATE, 1626323085573542342, PWK, 15
<134>2021-07-15T04:24:50Z cache-chi21126 MEWElogs[382896]: ROTATE, 1626323090526010920, CHI, 15
<134>2021-07-15T04:24:56Z cache-pwk4920 MEWElogs[382896]: ROTATE, 1626323095822013365, PWK, 15
<134>2021-07-15T04:25:16Z cache-pwk4920 MEWElogs[382896]: ROTATE, 1626323116448198327, PWK, 15
<134>2021-07-15T04:25:38Z cache-del21735 MEWElogs[382896]: ROTATE, 1626323137479692463, DEL, 15
