<134>2021-07-15T04:06:31Z cache-eze19324 MEWElogs[334804]: ROTATE, 1626321990167650579, EZE, 15
<134>2021-07-15T04:07:32Z cache-ord1740 MEWElogs[334804]: ROTATE, 1626322051456844146, ORD, 15
<134>2021-07-15T04:08:02Z cache-eze19324 MEWElogs[334804]: ROTATE, 1626322081852380257, EZE, 15
<134>2021-07-15T04:08:19Z cache-pdk17882 MEWElogs[334804]: ROTATE, 1626322098621177153, PDK, 15
<134>2021-07-15T04:08:47Z cache-pdk17882 MEWElogs[334804]: ROTATE, 1626322126687968492, PDK, 15
<134>2021-07-15T04:09:15Z cache-wdc5583 MEWElogs[334804]: ROTATE, 1626322154029096983, WDC, 15
<134>2021-07-15T04:09:44Z cache-eze19324 MEWElogs[334804]: ROTATE, 1626322184432258771, EZE, 15
<134>2021-07-15T04:09:52Z cache-pdk17882 MEWElogs[334804]: ROTATE, 1626322191919465954, PDK, 15
<134>2021-07-15T04:10:18Z cache-eze19324 MEWElogs[334804]: ROTATE, 1626322218379727746, EZE, 15
<134>2021-07-15T04:10:42Z cache-cph20625 MEWElogs[334804]: ROTATE, 1626322241691813682, CPH, 15
<134>2021-07-15T04:11:15Z cache-eze19324 MEWElogs[334804]: ROTATE, 1626322274323492143, EZE, 15
<134>2021-07-15T04:11:16Z cache-pdk17882 MEWElogs[334804]: ROTATE, 1626322275787838145, PDK, 15
<134>2021-07-15T04:11:19Z cache-mdw17383 MEWElogs[334804]: ROTATE, 1626322278776483616, MDW, 15
<134>2021-07-15T04:11:42Z cache-ord1740 MEWElogs[334804]: ROTATE, 1626322300986966006, ORD, 15
<134>2021-07-15T04:12:31Z cache-maa10251 MEWElogs[334804]: ROTATE, 1626322350930997667, MAA, 15
<134>2021-07-15T04:12:37Z cache-ord1740 MEWElogs[334804]: ROTATE, 1626322356190550660, ORD, 15
<134>2021-07-15T04:13:14Z cache-ord1740 MEWElogs[334804]: ROTATE, 1626322393110009079, ORD, 15
<134>2021-07-15T04:13:18Z cache-maa10251 MEWElogs[334804]: ROTATE, 1626322397495158534, MAA, 15
<134>2021-07-15T04:14:15Z cache-eze19324 MEWElogs[334804]: ROTATE, 1626322455521608895, EZE, 15
<134>2021-07-15T04:14:27Z cache-bog6425 MEWElogs[334804]: ROTATE, 1626322467500394823, BOG, 15
<134>2021-07-15T04:14:48Z cache-bog6425 MEWElogs[334804]: ROTATE, 1626322487439577780, BOG, 15
<134>2021-07-15T04:15:47Z cache-dca17782 MEWElogs[334804]: ROTATE, 1626322546086464072, DCA, 15
<134>2021-07-15T04:16:06Z cache-pdk17882 MEWElogs[334804]: ROTATE, 1626322565053826479, PDK, 15
<134>2021-07-15T04:16:09Z cache-ord1740 MEWElogs[334804]: ROTATE, 1626322568493886503, ORD, 15
<134>2021-07-15T04:16:20Z cache-cph20625 MEWElogs[334804]: ROTATE, 1626322579344149282, CPH, 15
