<134>2021-07-14T18:03:30Z cache-hnd18722 MEWElogs[308969]: FLIPH, 1626285809128987183, HND, 10
<134>2021-07-14T18:03:40Z cache-itm18851 MEWElogs[308969]: FLIPH, 1626285819049057466, ITM, -1
<134>2021-07-14T18:03:46Z cache-tyo11974 MEWElogs[308969]: FLIPH, 1626285825310193122, TYO, -1
<134>2021-07-14T18:04:04Z cache-bma1628 MEWElogs[308969]: FLIPH, 1626285844189369173, BMA, -1
<134>2021-07-14T18:04:44Z cache-sea4483 MEWElogs[308969]: FLIPH, 1626285883491997469, SEA, 10
<134>2021-07-14T18:04:53Z cache-yyz4551 MEWElogs[308969]: FLIPH, 1626285892745101178, YYZ, 10
<134>2021-07-14T18:05:00Z cache-bma1628 MEWElogs[308969]: FLIPH, 1626285899873042987, BMA, -1
<134>2021-07-14T18:05:07Z cache-sjc10078 MEWElogs[308969]: FLIPH, 1626285907386153064, SJC, 10
<134>2021-07-14T18:05:35Z cache-cgh11183 MEWElogs[308969]: FLIPH, 1626285935004047427, CGH, -1
<134>2021-07-14T18:05:39Z cache-cgh11183 MEWElogs[308969]: FLIPH, 1626285937945994140, CGH, 10
<134>2021-07-14T18:05:54Z cache-tyo11974 MEWElogs[308969]: FLIPH, 1626285953084638778, TYO, -1
<134>2021-07-14T18:06:12Z cache-yyz4551 MEWElogs[308969]: FLIPH, 1626285971860234669, YYZ, -1
<134>2021-07-14T18:06:18Z cache-bma1628 MEWElogs[308969]: FLIPH, 1626285977693070411, BMA, 10
<134>2021-07-14T18:06:42Z cache-bma1628 MEWElogs[308969]: FLIPH, 1626286002156602714, BMA, -1
<134>2021-07-14T18:07:07Z cache-cgh11183 MEWElogs[308969]: FLIPH, 1626286026651374742, CGH, -1
<134>2021-07-14T18:07:10Z cache-cgh11183 MEWElogs[308969]: FLIPH, 1626286029567043681, CGH, 10
<134>2021-07-14T18:07:53Z cache-vie21629 MEWElogs[308969]: FLIPH, 1626286072333262871, VIE, -1
<134>2021-07-14T18:07:57Z cache-bma1628 MEWElogs[308969]: FLIPH, 1626286076496744048, BMA, -1
<134>2021-07-14T18:08:43Z cache-bma1628 MEWElogs[308969]: FLIPH, 1626286122699665090, BMA, -1
<134>2021-07-14T18:09:14Z cache-vie21629 MEWElogs[308969]: FLIPH, 1626286153658946941, VIE, 10
<134>2021-07-14T18:09:17Z cache-yyz4551 MEWElogs[308969]: FLIPH, 1626286157188072828, YYZ, 10
<134>2021-07-14T18:09:29Z cache-vie21629 MEWElogs[308969]: FLIPH, 1626286168650150025, VIE, 10
<134>2021-07-14T18:09:45Z cache-yyz4551 MEWElogs[308969]: FLIPH, 1626286184506730215, YYZ, 10
<134>2021-07-14T18:10:28Z cache-sjc10078 MEWElogs[308969]: FLIPH, 1626286227243841444, SJC, 10
<134>2021-07-14T18:10:56Z cache-bma1628 MEWElogs[308969]: FLIPH, 1626286256029062690, BMA, 10
<134>2021-07-14T18:11:25Z cache-bma1628 MEWElogs[308969]: FLIPH, 1626286284020842757, BMA, 10
<134>2021-07-14T18:11:49Z cache-bma1628 MEWElogs[308969]: FLIPH, 1626286308795895035, BMA, -1
<134>2021-07-14T18:11:54Z cache-vie21629 MEWElogs[308969]: FLIPH, 1626286313613669577, VIE, -1
<134>2021-07-14T18:12:54Z cache-yyz4551 MEWElogs[308969]: FLIPH, 1626286374366389656, YYZ, -1
<134>2021-07-14T18:13:10Z cache-vie21629 MEWElogs[308969]: FLIPH, 1626286389330766237, VIE, -1
<134>2021-07-14T18:13:25Z cache-bma1628 MEWElogs[308969]: FLIPH, 1626286404850962333, BMA, 10
