<134>2021-07-15T05:18:12Z cache-itm18851 MEWElogs[464521]: ROTATE, 1626326291467504984, ITM, 15
<134>2021-07-15T05:18:20Z cache-bom4751 MEWElogs[464521]: ROTATE, 1626326300276518214, BOM, 15
<134>2021-07-15T05:18:34Z cache-itm18851 MEWElogs[464521]: ROTATE, 1626326313855064070, ITM, 15
<134>2021-07-15T05:18:37Z cache-mel11272 MEWElogs[464521]: ROTATE, 1626326317417723762, MEL, 15
<134>2021-07-15T05:18:39Z cache-bom4751 MEWElogs[464521]: ROTATE, 1626326318760933314, BOM, 15
<134>2021-07-15T05:18:45Z cache-itm18851 MEWElogs[464521]: ROTATE, 1626326325387299412, ITM, 15
<134>2021-07-15T05:19:00Z cache-gru17149 MEWElogs[464521]: ROTATE, 1626326339190374383, GRU, 15
<134>2021-07-15T05:19:26Z cache-bom4751 MEWElogs[464521]: ROTATE, 1626326365739502624, BOM, 15
<134>2021-07-15T05:19:29Z cache-mel11272 MEWElogs[464521]: ROTATE, 1626326368782679328, MEL, 15
<134>2021-07-15T05:19:32Z cache-gig17035 MEWElogs[464521]: ROTATE, 1626326371892355531, GIG, 15
<134>2021-07-15T05:19:43Z cache-cdg20720 MEWElogs[464521]: ROTATE, 1626326382251213432, CDG, 15
<134>2021-07-15T05:19:45Z cache-pao17461 MEWElogs[464521]: ROTATE, 1626326383984265926, PAO, 15
<134>2021-07-15T05:20:02Z cache-bom4751 MEWElogs[464521]: ROTATE, 1626326402532013474, BOM, 15
<134>2021-07-15T05:20:18Z cache-stl4834 MEWElogs[464521]: ROTATE, 1626326417964613135, STL, 15
<134>2021-07-15T05:20:24Z cache-syd10183 MEWElogs[464521]: ROTATE, 1626326423829476917, SYD, 15
<134>2021-07-15T05:20:30Z cache-scl19427 MEWElogs[464521]: ROTATE, 1626326429995752379, SCL, 15
<134>2021-07-15T05:20:44Z cache-gru17149 MEWElogs[464521]: ROTATE, 1626326443387535424, GRU, 15
<134>2021-07-15T05:20:53Z cache-gru17149 MEWElogs[464521]: ROTATE, 1626326452752031158, GRU, 15
<134>2021-07-15T05:21:17Z cache-cdg20720 MEWElogs[464521]: ROTATE, 1626326476527617020, CDG, 15
<134>2021-07-15T05:21:20Z cache-pao17461 MEWElogs[464521]: ROTATE, 1626326480406918143, PAO, 15
<134>2021-07-15T05:21:23Z cache-stl4834 MEWElogs[464521]: ROTATE, 1626326482413048824, STL, 15
<134>2021-07-15T05:23:00Z cache-gig17035 MEWElogs[464521]: ROTATE, 1626326579977515945, GIG, 15
<134>2021-07-15T05:23:21Z cache-pao17461 MEWElogs[464521]: ROTATE, 1626326600870299221, PAO, 15
<134>2021-07-15T05:23:31Z cache-cgh11122 MEWElogs[464521]: ROTATE, 1626326610361611230, CGH, 15
<134>2021-07-15T05:23:32Z cache-gig17035 MEWElogs[464521]: ROTATE, 1626326611400301765, GIG, 15
<134>2021-07-15T05:23:33Z cache-scl19427 MEWElogs[464521]: ROTATE, 1626326613018225349, SCL, 15
<134>2021-07-15T05:23:36Z cache-hnd18722 MEWElogs[464521]: ROTATE, 1626326615319041127, HND, 15
<134>2021-07-15T05:23:52Z cache-pao17461 MEWElogs[464521]: ROTATE, 1626326632426215693, PAO, 15
<134>2021-07-15T05:24:35Z cache-pao17461 MEWElogs[464521]: ROTATE, 1626326675124765300, PAO, 15
<134>2021-07-15T05:24:47Z cache-cgh11122 MEWElogs[464521]: ROTATE, 1626326687267876292, CGH, 15
<134>2021-07-15T05:25:11Z cache-stl4834 MEWElogs[464521]: ROTATE, 1626326710501282433, STL, 15
<134>2021-07-15T05:25:22Z cache-stl4834 MEWElogs[464521]: ROTATE, 1626326721284710761, STL, 15
<134>2021-07-15T05:25:27Z cache-hnd18722 MEWElogs[464521]: ROTATE, 1626326726505676925, HND, 15
<134>2021-07-15T05:25:44Z cache-itm18851 MEWElogs[464521]: ROTATE, 1626326743184273015, ITM, 15
<134>2021-07-15T05:26:06Z cache-cgh11122 MEWElogs[464521]: ROTATE, 1626326764941318845, CGH, 15
<134>2021-07-15T05:26:06Z cache-itm18851 MEWElogs[464521]: ROTATE, 1626326765629024635, ITM, 15
<134>2021-07-15T05:27:07Z cache-syd10183 MEWElogs[464521]: ROTATE, 1626326826836780483, SYD, 15
<134>2021-07-15T05:27:18Z cache-syd10183 MEWElogs[464521]: ROTATE, 1626326837372308401, SYD, 15
<134>2021-07-15T05:27:24Z cache-itm18851 MEWElogs[464521]: ROTATE, 1626326844082286285, ITM, 15
<134>2021-07-15T05:27:29Z cache-pao17461 MEWElogs[464521]: ROTATE, 1626326848128615180, PAO, 15
<134>2021-07-15T05:27:35Z cache-itm18851 MEWElogs[464521]: ROTATE, 1626326855313795920, ITM, 15
<134>2021-07-15T05:27:47Z cache-itm18851 MEWElogs[464521]: ROTATE, 1626326866459464485, ITM, 15
