<134>2021-07-14T16:21:46Z cache-ams21020 MEWElogs[355776]: FLIPH, 1626279706082965632, AMS, 10
<134>2021-07-14T16:27:00Z cache-dca17782 MEWElogs[355776]: FLIPH, 1626280020016948804, DCA, 10
<134>2021-07-14T16:27:02Z cache-eze19324 MEWElogs[355776]: FLIPH, 1626280021248847264, EZE, 10
<134>2021-07-14T16:27:08Z cache-ams21020 MEWElogs[355776]: FLIPH, 1626280027890046336, AMS, 10
<134>2021-07-14T16:27:10Z cache-maa10251 MEWElogs[355776]: FLIPH, 1626280030522261495, MAA, 10
<134>2021-07-14T16:27:12Z cache-wdc5583 MEWElogs[355776]: FLIPH, 1626280031078815611, WDC, 10
<134>2021-07-14T16:27:17Z cache-bog6425 MEWElogs[355776]: FLIPH, 1626280037201890755, BOG, -1
<134>2021-07-14T16:27:21Z cache-bog6425 MEWElogs[355776]: FLIPH, 1626280040037395955, BOG, 10
<134>2021-07-14T16:27:22Z cache-ams21020 MEWElogs[355776]: FLIPH, 1626280041491532535, AMS, -1
<134>2021-07-14T16:27:27Z cache-bog6425 MEWElogs[355776]: FLIPH, 1626280047094167704, BOG, -1
<134>2021-07-14T16:27:38Z cache-dca17782 MEWElogs[355776]: FLIPH, 1626280057696046214, DCA, 10
<134>2021-07-14T16:27:46Z cache-pdk17882 MEWElogs[355776]: FLIPH, 1626280065465288955, PDK, 10
<134>2021-07-14T16:27:50Z cache-bog6425 MEWElogs[355776]: FLIPH, 1626280069310376712, BOG, 10
<134>2021-07-14T16:27:58Z cache-eze19324 MEWElogs[355776]: FLIPH, 1626280077405595775, EZE, -1
<134>2021-07-14T16:28:09Z cache-bog6425 MEWElogs[355776]: FLIPH, 1626280088625278060, BOG, 10
<134>2021-07-14T16:28:10Z cache-eze19324 MEWElogs[355776]: FLIPH, 1626280089284538416, EZE, -1
<134>2021-07-14T16:28:10Z cache-ord1740 MEWElogs[355776]: FLIPH, 1626280090288076003, ORD, -1
<134>2021-07-14T16:28:29Z cache-mdw17383 MEWElogs[355776]: FLIPH, 1626280109075542569, MDW, 10
<134>2021-07-14T16:28:40Z cache-pdk17882 MEWElogs[355776]: FLIPH, 1626280120246403119, PDK, 10
<134>2021-07-14T16:28:48Z cache-mdw17383 MEWElogs[355776]: FLIPH, 1626280127747987765, MDW, -1
<134>2021-07-14T16:28:53Z cache-wdc5583 MEWElogs[355776]: FLIPH, 1626280132227602182, WDC, -1
<134>2021-07-14T16:29:09Z cache-ord1740 MEWElogs[355776]: FLIPH, 1626280148419037575, ORD, 10
<134>2021-07-14T16:29:15Z cache-bog6425 MEWElogs[355776]: FLIPH, 1626280154958478351, BOG, -1
<134>2021-07-14T16:29:24Z cache-ord1740 MEWElogs[355776]: FLIPH, 1626280163841449004, ORD, -1
<134>2021-07-14T16:29:27Z cache-wdc5583 MEWElogs[355776]: FLIPH, 1626280167331405407, WDC, 10
<134>2021-07-14T16:29:34Z cache-bog6425 MEWElogs[355776]: FLIPH, 1626280174576511242, BOG, -1
<134>2021-07-14T16:29:35Z cache-eze19324 MEWElogs[355776]: FLIPH, 1626280174627473688, EZE, 10
<134>2021-07-14T16:29:42Z cache-ord1740 MEWElogs[355776]: FLIPH, 1626280181959356656, ORD, -1
<134>2021-07-14T16:29:48Z cache-wdc5583 MEWElogs[355776]: FLIPH, 1626280188138884012, WDC, 10
<134>2021-07-14T16:29:57Z cache-bog6425 MEWElogs[355776]: FLIPH, 1626280197134154938, BOG, 10
<134>2021-07-14T16:29:58Z cache-ams21020 MEWElogs[355776]: FLIPH, 1626280197895876329, AMS, 10
<134>2021-07-14T16:29:58Z cache-wdc5583 MEWElogs[355776]: FLIPH, 1626280198238500590, WDC, 10
<134>2021-07-14T16:30:07Z cache-eze19324 MEWElogs[355776]: FLIPH, 1626280206367880317, EZE, -1
<134>2021-07-14T16:30:16Z cache-maa10251 MEWElogs[355776]: FLIPH, 1626280216414819874, MAA, -1
<134>2021-07-14T16:30:19Z cache-wdc5583 MEWElogs[355776]: FLIPH, 1626280219504966949, WDC, 10
<134>2021-07-14T16:30:25Z cache-bog6425 MEWElogs[355776]: FLIPH, 1626280224207646380, BOG, -1
<134>2021-07-14T16:30:25Z cache-cmh21547 MEWElogs[355776]: FLIPH, 1626280224903607267, CMH, -1
<134>2021-07-14T16:30:39Z cache-maa10251 MEWElogs[355776]: FLIPH, 1626280239118213453, MAA, 10
<134>2021-07-14T16:31:23Z cache-dca17782 MEWElogs[355776]: FLIPH, 1626280283129520423, DCA, 10
<134>2021-07-14T16:31:28Z cache-ams21020 MEWElogs[355776]: FLIPH, 1626280288769696047, AMS, -1
