<134>2021-07-15T06:20:03Z cache-mdw17383 MEWElogs[400146]: UNSH, 1626330002845521014, MDW, 16
<134>2021-07-15T06:20:14Z cache-cmh21547 MEWElogs[400146]: UNSH, 1626330013061502216, CMH, 16
<134>2021-07-15T06:20:14Z cache-mdw17383 MEWElogs[400146]: UNSH, 1626330013860145529, MDW, 16
<134>2021-07-15T06:20:38Z cache-maa10251 MEWElogs[400146]: UNSH, 1626330037593290595, MAA, 16
<134>2021-07-15T06:21:45Z cache-ord1740 MEWElogs[400146]: UNSH, 1626330104969398643, ORD, 16
<134>2021-07-15T06:21:48Z cache-dca17782 MEWElogs[400146]: UNSH, 1626330108594339362, DCA, 16
<134>2021-07-15T06:22:15Z cache-cmh21547 MEWElogs[400146]: UNSH, 1626330134703570424, CMH, 16
<134>2021-07-15T06:22:16Z cache-maa10251 MEWElogs[400146]: UNSH, 1626330135791649096, MAA, 16
<134>2021-07-15T06:22:19Z cache-dca17782 MEWElogs[400146]: UNSH, 1626330138618114770, DCA, 16
<134>2021-07-15T06:22:29Z cache-ams21020 MEWElogs[400146]: UNSH, 1626330148357625953, AMS, 16
<134>2021-07-15T06:22:37Z cache-cmh21547 MEWElogs[400146]: UNSH, 1626330156692136096, CMH, 16
<134>2021-07-15T06:22:59Z cache-cmh21547 MEWElogs[400146]: UNSH, 1626330178548350427, CMH, 16
<134>2021-07-15T06:23:24Z cache-bog6425 MEWElogs[400146]: UNSH, 1626330203895763120, BOG, 16
<134>2021-07-15T06:23:31Z cache-cph20625 MEWElogs[400146]: UNSH, 1626330210380800984, CPH, 16
<134>2021-07-15T06:23:42Z cache-cph20625 MEWElogs[400146]: UNSH, 1626330221034023702, CPH, 16
<134>2021-07-15T06:23:44Z cache-pdk17882 MEWElogs[400146]: UNSH, 1626330224689571271, PDK, 16
<134>2021-07-15T06:24:06Z cache-cmh21547 MEWElogs[400146]: UNSH, 1626330245348881423, CMH, 16
<134>2021-07-15T06:24:43Z cache-cph20625 MEWElogs[400146]: UNSH, 1626330283123133911, CPH, 16
<134>2021-07-15T06:25:18Z cache-akl10324 MEWElogs[400146]: UNSH, 1626330317551471486, AKL, 16
<134>2021-07-15T06:25:23Z cache-cmh21547 MEWElogs[400146]: UNSH, 1626330322345195489, CMH, 16
<134>2021-07-15T06:25:33Z cache-cmh21547 MEWElogs[400146]: UNSH, 1626330333272798866, CMH, 16
<134>2021-07-15T06:25:52Z cache-del21735 MEWElogs[400146]: UNSH, 1626330351609992046, DEL, 16
<134>2021-07-15T06:26:14Z cache-akl10324 MEWElogs[400146]: UNSH, 1626330373086933615, AKL, 16
<134>2021-07-15T06:26:18Z cache-cmh21547 MEWElogs[400146]: UNSH, 1626330377320696443, CMH, 16
<134>2021-07-15T06:26:19Z cache-mdw17383 MEWElogs[400146]: UNSH, 1626330378924621993, MDW, 16
<134>2021-07-15T06:26:37Z cache-dub4329 MEWElogs[400146]: UNSH, 1626330396739001416, DUB, 16
<134>2021-07-15T06:26:39Z cache-cph20625 MEWElogs[400146]: UNSH, 1626330398610185421, CPH, 16
<134>2021-07-15T06:26:42Z cache-bos4657 MEWElogs[400146]: UNSH, 1626330401953810108, BOS, 16
<134>2021-07-15T06:26:53Z cache-mdw17383 MEWElogs[400146]: UNSH, 1626330412278665161, MDW, 16
<134>2021-07-15T06:27:46Z cache-pwk4920 MEWElogs[400146]: UNSH, 1626330465407366651, PWK, 16
<134>2021-07-15T06:28:05Z cache-del21735 MEWElogs[400146]: UNSH, 1626330484015283413, DEL, 16
<134>2021-07-15T06:28:45Z cache-dfw18678 MEWElogs[400146]: UNSH, 1626330525463644076, DFW, 16
<134>2021-07-15T06:29:14Z cache-bos4657 MEWElogs[400146]: UNSH, 1626330553628111469, BOS, 16
<134>2021-07-15T06:29:30Z cache-del21735 MEWElogs[400146]: UNSH, 1626330569554321850, DEL, 16
<134>2021-07-15T06:29:49Z cache-hhn4077 MEWElogs[400146]: UNSH, 1626330589832020498, HHN, 16
<134>2021-07-15T06:29:59Z cache-del21735 MEWElogs[400146]: UNSH, 1626330597830025914, DEL, 16
