<134>2021-07-15T00:59:13Z cache-itm18851 MEWElogs[334804]: CROP, 1626310752431076068, ITM, 12
<134>2021-07-15T00:59:17Z cache-hnd18722 MEWElogs[334804]: CROP, 1626310757600186049, HND, 12
<134>2021-07-15T00:59:40Z cache-gru17149 MEWElogs[334804]: CROP, 1626310779146618338, GRU, 12
<134>2021-07-15T01:00:07Z cache-stl4834 MEWElogs[334804]: CROP, 1626310807173985173, STL, 12
<134>2021-07-15T01:00:17Z cache-gru17149 MEWElogs[334804]: CROP, 1626310815916994709, GRU, 12
<134>2021-07-15T01:00:17Z cache-scl19427 MEWElogs[334804]: CROP, 1626310816112953176, SCL, 12
<134>2021-07-15T01:00:45Z cache-gru17149 MEWElogs[334804]: CROP, 1626310844269946164, GRU, 12
<134>2021-07-15T01:00:50Z cache-cgh11122 MEWElogs[334804]: CROP, 1626310849484761358, CGH, 12
<134>2021-07-15T01:00:54Z cache-stl4834 MEWElogs[334804]: CROP, 1626310853827811051, STL, 12
<134>2021-07-15T01:00:59Z cache-bom4751 MEWElogs[334804]: CROP, 1626310858827710407, BOM, 12
<134>2021-07-15T01:01:00Z cache-pao17461 MEWElogs[334804]: CROP, 1626310859582941886, PAO, 12
<134>2021-07-15T01:01:09Z cache-gig17035 MEWElogs[334804]: CROP, 1626310868853640621, GIG, 12
<134>2021-07-15T01:01:10Z cache-bom4751 MEWElogs[334804]: CROP, 1626310869686119481, BOM, 12
<134>2021-07-15T01:01:14Z cache-gig17035 MEWElogs[334804]: CROP, 1626310873890813567, GIG, 12
<134>2021-07-15T01:01:18Z cache-bom4751 MEWElogs[334804]: CROP, 1626310877293094247, BOM, 12
<134>2021-07-15T01:01:32Z cache-hnd18722 MEWElogs[334804]: CROP, 1626310891636622213, HND, 12
<134>2021-07-15T01:01:41Z cache-stl4834 MEWElogs[334804]: CROP, 1626310900776452175, STL, 12
<134>2021-07-15T01:01:42Z cache-syd10183 MEWElogs[334804]: CROP, 1626310901720328851, SYD, 12
<134>2021-07-15T01:01:44Z cache-cgh11122 MEWElogs[334804]: CROP, 1626310903569651966, CGH, 12
<134>2021-07-15T01:01:47Z cache-scl19427 MEWElogs[334804]: CROP, 1626310906718330836, SCL, 12
<134>2021-07-15T01:01:54Z cache-bom4751 MEWElogs[334804]: CROP, 1626310913805797671, BOM, 12
<134>2021-07-15T01:02:02Z cache-itm18851 MEWElogs[334804]: CROP, 1626310921806681121, ITM, 12
<134>2021-07-15T01:02:34Z cache-syd10183 MEWElogs[334804]: CROP, 1626310954380410486, SYD, 12
<134>2021-07-15T01:02:36Z cache-sea4483 MEWElogs[334804]: CROP, 1626310955898005757, SEA, 12
<134>2021-07-15T01:02:37Z cache-hnd18722 MEWElogs[334804]: CROP, 1626310956060675707, HND, 12
<134>2021-07-15T01:02:51Z cache-itm18851 MEWElogs[334804]: CROP, 1626310970399975476, ITM, 12
<134>2021-07-15T01:03:14Z cache-bma1628 MEWElogs[334804]: CROP, 1626310993778989946, BMA, 12
<134>2021-07-15T01:03:22Z cache-hnd18722 MEWElogs[334804]: CROP, 1626311001741884559, HND, 12
<134>2021-07-15T01:03:43Z cache-sjc10078 MEWElogs[334804]: CROP, 1626311022245399771, SJC, 12
<134>2021-07-15T01:03:50Z cache-itm18851 MEWElogs[334804]: CROP, 1626311029314161538, ITM, 12
<134>2021-07-15T01:03:55Z cache-hnd18722 MEWElogs[334804]: CROP, 1626311034500247092, HND, 12
<134>2021-07-15T01:04:04Z cache-itm18851 MEWElogs[334804]: CROP, 1626311044190526076, ITM, 12
<134>2021-07-15T01:04:07Z cache-pao17461 MEWElogs[334804]: CROP, 1626311046898675381, PAO, 12
<134>2021-07-15T01:04:32Z cache-sea4483 MEWElogs[334804]: CROP, 1626311071339479726, SEA, 12
<134>2021-07-15T01:04:32Z cache-pao17461 MEWElogs[334804]: CROP, 1626311072242851115, PAO, 12
<134>2021-07-15T01:04:45Z cache-cgh11122 MEWElogs[334804]: CROP, 1626311084606595977, CGH, 12
<134>2021-07-15T01:04:45Z cache-sea4483 MEWElogs[334804]: CROP, 1626311085736592494, SEA, 12
<134>2021-07-15T01:04:53Z cache-itm18851 MEWElogs[334804]: CROP, 1626311092907517205, ITM, 12
<134>2021-07-15T01:05:03Z cache-itm18851 MEWElogs[334804]: CROP, 1626311102436169546, ITM, 12
<134>2021-07-15T01:05:10Z cache-sea4483 MEWElogs[334804]: CROP, 1626311109463314677, SEA, 12
<134>2021-07-15T01:05:11Z cache-cgh11122 MEWElogs[334804]: CROP, 1626311111157711122, CGH, 12
<134>2021-07-15T01:05:35Z cache-cgh11183 MEWElogs[334804]: CROP, 1626311134212074854, CGH, 12
<134>2021-07-15T01:05:39Z cache-bma1628 MEWElogs[334804]: CROP, 1626311138704246640, BMA, 12
<134>2021-07-15T01:05:47Z cache-cgh11122 MEWElogs[334804]: CROP, 1626311146743330098, CGH, 12
<134>2021-07-15T01:05:48Z cache-bma1628 MEWElogs[334804]: CROP, 1626311147557517025, BMA, 12
<134>2021-07-15T01:05:49Z cache-tyo11974 MEWElogs[334804]: CROP, 1626311148073885450, TYO, 12
<134>2021-07-15T01:06:09Z cache-cgh11183 MEWElogs[334804]: CROP, 1626311169581639887, CGH, 12
<134>2021-07-15T01:06:21Z cache-yyz4551 MEWElogs[334804]: CROP, 1626311180275395988, YYZ, 12
<134>2021-07-15T01:06:31Z cache-itm18851 MEWElogs[334804]: CROP, 1626311191036173163, ITM, 12
<134>2021-07-15T01:06:35Z cache-cgh11183 MEWElogs[334804]: CROP, 1626311195844533444, CGH, 12
<134>2021-07-15T01:06:36Z cache-bma1628 MEWElogs[334804]: CROP, 1626311195240184365, BMA, 12
<134>2021-07-15T01:06:39Z cache-bma1628 MEWElogs[334804]: CROP, 1626311198162175885, BMA, 12
<134>2021-07-15T01:06:40Z cache-tyo11974 MEWElogs[334804]: CROP, 1626311199301720366, TYO, 12
<134>2021-07-15T01:06:58Z cache-cgh11183 MEWElogs[334804]: CROP, 1626311218024998656, CGH, 12
<134>2021-07-15T01:07:05Z cache-sjc10078 MEWElogs[334804]: CROP, 1626311224801441052, SJC, 12
<134>2021-07-15T01:07:13Z cache-vie21629 MEWElogs[334804]: CROP, 1626311232843371661, VIE, 12
<134>2021-07-15T01:07:44Z cache-sjc10078 MEWElogs[334804]: CROP, 1626311264078483965, SJC, 12
<134>2021-07-15T01:07:47Z cache-vie21629 MEWElogs[334804]: CROP, 1626311266381951574, VIE, 12
<134>2021-07-15T01:07:58Z cache-sjc10078 MEWElogs[334804]: CROP, 1626311277027780668, SJC, 12
<134>2021-07-15T01:08:47Z cache-vie21629 MEWElogs[334804]: CROP, 1626311326688012814, VIE, 12
<134>2021-07-15T01:08:48Z cache-sjc10078 MEWElogs[334804]: CROP, 1626311327851127717, SJC, 12
