<134>2021-07-15T04:38:39Z cache-fra19177 MEWElogs[418388]: ROTATE, 1626323918509337917, FRA, 15
<134>2021-07-15T04:38:46Z cache-akl10324 MEWElogs[418388]: ROTATE, 1626323925880265193, AKL, 15
<134>2021-07-15T04:38:58Z cache-jnb7027 MEWElogs[418388]: ROTATE, 1626323936852684070, JNB, 15
<134>2021-07-15T04:39:02Z cache-dal21283 MEWElogs[418388]: ROTATE, 1626323942013436301, DAL, 15
<134>2021-07-15T04:39:03Z cache-lon4249 MEWElogs[418388]: ROTATE, 1626323942028467001, LON, 15
<134>2021-07-15T04:39:11Z cache-den8274 MEWElogs[418388]: ROTATE, 1626323950973376213, DEN, 15
<134>2021-07-15T04:39:33Z cache-lon4249 MEWElogs[418388]: ROTATE, 1626323972664945757, LON, 15
<134>2021-07-15T04:39:50Z cache-lcy19283 MEWElogs[418388]: ROTATE, 1626323989467071184, LCY, 15
<134>2021-07-15T04:40:18Z cache-pwk4920 MEWElogs[418388]: ROTATE, 1626324018375044011, PWK, 15
<134>2021-07-15T04:40:35Z cache-dal21283 MEWElogs[418388]: ROTATE, 1626324035357444059, DAL, 15
<134>2021-07-15T04:41:23Z cache-dal21283 MEWElogs[418388]: ROTATE, 1626324082734739545, DAL, 15
<134>2021-07-15T04:41:28Z cache-lon4249 MEWElogs[418388]: ROTATE, 1626324088069251578, LON, 15
<134>2021-07-15T04:41:47Z cache-mad22068 MEWElogs[418388]: ROTATE, 1626324106748068977, MAD, 15
<134>2021-07-15T04:42:09Z cache-fra19177 MEWElogs[418388]: ROTATE, 1626324128516095831, FRA, 15
<134>2021-07-15T04:42:12Z cache-mad22068 MEWElogs[418388]: ROTATE, 1626324131010137341, MAD, 15
<134>2021-07-15T04:43:33Z cache-dal21283 MEWElogs[418388]: ROTATE, 1626324212669065836, DAL, 15
<134>2021-07-15T04:44:39Z cache-lcy19283 MEWElogs[418388]: ROTATE, 1626324278827222017, LCY, 15
<134>2021-07-15T04:44:57Z cache-hel6829 MEWElogs[418388]: ROTATE, 1626324296474001234, HEL, 15
<134>2021-07-15T04:46:08Z cache-mad22068 MEWElogs[418388]: ROTATE, 1626324367358909025, MAD, 15
<134>2021-07-15T04:47:24Z cache-lon4249 MEWElogs[418388]: ROTATE, 1626324443891485246, LON, 15
<134>2021-07-15T04:48:35Z cache-mad22068 MEWElogs[418388]: ROTATE, 1626324514068952591, MAD, 15
