<134>2021-07-14T21:50:59Z cache-jnb7027 MEWElogs[216063]: BLUR, 1626299458649528888, JNB, 11
<134>2021-07-14T21:51:39Z cache-lon4249 MEWElogs[216063]: BLUR, 1626299499245275056, LON, 11
<134>2021-07-14T21:52:06Z cache-jnb7027 MEWElogs[216063]: BLUR, 1626299525206166155, JNB, 11
<134>2021-07-14T21:52:31Z cache-iah17271 MEWElogs[216063]: BLUR, 1626299550950749625, IAH, 11
<134>2021-07-14T21:52:56Z cache-dal21283 MEWElogs[216063]: BLUR, 1626299575677343499, DAL, 11
<134>2021-07-14T21:53:41Z cache-cwb20520 MEWElogs[216063]: BLUR, 1626299620307768728, CWB, 11
<134>2021-07-14T21:53:43Z cache-jnb7027 MEWElogs[216063]: BLUR, 1626299622797448089, JNB, 11
<134>2021-07-14T21:53:54Z cache-fra19177 MEWElogs[216063]: BLUR, 1626299634901284557, FRA, 11
<134>2021-07-14T21:54:32Z cache-den8274 MEWElogs[216063]: BLUR, 1626299672210399701, DEN, 11
<134>2021-07-14T21:55:03Z cache-den8274 MEWElogs[216063]: BLUR, 1626299702868555544, DEN, 11
<134>2021-07-14T21:55:34Z cache-den8274 MEWElogs[216063]: BLUR, 1626299733982622388, DEN, 11
<134>2021-07-14T21:57:50Z cache-hel6829 MEWElogs[216063]: BLUR, 1626299869919219706, HEL, 11
<134>2021-07-14T21:58:07Z cache-hel6829 MEWElogs[216063]: BLUR, 1626299886820082159, HEL, 11
<134>2021-07-14T21:58:14Z cache-iah17271 MEWElogs[216063]: BLUR, 1626299893936257554, IAH, 11
<134>2021-07-14T21:59:21Z cache-dal21283 MEWElogs[216063]: BLUR, 1626299960211256519, DAL, 11
<134>2021-07-14T21:59:44Z cache-den8274 MEWElogs[216063]: BLUR, 1626299983658561526, DEN, 11
<134>2021-07-14T21:59:52Z cache-iah17271 MEWElogs[216063]: BLUR, 1626299992121983365, IAH, 11
<134>2021-07-14T22:00:14Z cache-den8274 MEWElogs[216063]: BLUR, 1626300014401219063, DEN, 11
<134>2021-07-14T22:00:31Z cache-den8274 MEWElogs[216063]: BLUR, 1626300030259051381, DEN, 11
<134>2021-07-14T22:00:45Z cache-den8274 MEWElogs[216063]: BLUR, 1626300045768515591, DEN, 11
<134>2021-07-14T22:00:50Z cache-jnb7027 MEWElogs[216063]: BLUR, 1626300050150523336, JNB, 11
