<134>2021-07-14T17:12:42Z cache-fra19177 MEWElogs[322023]: FLIPH, 1626282762754137924, FRA, 10
<134>2021-07-14T17:12:44Z cache-jnb7027 MEWElogs[322023]: FLIPH, 1626282762903302488, JNB, 10
<134>2021-07-14T17:12:53Z cache-dal21283 MEWElogs[322023]: FLIPH, 1626282772706771765, DAL, -1
<134>2021-07-14T17:13:02Z cache-jnb7027 MEWElogs[322023]: FLIPH, 1626282782571578231, JNB, 10
<134>2021-07-14T17:13:25Z cache-lon4249 MEWElogs[322023]: FLIPH, 1626282804005027105, LON, -1
<134>2021-07-14T17:13:29Z cache-hkg17929 MEWElogs[322023]: FLIPH, 1626282808207779213, HKG, -1
<134>2021-07-14T17:13:40Z cache-bur17583 MEWElogs[322023]: FLIPH, 1626282818987818482, BUR, 10
<134>2021-07-14T17:13:45Z cache-lcy19283 MEWElogs[322023]: FLIPH, 1626282824550340557, LCY, 10
<134>2021-07-14T17:13:48Z cache-jnb7027 MEWElogs[322023]: FLIPH, 1626282828507618579, JNB, -1
<134>2021-07-14T17:14:10Z cache-bur17583 MEWElogs[322023]: FLIPH, 1626282849914096145, BUR, 10
<134>2021-07-14T17:14:28Z cache-lon4249 MEWElogs[322023]: FLIPH, 1626282868819652487, LON, -1
<134>2021-07-14T17:14:35Z cache-den8274 MEWElogs[322023]: FLIPH, 1626282874803272027, DEN, -1
<134>2021-07-14T17:14:48Z cache-lon4249 MEWElogs[322023]: FLIPH, 1626282887798867741, LON, 10
<134>2021-07-14T17:14:52Z cache-cwb20520 MEWElogs[322023]: FLIPH, 1626282891512947158, CWB, 10
<134>2021-07-14T17:15:00Z cache-dal21283 MEWElogs[322023]: FLIPH, 1626282900026760965, DAL, -1
<134>2021-07-14T17:15:02Z cache-cwb20520 MEWElogs[322023]: FLIPH, 1626282901378147512, CWB, 10
<134>2021-07-14T17:15:16Z cache-lcy19283 MEWElogs[322023]: FLIPH, 1626282914973062349, LCY, 10
<134>2021-07-14T17:15:28Z cache-cwb20520 MEWElogs[322023]: FLIPH, 1626282927710280940, CWB, -1
<134>2021-07-14T17:15:31Z cache-hkg17929 MEWElogs[322023]: FLIPH, 1626282930349669884, HKG, 10
<134>2021-07-14T17:15:58Z cache-mci5951 MEWElogs[322023]: FLIPH, 1626282957898211092, MCI, -1
<134>2021-07-14T17:16:55Z cache-bur17583 MEWElogs[322023]: FLIPH, 1626283014608003908, BUR, 10
<134>2021-07-14T17:17:19Z cache-lhr7382 MEWElogs[322023]: FLIPH, 1626283038974697640, LHR, -1
<134>2021-07-14T17:17:37Z cache-hkg17929 MEWElogs[322023]: FLIPH, 1626283057051548601, HKG, -1
<134>2021-07-14T17:17:57Z cache-bur17583 MEWElogs[322023]: FLIPH, 1626283076589835060, BUR, 10
<134>2021-07-14T17:18:14Z cache-dal21283 MEWElogs[322023]: FLIPH, 1626283093627239191, DAL, -1
<134>2021-07-14T17:18:23Z cache-hkg17929 MEWElogs[322023]: FLIPH, 1626283103163299267, HKG, 10
<134>2021-07-14T17:18:28Z cache-mia11368 MEWElogs[322023]: FLIPH, 1626283107198195098, MIA, -1
<134>2021-07-14T17:18:36Z cache-bur17583 MEWElogs[322023]: FLIPH, 1626283115299528681, BUR, -1
<134>2021-07-14T17:19:00Z cache-mad22068 MEWElogs[322023]: FLIPH, 1626283140706225226, MAD, 10
<134>2021-07-14T17:19:11Z cache-stp9226 MEWElogs[322023]: FLIPH, 1626283151195957135, STP, -1
<134>2021-07-14T17:19:22Z cache-lhr7382 MEWElogs[322023]: FLIPH, 1626283162496916514, LHR, -1
<134>2021-07-14T17:19:29Z cache-mia11368 MEWElogs[322023]: FLIPH, 1626283168614098772, MIA, -1
<134>2021-07-14T17:19:46Z cache-jax20933 MEWElogs[322023]: FLIPH, 1626283185833934156, JAX, -1
<134>2021-07-14T17:19:48Z cache-mrs10583 MEWElogs[322023]: FLIPH, 1626283187931594946, MRS, -1
<134>2021-07-14T17:19:52Z cache-mia11368 MEWElogs[322023]: FLIPH, 1626283192616760276, MIA, 10
<134>2021-07-14T17:19:54Z cache-mad22068 MEWElogs[322023]: FLIPH, 1626283193427076390, MAD, -1
<134>2021-07-14T17:20:19Z cache-dal21283 MEWElogs[322023]: FLIPH, 1626283218778315092, DAL, -1
<134>2021-07-14T17:21:05Z cache-yul12826 MEWElogs[322023]: FLIPH, 1626283264544631554, YUL, 10
<134>2021-07-14T17:21:07Z cache-lhr7382 MEWElogs[322023]: FLIPH, 1626283267530176227, LHR, -1
<134>2021-07-14T17:21:21Z cache-mia11368 MEWElogs[322023]: FLIPH, 1626283280657373285, MIA, -1
<134>2021-07-14T17:21:25Z cache-lhr7382 MEWElogs[322023]: FLIPH, 1626283284564116898, LHR, -1
<134>2021-07-14T17:21:26Z cache-hkg17929 MEWElogs[322023]: FLIPH, 1626283285539845445, HKG, -1
<134>2021-07-14T17:21:45Z cache-mia11368 MEWElogs[322023]: FLIPH, 1626283304726600533, MIA, 10
<134>2021-07-14T17:21:52Z cache-mia11368 MEWElogs[322023]: FLIPH, 1626283311792368503, MIA, -1
<134>2021-07-14T17:22:27Z cache-jax20933 MEWElogs[322023]: FLIPH, 1626283346774835814, JAX, 10
