<134>2021-07-14T17:34:18Z cache-mel11272 MEWElogs[326955]: FLIPH, 1626284057643803483, MEL, 10
<134>2021-07-14T17:34:27Z cache-ewr18156 MEWElogs[326955]: FLIPH, 1626284066945460728, EWR, -1
<134>2021-07-14T17:34:31Z cache-cdg20720 MEWElogs[326955]: FLIPH, 1626284071007243333, CDG, -1
<134>2021-07-14T17:34:33Z cache-lax10677 MEWElogs[326955]: FLIPH, 1626284072788208010, LGB, 10
<134>2021-07-14T17:34:33Z cache-man4150 MEWElogs[326955]: FLIPH, 1626284073037358798, MAN, -1
<134>2021-07-14T17:35:00Z cache-gig17035 MEWElogs[326955]: FLIPH, 1626284099242423560, GIG, -1
<134>2021-07-14T17:35:14Z cache-ewr18156 MEWElogs[326955]: FLIPH, 1626284113756764186, EWR, -1
<134>2021-07-14T17:35:30Z cache-lax10677 MEWElogs[326955]: FLIPH, 1626284129517317554, LGB, -1
<134>2021-07-14T17:35:40Z cache-gig17035 MEWElogs[326955]: FLIPH, 1626284139484831350, GIG, 10
<134>2021-07-14T17:35:53Z cache-osl6529 MEWElogs[326955]: FLIPH, 1626284152309526555, OSL, -1
<134>2021-07-14T17:36:23Z cache-man4150 MEWElogs[326955]: FLIPH, 1626284182623692388, MAN, -1
<134>2021-07-14T17:36:26Z cache-cdg20720 MEWElogs[326955]: FLIPH, 1626284185599979329, CDG, 10
<134>2021-07-14T17:36:34Z cache-man4150 MEWElogs[326955]: FLIPH, 1626284193756898628, MAN, 10
<134>2021-07-14T17:36:52Z cache-gig17035 MEWElogs[326955]: FLIPH, 1626284211376548224, GIG, 10
<134>2021-07-14T17:37:02Z cache-scl19427 MEWElogs[326955]: FLIPH, 1626284221211899242, SCL, -1
<134>2021-07-14T17:37:02Z cache-lax10677 MEWElogs[326955]: FLIPH, 1626284221919027490, LGB, 10
<134>2021-07-14T17:37:09Z cache-lax10677 MEWElogs[326955]: FLIPH, 1626284228897840785, LGB, -1
<134>2021-07-14T17:37:12Z cache-lax10677 MEWElogs[326955]: FLIPH, 1626284231952972618, LGB, 10
<134>2021-07-14T17:37:22Z cache-mel11272 MEWElogs[326955]: FLIPH, 1626284241270184709, MEL, 10
<134>2021-07-14T17:37:28Z cache-osl6529 MEWElogs[326955]: FLIPH, 1626284248072547278, OSL, 10
<134>2021-07-14T17:37:39Z cache-mel11272 MEWElogs[326955]: FLIPH, 1626284258876875321, MEL, -1
<134>2021-07-14T17:38:14Z cache-bom4751 MEWElogs[326955]: FLIPH, 1626284293498668088, BOM, -1
<134>2021-07-14T17:38:22Z cache-lga21983 MEWElogs[326955]: FLIPH, 1626284302230755458, LGA, 10
<134>2021-07-14T17:38:49Z cache-cdg20720 MEWElogs[326955]: FLIPH, 1626284328535639351, CDG, 10
<134>2021-07-14T17:39:38Z cache-lga21983 MEWElogs[326955]: FLIPH, 1626284378044976845, LGA, -1
<134>2021-07-14T17:39:54Z cache-osl6529 MEWElogs[326955]: FLIPH, 1626284393183065127, OSL, -1
<134>2021-07-14T17:40:06Z cache-scl19427 MEWElogs[326955]: FLIPH, 1626284405968983971, SCL, 10
<134>2021-07-14T17:40:15Z cache-osl6529 MEWElogs[326955]: FLIPH, 1626284414477929424, OSL, 10
<134>2021-07-14T17:40:21Z cache-bom4751 MEWElogs[326955]: FLIPH, 1626284420796907858, BOM, -1
<134>2021-07-14T17:40:24Z cache-osl6529 MEWElogs[326955]: FLIPH, 1626284423731623918, OSL, 10
<134>2021-07-14T17:41:41Z cache-lga21983 MEWElogs[326955]: FLIPH, 1626284501506745956, LGA, 10
<134>2021-07-14T17:41:44Z cache-mel11272 MEWElogs[326955]: FLIPH, 1626284503225352842, MEL, -1
<134>2021-07-14T17:41:44Z cache-ewr18156 MEWElogs[326955]: FLIPH, 1626284504138500328, EWR, -1
<134>2021-07-14T17:41:44Z cache-osl6529 MEWElogs[326955]: FLIPH, 1626284503619462038, OSL, -1
<134>2021-07-14T17:41:50Z cache-bom4751 MEWElogs[326955]: FLIPH, 1626284509842499557, BOM, 10
<134>2021-07-14T17:42:00Z cache-bom4751 MEWElogs[326955]: FLIPH, 1626284519405902867, BOM, 10
<134>2021-07-14T17:42:02Z cache-gig17035 MEWElogs[326955]: FLIPH, 1626284521694933372, GIG, -1
<134>2021-07-14T17:42:04Z cache-scl19427 MEWElogs[326955]: FLIPH, 1626284523861818247, SCL, -1
<134>2021-07-14T17:42:32Z cache-scl19427 MEWElogs[326955]: FLIPH, 1626284551467695620, SCL, 10
<134>2021-07-14T17:42:37Z cache-lga21983 MEWElogs[326955]: FLIPH, 1626284557213396422, LGA, -1
<134>2021-07-14T17:42:37Z cache-mel11272 MEWElogs[326955]: FLIPH, 1626284556661476853, MEL, 10
<134>2021-07-14T17:42:38Z cache-man4150 MEWElogs[326955]: FLIPH, 1626284557897502062, MAN, -1
<134>2021-07-14T17:42:40Z cache-bom4751 MEWElogs[326955]: FLIPH, 1626284559256921642, BOM, 10
<134>2021-07-14T17:43:33Z cache-stl4834 MEWElogs[326955]: FLIPH, 1626284613539223870, STL, -1
<134>2021-07-14T17:43:37Z cache-osl6529 MEWElogs[326955]: FLIPH, 1626284616810278393, OSL, 10
<134>2021-07-14T17:43:45Z cache-stl4834 MEWElogs[326955]: FLIPH, 1626284624363490404, STL, -1
<134>2021-07-14T17:44:05Z cache-stl4834 MEWElogs[326955]: FLIPH, 1626284645032247920, STL, -1
<134>2021-07-14T17:44:10Z cache-gru17149 MEWElogs[326955]: FLIPH, 1626284649413481544, GRU, 10
<134>2021-07-14T17:44:12Z cache-cdg20720 MEWElogs[326955]: FLIPH, 1626284651419568997, CDG, -1
