<134>2021-07-14T23:23:25Z cache-pao17461 MEWElogs[390968]: BLUR, 1626305004329238459, PAO, 11
<134>2021-07-14T23:24:02Z cache-pao17461 MEWElogs[390968]: BLUR, 1626305042230241799, PAO, 11
<134>2021-07-14T23:24:33Z cache-hnd18722 MEWElogs[390968]: BLUR, 1626305072866405804, HND, 11
<134>2021-07-14T23:24:38Z cache-cgh11122 MEWElogs[390968]: BLUR, 1626305077681831738, CGH, 11
<134>2021-07-14T23:25:12Z cache-cgh11122 MEWElogs[390968]: BLUR, 1626305111906345753, CGH, 11
<134>2021-07-14T23:25:30Z cache-cgh11122 MEWElogs[390968]: BLUR, 1626305129106462872, CGH, 11
<134>2021-07-14T23:25:32Z cache-stl4834 MEWElogs[390968]: BLUR, 1626305131745408619, STL, 11
<134>2021-07-14T23:26:03Z cache-itm18851 MEWElogs[390968]: BLUR, 1626305162512772395, ITM, 11
<134>2021-07-14T23:26:24Z cache-sjc10078 MEWElogs[390968]: BLUR, 1626305184146019316, SJC, 11
<134>2021-07-14T23:27:14Z cache-itm18851 MEWElogs[390968]: BLUR, 1626305233677235622, ITM, 11
<134>2021-07-14T23:28:02Z cache-cgh11122 MEWElogs[390968]: BLUR, 1626305282361351892, CGH, 11
<134>2021-07-14T23:28:26Z cache-itm18851 MEWElogs[390968]: BLUR, 1626305305718090417, ITM, 11
<134>2021-07-14T23:28:53Z cache-cgh11183 MEWElogs[390968]: BLUR, 1626305332659919609, CGH, 11
<134>2021-07-14T23:29:28Z cache-cgh11183 MEWElogs[390968]: BLUR, 1626305366974386812, CGH, 11
<134>2021-07-14T23:29:45Z cache-pao17461 MEWElogs[390968]: BLUR, 1626305384579199232, PAO, 11
<134>2021-07-14T23:30:21Z cache-pao17461 MEWElogs[390968]: BLUR, 1626305421104011860, PAO, 11
<134>2021-07-14T23:31:28Z cache-cgh11183 MEWElogs[390968]: BLUR, 1626305487784367908, CGH, 11
<134>2021-07-14T23:31:42Z cache-tyo11974 MEWElogs[390968]: BLUR, 1626305501547342990, TYO, 11
<134>2021-07-14T23:32:20Z cache-itm18851 MEWElogs[390968]: BLUR, 1626305539049844709, ITM, 11
<134>2021-07-14T23:32:39Z cache-tyo11974 MEWElogs[390968]: BLUR, 1626305558949712734, TYO, 11
<134>2021-07-14T23:32:48Z cache-bma1628 MEWElogs[390968]: BLUR, 1626305567915255829, BMA, 11
