<134>2021-07-14T22:34:16Z cache-yul12826 MEWElogs[400146]: BLUR, 1626302055377583435, YUL, 11
<134>2021-07-14T22:34:18Z cache-mci5951 MEWElogs[400146]: BLUR, 1626302058582477569, MCI, 11
<134>2021-07-14T22:34:22Z cache-hkg17929 MEWElogs[400146]: BLUR, 1626302061160726173, HKG, 11
<134>2021-07-14T22:34:22Z cache-stp9226 MEWElogs[400146]: BLUR, 1626302061387117587, STP, 11
<134>2021-07-14T22:34:35Z cache-mia11368 MEWElogs[400146]: BLUR, 1626302074546468263, MIA, 11
<134>2021-07-14T22:35:45Z cache-mad22068 MEWElogs[400146]: BLUR, 1626302145485489463, MAD, 11
<134>2021-07-14T22:35:54Z cache-lax10677 MEWElogs[400146]: BLUR, 1626302153729581474, LGB, 11
<134>2021-07-14T22:36:08Z cache-mel11272 MEWElogs[400146]: BLUR, 1626302166950713082, MEL, 11
<134>2021-07-14T22:36:17Z cache-lhr7382 MEWElogs[400146]: BLUR, 1626302176417527418, LHR, 11
<134>2021-07-14T22:36:25Z cache-hkg17929 MEWElogs[400146]: BLUR, 1626302184327629181, HKG, 11
<134>2021-07-14T22:37:03Z cache-mia11368 MEWElogs[400146]: BLUR, 1626302223218003701, MIA, 11
<134>2021-07-14T22:37:23Z cache-lax10677 MEWElogs[400146]: BLUR, 1626302243068328709, LGB, 11
<134>2021-07-14T22:37:59Z cache-lax10677 MEWElogs[400146]: BLUR, 1626302278611036269, LGB, 11
<134>2021-07-14T22:38:05Z cache-stp9226 MEWElogs[400146]: BLUR, 1626302284075695320, STP, 11
<134>2021-07-14T22:39:55Z cache-jax20933 MEWElogs[400146]: BLUR, 1626302394375020867, JAX, 11
<134>2021-07-14T22:39:59Z cache-man4150 MEWElogs[400146]: BLUR, 1626302398929935463, MAN, 11
<134>2021-07-14T22:40:16Z cache-stp9226 MEWElogs[400146]: BLUR, 1626302415651573582, STP, 11
<134>2021-07-14T22:40:25Z cache-yul12826 MEWElogs[400146]: BLUR, 1626302425584338998, YUL, 11
<134>2021-07-14T22:40:27Z cache-ewr18156 MEWElogs[400146]: BLUR, 1626302426441761713, EWR, 11
<134>2021-07-14T22:41:10Z cache-osl6529 MEWElogs[400146]: BLUR, 1626302469482996871, OSL, 11
<134>2021-07-14T22:41:34Z cache-mel11272 MEWElogs[400146]: BLUR, 1626302492892070223, MEL, 11
<134>2021-07-14T22:41:41Z cache-osl6529 MEWElogs[400146]: BLUR, 1626302500888977982, OSL, 11
<134>2021-07-14T22:41:57Z cache-osl6529 MEWElogs[400146]: BLUR, 1626302516409907508, OSL, 11
<134>2021-07-14T22:42:22Z cache-mel11272 MEWElogs[400146]: BLUR, 1626302541627628537, MEL, 11
<134>2021-07-14T22:42:42Z cache-mia11368 MEWElogs[400146]: BLUR, 1626302561389861569, MIA, 11
<134>2021-07-14T22:42:47Z cache-stp9226 MEWElogs[400146]: BLUR, 1626302566130962818, STP, 11
<134>2021-07-14T22:43:04Z cache-jax20933 MEWElogs[400146]: BLUR, 1626302583258208941, JAX, 11
<134>2021-07-14T22:43:37Z cache-lax10677 MEWElogs[400146]: BLUR, 1626302617101474540, LGB, 11
<134>2021-07-14T22:43:55Z cache-yul12826 MEWElogs[400146]: BLUR, 1626302635408257058, YUL, 11
