<134>2021-07-15T04:47:47Z cache-den8274 MEWElogs[390968]: ROTATE, 1626324466578533799, DEN, 15
<134>2021-07-15T04:47:48Z cache-iah17271 MEWElogs[390968]: ROTATE, 1626324467864584303, IAH, 15
<134>2021-07-15T04:47:54Z cache-hel6829 MEWElogs[390968]: ROTATE, 1626324474173357788, HEL, 15
<134>2021-07-15T04:48:00Z cache-jnb7027 MEWElogs[390968]: ROTATE, 1626324479399419318, JNB, 15
<134>2021-07-15T04:48:24Z cache-den8274 MEWElogs[390968]: ROTATE, 1626324503667095000, DEN, 15
<134>2021-07-15T04:48:50Z cache-bur17583 MEWElogs[390968]: ROTATE, 1626324529625032055, BUR, 15
<134>2021-07-15T04:48:51Z cache-hel6829 MEWElogs[390968]: ROTATE, 1626324530469572215, HEL, 15
<134>2021-07-15T04:49:12Z cache-lon4249 MEWElogs[390968]: ROTATE, 1626324551660615089, LON, 15
<134>2021-07-15T04:49:43Z cache-lon4249 MEWElogs[390968]: ROTATE, 1626324582910931474, LON, 15
<134>2021-07-15T04:49:59Z cache-dal21283 MEWElogs[390968]: ROTATE, 1626324599658444535, DAL, 15
<134>2021-07-15T04:50:22Z cache-fra19177 MEWElogs[390968]: ROTATE, 1626324622255612382, FRA, 15
<134>2021-07-15T04:50:33Z cache-hel6829 MEWElogs[390968]: ROTATE, 1626324633126920070, HEL, 15
<134>2021-07-15T04:50:35Z cache-mad22068 MEWElogs[390968]: ROTATE, 1626324634424039922, MAD, 15
<134>2021-07-15T04:50:36Z cache-dal21283 MEWElogs[390968]: ROTATE, 1626324634991393596, DAL, 15
<134>2021-07-15T04:50:43Z cache-mad22068 MEWElogs[390968]: ROTATE, 1626324642325027455, MAD, 15
<134>2021-07-15T04:51:48Z cache-stp9226 MEWElogs[390968]: ROTATE, 1626324707191227187, STP, 15
<134>2021-07-15T04:52:29Z cache-lhr7382 MEWElogs[390968]: ROTATE, 1626324749692835513, LHR, 15
<134>2021-07-15T04:52:40Z cache-bur17583 MEWElogs[390968]: ROTATE, 1626324759999727181, BUR, 15
<134>2021-07-15T04:52:52Z cache-mad22068 MEWElogs[390968]: ROTATE, 1626324771516363921, MAD, 15
<134>2021-07-15T04:53:25Z cache-stp9226 MEWElogs[390968]: ROTATE, 1626324804579988365, STP, 15
<134>2021-07-15T04:53:45Z cache-dal21283 MEWElogs[390968]: ROTATE, 1626324824599204052, DAL, 15
<134>2021-07-15T04:54:08Z cache-iah17271 MEWElogs[390968]: ROTATE, 1626324847965343809, IAH, 15
<134>2021-07-15T04:54:29Z cache-lhr7382 MEWElogs[390968]: ROTATE, 1626324868098785886, LHR, 15
<134>2021-07-15T04:54:33Z cache-hkg17929 MEWElogs[390968]: ROTATE, 1626324872459007794, HKG, 15
<134>2021-07-15T04:54:36Z cache-mrs10583 MEWElogs[390968]: ROTATE, 1626324875014548273, MRS, 15
<134>2021-07-15T04:54:41Z cache-stp9226 MEWElogs[390968]: ROTATE, 1626324880221239239, STP, 15
<134>2021-07-15T04:55:17Z cache-lhr7382 MEWElogs[390968]: ROTATE, 1626324915958118067, LHR, 15
<134>2021-07-15T04:55:18Z cache-hkg17929 MEWElogs[390968]: ROTATE, 1626324918388764980, HKG, 15
<134>2021-07-15T04:55:24Z cache-yul12826 MEWElogs[390968]: ROTATE, 1626324923919771559, YUL, 15
<134>2021-07-15T04:55:40Z cache-dal21283 MEWElogs[390968]: ROTATE, 1626324939795815537, DAL, 15
<134>2021-07-15T04:55:43Z cache-mci5951 MEWElogs[390968]: ROTATE, 1626324942717075401, MCI, 15
<134>2021-07-15T04:55:52Z cache-dal21283 MEWElogs[390968]: ROTATE, 1626324950980233388, DAL, 15
<134>2021-07-15T04:55:54Z cache-mrs10583 MEWElogs[390968]: ROTATE, 1626324953567332182, MRS, 15
<134>2021-07-15T04:56:07Z cache-yul12826 MEWElogs[390968]: ROTATE, 1626324966471885574, YUL, 15
<134>2021-07-15T04:56:36Z cache-iah17271 MEWElogs[390968]: ROTATE, 1626324995546143522, IAH, 15
<134>2021-07-15T04:57:15Z cache-bur17583 MEWElogs[390968]: ROTATE, 1626325035182145598, BUR, 15
<134>2021-07-15T04:57:31Z cache-yul12826 MEWElogs[390968]: ROTATE, 1626325051060128640, YUL, 15
<134>2021-07-15T04:57:43Z cache-lga21983 MEWElogs[390968]: ROTATE, 1626325062261192531, LGA, 15
