<134>2021-07-15T01:31:42Z cache-eze19324 MEWElogs[39982]: GRAY, 1626312701110916576, EZE, 13
<134>2021-07-15T01:31:51Z cache-cmh21547 MEWElogs[39982]: GRAY, 1626312710604639221, CMH, 13
<134>2021-07-15T01:31:59Z cache-fty21383 MEWElogs[39982]: GRAY, 1626312718571906620, FTY, 13
<134>2021-07-15T01:32:42Z cache-chi21126 MEWElogs[39982]: GRAY, 1626312762623158093, CHI, 13
<134>2021-07-15T01:33:12Z cache-bos4657 MEWElogs[39982]: GRAY, 1626312791322658101, BOS, 13
<134>2021-07-15T01:33:37Z cache-akl10324 MEWElogs[39982]: GRAY, 1626312816158154893, AKL, 13
<134>2021-07-15T01:33:40Z cache-cph20625 MEWElogs[39982]: GRAY, 1626312819951632844, CPH, 13
<134>2021-07-15T01:33:42Z cache-dfw18678 MEWElogs[39982]: GRAY, 1626312821282281214, DFW, 13
<134>2021-07-15T01:33:42Z cache-mdw17383 MEWElogs[39982]: GRAY, 1626312822391837469, MDW, 13
<134>2021-07-15T01:33:58Z cache-akl10324 MEWElogs[39982]: GRAY, 1626312837367271711, AKL, 13
<134>2021-07-15T01:34:02Z cache-fty21383 MEWElogs[39982]: GRAY, 1626312841308359098, FTY, 13
<134>2021-07-15T01:34:31Z cache-cph20625 MEWElogs[39982]: GRAY, 1626312870832204749, CPH, 13
<134>2021-07-15T01:34:38Z cache-chi21126 MEWElogs[39982]: GRAY, 1626312877774323681, CHI, 13
<134>2021-07-15T01:34:42Z cache-fra19177 MEWElogs[39982]: GRAY, 1626312881839145299, FRA, 13
<134>2021-07-15T01:35:02Z cache-hhn4077 MEWElogs[39982]: GRAY, 1626312901008234834, HHN, 13
<134>2021-07-15T01:35:16Z cache-cph20625 MEWElogs[39982]: GRAY, 1626312915564299910, CPH, 13
<134>2021-07-15T01:35:32Z cache-pwk4920 MEWElogs[39982]: GRAY, 1626312931835285458, PWK, 13
<134>2021-07-15T01:35:46Z cache-dfw18678 MEWElogs[39982]: GRAY, 1626312946392279357, DFW, 13
<134>2021-07-15T01:35:48Z cache-chi21126 MEWElogs[39982]: GRAY, 1626312947178315594, CHI, 13
<134>2021-07-15T01:36:26Z cache-fty21383 MEWElogs[39982]: GRAY, 1626312985089630835, FTY, 13
<134>2021-07-15T01:37:20Z cache-del21735 MEWElogs[39982]: GRAY, 1626313039255259424, DEL, 13
<134>2021-07-15T01:37:37Z cache-hhn4077 MEWElogs[39982]: GRAY, 1626313057295396466, HHN, 13
<134>2021-07-15T01:37:56Z cache-dfw18678 MEWElogs[39982]: GRAY, 1626313075842056484, DFW, 13
<134>2021-07-15T01:38:00Z cache-del21735 MEWElogs[39982]: GRAY, 1626313079510723082, DEL, 13
<134>2021-07-15T01:38:26Z cache-cph20625 MEWElogs[39982]: GRAY, 1626313105019058139, CPH, 13
<134>2021-07-15T01:38:53Z cache-fra19177 MEWElogs[39982]: GRAY, 1626313132665076684, FRA, 13
<134>2021-07-15T01:38:57Z cache-dfw18678 MEWElogs[39982]: GRAY, 1626313136819430463, DFW, 13
<134>2021-07-15T01:39:11Z cache-bos4657 MEWElogs[39982]: GRAY, 1626313150526965165, BOS, 13
<134>2021-07-15T01:39:38Z cache-del21735 MEWElogs[39982]: GRAY, 1626313177361220617, DEL, 13
<134>2021-07-15T01:39:57Z cache-fty21383 MEWElogs[39982]: GRAY, 1626313196606154538, FTY, 13
<134>2021-07-15T01:40:01Z cache-del21735 MEWElogs[39982]: GRAY, 1626313200448933372, DEL, 13
<134>2021-07-15T01:40:19Z cache-pwk4920 MEWElogs[39982]: GRAY, 1626313219325692383, PWK, 13
<134>2021-07-15T01:41:21Z cache-cwb20520 MEWElogs[39982]: GRAY, 1626313280589383124, CWB, 13
<134>2021-07-15T01:41:29Z cache-akl10324 MEWElogs[39982]: GRAY, 1626313288160314773, AKL, 13
<134>2021-07-15T01:41:40Z cache-chi21126 MEWElogs[39982]: GRAY, 1626313299218031287, CHI, 13
