<134>2021-07-14T16:21:37Z cache-ams21020 MEWElogs[318405]: FLIPH, 1626279696978130671, AMS, 10
<134>2021-07-14T16:21:47Z cache-ord1740 MEWElogs[318405]: FLIPH, 1626279706660780995, ORD, 10
<134>2021-07-14T16:22:14Z cache-pdk17882 MEWElogs[318405]: FLIPH, 1626279734120283710, PDK, 10
<134>2021-07-14T16:22:17Z cache-maa10251 MEWElogs[318405]: FLIPH, 1626279736210835176, MAA, 10
<134>2021-07-14T16:27:11Z cache-eze19324 MEWElogs[318405]: FLIPH, 1626280030606052565, EZE, -1
<134>2021-07-14T16:27:23Z cache-eze19324 MEWElogs[318405]: FLIPH, 1626280042389931279, EZE, -1
<134>2021-07-14T16:27:45Z cache-cmh21547 MEWElogs[318405]: FLIPH, 1626280064941831633, CMH, 10
<134>2021-07-14T16:27:55Z cache-pdk17882 MEWElogs[318405]: FLIPH, 1626280075049238051, PDK, 10
<134>2021-07-14T16:28:03Z cache-dca17782 MEWElogs[318405]: FLIPH, 1626280082839233838, DCA, -1
<134>2021-07-14T16:28:25Z cache-dca17782 MEWElogs[318405]: FLIPH, 1626280104472045317, DCA, 10
<134>2021-07-14T16:28:40Z cache-cmh21547 MEWElogs[318405]: FLIPH, 1626280119966283527, CMH, 10
<134>2021-07-14T16:28:41Z cache-mdw17383 MEWElogs[318405]: FLIPH, 1626280120168913244, MDW, 10
<134>2021-07-14T16:29:06Z cache-ord1740 MEWElogs[318405]: FLIPH, 1626280145559213911, ORD, -1
<134>2021-07-14T16:29:18Z cache-bog6425 MEWElogs[318405]: FLIPH, 1626280157792537686, BOG, 10
<134>2021-07-14T16:29:36Z cache-dca17782 MEWElogs[318405]: FLIPH, 1626280176132855693, DCA, -1
<134>2021-07-14T16:29:50Z cache-maa10251 MEWElogs[318405]: FLIPH, 1626280189177803420, MAA, 10
<134>2021-07-14T16:29:56Z cache-cmh21547 MEWElogs[318405]: FLIPH, 1626280196004875140, CMH, 10
<134>2021-07-14T16:30:27Z cache-pdk17882 MEWElogs[318405]: FLIPH, 1626280227107420160, PDK, -1
<134>2021-07-14T16:30:43Z cache-mdw17383 MEWElogs[318405]: FLIPH, 1626280242031587276, MDW, 10
<134>2021-07-14T16:30:49Z cache-ord1740 MEWElogs[318405]: FLIPH, 1626280248821125553, ORD, 10
<134>2021-07-14T16:30:53Z cache-mdw17383 MEWElogs[318405]: FLIPH, 1626280253713636600, MDW, 10
<134>2021-07-14T16:30:55Z cache-ord1740 MEWElogs[318405]: FLIPH, 1626280254999192245, ORD, -1
<134>2021-07-14T16:31:31Z cache-pdk17882 MEWElogs[318405]: FLIPH, 1626280290391447215, PDK, -1
