<134>2021-07-14T20:49:22Z cache-eze19324 MEWElogs[46369]: BLUR, 1626295762720124314, EZE, 11
<134>2021-07-14T20:50:42Z cache-dca17782 MEWElogs[46369]: BLUR, 1626295842465147714, DCA, 11
<134>2021-07-14T20:50:59Z cache-dca17782 MEWElogs[46369]: BLUR, 1626295858629014273, DCA, 11
<134>2021-07-14T20:50:59Z cache-ord1740 MEWElogs[46369]: BLUR, 1626295858923880047, ORD, 11
<134>2021-07-14T20:51:15Z cache-wdc5583 MEWElogs[46369]: BLUR, 1626295875815417904, WDC, 11
<134>2021-07-14T20:51:17Z cache-cmh21547 MEWElogs[46369]: BLUR, 1626295877230285037, CMH, 11
<134>2021-07-14T20:51:47Z cache-ord1740 MEWElogs[46369]: BLUR, 1626295906351542933, ORD, 11
<134>2021-07-14T20:51:54Z cache-wdc5583 MEWElogs[46369]: BLUR, 1626295913946801176, WDC, 11
<134>2021-07-14T20:51:58Z cache-pdk17882 MEWElogs[46369]: BLUR, 1626295917210350597, PDK, 11
<134>2021-07-14T20:52:00Z cache-mdw17383 MEWElogs[46369]: BLUR, 1626295920623085184, MDW, 11
<134>2021-07-14T20:52:01Z cache-eze19324 MEWElogs[46369]: BLUR, 1626295920011869650, EZE, 11
<134>2021-07-14T20:52:07Z cache-maa10251 MEWElogs[46369]: BLUR, 1626295925920488624, MAA, 11
<134>2021-07-14T20:52:20Z cache-eze19324 MEWElogs[46369]: BLUR, 1626295939531667684, EZE, 11
<134>2021-07-14T20:52:53Z cache-ams21020 MEWElogs[46369]: BLUR, 1626295972625368807, AMS, 11
<134>2021-07-14T20:52:59Z cache-eze19324 MEWElogs[46369]: BLUR, 1626295978557400902, EZE, 11
<134>2021-07-14T20:53:05Z cache-ord1740 MEWElogs[46369]: BLUR, 1626295984809279368, ORD, 11
<134>2021-07-14T20:53:08Z cache-dca17782 MEWElogs[46369]: BLUR, 1626295988057891839, DCA, 11
<134>2021-07-14T20:53:37Z cache-ord1740 MEWElogs[46369]: BLUR, 1626296016351164513, ORD, 11
<134>2021-07-14T20:53:47Z cache-cmh21547 MEWElogs[46369]: BLUR, 1626296026414499005, CMH, 11
<134>2021-07-14T20:53:56Z cache-dca17782 MEWElogs[46369]: BLUR, 1626296036085652769, DCA, 11
<134>2021-07-14T20:54:54Z cache-bog6425 MEWElogs[46369]: BLUR, 1626296093754972180, BOG, 11
<134>2021-07-14T20:55:17Z cache-dca17782 MEWElogs[46369]: BLUR, 1626296117068765835, DCA, 11
<134>2021-07-14T20:55:34Z cache-dca17782 MEWElogs[46369]: BLUR, 1626296133048827278, DCA, 11
<134>2021-07-14T20:55:44Z cache-ord1740 MEWElogs[46369]: BLUR, 1626296143360153889, ORD, 11
<134>2021-07-14T20:56:05Z cache-ams21020 MEWElogs[46369]: BLUR, 1626296164731515634, AMS, 11
<134>2021-07-14T20:57:03Z cache-ord1740 MEWElogs[46369]: BLUR, 1626296222971264737, ORD, 11
<134>2021-07-14T20:57:10Z cache-mdw17383 MEWElogs[46369]: BLUR, 1626296229574068393, MDW, 11
<134>2021-07-14T20:57:22Z cache-pdk17882 MEWElogs[46369]: BLUR, 1626296242051691098, PDK, 11
<134>2021-07-14T20:57:55Z cache-cmh21547 MEWElogs[46369]: BLUR, 1626296274695843578, CMH, 11
<134>2021-07-14T20:59:00Z cache-ams21020 MEWElogs[46369]: BLUR, 1626296339485049986, AMS, 11
