<134>2021-07-14T23:06:11Z cache-ewr18156 MEWElogs[46369]: BLUR, 1626303971473093820, EWR, 11
<134>2021-07-14T23:06:54Z cache-stl4834 MEWElogs[46369]: BLUR, 1626304013846303294, STL, 11
<134>2021-07-14T23:06:59Z cache-hnd18722 MEWElogs[46369]: BLUR, 1626304018171250685, HND, 11
<134>2021-07-14T23:07:36Z cache-scl19427 MEWElogs[46369]: BLUR, 1626304056458852304, SCL, 11
<134>2021-07-14T23:09:13Z cache-cdg20720 MEWElogs[46369]: BLUR, 1626304152385701847, CDG, 11
<134>2021-07-14T23:09:30Z cache-pao17461 MEWElogs[46369]: BLUR, 1626304169517001969, PAO, 11
<134>2021-07-14T23:09:39Z cache-hnd18722 MEWElogs[46369]: BLUR, 1626304178035882482, HND, 11
<134>2021-07-14T23:09:52Z cache-gru17149 MEWElogs[46369]: BLUR, 1626304191783898026, GRU, 11
<134>2021-07-14T23:09:53Z cache-gig17035 MEWElogs[46369]: BLUR, 1626304192393165980, GIG, 11
<134>2021-07-14T23:10:34Z cache-bom4751 MEWElogs[46369]: BLUR, 1626304233791210314, BOM, 11
<134>2021-07-14T23:10:48Z cache-bom4751 MEWElogs[46369]: BLUR, 1626304248232748976, BOM, 11
<134>2021-07-14T23:11:02Z cache-scl19427 MEWElogs[46369]: BLUR, 1626304261769812838, SCL, 11
<134>2021-07-14T23:11:17Z cache-pao17461 MEWElogs[46369]: BLUR, 1626304276759605143, PAO, 11
<134>2021-07-14T23:11:29Z cache-gru17149 MEWElogs[46369]: BLUR, 1626304288437581402, GRU, 11
<134>2021-07-14T23:12:38Z cache-gig17035 MEWElogs[46369]: BLUR, 1626304358662379249, GIG, 11
<134>2021-07-14T23:12:59Z cache-gig17035 MEWElogs[46369]: BLUR, 1626304378710788360, GIG, 11
<134>2021-07-14T23:13:08Z cache-cdg20720 MEWElogs[46369]: BLUR, 1626304387547514621, CDG, 11
<134>2021-07-14T23:13:46Z cache-scl19427 MEWElogs[46369]: BLUR, 1626304426046955108, SCL, 11
<134>2021-07-14T23:14:32Z cache-cgh11122 MEWElogs[46369]: BLUR, 1626304471377336005, CGH, 11
<134>2021-07-14T23:14:43Z cache-gig17035 MEWElogs[46369]: BLUR, 1626304483174372836, GIG, 11
<134>2021-07-14T23:14:48Z cache-cgh11122 MEWElogs[46369]: BLUR, 1626304488786146031, CGH, 11
<134>2021-07-14T23:15:14Z cache-pao17461 MEWElogs[46369]: BLUR, 1626304513428370719, PAO, 11
<134>2021-07-14T23:15:24Z cache-cgh11122 MEWElogs[46369]: BLUR, 1626304523370316972, CGH, 11
<134>2021-07-14T23:15:49Z cache-pao17461 MEWElogs[46369]: BLUR, 1626304549514017137, PAO, 11
<134>2021-07-14T23:16:06Z cache-stl4834 MEWElogs[46369]: BLUR, 1626304565647618341, STL, 11
<134>2021-07-14T23:16:08Z cache-scl19427 MEWElogs[46369]: BLUR, 1626304567409472147, SCL, 11
