<134>2021-07-15T06:09:09Z cache-maa10251 MEWElogs[464521]: UNSH, 1626329348711781769, MAA, 16
<134>2021-07-15T06:09:30Z cache-wdc5583 MEWElogs[464521]: UNSH, 1626329370028801737, WDC, 16
<134>2021-07-15T06:09:43Z cache-eze19324 MEWElogs[464521]: UNSH, 1626329382826212506, EZE, 16
<134>2021-07-15T06:10:17Z cache-eze19324 MEWElogs[464521]: UNSH, 1626329416678322692, EZE, 16
<134>2021-07-15T06:10:26Z cache-ord1740 MEWElogs[464521]: UNSH, 1626329425903845069, ORD, 16
<134>2021-07-15T06:10:28Z cache-eze19324 MEWElogs[464521]: UNSH, 1626329427798636369, EZE, 16
<134>2021-07-15T06:10:57Z cache-maa10251 MEWElogs[464521]: UNSH, 1626329457150847401, MAA, 16
<134>2021-07-15T06:11:04Z cache-dca17782 MEWElogs[464521]: UNSH, 1626329464174710859, DCA, 16
<134>2021-07-15T06:11:05Z cache-ord1740 MEWElogs[464521]: UNSH, 1626329464302917788, ORD, 16
<134>2021-07-15T06:11:17Z cache-maa10251 MEWElogs[464521]: UNSH, 1626329476750141226, MAA, 16
<134>2021-07-15T06:11:24Z cache-ord1740 MEWElogs[464521]: UNSH, 1626329483782534019, ORD, 16
<134>2021-07-15T06:11:26Z cache-maa10251 MEWElogs[464521]: UNSH, 1626329486683503885, MAA, 16
<134>2021-07-15T06:11:34Z cache-cmh21547 MEWElogs[464521]: UNSH, 1626329493141882877, CMH, 16
<134>2021-07-15T06:11:36Z cache-pdk17882 MEWElogs[464521]: UNSH, 1626329496525052182, PDK, 16
<134>2021-07-15T06:11:44Z cache-ams21020 MEWElogs[464521]: UNSH, 1626329503094880754, AMS, 16
<134>2021-07-15T06:11:57Z cache-cmh21547 MEWElogs[464521]: UNSH, 1626329516085943965, CMH, 16
<134>2021-07-15T06:12:03Z cache-dca17782 MEWElogs[464521]: UNSH, 1626329522118272010, DCA, 16
<134>2021-07-15T06:12:15Z cache-bog6425 MEWElogs[464521]: UNSH, 1626329534823408428, BOG, 16
<134>2021-07-15T06:12:42Z cache-mdw17383 MEWElogs[464521]: UNSH, 1626329561036157786, MDW, 16
<134>2021-07-15T06:12:42Z cache-dca17782 MEWElogs[464521]: UNSH, 1626329561194290641, DCA, 16
<134>2021-07-15T06:12:56Z cache-maa10251 MEWElogs[464521]: UNSH, 1626329576406361321, MAA, 16
<134>2021-07-15T06:12:59Z cache-wdc5583 MEWElogs[464521]: UNSH, 1626329579105855402, WDC, 16
<134>2021-07-15T06:13:14Z cache-cph20625 MEWElogs[464521]: UNSH, 1626329593018825222, CPH, 16
<134>2021-07-15T06:13:41Z cache-ams21020 MEWElogs[464521]: UNSH, 1626329620783172189, AMS, 16
<134>2021-07-15T06:13:55Z cache-pdk17882 MEWElogs[464521]: UNSH, 1626329634786330767, PDK, 16
<134>2021-07-15T06:14:05Z cache-bog6425 MEWElogs[464521]: UNSH, 1626329644528624901, BOG, 16
<134>2021-07-15T06:14:08Z cache-mdw17383 MEWElogs[464521]: UNSH, 1626329648253120168, MDW, 16
<134>2021-07-15T06:14:15Z cache-maa10251 MEWElogs[464521]: UNSH, 1626329654193562310, MAA, 16
<134>2021-07-15T06:14:27Z cache-dca17782 MEWElogs[464521]: UNSH, 1626329666852495832, DCA, 16
<134>2021-07-15T06:14:39Z cache-ord1740 MEWElogs[464521]: UNSH, 1626329678738021166, ORD, 16
<134>2021-07-15T06:14:57Z cache-ams21020 MEWElogs[464521]: UNSH, 1626329697421825054, AMS, 16
<134>2021-07-15T06:15:08Z cache-ord1740 MEWElogs[464521]: UNSH, 1626329707687459864, ORD, 16
<134>2021-07-15T06:15:23Z cache-maa10251 MEWElogs[464521]: UNSH, 1626329722862657550, MAA, 16
<134>2021-07-15T06:15:43Z cache-maa10251 MEWElogs[464521]: UNSH, 1626329742468741939, MAA, 16
<134>2021-07-15T06:15:47Z cache-ord1740 MEWElogs[464521]: UNSH, 1626329746790357531, ORD, 16
<134>2021-07-15T06:16:21Z cache-dca17782 MEWElogs[464521]: UNSH, 1626329781176116648, DCA, 16
<134>2021-07-15T06:16:22Z cache-bog6425 MEWElogs[464521]: UNSH, 1626329782082381183, BOG, 16
<134>2021-07-15T06:16:42Z cache-bog6425 MEWElogs[464521]: UNSH, 1626329801432539116, BOG, 16
<134>2021-07-15T06:16:55Z cache-ord1740 MEWElogs[464521]: UNSH, 1626329814855845210, ORD, 16
<134>2021-07-15T06:17:17Z cache-cmh21547 MEWElogs[464521]: UNSH, 1626329837230979155, CMH, 16
<134>2021-07-15T06:17:22Z cache-ams21020 MEWElogs[464521]: UNSH, 1626329841488557980, AMS, 16
<134>2021-07-15T06:17:48Z cache-dca17782 MEWElogs[464521]: UNSH, 1626329867515185565, DCA, 16
<134>2021-07-15T06:17:57Z cache-dca17782 MEWElogs[464521]: UNSH, 1626329876953030063, DCA, 16
<134>2021-07-15T06:18:07Z cache-dca17782 MEWElogs[464521]: UNSH, 1626329886568242471, DCA, 16
<134>2021-07-15T06:18:47Z cache-cph20625 MEWElogs[464521]: UNSH, 1626329926897706976, CPH, 16
<134>2021-07-15T06:19:06Z cache-dca17782 MEWElogs[464521]: UNSH, 1626329945113299150, DCA, 16
