<134>2021-07-15T04:58:01Z cache-lga21983 MEWElogs[412844]: ROTATE, 1626325080216127683, LGA, 15
<134>2021-07-15T04:58:10Z cache-lga21983 MEWElogs[412844]: ROTATE, 1626325089170759518, LGA, 15
<134>2021-07-15T04:58:33Z cache-lhr7382 MEWElogs[412844]: ROTATE, 1626325112219690348, LHR, 15
<134>2021-07-15T04:59:02Z cache-stp9226 MEWElogs[412844]: ROTATE, 1626325141427097954, STP, 15
<134>2021-07-15T04:59:22Z cache-lga21983 MEWElogs[412844]: ROTATE, 1626325161731633442, LGA, 15
<134>2021-07-15T04:59:26Z cache-mrs10583 MEWElogs[412844]: ROTATE, 1626325165252822987, MRS, 15
<134>2021-07-15T04:59:31Z cache-lga21983 MEWElogs[412844]: ROTATE, 1626325170841925513, LGA, 15
<134>2021-07-15T04:59:44Z cache-lhr7382 MEWElogs[412844]: ROTATE, 1626325183060734975, LHR, 15
<134>2021-07-15T05:00:03Z cache-yul12826 MEWElogs[412844]: ROTATE, 1626325202689904194, YUL, 15
<134>2021-07-15T05:00:05Z cache-mrs10583 MEWElogs[412844]: ROTATE, 1626325204385336172, MRS, 15
<134>2021-07-15T05:00:13Z cache-mrs10583 MEWElogs[412844]: ROTATE, 1626325212284837509, MRS, 15
<134>2021-07-15T05:00:33Z cache-ewr18156 MEWElogs[412844]: ROTATE, 1626325232411428103, EWR, 15
<134>2021-07-15T05:01:12Z cache-stp9226 MEWElogs[412844]: ROTATE, 1626325271632153874, STP, 15
<134>2021-07-15T05:01:23Z cache-stp9226 MEWElogs[412844]: ROTATE, 1626325282405084700, STP, 15
<134>2021-07-15T05:02:02Z cache-lax10677 MEWElogs[412844]: ROTATE, 1626325322115846336, LGB, 15
<134>2021-07-15T05:02:14Z cache-lhr7382 MEWElogs[412844]: ROTATE, 1626325333670559751, LHR, 15
<134>2021-07-15T05:02:26Z cache-man4150 MEWElogs[412844]: ROTATE, 1626325345320500994, MAN, 15
<134>2021-07-15T05:03:00Z cache-hkg17929 MEWElogs[412844]: ROTATE, 1626325380204380720, HKG, 15
<134>2021-07-15T05:03:25Z cache-mci5951 MEWElogs[412844]: ROTATE, 1626325404485078481, MCI, 15
<134>2021-07-15T05:04:30Z cache-ewr18156 MEWElogs[412844]: ROTATE, 1626325469656947504, EWR, 15
<134>2021-07-15T05:04:38Z cache-man4150 MEWElogs[412844]: ROTATE, 1626325477391557670, MAN, 15
<134>2021-07-15T05:04:39Z cache-mel11272 MEWElogs[412844]: ROTATE, 1626325478488469249, MEL, 15
<134>2021-07-15T05:04:58Z cache-ewr18156 MEWElogs[412844]: ROTATE, 1626325497419675609, EWR, 15
<134>2021-07-15T05:05:07Z cache-hkg17929 MEWElogs[412844]: ROTATE, 1626325507124568028, HKG, 15
<134>2021-07-15T05:05:16Z cache-lhr7382 MEWElogs[412844]: ROTATE, 1626325515477027664, LHR, 15
<134>2021-07-15T05:05:24Z cache-man4150 MEWElogs[412844]: ROTATE, 1626325523965568030, MAN, 15
<134>2021-07-15T05:05:30Z cache-mel11272 MEWElogs[412844]: ROTATE, 1626325529946181492, MEL, 15
<134>2021-07-15T05:06:11Z cache-mel11272 MEWElogs[412844]: ROTATE, 1626325570636835676, MEL, 15
<134>2021-07-15T05:06:35Z cache-lax10677 MEWElogs[412844]: ROTATE, 1626325594946940886, LGB, 15
<134>2021-07-15T05:07:33Z cache-stp9226 MEWElogs[412844]: ROTATE, 1626325652036926634, STP, 15
<134>2021-07-15T05:07:45Z cache-ewr18156 MEWElogs[412844]: ROTATE, 1626325665050977295, EWR, 15
