<134>2021-07-15T04:48:50Z cache-den8274 MEWElogs[418388]: ROTATE, 1626324530430249276, DEN, 15
<134>2021-07-15T04:50:08Z cache-iah17271 MEWElogs[418388]: ROTATE, 1626324607569708476, IAH, 15
<134>2021-07-15T04:50:15Z cache-hel6829 MEWElogs[418388]: ROTATE, 1626324614553649004, HEL, 15
<134>2021-07-15T04:50:19Z cache-mad22068 MEWElogs[418388]: ROTATE, 1626324618356321331, MAD, 15
<134>2021-07-15T04:50:20Z cache-iah17271 MEWElogs[418388]: ROTATE, 1626324619264885851, IAH, 15
<134>2021-07-15T04:51:15Z cache-mad22068 MEWElogs[418388]: ROTATE, 1626324674372263038, MAD, 15
<134>2021-07-15T04:51:58Z cache-mrs10583 MEWElogs[418388]: ROTATE, 1626324717333774561, MRS, 15
<134>2021-07-15T04:51:59Z cache-stp9226 MEWElogs[418388]: ROTATE, 1626324718368924317, STP, 15
<134>2021-07-15T04:52:06Z cache-lcy19283 MEWElogs[418388]: ROTATE, 1626324725218909531, LCY, 15
<134>2021-07-15T04:52:16Z cache-bur17583 MEWElogs[418388]: ROTATE, 1626324735520189356, BUR, 15
<134>2021-07-15T04:52:23Z cache-dal21283 MEWElogs[418388]: ROTATE, 1626324743403136677, DAL, 15
<134>2021-07-15T04:52:58Z cache-yul12826 MEWElogs[418388]: ROTATE, 1626324777561465627, YUL, 15
<134>2021-07-15T04:53:05Z cache-bur17583 MEWElogs[418388]: ROTATE, 1626324784899233043, BUR, 15
<134>2021-07-15T04:53:11Z cache-iah17271 MEWElogs[418388]: ROTATE, 1626324790558336200, IAH, 15
<134>2021-07-15T04:53:16Z cache-mrs10583 MEWElogs[418388]: ROTATE, 1626324795835700471, MRS, 15
<134>2021-07-15T04:53:26Z cache-lhr7382 MEWElogs[418388]: ROTATE, 1626324805070118379, LHR, 15
<134>2021-07-15T04:53:35Z cache-hkg17929 MEWElogs[418388]: ROTATE, 1626324814614320352, HKG, 15
<134>2021-07-15T04:54:13Z cache-lhr7382 MEWElogs[418388]: ROTATE, 1626324852357643927, LHR, 15
<134>2021-07-15T04:54:20Z cache-iah17271 MEWElogs[418388]: ROTATE, 1626324859574938527, IAH, 15
<134>2021-07-15T04:54:29Z cache-stp9226 MEWElogs[418388]: ROTATE, 1626324869500862355, STP, 15
<134>2021-07-15T04:54:41Z cache-bur17583 MEWElogs[418388]: ROTATE, 1626324880075639457, BUR, 15
<134>2021-07-15T04:55:24Z cache-stp9226 MEWElogs[418388]: ROTATE, 1626324923532202654, STP, 15
<134>2021-07-15T04:55:40Z cache-lhr7382 MEWElogs[418388]: ROTATE, 1626324939494127096, LHR, 15
<134>2021-07-15T04:56:13Z cache-mci5951 MEWElogs[418388]: ROTATE, 1626324973673112029, MCI, 15
<134>2021-07-15T04:57:13Z cache-stp9226 MEWElogs[418388]: ROTATE, 1626325032803380060, STP, 15
<134>2021-07-15T04:58:40Z cache-stp9226 MEWElogs[418388]: ROTATE, 1626325119562733604, STP, 15
