<134>2021-07-14T22:23:28Z cache-hkg17929 MEWElogs[355776]: BLUR, 1626301407864608812, HKG, 11
<134>2021-07-14T22:24:28Z cache-mia11368 MEWElogs[355776]: BLUR, 1626301468576112865, MIA, 11
<134>2021-07-14T22:24:34Z cache-lhr7382 MEWElogs[355776]: BLUR, 1626301473229140516, LHR, 11
<134>2021-07-14T22:24:49Z cache-mci5951 MEWElogs[355776]: BLUR, 1626301488930052092, MCI, 11
<134>2021-07-14T22:25:33Z cache-lhr7382 MEWElogs[355776]: BLUR, 1626301532686953110, LHR, 11
<134>2021-07-14T22:25:39Z cache-stp9226 MEWElogs[355776]: BLUR, 1626301538300390892, STP, 11
<134>2021-07-14T22:25:49Z cache-hkg17929 MEWElogs[355776]: BLUR, 1626301548740850604, HKG, 11
<134>2021-07-14T22:26:17Z cache-mia11368 MEWElogs[355776]: BLUR, 1626301577046046207, MIA, 11
<134>2021-07-14T22:26:24Z cache-lax10677 MEWElogs[355776]: BLUR, 1626301584471576660, LGB, 11
<134>2021-07-14T22:27:12Z cache-jax20933 MEWElogs[355776]: BLUR, 1626301631831098163, JAX, 11
<134>2021-07-14T22:27:12Z cache-stp9226 MEWElogs[355776]: BLUR, 1626301631865451486, STP, 11
<134>2021-07-14T22:28:16Z cache-jax20933 MEWElogs[355776]: BLUR, 1626301695994998187, JAX, 11
<134>2021-07-14T22:28:18Z cache-lhr7382 MEWElogs[355776]: BLUR, 1626301698242136737, LHR, 11
<134>2021-07-14T22:28:28Z cache-hkg17929 MEWElogs[355776]: BLUR, 1626301707101937060, HKG, 11
<134>2021-07-14T22:28:38Z cache-jax20933 MEWElogs[355776]: BLUR, 1626301717276675011, JAX, 11
<134>2021-07-14T22:28:52Z cache-mrs10583 MEWElogs[355776]: BLUR, 1626301730958930161, MRS, 11
<134>2021-07-14T22:29:42Z cache-lax10677 MEWElogs[355776]: BLUR, 1626301781369744311, LGB, 11
<134>2021-07-14T22:30:20Z cache-mad22068 MEWElogs[355776]: BLUR, 1626301819452774632, MAD, 11
<134>2021-07-14T22:30:51Z cache-lax10677 MEWElogs[355776]: BLUR, 1626301851191454141, LGB, 11
<134>2021-07-14T22:31:05Z cache-lhr7382 MEWElogs[355776]: BLUR, 1626301864962217346, LHR, 11
<134>2021-07-14T22:31:31Z cache-yul12826 MEWElogs[355776]: BLUR, 1626301891210827665, YUL, 11
<134>2021-07-14T22:31:52Z cache-stp9226 MEWElogs[355776]: BLUR, 1626301911380559466, STP, 11
<134>2021-07-14T22:32:05Z cache-lhr7382 MEWElogs[355776]: BLUR, 1626301924958682425, LHR, 11
<134>2021-07-14T22:32:19Z cache-hkg17929 MEWElogs[355776]: BLUR, 1626301938149341124, HKG, 11
<134>2021-07-14T22:33:26Z cache-mrs10583 MEWElogs[355776]: BLUR, 1626302005200709314, MRS, 11
