<134>2021-07-15T00:48:47Z cache-man4150 MEWElogs[355776]: CROP, 1626310126562626588, MAN, 12
<134>2021-07-15T00:48:51Z cache-bur17583 MEWElogs[355776]: CROP, 1626310130537783747, BUR, 12
<134>2021-07-15T00:48:53Z cache-mia11368 MEWElogs[355776]: CROP, 1626310132494044976, MIA, 12
<134>2021-07-15T00:49:07Z cache-mel11272 MEWElogs[355776]: CROP, 1626310146202411433, MEL, 12
<134>2021-07-15T00:49:18Z cache-mci5951 MEWElogs[355776]: CROP, 1626310158150886915, MCI, 12
<134>2021-07-15T00:49:30Z cache-man4150 MEWElogs[355776]: CROP, 1626310170560468087, MAN, 12
<134>2021-07-15T00:49:43Z cache-mel11272 MEWElogs[355776]: CROP, 1626310182853458315, MEL, 12
<134>2021-07-15T00:49:53Z cache-lhr7382 MEWElogs[355776]: CROP, 1626310192315082570, LHR, 12
<134>2021-07-15T00:49:59Z cache-lhr7382 MEWElogs[355776]: CROP, 1626310197974184233, LHR, 12
<134>2021-07-15T00:50:04Z cache-stp9226 MEWElogs[355776]: CROP, 1626310203132287861, STP, 12
<134>2021-07-15T00:50:08Z cache-dal21283 MEWElogs[355776]: CROP, 1626310208007039725, DAL, 12
<134>2021-07-15T00:50:12Z cache-lax10677 MEWElogs[355776]: CROP, 1626310212386059476, LGB, 12
<134>2021-07-15T00:50:16Z cache-lhr7382 MEWElogs[355776]: CROP, 1626310215282355329, LHR, 12
<134>2021-07-15T00:50:16Z cache-stp9226 MEWElogs[355776]: CROP, 1626310215664980869, STP, 12
<134>2021-07-15T00:50:22Z cache-lhr7382 MEWElogs[355776]: CROP, 1626310221008187063, LHR, 12
<134>2021-07-15T00:50:29Z cache-stp9226 MEWElogs[355776]: CROP, 1626310228011838029, STP, 12
<134>2021-07-15T00:50:33Z cache-mia11368 MEWElogs[355776]: CROP, 1626310232520455838, MIA, 12
<134>2021-07-15T00:50:41Z cache-lhr7382 MEWElogs[355776]: CROP, 1626310240939216729, LHR, 12
<134>2021-07-15T00:50:42Z cache-hkg17929 MEWElogs[355776]: CROP, 1626310241294810977, HKG, 12
<134>2021-07-15T00:50:43Z cache-mel11272 MEWElogs[355776]: CROP, 1626310242590269373, MEL, 12
<134>2021-07-15T00:50:49Z cache-stp9226 MEWElogs[355776]: CROP, 1626310248767835469, STP, 12
<134>2021-07-15T00:51:02Z cache-yul12826 MEWElogs[355776]: CROP, 1626310262031528807, YUL, 12
<134>2021-07-15T00:51:05Z cache-hkg17929 MEWElogs[355776]: CROP, 1626310265151954497, HKG, 12
<134>2021-07-15T00:51:06Z cache-jax20933 MEWElogs[355776]: CROP, 1626310265697697095, JAX, 12
<134>2021-07-15T00:51:15Z cache-stp9226 MEWElogs[355776]: CROP, 1626310274185820845, STP, 12
<134>2021-07-15T00:51:20Z cache-man4150 MEWElogs[355776]: CROP, 1626310279651020137, MAN, 12
<134>2021-07-15T00:51:23Z cache-lax10677 MEWElogs[355776]: CROP, 1626310282856568704, LGB, 12
<134>2021-07-15T00:51:25Z cache-hkg17929 MEWElogs[355776]: CROP, 1626310285221154050, HKG, 12
<134>2021-07-15T00:51:33Z cache-lhr7382 MEWElogs[355776]: CROP, 1626310293051082522, LHR, 12
<134>2021-07-15T00:51:34Z cache-man4150 MEWElogs[355776]: CROP, 1626310294559477872, MAN, 12
<134>2021-07-15T00:51:35Z cache-hkg17929 MEWElogs[355776]: CROP, 1626310294793500766, HKG, 12
<134>2021-07-15T00:51:36Z cache-mia11368 MEWElogs[355776]: CROP, 1626310295794572444, MIA, 12
<134>2021-07-15T00:51:44Z cache-jax20933 MEWElogs[355776]: CROP, 1626310303138823622, JAX, 12
<134>2021-07-15T00:51:59Z cache-hkg17929 MEWElogs[355776]: CROP, 1626310318470271272, HKG, 12
<134>2021-07-15T00:52:03Z cache-lga21983 MEWElogs[355776]: CROP, 1626310323019323336, LGA, 12
<134>2021-07-15T00:52:25Z cache-yul12826 MEWElogs[355776]: CROP, 1626310344993888009, YUL, 12
<134>2021-07-15T00:52:29Z cache-mel11272 MEWElogs[355776]: CROP, 1626310349182665959, MEL, 12
<134>2021-07-15T00:52:31Z cache-lax10677 MEWElogs[355776]: CROP, 1626310351376197920, LGB, 12
<134>2021-07-15T00:53:02Z cache-man4150 MEWElogs[355776]: CROP, 1626310381487576949, MAN, 12
<134>2021-07-15T00:53:03Z cache-mia11368 MEWElogs[355776]: CROP, 1626310383208538885, MIA, 12
<134>2021-07-15T00:53:04Z cache-yul12826 MEWElogs[355776]: CROP, 1626310383926069757, YUL, 12
<134>2021-07-15T00:53:11Z cache-lga21983 MEWElogs[355776]: CROP, 1626310390875274917, LGA, 12
<134>2021-07-15T00:53:12Z cache-yul12826 MEWElogs[355776]: CROP, 1626310391950990294, YUL, 12
<134>2021-07-15T00:53:18Z cache-mci5951 MEWElogs[355776]: CROP, 1626310397659593359, MCI, 12
<134>2021-07-15T00:53:23Z cache-man4150 MEWElogs[355776]: CROP, 1626310402053631071, MAN, 12
<134>2021-07-15T00:53:28Z cache-lax10677 MEWElogs[355776]: CROP, 1626310407834756386, LGB, 12
<134>2021-07-15T00:53:29Z cache-mel11272 MEWElogs[355776]: CROP, 1626310409358459195, MEL, 12
<134>2021-07-15T00:53:31Z cache-yul12826 MEWElogs[355776]: CROP, 1626310410892061239, YUL, 12
<134>2021-07-15T00:53:35Z cache-mel11272 MEWElogs[355776]: CROP, 1626310414017547622, MEL, 12
<134>2021-07-15T00:53:46Z cache-jax20933 MEWElogs[355776]: CROP, 1626310425786921497, JAX, 12
<134>2021-07-15T00:53:56Z cache-stp9226 MEWElogs[355776]: CROP, 1626310435227445240, STP, 12
<134>2021-07-15T00:54:21Z cache-ewr18156 MEWElogs[355776]: CROP, 1626310460616424095, EWR, 12
<134>2021-07-15T00:54:21Z cache-mel11272 MEWElogs[355776]: CROP, 1626310460123604276, MEL, 12
<134>2021-07-15T00:54:25Z cache-mel11272 MEWElogs[355776]: CROP, 1626310464664705800, MEL, 12
<134>2021-07-15T00:54:33Z cache-yul12826 MEWElogs[355776]: CROP, 1626310473322074280, YUL, 12
<134>2021-07-15T00:54:34Z cache-osl6529 MEWElogs[355776]: CROP, 1626310473611912114, OSL, 12
<134>2021-07-15T00:54:42Z cache-jax20933 MEWElogs[355776]: CROP, 1626310481802818819, JAX, 12
<134>2021-07-15T00:54:54Z cache-mci5951 MEWElogs[355776]: CROP, 1626310493325424730, MCI, 12
<134>2021-07-15T00:54:58Z cache-gig17035 MEWElogs[355776]: CROP, 1626310498265503486, GIG, 12
<134>2021-07-15T00:55:10Z cache-yul12826 MEWElogs[355776]: CROP, 1626310509563927148, YUL, 12
<134>2021-07-15T00:55:14Z cache-osl6529 MEWElogs[355776]: CROP, 1626310513355479950, OSL, 12
<134>2021-07-15T00:55:14Z cache-yul12826 MEWElogs[355776]: CROP, 1626310513657084737, YUL, 12
<134>2021-07-15T00:55:25Z cache-gig17035 MEWElogs[355776]: CROP, 1626310524933400569, GIG, 12
<134>2021-07-15T00:55:25Z cache-jax20933 MEWElogs[355776]: CROP, 1626310525116575812, JAX, 12
<134>2021-07-15T00:55:26Z cache-mel11272 MEWElogs[355776]: CROP, 1626310525005888246, MEL, 12
<134>2021-07-15T00:55:33Z cache-gru17149 MEWElogs[355776]: CROP, 1626310532661121267, GRU, 12
<134>2021-07-15T00:55:40Z cache-yul12826 MEWElogs[355776]: CROP, 1626310540265959217, YUL, 12
<134>2021-07-15T00:55:41Z cache-ewr18156 MEWElogs[355776]: CROP, 1626310540369705545, EWR, 12
<134>2021-07-15T00:55:53Z cache-gru17149 MEWElogs[355776]: CROP, 1626310552925660780, GRU, 12
<134>2021-07-15T00:56:10Z cache-ewr18156 MEWElogs[355776]: CROP, 1626310570258377294, EWR, 12
<134>2021-07-15T00:56:39Z cache-osl6529 MEWElogs[355776]: CROP, 1626310599302552226, OSL, 12
<134>2021-07-15T00:56:43Z cache-gru17149 MEWElogs[355776]: CROP, 1626310602372796570, GRU, 12
<134>2021-07-15T00:56:48Z cache-osl6529 MEWElogs[355776]: CROP, 1626310607761066167, OSL, 12
<134>2021-07-15T00:56:57Z cache-jax20933 MEWElogs[355776]: CROP, 1626310617236587526, JAX, 12
<134>2021-07-15T00:57:15Z cache-ewr18156 MEWElogs[355776]: CROP, 1626310635536099383, EWR, 12
<134>2021-07-15T00:57:16Z cache-syd10183 MEWElogs[355776]: CROP, 1626310635339751468, SYD, 12
<134>2021-07-15T00:57:18Z cache-stl4834 MEWElogs[355776]: CROP, 1626310637911093345, STL, 12
<134>2021-07-15T00:57:22Z cache-stl4834 MEWElogs[355776]: CROP, 1626310642165678785, STL, 12
<134>2021-07-15T00:57:30Z cache-lga21983 MEWElogs[355776]: CROP, 1626310649684482100, LGA, 12
<134>2021-07-15T00:57:35Z cache-syd10183 MEWElogs[355776]: CROP, 1626310654345044117, SYD, 12
<134>2021-07-15T00:57:37Z cache-osl6529 MEWElogs[355776]: CROP, 1626310656489464260, OSL, 12
<134>2021-07-15T00:57:39Z cache-osl6529 MEWElogs[355776]: CROP, 1626310659252318543, OSL, 12
<134>2021-07-15T00:57:43Z cache-osl6529 MEWElogs[355776]: CROP, 1626310662154585370, OSL, 12
<134>2021-07-15T00:57:44Z cache-syd10183 MEWElogs[355776]: CROP, 1626310663723460516, SYD, 12
<134>2021-07-15T00:57:57Z cache-osl6529 MEWElogs[355776]: CROP, 1626310676529220248, OSL, 12
<134>2021-07-15T00:57:59Z cache-bom4751 MEWElogs[355776]: CROP, 1626310678761040936, BOM, 12
<134>2021-07-15T00:58:01Z cache-stl4834 MEWElogs[355776]: CROP, 1626310680193916295, STL, 12
<134>2021-07-15T00:58:13Z cache-ewr18156 MEWElogs[355776]: CROP, 1626310692826740437, EWR, 12
<134>2021-07-15T00:58:18Z cache-lga21983 MEWElogs[355776]: CROP, 1626310698887106288, LGA, 12
<134>2021-07-15T00:58:20Z cache-scl19427 MEWElogs[355776]: CROP, 1626310699461204979, SCL, 12
<134>2021-07-15T00:58:22Z cache-syd10183 MEWElogs[355776]: CROP, 1626310701715622514, SYD, 12
<134>2021-07-15T00:58:33Z cache-gig17035 MEWElogs[355776]: CROP, 1626310713261109385, GIG, 12
<134>2021-07-15T00:58:37Z cache-hnd18722 MEWElogs[355776]: CROP, 1626310716781831622, HND, 12
