<134>2021-07-15T06:50:25Z cache-dal21283 MEWElogs[400146]: UNSH, 1626331824467756711, DAL, 16
<134>2021-07-15T06:50:29Z cache-den8274 MEWElogs[400146]: UNSH, 1626331828571886606, DEN, 16
<134>2021-07-15T06:51:03Z cache-jnb7027 MEWElogs[400146]: UNSH, 1626331862901027312, JNB, 16
<134>2021-07-15T06:51:12Z cache-iah17271 MEWElogs[400146]: UNSH, 1626331871631954398, IAH, 16
<134>2021-07-15T06:51:15Z cache-mad22068 MEWElogs[400146]: UNSH, 1626331875082853437, MAD, 16
<134>2021-07-15T06:51:24Z cache-iah17271 MEWElogs[400146]: UNSH, 1626331882990830691, IAH, 16
<134>2021-07-15T06:51:36Z cache-den8274 MEWElogs[400146]: UNSH, 1626331895612928005, DEN, 16
<134>2021-07-15T06:52:01Z cache-mrs10583 MEWElogs[400146]: UNSH, 1626331920415504285, MRS, 16
<134>2021-07-15T06:52:12Z cache-mrs10583 MEWElogs[400146]: UNSH, 1626331931772652008, MRS, 16
<134>2021-07-15T06:52:44Z cache-fra19177 MEWElogs[400146]: UNSH, 1626331963486512051, FRA, 16
<134>2021-07-15T06:52:47Z cache-lon4249 MEWElogs[400146]: UNSH, 1626331966399328761, LON, 16
<134>2021-07-15T06:53:04Z cache-lon4249 MEWElogs[400146]: UNSH, 1626331983697843836, LON, 16
<134>2021-07-15T06:53:24Z cache-mad22068 MEWElogs[400146]: UNSH, 1626332003928229009, MAD, 16
<134>2021-07-15T06:53:30Z cache-mrs10583 MEWElogs[400146]: UNSH, 1626332009433049587, MRS, 16
<134>2021-07-15T06:53:32Z cache-jnb7027 MEWElogs[400146]: UNSH, 1626332012047440643, JNB, 16
<134>2021-07-15T06:53:57Z cache-mrs10583 MEWElogs[400146]: UNSH, 1626332036328803418, MRS, 16
<134>2021-07-15T06:54:19Z cache-den8274 MEWElogs[400146]: UNSH, 1626332058170263310, DEN, 16
<134>2021-07-15T06:55:05Z cache-mad22068 MEWElogs[400146]: UNSH, 1626332104212618597, MAD, 16
<134>2021-07-15T06:55:46Z cache-lon4249 MEWElogs[400146]: UNSH, 1626332145500359634, LON, 16
<134>2021-07-15T06:56:26Z cache-mia11368 MEWElogs[400146]: UNSH, 1626332185806194110, MIA, 16
<134>2021-07-15T06:56:43Z cache-mad22068 MEWElogs[400146]: UNSH, 1626332202406447828, MAD, 16
<134>2021-07-15T06:56:48Z cache-den8274 MEWElogs[400146]: UNSH, 1626332207077951185, DEN, 16
<134>2021-07-15T06:56:52Z cache-lon4249 MEWElogs[400146]: UNSH, 1626332212042252750, LON, 16
<134>2021-07-15T06:57:24Z cache-mia11368 MEWElogs[400146]: UNSH, 1626332243768000717, MIA, 16
<134>2021-07-15T06:57:34Z cache-mia11368 MEWElogs[400146]: UNSH, 1626332254035793119, MIA, 16
<134>2021-07-15T06:57:41Z cache-stp9226 MEWElogs[400146]: UNSH, 1626332260547587943, STP, 16
<134>2021-07-15T06:57:53Z cache-yul12826 MEWElogs[400146]: UNSH, 1626332273104375189, YUL, 16
<134>2021-07-15T06:58:09Z cache-bur17583 MEWElogs[400146]: UNSH, 1626332288006283530, BUR, 16
<134>2021-07-15T06:58:21Z cache-hkg17929 MEWElogs[400146]: UNSH, 1626332300954332600, HKG, 16
<134>2021-07-15T06:58:33Z cache-hkg17929 MEWElogs[400146]: UNSH, 1626332313332835908, HKG, 16
<134>2021-07-15T06:58:37Z cache-lcy19283 MEWElogs[400146]: UNSH, 1626332316999311735, LCY, 16
