<134>2021-07-14T16:52:20Z cache-del21735 MEWElogs[292213]: FLIPH, 1626281539046199067, DEL, -1
<134>2021-07-14T16:52:36Z cache-chi21126 MEWElogs[292213]: FLIPH, 1626281555423903700, CHI, 10
<134>2021-07-14T16:52:54Z cache-chi21126 MEWElogs[292213]: FLIPH, 1626281574401962241, CHI, 10
<134>2021-07-14T16:53:01Z cache-fty21383 MEWElogs[292213]: FLIPH, 1626281580094451959, FTY, 10
<134>2021-07-14T16:53:17Z cache-bos4657 MEWElogs[292213]: FLIPH, 1626281597022552926, BOS, -1
<134>2021-07-14T16:53:29Z cache-chi21126 MEWElogs[292213]: FLIPH, 1626281609059145167, CHI, -1
<134>2021-07-14T16:53:30Z cache-dfw18678 MEWElogs[292213]: FLIPH, 1626281609819468565, DFW, 10
<134>2021-07-14T16:53:30Z cache-fty21383 MEWElogs[292213]: FLIPH, 1626281610863820679, FTY, -1
<134>2021-07-14T16:53:45Z cache-dub4329 MEWElogs[292213]: FLIPH, 1626281624412052597, DUB, -1
<134>2021-07-14T16:53:52Z cache-dub4329 MEWElogs[292213]: FLIPH, 1626281632168204394, DUB, -1
<134>2021-07-14T16:54:00Z cache-dub4329 MEWElogs[292213]: FLIPH, 1626281640035888714, DUB, -1
<134>2021-07-14T16:54:05Z cache-del21735 MEWElogs[292213]: FLIPH, 1626281644173433055, DEL, -1
<134>2021-07-14T16:54:17Z cache-pwk4920 MEWElogs[292213]: FLIPH, 1626281656349065466, PWK, -1
<134>2021-07-14T16:54:19Z cache-dub4329 MEWElogs[292213]: FLIPH, 1626281658341963984, DUB, 10
<134>2021-07-14T16:54:43Z cache-dub4329 MEWElogs[292213]: FLIPH, 1626281681926540285, DUB, 10
<134>2021-07-14T16:55:11Z cache-dub4329 MEWElogs[292213]: FLIPH, 1626281710570191406, DUB, -1
<134>2021-07-14T16:55:17Z cache-dfw18678 MEWElogs[292213]: FLIPH, 1626281716299032480, DFW, -1
<134>2021-07-14T16:55:21Z cache-akl10324 MEWElogs[292213]: FLIPH, 1626281720242814126, AKL, -1
<134>2021-07-14T16:55:22Z cache-hhn4077 MEWElogs[292213]: FLIPH, 1626281721046660048, HHN, -1
<134>2021-07-14T16:55:28Z cache-cph20625 MEWElogs[292213]: FLIPH, 1626281727255191292, CPH, -1
<134>2021-07-14T16:55:54Z cache-dub4329 MEWElogs[292213]: FLIPH, 1626281753625147440, DUB, 10
<134>2021-07-14T16:55:55Z cache-fty21383 MEWElogs[292213]: FLIPH, 1626281754283992345, FTY, 10
<134>2021-07-14T16:56:17Z cache-cph20625 MEWElogs[292213]: FLIPH, 1626281776158590043, CPH, 10
<134>2021-07-14T16:56:26Z cache-pwk4920 MEWElogs[292213]: FLIPH, 1626281785582563757, PWK, -1
<134>2021-07-14T16:56:31Z cache-hhn4077 MEWElogs[292213]: FLIPH, 1626281791409496167, HHN, 10
<134>2021-07-14T16:56:33Z cache-del21735 MEWElogs[292213]: FLIPH, 1626281792670695041, DEL, -1
<134>2021-07-14T16:56:43Z cache-hhn4077 MEWElogs[292213]: FLIPH, 1626281802714881981, HHN, 10
<134>2021-07-14T16:56:45Z cache-cph20625 MEWElogs[292213]: FLIPH, 1626281804746132164, CPH, -1
<134>2021-07-14T16:57:18Z cache-pwk4920 MEWElogs[292213]: FLIPH, 1626281838555708891, PWK, 10
<134>2021-07-14T16:57:39Z cache-dfw18678 MEWElogs[292213]: FLIPH, 1626281858470870957, DFW, -1
<134>2021-07-14T16:57:45Z cache-pwk4920 MEWElogs[292213]: FLIPH, 1626281865413340865, PWK, -1
<134>2021-07-14T16:57:46Z cache-chi21126 MEWElogs[292213]: FLIPH, 1626281866067694233, CHI, 10
<134>2021-07-14T16:58:06Z cache-akl10324 MEWElogs[292213]: FLIPH, 1626281885111573594, AKL, 10
<134>2021-07-14T16:58:19Z cache-iah17271 MEWElogs[292213]: FLIPH, 1626281898906517042, IAH, 10
<134>2021-07-14T16:58:29Z cache-fra19177 MEWElogs[292213]: FLIPH, 1626281909189136327, FRA, -1
<134>2021-07-14T16:58:30Z cache-cph20625 MEWElogs[292213]: FLIPH, 1626281909425208847, CPH, 10
<134>2021-07-14T16:58:37Z cache-jnb7027 MEWElogs[292213]: FLIPH, 1626281916210661274, JNB, -1
<134>2021-07-14T16:59:10Z cache-cph20625 MEWElogs[292213]: FLIPH, 1626281949699513313, CPH, -1
<134>2021-07-14T16:59:26Z cache-jnb7027 MEWElogs[292213]: FLIPH, 1626281964928028216, JNB, -1
<134>2021-07-14T16:59:59Z cache-fra19177 MEWElogs[292213]: FLIPH, 1626281999364189878, FRA, -1
<134>2021-07-14T17:00:02Z cache-fra19177 MEWElogs[292213]: FLIPH, 1626282002446997478, FRA, 10
<134>2021-07-14T17:00:06Z cache-pwk4920 MEWElogs[292213]: FLIPH, 1626282005306106393, PWK, -1
<134>2021-07-14T17:00:20Z cache-fra19177 MEWElogs[292213]: FLIPH, 1626282019955402501, FRA, 10
<134>2021-07-14T17:00:26Z cache-lcy19283 MEWElogs[292213]: FLIPH, 1626282025836549741, LCY, 10
<134>2021-07-14T17:00:31Z cache-del21735 MEWElogs[292213]: FLIPH, 1626282031397168948, DEL, -1
<134>2021-07-14T17:00:48Z cache-pwk4920 MEWElogs[292213]: FLIPH, 1626282048665178101, PWK, 10
<134>2021-07-14T17:00:49Z cache-hel6829 MEWElogs[292213]: FLIPH, 1626282048759363990, HEL, -1
<134>2021-07-14T17:01:09Z cache-dfw18678 MEWElogs[292213]: FLIPH, 1626282069636218050, DFW, 10
<134>2021-07-14T17:01:46Z cache-lcy19283 MEWElogs[292213]: FLIPH, 1626282106849599182, LCY, 10
<134>2021-07-14T17:01:58Z cache-lcy19283 MEWElogs[292213]: FLIPH, 1626282117023521575, LCY, 10
