<134>2021-07-15T05:08:37Z cache-stp9226 MEWElogs[334804]: ROTATE, 1626325716702334389, STP, 15
<134>2021-07-15T05:09:10Z cache-ewr18156 MEWElogs[334804]: ROTATE, 1626325749117923484, EWR, 15
<134>2021-07-15T05:09:28Z cache-ewr18156 MEWElogs[334804]: ROTATE, 1626325767644068642, EWR, 15
<134>2021-07-15T05:10:28Z cache-cdg20720 MEWElogs[334804]: ROTATE, 1626325827638115396, CDG, 15
<134>2021-07-15T05:11:19Z cache-mci5951 MEWElogs[334804]: ROTATE, 1626325878391007983, MCI, 15
<134>2021-07-15T05:12:02Z cache-cdg20720 MEWElogs[334804]: ROTATE, 1626325920967291174, CDG, 15
<134>2021-07-15T05:12:35Z cache-bom4751 MEWElogs[334804]: ROTATE, 1626325954268461950, BOM, 15
<134>2021-07-15T05:13:06Z cache-mel11272 MEWElogs[334804]: ROTATE, 1626325986102347399, MEL, 15
<134>2021-07-15T05:13:13Z cache-cdg20720 MEWElogs[334804]: ROTATE, 1626325993827206239, CDG, 15
<134>2021-07-15T05:13:26Z cache-gru17149 MEWElogs[334804]: ROTATE, 1626326005537532776, GRU, 15
<134>2021-07-15T05:13:39Z cache-osl6529 MEWElogs[334804]: ROTATE, 1626326017938008479, OSL, 15
<134>2021-07-15T05:13:41Z cache-cdg20720 MEWElogs[334804]: ROTATE, 1626326020685225133, CDG, 15
<134>2021-07-15T05:14:11Z cache-lax10677 MEWElogs[334804]: ROTATE, 1626326051581352817, LGB, 15
<134>2021-07-15T05:14:41Z cache-mel11272 MEWElogs[334804]: ROTATE, 1626326080050917107, MEL, 15
<134>2021-07-15T05:14:46Z cache-bom4751 MEWElogs[334804]: ROTATE, 1626326085234427491, BOM, 15
<134>2021-07-15T05:15:44Z cache-osl6529 MEWElogs[334804]: ROTATE, 1626326143455455877, OSL, 15
<134>2021-07-15T05:16:28Z cache-gru17149 MEWElogs[334804]: ROTATE, 1626326186947759637, GRU, 15
<134>2021-07-15T05:17:03Z cache-stl4834 MEWElogs[334804]: ROTATE, 1626326222528542840, STL, 15
<134>2021-07-15T05:17:04Z cache-cdg20720 MEWElogs[334804]: ROTATE, 1626326223706409689, CDG, 15
<134>2021-07-15T05:17:24Z cache-gru17149 MEWElogs[334804]: ROTATE, 1626326243503032538, GRU, 15
<134>2021-07-15T05:17:27Z cache-itm18851 MEWElogs[334804]: ROTATE, 1626326246666738031, ITM, 15
<134>2021-07-15T05:17:35Z cache-osl6529 MEWElogs[334804]: ROTATE, 1626326254538898694, OSL, 15
<134>2021-07-15T05:17:40Z cache-lax10677 MEWElogs[334804]: ROTATE, 1626326260778027967, LGB, 15
<134>2021-07-15T05:18:02Z cache-scl19427 MEWElogs[334804]: ROTATE, 1626326281100723080, SCL, 15
