<134>2021-07-14T17:12:33Z cache-bur17583 MEWElogs[21956]: FLIPH, 1626282752889433462, BUR, -1
<134>2021-07-14T17:12:38Z cache-lon4249 MEWElogs[21956]: FLIPH, 1626282757344738579, LON, 10
<134>2021-07-14T17:12:48Z cache-hkg17929 MEWElogs[21956]: FLIPH, 1626282768084341038, HKG, 10
<134>2021-07-14T17:12:49Z cache-den8274 MEWElogs[21956]: FLIPH, 1626282769403709955, DEN, 10
<134>2021-07-14T17:12:57Z cache-dal21283 MEWElogs[21956]: FLIPH, 1626282776655038463, DAL, 10
<134>2021-07-14T17:13:13Z cache-jnb7027 MEWElogs[21956]: FLIPH, 1626282792272722154, JNB, 10
<134>2021-07-14T17:13:43Z cache-cwb20520 MEWElogs[21956]: FLIPH, 1626282822258401095, CWB, 10
<134>2021-07-14T17:13:49Z cache-bur17583 MEWElogs[21956]: FLIPH, 1626282829324333428, BUR, 10
<134>2021-07-14T17:13:52Z cache-iah17271 MEWElogs[21956]: FLIPH, 1626282832727570200, IAH, 10
<134>2021-07-14T17:13:59Z cache-den8274 MEWElogs[21956]: FLIPH, 1626282838314817796, DEN, -1
<134>2021-07-14T17:14:12Z cache-cwb20520 MEWElogs[21956]: FLIPH, 1626282851913220135, CWB, 10
<134>2021-07-14T17:14:21Z cache-lon4249 MEWElogs[21956]: FLIPH, 1626282860624783220, LON, -1
<134>2021-07-14T17:14:33Z cache-iah17271 MEWElogs[21956]: FLIPH, 1626282873094081577, IAH, -1
<134>2021-07-14T17:14:37Z cache-den8274 MEWElogs[21956]: FLIPH, 1626282877551655670, DEN, 10
<134>2021-07-14T17:14:52Z cache-dal21283 MEWElogs[21956]: FLIPH, 1626282892383497031, DAL, 10
<134>2021-07-14T17:15:02Z cache-lcy19283 MEWElogs[21956]: FLIPH, 1626282901159577806, LCY, -1
<134>2021-07-14T17:15:15Z cache-dal21283 MEWElogs[21956]: FLIPH, 1626282914069359906, DAL, 10
<134>2021-07-14T17:15:20Z cache-hkg17929 MEWElogs[21956]: FLIPH, 1626282919633614339, HKG, 10
<134>2021-07-14T17:15:22Z cache-bur17583 MEWElogs[21956]: FLIPH, 1626282921533816563, BUR, 10
<134>2021-07-14T17:15:39Z cache-iah17271 MEWElogs[21956]: FLIPH, 1626282939749786081, IAH, -1
<134>2021-07-14T17:15:58Z cache-mad22068 MEWElogs[21956]: FLIPH, 1626282957281134091, MAD, -1
<134>2021-07-14T17:16:00Z cache-cwb20520 MEWElogs[21956]: FLIPH, 1626282959789049368, CWB, 10
<134>2021-07-14T17:16:08Z cache-dal21283 MEWElogs[21956]: FLIPH, 1626282967119136803, DAL, -1
<134>2021-07-14T17:16:09Z cache-mad22068 MEWElogs[21956]: FLIPH, 1626282969619503355, MAD, 10
<134>2021-07-14T17:16:25Z cache-mrs10583 MEWElogs[21956]: FLIPH, 1626282984395497755, MRS, -1
<134>2021-07-14T17:16:28Z cache-stp9226 MEWElogs[21956]: FLIPH, 1626282988245431289, STP, -1
<134>2021-07-14T17:16:30Z cache-lhr7382 MEWElogs[21956]: FLIPH, 1626282989725581123, LHR, 10
<134>2021-07-14T17:16:31Z cache-dal21283 MEWElogs[21956]: FLIPH, 1626282990308650673, DAL, -1
<134>2021-07-14T17:16:39Z cache-mia11368 MEWElogs[21956]: FLIPH, 1626282998269827453, MIA, 10
<134>2021-07-14T17:16:41Z cache-mci5951 MEWElogs[21956]: FLIPH, 1626283001240593374, MCI, 10
<134>2021-07-14T17:16:48Z cache-mia11368 MEWElogs[21956]: FLIPH, 1626283008403353421, MIA, 10
<134>2021-07-14T17:17:09Z cache-mci5951 MEWElogs[21956]: FLIPH, 1626283028215135143, MCI, -1
<134>2021-07-14T17:17:15Z cache-hkg17929 MEWElogs[21956]: FLIPH, 1626283035487679004, HKG, -1
<134>2021-07-14T17:17:36Z cache-bur17583 MEWElogs[21956]: FLIPH, 1626283055851422589, BUR, 10
<134>2021-07-14T17:17:39Z cache-mia11368 MEWElogs[21956]: FLIPH, 1626283058845425959, MIA, 10
<134>2021-07-14T17:17:45Z cache-mad22068 MEWElogs[21956]: FLIPH, 1626283064910691885, MAD, 10
<134>2021-07-14T17:17:54Z cache-bur17583 MEWElogs[21956]: FLIPH, 1626283073329971065, BUR, -1
<134>2021-07-14T17:18:07Z cache-stp9226 MEWElogs[21956]: FLIPH, 1626283086136065706, STP, -1
<134>2021-07-14T17:18:15Z cache-lhr7382 MEWElogs[21956]: FLIPH, 1626283094751216576, LHR, 10
<134>2021-07-14T17:18:16Z cache-stp9226 MEWElogs[21956]: FLIPH, 1626283096887836070, STP, -1
<134>2021-07-14T17:18:20Z cache-mad22068 MEWElogs[21956]: FLIPH, 1626283100048447296, MAD, -1
<134>2021-07-14T17:18:20Z cache-mia11368 MEWElogs[21956]: FLIPH, 1626283100273988546, MIA, 10
<134>2021-07-14T17:18:22Z cache-mrs10583 MEWElogs[21956]: FLIPH, 1626283101009907540, MRS, 10
<134>2021-07-14T17:18:56Z cache-bur17583 MEWElogs[21956]: FLIPH, 1626283135987543272, BUR, -1
<134>2021-07-14T17:19:14Z cache-jax20933 MEWElogs[21956]: FLIPH, 1626283154004794297, JAX, 10
<134>2021-07-14T17:19:18Z cache-hkg17929 MEWElogs[21956]: FLIPH, 1626283158033974431, HKG, 10
<134>2021-07-14T17:19:25Z cache-mad22068 MEWElogs[21956]: FLIPH, 1626283165644048593, MAD, -1
<134>2021-07-14T17:19:33Z cache-jax20933 MEWElogs[21956]: FLIPH, 1626283173780629516, JAX, -1
<134>2021-07-14T17:19:49Z cache-lhr7382 MEWElogs[21956]: FLIPH, 1626283188779065339, LHR, -1
<134>2021-07-14T17:19:56Z cache-mrs10583 MEWElogs[21956]: FLIPH, 1626283195985023991, MRS, -1
<134>2021-07-14T17:19:59Z cache-stp9226 MEWElogs[21956]: FLIPH, 1626283198310181778, STP, 10
<134>2021-07-14T17:20:04Z cache-mci5951 MEWElogs[21956]: FLIPH, 1626283203949080694, MCI, 10
<134>2021-07-14T17:20:07Z cache-mrs10583 MEWElogs[21956]: FLIPH, 1626283206782409850, MRS, 10
<134>2021-07-14T17:20:15Z cache-lhr7382 MEWElogs[21956]: FLIPH, 1626283214413620206, LHR, -1
<134>2021-07-14T17:20:15Z cache-jax20933 MEWElogs[21956]: FLIPH, 1626283214144883626, JAX, 10
<134>2021-07-14T17:20:19Z cache-bur17583 MEWElogs[21956]: FLIPH, 1626283219571615141, BUR, -1
<134>2021-07-14T17:20:20Z cache-mia11368 MEWElogs[21956]: FLIPH, 1626283219892976198, MIA, -1
<134>2021-07-14T17:20:21Z cache-stp9226 MEWElogs[21956]: FLIPH, 1626283220088890843, STP, 10
<134>2021-07-14T17:20:21Z cache-mrs10583 MEWElogs[21956]: FLIPH, 1626283220319503801, MRS, -1
<134>2021-07-14T17:20:40Z cache-jax20933 MEWElogs[21956]: FLIPH, 1626283239432223291, JAX, 10
<134>2021-07-14T17:20:48Z cache-mrs10583 MEWElogs[21956]: FLIPH, 1626283247842520531, MRS, 10
<134>2021-07-14T17:21:10Z cache-mrs10583 MEWElogs[21956]: FLIPH, 1626283269470755340, MRS, -1
<134>2021-07-14T17:21:12Z cache-mci5951 MEWElogs[21956]: FLIPH, 1626283271440277218, MCI, -1
<134>2021-07-14T17:21:14Z cache-yul12826 MEWElogs[21956]: FLIPH, 1626283273595282511, YUL, 10
<134>2021-07-14T17:21:14Z cache-mia11368 MEWElogs[21956]: FLIPH, 1626283273900315880, MIA, 10
<134>2021-07-14T17:21:19Z cache-hkg17929 MEWElogs[21956]: FLIPH, 1626283277914237759, HKG, 10
<134>2021-07-14T17:21:32Z cache-mci5951 MEWElogs[21956]: FLIPH, 1626283291446519660, MCI, -1
<134>2021-07-14T17:21:34Z cache-mci5951 MEWElogs[21956]: FLIPH, 1626283294605660313, MCI, 10
<134>2021-07-14T17:21:37Z cache-mrs10583 MEWElogs[21956]: FLIPH, 1626283296815894860, MRS, 10
<134>2021-07-14T17:21:42Z cache-mrs10583 MEWElogs[21956]: FLIPH, 1626283302238945771, MRS, -1
<134>2021-07-14T17:21:45Z cache-mci5951 MEWElogs[21956]: FLIPH, 1626283305197971876, MCI, 10
<134>2021-07-14T17:21:56Z cache-mci5951 MEWElogs[21956]: FLIPH, 1626283315210298257, MCI, 10
<134>2021-07-14T17:21:57Z cache-bur17583 MEWElogs[21956]: FLIPH, 1626283316410771516, BUR, 10
<134>2021-07-14T17:22:15Z cache-yul12826 MEWElogs[21956]: FLIPH, 1626283334965824601, YUL, -1
<134>2021-07-14T17:22:16Z cache-mci5951 MEWElogs[21956]: FLIPH, 1626283335508176979, MCI, 10
<134>2021-07-14T17:22:25Z cache-yul12826 MEWElogs[21956]: FLIPH, 1626283344794855754, YUL, -1
<134>2021-07-14T17:22:31Z cache-mrs10583 MEWElogs[21956]: FLIPH, 1626283351204190918, MRS, -1
