<134>2021-07-14T17:22:18Z cache-yul12826 MEWElogs[390968]: FLIPH, 1626283337860969874, YUL, 10
<134>2021-07-14T17:22:23Z cache-jax20933 MEWElogs[390968]: FLIPH, 1626283342332809893, JAX, -1
<134>2021-07-14T17:22:23Z cache-mci5951 MEWElogs[390968]: FLIPH, 1626283342860054591, MCI, -1
<134>2021-07-14T17:22:37Z cache-mia11368 MEWElogs[390968]: FLIPH, 1626283356817878148, MIA, 10
<134>2021-07-14T17:23:24Z cache-yul12826 MEWElogs[390968]: FLIPH, 1626283404542395602, YUL, -1
<134>2021-07-14T17:23:30Z cache-mia11368 MEWElogs[390968]: FLIPH, 1626283409815563246, MIA, -1
<134>2021-07-14T17:23:34Z cache-yul12826 MEWElogs[390968]: FLIPH, 1626283414068639364, YUL, -1
<134>2021-07-14T17:23:35Z cache-mad22068 MEWElogs[390968]: FLIPH, 1626283414352150778, MAD, -1
<134>2021-07-14T17:23:37Z cache-yul12826 MEWElogs[390968]: FLIPH, 1626283416954058341, YUL, 10
<134>2021-07-14T17:23:42Z cache-jax20933 MEWElogs[390968]: FLIPH, 1626283421354344348, JAX, 10
<134>2021-07-14T17:23:43Z cache-lhr7382 MEWElogs[390968]: FLIPH, 1626283422412077815, LHR, 10
<134>2021-07-14T17:24:01Z cache-lhr7382 MEWElogs[390968]: FLIPH, 1626283440001549973, LHR, 10
<134>2021-07-14T17:24:02Z cache-jax20933 MEWElogs[390968]: FLIPH, 1626283441115681448, JAX, -1
<134>2021-07-14T17:24:06Z cache-lax10677 MEWElogs[390968]: FLIPH, 1626283445962711814, LGB, 10
<134>2021-07-14T17:24:17Z cache-lax10677 MEWElogs[390968]: FLIPH, 1626283456481150497, LGB, 10
<134>2021-07-14T17:24:20Z cache-mrs10583 MEWElogs[390968]: FLIPH, 1626283459913975119, MRS, -1
<134>2021-07-14T17:24:24Z cache-lhr7382 MEWElogs[390968]: FLIPH, 1626283463687516865, LHR, -1
<134>2021-07-14T17:24:24Z cache-yul12826 MEWElogs[390968]: FLIPH, 1626283464312423075, YUL, 10
<134>2021-07-14T17:24:27Z cache-lhr7382 MEWElogs[390968]: FLIPH, 1626283466664729671, LHR, 10
<134>2021-07-14T17:24:42Z cache-mad22068 MEWElogs[390968]: FLIPH, 1626283482363437769, MAD, 10
<134>2021-07-14T17:24:45Z cache-mia11368 MEWElogs[390968]: FLIPH, 1626283485393579407, MIA, 10
<134>2021-07-14T17:25:17Z cache-yul12826 MEWElogs[390968]: FLIPH, 1626283516862595000, YUL, -1
<134>2021-07-14T17:25:20Z cache-yul12826 MEWElogs[390968]: FLIPH, 1626283519834357495, YUL, 10
<134>2021-07-14T17:25:45Z cache-hkg17929 MEWElogs[390968]: FLIPH, 1626283544754653136, HKG, 10
<134>2021-07-14T17:25:51Z cache-mad22068 MEWElogs[390968]: FLIPH, 1626283550167580140, MAD, 10
<134>2021-07-14T17:25:57Z cache-yul12826 MEWElogs[390968]: FLIPH, 1626283557577082785, YUL, 10
<134>2021-07-14T17:26:06Z cache-lax10677 MEWElogs[390968]: FLIPH, 1626283565547231732, LGB, 10
<134>2021-07-14T17:26:27Z cache-mia11368 MEWElogs[390968]: FLIPH, 1626283586676761762, MIA, 10
<134>2021-07-14T17:26:29Z cache-mrs10583 MEWElogs[390968]: FLIPH, 1626283589126249589, MRS, -1
<134>2021-07-14T17:26:31Z cache-yul12826 MEWElogs[390968]: FLIPH, 1626283591379676256, YUL, -1
<134>2021-07-14T17:26:34Z cache-mia11368 MEWElogs[390968]: FLIPH, 1626283593954499538, MIA, -1
<134>2021-07-14T17:26:39Z cache-hkg17929 MEWElogs[390968]: FLIPH, 1626283598855824766, HKG, 10
<134>2021-07-14T17:26:46Z cache-mad22068 MEWElogs[390968]: FLIPH, 1626283605480803689, MAD, -1
<134>2021-07-14T17:26:46Z cache-hkg17929 MEWElogs[390968]: FLIPH, 1626283606394593058, HKG, -1
<134>2021-07-14T17:26:48Z cache-lhr7382 MEWElogs[390968]: FLIPH, 1626283608067045640, LHR, 10
<134>2021-07-14T17:26:54Z cache-mrs10583 MEWElogs[390968]: FLIPH, 1626283613448042848, MRS, -1
<134>2021-07-14T17:27:04Z cache-mad22068 MEWElogs[390968]: FLIPH, 1626283623650768105, MAD, -1
<134>2021-07-14T17:27:38Z cache-lhr7382 MEWElogs[390968]: FLIPH, 1626283658406297628, LHR, -1
<134>2021-07-14T17:27:44Z cache-hkg17929 MEWElogs[390968]: FLIPH, 1626283663806031605, HKG, 10
<134>2021-07-14T17:27:45Z cache-mia11368 MEWElogs[390968]: FLIPH, 1626283664902306453, MIA, -1
<134>2021-07-14T17:27:56Z cache-lax10677 MEWElogs[390968]: FLIPH, 1626283675394464946, LGB, 10
<134>2021-07-14T17:27:58Z cache-yul12826 MEWElogs[390968]: FLIPH, 1626283677696002031, YUL, 10
<134>2021-07-14T17:28:02Z cache-mad22068 MEWElogs[390968]: FLIPH, 1626283681235838239, MAD, -1
<134>2021-07-14T17:28:03Z cache-mci5951 MEWElogs[390968]: FLIPH, 1626283682907993893, MCI, 10
<134>2021-07-14T17:28:05Z cache-mad22068 MEWElogs[390968]: FLIPH, 1626283684383330484, MAD, 10
<134>2021-07-14T17:28:20Z cache-mci5951 MEWElogs[390968]: FLIPH, 1626283699932820421, MCI, -1
<134>2021-07-14T17:28:25Z cache-yul12826 MEWElogs[390968]: FLIPH, 1626283705298152101, YUL, 10
<134>2021-07-14T17:28:33Z cache-stp9226 MEWElogs[390968]: FLIPH, 1626283713643431460, STP, -1
<134>2021-07-14T17:28:44Z cache-stp9226 MEWElogs[390968]: FLIPH, 1626283724457965767, STP, -1
<134>2021-07-14T17:28:52Z cache-lax10677 MEWElogs[390968]: FLIPH, 1626283731535875803, LGB, -1
<134>2021-07-14T17:29:02Z cache-lhr7382 MEWElogs[390968]: FLIPH, 1626283741095763353, LHR, 10
<134>2021-07-14T17:29:22Z cache-mel11272 MEWElogs[390968]: FLIPH, 1626283761097583291, MEL, -1
<134>2021-07-14T17:29:23Z cache-lax10677 MEWElogs[390968]: FLIPH, 1626283763689699451, LGB, 10
<134>2021-07-14T17:29:24Z cache-lhr7382 MEWElogs[390968]: FLIPH, 1626283764032794944, LHR, -1
<134>2021-07-14T17:29:26Z cache-mia11368 MEWElogs[390968]: FLIPH, 1626283766422966922, MIA, -1
<134>2021-07-14T17:29:36Z cache-yul12826 MEWElogs[390968]: FLIPH, 1626283775227475106, YUL, -1
<134>2021-07-14T17:29:48Z cache-jax20933 MEWElogs[390968]: FLIPH, 1626283787718232229, JAX, -1
<134>2021-07-14T17:30:04Z cache-jax20933 MEWElogs[390968]: FLIPH, 1626283803803441472, JAX, 10
<134>2021-07-14T17:30:19Z cache-lhr7382 MEWElogs[390968]: FLIPH, 1626283818767113239, LHR, 10
<134>2021-07-14T17:30:32Z cache-mel11272 MEWElogs[390968]: FLIPH, 1626283831458683808, MEL, -1
<134>2021-07-14T17:30:35Z cache-mci5951 MEWElogs[390968]: FLIPH, 1626283834865369684, MCI, 10
<134>2021-07-14T17:31:06Z cache-ewr18156 MEWElogs[390968]: FLIPH, 1626283865709830430, EWR, 10
<134>2021-07-14T17:31:08Z cache-man4150 MEWElogs[390968]: FLIPH, 1626283867581280183, MAN, 10
<134>2021-07-14T17:31:24Z cache-ewr18156 MEWElogs[390968]: FLIPH, 1626283884716903625, EWR, 10
<134>2021-07-14T17:31:30Z cache-lax10677 MEWElogs[390968]: FLIPH, 1626283890119198460, LGB, -1
<134>2021-07-14T17:31:41Z cache-ewr18156 MEWElogs[390968]: FLIPH, 1626283900546494025, EWR, -1
<134>2021-07-14T17:31:45Z cache-lga21983 MEWElogs[390968]: FLIPH, 1626283904603070642, LGA, -1
<134>2021-07-14T17:31:47Z cache-man4150 MEWElogs[390968]: FLIPH, 1626283905989107841, MAN, -1
<134>2021-07-14T17:31:53Z cache-stp9226 MEWElogs[390968]: FLIPH, 1626283912973955731, STP, 10
<134>2021-07-14T17:32:10Z cache-lax10677 MEWElogs[390968]: FLIPH, 1626283929907805066, LGB, -1
