<134>2021-07-14T16:52:09Z cache-akl10324 MEWElogs[320228]: FLIPH, 1626281528527227863, AKL, -1
<134>2021-07-14T16:52:11Z cache-dfw18678 MEWElogs[320228]: FLIPH, 1626281530719259758, DFW, 10
<134>2021-07-14T16:52:13Z cache-bos4657 MEWElogs[320228]: FLIPH, 1626281533403374326, BOS, -1
<134>2021-07-14T16:52:19Z cache-fty21383 MEWElogs[320228]: FLIPH, 1626281538707979233, FTY, 10
<134>2021-07-14T16:52:23Z cache-chi21126 MEWElogs[320228]: FLIPH, 1626281542846077169, CHI, -1
<134>2021-07-14T16:52:25Z cache-bos4657 MEWElogs[320228]: FLIPH, 1626281545459420151, BOS, 10
<134>2021-07-14T16:52:43Z cache-del21735 MEWElogs[320228]: FLIPH, 1626281562024620729, DEL, -1
<134>2021-07-14T16:52:44Z cache-fty21383 MEWElogs[320228]: FLIPH, 1626281563519076162, FTY, 10
<134>2021-07-14T16:52:45Z cache-chi21126 MEWElogs[320228]: FLIPH, 1626281564837467352, CHI, 10
<134>2021-07-14T16:52:52Z cache-hhn4077 MEWElogs[320228]: FLIPH, 1626281571835415181, HHN, -1
<134>2021-07-14T16:53:35Z cache-del21735 MEWElogs[320228]: FLIPH, 1626281614336640817, DEL, -1
<134>2021-07-14T16:53:40Z cache-akl10324 MEWElogs[320228]: FLIPH, 1626281619474026097, AKL, -1
<134>2021-07-14T16:54:22Z cache-dfw18678 MEWElogs[320228]: FLIPH, 1626281661825548234, DFW, -1
<134>2021-07-14T16:54:26Z cache-dub4329 MEWElogs[320228]: FLIPH, 1626281666235629907, DUB, 10
<134>2021-07-14T16:54:34Z cache-chi21126 MEWElogs[320228]: FLIPH, 1626281674484456473, CHI, -1
<134>2021-07-14T16:54:48Z cache-dfw18678 MEWElogs[320228]: FLIPH, 1626281687606601543, DFW, 10
<134>2021-07-14T16:55:17Z cache-cph20625 MEWElogs[320228]: FLIPH, 1626281716134101512, CPH, -1
<134>2021-07-14T16:55:20Z cache-dfw18678 MEWElogs[320228]: FLIPH, 1626281719687141409, DFW, 10
<134>2021-07-14T16:55:27Z cache-bos4657 MEWElogs[320228]: FLIPH, 1626281726324000873, BOS, 10
<134>2021-07-14T16:55:32Z cache-chi21126 MEWElogs[320228]: FLIPH, 1626281731355920634, CHI, -1
<134>2021-07-14T16:55:38Z cache-dfw18678 MEWElogs[320228]: FLIPH, 1626281737512537193, DFW, -1
<134>2021-07-14T16:55:50Z cache-chi21126 MEWElogs[320228]: FLIPH, 1626281750227003417, CHI, -1
<134>2021-07-14T16:55:53Z cache-bos4657 MEWElogs[320228]: FLIPH, 1626281751993466452, BOS, -1
<134>2021-07-14T16:56:15Z cache-pwk4920 MEWElogs[320228]: FLIPH, 1626281775733840503, PWK, -1
<134>2021-07-14T16:56:21Z cache-chi21126 MEWElogs[320228]: FLIPH, 1626281781732313627, CHI, 10
<134>2021-07-14T16:56:28Z cache-bos4657 MEWElogs[320228]: FLIPH, 1626281787900024377, BOS, -1
<134>2021-07-14T16:56:33Z cache-dfw18678 MEWElogs[320228]: FLIPH, 1626281792314609192, DFW, -1
<134>2021-07-14T16:56:46Z cache-akl10324 MEWElogs[320228]: FLIPH, 1626281805007178782, AKL, 10
<134>2021-07-14T16:56:46Z cache-dfw18678 MEWElogs[320228]: FLIPH, 1626281806669848959, DFW, 10
<134>2021-07-14T16:57:07Z cache-bos4657 MEWElogs[320228]: FLIPH, 1626281826594528423, BOS, 10
<134>2021-07-14T16:57:09Z cache-pwk4920 MEWElogs[320228]: FLIPH, 1626281828635508819, PWK, 10
<134>2021-07-14T16:57:12Z cache-cph20625 MEWElogs[320228]: FLIPH, 1626281831292332387, CPH, 10
<134>2021-07-14T16:57:31Z cache-del21735 MEWElogs[320228]: FLIPH, 1626281849996669744, DEL, -1
<134>2021-07-14T16:57:33Z cache-akl10324 MEWElogs[320228]: FLIPH, 1626281852342405781, AKL, -1
<134>2021-07-14T16:57:36Z cache-dub4329 MEWElogs[320228]: FLIPH, 1626281855596501248, DUB, 10
<134>2021-07-14T16:57:41Z cache-del21735 MEWElogs[320228]: FLIPH, 1626281860497187614, DEL, -1
<134>2021-07-14T16:57:49Z cache-dub4329 MEWElogs[320228]: FLIPH, 1626281868560964496, DUB, -1
<134>2021-07-14T16:57:53Z cache-hel6829 MEWElogs[320228]: FLIPH, 1626281872727459421, HEL, -1
<134>2021-07-14T16:57:58Z cache-bos4657 MEWElogs[320228]: FLIPH, 1626281878034262251, BOS, -1
<134>2021-07-14T16:58:25Z cache-cph20625 MEWElogs[320228]: FLIPH, 1626281904782735710, CPH, -1
<134>2021-07-14T16:58:37Z cache-dfw18678 MEWElogs[320228]: FLIPH, 1626281916919066416, DFW, 10
<134>2021-07-14T16:58:38Z cache-iah17271 MEWElogs[320228]: FLIPH, 1626281917273864858, IAH, -1
<134>2021-07-14T16:58:48Z cache-pwk4920 MEWElogs[320228]: FLIPH, 1626281928410466442, PWK, 10
<134>2021-07-14T16:58:50Z cache-fra19177 MEWElogs[320228]: FLIPH, 1626281930177144404, FRA, 10
<134>2021-07-14T16:58:51Z cache-hel6829 MEWElogs[320228]: FLIPH, 1626281931189465815, HEL, -1
<134>2021-07-14T16:58:53Z cache-cph20625 MEWElogs[320228]: FLIPH, 1626281931951115658, CPH, 10
<134>2021-07-14T16:59:23Z cache-fra19177 MEWElogs[320228]: FLIPH, 1626281963076470166, FRA, -1
<134>2021-07-14T16:59:32Z cache-cph20625 MEWElogs[320228]: FLIPH, 1626281972025794946, CPH, -1
<134>2021-07-14T16:59:35Z cache-pwk4920 MEWElogs[320228]: FLIPH, 1626281975344836139, PWK, -1
<134>2021-07-14T16:59:36Z cache-lcy19283 MEWElogs[320228]: FLIPH, 1626281975550680573, LCY, 10
<134>2021-07-14T16:59:45Z cache-cwb20520 MEWElogs[320228]: FLIPH, 1626281984604348011, CWB, -1
<134>2021-07-14T16:59:45Z cache-fra19177 MEWElogs[320228]: FLIPH, 1626281984335623611, FRA, 10
<134>2021-07-14T16:59:47Z cache-cwb20520 MEWElogs[320228]: FLIPH, 1626281987285945699, CWB, 10
<134>2021-07-14T16:59:58Z cache-jnb7027 MEWElogs[320228]: FLIPH, 1626281997041678816, JNB, 10
<134>2021-07-14T17:00:11Z cache-fra19177 MEWElogs[320228]: FLIPH, 1626282011090239196, FRA, 10
<134>2021-07-14T17:00:34Z cache-del21735 MEWElogs[320228]: FLIPH, 1626282034019762498, DEL, 10
<134>2021-07-14T17:00:53Z cache-fra19177 MEWElogs[320228]: FLIPH, 1626282052349437487, FRA, -1
<134>2021-07-14T17:00:59Z cache-hel6829 MEWElogs[320228]: FLIPH, 1626282058451547696, HEL, -1
<134>2021-07-14T17:01:02Z cache-hel6829 MEWElogs[320228]: FLIPH, 1626282062236502461, HEL, 10
<134>2021-07-14T17:01:16Z cache-cwb20520 MEWElogs[320228]: FLIPH, 1626282075955873352, CWB, 10
<134>2021-07-14T17:01:31Z cache-dfw18678 MEWElogs[320228]: FLIPH, 1626282091711696471, DFW, 10
<134>2021-07-14T17:01:39Z cache-pwk4920 MEWElogs[320228]: FLIPH, 1626282098775547878, PWK, 10
<134>2021-07-14T17:01:43Z cache-jnb7027 MEWElogs[320228]: FLIPH, 1626282102481591507, JNB, -1
<134>2021-07-14T17:01:55Z cache-jnb7027 MEWElogs[320228]: FLIPH, 1626282115477599294, JNB, 10
<134>2021-07-14T17:02:02Z cache-jnb7027 MEWElogs[320228]: FLIPH, 1626282122482153587, JNB, -1
<134>2021-07-14T17:02:05Z cache-dal21283 MEWElogs[320228]: FLIPH, 1626282125379248934, DAL, 10
<134>2021-07-14T17:02:07Z cache-hel6829 MEWElogs[320228]: FLIPH, 1626282127036077103, HEL, -1
