<134>2021-07-14T17:32:22Z cache-stp9226 MEWElogs[390968]: FLIPH, 1626283942138963118, STP, -1
<134>2021-07-14T17:32:23Z cache-mel11272 MEWElogs[390968]: FLIPH, 1626283942662594915, MEL, -1
<134>2021-07-14T17:32:31Z cache-yul12826 MEWElogs[390968]: FLIPH, 1626283951364052081, YUL, -1
<134>2021-07-14T17:32:32Z cache-mia11368 MEWElogs[390968]: FLIPH, 1626283952503959334, MIA, 10
<134>2021-07-14T17:32:33Z cache-lax10677 MEWElogs[390968]: FLIPH, 1626283952724386085, LGB, 10
<134>2021-07-14T17:32:56Z cache-man4150 MEWElogs[390968]: FLIPH, 1626283975577152487, MAN, 10
<134>2021-07-14T17:32:59Z cache-stp9226 MEWElogs[390968]: FLIPH, 1626283978105970598, STP, 10
<134>2021-07-14T17:33:15Z cache-mel11272 MEWElogs[390968]: FLIPH, 1626283994102734044, MEL, -1
<134>2021-07-14T17:33:16Z cache-stp9226 MEWElogs[390968]: FLIPH, 1626283996699630487, STP, -1
<134>2021-07-14T17:33:18Z cache-man4150 MEWElogs[390968]: FLIPH, 1626283997793123744, MAN, -1
<134>2021-07-14T17:33:25Z cache-jax20933 MEWElogs[390968]: FLIPH, 1626284004342436324, JAX, -1
<134>2021-07-14T17:33:27Z cache-lga21983 MEWElogs[390968]: FLIPH, 1626284006238557515, LGA, 10
<134>2021-07-14T17:33:28Z cache-yul12826 MEWElogs[390968]: FLIPH, 1626284007803906730, YUL, -1
<134>2021-07-14T17:33:30Z cache-man4150 MEWElogs[390968]: FLIPH, 1626284009522612047, MAN, 10
<134>2021-07-14T17:33:37Z cache-jax20933 MEWElogs[390968]: FLIPH, 1626284016528129266, JAX, -1
<134>2021-07-14T17:33:43Z cache-osl6529 MEWElogs[390968]: FLIPH, 1626284023118381074, OSL, -1
<134>2021-07-14T17:33:49Z cache-yul12826 MEWElogs[390968]: FLIPH, 1626284029534910972, YUL, 10
<134>2021-07-14T17:34:24Z cache-jax20933 MEWElogs[390968]: FLIPH, 1626284064397444523, JAX, -1
<134>2021-07-14T17:34:29Z cache-osl6529 MEWElogs[390968]: FLIPH, 1626284068896127256, OSL, -1
<134>2021-07-14T17:34:39Z cache-ewr18156 MEWElogs[390968]: FLIPH, 1626284079469059136, EWR, 10
<134>2021-07-14T17:34:58Z cache-osl6529 MEWElogs[390968]: FLIPH, 1626284097231247047, OSL, -1
<134>2021-07-14T17:35:06Z cache-mel11272 MEWElogs[390968]: FLIPH, 1626284105632563251, MEL, -1
<134>2021-07-14T17:35:17Z cache-ewr18156 MEWElogs[390968]: FLIPH, 1626284116820387589, EWR, 10
<134>2021-07-14T17:35:27Z cache-mel11272 MEWElogs[390968]: FLIPH, 1626284126043862267, MEL, -1
<134>2021-07-14T17:35:33Z cache-lax10677 MEWElogs[390968]: FLIPH, 1626284132461878494, LGB, 10
<134>2021-07-14T17:36:18Z cache-mel11272 MEWElogs[390968]: FLIPH, 1626284177615483520, MEL, -1
<134>2021-07-14T17:36:21Z cache-mel11272 MEWElogs[390968]: FLIPH, 1626284180156661715, MEL, 10
<134>2021-07-14T17:36:30Z cache-ewr18156 MEWElogs[390968]: FLIPH, 1626284189959224345, EWR, 10
<134>2021-07-14T17:36:40Z cache-ewr18156 MEWElogs[390968]: FLIPH, 1626284199371930856, EWR, 10
<134>2021-07-14T17:36:55Z cache-ewr18156 MEWElogs[390968]: FLIPH, 1626284214978099349, EWR, -1
<134>2021-07-14T17:37:17Z cache-bom4751 MEWElogs[390968]: FLIPH, 1626284236759095067, BOM, 10
<134>2021-07-14T17:37:19Z cache-lax10677 MEWElogs[390968]: FLIPH, 1626284238933577683, LGB, -1
<134>2021-07-14T17:37:29Z cache-mel11272 MEWElogs[390968]: FLIPH, 1626284248692723383, MEL, -1
<134>2021-07-14T17:37:36Z cache-ewr18156 MEWElogs[390968]: FLIPH, 1626284255009175783, EWR, 10
<134>2021-07-14T17:37:43Z cache-lga21983 MEWElogs[390968]: FLIPH, 1626284262654353761, LGA, 10
<134>2021-07-14T17:37:49Z cache-scl19427 MEWElogs[390968]: FLIPH, 1626284269451223399, SCL, -1
<134>2021-07-14T17:38:00Z cache-lga21983 MEWElogs[390968]: FLIPH, 1626284279343216696, LGA, -1
<134>2021-07-14T17:38:09Z cache-ewr18156 MEWElogs[390968]: FLIPH, 1626284288291181977, EWR, -1
<134>2021-07-14T17:38:12Z cache-osl6529 MEWElogs[390968]: FLIPH, 1626284291154961292, OSL, -1
<134>2021-07-14T17:38:20Z cache-ewr18156 MEWElogs[390968]: FLIPH, 1626284300196343349, EWR, 10
<134>2021-07-14T17:38:29Z cache-lax10677 MEWElogs[390968]: FLIPH, 1626284308681572167, LGB, -1
<134>2021-07-14T17:38:47Z cache-bom4751 MEWElogs[390968]: FLIPH, 1626284326065180741, BOM, 10
<134>2021-07-14T17:39:00Z cache-mel11272 MEWElogs[390968]: FLIPH, 1626284340091617198, MEL, -1
<134>2021-07-14T17:39:02Z cache-scl19427 MEWElogs[390968]: FLIPH, 1626284342191655591, SCL, -1
<134>2021-07-14T17:39:06Z cache-cdg20720 MEWElogs[390968]: FLIPH, 1626284345384314887, CDG, -1
<134>2021-07-14T17:39:08Z cache-lga21983 MEWElogs[390968]: FLIPH, 1626284348240480728, LGA, -1
<134>2021-07-14T17:39:18Z cache-lax10677 MEWElogs[390968]: FLIPH, 1626284358543710807, LGB, -1
<134>2021-07-14T17:39:23Z cache-ewr18156 MEWElogs[390968]: FLIPH, 1626284362167865146, EWR, -1
<134>2021-07-14T17:39:25Z cache-ewr18156 MEWElogs[390968]: FLIPH, 1626284365221514938, EWR, 10
<134>2021-07-14T17:39:40Z cache-gru17149 MEWElogs[390968]: FLIPH, 1626284379058975964, GRU, -1
<134>2021-07-14T17:39:51Z cache-gig17035 MEWElogs[390968]: FLIPH, 1626284391734723961, GIG, 10
<134>2021-07-14T17:40:00Z cache-cdg20720 MEWElogs[390968]: FLIPH, 1626284399221141694, CDG, 10
<134>2021-07-14T17:40:03Z cache-ewr18156 MEWElogs[390968]: FLIPH, 1626284402276199467, EWR, 10
<134>2021-07-14T17:40:30Z cache-osl6529 MEWElogs[390968]: FLIPH, 1626284429509876256, OSL, -1
<134>2021-07-14T17:40:30Z cache-gru17149 MEWElogs[390968]: FLIPH, 1626284429688929004, GRU, 10
<134>2021-07-14T17:40:40Z cache-gru17149 MEWElogs[390968]: FLIPH, 1626284439361179490, GRU, 10
<134>2021-07-14T17:40:43Z cache-man4150 MEWElogs[390968]: FLIPH, 1626284442662843996, MAN, -1
<134>2021-07-14T17:40:46Z cache-man4150 MEWElogs[390968]: FLIPH, 1626284445394866648, MAN, 10
<134>2021-07-14T17:40:54Z cache-man4150 MEWElogs[390968]: FLIPH, 1626284453439739874, MAN, 10
<134>2021-07-14T17:41:09Z cache-gru17149 MEWElogs[390968]: FLIPH, 1626284468290141231, GRU, 10
<134>2021-07-14T17:41:10Z cache-osl6529 MEWElogs[390968]: FLIPH, 1626284469733591158, OSL, 10
<134>2021-07-14T17:41:47Z cache-gru17149 MEWElogs[390968]: FLIPH, 1626284506428434125, GRU, 10
<134>2021-07-14T17:41:59Z cache-cdg20720 MEWElogs[390968]: FLIPH, 1626284519337665617, CDG, -1
<134>2021-07-14T17:42:04Z cache-man4150 MEWElogs[390968]: FLIPH, 1626284524424186774, MAN, -1
<134>2021-07-14T17:42:06Z cache-mel11272 MEWElogs[390968]: FLIPH, 1626284525717620746, MEL, 10
<134>2021-07-14T17:42:07Z cache-ewr18156 MEWElogs[390968]: FLIPH, 1626284526105673071, EWR, 10
