<134>2021-07-15T00:48:55Z cache-bur17583 MEWElogs[369035]: CROP, 1626310134788668393, BUR, 12
<134>2021-07-15T00:48:59Z cache-dal21283 MEWElogs[369035]: CROP, 1626310139512805901, DAL, 12
<134>2021-07-15T00:49:00Z cache-lhr7382 MEWElogs[369035]: CROP, 1626310140477203646, LHR, 12
<134>2021-07-15T00:49:06Z cache-hkg17929 MEWElogs[369035]: CROP, 1626310146002523237, HKG, 12
<134>2021-07-15T00:49:07Z cache-lhr7382 MEWElogs[369035]: CROP, 1626310146262212669, LHR, 12
<134>2021-07-15T00:49:08Z cache-man4150 MEWElogs[369035]: CROP, 1626310147006500715, MAN, 12
<134>2021-07-15T00:49:14Z cache-stp9226 MEWElogs[369035]: CROP, 1626310153770898196, STP, 12
<134>2021-07-15T00:49:15Z cache-mia11368 MEWElogs[369035]: CROP, 1626310155134313375, MIA, 12
<134>2021-07-15T00:49:45Z cache-hkg17929 MEWElogs[369035]: CROP, 1626310184227269801, HKG, 12
<134>2021-07-15T00:49:53Z cache-mel11272 MEWElogs[369035]: CROP, 1626310192025244628, MEL, 12
<134>2021-07-15T00:50:08Z cache-lax10677 MEWElogs[369035]: CROP, 1626310208005688259, LGB, 12
<134>2021-07-15T00:50:21Z cache-man4150 MEWElogs[369035]: CROP, 1626310220750926910, MAN, 12
<134>2021-07-15T00:50:27Z cache-dal21283 MEWElogs[369035]: CROP, 1626310226829443990, DAL, 12
<134>2021-07-15T00:50:30Z cache-man4150 MEWElogs[369035]: CROP, 1626310229493810758, MAN, 12
<134>2021-07-15T00:50:46Z cache-hkg17929 MEWElogs[369035]: CROP, 1626310246113586761, HKG, 12
<134>2021-07-15T00:50:58Z cache-yul12826 MEWElogs[369035]: CROP, 1626310258097374434, YUL, 12
<134>2021-07-15T00:51:01Z cache-hkg17929 MEWElogs[369035]: CROP, 1626310260432284314, HKG, 12
<134>2021-07-15T00:51:06Z cache-mel11272 MEWElogs[369035]: CROP, 1626310265621557384, MEL, 12
<134>2021-07-15T00:51:10Z cache-lhr7382 MEWElogs[369035]: CROP, 1626310269893684287, LHR, 12
<134>2021-07-15T00:51:17Z cache-mci5951 MEWElogs[369035]: CROP, 1626310276351057150, MCI, 12
<134>2021-07-15T00:51:25Z cache-mci5951 MEWElogs[369035]: CROP, 1626310285045036457, MCI, 12
<134>2021-07-15T00:51:38Z cache-yul12826 MEWElogs[369035]: CROP, 1626310297721577216, YUL, 12
<134>2021-07-15T00:51:40Z cache-lax10677 MEWElogs[369035]: CROP, 1626310300064909954, LGB, 12
<134>2021-07-15T00:51:41Z cache-mia11368 MEWElogs[369035]: CROP, 1626310300405076740, MIA, 12
<134>2021-07-15T00:51:44Z cache-man4150 MEWElogs[369035]: CROP, 1626310303390762984, MAN, 12
<134>2021-07-15T00:51:51Z cache-lga21983 MEWElogs[369035]: CROP, 1626310311023539391, LGA, 12
<134>2021-07-15T00:51:56Z cache-jax20933 MEWElogs[369035]: CROP, 1626310315491948094, JAX, 12
<134>2021-07-15T00:52:02Z cache-yul12826 MEWElogs[369035]: CROP, 1626310321056534422, YUL, 12
<134>2021-07-15T00:52:02Z cache-mel11272 MEWElogs[369035]: CROP, 1626310321520810450, MEL, 12
<134>2021-07-15T00:52:13Z cache-hkg17929 MEWElogs[369035]: CROP, 1626310332981955662, HKG, 12
<134>2021-07-15T00:52:24Z cache-stp9226 MEWElogs[369035]: CROP, 1626310344317881805, STP, 12
<134>2021-07-15T00:52:30Z cache-mci5951 MEWElogs[369035]: CROP, 1626310350189138595, MCI, 12
<134>2021-07-15T00:52:34Z cache-mel11272 MEWElogs[369035]: CROP, 1626310353748582092, MEL, 12
<134>2021-07-15T00:52:39Z cache-mel11272 MEWElogs[369035]: CROP, 1626310358445183134, MEL, 12
<134>2021-07-15T00:52:47Z cache-lga21983 MEWElogs[369035]: CROP, 1626310367180597415, LGA, 12
<134>2021-07-15T00:52:58Z cache-ewr18156 MEWElogs[369035]: CROP, 1626310377004922589, EWR, 12
<134>2021-07-15T00:53:02Z cache-stp9226 MEWElogs[369035]: CROP, 1626310381243129127, STP, 12
<134>2021-07-15T00:53:16Z cache-yul12826 MEWElogs[369035]: CROP, 1626310395730399772, YUL, 12
<134>2021-07-15T00:53:16Z cache-mel11272 MEWElogs[369035]: CROP, 1626310395174827966, MEL, 12
<134>2021-07-15T00:53:17Z cache-ewr18156 MEWElogs[369035]: CROP, 1626310396432730535, EWR, 12
<134>2021-07-15T00:53:19Z cache-lga21983 MEWElogs[369035]: CROP, 1626310399063682745, LGA, 12
<134>2021-07-15T00:53:20Z cache-man4150 MEWElogs[369035]: CROP, 1626310399140171820, MAN, 12
<134>2021-07-15T00:53:20Z cache-mel11272 MEWElogs[369035]: CROP, 1626310399825377537, MEL, 12
<134>2021-07-15T00:53:22Z cache-stp9226 MEWElogs[369035]: CROP, 1626310401882038409, STP, 12
<134>2021-07-15T00:53:26Z cache-man4150 MEWElogs[369035]: CROP, 1626310404977213251, MAN, 12
<134>2021-07-15T00:53:27Z cache-yul12826 MEWElogs[369035]: CROP, 1626310407028702785, YUL, 12
<134>2021-07-15T00:53:31Z cache-stp9226 MEWElogs[369035]: CROP, 1626310410164622428, STP, 12
<134>2021-07-15T00:54:16Z cache-mel11272 MEWElogs[369035]: CROP, 1626310455493980882, MEL, 12
<134>2021-07-15T00:54:16Z cache-stp9226 MEWElogs[369035]: CROP, 1626310455727711049, STP, 12
<134>2021-07-15T00:54:24Z cache-ewr18156 MEWElogs[369035]: CROP, 1626310464356435661, EWR, 12
<134>2021-07-15T00:54:32Z cache-lga21983 MEWElogs[369035]: CROP, 1626310471737538892, LGA, 12
<134>2021-07-15T00:54:35Z cache-mel11272 MEWElogs[369035]: CROP, 1626310474264093240, MEL, 12
<134>2021-07-15T00:54:51Z cache-lax10677 MEWElogs[369035]: CROP, 1626310490401346468, LGB, 12
<134>2021-07-15T00:55:32Z cache-jax20933 MEWElogs[369035]: CROP, 1626310531425260511, JAX, 12
<134>2021-07-15T00:55:36Z cache-gig17035 MEWElogs[369035]: CROP, 1626310535531423682, GIG, 12
<134>2021-07-15T00:55:45Z cache-gru17149 MEWElogs[369035]: CROP, 1626310544807445458, GRU, 12
<134>2021-07-15T00:56:02Z cache-stl4834 MEWElogs[369035]: CROP, 1626310561851775429, STL, 12
<134>2021-07-15T00:56:02Z cache-osl6529 MEWElogs[369035]: CROP, 1626310561860429485, OSL, 12
<134>2021-07-15T00:56:19Z cache-gru17149 MEWElogs[369035]: CROP, 1626310577951648048, GRU, 12
<134>2021-07-15T00:56:36Z cache-stl4834 MEWElogs[369035]: CROP, 1626310596062140950, STL, 12
<134>2021-07-15T00:56:39Z cache-jax20933 MEWElogs[369035]: CROP, 1626310598967385086, JAX, 12
<134>2021-07-15T00:56:42Z cache-ewr18156 MEWElogs[369035]: CROP, 1626310601604596876, EWR, 12
<134>2021-07-15T00:56:43Z cache-lax10677 MEWElogs[369035]: CROP, 1626310602893573266, LGB, 12
<134>2021-07-15T00:56:57Z cache-ewr18156 MEWElogs[369035]: CROP, 1626310616816363123, EWR, 12
<134>2021-07-15T00:56:57Z cache-stl4834 MEWElogs[369035]: CROP, 1626310617134897280, STL, 12
<134>2021-07-15T00:57:01Z cache-ewr18156 MEWElogs[369035]: CROP, 1626310620388616077, EWR, 12
<134>2021-07-15T00:57:03Z cache-yul12826 MEWElogs[369035]: CROP, 1626310623104813005, YUL, 12
<134>2021-07-15T00:57:12Z cache-ewr18156 MEWElogs[369035]: CROP, 1626310631841741967, EWR, 12
<134>2021-07-15T00:57:15Z cache-gig17035 MEWElogs[369035]: CROP, 1626310635476709006, GIG, 12
<134>2021-07-15T00:57:39Z cache-syd10183 MEWElogs[369035]: CROP, 1626310659002020526, SYD, 12
<134>2021-07-15T00:57:41Z cache-bom4751 MEWElogs[369035]: CROP, 1626310660457970642, BOM, 12
<134>2021-07-15T00:57:48Z cache-scl19427 MEWElogs[369035]: CROP, 1626310668071457849, SCL, 12
<134>2021-07-15T00:58:01Z cache-gru17149 MEWElogs[369035]: CROP, 1626310680605594483, GRU, 12
<134>2021-07-15T00:58:07Z cache-syd10183 MEWElogs[369035]: CROP, 1626310687440224416, SYD, 12
<134>2021-07-15T00:58:09Z cache-ewr18156 MEWElogs[369035]: CROP, 1626310689055299646, EWR, 12
<134>2021-07-15T00:58:23Z cache-jax20933 MEWElogs[369035]: CROP, 1626310702029361323, JAX, 12
<134>2021-07-15T00:58:31Z cache-scl19427 MEWElogs[369035]: CROP, 1626310710161616796, SCL, 12
<134>2021-07-15T00:58:31Z cache-pao17461 MEWElogs[369035]: CROP, 1626310711655577074, PAO, 12
