<134>2021-07-14T16:31:49Z cache-mdw17383 MEWElogs[21956]: FLIPH, 1626280309228044505, MDW, 10
<134>2021-07-14T16:31:54Z cache-eze19324 MEWElogs[21956]: FLIPH, 1626280313658624145, EZE, -1
<134>2021-07-14T16:32:33Z cache-wdc5583 MEWElogs[21956]: FLIPH, 1626280353204356401, WDC, -1
<134>2021-07-14T16:33:03Z cache-dca17782 MEWElogs[21956]: FLIPH, 1626280382860883821, DCA, -1
<134>2021-07-14T16:33:03Z cache-ams21020 MEWElogs[21956]: FLIPH, 1626280382451642898, AMS, -1
<134>2021-07-14T16:33:05Z cache-wdc5583 MEWElogs[21956]: FLIPH, 1626280384076431001, WDC, -1
<134>2021-07-14T16:33:11Z cache-ams21020 MEWElogs[21956]: FLIPH, 1626280391135315896, AMS, -1
<134>2021-07-14T16:33:14Z cache-pdk17882 MEWElogs[21956]: FLIPH, 1626280393773217511, PDK, 10
<134>2021-07-14T16:33:20Z cache-ord1740 MEWElogs[21956]: FLIPH, 1626280400432264011, ORD, -1
<134>2021-07-14T16:33:22Z cache-dca17782 MEWElogs[21956]: FLIPH, 1626280402069980210, DCA, -1
<134>2021-07-14T16:33:31Z cache-ams21020 MEWElogs[21956]: FLIPH, 1626280411288246321, AMS, 10
<134>2021-07-14T16:33:33Z cache-ord1740 MEWElogs[21956]: FLIPH, 1626280412292775379, ORD, 10
<134>2021-07-14T16:33:42Z cache-ord1740 MEWElogs[21956]: FLIPH, 1626280421314335478, ORD, 10
<134>2021-07-14T16:33:45Z cache-wdc5583 MEWElogs[21956]: FLIPH, 1626280425085026705, WDC, -1
<134>2021-07-14T16:34:12Z cache-dca17782 MEWElogs[21956]: FLIPH, 1626280452379676925, DCA, 10
<134>2021-07-14T16:34:13Z cache-bog6425 MEWElogs[21956]: FLIPH, 1626280452997121512, BOG, 10
<134>2021-07-14T16:34:19Z cache-cmh21547 MEWElogs[21956]: FLIPH, 1626280458709293942, CMH, 10
<134>2021-07-14T16:34:23Z cache-pdk17882 MEWElogs[21956]: FLIPH, 1626280463156833792, PDK, -1
<134>2021-07-14T16:34:25Z cache-mdw17383 MEWElogs[21956]: FLIPH, 1626280464217446439, MDW, 10
<134>2021-07-14T16:34:36Z cache-maa10251 MEWElogs[21956]: FLIPH, 1626280475594882641, MAA, 10
<134>2021-07-14T16:34:41Z cache-cmh21547 MEWElogs[21956]: FLIPH, 1626280480966133299, CMH, 10
<134>2021-07-14T16:34:48Z cache-mdw17383 MEWElogs[21956]: FLIPH, 1626280487485548059, MDW, 10
<134>2021-07-14T16:34:49Z cache-wdc5583 MEWElogs[21956]: FLIPH, 1626280488174760021, WDC, -1
<134>2021-07-14T16:34:57Z cache-ams21020 MEWElogs[21956]: FLIPH, 1626280497098603977, AMS, 10
<134>2021-07-14T16:35:03Z cache-cmh21547 MEWElogs[21956]: FLIPH, 1626280502716738795, CMH, 10
<134>2021-07-14T16:35:24Z cache-dca17782 MEWElogs[21956]: FLIPH, 1626280524967887989, DCA, -1
<134>2021-07-14T16:35:28Z cache-ord1740 MEWElogs[21956]: FLIPH, 1626280527651635335, ORD, -1
<134>2021-07-14T16:35:30Z cache-eze19324 MEWElogs[21956]: FLIPH, 1626280530302895987, EZE, 10
<134>2021-07-14T16:35:38Z cache-eze19324 MEWElogs[21956]: FLIPH, 1626280538709611460, EZE, -1
<134>2021-07-14T16:35:57Z cache-ams21020 MEWElogs[21956]: FLIPH, 1626280556172421847, AMS, 10
<134>2021-07-14T16:36:02Z cache-ams21020 MEWElogs[21956]: FLIPH, 1626280561883488517, AMS, -1
<134>2021-07-14T16:36:13Z cache-ams21020 MEWElogs[21956]: FLIPH, 1626280573271491944, AMS, 10
<134>2021-07-14T16:36:15Z cache-pdk17882 MEWElogs[21956]: FLIPH, 1626280574743778330, PDK, 10
<134>2021-07-14T16:36:15Z cache-maa10251 MEWElogs[21956]: FLIPH, 1626280574735104265, MAA, 10
<134>2021-07-14T16:36:19Z cache-cmh21547 MEWElogs[21956]: FLIPH, 1626280578931633315, CMH, 10
<134>2021-07-14T16:36:24Z cache-pdk17882 MEWElogs[21956]: FLIPH, 1626280583841562836, PDK, 10
<134>2021-07-14T16:36:41Z cache-cmh21547 MEWElogs[21956]: FLIPH, 1626280600790361434, CMH, 10
<134>2021-07-14T16:36:42Z cache-maa10251 MEWElogs[21956]: FLIPH, 1626280601829684800, MAA, -1
<134>2021-07-14T16:37:36Z cache-cmh21547 MEWElogs[21956]: FLIPH, 1626280655324617677, CMH, 10
<134>2021-07-14T16:37:39Z cache-bog6425 MEWElogs[21956]: FLIPH, 1626280658977133467, BOG, 10
<134>2021-07-14T16:37:40Z cache-dca17782 MEWElogs[21956]: FLIPH, 1626280659954316347, DCA, 10
<134>2021-07-14T16:37:42Z cache-pdk17882 MEWElogs[21956]: FLIPH, 1626280662307138805, PDK, -1
<134>2021-07-14T16:38:08Z cache-cmh21547 MEWElogs[21956]: FLIPH, 1626280688427747729, CMH, 10
<134>2021-07-14T16:38:27Z cache-cmh21547 MEWElogs[21956]: FLIPH, 1626280706515698439, CMH, -1
<134>2021-07-14T16:38:33Z cache-maa10251 MEWElogs[21956]: FLIPH, 1626280712299184645, MAA, 10
<134>2021-07-14T16:38:47Z cache-mdw17383 MEWElogs[21956]: FLIPH, 1626280726724290743, MDW, -1
<134>2021-07-14T16:38:47Z cache-bog6425 MEWElogs[21956]: FLIPH, 1626280727720909054, BOG, 10
<134>2021-07-14T16:38:49Z cache-cmh21547 MEWElogs[21956]: FLIPH, 1626280728106317040, CMH, -1
<134>2021-07-14T16:39:05Z cache-pdk17882 MEWElogs[21956]: FLIPH, 1626280744804226294, PDK, -1
<134>2021-07-14T16:39:23Z cache-ams21020 MEWElogs[21956]: FLIPH, 1626280763012699685, AMS, 10
<134>2021-07-14T16:39:37Z cache-ord1740 MEWElogs[21956]: FLIPH, 1626280776249776210, ORD, 10
<134>2021-07-14T16:39:39Z cache-wdc5583 MEWElogs[21956]: FLIPH, 1626280779338333808, WDC, -1
<134>2021-07-14T16:39:47Z cache-ams21020 MEWElogs[21956]: FLIPH, 1626280786110943176, AMS, -1
<134>2021-07-14T16:39:52Z cache-mdw17383 MEWElogs[21956]: FLIPH, 1626280792055179382, MDW, -1
<134>2021-07-14T16:40:03Z cache-pdk17882 MEWElogs[21956]: FLIPH, 1626280802512159389, PDK, 10
<134>2021-07-14T16:40:26Z cache-pdk17882 MEWElogs[21956]: FLIPH, 1626280826815889263, PDK, -1
<134>2021-07-14T16:40:36Z cache-bog6425 MEWElogs[21956]: FLIPH, 1626280836301103439, BOG, 10
<134>2021-07-14T16:40:44Z cache-bog6425 MEWElogs[21956]: FLIPH, 1626280843231470571, BOG, -1
<134>2021-07-14T16:40:45Z cache-ams21020 MEWElogs[21956]: FLIPH, 1626280845286843579, AMS, -1
<134>2021-07-14T16:40:57Z cache-dca17782 MEWElogs[21956]: FLIPH, 1626280857106511830, DCA, 10
<134>2021-07-14T16:40:58Z cache-ord1740 MEWElogs[21956]: FLIPH, 1626280857267395842, ORD, 10
<134>2021-07-14T16:41:06Z cache-dca17782 MEWElogs[21956]: FLIPH, 1626280866176574305, DCA, 10
<134>2021-07-14T16:41:16Z cache-maa10251 MEWElogs[21956]: FLIPH, 1626280875607811182, MAA, -1
<134>2021-07-14T16:41:22Z cache-cph20625 MEWElogs[21956]: FLIPH, 1626280881700947562, CPH, -1
<134>2021-07-14T16:41:33Z cache-pdk17882 MEWElogs[21956]: FLIPH, 1626280893027380777, PDK, 10
