<134>2021-07-15T02:06:23Z cache-osl6529 MEWElogs[418388]: GRAY, 1626314783176411943, OSL, 13
<134>2021-07-15T02:06:37Z cache-ewr18156 MEWElogs[418388]: GRAY, 1626314796062086436, EWR, 13
<134>2021-07-15T02:06:38Z cache-osl6529 MEWElogs[418388]: GRAY, 1626314797092768090, OSL, 13
<134>2021-07-15T02:06:42Z cache-scl19427 MEWElogs[418388]: GRAY, 1626314801504960251, SCL, 13
<134>2021-07-15T02:06:51Z cache-jax20933 MEWElogs[418388]: GRAY, 1626314810064234560, JAX, 13
<134>2021-07-15T02:06:58Z cache-yul12826 MEWElogs[418388]: GRAY, 1626314817052031647, YUL, 13
<134>2021-07-15T02:07:31Z cache-cdg20720 MEWElogs[418388]: GRAY, 1626314850732943448, CDG, 13
<134>2021-07-15T02:07:38Z cache-osl6529 MEWElogs[418388]: GRAY, 1626314856981516392, OSL, 13
<134>2021-07-15T02:07:47Z cache-cdg20720 MEWElogs[418388]: GRAY, 1626314867183804408, CDG, 13
<134>2021-07-15T02:07:49Z cache-scl19427 MEWElogs[418388]: GRAY, 1626314868579634980, SCL, 13
<134>2021-07-15T02:08:19Z cache-jax20933 MEWElogs[418388]: GRAY, 1626314899593855422, JAX, 13
<134>2021-07-15T02:08:29Z cache-bom4751 MEWElogs[418388]: GRAY, 1626314908548107909, BOM, 13
<134>2021-07-15T02:08:29Z cache-jax20933 MEWElogs[418388]: GRAY, 1626314908523403797, JAX, 13
<134>2021-07-15T02:08:34Z cache-bom4751 MEWElogs[418388]: GRAY, 1626314914344408771, BOM, 13
<134>2021-07-15T02:08:47Z cache-jax20933 MEWElogs[418388]: GRAY, 1626314926212641589, JAX, 13
<134>2021-07-15T02:09:32Z cache-cdg20720 MEWElogs[418388]: GRAY, 1626314971169519599, CDG, 13
<134>2021-07-15T02:10:13Z cache-bom4751 MEWElogs[418388]: GRAY, 1626315013471674911, BOM, 13
<134>2021-07-15T02:10:41Z cache-gig17035 MEWElogs[418388]: GRAY, 1626315040189108178, GIG, 13
<134>2021-07-15T02:10:52Z cache-scl19427 MEWElogs[418388]: GRAY, 1626315051742600337, SCL, 13
<134>2021-07-15T02:11:06Z cache-ewr18156 MEWElogs[418388]: GRAY, 1626315066632073666, EWR, 13
<134>2021-07-15T02:11:11Z cache-hnd18722 MEWElogs[418388]: GRAY, 1626315070860290130, HND, 13
<134>2021-07-15T02:11:25Z cache-syd10183 MEWElogs[418388]: GRAY, 1626315084070713962, SYD, 13
<134>2021-07-15T02:11:30Z cache-pao17461 MEWElogs[418388]: GRAY, 1626315090084173262, PAO, 13
<134>2021-07-15T02:11:38Z cache-syd10183 MEWElogs[418388]: GRAY, 1626315097986048585, SYD, 13
<134>2021-07-15T02:12:10Z cache-bom4751 MEWElogs[418388]: GRAY, 1626315129744195408, BOM, 13
<134>2021-07-15T02:12:28Z cache-stl4834 MEWElogs[418388]: GRAY, 1626315147666843074, STL, 13
<134>2021-07-15T02:13:08Z cache-pao17461 MEWElogs[418388]: GRAY, 1626315187813029218, PAO, 13
<134>2021-07-15T02:13:23Z cache-syd10183 MEWElogs[418388]: GRAY, 1626315203416211963, SYD, 13
<134>2021-07-15T02:13:31Z cache-itm18851 MEWElogs[418388]: GRAY, 1626315210578525522, ITM, 13
<134>2021-07-15T02:13:54Z cache-bom4751 MEWElogs[418388]: GRAY, 1626315233738637408, BOM, 13
<134>2021-07-15T02:13:56Z cache-hnd18722 MEWElogs[418388]: GRAY, 1626315235838342600, HND, 13
<134>2021-07-15T02:14:21Z cache-syd10183 MEWElogs[418388]: GRAY, 1626315260665989033, SYD, 13
<134>2021-07-15T02:14:38Z cache-hnd18722 MEWElogs[418388]: GRAY, 1626315278231012149, HND, 13
<134>2021-07-15T02:15:01Z cache-itm18851 MEWElogs[418388]: GRAY, 1626315300563611546, ITM, 13
<134>2021-07-15T02:15:46Z cache-itm18851 MEWElogs[418388]: GRAY, 1626315345805662950, ITM, 13
<134>2021-07-15T02:15:58Z cache-gru17149 MEWElogs[418388]: GRAY, 1626315357123292139, GRU, 13
<134>2021-07-15T02:16:18Z cache-stl4834 MEWElogs[418388]: GRAY, 1626315378034524604, STL, 13
