<134>2021-07-14T16:31:44Z cache-ord1740 MEWElogs[318405]: FLIPH, 1626280303299346069, ORD, 10
<134>2021-07-14T16:32:03Z cache-ams21020 MEWElogs[318405]: FLIPH, 1626280322424474740, AMS, -1
<134>2021-07-14T16:32:05Z cache-ams21020 MEWElogs[318405]: FLIPH, 1626280325237792218, AMS, 10
<134>2021-07-14T16:32:07Z cache-dca17782 MEWElogs[318405]: FLIPH, 1626280326488902148, DCA, -1
<134>2021-07-14T16:32:25Z cache-dca17782 MEWElogs[318405]: FLIPH, 1626280344942352590, DCA, -1
<134>2021-07-14T16:32:40Z cache-eze19324 MEWElogs[318405]: FLIPH, 1626280360610829081, EZE, -1
<134>2021-07-14T16:32:41Z cache-cmh21547 MEWElogs[318405]: FLIPH, 1626280360640929261, CMH, 10
<134>2021-07-14T16:32:44Z cache-bog6425 MEWElogs[318405]: FLIPH, 1626280364424136118, BOG, 10
<134>2021-07-14T16:32:47Z cache-wdc5583 MEWElogs[318405]: FLIPH, 1626280366532916599, WDC, 10
<134>2021-07-14T16:32:48Z cache-maa10251 MEWElogs[318405]: FLIPH, 1626280367608539706, MAA, 10
<134>2021-07-14T16:33:04Z cache-mdw17383 MEWElogs[318405]: FLIPH, 1626280383319381993, MDW, -1
<134>2021-07-14T16:33:15Z cache-bog6425 MEWElogs[318405]: FLIPH, 1626280394694246313, BOG, 10
<134>2021-07-14T16:33:47Z cache-maa10251 MEWElogs[318405]: FLIPH, 1626280426612988349, MAA, 10
<134>2021-07-14T16:33:52Z cache-eze19324 MEWElogs[318405]: FLIPH, 1626280432393688852, EZE, -1
<134>2021-07-14T16:34:06Z cache-ams21020 MEWElogs[318405]: FLIPH, 1626280445164300854, AMS, 10
<134>2021-07-14T16:34:08Z cache-cmh21547 MEWElogs[318405]: FLIPH, 1626280447820490400, CMH, 10
<134>2021-07-14T16:34:08Z cache-pdk17882 MEWElogs[318405]: FLIPH, 1626280447831568311, PDK, 10
<134>2021-07-14T16:34:09Z cache-ord1740 MEWElogs[318405]: FLIPH, 1626280448520298192, ORD, 10
<134>2021-07-14T16:34:32Z cache-bog6425 MEWElogs[318405]: FLIPH, 1626280472509012429, BOG, 10
<134>2021-07-14T16:34:49Z cache-ams21020 MEWElogs[318405]: FLIPH, 1626280488605166395, AMS, 10
<134>2021-07-14T16:35:00Z cache-ord1740 MEWElogs[318405]: FLIPH, 1626280500594439816, ORD, -1
<134>2021-07-14T16:35:10Z cache-mdw17383 MEWElogs[318405]: FLIPH, 1626280509271782661, MDW, 10
<134>2021-07-14T16:35:12Z cache-bog6425 MEWElogs[318405]: FLIPH, 1626280511879303406, BOG, 10
<134>2021-07-14T16:35:12Z cache-wdc5583 MEWElogs[318405]: FLIPH, 1626280512461271950, WDC, 10
<134>2021-07-14T16:35:23Z cache-ams21020 MEWElogs[318405]: FLIPH, 1626280522248876984, AMS, 10
<134>2021-07-14T16:35:42Z cache-eze19324 MEWElogs[318405]: FLIPH, 1626280541933976948, EZE, 10
<134>2021-07-14T16:35:48Z cache-bog6425 MEWElogs[318405]: FLIPH, 1626280548310377935, BOG, -1
<134>2021-07-14T16:35:49Z cache-mdw17383 MEWElogs[318405]: FLIPH, 1626280549534665237, MDW, -1
<134>2021-07-14T16:35:57Z cache-cmh21547 MEWElogs[318405]: FLIPH, 1626280557274883714, CMH, 10
<134>2021-07-14T16:36:30Z cache-cmh21547 MEWElogs[318405]: FLIPH, 1626280589784398038, CMH, 10
<134>2021-07-14T16:36:42Z cache-pdk17882 MEWElogs[318405]: FLIPH, 1626280601606548392, PDK, 10
<134>2021-07-14T16:36:48Z cache-cmh21547 MEWElogs[318405]: FLIPH, 1626280607688429937, CMH, -1
<134>2021-07-14T16:36:51Z cache-cmh21547 MEWElogs[318405]: FLIPH, 1626280611484463016, CMH, 10
<134>2021-07-14T16:36:59Z cache-cmh21547 MEWElogs[318405]: FLIPH, 1626280618569882214, CMH, -1
<134>2021-07-14T16:37:07Z cache-bog6425 MEWElogs[318405]: FLIPH, 1626280627060604914, BOG, -1
<134>2021-07-14T16:37:10Z cache-mdw17383 MEWElogs[318405]: FLIPH, 1626280629507161750, MDW, 10
<134>2021-07-14T16:37:24Z cache-eze19324 MEWElogs[318405]: FLIPH, 1626280643778671875, EZE, -1
<134>2021-07-14T16:37:25Z cache-maa10251 MEWElogs[318405]: FLIPH, 1626280644332469419, MAA, 10
<134>2021-07-14T16:37:46Z cache-bog6425 MEWElogs[318405]: FLIPH, 1626280665919214505, BOG, -1
<134>2021-07-14T16:37:47Z cache-ams21020 MEWElogs[318405]: FLIPH, 1626280667629298509, AMS, 10
<134>2021-07-14T16:38:05Z cache-mdw17383 MEWElogs[318405]: FLIPH, 1626280685162840305, MDW, 10
<134>2021-07-14T16:38:20Z cache-maa10251 MEWElogs[318405]: FLIPH, 1626280699848934075, MAA, -1
<134>2021-07-14T16:38:25Z cache-wdc5583 MEWElogs[318405]: FLIPH, 1626280704798391034, WDC, -1
<134>2021-07-14T16:38:43Z cache-dca17782 MEWElogs[318405]: FLIPH, 1626280722795629285, DCA, -1
<134>2021-07-14T16:38:45Z cache-bog6425 MEWElogs[318405]: FLIPH, 1626280724845229716, BOG, -1
<134>2021-07-14T16:38:48Z cache-ord1740 MEWElogs[318405]: FLIPH, 1626280728197942505, ORD, -1
<134>2021-07-14T16:38:50Z cache-wdc5583 MEWElogs[318405]: FLIPH, 1626280729163129667, WDC, 10
<134>2021-07-14T16:39:02Z cache-eze19324 MEWElogs[318405]: FLIPH, 1626280742281278189, EZE, 10
<134>2021-07-14T16:39:24Z cache-ord1740 MEWElogs[318405]: FLIPH, 1626280764401912835, ORD, -1
<134>2021-07-14T16:39:43Z cache-cmh21547 MEWElogs[318405]: FLIPH, 1626280782875067948, CMH, -1
<134>2021-07-14T16:39:44Z cache-wdc5583 MEWElogs[318405]: FLIPH, 1626280782968572013, WDC, 10
<134>2021-07-14T16:39:56Z cache-mdw17383 MEWElogs[318405]: FLIPH, 1626280795577757662, MDW, 10
<134>2021-07-14T16:39:58Z cache-eze19324 MEWElogs[318405]: FLIPH, 1626280797328115026, EZE, -1
<134>2021-07-14T16:40:04Z cache-mdw17383 MEWElogs[318405]: FLIPH, 1626280802996802653, MDW, -1
<134>2021-07-14T16:40:20Z cache-cmh21547 MEWElogs[318405]: FLIPH, 1626280819291672994, CMH, 10
<134>2021-07-14T16:40:36Z cache-maa10251 MEWElogs[318405]: FLIPH, 1626280836607043543, MAA, -1
<134>2021-07-14T16:40:59Z cache-cmh21547 MEWElogs[318405]: FLIPH, 1626280858996783259, CMH, -1
<134>2021-07-14T16:41:05Z cache-pdk17882 MEWElogs[318405]: FLIPH, 1626280865896445550, PDK, 10
<134>2021-07-14T16:41:15Z cache-bog6425 MEWElogs[318405]: FLIPH, 1626280875070010673, BOG, 10
<134>2021-07-14T16:41:39Z cache-maa10251 MEWElogs[318405]: FLIPH, 1626280897963769746, MAA, 10
