<134>2021-07-14T22:31:45Z cache-lax10677 MEWElogs[21956]: BLUR, 1626301904830143329, LGB, 11
<134>2021-07-14T22:32:45Z cache-mrs10583 MEWElogs[21956]: BLUR, 1626301964744283152, MRS, 11
<134>2021-07-14T22:33:14Z cache-lax10677 MEWElogs[21956]: BLUR, 1626301994032915005, LGB, 11
<134>2021-07-14T22:33:34Z cache-mad22068 MEWElogs[21956]: BLUR, 1626302014373509652, MAD, 11
<134>2021-07-14T22:33:55Z cache-jax20933 MEWElogs[21956]: BLUR, 1626302034776542254, JAX, 11
<134>2021-07-14T22:34:00Z cache-mci5951 MEWElogs[21956]: BLUR, 1626302040153267353, MCI, 11
<134>2021-07-14T22:35:15Z cache-yul12826 MEWElogs[21956]: BLUR, 1626302114473297435, YUL, 11
<134>2021-07-14T22:35:36Z cache-lax10677 MEWElogs[21956]: BLUR, 1626302136209251365, LGB, 11
<134>2021-07-14T22:35:44Z cache-yul12826 MEWElogs[21956]: BLUR, 1626302143890986876, YUL, 11
<134>2021-07-14T22:36:12Z cache-lax10677 MEWElogs[21956]: BLUR, 1626302171572310175, LGB, 11
<134>2021-07-14T22:37:05Z cache-man4150 MEWElogs[21956]: BLUR, 1626302224027751841, MAN, 11
<134>2021-07-14T22:37:40Z cache-mci5951 MEWElogs[21956]: BLUR, 1626302259865017430, MCI, 11
<134>2021-07-14T22:37:42Z cache-yul12826 MEWElogs[21956]: BLUR, 1626302261479500646, YUL, 11
<134>2021-07-14T22:38:51Z cache-jax20933 MEWElogs[21956]: BLUR, 1626302331109172779, JAX, 11
<134>2021-07-14T22:39:10Z cache-mci5951 MEWElogs[21956]: BLUR, 1626302350646000749, MCI, 11
<134>2021-07-14T22:39:19Z cache-lga21983 MEWElogs[21956]: BLUR, 1626302359025936111, LGA, 11
<134>2021-07-14T22:40:15Z cache-jax20933 MEWElogs[21956]: BLUR, 1626302415429421011, JAX, 11
<134>2021-07-14T22:40:22Z cache-lax10677 MEWElogs[21956]: BLUR, 1626302422190920596, LGB, 11
<134>2021-07-14T22:40:27Z cache-mia11368 MEWElogs[21956]: BLUR, 1626302426828694856, MIA, 11
<134>2021-07-14T22:40:35Z cache-stp9226 MEWElogs[21956]: BLUR, 1626302434637276840, STP, 11
<134>2021-07-14T22:40:57Z cache-jax20933 MEWElogs[21956]: BLUR, 1626302457222319880, JAX, 11
<134>2021-07-14T22:40:57Z cache-man4150 MEWElogs[21956]: BLUR, 1626302456947583466, MAN, 11
<134>2021-07-14T22:41:01Z cache-mel11272 MEWElogs[21956]: BLUR, 1626302460720788082, MEL, 11
