<134>2021-07-15T07:33:03Z cache-osl6529 MEWElogs[382896]: UNSH, 1626334383545462988, OSL, 16
<134>2021-07-15T07:33:06Z cache-lhr7382 MEWElogs[382896]: UNSH, 1626334385599336990, LHR, 16
<134>2021-07-15T07:33:31Z cache-lax10677 MEWElogs[382896]: UNSH, 1626334410290454669, LGB, 16
<134>2021-07-15T07:34:05Z cache-cdg20720 MEWElogs[382896]: UNSH, 1626334444208007942, CDG, 16
<134>2021-07-15T07:34:14Z cache-ewr18156 MEWElogs[382896]: UNSH, 1626334453644762630, EWR, 16
<134>2021-07-15T07:34:18Z cache-lhr7382 MEWElogs[382896]: UNSH, 1626334457029292711, LHR, 16
<134>2021-07-15T07:34:43Z cache-lhr7382 MEWElogs[382896]: UNSH, 1626334483137680065, LHR, 16
<134>2021-07-15T07:34:52Z cache-lhr7382 MEWElogs[382896]: UNSH, 1626334491938545851, LHR, 16
<134>2021-07-15T07:35:44Z cache-osl6529 MEWElogs[382896]: UNSH, 1626334543995149693, OSL, 16
<134>2021-07-15T07:35:53Z cache-lax10677 MEWElogs[382896]: UNSH, 1626334552826268942, LGB, 16
<134>2021-07-15T07:36:44Z cache-man4150 MEWElogs[382896]: UNSH, 1626334603352971853, MAN, 16
<134>2021-07-15T07:37:03Z cache-bom4751 MEWElogs[382896]: UNSH, 1626334623031365205, BOM, 16
<134>2021-07-15T07:37:15Z cache-osl6529 MEWElogs[382896]: UNSH, 1626334634484992261, OSL, 16
<134>2021-07-15T07:37:16Z cache-mel11272 MEWElogs[382896]: UNSH, 1626334635843126929, MEL, 16
<134>2021-07-15T07:37:30Z cache-ewr18156 MEWElogs[382896]: UNSH, 1626334650292890057, EWR, 16
<134>2021-07-15T07:37:56Z cache-cdg20720 MEWElogs[382896]: UNSH, 1626334676229289514, CDG, 16
<134>2021-07-15T07:37:58Z cache-ewr18156 MEWElogs[382896]: UNSH, 1626334677649368396, EWR, 16
<134>2021-07-15T07:38:02Z cache-lhr7382 MEWElogs[382896]: UNSH, 1626334681016736783, LHR, 16
<134>2021-07-15T07:38:05Z cache-bom4751 MEWElogs[382896]: UNSH, 1626334685549296585, BOM, 16
<134>2021-07-15T07:38:11Z cache-man4150 MEWElogs[382896]: UNSH, 1626334690109266421, MAN, 16
<134>2021-07-15T07:38:26Z cache-bom4751 MEWElogs[382896]: UNSH, 1626334705807679327, BOM, 16
<134>2021-07-15T07:38:34Z cache-mel11272 MEWElogs[382896]: UNSH, 1626334713275130014, MEL, 16
<134>2021-07-15T07:38:47Z cache-man4150 MEWElogs[382896]: UNSH, 1626334726664897311, MAN, 16
<134>2021-07-15T07:39:10Z cache-cdg20720 MEWElogs[382896]: UNSH, 1626334750328402245, CDG, 16
<134>2021-07-15T07:39:18Z cache-mel11272 MEWElogs[382896]: UNSH, 1626334758072966664, MEL, 16
<134>2021-07-15T07:40:31Z cache-lga21983 MEWElogs[382896]: UNSH, 1626334830800673106, LGA, 16
<134>2021-07-15T07:40:50Z cache-ewr18156 MEWElogs[382896]: UNSH, 1626334850215164495, EWR, 16
<134>2021-07-15T07:40:59Z cache-man4150 MEWElogs[382896]: UNSH, 1626334858935024524, MAN, 16
<134>2021-07-15T07:41:19Z cache-lga21983 MEWElogs[382896]: UNSH, 1626334878333287502, LGA, 16
<134>2021-07-15T07:41:21Z cache-ewr18156 MEWElogs[382896]: UNSH, 1626334880245772369, EWR, 16
<134>2021-07-15T07:41:40Z cache-lhr7382 MEWElogs[382896]: UNSH, 1626334900074080505, LHR, 16
<134>2021-07-15T07:42:02Z cache-man4150 MEWElogs[382896]: UNSH, 1626334921921496755, MAN, 16
<134>2021-07-15T07:42:26Z cache-bom4751 MEWElogs[382896]: UNSH, 1626334945771981170, BOM, 16
