<134>2021-07-15T04:37:00Z cache-akl10324 MEWElogs[46369]: ROTATE, 1626323818904833312, AKL, 15
<134>2021-07-15T04:37:30Z cache-dfw18678 MEWElogs[46369]: ROTATE, 1626323850354415198, DFW, 15
<134>2021-07-15T04:37:56Z cache-pwk4920 MEWElogs[46369]: ROTATE, 1626323876371592245, PWK, 15
<134>2021-07-15T04:38:02Z cache-bos4657 MEWElogs[46369]: ROTATE, 1626323881653815909, BOS, 15
<134>2021-07-15T04:38:06Z cache-den8274 MEWElogs[46369]: ROTATE, 1626323885570086664, DEN, 15
<134>2021-07-15T04:38:47Z cache-fra19177 MEWElogs[46369]: ROTATE, 1626323926674083395, FRA, 15
<134>2021-07-15T04:39:03Z cache-fra19177 MEWElogs[46369]: ROTATE, 1626323942937095710, FRA, 15
<134>2021-07-15T04:39:16Z cache-jnb7027 MEWElogs[46369]: ROTATE, 1626323955756328296, JNB, 15
<134>2021-07-15T04:39:32Z cache-iah17271 MEWElogs[46369]: ROTATE, 1626323972089238764, IAH, 15
<134>2021-07-15T04:39:40Z cache-hel6829 MEWElogs[46369]: ROTATE, 1626323979042977171, HEL, 15
<134>2021-07-15T04:40:01Z cache-dal21283 MEWElogs[46369]: ROTATE, 1626324001020835851, DAL, 15
<134>2021-07-15T04:40:08Z cache-fra19177 MEWElogs[46369]: ROTATE, 1626324007432425191, FRA, 15
<134>2021-07-15T04:40:17Z cache-den8274 MEWElogs[46369]: ROTATE, 1626324016081332551, DEN, 15
<134>2021-07-15T04:40:18Z cache-iah17271 MEWElogs[46369]: ROTATE, 1626324018632078989, IAH, 15
<134>2021-07-15T04:40:35Z cache-hel6829 MEWElogs[46369]: ROTATE, 1626324034844563550, HEL, 15
<134>2021-07-15T04:40:39Z cache-lcy19283 MEWElogs[46369]: ROTATE, 1626324038041354031, LCY, 15
<134>2021-07-15T04:40:50Z cache-lon4249 MEWElogs[46369]: ROTATE, 1626324049754076892, LON, 15
<134>2021-07-15T04:40:55Z cache-bur17583 MEWElogs[46369]: ROTATE, 1626324054648530136, BUR, 15
<134>2021-07-15T04:41:29Z cache-jnb7027 MEWElogs[46369]: ROTATE, 1626324088947578827, JNB, 15
<134>2021-07-15T04:42:01Z cache-lon4249 MEWElogs[46369]: ROTATE, 1626324120032571083, LON, 15
<134>2021-07-15T04:42:36Z cache-mad22068 MEWElogs[46369]: ROTATE, 1626324155378870666, MAD, 15
<134>2021-07-15T04:42:39Z cache-iah17271 MEWElogs[46369]: ROTATE, 1626324158712393375, IAH, 15
<134>2021-07-15T04:42:46Z cache-hel6829 MEWElogs[46369]: ROTATE, 1626324166543377609, HEL, 15
<134>2021-07-15T04:42:54Z cache-den8274 MEWElogs[46369]: ROTATE, 1626324173165739334, DEN, 15
<134>2021-07-15T04:43:07Z cache-fra19177 MEWElogs[46369]: ROTATE, 1626324186100369711, FRA, 15
<134>2021-07-15T04:43:11Z cache-den8274 MEWElogs[46369]: ROTATE, 1626324191456713970, DEN, 15
<134>2021-07-15T04:43:49Z cache-iah17271 MEWElogs[46369]: ROTATE, 1626324228190500398, IAH, 15
<134>2021-07-15T04:43:59Z cache-den8274 MEWElogs[46369]: ROTATE, 1626324238172121066, DEN, 15
<134>2021-07-15T04:44:21Z cache-bur17583 MEWElogs[46369]: ROTATE, 1626324261468553040, BUR, 15
<134>2021-07-15T04:44:46Z cache-bur17583 MEWElogs[46369]: ROTATE, 1626324285189085136, BUR, 15
<134>2021-07-15T04:45:23Z cache-bur17583 MEWElogs[46369]: ROTATE, 1626324322238501612, BUR, 15
<134>2021-07-15T04:45:28Z cache-mad22068 MEWElogs[46369]: ROTATE, 1626324327052789116, MAD, 15
<134>2021-07-15T04:45:35Z cache-mad22068 MEWElogs[46369]: ROTATE, 1626324335189793680, MAD, 15
<134>2021-07-15T04:45:44Z cache-hel6829 MEWElogs[46369]: ROTATE, 1626324343168683859, HEL, 15
