<134>2021-07-15T00:43:18Z cache-cwb20520 MEWElogs[418388]: CROP, 1626309797323609320, CWB, 12
<134>2021-07-15T00:43:25Z cache-lcy19283 MEWElogs[418388]: CROP, 1626309805229670987, LCY, 12
<134>2021-07-15T00:43:35Z cache-lcy19283 MEWElogs[418388]: CROP, 1626309814216503196, LCY, 12
<134>2021-07-15T00:43:54Z cache-mrs10583 MEWElogs[418388]: CROP, 1626309833613992957, MRS, 12
<134>2021-07-15T00:44:00Z cache-iah17271 MEWElogs[418388]: CROP, 1626309839888775230, IAH, 12
<134>2021-07-15T00:44:04Z cache-den8274 MEWElogs[418388]: CROP, 1626309843662641775, DEN, 12
<134>2021-07-15T00:44:29Z cache-mrs10583 MEWElogs[418388]: CROP, 1626309868842582739, MRS, 12
<134>2021-07-15T00:44:36Z cache-jnb7027 MEWElogs[418388]: CROP, 1626309875270599758, JNB, 12
<134>2021-07-15T00:44:40Z cache-mad22068 MEWElogs[418388]: CROP, 1626309878940763429, MAD, 12
<134>2021-07-15T00:44:44Z cache-mrs10583 MEWElogs[418388]: CROP, 1626309883265404769, MRS, 12
<134>2021-07-15T00:44:49Z cache-bur17583 MEWElogs[418388]: CROP, 1626309888776610909, BUR, 12
<134>2021-07-15T00:44:57Z cache-hkg17929 MEWElogs[418388]: CROP, 1626309896535078435, HKG, 12
<134>2021-07-15T00:45:01Z cache-iah17271 MEWElogs[418388]: CROP, 1626309900408802338, IAH, 12
<134>2021-07-15T00:45:06Z cache-hkg17929 MEWElogs[418388]: CROP, 1626309905988705082, HKG, 12
<134>2021-07-15T00:45:16Z cache-lcy19283 MEWElogs[418388]: CROP, 1626309915639186482, LCY, 12
<134>2021-07-15T00:45:19Z cache-jnb7027 MEWElogs[418388]: CROP, 1626309918223491833, JNB, 12
<134>2021-07-15T00:45:22Z cache-cwb20520 MEWElogs[418388]: CROP, 1626309921783208119, CWB, 12
<134>2021-07-15T00:45:24Z cache-bur17583 MEWElogs[418388]: CROP, 1626309923035493189, BUR, 12
<134>2021-07-15T00:45:32Z cache-mad22068 MEWElogs[418388]: CROP, 1626309932343581640, MAD, 12
<134>2021-07-15T00:45:34Z cache-den8274 MEWElogs[418388]: CROP, 1626309933648199699, DEN, 12
<134>2021-07-15T00:45:49Z cache-mad22068 MEWElogs[418388]: CROP, 1626309948405819981, MAD, 12
<134>2021-07-15T00:46:13Z cache-lcy19283 MEWElogs[418388]: CROP, 1626309972346040971, LCY, 12
<134>2021-07-15T00:46:25Z cache-iah17271 MEWElogs[418388]: CROP, 1626309985077685329, IAH, 12
<134>2021-07-15T00:46:40Z cache-den8274 MEWElogs[418388]: CROP, 1626309999836035642, DEN, 12
<134>2021-07-15T00:47:21Z cache-den8274 MEWElogs[418388]: CROP, 1626310040299619506, DEN, 12
<134>2021-07-15T00:47:25Z cache-hkg17929 MEWElogs[418388]: CROP, 1626310045258185666, HKG, 12
<134>2021-07-15T00:47:53Z cache-mrs10583 MEWElogs[418388]: CROP, 1626310072438463458, MRS, 12
<134>2021-07-15T00:47:58Z cache-lhr7382 MEWElogs[418388]: CROP, 1626310077382622456, LHR, 12
<134>2021-07-15T00:48:06Z cache-lhr7382 MEWElogs[418388]: CROP, 1626310085900863976, LHR, 12
<134>2021-07-15T00:48:07Z cache-mrs10583 MEWElogs[418388]: CROP, 1626310086838609172, MRS, 12
<134>2021-07-15T00:48:28Z cache-stp9226 MEWElogs[418388]: CROP, 1626310108713284860, STP, 12
<134>2021-07-15T00:48:36Z cache-dal21283 MEWElogs[418388]: CROP, 1626310115711587201, DAL, 12
<134>2021-07-15T00:48:52Z cache-mci5951 MEWElogs[418388]: CROP, 1626310131975591070, MCI, 12
<134>2021-07-15T00:48:59Z cache-man4150 MEWElogs[418388]: CROP, 1626310138372352489, MAN, 12
<134>2021-07-15T00:49:02Z cache-mel11272 MEWElogs[418388]: CROP, 1626310141513542193, MEL, 12
<134>2021-07-15T00:49:16Z cache-mel11272 MEWElogs[418388]: CROP, 1626310155462793828, MEL, 12
<134>2021-07-15T00:49:34Z cache-mel11272 MEWElogs[418388]: CROP, 1626310173792241590, MEL, 12
<134>2021-07-15T00:50:00Z cache-man4150 MEWElogs[418388]: CROP, 1626310200181112705, MAN, 12
<134>2021-07-15T00:50:01Z cache-mia11368 MEWElogs[418388]: CROP, 1626310200941423398, MIA, 12
<134>2021-07-15T00:50:03Z cache-dal21283 MEWElogs[418388]: CROP, 1626310202978254114, DAL, 12
<134>2021-07-15T00:50:11Z cache-jax20933 MEWElogs[418388]: CROP, 1626310210418582549, JAX, 12
<134>2021-07-15T00:50:22Z cache-dal21283 MEWElogs[418388]: CROP, 1626310222147350355, DAL, 12
<134>2021-07-15T00:50:51Z cache-mia11368 MEWElogs[418388]: CROP, 1626310250697616431, MIA, 12
<134>2021-07-15T00:50:56Z cache-man4150 MEWElogs[418388]: CROP, 1626310255692989935, MAN, 12
<134>2021-07-15T00:51:02Z cache-man4150 MEWElogs[418388]: CROP, 1626310261451603098, MAN, 12
<134>2021-07-15T00:51:05Z cache-lax10677 MEWElogs[418388]: CROP, 1626310264503342745, LGB, 12
<134>2021-07-15T00:51:11Z cache-hkg17929 MEWElogs[418388]: CROP, 1626310269984354756, HKG, 12
<134>2021-07-15T00:51:28Z cache-lhr7382 MEWElogs[418388]: CROP, 1626310287289333354, LHR, 12
<134>2021-07-15T00:51:38Z cache-mci5951 MEWElogs[418388]: CROP, 1626310298200094531, MCI, 12
<134>2021-07-15T00:51:38Z cache-man4150 MEWElogs[418388]: CROP, 1626310297506515565, MAN, 12
<134>2021-07-15T00:51:52Z cache-mci5951 MEWElogs[418388]: CROP, 1626310311331554043, MCI, 12
<134>2021-07-15T00:51:59Z cache-mia11368 MEWElogs[418388]: CROP, 1626310318966031201, MIA, 12
<134>2021-07-15T00:52:08Z cache-stp9226 MEWElogs[418388]: CROP, 1626310327571280318, STP, 12
<134>2021-07-15T00:52:21Z cache-jax20933 MEWElogs[418388]: CROP, 1626310340197374356, JAX, 12
<134>2021-07-15T00:52:21Z cache-stp9226 MEWElogs[418388]: CROP, 1626310340227608626, STP, 12
<134>2021-07-15T00:52:29Z cache-stp9226 MEWElogs[418388]: CROP, 1626310348463011131, STP, 12
<134>2021-07-15T00:52:39Z cache-man4150 MEWElogs[418388]: CROP, 1626310358356645412, MAN, 12
<134>2021-07-15T00:52:42Z cache-hkg17929 MEWElogs[418388]: CROP, 1626310361565933666, HKG, 12
<134>2021-07-15T00:52:45Z cache-man4150 MEWElogs[418388]: CROP, 1626310364086905296, MAN, 12
<134>2021-07-15T00:52:48Z cache-mci5951 MEWElogs[418388]: CROP, 1626310367700123432, MCI, 12
<134>2021-07-15T00:52:54Z cache-lax10677 MEWElogs[418388]: CROP, 1626310373090168529, LGB, 12
<134>2021-07-15T00:52:58Z cache-stp9226 MEWElogs[418388]: CROP, 1626310377112044129, STP, 12
<134>2021-07-15T00:53:10Z cache-stp9226 MEWElogs[418388]: CROP, 1626310389491449470, STP, 12
<134>2021-07-15T00:53:10Z cache-lax10677 MEWElogs[418388]: CROP, 1626310390404150773, LGB, 12
