<134>2021-07-14T17:12:07Z cache-fra19177 MEWElogs[382896]: FLIPH, 1626282726236104021, FRA, 10
<134>2021-07-14T17:12:08Z cache-iah17271 MEWElogs[382896]: FLIPH, 1626282728511420077, IAH, -1
<134>2021-07-14T17:12:23Z cache-cwb20520 MEWElogs[382896]: FLIPH, 1626282743163427022, CWB, 10
<134>2021-07-14T17:12:35Z cache-lon4249 MEWElogs[382896]: FLIPH, 1626282754605435817, LON, -1
<134>2021-07-14T17:12:54Z cache-bur17583 MEWElogs[382896]: FLIPH, 1626282774116555553, BUR, -1
<134>2021-07-14T17:13:05Z cache-dal21283 MEWElogs[382896]: FLIPH, 1626282784774517611, DAL, -1
<134>2021-07-14T17:13:09Z cache-iah17271 MEWElogs[382896]: FLIPH, 1626282788505914172, IAH, 10
<134>2021-07-14T17:13:16Z cache-lon4249 MEWElogs[382896]: FLIPH, 1626282795736696880, LON, -1
<134>2021-07-14T17:13:19Z cache-bur17583 MEWElogs[382896]: FLIPH, 1626282798300478847, BUR, 10
<134>2021-07-14T17:13:25Z cache-mad22068 MEWElogs[382896]: FLIPH, 1626282805118888355, MAD, -1
<134>2021-07-14T17:13:39Z cache-mad22068 MEWElogs[382896]: FLIPH, 1626282818802016062, MAD, 10
<134>2021-07-14T17:13:51Z cache-dal21283 MEWElogs[382896]: FLIPH, 1626282831344898874, DAL, -1
<134>2021-07-14T17:13:55Z cache-lcy19283 MEWElogs[382896]: FLIPH, 1626282834556834437, LCY, 10
<134>2021-07-14T17:13:57Z cache-lon4249 MEWElogs[382896]: FLIPH, 1626282836497666772, LON, -1
<134>2021-07-14T17:14:03Z cache-hkg17929 MEWElogs[382896]: FLIPH, 1626282843529194881, HKG, 10
<134>2021-07-14T17:14:12Z cache-hkg17929 MEWElogs[382896]: FLIPH, 1626282851396292439, HKG, -1
<134>2021-07-14T17:14:14Z cache-lcy19283 MEWElogs[382896]: FLIPH, 1626282854322019124, LCY, 10
<134>2021-07-14T17:14:26Z cache-hkg17929 MEWElogs[382896]: FLIPH, 1626282865235207092, HKG, 10
<134>2021-07-14T17:14:27Z cache-bur17583 MEWElogs[382896]: FLIPH, 1626282866884072063, BUR, -1
<134>2021-07-14T17:14:33Z cache-hkg17929 MEWElogs[382896]: FLIPH, 1626282872870358304, HKG, -1
<134>2021-07-14T17:14:47Z cache-den8274 MEWElogs[382896]: FLIPH, 1626282886470776238, DEN, 10
<134>2021-07-14T17:14:55Z cache-den8274 MEWElogs[382896]: FLIPH, 1626282895271747650, DEN, 10
<134>2021-07-14T17:15:09Z cache-lon4249 MEWElogs[382896]: FLIPH, 1626282909538645813, LON, -1
<134>2021-07-14T17:15:31Z cache-den8274 MEWElogs[382896]: FLIPH, 1626282930282052428, DEN, 10
<134>2021-07-14T17:15:36Z cache-lon4249 MEWElogs[382896]: FLIPH, 1626282935169163908, LON, -1
<134>2021-07-14T17:15:41Z cache-hkg17929 MEWElogs[382896]: FLIPH, 1626282941069764579, HKG, 10
<134>2021-07-14T17:15:41Z cache-mad22068 MEWElogs[382896]: FLIPH, 1626282941445320512, MAD, 10
<134>2021-07-14T17:15:54Z cache-mrs10583 MEWElogs[382896]: FLIPH, 1626282954635317068, MRS, 10
<134>2021-07-14T17:16:13Z cache-lhr7382 MEWElogs[382896]: FLIPH, 1626282972131149412, LHR, 10
<134>2021-07-14T17:16:28Z cache-jax20933 MEWElogs[382896]: FLIPH, 1626282987757919976, JAX, 10
<134>2021-07-14T17:16:34Z cache-dal21283 MEWElogs[382896]: FLIPH, 1626282994258867692, DAL, 10
<134>2021-07-14T17:16:56Z cache-dal21283 MEWElogs[382896]: FLIPH, 1626283016083887595, DAL, 10
<134>2021-07-14T17:17:04Z cache-hkg17929 MEWElogs[382896]: FLIPH, 1626283024567539820, HKG, -1
<134>2021-07-14T17:17:08Z cache-hkg17929 MEWElogs[382896]: FLIPH, 1626283027703503616, HKG, 10
<134>2021-07-14T17:17:22Z cache-bur17583 MEWElogs[382896]: FLIPH, 1626283042330854117, BUR, -1
<134>2021-07-14T17:17:26Z cache-mia11368 MEWElogs[382896]: FLIPH, 1626283045163579103, MIA, -1
<134>2021-07-14T17:17:26Z cache-hkg17929 MEWElogs[382896]: FLIPH, 1626283046282778922, HKG, -1
<134>2021-07-14T17:17:38Z cache-mci5951 MEWElogs[382896]: FLIPH, 1626283058216801560, MCI, -1
<134>2021-07-14T17:17:43Z cache-bur17583 MEWElogs[382896]: FLIPH, 1626283062982969444, BUR, -1
<134>2021-07-14T17:17:49Z cache-mrs10583 MEWElogs[382896]: FLIPH, 1626283068521696568, MRS, 10
<134>2021-07-14T17:17:54Z cache-mrs10583 MEWElogs[382896]: FLIPH, 1626283074078383732, MRS, -1
<134>2021-07-14T17:17:55Z cache-lhr7382 MEWElogs[382896]: FLIPH, 1626283074021042083, LHR, -1
<134>2021-07-14T17:18:29Z cache-dal21283 MEWElogs[382896]: FLIPH, 1626283108868477645, DAL, 10
<134>2021-07-14T17:18:31Z cache-hkg17929 MEWElogs[382896]: FLIPH, 1626283111213124351, HKG, -1
<134>2021-07-14T17:18:34Z cache-hkg17929 MEWElogs[382896]: FLIPH, 1626283114337818841, HKG, 10
<134>2021-07-14T17:18:38Z cache-stp9226 MEWElogs[382896]: FLIPH, 1626283118855275246, STP, -1
<134>2021-07-14T17:18:40Z cache-mci5951 MEWElogs[382896]: FLIPH, 1626283119658270480, MCI, -1
<134>2021-07-14T17:18:49Z cache-mad22068 MEWElogs[382896]: FLIPH, 1626283128302809103, MAD, -1
<134>2021-07-14T17:18:52Z cache-mad22068 MEWElogs[382896]: FLIPH, 1626283131387446659, MAD, 10
<134>2021-07-14T17:18:56Z cache-hkg17929 MEWElogs[382896]: FLIPH, 1626283136451386909, HKG, 10
<134>2021-07-14T17:19:00Z cache-bur17583 MEWElogs[382896]: FLIPH, 1626283139312753681, BUR, 10
<134>2021-07-14T17:19:07Z cache-mad22068 MEWElogs[382896]: FLIPH, 1626283146803133049, MAD, -1
<134>2021-07-14T17:19:09Z cache-jax20933 MEWElogs[382896]: FLIPH, 1626283149637827711, JAX, -1
<134>2021-07-14T17:19:20Z cache-bur17583 MEWElogs[382896]: FLIPH, 1626283160164149530, BUR, 10
<134>2021-07-14T17:19:26Z cache-stp9226 MEWElogs[382896]: FLIPH, 1626283165441630102, STP, 10
<134>2021-07-14T17:19:43Z cache-mrs10583 MEWElogs[382896]: FLIPH, 1626283182561351040, MRS, 10
<134>2021-07-14T17:19:48Z cache-stp9226 MEWElogs[382896]: FLIPH, 1626283187148383089, STP, 10
<134>2021-07-14T17:19:48Z cache-hkg17929 MEWElogs[382896]: FLIPH, 1626283188071912062, HKG, -1
<134>2021-07-14T17:19:52Z cache-bur17583 MEWElogs[382896]: FLIPH, 1626283191544316347, BUR, 10
<134>2021-07-14T17:19:59Z cache-mrs10583 MEWElogs[382896]: FLIPH, 1626283198695359800, MRS, 10
<134>2021-07-14T17:20:05Z cache-lhr7382 MEWElogs[382896]: FLIPH, 1626283205578203021, LHR, -1
<134>2021-07-14T17:20:12Z cache-mrs10583 MEWElogs[382896]: FLIPH, 1626283212165021551, MRS, -1
<134>2021-07-14T17:20:13Z cache-bur17583 MEWElogs[382896]: FLIPH, 1626283212304349996, BUR, 10
<134>2021-07-14T17:20:14Z cache-mci5951 MEWElogs[382896]: FLIPH, 1626283213800455472, MCI, 10
<134>2021-07-14T17:20:21Z cache-jax20933 MEWElogs[382896]: FLIPH, 1626283221710745001, JAX, -1
<134>2021-07-14T17:20:23Z cache-mad22068 MEWElogs[382896]: FLIPH, 1626283221972657872, MAD, -1
<134>2021-07-14T17:20:23Z cache-mia11368 MEWElogs[382896]: FLIPH, 1626283223216635334, MIA, 10
<134>2021-07-14T17:20:24Z cache-hkg17929 MEWElogs[382896]: FLIPH, 1626283224080453245, HKG, 10
<134>2021-07-14T17:20:26Z cache-lhr7382 MEWElogs[382896]: FLIPH, 1626283226549169971, LHR, 10
<134>2021-07-14T17:20:31Z cache-mad22068 MEWElogs[382896]: FLIPH, 1626283230866369058, MAD, -1
<134>2021-07-14T17:20:32Z cache-mci5951 MEWElogs[382896]: FLIPH, 1626283230973488952, MCI, -1
<134>2021-07-14T17:20:48Z cache-jax20933 MEWElogs[382896]: FLIPH, 1626283247110494506, JAX, -1
<134>2021-07-14T17:20:53Z cache-stp9226 MEWElogs[382896]: FLIPH, 1626283252917706914, STP, 10
<134>2021-07-14T17:20:54Z cache-mia11368 MEWElogs[382896]: FLIPH, 1626283253772217259, MIA, 10
<134>2021-07-14T17:20:58Z cache-mad22068 MEWElogs[382896]: FLIPH, 1626283258127255077, MAD, -1
<134>2021-07-14T17:20:59Z cache-lhr7382 MEWElogs[382896]: FLIPH, 1626283258885023039, LHR, -1
<134>2021-07-14T17:21:11Z cache-stp9226 MEWElogs[382896]: FLIPH, 1626283271219664654, STP, -1
<134>2021-07-14T17:21:11Z cache-mad22068 MEWElogs[382896]: FLIPH, 1626283270780224569, MAD, 10
<134>2021-07-14T17:21:13Z cache-mrs10583 MEWElogs[382896]: FLIPH, 1626283272147786630, MRS, 10
<134>2021-07-14T17:21:29Z cache-hkg17929 MEWElogs[382896]: FLIPH, 1626283288651771055, HKG, 10
<134>2021-07-14T17:21:35Z cache-mia11368 MEWElogs[382896]: FLIPH, 1626283294297850980, MIA, 10
<134>2021-07-14T17:21:35Z cache-bur17583 MEWElogs[382896]: FLIPH, 1626283295790931881, BUR, 10
<134>2021-07-14T17:21:41Z cache-yul12826 MEWElogs[382896]: FLIPH, 1626283301322661937, YUL, 10
<134>2021-07-14T17:21:55Z cache-mad22068 MEWElogs[382896]: FLIPH, 1626283315397179915, MAD, -1
<134>2021-07-14T17:21:59Z cache-mrs10583 MEWElogs[382896]: FLIPH, 1626283318492455967, MRS, -1
<134>2021-07-14T17:22:02Z cache-hkg17929 MEWElogs[382896]: FLIPH, 1626283321008730819, HKG, 10
