<134>2021-07-15T00:49:27Z cache-lhr7382 MEWElogs[318405]: CROP, 1626310166300454235, LHR, 12
<134>2021-07-15T00:49:43Z cache-stp9226 MEWElogs[318405]: CROP, 1626310182732873462, STP, 12
<134>2021-07-15T00:50:02Z cache-mci5951 MEWElogs[318405]: CROP, 1626310201781506014, MCI, 12
<134>2021-07-15T00:50:04Z cache-lhr7382 MEWElogs[318405]: CROP, 1626310203803706249, LHR, 12
<134>2021-07-15T00:50:42Z cache-mia11368 MEWElogs[318405]: CROP, 1626310241667456245, MIA, 12
<134>2021-07-15T00:51:06Z cache-stp9226 MEWElogs[318405]: CROP, 1626310265403419917, STP, 12
<134>2021-07-15T00:51:18Z cache-mia11368 MEWElogs[318405]: CROP, 1626310278218581917, MIA, 12
<134>2021-07-15T00:51:19Z cache-lhr7382 MEWElogs[318405]: CROP, 1626310278725426737, LHR, 12
<134>2021-07-15T00:51:26Z cache-mia11368 MEWElogs[318405]: CROP, 1626310286727460040, MIA, 12
<134>2021-07-15T00:51:40Z cache-man4150 MEWElogs[318405]: CROP, 1626310300425718375, MAN, 12
<134>2021-07-15T00:51:53Z cache-mel11272 MEWElogs[318405]: CROP, 1626310312040277192, MEL, 12
<134>2021-07-15T00:52:04Z cache-stp9226 MEWElogs[318405]: CROP, 1626310323388007106, STP, 12
<134>2021-07-15T00:52:07Z cache-mel11272 MEWElogs[318405]: CROP, 1626310326238852852, MEL, 12
<134>2021-07-15T00:52:22Z cache-mia11368 MEWElogs[318405]: CROP, 1626310341853281210, MIA, 12
<134>2021-07-15T00:52:27Z cache-lax10677 MEWElogs[318405]: CROP, 1626310347213956134, LGB, 12
<134>2021-07-15T00:52:40Z cache-lax10677 MEWElogs[318405]: CROP, 1626310360180336360, LGB, 12
<134>2021-07-15T00:53:06Z cache-lga21983 MEWElogs[318405]: CROP, 1626310386856927646, LGA, 12
<134>2021-07-15T00:53:14Z cache-mci5951 MEWElogs[318405]: CROP, 1626310393415802210, MCI, 12
<134>2021-07-15T00:53:22Z cache-mci5951 MEWElogs[318405]: CROP, 1626310401864362006, MCI, 12
<134>2021-07-15T00:53:31Z cache-mia11368 MEWElogs[318405]: CROP, 1626310410991637201, MIA, 12
<134>2021-07-15T00:53:35Z cache-ewr18156 MEWElogs[318405]: CROP, 1626310415040495819, EWR, 12
<134>2021-07-15T00:53:53Z cache-mel11272 MEWElogs[318405]: CROP, 1626310432389597482, MEL, 12
<134>2021-07-15T00:54:07Z cache-lax10677 MEWElogs[318405]: CROP, 1626310447060501893, LGB, 12
<134>2021-07-15T00:54:22Z cache-mia11368 MEWElogs[318405]: CROP, 1626310461778089459, MIA, 12
<134>2021-07-15T00:54:28Z cache-ewr18156 MEWElogs[318405]: CROP, 1626310468158180138, EWR, 12
<134>2021-07-15T00:54:31Z cache-mia11368 MEWElogs[318405]: CROP, 1626310470727974162, MIA, 12
<134>2021-07-15T00:54:47Z cache-ewr18156 MEWElogs[318405]: CROP, 1626310486821902764, EWR, 12
<134>2021-07-15T00:54:51Z cache-lga21983 MEWElogs[318405]: CROP, 1626310491669376108, LGA, 12
<134>2021-07-15T00:54:54Z cache-yul12826 MEWElogs[318405]: CROP, 1626310493701575973, YUL, 12
<134>2021-07-15T00:55:04Z cache-gig17035 MEWElogs[318405]: CROP, 1626310503732645812, GIG, 12
<134>2021-07-15T00:55:42Z cache-osl6529 MEWElogs[318405]: CROP, 1626310541917826053, OSL, 12
<134>2021-07-15T00:55:51Z cache-lax10677 MEWElogs[318405]: CROP, 1626310550979485537, LGB, 12
<134>2021-07-15T00:56:13Z cache-gig17035 MEWElogs[318405]: CROP, 1626310572609100834, GIG, 12
<134>2021-07-15T00:56:28Z cache-osl6529 MEWElogs[318405]: CROP, 1626310587904404464, OSL, 12
<134>2021-07-15T00:56:29Z cache-lga21983 MEWElogs[318405]: CROP, 1626310588945718895, LGA, 12
<134>2021-07-15T00:56:31Z cache-gru17149 MEWElogs[318405]: CROP, 1626310590198793511, GRU, 12
<134>2021-07-15T00:56:34Z cache-lax10677 MEWElogs[318405]: CROP, 1626310594234872987, LGB, 12
<134>2021-07-15T00:56:47Z cache-yul12826 MEWElogs[318405]: CROP, 1626310607172322654, YUL, 12
<134>2021-07-15T00:56:50Z cache-scl19427 MEWElogs[318405]: CROP, 1626310609562040430, SCL, 12
<134>2021-07-15T00:56:51Z cache-lax10677 MEWElogs[318405]: CROP, 1626310611527235303, LGB, 12
<134>2021-07-15T00:56:53Z cache-stl4834 MEWElogs[318405]: CROP, 1626310612948894750, STL, 12
<134>2021-07-15T00:57:10Z cache-gig17035 MEWElogs[318405]: CROP, 1626310630331502086, GIG, 12
<134>2021-07-15T00:57:23Z cache-bom4751 MEWElogs[318405]: CROP, 1626310642309669047, BOM, 12
<134>2021-07-15T00:57:27Z cache-bom4751 MEWElogs[318405]: CROP, 1626310645938260661, BOM, 12
<134>2021-07-15T00:57:30Z cache-bom4751 MEWElogs[318405]: CROP, 1626310649609104685, BOM, 12
<134>2021-07-15T00:57:31Z cache-stl4834 MEWElogs[318405]: CROP, 1626310650839935588, STL, 12
<134>2021-07-15T00:57:32Z cache-scl19427 MEWElogs[318405]: CROP, 1626310652063976472, SCL, 12
<134>2021-07-15T00:57:32Z cache-gru17149 MEWElogs[318405]: CROP, 1626310651880719220, GRU, 12
<134>2021-07-15T00:57:35Z cache-stl4834 MEWElogs[318405]: CROP, 1626310655033212058, STL, 12
<134>2021-07-15T00:57:42Z cache-lga21983 MEWElogs[318405]: CROP, 1626310662271328745, LGA, 12
<134>2021-07-15T00:57:44Z cache-stl4834 MEWElogs[318405]: CROP, 1626310663396482759, STL, 12
<134>2021-07-15T00:57:53Z cache-gru17149 MEWElogs[318405]: CROP, 1626310672491317568, GRU, 12
<134>2021-07-15T00:57:56Z cache-stl4834 MEWElogs[318405]: CROP, 1626310675971581978, STL, 12
<134>2021-07-15T00:58:02Z cache-syd10183 MEWElogs[318405]: CROP, 1626310682638208121, SYD, 12
<134>2021-07-15T00:58:09Z cache-gru17149 MEWElogs[318405]: CROP, 1626310688741505778, GRU, 12
<134>2021-07-15T00:58:13Z cache-syd10183 MEWElogs[318405]: CROP, 1626310692284272974, SYD, 12
<134>2021-07-15T00:58:13Z cache-gig17035 MEWElogs[318405]: CROP, 1626310692410773623, GIG, 12
<134>2021-07-15T00:58:17Z cache-stl4834 MEWElogs[318405]: CROP, 1626310697042043960, STL, 12
<134>2021-07-15T00:58:22Z cache-gig17035 MEWElogs[318405]: CROP, 1626310702659960181, GIG, 12
<134>2021-07-15T00:58:34Z cache-gru17149 MEWElogs[318405]: CROP, 1626310713421394259, GRU, 12
<134>2021-07-15T00:58:36Z cache-bom4751 MEWElogs[318405]: CROP, 1626310715492674824, BOM, 12
<134>2021-07-15T00:58:37Z cache-syd10183 MEWElogs[318405]: CROP, 1626310716458887485, SYD, 12
<134>2021-07-15T00:59:00Z cache-gig17035 MEWElogs[318405]: CROP, 1626310739436625332, GIG, 12
<134>2021-07-15T00:59:22Z cache-pao17461 MEWElogs[318405]: CROP, 1626310762071695799, PAO, 12
