<134>2021-07-14T16:51:51Z cache-fty21383 MEWElogs[503012]: FLIPH, 1626281511562870160, FTY, -1
<134>2021-07-14T16:51:53Z cache-dub4329 MEWElogs[503012]: FLIPH, 1626281513275324632, DUB, -1
<134>2021-07-14T16:51:55Z cache-del21735 MEWElogs[503012]: FLIPH, 1626281515119825751, DEL, -1
<134>2021-07-14T16:51:59Z cache-pwk4920 MEWElogs[503012]: FLIPH, 1626281519010536193, PWK, 10
<134>2021-07-14T16:52:00Z cache-fty21383 MEWElogs[503012]: FLIPH, 1626281519831003923, FTY, -1
<134>2021-07-14T16:52:08Z cache-bos4657 MEWElogs[503012]: FLIPH, 1626281527266940501, BOS, 10
<134>2021-07-14T16:52:12Z cache-dub4329 MEWElogs[503012]: FLIPH, 1626281531685691166, DUB, 10
<134>2021-07-14T16:52:27Z cache-pwk4920 MEWElogs[503012]: FLIPH, 1626281546469535111, PWK, -1
<134>2021-07-14T16:52:29Z cache-cph20625 MEWElogs[503012]: FLIPH, 1626281549275971310, CPH, -1
<134>2021-07-14T16:52:52Z cache-dub4329 MEWElogs[503012]: FLIPH, 1626281571437780688, DUB, 10
<134>2021-07-14T16:52:57Z cache-cph20625 MEWElogs[503012]: FLIPH, 1626281576255245655, CPH, 10
<134>2021-07-14T16:53:04Z cache-chi21126 MEWElogs[503012]: FLIPH, 1626281583985183058, CHI, 10
<134>2021-07-14T16:53:08Z cache-hhn4077 MEWElogs[503012]: FLIPH, 1626281587287604499, HHN, 10
<134>2021-07-14T16:53:08Z cache-bos4657 MEWElogs[503012]: FLIPH, 1626281588071946157, BOS, -1
<134>2021-07-14T16:53:14Z cache-hhn4077 MEWElogs[503012]: FLIPH, 1626281594281480298, HHN, -1
<134>2021-07-14T16:53:14Z cache-dfw18678 MEWElogs[503012]: FLIPH, 1626281594674088897, DFW, -1
<134>2021-07-14T16:53:19Z cache-akl10324 MEWElogs[503012]: FLIPH, 1626281598803368445, AKL, -1
<134>2021-07-14T16:53:26Z cache-hhn4077 MEWElogs[503012]: FLIPH, 1626281606267967430, HHN, -1
<134>2021-07-14T16:53:33Z cache-chi21126 MEWElogs[503012]: FLIPH, 1626281612158991777, CHI, 10
<134>2021-07-14T16:53:37Z cache-dub4329 MEWElogs[503012]: FLIPH, 1626281616512825816, DUB, -1
<134>2021-07-14T16:53:38Z cache-del21735 MEWElogs[503012]: FLIPH, 1626281616948015749, DEL, 10
<134>2021-07-14T16:53:47Z cache-dub4329 MEWElogs[503012]: FLIPH, 1626281627026027563, DUB, 10
<134>2021-07-14T16:53:53Z cache-akl10324 MEWElogs[503012]: FLIPH, 1626281631929980992, AKL, 10
<134>2021-07-14T16:53:54Z cache-bos4657 MEWElogs[503012]: FLIPH, 1626281633347743428, BOS, -1
<134>2021-07-14T16:54:13Z cache-akl10324 MEWElogs[503012]: FLIPH, 1626281652146704397, AKL, 10
<134>2021-07-14T16:54:26Z cache-pwk4920 MEWElogs[503012]: FLIPH, 1626281666053680996, PWK, -1
<134>2021-07-14T16:55:00Z cache-bos4657 MEWElogs[503012]: FLIPH, 1626281699481172766, BOS, 10
<134>2021-07-14T16:55:17Z cache-del21735 MEWElogs[503012]: FLIPH, 1626281717258473026, DEL, 10
<134>2021-07-14T16:55:19Z cache-pwk4920 MEWElogs[503012]: FLIPH, 1626281718900602935, PWK, 10
<134>2021-07-14T16:55:22Z cache-chi21126 MEWElogs[503012]: FLIPH, 1626281721843180008, CHI, -1
<134>2021-07-14T16:55:23Z cache-bos4657 MEWElogs[503012]: FLIPH, 1626281723410530678, BOS, -1
<134>2021-07-14T16:55:27Z cache-dfw18678 MEWElogs[503012]: FLIPH, 1626281727001981201, DFW, -1
<134>2021-07-14T16:55:29Z cache-dub4329 MEWElogs[503012]: FLIPH, 1626281728810670672, DUB, 10
<134>2021-07-14T16:55:44Z cache-hhn4077 MEWElogs[503012]: FLIPH, 1626281743700682439, HHN, -1
<134>2021-07-14T16:55:58Z cache-hhn4077 MEWElogs[503012]: FLIPH, 1626281758233427089, HHN, 10
<134>2021-07-14T16:56:00Z cache-dfw18678 MEWElogs[503012]: FLIPH, 1626281759373793287, DFW, -1
<134>2021-07-14T16:56:19Z cache-bos4657 MEWElogs[503012]: FLIPH, 1626281778940419616, BOS, -1
<134>2021-07-14T16:57:09Z cache-chi21126 MEWElogs[503012]: FLIPH, 1626281828563960705, CHI, 10
<134>2021-07-14T16:57:13Z cache-hhn4077 MEWElogs[503012]: FLIPH, 1626281832405618722, HHN, -1
<134>2021-07-14T16:57:23Z cache-akl10324 MEWElogs[503012]: FLIPH, 1626281842108027213, AKL, -1
<134>2021-07-14T16:57:23Z cache-hhn4077 MEWElogs[503012]: FLIPH, 1626281843305779795, HHN, -1
<134>2021-07-14T16:57:25Z cache-dub4329 MEWElogs[503012]: FLIPH, 1626281845144212934, DUB, -1
<134>2021-07-14T16:57:27Z cache-hhn4077 MEWElogs[503012]: FLIPH, 1626281847170766062, HHN, 10
<134>2021-07-14T16:57:41Z cache-bos4657 MEWElogs[503012]: FLIPH, 1626281859997610349, BOS, -1
<134>2021-07-14T16:57:44Z cache-chi21126 MEWElogs[503012]: FLIPH, 1626281863020912988, CHI, -1
<134>2021-07-14T16:57:49Z cache-hhn4077 MEWElogs[503012]: FLIPH, 1626281869262292212, HHN, 10
<134>2021-07-14T16:57:56Z cache-hhn4077 MEWElogs[503012]: FLIPH, 1626281876400757419, HHN, -1
<134>2021-07-14T16:58:24Z cache-hhn4077 MEWElogs[503012]: FLIPH, 1626281903928085235, HHN, 10
<134>2021-07-14T16:58:26Z cache-dfw18678 MEWElogs[503012]: FLIPH, 1626281906148486605, DFW, 10
<134>2021-07-14T16:58:32Z cache-del21735 MEWElogs[503012]: FLIPH, 1626281911575912931, DEL, 10
<134>2021-07-14T16:59:03Z cache-cph20625 MEWElogs[503012]: FLIPH, 1626281942927009256, CPH, 10
<134>2021-07-14T16:59:12Z cache-iah17271 MEWElogs[503012]: FLIPH, 1626281951044796369, IAH, -1
<134>2021-07-14T16:59:18Z cache-pwk4920 MEWElogs[503012]: FLIPH, 1626281958449562134, PWK, 10
<134>2021-07-14T16:59:38Z cache-jnb7027 MEWElogs[503012]: FLIPH, 1626281977571675947, JNB, 10
<134>2021-07-14T16:59:48Z cache-dfw18678 MEWElogs[503012]: FLIPH, 1626281987622806370, DFW, -1
<134>2021-07-14T17:00:01Z cache-del21735 MEWElogs[503012]: FLIPH, 1626282000638976938, DEL, 10
<134>2021-07-14T17:00:03Z cache-hhn4077 MEWElogs[503012]: FLIPH, 1626282003199578778, HHN, -1
<134>2021-07-14T17:00:05Z cache-cwb20520 MEWElogs[503012]: FLIPH, 1626282004571974675, CWB, -1
<134>2021-07-14T17:00:11Z cache-iah17271 MEWElogs[503012]: FLIPH, 1626282010681152099, IAH, 10
<134>2021-07-14T17:00:19Z cache-iah17271 MEWElogs[503012]: FLIPH, 1626282018170756363, IAH, -1
<134>2021-07-14T17:00:30Z cache-hel6829 MEWElogs[503012]: FLIPH, 1626282029140126916, HEL, -1
<134>2021-07-14T17:00:33Z cache-lcy19283 MEWElogs[503012]: FLIPH, 1626282032865281623, LCY, -1
<134>2021-07-14T17:00:38Z cache-fra19177 MEWElogs[503012]: FLIPH, 1626282037794553921, FRA, 10
<134>2021-07-14T17:00:42Z cache-hhn4077 MEWElogs[503012]: FLIPH, 1626282042174488067, HHN, 10
<134>2021-07-14T17:00:44Z cache-cwb20520 MEWElogs[503012]: FLIPH, 1626282043815975856, CWB, -1
<134>2021-07-14T17:00:52Z cache-iah17271 MEWElogs[503012]: FLIPH, 1626282051332384845, IAH, -1
<134>2021-07-14T17:01:02Z cache-fra19177 MEWElogs[503012]: FLIPH, 1626282061621184839, FRA, -1
<134>2021-07-14T17:01:05Z cache-hhn4077 MEWElogs[503012]: FLIPH, 1626282065223270507, HHN, 10
<134>2021-07-14T17:01:15Z cache-pwk4920 MEWElogs[503012]: FLIPH, 1626282075162367814, PWK, -1
<134>2021-07-14T17:01:25Z cache-iah17271 MEWElogs[503012]: FLIPH, 1626282084417911032, IAH, -1
<134>2021-07-14T17:01:44Z cache-lcy19283 MEWElogs[503012]: FLIPH, 1626282103353359235, LCY, -1
<134>2021-07-14T17:01:49Z cache-pwk4920 MEWElogs[503012]: FLIPH, 1626282108692958864, PWK, 10
