<134>2021-07-15T01:41:39Z cache-del21735 MEWElogs[21956]: GRAY, 1626313298572988343, DEL, 13
<134>2021-07-15T01:41:53Z cache-chi21126 MEWElogs[21956]: GRAY, 1626313312743468897, CHI, 13
<134>2021-07-15T01:41:58Z cache-hel6829 MEWElogs[21956]: GRAY, 1626313317700915601, HEL, 13
<134>2021-07-15T01:41:59Z cache-dfw18678 MEWElogs[21956]: GRAY, 1626313318765822414, DFW, 13
<134>2021-07-15T01:42:08Z cache-cwb20520 MEWElogs[21956]: GRAY, 1626313328655694270, CWB, 13
<134>2021-07-15T01:42:21Z cache-chi21126 MEWElogs[21956]: GRAY, 1626313340125840460, CHI, 13
<134>2021-07-15T01:42:25Z cache-fra19177 MEWElogs[21956]: GRAY, 1626313344890261985, FRA, 13
<134>2021-07-15T01:42:35Z cache-pwk4920 MEWElogs[21956]: GRAY, 1626313354449706568, PWK, 13
<134>2021-07-15T01:42:41Z cache-pwk4920 MEWElogs[21956]: GRAY, 1626313361325579154, PWK, 13
<134>2021-07-15T01:42:48Z cache-pwk4920 MEWElogs[21956]: GRAY, 1626313368141427063, PWK, 13
<134>2021-07-15T01:42:58Z cache-lon4249 MEWElogs[21956]: GRAY, 1626313377442510518, LON, 13
<134>2021-07-15T01:43:02Z cache-akl10324 MEWElogs[21956]: GRAY, 1626313381623426571, AKL, 13
<134>2021-07-15T01:43:11Z cache-cwb20520 MEWElogs[21956]: GRAY, 1626313390112593501, CWB, 13
<134>2021-07-15T01:43:16Z cache-akl10324 MEWElogs[21956]: GRAY, 1626313395572150438, AKL, 13
<134>2021-07-15T01:43:23Z cache-hel6829 MEWElogs[21956]: GRAY, 1626313403565062368, HEL, 13
<134>2021-07-15T01:43:31Z cache-pwk4920 MEWElogs[21956]: GRAY, 1626313410496053718, PWK, 13
<134>2021-07-15T01:43:51Z cache-cwb20520 MEWElogs[21956]: GRAY, 1626313430098218739, CWB, 13
<134>2021-07-15T01:44:11Z cache-jnb7027 MEWElogs[21956]: GRAY, 1626313450138856289, JNB, 13
<134>2021-07-15T01:44:41Z cache-bur17583 MEWElogs[21956]: GRAY, 1626313480754731764, BUR, 13
<134>2021-07-15T01:44:42Z cache-lcy19283 MEWElogs[21956]: GRAY, 1626313481095494286, LCY, 13
<134>2021-07-15T01:44:51Z cache-lon4249 MEWElogs[21956]: GRAY, 1626313490169805273, LON, 13
<134>2021-07-15T01:44:55Z cache-lon4249 MEWElogs[21956]: GRAY, 1626313494784087209, LON, 13
<134>2021-07-15T01:45:01Z cache-dal21283 MEWElogs[21956]: GRAY, 1626313500325886876, DAL, 13
<134>2021-07-15T01:45:22Z cache-iah17271 MEWElogs[21956]: GRAY, 1626313522319582146, IAH, 13
<134>2021-07-15T01:45:27Z cache-den8274 MEWElogs[21956]: GRAY, 1626313526313962875, DEN, 13
<134>2021-07-15T01:45:31Z cache-lcy19283 MEWElogs[21956]: GRAY, 1626313530015531664, LCY, 13
<134>2021-07-15T01:45:45Z cache-hel6829 MEWElogs[21956]: GRAY, 1626313544519482795, HEL, 13
<134>2021-07-15T01:45:54Z cache-dal21283 MEWElogs[21956]: GRAY, 1626313554549428185, DAL, 13
<134>2021-07-15T01:46:11Z cache-jnb7027 MEWElogs[21956]: GRAY, 1626313570825052694, JNB, 13
<134>2021-07-15T01:46:24Z cache-jnb7027 MEWElogs[21956]: GRAY, 1626313583526786382, JNB, 13
<134>2021-07-15T01:46:26Z cache-den8274 MEWElogs[21956]: GRAY, 1626313585682906679, DEN, 13
<134>2021-07-15T01:46:27Z cache-hel6829 MEWElogs[21956]: GRAY, 1626313587274939799, HEL, 13
<134>2021-07-15T01:46:28Z cache-bur17583 MEWElogs[21956]: GRAY, 1626313587099267729, BUR, 13
<134>2021-07-15T01:46:34Z cache-cwb20520 MEWElogs[21956]: GRAY, 1626313592955519734, CWB, 13
<134>2021-07-15T01:46:36Z cache-jnb7027 MEWElogs[21956]: GRAY, 1626313595537206433, JNB, 13
<134>2021-07-15T01:47:00Z cache-mad22068 MEWElogs[21956]: GRAY, 1626313620596967342, MAD, 13
<134>2021-07-15T01:47:04Z cache-hel6829 MEWElogs[21956]: GRAY, 1626313624208393730, HEL, 13
<134>2021-07-15T01:47:07Z cache-iah17271 MEWElogs[21956]: GRAY, 1626313626618598114, IAH, 13
<134>2021-07-15T01:47:11Z cache-lon4249 MEWElogs[21956]: GRAY, 1626313630418894839, LON, 13
<134>2021-07-15T01:47:14Z cache-cwb20520 MEWElogs[21956]: GRAY, 1626313633618051992, CWB, 13
<134>2021-07-15T01:47:37Z cache-jnb7027 MEWElogs[21956]: GRAY, 1626313656156501617, JNB, 13
<134>2021-07-15T01:48:02Z cache-cwb20520 MEWElogs[21956]: GRAY, 1626313681013969537, CWB, 13
<134>2021-07-15T01:48:06Z cache-hel6829 MEWElogs[21956]: GRAY, 1626313685705895331, HEL, 13
<134>2021-07-15T01:48:21Z cache-mad22068 MEWElogs[21956]: GRAY, 1626313700877851576, MAD, 13
<134>2021-07-15T01:48:25Z cache-lon4249 MEWElogs[21956]: GRAY, 1626313705217654786, LON, 13
<134>2021-07-15T01:48:35Z cache-cwb20520 MEWElogs[21956]: GRAY, 1626313714577605291, CWB, 13
<134>2021-07-15T01:48:44Z cache-iah17271 MEWElogs[21956]: GRAY, 1626313723787977485, IAH, 13
<134>2021-07-15T01:48:55Z cache-hel6829 MEWElogs[21956]: GRAY, 1626313734709279377, HEL, 13
<134>2021-07-15T01:49:07Z cache-lon4249 MEWElogs[21956]: GRAY, 1626313747123881105, LON, 13
<134>2021-07-15T01:49:07Z cache-jnb7027 MEWElogs[21956]: GRAY, 1626313746852891621, JNB, 13
<134>2021-07-15T01:49:15Z cache-cwb20520 MEWElogs[21956]: GRAY, 1626313755718580409, CWB, 13
<134>2021-07-15T01:49:19Z cache-jnb7027 MEWElogs[21956]: GRAY, 1626313758862981421, JNB, 13
<134>2021-07-15T01:49:31Z cache-lon4249 MEWElogs[21956]: GRAY, 1626313770822681601, LON, 13
<134>2021-07-15T01:49:36Z cache-cwb20520 MEWElogs[21956]: GRAY, 1626313775987780570, CWB, 13
<134>2021-07-15T01:49:51Z cache-lcy19283 MEWElogs[21956]: GRAY, 1626313791347685759, LCY, 13
<134>2021-07-15T01:49:57Z cache-hel6829 MEWElogs[21956]: GRAY, 1626313796047706093, HEL, 13
<134>2021-07-15T01:50:02Z cache-jnb7027 MEWElogs[21956]: GRAY, 1626313801023311915, JNB, 13
<134>2021-07-15T01:50:07Z cache-lcy19283 MEWElogs[21956]: GRAY, 1626313805973522060, LCY, 13
<134>2021-07-15T01:50:09Z cache-lon4249 MEWElogs[21956]: GRAY, 1626313808162510802, LON, 13
<134>2021-07-15T01:50:10Z cache-dal21283 MEWElogs[21956]: GRAY, 1626313809991448963, DAL, 13
<134>2021-07-15T01:50:18Z cache-lon4249 MEWElogs[21956]: GRAY, 1626313817539764545, LON, 13
<134>2021-07-15T01:50:32Z cache-lon4249 MEWElogs[21956]: GRAY, 1626313831343211806, LON, 13
<134>2021-07-15T01:50:50Z cache-iah17271 MEWElogs[21956]: GRAY, 1626313849543452699, IAH, 13
<134>2021-07-15T01:50:50Z cache-jnb7027 MEWElogs[21956]: GRAY, 1626313849615504256, JNB, 13
<134>2021-07-15T01:50:52Z cache-mad22068 MEWElogs[21956]: GRAY, 1626313852638456668, MAD, 13
<134>2021-07-15T01:51:15Z cache-lhr7382 MEWElogs[21956]: GRAY, 1626313874429406086, LHR, 13
<134>2021-07-15T01:51:34Z cache-iah17271 MEWElogs[21956]: GRAY, 1626313894388572077, IAH, 13
