<134>2021-07-15T07:43:01Z cache-jax20933 MEWElogs[390968]: UNSH, 1626334980714483457, JAX, 16
<134>2021-07-15T07:43:04Z cache-cdg20720 MEWElogs[390968]: UNSH, 1626334984484864946, CDG, 16
<134>2021-07-15T07:43:09Z cache-ewr18156 MEWElogs[390968]: UNSH, 1626334988170265441, EWR, 16
<134>2021-07-15T07:43:21Z cache-mel11272 MEWElogs[390968]: UNSH, 1626334999921667397, MEL, 16
<134>2021-07-15T07:43:22Z cache-lga21983 MEWElogs[390968]: UNSH, 1626335001231351208, LGA, 16
<134>2021-07-15T07:43:31Z cache-lga21983 MEWElogs[390968]: UNSH, 1626335011316342096, LGA, 16
<134>2021-07-15T07:44:00Z cache-osl6529 MEWElogs[390968]: UNSH, 1626335039437113912, OSL, 16
<134>2021-07-15T07:44:08Z cache-lga21983 MEWElogs[390968]: UNSH, 1626335047309681277, LGA, 16
<134>2021-07-15T07:44:15Z cache-lhr7382 MEWElogs[390968]: UNSH, 1626335054003788387, LHR, 16
<134>2021-07-15T07:44:35Z cache-ewr18156 MEWElogs[390968]: UNSH, 1626335074272326049, EWR, 16
<134>2021-07-15T07:44:43Z cache-ewr18156 MEWElogs[390968]: UNSH, 1626335083236432482, EWR, 16
<134>2021-07-15T07:44:52Z cache-bom4751 MEWElogs[390968]: UNSH, 1626335091769730224, BOM, 16
<134>2021-07-15T07:44:53Z cache-ewr18156 MEWElogs[390968]: UNSH, 1626335092504201165, EWR, 16
<134>2021-07-15T07:45:50Z cache-man4150 MEWElogs[390968]: UNSH, 1626335149618807083, MAN, 16
<134>2021-07-15T07:45:56Z cache-cdg20720 MEWElogs[390968]: UNSH, 1626335155318653602, CDG, 16
<134>2021-07-15T07:46:56Z cache-mel11272 MEWElogs[390968]: UNSH, 1626335216522455992, MEL, 16
<134>2021-07-15T07:47:23Z cache-cdg20720 MEWElogs[390968]: UNSH, 1626335242455272524, CDG, 16
<134>2021-07-15T07:47:24Z cache-lhr7382 MEWElogs[390968]: UNSH, 1626335243939441276, LHR, 16
<134>2021-07-15T07:47:47Z cache-jax20933 MEWElogs[390968]: UNSH, 1626335266984175874, JAX, 16
<134>2021-07-15T07:48:04Z cache-scl19427 MEWElogs[390968]: UNSH, 1626335284660266091, SCL, 16
<134>2021-07-15T07:48:11Z cache-jax20933 MEWElogs[390968]: UNSH, 1626335290202465364, JAX, 16
<134>2021-07-15T07:48:26Z cache-mel11272 MEWElogs[390968]: UNSH, 1626335305493733336, MEL, 16
<134>2021-07-15T07:48:39Z cache-scl19427 MEWElogs[390968]: UNSH, 1626335318399049294, SCL, 16
<134>2021-07-15T07:48:44Z cache-gru17149 MEWElogs[390968]: UNSH, 1626335323577863936, GRU, 16
<134>2021-07-15T07:49:00Z cache-bom4751 MEWElogs[390968]: UNSH, 1626335339593685280, BOM, 16
<134>2021-07-15T07:49:10Z cache-cdg20720 MEWElogs[390968]: UNSH, 1626335349223477269, CDG, 16
<134>2021-07-15T07:49:11Z cache-gig17035 MEWElogs[390968]: UNSH, 1626335350718657295, GIG, 16
<134>2021-07-15T07:49:33Z cache-cdg20720 MEWElogs[390968]: UNSH, 1626335372208748328, CDG, 16
<134>2021-07-15T07:49:35Z cache-gru17149 MEWElogs[390968]: UNSH, 1626335373928756246, GRU, 16
<134>2021-07-15T07:49:38Z cache-lax10677 MEWElogs[390968]: UNSH, 1626335377890220586, LGB, 16
<134>2021-07-15T07:49:38Z cache-pao17461 MEWElogs[390968]: UNSH, 1626335378893574499, PAO, 16
<134>2021-07-15T07:49:42Z cache-cdg20720 MEWElogs[390968]: UNSH, 1626335382427910652, CDG, 16
<134>2021-07-15T07:49:47Z cache-scl19427 MEWElogs[390968]: UNSH, 1626335386739345009, SCL, 16
<134>2021-07-15T07:50:03Z cache-cdg20720 MEWElogs[390968]: UNSH, 1626335402928045800, CDG, 16
<134>2021-07-15T07:50:10Z cache-gig17035 MEWElogs[390968]: UNSH, 1626335408979662982, GIG, 16
<134>2021-07-15T07:50:26Z cache-gru17149 MEWElogs[390968]: UNSH, 1626335425649206622, GRU, 16
<134>2021-07-15T07:50:47Z cache-pao17461 MEWElogs[390968]: UNSH, 1626335446505559210, PAO, 16
<134>2021-07-15T07:50:58Z cache-cdg20720 MEWElogs[390968]: UNSH, 1626335458517346388, CDG, 16
<134>2021-07-15T07:51:40Z cache-scl19427 MEWElogs[390968]: UNSH, 1626335500288270176, SCL, 16
<134>2021-07-15T07:52:14Z cache-stl4834 MEWElogs[390968]: UNSH, 1626335533635862606, STL, 16
<134>2021-07-15T07:52:44Z cache-gig17035 MEWElogs[390968]: UNSH, 1626335563034284278, GIG, 16
<134>2021-07-15T07:52:44Z cache-cgh11122 MEWElogs[390968]: UNSH, 1626335563484817840, CGH, 16
