<134>2021-07-14T22:00:08Z cache-fra19177 MEWElogs[390968]: BLUR, 1626300007310897358, FRA, 11
<134>2021-07-14T22:00:20Z cache-jnb7027 MEWElogs[390968]: BLUR, 1626300019302434087, JNB, 11
<134>2021-07-14T22:01:53Z cache-jnb7027 MEWElogs[390968]: BLUR, 1626300113454081000, JNB, 11
<134>2021-07-14T22:02:07Z cache-fra19177 MEWElogs[390968]: BLUR, 1626300126911336528, FRA, 11
<134>2021-07-14T22:02:17Z cache-hel6829 MEWElogs[390968]: BLUR, 1626300136988829818, HEL, 11
<134>2021-07-14T22:02:18Z cache-lcy19283 MEWElogs[390968]: BLUR, 1626300137943644149, LCY, 11
<134>2021-07-14T22:02:57Z cache-lon4249 MEWElogs[390968]: BLUR, 1626300176996059592, LON, 11
<134>2021-07-14T22:03:09Z cache-lcy19283 MEWElogs[390968]: BLUR, 1626300189393230355, LCY, 11
<134>2021-07-14T22:03:26Z cache-lcy19283 MEWElogs[390968]: BLUR, 1626300205959566293, LCY, 11
<134>2021-07-14T22:04:30Z cache-jnb7027 MEWElogs[390968]: BLUR, 1626300269401979812, JNB, 11
<134>2021-07-14T22:04:33Z cache-lcy19283 MEWElogs[390968]: BLUR, 1626300272891672603, LCY, 11
<134>2021-07-14T22:04:52Z cache-fra19177 MEWElogs[390968]: BLUR, 1626300291730858975, FRA, 11
<134>2021-07-14T22:05:17Z cache-jnb7027 MEWElogs[390968]: BLUR, 1626300316372643880, JNB, 11
<134>2021-07-14T22:05:47Z cache-cwb20520 MEWElogs[390968]: BLUR, 1626300346329501578, CWB, 11
<134>2021-07-14T22:05:53Z cache-dal21283 MEWElogs[390968]: BLUR, 1626300352860403030, DAL, 11
<134>2021-07-14T22:06:18Z cache-lon4249 MEWElogs[390968]: BLUR, 1626300377328014400, LON, 11
<134>2021-07-14T22:06:34Z cache-fra19177 MEWElogs[390968]: BLUR, 1626300394268698689, FRA, 11
<134>2021-07-14T22:06:43Z cache-cwb20520 MEWElogs[390968]: BLUR, 1626300403471628947, CWB, 11
<134>2021-07-14T22:07:15Z cache-lon4249 MEWElogs[390968]: BLUR, 1626300435179989795, LON, 11
<134>2021-07-14T22:07:17Z cache-hel6829 MEWElogs[390968]: BLUR, 1626300436157850624, HEL, 11
<134>2021-07-14T22:08:18Z cache-fra19177 MEWElogs[390968]: BLUR, 1626300497842173578, FRA, 11
<134>2021-07-14T22:08:27Z cache-den8274 MEWElogs[390968]: BLUR, 1626300506691277581, DEN, 11
<134>2021-07-14T22:08:36Z cache-iah17271 MEWElogs[390968]: BLUR, 1626300516328711351, IAH, 11
<134>2021-07-14T22:08:48Z cache-fra19177 MEWElogs[390968]: BLUR, 1626300527712151477, FRA, 11
