<134>2021-07-14T17:52:40Z cache-hnd18722 MEWElogs[390968]: FLIPH, 1626285159055818082, HND, 10
<134>2021-07-14T17:52:42Z cache-syd10183 MEWElogs[390968]: FLIPH, 1626285160920466217, SYD, -1
<134>2021-07-14T17:52:44Z cache-pao17461 MEWElogs[390968]: FLIPH, 1626285163682338110, PAO, 10
<134>2021-07-14T17:52:52Z cache-pao17461 MEWElogs[390968]: FLIPH, 1626285170979966808, PAO, -1
<134>2021-07-14T17:52:54Z cache-pao17461 MEWElogs[390968]: FLIPH, 1626285174095893720, PAO, 10
<134>2021-07-14T17:52:55Z cache-itm18851 MEWElogs[390968]: FLIPH, 1626285174432137334, ITM, 10
<134>2021-07-14T17:53:03Z cache-itm18851 MEWElogs[390968]: FLIPH, 1626285182298344645, ITM, -1
<134>2021-07-14T17:53:36Z cache-cgh11122 MEWElogs[390968]: FLIPH, 1626285215263047095, CGH, 10
<134>2021-07-14T17:53:44Z cache-itm18851 MEWElogs[390968]: FLIPH, 1626285224463419640, ITM, -1
<134>2021-07-14T17:53:48Z cache-syd10183 MEWElogs[390968]: FLIPH, 1626285227649742189, SYD, 10
<134>2021-07-14T17:53:59Z cache-gru17149 MEWElogs[390968]: FLIPH, 1626285238642699827, GRU, -1
<134>2021-07-14T17:54:14Z cache-cgh11122 MEWElogs[390968]: FLIPH, 1626285254073577000, CGH, -1
<134>2021-07-14T17:54:24Z cache-cgh11122 MEWElogs[390968]: FLIPH, 1626285264110081306, CGH, -1
<134>2021-07-14T17:54:54Z cache-tyo11974 MEWElogs[390968]: FLIPH, 1626285293619949679, TYO, -1
<134>2021-07-14T17:55:10Z cache-scl19427 MEWElogs[390968]: FLIPH, 1626285309484899623, SCL, -1
<134>2021-07-14T17:55:19Z cache-gru17149 MEWElogs[390968]: FLIPH, 1626285318013600347, GRU, 10
<134>2021-07-14T17:55:28Z cache-gru17149 MEWElogs[390968]: FLIPH, 1626285327602240958, GRU, 10
<134>2021-07-14T17:55:41Z cache-hnd18722 MEWElogs[390968]: FLIPH, 1626285340206892081, HND, 10
<134>2021-07-14T17:55:52Z cache-tyo11974 MEWElogs[390968]: FLIPH, 1626285351138726690, TYO, -1
<134>2021-07-14T17:55:58Z cache-cgh11122 MEWElogs[390968]: FLIPH, 1626285358596286879, CGH, 10
<134>2021-07-14T17:56:16Z cache-cgh11122 MEWElogs[390968]: FLIPH, 1626285375949663859, CGH, -1
<134>2021-07-14T17:56:19Z cache-tyo11974 MEWElogs[390968]: FLIPH, 1626285378987341146, TYO, -1
<134>2021-07-14T17:56:31Z cache-sea4483 MEWElogs[390968]: FLIPH, 1626285391665229574, SEA, 10
<134>2021-07-14T17:56:34Z cache-hnd18722 MEWElogs[390968]: FLIPH, 1626285392992176997, HND, 10
<134>2021-07-14T17:56:50Z cache-sea4483 MEWElogs[390968]: FLIPH, 1626285410117909927, SEA, -1
<134>2021-07-14T17:56:58Z cache-sjc10078 MEWElogs[390968]: FLIPH, 1626285417375542912, SJC, -1
<134>2021-07-14T17:57:04Z cache-itm18851 MEWElogs[390968]: FLIPH, 1626285423154426610, ITM, -1
<134>2021-07-14T17:57:09Z cache-tyo11974 MEWElogs[390968]: FLIPH, 1626285428274519665, TYO, 10
<134>2021-07-14T17:57:24Z cache-stl4834 MEWElogs[390968]: FLIPH, 1626285444019066479, STL, 10
<134>2021-07-14T17:57:24Z cache-itm18851 MEWElogs[390968]: FLIPH, 1626285443755458825, ITM, -1
<134>2021-07-14T17:57:27Z cache-tyo11974 MEWElogs[390968]: FLIPH, 1626285446893852260, TYO, 10
<134>2021-07-14T17:57:37Z cache-hnd18722 MEWElogs[390968]: FLIPH, 1626285456470417493, HND, 10
<134>2021-07-14T17:57:39Z cache-cgh11183 MEWElogs[390968]: FLIPH, 1626285459576541821, CGH, 10
<134>2021-07-14T17:57:40Z cache-cgh11122 MEWElogs[390968]: FLIPH, 1626285459664253257, CGH, 10
<134>2021-07-14T17:57:45Z cache-sea4483 MEWElogs[390968]: FLIPH, 1626285464967253774, SEA, -1
<134>2021-07-14T17:58:06Z cache-hnd18722 MEWElogs[390968]: FLIPH, 1626285485667731988, HND, -1
<134>2021-07-14T17:58:13Z cache-sjc10078 MEWElogs[390968]: FLIPH, 1626285492853890603, SJC, 10
<134>2021-07-14T17:58:18Z cache-itm18851 MEWElogs[390968]: FLIPH, 1626285497830028987, ITM, 10
<134>2021-07-14T17:58:28Z cache-cgh11122 MEWElogs[390968]: FLIPH, 1626285507070327746, CGH, -1
<134>2021-07-14T17:58:37Z cache-stl4834 MEWElogs[390968]: FLIPH, 1626285516934372938, STL, 10
<134>2021-07-14T17:58:38Z cache-pao17461 MEWElogs[390968]: FLIPH, 1626285517589649612, PAO, 10
<134>2021-07-14T17:58:43Z cache-sea4483 MEWElogs[390968]: FLIPH, 1626285522424277597, SEA, 10
<134>2021-07-14T17:58:51Z cache-cgh11183 MEWElogs[390968]: FLIPH, 1626285530984827288, CGH, 10
<134>2021-07-14T17:59:02Z cache-hnd18722 MEWElogs[390968]: FLIPH, 1626285541297788579, HND, 10
<134>2021-07-14T17:59:07Z cache-cgh11122 MEWElogs[390968]: FLIPH, 1626285547491520765, CGH, -1
<134>2021-07-14T17:59:10Z cache-itm18851 MEWElogs[390968]: FLIPH, 1626285549566284005, ITM, 10
<134>2021-07-14T17:59:28Z cache-cgh11183 MEWElogs[390968]: FLIPH, 1626285568140499597, CGH, -1
<134>2021-07-14T17:59:40Z cache-pao17461 MEWElogs[390968]: FLIPH, 1626285579945900453, PAO, 10
<134>2021-07-14T17:59:47Z cache-stl4834 MEWElogs[390968]: FLIPH, 1626285586755458584, STL, -1
<134>2021-07-14T17:59:48Z cache-sea4483 MEWElogs[390968]: FLIPH, 1626285588419379099, SEA, 10
<134>2021-07-14T17:59:57Z cache-tyo11974 MEWElogs[390968]: FLIPH, 1626285596682460157, TYO, -1
<134>2021-07-14T17:59:59Z cache-sea4483 MEWElogs[390968]: FLIPH, 1626285599184033762, SEA, 10
<134>2021-07-14T18:00:01Z cache-cgh11122 MEWElogs[390968]: FLIPH, 1626285600698964860, CGH, 10
<134>2021-07-14T18:00:04Z cache-sjc10078 MEWElogs[390968]: FLIPH, 1626285603875138994, SJC, -1
<134>2021-07-14T18:00:44Z cache-itm18851 MEWElogs[390968]: FLIPH, 1626285643778947288, ITM, 10
<134>2021-07-14T18:00:49Z cache-sjc10078 MEWElogs[390968]: FLIPH, 1626285649324940178, SJC, 10
<134>2021-07-14T18:00:52Z cache-bma1628 MEWElogs[390968]: FLIPH, 1626285651755440935, BMA, 10
<134>2021-07-14T18:01:02Z cache-itm18851 MEWElogs[390968]: FLIPH, 1626285662082044456, ITM, -1
<134>2021-07-14T18:01:08Z cache-bma1628 MEWElogs[390968]: FLIPH, 1626285667320572851, BMA, -1
<134>2021-07-14T18:01:25Z cache-pao17461 MEWElogs[390968]: FLIPH, 1626285684383874814, PAO, 10
<134>2021-07-14T18:01:32Z cache-pao17461 MEWElogs[390968]: FLIPH, 1626285691566032770, PAO, -1
<134>2021-07-14T18:01:49Z cache-tyo11974 MEWElogs[390968]: FLIPH, 1626285708244453575, TYO, 10
<134>2021-07-14T18:01:53Z cache-hnd18722 MEWElogs[390968]: FLIPH, 1626285713028593100, HND, 10
<134>2021-07-14T18:01:56Z cache-tyo11974 MEWElogs[390968]: FLIPH, 1626285715009115600, TYO, -1
<134>2021-07-14T18:02:10Z cache-cgh11183 MEWElogs[390968]: FLIPH, 1626285730485389310, CGH, -1
