<134>2021-07-15T04:16:44Z cache-wdc5583 MEWElogs[308969]: ROTATE, 1626322604062870219, WDC, 15
<134>2021-07-15T04:17:04Z cache-ord1740 MEWElogs[308969]: ROTATE, 1626322623730527549, ORD, 15
<134>2021-07-15T04:17:31Z cache-dca17782 MEWElogs[308969]: ROTATE, 1626322650844228288, DCA, 15
<134>2021-07-15T04:17:56Z cache-bog6425 MEWElogs[308969]: ROTATE, 1626322675810133556, BOG, 15
<134>2021-07-15T04:18:16Z cache-pdk17882 MEWElogs[308969]: ROTATE, 1626322695591758682, PDK, 15
<134>2021-07-15T04:19:43Z cache-dca17782 MEWElogs[308969]: ROTATE, 1626322782956833270, DCA, 15
<134>2021-07-15T04:21:30Z cache-pdk17882 MEWElogs[308969]: ROTATE, 1626322889106735056, PDK, 15
<134>2021-07-15T04:21:32Z cache-maa10251 MEWElogs[308969]: ROTATE, 1626322891934911389, MAA, 15
<134>2021-07-15T04:21:41Z cache-dfw18678 MEWElogs[308969]: ROTATE, 1626322900454923250, DFW, 15
<134>2021-07-15T04:21:57Z cache-dca17782 MEWElogs[308969]: ROTATE, 1626322916058142361, DCA, 15
<134>2021-07-15T04:22:00Z cache-del21735 MEWElogs[308969]: ROTATE, 1626322919684479076, DEL, 15
<134>2021-07-15T04:22:42Z cache-akl10324 MEWElogs[308969]: ROTATE, 1626322961759348423, AKL, 15
<134>2021-07-15T04:23:04Z cache-del21735 MEWElogs[308969]: ROTATE, 1626322983432600448, DEL, 15
<134>2021-07-15T04:23:18Z cache-eze19324 MEWElogs[308969]: ROTATE, 1626322997652489445, EZE, 15
<134>2021-07-15T04:23:58Z cache-del21735 MEWElogs[308969]: ROTATE, 1626323037720567046, DEL, 15
<134>2021-07-15T04:23:58Z cache-chi21126 MEWElogs[308969]: ROTATE, 1626323037180997578, CHI, 15
<134>2021-07-15T04:24:05Z cache-cwb20520 MEWElogs[308969]: ROTATE, 1626323043978431368, CWB, 15
<134>2021-07-15T04:24:24Z cache-cwb20520 MEWElogs[308969]: ROTATE, 1626323063730927002, CWB, 15
<134>2021-07-15T04:25:53Z cache-fty21383 MEWElogs[308969]: ROTATE, 1626323152068133218, FTY, 15
<134>2021-07-15T04:25:58Z cache-hhn4077 MEWElogs[308969]: ROTATE, 1626323158163615078, HHN, 15
<134>2021-07-15T04:26:05Z cache-cwb20520 MEWElogs[308969]: ROTATE, 1626323164501878276, CWB, 15
<134>2021-07-15T04:26:07Z cache-pwk4920 MEWElogs[308969]: ROTATE, 1626323166761565035, PWK, 15
<134>2021-07-15T04:26:26Z cache-fty21383 MEWElogs[308969]: ROTATE, 1626323185746041879, FTY, 15
<134>2021-07-15T04:26:42Z cache-dub4329 MEWElogs[308969]: ROTATE, 1626323201284835020, DUB, 15
