<134>2021-07-14T16:41:48Z cache-ord1740 MEWElogs[503012]: FLIPH, 1626280908715184224, ORD, -1
<134>2021-07-14T16:41:55Z cache-maa10251 MEWElogs[503012]: FLIPH, 1626280914684936627, MAA, -1
<134>2021-07-14T16:42:00Z cache-pdk17882 MEWElogs[503012]: FLIPH, 1626280920234457704, PDK, 10
<134>2021-07-14T16:42:06Z cache-mdw17383 MEWElogs[503012]: FLIPH, 1626280925401092751, MDW, -1
<134>2021-07-14T16:42:20Z cache-mdw17383 MEWElogs[503012]: FLIPH, 1626280939934270060, MDW, 10
<134>2021-07-14T16:42:45Z cache-cph20625 MEWElogs[503012]: FLIPH, 1626280965024619001, CPH, 10
<134>2021-07-14T16:42:48Z cache-fty21383 MEWElogs[503012]: FLIPH, 1626280967614098825, FTY, 10
<134>2021-07-14T16:42:53Z cache-eze19324 MEWElogs[503012]: FLIPH, 1626280973005336477, EZE, -1
<134>2021-07-14T16:43:07Z cache-maa10251 MEWElogs[503012]: FLIPH, 1626280986520781731, MAA, 10
<134>2021-07-14T16:43:11Z cache-wdc5583 MEWElogs[503012]: FLIPH, 1626280991084447918, WDC, 10
<134>2021-07-14T16:43:15Z cache-chi21126 MEWElogs[503012]: FLIPH, 1626280995254461359, CHI, 10
<134>2021-07-14T16:43:28Z cache-bos4657 MEWElogs[503012]: FLIPH, 1626281008003034885, BOS, -1
<134>2021-07-14T16:43:52Z cache-wdc5583 MEWElogs[503012]: FLIPH, 1626281031725591533, WDC, 10
<134>2021-07-14T16:43:52Z cache-eze19324 MEWElogs[503012]: FLIPH, 1626281032215363702, EZE, -1
<134>2021-07-14T16:43:59Z cache-fty21383 MEWElogs[503012]: FLIPH, 1626281038916823593, FTY, -1
<134>2021-07-14T16:44:04Z cache-bos4657 MEWElogs[503012]: FLIPH, 1626281044289361643, BOS, -1
<134>2021-07-14T16:44:07Z cache-fty21383 MEWElogs[503012]: FLIPH, 1626281047141437494, FTY, -1
<134>2021-07-14T16:44:07Z cache-dfw18678 MEWElogs[503012]: FLIPH, 1626281047351275106, DFW, -1
<134>2021-07-14T16:44:13Z cache-cph20625 MEWElogs[503012]: FLIPH, 1626281053359375646, CPH, 10
<134>2021-07-14T16:44:20Z cache-mdw17383 MEWElogs[503012]: FLIPH, 1626281059223804150, MDW, -1
<134>2021-07-14T16:44:27Z cache-fty21383 MEWElogs[503012]: FLIPH, 1626281066204606229, FTY, 10
<134>2021-07-14T16:44:27Z cache-chi21126 MEWElogs[503012]: FLIPH, 1626281067833036410, CHI, -1
<134>2021-07-14T16:44:48Z cache-fty21383 MEWElogs[503012]: FLIPH, 1626281088173636907, FTY, -1
<134>2021-07-14T16:44:49Z cache-akl10324 MEWElogs[503012]: FLIPH, 1626281087917443111, AKL, -1
<134>2021-07-14T16:44:50Z cache-del21735 MEWElogs[503012]: FLIPH, 1626281089223077096, DEL, -1
<134>2021-07-14T16:45:21Z cache-dub4329 MEWElogs[503012]: FLIPH, 1626281120283409893, DUB, 10
<134>2021-07-14T16:45:30Z cache-dfw18678 MEWElogs[503012]: FLIPH, 1626281129026627095, DFW, 10
<134>2021-07-14T16:45:56Z cache-del21735 MEWElogs[503012]: FLIPH, 1626281155483136658, DEL, -1
<134>2021-07-14T16:45:59Z cache-del21735 MEWElogs[503012]: FLIPH, 1626281158111614284, DEL, 10
<134>2021-07-14T16:46:01Z cache-akl10324 MEWElogs[503012]: FLIPH, 1626281160413163625, AKL, 10
<134>2021-07-14T16:46:11Z cache-bos4657 MEWElogs[503012]: FLIPH, 1626281171126992501, BOS, -1
<134>2021-07-14T16:46:15Z cache-del21735 MEWElogs[503012]: FLIPH, 1626281174607086993, DEL, -1
<134>2021-07-14T16:46:20Z cache-bos4657 MEWElogs[503012]: FLIPH, 1626281180230845092, BOS, -1
<134>2021-07-14T16:46:56Z cache-dub4329 MEWElogs[503012]: FLIPH, 1626281215099792267, DUB, 10
<134>2021-07-14T16:46:57Z cache-bos4657 MEWElogs[503012]: FLIPH, 1626281216961179402, BOS, -1
<134>2021-07-14T16:47:12Z cache-fty21383 MEWElogs[503012]: FLIPH, 1626281231196283538, FTY, 10
<134>2021-07-14T16:47:20Z cache-hhn4077 MEWElogs[503012]: FLIPH, 1626281240169611106, HHN, -1
<134>2021-07-14T16:47:28Z cache-fty21383 MEWElogs[503012]: FLIPH, 1626281247756728932, FTY, 10
<134>2021-07-14T16:47:33Z cache-chi21126 MEWElogs[503012]: FLIPH, 1626281251989499688, CHI, 10
<134>2021-07-14T16:47:41Z cache-del21735 MEWElogs[503012]: FLIPH, 1626281260038524215, DEL, -1
<134>2021-07-14T16:47:50Z cache-chi21126 MEWElogs[503012]: FLIPH, 1626281270340776836, CHI, 10
<134>2021-07-14T16:47:56Z cache-pwk4920 MEWElogs[503012]: FLIPH, 1626281276052929476, PWK, -1
<134>2021-07-14T16:48:06Z cache-pwk4920 MEWElogs[503012]: FLIPH, 1626281285938790048, PWK, -1
<134>2021-07-14T16:48:06Z cache-dfw18678 MEWElogs[503012]: FLIPH, 1626281285936589068, DFW, 10
<134>2021-07-14T16:48:17Z cache-chi21126 MEWElogs[503012]: FLIPH, 1626281296229312652, CHI, -1
<134>2021-07-14T16:48:26Z cache-hhn4077 MEWElogs[503012]: FLIPH, 1626281306285744770, HHN, -1
<134>2021-07-14T16:48:38Z cache-hhn4077 MEWElogs[503012]: FLIPH, 1626281317941745495, HHN, -1
<134>2021-07-14T16:48:39Z cache-dfw18678 MEWElogs[503012]: FLIPH, 1626281319368624268, DFW, 10
<134>2021-07-14T16:48:49Z cache-del21735 MEWElogs[503012]: FLIPH, 1626281328112902744, DEL, 10
<134>2021-07-14T16:48:59Z cache-dub4329 MEWElogs[503012]: FLIPH, 1626281338755766278, DUB, -1
<134>2021-07-14T16:49:17Z cache-chi21126 MEWElogs[503012]: FLIPH, 1626281356247950708, CHI, 10
<134>2021-07-14T16:49:21Z cache-dfw18678 MEWElogs[503012]: FLIPH, 1626281361305629596, DFW, -1
<134>2021-07-14T16:49:22Z cache-dub4329 MEWElogs[503012]: FLIPH, 1626281362408373242, DUB, -1
<134>2021-07-14T16:49:26Z cache-del21735 MEWElogs[503012]: FLIPH, 1626281365557835221, DEL, 10
<134>2021-07-14T16:49:30Z cache-akl10324 MEWElogs[503012]: FLIPH, 1626281369717099409, AKL, -1
<134>2021-07-14T16:49:31Z cache-bos4657 MEWElogs[503012]: FLIPH, 1626281371119198379, BOS, -1
<134>2021-07-14T16:49:45Z cache-chi21126 MEWElogs[503012]: FLIPH, 1626281384596034618, CHI, 10
<134>2021-07-14T16:49:49Z cache-bos4657 MEWElogs[503012]: FLIPH, 1626281388902233404, BOS, -1
<134>2021-07-14T16:50:36Z cache-pwk4920 MEWElogs[503012]: FLIPH, 1626281435962476737, PWK, -1
<134>2021-07-14T16:50:42Z cache-chi21126 MEWElogs[503012]: FLIPH, 1626281441877841080, CHI, 10
<134>2021-07-14T16:51:19Z cache-bos4657 MEWElogs[503012]: FLIPH, 1626281479136483066, BOS, -1
<134>2021-07-14T16:51:30Z cache-del21735 MEWElogs[503012]: FLIPH, 1626281488879967522, DEL, 10
<134>2021-07-14T16:51:33Z cache-dub4329 MEWElogs[503012]: FLIPH, 1626281492259527736, DUB, 10
<134>2021-07-14T16:51:36Z cache-hhn4077 MEWElogs[503012]: FLIPH, 1626281495705655097, HHN, 10
<134>2021-07-14T16:51:46Z cache-fty21383 MEWElogs[503012]: FLIPH, 1626281505904606975, FTY, 10
<134>2021-07-14T16:51:47Z cache-hhn4077 MEWElogs[503012]: FLIPH, 1626281506941628062, HHN, 10
