<134>2021-07-14T22:33:32Z cache-lax10677 MEWElogs[412844]: BLUR, 1626302011619996957, LGB, 11
<134>2021-07-14T22:33:58Z cache-mia11368 MEWElogs[412844]: BLUR, 1626302037753141973, MIA, 11
<134>2021-07-14T22:34:14Z cache-mel11272 MEWElogs[412844]: BLUR, 1626302053598155956, MEL, 11
<134>2021-07-14T22:34:16Z cache-jax20933 MEWElogs[412844]: BLUR, 1626302055672518428, JAX, 11
<134>2021-07-14T22:34:25Z cache-lax10677 MEWElogs[412844]: BLUR, 1626302065348825152, LGB, 11
<134>2021-07-14T22:35:03Z cache-mel11272 MEWElogs[412844]: BLUR, 1626302102382195563, MEL, 11
<134>2021-07-14T22:35:17Z cache-stp9226 MEWElogs[412844]: BLUR, 1626302116948902347, STP, 11
<134>2021-07-14T22:36:13Z cache-yul12826 MEWElogs[412844]: BLUR, 1626302173130378067, YUL, 11
<134>2021-07-14T22:36:27Z cache-mci5951 MEWElogs[412844]: BLUR, 1626302186873138373, MCI, 11
<134>2021-07-14T22:36:30Z cache-lax10677 MEWElogs[412844]: BLUR, 1626302189747870751, LGB, 11
<134>2021-07-14T22:36:40Z cache-mel11272 MEWElogs[412844]: BLUR, 1626302199456014163, MEL, 11
<134>2021-07-14T22:37:12Z cache-yul12826 MEWElogs[412844]: BLUR, 1626302232154417879, YUL, 11
<134>2021-07-14T22:37:39Z cache-mia11368 MEWElogs[412844]: BLUR, 1626302259254518081, MIA, 11
<134>2021-07-14T22:37:46Z cache-stp9226 MEWElogs[412844]: BLUR, 1626302265589968264, STP, 11
<134>2021-07-14T22:37:50Z cache-man4150 MEWElogs[412844]: BLUR, 1626302268989717798, MAN, 11
<134>2021-07-14T22:38:47Z cache-man4150 MEWElogs[412844]: BLUR, 1626302326591446838, MAN, 11
<134>2021-07-14T22:39:37Z cache-ewr18156 MEWElogs[412844]: BLUR, 1626302377048281050, EWR, 11
<134>2021-07-14T22:40:42Z cache-ewr18156 MEWElogs[412844]: BLUR, 1626302442619782102, EWR, 11
<134>2021-07-14T22:41:11Z cache-man4150 MEWElogs[412844]: BLUR, 1626302471128680074, MAN, 11
<134>2021-07-14T22:41:18Z cache-lga21983 MEWElogs[412844]: BLUR, 1626302478163504311, LGA, 11
<134>2021-07-14T22:42:08Z cache-lax10677 MEWElogs[412844]: BLUR, 1626302528625319801, LGB, 11
<134>2021-07-14T22:43:19Z cache-lax10677 MEWElogs[412844]: BLUR, 1626302599129083589, LGB, 11
