<134>2021-07-15T02:24:38Z cache-yyz4551 MEWElogs[322581]: GRAY, 1626315877948576331, YYZ, 13
<134>2021-07-15T02:24:46Z cache-vie21629 MEWElogs[322581]: GRAY, 1626315885422135249, VIE, 13
<134>2021-07-15T02:25:22Z cache-yyz4551 MEWElogs[322581]: GRAY, 1626315922051625937, YYZ, 13
<134>2021-07-15T02:26:05Z cache-sjc10078 MEWElogs[322581]: GRAY, 1626315964199804862, SJC, 13
<134>2021-07-15T02:26:23Z cache-sea4483 MEWElogs[322581]: GRAY, 1626315982416516244, SEA, 13
<134>2021-07-15T02:26:37Z cache-tyo11974 MEWElogs[322581]: GRAY, 1626315995946632070, TYO, 13
<134>2021-07-15T02:26:38Z cache-vie21629 MEWElogs[322581]: GRAY, 1626315996967698851, VIE, 13
<134>2021-07-15T02:26:46Z cache-sea4483 MEWElogs[322581]: GRAY, 1626316005975632275, SEA, 13
<134>2021-07-15T02:27:18Z cache-vie21629 MEWElogs[322581]: GRAY, 1626316037112122292, VIE, 13
<134>2021-07-15T02:27:22Z cache-sjc10078 MEWElogs[322581]: GRAY, 1626316042353220703, SJC, 13
<134>2021-07-15T02:27:23Z cache-bma1628 MEWElogs[322581]: GRAY, 1626316042165215229, BMA, 13
<134>2021-07-15T02:27:34Z cache-sea4483 MEWElogs[322581]: GRAY, 1626316053885758881, SEA, 13
<134>2021-07-15T02:28:13Z cache-sea4483 MEWElogs[322581]: GRAY, 1626316092987196675, SEA, 13
<134>2021-07-15T02:28:20Z cache-sea4483 MEWElogs[322581]: GRAY, 1626316100769039750, SEA, 13
<134>2021-07-15T02:28:28Z cache-vie21629 MEWElogs[322581]: GRAY, 1626316107593915341, VIE, 13
<134>2021-07-15T02:28:56Z cache-tyo11974 MEWElogs[322581]: GRAY, 1626316135503342018, TYO, 13
<134>2021-07-15T02:29:16Z cache-sea4483 MEWElogs[322581]: GRAY, 1626316156361952120, SEA, 13
<134>2021-07-15T02:29:35Z cache-yyz4551 MEWElogs[322581]: GRAY, 1626316174899287359, YYZ, 13
<134>2021-07-15T02:30:13Z cache-yyz4551 MEWElogs[322581]: GRAY, 1626316212828747016, YYZ, 13
<134>2021-07-15T02:32:30Z cache-vie21629 MEWElogs[322581]: GRAY, 1626316349859337613, VIE, 13
<134>2021-07-15T02:34:32Z cache-vie21629 MEWElogs[322581]: GRAY, 1626316471898841569, VIE, 13
