<134>2021-07-14T18:04:10Z cache-hnd18722 MEWElogs[369035]: FLIPH, 1626285849300120908, HND, -1
<134>2021-07-14T18:04:17Z cache-cgh11183 MEWElogs[369035]: FLIPH, 1626285856004756759, CGH, 10
<134>2021-07-14T18:04:17Z cache-bma1628 MEWElogs[369035]: FLIPH, 1626285856685905280, BMA, 10
<134>2021-07-14T18:04:27Z cache-bma1628 MEWElogs[369035]: FLIPH, 1626285866103072124, BMA, 10
<134>2021-07-14T18:04:44Z cache-sjc10078 MEWElogs[369035]: FLIPH, 1626285883033683149, SJC, -1
<134>2021-07-14T18:04:47Z cache-sjc10078 MEWElogs[369035]: FLIPH, 1626285886210955181, SJC, 10
<134>2021-07-14T18:04:54Z cache-sjc10078 MEWElogs[369035]: FLIPH, 1626285893744374563, SJC, -1
<134>2021-07-14T18:05:10Z cache-tyo11974 MEWElogs[369035]: FLIPH, 1626285909821637657, TYO, 10
<134>2021-07-14T18:05:19Z cache-bma1628 MEWElogs[369035]: FLIPH, 1626285918527660278, BMA, -1
<134>2021-07-14T18:05:27Z cache-yyz4551 MEWElogs[369035]: FLIPH, 1626285926471635964, YYZ, -1
<134>2021-07-14T18:05:27Z cache-sea4483 MEWElogs[369035]: FLIPH, 1626285927188565125, SEA, 10
<134>2021-07-14T18:05:37Z cache-cgh11122 MEWElogs[369035]: FLIPH, 1626285936171272950, CGH, -1
<134>2021-07-14T18:05:46Z cache-sea4483 MEWElogs[369035]: FLIPH, 1626285945444915681, SEA, -1
<134>2021-07-14T18:05:48Z cache-yyz4551 MEWElogs[369035]: FLIPH, 1626285947428518255, YYZ, 10
<134>2021-07-14T18:05:49Z cache-cgh11122 MEWElogs[369035]: FLIPH, 1626285949182531807, CGH, 10
<134>2021-07-14T18:05:56Z cache-sjc10078 MEWElogs[369035]: FLIPH, 1626285955888756540, SJC, -1
<134>2021-07-14T18:06:15Z cache-yyz4551 MEWElogs[369035]: FLIPH, 1626285974719895766, YYZ, 10
<134>2021-07-14T18:06:19Z cache-sjc10078 MEWElogs[369035]: FLIPH, 1626285979386929601, SJC, 10
<134>2021-07-14T18:06:58Z cache-sjc10078 MEWElogs[369035]: FLIPH, 1626286017219301010, SJC, -1
<134>2021-07-14T18:07:11Z cache-sjc10078 MEWElogs[369035]: FLIPH, 1626286030918818002, SJC, 10
<134>2021-07-14T18:07:19Z cache-yyz4551 MEWElogs[369035]: FLIPH, 1626286038173358906, YYZ, 10
<134>2021-07-14T18:07:20Z cache-cgh11183 MEWElogs[369035]: FLIPH, 1626286039892266165, CGH, 10
<134>2021-07-14T18:08:20Z cache-yyz4551 MEWElogs[369035]: FLIPH, 1626286099628063840, YYZ, -1
<134>2021-07-14T18:08:25Z cache-bma1628 MEWElogs[369035]: FLIPH, 1626286104233610325, BMA, -1
<134>2021-07-14T18:08:29Z cache-vie21629 MEWElogs[369035]: FLIPH, 1626286108523795677, VIE, 10
<134>2021-07-14T18:08:58Z cache-cgh11183 MEWElogs[369035]: FLIPH, 1626286138719617755, CGH, -1
<134>2021-07-14T18:09:15Z cache-yyz4551 MEWElogs[369035]: FLIPH, 1626286154287240560, YYZ, -1
<134>2021-07-14T18:09:20Z cache-cgh11183 MEWElogs[369035]: FLIPH, 1626286159456045477, CGH, -1
<134>2021-07-14T18:09:23Z cache-vie21629 MEWElogs[369035]: FLIPH, 1626286162433649012, VIE, -1
<134>2021-07-14T18:09:23Z cache-bma1628 MEWElogs[369035]: FLIPH, 1626286162557889423, BMA, 10
<134>2021-07-14T18:09:42Z cache-yyz4551 MEWElogs[369035]: FLIPH, 1626286181550360408, YYZ, -1
<134>2021-07-14T18:09:54Z cache-sjc10078 MEWElogs[369035]: FLIPH, 1626286193534317277, SJC, -1
<134>2021-07-14T18:10:04Z cache-sjc10078 MEWElogs[369035]: FLIPH, 1626286203775023853, SJC, -1
<134>2021-07-14T18:10:08Z cache-vie21629 MEWElogs[369035]: FLIPH, 1626286207542435563, VIE, -1
<134>2021-07-14T18:11:04Z cache-cgh11183 MEWElogs[369035]: FLIPH, 1626286264253784985, CGH, -1
<134>2021-07-14T18:11:05Z cache-sjc10078 MEWElogs[369035]: FLIPH, 1626286265221821315, SJC, -1
<134>2021-07-14T18:11:17Z cache-yyz4551 MEWElogs[369035]: FLIPH, 1626286276999969198, YYZ, 10
<134>2021-07-14T18:11:23Z cache-yyz4551 MEWElogs[369035]: FLIPH, 1626286283072859949, YYZ, -1
<134>2021-07-14T18:11:41Z cache-sea4483 MEWElogs[369035]: FLIPH, 1626286300711259962, SEA, 10
<134>2021-07-14T18:11:45Z cache-vie21629 MEWElogs[369035]: FLIPH, 1626286304792812164, VIE, 10
<134>2021-07-14T18:11:48Z cache-cgh11183 MEWElogs[369035]: FLIPH, 1626286308419009758, CGH, 10
<134>2021-07-14T18:11:51Z cache-yyz4551 MEWElogs[369035]: FLIPH, 1626286310751101217, YYZ, -1
<134>2021-07-14T18:11:59Z cache-sea4483 MEWElogs[369035]: FLIPH, 1626286319258698131, SEA, -1
<134>2021-07-14T18:12:02Z cache-bma1628 MEWElogs[369035]: FLIPH, 1626286321146442255, BMA, 10
<134>2021-07-14T18:12:17Z cache-bma1628 MEWElogs[369035]: FLIPH, 1626286336614466442, BMA, -1
<134>2021-07-14T18:12:28Z cache-yyz4551 MEWElogs[369035]: FLIPH, 1626286347191997630, YYZ, -1
<134>2021-07-14T18:12:28Z cache-cgh11183 MEWElogs[369035]: FLIPH, 1626286347144734241, CGH, -1
<134>2021-07-14T18:12:30Z cache-yyz4551 MEWElogs[369035]: FLIPH, 1626286350119198364, YYZ, 10
<134>2021-07-14T18:12:45Z cache-bma1628 MEWElogs[369035]: FLIPH, 1626286364577418024, BMA, -1
<134>2021-07-14T18:12:46Z cache-vie21629 MEWElogs[369035]: FLIPH, 1626286365510597720, VIE, 10
<134>2021-07-14T18:13:01Z cache-vie21629 MEWElogs[369035]: FLIPH, 1626286380539632058, VIE, 10
<134>2021-07-14T18:13:30Z cache-sea4483 MEWElogs[369035]: FLIPH, 1626286410061755630, SEA, 10
<134>2021-07-14T18:13:40Z cache-bma1628 MEWElogs[369035]: FLIPH, 1626286419976793126, BMA, -1
<134>2021-07-14T18:13:53Z cache-bma1628 MEWElogs[369035]: FLIPH, 1626286432365331800, BMA, 10
