<134>2021-07-14T16:31:41Z cache-ams21020 MEWElogs[400146]: FLIPH, 1626280300430684985, AMS, 10
<134>2021-07-14T16:31:42Z cache-pdk17882 MEWElogs[400146]: FLIPH, 1626280302258947372, PDK, 10
<134>2021-07-14T16:31:46Z cache-ams21020 MEWElogs[400146]: FLIPH, 1626280306120966487, AMS, -1
<134>2021-07-14T16:31:51Z cache-wdc5583 MEWElogs[400146]: FLIPH, 1626280310800200241, WDC, -1
<134>2021-07-14T16:31:56Z cache-maa10251 MEWElogs[400146]: FLIPH, 1626280315855435136, MAA, -1
<134>2021-07-14T16:32:03Z cache-bog6425 MEWElogs[400146]: FLIPH, 1626280322179383173, BOG, -1
<134>2021-07-14T16:32:05Z cache-bog6425 MEWElogs[400146]: FLIPH, 1626280325033005468, BOG, 10
<134>2021-07-14T16:32:07Z cache-ord1740 MEWElogs[400146]: FLIPH, 1626280327597331812, ORD, -1
<134>2021-07-14T16:32:09Z cache-pdk17882 MEWElogs[400146]: FLIPH, 1626280329130462009, PDK, 10
<134>2021-07-14T16:32:12Z cache-mdw17383 MEWElogs[400146]: FLIPH, 1626280331344266121, MDW, 10
<134>2021-07-14T16:32:16Z cache-dca17782 MEWElogs[400146]: FLIPH, 1626280335718601627, DCA, -1
<134>2021-07-14T16:32:16Z cache-ord1740 MEWElogs[400146]: FLIPH, 1626280336736981471, ORD, -1
<134>2021-07-14T16:32:18Z cache-maa10251 MEWElogs[400146]: FLIPH, 1626280338084798885, MAA, 10
<134>2021-07-14T16:32:32Z cache-ams21020 MEWElogs[400146]: FLIPH, 1626280351107866966, AMS, 10
<134>2021-07-14T16:32:53Z cache-mdw17383 MEWElogs[400146]: FLIPH, 1626280372463001092, MDW, -1
<134>2021-07-14T16:32:56Z cache-pdk17882 MEWElogs[400146]: FLIPH, 1626280375386558734, PDK, 10
<134>2021-07-14T16:33:08Z cache-wdc5583 MEWElogs[400146]: FLIPH, 1626280387559638458, WDC, 10
<134>2021-07-14T16:33:09Z cache-cmh21547 MEWElogs[400146]: FLIPH, 1626280389560019289, CMH, -1
<134>2021-07-14T16:33:15Z cache-mdw17383 MEWElogs[400146]: FLIPH, 1626280394311442584, MDW, -1
<134>2021-07-14T16:33:34Z cache-dca17782 MEWElogs[400146]: FLIPH, 1626280414457555569, DCA, 10
<134>2021-07-14T16:33:46Z cache-ams21020 MEWElogs[400146]: FLIPH, 1626280425540960225, AMS, -1
<134>2021-07-14T16:33:51Z cache-ord1740 MEWElogs[400146]: FLIPH, 1626280430416027267, ORD, 10
<134>2021-07-14T16:33:51Z cache-mdw17383 MEWElogs[400146]: FLIPH, 1626280430790563787, MDW, 10
<134>2021-07-14T16:33:56Z cache-wdc5583 MEWElogs[400146]: FLIPH, 1626280435737976204, WDC, -1
<134>2021-07-14T16:34:10Z cache-ams21020 MEWElogs[400146]: FLIPH, 1626280450735626885, AMS, -1
<134>2021-07-14T16:34:13Z cache-mdw17383 MEWElogs[400146]: FLIPH, 1626280453067935310, MDW, 10
<134>2021-07-14T16:34:17Z cache-pdk17882 MEWElogs[400146]: FLIPH, 1626280457006911569, PDK, 10
<134>2021-07-14T16:34:27Z cache-ord1740 MEWElogs[400146]: FLIPH, 1626280466592606245, ORD, 10
<134>2021-07-14T16:34:30Z cache-bog6425 MEWElogs[400146]: FLIPH, 1626280469693191551, BOG, -1
<134>2021-07-14T16:34:32Z cache-dca17782 MEWElogs[400146]: FLIPH, 1626280471297614693, DCA, 10
<134>2021-07-14T16:34:46Z cache-ord1740 MEWElogs[400146]: FLIPH, 1626280485258700947, ORD, 10
<134>2021-07-14T16:35:06Z cache-ams21020 MEWElogs[400146]: FLIPH, 1626280505340034898, AMS, 10
<134>2021-07-14T16:35:11Z cache-ams21020 MEWElogs[400146]: FLIPH, 1626280510680175626, AMS, -1
<134>2021-07-14T16:35:33Z cache-wdc5583 MEWElogs[400146]: FLIPH, 1626280533530956639, WDC, 10
<134>2021-07-14T16:35:34Z cache-dca17782 MEWElogs[400146]: FLIPH, 1626280534320767170, DCA, -1
<134>2021-07-14T16:35:40Z cache-ord1740 MEWElogs[400146]: FLIPH, 1626280539460052677, ORD, 10
<134>2021-07-14T16:35:44Z cache-pdk17882 MEWElogs[400146]: FLIPH, 1626280544224794536, PDK, -1
<134>2021-07-14T16:35:48Z cache-pdk17882 MEWElogs[400146]: FLIPH, 1626280547110068997, PDK, 10
<134>2021-07-14T16:35:54Z cache-dca17782 MEWElogs[400146]: FLIPH, 1626280553041778629, DCA, -1
<134>2021-07-14T16:35:56Z cache-pdk17882 MEWElogs[400146]: FLIPH, 1626280556171918385, PDK, 10
<134>2021-07-14T16:36:04Z cache-wdc5583 MEWElogs[400146]: FLIPH, 1626280563752639849, WDC, 10
<134>2021-07-14T16:36:12Z cache-pdk17882 MEWElogs[400146]: FLIPH, 1626280571849057163, PDK, -1
<134>2021-07-14T16:36:33Z cache-pdk17882 MEWElogs[400146]: FLIPH, 1626280592765742802, PDK, 10
<134>2021-07-14T16:36:41Z cache-dca17782 MEWElogs[400146]: FLIPH, 1626280600513043045, DCA, -1
<134>2021-07-14T16:37:04Z cache-eze19324 MEWElogs[400146]: FLIPH, 1626280623637069000, EZE, 10
<134>2021-07-14T16:37:17Z cache-bog6425 MEWElogs[400146]: FLIPH, 1626280636863375720, BOG, -1
<134>2021-07-14T16:37:28Z cache-mdw17383 MEWElogs[400146]: FLIPH, 1626280648052729632, MDW, -1
<134>2021-07-14T16:37:39Z cache-eze19324 MEWElogs[400146]: FLIPH, 1626280658828161071, EZE, 10
<134>2021-07-14T16:38:05Z cache-ams21020 MEWElogs[400146]: FLIPH, 1626280685009617298, AMS, 10
<134>2021-07-14T16:38:14Z cache-eze19324 MEWElogs[400146]: FLIPH, 1626280694313807402, EZE, 10
<134>2021-07-14T16:38:14Z cache-dca17782 MEWElogs[400146]: FLIPH, 1626280693954919559, DCA, -1
<134>2021-07-14T16:38:16Z cache-cmh21547 MEWElogs[400146]: FLIPH, 1626280695569957046, CMH, -1
<134>2021-07-14T16:38:18Z cache-wdc5583 MEWElogs[400146]: FLIPH, 1626280698182443480, WDC, 10
<134>2021-07-14T16:38:20Z cache-ams21020 MEWElogs[400146]: FLIPH, 1626280699282648040, AMS, -1
<134>2021-07-14T16:38:20Z cache-cmh21547 MEWElogs[400146]: FLIPH, 1626280699403564064, CMH, 10
<134>2021-07-14T16:38:23Z cache-ams21020 MEWElogs[400146]: FLIPH, 1626280702325531480, AMS, 10
<134>2021-07-14T16:38:24Z cache-eze19324 MEWElogs[400146]: FLIPH, 1626280702973558203, EZE, -1
<134>2021-07-14T16:38:28Z cache-ams21020 MEWElogs[400146]: FLIPH, 1626280708126438103, AMS, -1
<134>2021-07-14T16:38:31Z cache-pdk17882 MEWElogs[400146]: FLIPH, 1626280710751703217, PDK, 10
<134>2021-07-14T16:39:15Z cache-pdk17882 MEWElogs[400146]: FLIPH, 1626280754279134169, PDK, -1
<134>2021-07-14T16:39:18Z cache-bog6425 MEWElogs[400146]: FLIPH, 1626280757432529162, BOG, 10
<134>2021-07-14T16:39:18Z cache-maa10251 MEWElogs[400146]: FLIPH, 1626280758520152013, MAA, -1
<134>2021-07-14T16:39:20Z cache-dca17782 MEWElogs[400146]: FLIPH, 1626280760066080054, DCA, -1
<134>2021-07-14T16:39:32Z cache-maa10251 MEWElogs[400146]: FLIPH, 1626280771117433854, MAA, 10
<134>2021-07-14T16:39:44Z cache-bog6425 MEWElogs[400146]: FLIPH, 1626280783492434135, BOG, -1
<134>2021-07-14T16:39:51Z cache-ord1740 MEWElogs[400146]: FLIPH, 1626280791609936794, ORD, -1
<134>2021-07-14T16:39:51Z cache-dca17782 MEWElogs[400146]: FLIPH, 1626280791462317149, DCA, 10
<134>2021-07-14T16:40:08Z cache-cmh21547 MEWElogs[400146]: FLIPH, 1626280808561413222, CMH, 10
<134>2021-07-14T16:40:09Z cache-ord1740 MEWElogs[400146]: FLIPH, 1626280809557386617, ORD, -1
<134>2021-07-14T16:40:15Z cache-mdw17383 MEWElogs[400146]: FLIPH, 1626280814130226470, MDW, -1
<134>2021-07-14T16:40:15Z cache-ams21020 MEWElogs[400146]: FLIPH, 1626280814950176063, AMS, 10
<134>2021-07-14T16:40:17Z cache-pdk17882 MEWElogs[400146]: FLIPH, 1626280817803282025, PDK, -1
<134>2021-07-14T16:40:36Z cache-mdw17383 MEWElogs[400146]: FLIPH, 1626280835927023603, MDW, -1
<134>2021-07-14T16:40:36Z cache-pdk17882 MEWElogs[400146]: FLIPH, 1626280835937748177, PDK, -1
<134>2021-07-14T16:40:48Z cache-pdk17882 MEWElogs[400146]: FLIPH, 1626280847795925015, PDK, 10
<134>2021-07-14T16:40:57Z cache-eze19324 MEWElogs[400146]: FLIPH, 1626280856120122694, EZE, -1
<134>2021-07-14T16:41:03Z cache-dca17782 MEWElogs[400146]: FLIPH, 1626280863202359099, DCA, -1
<134>2021-07-14T16:41:20Z cache-mdw17383 MEWElogs[400146]: FLIPH, 1626280880516290132, MDW, -1
<134>2021-07-14T16:41:26Z cache-maa10251 MEWElogs[400146]: FLIPH, 1626280885477283761, MAA, -1
<134>2021-07-14T16:41:31Z cache-dca17782 MEWElogs[400146]: FLIPH, 1626280891057289367, DCA, -1
<134>2021-07-14T16:41:37Z cache-cmh21547 MEWElogs[400146]: FLIPH, 1626280896018205178, CMH, 10
<134>2021-07-14T16:41:39Z cache-wdc5583 MEWElogs[400146]: FLIPH, 1626280899111270271, WDC, 10
