<134>2021-07-14T23:05:01Z cache-stl4834 MEWElogs[400146]: BLUR, 1626303900942583082, STL, 11
<134>2021-07-14T23:05:08Z cache-gru17149 MEWElogs[400146]: BLUR, 1626303907436871875, GRU, 11
<134>2021-07-14T23:05:18Z cache-osl6529 MEWElogs[400146]: BLUR, 1626303917330289834, OSL, 11
<134>2021-07-14T23:06:29Z cache-pao17461 MEWElogs[400146]: BLUR, 1626303988561768112, PAO, 11
<134>2021-07-14T23:07:13Z cache-stl4834 MEWElogs[400146]: BLUR, 1626304032585532988, STL, 11
<134>2021-07-14T23:07:20Z cache-syd10183 MEWElogs[400146]: BLUR, 1626304038977977780, SYD, 11
<134>2021-07-14T23:07:53Z cache-syd10183 MEWElogs[400146]: BLUR, 1626304072200253909, SYD, 11
<134>2021-07-14T23:08:50Z cache-gru17149 MEWElogs[400146]: BLUR, 1626304129621505699, GRU, 11
<134>2021-07-14T23:09:21Z cache-stl4834 MEWElogs[400146]: BLUR, 1626304160000656875, STL, 11
<134>2021-07-14T23:09:47Z cache-pao17461 MEWElogs[400146]: BLUR, 1626304187326064137, PAO, 11
<134>2021-07-14T23:10:08Z cache-gru17149 MEWElogs[400146]: BLUR, 1626304207122366022, GRU, 11
<134>2021-07-14T23:10:25Z cache-itm18851 MEWElogs[400146]: BLUR, 1626304224892589228, ITM, 11
<134>2021-07-14T23:10:32Z cache-hnd18722 MEWElogs[400146]: BLUR, 1626304231828902455, HND, 11
<134>2021-07-14T23:10:45Z cache-itm18851 MEWElogs[400146]: BLUR, 1626304243941048324, ITM, 11
<134>2021-07-14T23:11:16Z cache-gig17035 MEWElogs[400146]: BLUR, 1626304275272657856, GIG, 11
<134>2021-07-14T23:11:45Z cache-gru17149 MEWElogs[400146]: BLUR, 1626304304049329441, GRU, 11
<134>2021-07-14T23:12:12Z cache-pao17461 MEWElogs[400146]: BLUR, 1626304332332061282, PAO, 11
<134>2021-07-14T23:12:46Z cache-scl19427 MEWElogs[400146]: BLUR, 1626304365680246568, SCL, 11
<134>2021-07-14T23:13:06Z cache-scl19427 MEWElogs[400146]: BLUR, 1626304385825195101, SCL, 11
<134>2021-07-14T23:13:21Z cache-gru17149 MEWElogs[400146]: BLUR, 1626304400167616640, GRU, 11
<134>2021-07-14T23:13:24Z cache-cdg20720 MEWElogs[400146]: BLUR, 1626304404457155736, CDG, 11
<134>2021-07-14T23:13:32Z cache-hnd18722 MEWElogs[400146]: BLUR, 1626304411238790999, HND, 11
