<134>2021-07-15T05:18:20Z cache-gig17035 MEWElogs[412844]: ROTATE, 1626326299271047641, GIG, 15
<134>2021-07-15T05:18:40Z cache-lax10677 MEWElogs[412844]: ROTATE, 1626326319692791552, LGB, 15
<134>2021-07-15T05:19:05Z cache-cdg20720 MEWElogs[412844]: ROTATE, 1626326344462569296, CDG, 15
<134>2021-07-15T05:19:11Z cache-scl19427 MEWElogs[412844]: ROTATE, 1626326350192716540, SCL, 15
<134>2021-07-15T05:19:15Z cache-syd10183 MEWElogs[412844]: ROTATE, 1626326354539860681, SYD, 15
<134>2021-07-15T05:19:19Z cache-gru17149 MEWElogs[412844]: ROTATE, 1626326358226738711, GRU, 15
<134>2021-07-15T05:19:33Z cache-scl19427 MEWElogs[412844]: ROTATE, 1626326373049367754, SCL, 15
<134>2021-07-15T05:20:13Z cache-gig17035 MEWElogs[412844]: ROTATE, 1626326412895842605, GIG, 15
<134>2021-07-15T05:21:08Z cache-cdg20720 MEWElogs[412844]: ROTATE, 1626326467458489772, CDG, 15
<134>2021-07-15T05:21:39Z cache-scl19427 MEWElogs[412844]: ROTATE, 1626326498773351790, SCL, 15
<134>2021-07-15T05:21:41Z cache-gru17149 MEWElogs[412844]: ROTATE, 1626326500674616626, GRU, 15
<134>2021-07-15T05:21:46Z cache-itm18851 MEWElogs[412844]: ROTATE, 1626326505194310808, ITM, 15
<134>2021-07-15T05:21:51Z cache-gru17149 MEWElogs[412844]: ROTATE, 1626326510091745496, GRU, 15
<134>2021-07-15T05:22:04Z cache-pao17461 MEWElogs[412844]: ROTATE, 1626326523549689891, PAO, 15
<134>2021-07-15T05:22:19Z cache-gru17149 MEWElogs[412844]: ROTATE, 1626326538884752559, GRU, 15
<134>2021-07-15T05:22:29Z cache-syd10183 MEWElogs[412844]: ROTATE, 1626326549520243934, SYD, 15
<134>2021-07-15T05:22:40Z cache-gig17035 MEWElogs[412844]: ROTATE, 1626326559067819524, GIG, 15
<134>2021-07-15T05:22:49Z cache-pao17461 MEWElogs[412844]: ROTATE, 1626326568233465942, PAO, 15
<134>2021-07-15T05:22:51Z cache-syd10183 MEWElogs[412844]: ROTATE, 1626326570492648127, SYD, 15
<134>2021-07-15T05:23:03Z cache-hnd18722 MEWElogs[412844]: ROTATE, 1626326582893097070, HND, 15
<134>2021-07-15T05:23:10Z cache-gig17035 MEWElogs[412844]: ROTATE, 1626326590557343104, GIG, 15
<134>2021-07-15T05:23:25Z cache-hnd18722 MEWElogs[412844]: ROTATE, 1626326604464054369, HND, 15
<134>2021-07-15T05:23:54Z cache-gru17149 MEWElogs[412844]: ROTATE, 1626326633644759312, GRU, 15
<134>2021-07-15T05:24:08Z cache-hnd18722 MEWElogs[412844]: ROTATE, 1626326648022749473, HND, 15
<134>2021-07-15T05:24:19Z cache-hnd18722 MEWElogs[412844]: ROTATE, 1626326658663718739, HND, 15
<134>2021-07-15T05:24:19Z cache-scl19427 MEWElogs[412844]: ROTATE, 1626326658485388258, SCL, 15
<134>2021-07-15T05:24:23Z cache-gru17149 MEWElogs[412844]: ROTATE, 1626326662389124296, GRU, 15
<134>2021-07-15T05:24:36Z cache-itm18851 MEWElogs[412844]: ROTATE, 1626326676004296818, ITM, 15
<134>2021-07-15T05:24:40Z cache-hnd18722 MEWElogs[412844]: ROTATE, 1626326680201494205, HND, 15
<134>2021-07-15T05:24:42Z cache-scl19427 MEWElogs[412844]: ROTATE, 1626326681177906505, SCL, 15
<134>2021-07-15T05:24:48Z cache-stl4834 MEWElogs[412844]: ROTATE, 1626326688669903935, STL, 15
<134>2021-07-15T05:24:56Z cache-gig17035 MEWElogs[412844]: ROTATE, 1626326695250350168, GIG, 15
<134>2021-07-15T05:25:49Z cache-gru17149 MEWElogs[412844]: ROTATE, 1626326748179366916, GRU, 15
<134>2021-07-15T05:26:01Z cache-scl19427 MEWElogs[412844]: ROTATE, 1626326760981545203, SCL, 15
<134>2021-07-15T05:26:35Z cache-scl19427 MEWElogs[412844]: ROTATE, 1626326795597905363, SCL, 15
<134>2021-07-15T05:26:51Z cache-itm18851 MEWElogs[412844]: ROTATE, 1626326810404852743, ITM, 15
<134>2021-07-15T05:27:21Z cache-cgh11122 MEWElogs[412844]: ROTATE, 1626326840847999182, CGH, 15
<134>2021-07-15T05:27:30Z cache-syd10183 MEWElogs[412844]: ROTATE, 1626326849026839872, SYD, 15
<134>2021-07-15T05:27:44Z cache-scl19427 MEWElogs[412844]: ROTATE, 1626326863420006006, SCL, 15
<134>2021-07-15T05:27:53Z cache-stl4834 MEWElogs[412844]: ROTATE, 1626326872854052689, STL, 15
<134>2021-07-15T05:28:09Z cache-itm18851 MEWElogs[412844]: ROTATE, 1626326888745126498, ITM, 15
