<134>2021-07-15T04:59:51Z cache-lhr7382 MEWElogs[418388]: ROTATE, 1626325190946046608, LHR, 15
<134>2021-07-15T05:00:00Z cache-lhr7382 MEWElogs[418388]: ROTATE, 1626325199038522558, LHR, 15
<134>2021-07-15T05:00:29Z cache-hkg17929 MEWElogs[418388]: ROTATE, 1626325229544171991, HKG, 15
<134>2021-07-15T05:01:00Z cache-ewr18156 MEWElogs[418388]: ROTATE, 1626325260107827607, EWR, 15
<134>2021-07-15T05:01:24Z cache-mrs10583 MEWElogs[418388]: ROTATE, 1626325283306503448, MRS, 15
<134>2021-07-15T05:01:55Z cache-mrs10583 MEWElogs[418388]: ROTATE, 1626325314731210061, MRS, 15
<134>2021-07-15T05:02:10Z cache-man4150 MEWElogs[418388]: ROTATE, 1626325329777604121, MAN, 15
<134>2021-07-15T05:02:27Z cache-mrs10583 MEWElogs[418388]: ROTATE, 1626325346123647813, MRS, 15
<134>2021-07-15T05:02:49Z cache-man4150 MEWElogs[418388]: ROTATE, 1626325368646947865, MAN, 15
<134>2021-07-15T05:03:46Z cache-mci5951 MEWElogs[418388]: ROTATE, 1626325425077193678, MCI, 15
<134>2021-07-15T05:04:05Z cache-stp9226 MEWElogs[418388]: ROTATE, 1626325444890005079, STP, 15
<134>2021-07-15T05:04:14Z cache-man4150 MEWElogs[418388]: ROTATE, 1626325454410786171, MAN, 15
<134>2021-07-15T05:04:50Z cache-mel11272 MEWElogs[418388]: ROTATE, 1626325488976273001, MEL, 15
<134>2021-07-15T05:05:21Z cache-stp9226 MEWElogs[418388]: ROTATE, 1626325520887358584, STP, 15
<134>2021-07-15T05:05:23Z cache-lga21983 MEWElogs[418388]: ROTATE, 1626325523437166603, LGA, 15
<134>2021-07-15T05:06:04Z cache-ewr18156 MEWElogs[418388]: ROTATE, 1626325562978017148, EWR, 15
<134>2021-07-15T05:06:49Z cache-ewr18156 MEWElogs[418388]: ROTATE, 1626325608906389761, EWR, 15
<134>2021-07-15T05:06:58Z cache-osl6529 MEWElogs[418388]: ROTATE, 1626325617284362455, OSL, 15
<134>2021-07-15T05:07:29Z cache-man4150 MEWElogs[418388]: ROTATE, 1626325648781051253, MAN, 15
<134>2021-07-15T05:07:43Z cache-stp9226 MEWElogs[418388]: ROTATE, 1626325662803223557, STP, 15
<134>2021-07-15T05:07:46Z cache-lax10677 MEWElogs[418388]: ROTATE, 1626325665863578564, LGB, 15
<134>2021-07-15T05:07:50Z cache-lga21983 MEWElogs[418388]: ROTATE, 1626325669812595244, LGA, 15
<134>2021-07-15T05:08:00Z cache-osl6529 MEWElogs[418388]: ROTATE, 1626325679642325692, OSL, 15
<134>2021-07-15T05:08:10Z cache-lax10677 MEWElogs[418388]: ROTATE, 1626325689657203047, LGB, 15
<134>2021-07-15T05:08:34Z cache-mci5951 MEWElogs[418388]: ROTATE, 1626325714305507239, MCI, 15
<134>2021-07-15T05:08:57Z cache-mel11272 MEWElogs[418388]: ROTATE, 1626325736700569053, MEL, 15
<134>2021-07-15T05:09:09Z cache-stp9226 MEWElogs[418388]: ROTATE, 1626325748933943808, STP, 15
<134>2021-07-15T05:09:12Z cache-lga21983 MEWElogs[418388]: ROTATE, 1626325751032852296, LGA, 15
