<134>2021-07-14T16:53:04Z cache-del21735 MEWElogs[326955]: FLIPH, 1626281583071058049, DEL, -1
<134>2021-07-14T16:53:16Z cache-pwk4920 MEWElogs[326955]: FLIPH, 1626281596515569614, PWK, -1
<134>2021-07-14T16:53:22Z cache-fty21383 MEWElogs[326955]: FLIPH, 1626281602563443766, FTY, -1
<134>2021-07-14T16:53:27Z cache-pwk4920 MEWElogs[326955]: FLIPH, 1626281606454540857, PWK, -1
<134>2021-07-14T16:53:45Z cache-bos4657 MEWElogs[326955]: FLIPH, 1626281624328990808, BOS, -1
<134>2021-07-14T16:54:03Z cache-bos4657 MEWElogs[326955]: FLIPH, 1626281642471976376, BOS, -1
<134>2021-07-14T16:54:17Z cache-hhn4077 MEWElogs[326955]: FLIPH, 1626281656832238260, HHN, 10
<134>2021-07-14T16:54:24Z cache-bos4657 MEWElogs[326955]: FLIPH, 1626281663295570654, BOS, 10
<134>2021-07-14T16:54:24Z cache-cph20625 MEWElogs[326955]: FLIPH, 1626281664710762720, CPH, 10
<134>2021-07-14T16:54:25Z cache-hhn4077 MEWElogs[326955]: FLIPH, 1626281664661266568, HHN, -1
<134>2021-07-14T16:54:40Z cache-dub4329 MEWElogs[326955]: FLIPH, 1626281679321046677, DUB, -1
<134>2021-07-14T16:54:54Z cache-chi21126 MEWElogs[326955]: FLIPH, 1626281693738024230, CHI, -1
<134>2021-07-14T16:54:56Z cache-pwk4920 MEWElogs[326955]: FLIPH, 1626281695788217518, PWK, -1
<134>2021-07-14T16:55:03Z cache-chi21126 MEWElogs[326955]: FLIPH, 1626281702715123063, CHI, -1
<134>2021-07-14T16:55:06Z cache-chi21126 MEWElogs[326955]: FLIPH, 1626281705561179337, CHI, 10
<134>2021-07-14T16:55:12Z cache-chi21126 MEWElogs[326955]: FLIPH, 1626281711921959719, CHI, -1
<134>2021-07-14T16:55:13Z cache-akl10324 MEWElogs[326955]: FLIPH, 1626281712590053267, AKL, 10
<134>2021-07-14T16:55:25Z cache-hhn4077 MEWElogs[326955]: FLIPH, 1626281724890948098, HHN, 10
<134>2021-07-14T16:55:38Z cache-cph20625 MEWElogs[326955]: FLIPH, 1626281738259522932, CPH, -1
<134>2021-07-14T16:55:46Z cache-bos4657 MEWElogs[326955]: FLIPH, 1626281745821378502, BOS, 10
<134>2021-07-14T16:55:49Z cache-del21735 MEWElogs[326955]: FLIPH, 1626281747923858092, DEL, 10
<134>2021-07-14T16:56:39Z cache-cph20625 MEWElogs[326955]: FLIPH, 1626281798167643477, CPH, 10
<134>2021-07-14T16:56:54Z cache-dub4329 MEWElogs[326955]: FLIPH, 1626281813730171745, DUB, -1
<134>2021-07-14T16:57:11Z cache-del21735 MEWElogs[326955]: FLIPH, 1626281831427913575, DEL, -1
<134>2021-07-14T16:57:31Z cache-dfw18678 MEWElogs[326955]: FLIPH, 1626281850681316700, DFW, 10
<134>2021-07-14T16:57:33Z cache-chi21126 MEWElogs[326955]: FLIPH, 1626281853436162911, CHI, -1
<134>2021-07-14T16:57:43Z cache-akl10324 MEWElogs[326955]: FLIPH, 1626281862602223942, AKL, -1
<134>2021-07-14T16:57:56Z cache-cph20625 MEWElogs[326955]: FLIPH, 1626281875894525612, CPH, 10
<134>2021-07-14T16:57:59Z cache-pwk4920 MEWElogs[326955]: FLIPH, 1626281878691397276, PWK, 10
<134>2021-07-14T16:58:06Z cache-hel6829 MEWElogs[326955]: FLIPH, 1626281886157563245, HEL, 10
<134>2021-07-14T16:58:27Z cache-iah17271 MEWElogs[326955]: FLIPH, 1626281906458937578, IAH, -1
<134>2021-07-14T16:58:29Z cache-pwk4920 MEWElogs[326955]: FLIPH, 1626281908561993293, PWK, 10
<134>2021-07-14T16:58:36Z cache-hel6829 MEWElogs[326955]: FLIPH, 1626281915507136626, HEL, 10
<134>2021-07-14T16:58:39Z cache-jnb7027 MEWElogs[326955]: FLIPH, 1626281919065294828, JNB, 10
<134>2021-07-14T16:58:42Z cache-fra19177 MEWElogs[326955]: FLIPH, 1626281921370790143, FRA, 10
<134>2021-07-14T16:58:52Z cache-lcy19283 MEWElogs[326955]: FLIPH, 1626281931529267899, LCY, -1
<134>2021-07-14T16:58:55Z cache-hhn4077 MEWElogs[326955]: FLIPH, 1626281935231125050, HHN, -1
<134>2021-07-14T16:59:10Z cache-hel6829 MEWElogs[326955]: FLIPH, 1626281950419801598, HEL, -1
<134>2021-07-14T16:59:15Z cache-dfw18678 MEWElogs[326955]: FLIPH, 1626281955781806304, DFW, -1
<134>2021-07-14T16:59:21Z cache-cph20625 MEWElogs[326955]: FLIPH, 1626281960770048520, CPH, -1
<134>2021-07-14T16:59:26Z cache-cph20625 MEWElogs[326955]: FLIPH, 1626281965220083788, CPH, 10
<134>2021-07-14T16:59:36Z cache-fra19177 MEWElogs[326955]: FLIPH, 1626281975190686851, FRA, 10
<134>2021-07-14T16:59:39Z cache-del21735 MEWElogs[326955]: FLIPH, 1626281979001001199, DEL, -1
<134>2021-07-14T16:59:50Z cache-fra19177 MEWElogs[326955]: FLIPH, 1626281990398926251, FRA, -1
<134>2021-07-14T16:59:55Z cache-jnb7027 MEWElogs[326955]: FLIPH, 1626281994169916226, JNB, -1
<134>2021-07-14T16:59:58Z cache-cwb20520 MEWElogs[326955]: FLIPH, 1626281997438983478, CWB, 10
<134>2021-07-14T16:59:58Z cache-pwk4920 MEWElogs[326955]: FLIPH, 1626281998534919879, PWK, 10
<134>2021-07-14T17:00:03Z cache-dfw18678 MEWElogs[326955]: FLIPH, 1626282002551751370, DFW, 10
<134>2021-07-14T17:00:07Z cache-iah17271 MEWElogs[326955]: FLIPH, 1626282007120317011, IAH, -1
<134>2021-07-14T17:00:28Z cache-hhn4077 MEWElogs[326955]: FLIPH, 1626282027157879138, HHN, -1
<134>2021-07-14T17:00:31Z cache-hhn4077 MEWElogs[326955]: FLIPH, 1626282031120937931, HHN, 10
<134>2021-07-14T17:00:51Z cache-del21735 MEWElogs[326955]: FLIPH, 1626282050774947125, DEL, -1
<134>2021-07-14T17:01:26Z cache-pwk4920 MEWElogs[326955]: FLIPH, 1626282085368929468, PWK, -1
<134>2021-07-14T17:01:39Z cache-dfw18678 MEWElogs[326955]: FLIPH, 1626282099269904961, DFW, -1
<134>2021-07-14T17:01:46Z cache-pwk4920 MEWElogs[326955]: FLIPH, 1626282105446061970, PWK, -1
<134>2021-07-14T17:01:57Z cache-den8274 MEWElogs[326955]: FLIPH, 1626282116871297028, DEN, 10
<134>2021-07-14T17:02:21Z cache-iah17271 MEWElogs[326955]: FLIPH, 1626282140477565678, IAH, -1
<134>2021-07-14T17:02:25Z cache-lon4249 MEWElogs[326955]: FLIPH, 1626282144535733284, LON, 10
<134>2021-07-14T17:02:46Z cache-hhn4077 MEWElogs[326955]: FLIPH, 1626282165590323275, HHN, -1
<134>2021-07-14T17:02:56Z cache-den8274 MEWElogs[326955]: FLIPH, 1626282176485651133, DEN, -1
