<134>2021-07-15T06:39:54Z cache-hel6829 MEWElogs[322581]: UNSH, 1626331194205684137, HEL, 16
<134>2021-07-15T06:39:58Z cache-dub4329 MEWElogs[322581]: UNSH, 1626331196990036144, DUB, 16
<134>2021-07-15T06:40:07Z cache-chi21126 MEWElogs[322581]: UNSH, 1626331206417054493, CHI, 16
<134>2021-07-15T06:40:24Z cache-cwb20520 MEWElogs[322581]: UNSH, 1626331224023596235, CWB, 16
<134>2021-07-15T06:40:34Z cache-dal21283 MEWElogs[322581]: UNSH, 1626331233251079084, DAL, 16
<134>2021-07-15T06:40:48Z cache-del21735 MEWElogs[322581]: UNSH, 1626331246915803021, DEL, 16
<134>2021-07-15T06:41:16Z cache-pwk4920 MEWElogs[322581]: UNSH, 1626331275009933936, PWK, 16
<134>2021-07-15T06:41:27Z cache-fra19177 MEWElogs[322581]: UNSH, 1626331286410302679, FRA, 16
<134>2021-07-15T06:41:36Z cache-dal21283 MEWElogs[322581]: UNSH, 1626331295566753112, DAL, 16
<134>2021-07-15T06:41:38Z cache-hhn4077 MEWElogs[322581]: UNSH, 1626331297775628405, HHN, 16
<134>2021-07-15T06:41:56Z cache-iah17271 MEWElogs[322581]: UNSH, 1626331315374201780, IAH, 16
<134>2021-07-15T06:41:57Z cache-dal21283 MEWElogs[322581]: UNSH, 1626331316371408834, DAL, 16
<134>2021-07-15T06:42:34Z cache-hhn4077 MEWElogs[322581]: UNSH, 1626331353570472254, HHN, 16
<134>2021-07-15T06:42:38Z cache-fra19177 MEWElogs[322581]: UNSH, 1626331358217235472, FRA, 16
<134>2021-07-15T06:43:06Z cache-cwb20520 MEWElogs[322581]: UNSH, 1626331385847621120, CWB, 16
<134>2021-07-15T06:43:07Z cache-jnb7027 MEWElogs[322581]: UNSH, 1626331386279488280, JNB, 16
<134>2021-07-15T06:43:57Z cache-lcy19283 MEWElogs[322581]: UNSH, 1626331436938010219, LCY, 16
<134>2021-07-15T06:44:00Z cache-iah17271 MEWElogs[322581]: UNSH, 1626331439406321032, IAH, 16
<134>2021-07-15T06:44:18Z cache-fra19177 MEWElogs[322581]: UNSH, 1626331457325459658, FRA, 16
<134>2021-07-15T06:45:22Z cache-cwb20520 MEWElogs[322581]: UNSH, 1626331522530754227, CWB, 16
<134>2021-07-15T06:45:44Z cache-den8274 MEWElogs[322581]: UNSH, 1626331543465016657, DEN, 16
<134>2021-07-15T06:46:37Z cache-lcy19283 MEWElogs[322581]: UNSH, 1626331596231820996, LCY, 16
<134>2021-07-15T06:46:43Z cache-dal21283 MEWElogs[322581]: UNSH, 1626331602579755559, DAL, 16
<134>2021-07-15T06:46:54Z cache-hel6829 MEWElogs[322581]: UNSH, 1626331613797177863, HEL, 16
<134>2021-07-15T06:46:57Z cache-lcy19283 MEWElogs[322581]: UNSH, 1626331616006506185, LCY, 16
<134>2021-07-15T06:47:45Z cache-mad22068 MEWElogs[322581]: UNSH, 1626331664311469343, MAD, 16
<134>2021-07-15T06:48:20Z cache-fra19177 MEWElogs[322581]: UNSH, 1626331699514674915, FRA, 16
<134>2021-07-15T06:48:31Z cache-lcy19283 MEWElogs[322581]: UNSH, 1626331710586138497, LCY, 16
<134>2021-07-15T06:48:38Z cache-fra19177 MEWElogs[322581]: UNSH, 1626331717250825991, FRA, 16
