<134>2021-07-15T04:47:57Z cache-fra19177 MEWElogs[355776]: ROTATE, 1626324476368713949, FRA, 15
<134>2021-07-15T04:48:06Z cache-den8274 MEWElogs[355776]: ROTATE, 1626324485195301809, DEN, 15
<134>2021-07-15T04:48:23Z cache-iah17271 MEWElogs[355776]: ROTATE, 1626324502289572682, IAH, 15
<134>2021-07-15T04:48:27Z cache-dal21283 MEWElogs[355776]: ROTATE, 1626324506036429470, DAL, 15
<134>2021-07-15T04:48:30Z cache-fra19177 MEWElogs[355776]: ROTATE, 1626324509237442222, FRA, 15
<134>2021-07-15T04:48:38Z cache-jnb7027 MEWElogs[355776]: ROTATE, 1626324518617678958, JNB, 15
<134>2021-07-15T04:48:49Z cache-jnb7027 MEWElogs[355776]: ROTATE, 1626324528017415505, JNB, 15
<134>2021-07-15T04:49:07Z cache-lcy19283 MEWElogs[355776]: ROTATE, 1626324546509435388, LCY, 15
<134>2021-07-15T04:49:23Z cache-mad22068 MEWElogs[355776]: ROTATE, 1626324562233151615, MAD, 15
<134>2021-07-15T04:49:34Z cache-fra19177 MEWElogs[355776]: ROTATE, 1626324573779019524, FRA, 15
<134>2021-07-15T04:49:37Z cache-bur17583 MEWElogs[355776]: ROTATE, 1626324576963956441, BUR, 15
<134>2021-07-15T04:49:59Z cache-fra19177 MEWElogs[355776]: ROTATE, 1626324598130820540, FRA, 15
<134>2021-07-15T04:50:00Z cache-bur17583 MEWElogs[355776]: ROTATE, 1626324600351709015, BUR, 15
<134>2021-07-15T04:50:05Z cache-jnb7027 MEWElogs[355776]: ROTATE, 1626324604599577488, JNB, 15
<134>2021-07-15T04:50:24Z cache-den8274 MEWElogs[355776]: ROTATE, 1626324622971867124, DEN, 15
<134>2021-07-15T04:50:24Z cache-hel6829 MEWElogs[355776]: ROTATE, 1626324623932167532, HEL, 15
<134>2021-07-15T04:50:33Z cache-den8274 MEWElogs[355776]: ROTATE, 1626324631993157919, DEN, 15
<134>2021-07-15T04:51:15Z cache-bur17583 MEWElogs[355776]: ROTATE, 1626324674391794349, BUR, 15
<134>2021-07-15T04:51:25Z cache-lcy19283 MEWElogs[355776]: ROTATE, 1626324684570455463, LCY, 15
<134>2021-07-15T04:52:10Z cache-stp9226 MEWElogs[355776]: ROTATE, 1626324729188566127, STP, 15
<134>2021-07-15T04:52:19Z cache-mad22068 MEWElogs[355776]: ROTATE, 1626324738721315698, MAD, 15
<134>2021-07-15T04:52:21Z cache-stp9226 MEWElogs[355776]: ROTATE, 1626324739979833370, STP, 15
<134>2021-07-15T04:52:29Z cache-mrs10583 MEWElogs[355776]: ROTATE, 1626324748935061239, MRS, 15
<134>2021-07-15T04:52:54Z cache-lhr7382 MEWElogs[355776]: ROTATE, 1626324773255507936, LHR, 15
<134>2021-07-15T04:53:23Z cache-yul12826 MEWElogs[355776]: ROTATE, 1626324803323893061, YUL, 15
<134>2021-07-15T04:53:34Z cache-iah17271 MEWElogs[355776]: ROTATE, 1626324813483593382, IAH, 15
<134>2021-07-15T04:53:42Z cache-lhr7382 MEWElogs[355776]: ROTATE, 1626324820971180504, LHR, 15
<134>2021-07-15T04:53:48Z cache-mrs10583 MEWElogs[355776]: ROTATE, 1626324827773505047, MRS, 15
<134>2021-07-15T04:55:00Z cache-man4150 MEWElogs[355776]: ROTATE, 1626324900257263316, MAN, 15
<134>2021-07-15T04:55:22Z cache-mci5951 MEWElogs[355776]: ROTATE, 1626324921791167090, MCI, 15
<134>2021-07-15T04:55:29Z cache-dal21283 MEWElogs[355776]: ROTATE, 1626324928414293263, DAL, 15
<134>2021-07-15T04:55:31Z cache-mrs10583 MEWElogs[355776]: ROTATE, 1626324930075528266, MRS, 15
<134>2021-07-15T04:55:32Z cache-man4150 MEWElogs[355776]: ROTATE, 1626324931870882669, MAN, 15
<134>2021-07-15T04:56:03Z cache-dal21283 MEWElogs[355776]: ROTATE, 1626324962714274883, DAL, 15
<134>2021-07-15T04:56:08Z cache-stp9226 MEWElogs[355776]: ROTATE, 1626324967780786580, STP, 15
<134>2021-07-15T04:56:10Z cache-mrs10583 MEWElogs[355776]: ROTATE, 1626324969936393919, MRS, 15
<134>2021-07-15T04:56:11Z cache-man4150 MEWElogs[355776]: ROTATE, 1626324970668896954, MAN, 15
<134>2021-07-15T04:56:19Z cache-stp9226 MEWElogs[355776]: ROTATE, 1626324978690475595, STP, 15
<134>2021-07-15T04:56:35Z cache-lhr7382 MEWElogs[355776]: ROTATE, 1626324994271557794, LHR, 15
<134>2021-07-15T04:56:40Z cache-hkg17929 MEWElogs[355776]: ROTATE, 1626324999315910495, HKG, 15
<134>2021-07-15T04:57:02Z cache-hkg17929 MEWElogs[355776]: ROTATE, 1626325022221556653, HKG, 15
<134>2021-07-15T04:57:05Z cache-man4150 MEWElogs[355776]: ROTATE, 1626325024747557584, MAN, 15
<134>2021-07-15T04:57:26Z cache-hkg17929 MEWElogs[355776]: ROTATE, 1626325045012730721, HKG, 15
<134>2021-07-15T04:57:36Z cache-man4150 MEWElogs[355776]: ROTATE, 1626325055814781143, MAN, 15
<134>2021-07-15T04:57:44Z cache-mrs10583 MEWElogs[355776]: ROTATE, 1626325063716518563, MRS, 15
