<134>2021-07-15T04:47:22Z cache-lcy19283 MEWElogs[400146]: ROTATE, 1626324441095366233, LCY, 15
<134>2021-07-15T04:47:32Z cache-fra19177 MEWElogs[400146]: ROTATE, 1626324451959222511, FRA, 15
<134>2021-07-15T04:48:03Z cache-dal21283 MEWElogs[400146]: ROTATE, 1626324482295675128, DAL, 15
<134>2021-07-15T04:48:11Z cache-iah17271 MEWElogs[400146]: ROTATE, 1626324490679229480, IAH, 15
<134>2021-07-15T04:48:37Z cache-dal21283 MEWElogs[400146]: ROTATE, 1626324517847546698, DAL, 15
<134>2021-07-15T04:48:59Z cache-den8274 MEWElogs[400146]: ROTATE, 1626324539733762484, DEN, 15
<134>2021-07-15T04:49:15Z cache-lcy19283 MEWElogs[400146]: ROTATE, 1626324554408172482, LCY, 15
<134>2021-07-15T04:50:07Z cache-fra19177 MEWElogs[400146]: ROTATE, 1626324606147498127, FRA, 15
<134>2021-07-15T04:50:28Z cache-lcy19283 MEWElogs[400146]: ROTATE, 1626324627927700065, LCY, 15
<134>2021-07-15T04:50:32Z cache-iah17271 MEWElogs[400146]: ROTATE, 1626324631082512987, IAH, 15
<134>2021-07-15T04:50:43Z cache-jnb7027 MEWElogs[400146]: ROTATE, 1626324642386735758, JNB, 15
<134>2021-07-15T04:50:51Z cache-mad22068 MEWElogs[400146]: ROTATE, 1626324650245501180, MAD, 15
<134>2021-07-15T04:51:07Z cache-mad22068 MEWElogs[400146]: ROTATE, 1626324666270703726, MAD, 15
<134>2021-07-15T04:51:17Z cache-iah17271 MEWElogs[400146]: ROTATE, 1626324677408980451, IAH, 15
<134>2021-07-15T04:51:18Z cache-den8274 MEWElogs[400146]: ROTATE, 1626324677754155889, DEN, 15
<134>2021-07-15T04:51:26Z cache-mrs10583 MEWElogs[400146]: ROTATE, 1626324685848073396, MRS, 15
<134>2021-07-15T04:51:34Z cache-mrs10583 MEWElogs[400146]: ROTATE, 1626324693785719419, MRS, 15
<134>2021-07-15T04:51:39Z cache-mad22068 MEWElogs[400146]: ROTATE, 1626324698790317683, MAD, 15
<134>2021-07-15T04:51:51Z cache-bur17583 MEWElogs[400146]: ROTATE, 1626324710748558975, BUR, 15
<134>2021-07-15T04:52:06Z cache-mrs10583 MEWElogs[400146]: ROTATE, 1626324725189927615, MRS, 15
<134>2021-07-15T04:52:14Z cache-mrs10583 MEWElogs[400146]: ROTATE, 1626324733128157732, MRS, 15
<134>2021-07-15T04:52:28Z cache-bur17583 MEWElogs[400146]: ROTATE, 1626324747700728394, BUR, 15
<134>2021-07-15T04:53:10Z cache-dal21283 MEWElogs[400146]: ROTATE, 1626324789299737768, DAL, 15
<134>2021-07-15T04:53:14Z cache-jnb7027 MEWElogs[400146]: ROTATE, 1626324793584244166, JNB, 15
<134>2021-07-15T04:53:23Z cache-hkg17929 MEWElogs[400146]: ROTATE, 1626324803193383640, HKG, 15
<134>2021-07-15T04:53:34Z cache-lhr7382 MEWElogs[400146]: ROTATE, 1626324812953355449, LHR, 15
<134>2021-07-15T04:53:52Z cache-jnb7027 MEWElogs[400146]: ROTATE, 1626324831370752780, JNB, 15
<134>2021-07-15T04:54:11Z cache-jnb7027 MEWElogs[400146]: ROTATE, 1626324850595532984, JNB, 15
<134>2021-07-15T04:54:59Z cache-mrs10583 MEWElogs[400146]: ROTATE, 1626324898447469692, MRS, 15
<134>2021-07-15T04:55:12Z cache-mci5951 MEWElogs[400146]: ROTATE, 1626324911195616415, MCI, 15
<134>2021-07-15T04:55:16Z cache-man4150 MEWElogs[400146]: ROTATE, 1626324916310667885, MAN, 15
<134>2021-07-15T04:55:56Z cache-man4150 MEWElogs[400146]: ROTATE, 1626324955235823141, MAN, 15
<134>2021-07-15T04:56:15Z cache-dal21283 MEWElogs[400146]: ROTATE, 1626324974231845157, DAL, 15
<134>2021-07-15T04:56:42Z cache-man4150 MEWElogs[400146]: ROTATE, 1626325001580821567, MAN, 15
<134>2021-07-15T04:56:43Z cache-lhr7382 MEWElogs[400146]: ROTATE, 1626325002098377255, LHR, 15
<134>2021-07-15T04:57:05Z cache-mrs10583 MEWElogs[400146]: ROTATE, 1626325024731941421, MRS, 15
<134>2021-07-15T04:57:15Z cache-yul12826 MEWElogs[400146]: ROTATE, 1626325034257342984, YUL, 15
