<134>2021-07-14T16:51:45Z cache-dfw18678 MEWElogs[322581]: FLIPH, 1626281505022530715, DFW, -1
<134>2021-07-14T16:51:46Z cache-pwk4920 MEWElogs[322581]: FLIPH, 1626281505718107957, PWK, -1
<134>2021-07-14T16:51:49Z cache-dub4329 MEWElogs[322581]: FLIPH, 1626281508041949460, DUB, 10
<134>2021-07-14T16:52:33Z cache-chi21126 MEWElogs[322581]: FLIPH, 1626281552482471563, CHI, -1
<134>2021-07-14T16:52:41Z cache-bos4657 MEWElogs[322581]: FLIPH, 1626281560887644606, BOS, -1
<134>2021-07-14T16:53:16Z cache-dub4329 MEWElogs[322581]: FLIPH, 1626281595528493495, DUB, 10
<134>2021-07-14T16:53:23Z cache-chi21126 MEWElogs[322581]: FLIPH, 1626281602623721089, CHI, 10
<134>2021-07-14T16:53:26Z cache-fty21383 MEWElogs[322581]: FLIPH, 1626281605150008096, FTY, 10
<134>2021-07-14T16:53:29Z cache-dub4329 MEWElogs[322581]: FLIPH, 1626281608669374144, DUB, -1
<134>2021-07-14T16:53:38Z cache-dfw18678 MEWElogs[322581]: FLIPH, 1626281617914219610, DFW, -1
<134>2021-07-14T16:53:40Z cache-pwk4920 MEWElogs[322581]: FLIPH, 1626281619516534555, PWK, 10
<134>2021-07-14T16:53:47Z cache-chi21126 MEWElogs[322581]: FLIPH, 1626281627679943732, CHI, -1
<134>2021-07-14T16:54:32Z cache-akl10324 MEWElogs[322581]: FLIPH, 1626281672215742728, AKL, 10
<134>2021-07-14T16:54:37Z cache-hhn4077 MEWElogs[322581]: FLIPH, 1626281676276407020, HHN, -1
<134>2021-07-14T16:55:21Z cache-fty21383 MEWElogs[322581]: FLIPH, 1626281720728023978, FTY, 10
<134>2021-07-14T16:55:38Z cache-fty21383 MEWElogs[322581]: FLIPH, 1626281737900865324, FTY, 10
<134>2021-07-14T16:55:46Z cache-pwk4920 MEWElogs[322581]: FLIPH, 1626281745911698361, PWK, -1
<134>2021-07-14T16:55:56Z cache-bos4657 MEWElogs[322581]: FLIPH, 1626281755005623282, BOS, 10
<134>2021-07-14T16:56:03Z cache-dfw18678 MEWElogs[322581]: FLIPH, 1626281762862097457, DFW, 10
<134>2021-07-14T16:56:04Z cache-bos4657 MEWElogs[322581]: FLIPH, 1626281763970321066, BOS, 10
<134>2021-07-14T16:56:06Z cache-pwk4920 MEWElogs[322581]: FLIPH, 1626281765815535550, PWK, -1
<134>2021-07-14T16:56:10Z cache-pwk4920 MEWElogs[322581]: FLIPH, 1626281769056093616, PWK, 10
<134>2021-07-14T16:56:35Z cache-hel6829 MEWElogs[322581]: FLIPH, 1626281794493018486, HEL, -1
<134>2021-07-14T16:56:46Z cache-del21735 MEWElogs[322581]: FLIPH, 1626281805570776434, DEL, 10
<134>2021-07-14T16:56:59Z cache-pwk4920 MEWElogs[322581]: FLIPH, 1626281818753070647, PWK, 10
<134>2021-07-14T16:57:10Z cache-dub4329 MEWElogs[322581]: FLIPH, 1626281829547892420, DUB, -1
<134>2021-07-14T16:57:16Z cache-hhn4077 MEWElogs[322581]: FLIPH, 1626281836308493827, HHN, 10
<134>2021-07-14T16:57:20Z cache-dfw18678 MEWElogs[322581]: FLIPH, 1626281839761976694, DFW, 10
<134>2021-07-14T16:57:22Z cache-bos4657 MEWElogs[322581]: FLIPH, 1626281841899025438, BOS, -1
<134>2021-07-14T16:57:52Z cache-cph20625 MEWElogs[322581]: FLIPH, 1626281871587064264, CPH, -1
<134>2021-07-14T16:58:01Z cache-bos4657 MEWElogs[322581]: FLIPH, 1626281880935386159, BOS, 10
<134>2021-07-14T16:58:05Z cache-pwk4920 MEWElogs[322581]: FLIPH, 1626281885512613459, PWK, -1
<134>2021-07-14T16:58:48Z cache-dfw18678 MEWElogs[322581]: FLIPH, 1626281927295353858, DFW, 10
<134>2021-07-14T16:58:48Z cache-iah17271 MEWElogs[322581]: FLIPH, 1626281928431781330, IAH, -1
<134>2021-07-14T16:59:19Z cache-jnb7027 MEWElogs[322581]: FLIPH, 1626281958078071239, JNB, 10
<134>2021-07-14T16:59:20Z cache-dfw18678 MEWElogs[322581]: FLIPH, 1626281959086318363, DFW, 10
<134>2021-07-14T16:59:25Z cache-pwk4920 MEWElogs[322581]: FLIPH, 1626281965233904824, PWK, -1
<134>2021-07-14T16:59:31Z cache-hel6829 MEWElogs[322581]: FLIPH, 1626281970054955664, HEL, -1
<134>2021-07-14T16:59:42Z cache-lcy19283 MEWElogs[322581]: FLIPH, 1626281982056911155, LCY, -1
<134>2021-07-14T17:00:29Z cache-iah17271 MEWElogs[322581]: FLIPH, 1626282029338976915, IAH, -1
<134>2021-07-14T17:00:55Z cache-fra19177 MEWElogs[322581]: FLIPH, 1626282055433837422, FRA, 10
<134>2021-07-14T17:00:55Z cache-iah17271 MEWElogs[322581]: FLIPH, 1626282054670412796, IAH, 10
<134>2021-07-14T17:01:03Z cache-lcy19283 MEWElogs[322581]: FLIPH, 1626282062702207263, LCY, -1
<134>2021-07-14T17:01:04Z cache-jnb7027 MEWElogs[322581]: FLIPH, 1626282063468126842, JNB, -1
<134>2021-07-14T17:01:27Z cache-lcy19283 MEWElogs[322581]: FLIPH, 1626282086713703191, LCY, 10
<134>2021-07-14T17:01:29Z cache-den8274 MEWElogs[322581]: FLIPH, 1626282089874159099, DEN, 10
<134>2021-07-14T17:01:33Z cache-fra19177 MEWElogs[322581]: FLIPH, 1626282092335030262, FRA, 10
<134>2021-07-14T17:01:36Z cache-iah17271 MEWElogs[322581]: FLIPH, 1626282095604161378, IAH, -1
