<134>2021-07-15T04:17:41Z cache-dca17782 MEWElogs[418388]: ROTATE, 1626322660165626175, DCA, 15
<134>2021-07-15T04:17:57Z cache-maa10251 MEWElogs[418388]: ROTATE, 1626322677596903825, MAA, 15
<134>2021-07-15T04:18:16Z cache-maa10251 MEWElogs[418388]: ROTATE, 1626322696164764164, MAA, 15
<134>2021-07-15T04:18:26Z cache-ams21020 MEWElogs[418388]: ROTATE, 1626322705645827696, AMS, 15
<134>2021-07-15T04:18:41Z cache-ams21020 MEWElogs[418388]: ROTATE, 1626322721041771926, AMS, 15
<134>2021-07-15T04:20:05Z cache-eze19324 MEWElogs[418388]: ROTATE, 1626322805207217011, EZE, 15
<134>2021-07-15T04:20:19Z cache-ord1740 MEWElogs[418388]: ROTATE, 1626322818063928822, ORD, 15
<134>2021-07-15T04:20:19Z cache-wdc5583 MEWElogs[418388]: ROTATE, 1626322818706033140, WDC, 15
<134>2021-07-15T04:22:00Z cache-akl10324 MEWElogs[418388]: ROTATE, 1626322920066924056, AKL, 15
<134>2021-07-15T04:22:37Z cache-wdc5583 MEWElogs[418388]: ROTATE, 1626322957309576807, WDC, 15
<134>2021-07-15T04:22:46Z cache-mdw17383 MEWElogs[418388]: ROTATE, 1626322965310491013, MDW, 15
<134>2021-07-15T04:23:15Z cache-cwb20520 MEWElogs[418388]: ROTATE, 1626322994342059810, CWB, 15
<134>2021-07-15T04:23:41Z cache-wdc5583 MEWElogs[418388]: ROTATE, 1626323021559570983, WDC, 15
<134>2021-07-15T04:24:34Z cache-cwb20520 MEWElogs[418388]: ROTATE, 1626323073592283954, CWB, 15
<134>2021-07-15T04:26:23Z cache-del21735 MEWElogs[418388]: ROTATE, 1626323182741092382, DEL, 15
<134>2021-07-15T04:26:32Z cache-del21735 MEWElogs[418388]: ROTATE, 1626323191795344623, DEL, 15
<134>2021-07-15T04:27:05Z cache-cwb20520 MEWElogs[418388]: ROTATE, 1626323224179353935, CWB, 15
<134>2021-07-15T04:27:21Z cache-dub4329 MEWElogs[418388]: ROTATE, 1626323240231397010, DUB, 15
<134>2021-07-15T04:27:29Z cache-dub4329 MEWElogs[418388]: ROTATE, 1626323247999804990, DUB, 15
<134>2021-07-15T04:27:36Z cache-dub4329 MEWElogs[418388]: ROTATE, 1626323255662171775, DUB, 15
