<134>2021-07-14T17:23:06Z cache-mad22068 MEWElogs[39982]: FLIPH, 1626283386065074388, MAD, -1
<134>2021-07-14T17:23:25Z cache-lax10677 MEWElogs[39982]: FLIPH, 1626283404907708730, LGB, 10
<134>2021-07-14T17:23:30Z cache-mrs10583 MEWElogs[39982]: FLIPH, 1626283410067460668, MRS, -1
<134>2021-07-14T17:23:37Z cache-mci5951 MEWElogs[39982]: FLIPH, 1626283417060646876, MCI, -1
<134>2021-07-14T17:23:45Z cache-lax10677 MEWElogs[39982]: FLIPH, 1626283425657256481, LGB, 10
<134>2021-07-14T17:24:12Z cache-yul12826 MEWElogs[39982]: FLIPH, 1626283452120046185, YUL, -1
<134>2021-07-14T17:24:17Z cache-stp9226 MEWElogs[39982]: FLIPH, 1626283456400989593, STP, 10
<134>2021-07-14T17:24:18Z cache-hkg17929 MEWElogs[39982]: FLIPH, 1626283458650412051, HKG, 10
<134>2021-07-14T17:24:32Z cache-mia11368 MEWElogs[39982]: FLIPH, 1626283471614313817, MIA, -1
<134>2021-07-14T17:24:40Z cache-hkg17929 MEWElogs[39982]: FLIPH, 1626283480069209757, HKG, 10
<134>2021-07-14T17:24:46Z cache-lax10677 MEWElogs[39982]: FLIPH, 1626283486488063996, LGB, 10
<134>2021-07-14T17:25:11Z cache-mad22068 MEWElogs[39982]: FLIPH, 1626283510544877289, MAD, 10
<134>2021-07-14T17:25:27Z cache-yul12826 MEWElogs[39982]: FLIPH, 1626283526079574521, YUL, -1
<134>2021-07-14T17:25:43Z cache-mci5951 MEWElogs[39982]: FLIPH, 1626283542929582271, MCI, 10
<134>2021-07-14T17:25:49Z cache-jax20933 MEWElogs[39982]: FLIPH, 1626283548678932272, JAX, -1
<134>2021-07-14T17:25:53Z cache-mci5951 MEWElogs[39982]: FLIPH, 1626283552977964676, MCI, 10
<134>2021-07-14T17:25:54Z cache-yul12826 MEWElogs[39982]: FLIPH, 1626283554545249248, YUL, -1
<134>2021-07-14T17:25:56Z cache-lhr7382 MEWElogs[39982]: FLIPH, 1626283555799491839, LHR, 10
<134>2021-07-14T17:26:28Z cache-hkg17929 MEWElogs[39982]: FLIPH, 1626283587975836417, HKG, 10
<134>2021-07-14T17:26:33Z cache-lax10677 MEWElogs[39982]: FLIPH, 1626283592625265223, LGB, -1
<134>2021-07-14T17:26:39Z cache-mad22068 MEWElogs[39982]: FLIPH, 1626283598987369029, MAD, 10
<134>2021-07-14T17:26:57Z cache-mrs10583 MEWElogs[39982]: FLIPH, 1626283616099509525, MRS, 10
<134>2021-07-14T17:27:05Z cache-mia11368 MEWElogs[39982]: FLIPH, 1626283624521938439, MIA, -1
<134>2021-07-14T17:27:21Z cache-lhr7382 MEWElogs[39982]: FLIPH, 1626283640616678880, LHR, -1
<134>2021-07-14T17:27:29Z cache-lhr7382 MEWElogs[39982]: FLIPH, 1626283649158041884, LHR, -1
<134>2021-07-14T17:27:32Z cache-lhr7382 MEWElogs[39982]: FLIPH, 1626283652213653837, LHR, 10
<134>2021-07-14T17:27:39Z cache-stp9226 MEWElogs[39982]: FLIPH, 1626283659852195767, STP, -1
<134>2021-07-14T17:27:52Z cache-lax10677 MEWElogs[39982]: FLIPH, 1626283672312974705, LGB, -1
<134>2021-07-14T17:28:05Z cache-stp9226 MEWElogs[39982]: FLIPH, 1626283684788080717, STP, 10
<134>2021-07-14T17:28:12Z cache-lax10677 MEWElogs[39982]: FLIPH, 1626283692141125573, LGB, -1
<134>2021-07-14T17:28:15Z cache-lax10677 MEWElogs[39982]: FLIPH, 1626283695130512297, LGB, 10
<134>2021-07-14T17:28:26Z cache-lax10677 MEWElogs[39982]: FLIPH, 1626283705147379697, LGB, 10
<134>2021-07-14T17:28:48Z cache-mad22068 MEWElogs[39982]: FLIPH, 1626283728333680700, MAD, -1
<134>2021-07-14T17:29:14Z cache-mci5951 MEWElogs[39982]: FLIPH, 1626283754066701033, MCI, 10
<134>2021-07-14T17:29:24Z cache-mel11272 MEWElogs[39982]: FLIPH, 1626283763629687974, MEL, 10
<134>2021-07-14T17:29:31Z cache-hkg17929 MEWElogs[39982]: FLIPH, 1626283770895545259, HKG, 10
<134>2021-07-14T17:29:35Z cache-jax20933 MEWElogs[39982]: FLIPH, 1626283775742837972, JAX, -1
<134>2021-07-14T17:29:52Z cache-mci5951 MEWElogs[39982]: FLIPH, 1626283791484086284, MCI, -1
<134>2021-07-14T17:30:20Z cache-mia11368 MEWElogs[39982]: FLIPH, 1626283819898605014, MIA, 10
<134>2021-07-14T17:31:02Z cache-mci5951 MEWElogs[39982]: FLIPH, 1626283862059129963, MCI, -1
<134>2021-07-14T17:31:10Z cache-lax10677 MEWElogs[39982]: FLIPH, 1626283870057304189, LGB, -1
<134>2021-07-14T17:31:21Z cache-yul12826 MEWElogs[39982]: FLIPH, 1626283880302321290, YUL, 10
<134>2021-07-14T17:31:24Z cache-jax20933 MEWElogs[39982]: FLIPH, 1626283883905157450, JAX, -1
<134>2021-07-14T17:31:27Z cache-stp9226 MEWElogs[39982]: FLIPH, 1626283887857015122, STP, -1
<134>2021-07-14T17:31:34Z cache-ewr18156 MEWElogs[39982]: FLIPH, 1626283894101210493, EWR, 10
<134>2021-07-14T17:31:36Z cache-mel11272 MEWElogs[39982]: FLIPH, 1626283894919214050, MEL, 10
<134>2021-07-14T17:31:38Z cache-stp9226 MEWElogs[39982]: FLIPH, 1626283898668144588, STP, -1
<134>2021-07-14T17:31:57Z cache-yul12826 MEWElogs[39982]: FLIPH, 1626283917366820175, YUL, 10
<134>2021-07-14T17:32:02Z cache-mia11368 MEWElogs[39982]: FLIPH, 1626283921923733744, MIA, 10
<134>2021-07-14T17:32:13Z cache-lax10677 MEWElogs[39982]: FLIPH, 1626283932816889645, LGB, 10
<134>2021-07-14T17:32:35Z cache-yul12826 MEWElogs[39982]: FLIPH, 1626283954291330280, YUL, 10
<134>2021-07-14T17:32:37Z cache-jax20933 MEWElogs[39982]: FLIPH, 1626283956520966380, JAX, -1
<134>2021-07-14T17:32:41Z cache-jax20933 MEWElogs[39982]: FLIPH, 1626283960996460834, JAX, 10
<134>2021-07-14T17:32:45Z cache-ewr18156 MEWElogs[39982]: FLIPH, 1626283965714590453, EWR, -1
<134>2021-07-14T17:32:53Z cache-yul12826 MEWElogs[39982]: FLIPH, 1626283972947989643, YUL, 10
<134>2021-07-14T17:32:57Z cache-mel11272 MEWElogs[39982]: FLIPH, 1626283976351661674, MEL, 10
<134>2021-07-14T17:33:05Z cache-ewr18156 MEWElogs[39982]: FLIPH, 1626283984195993951, EWR, -1
