<134>2021-07-14T21:00:24Z cache-dca17782 MEWElogs[382896]: BLUR, 1626296424332881112, DCA, 11
<134>2021-07-14T21:00:39Z cache-maa10251 MEWElogs[382896]: BLUR, 1626296438072513456, MAA, 11
<134>2021-07-14T21:00:54Z cache-bog6425 MEWElogs[382896]: BLUR, 1626296453522394914, BOG, 11
<134>2021-07-14T21:00:59Z cache-pdk17882 MEWElogs[382896]: BLUR, 1626296458906361700, PDK, 11
<134>2021-07-14T21:01:12Z cache-ams21020 MEWElogs[382896]: BLUR, 1626296472457510707, AMS, 11
<134>2021-07-14T21:01:46Z cache-dca17782 MEWElogs[382896]: BLUR, 1626296505825522293, DCA, 11
<134>2021-07-14T21:02:50Z cache-dca17782 MEWElogs[382896]: BLUR, 1626296569998836453, DCA, 11
<134>2021-07-14T21:03:05Z cache-bog6425 MEWElogs[382896]: BLUR, 1626296584016865131, BOG, 11
<134>2021-07-14T21:03:34Z cache-cmh21547 MEWElogs[382896]: BLUR, 1626296613751308004, CMH, 11
<134>2021-07-14T21:03:36Z cache-bog6425 MEWElogs[382896]: BLUR, 1626296615949552691, BOG, 11
<134>2021-07-14T21:03:48Z cache-pdk17882 MEWElogs[382896]: BLUR, 1626296628818128941, PDK, 11
<134>2021-07-14T21:03:52Z cache-cmh21547 MEWElogs[382896]: BLUR, 1626296632811341660, CMH, 11
<134>2021-07-14T21:04:49Z cache-eze19324 MEWElogs[382896]: BLUR, 1626296687748557161, EZE, 11
<134>2021-07-14T21:05:00Z cache-dca17782 MEWElogs[382896]: BLUR, 1626296699447870564, DCA, 11
<134>2021-07-14T21:05:00Z cache-ord1740 MEWElogs[382896]: BLUR, 1626296699797926216, ORD, 11
<134>2021-07-14T21:05:39Z cache-pdk17882 MEWElogs[382896]: BLUR, 1626296738407293370, PDK, 11
<134>2021-07-14T21:06:36Z cache-bog6425 MEWElogs[382896]: BLUR, 1626296795931524481, BOG, 11
<134>2021-07-14T21:06:56Z cache-pdk17882 MEWElogs[382896]: BLUR, 1626296815596496955, PDK, 11
<134>2021-07-14T21:06:59Z cache-wdc5583 MEWElogs[382896]: BLUR, 1626296818651060775, WDC, 11
<134>2021-07-14T21:07:27Z cache-pdk17882 MEWElogs[382896]: BLUR, 1626296846670640264, PDK, 11
<134>2021-07-14T21:07:28Z cache-maa10251 MEWElogs[382896]: BLUR, 1626296847228278978, MAA, 11
<134>2021-07-14T21:07:39Z cache-dca17782 MEWElogs[382896]: BLUR, 1626296858948311260, DCA, 11
<134>2021-07-14T21:08:32Z cache-bog6425 MEWElogs[382896]: BLUR, 1626296911596419736, BOG, 11
<134>2021-07-14T21:09:01Z cache-ams21020 MEWElogs[382896]: BLUR, 1626296941837309707, AMS, 11
<134>2021-07-14T21:09:30Z cache-pdk17882 MEWElogs[382896]: BLUR, 1626296970328662845, PDK, 11
<134>2021-07-14T21:10:01Z cache-ord1740 MEWElogs[382896]: BLUR, 1626297000594029830, ORD, 11
<134>2021-07-14T21:10:17Z cache-ord1740 MEWElogs[382896]: BLUR, 1626297016173815495, ORD, 11
