<134>2021-07-15T06:21:32Z cache-mdw17383 MEWElogs[418388]: UNSH, 1626330091295882948, MDW, 16
<134>2021-07-15T06:21:35Z cache-cph20625 MEWElogs[418388]: UNSH, 1626330094396856970, CPH, 16
<134>2021-07-15T06:21:35Z cache-ord1740 MEWElogs[418388]: UNSH, 1626330094476352899, ORD, 16
<134>2021-07-15T06:21:54Z cache-mdw17383 MEWElogs[418388]: UNSH, 1626330113114236395, MDW, 16
<134>2021-07-15T06:21:57Z cache-maa10251 MEWElogs[418388]: UNSH, 1626330116337570088, MAA, 16
<134>2021-07-15T06:23:05Z cache-bog6425 MEWElogs[418388]: UNSH, 1626330183972448093, BOG, 16
<134>2021-07-15T06:23:13Z cache-ord1740 MEWElogs[418388]: UNSH, 1626330191994562212, ORD, 16
<134>2021-07-15T06:23:15Z cache-dca17782 MEWElogs[418388]: UNSH, 1626330195788331359, DCA, 16
<134>2021-07-15T06:24:39Z cache-ord1740 MEWElogs[418388]: UNSH, 1626330278530784734, ORD, 16
<134>2021-07-15T06:25:07Z cache-akl10324 MEWElogs[418388]: UNSH, 1626330306542280306, AKL, 16
<134>2021-07-15T06:25:11Z cache-bog6425 MEWElogs[418388]: UNSH, 1626330311245295084, BOG, 16
<134>2021-07-15T06:25:13Z cache-dfw18678 MEWElogs[418388]: UNSH, 1626330312676268862, DFW, 16
<134>2021-07-15T06:25:35Z cache-mdw17383 MEWElogs[418388]: UNSH, 1626330334836428305, MDW, 16
<134>2021-07-15T06:25:40Z cache-akl10324 MEWElogs[418388]: UNSH, 1626330339761079139, AKL, 16
<134>2021-07-15T06:25:58Z cache-chi21126 MEWElogs[418388]: UNSH, 1626330357600520213, CHI, 16
<134>2021-07-15T06:26:46Z cache-dub4329 MEWElogs[418388]: UNSH, 1626330405640353618, DUB, 16
<134>2021-07-15T06:27:18Z cache-bos4657 MEWElogs[418388]: UNSH, 1626330437585233576, BOS, 16
<134>2021-07-15T06:28:03Z cache-bos4657 MEWElogs[418388]: UNSH, 1626330482399122782, BOS, 16
<134>2021-07-15T06:29:23Z cache-chi21126 MEWElogs[418388]: UNSH, 1626330563022924668, CHI, 16
<134>2021-07-15T06:29:38Z cache-pwk4920 MEWElogs[418388]: UNSH, 1626330577794314431, PWK, 16
<134>2021-07-15T06:30:55Z cache-del21735 MEWElogs[418388]: UNSH, 1626330654829209365, DEL, 16
<134>2021-07-15T06:31:10Z cache-bos4657 MEWElogs[418388]: UNSH, 1626330669384823112, BOS, 16
