<134>2021-07-15T06:39:24Z cache-chi21126 MEWElogs[334804]: UNSH, 1626331163930455882, CHI, 16
<134>2021-07-15T06:39:30Z cache-bos4657 MEWElogs[334804]: UNSH, 1626331169379461527, BOS, 16
<134>2021-07-15T06:39:41Z cache-akl10324 MEWElogs[334804]: UNSH, 1626331181097263183, AKL, 16
<134>2021-07-15T06:39:49Z cache-dub4329 MEWElogs[334804]: UNSH, 1626331188740271620, DUB, 16
<134>2021-07-15T06:40:14Z cache-dal21283 MEWElogs[334804]: UNSH, 1626331213661888777, DAL, 16
<134>2021-07-15T06:40:24Z cache-dal21283 MEWElogs[334804]: UNSH, 1626331223214659752, DAL, 16
<134>2021-07-15T06:40:32Z cache-fra19177 MEWElogs[334804]: UNSH, 1626331231854568158, FRA, 16
<134>2021-07-15T06:40:38Z cache-del21735 MEWElogs[334804]: UNSH, 1626331237411471034, DEL, 16
<134>2021-07-15T06:41:05Z cache-dal21283 MEWElogs[334804]: UNSH, 1626331265148152962, DAL, 16
<134>2021-07-15T06:41:09Z cache-fra19177 MEWElogs[334804]: UNSH, 1626331268513429685, FRA, 16
<134>2021-07-15T06:41:35Z cache-pwk4920 MEWElogs[334804]: UNSH, 1626331294375638872, PWK, 16
<134>2021-07-15T06:41:42Z cache-cwb20520 MEWElogs[334804]: UNSH, 1626331302130498255, CWB, 16
<134>2021-07-15T06:41:56Z cache-akl10324 MEWElogs[334804]: UNSH, 1626331315252032884, AKL, 16
<134>2021-07-15T06:42:04Z cache-cwb20520 MEWElogs[334804]: UNSH, 1626331322896039005, CWB, 16
<134>2021-07-15T06:42:18Z cache-akl10324 MEWElogs[334804]: UNSH, 1626331337500624023, AKL, 16
<134>2021-07-15T06:42:43Z cache-hhn4077 MEWElogs[334804]: UNSH, 1626331362654686704, HHN, 16
<134>2021-07-15T06:43:33Z cache-fra19177 MEWElogs[334804]: UNSH, 1626331412669903767, FRA, 16
<134>2021-07-15T06:43:48Z cache-cwb20520 MEWElogs[334804]: UNSH, 1626331427512749617, CWB, 16
<134>2021-07-15T06:43:51Z cache-fra19177 MEWElogs[334804]: UNSH, 1626331430595801996, FRA, 16
<134>2021-07-15T06:44:01Z cache-den8274 MEWElogs[334804]: UNSH, 1626331440802797857, DEN, 16
<134>2021-07-15T06:44:19Z cache-den8274 MEWElogs[334804]: UNSH, 1626331459126247440, DEN, 16
<134>2021-07-15T06:44:38Z cache-den8274 MEWElogs[334804]: UNSH, 1626331477712164501, DEN, 16
<134>2021-07-15T06:45:20Z cache-dal21283 MEWElogs[334804]: UNSH, 1626331520161772570, DAL, 16
<134>2021-07-15T06:46:02Z cache-den8274 MEWElogs[334804]: UNSH, 1626331561494406621, DEN, 16
<134>2021-07-15T06:46:40Z cache-fra19177 MEWElogs[334804]: UNSH, 1626331600161871713, FRA, 16
<134>2021-07-15T06:46:59Z cache-mad22068 MEWElogs[334804]: UNSH, 1626331618847207273, MAD, 16
<134>2021-07-15T06:47:04Z cache-jnb7027 MEWElogs[334804]: UNSH, 1626331623656252361, JNB, 16
<134>2021-07-15T06:47:05Z cache-lcy19283 MEWElogs[334804]: UNSH, 1626331625119237568, LCY, 16
<134>2021-07-15T06:48:11Z cache-lcy19283 MEWElogs[334804]: UNSH, 1626331691301094045, LCY, 16
<134>2021-07-15T06:48:35Z cache-den8274 MEWElogs[334804]: UNSH, 1626331714819385692, DEN, 16
<134>2021-07-15T06:48:47Z cache-fra19177 MEWElogs[334804]: UNSH, 1626331726194392134, FRA, 16
<134>2021-07-15T06:49:03Z cache-den8274 MEWElogs[334804]: UNSH, 1626331742715223152, DEN, 16
<134>2021-07-15T06:49:09Z cache-dal21283 MEWElogs[334804]: UNSH, 1626331749536548116, DAL, 16
<134>2021-07-15T06:49:22Z cache-lon4249 MEWElogs[334804]: UNSH, 1626331761503095129, LON, 16
