<134>2021-07-14T16:52:02Z cache-akl10324 MEWElogs[412844]: FLIPH, 1626281521172781761, AKL, 10
<134>2021-07-14T16:52:17Z cache-bos4657 MEWElogs[412844]: FLIPH, 1626281536276452762, BOS, 10
<134>2021-07-14T16:52:19Z cache-dfw18678 MEWElogs[412844]: FLIPH, 1626281538435631398, DFW, -1
<134>2021-07-14T16:52:29Z cache-hhn4077 MEWElogs[412844]: FLIPH, 1626281548774104719, HHN, -1
<134>2021-07-14T16:52:35Z cache-bos4657 MEWElogs[412844]: FLIPH, 1626281554810138172, BOS, 10
<134>2021-07-14T16:52:40Z cache-hhn4077 MEWElogs[412844]: FLIPH, 1626281560426917155, HHN, -1
<134>2021-07-14T16:52:52Z cache-akl10324 MEWElogs[412844]: FLIPH, 1626281571450000790, AKL, 10
<134>2021-07-14T16:53:00Z cache-akl10324 MEWElogs[412844]: FLIPH, 1626281578921911336, AKL, -1
<134>2021-07-14T16:53:16Z cache-del21735 MEWElogs[412844]: FLIPH, 1626281595248407076, DEL, 10
<134>2021-07-14T16:53:18Z cache-cph20625 MEWElogs[412844]: FLIPH, 1626281597742673577, CPH, 10
<134>2021-07-14T16:53:24Z cache-cph20625 MEWElogs[412844]: FLIPH, 1626281604360215014, CPH, -1
<134>2021-07-14T16:53:42Z cache-chi21126 MEWElogs[412844]: FLIPH, 1626281621215140288, CHI, 10
<134>2021-07-14T16:54:00Z cache-pwk4920 MEWElogs[412844]: FLIPH, 1626281639765554081, PWK, 10
<134>2021-07-14T16:54:11Z cache-dfw18678 MEWElogs[412844]: FLIPH, 1626281650872765352, DFW, -1
<134>2021-07-14T16:54:14Z cache-del21735 MEWElogs[412844]: FLIPH, 1626281653543048462, DEL, -1
<134>2021-07-14T16:54:24Z cache-chi21126 MEWElogs[412844]: FLIPH, 1626281664816725872, CHI, -1
<134>2021-07-14T16:54:44Z cache-chi21126 MEWElogs[412844]: FLIPH, 1626281683992243831, CHI, -1
<134>2021-07-14T16:54:46Z cache-pwk4920 MEWElogs[412844]: FLIPH, 1626281685865066484, PWK, -1
<134>2021-07-14T16:54:49Z cache-pwk4920 MEWElogs[412844]: FLIPH, 1626281689137895566, PWK, 10
<134>2021-07-14T16:54:56Z cache-dfw18678 MEWElogs[412844]: FLIPH, 1626281695253973254, DFW, -1
<134>2021-07-14T16:54:57Z cache-del21735 MEWElogs[412844]: FLIPH, 1626281696206331748, DEL, -1
<134>2021-07-14T16:54:59Z cache-dfw18678 MEWElogs[412844]: FLIPH, 1626281698587067262, DFW, 10
<134>2021-07-14T16:55:03Z cache-dub4329 MEWElogs[412844]: FLIPH, 1626281702817867025, DUB, -1
<134>2021-07-14T16:55:39Z cache-del21735 MEWElogs[412844]: FLIPH, 1626281738119555619, DEL, 10
<134>2021-07-14T16:55:42Z cache-akl10324 MEWElogs[412844]: FLIPH, 1626281741335072290, AKL, -1
<134>2021-07-14T16:55:48Z cache-dfw18678 MEWElogs[412844]: FLIPH, 1626281748467120297, DFW, -1
<134>2021-07-14T16:56:11Z cache-fty21383 MEWElogs[412844]: FLIPH, 1626281770752049131, FTY, 10
<134>2021-07-14T16:56:12Z cache-chi21126 MEWElogs[412844]: FLIPH, 1626281772132077349, CHI, 10
<134>2021-07-14T16:56:29Z cache-hel6829 MEWElogs[412844]: FLIPH, 1626281788157125602, HEL, 10
<134>2021-07-14T16:56:41Z cache-chi21126 MEWElogs[412844]: FLIPH, 1626281800619665628, CHI, 10
<134>2021-07-14T16:56:43Z cache-dfw18678 MEWElogs[412844]: FLIPH, 1626281803211065878, DFW, -1
<134>2021-07-14T16:56:53Z cache-akl10324 MEWElogs[412844]: FLIPH, 1626281812306114875, AKL, -1
<134>2021-07-14T16:56:54Z cache-hel6829 MEWElogs[412844]: FLIPH, 1626281813868710170, HEL, -1
<134>2021-07-14T16:56:56Z cache-pwk4920 MEWElogs[412844]: FLIPH, 1626281815566792000, PWK, -1
<134>2021-07-14T16:57:05Z cache-akl10324 MEWElogs[412844]: FLIPH, 1626281824732585279, AKL, 10
<134>2021-07-14T16:57:13Z cache-dub4329 MEWElogs[412844]: FLIPH, 1626281832173161349, DUB, 10
<134>2021-07-14T16:57:33Z cache-dub4329 MEWElogs[412844]: FLIPH, 1626281853008844566, DUB, -1
<134>2021-07-14T16:57:35Z cache-pwk4920 MEWElogs[412844]: FLIPH, 1626281855374113162, PWK, -1
<134>2021-07-14T16:57:37Z cache-hel6829 MEWElogs[412844]: FLIPH, 1626281857152827255, HEL, 10
<134>2021-07-14T16:57:53Z cache-akl10324 MEWElogs[412844]: FLIPH, 1626281872650134878, AKL, -1
<134>2021-07-14T16:57:56Z cache-akl10324 MEWElogs[412844]: FLIPH, 1626281875094766002, AKL, 10
<134>2021-07-14T16:58:01Z cache-dfw18678 MEWElogs[412844]: FLIPH, 1626281880760897980, DFW, -1
<134>2021-07-14T16:58:03Z cache-cph20625 MEWElogs[412844]: FLIPH, 1626281882610787046, CPH, -1
<134>2021-07-14T16:58:15Z cache-dfw18678 MEWElogs[412844]: FLIPH, 1626281895253587268, DFW, 10
<134>2021-07-14T16:58:16Z cache-iah17271 MEWElogs[412844]: FLIPH, 1626281895373266875, IAH, -1
<134>2021-07-14T16:58:23Z cache-dfw18678 MEWElogs[412844]: FLIPH, 1626281902872273544, DFW, -1
<134>2021-07-14T16:58:26Z cache-akl10324 MEWElogs[412844]: FLIPH, 1626281904896265248, AKL, 10
<134>2021-07-14T16:58:36Z cache-pwk4920 MEWElogs[412844]: FLIPH, 1626281915217337064, PWK, -1
<134>2021-07-14T16:58:36Z cache-cph20625 MEWElogs[412844]: FLIPH, 1626281916458117426, CPH, -1
<134>2021-07-14T16:59:03Z cache-lcy19283 MEWElogs[412844]: FLIPH, 1626281942258300204, LCY, -1
<134>2021-07-14T16:59:05Z cache-lcy19283 MEWElogs[412844]: FLIPH, 1626281945679425913, LCY, 10
<134>2021-07-14T16:59:22Z cache-lcy19283 MEWElogs[412844]: FLIPH, 1626281962129910985, LCY, -1
<134>2021-07-14T16:59:23Z cache-iah17271 MEWElogs[412844]: FLIPH, 1626281962344822506, IAH, -1
<134>2021-07-14T16:59:32Z cache-fra19177 MEWElogs[412844]: FLIPH, 1626281972120845390, FRA, -1
<134>2021-07-14T16:59:50Z cache-hel6829 MEWElogs[412844]: FLIPH, 1626281990060547989, HEL, -1
<134>2021-07-14T16:59:56Z cache-lcy19283 MEWElogs[412844]: FLIPH, 1626281995376086923, LCY, 10
<134>2021-07-14T17:00:04Z cache-hel6829 MEWElogs[412844]: FLIPH, 1626282003578913626, HEL, 10
<134>2021-07-14T17:00:11Z cache-del21735 MEWElogs[412844]: FLIPH, 1626282010634143711, DEL, -1
<134>2021-07-14T17:00:55Z cache-dfw18678 MEWElogs[412844]: FLIPH, 1626282054822450783, DFW, -1
<134>2021-07-14T17:01:06Z cache-dfw18678 MEWElogs[412844]: FLIPH, 1626282066251556110, DFW, -1
<134>2021-07-14T17:01:13Z cache-hhn4077 MEWElogs[412844]: FLIPH, 1626282072776851440, HHN, -1
<134>2021-07-14T17:01:21Z cache-dfw18678 MEWElogs[412844]: FLIPH, 1626282080685722353, DFW, 10
<134>2021-07-14T17:01:24Z cache-cwb20520 MEWElogs[412844]: FLIPH, 1626282083018372992, CWB, -1
<134>2021-07-14T17:01:34Z cache-lcy19283 MEWElogs[412844]: FLIPH, 1626282093473742937, LCY, -1
<134>2021-07-14T17:01:36Z cache-cwb20520 MEWElogs[412844]: FLIPH, 1626282095422256212, CWB, 10
<134>2021-07-14T17:01:38Z cache-hel6829 MEWElogs[412844]: FLIPH, 1626282097700863958, HEL, -1
<134>2021-07-14T17:01:40Z cache-hhn4077 MEWElogs[412844]: FLIPH, 1626282099966003264, HHN, 10
<134>2021-07-14T17:01:46Z cache-den8274 MEWElogs[412844]: FLIPH, 1626282105204284726, DEN, -1
<134>2021-07-14T17:01:58Z cache-iah17271 MEWElogs[412844]: FLIPH, 1626282118349586812, IAH, -1
