<134>2021-07-15T01:21:33Z cache-ord1740 MEWElogs[320228]: GRAY, 1626312092406579155, ORD, 13
<134>2021-07-15T01:21:40Z cache-bog6425 MEWElogs[320228]: GRAY, 1626312099984802522, BOG, 13
<134>2021-07-15T01:21:47Z cache-wdc5583 MEWElogs[320228]: GRAY, 1626312107044001250, WDC, 13
<134>2021-07-15T01:21:57Z cache-maa10251 MEWElogs[320228]: GRAY, 1626312116886002536, MAA, 13
<134>2021-07-15T01:22:03Z cache-pdk17882 MEWElogs[320228]: GRAY, 1626312123272194023, PDK, 13
<134>2021-07-15T01:22:05Z cache-cmh21547 MEWElogs[320228]: GRAY, 1626312124301754596, CMH, 13
<134>2021-07-15T01:22:10Z cache-dca17782 MEWElogs[320228]: GRAY, 1626312130045379808, DCA, 13
<134>2021-07-15T01:22:13Z cache-ord1740 MEWElogs[320228]: GRAY, 1626312132672471571, ORD, 13
<134>2021-07-15T01:22:14Z cache-bog6425 MEWElogs[320228]: GRAY, 1626312133156563901, BOG, 13
<134>2021-07-15T01:22:45Z cache-maa10251 MEWElogs[320228]: GRAY, 1626312164365373548, MAA, 13
<134>2021-07-15T01:22:47Z cache-eze19324 MEWElogs[320228]: GRAY, 1626312166754060282, EZE, 13
<134>2021-07-15T01:22:48Z cache-dca17782 MEWElogs[320228]: GRAY, 1626312168289712974, DCA, 13
<134>2021-07-15T01:23:01Z cache-bog6425 MEWElogs[320228]: GRAY, 1626312180364492306, BOG, 13
<134>2021-07-15T01:23:22Z cache-ord1740 MEWElogs[320228]: GRAY, 1626312201047600483, ORD, 13
<134>2021-07-15T01:23:27Z cache-ord1740 MEWElogs[320228]: GRAY, 1626312206704954248, ORD, 13
<134>2021-07-15T01:23:52Z cache-pdk17882 MEWElogs[320228]: GRAY, 1626312231669071739, PDK, 13
<134>2021-07-15T01:24:15Z cache-pdk17882 MEWElogs[320228]: GRAY, 1626312255552604182, PDK, 13
<134>2021-07-15T01:24:22Z cache-pdk17882 MEWElogs[320228]: GRAY, 1626312261534064928, PDK, 13
<134>2021-07-15T01:24:28Z cache-pdk17882 MEWElogs[320228]: GRAY, 1626312267498125280, PDK, 13
<134>2021-07-15T01:24:31Z cache-wdc5583 MEWElogs[320228]: GRAY, 1626312270266558813, WDC, 13
<134>2021-07-15T01:24:42Z cache-dca17782 MEWElogs[320228]: GRAY, 1626312280949946045, DCA, 13
<134>2021-07-15T01:24:58Z cache-pdk17882 MEWElogs[320228]: GRAY, 1626312297431150470, PDK, 13
<134>2021-07-15T01:25:04Z cache-pdk17882 MEWElogs[320228]: GRAY, 1626312303442654675, PDK, 13
<134>2021-07-15T01:25:05Z cache-ams21020 MEWElogs[320228]: GRAY, 1626312304310962154, AMS, 13
<134>2021-07-15T01:25:23Z cache-ams21020 MEWElogs[320228]: GRAY, 1626312323358558114, AMS, 13
<134>2021-07-15T01:25:31Z cache-dca17782 MEWElogs[320228]: GRAY, 1626312330272339599, DCA, 13
<134>2021-07-15T01:25:54Z cache-bog6425 MEWElogs[320228]: GRAY, 1626312353323277755, BOG, 13
<134>2021-07-15T01:26:08Z cache-dca17782 MEWElogs[320228]: GRAY, 1626312368208901925, DCA, 13
<134>2021-07-15T01:26:09Z cache-eze19324 MEWElogs[320228]: GRAY, 1626312368306973507, EZE, 13
<134>2021-07-15T01:26:27Z cache-ams21020 MEWElogs[320228]: GRAY, 1626312386140090408, AMS, 13
<134>2021-07-15T01:26:30Z cache-cmh21547 MEWElogs[320228]: GRAY, 1626312389429461761, CMH, 13
<134>2021-07-15T01:26:47Z cache-pdk17882 MEWElogs[320228]: GRAY, 1626312406483266576, PDK, 13
<134>2021-07-15T01:26:52Z cache-cmh21547 MEWElogs[320228]: GRAY, 1626312412554386896, CMH, 13
<134>2021-07-15T01:26:59Z cache-dca17782 MEWElogs[320228]: GRAY, 1626312419128910107, DCA, 13
<134>2021-07-15T01:26:59Z cache-ord1740 MEWElogs[320228]: GRAY, 1626312418699317825, ORD, 13
<134>2021-07-15T01:27:14Z cache-eze19324 MEWElogs[320228]: GRAY, 1626312433495549178, EZE, 13
<134>2021-07-15T01:27:34Z cache-ord1740 MEWElogs[320228]: GRAY, 1626312453300219324, ORD, 13
<134>2021-07-15T01:27:37Z cache-pdk17882 MEWElogs[320228]: GRAY, 1626312457307990769, PDK, 13
<134>2021-07-15T01:27:43Z cache-dca17782 MEWElogs[320228]: GRAY, 1626312462524160325, DCA, 13
<134>2021-07-15T01:28:07Z cache-dca17782 MEWElogs[320228]: GRAY, 1626312487466394753, DCA, 13
<134>2021-07-15T01:28:28Z cache-bog6425 MEWElogs[320228]: GRAY, 1626312507522245547, BOG, 13
<134>2021-07-15T01:28:44Z cache-mdw17383 MEWElogs[320228]: GRAY, 1626312524176944649, MDW, 13
<134>2021-07-15T01:29:34Z cache-bog6425 MEWElogs[320228]: GRAY, 1626312574104758745, BOG, 13
<134>2021-07-15T01:30:37Z cache-ord1740 MEWElogs[320228]: GRAY, 1626312636000765044, ORD, 13
<134>2021-07-15T01:30:50Z cache-cph20625 MEWElogs[320228]: GRAY, 1626312649400507197, CPH, 13
<134>2021-07-15T01:31:21Z cache-bog6425 MEWElogs[320228]: GRAY, 1626312680897600949, BOG, 13
