<134>2021-07-14T17:53:16Z cache-itm18851 MEWElogs[382896]: FLIPH, 1626285195548321627, ITM, 10
<134>2021-07-14T17:53:23Z cache-gru17149 MEWElogs[382896]: FLIPH, 1626285202728141666, GRU, 10
<134>2021-07-14T17:53:38Z cache-syd10183 MEWElogs[382896]: FLIPH, 1626285217613268605, SYD, 10
<134>2021-07-14T17:53:43Z cache-cgh11122 MEWElogs[382896]: FLIPH, 1626285223095009082, CGH, -1
<134>2021-07-14T17:53:53Z cache-cgh11122 MEWElogs[382896]: FLIPH, 1626285233516721338, CGH, -1
<134>2021-07-14T17:53:56Z cache-cgh11122 MEWElogs[382896]: FLIPH, 1626285236482690683, CGH, 10
<134>2021-07-14T17:54:02Z cache-hnd18722 MEWElogs[382896]: FLIPH, 1626285241187416940, HND, -1
<134>2021-07-14T17:54:08Z cache-syd10183 MEWElogs[382896]: FLIPH, 1626285247732845556, SYD, 10
<134>2021-07-14T17:54:26Z cache-sjc10078 MEWElogs[382896]: FLIPH, 1626285265152156129, SJC, 10
<134>2021-07-14T17:54:37Z cache-sjc10078 MEWElogs[382896]: FLIPH, 1626285276111182592, SJC, 10
<134>2021-07-14T17:54:49Z cache-scl19427 MEWElogs[382896]: FLIPH, 1626285288613902909, SCL, 10
<134>2021-07-14T17:54:57Z cache-scl19427 MEWElogs[382896]: FLIPH, 1626285297344017277, SCL, -1
<134>2021-07-14T17:54:58Z cache-cgh11122 MEWElogs[382896]: FLIPH, 1626285297807883642, CGH, 10
<134>2021-07-14T17:55:05Z cache-stl4834 MEWElogs[382896]: FLIPH, 1626285305282486592, STL, -1
<134>2021-07-14T17:55:29Z cache-cgh11122 MEWElogs[382896]: FLIPH, 1626285328424335608, CGH, 10
<134>2021-07-14T17:55:29Z cache-pao17461 MEWElogs[382896]: FLIPH, 1626285329607422832, PAO, 10
<134>2021-07-14T17:55:30Z cache-stl4834 MEWElogs[382896]: FLIPH, 1626285329226271092, STL, 10
<134>2021-07-14T17:55:45Z cache-tyo11974 MEWElogs[382896]: FLIPH, 1626285344308373693, TYO, 10
<134>2021-07-14T17:55:48Z cache-sjc10078 MEWElogs[382896]: FLIPH, 1626285348301244087, SJC, 10
<134>2021-07-14T17:55:57Z cache-sea4483 MEWElogs[382896]: FLIPH, 1626285356033266189, SEA, -1
<134>2021-07-14T17:55:59Z cache-sjc10078 MEWElogs[382896]: FLIPH, 1626285358548491917, SJC, 10
<134>2021-07-14T17:56:04Z cache-itm18851 MEWElogs[382896]: FLIPH, 1626285362943176137, ITM, 10
<134>2021-07-14T17:56:18Z cache-stl4834 MEWElogs[382896]: FLIPH, 1626285377982971625, STL, -1
<134>2021-07-14T17:56:21Z cache-sea4483 MEWElogs[382896]: FLIPH, 1626285380859356320, SEA, 10
<134>2021-07-14T17:56:23Z cache-hnd18722 MEWElogs[382896]: FLIPH, 1626285382375204645, HND, 10
<134>2021-07-14T17:56:37Z cache-sjc10078 MEWElogs[382896]: FLIPH, 1626285396333157495, SJC, -1
<134>2021-07-14T17:56:38Z cache-tyo11974 MEWElogs[382896]: FLIPH, 1626285397873466025, TYO, -1
<134>2021-07-14T17:56:40Z cache-sea4483 MEWElogs[382896]: FLIPH, 1626285399185940359, SEA, -1
<134>2021-07-14T17:56:57Z cache-cgh11122 MEWElogs[382896]: FLIPH, 1626285415977073866, CGH, -1
<134>2021-07-14T17:57:21Z cache-stl4834 MEWElogs[382896]: FLIPH, 1626285440846784231, STL, -1
<134>2021-07-14T17:57:25Z cache-tyo11974 MEWElogs[382896]: FLIPH, 1626285444445876110, TYO, -1
<134>2021-07-14T17:57:47Z cache-itm18851 MEWElogs[382896]: FLIPH, 1626285467037564559, ITM, 10
<134>2021-07-14T17:58:07Z cache-cgh11183 MEWElogs[382896]: FLIPH, 1626285487427634917, CGH, -1
<134>2021-07-14T17:58:20Z cache-cgh11183 MEWElogs[382896]: FLIPH, 1626285500377049927, CGH, 10
<134>2021-07-14T17:58:30Z cache-cgh11122 MEWElogs[382896]: FLIPH, 1626285509917028895, CGH, 10
<134>2021-07-14T17:58:50Z cache-sea4483 MEWElogs[382896]: FLIPH, 1626285529909912157, SEA, -1
<134>2021-07-14T17:59:05Z cache-stl4834 MEWElogs[382896]: FLIPH, 1626285544832456930, STL, -1
<134>2021-07-14T17:59:07Z cache-itm18851 MEWElogs[382896]: FLIPH, 1626285546872058396, ITM, -1
<134>2021-07-14T17:59:15Z cache-sea4483 MEWElogs[382896]: FLIPH, 1626285554951735903, SEA, 10
<134>2021-07-14T17:59:17Z cache-itm18851 MEWElogs[382896]: FLIPH, 1626285557197332359, ITM, -1
<134>2021-07-14T17:59:58Z cache-pao17461 MEWElogs[382896]: FLIPH, 1626285597311464092, PAO, -1
<134>2021-07-14T17:59:59Z cache-tyo11974 MEWElogs[382896]: FLIPH, 1626285598966361293, TYO, 10
<134>2021-07-14T18:00:09Z cache-tyo11974 MEWElogs[382896]: FLIPH, 1626285607924561366, TYO, 10
<134>2021-07-14T18:00:11Z cache-pao17461 MEWElogs[382896]: FLIPH, 1626285610759192642, PAO, 10
<134>2021-07-14T18:00:11Z cache-itm18851 MEWElogs[382896]: FLIPH, 1626285611670280918, ITM, 10
<134>2021-07-14T18:00:36Z cache-tyo11974 MEWElogs[382896]: FLIPH, 1626285635294459120, TYO, 10
<134>2021-07-14T18:00:50Z cache-cgh11122 MEWElogs[382896]: FLIPH, 1626285649953378393, CGH, -1
<134>2021-07-14T18:00:58Z cache-bma1628 MEWElogs[382896]: FLIPH, 1626285657910475163, BMA, -1
<134>2021-07-14T18:01:35Z cache-pao17461 MEWElogs[382896]: FLIPH, 1626285694765384833, PAO, 10
<134>2021-07-14T18:01:37Z cache-sea4483 MEWElogs[382896]: FLIPH, 1626285696509425011, SEA, 10
<134>2021-07-14T18:01:42Z cache-sjc10078 MEWElogs[382896]: FLIPH, 1626285702087631675, SJC, 10
<134>2021-07-14T18:01:58Z cache-itm18851 MEWElogs[382896]: FLIPH, 1626285717096285111, ITM, 10
<134>2021-07-14T18:02:20Z cache-sjc10078 MEWElogs[382896]: FLIPH, 1626285740323727412, SJC, -1
<134>2021-07-14T18:02:25Z cache-bma1628 MEWElogs[382896]: FLIPH, 1626285744631819127, BMA, 10
<134>2021-07-14T18:02:28Z cache-sea4483 MEWElogs[382896]: FLIPH, 1626285747953224327, SEA, -1
<134>2021-07-14T18:02:31Z cache-bma1628 MEWElogs[382896]: FLIPH, 1626285750854252454, BMA, -1
<134>2021-07-14T18:02:39Z cache-sea4483 MEWElogs[382896]: FLIPH, 1626285758880256476, SEA, -1
<134>2021-07-14T18:02:50Z cache-itm18851 MEWElogs[382896]: FLIPH, 1626285769631382042, ITM, 10
<134>2021-07-14T18:03:00Z cache-pao17461 MEWElogs[382896]: FLIPH, 1626285779442262796, PAO, 10
<134>2021-07-14T18:03:02Z cache-cgh11122 MEWElogs[382896]: FLIPH, 1626285782501330445, CGH, -1
