<134>2021-07-14T18:03:08Z cache-hnd18722 MEWElogs[46369]: FLIPH, 1626285787917320306, HND, 10
<134>2021-07-14T18:03:18Z cache-itm18851 MEWElogs[46369]: FLIPH, 1626285797765754696, ITM, -1
<134>2021-07-14T18:03:23Z cache-cgh11122 MEWElogs[46369]: FLIPH, 1626285802868784544, CGH, -1
<134>2021-07-14T18:03:29Z cache-tyo11974 MEWElogs[46369]: FLIPH, 1626285808835735839, TYO, 10
<134>2021-07-14T18:03:30Z cache-pao17461 MEWElogs[46369]: FLIPH, 1626285810561736792, PAO, 10
<134>2021-07-14T18:03:45Z cache-bma1628 MEWElogs[46369]: FLIPH, 1626285825256940117, BMA, -1
<134>2021-07-14T18:03:48Z cache-bma1628 MEWElogs[46369]: FLIPH, 1626285828415332794, BMA, 10
<134>2021-07-14T18:03:52Z cache-pao17461 MEWElogs[46369]: FLIPH, 1626285831672243562, PAO, 10
<134>2021-07-14T18:03:58Z cache-hnd18722 MEWElogs[46369]: FLIPH, 1626285838551121204, HND, -1
<134>2021-07-14T18:04:03Z cache-sjc10078 MEWElogs[46369]: FLIPH, 1626285842007301962, SJC, -1
<134>2021-07-14T18:04:05Z cache-sjc10078 MEWElogs[46369]: FLIPH, 1626285845305205450, SJC, 10
<134>2021-07-14T18:04:14Z cache-cgh11122 MEWElogs[46369]: FLIPH, 1626285854044128154, CGH, -1
<134>2021-07-14T18:04:32Z cache-bma1628 MEWElogs[46369]: FLIPH, 1626285872270891498, BMA, -1
<134>2021-07-14T18:04:38Z cache-cgh11122 MEWElogs[46369]: FLIPH, 1626285877653370485, CGH, 10
<134>2021-07-14T18:04:56Z cache-cgh11122 MEWElogs[46369]: FLIPH, 1626285895244970342, CGH, -1
<134>2021-07-14T18:05:04Z cache-bma1628 MEWElogs[46369]: FLIPH, 1626285902983218189, BMA, 10
<134>2021-07-14T18:05:12Z cache-yyz4551 MEWElogs[46369]: FLIPH, 1626285911092795055, YYZ, 10
<134>2021-07-14T18:05:17Z cache-tyo11974 MEWElogs[46369]: FLIPH, 1626285916437477718, TYO, -1
<134>2021-07-14T18:05:22Z cache-bma1628 MEWElogs[46369]: FLIPH, 1626285921708465631, BMA, 10
<134>2021-07-14T18:05:29Z cache-cgh11122 MEWElogs[46369]: FLIPH, 1626285928820180779, CGH, 10
<134>2021-07-14T18:06:06Z cache-sjc10078 MEWElogs[46369]: FLIPH, 1626285966133184910, SJC, -1
<134>2021-07-14T18:06:33Z cache-yyz4551 MEWElogs[46369]: FLIPH, 1626285992984457893, YYZ, 10
<134>2021-07-14T18:06:40Z cache-cgh11122 MEWElogs[46369]: FLIPH, 1626285999789154928, CGH, 10
<134>2021-07-14T18:06:57Z cache-cgh11183 MEWElogs[46369]: FLIPH, 1626286016365844097, CGH, -1
<134>2021-07-14T18:06:58Z cache-cgh11122 MEWElogs[46369]: FLIPH, 1626286017315789579, CGH, -1
<134>2021-07-14T18:07:01Z cache-sjc10078 MEWElogs[46369]: FLIPH, 1626286020452331051, SJC, 10
<134>2021-07-14T18:07:06Z cache-sea4483 MEWElogs[46369]: FLIPH, 1626286025966341999, SEA, 10
<134>2021-07-14T18:07:11Z cache-bma1628 MEWElogs[46369]: FLIPH, 1626286030212779781, BMA, -1
<134>2021-07-14T18:07:22Z cache-vie21629 MEWElogs[46369]: FLIPH, 1626286042201317093, VIE, -1
<134>2021-07-14T18:07:22Z cache-bma1628 MEWElogs[46369]: FLIPH, 1626286042702242275, BMA, 10
<134>2021-07-14T18:07:27Z cache-yyz4551 MEWElogs[46369]: FLIPH, 1626286047303661943, YYZ, 10
<134>2021-07-14T18:07:29Z cache-sjc10078 MEWElogs[46369]: FLIPH, 1626286048535626467, SJC, -1
<134>2021-07-14T18:07:38Z cache-bma1628 MEWElogs[46369]: FLIPH, 1626286057993485700, BMA, -1
<134>2021-07-14T18:07:58Z cache-sea4483 MEWElogs[46369]: FLIPH, 1626286077036637717, SEA, -1
<134>2021-07-14T18:08:08Z cache-cgh11183 MEWElogs[46369]: FLIPH, 1626286087480600752, CGH, -1
<134>2021-07-14T18:08:08Z cache-sea4483 MEWElogs[46369]: FLIPH, 1626286087653200899, SEA, -1
<134>2021-07-14T18:08:10Z cache-yyz4551 MEWElogs[46369]: FLIPH, 1626286090380416459, YYZ, -1
<134>2021-07-14T18:08:13Z cache-sjc10078 MEWElogs[46369]: FLIPH, 1626286092361719901, SJC, 10
<134>2021-07-14T18:08:15Z cache-tyo11974 MEWElogs[46369]: FLIPH, 1626286094160155722, TYO, 10
<134>2021-07-14T18:08:18Z cache-bma1628 MEWElogs[46369]: FLIPH, 1626286098086942097, BMA, 10
<134>2021-07-14T18:08:51Z cache-cgh11183 MEWElogs[46369]: FLIPH, 1626286131353640345, CGH, 10
<134>2021-07-14T18:09:00Z cache-sjc10078 MEWElogs[46369]: FLIPH, 1626286140529185908, SJC, -1
<134>2021-07-14T18:09:41Z cache-bma1628 MEWElogs[46369]: FLIPH, 1626286180955057852, BMA, 10
<134>2021-07-14T18:09:44Z cache-vie21629 MEWElogs[46369]: FLIPH, 1626286183627954223, VIE, 10
<134>2021-07-14T18:10:23Z cache-vie21629 MEWElogs[46369]: FLIPH, 1626286222605361501, VIE, -1
<134>2021-07-14T18:10:31Z cache-sea4483 MEWElogs[46369]: FLIPH, 1626286231137531275, SEA, -1
<134>2021-07-14T18:10:37Z cache-yyz4551 MEWElogs[46369]: FLIPH, 1626286236867750223, YYZ, -1
<134>2021-07-14T18:10:38Z cache-sjc10078 MEWElogs[46369]: FLIPH, 1626286237437694506, SJC, 10
<134>2021-07-14T18:10:55Z cache-yyz4551 MEWElogs[46369]: FLIPH, 1626286255725315873, YYZ, -1
<134>2021-07-14T18:11:00Z cache-vie21629 MEWElogs[46369]: FLIPH, 1626286259312025218, VIE, 10
<134>2021-07-14T18:11:08Z cache-vie21629 MEWElogs[46369]: FLIPH, 1626286268281595276, VIE, -1
<134>2021-07-14T18:11:26Z cache-sjc10078 MEWElogs[46369]: FLIPH, 1626286286019802668, SJC, -1
<134>2021-07-14T18:11:39Z cache-vie21629 MEWElogs[46369]: FLIPH, 1626286298546958454, VIE, -1
<134>2021-07-14T18:12:10Z cache-cgh11183 MEWElogs[46369]: FLIPH, 1626286329249652907, CGH, 10
<134>2021-07-14T18:12:12Z cache-yyz4551 MEWElogs[46369]: FLIPH, 1626286331882016865, YYZ, 10
<134>2021-07-14T18:12:25Z cache-sea4483 MEWElogs[46369]: FLIPH, 1626286344293098148, SEA, 10
<134>2021-07-14T18:12:39Z cache-yyz4551 MEWElogs[46369]: FLIPH, 1626286359241290727, YYZ, 10
<134>2021-07-14T18:12:54Z cache-sea4483 MEWElogs[46369]: FLIPH, 1626286374202274748, SEA, -1
<134>2021-07-14T18:13:01Z cache-cgh11183 MEWElogs[46369]: FLIPH, 1626286380895676646, CGH, 10
<134>2021-07-14T18:13:05Z cache-sea4483 MEWElogs[46369]: FLIPH, 1626286384988881918, SEA, -1
