<134>2021-07-15T04:06:26Z cache-ams21020 MEWElogs[322581]: ROTATE, 1626321985275875582, AMS, 15
<134>2021-07-15T04:08:00Z cache-maa10251 MEWElogs[322581]: ROTATE, 1626322079707774337, MAA, 15
<134>2021-07-15T04:08:03Z cache-dca17782 MEWElogs[322581]: ROTATE, 1626322082731977792, DCA, 15
<134>2021-07-15T04:08:20Z cache-wdc5583 MEWElogs[322581]: ROTATE, 1626322099823833131, WDC, 15
<134>2021-07-15T04:08:51Z cache-dca17782 MEWElogs[322581]: ROTATE, 1626322130430081476, DCA, 15
<134>2021-07-15T04:08:55Z cache-maa10251 MEWElogs[322581]: ROTATE, 1626322135315848403, MAA, 15
<134>2021-07-15T04:09:01Z cache-ams21020 MEWElogs[322581]: ROTATE, 1626322140248955281, AMS, 15
<134>2021-07-15T04:09:14Z cache-maa10251 MEWElogs[322581]: ROTATE, 1626322153792365161, MAA, 15
<134>2021-07-15T04:09:38Z cache-dca17782 MEWElogs[322581]: ROTATE, 1626322177264764816, DCA, 15
<134>2021-07-15T04:10:00Z cache-ord1740 MEWElogs[322581]: ROTATE, 1626322199024817373, ORD, 15
<134>2021-07-15T04:10:06Z cache-dca17782 MEWElogs[322581]: ROTATE, 1626322205604849776, DCA, 15
<134>2021-07-15T04:11:03Z cache-dca17782 MEWElogs[322581]: ROTATE, 1626322262658308948, DCA, 15
<134>2021-07-15T04:11:24Z cache-wdc5583 MEWElogs[322581]: ROTATE, 1626322283308794384, WDC, 15
<134>2021-07-15T04:11:47Z cache-bog6425 MEWElogs[322581]: ROTATE, 1626322307551596356, BOG, 15
<134>2021-07-15T04:12:32Z cache-pdk17882 MEWElogs[322581]: ROTATE, 1626322351289811080, PDK, 15
<134>2021-07-15T04:12:45Z cache-eze19324 MEWElogs[322581]: ROTATE, 1626322364974598174, EZE, 15
<134>2021-07-15T04:12:47Z cache-bog6425 MEWElogs[322581]: ROTATE, 1626322367018517288, BOG, 15
<134>2021-07-15T04:14:14Z cache-maa10251 MEWElogs[322581]: ROTATE, 1626322453521795257, MAA, 15
<134>2021-07-15T04:14:50Z cache-eze19324 MEWElogs[322581]: ROTATE, 1626322488943681999, EZE, 15
<134>2021-07-15T04:15:13Z cache-ams21020 MEWElogs[322581]: ROTATE, 1626322512609189488, AMS, 15
<134>2021-07-15T04:15:56Z cache-maa10251 MEWElogs[322581]: ROTATE, 1626322556021430547, MAA, 15
