<134>2021-07-14T17:42:25Z cache-ewr18156 MEWElogs[216063]: FLIPH, 1626284544740731649, EWR, 10
<134>2021-07-14T17:42:30Z cache-man4150 MEWElogs[216063]: FLIPH, 1626284549647244204, MAN, -1
<134>2021-07-14T17:42:33Z cache-osl6529 MEWElogs[216063]: FLIPH, 1626284552481913073, OSL, 10
<134>2021-07-14T17:42:54Z cache-gru17149 MEWElogs[216063]: FLIPH, 1626284572978132280, GRU, 10
<134>2021-07-14T17:43:16Z cache-scl19427 MEWElogs[216063]: FLIPH, 1626284596329414508, SCL, -1
<134>2021-07-14T17:43:17Z cache-lga21983 MEWElogs[216063]: FLIPH, 1626284596686783050, LGA, -1
<134>2021-07-14T17:43:19Z cache-ewr18156 MEWElogs[216063]: FLIPH, 1626284598539607241, EWR, -1
<134>2021-07-14T17:43:26Z cache-stl4834 MEWElogs[216063]: FLIPH, 1626284605908977049, STL, 10
<134>2021-07-14T17:43:47Z cache-bom4751 MEWElogs[216063]: FLIPH, 1626284626255093194, BOM, -1
<134>2021-07-14T17:43:47Z cache-ewr18156 MEWElogs[216063]: FLIPH, 1626284626818935987, EWR, -1
<134>2021-07-14T17:43:50Z cache-gig17035 MEWElogs[216063]: FLIPH, 1626284629629587223, GIG, -1
<134>2021-07-14T17:43:53Z cache-scl19427 MEWElogs[216063]: FLIPH, 1626284632613650533, SCL, -1
<134>2021-07-14T17:43:56Z cache-osl6529 MEWElogs[216063]: FLIPH, 1626284635525407240, OSL, 10
<134>2021-07-14T17:43:56Z cache-ewr18156 MEWElogs[216063]: FLIPH, 1626284636380848187, EWR, -1
<134>2021-07-14T17:44:04Z cache-osl6529 MEWElogs[216063]: FLIPH, 1626284644693720012, OSL, 10
<134>2021-07-14T17:44:05Z cache-scl19427 MEWElogs[216063]: FLIPH, 1626284644723991818, SCL, -1
<134>2021-07-14T17:44:06Z cache-bom4751 MEWElogs[216063]: FLIPH, 1626284645687090313, BOM, -1
<134>2021-07-14T17:44:07Z cache-lga21983 MEWElogs[216063]: FLIPH, 1626284646382751633, LGA, -1
<134>2021-07-14T17:44:17Z cache-gru17149 MEWElogs[216063]: FLIPH, 1626284656160352800, GRU, -1
<134>2021-07-14T17:44:28Z cache-bom4751 MEWElogs[216063]: FLIPH, 1626284667510600882, BOM, 10
<134>2021-07-14T17:44:29Z cache-mel11272 MEWElogs[216063]: FLIPH, 1626284668651961221, MEL, 10
<134>2021-07-14T17:45:01Z cache-osl6529 MEWElogs[216063]: FLIPH, 1626284700714708123, OSL, 10
<134>2021-07-14T17:45:17Z cache-gru17149 MEWElogs[216063]: FLIPH, 1626284716245983685, GRU, 10
<134>2021-07-14T17:45:26Z cache-osl6529 MEWElogs[216063]: FLIPH, 1626284725632049499, OSL, -1
<134>2021-07-14T17:45:47Z cache-mel11272 MEWElogs[216063]: FLIPH, 1626284746897143197, MEL, -1
<134>2021-07-14T17:45:50Z cache-mel11272 MEWElogs[216063]: FLIPH, 1626284749459385029, MEL, 10
<134>2021-07-14T17:45:56Z cache-bom4751 MEWElogs[216063]: FLIPH, 1626284755609823060, BOM, 10
<134>2021-07-14T17:46:00Z cache-mel11272 MEWElogs[216063]: FLIPH, 1626284759722751248, MEL, 10
<134>2021-07-14T17:46:18Z cache-cdg20720 MEWElogs[216063]: FLIPH, 1626284777017012713, CDG, 10
<134>2021-07-14T17:46:18Z cache-lga21983 MEWElogs[216063]: FLIPH, 1626284777602418440, LGA, 10
<134>2021-07-14T17:46:28Z cache-lga21983 MEWElogs[216063]: FLIPH, 1626284787541535966, LGA, 10
<134>2021-07-14T17:46:30Z cache-itm18851 MEWElogs[216063]: FLIPH, 1626284789407179851, ITM, 10
<134>2021-07-14T17:46:42Z cache-syd10183 MEWElogs[216063]: FLIPH, 1626284801022320552, SYD, 10
<134>2021-07-14T17:46:52Z cache-osl6529 MEWElogs[216063]: FLIPH, 1626284811226369287, OSL, 10
<134>2021-07-14T17:46:57Z cache-stl4834 MEWElogs[216063]: FLIPH, 1626284816647763468, STL, 10
<134>2021-07-14T17:46:58Z cache-hnd18722 MEWElogs[216063]: FLIPH, 1626284817737158210, HND, 10
<134>2021-07-14T17:47:20Z cache-hnd18722 MEWElogs[216063]: FLIPH, 1626284839547120531, HND, 10
<134>2021-07-14T17:47:22Z cache-scl19427 MEWElogs[216063]: FLIPH, 1626284841873414606, SCL, 10
<134>2021-07-14T17:47:27Z cache-gig17035 MEWElogs[216063]: FLIPH, 1626284846384650823, GIG, -1
<134>2021-07-14T17:47:34Z cache-bom4751 MEWElogs[216063]: FLIPH, 1626284853311778999, BOM, 10
<134>2021-07-14T17:47:57Z cache-stl4834 MEWElogs[216063]: FLIPH, 1626284876762519117, STL, -1
<134>2021-07-14T17:48:02Z cache-gig17035 MEWElogs[216063]: FLIPH, 1626284881946615521, GIG, -1
<134>2021-07-14T17:48:28Z cache-gig17035 MEWElogs[216063]: FLIPH, 1626284908459864721, GIG, 10
<134>2021-07-14T17:48:31Z cache-pao17461 MEWElogs[216063]: FLIPH, 1626284910666899329, PAO, -1
<134>2021-07-14T17:48:43Z cache-syd10183 MEWElogs[216063]: FLIPH, 1626284922155690774, SYD, 10
<134>2021-07-14T17:49:01Z cache-cdg20720 MEWElogs[216063]: FLIPH, 1626284940157863809, CDG, 10
<134>2021-07-14T17:49:01Z cache-stl4834 MEWElogs[216063]: FLIPH, 1626284940109747308, STL, -1
<134>2021-07-14T17:49:07Z cache-cdg20720 MEWElogs[216063]: FLIPH, 1626284946877534437, CDG, -1
<134>2021-07-14T17:49:08Z cache-scl19427 MEWElogs[216063]: FLIPH, 1626284947565320877, SCL, -1
<134>2021-07-14T17:49:23Z cache-syd10183 MEWElogs[216063]: FLIPH, 1626284962233013375, SYD, 10
<134>2021-07-14T17:49:23Z cache-scl19427 MEWElogs[216063]: FLIPH, 1626284962888960924, SCL, 10
<134>2021-07-14T17:49:27Z cache-bom4751 MEWElogs[216063]: FLIPH, 1626284966474600103, BOM, -1
<134>2021-07-14T17:49:55Z cache-scl19427 MEWElogs[216063]: FLIPH, 1626284995440946615, SCL, -1
<134>2021-07-14T17:50:14Z cache-stl4834 MEWElogs[216063]: FLIPH, 1626285013395603328, STL, -1
<134>2021-07-14T17:50:20Z cache-itm18851 MEWElogs[216063]: FLIPH, 1626285018959589324, ITM, 10
<134>2021-07-14T17:50:24Z cache-gig17035 MEWElogs[216063]: FLIPH, 1626285023878614362, GIG, -1
<134>2021-07-14T17:50:32Z cache-cgh11122 MEWElogs[216063]: FLIPH, 1626285031343908286, CGH, 10
<134>2021-07-14T17:50:38Z cache-stl4834 MEWElogs[216063]: FLIPH, 1626285037774519790, STL, 10
<134>2021-07-14T17:50:47Z cache-pao17461 MEWElogs[216063]: FLIPH, 1626285046277546055, PAO, -1
<134>2021-07-14T17:50:52Z cache-syd10183 MEWElogs[216063]: FLIPH, 1626285051279494276, SYD, -1
<134>2021-07-14T17:50:59Z cache-stl4834 MEWElogs[216063]: FLIPH, 1626285058695827024, STL, 10
<134>2021-07-14T17:51:02Z cache-syd10183 MEWElogs[216063]: FLIPH, 1626285061297094444, SYD, -1
<134>2021-07-14T17:51:13Z cache-cgh11122 MEWElogs[216063]: FLIPH, 1626285072651573446, CGH, 10
<134>2021-07-14T17:51:14Z cache-syd10183 MEWElogs[216063]: FLIPH, 1626285073689888856, SYD, 10
<134>2021-07-14T17:51:42Z cache-pao17461 MEWElogs[216063]: FLIPH, 1626285101449178243, PAO, 10
<134>2021-07-14T17:51:43Z cache-hnd18722 MEWElogs[216063]: FLIPH, 1626285102780788439, HND, -1
<134>2021-07-14T17:51:54Z cache-cgh11122 MEWElogs[216063]: FLIPH, 1626285113502230017, CGH, 10
<134>2021-07-14T17:51:54Z cache-bom4751 MEWElogs[216063]: FLIPH, 1626285113672471431, BOM, 10
<134>2021-07-14T17:52:04Z cache-syd10183 MEWElogs[216063]: FLIPH, 1626285123559736260, SYD, 10
<134>2021-07-14T17:52:12Z cache-pao17461 MEWElogs[216063]: FLIPH, 1626285132535330980, PAO, 10
