<134>2021-07-15T01:31:47Z cache-cph20625 MEWElogs[400146]: GRAY, 1626312706356280706, CPH, 13
<134>2021-07-15T01:32:26Z cache-wdc5583 MEWElogs[400146]: GRAY, 1626312746281407755, WDC, 13
<134>2021-07-15T01:32:26Z cache-dfw18678 MEWElogs[400146]: GRAY, 1626312745801204639, DFW, 13
<134>2021-07-15T01:32:50Z cache-cph20625 MEWElogs[400146]: GRAY, 1626312769386468013, CPH, 13
<134>2021-07-15T01:32:55Z cache-eze19324 MEWElogs[400146]: GRAY, 1626312774345063964, EZE, 13
<134>2021-07-15T01:32:59Z cache-bos4657 MEWElogs[400146]: GRAY, 1626312778843187436, BOS, 13
<134>2021-07-15T01:33:11Z cache-dfw18678 MEWElogs[400146]: GRAY, 1626312791276481712, DFW, 13
<134>2021-07-15T01:33:19Z cache-dfw18678 MEWElogs[400146]: GRAY, 1626312798662815853, DFW, 13
<134>2021-07-15T01:33:30Z cache-bos4657 MEWElogs[400146]: GRAY, 1626312809699125615, BOS, 13
<134>2021-07-15T01:33:50Z cache-mdw17383 MEWElogs[400146]: GRAY, 1626312829879909670, MDW, 13
<134>2021-07-15T01:33:52Z cache-del21735 MEWElogs[400146]: GRAY, 1626312831700449418, DEL, 13
<134>2021-07-15T01:34:04Z cache-del21735 MEWElogs[400146]: GRAY, 1626312843169632279, DEL, 13
<134>2021-07-15T01:34:07Z cache-cmh21547 MEWElogs[400146]: GRAY, 1626312847097865153, CMH, 13
<134>2021-07-15T01:34:28Z cache-dfw18678 MEWElogs[400146]: GRAY, 1626312867840959609, DFW, 13
<134>2021-07-15T01:34:39Z cache-eze19324 MEWElogs[400146]: GRAY, 1626312878830492237, EZE, 13
<134>2021-07-15T01:34:50Z cache-cph20625 MEWElogs[400146]: GRAY, 1626312890095030357, CPH, 13
<134>2021-07-15T01:34:57Z cache-bos4657 MEWElogs[400146]: GRAY, 1626312896745643343, BOS, 13
<134>2021-07-15T01:35:03Z cache-cph20625 MEWElogs[400146]: GRAY, 1626312902806344003, CPH, 13
<134>2021-07-15T01:35:16Z cache-hhn4077 MEWElogs[400146]: GRAY, 1626312915341959666, HHN, 13
<134>2021-07-15T01:35:33Z cache-chi21126 MEWElogs[400146]: GRAY, 1626312932941894146, CHI, 13
<134>2021-07-15T01:35:42Z cache-del21735 MEWElogs[400146]: GRAY, 1626312941057770599, DEL, 13
<134>2021-07-15T01:35:48Z cache-fra19177 MEWElogs[400146]: GRAY, 1626312947609279715, FRA, 13
<134>2021-07-15T01:35:58Z cache-hhn4077 MEWElogs[400146]: GRAY, 1626312957799825090, HHN, 13
<134>2021-07-15T01:36:01Z cache-cph20625 MEWElogs[400146]: GRAY, 1626312960476959348, CPH, 13
<134>2021-07-15T01:36:07Z cache-fra19177 MEWElogs[400146]: GRAY, 1626312966299467008, FRA, 13
<134>2021-07-15T01:36:07Z cache-pwk4920 MEWElogs[400146]: GRAY, 1626312967280752914, PWK, 13
<134>2021-07-15T01:36:12Z cache-hhn4077 MEWElogs[400146]: GRAY, 1626312971825897861, HHN, 13
<134>2021-07-15T01:36:18Z cache-fra19177 MEWElogs[400146]: GRAY, 1626312977127803680, FRA, 13
<134>2021-07-15T01:36:29Z cache-chi21126 MEWElogs[400146]: GRAY, 1626312988927068955, CHI, 13
<134>2021-07-15T01:36:36Z cache-pwk4920 MEWElogs[400146]: GRAY, 1626312996106360484, PWK, 13
<134>2021-07-15T01:37:02Z cache-dfw18678 MEWElogs[400146]: GRAY, 1626313021837840721, DFW, 13
<134>2021-07-15T01:37:09Z cache-hhn4077 MEWElogs[400146]: GRAY, 1626313029187706768, HHN, 13
<134>2021-07-15T01:37:13Z cache-pwk4920 MEWElogs[400146]: GRAY, 1626313032325869210, PWK, 13
<134>2021-07-15T01:37:32Z cache-hhn4077 MEWElogs[400146]: GRAY, 1626313052593092102, HHN, 13
<134>2021-07-15T01:37:41Z cache-dfw18678 MEWElogs[400146]: GRAY, 1626313060611448310, DFW, 13
<134>2021-07-15T01:37:42Z cache-hhn4077 MEWElogs[400146]: GRAY, 1626313061940141473, HHN, 13
<134>2021-07-15T01:37:58Z cache-chi21126 MEWElogs[400146]: GRAY, 1626313077419996675, CHI, 13
<134>2021-07-15T01:38:05Z cache-del21735 MEWElogs[400146]: GRAY, 1626313085216567874, DEL, 13
<134>2021-07-15T01:38:20Z cache-hhn4077 MEWElogs[400146]: GRAY, 1626313099999875709, HHN, 13
<134>2021-07-15T01:38:32Z cache-pwk4920 MEWElogs[400146]: GRAY, 1626313111654261064, PWK, 13
<134>2021-07-15T01:38:58Z cache-del21735 MEWElogs[400146]: GRAY, 1626313137036320783, DEL, 13
<134>2021-07-15T01:39:07Z cache-fra19177 MEWElogs[400146]: GRAY, 1626313146770527526, FRA, 13
<134>2021-07-15T01:39:10Z cache-cph20625 MEWElogs[400146]: GRAY, 1626313148986284025, CPH, 13
<134>2021-07-15T01:39:10Z cache-fty21383 MEWElogs[400146]: GRAY, 1626313149137758469, FTY, 13
<134>2021-07-15T01:39:12Z cache-fra19177 MEWElogs[400146]: GRAY, 1626313151450802466, FRA, 13
<134>2021-07-15T01:39:26Z cache-hhn4077 MEWElogs[400146]: GRAY, 1626313165596351102, HHN, 13
<134>2021-07-15T01:39:33Z cache-chi21126 MEWElogs[400146]: GRAY, 1626313172819924403, CHI, 13
<134>2021-07-15T01:39:36Z cache-fty21383 MEWElogs[400146]: GRAY, 1626313175630118572, FTY, 13
<134>2021-07-15T01:39:56Z cache-akl10324 MEWElogs[400146]: GRAY, 1626313194933431975, AKL, 13
<134>2021-07-15T01:40:15Z cache-chi21126 MEWElogs[400146]: GRAY, 1626313214361338670, CHI, 13
<134>2021-07-15T01:40:24Z cache-del21735 MEWElogs[400146]: GRAY, 1626313223460598221, DEL, 13
<134>2021-07-15T01:40:27Z cache-hhn4077 MEWElogs[400146]: GRAY, 1626313226697915874, HHN, 13
<134>2021-07-15T01:40:45Z cache-fty21383 MEWElogs[400146]: GRAY, 1626313244180397534, FTY, 13
<134>2021-07-15T01:40:55Z cache-fra19177 MEWElogs[400146]: GRAY, 1626313254734977746, FRA, 13
<134>2021-07-15T01:41:01Z cache-bos4657 MEWElogs[400146]: GRAY, 1626313261698416590, BOS, 13
<134>2021-07-15T01:41:09Z cache-hhn4077 MEWElogs[400146]: GRAY, 1626313268822207626, HHN, 13
<134>2021-07-15T01:41:36Z cache-dfw18678 MEWElogs[400146]: GRAY, 1626313295743870313, DFW, 13
<134>2021-07-15T01:41:39Z cache-fra19177 MEWElogs[400146]: GRAY, 1626313297956493437, FRA, 13
<134>2021-07-15T01:41:42Z cache-cwb20520 MEWElogs[400146]: GRAY, 1626313301036688529, CWB, 13
