<134>2021-07-15T05:28:32Z cache-pao17461 MEWElogs[216063]: ROTATE, 1626326912851666250, PAO, 15
<134>2021-07-15T05:29:06Z cache-syd10183 MEWElogs[216063]: ROTATE, 1626326945685346901, SYD, 15
<134>2021-07-15T05:30:09Z cache-cgh11183 MEWElogs[216063]: ROTATE, 1626327008886115749, CGH, 15
<134>2021-07-15T05:31:49Z cache-sjc10078 MEWElogs[216063]: ROTATE, 1626327108222309235, SJC, 15
<134>2021-07-15T05:32:00Z cache-bma1628 MEWElogs[216063]: ROTATE, 1626327120030845545, BMA, 15
<134>2021-07-15T05:32:31Z cache-syd10183 MEWElogs[216063]: ROTATE, 1626327150305109680, SYD, 15
<134>2021-07-15T05:32:37Z cache-hnd18722 MEWElogs[216063]: ROTATE, 1626327156822333182, HND, 15
<134>2021-07-15T05:32:52Z cache-syd10183 MEWElogs[216063]: ROTATE, 1626327171495799961, SYD, 15
<134>2021-07-15T05:33:06Z cache-sea4483 MEWElogs[216063]: ROTATE, 1626327186155194684, SEA, 15
<134>2021-07-15T05:33:16Z cache-pao17461 MEWElogs[216063]: ROTATE, 1626327194982355966, PAO, 15
<134>2021-07-15T05:33:16Z cache-cgh11122 MEWElogs[216063]: ROTATE, 1626327196289648641, CGH, 15
<134>2021-07-15T05:33:45Z cache-cgh11122 MEWElogs[216063]: ROTATE, 1626327224756337810, CGH, 15
<134>2021-07-15T05:33:50Z cache-cgh11183 MEWElogs[216063]: ROTATE, 1626327230598942299, CGH, 15
<134>2021-07-15T05:33:55Z cache-cgh11122 MEWElogs[216063]: ROTATE, 1626327234238090762, CGH, 15
<134>2021-07-15T05:34:04Z cache-cgh11122 MEWElogs[216063]: ROTATE, 1626327243654534222, CGH, 15
<134>2021-07-15T05:34:38Z cache-syd10183 MEWElogs[216063]: ROTATE, 1626327277925626949, SYD, 15
<134>2021-07-15T05:34:53Z cache-pao17461 MEWElogs[216063]: ROTATE, 1626327292837821954, PAO, 15
<134>2021-07-15T05:35:09Z cache-syd10183 MEWElogs[216063]: ROTATE, 1626327309476771654, SYD, 15
<134>2021-07-15T05:35:41Z cache-sjc10078 MEWElogs[216063]: ROTATE, 1626327340896758903, SJC, 15
<134>2021-07-15T05:36:22Z cache-sea4483 MEWElogs[216063]: ROTATE, 1626327382040683307, SEA, 15
<134>2021-07-15T05:36:36Z cache-sjc10078 MEWElogs[216063]: ROTATE, 1626327395297808419, SJC, 15
<134>2021-07-15T05:37:19Z cache-sjc10078 MEWElogs[216063]: ROTATE, 1626327438728386660, SJC, 15
<134>2021-07-15T05:37:43Z cache-tyo11974 MEWElogs[216063]: ROTATE, 1626327462609422280, TYO, 15
<134>2021-07-15T05:37:47Z cache-bma1628 MEWElogs[216063]: ROTATE, 1626327467100713992, BMA, 15
<134>2021-07-15T05:37:52Z cache-tyo11974 MEWElogs[216063]: ROTATE, 1626327471777074260, TYO, 15
<134>2021-07-15T05:38:02Z cache-tyo11974 MEWElogs[216063]: ROTATE, 1626327481417331999, TYO, 15
<134>2021-07-15T05:38:09Z cache-hnd18722 MEWElogs[216063]: ROTATE, 1626327488851326470, HND, 15
<134>2021-07-15T05:38:16Z cache-vie21629 MEWElogs[216063]: ROTATE, 1626327495001648502, VIE, 15
