<134>2021-07-14T17:11:57Z cache-lon4249 MEWElogs[503012]: FLIPH, 1626282716246182748, LON, 10
<134>2021-07-14T17:12:13Z cache-fra19177 MEWElogs[503012]: FLIPH, 1626282732210956598, FRA, -1
<134>2021-07-14T17:12:19Z cache-lon4249 MEWElogs[503012]: FLIPH, 1626282738270506542, LON, -1
<134>2021-07-14T17:12:20Z cache-iah17271 MEWElogs[503012]: FLIPH, 1626282739383981941, IAH, -1
<134>2021-07-14T17:12:21Z cache-jnb7027 MEWElogs[503012]: FLIPH, 1626282740677920679, JNB, -1
<134>2021-07-14T17:12:40Z cache-fra19177 MEWElogs[503012]: FLIPH, 1626282759629456982, FRA, -1
<134>2021-07-14T17:12:40Z cache-jnb7027 MEWElogs[503012]: FLIPH, 1626282760079640657, JNB, -1
<134>2021-07-14T17:13:15Z cache-lcy19283 MEWElogs[503012]: FLIPH, 1626282794308859876, LCY, 10
<134>2021-07-14T17:13:20Z cache-dal21283 MEWElogs[503012]: FLIPH, 1626282799594222193, DAL, 10
<134>2021-07-14T17:13:23Z cache-jnb7027 MEWElogs[503012]: FLIPH, 1626282801975253317, JNB, 10
<134>2021-07-14T17:13:31Z cache-iah17271 MEWElogs[503012]: FLIPH, 1626282810784147594, IAH, 10
<134>2021-07-14T17:13:32Z cache-jnb7027 MEWElogs[503012]: FLIPH, 1626282811765304731, JNB, 10
<134>2021-07-14T17:13:33Z cache-cwb20520 MEWElogs[503012]: FLIPH, 1626282812555022714, CWB, 10
<134>2021-07-14T17:14:16Z cache-lon4249 MEWElogs[503012]: FLIPH, 1626282855224405324, LON, 10
<134>2021-07-14T17:14:20Z cache-jnb7027 MEWElogs[503012]: FLIPH, 1626282860603801827, JNB, 10
<134>2021-07-14T17:14:22Z cache-cwb20520 MEWElogs[503012]: FLIPH, 1626282861887377602, CWB, 10
<134>2021-07-14T17:14:23Z cache-hkg17929 MEWElogs[503012]: FLIPH, 1626282862131193664, HKG, -1
<134>2021-07-14T17:14:36Z cache-iah17271 MEWElogs[503012]: FLIPH, 1626282876460639326, IAH, 10
<134>2021-07-14T17:14:42Z cache-lcy19283 MEWElogs[503012]: FLIPH, 1626282881105921422, LCY, -1
<134>2021-07-14T17:14:53Z cache-lon4249 MEWElogs[503012]: FLIPH, 1626282893078798023, LON, -1
<134>2021-07-14T17:14:55Z cache-lcy19283 MEWElogs[503012]: FLIPH, 1626282894689306982, LCY, 10
<134>2021-07-14T17:14:56Z cache-lon4249 MEWElogs[503012]: FLIPH, 1626282895883840100, LON, 10
<134>2021-07-14T17:14:58Z cache-hkg17929 MEWElogs[503012]: FLIPH, 1626282897618924576, HKG, 10
<134>2021-07-14T17:15:00Z cache-bur17583 MEWElogs[503012]: FLIPH, 1626282900888554606, BUR, 10
<134>2021-07-14T17:15:07Z cache-iah17271 MEWElogs[503012]: FLIPH, 1626282906623110763, IAH, -1
<134>2021-07-14T17:15:11Z cache-dal21283 MEWElogs[503012]: FLIPH, 1626282910534029735, DAL, -1
<134>2021-07-14T17:15:19Z cache-bur17583 MEWElogs[503012]: FLIPH, 1626282918322711945, BUR, -1
<134>2021-07-14T17:15:30Z cache-cwb20520 MEWElogs[503012]: FLIPH, 1626282930332123840, CWB, 10
<134>2021-07-14T17:15:34Z cache-dal21283 MEWElogs[503012]: FLIPH, 1626282933560895557, DAL, -1
<134>2021-07-14T17:15:38Z cache-mci5951 MEWElogs[503012]: FLIPH, 1626282937353844345, MCI, -1
<134>2021-07-14T17:16:07Z cache-stp9226 MEWElogs[503012]: FLIPH, 1626282966187855657, STP, -1
<134>2021-07-14T17:16:10Z cache-bur17583 MEWElogs[503012]: FLIPH, 1626282969753259015, BUR, -1
<134>2021-07-14T17:16:31Z cache-mci5951 MEWElogs[503012]: FLIPH, 1626282991175139549, MCI, 10
<134>2021-07-14T17:16:39Z cache-stp9226 MEWElogs[503012]: FLIPH, 1626282999073030403, STP, -1
<134>2021-07-14T17:17:04Z cache-jax20933 MEWElogs[503012]: FLIPH, 1626283023480401643, JAX, 10
<134>2021-07-14T17:17:05Z cache-dal21283 MEWElogs[503012]: FLIPH, 1626283024253011272, DAL, -1
<134>2021-07-14T17:17:08Z cache-mad22068 MEWElogs[503012]: FLIPH, 1626283027265647295, MAD, 10
<134>2021-07-14T17:17:16Z cache-mia11368 MEWElogs[503012]: FLIPH, 1626283035262599693, MIA, -1
<134>2021-07-14T17:17:34Z cache-jax20933 MEWElogs[503012]: FLIPH, 1626283054342896201, JAX, -1
<134>2021-07-14T17:17:44Z cache-stp9226 MEWElogs[503012]: FLIPH, 1626283064242757351, STP, -1
<134>2021-07-14T17:18:01Z cache-mci5951 MEWElogs[503012]: FLIPH, 1626283081232970072, MCI, 10
<134>2021-07-14T17:18:09Z cache-jax20933 MEWElogs[503012]: FLIPH, 1626283089636118851, JAX, -1
<134>2021-07-14T17:18:15Z cache-bur17583 MEWElogs[503012]: FLIPH, 1626283094323843471, BUR, -1
<134>2021-07-14T17:18:18Z cache-mrs10583 MEWElogs[503012]: FLIPH, 1626283098296339576, MRS, -1
<134>2021-07-14T17:18:37Z cache-dal21283 MEWElogs[503012]: FLIPH, 1626283116858473605, DAL, -1
<134>2021-07-14T17:18:41Z cache-dal21283 MEWElogs[503012]: FLIPH, 1626283120749068140, DAL, 10
<134>2021-07-14T17:18:45Z cache-mrs10583 MEWElogs[503012]: FLIPH, 1626283125769434955, MRS, 10
<134>2021-07-14T17:18:52Z cache-dal21283 MEWElogs[503012]: FLIPH, 1626283132059254409, DAL, 10
<134>2021-07-14T17:19:04Z cache-dal21283 MEWElogs[503012]: FLIPH, 1626283143676960665, DAL, 10
<134>2021-07-14T17:19:11Z cache-mci5951 MEWElogs[503012]: FLIPH, 1626283150139555751, MCI, -1
<134>2021-07-14T17:19:17Z cache-mad22068 MEWElogs[503012]: FLIPH, 1626283156311809778, MAD, -1
<134>2021-07-14T17:19:26Z cache-hkg17929 MEWElogs[503012]: FLIPH, 1626283165869536069, HKG, -1
<134>2021-07-14T17:19:33Z cache-mci5951 MEWElogs[503012]: FLIPH, 1626283173579708946, MCI, 10
<134>2021-07-14T17:19:51Z cache-hkg17929 MEWElogs[503012]: FLIPH, 1626283191208823282, HKG, 10
<134>2021-07-14T17:19:57Z cache-lhr7382 MEWElogs[503012]: FLIPH, 1626283197297518272, LHR, -1
<134>2021-07-14T17:20:13Z cache-mad22068 MEWElogs[503012]: FLIPH, 1626283212618537806, MAD, -1
<134>2021-07-14T17:20:18Z cache-lhr7382 MEWElogs[503012]: FLIPH, 1626283217533058666, LHR, 10
<134>2021-07-14T17:20:30Z cache-bur17583 MEWElogs[503012]: FLIPH, 1626283229901943767, BUR, -1
<134>2021-07-14T17:20:33Z cache-bur17583 MEWElogs[503012]: FLIPH, 1626283233162195204, BUR, 10
<134>2021-07-14T17:20:40Z cache-bur17583 MEWElogs[503012]: FLIPH, 1626283240420928077, BUR, -1
<134>2021-07-14T17:20:43Z cache-bur17583 MEWElogs[503012]: FLIPH, 1626283243635196459, BUR, 10
<134>2021-07-14T17:20:45Z cache-mrs10583 MEWElogs[503012]: FLIPH, 1626283245145238202, MRS, -1
<134>2021-07-14T17:20:53Z cache-hkg17929 MEWElogs[503012]: FLIPH, 1626283253324395990, HKG, -1
<134>2021-07-14T17:20:53Z cache-lhr7382 MEWElogs[503012]: FLIPH, 1626283253058942700, LHR, 10
<134>2021-07-14T17:21:00Z cache-stp9226 MEWElogs[503012]: FLIPH, 1626283260382246338, STP, -1
<134>2021-07-14T17:21:10Z cache-jax20933 MEWElogs[503012]: FLIPH, 1626283270652287585, JAX, -1
<134>2021-07-14T17:21:11Z cache-lhr7382 MEWElogs[503012]: FLIPH, 1626283270357225291, LHR, 10
<134>2021-07-14T17:21:47Z cache-hkg17929 MEWElogs[503012]: FLIPH, 1626283307288428809, HKG, -1
<134>2021-07-14T17:21:50Z cache-hkg17929 MEWElogs[503012]: FLIPH, 1626283310425082537, HKG, 10
