<134>2021-07-14T16:31:52Z cache-bog6425 MEWElogs[292213]: FLIPH, 1626280312485765239, BOG, -1
<134>2021-07-14T16:31:55Z cache-bog6425 MEWElogs[292213]: FLIPH, 1626280315290131602, BOG, 10
<134>2021-07-14T16:32:08Z cache-mdw17383 MEWElogs[292213]: FLIPH, 1626280327800191978, MDW, -1
<134>2021-07-14T16:32:34Z cache-ord1740 MEWElogs[292213]: FLIPH, 1626280354652287833, ORD, -1
<134>2021-07-14T16:32:35Z cache-maa10251 MEWElogs[292213]: FLIPH, 1626280355022104498, MAA, -1
<134>2021-07-14T16:32:55Z cache-bog6425 MEWElogs[292213]: FLIPH, 1626280375025636793, BOG, 10
<134>2021-07-14T16:33:16Z cache-dca17782 MEWElogs[292213]: FLIPH, 1626280395445174135, DCA, 10
<134>2021-07-14T16:33:38Z cache-pdk17882 MEWElogs[292213]: FLIPH, 1626280418005983922, PDK, -1
<134>2021-07-14T16:34:07Z cache-eze19324 MEWElogs[292213]: FLIPH, 1626280447228801198, EZE, 10
<134>2021-07-14T16:34:20Z cache-bog6425 MEWElogs[292213]: FLIPH, 1626280460043367650, BOG, -1
<134>2021-07-14T16:34:31Z cache-wdc5583 MEWElogs[292213]: FLIPH, 1626280470822466926, WDC, 10
<134>2021-07-14T16:34:44Z cache-mdw17383 MEWElogs[292213]: FLIPH, 1626280483956277398, MDW, -1
<134>2021-07-14T16:34:59Z cache-cmh21547 MEWElogs[292213]: FLIPH, 1626280498812065771, CMH, -1
<134>2021-07-14T16:35:02Z cache-pdk17882 MEWElogs[292213]: FLIPH, 1626280501992588186, PDK, 10
<134>2021-07-14T16:35:07Z cache-mdw17383 MEWElogs[292213]: FLIPH, 1626280505982314478, MDW, -1
<134>2021-07-14T16:35:17Z cache-maa10251 MEWElogs[292213]: FLIPH, 1626280516132733687, MAA, 10
<134>2021-07-14T16:35:54Z cache-eze19324 MEWElogs[292213]: FLIPH, 1626280553532117281, EZE, 10
<134>2021-07-14T16:35:57Z cache-dca17782 MEWElogs[292213]: FLIPH, 1626280556070855932, DCA, 10
<134>2021-07-14T16:36:01Z cache-mdw17383 MEWElogs[292213]: FLIPH, 1626280560383922060, MDW, -1
<134>2021-07-14T16:36:05Z cache-maa10251 MEWElogs[292213]: FLIPH, 1626280565007969835, MAA, 10
<134>2021-07-14T16:36:21Z cache-wdc5583 MEWElogs[292213]: FLIPH, 1626280580460540041, WDC, -1
<134>2021-07-14T16:36:26Z cache-mdw17383 MEWElogs[292213]: FLIPH, 1626280585936901610, MDW, 10
<134>2021-07-14T16:37:02Z cache-cmh21547 MEWElogs[292213]: FLIPH, 1626280622451605751, CMH, 10
<134>2021-07-14T16:37:10Z cache-cmh21547 MEWElogs[292213]: FLIPH, 1626280629434724146, CMH, -1
<134>2021-07-14T16:37:17Z cache-ord1740 MEWElogs[292213]: FLIPH, 1626280637657114558, ORD, -1
<134>2021-07-14T16:37:32Z cache-mdw17383 MEWElogs[292213]: FLIPH, 1626280651584115329, MDW, 10
<134>2021-07-14T16:37:35Z cache-eze19324 MEWElogs[292213]: FLIPH, 1626280655611439697, EZE, -1
<134>2021-07-14T16:37:42Z cache-maa10251 MEWElogs[292213]: FLIPH, 1626280661124877611, MAA, -1
<134>2021-07-14T16:37:47Z cache-cmh21547 MEWElogs[292213]: FLIPH, 1626280666047154519, CMH, 10
<134>2021-07-14T16:38:13Z cache-maa10251 MEWElogs[292213]: FLIPH, 1626280692723246425, MAA, 10
<134>2021-07-14T16:38:24Z cache-ord1740 MEWElogs[292213]: FLIPH, 1626280703871330550, ORD, 10
<134>2021-07-14T16:38:26Z cache-eze19324 MEWElogs[292213]: FLIPH, 1626280706206727829, EZE, 10
<134>2021-07-14T16:38:28Z cache-mdw17383 MEWElogs[292213]: FLIPH, 1626280707632975676, MDW, 10
<134>2021-07-14T16:38:33Z cache-dca17782 MEWElogs[292213]: FLIPH, 1626280713264176081, DCA, -1
<134>2021-07-14T16:38:37Z cache-pdk17882 MEWElogs[292213]: FLIPH, 1626280716830996816, PDK, -1
<134>2021-07-14T16:38:52Z cache-ord1740 MEWElogs[292213]: FLIPH, 1626280731023341887, ORD, 10
<134>2021-07-14T16:38:52Z cache-dca17782 MEWElogs[292213]: FLIPH, 1626280732311305592, DCA, -1
<134>2021-07-14T16:38:59Z cache-pdk17882 MEWElogs[292213]: FLIPH, 1626280738646388068, PDK, 10
<134>2021-07-14T16:39:05Z cache-dca17782 MEWElogs[292213]: FLIPH, 1626280744566942019, DCA, 10
<134>2021-07-14T16:39:06Z cache-ams21020 MEWElogs[292213]: FLIPH, 1626280745731987898, AMS, 10
<134>2021-07-14T16:39:11Z cache-wdc5583 MEWElogs[292213]: FLIPH, 1626280750482413666, WDC, 10
<134>2021-07-14T16:39:18Z cache-pdk17882 MEWElogs[292213]: FLIPH, 1626280757132930056, PDK, 10
<134>2021-07-14T16:39:21Z cache-maa10251 MEWElogs[292213]: FLIPH, 1626280761248605782, MAA, 10
<134>2021-07-14T16:39:58Z cache-maa10251 MEWElogs[292213]: FLIPH, 1626280797630854128, MAA, -1
<134>2021-07-14T16:40:06Z cache-bog6425 MEWElogs[292213]: FLIPH, 1626280805630175853, BOG, 10
<134>2021-07-14T16:40:16Z cache-dca17782 MEWElogs[292213]: FLIPH, 1626280816432163343, DCA, -1
<134>2021-07-14T16:41:07Z cache-ord1740 MEWElogs[292213]: FLIPH, 1626280866227584230, ORD, 10
<134>2021-07-14T16:41:16Z cache-dca17782 MEWElogs[292213]: FLIPH, 1626280875208900017, DCA, 10
<134>2021-07-14T16:41:19Z cache-maa10251 MEWElogs[292213]: FLIPH, 1626280878297812608, MAA, 10
<134>2021-07-14T16:41:21Z cache-ord1740 MEWElogs[292213]: FLIPH, 1626280881519350274, ORD, -1
<134>2021-07-14T16:41:23Z cache-bog6425 MEWElogs[292213]: FLIPH, 1626280882011403694, BOG, -1
<134>2021-07-14T16:41:48Z cache-pdk17882 MEWElogs[292213]: FLIPH, 1626280908283567890, PDK, -1
