<134>2021-07-14T17:12:05Z cache-dal21283 MEWElogs[46369]: FLIPH, 1626282725637592689, DAL, -1
<134>2021-07-14T17:12:15Z cache-hel6829 MEWElogs[46369]: FLIPH, 1626282734493585273, HEL, -1
<134>2021-07-14T17:12:30Z cache-jnb7027 MEWElogs[46369]: FLIPH, 1626282750359251984, JNB, -1
<134>2021-07-14T17:12:31Z cache-fra19177 MEWElogs[46369]: FLIPH, 1626282750413664658, FRA, -1
<134>2021-07-14T17:12:44Z cache-dal21283 MEWElogs[46369]: FLIPH, 1626282764297283049, DAL, 10
<134>2021-07-14T17:12:47Z cache-den8274 MEWElogs[46369]: FLIPH, 1626282766774252288, DEN, -1
<134>2021-07-14T17:12:51Z cache-lon4249 MEWElogs[46369]: FLIPH, 1626282770890028232, LON, -1
<134>2021-07-14T17:12:53Z cache-iah17271 MEWElogs[46369]: FLIPH, 1626282773529980350, IAH, -1
<134>2021-07-14T17:13:23Z cache-den8274 MEWElogs[46369]: FLIPH, 1626282802662119174, DEN, -1
<134>2021-07-14T17:13:31Z cache-lcy19283 MEWElogs[46369]: FLIPH, 1626282811240919912, LCY, -1
<134>2021-07-14T17:13:54Z cache-mad22068 MEWElogs[46369]: FLIPH, 1626282834748400073, MAD, -1
<134>2021-07-14T17:14:02Z cache-cwb20520 MEWElogs[46369]: FLIPH, 1626282841769671664, CWB, 10
<134>2021-07-14T17:14:07Z cache-bur17583 MEWElogs[46369]: FLIPH, 1626282846811691803, BUR, -1
<134>2021-07-14T17:14:11Z cache-jnb7027 MEWElogs[46369]: FLIPH, 1626282850821175270, JNB, 10
<134>2021-07-14T17:14:17Z cache-jnb7027 MEWElogs[46369]: FLIPH, 1626282857763243536, JNB, -1
<134>2021-07-14T17:14:25Z cache-iah17271 MEWElogs[46369]: FLIPH, 1626282865569195154, IAH, 10
<134>2021-07-14T17:14:44Z cache-den8274 MEWElogs[46369]: FLIPH, 1626282883697587680, DEN, -1
<134>2021-07-14T17:14:47Z cache-bur17583 MEWElogs[46369]: FLIPH, 1626282887445062086, BUR, -1
<134>2021-07-14T17:15:06Z cache-hkg17929 MEWElogs[46369]: FLIPH, 1626282905701327358, HKG, -1
<134>2021-07-14T17:15:11Z cache-den8274 MEWElogs[46369]: FLIPH, 1626282910280094997, DEN, -1
<134>2021-07-14T17:15:21Z cache-iah17271 MEWElogs[46369]: FLIPH, 1626282921275034226, IAH, 10
<134>2021-07-14T17:15:21Z cache-cwb20520 MEWElogs[46369]: FLIPH, 1626282920695250744, CWB, 10
<134>2021-07-14T17:15:25Z cache-lcy19283 MEWElogs[46369]: FLIPH, 1626282925445069781, LCY, 10
<134>2021-07-14T17:15:26Z cache-dal21283 MEWElogs[46369]: FLIPH, 1626282925270662464, DAL, 10
<134>2021-07-14T17:15:33Z cache-iah17271 MEWElogs[46369]: FLIPH, 1626282932045529958, IAH, 10
<134>2021-07-14T17:15:38Z cache-hkg17929 MEWElogs[46369]: FLIPH, 1626282937969392112, HKG, -1
<134>2021-07-14T17:15:43Z cache-lhr7382 MEWElogs[46369]: FLIPH, 1626282942426252653, LHR, -1
<134>2021-07-14T17:15:46Z cache-lhr7382 MEWElogs[46369]: FLIPH, 1626282945238941186, LHR, 10
<134>2021-07-14T17:15:47Z cache-mad22068 MEWElogs[46369]: FLIPH, 1626282947565060085, MAD, -1
<134>2021-07-14T17:15:55Z cache-lhr7382 MEWElogs[46369]: FLIPH, 1626282954393092938, LHR, 10
<134>2021-07-14T17:16:10Z cache-lhr7382 MEWElogs[46369]: FLIPH, 1626282969173947573, LHR, -1
<134>2021-07-14T17:16:16Z cache-iah17271 MEWElogs[46369]: FLIPH, 1626282975824981816, IAH, 10
<134>2021-07-14T17:16:40Z cache-jax20933 MEWElogs[46369]: FLIPH, 1626283000006365057, JAX, 10
<134>2021-07-14T17:16:48Z cache-lhr7382 MEWElogs[46369]: FLIPH, 1626283007319428718, LHR, 10
<134>2021-07-14T17:16:48Z cache-mci5951 MEWElogs[46369]: FLIPH, 1626283008311161973, MCI, -1
<134>2021-07-14T17:17:00Z cache-mrs10583 MEWElogs[46369]: FLIPH, 1626283019618719888, MRS, 10
<134>2021-07-14T17:17:01Z cache-stp9226 MEWElogs[46369]: FLIPH, 1626283020911325627, STP, -1
<134>2021-07-14T17:17:02Z cache-lhr7382 MEWElogs[46369]: FLIPH, 1626283021337819219, LHR, -1
<134>2021-07-14T17:17:10Z cache-jax20933 MEWElogs[46369]: FLIPH, 1626283030858641123, JAX, -1
<134>2021-07-14T17:17:18Z cache-mia11368 MEWElogs[46369]: FLIPH, 1626283038437716108, MIA, 10
<134>2021-07-14T17:17:24Z cache-mrs10583 MEWElogs[46369]: FLIPH, 1626283044117980609, MRS, 10
<134>2021-07-14T17:17:26Z cache-bur17583 MEWElogs[46369]: FLIPH, 1626283045437298936, BUR, 10
<134>2021-07-14T17:17:28Z cache-lhr7382 MEWElogs[46369]: FLIPH, 1626283047777461598, LHR, -1
<134>2021-07-14T17:17:32Z cache-bur17583 MEWElogs[46369]: FLIPH, 1626283052596863141, BUR, -1
<134>2021-07-14T17:17:40Z cache-hkg17929 MEWElogs[46369]: FLIPH, 1626283060228326444, HKG, 10
<134>2021-07-14T17:17:58Z cache-jax20933 MEWElogs[46369]: FLIPH, 1626283077973639503, JAX, -1
<134>2021-07-14T17:17:59Z cache-hkg17929 MEWElogs[46369]: FLIPH, 1626283078612518248, HKG, -1
<134>2021-07-14T17:18:00Z cache-mia11368 MEWElogs[46369]: FLIPH, 1626283079780610010, MIA, 10
<134>2021-07-14T17:18:04Z cache-bur17583 MEWElogs[46369]: FLIPH, 1626283083950864168, BUR, -1
<134>2021-07-14T17:18:17Z cache-mia11368 MEWElogs[46369]: FLIPH, 1626283096931219997, MIA, -1
<134>2021-07-14T17:18:19Z cache-mci5951 MEWElogs[46369]: FLIPH, 1626283098920060044, MCI, -1
<134>2021-07-14T17:18:33Z cache-lhr7382 MEWElogs[46369]: FLIPH, 1626283112320719118, LHR, 10
<134>2021-07-14T17:18:43Z cache-stp9226 MEWElogs[46369]: FLIPH, 1626283122258656366, STP, 10
<134>2021-07-14T17:18:53Z cache-mci5951 MEWElogs[46369]: FLIPH, 1626283133018770306, MCI, 10
<134>2021-07-14T17:18:53Z cache-hkg17929 MEWElogs[46369]: FLIPH, 1626283133341691017, HKG, -1
<134>2021-07-14T17:19:10Z cache-mad22068 MEWElogs[46369]: FLIPH, 1626283149863820152, MAD, 10
<134>2021-07-14T17:19:23Z cache-mrs10583 MEWElogs[46369]: FLIPH, 1626283163627482235, MRS, -1
<134>2021-07-14T17:19:24Z cache-mci5951 MEWElogs[46369]: FLIPH, 1626283163520519495, MCI, 10
<134>2021-07-14T17:19:27Z cache-mrs10583 MEWElogs[46369]: FLIPH, 1626283166325521664, MRS, 10
<134>2021-07-14T17:19:27Z cache-bur17583 MEWElogs[46369]: FLIPH, 1626283167425875575, BUR, -1
<134>2021-07-14T17:19:41Z cache-mci5951 MEWElogs[46369]: FLIPH, 1626283180636297666, MCI, -1
<134>2021-07-14T17:19:42Z cache-mia11368 MEWElogs[46369]: FLIPH, 1626283182486264523, MIA, 10
<134>2021-07-14T17:19:49Z cache-bur17583 MEWElogs[46369]: FLIPH, 1626283188367761249, BUR, -1
<134>2021-07-14T17:19:51Z cache-jax20933 MEWElogs[46369]: FLIPH, 1626283190345696751, JAX, 10
<134>2021-07-14T17:19:58Z cache-dal21283 MEWElogs[46369]: FLIPH, 1626283197408722672, DAL, -1
<134>2021-07-14T17:20:25Z cache-mad22068 MEWElogs[46369]: FLIPH, 1626283225022065654, MAD, 10
<134>2021-07-14T17:20:32Z cache-stp9226 MEWElogs[46369]: FLIPH, 1626283231098455036, STP, 10
<134>2021-07-14T17:20:34Z cache-dal21283 MEWElogs[46369]: FLIPH, 1626283233383340567, DAL, 10
<134>2021-07-14T17:20:35Z cache-mci5951 MEWElogs[46369]: FLIPH, 1626283234103586128, MCI, 10
<134>2021-07-14T17:20:43Z cache-mad22068 MEWElogs[46369]: FLIPH, 1626283242948653370, MAD, 10
<134>2021-07-14T17:20:45Z cache-lhr7382 MEWElogs[46369]: FLIPH, 1626283244158928225, LHR, 10
<134>2021-07-14T17:20:54Z cache-mci5951 MEWElogs[46369]: FLIPH, 1626283254243619038, MCI, 10
<134>2021-07-14T17:21:02Z cache-mad22068 MEWElogs[46369]: FLIPH, 1626283261233891105, MAD, 10
<134>2021-07-14T17:21:05Z cache-mrs10583 MEWElogs[46369]: FLIPH, 1626283263974220845, MRS, 10
<134>2021-07-14T17:21:05Z cache-bur17583 MEWElogs[46369]: FLIPH, 1626283264547407613, BUR, 10
<134>2021-07-14T17:21:15Z cache-jax20933 MEWElogs[46369]: FLIPH, 1626283274984798188, JAX, 10
<134>2021-07-14T17:21:18Z cache-mrs10583 MEWElogs[46369]: FLIPH, 1626283277878205896, MRS, -1
<134>2021-07-14T17:21:20Z cache-yul12826 MEWElogs[46369]: FLIPH, 1626283280011605206, YUL, -1
<134>2021-07-14T17:21:33Z cache-bur17583 MEWElogs[46369]: FLIPH, 1626283292541348030, BUR, -1
<134>2021-07-14T17:21:33Z cache-lhr7382 MEWElogs[46369]: FLIPH, 1626283292810152016, LHR, -1
<134>2021-07-14T17:21:34Z cache-mrs10583 MEWElogs[46369]: FLIPH, 1626283294078279911, MRS, -1
<134>2021-07-14T17:21:38Z cache-yul12826 MEWElogs[46369]: FLIPH, 1626283298369665597, YUL, -1
<134>2021-07-14T17:21:50Z cache-lhr7382 MEWElogs[46369]: FLIPH, 1626283310150450338, LHR, -1
<134>2021-07-14T17:22:02Z cache-jax20933 MEWElogs[46369]: FLIPH, 1626283322402184118, JAX, 10
