<134>2021-07-14T22:55:21Z cache-scl19427 MEWElogs[369035]: BLUR, 1626303320648744421, SCL, 11
<134>2021-07-14T22:55:35Z cache-lga21983 MEWElogs[369035]: BLUR, 1626303334183001853, LGA, 11
<134>2021-07-14T22:56:35Z cache-gig17035 MEWElogs[369035]: BLUR, 1626303394923699364, GIG, 11
<134>2021-07-14T22:56:52Z cache-osl6529 MEWElogs[369035]: BLUR, 1626303411808600873, OSL, 11
<134>2021-07-14T22:57:24Z cache-man4150 MEWElogs[369035]: BLUR, 1626303443851373456, MAN, 11
<134>2021-07-14T22:57:46Z cache-gru17149 MEWElogs[369035]: BLUR, 1626303464935109061, GRU, 11
<134>2021-07-14T22:58:19Z cache-ewr18156 MEWElogs[369035]: BLUR, 1626303498927711719, EWR, 11
<134>2021-07-14T22:59:03Z cache-man4150 MEWElogs[369035]: BLUR, 1626303542585588579, MAN, 11
<134>2021-07-14T22:59:04Z cache-osl6529 MEWElogs[369035]: BLUR, 1626303543852840330, OSL, 11
<134>2021-07-14T22:59:34Z cache-osl6529 MEWElogs[369035]: BLUR, 1626303572988227728, OSL, 11
<134>2021-07-14T22:59:49Z cache-lga21983 MEWElogs[369035]: BLUR, 1626303588965289154, LGA, 11
<134>2021-07-14T23:00:10Z cache-cdg20720 MEWElogs[369035]: BLUR, 1626303609859443462, CDG, 11
<134>2021-07-14T23:00:22Z cache-gig17035 MEWElogs[369035]: BLUR, 1626303621235390278, GIG, 11
<134>2021-07-14T23:01:13Z cache-lga21983 MEWElogs[369035]: BLUR, 1626303673228540227, LGA, 11
<134>2021-07-14T23:01:47Z cache-lga21983 MEWElogs[369035]: BLUR, 1626303707043464322, LGA, 11
<134>2021-07-14T23:01:48Z cache-osl6529 MEWElogs[369035]: BLUR, 1626303707395339206, OSL, 11
<134>2021-07-14T23:02:07Z cache-cdg20720 MEWElogs[369035]: BLUR, 1626303726845884255, CDG, 11
<134>2021-07-14T23:02:27Z cache-gig17035 MEWElogs[369035]: BLUR, 1626303746933871729, GIG, 11
<134>2021-07-14T23:02:31Z cache-syd10183 MEWElogs[369035]: BLUR, 1626303750366243796, SYD, 11
<134>2021-07-14T23:02:57Z cache-bom4751 MEWElogs[369035]: BLUR, 1626303776803389061, BOM, 11
<134>2021-07-14T23:02:59Z cache-cdg20720 MEWElogs[369035]: BLUR, 1626303779330062921, CDG, 11
<134>2021-07-14T23:03:29Z cache-lga21983 MEWElogs[369035]: BLUR, 1626303808851426478, LGA, 11
<134>2021-07-14T23:04:00Z cache-ewr18156 MEWElogs[369035]: BLUR, 1626303839512733103, EWR, 11
<134>2021-07-14T23:05:03Z cache-osl6529 MEWElogs[369035]: BLUR, 1626303902519338222, OSL, 11
<134>2021-07-14T23:05:20Z cache-syd10183 MEWElogs[369035]: BLUR, 1626303918949316269, SYD, 11
