<134>2021-07-15T04:17:03Z cache-maa10251 MEWElogs[412844]: ROTATE, 1626322622147137174, MAA, 15
<134>2021-07-15T04:17:14Z cache-ord1740 MEWElogs[412844]: ROTATE, 1626322633044589778, ORD, 15
<134>2021-07-15T04:17:24Z cache-ams21020 MEWElogs[412844]: ROTATE, 1626322644172016850, AMS, 15
<134>2021-07-15T04:17:30Z cache-maa10251 MEWElogs[412844]: ROTATE, 1626322649862467674, MAA, 15
<134>2021-07-15T04:17:41Z cache-ord1740 MEWElogs[412844]: ROTATE, 1626322660788009675, ORD, 15
<134>2021-07-15T04:17:53Z cache-mdw17383 MEWElogs[412844]: ROTATE, 1626322673577325045, MDW, 15
<134>2021-07-15T04:18:06Z cache-bog6425 MEWElogs[412844]: ROTATE, 1626322685652401299, BOG, 15
<134>2021-07-15T04:19:04Z cache-wdc5583 MEWElogs[412844]: ROTATE, 1626322743457949819, WDC, 15
<134>2021-07-15T04:19:05Z cache-bog6425 MEWElogs[412844]: ROTATE, 1626322744749467950, BOG, 15
<134>2021-07-15T04:19:31Z cache-maa10251 MEWElogs[412844]: ROTATE, 1626322770984139625, MAA, 15
<134>2021-07-15T04:19:57Z cache-wdc5583 MEWElogs[412844]: ROTATE, 1626322796780592126, WDC, 15
<134>2021-07-15T04:20:05Z cache-cph20625 MEWElogs[412844]: ROTATE, 1626322803967043404, CPH, 15
<134>2021-07-15T04:20:13Z cache-mdw17383 MEWElogs[412844]: ROTATE, 1626322813589605166, MDW, 15
<134>2021-07-15T04:20:17Z cache-eze19324 MEWElogs[412844]: ROTATE, 1626322816403944156, EZE, 15
<134>2021-07-15T04:20:28Z cache-ord1740 MEWElogs[412844]: ROTATE, 1626322827261431640, ORD, 15
<134>2021-07-15T04:20:51Z cache-eze19324 MEWElogs[412844]: ROTATE, 1626322850112358595, EZE, 15
<134>2021-07-15T04:20:54Z cache-bog6425 MEWElogs[412844]: ROTATE, 1626322854140928397, BOG, 15
<134>2021-07-15T04:21:35Z cache-wdc5583 MEWElogs[412844]: ROTATE, 1626322894634571298, WDC, 15
<134>2021-07-15T04:21:40Z cache-mdw17383 MEWElogs[412844]: ROTATE, 1626322900820977652, MDW, 15
<134>2021-07-15T04:21:45Z cache-bog6425 MEWElogs[412844]: ROTATE, 1626322904639308196, BOG, 15
<134>2021-07-15T04:21:55Z cache-wdc5583 MEWElogs[412844]: ROTATE, 1626322915035291514, WDC, 15
<134>2021-07-15T04:22:02Z cache-mdw17383 MEWElogs[412844]: ROTATE, 1626322922086434428, MDW, 15
<134>2021-07-15T04:22:46Z cache-del21735 MEWElogs[412844]: ROTATE, 1626322965465432826, DEL, 15
<134>2021-07-15T04:22:56Z cache-eze19324 MEWElogs[412844]: ROTATE, 1626322975185654496, EZE, 15
<134>2021-07-15T04:22:58Z cache-wdc5583 MEWElogs[412844]: ROTATE, 1626322978593220209, WDC, 15
<134>2021-07-15T04:23:31Z cache-fty21383 MEWElogs[412844]: ROTATE, 1626323010027827325, FTY, 15
<134>2021-07-15T04:23:39Z cache-fty21383 MEWElogs[412844]: ROTATE, 1626323018505695814, FTY, 15
<134>2021-07-15T04:24:07Z cache-chi21126 MEWElogs[412844]: ROTATE, 1626323047795140170, CHI, 15
<134>2021-07-15T04:24:34Z cache-bos4657 MEWElogs[412844]: ROTATE, 1626323073969743094, BOS, 15
<134>2021-07-15T04:24:37Z cache-dub4329 MEWElogs[412844]: ROTATE, 1626323076804876881, DUB, 15
<134>2021-07-15T04:24:45Z cache-dub4329 MEWElogs[412844]: ROTATE, 1626323084481550658, DUB, 15
<134>2021-07-15T04:25:16Z cache-dub4329 MEWElogs[412844]: ROTATE, 1626323115593673033, DUB, 15
<134>2021-07-15T04:25:17Z cache-hhn4077 MEWElogs[412844]: ROTATE, 1626323116650823905, HHN, 15
<134>2021-07-15T04:25:41Z cache-hhn4077 MEWElogs[412844]: ROTATE, 1626323141475949345, HHN, 15
<134>2021-07-15T04:25:52Z cache-akl10324 MEWElogs[412844]: ROTATE, 1626323151541984181, AKL, 15
<134>2021-07-15T04:26:03Z cache-akl10324 MEWElogs[412844]: ROTATE, 1626323162087938963, AKL, 15
<134>2021-07-15T04:26:11Z cache-dfw18678 MEWElogs[412844]: ROTATE, 1626323171289317538, DFW, 15
<134>2021-07-15T04:26:27Z cache-pwk4920 MEWElogs[412844]: ROTATE, 1626323186898024636, PWK, 15
<134>2021-07-15T04:26:31Z cache-hhn4077 MEWElogs[412844]: ROTATE, 1626323190664854609, HHN, 15
<134>2021-07-15T04:26:35Z cache-fty21383 MEWElogs[412844]: ROTATE, 1626323194582220039, FTY, 15
<134>2021-07-15T04:26:56Z cache-dfw18678 MEWElogs[412844]: ROTATE, 1626323216177995938, DFW, 15
<134>2021-07-15T04:26:59Z cache-del21735 MEWElogs[412844]: ROTATE, 1626323219276894041, DEL, 15
