<134>2021-07-14T21:40:04Z cache-dub4329 MEWElogs[390968]: BLUR, 1626298803484174083, DUB, 11
<134>2021-07-14T21:41:02Z cache-dfw18678 MEWElogs[390968]: BLUR, 1626298862318699329, DFW, 11
<134>2021-07-14T21:41:39Z cache-hhn4077 MEWElogs[390968]: BLUR, 1626298898664261204, HHN, 11
<134>2021-07-14T21:41:42Z cache-akl10324 MEWElogs[390968]: BLUR, 1626298902570184164, AKL, 11
<134>2021-07-14T21:42:30Z cache-hhn4077 MEWElogs[390968]: BLUR, 1626298950098247955, HHN, 11
<134>2021-07-14T21:42:31Z cache-cph20625 MEWElogs[390968]: BLUR, 1626298951575359617, CPH, 11
<134>2021-07-14T21:42:41Z cache-pwk4920 MEWElogs[390968]: BLUR, 1626298960136038602, PWK, 11
<134>2021-07-14T21:42:46Z cache-del21735 MEWElogs[390968]: BLUR, 1626298965404982080, DEL, 11
<134>2021-07-14T21:43:00Z cache-del21735 MEWElogs[390968]: BLUR, 1626298979822242803, DEL, 11
<134>2021-07-14T21:44:16Z cache-del21735 MEWElogs[390968]: BLUR, 1626299055070642325, DEL, 11
<134>2021-07-14T21:45:17Z cache-hel6829 MEWElogs[390968]: BLUR, 1626299116571435178, HEL, 11
<134>2021-07-14T21:45:55Z cache-lcy19283 MEWElogs[390968]: BLUR, 1626299154798610935, LCY, 11
<134>2021-07-14T21:46:22Z cache-fra19177 MEWElogs[390968]: BLUR, 1626299181308420713, FRA, 11
<134>2021-07-14T21:46:41Z cache-cwb20520 MEWElogs[390968]: BLUR, 1626299200313885653, CWB, 11
<134>2021-07-14T21:46:56Z cache-hhn4077 MEWElogs[390968]: BLUR, 1626299215098716128, HHN, 11
<134>2021-07-14T21:47:07Z cache-fra19177 MEWElogs[390968]: BLUR, 1626299227371376510, FRA, 11
<134>2021-07-14T21:47:15Z cache-jnb7027 MEWElogs[390968]: BLUR, 1626299234297420483, JNB, 11
<134>2021-07-14T21:47:23Z cache-fra19177 MEWElogs[390968]: BLUR, 1626299242294831988, FRA, 11
<134>2021-07-14T21:48:46Z cache-iah17271 MEWElogs[390968]: BLUR, 1626299326122867283, IAH, 11
<134>2021-07-14T21:49:09Z cache-fra19177 MEWElogs[390968]: BLUR, 1626299349007970015, FRA, 11
<134>2021-07-14T21:49:33Z cache-cwb20520 MEWElogs[390968]: BLUR, 1626299372035163624, CWB, 11
<134>2021-07-14T21:49:33Z cache-hhn4077 MEWElogs[390968]: BLUR, 1626299372913922410, HHN, 11
