<134>2021-07-14T17:12:24Z cache-lcy19283 MEWElogs[308969]: FLIPH, 1626282743974524393, LCY, 10
<134>2021-07-14T17:12:30Z cache-dal21283 MEWElogs[308969]: FLIPH, 1626282748969158137, DAL, -1
<134>2021-07-14T17:12:33Z cache-jnb7027 MEWElogs[308969]: FLIPH, 1626282753224215795, JNB, 10
<134>2021-07-14T17:12:41Z cache-cwb20520 MEWElogs[308969]: FLIPH, 1626282759955933882, CWB, -1
<134>2021-07-14T17:13:05Z cache-iah17271 MEWElogs[308969]: FLIPH, 1626282785039927557, IAH, -1
<134>2021-07-14T17:13:16Z cache-dal21283 MEWElogs[308969]: FLIPH, 1626282796104554992, DAL, -1
<134>2021-07-14T17:13:51Z cache-lon4249 MEWElogs[308969]: FLIPH, 1626282831183233692, LON, 10
<134>2021-07-14T17:13:52Z cache-den8274 MEWElogs[308969]: FLIPH, 1626282832267216659, DEN, 10
<134>2021-07-14T17:14:27Z cache-mad22068 MEWElogs[308969]: FLIPH, 1626282866150381145, MAD, 10
<134>2021-07-14T17:14:30Z cache-bur17583 MEWElogs[308969]: FLIPH, 1626282870033747811, BUR, 10
<134>2021-07-14T17:14:45Z cache-lcy19283 MEWElogs[308969]: FLIPH, 1626282884602967548, LCY, 10
<134>2021-07-14T17:15:09Z cache-hkg17929 MEWElogs[308969]: FLIPH, 1626282908847115388, HKG, 10
<134>2021-07-14T17:15:12Z cache-cwb20520 MEWElogs[308969]: FLIPH, 1626282910985965960, CWB, 10
<134>2021-07-14T17:15:18Z cache-mci5951 MEWElogs[308969]: FLIPH, 1626282917084642521, MCI, -1
<134>2021-07-14T17:15:19Z cache-cwb20520 MEWElogs[308969]: FLIPH, 1626282918032490403, CWB, -1
<134>2021-07-14T17:15:29Z cache-iah17271 MEWElogs[308969]: FLIPH, 1626282928647298438, IAH, -1
<134>2021-07-14T17:15:32Z cache-mad22068 MEWElogs[308969]: FLIPH, 1626282931932299301, MAD, 10
<134>2021-07-14T17:15:42Z cache-bur17583 MEWElogs[308969]: FLIPH, 1626282942080055455, BUR, 10
<134>2021-07-14T17:15:57Z cache-cwb20520 MEWElogs[308969]: FLIPH, 1626282957159044053, CWB, -1
<134>2021-07-14T17:16:00Z cache-mad22068 MEWElogs[308969]: FLIPH, 1626282960177944378, MAD, 10
<134>2021-07-14T17:16:05Z cache-iah17271 MEWElogs[308969]: FLIPH, 1626282964439286601, IAH, 10
<134>2021-07-14T17:16:07Z cache-mad22068 MEWElogs[308969]: FLIPH, 1626282966348117402, MAD, -1
<134>2021-07-14T17:16:11Z cache-mrs10583 MEWElogs[308969]: FLIPH, 1626282970912473578, MRS, 10
<134>2021-07-14T17:16:18Z cache-stp9226 MEWElogs[308969]: FLIPH, 1626282977359188802, STP, -1
<134>2021-07-14T17:16:26Z cache-mad22068 MEWElogs[308969]: FLIPH, 1626282985837246372, MAD, -1
<134>2021-07-14T17:16:35Z cache-lhr7382 MEWElogs[308969]: FLIPH, 1626282995378024600, LHR, -1
<134>2021-07-14T17:16:48Z cache-jax20933 MEWElogs[308969]: FLIPH, 1626283007433677531, JAX, -1
<134>2021-07-14T17:16:53Z cache-dal21283 MEWElogs[308969]: FLIPH, 1626283012613856996, DAL, -1
<134>2021-07-14T17:17:14Z cache-lhr7382 MEWElogs[308969]: FLIPH, 1626283033130965519, LHR, 10
<134>2021-07-14T17:17:48Z cache-hkg17929 MEWElogs[308969]: FLIPH, 1626283067877457468, HKG, -1
<134>2021-07-14T17:18:02Z cache-dal21283 MEWElogs[308969]: FLIPH, 1626283082192655518, DAL, -1
<134>2021-07-14T17:18:23Z cache-mci5951 MEWElogs[308969]: FLIPH, 1626283102095392293, MCI, 10
<134>2021-07-14T17:18:25Z cache-bur17583 MEWElogs[308969]: FLIPH, 1626283104884420525, BUR, -1
<134>2021-07-14T17:18:38Z cache-mia11368 MEWElogs[308969]: FLIPH, 1626283117420662989, MIA, -1
<134>2021-07-14T17:18:58Z cache-mia11368 MEWElogs[308969]: FLIPH, 1626283137874421953, MIA, -1
<134>2021-07-14T17:19:01Z cache-mia11368 MEWElogs[308969]: FLIPH, 1626283141116341667, MIA, 10
<134>2021-07-14T17:19:08Z cache-mia11368 MEWElogs[308969]: FLIPH, 1626283148143000305, MIA, -1
<134>2021-07-14T17:19:15Z cache-dal21283 MEWElogs[308969]: FLIPH, 1626283155217548721, DAL, 10
<134>2021-07-14T17:20:03Z cache-mia11368 MEWElogs[308969]: FLIPH, 1626283202771945768, MIA, 10
<134>2021-07-14T17:20:11Z cache-dal21283 MEWElogs[308969]: FLIPH, 1626283211325483643, DAL, 10
<134>2021-07-14T17:20:24Z cache-mrs10583 MEWElogs[308969]: FLIPH, 1626283223045655518, MRS, 10
<134>2021-07-14T17:20:55Z cache-yul12826 MEWElogs[308969]: FLIPH, 1626283255250155563, YUL, 10
<134>2021-07-14T17:21:01Z cache-bur17583 MEWElogs[308969]: FLIPH, 1626283261324866701, BUR, -1
<134>2021-07-14T17:21:10Z cache-yul12826 MEWElogs[308969]: FLIPH, 1626283270576909733, YUL, -1
<134>2021-07-14T17:21:17Z cache-mad22068 MEWElogs[308969]: FLIPH, 1626283276866513087, MAD, -1
<134>2021-07-14T17:21:58Z cache-jax20933 MEWElogs[308969]: FLIPH, 1626283318129774074, JAX, -1
<134>2021-07-14T17:21:59Z cache-stp9226 MEWElogs[308969]: FLIPH, 1626283318114141428, STP, 10
<134>2021-07-14T17:22:02Z cache-lhr7382 MEWElogs[308969]: FLIPH, 1626283322128749598, LHR, 10
