<134>2021-07-15T01:00:45Z cache-syd10183 MEWElogs[382896]: CROP, 1626310844673153163, SYD, 12
<134>2021-07-15T01:00:50Z cache-itm18851 MEWElogs[382896]: CROP, 1626310849284418257, ITM, 12
<134>2021-07-15T01:00:51Z cache-pao17461 MEWElogs[382896]: CROP, 1626310851069326982, PAO, 12
<134>2021-07-15T01:00:55Z cache-itm18851 MEWElogs[382896]: CROP, 1626310854173122177, ITM, 12
<134>2021-07-15T01:00:58Z cache-stl4834 MEWElogs[382896]: CROP, 1626310858062886619, STL, 12
<134>2021-07-15T01:01:04Z cache-scl19427 MEWElogs[382896]: CROP, 1626310864358139564, SCL, 12
<134>2021-07-15T01:01:04Z cache-hnd18722 MEWElogs[382896]: CROP, 1626310863809239732, HND, 12
<134>2021-07-15T01:01:15Z cache-scl19427 MEWElogs[382896]: CROP, 1626310874985803506, SCL, 12
<134>2021-07-15T01:01:26Z cache-cgh11122 MEWElogs[382896]: CROP, 1626310885640351350, CGH, 12
<134>2021-07-15T01:01:31Z cache-cgh11122 MEWElogs[382896]: CROP, 1626310890026695265, CGH, 12
<134>2021-07-15T01:01:33Z cache-stl4834 MEWElogs[382896]: CROP, 1626310892354779808, STL, 12
<134>2021-07-15T01:01:36Z cache-scl19427 MEWElogs[382896]: CROP, 1626310896081771030, SCL, 12
<134>2021-07-15T01:01:46Z cache-stl4834 MEWElogs[382896]: CROP, 1626310905348669845, STL, 12
<134>2021-07-15T01:01:58Z cache-stl4834 MEWElogs[382896]: CROP, 1626310918172431669, STL, 12
<134>2021-07-15T01:02:04Z cache-pao17461 MEWElogs[382896]: CROP, 1626310923406886067, PAO, 12
<134>2021-07-15T01:02:07Z cache-gru17149 MEWElogs[382896]: CROP, 1626310926888134602, GRU, 12
<134>2021-07-15T01:02:11Z cache-pao17461 MEWElogs[382896]: CROP, 1626310931758541118, PAO, 12
<134>2021-07-15T01:02:17Z cache-hnd18722 MEWElogs[382896]: CROP, 1626310937672682647, HND, 12
<134>2021-07-15T01:02:32Z cache-cgh11122 MEWElogs[382896]: CROP, 1626310951839333137, CGH, 12
<134>2021-07-15T01:02:40Z cache-sea4483 MEWElogs[382896]: CROP, 1626310960720802408, SEA, 12
<134>2021-07-15T01:02:58Z cache-cgh11122 MEWElogs[382896]: CROP, 1626310978174340616, CGH, 12
<134>2021-07-15T01:02:58Z cache-pao17461 MEWElogs[382896]: CROP, 1626310978204717602, PAO, 12
<134>2021-07-15T01:03:00Z cache-sea4483 MEWElogs[382896]: CROP, 1626310979835412284, SEA, 12
<134>2021-07-15T01:03:05Z cache-bom4751 MEWElogs[382896]: CROP, 1626310984155488766, BOM, 12
<134>2021-07-15T01:03:13Z cache-syd10183 MEWElogs[382896]: CROP, 1626310992288400959, SYD, 12
<134>2021-07-15T01:03:28Z cache-scl19427 MEWElogs[382896]: CROP, 1626311008073436076, SCL, 12
<134>2021-07-15T01:03:56Z cache-syd10183 MEWElogs[382896]: CROP, 1626311035812877474, SYD, 12
<134>2021-07-15T01:04:03Z cache-pao17461 MEWElogs[382896]: CROP, 1626311042514495607, PAO, 12
<134>2021-07-15T01:04:12Z cache-sea4483 MEWElogs[382896]: CROP, 1626311051964215406, SEA, 12
<134>2021-07-15T01:04:40Z cache-bma1628 MEWElogs[382896]: CROP, 1626311079695645638, BMA, 12
<134>2021-07-15T01:04:43Z cache-bma1628 MEWElogs[382896]: CROP, 1626311082619153878, BMA, 12
<134>2021-07-15T01:04:57Z cache-sjc10078 MEWElogs[382896]: CROP, 1626311096729860486, SJC, 12
<134>2021-07-15T01:05:01Z cache-sea4483 MEWElogs[382896]: CROP, 1626311100246470718, SEA, 12
<134>2021-07-15T01:05:01Z cache-pao17461 MEWElogs[382896]: CROP, 1626311101258938242, PAO, 12
<134>2021-07-15T01:05:06Z cache-pao17461 MEWElogs[382896]: CROP, 1626311105438423980, PAO, 12
<134>2021-07-15T01:05:14Z cache-hnd18722 MEWElogs[382896]: CROP, 1626311113259291554, HND, 12
<134>2021-07-15T01:05:19Z cache-tyo11974 MEWElogs[382896]: CROP, 1626311118276605567, TYO, 12
<134>2021-07-15T01:05:25Z cache-bma1628 MEWElogs[382896]: CROP, 1626311124042408616, BMA, 12
<134>2021-07-15T01:05:33Z cache-bma1628 MEWElogs[382896]: CROP, 1626311132861164841, BMA, 12
<134>2021-07-15T01:05:52Z cache-itm18851 MEWElogs[382896]: CROP, 1626311151569551695, ITM, 12
<134>2021-07-15T01:06:01Z cache-cgh11183 MEWElogs[382896]: CROP, 1626311160512842509, CGH, 12
<134>2021-07-15T01:06:21Z cache-bma1628 MEWElogs[382896]: CROP, 1626311180562036444, BMA, 12
<134>2021-07-15T01:06:30Z cache-bma1628 MEWElogs[382896]: CROP, 1626311189396148537, BMA, 12
<134>2021-07-15T01:06:32Z cache-sjc10078 MEWElogs[382896]: CROP, 1626311191008161229, SJC, 12
<134>2021-07-15T01:06:41Z cache-itm18851 MEWElogs[382896]: CROP, 1626311200791710316, ITM, 12
<134>2021-07-15T01:06:56Z cache-sjc10078 MEWElogs[382896]: CROP, 1626311216141587623, SJC, 12
<134>2021-07-15T01:07:10Z cache-yyz4551 MEWElogs[382896]: CROP, 1626311229674432828, YYZ, 12
<134>2021-07-15T01:07:13Z cache-yyz4551 MEWElogs[382896]: CROP, 1626311233549535175, YYZ, 12
<134>2021-07-15T01:07:17Z cache-bma1628 MEWElogs[382896]: CROP, 1626311236783535729, BMA, 12
<134>2021-07-15T01:07:18Z cache-tyo11974 MEWElogs[382896]: CROP, 1626311237663339063, TYO, 12
<134>2021-07-15T01:07:22Z cache-yyz4551 MEWElogs[382896]: CROP, 1626311241180245365, YYZ, 12
<134>2021-07-15T01:07:27Z cache-sjc10078 MEWElogs[382896]: CROP, 1626311246892583501, SJC, 12
<134>2021-07-15T01:08:00Z cache-vie21629 MEWElogs[382896]: CROP, 1626311279678783997, VIE, 12
<134>2021-07-15T01:08:07Z cache-vie21629 MEWElogs[382896]: CROP, 1626311286316789586, VIE, 12
<134>2021-07-15T01:08:11Z cache-sjc10078 MEWElogs[382896]: CROP, 1626311290177325783, SJC, 12
<134>2021-07-15T01:08:23Z cache-tyo11974 MEWElogs[382896]: CROP, 1626311302534768604, TYO, 12
<134>2021-07-15T01:08:40Z cache-tyo11974 MEWElogs[382896]: CROP, 1626311319747914386, TYO, 12
<134>2021-07-15T01:09:13Z cache-yyz4551 MEWElogs[382896]: CROP, 1626311352627089378, YYZ, 12
<134>2021-07-15T01:09:15Z cache-tyo11974 MEWElogs[382896]: CROP, 1626311353929690890, TYO, 12
<134>2021-07-15T01:09:18Z cache-sea4483 MEWElogs[382896]: CROP, 1626311358691865457, SEA, 12
<134>2021-07-15T01:09:21Z cache-vie21629 MEWElogs[382896]: CROP, 1626311360093547508, VIE, 12
<134>2021-07-15T01:09:29Z cache-sea4483 MEWElogs[382896]: CROP, 1626311368244905859, SEA, 12
<134>2021-07-15T01:09:55Z cache-yyz4551 MEWElogs[382896]: CROP, 1626311394499843627, YYZ, 12
<134>2021-07-15T01:10:10Z cache-tyo11974 MEWElogs[382896]: CROP, 1626311409403046346, TYO, 12
<134>2021-07-15T01:10:15Z cache-cgh11183 MEWElogs[382896]: CROP, 1626311414141653813, CGH, 12
<134>2021-07-15T01:10:23Z cache-tyo11974 MEWElogs[382896]: CROP, 1626311422291077912, TYO, 12
<134>2021-07-15T01:10:26Z cache-yyz4551 MEWElogs[382896]: CROP, 1626311425696417696, YYZ, 12
<134>2021-07-15T01:10:30Z cache-yyz4551 MEWElogs[382896]: CROP, 1626311429506548095, YYZ, 12
<134>2021-07-15T01:10:31Z cache-tyo11974 MEWElogs[382896]: CROP, 1626311430790042288, TYO, 12
<134>2021-07-15T01:10:39Z cache-tyo11974 MEWElogs[382896]: CROP, 1626311439690354301, TYO, 12
<134>2021-07-15T01:10:41Z cache-cgh11183 MEWElogs[382896]: CROP, 1626311441116199363, CGH, 12
