<134>2021-07-15T02:13:18Z cache-gig17035 MEWElogs[322023]: GRAY, 1626315197315241966, GIG, 13
<134>2021-07-15T02:13:21Z cache-hnd18722 MEWElogs[322023]: GRAY, 1626315200285864718, HND, 13
<134>2021-07-15T02:13:42Z cache-hnd18722 MEWElogs[322023]: GRAY, 1626315221729319255, HND, 13
<134>2021-07-15T02:13:59Z cache-syd10183 MEWElogs[322023]: GRAY, 1626315239186969064, SYD, 13
<134>2021-07-15T02:14:45Z cache-itm18851 MEWElogs[322023]: GRAY, 1626315285365662599, ITM, 13
<134>2021-07-15T02:15:31Z cache-cgh11122 MEWElogs[322023]: GRAY, 1626315330745919321, CGH, 13
<134>2021-07-15T02:15:38Z cache-bom4751 MEWElogs[322023]: GRAY, 1626315337783515071, BOM, 13
<134>2021-07-15T02:15:44Z cache-scl19427 MEWElogs[322023]: GRAY, 1626315343341272964, SCL, 13
<134>2021-07-15T02:15:46Z cache-syd10183 MEWElogs[322023]: GRAY, 1626315345455179783, SYD, 13
<134>2021-07-15T02:15:53Z cache-itm18851 MEWElogs[322023]: GRAY, 1626315353222081734, ITM, 13
<134>2021-07-15T02:15:59Z cache-pao17461 MEWElogs[322023]: GRAY, 1626315359514293995, PAO, 13
<134>2021-07-15T02:17:19Z cache-syd10183 MEWElogs[322023]: GRAY, 1626315438595329620, SYD, 13
<134>2021-07-15T02:17:33Z cache-cgh11122 MEWElogs[322023]: GRAY, 1626315452973535739, CGH, 13
<134>2021-07-15T02:18:02Z cache-itm18851 MEWElogs[322023]: GRAY, 1626315481915531741, ITM, 13
<134>2021-07-15T02:18:12Z cache-hnd18722 MEWElogs[322023]: GRAY, 1626315491533145278, HND, 13
<134>2021-07-15T02:18:53Z cache-stl4834 MEWElogs[322023]: GRAY, 1626315532446947734, STL, 13
<134>2021-07-15T02:19:08Z cache-hnd18722 MEWElogs[322023]: GRAY, 1626315547936744635, HND, 13
<134>2021-07-15T02:19:15Z cache-pao17461 MEWElogs[322023]: GRAY, 1626315554955055273, PAO, 13
<134>2021-07-15T02:19:27Z cache-syd10183 MEWElogs[322023]: GRAY, 1626315567043175327, SYD, 13
<134>2021-07-15T02:19:41Z cache-cgh11122 MEWElogs[322023]: GRAY, 1626315580374875728, CGH, 13
<134>2021-07-15T02:20:16Z cache-sea4483 MEWElogs[322023]: GRAY, 1626315616110005629, SEA, 13
<134>2021-07-15T02:20:26Z cache-hnd18722 MEWElogs[322023]: GRAY, 1626315625532194134, HND, 13
<134>2021-07-15T02:20:45Z cache-pao17461 MEWElogs[322023]: GRAY, 1626315644717888693, PAO, 13
<134>2021-07-15T02:20:48Z cache-sea4483 MEWElogs[322023]: GRAY, 1626315648001549129, SEA, 13
<134>2021-07-15T02:21:24Z cache-sjc10078 MEWElogs[322023]: GRAY, 1626315683732564342, SJC, 13
<134>2021-07-15T02:21:43Z cache-cgh11183 MEWElogs[322023]: GRAY, 1626315703173936527, CGH, 13
<134>2021-07-15T02:21:45Z cache-sjc10078 MEWElogs[322023]: GRAY, 1626315704917624884, SJC, 13
<134>2021-07-15T02:21:51Z cache-hnd18722 MEWElogs[322023]: GRAY, 1626315711238587504, HND, 13
<134>2021-07-15T02:22:07Z cache-itm18851 MEWElogs[322023]: GRAY, 1626315726065150572, ITM, 13
<134>2021-07-15T02:22:14Z cache-sjc10078 MEWElogs[322023]: GRAY, 1626315733380949345, SJC, 13
<134>2021-07-15T02:22:16Z cache-pao17461 MEWElogs[322023]: GRAY, 1626315736320635019, PAO, 13
<134>2021-07-15T02:22:41Z cache-bma1628 MEWElogs[322023]: GRAY, 1626315760746323897, BMA, 13
