<134>2021-07-15T01:21:40Z cache-wdc5583 MEWElogs[216063]: GRAY, 1626312100141701046, WDC, 13
<134>2021-07-15T01:21:46Z cache-dca17782 MEWElogs[216063]: GRAY, 1626312105542843031, DCA, 13
<134>2021-07-15T01:21:51Z cache-eze19324 MEWElogs[216063]: GRAY, 1626312110474991562, EZE, 13
<134>2021-07-15T01:22:09Z cache-pdk17882 MEWElogs[216063]: GRAY, 1626312129268861016, PDK, 13
<134>2021-07-15T01:22:16Z cache-pdk17882 MEWElogs[216063]: GRAY, 1626312135334784755, PDK, 13
<134>2021-07-15T01:22:26Z cache-ams21020 MEWElogs[216063]: GRAY, 1626312145362519967, AMS, 13
<134>2021-07-15T01:22:30Z cache-wdc5583 MEWElogs[216063]: GRAY, 1626312149278080202, WDC, 13
<134>2021-07-15T01:22:40Z cache-ams21020 MEWElogs[216063]: GRAY, 1626312159831094280, AMS, 13
<134>2021-07-15T01:23:03Z cache-eze19324 MEWElogs[216063]: GRAY, 1626312182708894907, EZE, 13
<134>2021-07-15T01:23:04Z cache-mdw17383 MEWElogs[216063]: GRAY, 1626312183963459826, MDW, 13
<134>2021-07-15T01:23:07Z cache-bog6425 MEWElogs[216063]: GRAY, 1626312187059778411, BOG, 13
<134>2021-07-15T01:23:26Z cache-dca17782 MEWElogs[216063]: GRAY, 1626312205616546194, DCA, 13
<134>2021-07-15T01:23:34Z cache-cmh21547 MEWElogs[216063]: GRAY, 1626312213960861318, CMH, 13
<134>2021-07-15T01:23:49Z cache-cmh21547 MEWElogs[216063]: GRAY, 1626312228948911941, CMH, 13
<134>2021-07-15T01:23:49Z cache-mdw17383 MEWElogs[216063]: GRAY, 1626312228751080440, MDW, 13
<134>2021-07-15T01:23:56Z cache-ord1740 MEWElogs[216063]: GRAY, 1626312235597544008, ORD, 13
<134>2021-07-15T01:23:56Z cache-mdw17383 MEWElogs[216063]: GRAY, 1626312236147440433, MDW, 13
<134>2021-07-15T01:24:25Z cache-maa10251 MEWElogs[216063]: GRAY, 1626312264550311571, MAA, 13
<134>2021-07-15T01:24:36Z cache-cmh21547 MEWElogs[216063]: GRAY, 1626312275234219905, CMH, 13
<134>2021-07-15T01:24:41Z cache-bog6425 MEWElogs[216063]: GRAY, 1626312280703855572, BOG, 13
<134>2021-07-15T01:24:42Z cache-ord1740 MEWElogs[216063]: GRAY, 1626312281341043578, ORD, 13
<134>2021-07-15T01:24:46Z cache-ams21020 MEWElogs[216063]: GRAY, 1626312284999230251, AMS, 13
<134>2021-07-15T01:24:48Z cache-ord1740 MEWElogs[216063]: GRAY, 1626312287032820548, ORD, 13
<134>2021-07-15T01:25:06Z cache-maa10251 MEWElogs[216063]: GRAY, 1626312305792671346, MAA, 13
<134>2021-07-15T01:25:34Z cache-pdk17882 MEWElogs[216063]: GRAY, 1626312333402859065, PDK, 13
<134>2021-07-15T01:25:38Z cache-ams21020 MEWElogs[216063]: GRAY, 1626312337677760678, AMS, 13
<134>2021-07-15T01:25:48Z cache-ams21020 MEWElogs[216063]: GRAY, 1626312347188546733, AMS, 13
<134>2021-07-15T01:25:52Z cache-ams21020 MEWElogs[216063]: GRAY, 1626312351911541137, AMS, 13
<134>2021-07-15T01:25:57Z cache-ams21020 MEWElogs[216063]: GRAY, 1626312356636058173, AMS, 13
<134>2021-07-15T01:26:12Z cache-maa10251 MEWElogs[216063]: GRAY, 1626312370979671028, MAA, 13
<134>2021-07-15T01:26:23Z cache-pdk17882 MEWElogs[216063]: GRAY, 1626312382604773507, PDK, 13
<134>2021-07-15T01:26:32Z cache-ams21020 MEWElogs[216063]: GRAY, 1626312391050226624, AMS, 13
<134>2021-07-15T01:26:32Z cache-eze19324 MEWElogs[216063]: GRAY, 1626312392425304306, EZE, 13
<134>2021-07-15T01:26:41Z cache-eze19324 MEWElogs[216063]: GRAY, 1626312400549172343, EZE, 13
<134>2021-07-15T01:27:07Z cache-bog6425 MEWElogs[216063]: GRAY, 1626312427280085945, BOG, 13
<134>2021-07-15T01:27:14Z cache-ams21020 MEWElogs[216063]: GRAY, 1626312433893190627, AMS, 13
<134>2021-07-15T01:27:41Z cache-bog6425 MEWElogs[216063]: GRAY, 1626312460880692690, BOG, 13
<134>2021-07-15T01:27:48Z cache-ams21020 MEWElogs[216063]: GRAY, 1626312467119284622, AMS, 13
<134>2021-07-15T01:27:56Z cache-dca17782 MEWElogs[216063]: GRAY, 1626312475322813380, DCA, 13
<134>2021-07-15T01:27:58Z cache-maa10251 MEWElogs[216063]: GRAY, 1626312477745682406, MAA, 13
<134>2021-07-15T01:28:07Z cache-mdw17383 MEWElogs[216063]: GRAY, 1626312486270118642, MDW, 13
<134>2021-07-15T01:28:26Z cache-ams21020 MEWElogs[216063]: GRAY, 1626312505399205233, AMS, 13
<134>2021-07-15T01:28:31Z cache-ams21020 MEWElogs[216063]: GRAY, 1626312510118518706, AMS, 13
<134>2021-07-15T01:29:18Z cache-cmh21547 MEWElogs[216063]: GRAY, 1626312558246172280, CMH, 13
<134>2021-07-15T01:29:41Z cache-bog6425 MEWElogs[216063]: GRAY, 1626312580759979629, BOG, 13
<134>2021-07-15T01:30:03Z cache-maa10251 MEWElogs[216063]: GRAY, 1626312601918876680, MAA, 13
<134>2021-07-15T01:30:33Z cache-mdw17383 MEWElogs[216063]: GRAY, 1626312632148891027, MDW, 13
<134>2021-07-15T01:30:44Z cache-cph20625 MEWElogs[216063]: GRAY, 1626312643166276720, CPH, 13
<134>2021-07-15T01:31:13Z cache-pdk17882 MEWElogs[216063]: GRAY, 1626312673174447612, PDK, 13
<134>2021-07-15T01:31:25Z cache-dfw18678 MEWElogs[216063]: GRAY, 1626312685202320524, DFW, 13
