<134>2021-07-15T00:28:45Z cache-dca17782 MEWElogs[400146]: CROP, 1626308924244728942, DCA, 12
<134>2021-07-15T00:29:02Z cache-ord1740 MEWElogs[400146]: CROP, 1626308941129293260, ORD, 12
<134>2021-07-15T00:29:03Z cache-dca17782 MEWElogs[400146]: CROP, 1626308943110972399, DCA, 12
<134>2021-07-15T00:29:07Z cache-maa10251 MEWElogs[400146]: CROP, 1626308946292073166, MAA, 12
<134>2021-07-15T00:29:07Z cache-dca17782 MEWElogs[400146]: CROP, 1626308946759119330, DCA, 12
<134>2021-07-15T00:29:08Z cache-cmh21547 MEWElogs[400146]: CROP, 1626308947807516905, CMH, 12
<134>2021-07-15T00:29:13Z cache-eze19324 MEWElogs[400146]: CROP, 1626308952608317844, EZE, 12
<134>2021-07-15T00:29:33Z cache-dca17782 MEWElogs[400146]: CROP, 1626308972879232861, DCA, 12
<134>2021-07-15T00:29:34Z cache-eze19324 MEWElogs[400146]: CROP, 1626308972956386973, EZE, 12
<134>2021-07-15T00:29:45Z cache-pdk17882 MEWElogs[400146]: CROP, 1626308984766669166, PDK, 12
<134>2021-07-15T00:29:48Z cache-dca17782 MEWElogs[400146]: CROP, 1626308987939297768, DCA, 12
<134>2021-07-15T00:30:04Z cache-eze19324 MEWElogs[400146]: CROP, 1626309003907591452, EZE, 12
<134>2021-07-15T00:30:06Z cache-bog6425 MEWElogs[400146]: CROP, 1626309005937314884, BOG, 12
<134>2021-07-15T00:30:15Z cache-ams21020 MEWElogs[400146]: CROP, 1626309014671951798, AMS, 12
<134>2021-07-15T00:30:15Z cache-ord1740 MEWElogs[400146]: CROP, 1626309014719628986, ORD, 12
<134>2021-07-15T00:30:20Z cache-eze19324 MEWElogs[400146]: CROP, 1626309019591013721, EZE, 12
<134>2021-07-15T00:30:22Z cache-maa10251 MEWElogs[400146]: CROP, 1626309021407771353, MAA, 12
<134>2021-07-15T00:30:45Z cache-wdc5583 MEWElogs[400146]: CROP, 1626309044560110884, WDC, 12
<134>2021-07-15T00:30:49Z cache-dca17782 MEWElogs[400146]: CROP, 1626309047991111924, DCA, 12
<134>2021-07-15T00:30:56Z cache-maa10251 MEWElogs[400146]: CROP, 1626309055588112205, MAA, 12
<134>2021-07-15T00:30:57Z cache-eze19324 MEWElogs[400146]: CROP, 1626309056774216820, EZE, 12
<134>2021-07-15T00:31:01Z cache-mdw17383 MEWElogs[400146]: CROP, 1626309060672188384, MDW, 12
<134>2021-07-15T00:31:15Z cache-ams21020 MEWElogs[400146]: CROP, 1626309074009449050, AMS, 12
<134>2021-07-15T00:31:19Z cache-ord1740 MEWElogs[400146]: CROP, 1626309078075854104, ORD, 12
<134>2021-07-15T00:31:33Z cache-ord1740 MEWElogs[400146]: CROP, 1626309092137576229, ORD, 12
<134>2021-07-15T00:31:34Z cache-ams21020 MEWElogs[400146]: CROP, 1626309094077254209, AMS, 12
<134>2021-07-15T00:31:56Z cache-pdk17882 MEWElogs[400146]: CROP, 1626309115715844274, PDK, 12
<134>2021-07-15T00:31:57Z cache-ord1740 MEWElogs[400146]: CROP, 1626309116580147238, ORD, 12
<134>2021-07-15T00:32:05Z cache-bog6425 MEWElogs[400146]: CROP, 1626309125763301673, BOG, 12
<134>2021-07-15T00:32:10Z cache-pdk17882 MEWElogs[400146]: CROP, 1626309130141419624, PDK, 12
<134>2021-07-15T00:32:15Z cache-bog6425 MEWElogs[400146]: CROP, 1626309134406320146, BOG, 12
<134>2021-07-15T00:32:19Z cache-maa10251 MEWElogs[400146]: CROP, 1626309139529414229, MAA, 12
<134>2021-07-15T00:32:28Z cache-pdk17882 MEWElogs[400146]: CROP, 1626309148504324846, PDK, 12
<134>2021-07-15T00:32:31Z cache-bog6425 MEWElogs[400146]: CROP, 1626309151077712936, BOG, 12
<134>2021-07-15T00:32:45Z cache-mdw17383 MEWElogs[400146]: CROP, 1626309164741225170, MDW, 12
<134>2021-07-15T00:33:17Z cache-eze19324 MEWElogs[400146]: CROP, 1626309196001825558, EZE, 12
<134>2021-07-15T00:33:18Z cache-ams21020 MEWElogs[400146]: CROP, 1626309197512904446, AMS, 12
<134>2021-07-15T00:33:19Z cache-pdk17882 MEWElogs[400146]: CROP, 1626309199150878301, PDK, 12
<134>2021-07-15T00:33:23Z cache-pdk17882 MEWElogs[400146]: CROP, 1626309202773532085, PDK, 12
<134>2021-07-15T00:33:41Z cache-dca17782 MEWElogs[400146]: CROP, 1626309220658732508, DCA, 12
<134>2021-07-15T00:33:43Z cache-mdw17383 MEWElogs[400146]: CROP, 1626309222632161164, MDW, 12
<134>2021-07-15T00:33:56Z cache-dca17782 MEWElogs[400146]: CROP, 1626309235392975713, DCA, 12
<134>2021-07-15T00:34:05Z cache-mdw17383 MEWElogs[400146]: CROP, 1626309244620028986, MDW, 12
<134>2021-07-15T00:34:18Z cache-dca17782 MEWElogs[400146]: CROP, 1626309257882630909, DCA, 12
<134>2021-07-15T00:34:22Z cache-dca17782 MEWElogs[400146]: CROP, 1626309261480244654, DCA, 12
<134>2021-07-15T00:34:28Z cache-pdk17882 MEWElogs[400146]: CROP, 1626309267959344387, PDK, 12
<134>2021-07-15T00:34:39Z cache-pdk17882 MEWElogs[400146]: CROP, 1626309278751102241, PDK, 12
<134>2021-07-15T00:34:44Z cache-eze19324 MEWElogs[400146]: CROP, 1626309283509619570, EZE, 12
<134>2021-07-15T00:34:59Z cache-eze19324 MEWElogs[400146]: CROP, 1626309298683008313, EZE, 12
<134>2021-07-15T00:35:03Z cache-mdw17383 MEWElogs[400146]: CROP, 1626309302117150439, MDW, 12
<134>2021-07-15T00:35:05Z cache-dfw18678 MEWElogs[400146]: CROP, 1626309305086833684, DFW, 12
<134>2021-07-15T00:35:08Z cache-cph20625 MEWElogs[400146]: CROP, 1626309307799117037, CPH, 12
<134>2021-07-15T00:35:19Z cache-bog6425 MEWElogs[400146]: CROP, 1626309319599775986, BOG, 12
<134>2021-07-15T00:35:28Z cache-cmh21547 MEWElogs[400146]: CROP, 1626309328239945309, CMH, 12
<134>2021-07-15T00:35:33Z cache-wdc5583 MEWElogs[400146]: CROP, 1626309332213516946, WDC, 12
<134>2021-07-15T00:35:40Z cache-bog6425 MEWElogs[400146]: CROP, 1626309340685113818, BOG, 12
<134>2021-07-15T00:35:51Z cache-mdw17383 MEWElogs[400146]: CROP, 1626309350326066779, MDW, 12
<134>2021-07-15T00:35:57Z cache-dfw18678 MEWElogs[400146]: CROP, 1626309356215325906, DFW, 12
<134>2021-07-15T00:36:02Z cache-eze19324 MEWElogs[400146]: CROP, 1626309361365444040, EZE, 12
<134>2021-07-15T00:36:07Z cache-akl10324 MEWElogs[400146]: CROP, 1626309367531748589, AKL, 12
<134>2021-07-15T00:36:13Z cache-akl10324 MEWElogs[400146]: CROP, 1626309372469129920, AKL, 12
<134>2021-07-15T00:36:17Z cache-cmh21547 MEWElogs[400146]: CROP, 1626309376673572574, CMH, 12
<134>2021-07-15T00:36:22Z cache-fty21383 MEWElogs[400146]: CROP, 1626309381876531364, FTY, 12
<134>2021-07-15T00:36:23Z cache-chi21126 MEWElogs[400146]: CROP, 1626309383309761245, CHI, 12
<134>2021-07-15T00:36:29Z cache-fty21383 MEWElogs[400146]: CROP, 1626309388448890518, FTY, 12
<134>2021-07-15T00:36:59Z cache-bos4657 MEWElogs[400146]: CROP, 1626309419242746597, BOS, 12
<134>2021-07-15T00:37:09Z cache-fty21383 MEWElogs[400146]: CROP, 1626309428177314809, FTY, 12
<134>2021-07-15T00:37:15Z cache-akl10324 MEWElogs[400146]: CROP, 1626309434042580795, AKL, 12
<134>2021-07-15T00:37:19Z cache-chi21126 MEWElogs[400146]: CROP, 1626309438692019457, CHI, 12
<134>2021-07-15T00:37:20Z cache-dub4329 MEWElogs[400146]: CROP, 1626309439308390551, DUB, 12
<134>2021-07-15T00:37:45Z cache-chi21126 MEWElogs[400146]: CROP, 1626309464412011029, CHI, 12
<134>2021-07-15T00:37:47Z cache-akl10324 MEWElogs[400146]: CROP, 1626309466560865221, AKL, 12
<134>2021-07-15T00:38:03Z cache-del21735 MEWElogs[400146]: CROP, 1626309482783615451, DEL, 12
<134>2021-07-15T00:38:05Z cache-fty21383 MEWElogs[400146]: CROP, 1626309484798706336, FTY, 12
<134>2021-07-15T00:38:08Z cache-hel6829 MEWElogs[400146]: CROP, 1626309487684773872, HEL, 12
<134>2021-07-15T00:38:19Z cache-dub4329 MEWElogs[400146]: CROP, 1626309498046099062, DUB, 12
<134>2021-07-15T00:38:26Z cache-chi21126 MEWElogs[400146]: CROP, 1626309506030961535, CHI, 12
<134>2021-07-15T00:38:29Z cache-akl10324 MEWElogs[400146]: CROP, 1626309508600987193, AKL, 12
<134>2021-07-15T00:38:36Z cache-bos4657 MEWElogs[400146]: CROP, 1626309516128222046, BOS, 12
<134>2021-07-15T00:38:38Z cache-akl10324 MEWElogs[400146]: CROP, 1626309517754490394, AKL, 12
