<134>2021-07-15T04:36:52Z cache-hel6829 MEWElogs[322023]: ROTATE, 1626323811413148144, HEL, 15
<134>2021-07-15T04:37:00Z cache-chi21126 MEWElogs[322023]: ROTATE, 1626323819819542070, CHI, 15
<134>2021-07-15T04:37:48Z cache-cwb20520 MEWElogs[322023]: ROTATE, 1626323868382851673, CWB, 15
<134>2021-07-15T04:39:17Z cache-akl10324 MEWElogs[322023]: ROTATE, 1626323957143868500, AKL, 15
<134>2021-07-15T04:39:58Z cache-lcy19283 MEWElogs[322023]: ROTATE, 1626323997498120742, LCY, 15
<134>2021-07-15T04:40:51Z cache-jnb7027 MEWElogs[322023]: ROTATE, 1626324051159655272, JNB, 15
<134>2021-07-15T04:41:19Z cache-jnb7027 MEWElogs[322023]: ROTATE, 1626324079599219048, JNB, 15
<134>2021-07-15T04:42:08Z cache-bur17583 MEWElogs[322023]: ROTATE, 1626324127510646346, BUR, 15
<134>2021-07-15T04:42:44Z cache-mad22068 MEWElogs[322023]: ROTATE, 1626324163613048437, MAD, 15
<134>2021-07-15T04:43:02Z cache-lcy19283 MEWElogs[322023]: ROTATE, 1626324182490849098, LCY, 15
<134>2021-07-15T04:43:49Z cache-den8274 MEWElogs[322023]: ROTATE, 1626324228664581271, DEN, 15
<134>2021-07-15T04:43:52Z cache-hel6829 MEWElogs[322023]: ROTATE, 1626324231157672063, HEL, 15
<134>2021-07-15T04:44:05Z cache-mad22068 MEWElogs[322023]: ROTATE, 1626324244729797715, MAD, 15
<134>2021-07-15T04:44:50Z cache-lon4249 MEWElogs[322023]: ROTATE, 1626324289261789161, LON, 15
<134>2021-07-15T04:44:57Z cache-iah17271 MEWElogs[322023]: ROTATE, 1626324296745792694, IAH, 15
<134>2021-07-15T04:45:20Z cache-lon4249 MEWElogs[322023]: ROTATE, 1626324320025894736, LON, 15
<134>2021-07-15T04:45:20Z cache-dal21283 MEWElogs[322023]: ROTATE, 1626324319445694121, DAL, 15
<134>2021-07-15T04:45:21Z cache-den8274 MEWElogs[322023]: ROTATE, 1626324320614205596, DEN, 15
<134>2021-07-15T04:45:56Z cache-dal21283 MEWElogs[322023]: ROTATE, 1626324355010778153, DAL, 15
<134>2021-07-15T04:45:58Z cache-bur17583 MEWElogs[322023]: ROTATE, 1626324358620364376, BUR, 15
<134>2021-07-15T04:46:16Z cache-jnb7027 MEWElogs[322023]: ROTATE, 1626324375107560898, JNB, 15
