<134>2021-07-15T00:28:41Z cache-dca17782 MEWElogs[322023]: CROP, 1626308920027261716, DCA, 12
<134>2021-07-15T00:28:41Z cache-maa10251 MEWElogs[322023]: CROP, 1626308919944732566, MAA, 12
<134>2021-07-15T00:28:48Z cache-pdk17882 MEWElogs[322023]: CROP, 1626308927036859091, PDK, 12
<134>2021-07-15T00:28:52Z cache-dca17782 MEWElogs[322023]: CROP, 1626308931528189819, DCA, 12
<134>2021-07-15T00:29:05Z cache-ams21020 MEWElogs[322023]: CROP, 1626308944581419991, AMS, 12
<134>2021-07-15T00:29:14Z cache-wdc5583 MEWElogs[322023]: CROP, 1626308954469844918, WDC, 12
<134>2021-07-15T00:29:44Z cache-ord1740 MEWElogs[322023]: CROP, 1626308982971145540, ORD, 12
<134>2021-07-15T00:30:03Z cache-dca17782 MEWElogs[322023]: CROP, 1626309002896499794, DCA, 12
<134>2021-07-15T00:30:03Z cache-pdk17882 MEWElogs[322023]: CROP, 1626309002911730712, PDK, 12
<134>2021-07-15T00:30:12Z cache-ord1740 MEWElogs[322023]: CROP, 1626309011248295219, ORD, 12
<134>2021-07-15T00:30:29Z cache-dca17782 MEWElogs[322023]: CROP, 1626309029073863559, DCA, 12
<134>2021-07-15T00:30:38Z cache-ams21020 MEWElogs[322023]: CROP, 1626309037264109587, AMS, 12
<134>2021-07-15T00:30:44Z cache-maa10251 MEWElogs[322023]: CROP, 1626309044008086235, MAA, 12
<134>2021-07-15T00:30:48Z cache-bog6425 MEWElogs[322023]: CROP, 1626309048503183866, BOG, 12
<134>2021-07-15T00:30:57Z cache-ord1740 MEWElogs[322023]: CROP, 1626309056639227149, ORD, 12
<134>2021-07-15T00:31:26Z cache-maa10251 MEWElogs[322023]: CROP, 1626309086599932359, MAA, 12
<134>2021-07-15T00:31:28Z cache-ams21020 MEWElogs[322023]: CROP, 1626309088146480185, AMS, 12
<134>2021-07-15T00:31:41Z cache-pdk17882 MEWElogs[322023]: CROP, 1626309101157671126, PDK, 12
<134>2021-07-15T00:31:51Z cache-mdw17383 MEWElogs[322023]: CROP, 1626309110797669201, MDW, 12
<134>2021-07-15T00:31:54Z cache-maa10251 MEWElogs[322023]: CROP, 1626309112932399021, MAA, 12
<134>2021-07-15T00:32:03Z cache-pdk17882 MEWElogs[322023]: CROP, 1626309122921150769, PDK, 12
<134>2021-07-15T00:32:05Z cache-ams21020 MEWElogs[322023]: CROP, 1626309124695987428, AMS, 12
<134>2021-07-15T00:32:08Z cache-ams21020 MEWElogs[322023]: CROP, 1626309127473580968, AMS, 12
<134>2021-07-15T00:32:10Z cache-eze19324 MEWElogs[322023]: CROP, 1626309129109995493, EZE, 12
<134>2021-07-15T00:32:12Z cache-maa10251 MEWElogs[322023]: CROP, 1626309131818806739, MAA, 12
<134>2021-07-15T00:32:33Z cache-ord1740 MEWElogs[322023]: CROP, 1626309152133747230, ORD, 12
<134>2021-07-15T00:32:47Z cache-pdk17882 MEWElogs[322023]: CROP, 1626309166586842276, PDK, 12
<134>2021-07-15T00:33:13Z cache-bog6425 MEWElogs[322023]: CROP, 1626309192928159103, BOG, 12
<134>2021-07-15T00:33:37Z cache-dca17782 MEWElogs[322023]: CROP, 1626309216974029037, DCA, 12
<134>2021-07-15T00:33:41Z cache-pdk17882 MEWElogs[322023]: CROP, 1626309221132427097, PDK, 12
<134>2021-07-15T00:33:45Z cache-wdc5583 MEWElogs[322023]: CROP, 1626309224382698885, WDC, 12
<134>2021-07-15T00:33:55Z cache-bog6425 MEWElogs[322023]: CROP, 1626309235100922574, BOG, 12
<134>2021-07-15T00:34:06Z cache-wdc5583 MEWElogs[322023]: CROP, 1626309245975396754, WDC, 12
<134>2021-07-15T00:34:32Z cache-chi21126 MEWElogs[322023]: CROP, 1626309272109181775, CHI, 12
<134>2021-07-15T00:34:49Z cache-mdw17383 MEWElogs[322023]: CROP, 1626309289086966962, MDW, 12
<134>2021-07-15T00:35:06Z cache-chi21126 MEWElogs[322023]: CROP, 1626309306207522359, CHI, 12
<134>2021-07-15T00:35:21Z cache-cph20625 MEWElogs[322023]: CROP, 1626309320901041359, CPH, 12
<134>2021-07-15T00:35:32Z cache-bog6425 MEWElogs[322023]: CROP, 1626309332233096145, BOG, 12
<134>2021-07-15T00:35:51Z cache-cmh21547 MEWElogs[322023]: CROP, 1626309349983550695, CMH, 12
<134>2021-07-15T00:36:21Z cache-pwk4920 MEWElogs[322023]: CROP, 1626309381509262031, PWK, 12
<134>2021-07-15T00:36:22Z cache-cph20625 MEWElogs[322023]: CROP, 1626309382245252388, CPH, 12
<134>2021-07-15T00:36:26Z cache-fty21383 MEWElogs[322023]: CROP, 1626309385166298394, FTY, 12
<134>2021-07-15T00:36:52Z cache-bos4657 MEWElogs[322023]: CROP, 1626309411717314597, BOS, 12
<134>2021-07-15T00:36:53Z cache-eze19324 MEWElogs[322023]: CROP, 1626309412545728430, EZE, 12
<134>2021-07-15T00:36:54Z cache-cmh21547 MEWElogs[322023]: CROP, 1626309413532400240, CMH, 12
<134>2021-07-15T00:36:56Z cache-dfw18678 MEWElogs[322023]: CROP, 1626309415935866190, DFW, 12
<134>2021-07-15T00:37:06Z cache-chi21126 MEWElogs[322023]: CROP, 1626309425535747540, CHI, 12
<134>2021-07-15T00:37:27Z cache-del21735 MEWElogs[322023]: CROP, 1626309446064496168, DEL, 12
<134>2021-07-15T00:37:29Z cache-fty21383 MEWElogs[322023]: CROP, 1626309448407638229, FTY, 12
<134>2021-07-15T00:38:21Z cache-pwk4920 MEWElogs[322023]: CROP, 1626309501060973359, PWK, 12
<134>2021-07-15T00:38:22Z cache-fty21383 MEWElogs[322023]: CROP, 1626309501589224026, FTY, 12
<134>2021-07-15T00:38:27Z cache-dub4329 MEWElogs[322023]: CROP, 1626309506881408098, DUB, 12
<134>2021-07-15T00:38:39Z cache-pwk4920 MEWElogs[322023]: CROP, 1626309518400313393, PWK, 12
<134>2021-07-15T00:38:40Z cache-chi21126 MEWElogs[322023]: CROP, 1626309518977225293, CHI, 12
