<134>2021-07-15T06:30:36Z cache-dub4329 MEWElogs[308969]: UNSH, 1626330635867259642, DUB, 16
<134>2021-07-15T06:31:01Z cache-cwb20520 MEWElogs[308969]: UNSH, 1626330660859437196, CWB, 16
<134>2021-07-15T06:31:12Z cache-cwb20520 MEWElogs[308969]: UNSH, 1626330671293920273, CWB, 16
<134>2021-07-15T06:31:12Z cache-pwk4920 MEWElogs[308969]: UNSH, 1626330671680295650, PWK, 16
<134>2021-07-15T06:31:27Z cache-dfw18678 MEWElogs[308969]: UNSH, 1626330686377270819, DFW, 16
<134>2021-07-15T06:32:08Z cache-hhn4077 MEWElogs[308969]: UNSH, 1626330727697822554, HHN, 16
<134>2021-07-15T06:32:12Z cache-del21735 MEWElogs[308969]: UNSH, 1626330731363019915, DEL, 16
<134>2021-07-15T06:32:24Z cache-dub4329 MEWElogs[308969]: UNSH, 1626330743399552566, DUB, 16
<134>2021-07-15T06:32:25Z cache-cwb20520 MEWElogs[308969]: UNSH, 1626330744442542665, CWB, 16
<134>2021-07-15T06:32:29Z cache-chi21126 MEWElogs[308969]: UNSH, 1626330748854137489, CHI, 16
<134>2021-07-15T06:33:33Z cache-bos4657 MEWElogs[308969]: UNSH, 1626330813275930304, BOS, 16
<134>2021-07-15T06:33:43Z cache-bos4657 MEWElogs[308969]: UNSH, 1626330822189498936, BOS, 16
<134>2021-07-15T06:34:27Z cache-chi21126 MEWElogs[308969]: UNSH, 1626330866336971476, CHI, 16
<134>2021-07-15T06:36:03Z cache-cwb20520 MEWElogs[308969]: UNSH, 1626330962709306451, CWB, 16
<134>2021-07-15T06:36:20Z cache-del21735 MEWElogs[308969]: UNSH, 1626330979688286619, DEL, 16
<134>2021-07-15T06:36:31Z cache-dub4329 MEWElogs[308969]: UNSH, 1626330990185310270, DUB, 16
<134>2021-07-15T06:36:32Z cache-akl10324 MEWElogs[308969]: UNSH, 1626330992756206390, AKL, 16
<134>2021-07-15T06:36:49Z cache-del21735 MEWElogs[308969]: UNSH, 1626331007872953182, DEL, 16
<134>2021-07-15T06:37:01Z cache-pwk4920 MEWElogs[308969]: UNSH, 1626331020180549356, PWK, 16
<134>2021-07-15T06:37:47Z cache-hhn4077 MEWElogs[308969]: UNSH, 1626331066510697015, HHN, 16
<134>2021-07-15T06:37:50Z cache-fty21383 MEWElogs[308969]: UNSH, 1626331068967391563, FTY, 16
<134>2021-07-15T06:38:07Z cache-chi21126 MEWElogs[308969]: UNSH, 1626331086103679125, CHI, 16
<134>2021-07-15T06:38:16Z cache-fty21383 MEWElogs[308969]: UNSH, 1626331095182536544, FTY, 16
<134>2021-07-15T06:38:25Z cache-pwk4920 MEWElogs[308969]: UNSH, 1626331104603497409, PWK, 16
<134>2021-07-15T06:38:45Z cache-bos4657 MEWElogs[308969]: UNSH, 1626331124974802991, BOS, 16
<134>2021-07-15T06:38:51Z cache-fty21383 MEWElogs[308969]: UNSH, 1626331130270310123, FTY, 16
<134>2021-07-15T06:39:20Z cache-del21735 MEWElogs[308969]: UNSH, 1626331160164673014, DEL, 16
<134>2021-07-15T06:39:32Z cache-dal21283 MEWElogs[308969]: UNSH, 1626331171963280169, DAL, 16
<134>2021-07-15T06:39:44Z cache-hel6829 MEWElogs[308969]: UNSH, 1626331183648303088, HEL, 16
<134>2021-07-15T06:39:50Z cache-bos4657 MEWElogs[308969]: UNSH, 1626331189320593486, BOS, 16
<134>2021-07-15T06:39:59Z cache-del21735 MEWElogs[308969]: UNSH, 1626331199284489940, DEL, 16
<134>2021-07-15T06:40:32Z cache-chi21126 MEWElogs[308969]: UNSH, 1626331231838673552, CHI, 16
