<134>2021-07-15T02:02:23Z cache-mel11272 MEWElogs[400146]: GRAY, 1626314542429905709, MEL, 13
<134>2021-07-15T02:02:26Z cache-stp9226 MEWElogs[400146]: GRAY, 1626314545084619924, STP, 13
<134>2021-07-15T02:02:26Z cache-mci5951 MEWElogs[400146]: GRAY, 1626314546209018935, MCI, 13
<134>2021-07-15T02:02:30Z cache-mel11272 MEWElogs[400146]: GRAY, 1626314549487612059, MEL, 13
<134>2021-07-15T02:02:55Z cache-hkg17929 MEWElogs[400146]: GRAY, 1626314574671540244, HKG, 13
<134>2021-07-15T02:02:59Z cache-mel11272 MEWElogs[400146]: GRAY, 1626314578271610808, MEL, 13
<134>2021-07-15T02:03:33Z cache-hkg17929 MEWElogs[400146]: GRAY, 1626314612878511855, HKG, 13
<134>2021-07-15T02:03:33Z cache-mia11368 MEWElogs[400146]: GRAY, 1626314612448489019, MIA, 13
<134>2021-07-15T02:03:36Z cache-ewr18156 MEWElogs[400146]: GRAY, 1626314614990053584, EWR, 13
<134>2021-07-15T02:03:55Z cache-mel11272 MEWElogs[400146]: GRAY, 1626314634697226283, MEL, 13
<134>2021-07-15T02:03:58Z cache-cdg20720 MEWElogs[400146]: GRAY, 1626314637457695489, CDG, 13
<134>2021-07-15T02:04:57Z cache-yul12826 MEWElogs[400146]: GRAY, 1626314697269732739, YUL, 13
<134>2021-07-15T02:04:57Z cache-cdg20720 MEWElogs[400146]: GRAY, 1626314696928789184, CDG, 13
<134>2021-07-15T02:05:00Z cache-osl6529 MEWElogs[400146]: GRAY, 1626314699402455648, OSL, 13
<134>2021-07-15T02:05:11Z cache-gig17035 MEWElogs[400146]: GRAY, 1626314710286104390, GIG, 13
<134>2021-07-15T02:05:22Z cache-ewr18156 MEWElogs[400146]: GRAY, 1626314721663701815, EWR, 13
<134>2021-07-15T02:05:27Z cache-mel11272 MEWElogs[400146]: GRAY, 1626314726445177069, MEL, 13
<134>2021-07-15T02:05:38Z cache-jax20933 MEWElogs[400146]: GRAY, 1626314738067879774, JAX, 13
<134>2021-07-15T02:05:47Z cache-ewr18156 MEWElogs[400146]: GRAY, 1626314746869077041, EWR, 13
<134>2021-07-15T02:05:58Z cache-gig17035 MEWElogs[400146]: GRAY, 1626314757544192825, GIG, 13
<134>2021-07-15T02:06:01Z cache-yul12826 MEWElogs[400146]: GRAY, 1626314760690678128, YUL, 13
<134>2021-07-15T02:06:13Z cache-yul12826 MEWElogs[400146]: GRAY, 1626314772919089341, YUL, 13
<134>2021-07-15T02:06:47Z cache-gig17035 MEWElogs[400146]: GRAY, 1626314806363532795, GIG, 13
<134>2021-07-15T02:07:03Z cache-yul12826 MEWElogs[400146]: GRAY, 1626314823421184151, YUL, 13
<134>2021-07-15T02:07:06Z cache-scl19427 MEWElogs[400146]: GRAY, 1626314826466600856, SCL, 13
<134>2021-07-15T02:07:15Z cache-scl19427 MEWElogs[400146]: GRAY, 1626314834815668539, SCL, 13
<134>2021-07-15T02:07:17Z cache-jax20933 MEWElogs[400146]: GRAY, 1626314837153484781, JAX, 13
<134>2021-07-15T02:07:18Z cache-gig17035 MEWElogs[400146]: GRAY, 1626314837919748196, GIG, 13
<134>2021-07-15T02:07:19Z cache-mel11272 MEWElogs[400146]: GRAY, 1626314838935487012, MEL, 13
<134>2021-07-15T02:07:33Z cache-scl19427 MEWElogs[400146]: GRAY, 1626314851905655514, SCL, 13
<134>2021-07-15T02:07:53Z cache-cdg20720 MEWElogs[400146]: GRAY, 1626314872799415403, CDG, 13
<134>2021-07-15T02:07:56Z cache-ewr18156 MEWElogs[400146]: GRAY, 1626314876281900554, EWR, 13
<134>2021-07-15T02:07:59Z cache-bom4751 MEWElogs[400146]: GRAY, 1626314879175660480, BOM, 13
<134>2021-07-15T02:08:02Z cache-jax20933 MEWElogs[400146]: GRAY, 1626314881828772660, JAX, 13
<134>2021-07-15T02:08:02Z cache-ewr18156 MEWElogs[400146]: GRAY, 1626314882381646585, EWR, 13
<134>2021-07-15T02:08:02Z cache-lga21983 MEWElogs[400146]: GRAY, 1626314881953851374, LGA, 13
<134>2021-07-15T02:08:05Z cache-osl6529 MEWElogs[400146]: GRAY, 1626314884709421390, OSL, 13
<134>2021-07-15T02:08:10Z cache-osl6529 MEWElogs[400146]: GRAY, 1626314889366474630, OSL, 13
<134>2021-07-15T02:08:24Z cache-osl6529 MEWElogs[400146]: GRAY, 1626314903464968898, OSL, 13
<134>2021-07-15T02:08:36Z cache-gig17035 MEWElogs[400146]: GRAY, 1626314915644315123, GIG, 13
<134>2021-07-15T02:08:51Z cache-gig17035 MEWElogs[400146]: GRAY, 1626314930995845232, GIG, 13
<134>2021-07-15T02:08:54Z cache-cdg20720 MEWElogs[400146]: GRAY, 1626314933163773554, CDG, 13
<134>2021-07-15T02:09:05Z cache-mel11272 MEWElogs[400146]: GRAY, 1626314944420140537, MEL, 13
<134>2021-07-15T02:09:12Z cache-scl19427 MEWElogs[400146]: GRAY, 1626314951225890951, SCL, 13
<134>2021-07-15T02:09:18Z cache-mel11272 MEWElogs[400146]: GRAY, 1626314958376535369, MEL, 13
<134>2021-07-15T02:09:33Z cache-lga21983 MEWElogs[400146]: GRAY, 1626314972599788243, LGA, 13
<134>2021-07-15T02:09:36Z cache-scl19427 MEWElogs[400146]: GRAY, 1626314976371234812, SCL, 13
<134>2021-07-15T02:09:40Z cache-ewr18156 MEWElogs[400146]: GRAY, 1626314979532758813, EWR, 13
<134>2021-07-15T02:09:47Z cache-mel11272 MEWElogs[400146]: GRAY, 1626314986266727255, MEL, 13
<134>2021-07-15T02:09:59Z cache-cdg20720 MEWElogs[400146]: GRAY, 1626314998096514812, CDG, 13
<134>2021-07-15T02:10:01Z cache-gig17035 MEWElogs[400146]: GRAY, 1626315001102453685, GIG, 13
<134>2021-07-15T02:10:08Z cache-bom4751 MEWElogs[400146]: GRAY, 1626315007528454015, BOM, 13
<134>2021-07-15T02:10:10Z cache-ewr18156 MEWElogs[400146]: GRAY, 1626315010571607973, EWR, 13
<134>2021-07-15T02:10:11Z cache-osl6529 MEWElogs[400146]: GRAY, 1626315009978847474, OSL, 13
<134>2021-07-15T02:10:23Z cache-ewr18156 MEWElogs[400146]: GRAY, 1626315023212185899, EWR, 13
<134>2021-07-15T02:10:36Z cache-hnd18722 MEWElogs[400146]: GRAY, 1626315035504486300, HND, 13
<134>2021-07-15T02:10:41Z cache-gru17149 MEWElogs[400146]: GRAY, 1626315040348876180, GRU, 13
<134>2021-07-15T02:10:47Z cache-cdg20720 MEWElogs[400146]: GRAY, 1626315047332918309, CDG, 13
<134>2021-07-15T02:11:00Z cache-gru17149 MEWElogs[400146]: GRAY, 1626315059668035935, GRU, 13
<134>2021-07-15T02:11:20Z cache-osl6529 MEWElogs[400146]: GRAY, 1626315079261253764, OSL, 13
<134>2021-07-15T02:11:38Z cache-pao17461 MEWElogs[400146]: GRAY, 1626315097359101230, PAO, 13
<134>2021-07-15T02:11:43Z cache-cdg20720 MEWElogs[400146]: GRAY, 1626315102632563593, CDG, 13
<134>2021-07-15T02:11:44Z cache-gig17035 MEWElogs[400146]: GRAY, 1626315103769150571, GIG, 13
<134>2021-07-15T02:11:45Z cache-pao17461 MEWElogs[400146]: GRAY, 1626315104390838314, PAO, 13
<134>2021-07-15T02:11:53Z cache-stl4834 MEWElogs[400146]: GRAY, 1626315112540328621, STL, 13
<134>2021-07-15T02:11:53Z cache-bom4751 MEWElogs[400146]: GRAY, 1626315112368910308, BOM, 13
<134>2021-07-15T02:12:05Z cache-cdg20720 MEWElogs[400146]: GRAY, 1626315124561273851, CDG, 13
