<134>2021-07-15T06:29:52Z cache-chi21126 MEWElogs[412844]: UNSH, 1626330591638474202, CHI, 16
<134>2021-07-15T06:29:56Z cache-dfw18678 MEWElogs[412844]: UNSH, 1626330595566717819, DFW, 16
<134>2021-07-15T06:30:08Z cache-hhn4077 MEWElogs[412844]: UNSH, 1626330608202999879, HHN, 16
<134>2021-07-15T06:30:25Z cache-dfw18678 MEWElogs[412844]: UNSH, 1626330624191938701, DFW, 16
<134>2021-07-15T06:30:27Z cache-del21735 MEWElogs[412844]: UNSH, 1626330626251058383, DEL, 16
<134>2021-07-15T06:31:00Z cache-dfw18678 MEWElogs[412844]: UNSH, 1626330659522472229, DFW, 16
<134>2021-07-15T06:31:05Z cache-del21735 MEWElogs[412844]: UNSH, 1626330664336283278, DEL, 16
<134>2021-07-15T06:31:16Z cache-fty21383 MEWElogs[412844]: UNSH, 1626330675689631040, FTY, 16
<134>2021-07-15T06:31:19Z cache-bos4657 MEWElogs[412844]: UNSH, 1626330678193067385, BOS, 16
<134>2021-07-15T06:31:25Z cache-fty21383 MEWElogs[412844]: UNSH, 1626330684319830171, FTY, 16
<134>2021-07-15T06:31:33Z cache-cwb20520 MEWElogs[412844]: UNSH, 1626330692262124695, CWB, 16
<134>2021-07-15T06:31:33Z cache-fty21383 MEWElogs[412844]: UNSH, 1626330692969240650, FTY, 16
<134>2021-07-15T06:31:40Z cache-hhn4077 MEWElogs[412844]: UNSH, 1626330700014071893, HHN, 16
<134>2021-07-15T06:31:42Z cache-fty21383 MEWElogs[412844]: UNSH, 1626330701591100510, FTY, 16
<134>2021-07-15T06:31:49Z cache-hhn4077 MEWElogs[412844]: UNSH, 1626330709340272265, HHN, 16
<134>2021-07-15T06:32:35Z cache-cwb20520 MEWElogs[412844]: UNSH, 1626330754911558482, CWB, 16
<134>2021-07-15T06:32:47Z cache-dfw18678 MEWElogs[412844]: UNSH, 1626330766934422480, DFW, 16
<134>2021-07-15T06:33:05Z cache-pwk4920 MEWElogs[412844]: UNSH, 1626330784527211461, PWK, 16
<134>2021-07-15T06:33:22Z cache-dfw18678 MEWElogs[412844]: UNSH, 1626330801878261533, DFW, 16
<134>2021-07-15T06:33:38Z cache-cwb20520 MEWElogs[412844]: UNSH, 1626330817098978491, CWB, 16
<134>2021-07-15T06:34:19Z cache-fty21383 MEWElogs[412844]: UNSH, 1626330858476159919, FTY, 16
<134>2021-07-15T06:34:28Z cache-fty21383 MEWElogs[412844]: UNSH, 1626330867088979356, FTY, 16
<134>2021-07-15T06:34:45Z cache-del21735 MEWElogs[412844]: UNSH, 1626330884251835811, DEL, 16
<134>2021-07-15T06:34:52Z cache-dub4329 MEWElogs[412844]: UNSH, 1626330891593890598, DUB, 16
<134>2021-07-15T06:35:16Z cache-chi21126 MEWElogs[412844]: UNSH, 1626330915478270417, CHI, 16
<134>2021-07-15T06:35:25Z cache-dal21283 MEWElogs[412844]: UNSH, 1626330924367450901, DAL, 16
<134>2021-07-15T06:36:01Z cache-akl10324 MEWElogs[412844]: UNSH, 1626330960102290445, AKL, 16
<134>2021-07-15T06:36:22Z cache-akl10324 MEWElogs[412844]: UNSH, 1626330981764768458, AKL, 16
<134>2021-07-15T06:36:23Z cache-pwk4920 MEWElogs[412844]: UNSH, 1626330982266709765, PWK, 16
<134>2021-07-15T06:36:34Z cache-hhn4077 MEWElogs[412844]: UNSH, 1626330993573632026, HHN, 16
<134>2021-07-15T06:37:20Z cache-hhn4077 MEWElogs[412844]: UNSH, 1626331039073185924, HHN, 16
<134>2021-07-15T06:37:23Z cache-fty21383 MEWElogs[412844]: UNSH, 1626331042528512866, FTY, 16
<134>2021-07-15T06:37:28Z cache-akl10324 MEWElogs[412844]: UNSH, 1626331047361330810, AKL, 16
<134>2021-07-15T06:38:31Z cache-dal21283 MEWElogs[412844]: UNSH, 1626331110359065075, DAL, 16
<134>2021-07-15T06:38:33Z cache-chi21126 MEWElogs[412844]: UNSH, 1626331112309046450, CHI, 16
<134>2021-07-15T06:38:53Z cache-pwk4920 MEWElogs[412844]: UNSH, 1626331132640392227, PWK, 16
<134>2021-07-15T06:39:03Z cache-bos4657 MEWElogs[412844]: UNSH, 1626331142736064033, BOS, 16
