<134>2021-07-15T06:42:07Z cache-iah17271 MEWElogs[46369]: UNSH, 1626331326552086911, IAH, 16
<134>2021-07-15T06:42:12Z cache-fra19177 MEWElogs[46369]: UNSH, 1626331331372581858, FRA, 16
<134>2021-07-15T06:42:37Z cache-jnb7027 MEWElogs[46369]: UNSH, 1626331356133608732, JNB, 16
<134>2021-07-15T06:42:46Z cache-cwb20520 MEWElogs[46369]: UNSH, 1626331365160638011, CWB, 16
<134>2021-07-15T06:42:52Z cache-lcy19283 MEWElogs[46369]: UNSH, 1626331372073873014, LCY, 16
<134>2021-07-15T06:43:06Z cache-den8274 MEWElogs[46369]: UNSH, 1626331385967629280, DEN, 16
<134>2021-07-15T06:43:48Z cache-iah17271 MEWElogs[46369]: UNSH, 1626331427949072541, IAH, 16
<134>2021-07-15T06:43:50Z cache-hel6829 MEWElogs[46369]: UNSH, 1626331429911771435, HEL, 16
<134>2021-07-15T06:44:00Z cache-fra19177 MEWElogs[46369]: UNSH, 1626331439500715113, FRA, 16
<134>2021-07-15T06:44:25Z cache-lcy19283 MEWElogs[46369]: UNSH, 1626331464731485259, LCY, 16
<134>2021-07-15T06:44:27Z cache-jnb7027 MEWElogs[46369]: UNSH, 1626331466864922751, JNB, 16
<134>2021-07-15T06:44:41Z cache-lon4249 MEWElogs[46369]: UNSH, 1626331480404940491, LON, 16
<134>2021-07-15T06:45:06Z cache-lon4249 MEWElogs[46369]: UNSH, 1626331505310683002, LON, 16
<134>2021-07-15T06:45:30Z cache-lcy19283 MEWElogs[46369]: UNSH, 1626331529735425114, LCY, 16
<134>2021-07-15T06:45:30Z cache-dal21283 MEWElogs[46369]: UNSH, 1626331530269589828, DAL, 16
<134>2021-07-15T06:46:20Z cache-jnb7027 MEWElogs[46369]: UNSH, 1626331579790141757, JNB, 16
<134>2021-07-15T06:46:47Z cache-lcy19283 MEWElogs[46369]: UNSH, 1626331606748515719, LCY, 16
<134>2021-07-15T06:47:04Z cache-dal21283 MEWElogs[46369]: UNSH, 1626331623840520576, DAL, 16
<134>2021-07-15T06:47:17Z cache-fra19177 MEWElogs[46369]: UNSH, 1626331636553552976, FRA, 16
<134>2021-07-15T06:47:42Z cache-iah17271 MEWElogs[46369]: UNSH, 1626331661081036048, IAH, 16
<134>2021-07-15T06:47:54Z cache-mad22068 MEWElogs[46369]: UNSH, 1626331673943369442, MAD, 16
<134>2021-07-15T06:47:56Z cache-lon4249 MEWElogs[46369]: UNSH, 1626331675526069385, LON, 16
<134>2021-07-15T06:48:16Z cache-den8274 MEWElogs[46369]: UNSH, 1626331695298398532, DEN, 16
<134>2021-07-15T06:48:22Z cache-mad22068 MEWElogs[46369]: UNSH, 1626331701326817157, MAD, 16
<134>2021-07-15T06:48:47Z cache-lon4249 MEWElogs[46369]: UNSH, 1626331727333817966, LON, 16
<134>2021-07-15T06:49:02Z cache-jnb7027 MEWElogs[46369]: UNSH, 1626331741703258686, JNB, 16
<134>2021-07-15T06:49:07Z cache-mad22068 MEWElogs[46369]: UNSH, 1626331746165069347, MAD, 16
<134>2021-07-15T06:49:28Z cache-lcy19283 MEWElogs[46369]: UNSH, 1626331768316381102, LCY, 16
<134>2021-07-15T06:49:38Z cache-lcy19283 MEWElogs[46369]: UNSH, 1626331777622813470, LCY, 16
<134>2021-07-15T06:50:19Z cache-fra19177 MEWElogs[46369]: UNSH, 1626331818902498512, FRA, 16
<134>2021-07-15T06:50:26Z cache-bur17583 MEWElogs[46369]: UNSH, 1626331826018772990, BUR, 16
<134>2021-07-15T06:51:01Z cache-hel6829 MEWElogs[46369]: UNSH, 1626331860806917866, HEL, 16
<134>2021-07-15T06:51:33Z cache-hel6829 MEWElogs[46369]: UNSH, 1626331892702819386, HEL, 16
<134>2021-07-15T06:51:33Z cache-jnb7027 MEWElogs[46369]: UNSH, 1626331893682035578, JNB, 16
<134>2021-07-15T06:51:45Z cache-bur17583 MEWElogs[46369]: UNSH, 1626331904854814157, BUR, 16
<134>2021-07-15T06:51:49Z cache-lon4249 MEWElogs[46369]: UNSH, 1626331908133126255, LON, 16
<134>2021-07-15T06:51:49Z cache-iah17271 MEWElogs[46369]: UNSH, 1626331908371905385, IAH, 16
<134>2021-07-15T06:51:55Z cache-hel6829 MEWElogs[46369]: UNSH, 1626331914300198720, HEL, 16
