<134>2021-07-14T17:32:30Z cache-mia11368 MEWElogs[412844]: FLIPH, 1626283949267966464, MIA, -1
<134>2021-07-14T17:32:30Z cache-lax10677 MEWElogs[412844]: FLIPH, 1626283949700752536, LGB, -1
<134>2021-07-14T17:32:31Z cache-man4150 MEWElogs[412844]: FLIPH, 1626283950225437264, MAN, 10
<134>2021-07-14T17:32:37Z cache-stp9226 MEWElogs[412844]: FLIPH, 1626283956350246764, STP, 10
<134>2021-07-14T17:32:50Z cache-yul12826 MEWElogs[412844]: FLIPH, 1626283969851086237, YUL, -1
<134>2021-07-14T17:32:54Z cache-mel11272 MEWElogs[412844]: FLIPH, 1626283973790810672, MEL, -1
<134>2021-07-14T17:33:04Z cache-mel11272 MEWElogs[412844]: FLIPH, 1626283983882769479, MEL, -1
<134>2021-07-14T17:33:06Z cache-stp9226 MEWElogs[412844]: FLIPH, 1626283985896842350, STP, -1
<134>2021-07-14T17:33:13Z cache-man4150 MEWElogs[412844]: FLIPH, 1626283992218817118, MAN, 10
<134>2021-07-14T17:33:21Z cache-stp9226 MEWElogs[412844]: FLIPH, 1626284000125165104, STP, 10
<134>2021-07-14T17:33:23Z cache-lga21983 MEWElogs[412844]: FLIPH, 1626284003121687653, LGA, -1
<134>2021-07-14T17:33:54Z cache-cdg20720 MEWElogs[412844]: FLIPH, 1626284033455556007, CDG, 10
<134>2021-07-14T17:34:17Z cache-man4150 MEWElogs[412844]: FLIPH, 1626284056956739435, MAN, -1
<134>2021-07-14T17:34:26Z cache-man4150 MEWElogs[412844]: FLIPH, 1626284065061764228, MAN, -1
<134>2021-07-14T17:34:27Z cache-gig17035 MEWElogs[412844]: FLIPH, 1626284066295884716, GIG, 10
<134>2021-07-14T17:34:46Z cache-ewr18156 MEWElogs[412844]: FLIPH, 1626284085851298141, EWR, -1
<134>2021-07-14T17:34:52Z cache-lga21983 MEWElogs[412844]: FLIPH, 1626284092150678691, LGA, -1
<134>2021-07-14T17:35:01Z cache-yul12826 MEWElogs[412844]: FLIPH, 1626284101074951699, YUL, -1
<134>2021-07-14T17:35:03Z cache-lax10677 MEWElogs[412844]: FLIPH, 1626284102575264010, LGB, 10
<134>2021-07-14T17:35:04Z cache-jax20933 MEWElogs[412844]: FLIPH, 1626284104517426353, JAX, 10
<134>2021-07-14T17:35:16Z cache-cdg20720 MEWElogs[412844]: FLIPH, 1626284115353595540, CDG, 10
<134>2021-07-14T17:35:16Z cache-osl6529 MEWElogs[412844]: FLIPH, 1626284115547110500, OSL, -1
<134>2021-07-14T17:35:44Z cache-ewr18156 MEWElogs[412844]: FLIPH, 1626284144303254627, EWR, 10
<134>2021-07-14T17:35:45Z cache-lga21983 MEWElogs[412844]: FLIPH, 1626284144436539758, LGA, 10
<134>2021-07-14T17:35:58Z cache-man4150 MEWElogs[412844]: FLIPH, 1626284158235063639, MAN, -1
<134>2021-07-14T17:36:00Z cache-gig17035 MEWElogs[412844]: FLIPH, 1626284159957234342, GIG, -1
<134>2021-07-14T17:36:01Z cache-man4150 MEWElogs[412844]: FLIPH, 1626284160947285135, MAN, 10
<134>2021-07-14T17:36:15Z cache-yul12826 MEWElogs[412844]: FLIPH, 1626284175225572889, YUL, -1
<134>2021-07-14T17:36:19Z cache-ewr18156 MEWElogs[412844]: FLIPH, 1626284178151015811, EWR, -1
<134>2021-07-14T17:36:20Z cache-osl6529 MEWElogs[412844]: FLIPH, 1626284179857022910, OSL, -1
<134>2021-07-14T17:36:26Z cache-bom4751 MEWElogs[412844]: FLIPH, 1626284184929363155, BOM, -1
<134>2021-07-14T17:36:28Z cache-gig17035 MEWElogs[412844]: FLIPH, 1626284187303305970, GIG, 10
<134>2021-07-14T17:36:30Z cache-lax10677 MEWElogs[412844]: FLIPH, 1626284189447004156, LGB, -1
<134>2021-07-14T17:36:37Z cache-gig17035 MEWElogs[412844]: FLIPH, 1626284195963039570, GIG, -1
<134>2021-07-14T17:36:43Z cache-lga21983 MEWElogs[412844]: FLIPH, 1626284203148203504, LGA, 10
<134>2021-07-14T17:36:59Z cache-lax10677 MEWElogs[412844]: FLIPH, 1626284218900247128, LGB, -1
<134>2021-07-14T17:37:03Z cache-cdg20720 MEWElogs[412844]: FLIPH, 1626284222961527521, CDG, -1
<134>2021-07-14T17:37:04Z cache-scl19427 MEWElogs[412844]: FLIPH, 1626284224632495529, SCL, 10
<134>2021-07-14T17:37:17Z cache-scl19427 MEWElogs[412844]: FLIPH, 1626284236669120942, SCL, 10
<134>2021-07-14T17:37:48Z cache-cdg20720 MEWElogs[412844]: FLIPH, 1626284267349200071, CDG, 10
<134>2021-07-14T17:37:50Z cache-mel11272 MEWElogs[412844]: FLIPH, 1626284268939791965, MEL, -1
<134>2021-07-14T17:37:53Z cache-ewr18156 MEWElogs[412844]: FLIPH, 1626284272995295328, EWR, 10
<134>2021-07-14T17:38:12Z cache-gig17035 MEWElogs[412844]: FLIPH, 1626284291647086315, GIG, -1
<134>2021-07-14T17:38:14Z cache-osl6529 MEWElogs[412844]: FLIPH, 1626284294280750265, OSL, 10
<134>2021-07-14T17:38:26Z cache-ewr18156 MEWElogs[412844]: FLIPH, 1626284306302159957, EWR, -1
<134>2021-07-14T17:38:29Z cache-ewr18156 MEWElogs[412844]: FLIPH, 1626284309498816339, EWR, 10
<134>2021-07-14T17:38:39Z cache-ewr18156 MEWElogs[412844]: FLIPH, 1626284318999589256, EWR, 10
<134>2021-07-14T17:39:02Z cache-lax10677 MEWElogs[412844]: FLIPH, 1626284341540299069, LGB, 10
<134>2021-07-14T17:39:13Z cache-ewr18156 MEWElogs[412844]: FLIPH, 1626284352805663176, EWR, -1
<134>2021-07-14T17:39:31Z cache-lga21983 MEWElogs[412844]: FLIPH, 1626284371240596810, LGA, 10
<134>2021-07-14T17:39:32Z cache-lax10677 MEWElogs[412844]: FLIPH, 1626284371651981383, LGB, 10
<134>2021-07-14T17:39:39Z cache-scl19427 MEWElogs[412844]: FLIPH, 1626284378424457580, SCL, -1
<134>2021-07-14T17:39:41Z cache-lga21983 MEWElogs[412844]: FLIPH, 1626284381079691732, LGA, 10
<134>2021-07-14T17:39:46Z cache-cdg20720 MEWElogs[412844]: FLIPH, 1626284385957726060, CDG, -1
<134>2021-07-14T17:39:51Z cache-lga21983 MEWElogs[412844]: FLIPH, 1626284391019789498, LGA, 10
<134>2021-07-14T17:39:54Z cache-scl19427 MEWElogs[412844]: FLIPH, 1626284393917620168, SCL, 10
<134>2021-07-14T17:40:12Z cache-osl6529 MEWElogs[412844]: FLIPH, 1626284411283235670, OSL, -1
<134>2021-07-14T17:40:19Z cache-ewr18156 MEWElogs[412844]: FLIPH, 1626284418139674948, EWR, -1
<134>2021-07-14T17:40:21Z cache-gru17149 MEWElogs[412844]: FLIPH, 1626284420288023269, GRU, 10
<134>2021-07-14T17:40:27Z cache-scl19427 MEWElogs[412844]: FLIPH, 1626284426672290040, SCL, -1
<134>2021-07-14T17:40:32Z cache-mel11272 MEWElogs[412844]: FLIPH, 1626284431634613147, MEL, -1
<134>2021-07-14T17:40:37Z cache-gru17149 MEWElogs[412844]: FLIPH, 1626284436659521398, GRU, -1
<134>2021-07-14T17:40:58Z cache-cdg20720 MEWElogs[412844]: FLIPH, 1626284458169447675, CDG, -1
<134>2021-07-14T17:41:02Z cache-man4150 MEWElogs[412844]: FLIPH, 1626284461431341877, MAN, 10
<134>2021-07-14T17:41:10Z cache-man4150 MEWElogs[412844]: FLIPH, 1626284469482744933, MAN, 10
<134>2021-07-14T17:41:16Z cache-scl19427 MEWElogs[412844]: FLIPH, 1626284475859207740, SCL, -1
<134>2021-07-14T17:41:26Z cache-man4150 MEWElogs[412844]: FLIPH, 1626284485664361126, MAN, 10
<134>2021-07-14T17:41:38Z cache-gig17035 MEWElogs[412844]: FLIPH, 1626284497667905166, GIG, -1
<134>2021-07-14T17:41:49Z cache-cdg20720 MEWElogs[412844]: FLIPH, 1626284508941422155, CDG, -1
<134>2021-07-14T17:41:51Z cache-lga21983 MEWElogs[412844]: FLIPH, 1626284511392422991, LGA, 10
<134>2021-07-14T17:41:53Z cache-cdg20720 MEWElogs[412844]: FLIPH, 1626284512351760445, CDG, 10
<134>2021-07-14T17:42:26Z cache-gig17035 MEWElogs[412844]: FLIPH, 1626284545605413999, GIG, -1
