<134>2021-07-14T22:03:15Z cache-cwb20520 MEWElogs[355776]: BLUR, 1626300194856391863, CWB, 11
<134>2021-07-14T22:03:16Z cache-bur17583 MEWElogs[355776]: BLUR, 1626300195641125695, BUR, 11
<134>2021-07-14T22:04:08Z cache-lon4249 MEWElogs[355776]: BLUR, 1626300247642139778, LON, 11
<134>2021-07-14T22:04:16Z cache-lcy19283 MEWElogs[355776]: BLUR, 1626300255947165488, LCY, 11
<134>2021-07-14T22:04:50Z cache-lcy19283 MEWElogs[355776]: BLUR, 1626300289899544371, LCY, 11
<134>2021-07-14T22:05:06Z cache-fra19177 MEWElogs[355776]: BLUR, 1626300305788618334, FRA, 11
<134>2021-07-14T22:05:07Z cache-lcy19283 MEWElogs[355776]: BLUR, 1626300307324269392, LCY, 11
<134>2021-07-14T22:05:35Z cache-fra19177 MEWElogs[355776]: BLUR, 1626300335385476485, FRA, 11
<134>2021-07-14T22:05:42Z cache-lcy19283 MEWElogs[355776]: BLUR, 1626300341747437336, LCY, 11
<134>2021-07-14T22:06:03Z cache-lon4249 MEWElogs[355776]: BLUR, 1626300363375961989, LON, 11
<134>2021-07-14T22:06:41Z cache-den8274 MEWElogs[355776]: BLUR, 1626300400684579941, DEN, 11
<134>2021-07-14T22:06:53Z cache-bur17583 MEWElogs[355776]: BLUR, 1626300412116034690, BUR, 11
<134>2021-07-14T22:07:24Z cache-jnb7027 MEWElogs[355776]: BLUR, 1626300443407579460, JNB, 11
<134>2021-07-14T22:08:34Z cache-lcy19283 MEWElogs[355776]: BLUR, 1626300514675889800, LCY, 11
<134>2021-07-14T22:08:40Z cache-bur17583 MEWElogs[355776]: BLUR, 1626300519210119227, BUR, 11
<134>2021-07-14T22:09:39Z cache-lon4249 MEWElogs[355776]: BLUR, 1626300578462960443, LON, 11
<134>2021-07-14T22:09:53Z cache-lon4249 MEWElogs[355776]: BLUR, 1626300592568436476, LON, 11
<134>2021-07-14T22:09:55Z cache-mad22068 MEWElogs[355776]: BLUR, 1626300594871286013, MAD, 11
<134>2021-07-14T22:10:23Z cache-dal21283 MEWElogs[355776]: BLUR, 1626300622974863956, DAL, 11
<134>2021-07-14T22:10:28Z cache-bur17583 MEWElogs[355776]: BLUR, 1626300627844510037, BUR, 11
<134>2021-07-14T22:10:36Z cache-mci5951 MEWElogs[355776]: BLUR, 1626300635916282091, MCI, 11
<134>2021-07-14T22:10:37Z cache-cwb20520 MEWElogs[355776]: BLUR, 1626300636660782962, CWB, 11
<134>2021-07-14T22:11:09Z cache-lcy19283 MEWElogs[355776]: BLUR, 1626300668806667641, LCY, 11
<134>2021-07-14T22:11:47Z cache-lon4249 MEWElogs[355776]: BLUR, 1626300706684405100, LON, 11
<134>2021-07-14T22:12:01Z cache-lon4249 MEWElogs[355776]: BLUR, 1626300720883032733, LON, 11
<134>2021-07-14T22:12:15Z cache-iah17271 MEWElogs[355776]: BLUR, 1626300735716027354, IAH, 11
<134>2021-07-14T22:12:34Z cache-cwb20520 MEWElogs[355776]: BLUR, 1626300753485147339, CWB, 11
