<134>2021-07-15T07:33:04Z cache-lga21983 MEWElogs[418388]: UNSH, 1626334383579917570, LGA, 16
<134>2021-07-15T07:33:37Z cache-mel11272 MEWElogs[418388]: UNSH, 1626334416849763891, MEL, 16
<134>2021-07-15T07:34:48Z cache-mel11272 MEWElogs[418388]: UNSH, 1626334487193720544, MEL, 16
<134>2021-07-15T07:35:34Z cache-man4150 MEWElogs[418388]: UNSH, 1626334533928879042, MAN, 16
<134>2021-07-15T07:35:36Z cache-osl6529 MEWElogs[418388]: UNSH, 1626334535256618439, OSL, 16
<134>2021-07-15T07:35:41Z cache-lga21983 MEWElogs[418388]: UNSH, 1626334540592136837, LGA, 16
<134>2021-07-15T07:36:40Z cache-lhr7382 MEWElogs[418388]: UNSH, 1626334600474409921, LHR, 16
<134>2021-07-15T07:36:57Z cache-osl6529 MEWElogs[418388]: UNSH, 1626334616376351383, OSL, 16
<134>2021-07-15T07:37:00Z cache-lhr7382 MEWElogs[418388]: UNSH, 1626334619399169165, LHR, 16
<134>2021-07-15T07:37:02Z cache-ewr18156 MEWElogs[418388]: UNSH, 1626334621792314301, EWR, 16
<134>2021-07-15T07:37:42Z cache-jax20933 MEWElogs[418388]: UNSH, 1626334661164156339, JAX, 16
<134>2021-07-15T07:37:44Z cache-lhr7382 MEWElogs[418388]: UNSH, 1626334664245556889, LHR, 16
<134>2021-07-15T07:38:34Z cache-lga21983 MEWElogs[418388]: UNSH, 1626334713993796837, LGA, 16
<134>2021-07-15T07:38:53Z cache-lax10677 MEWElogs[418388]: UNSH, 1626334732430870886, LGB, 16
<134>2021-07-15T07:38:55Z cache-bom4751 MEWElogs[418388]: UNSH, 1626334735001057117, BOM, 16
<134>2021-07-15T07:39:06Z cache-lhr7382 MEWElogs[418388]: UNSH, 1626334746075222086, LHR, 16
<134>2021-07-15T07:39:15Z cache-osl6529 MEWElogs[418388]: UNSH, 1626334754152463329, OSL, 16
<134>2021-07-15T07:39:24Z cache-lga21983 MEWElogs[418388]: UNSH, 1626334763785504321, LGA, 16
<134>2021-07-15T07:40:42Z cache-bom4751 MEWElogs[418388]: UNSH, 1626334841334682664, BOM, 16
<134>2021-07-15T07:41:27Z cache-mel11272 MEWElogs[418388]: UNSH, 1626334886439264915, MEL, 16
<134>2021-07-15T07:41:38Z cache-mel11272 MEWElogs[418388]: UNSH, 1626334898454843542, MEL, 16
<134>2021-07-15T07:41:48Z cache-lga21983 MEWElogs[418388]: UNSH, 1626334907254512399, LGA, 16
<134>2021-07-15T07:42:15Z cache-bom4751 MEWElogs[418388]: UNSH, 1626334934853005948, BOM, 16
