<134>2021-07-15T02:13:02Z cache-bom4751 MEWElogs[334804]: GRAY, 1626315181612617031, BOM, 13
<134>2021-07-15T02:13:06Z cache-scl19427 MEWElogs[334804]: GRAY, 1626315185726378229, SCL, 13
<134>2021-07-15T02:13:28Z cache-hnd18722 MEWElogs[334804]: GRAY, 1626315207551461730, HND, 13
<134>2021-07-15T02:13:33Z cache-gig17035 MEWElogs[334804]: GRAY, 1626315212883758361, GIG, 13
<134>2021-07-15T02:13:39Z cache-gru17149 MEWElogs[334804]: GRAY, 1626315218028134358, GRU, 13
<134>2021-07-15T02:13:45Z cache-syd10183 MEWElogs[334804]: GRAY, 1626315224650967950, SYD, 13
<134>2021-07-15T02:14:02Z cache-cgh11122 MEWElogs[334804]: GRAY, 1626315242122595736, CGH, 13
<134>2021-07-15T02:14:53Z cache-scl19427 MEWElogs[334804]: GRAY, 1626315293016475254, SCL, 13
<134>2021-07-15T02:15:01Z cache-stl4834 MEWElogs[334804]: GRAY, 1626315301273151359, STL, 13
<134>2021-07-15T02:16:03Z cache-stl4834 MEWElogs[334804]: GRAY, 1626315363942109710, STL, 13
<134>2021-07-15T02:16:11Z cache-hnd18722 MEWElogs[334804]: GRAY, 1626315370584321640, HND, 13
<134>2021-07-15T02:16:26Z cache-stl4834 MEWElogs[334804]: GRAY, 1626315385020223434, STL, 13
<134>2021-07-15T02:16:32Z cache-stl4834 MEWElogs[334804]: GRAY, 1626315392000279147, STL, 13
<134>2021-07-15T02:16:34Z cache-pao17461 MEWElogs[334804]: GRAY, 1626315394730973874, PAO, 13
<134>2021-07-15T02:16:38Z cache-cgh11122 MEWElogs[334804]: GRAY, 1626315398089552174, CGH, 13
<134>2021-07-15T02:16:46Z cache-hnd18722 MEWElogs[334804]: GRAY, 1626315406054217039, HND, 13
<134>2021-07-15T02:17:06Z cache-scl19427 MEWElogs[334804]: GRAY, 1626315426158820443, SCL, 13
<134>2021-07-15T02:17:39Z cache-scl19427 MEWElogs[334804]: GRAY, 1626315459351581670, SCL, 13
<134>2021-07-15T02:17:55Z cache-syd10183 MEWElogs[334804]: GRAY, 1626315474103977386, SYD, 13
<134>2021-07-15T02:18:14Z cache-scl19427 MEWElogs[334804]: GRAY, 1626315492994205533, SCL, 13
<134>2021-07-15T02:18:38Z cache-stl4834 MEWElogs[334804]: GRAY, 1626315518221843296, STL, 13
<134>2021-07-15T02:19:20Z cache-sea4483 MEWElogs[334804]: GRAY, 1626315560580408348, SEA, 13
<134>2021-07-15T02:19:52Z cache-sea4483 MEWElogs[334804]: GRAY, 1626315592237581758, SEA, 13
<134>2021-07-15T02:20:08Z cache-sea4483 MEWElogs[334804]: GRAY, 1626315608161760137, SEA, 13
<134>2021-07-15T02:20:39Z cache-syd10183 MEWElogs[334804]: GRAY, 1626315638239201947, SYD, 13
<134>2021-07-15T02:20:49Z cache-sjc10078 MEWElogs[334804]: GRAY, 1626315648860983658, SJC, 13
<134>2021-07-15T02:21:13Z cache-itm18851 MEWElogs[334804]: GRAY, 1626315673223026117, ITM, 13
<134>2021-07-15T02:21:17Z cache-sjc10078 MEWElogs[334804]: GRAY, 1626315676845236578, SJC, 13
<134>2021-07-15T02:21:38Z cache-hnd18722 MEWElogs[334804]: GRAY, 1626315697227016978, HND, 13
<134>2021-07-15T02:21:51Z cache-cgh11183 MEWElogs[334804]: GRAY, 1626315710010202986, CGH, 13
<134>2021-07-15T02:22:13Z cache-hnd18722 MEWElogs[334804]: GRAY, 1626315732369942553, HND, 13
<134>2021-07-15T02:22:24Z cache-cgh11122 MEWElogs[334804]: GRAY, 1626315743760500251, CGH, 13
<134>2021-07-15T02:22:31Z cache-cgh11122 MEWElogs[334804]: GRAY, 1626315750539657890, CGH, 13
