<134>2021-07-15T01:42:57Z cache-cwb20520 MEWElogs[308969]: GRAY, 1626313376663995633, CWB, 13
<134>2021-07-15T01:43:44Z cache-bur17583 MEWElogs[308969]: GRAY, 1626313423329238745, BUR, 13
<134>2021-07-15T01:44:18Z cache-lon4249 MEWElogs[308969]: GRAY, 1626313457287761033, LON, 13
<134>2021-07-15T01:44:21Z cache-pwk4920 MEWElogs[308969]: GRAY, 1626313460171020686, PWK, 13
<134>2021-07-15T01:44:22Z cache-lon4249 MEWElogs[308969]: GRAY, 1626313461919163049, LON, 13
<134>2021-07-15T01:44:27Z cache-den8274 MEWElogs[308969]: GRAY, 1626313466994570618, DEN, 13
<134>2021-07-15T01:44:35Z cache-pwk4920 MEWElogs[308969]: GRAY, 1626313474593583679, PWK, 13
<134>2021-07-15T01:44:45Z cache-cwb20520 MEWElogs[308969]: GRAY, 1626313484768961930, CWB, 13
<134>2021-07-15T01:44:56Z cache-den8274 MEWElogs[308969]: GRAY, 1626313496580563735, DEN, 13
<134>2021-07-15T01:45:05Z cache-jnb7027 MEWElogs[308969]: GRAY, 1626313504283883703, JNB, 13
<134>2021-07-15T01:45:16Z cache-iah17271 MEWElogs[308969]: GRAY, 1626313515092163301, IAH, 13
<134>2021-07-15T01:45:23Z cache-jnb7027 MEWElogs[308969]: GRAY, 1626313522375640472, JNB, 13
<134>2021-07-15T01:45:45Z cache-iah17271 MEWElogs[308969]: GRAY, 1626313544318668970, IAH, 13
<134>2021-07-15T01:46:05Z cache-lon4249 MEWElogs[308969]: GRAY, 1626313564527593076, LON, 13
<134>2021-07-15T01:46:43Z cache-jnb7027 MEWElogs[308969]: GRAY, 1626313601898984960, JNB, 13
<134>2021-07-15T01:46:49Z cache-lcy19283 MEWElogs[308969]: GRAY, 1626313609190858744, LCY, 13
<134>2021-07-15T01:46:55Z cache-den8274 MEWElogs[308969]: GRAY, 1626313615412754861, DEN, 13
<134>2021-07-15T01:47:05Z cache-lcy19283 MEWElogs[308969]: GRAY, 1626313624073631067, LCY, 13
<134>2021-07-15T01:47:10Z cache-lcy19283 MEWElogs[308969]: GRAY, 1626313628969123794, LCY, 13
<134>2021-07-15T01:47:13Z cache-jnb7027 MEWElogs[308969]: GRAY, 1626313631857672665, JNB, 13
<134>2021-07-15T01:47:42Z cache-hel6829 MEWElogs[308969]: GRAY, 1626313661187649727, HEL, 13
<134>2021-07-15T01:47:59Z cache-iah17271 MEWElogs[308969]: GRAY, 1626313678974314601, IAH, 13
<134>2021-07-15T01:48:28Z cache-lcy19283 MEWElogs[308969]: GRAY, 1626313707724495346, LCY, 13
<134>2021-07-15T01:49:26Z cache-jnb7027 MEWElogs[308969]: GRAY, 1626313764950496087, JNB, 13
<134>2021-07-15T01:49:32Z cache-hel6829 MEWElogs[308969]: GRAY, 1626313771535170368, HEL, 13
<134>2021-07-15T01:49:55Z cache-dal21283 MEWElogs[308969]: GRAY, 1626313794233950456, DAL, 13
<134>2021-07-15T01:50:49Z cache-dal21283 MEWElogs[308969]: GRAY, 1626313848240153605, DAL, 13
<134>2021-07-15T01:50:53Z cache-bur17583 MEWElogs[308969]: GRAY, 1626313852153473549, BUR, 13
<134>2021-07-15T01:51:02Z cache-den8274 MEWElogs[308969]: GRAY, 1626313862192438560, DEN, 13
<134>2021-07-15T01:51:09Z cache-jnb7027 MEWElogs[308969]: GRAY, 1626313868092759558, JNB, 13
<134>2021-07-15T01:51:10Z cache-mrs10583 MEWElogs[308969]: GRAY, 1626313869457444517, MRS, 13
<134>2021-07-15T01:51:12Z cache-iah17271 MEWElogs[308969]: GRAY, 1626313872126670081, IAH, 13
<134>2021-07-15T01:51:20Z cache-iah17271 MEWElogs[308969]: GRAY, 1626313879721728792, IAH, 13
<134>2021-07-15T01:51:49Z cache-iah17271 MEWElogs[308969]: GRAY, 1626313909269115294, IAH, 13
<134>2021-07-15T01:52:03Z cache-mrs10583 MEWElogs[308969]: GRAY, 1626313922110838475, MRS, 13
<134>2021-07-15T01:52:20Z cache-mad22068 MEWElogs[308969]: GRAY, 1626313939730068687, MAD, 13
<134>2021-07-15T01:52:36Z cache-mrs10583 MEWElogs[308969]: GRAY, 1626313955358445246, MRS, 13
<134>2021-07-15T01:52:50Z cache-mrs10583 MEWElogs[308969]: GRAY, 1626313969594290590, MRS, 13
<134>2021-07-15T01:52:55Z cache-bur17583 MEWElogs[308969]: GRAY, 1626313974639568866, BUR, 13
