<134>2021-07-14T17:52:32Z cache-syd10183 MEWElogs[322581]: FLIPH, 1626285150980859849, SYD, -1
<134>2021-07-14T17:53:11Z cache-hnd18722 MEWElogs[322581]: FLIPH, 1626285190931797212, HND, 10
<134>2021-07-14T17:53:25Z cache-cgh11122 MEWElogs[322581]: FLIPH, 1626285205014413344, CGH, 10
<134>2021-07-14T17:53:46Z cache-cgh11122 MEWElogs[322581]: FLIPH, 1626285226068056683, CGH, 10
<134>2021-07-14T17:53:50Z cache-gru17149 MEWElogs[322581]: FLIPH, 1626285229128074739, GRU, -1
<134>2021-07-14T17:54:08Z cache-itm18851 MEWElogs[322581]: FLIPH, 1626285247975339491, ITM, 10
<134>2021-07-14T17:54:15Z cache-hnd18722 MEWElogs[322581]: FLIPH, 1626285255191567655, HND, 10
<134>2021-07-14T17:54:31Z cache-gru17149 MEWElogs[322581]: FLIPH, 1626285270396968127, GRU, 10
<134>2021-07-14T17:54:57Z cache-tyo11974 MEWElogs[322581]: FLIPH, 1626285296028598325, TYO, 10
<134>2021-07-14T17:54:59Z cache-stl4834 MEWElogs[322581]: FLIPH, 1626285298193449062, STL, 10
<134>2021-07-14T17:56:27Z cache-cgh11122 MEWElogs[322581]: FLIPH, 1626285386148819359, CGH, -1
<134>2021-07-14T17:56:29Z cache-cgh11122 MEWElogs[322581]: FLIPH, 1626285389080185760, CGH, 10
<134>2021-07-14T17:56:38Z cache-cgh11183 MEWElogs[322581]: FLIPH, 1626285397675095431, CGH, 10
<134>2021-07-14T17:56:39Z cache-cgh11122 MEWElogs[322581]: FLIPH, 1626285398867173398, CGH, 10
<134>2021-07-14T17:56:59Z cache-cgh11122 MEWElogs[322581]: FLIPH, 1626285418858082122, CGH, 10
<134>2021-07-14T17:57:02Z cache-pao17461 MEWElogs[322581]: FLIPH, 1626285421129895810, PAO, -1
<134>2021-07-14T17:57:18Z cache-tyo11974 MEWElogs[322581]: FLIPH, 1626285437588013403, TYO, 10
<134>2021-07-14T17:57:29Z cache-sjc10078 MEWElogs[322581]: FLIPH, 1626285448050900872, SJC, -1
<134>2021-07-14T17:57:55Z cache-itm18851 MEWElogs[322581]: FLIPH, 1626285474637808757, ITM, -1
<134>2021-07-14T17:58:00Z cache-sjc10078 MEWElogs[322581]: FLIPH, 1626285479169572515, SJC, -1
<134>2021-07-14T17:58:00Z cache-cgh11183 MEWElogs[322581]: FLIPH, 1626285480117715047, CGH, 10
<134>2021-07-14T17:58:03Z cache-sjc10078 MEWElogs[322581]: FLIPH, 1626285482327267888, SJC, 10
<134>2021-07-14T17:58:05Z cache-stl4834 MEWElogs[322581]: FLIPH, 1626285485845576678, STL, 10
<134>2021-07-14T17:58:08Z cache-itm18851 MEWElogs[322581]: FLIPH, 1626285487558838560, ITM, 10
<134>2021-07-14T17:58:11Z cache-cgh11183 MEWElogs[322581]: FLIPH, 1626285490346080862, CGH, 10
<134>2021-07-14T17:58:13Z cache-tyo11974 MEWElogs[322581]: FLIPH, 1626285492320805584, TYO, 10
<134>2021-07-14T17:58:26Z cache-itm18851 MEWElogs[322581]: FLIPH, 1626285505392911412, ITM, -1
<134>2021-07-14T17:59:16Z cache-stl4834 MEWElogs[322581]: FLIPH, 1626285555599861594, STL, -1
<134>2021-07-14T17:59:33Z cache-sjc10078 MEWElogs[322581]: FLIPH, 1626285573146691678, SJC, -1
<134>2021-07-14T17:59:37Z cache-sjc10078 MEWElogs[322581]: FLIPH, 1626285576368847076, SJC, 10
<134>2021-07-14T17:59:37Z cache-sea4483 MEWElogs[322581]: FLIPH, 1626285577574548559, SEA, 10
<134>2021-07-14T17:59:41Z cache-itm18851 MEWElogs[322581]: FLIPH, 1626285580753454403, ITM, 10
<134>2021-07-14T17:59:45Z cache-sea4483 MEWElogs[322581]: FLIPH, 1626285585158227198, SEA, -1
<134>2021-07-14T17:59:50Z cache-pao17461 MEWElogs[322581]: FLIPH, 1626285590163054459, PAO, 10
<134>2021-07-14T17:59:56Z cache-hnd18722 MEWElogs[322581]: FLIPH, 1626285595140447195, HND, 10
<134>2021-07-14T18:00:09Z cache-cgh11122 MEWElogs[322581]: FLIPH, 1626285607930691292, CGH, -1
<134>2021-07-14T18:00:12Z cache-cgh11183 MEWElogs[322581]: FLIPH, 1626285611951546916, CGH, 10
<134>2021-07-14T18:00:28Z cache-pao17461 MEWElogs[322581]: FLIPH, 1626285628619860990, PAO, -1
<134>2021-07-14T18:00:43Z cache-cgh11122 MEWElogs[322581]: FLIPH, 1626285642722378693, CGH, 10
<134>2021-07-14T18:00:50Z cache-cgh11183 MEWElogs[322581]: FLIPH, 1626285649744184192, CGH, -1
<134>2021-07-14T18:00:56Z cache-sjc10078 MEWElogs[322581]: FLIPH, 1626285656522411729, SJC, -1
<134>2021-07-14T18:01:20Z cache-bma1628 MEWElogs[322581]: FLIPH, 1626285679656885249, BMA, 10
<134>2021-07-14T18:01:32Z cache-hnd18722 MEWElogs[322581]: FLIPH, 1626285691731341382, HND, 10
<134>2021-07-14T18:01:39Z cache-hnd18722 MEWElogs[322581]: FLIPH, 1626285699581397900, HND, -1
<134>2021-07-14T18:02:01Z cache-cgh11122 MEWElogs[322581]: FLIPH, 1626285721536889419, CGH, -1
<134>2021-07-14T18:02:03Z cache-bma1628 MEWElogs[322581]: FLIPH, 1626285722868455288, BMA, -1
<134>2021-07-14T18:02:04Z cache-hnd18722 MEWElogs[322581]: FLIPH, 1626285723716772279, HND, 10
<134>2021-07-14T18:02:29Z cache-itm18851 MEWElogs[322581]: FLIPH, 1626285748460250771, ITM, 10
