<134>2021-07-15T05:07:52Z cache-man4150 MEWElogs[216063]: ROTATE, 1626325671854539493, MAN, 15
<134>2021-07-15T05:07:58Z cache-lax10677 MEWElogs[216063]: ROTATE, 1626325677776495776, LGB, 15
<134>2021-07-15T05:08:41Z cache-ewr18156 MEWElogs[216063]: ROTATE, 1626325720872914292, EWR, 15
<134>2021-07-15T05:09:20Z cache-stp9226 MEWElogs[216063]: ROTATE, 1626325759706359174, STP, 15
<134>2021-07-15T05:09:26Z cache-osl6529 MEWElogs[216063]: ROTATE, 1626325766104345428, OSL, 15
<134>2021-07-15T05:09:55Z cache-hkg17929 MEWElogs[216063]: ROTATE, 1626325794992052562, HKG, 15
<134>2021-07-15T05:10:14Z cache-gig17035 MEWElogs[216063]: ROTATE, 1626325813921645956, GIG, 15
<134>2021-07-15T05:10:21Z cache-osl6529 MEWElogs[216063]: ROTATE, 1626325820619675778, OSL, 15
<134>2021-07-15T05:10:38Z cache-mci5951 MEWElogs[216063]: ROTATE, 1626325837249488261, MCI, 15
<134>2021-07-15T05:10:41Z cache-hkg17929 MEWElogs[216063]: ROTATE, 1626325841118787997, HKG, 15
<134>2021-07-15T05:10:52Z cache-bom4751 MEWElogs[216063]: ROTATE, 1626325851214682449, BOM, 15
<134>2021-07-15T05:11:09Z cache-mci5951 MEWElogs[216063]: ROTATE, 1626325868012996262, MCI, 15
<134>2021-07-15T05:11:16Z cache-cdg20720 MEWElogs[216063]: ROTATE, 1626325874980300856, CDG, 15
<134>2021-07-15T05:11:43Z cache-cdg20720 MEWElogs[216063]: ROTATE, 1626325902437747256, CDG, 15
<134>2021-07-15T05:12:10Z cache-cdg20720 MEWElogs[216063]: ROTATE, 1626325929814934982, CDG, 15
<134>2021-07-15T05:12:28Z cache-cdg20720 MEWElogs[216063]: ROTATE, 1626325948231437887, CDG, 15
<134>2021-07-15T05:12:36Z cache-mel11272 MEWElogs[216063]: ROTATE, 1626325954953473642, MEL, 15
<134>2021-07-15T05:13:12Z cache-scl19427 MEWElogs[216063]: ROTATE, 1626325991950985624, SCL, 15
<134>2021-07-15T05:13:49Z cache-lax10677 MEWElogs[216063]: ROTATE, 1626326028219093881, LGB, 15
<134>2021-07-15T05:14:09Z cache-mel11272 MEWElogs[216063]: ROTATE, 1626326048670166653, MEL, 15
<134>2021-07-15T05:14:17Z cache-gig17035 MEWElogs[216063]: ROTATE, 1626326056588211957, GIG, 15
<134>2021-07-15T05:14:23Z cache-gru17149 MEWElogs[216063]: ROTATE, 1626326062646304442, GRU, 15
<134>2021-07-15T05:14:27Z cache-bom4751 MEWElogs[216063]: ROTATE, 1626326066616554230, BOM, 15
<134>2021-07-15T05:14:27Z cache-gig17035 MEWElogs[216063]: ROTATE, 1626326066906394294, GIG, 15
<134>2021-07-15T05:14:48Z cache-gig17035 MEWElogs[216063]: ROTATE, 1626326087610531159, GIG, 15
<134>2021-07-15T05:15:23Z cache-bom4751 MEWElogs[216063]: ROTATE, 1626326122575946859, BOM, 15
<134>2021-07-15T05:15:55Z cache-scl19427 MEWElogs[216063]: ROTATE, 1626326154309549101, SCL, 15
<134>2021-07-15T05:16:08Z cache-cdg20720 MEWElogs[216063]: ROTATE, 1626326167738005866, CDG, 15
<134>2021-07-15T05:16:09Z cache-gru17149 MEWElogs[216063]: ROTATE, 1626326168047547070, GRU, 15
<134>2021-07-15T05:16:19Z cache-stl4834 MEWElogs[216063]: ROTATE, 1626326178758688181, STL, 15
<134>2021-07-15T05:16:31Z cache-lax10677 MEWElogs[216063]: ROTATE, 1626326191120750617, LGB, 15
<134>2021-07-15T05:16:54Z cache-mel11272 MEWElogs[216063]: ROTATE, 1626326213578555387, MEL, 15
<134>2021-07-15T05:17:06Z cache-gig17035 MEWElogs[216063]: ROTATE, 1626326225420689351, GIG, 15
<134>2021-07-15T05:17:14Z cache-mel11272 MEWElogs[216063]: ROTATE, 1626326234039423431, MEL, 15
<134>2021-07-15T05:17:34Z cache-mel11272 MEWElogs[216063]: ROTATE, 1626326254771118938, MEL, 15
<134>2021-07-15T05:17:37Z cache-gig17035 MEWElogs[216063]: ROTATE, 1626326256734335537, GIG, 15
