<134>2021-07-15T00:38:44Z cache-bos4657 MEWElogs[322581]: CROP, 1626309523599587718, BOS, 12
<134>2021-07-15T00:38:48Z cache-chi21126 MEWElogs[322581]: CROP, 1626309527143772024, CHI, 12
<134>2021-07-15T00:38:52Z cache-chi21126 MEWElogs[322581]: CROP, 1626309531522223279, CHI, 12
<134>2021-07-15T00:38:59Z cache-cph20625 MEWElogs[322581]: CROP, 1626309538734288196, CPH, 12
<134>2021-07-15T00:39:20Z cache-hel6829 MEWElogs[322581]: CROP, 1626309559374516000, HEL, 12
<134>2021-07-15T00:39:28Z cache-dfw18678 MEWElogs[322581]: CROP, 1626309567435669924, DFW, 12
<134>2021-07-15T00:39:28Z cache-del21735 MEWElogs[322581]: CROP, 1626309567501003122, DEL, 12
<134>2021-07-15T00:39:34Z cache-cph20625 MEWElogs[322581]: CROP, 1626309574002401028, CPH, 12
<134>2021-07-15T00:39:46Z cache-chi21126 MEWElogs[322581]: CROP, 1626309586009473459, CHI, 12
<134>2021-07-15T00:39:47Z cache-del21735 MEWElogs[322581]: CROP, 1626309585970456196, DEL, 12
<134>2021-07-15T00:39:47Z cache-bos4657 MEWElogs[322581]: CROP, 1626309586935343045, BOS, 12
<134>2021-07-15T00:39:58Z cache-chi21126 MEWElogs[322581]: CROP, 1626309598588724813, CHI, 12
<134>2021-07-15T00:40:05Z cache-fty21383 MEWElogs[322581]: CROP, 1626309604403358535, FTY, 12
<134>2021-07-15T00:40:12Z cache-fty21383 MEWElogs[322581]: CROP, 1626309610987599070, FTY, 12
<134>2021-07-15T00:40:22Z cache-dub4329 MEWElogs[322581]: CROP, 1626309621453360264, DUB, 12
<134>2021-07-15T00:40:33Z cache-dub4329 MEWElogs[322581]: CROP, 1626309633244565713, DUB, 12
<134>2021-07-15T00:40:35Z cache-akl10324 MEWElogs[322581]: CROP, 1626309634142735119, AKL, 12
<134>2021-07-15T00:40:40Z cache-bos4657 MEWElogs[322581]: CROP, 1626309639074275370, BOS, 12
<134>2021-07-15T00:40:49Z cache-cwb20520 MEWElogs[322581]: CROP, 1626309648224347626, CWB, 12
<134>2021-07-15T00:40:53Z cache-akl10324 MEWElogs[322581]: CROP, 1626309652775263109, AKL, 12
<134>2021-07-15T00:41:17Z cache-pwk4920 MEWElogs[322581]: CROP, 1626309676438221465, PWK, 12
<134>2021-07-15T00:41:30Z cache-del21735 MEWElogs[322581]: CROP, 1626309689219647482, DEL, 12
<134>2021-07-15T00:41:31Z cache-akl10324 MEWElogs[322581]: CROP, 1626309690622375301, AKL, 12
<134>2021-07-15T00:41:37Z cache-dfw18678 MEWElogs[322581]: CROP, 1626309697213181112, DFW, 12
<134>2021-07-15T00:41:44Z cache-cwb20520 MEWElogs[322581]: CROP, 1626309703326710922, CWB, 12
<134>2021-07-15T00:42:04Z cache-akl10324 MEWElogs[322581]: CROP, 1626309723155879724, AKL, 12
<134>2021-07-15T00:42:14Z cache-dfw18678 MEWElogs[322581]: CROP, 1626309733937054024, DFW, 12
<134>2021-07-15T00:42:21Z cache-lcy19283 MEWElogs[322581]: CROP, 1626309740267106262, LCY, 12
<134>2021-07-15T00:43:05Z cache-lcy19283 MEWElogs[322581]: CROP, 1626309784824411833, LCY, 12
<134>2021-07-15T00:44:13Z cache-dal21283 MEWElogs[322581]: CROP, 1626309852789855777, DAL, 12
<134>2021-07-15T00:44:18Z cache-cwb20520 MEWElogs[322581]: CROP, 1626309857175095971, CWB, 12
<134>2021-07-15T00:44:24Z cache-mad22068 MEWElogs[322581]: CROP, 1626309863090464043, MAD, 12
<134>2021-07-15T00:44:35Z cache-cwb20520 MEWElogs[322581]: CROP, 1626309874297132727, CWB, 12
<134>2021-07-15T00:44:58Z cache-lcy19283 MEWElogs[322581]: CROP, 1626309897888823154, LCY, 12
<134>2021-07-15T00:45:00Z cache-dal21283 MEWElogs[322581]: CROP, 1626309899769548716, DAL, 12
<134>2021-07-15T00:45:07Z cache-mrs10583 MEWElogs[322581]: CROP, 1626309906503619514, MRS, 12
<134>2021-07-15T00:45:09Z cache-den8274 MEWElogs[322581]: CROP, 1626309908859079627, DEN, 12
<134>2021-07-15T00:45:10Z cache-bur17583 MEWElogs[322581]: CROP, 1626309910306265200, BUR, 12
<134>2021-07-15T00:45:18Z cache-cwb20520 MEWElogs[322581]: CROP, 1626309917364459103, CWB, 12
<134>2021-07-15T00:45:27Z cache-jnb7027 MEWElogs[322581]: CROP, 1626309926086855959, JNB, 12
<134>2021-07-15T00:45:37Z cache-lcy19283 MEWElogs[322581]: CROP, 1626309936357890188, LCY, 12
<134>2021-07-15T00:45:39Z cache-cwb20520 MEWElogs[322581]: CROP, 1626309938822146626, CWB, 12
<134>2021-07-15T00:45:42Z cache-dal21283 MEWElogs[322581]: CROP, 1626309942000464488, DAL, 12
<134>2021-07-15T00:45:51Z cache-jnb7027 MEWElogs[322581]: CROP, 1626309950175316842, JNB, 12
<134>2021-07-15T00:45:56Z cache-mad22068 MEWElogs[322581]: CROP, 1626309954910344381, MAD, 12
<134>2021-07-15T00:45:59Z cache-den8274 MEWElogs[322581]: CROP, 1626309959497839498, DEN, 12
<134>2021-07-15T00:46:02Z cache-mad22068 MEWElogs[322581]: CROP, 1626309961227041003, MAD, 12
<134>2021-07-15T00:46:11Z cache-den8274 MEWElogs[322581]: CROP, 1626309970362891028, DEN, 12
<134>2021-07-15T00:46:16Z cache-dal21283 MEWElogs[322581]: CROP, 1626309976464908899, DAL, 12
<134>2021-07-15T00:46:17Z cache-mrs10583 MEWElogs[322581]: CROP, 1626309976575462975, MRS, 12
<134>2021-07-15T00:46:21Z cache-dal21283 MEWElogs[322581]: CROP, 1626309980961428091, DAL, 12
<134>2021-07-15T00:46:33Z cache-hkg17929 MEWElogs[322581]: CROP, 1626309992307256690, HKG, 12
<134>2021-07-15T00:46:41Z cache-bur17583 MEWElogs[322581]: CROP, 1626310001431177499, BUR, 12
<134>2021-07-15T00:47:08Z cache-bur17583 MEWElogs[322581]: CROP, 1626310027928671887, BUR, 12
<134>2021-07-15T00:47:09Z cache-mrs10583 MEWElogs[322581]: CROP, 1626310028794980281, MRS, 12
<134>2021-07-15T00:47:13Z cache-iah17271 MEWElogs[322581]: CROP, 1626310032559161465, IAH, 12
<134>2021-07-15T00:47:49Z cache-hkg17929 MEWElogs[322581]: CROP, 1626310069274853140, HKG, 12
<134>2021-07-15T00:47:56Z cache-mrs10583 MEWElogs[322581]: CROP, 1626310075315872458, MRS, 12
<134>2021-07-15T00:48:00Z cache-bur17583 MEWElogs[322581]: CROP, 1626310079176539281, BUR, 12
<134>2021-07-15T00:48:12Z cache-lhr7382 MEWElogs[322581]: CROP, 1626310091576088878, LHR, 12
