<134>2021-07-14T16:52:22Z cache-bos4657 MEWElogs[322023]: FLIPH, 1626281542512396676, BOS, -1
<134>2021-07-14T16:52:24Z cache-fty21383 MEWElogs[322023]: FLIPH, 1626281544400878937, FTY, -1
<134>2021-07-14T16:52:50Z cache-pwk4920 MEWElogs[322023]: FLIPH, 1626281569704632371, PWK, 10
<134>2021-07-14T16:52:53Z cache-bos4657 MEWElogs[322023]: FLIPH, 1626281572840658492, BOS, 10
<134>2021-07-14T16:53:29Z cache-bos4657 MEWElogs[322023]: FLIPH, 1626281609057464896, BOS, 10
<134>2021-07-14T16:53:38Z cache-chi21126 MEWElogs[322023]: FLIPH, 1626281618473056089, CHI, -1
<134>2021-07-14T16:53:57Z cache-pwk4920 MEWElogs[322023]: FLIPH, 1626281636522249663, PWK, -1
<134>2021-07-14T16:54:05Z cache-bos4657 MEWElogs[322023]: FLIPH, 1626281645411887185, BOS, 10
<134>2021-07-14T16:54:10Z cache-dub4329 MEWElogs[322023]: FLIPH, 1626281650460711192, DUB, 10
<134>2021-07-14T16:54:20Z cache-akl10324 MEWElogs[322023]: FLIPH, 1626281659738143546, AKL, -1
<134>2021-07-14T16:54:21Z cache-bos4657 MEWElogs[322023]: FLIPH, 1626281660443321322, BOS, -1
<134>2021-07-14T16:54:24Z cache-dub4329 MEWElogs[322023]: FLIPH, 1626281663618112277, DUB, -1
<134>2021-07-14T16:54:43Z cache-akl10324 MEWElogs[322023]: FLIPH, 1626281682343485898, AKL, 10
<134>2021-07-14T16:55:14Z cache-hhn4077 MEWElogs[322023]: FLIPH, 1626281713797487977, HHN, 10
<134>2021-07-14T16:56:16Z cache-fty21383 MEWElogs[322023]: FLIPH, 1626281776412081427, FTY, -1
<134>2021-07-14T16:56:26Z cache-dub4329 MEWElogs[322023]: FLIPH, 1626281785021824797, DUB, 10
<134>2021-07-14T16:56:30Z cache-dub4329 MEWElogs[322023]: FLIPH, 1626281790308576319, DUB, -1
<134>2021-07-14T16:56:33Z cache-akl10324 MEWElogs[322023]: FLIPH, 1626281792475561257, AKL, -1
<134>2021-07-14T16:56:41Z cache-dub4329 MEWElogs[322023]: FLIPH, 1626281800733928442, DUB, 10
<134>2021-07-14T16:56:43Z cache-del21735 MEWElogs[322023]: FLIPH, 1626281802974050643, DEL, -1
<134>2021-07-14T16:56:55Z cache-del21735 MEWElogs[322023]: FLIPH, 1626281815101799733, DEL, 10
<134>2021-07-14T16:57:19Z cache-cph20625 MEWElogs[322023]: FLIPH, 1626281838293504102, CPH, -1
<134>2021-07-14T16:57:47Z cache-hel6829 MEWElogs[322023]: FLIPH, 1626281866903473774, HEL, 10
<134>2021-07-14T16:57:50Z cache-dfw18678 MEWElogs[322023]: FLIPH, 1626281869764630007, DFW, -1
<134>2021-07-14T16:58:00Z cache-dub4329 MEWElogs[322023]: FLIPH, 1626281879037320253, DUB, 10
<134>2021-07-14T16:58:04Z cache-dub4329 MEWElogs[322023]: FLIPH, 1626281884285153175, DUB, -1
<134>2021-07-14T16:58:05Z cache-iah17271 MEWElogs[322023]: FLIPH, 1626281884182208987, IAH, -1
<134>2021-07-14T16:59:14Z cache-hel6829 MEWElogs[322023]: FLIPH, 1626281954231469462, HEL, 10
<134>2021-07-14T16:59:33Z cache-iah17271 MEWElogs[322023]: FLIPH, 1626281973123646349, IAH, -1
<134>2021-07-14T16:59:52Z cache-lcy19283 MEWElogs[322023]: FLIPH, 1626281991908386479, LCY, -1
<134>2021-07-14T17:00:17Z cache-fra19177 MEWElogs[322023]: FLIPH, 1626282016955127164, FRA, -1
<134>2021-07-14T17:00:40Z cache-iah17271 MEWElogs[322023]: FLIPH, 1626282040213053319, IAH, -1
<134>2021-07-14T17:00:54Z cache-hhn4077 MEWElogs[322023]: FLIPH, 1626282053766150269, HHN, 10
<134>2021-07-14T17:01:08Z cache-den8274 MEWElogs[322023]: FLIPH, 1626282068584133046, DEN, -1
<134>2021-07-14T17:01:18Z cache-hel6829 MEWElogs[322023]: FLIPH, 1626282077850483776, HEL, -1
<134>2021-07-14T17:01:55Z cache-pwk4920 MEWElogs[322023]: FLIPH, 1626282115467737839, PWK, -1
<134>2021-07-14T17:01:57Z cache-fra19177 MEWElogs[322023]: FLIPH, 1626282116825718462, FRA, -1
<134>2021-07-14T17:02:15Z cache-hhn4077 MEWElogs[322023]: FLIPH, 1626282134903847230, HHN, 10
