<134>2021-07-15T02:22:20Z cache-bma1628 MEWElogs[46369]: GRAY, 1626315739500474124, BMA, 13
<134>2021-07-15T02:22:22Z cache-sea4483 MEWElogs[46369]: GRAY, 1626315742575392601, SEA, 13
<134>2021-07-15T02:22:31Z cache-bma1628 MEWElogs[46369]: GRAY, 1626315750151218847, BMA, 13
<134>2021-07-15T02:22:41Z cache-tyo11974 MEWElogs[46369]: GRAY, 1626315760379610423, TYO, 13
<134>2021-07-15T02:22:45Z cache-cgh11183 MEWElogs[46369]: GRAY, 1626315765107889732, CGH, 13
<134>2021-07-15T02:22:54Z cache-tyo11974 MEWElogs[46369]: GRAY, 1626315773394623757, TYO, 13
<134>2021-07-15T02:22:56Z cache-sjc10078 MEWElogs[46369]: GRAY, 1626315776311165751, SJC, 13
<134>2021-07-15T02:23:18Z cache-cgh11122 MEWElogs[46369]: GRAY, 1626315798501710941, CGH, 13
<134>2021-07-15T02:23:44Z cache-sea4483 MEWElogs[46369]: GRAY, 1626315823090560921, SEA, 13
<134>2021-07-15T02:23:51Z cache-sea4483 MEWElogs[46369]: GRAY, 1626315831097840232, SEA, 13
<134>2021-07-15T02:23:53Z cache-sjc10078 MEWElogs[46369]: GRAY, 1626315833406349247, SJC, 13
<134>2021-07-15T02:24:06Z cache-yyz4551 MEWElogs[46369]: GRAY, 1626315845976327602, YYZ, 13
<134>2021-07-15T02:24:11Z cache-tyo11974 MEWElogs[46369]: GRAY, 1626315850095898619, TYO, 13
<134>2021-07-15T02:24:15Z cache-sjc10078 MEWElogs[46369]: GRAY, 1626315854943835080, SJC, 13
<134>2021-07-15T02:24:29Z cache-cgh11183 MEWElogs[46369]: GRAY, 1626315869243517091, CGH, 13
<134>2021-07-15T02:25:13Z cache-sjc10078 MEWElogs[46369]: GRAY, 1626315912889161331, SJC, 13
<134>2021-07-15T02:25:21Z cache-bma1628 MEWElogs[46369]: GRAY, 1626315920051175755, BMA, 13
<134>2021-07-15T02:25:28Z cache-sjc10078 MEWElogs[46369]: GRAY, 1626315927371213476, SJC, 13
<134>2021-07-15T02:25:34Z cache-sea4483 MEWElogs[46369]: GRAY, 1626315933831476439, SEA, 13
<134>2021-07-15T02:25:36Z cache-bma1628 MEWElogs[46369]: GRAY, 1626315935894910061, BMA, 13
<134>2021-07-15T02:25:52Z cache-cgh11183 MEWElogs[46369]: GRAY, 1626315952050499861, CGH, 13
<134>2021-07-15T02:25:58Z cache-sea4483 MEWElogs[46369]: GRAY, 1626315958148324567, SEA, 13
<134>2021-07-15T02:26:19Z cache-bma1628 MEWElogs[46369]: GRAY, 1626315978299813559, BMA, 13
<134>2021-07-15T02:27:38Z cache-vie21629 MEWElogs[46369]: GRAY, 1626316057129670941, VIE, 13
<134>2021-07-15T02:27:53Z cache-tyo11974 MEWElogs[46369]: GRAY, 1626316072493959814, TYO, 13
<134>2021-07-15T02:28:25Z cache-yyz4551 MEWElogs[46369]: GRAY, 1626316105137454970, YYZ, 13
<134>2021-07-15T02:28:42Z cache-bma1628 MEWElogs[46369]: GRAY, 1626316121824199721, BMA, 13
<134>2021-07-15T02:28:58Z cache-bma1628 MEWElogs[46369]: GRAY, 1626316137707814392, BMA, 13
<134>2021-07-15T02:29:25Z cache-bma1628 MEWElogs[46369]: GRAY, 1626316164255727560, BMA, 13
<134>2021-07-15T02:30:00Z cache-tyo11974 MEWElogs[46369]: GRAY, 1626316199282844668, TYO, 13
<134>2021-07-15T02:30:32Z cache-yyz4551 MEWElogs[46369]: GRAY, 1626316231860879222, YYZ, 13
<134>2021-07-15T02:30:39Z cache-yyz4551 MEWElogs[46369]: GRAY, 1626316238095112529, YYZ, 13
<134>2021-07-15T02:30:49Z cache-vie21629 MEWElogs[46369]: GRAY, 1626316248227198938, VIE, 13
<134>2021-07-15T02:31:30Z cache-yyz4551 MEWElogs[46369]: GRAY, 1626316289499494767, YYZ, 13
<134>2021-07-15T02:31:49Z cache-tyo11974 MEWElogs[46369]: GRAY, 1626316308239490427, TYO, 13
<134>2021-07-15T02:32:07Z cache-yyz4551 MEWElogs[46369]: GRAY, 1626316327046498429, YYZ, 13
