<134>2021-07-14T16:32:45Z cache-maa10251 MEWElogs[326955]: FLIPH, 1626280364882444583, MAA, -1
<134>2021-07-14T16:32:52Z cache-pdk17882 MEWElogs[326955]: FLIPH, 1626280372468033885, PDK, -1
<134>2021-07-14T16:33:06Z cache-dca17782 MEWElogs[326955]: FLIPH, 1626280385928741167, DCA, 10
<134>2021-07-14T16:33:25Z cache-wdc5583 MEWElogs[326955]: FLIPH, 1626280404650263843, WDC, -1
<134>2021-07-14T16:33:32Z cache-cmh21547 MEWElogs[326955]: FLIPH, 1626280411239121518, CMH, -1
<134>2021-07-14T16:33:43Z cache-cmh21547 MEWElogs[326955]: FLIPH, 1626280422348907419, CMH, -1
<134>2021-07-14T16:33:54Z cache-ams21020 MEWElogs[326955]: FLIPH, 1626280433850836096, AMS, -1
<134>2021-07-14T16:34:55Z cache-ord1740 MEWElogs[326955]: FLIPH, 1626280494375158768, ORD, 10
<134>2021-07-14T16:35:18Z cache-eze19324 MEWElogs[326955]: FLIPH, 1626280518536486848, EZE, 10
<134>2021-07-14T16:36:30Z cache-pdk17882 MEWElogs[326955]: FLIPH, 1626280589959582253, PDK, -1
<134>2021-07-14T16:36:49Z cache-eze19324 MEWElogs[326955]: FLIPH, 1626280608763257210, EZE, -1
<134>2021-07-14T16:36:52Z cache-maa10251 MEWElogs[326955]: FLIPH, 1626280611487767666, MAA, -1
<134>2021-07-14T16:36:54Z cache-maa10251 MEWElogs[326955]: FLIPH, 1626280614305099377, MAA, 10
<134>2021-07-14T16:36:57Z cache-pdk17882 MEWElogs[326955]: FLIPH, 1626280616858315762, PDK, -1
<134>2021-07-14T16:36:59Z cache-ord1740 MEWElogs[326955]: FLIPH, 1626280619184644662, ORD, -1
<134>2021-07-14T16:37:06Z cache-pdk17882 MEWElogs[326955]: FLIPH, 1626280626004102288, PDK, -1
<134>2021-07-14T16:37:09Z cache-pdk17882 MEWElogs[326955]: FLIPH, 1626280628816747378, PDK, 10
<134>2021-07-14T16:38:19Z cache-pdk17882 MEWElogs[326955]: FLIPH, 1626280698685823999, PDK, -1
<134>2021-07-14T16:38:36Z cache-mdw17383 MEWElogs[326955]: FLIPH, 1626280715250059248, MDW, -1
<134>2021-07-14T16:38:39Z cache-mdw17383 MEWElogs[326955]: FLIPH, 1626280718816492014, MDW, 10
<134>2021-07-14T16:38:43Z cache-ord1740 MEWElogs[326955]: FLIPH, 1626280722094429557, ORD, 10
<134>2021-07-14T16:38:56Z cache-dca17782 MEWElogs[326955]: FLIPH, 1626280735314295636, DCA, 10
<134>2021-07-14T16:39:09Z cache-mdw17383 MEWElogs[326955]: FLIPH, 1626280748514774562, MDW, -1
<134>2021-07-14T16:39:12Z cache-ams21020 MEWElogs[326955]: FLIPH, 1626280751463596725, AMS, -1
<134>2021-07-14T16:39:46Z cache-ord1740 MEWElogs[326955]: FLIPH, 1626280785400882692, ORD, 10
<134>2021-07-14T16:39:48Z cache-maa10251 MEWElogs[326955]: FLIPH, 1626280787970245536, MAA, -1
<134>2021-07-14T16:39:49Z cache-dca17782 MEWElogs[326955]: FLIPH, 1626280788427918802, DCA, -1
<134>2021-07-14T16:39:50Z cache-wdc5583 MEWElogs[326955]: FLIPH, 1626280790061121450, WDC, -1
<134>2021-07-14T16:39:54Z cache-pdk17882 MEWElogs[326955]: FLIPH, 1626280793428491250, PDK, 10
<134>2021-07-14T16:40:21Z cache-ams21020 MEWElogs[326955]: FLIPH, 1626280820654207802, AMS, -1
<134>2021-07-14T16:40:53Z cache-bog6425 MEWElogs[326955]: FLIPH, 1626280852877815767, BOG, -1
<134>2021-07-14T16:41:03Z cache-ord1740 MEWElogs[326955]: FLIPH, 1626280863387425629, ORD, -1
<134>2021-07-14T16:41:03Z cache-pdk17882 MEWElogs[326955]: FLIPH, 1626280862925400366, PDK, -1
<134>2021-07-14T16:41:04Z cache-wdc5583 MEWElogs[326955]: FLIPH, 1626280864107887409, WDC, -1
<134>2021-07-14T16:41:12Z cache-ord1740 MEWElogs[326955]: FLIPH, 1626280872508358110, ORD, -1
<134>2021-07-14T16:41:22Z cache-cmh21547 MEWElogs[326955]: FLIPH, 1626280881103930798, CMH, -1
<134>2021-07-14T16:41:43Z cache-ord1740 MEWElogs[326955]: FLIPH, 1626280902460075168, ORD, 10
<134>2021-07-14T16:41:54Z cache-bog6425 MEWElogs[326955]: FLIPH, 1626280914092312034, BOG, 10
<134>2021-07-14T16:42:41Z cache-bog6425 MEWElogs[326955]: FLIPH, 1626280960291712617, BOG, -1
