<134>2021-07-14T20:59:54Z cache-eze19324 MEWElogs[46369]: BLUR, 1626296393690072988, EZE, 11
<134>2021-07-14T21:01:02Z cache-ord1740 MEWElogs[46369]: BLUR, 1626296461611126111, ORD, 11
<134>2021-07-14T21:01:18Z cache-ord1740 MEWElogs[46369]: BLUR, 1626296477348540237, ORD, 11
<134>2021-07-14T21:01:29Z cache-dca17782 MEWElogs[46369]: BLUR, 1626296489350367402, DCA, 11
<134>2021-07-14T21:01:29Z cache-pdk17882 MEWElogs[46369]: BLUR, 1626296489651595800, PDK, 11
<134>2021-07-14T21:02:18Z cache-dca17782 MEWElogs[46369]: BLUR, 1626296537825522309, DCA, 11
<134>2021-07-14T21:03:22Z cache-maa10251 MEWElogs[46369]: BLUR, 1626296601652783392, MAA, 11
<134>2021-07-14T21:03:54Z cache-dca17782 MEWElogs[46369]: BLUR, 1626296634322058114, DCA, 11
<134>2021-07-14T21:04:25Z cache-bog6425 MEWElogs[46369]: BLUR, 1626296664232308086, BOG, 11
<134>2021-07-14T21:05:08Z cache-pdk17882 MEWElogs[46369]: BLUR, 1626296707425883532, PDK, 11
<134>2021-07-14T21:06:03Z cache-cmh21547 MEWElogs[46369]: BLUR, 1626296763562756533, CMH, 11
<134>2021-07-14T21:06:26Z cache-maa10251 MEWElogs[46369]: BLUR, 1626296785553052573, MAA, 11
<134>2021-07-14T21:06:35Z cache-ord1740 MEWElogs[46369]: BLUR, 1626296794755351801, ORD, 11
<134>2021-07-14T21:07:18Z cache-mdw17383 MEWElogs[46369]: BLUR, 1626296837757908861, MDW, 11
<134>2021-07-14T21:07:57Z cache-maa10251 MEWElogs[46369]: BLUR, 1626296876688609081, MAA, 11
<134>2021-07-14T21:07:58Z cache-bog6425 MEWElogs[46369]: BLUR, 1626296878737177127, BOG, 11
<134>2021-07-14T21:08:13Z cache-pdk17882 MEWElogs[46369]: BLUR, 1626296893191935641, PDK, 11
<134>2021-07-14T21:08:15Z cache-cmh21547 MEWElogs[46369]: BLUR, 1626296894700034294, CMH, 11
<134>2021-07-14T21:08:18Z cache-ams21020 MEWElogs[46369]: BLUR, 1626296897624396793, AMS, 11
<134>2021-07-14T21:08:25Z cache-eze19324 MEWElogs[46369]: BLUR, 1626296904510121554, EZE, 11
<134>2021-07-14T21:08:38Z cache-mdw17383 MEWElogs[46369]: BLUR, 1626296917722443095, MDW, 11
<134>2021-07-14T21:08:42Z cache-maa10251 MEWElogs[46369]: BLUR, 1626296920982649550, MAA, 11
<134>2021-07-14T21:08:48Z cache-wdc5583 MEWElogs[46369]: BLUR, 1626296928025547853, WDC, 11
<134>2021-07-14T21:09:18Z cache-mdw17383 MEWElogs[46369]: BLUR, 1626296958536032134, MDW, 11
