<134>2021-07-14T16:41:44Z cache-cmh21547 MEWElogs[322581]: FLIPH, 1626280903425271263, CMH, -1
<134>2021-07-14T16:41:56Z cache-cph20625 MEWElogs[322581]: FLIPH, 1626280915182343815, CPH, -1
<134>2021-07-14T16:42:29Z cache-chi21126 MEWElogs[322581]: FLIPH, 1626280948721133411, CHI, 10
<134>2021-07-14T16:42:44Z cache-bog6425 MEWElogs[322581]: FLIPH, 1626280963085338711, BOG, 10
<134>2021-07-14T16:42:56Z cache-eze19324 MEWElogs[322581]: FLIPH, 1626280976186596394, EZE, 10
<134>2021-07-14T16:43:22Z cache-chi21126 MEWElogs[322581]: FLIPH, 1626281001911468027, CHI, -1
<134>2021-07-14T16:43:25Z cache-cph20625 MEWElogs[322581]: FLIPH, 1626281004515224905, CPH, -1
<134>2021-07-14T16:43:39Z cache-akl10324 MEWElogs[322581]: FLIPH, 1626281018146154669, AKL, -1
<134>2021-07-14T16:43:46Z cache-dfw18678 MEWElogs[322581]: FLIPH, 1626281025285450745, DFW, -1
<134>2021-07-14T16:44:31Z cache-del21735 MEWElogs[322581]: FLIPH, 1626281069948244192, DEL, -1
<134>2021-07-14T16:44:48Z cache-cmh21547 MEWElogs[322581]: FLIPH, 1626281087868017719, CMH, -1
<134>2021-07-14T16:44:58Z cache-cph20625 MEWElogs[322581]: FLIPH, 1626281097487883570, CPH, 10
<134>2021-07-14T16:45:04Z cache-fty21383 MEWElogs[322581]: FLIPH, 1626281104456401254, FTY, -1
<134>2021-07-14T16:45:34Z cache-dub4329 MEWElogs[322581]: FLIPH, 1626281134037745169, DUB, -1
<134>2021-07-14T16:45:42Z cache-fty21383 MEWElogs[322581]: FLIPH, 1626281141053987447, FTY, 10
<134>2021-07-14T16:45:48Z cache-chi21126 MEWElogs[322581]: FLIPH, 1626281147946841034, CHI, 10
<134>2021-07-14T16:45:53Z cache-cph20625 MEWElogs[322581]: FLIPH, 1626281153233626434, CPH, 10
<134>2021-07-14T16:46:05Z cache-cph20625 MEWElogs[322581]: FLIPH, 1626281164563969891, CPH, 10
<134>2021-07-14T16:46:06Z cache-dub4329 MEWElogs[322581]: FLIPH, 1626281165462053660, DUB, -1
<134>2021-07-14T16:46:08Z cache-del21735 MEWElogs[322581]: FLIPH, 1626281167586152881, DEL, 10
<134>2021-07-14T16:46:14Z cache-eze19324 MEWElogs[322581]: FLIPH, 1626281173874877381, EZE, -1
<134>2021-07-14T16:46:37Z cache-dub4329 MEWElogs[322581]: FLIPH, 1626281196830881145, DUB, -1
<134>2021-07-14T16:46:45Z cache-chi21126 MEWElogs[322581]: FLIPH, 1626281204722394586, CHI, 10
<134>2021-07-14T16:46:49Z cache-akl10324 MEWElogs[322581]: FLIPH, 1626281208110309736, AKL, -1
<134>2021-07-14T16:47:36Z cache-bos4657 MEWElogs[322581]: FLIPH, 1626281256368266040, BOS, 10
<134>2021-07-14T16:48:07Z cache-cph20625 MEWElogs[322581]: FLIPH, 1626281286216367175, CPH, 10
<134>2021-07-14T16:48:09Z cache-hhn4077 MEWElogs[322581]: FLIPH, 1626281288564997463, HHN, 10
<134>2021-07-14T16:48:16Z cache-pwk4920 MEWElogs[322581]: FLIPH, 1626281295863827950, PWK, -1
<134>2021-07-14T16:48:21Z cache-del21735 MEWElogs[322581]: FLIPH, 1626281300325782766, DEL, 10
<134>2021-07-14T16:48:28Z cache-del21735 MEWElogs[322581]: FLIPH, 1626281307040503145, DEL, -1
<134>2021-07-14T16:48:40Z cache-del21735 MEWElogs[322581]: FLIPH, 1626281318900663029, DEL, 10
<134>2021-07-14T16:48:40Z cache-pwk4920 MEWElogs[322581]: FLIPH, 1626281319102583734, PWK, 10
<134>2021-07-14T16:49:09Z cache-akl10324 MEWElogs[322581]: FLIPH, 1626281348949483679, AKL, -1
<134>2021-07-14T16:49:13Z cache-del21735 MEWElogs[322581]: FLIPH, 1626281353528815266, DEL, -1
<134>2021-07-14T16:49:18Z cache-dub4329 MEWElogs[322581]: FLIPH, 1626281357143380423, DUB, 10
<134>2021-07-14T16:49:52Z cache-bos4657 MEWElogs[322581]: FLIPH, 1626281391797059073, BOS, 10
<134>2021-07-14T16:50:00Z cache-hhn4077 MEWElogs[322581]: FLIPH, 1626281400063811043, HHN, -1
<134>2021-07-14T16:50:01Z cache-chi21126 MEWElogs[322581]: FLIPH, 1626281400724636997, CHI, -1
<134>2021-07-14T16:50:03Z cache-akl10324 MEWElogs[322581]: FLIPH, 1626281402014523473, AKL, 10
<134>2021-07-14T16:50:06Z cache-pwk4920 MEWElogs[322581]: FLIPH, 1626281405761627572, PWK, -1
<134>2021-07-14T16:50:20Z cache-dub4329 MEWElogs[322581]: FLIPH, 1626281420320118040, DUB, 10
<134>2021-07-14T16:50:49Z cache-chi21126 MEWElogs[322581]: FLIPH, 1626281448608008009, CHI, -1
<134>2021-07-14T16:50:51Z cache-chi21126 MEWElogs[322581]: FLIPH, 1626281451691064070, CHI, 10
<134>2021-07-14T16:50:52Z cache-akl10324 MEWElogs[322581]: FLIPH, 1626281451569964216, AKL, 10
<134>2021-07-14T16:51:02Z cache-hhn4077 MEWElogs[322581]: FLIPH, 1626281461881319244, HHN, 10
<134>2021-07-14T16:51:17Z cache-dub4329 MEWElogs[322581]: FLIPH, 1626281476479082611, DUB, 10
<134>2021-07-14T16:51:19Z cache-pwk4920 MEWElogs[322581]: FLIPH, 1626281479256254900, PWK, 10
<134>2021-07-14T16:51:20Z cache-hhn4077 MEWElogs[322581]: FLIPH, 1626281480251554224, HHN, -1
<134>2021-07-14T16:51:35Z cache-fty21383 MEWElogs[322581]: FLIPH, 1626281495055878451, FTY, -1
