<134>2021-07-15T04:49:23Z cache-dal21283 MEWElogs[308969]: ROTATE, 1626324562832949220, DAL, 15
<134>2021-07-15T04:49:35Z cache-dal21283 MEWElogs[308969]: ROTATE, 1626324574405953239, DAL, 15
<134>2021-07-15T04:49:42Z cache-fra19177 MEWElogs[308969]: ROTATE, 1626324581852801736, FRA, 15
<134>2021-07-15T04:49:46Z cache-jnb7027 MEWElogs[308969]: ROTATE, 1626324585704390858, JNB, 15
<134>2021-07-15T04:49:47Z cache-hel6829 MEWElogs[308969]: ROTATE, 1626324586520628665, HEL, 15
<134>2021-07-15T04:50:06Z cache-lon4249 MEWElogs[308969]: ROTATE, 1626324605854383951, LON, 15
<134>2021-07-15T04:50:12Z cache-lcy19283 MEWElogs[308969]: ROTATE, 1626324611681138094, LCY, 15
<134>2021-07-15T04:50:14Z cache-lon4249 MEWElogs[308969]: ROTATE, 1626324613579168387, LON, 15
<134>2021-07-15T04:50:43Z cache-hel6829 MEWElogs[308969]: ROTATE, 1626324642425865063, HEL, 15
<134>2021-07-15T04:50:52Z cache-hel6829 MEWElogs[308969]: ROTATE, 1626324651639222401, HEL, 15
<134>2021-07-15T04:51:11Z cache-hel6829 MEWElogs[308969]: ROTATE, 1626324670191150375, HEL, 15
<134>2021-07-15T04:51:39Z cache-bur17583 MEWElogs[308969]: ROTATE, 1626324698439959206, BUR, 15
<134>2021-07-15T04:51:55Z cache-mad22068 MEWElogs[308969]: ROTATE, 1626324714898325249, MAD, 15
<134>2021-07-15T04:53:02Z cache-lhr7382 MEWElogs[308969]: ROTATE, 1626324781284736941, LHR, 15
<134>2021-07-15T04:53:04Z cache-jnb7027 MEWElogs[308969]: ROTATE, 1626324784180470065, JNB, 15
<134>2021-07-15T04:53:14Z cache-stp9226 MEWElogs[308969]: ROTATE, 1626324793878373723, STP, 15
<134>2021-07-15T04:54:29Z cache-bur17583 MEWElogs[308969]: ROTATE, 1626324868376463472, BUR, 15
<134>2021-07-15T04:54:45Z cache-mad22068 MEWElogs[308969]: ROTATE, 1626324884120653242, MAD, 15
<134>2021-07-15T04:56:03Z cache-iah17271 MEWElogs[308969]: ROTATE, 1626324962383447670, IAH, 15
<134>2021-07-15T04:56:24Z cache-yul12826 MEWElogs[308969]: ROTATE, 1626324983460579089, YUL, 15
<134>2021-07-15T04:56:27Z cache-man4150 MEWElogs[308969]: ROTATE, 1626324986082735983, MAN, 15
<134>2021-07-15T04:57:13Z cache-dal21283 MEWElogs[308969]: ROTATE, 1626325033073063131, DAL, 15
<134>2021-07-15T04:58:17Z cache-lhr7382 MEWElogs[308969]: ROTATE, 1626325096482756077, LHR, 15
<134>2021-07-15T04:59:21Z cache-yul12826 MEWElogs[308969]: ROTATE, 1626325160826230808, YUL, 15
