<134>2021-07-14T22:02:33Z cache-iah17271 MEWElogs[400146]: BLUR, 1626300152315010784, IAH, 11
<134>2021-07-14T22:02:35Z cache-hel6829 MEWElogs[400146]: BLUR, 1626300154100133963, HEL, 11
<134>2021-07-14T22:02:58Z cache-cwb20520 MEWElogs[400146]: BLUR, 1626300178253262961, CWB, 11
<134>2021-07-14T22:03:11Z cache-iah17271 MEWElogs[400146]: BLUR, 1626300191558095784, IAH, 11
<134>2021-07-14T22:03:49Z cache-cwb20520 MEWElogs[400146]: BLUR, 1626300228262006288, CWB, 11
<134>2021-07-14T22:03:52Z cache-fra19177 MEWElogs[400146]: BLUR, 1626300231885416778, FRA, 11
<134>2021-07-14T22:03:52Z cache-dal21283 MEWElogs[400146]: BLUR, 1626300232387699839, DAL, 11
<134>2021-07-14T22:04:06Z cache-fra19177 MEWElogs[400146]: BLUR, 1626300246870033322, FRA, 11
<134>2021-07-14T22:04:22Z cache-lon4249 MEWElogs[400146]: BLUR, 1626300261795298128, LON, 11
<134>2021-07-14T22:06:05Z cache-jnb7027 MEWElogs[400146]: BLUR, 1626300364119503059, JNB, 11
<134>2021-07-14T22:07:20Z cache-fra19177 MEWElogs[400146]: BLUR, 1626300439233823933, FRA, 11
<134>2021-07-14T22:07:46Z cache-bur17583 MEWElogs[400146]: BLUR, 1626300466497219245, BUR, 11
<134>2021-07-14T22:07:59Z cache-dal21283 MEWElogs[400146]: BLUR, 1626300479004891712, DAL, 11
<134>2021-07-14T22:08:11Z cache-den8274 MEWElogs[400146]: BLUR, 1626300490980087616, DEN, 11
<134>2021-07-14T22:08:25Z cache-hkg17929 MEWElogs[400146]: BLUR, 1626300504739887044, HKG, 11
<134>2021-07-14T22:09:31Z cache-cwb20520 MEWElogs[400146]: BLUR, 1626300570211589237, CWB, 11
<134>2021-07-14T22:09:39Z cache-mad22068 MEWElogs[400146]: BLUR, 1626300578484011438, MAD, 11
<134>2021-07-14T22:10:13Z cache-mad22068 MEWElogs[400146]: BLUR, 1626300612034818310, MAD, 11
<134>2021-07-14T22:10:17Z cache-mci5951 MEWElogs[400146]: BLUR, 1626300617151748495, MCI, 11
<134>2021-07-14T22:10:54Z cache-mci5951 MEWElogs[400146]: BLUR, 1626300653884175744, MCI, 11
