<134>2021-07-14T17:42:48Z cache-osl6529 MEWElogs[308969]: FLIPH, 1626284567610139718, OSL, -1
<134>2021-07-14T17:43:01Z cache-cdg20720 MEWElogs[308969]: FLIPH, 1626284580763236462, CDG, -1
<134>2021-07-14T17:43:13Z cache-gru17149 MEWElogs[308969]: FLIPH, 1626284592387583652, GRU, 10
<134>2021-07-14T17:43:41Z cache-ewr18156 MEWElogs[308969]: FLIPH, 1626284620644585642, EWR, 10
<134>2021-07-14T17:43:46Z cache-cdg20720 MEWElogs[308969]: FLIPH, 1626284624980412017, CDG, 10
<134>2021-07-14T17:44:15Z cache-ewr18156 MEWElogs[308969]: FLIPH, 1626284654827381790, EWR, -1
<134>2021-07-14T17:44:16Z cache-stl4834 MEWElogs[308969]: FLIPH, 1626284655388175618, STL, -1
<134>2021-07-14T17:44:18Z cache-ewr18156 MEWElogs[308969]: FLIPH, 1626284657812111631, EWR, 10
<134>2021-07-14T17:44:25Z cache-bom4751 MEWElogs[308969]: FLIPH, 1626284664752356155, BOM, -1
<134>2021-07-14T17:45:14Z cache-ewr18156 MEWElogs[308969]: FLIPH, 1626284713940876049, EWR, 10
<134>2021-07-14T17:45:29Z cache-ewr18156 MEWElogs[308969]: FLIPH, 1626284729330294714, EWR, -1
<134>2021-07-14T17:45:30Z cache-scl19427 MEWElogs[308969]: FLIPH, 1626284730101986969, SCL, -1
<134>2021-07-14T17:46:03Z cache-osl6529 MEWElogs[308969]: FLIPH, 1626284762219193094, OSL, -1
<134>2021-07-14T17:46:15Z cache-bom4751 MEWElogs[308969]: FLIPH, 1626284774710712060, BOM, 10
<134>2021-07-14T17:46:38Z cache-syd10183 MEWElogs[308969]: FLIPH, 1626284798374218673, SYD, -1
<134>2021-07-14T17:47:01Z cache-osl6529 MEWElogs[308969]: FLIPH, 1626284820507163467, OSL, 10
<134>2021-07-14T17:47:02Z cache-syd10183 MEWElogs[308969]: FLIPH, 1626284821483337979, SYD, 10
<134>2021-07-14T17:47:04Z cache-bom4751 MEWElogs[308969]: FLIPH, 1626284823846552664, BOM, 10
<134>2021-07-14T17:47:28Z cache-hnd18722 MEWElogs[308969]: FLIPH, 1626284847298807808, HND, -1
<134>2021-07-14T17:47:29Z cache-gig17035 MEWElogs[308969]: FLIPH, 1626284849864418284, GIG, 10
<134>2021-07-14T17:48:01Z cache-itm18851 MEWElogs[308969]: FLIPH, 1626284881081437451, ITM, -1
<134>2021-07-14T17:48:04Z cache-itm18851 MEWElogs[308969]: FLIPH, 1626284883754854464, ITM, 10
<134>2021-07-14T17:48:28Z cache-gru17149 MEWElogs[308969]: FLIPH, 1626284907035111389, GRU, 10
<134>2021-07-14T17:48:43Z cache-itm18851 MEWElogs[308969]: FLIPH, 1626284922681303918, ITM, -1
<134>2021-07-14T17:49:03Z cache-stl4834 MEWElogs[308969]: FLIPH, 1626284943408094631, STL, 10
<134>2021-07-14T17:49:17Z cache-gig17035 MEWElogs[308969]: FLIPH, 1626284956539756668, GIG, 10
<134>2021-07-14T17:49:20Z cache-scl19427 MEWElogs[308969]: FLIPH, 1626284959483216615, SCL, -1
<134>2021-07-14T17:50:07Z cache-pao17461 MEWElogs[308969]: FLIPH, 1626285007438906710, PAO, 10
<134>2021-07-14T17:50:26Z cache-itm18851 MEWElogs[308969]: FLIPH, 1626285026548176777, ITM, -1
<134>2021-07-14T17:50:43Z cache-cgh11122 MEWElogs[308969]: FLIPH, 1626285041994338490, CGH, 10
<134>2021-07-14T17:51:15Z cache-bom4751 MEWElogs[308969]: FLIPH, 1626285075159490419, BOM, 10
<134>2021-07-14T17:51:19Z cache-gru17149 MEWElogs[308969]: FLIPH, 1626285078549740338, GRU, 10
<134>2021-07-14T17:51:22Z cache-syd10183 MEWElogs[308969]: FLIPH, 1626285080990312220, SYD, -1
<134>2021-07-14T17:51:26Z cache-gru17149 MEWElogs[308969]: FLIPH, 1626285085436847389, GRU, -1
<134>2021-07-14T17:51:39Z cache-gig17035 MEWElogs[308969]: FLIPH, 1626285099298839101, GIG, 10
<134>2021-07-14T17:51:44Z cache-syd10183 MEWElogs[308969]: FLIPH, 1626285103516450366, SYD, 10
<134>2021-07-14T17:51:48Z cache-gig17035 MEWElogs[308969]: FLIPH, 1626285107865472443, GIG, -1
<134>2021-07-14T17:52:08Z cache-scl19427 MEWElogs[308969]: FLIPH, 1626285127810984199, SCL, -1
<134>2021-07-14T17:52:41Z cache-pao17461 MEWElogs[308969]: FLIPH, 1626285160579970504, PAO, -1
<134>2021-07-14T17:52:44Z cache-scl19427 MEWElogs[308969]: FLIPH, 1626285164538088188, SCL, -1
