<134>2021-07-15T06:09:49Z cache-bog6425 MEWElogs[355776]: UNSH, 1626329388179595747, BOG, 16
<134>2021-07-15T06:10:26Z cache-dca17782 MEWElogs[355776]: UNSH, 1626329425687917547, DCA, 16
<134>2021-07-15T06:10:32Z cache-pdk17882 MEWElogs[355776]: UNSH, 1626329431748482278, PDK, 16
<134>2021-07-15T06:10:57Z cache-bog6425 MEWElogs[355776]: UNSH, 1626329456556461929, BOG, 16
<134>2021-07-15T06:11:01Z cache-cmh21547 MEWElogs[355776]: UNSH, 1626329460040764571, CMH, 16
<134>2021-07-15T06:11:17Z cache-ams21020 MEWElogs[355776]: UNSH, 1626329476459510769, AMS, 16
<134>2021-07-15T06:11:18Z cache-pdk17882 MEWElogs[355776]: UNSH, 1626329478074459145, PDK, 16
<134>2021-07-15T06:11:28Z cache-pdk17882 MEWElogs[355776]: UNSH, 1626329487374821400, PDK, 16
<134>2021-07-15T06:11:44Z cache-dca17782 MEWElogs[355776]: UNSH, 1626329503011239985, DCA, 16
<134>2021-07-15T06:12:51Z cache-ams21020 MEWElogs[355776]: UNSH, 1626329570603757896, AMS, 16
<134>2021-07-15T06:13:28Z cache-pdk17882 MEWElogs[355776]: UNSH, 1626329607429525780, PDK, 16
<134>2021-07-15T06:13:37Z cache-pdk17882 MEWElogs[355776]: UNSH, 1626329616569987969, PDK, 16
<134>2021-07-15T06:13:50Z cache-ams21020 MEWElogs[355776]: UNSH, 1626329629353187208, AMS, 16
<134>2021-07-15T06:14:16Z cache-ams21020 MEWElogs[355776]: UNSH, 1626329655460302787, AMS, 16
<134>2021-07-15T06:14:20Z cache-ord1740 MEWElogs[355776]: UNSH, 1626329659351734846, ORD, 16
<134>2021-07-15T06:14:41Z cache-ams21020 MEWElogs[355776]: UNSH, 1626329680503758279, AMS, 16
<134>2021-07-15T06:14:43Z cache-cmh21547 MEWElogs[355776]: UNSH, 1626329682217480802, CMH, 16
<134>2021-07-15T06:15:27Z cache-cmh21547 MEWElogs[355776]: UNSH, 1626329726479895900, CMH, 16
<134>2021-07-15T06:15:28Z cache-ord1740 MEWElogs[355776]: UNSH, 1626329727093714979, ORD, 16
<134>2021-07-15T06:15:40Z cache-ams21020 MEWElogs[355776]: UNSH, 1626329740259869633, AMS, 16
<134>2021-07-15T06:15:56Z cache-wdc5583 MEWElogs[355776]: UNSH, 1626329755976776656, WDC, 16
<134>2021-07-15T06:16:12Z cache-dca17782 MEWElogs[355776]: UNSH, 1626329771490614232, DCA, 16
<134>2021-07-15T06:16:15Z cache-ams21020 MEWElogs[355776]: UNSH, 1626329774330510704, AMS, 16
<134>2021-07-15T06:16:32Z cache-bog6425 MEWElogs[355776]: UNSH, 1626329791771427858, BOG, 16
<134>2021-07-15T06:16:57Z cache-ams21020 MEWElogs[355776]: UNSH, 1626329816257363035, AMS, 16
<134>2021-07-15T06:17:09Z cache-wdc5583 MEWElogs[355776]: UNSH, 1626329828751546542, WDC, 16
<134>2021-07-15T06:17:24Z cache-cph20625 MEWElogs[355776]: UNSH, 1626329843568762722, CPH, 16
<134>2021-07-15T06:17:55Z cache-cph20625 MEWElogs[355776]: UNSH, 1626329874610079077, CPH, 16
<134>2021-07-15T06:18:02Z cache-maa10251 MEWElogs[355776]: UNSH, 1626329881182385762, MAA, 16
<134>2021-07-15T06:18:03Z cache-ord1740 MEWElogs[355776]: UNSH, 1626329882470940289, ORD, 16
<134>2021-07-15T06:18:09Z cache-bog6425 MEWElogs[355776]: UNSH, 1626329888926133568, BOG, 16
<134>2021-07-15T06:18:12Z cache-wdc5583 MEWElogs[355776]: UNSH, 1626329890995527341, WDC, 16
<134>2021-07-15T06:18:26Z cache-dca17782 MEWElogs[355776]: UNSH, 1626329906072186010, DCA, 16
<134>2021-07-15T06:18:41Z cache-maa10251 MEWElogs[355776]: UNSH, 1626329920107318773, MAA, 16
<134>2021-07-15T06:19:15Z cache-dca17782 MEWElogs[355776]: UNSH, 1626329954561386359, DCA, 16
<134>2021-07-15T06:19:19Z cache-cph20625 MEWElogs[355776]: UNSH, 1626329958732684691, CPH, 16
