<134>2021-07-14T22:31:07Z cache-hkg17929 MEWElogs[390968]: BLUR, 1626301867247336120, HKG, 11
<134>2021-07-14T22:31:49Z cache-mia11368 MEWElogs[390968]: BLUR, 1626301908114960849, MIA, 11
<134>2021-07-14T22:33:04Z cache-lhr7382 MEWElogs[390968]: BLUR, 1626301984062658525, LHR, 11
<134>2021-07-14T22:34:01Z cache-yul12826 MEWElogs[390968]: BLUR, 1626302040912305534, YUL, 11
<134>2021-07-14T22:34:04Z cache-lhr7382 MEWElogs[390968]: BLUR, 1626302044026913011, LHR, 11
<134>2021-07-14T22:34:33Z cache-lhr7382 MEWElogs[390968]: BLUR, 1626302073322399461, LHR, 11
<134>2021-07-14T22:35:13Z cache-mia11368 MEWElogs[390968]: BLUR, 1626302113279186039, MIA, 11
<134>2021-07-14T22:36:08Z cache-mia11368 MEWElogs[390968]: BLUR, 1626302168159174830, MIA, 11
<134>2021-07-14T22:36:48Z cache-lax10677 MEWElogs[390968]: BLUR, 1626302207783487504, LGB, 11
<134>2021-07-14T22:37:01Z cache-lhr7382 MEWElogs[390968]: BLUR, 1626302221019396961, LHR, 11
<134>2021-07-14T22:37:26Z cache-jax20933 MEWElogs[390968]: BLUR, 1626302246072820370, JAX, 11
<134>2021-07-14T22:37:27Z cache-yul12826 MEWElogs[390968]: BLUR, 1626302246738941819, YUL, 11
<134>2021-07-14T22:38:16Z cache-lhr7382 MEWElogs[390968]: BLUR, 1626302296180207532, LHR, 11
<134>2021-07-14T22:38:16Z cache-lax10677 MEWElogs[390968]: BLUR, 1626302296489878813, LGB, 11
<134>2021-07-14T22:38:32Z cache-lhr7382 MEWElogs[390968]: BLUR, 1626302311243304829, LHR, 11
<134>2021-07-14T22:38:34Z cache-mel11272 MEWElogs[390968]: BLUR, 1626302313506410288, MEL, 11
<134>2021-07-14T22:38:36Z cache-mia11368 MEWElogs[390968]: BLUR, 1626302315414049500, MIA, 11
<134>2021-07-14T22:38:53Z cache-mci5951 MEWElogs[390968]: BLUR, 1626302332728841507, MCI, 11
<134>2021-07-14T22:39:02Z cache-man4150 MEWElogs[390968]: BLUR, 1626302341294191137, MAN, 11
<134>2021-07-14T22:39:11Z cache-yul12826 MEWElogs[390968]: BLUR, 1626302350530830684, YUL, 11
<134>2021-07-14T22:39:20Z cache-ewr18156 MEWElogs[390968]: BLUR, 1626302359907019499, EWR, 11
<134>2021-07-14T22:39:30Z cache-man4150 MEWElogs[390968]: BLUR, 1626302369640223683, MAN, 11
<134>2021-07-14T22:40:54Z cache-osl6529 MEWElogs[390968]: BLUR, 1626302454196782140, OSL, 11
