<134>2021-07-14T17:12:10Z cache-cwb20520 MEWElogs[216063]: FLIPH, 1626282730740978590, CWB, -1
<134>2021-07-14T17:12:13Z cache-bur17583 MEWElogs[216063]: FLIPH, 1626282732077832245, BUR, -1
<134>2021-07-14T17:12:13Z cache-lcy19283 MEWElogs[216063]: FLIPH, 1626282733618869292, LCY, 10
<134>2021-07-14T17:12:30Z cache-den8274 MEWElogs[216063]: FLIPH, 1626282749175243729, DEN, -1
<134>2021-07-14T17:12:33Z cache-dal21283 MEWElogs[216063]: FLIPH, 1626282752591483866, DAL, 10
<134>2021-07-14T17:12:45Z cache-lon4249 MEWElogs[216063]: FLIPH, 1626282765393075455, LON, 10
<134>2021-07-14T17:12:46Z cache-hkg17929 MEWElogs[216063]: FLIPH, 1626282764981154041, HKG, -1
<134>2021-07-14T17:12:49Z cache-fra19177 MEWElogs[216063]: FLIPH, 1626282768435785386, FRA, -1
<134>2021-07-14T17:12:58Z cache-bur17583 MEWElogs[216063]: FLIPH, 1626282777440220749, BUR, 10
<134>2021-07-14T17:13:11Z cache-fra19177 MEWElogs[216063]: FLIPH, 1626282789971275389, FRA, 10
<134>2021-07-14T17:13:11Z cache-lcy19283 MEWElogs[216063]: FLIPH, 1626282790882370619, LCY, -1
<134>2021-07-14T17:13:19Z cache-cwb20520 MEWElogs[216063]: FLIPH, 1626282799776358545, CWB, -1
<134>2021-07-14T17:13:25Z cache-den8274 MEWElogs[216063]: FLIPH, 1626282805386863481, DEN, 10
<134>2021-07-14T17:13:27Z cache-iah17271 MEWElogs[216063]: FLIPH, 1626282807200956938, IAH, -1
<134>2021-07-14T17:13:29Z cache-jnb7027 MEWElogs[216063]: FLIPH, 1626282808935139507, JNB, -1
<134>2021-07-14T17:13:32Z cache-lon4249 MEWElogs[216063]: FLIPH, 1626282812058834837, LON, -1
<134>2021-07-14T17:13:39Z cache-hkg17929 MEWElogs[216063]: FLIPH, 1626282818880339853, HKG, -1
<134>2021-07-14T17:13:40Z cache-dal21283 MEWElogs[216063]: FLIPH, 1626282819915127736, DAL, -1
<134>2021-07-14T17:13:52Z cache-cwb20520 MEWElogs[216063]: FLIPH, 1626282832036251116, CWB, 10
<134>2021-07-14T17:13:57Z cache-bur17583 MEWElogs[216063]: FLIPH, 1626282836419473624, BUR, -1
<134>2021-07-14T17:13:58Z cache-jnb7027 MEWElogs[216063]: FLIPH, 1626282838220643540, JNB, -1
<134>2021-07-14T17:14:09Z cache-cwb20520 MEWElogs[216063]: FLIPH, 1626282849197924608, CWB, -1
<134>2021-07-14T17:14:16Z cache-bur17583 MEWElogs[216063]: FLIPH, 1626282856660656967, BUR, -1
<134>2021-07-14T17:14:20Z cache-bur17583 MEWElogs[216063]: FLIPH, 1626282859836617902, BUR, 10
<134>2021-07-14T17:14:31Z cache-dal21283 MEWElogs[216063]: FLIPH, 1626282870737321390, DAL, 10
<134>2021-07-14T17:14:33Z cache-cwb20520 MEWElogs[216063]: FLIPH, 1626282871953072153, CWB, 10
<134>2021-07-14T17:14:35Z cache-lcy19283 MEWElogs[216063]: FLIPH, 1626282874431337738, LCY, 10
<134>2021-07-14T17:14:40Z cache-bur17583 MEWElogs[216063]: FLIPH, 1626282880328768903, BUR, 10
<134>2021-07-14T17:14:44Z cache-iah17271 MEWElogs[216063]: FLIPH, 1626282884228623396, IAH, -1
<134>2021-07-14T17:14:49Z cache-dal21283 MEWElogs[216063]: FLIPH, 1626282888738799365, DAL, -1
<134>2021-07-14T17:15:02Z cache-den8274 MEWElogs[216063]: FLIPH, 1626282901561948645, DEN, -1
<134>2021-07-14T17:15:19Z cache-den8274 MEWElogs[216063]: FLIPH, 1626282918877596445, DEN, -1
<134>2021-07-14T17:15:49Z cache-bur17583 MEWElogs[216063]: FLIPH, 1626282949138235456, BUR, -1
<134>2021-07-14T17:16:00Z cache-hkg17929 MEWElogs[216063]: FLIPH, 1626282959556167858, HKG, -1
<134>2021-07-14T17:16:08Z cache-mci5951 MEWElogs[216063]: FLIPH, 1626282967876390644, MCI, -1
<134>2021-07-14T17:16:15Z cache-mia11368 MEWElogs[216063]: FLIPH, 1626282974591540533, MIA, -1
<134>2021-07-14T17:16:18Z cache-mia11368 MEWElogs[216063]: FLIPH, 1626282977884986614, MIA, 10
<134>2021-07-14T17:16:30Z cache-mad22068 MEWElogs[216063]: FLIPH, 1626282989216406179, MAD, 10
<134>2021-07-14T17:16:39Z cache-mci5951 MEWElogs[216063]: FLIPH, 1626282998161669799, MCI, -1
<134>2021-07-14T17:16:52Z cache-mci5951 MEWElogs[216063]: FLIPH, 1626283011487122037, MCI, 10
<134>2021-07-14T17:16:53Z cache-lhr7382 MEWElogs[216063]: FLIPH, 1626283012841401549, LHR, -1
<134>2021-07-14T17:17:05Z cache-mia11368 MEWElogs[216063]: FLIPH, 1626283025160768524, MIA, -1
<134>2021-07-14T17:17:30Z cache-mrs10583 MEWElogs[216063]: FLIPH, 1626283049519565783, MRS, -1
<134>2021-07-14T17:17:32Z cache-mrs10583 MEWElogs[216063]: FLIPH, 1626283052341297259, MRS, 10
<134>2021-07-14T17:17:33Z cache-stp9226 MEWElogs[216063]: FLIPH, 1626283053440598464, STP, -1
<134>2021-07-14T17:17:40Z cache-lhr7382 MEWElogs[216063]: FLIPH, 1626283059619477992, LHR, 10
<134>2021-07-14T17:17:57Z cache-mrs10583 MEWElogs[216063]: FLIPH, 1626283076863220466, MRS, 10
<134>2021-07-14T17:18:03Z cache-lhr7382 MEWElogs[216063]: FLIPH, 1626283082689981918, LHR, -1
<134>2021-07-14T17:18:05Z cache-dal21283 MEWElogs[216063]: FLIPH, 1626283085854193358, DAL, 10
<134>2021-07-14T17:18:12Z cache-lhr7382 MEWElogs[216063]: FLIPH, 1626283091751477434, LHR, -1
<134>2021-07-14T17:18:33Z cache-mci5951 MEWElogs[216063]: FLIPH, 1626283112607168140, MCI, 10
<134>2021-07-14T17:18:35Z cache-mrs10583 MEWElogs[216063]: FLIPH, 1626283114898843439, MRS, -1
<134>2021-07-14T17:18:41Z cache-mia11368 MEWElogs[216063]: FLIPH, 1626283120774836381, MIA, 10
<134>2021-07-14T17:18:46Z cache-hkg17929 MEWElogs[216063]: FLIPH, 1626283125734937336, HKG, 10
<134>2021-07-14T17:18:47Z cache-lhr7382 MEWElogs[216063]: FLIPH, 1626283127293371309, LHR, -1
<134>2021-07-14T17:18:49Z cache-dal21283 MEWElogs[216063]: FLIPH, 1626283128698165462, DAL, -1
<134>2021-07-14T17:18:50Z cache-mci5951 MEWElogs[216063]: FLIPH, 1626283129907297782, MCI, -1
<134>2021-07-14T17:19:01Z cache-mci5951 MEWElogs[216063]: FLIPH, 1626283140081905798, MCI, -1
<134>2021-07-14T17:19:02Z cache-jax20933 MEWElogs[216063]: FLIPH, 1626283142201973699, JAX, 10
<134>2021-07-14T17:19:04Z cache-hkg17929 MEWElogs[216063]: FLIPH, 1626283144118438739, HKG, -1
<134>2021-07-14T17:19:07Z cache-mrs10583 MEWElogs[216063]: FLIPH, 1626283147401125985, MRS, -1
<134>2021-07-14T17:19:10Z cache-bur17583 MEWElogs[216063]: FLIPH, 1626283149842685745, BUR, 10
<134>2021-07-14T17:19:15Z cache-stp9226 MEWElogs[216063]: FLIPH, 1626283154624296093, STP, 10
<134>2021-07-14T17:19:29Z cache-mad22068 MEWElogs[216063]: FLIPH, 1626283168715719363, MAD, 10
<134>2021-07-14T17:19:32Z cache-mia11368 MEWElogs[216063]: FLIPH, 1626283171894040606, MIA, 10
<134>2021-07-14T17:19:37Z cache-hkg17929 MEWElogs[216063]: FLIPH, 1626283177028308575, HKG, -1
<134>2021-07-14T17:19:40Z cache-mrs10583 MEWElogs[216063]: FLIPH, 1626283179870773466, MRS, -1
<134>2021-07-14T17:19:41Z cache-lhr7382 MEWElogs[216063]: FLIPH, 1626283179994706850, LHR, -1
<134>2021-07-14T17:19:44Z cache-mci5951 MEWElogs[216063]: FLIPH, 1626283183784875052, MCI, 10
<134>2021-07-14T17:19:51Z cache-mrs10583 MEWElogs[216063]: FLIPH, 1626283190618766508, MRS, 10
<134>2021-07-14T17:19:59Z cache-bur17583 MEWElogs[216063]: FLIPH, 1626283198587224962, BUR, -1
<134>2021-07-14T17:20:30Z cache-dal21283 MEWElogs[216063]: FLIPH, 1626283229936103118, DAL, -1
<134>2021-07-14T17:20:35Z cache-mad22068 MEWElogs[216063]: FLIPH, 1626283233957663824, MAD, 10
<134>2021-07-14T17:20:35Z cache-jax20933 MEWElogs[216063]: FLIPH, 1626283234910170840, JAX, -1
<134>2021-07-14T17:20:40Z cache-mad22068 MEWElogs[216063]: FLIPH, 1626283239912973939, MAD, -1
<134>2021-07-14T17:21:02Z cache-lhr7382 MEWElogs[216063]: FLIPH, 1626283261895297445, LHR, 10
<134>2021-07-14T17:21:04Z cache-hkg17929 MEWElogs[216063]: FLIPH, 1626283264033677854, HKG, -1
<134>2021-07-14T17:21:19Z cache-lhr7382 MEWElogs[216063]: FLIPH, 1626283278837542398, LHR, 10
<134>2021-07-14T17:21:21Z cache-mad22068 MEWElogs[216063]: FLIPH, 1626283280222479620, MAD, 10
<134>2021-07-14T17:21:22Z cache-stp9226 MEWElogs[216063]: FLIPH, 1626283282017023413, STP, -1
<134>2021-07-14T17:21:34Z cache-jax20933 MEWElogs[216063]: FLIPH, 1626283294178787551, JAX, -1
<134>2021-07-14T17:21:48Z cache-yul12826 MEWElogs[216063]: FLIPH, 1626283307293228327, YUL, -1
<134>2021-07-14T17:21:57Z cache-yul12826 MEWElogs[216063]: FLIPH, 1626283316653111528, YUL, -1
<134>2021-07-14T17:22:06Z cache-yul12826 MEWElogs[216063]: FLIPH, 1626283325806674299, YUL, -1
<134>2021-07-14T17:22:06Z cache-mia11368 MEWElogs[216063]: FLIPH, 1626283325553852924, MIA, 10
<134>2021-07-14T17:22:09Z cache-mad22068 MEWElogs[216063]: FLIPH, 1626283328331556316, MAD, 10
