<134>2021-07-15T04:16:27Z cache-bog6425 MEWElogs[216063]: ROTATE, 1626322586913369166, BOG, 15
<134>2021-07-15T04:16:37Z cache-ord1740 MEWElogs[216063]: ROTATE, 1626322596006492551, ORD, 15
<134>2021-07-15T04:16:46Z cache-ord1740 MEWElogs[216063]: ROTATE, 1626322605343944551, ORD, 15
<134>2021-07-15T04:16:47Z cache-cph20625 MEWElogs[216063]: ROTATE, 1626322607502760047, CPH, 15
<134>2021-07-15T04:16:57Z cache-cph20625 MEWElogs[216063]: ROTATE, 1626322616747635462, CPH, 15
<134>2021-07-15T04:17:30Z cache-pdk17882 MEWElogs[216063]: ROTATE, 1626322649284080209, PDK, 15
<134>2021-07-15T04:17:39Z cache-ams21020 MEWElogs[216063]: ROTATE, 1626322659547308889, AMS, 15
<134>2021-07-15T04:17:50Z cache-dca17782 MEWElogs[216063]: ROTATE, 1626322669721319768, DCA, 15
<134>2021-07-15T04:18:12Z cache-cph20625 MEWElogs[216063]: ROTATE, 1626322690946088486, CPH, 15
<134>2021-07-15T04:18:31Z cache-wdc5583 MEWElogs[216063]: ROTATE, 1626322711201005679, WDC, 15
<134>2021-07-15T04:18:40Z cache-cph20625 MEWElogs[216063]: ROTATE, 1626322719289093494, CPH, 15
<134>2021-07-15T04:19:05Z cache-ord1740 MEWElogs[216063]: ROTATE, 1626322744219797668, ORD, 15
<134>2021-07-15T04:19:09Z cache-mdw17383 MEWElogs[216063]: ROTATE, 1626322748631887355, MDW, 15
<134>2021-07-15T04:19:15Z cache-bog6425 MEWElogs[216063]: ROTATE, 1626322754627314427, BOG, 15
<134>2021-07-15T04:19:22Z cache-maa10251 MEWElogs[216063]: ROTATE, 1626322761645540396, MAA, 15
<134>2021-07-15T04:19:25Z cache-wdc5583 MEWElogs[216063]: ROTATE, 1626322765514197988, WDC, 15
<134>2021-07-15T04:19:47Z cache-dfw18678 MEWElogs[216063]: ROTATE, 1626322786852203892, DFW, 15
<134>2021-07-15T04:20:11Z cache-dca17782 MEWElogs[216063]: ROTATE, 1626322811319576895, DCA, 15
<134>2021-07-15T04:20:35Z cache-bog6425 MEWElogs[216063]: ROTATE, 1626322834535986323, BOG, 15
<134>2021-07-15T04:20:55Z cache-ord1740 MEWElogs[216063]: ROTATE, 1626322854884405061, ORD, 15
<134>2021-07-15T04:22:13Z cache-chi21126 MEWElogs[216063]: ROTATE, 1626322932480949476, CHI, 15
<134>2021-07-15T04:22:37Z cache-del21735 MEWElogs[216063]: ROTATE, 1626322956193874598, DEL, 15
<134>2021-07-15T04:23:05Z cache-fty21383 MEWElogs[216063]: ROTATE, 1626322984847311403, FTY, 15
<134>2021-07-15T04:23:06Z cache-eze19324 MEWElogs[216063]: ROTATE, 1626322986426233815, EZE, 15
<134>2021-07-15T04:23:13Z cache-del21735 MEWElogs[216063]: ROTATE, 1626322992313578145, DEL, 15
<134>2021-07-15T04:23:14Z cache-fty21383 MEWElogs[216063]: ROTATE, 1626322993407467881, FTY, 15
<134>2021-07-15T04:23:57Z cache-bos4657 MEWElogs[216063]: ROTATE, 1626323037065287887, BOS, 15
<134>2021-07-15T04:24:07Z cache-del21735 MEWElogs[216063]: ROTATE, 1626323046752197647, DEL, 15
<134>2021-07-15T04:25:55Z cache-dub4329 MEWElogs[216063]: ROTATE, 1626323154358045097, DUB, 15
<134>2021-07-15T04:25:56Z cache-del21735 MEWElogs[216063]: ROTATE, 1626323155522516463, DEL, 15
<134>2021-07-15T04:26:15Z cache-chi21126 MEWElogs[216063]: ROTATE, 1626323174509896023, CHI, 15
