<134>2021-07-15T06:39:50Z cache-chi21126 MEWElogs[369035]: UNSH, 1626331189492294411, CHI, 16
<134>2021-07-15T06:40:06Z cache-dub4329 MEWElogs[369035]: UNSH, 1626331205209488374, DUB, 16
<134>2021-07-15T06:40:46Z cache-hel6829 MEWElogs[369035]: UNSH, 1626331245495276469, HEL, 16
<134>2021-07-15T06:41:54Z cache-pwk4920 MEWElogs[369035]: UNSH, 1626331313320626390, PWK, 16
<134>2021-07-15T06:41:56Z cache-jnb7027 MEWElogs[369035]: UNSH, 1626331316042070838, JNB, 16
<134>2021-07-15T06:42:25Z cache-hhn4077 MEWElogs[369035]: UNSH, 1626331344513355889, HHN, 16
<134>2021-07-15T06:42:28Z cache-dal21283 MEWElogs[369035]: UNSH, 1626331347298170718, DAL, 16
<134>2021-07-15T06:42:31Z cache-pwk4920 MEWElogs[369035]: UNSH, 1626331350651739297, PWK, 16
<134>2021-07-15T06:42:51Z cache-akl10324 MEWElogs[369035]: UNSH, 1626331370626383077, AKL, 16
<134>2021-07-15T06:43:11Z cache-lcy19283 MEWElogs[369035]: UNSH, 1626331390900222771, LCY, 16
<134>2021-07-15T06:44:25Z cache-bur17583 MEWElogs[369035]: UNSH, 1626331464770679784, BUR, 16
<134>2021-07-15T06:44:37Z cache-jnb7027 MEWElogs[369035]: UNSH, 1626331477256984359, JNB, 16
<134>2021-07-15T06:44:48Z cache-den8274 MEWElogs[369035]: UNSH, 1626331487918981150, DEN, 16
<134>2021-07-15T06:45:11Z cache-fra19177 MEWElogs[369035]: UNSH, 1626331510973359395, FRA, 16
<134>2021-07-15T06:45:20Z cache-fra19177 MEWElogs[369035]: UNSH, 1626331519890982371, FRA, 16
<134>2021-07-15T06:45:42Z cache-hel6829 MEWElogs[369035]: UNSH, 1626331542779060831, HEL, 16
<134>2021-07-15T06:45:56Z cache-fra19177 MEWElogs[369035]: UNSH, 1626331555326324555, FRA, 16
<134>2021-07-15T06:46:41Z cache-den8274 MEWElogs[369035]: UNSH, 1626331600611398344, DEN, 16
<134>2021-07-15T06:46:54Z cache-jnb7027 MEWElogs[369035]: UNSH, 1626331613152906595, JNB, 16
<134>2021-07-15T06:47:13Z cache-bur17583 MEWElogs[369035]: UNSH, 1626331633680523783, BUR, 16
<134>2021-07-15T06:47:35Z cache-dal21283 MEWElogs[369035]: UNSH, 1626331654548824179, DAL, 16
<134>2021-07-15T06:48:06Z cache-den8274 MEWElogs[369035]: UNSH, 1626331685676393954, DEN, 16
<134>2021-07-15T06:48:12Z cache-mad22068 MEWElogs[369035]: UNSH, 1626331691962761079, MAD, 16
<134>2021-07-15T06:48:31Z cache-mad22068 MEWElogs[369035]: UNSH, 1626331710600279594, MAD, 16
<134>2021-07-15T06:48:43Z cache-bur17583 MEWElogs[369035]: UNSH, 1626331723335828044, BUR, 16
<134>2021-07-15T06:48:57Z cache-mad22068 MEWElogs[369035]: UNSH, 1626331736802731171, MAD, 16
<134>2021-07-15T06:49:32Z cache-den8274 MEWElogs[369035]: UNSH, 1626331771316958382, DEN, 16
<134>2021-07-15T06:49:42Z cache-bur17583 MEWElogs[369035]: UNSH, 1626331781197293358, BUR, 16
<134>2021-07-15T06:49:48Z cache-lcy19283 MEWElogs[369035]: UNSH, 1626331787149411436, LCY, 16
