<134>2021-07-15T02:03:59Z cache-mci5951 MEWElogs[318405]: GRAY, 1626314638713556636, MCI, 13
<134>2021-07-15T02:04:13Z cache-cdg20720 MEWElogs[318405]: GRAY, 1626314653880047048, CDG, 13
<134>2021-07-15T02:04:14Z cache-yul12826 MEWElogs[318405]: GRAY, 1626314653283349617, YUL, 13
<134>2021-07-15T02:04:51Z cache-osl6529 MEWElogs[318405]: GRAY, 1626314690150540445, OSL, 13
<134>2021-07-15T02:05:20Z cache-jax20933 MEWElogs[318405]: GRAY, 1626314719835973278, JAX, 13
<134>2021-07-15T02:05:29Z cache-yul12826 MEWElogs[318405]: GRAY, 1626314728763776813, YUL, 13
<134>2021-07-15T02:05:34Z cache-ewr18156 MEWElogs[318405]: GRAY, 1626314734180489121, EWR, 13
<134>2021-07-15T02:05:54Z cache-ewr18156 MEWElogs[318405]: GRAY, 1626314753051413258, EWR, 13
<134>2021-07-15T02:06:09Z cache-mel11272 MEWElogs[318405]: GRAY, 1626314768799973912, MEL, 13
<134>2021-07-15T02:06:16Z cache-mel11272 MEWElogs[318405]: GRAY, 1626314775704238392, MEL, 13
<134>2021-07-15T02:06:56Z cache-osl6529 MEWElogs[318405]: GRAY, 1626314815831545091, OSL, 13
<134>2021-07-15T02:07:05Z cache-osl6529 MEWElogs[318405]: GRAY, 1626314825013579122, OSL, 13
<134>2021-07-15T02:07:44Z cache-gru17149 MEWElogs[318405]: GRAY, 1626314863131098736, GRU, 13
<134>2021-07-15T02:08:01Z cache-osl6529 MEWElogs[318405]: GRAY, 1626314880129943803, OSL, 13
<134>2021-07-15T02:08:28Z cache-gru17149 MEWElogs[318405]: GRAY, 1626314907179969812, GRU, 13
<134>2021-07-15T02:08:37Z cache-jax20933 MEWElogs[318405]: GRAY, 1626314917379694585, JAX, 13
<134>2021-07-15T02:08:48Z cache-cdg20720 MEWElogs[318405]: GRAY, 1626314927653343084, CDG, 13
<134>2021-07-15T02:08:57Z cache-ewr18156 MEWElogs[318405]: GRAY, 1626314937040967188, EWR, 13
<134>2021-07-15T02:09:20Z cache-osl6529 MEWElogs[318405]: GRAY, 1626314959170423983, OSL, 13
<134>2021-07-15T02:09:42Z cache-osl6529 MEWElogs[318405]: GRAY, 1626314982347394593, OSL, 13
<134>2021-07-15T02:09:46Z cache-ewr18156 MEWElogs[318405]: GRAY, 1626314985919068201, EWR, 13
<134>2021-07-15T02:09:53Z cache-scl19427 MEWElogs[318405]: GRAY, 1626314992819254160, SCL, 13
<134>2021-07-15T02:09:56Z cache-bom4751 MEWElogs[318405]: GRAY, 1626314996103856938, BOM, 13
<134>2021-07-15T02:10:06Z cache-syd10183 MEWElogs[318405]: GRAY, 1626315006139130698, SYD, 13
<134>2021-07-15T02:10:09Z cache-gru17149 MEWElogs[318405]: GRAY, 1626315008779982246, GRU, 13
<134>2021-07-15T02:10:20Z cache-cdg20720 MEWElogs[318405]: GRAY, 1626315019875172105, CDG, 13
<134>2021-07-15T02:10:57Z cache-stl4834 MEWElogs[318405]: GRAY, 1626315056890438155, STL, 13
<134>2021-07-15T02:11:10Z cache-osl6529 MEWElogs[318405]: GRAY, 1626315069890345143, OSL, 13
<134>2021-07-15T02:11:12Z cache-bom4751 MEWElogs[318405]: GRAY, 1626315071515934196, BOM, 13
<134>2021-07-15T02:11:34Z cache-scl19427 MEWElogs[318405]: GRAY, 1626315093588676210, SCL, 13
<134>2021-07-15T02:11:38Z cache-stl4834 MEWElogs[318405]: GRAY, 1626315098631290786, STL, 13
<134>2021-07-15T02:12:08Z cache-scl19427 MEWElogs[318405]: GRAY, 1626315127214775394, SCL, 13
<134>2021-07-15T02:12:39Z cache-bom4751 MEWElogs[318405]: GRAY, 1626315158356449652, BOM, 13
<134>2021-07-15T02:12:49Z cache-cdg20720 MEWElogs[318405]: GRAY, 1626315168166662199, CDG, 13
<134>2021-07-15T02:12:56Z cache-stl4834 MEWElogs[318405]: GRAY, 1626315175333216850, STL, 13
<134>2021-07-15T02:12:57Z cache-scl19427 MEWElogs[318405]: GRAY, 1626315177278756501, SCL, 13
<134>2021-07-15T02:13:56Z cache-gig17035 MEWElogs[318405]: GRAY, 1626315236324865103, GIG, 13
