<134>2021-07-15T00:22:30Z cache-vie21629 MEWElogs[418388]: BLUR, 1626308549261109911, VIE, 11
<134>2021-07-15T00:28:44Z cache-pdk17882 MEWElogs[418388]: CROP, 1626308923592912647, PDK, 12
<134>2021-07-15T00:28:51Z cache-pdk17882 MEWElogs[418388]: CROP, 1626308930630060990, PDK, 12
<134>2021-07-15T00:28:58Z cache-eze19324 MEWElogs[418388]: CROP, 1626308937327893196, EZE, 12
<134>2021-07-15T00:29:07Z cache-mdw17383 MEWElogs[418388]: CROP, 1626308947326316235, MDW, 12
<134>2021-07-15T00:29:19Z cache-cmh21547 MEWElogs[418388]: CROP, 1626308958230010126, CMH, 12
<134>2021-07-15T00:29:33Z cache-maa10251 MEWElogs[418388]: CROP, 1626308972479015555, MAA, 12
<134>2021-07-15T00:29:49Z cache-pdk17882 MEWElogs[418388]: CROP, 1626308988376156102, PDK, 12
<134>2021-07-15T00:30:09Z cache-eze19324 MEWElogs[418388]: CROP, 1626309008997266761, EZE, 12
<134>2021-07-15T00:30:26Z cache-ams21020 MEWElogs[418388]: CROP, 1626309025808737618, AMS, 12
<134>2021-07-15T00:30:30Z cache-maa10251 MEWElogs[418388]: CROP, 1626309028917812253, MAA, 12
<134>2021-07-15T00:31:03Z cache-maa10251 MEWElogs[418388]: CROP, 1626309063216863763, MAA, 12
<134>2021-07-15T00:31:08Z cache-ams21020 MEWElogs[418388]: CROP, 1626309067820952202, AMS, 12
<134>2021-07-15T00:31:12Z cache-pdk17882 MEWElogs[418388]: CROP, 1626309072205519595, PDK, 12
<134>2021-07-15T00:31:17Z cache-ams21020 MEWElogs[418388]: CROP, 1626309076810076287, AMS, 12
<134>2021-07-15T00:31:19Z cache-maa10251 MEWElogs[418388]: CROP, 1626309079125712239, MAA, 12
<134>2021-07-15T00:31:25Z cache-ams21020 MEWElogs[418388]: CROP, 1626309085286397754, AMS, 12
<134>2021-07-15T00:31:28Z cache-eze19324 MEWElogs[418388]: CROP, 1626309088002102259, EZE, 12
<134>2021-07-15T00:31:40Z cache-ams21020 MEWElogs[418388]: CROP, 1626309099650305176, AMS, 12
<134>2021-07-15T00:31:45Z cache-pdk17882 MEWElogs[418388]: CROP, 1626309104736982462, PDK, 12
<134>2021-07-15T00:31:48Z cache-pdk17882 MEWElogs[418388]: CROP, 1626309108383384618, PDK, 12
<134>2021-07-15T00:31:59Z cache-wdc5583 MEWElogs[418388]: CROP, 1626309118395480503, WDC, 12
<134>2021-07-15T00:32:11Z cache-ams21020 MEWElogs[418388]: CROP, 1626309130256017505, AMS, 12
<134>2021-07-15T00:32:27Z cache-bog6425 MEWElogs[418388]: CROP, 1626309146871691723, BOG, 12
