<134>2021-07-15T06:49:59Z cache-jnb7027 MEWElogs[369035]: UNSH, 1626331798012967897, JNB, 16
<134>2021-07-15T06:50:20Z cache-den8274 MEWElogs[369035]: UNSH, 1626331819246520192, DEN, 16
<134>2021-07-15T06:50:21Z cache-lon4249 MEWElogs[369035]: UNSH, 1626331820436915318, LON, 16
<134>2021-07-15T06:50:47Z cache-lon4249 MEWElogs[369035]: UNSH, 1626331846165396285, LON, 16
<134>2021-07-15T06:50:49Z cache-mad22068 MEWElogs[369035]: UNSH, 1626331848626116881, MAD, 16
<134>2021-07-15T06:50:49Z cache-iah17271 MEWElogs[369035]: UNSH, 1626331848687022303, IAH, 16
<134>2021-07-15T06:51:14Z cache-lcy19283 MEWElogs[369035]: UNSH, 1626331873736930780, LCY, 16
<134>2021-07-15T06:52:15Z cache-den8274 MEWElogs[369035]: UNSH, 1626331934582372333, DEN, 16
<134>2021-07-15T06:52:16Z cache-hel6829 MEWElogs[369035]: UNSH, 1626331935406324672, HEL, 16
<134>2021-07-15T06:52:24Z cache-den8274 MEWElogs[369035]: UNSH, 1626331943601910604, DEN, 16
<134>2021-07-15T06:52:38Z cache-jnb7027 MEWElogs[369035]: UNSH, 1626331957436758801, JNB, 16
<134>2021-07-15T06:52:38Z cache-lon4249 MEWElogs[369035]: UNSH, 1626331957919776859, LON, 16
<134>2021-07-15T06:52:55Z cache-lon4249 MEWElogs[369035]: UNSH, 1626331974804166554, LON, 16
<134>2021-07-15T06:53:13Z cache-lcy19283 MEWElogs[369035]: UNSH, 1626331992029341932, LCY, 16
<134>2021-07-15T06:53:30Z cache-lon4249 MEWElogs[369035]: UNSH, 1626332010476122301, LON, 16
<134>2021-07-15T06:53:43Z cache-jnb7027 MEWElogs[369035]: UNSH, 1626332022769509153, JNB, 16
<134>2021-07-15T06:54:05Z cache-lon4249 MEWElogs[369035]: UNSH, 1626332044527593513, LON, 16
<134>2021-07-15T06:54:22Z cache-mrs10583 MEWElogs[369035]: UNSH, 1626332062194401047, MRS, 16
<134>2021-07-15T06:54:29Z cache-lcy19283 MEWElogs[369035]: UNSH, 1626332068133097011, LCY, 16
<134>2021-07-15T06:54:34Z cache-iah17271 MEWElogs[369035]: UNSH, 1626332073615556804, IAH, 16
<134>2021-07-15T06:54:35Z cache-jnb7027 MEWElogs[369035]: UNSH, 1626332075578587353, JNB, 16
<134>2021-07-15T06:54:48Z cache-den8274 MEWElogs[369035]: UNSH, 1626332087078755154, DEN, 16
<134>2021-07-15T06:54:57Z cache-mrs10583 MEWElogs[369035]: UNSH, 1626332096968280101, MRS, 16
<134>2021-07-15T06:55:30Z cache-iah17271 MEWElogs[369035]: UNSH, 1626332130333319340, IAH, 16
<134>2021-07-15T06:55:31Z cache-mad22068 MEWElogs[369035]: UNSH, 1626332131299387330, MAD, 16
<134>2021-07-15T06:55:41Z cache-hel6829 MEWElogs[369035]: UNSH, 1626332141004341175, HEL, 16
<134>2021-07-15T06:55:49Z cache-jnb7027 MEWElogs[369035]: UNSH, 1626332148555951298, JNB, 16
<134>2021-07-15T06:55:49Z cache-mia11368 MEWElogs[369035]: UNSH, 1626332148262814430, MIA, 16
<134>2021-07-15T06:55:56Z cache-mrs10583 MEWElogs[369035]: UNSH, 1626332155530912014, MRS, 16
<134>2021-07-15T06:55:59Z cache-jnb7027 MEWElogs[369035]: UNSH, 1626332158860400311, JNB, 16
<134>2021-07-15T06:56:17Z cache-mia11368 MEWElogs[369035]: UNSH, 1626332176341978486, MIA, 16
<134>2021-07-15T06:56:34Z cache-mad22068 MEWElogs[369035]: UNSH, 1626332193412114952, MAD, 16
<134>2021-07-15T06:56:42Z cache-lcy19283 MEWElogs[369035]: UNSH, 1626332201452860168, LCY, 16
<134>2021-07-15T06:56:44Z cache-lon4249 MEWElogs[369035]: UNSH, 1626332203639042428, LON, 16
<134>2021-07-15T06:56:47Z cache-mrs10583 MEWElogs[369035]: UNSH, 1626332206399637438, MRS, 16
<134>2021-07-15T06:57:21Z cache-mrs10583 MEWElogs[369035]: UNSH, 1626332240197296653, MRS, 16
<134>2021-07-15T06:58:01Z cache-yul12826 MEWElogs[369035]: UNSH, 1626332281683540164, YUL, 16
<134>2021-07-15T06:58:26Z cache-stp9226 MEWElogs[369035]: UNSH, 1626332305929881118, STP, 16
<134>2021-07-15T06:58:38Z cache-stp9226 MEWElogs[369035]: UNSH, 1626332317108663149, STP, 16
