<134>2021-07-15T01:53:04Z cache-mrs10583 MEWElogs[322023]: GRAY, 1626313983713295572, MRS, 13
<134>2021-07-15T01:53:15Z cache-mad22068 MEWElogs[322023]: GRAY, 1626313995613724232, MAD, 13
<134>2021-07-15T01:53:19Z cache-lhr7382 MEWElogs[322023]: GRAY, 1626313998018509022, LHR, 13
<134>2021-07-15T01:53:27Z cache-lhr7382 MEWElogs[322023]: GRAY, 1626314007300929470, LHR, 13
<134>2021-07-15T01:54:11Z cache-stp9226 MEWElogs[322023]: GRAY, 1626314050732056921, STP, 13
<134>2021-07-15T01:54:49Z cache-mrs10583 MEWElogs[322023]: GRAY, 1626314088081720452, MRS, 13
<134>2021-07-15T01:55:02Z cache-lhr7382 MEWElogs[322023]: GRAY, 1626314101810756648, LHR, 13
<134>2021-07-15T01:55:26Z cache-lhr7382 MEWElogs[322023]: GRAY, 1626314125225719720, LHR, 13
<134>2021-07-15T01:56:00Z cache-mrs10583 MEWElogs[322023]: GRAY, 1626314159259511068, MRS, 13
<134>2021-07-15T01:56:14Z cache-mrs10583 MEWElogs[322023]: GRAY, 1626314173407830126, MRS, 13
<134>2021-07-15T01:56:32Z cache-mci5951 MEWElogs[322023]: GRAY, 1626314191830282490, MCI, 13
<134>2021-07-15T01:56:52Z cache-mrs10583 MEWElogs[322023]: GRAY, 1626314211781620985, MRS, 13
<134>2021-07-15T01:57:01Z cache-man4150 MEWElogs[322023]: GRAY, 1626314220482960594, MAN, 13
<134>2021-07-15T01:57:02Z cache-mrs10583 MEWElogs[322023]: GRAY, 1626314221168107714, MRS, 13
<134>2021-07-15T01:58:17Z cache-mci5951 MEWElogs[322023]: GRAY, 1626314297293098578, MCI, 13
<134>2021-07-15T01:58:22Z cache-lhr7382 MEWElogs[322023]: GRAY, 1626314301115988035, LHR, 13
<134>2021-07-15T01:58:38Z cache-jax20933 MEWElogs[322023]: GRAY, 1626314317876986336, JAX, 13
<134>2021-07-15T01:58:42Z cache-lax10677 MEWElogs[322023]: GRAY, 1626314322142434317, LGB, 13
<134>2021-07-15T01:58:43Z cache-mia11368 MEWElogs[322023]: GRAY, 1626314323507401195, MIA, 13
<134>2021-07-15T01:59:12Z cache-yul12826 MEWElogs[322023]: GRAY, 1626314351197729397, YUL, 13
<134>2021-07-15T01:59:35Z cache-mia11368 MEWElogs[322023]: GRAY, 1626314374940354888, MIA, 13
<134>2021-07-15T02:00:04Z cache-man4150 MEWElogs[322023]: GRAY, 1626314403404793531, MAN, 13
<134>2021-07-15T02:00:06Z cache-lga21983 MEWElogs[322023]: GRAY, 1626314405942692035, LGA, 13
<134>2021-07-15T02:00:13Z cache-lga21983 MEWElogs[322023]: GRAY, 1626314412640760151, LGA, 13
<134>2021-07-15T02:00:15Z cache-jax20933 MEWElogs[322023]: GRAY, 1626314414955188517, JAX, 13
<134>2021-07-15T02:00:44Z cache-stp9226 MEWElogs[322023]: GRAY, 1626314443504002223, STP, 13
<134>2021-07-15T02:00:52Z cache-mci5951 MEWElogs[322023]: GRAY, 1626314452631086448, MCI, 13
<134>2021-07-15T02:01:31Z cache-man4150 MEWElogs[322023]: GRAY, 1626314490604641529, MAN, 13
<134>2021-07-15T02:01:37Z cache-yul12826 MEWElogs[322023]: GRAY, 1626314496535566103, YUL, 13
<134>2021-07-15T02:02:01Z cache-yul12826 MEWElogs[322023]: GRAY, 1626314521401578144, YUL, 13
<134>2021-07-15T02:02:46Z cache-stp9226 MEWElogs[322023]: GRAY, 1626314565190585781, STP, 13
