<134>2021-07-14T20:49:22Z cache-maa10251 MEWElogs[400146]: BLUR, 1626295761231274016, MAA, 11
<134>2021-07-14T20:49:22Z cache-wdc5583 MEWElogs[400146]: BLUR, 1626295761518402530, WDC, 11
<134>2021-07-14T20:50:23Z cache-maa10251 MEWElogs[400146]: BLUR, 1626295822261786097, MAA, 11
<134>2021-07-14T20:50:38Z cache-maa10251 MEWElogs[400146]: BLUR, 1626295836920636194, MAA, 11
<134>2021-07-14T20:50:59Z cache-cmh21547 MEWElogs[400146]: BLUR, 1626295858611731102, CMH, 11
<134>2021-07-14T20:51:07Z cache-maa10251 MEWElogs[400146]: BLUR, 1626295866556053654, MAA, 11
<134>2021-07-14T20:51:35Z cache-bog6425 MEWElogs[400146]: BLUR, 1626295895842665304, BOG, 11
<134>2021-07-14T20:51:37Z cache-cmh21547 MEWElogs[400146]: BLUR, 1626295896046311227, CMH, 11
<134>2021-07-14T20:52:34Z cache-ord1740 MEWElogs[400146]: BLUR, 1626295953501949468, ORD, 11
<134>2021-07-14T20:53:22Z cache-ams21020 MEWElogs[400146]: BLUR, 1626296001759944193, AMS, 11
<134>2021-07-14T20:53:37Z cache-mdw17383 MEWElogs[400146]: BLUR, 1626296017545908085, MDW, 11
<134>2021-07-14T20:54:02Z cache-wdc5583 MEWElogs[400146]: BLUR, 1626296041262328754, WDC, 11
<134>2021-07-14T20:54:12Z cache-dca17782 MEWElogs[400146]: BLUR, 1626296051948862115, DCA, 11
<134>2021-07-14T20:54:36Z cache-maa10251 MEWElogs[400146]: BLUR, 1626296075390384746, MAA, 11
<134>2021-07-14T20:54:51Z cache-maa10251 MEWElogs[400146]: BLUR, 1626296090299073871, MAA, 11
<134>2021-07-14T20:55:14Z cache-wdc5583 MEWElogs[400146]: BLUR, 1626296114491018908, WDC, 11
<134>2021-07-14T20:55:35Z cache-ams21020 MEWElogs[400146]: BLUR, 1626296134855460474, AMS, 11
<134>2021-07-14T20:55:56Z cache-eze19324 MEWElogs[400146]: BLUR, 1626296156470337426, EZE, 11
<134>2021-07-14T20:56:07Z cache-maa10251 MEWElogs[400146]: BLUR, 1626296166446041492, MAA, 11
<134>2021-07-14T20:56:20Z cache-pdk17882 MEWElogs[400146]: BLUR, 1626296180206323435, PDK, 11
<134>2021-07-14T20:56:23Z cache-dca17782 MEWElogs[400146]: BLUR, 1626296182440574558, DCA, 11
<134>2021-07-14T20:56:48Z cache-ord1740 MEWElogs[400146]: BLUR, 1626296207254831707, ORD, 11
<134>2021-07-14T20:56:49Z cache-ams21020 MEWElogs[400146]: BLUR, 1626296208641352569, AMS, 11
<134>2021-07-14T20:56:50Z cache-mdw17383 MEWElogs[400146]: BLUR, 1626296210267563178, MDW, 11
<134>2021-07-14T20:57:38Z cache-bog6425 MEWElogs[400146]: BLUR, 1626296257800907622, BOG, 11
<134>2021-07-14T20:57:46Z cache-ams21020 MEWElogs[400146]: BLUR, 1626296266223526367, AMS, 11
<134>2021-07-14T20:57:54Z cache-bog6425 MEWElogs[400146]: BLUR, 1626296274003089914, BOG, 11
<134>2021-07-14T20:58:08Z cache-pdk17882 MEWElogs[400146]: BLUR, 1626296288266233271, PDK, 11
<134>2021-07-14T20:58:14Z cache-cmh21547 MEWElogs[400146]: BLUR, 1626296293264361645, CMH, 11
<134>2021-07-14T20:58:23Z cache-pdk17882 MEWElogs[400146]: BLUR, 1626296303553690971, PDK, 11
<134>2021-07-14T20:58:27Z cache-mdw17383 MEWElogs[400146]: BLUR, 1626296306971816058, MDW, 11
<134>2021-07-14T20:58:30Z cache-dca17782 MEWElogs[400146]: BLUR, 1626296310221209130, DCA, 11
<134>2021-07-14T20:58:43Z cache-bog6425 MEWElogs[400146]: BLUR, 1626296323005450900, BOG, 11
<134>2021-07-14T20:58:52Z cache-cmh21547 MEWElogs[400146]: BLUR, 1626296331571911279, CMH, 11
