<134>2021-07-14T21:52:29Z cache-bur17583 MEWElogs[39982]: BLUR, 1626299548884978687, BUR, 11
<134>2021-07-14T21:53:23Z cache-hel6829 MEWElogs[39982]: BLUR, 1626299602223078429, HEL, 11
<134>2021-07-14T21:54:28Z cache-hel6829 MEWElogs[39982]: BLUR, 1626299668326335737, HEL, 11
<134>2021-07-14T21:54:41Z cache-fra19177 MEWElogs[39982]: BLUR, 1626299680048714957, FRA, 11
<134>2021-07-14T21:55:47Z cache-bur17583 MEWElogs[39982]: BLUR, 1626299746297781093, BUR, 11
<134>2021-07-14T21:56:33Z cache-iah17271 MEWElogs[39982]: BLUR, 1626299792735426834, IAH, 11
<134>2021-07-14T21:57:15Z cache-iah17271 MEWElogs[39982]: BLUR, 1626299834631116592, IAH, 11
<134>2021-07-14T21:57:54Z cache-iah17271 MEWElogs[39982]: BLUR, 1626299874157462762, IAH, 11
<134>2021-07-14T21:57:59Z cache-dal21283 MEWElogs[39982]: BLUR, 1626299878874279838, DAL, 11
<134>2021-07-14T21:58:04Z cache-lcy19283 MEWElogs[39982]: BLUR, 1626299883208168656, LCY, 11
<134>2021-07-14T21:58:24Z cache-hel6829 MEWElogs[39982]: BLUR, 1626299903516940086, HEL, 11
<134>2021-07-14T21:58:24Z cache-lon4249 MEWElogs[39982]: BLUR, 1626299903843768275, LON, 11
<134>2021-07-14T21:58:47Z cache-bur17583 MEWElogs[39982]: BLUR, 1626299926849110935, BUR, 11
<134>2021-07-14T21:58:57Z cache-hel6829 MEWElogs[39982]: BLUR, 1626299936852383448, HEL, 11
<134>2021-07-14T21:59:47Z cache-hel6829 MEWElogs[39982]: BLUR, 1626299986701365206, HEL, 11
<134>2021-07-14T21:59:51Z cache-lon4249 MEWElogs[39982]: BLUR, 1626299989986935900, LON, 11
<134>2021-07-14T22:00:05Z cache-lon4249 MEWElogs[39982]: BLUR, 1626300004238048857, LON, 11
<134>2021-07-14T22:00:52Z cache-iah17271 MEWElogs[39982]: BLUR, 1626300052033935594, IAH, 11
<134>2021-07-14T22:00:53Z cache-lcy19283 MEWElogs[39982]: BLUR, 1626300052365718425, LCY, 11
<134>2021-07-14T22:01:27Z cache-hel6829 MEWElogs[39982]: BLUR, 1626300086704199549, HEL, 11
<134>2021-07-14T22:01:32Z cache-lon4249 MEWElogs[39982]: BLUR, 1626300091666274024, LON, 11
<134>2021-07-14T22:01:37Z cache-fra19177 MEWElogs[39982]: BLUR, 1626300096972630427, FRA, 11
