<134>2021-07-14T22:13:25Z cache-lcy19283 MEWElogs[382896]: BLUR, 1626300804879046036, LCY, 11
<134>2021-07-14T22:14:43Z cache-lhr7382 MEWElogs[382896]: BLUR, 1626300882374512238, LHR, 11
<134>2021-07-14T22:15:07Z cache-mci5951 MEWElogs[382896]: BLUR, 1626300906518477123, MCI, 11
<134>2021-07-14T22:15:11Z cache-mad22068 MEWElogs[382896]: BLUR, 1626300911136035054, MAD, 11
<134>2021-07-14T22:15:14Z cache-bur17583 MEWElogs[382896]: BLUR, 1626300913607900204, BUR, 11
<134>2021-07-14T22:15:49Z cache-bur17583 MEWElogs[382896]: BLUR, 1626300948829465642, BUR, 11
<134>2021-07-14T22:17:00Z cache-mrs10583 MEWElogs[382896]: BLUR, 1626301019531925896, MRS, 11
<134>2021-07-14T22:17:34Z cache-mci5951 MEWElogs[382896]: BLUR, 1626301053260533171, MCI, 11
<134>2021-07-14T22:17:52Z cache-mci5951 MEWElogs[382896]: BLUR, 1626301071721295259, MCI, 11
<134>2021-07-14T22:18:44Z cache-dal21283 MEWElogs[382896]: BLUR, 1626301123547824135, DAL, 11
<134>2021-07-14T22:18:46Z cache-mci5951 MEWElogs[382896]: BLUR, 1626301125958684707, MCI, 11
<134>2021-07-14T22:19:21Z cache-mrs10583 MEWElogs[382896]: BLUR, 1626301160218113752, MRS, 11
<134>2021-07-14T22:19:25Z cache-dal21283 MEWElogs[382896]: BLUR, 1626301164269831054, DAL, 11
<134>2021-07-14T22:20:03Z cache-mrs10583 MEWElogs[382896]: BLUR, 1626301202378552386, MRS, 11
<134>2021-07-14T22:20:32Z cache-mia11368 MEWElogs[382896]: BLUR, 1626301231532716537, MIA, 11
<134>2021-07-14T22:20:32Z cache-hkg17929 MEWElogs[382896]: BLUR, 1626301232529932408, HKG, 11
<134>2021-07-14T22:20:48Z cache-dal21283 MEWElogs[382896]: BLUR, 1626301247734464220, DAL, 11
<134>2021-07-14T22:22:03Z cache-mad22068 MEWElogs[382896]: BLUR, 1626301322242917311, MAD, 11
<134>2021-07-14T22:22:19Z cache-mad22068 MEWElogs[382896]: BLUR, 1626301338260799051, MAD, 11
<134>2021-07-14T22:22:48Z cache-lhr7382 MEWElogs[382896]: BLUR, 1626301368012761514, LHR, 11
<134>2021-07-14T22:22:59Z cache-mci5951 MEWElogs[382896]: BLUR, 1626301379753110502, MCI, 11
<134>2021-07-14T22:23:20Z cache-jax20933 MEWElogs[382896]: BLUR, 1626301399207028581, JAX, 11
