<134>2021-07-15T07:33:13Z cache-lga21983 MEWElogs[308969]: UNSH, 1626334392673408161, LGA, 16
<134>2021-07-15T07:33:25Z cache-ewr18156 MEWElogs[308969]: UNSH, 1626334404146722081, EWR, 16
<134>2021-07-15T07:33:33Z cache-lhr7382 MEWElogs[308969]: UNSH, 1626334412694065358, LHR, 16
<134>2021-07-15T07:33:42Z cache-lga21983 MEWElogs[308969]: UNSH, 1626334421616029006, LGA, 16
<134>2021-07-15T07:33:53Z cache-cdg20720 MEWElogs[308969]: UNSH, 1626334433203713955, CDG, 16
<134>2021-07-15T07:34:06Z cache-osl6529 MEWElogs[308969]: UNSH, 1626334446132923299, OSL, 16
<134>2021-07-15T07:34:33Z cache-man4150 MEWElogs[308969]: UNSH, 1626334472734856416, MAN, 16
<134>2021-07-15T07:34:40Z cache-jax20933 MEWElogs[308969]: UNSH, 1626334479321836150, JAX, 16
<134>2021-07-15T07:35:23Z cache-lga21983 MEWElogs[308969]: UNSH, 1626334522317442731, LGA, 16
<134>2021-07-15T07:35:33Z cache-lax10677 MEWElogs[308969]: UNSH, 1626334532319386725, LGB, 16
<134>2021-07-15T07:35:51Z cache-cdg20720 MEWElogs[308969]: UNSH, 1626334550940181720, CDG, 16
<134>2021-07-15T07:36:22Z cache-ewr18156 MEWElogs[308969]: UNSH, 1626334581229623440, EWR, 16
<134>2021-07-15T07:37:11Z cache-ewr18156 MEWElogs[308969]: UNSH, 1626334630734112970, EWR, 16
<134>2021-07-15T07:37:19Z cache-man4150 MEWElogs[308969]: UNSH, 1626334638372376009, MAN, 16
<134>2021-07-15T07:37:57Z cache-lga21983 MEWElogs[308969]: UNSH, 1626334677142981241, LGA, 16
<134>2021-07-15T07:38:16Z cache-bom4751 MEWElogs[308969]: UNSH, 1626334695669956878, BOM, 16
<134>2021-07-15T07:38:56Z cache-mel11272 MEWElogs[308969]: UNSH, 1626334735222446043, MEL, 16
<134>2021-07-15T07:39:07Z cache-mel11272 MEWElogs[308969]: UNSH, 1626334746485487858, MEL, 16
<134>2021-07-15T07:39:16Z cache-lhr7382 MEWElogs[308969]: UNSH, 1626334754895356706, LHR, 16
<134>2021-07-15T07:39:29Z cache-mel11272 MEWElogs[308969]: UNSH, 1626334769027354516, MEL, 16
<134>2021-07-15T07:40:07Z cache-osl6529 MEWElogs[308969]: UNSH, 1626334807122602121, OSL, 16
<134>2021-07-15T07:40:26Z cache-osl6529 MEWElogs[308969]: UNSH, 1626334825400689637, OSL, 16
<134>2021-07-15T07:40:35Z cache-osl6529 MEWElogs[308969]: UNSH, 1626334834341604215, OSL, 16
<134>2021-07-15T07:41:06Z cache-jax20933 MEWElogs[308969]: UNSH, 1626334865846029338, JAX, 16
<134>2021-07-15T07:41:58Z cache-ewr18156 MEWElogs[308969]: UNSH, 1626334918294977053, EWR, 16
<134>2021-07-15T07:42:26Z cache-lhr7382 MEWElogs[308969]: UNSH, 1626334945805187596, LHR, 16
<134>2021-07-15T07:42:49Z cache-osl6529 MEWElogs[308969]: UNSH, 1626334968193011634, OSL, 16
