<134>2021-07-15T01:42:02Z cache-hhn4077 MEWElogs[390968]: GRAY, 1626313321463996359, HHN, 13
<134>2021-07-15T01:42:34Z cache-akl10324 MEWElogs[390968]: GRAY, 1626313353013717742, AKL, 13
<134>2021-07-15T01:42:46Z cache-jnb7027 MEWElogs[390968]: GRAY, 1626313365876452757, JNB, 13
<134>2021-07-15T01:42:55Z cache-akl10324 MEWElogs[390968]: GRAY, 1626313374561038295, AKL, 13
<134>2021-07-15T01:43:00Z cache-den8274 MEWElogs[390968]: GRAY, 1626313379254695173, DEN, 13
<134>2021-07-15T01:43:12Z cache-hel6829 MEWElogs[390968]: GRAY, 1626313391426773970, HEL, 13
<134>2021-07-15T01:43:23Z cache-akl10324 MEWElogs[390968]: GRAY, 1626313402536954729, AKL, 13
<134>2021-07-15T01:43:34Z cache-jnb7027 MEWElogs[390968]: GRAY, 1626313413960686250, JNB, 13
<134>2021-07-15T01:43:36Z cache-hel6829 MEWElogs[390968]: GRAY, 1626313415781205559, HEL, 13
<134>2021-07-15T01:43:38Z cache-iah17271 MEWElogs[390968]: GRAY, 1626313417865631061, IAH, 13
<134>2021-07-15T01:43:42Z cache-dfw18678 MEWElogs[390968]: GRAY, 1626313422709447887, DFW, 13
<134>2021-07-15T01:43:53Z cache-den8274 MEWElogs[390968]: GRAY, 1626313432290160240, DEN, 13
<134>2021-07-15T01:43:57Z cache-lcy19283 MEWElogs[390968]: GRAY, 1626313437258546096, LCY, 13
<134>2021-07-15T01:43:59Z cache-lon4249 MEWElogs[390968]: GRAY, 1626313438388748206, LON, 13
<134>2021-07-15T01:43:59Z cache-pwk4920 MEWElogs[390968]: GRAY, 1626313438881857377, PWK, 13
<134>2021-07-15T01:44:12Z cache-lon4249 MEWElogs[390968]: GRAY, 1626313452552133016, LON, 13
<134>2021-07-15T01:44:22Z cache-lcy19283 MEWElogs[390968]: GRAY, 1626313461341573542, LCY, 13
<134>2021-07-15T01:44:35Z cache-jnb7027 MEWElogs[390968]: GRAY, 1626313473919578762, JNB, 13
<134>2021-07-15T01:44:37Z cache-hel6829 MEWElogs[390968]: GRAY, 1626313476733164413, HEL, 13
<134>2021-07-15T01:45:01Z cache-lcy19283 MEWElogs[390968]: GRAY, 1626313500758146326, LCY, 13
<134>2021-07-15T01:45:17Z cache-bur17583 MEWElogs[390968]: GRAY, 1626313516738173111, BUR, 13
<134>2021-07-15T01:45:33Z cache-hel6829 MEWElogs[390968]: GRAY, 1626313532338324292, HEL, 13
<134>2021-07-15T01:45:37Z cache-bur17583 MEWElogs[390968]: GRAY, 1626313537751747897, BUR, 13
<134>2021-07-15T01:45:44Z cache-den8274 MEWElogs[390968]: GRAY, 1626313543997380740, DEN, 13
<134>2021-07-15T01:45:48Z cache-jnb7027 MEWElogs[390968]: GRAY, 1626313546882857918, JNB, 13
<134>2021-07-15T01:46:05Z cache-mad22068 MEWElogs[390968]: GRAY, 1626313564479502617, MAD, 13
<134>2021-07-15T01:46:20Z cache-cwb20520 MEWElogs[390968]: GRAY, 1626313579435462499, CWB, 13
<134>2021-07-15T01:46:22Z cache-hel6829 MEWElogs[390968]: GRAY, 1626313581170506140, HEL, 13
<134>2021-07-15T01:46:45Z cache-lcy19283 MEWElogs[390968]: GRAY, 1626313604329413419, LCY, 13
<134>2021-07-15T01:47:00Z cache-jnb7027 MEWElogs[390968]: GRAY, 1626313619683564874, JNB, 13
<134>2021-07-15T01:47:10Z cache-bur17583 MEWElogs[390968]: GRAY, 1626313630150475304, BUR, 13
<134>2021-07-15T01:47:46Z cache-mad22068 MEWElogs[390968]: GRAY, 1626313665773312650, MAD, 13
<134>2021-07-15T01:47:48Z cache-cwb20520 MEWElogs[390968]: GRAY, 1626313667643686050, CWB, 13
<134>2021-07-15T01:48:03Z cache-lcy19283 MEWElogs[390968]: GRAY, 1626313682807387705, LCY, 13
<134>2021-07-15T01:48:07Z cache-lon4249 MEWElogs[390968]: GRAY, 1626313686531750950, LON, 13
<134>2021-07-15T01:48:11Z cache-mad22068 MEWElogs[390968]: GRAY, 1626313690720311518, MAD, 13
<134>2021-07-15T01:48:22Z cache-bur17583 MEWElogs[390968]: GRAY, 1626313702162132193, BUR, 13
<134>2021-07-15T01:48:25Z cache-hel6829 MEWElogs[390968]: GRAY, 1626313704179086719, HEL, 13
<134>2021-07-15T01:48:58Z cache-den8274 MEWElogs[390968]: GRAY, 1626313738757363037, DEN, 13
<134>2021-07-15T01:49:04Z cache-dal21283 MEWElogs[390968]: GRAY, 1626313744475283596, DAL, 13
<134>2021-07-15T01:49:12Z cache-bur17583 MEWElogs[390968]: GRAY, 1626313752141345871, BUR, 13
<134>2021-07-15T01:49:37Z cache-lcy19283 MEWElogs[390968]: GRAY, 1626313776734220786, LCY, 13
<134>2021-07-15T01:49:42Z cache-lcy19283 MEWElogs[390968]: GRAY, 1626313781619178637, LCY, 13
<134>2021-07-15T01:49:57Z cache-iah17271 MEWElogs[390968]: GRAY, 1626313796727368324, IAH, 13
<134>2021-07-15T01:50:13Z cache-lon4249 MEWElogs[390968]: GRAY, 1626313812844190297, LON, 13
<134>2021-07-15T01:50:16Z cache-lcy19283 MEWElogs[390968]: GRAY, 1626313815694239278, LCY, 13
<134>2021-07-15T01:50:21Z cache-lcy19283 MEWElogs[390968]: GRAY, 1626313820490154479, LCY, 13
<134>2021-07-15T01:50:33Z cache-hel6829 MEWElogs[390968]: GRAY, 1626313832511868710, HEL, 13
<134>2021-07-15T01:50:35Z cache-lcy19283 MEWElogs[390968]: GRAY, 1626313835135427366, LCY, 13
<134>2021-07-15T01:50:35Z cache-iah17271 MEWElogs[390968]: GRAY, 1626313834791240985, IAH, 13
<134>2021-07-15T01:50:45Z cache-bur17583 MEWElogs[390968]: GRAY, 1626313844873366182, BUR, 13
<134>2021-07-15T01:50:58Z cache-mad22068 MEWElogs[390968]: GRAY, 1626313857739411332, MAD, 13
<134>2021-07-15T01:51:00Z cache-bur17583 MEWElogs[390968]: GRAY, 1626313859814845802, BUR, 13
<134>2021-07-15T01:51:22Z cache-bur17583 MEWElogs[390968]: GRAY, 1626313881041640795, BUR, 13
<134>2021-07-15T01:51:24Z cache-mad22068 MEWElogs[390968]: GRAY, 1626313884355091160, MAD, 13
<134>2021-07-15T01:52:00Z cache-mad22068 MEWElogs[390968]: GRAY, 1626313919519687474, MAD, 13
