<134>2021-07-15T06:30:59Z cache-fty21383 MEWElogs[39982]: UNSH, 1626330657991244244, FTY, 16
<134>2021-07-15T06:31:26Z cache-dub4329 MEWElogs[39982]: UNSH, 1626330685515627697, DUB, 16
<134>2021-07-15T06:31:33Z cache-del21735 MEWElogs[39982]: UNSH, 1626330692727269124, DEL, 16
<134>2021-07-15T06:31:43Z cache-del21735 MEWElogs[39982]: UNSH, 1626330702156455969, DEL, 16
<134>2021-07-15T06:32:09Z cache-akl10324 MEWElogs[39982]: UNSH, 1626330728310401995, AKL, 16
<134>2021-07-15T06:32:16Z cache-dub4329 MEWElogs[39982]: UNSH, 1626330735212797054, DUB, 16
<134>2021-07-15T06:32:27Z cache-hhn4077 MEWElogs[39982]: UNSH, 1626330746192734389, HHN, 16
<134>2021-07-15T06:32:31Z cache-bos4657 MEWElogs[39982]: UNSH, 1626330750856180824, BOS, 16
<134>2021-07-15T06:33:05Z cache-dfw18678 MEWElogs[39982]: UNSH, 1626330784278254529, DFW, 16
<134>2021-07-15T06:33:16Z cache-bos4657 MEWElogs[39982]: UNSH, 1626330795297253470, BOS, 16
<134>2021-07-15T06:33:48Z cache-akl10324 MEWElogs[39982]: UNSH, 1626330827430565739, AKL, 16
<134>2021-07-15T06:33:49Z cache-hhn4077 MEWElogs[39982]: UNSH, 1626330829201128390, HHN, 16
<134>2021-07-15T06:34:23Z cache-dal21283 MEWElogs[39982]: UNSH, 1626330862799588497, DAL, 16
<134>2021-07-15T06:34:27Z cache-dub4329 MEWElogs[39982]: UNSH, 1626330866427900966, DUB, 16
<134>2021-07-15T06:34:54Z cache-dal21283 MEWElogs[39982]: UNSH, 1626330893582306349, DAL, 16
<134>2021-07-15T06:35:08Z cache-pwk4920 MEWElogs[39982]: UNSH, 1626330907395139545, PWK, 16
<134>2021-07-15T06:35:29Z cache-hhn4077 MEWElogs[39982]: UNSH, 1626330929127906942, HHN, 16
<134>2021-07-15T06:35:36Z cache-chi21126 MEWElogs[39982]: UNSH, 1626330935084979208, CHI, 16
<134>2021-07-15T06:36:16Z cache-hhn4077 MEWElogs[39982]: UNSH, 1626330975383121081, HHN, 16
<134>2021-07-15T06:36:17Z cache-dal21283 MEWElogs[39982]: UNSH, 1626330976458615830, DAL, 16
<134>2021-07-15T06:36:24Z cache-cwb20520 MEWElogs[39982]: UNSH, 1626330983479391209, CWB, 16
<134>2021-07-15T06:36:27Z cache-dal21283 MEWElogs[39982]: UNSH, 1626330986699402851, DAL, 16
<134>2021-07-15T06:36:39Z cache-dub4329 MEWElogs[39982]: UNSH, 1626330998417256593, DUB, 16
<134>2021-07-15T06:36:41Z cache-bos4657 MEWElogs[39982]: UNSH, 1626331000194367300, BOS, 16
<134>2021-07-15T06:36:48Z cache-fty21383 MEWElogs[39982]: UNSH, 1626331007240038636, FTY, 16
<134>2021-07-15T06:37:41Z cache-fty21383 MEWElogs[39982]: UNSH, 1626331060103384224, FTY, 16
<134>2021-07-15T06:38:11Z cache-akl10324 MEWElogs[39982]: UNSH, 1626331091425261486, AKL, 16
<134>2021-07-15T06:38:33Z cache-hhn4077 MEWElogs[39982]: UNSH, 1626331112112071771, HHN, 16
<134>2021-07-15T06:38:41Z cache-dal21283 MEWElogs[39982]: UNSH, 1626331120925553036, DAL, 16
<134>2021-07-15T06:39:08Z cache-hhn4077 MEWElogs[39982]: UNSH, 1626331148789432914, HHN, 16
<134>2021-07-15T06:39:19Z cache-hhn4077 MEWElogs[39982]: UNSH, 1626331158161716427, HHN, 16
<134>2021-07-15T06:39:40Z cache-pwk4920 MEWElogs[39982]: UNSH, 1626331179414191870, PWK, 16
<134>2021-07-15T06:39:42Z cache-cwb20520 MEWElogs[39982]: UNSH, 1626331181518608323, CWB, 16
<134>2021-07-15T06:39:58Z cache-bos4657 MEWElogs[39982]: UNSH, 1626331198182521908, BOS, 16
<134>2021-07-15T06:40:04Z cache-akl10324 MEWElogs[39982]: UNSH, 1626331203622532680, AKL, 16
<134>2021-07-15T06:40:14Z cache-hhn4077 MEWElogs[39982]: UNSH, 1626331214052940477, HHN, 16
