<134>2021-07-15T01:33:46Z cache-fty21383 MEWElogs[318405]: GRAY, 1626312825184851498, FTY, 13
<134>2021-07-15T01:33:57Z cache-dfw18678 MEWElogs[318405]: GRAY, 1626312836831158103, DFW, 13
<134>2021-07-15T01:33:58Z cache-eze19324 MEWElogs[318405]: GRAY, 1626312838743774790, EZE, 13
<134>2021-07-15T01:34:05Z cache-mdw17383 MEWElogs[318405]: GRAY, 1626312845071516916, MDW, 13
<134>2021-07-15T01:34:07Z cache-fty21383 MEWElogs[318405]: GRAY, 1626312846724830473, FTY, 13
<134>2021-07-15T01:34:19Z cache-bos4657 MEWElogs[318405]: GRAY, 1626312859021290994, BOS, 13
<134>2021-07-15T01:34:34Z cache-akl10324 MEWElogs[318405]: GRAY, 1626312873123600686, AKL, 13
<134>2021-07-15T01:34:44Z cache-dfw18678 MEWElogs[318405]: GRAY, 1626312883874370279, DFW, 13
<134>2021-07-15T01:35:10Z cache-cph20625 MEWElogs[318405]: GRAY, 1626312909119161998, CPH, 13
<134>2021-07-15T01:35:27Z cache-fty21383 MEWElogs[318405]: GRAY, 1626312926297094275, FTY, 13
<134>2021-07-15T01:35:48Z cache-fty21383 MEWElogs[318405]: GRAY, 1626312947850766812, FTY, 13
<134>2021-07-15T01:35:59Z cache-del21735 MEWElogs[318405]: GRAY, 1626312958323659648, DEL, 13
<134>2021-07-15T01:36:00Z cache-pwk4920 MEWElogs[318405]: GRAY, 1626312960235236598, PWK, 13
<134>2021-07-15T01:36:45Z cache-del21735 MEWElogs[318405]: GRAY, 1626313004544560211, DEL, 13
<134>2021-07-15T01:36:51Z cache-cph20625 MEWElogs[318405]: GRAY, 1626313010803694166, CPH, 13
<134>2021-07-15T01:36:58Z cache-pwk4920 MEWElogs[318405]: GRAY, 1626313018081163658, PWK, 13
<134>2021-07-15T01:37:25Z cache-bos4657 MEWElogs[318405]: GRAY, 1626313045444884165, BOS, 13
<134>2021-07-15T01:37:39Z cache-akl10324 MEWElogs[318405]: GRAY, 1626313058262385393, AKL, 13
<134>2021-07-15T01:38:07Z cache-akl10324 MEWElogs[318405]: GRAY, 1626313086807428518, AKL, 13
<134>2021-07-15T01:39:03Z cache-hhn4077 MEWElogs[318405]: GRAY, 1626313141989479114, HHN, 13
<134>2021-07-15T01:39:59Z cache-hhn4077 MEWElogs[318405]: GRAY, 1626313198650483157, HHN, 13
<134>2021-07-15T01:40:06Z cache-bos4657 MEWElogs[318405]: GRAY, 1626313205633347804, BOS, 13
<134>2021-07-15T01:40:23Z cache-fty21383 MEWElogs[318405]: GRAY, 1626313222955128876, FTY, 13
<134>2021-07-15T01:40:30Z cache-bos4657 MEWElogs[318405]: GRAY, 1626313230349367200, BOS, 13
<134>2021-07-15T01:40:36Z cache-del21735 MEWElogs[318405]: GRAY, 1626313235020613278, DEL, 13
<134>2021-07-15T01:41:20Z cache-fra19177 MEWElogs[318405]: GRAY, 1626313279031366474, FRA, 13
<134>2021-07-15T01:41:24Z cache-fra19177 MEWElogs[318405]: GRAY, 1626313283785346636, FRA, 13
<134>2021-07-15T01:41:26Z cache-chi21126 MEWElogs[318405]: GRAY, 1626313285233741256, CHI, 13
<134>2021-07-15T01:41:36Z cache-akl10324 MEWElogs[318405]: GRAY, 1626313295475682083, AKL, 13
<134>2021-07-15T01:41:39Z cache-bos4657 MEWElogs[318405]: GRAY, 1626313298835812403, BOS, 13
<134>2021-07-15T01:41:46Z cache-chi21126 MEWElogs[318405]: GRAY, 1626313306178663065, CHI, 13
<134>2021-07-15T01:41:48Z cache-hhn4077 MEWElogs[318405]: GRAY, 1626313307414168678, HHN, 13
<134>2021-07-15T01:41:51Z cache-dfw18678 MEWElogs[318405]: GRAY, 1626313311232669552, DFW, 13
<134>2021-07-15T01:42:16Z cache-fra19177 MEWElogs[318405]: GRAY, 1626313335479427296, FRA, 13
<134>2021-07-15T01:42:28Z cache-hel6829 MEWElogs[318405]: GRAY, 1626313348134498868, HEL, 13
<134>2021-07-15T01:42:32Z cache-del21735 MEWElogs[318405]: GRAY, 1626313351054193913, DEL, 13
<134>2021-07-15T01:42:37Z cache-cwb20520 MEWElogs[318405]: GRAY, 1626313356241552722, CWB, 13
<134>2021-07-15T01:42:53Z cache-hel6829 MEWElogs[318405]: GRAY, 1626313372739696748, HEL, 13
<134>2021-07-15T01:43:03Z cache-pwk4920 MEWElogs[318405]: GRAY, 1626313382157760791, PWK, 13
<134>2021-07-15T01:43:08Z cache-lcy19283 MEWElogs[318405]: GRAY, 1626313388355041676, LCY, 13
<134>2021-07-15T01:43:30Z cache-hel6829 MEWElogs[318405]: GRAY, 1626313409609029796, HEL, 13
<134>2021-07-15T01:43:37Z cache-cwb20520 MEWElogs[318405]: GRAY, 1626313416616576394, CWB, 13
