<134>2021-07-14T17:33:03Z cache-mia11368 MEWElogs[369035]: FLIPH, 1626283982480691653, MIA, 10
<134>2021-07-14T17:33:13Z cache-lax10677 MEWElogs[369035]: FLIPH, 1626283992801582026, LGB, 10
<134>2021-07-14T17:33:31Z cache-yul12826 MEWElogs[369035]: FLIPH, 1626284010796150885, YUL, 10
<134>2021-07-14T17:33:40Z cache-yul12826 MEWElogs[369035]: FLIPH, 1626284020241226721, YUL, 10
<134>2021-07-14T17:33:43Z cache-lga21983 MEWElogs[369035]: FLIPH, 1626284022911506629, LGA, -1
<134>2021-07-14T17:33:44Z cache-ewr18156 MEWElogs[369035]: FLIPH, 1626284023614046098, EWR, 10
<134>2021-07-14T17:33:47Z cache-osl6529 MEWElogs[369035]: FLIPH, 1626284026214975083, OSL, 10
<134>2021-07-14T17:33:54Z cache-lga21983 MEWElogs[369035]: FLIPH, 1626284033171751055, LGA, -1
<134>2021-07-14T17:34:15Z cache-cdg20720 MEWElogs[369035]: FLIPH, 1626284054069685531, CDG, 10
<134>2021-07-14T17:34:18Z cache-yul12826 MEWElogs[369035]: FLIPH, 1626284057663113075, YUL, 10
<134>2021-07-14T17:34:20Z cache-osl6529 MEWElogs[369035]: FLIPH, 1626284059760651567, OSL, -1
<134>2021-07-14T17:34:58Z cache-ewr18156 MEWElogs[369035]: FLIPH, 1626284097968881468, EWR, 10
<134>2021-07-14T17:35:12Z cache-jax20933 MEWElogs[369035]: FLIPH, 1626284112043211484, JAX, -1
<134>2021-07-14T17:35:15Z cache-lga21983 MEWElogs[369035]: FLIPH, 1626284114776400098, LGA, 10
<134>2021-07-14T17:35:16Z cache-gig17035 MEWElogs[369035]: FLIPH, 1626284115047169349, GIG, 10
<134>2021-07-14T17:35:19Z cache-mel11272 MEWElogs[369035]: FLIPH, 1626284118399577960, MEL, 10
<134>2021-07-14T17:35:22Z cache-cdg20720 MEWElogs[369035]: FLIPH, 1626284122029146956, CDG, -1
<134>2021-07-14T17:35:32Z cache-cdg20720 MEWElogs[369035]: FLIPH, 1626284132108915011, CDG, -1
<134>2021-07-14T17:35:38Z cache-yul12826 MEWElogs[369035]: FLIPH, 1626284138371933743, YUL, -1
<134>2021-07-14T17:35:52Z cache-gig17035 MEWElogs[369035]: FLIPH, 1626284151445700745, GIG, 10
<134>2021-07-14T17:35:53Z cache-lax10677 MEWElogs[369035]: FLIPH, 1626284152144925346, LGB, 10
<134>2021-07-14T17:36:01Z cache-jax20933 MEWElogs[369035]: FLIPH, 1626284160072627645, JAX, -1
<134>2021-07-14T17:36:03Z cache-lax10677 MEWElogs[369035]: FLIPH, 1626284162096434753, LGB, 10
<134>2021-07-14T17:36:12Z cache-jax20933 MEWElogs[369035]: FLIPH, 1626284171693900220, JAX, -1
<134>2021-07-14T17:36:12Z cache-gig17035 MEWElogs[369035]: FLIPH, 1626284171868379294, GIG, -1
<134>2021-07-14T17:36:42Z cache-lax10677 MEWElogs[369035]: FLIPH, 1626284202384936242, LGB, 10
<134>2021-07-14T17:36:48Z cache-osl6529 MEWElogs[369035]: FLIPH, 1626284207982459504, OSL, -1
<134>2021-07-14T17:36:52Z cache-osl6529 MEWElogs[369035]: FLIPH, 1626284211149409362, OSL, 10
<134>2021-07-14T17:37:13Z cache-cdg20720 MEWElogs[369035]: FLIPH, 1626284233004825917, CDG, -1
<134>2021-07-14T17:37:14Z cache-man4150 MEWElogs[369035]: FLIPH, 1626284234239579338, MAN, 10
<134>2021-07-14T17:37:15Z cache-gig17035 MEWElogs[369035]: FLIPH, 1626284235037011162, GIG, 10
<134>2021-07-14T17:37:24Z cache-bom4751 MEWElogs[369035]: FLIPH, 1626284243525040987, BOM, -1
<134>2021-07-14T17:37:41Z cache-ewr18156 MEWElogs[369035]: FLIPH, 1626284260939308740, EWR, -1
<134>2021-07-14T17:37:59Z cache-gig17035 MEWElogs[369035]: FLIPH, 1626284279378830349, GIG, -1
<134>2021-07-14T17:38:02Z cache-ewr18156 MEWElogs[369035]: FLIPH, 1626284281967365951, EWR, 10
<134>2021-07-14T17:38:19Z cache-lga21983 MEWElogs[369035]: FLIPH, 1626284299086282350, LGA, -1
<134>2021-07-14T17:38:39Z cache-cdg20720 MEWElogs[369035]: FLIPH, 1626284318481874830, CDG, 10
<134>2021-07-14T17:38:39Z cache-osl6529 MEWElogs[369035]: FLIPH, 1626284318810755963, OSL, -1
<134>2021-07-14T17:38:52Z cache-lax10677 MEWElogs[369035]: FLIPH, 1626284331490512389, LGB, 10
<134>2021-07-14T17:39:01Z cache-osl6529 MEWElogs[369035]: FLIPH, 1626284340761854651, OSL, 10
<134>2021-07-14T17:39:03Z cache-bom4751 MEWElogs[369035]: FLIPH, 1626284342744592248, BOM, -1
<134>2021-07-14T17:39:06Z cache-ewr18156 MEWElogs[369035]: FLIPH, 1626284346622628289, EWR, 10
<134>2021-07-14T17:39:12Z cache-lga21983 MEWElogs[369035]: FLIPH, 1626284351372955579, LGA, 10
<134>2021-07-14T17:39:16Z cache-ewr18156 MEWElogs[369035]: FLIPH, 1626284355939907104, EWR, 10
<134>2021-07-14T17:39:19Z cache-cdg20720 MEWElogs[369035]: FLIPH, 1626284358915384662, CDG, 10
<134>2021-07-14T17:39:28Z cache-gig17035 MEWElogs[369035]: FLIPH, 1626284367616629138, GIG, 10
<134>2021-07-14T17:39:32Z cache-mel11272 MEWElogs[369035]: FLIPH, 1626284371089835798, MEL, -1
<134>2021-07-14T17:39:52Z cache-mel11272 MEWElogs[369035]: FLIPH, 1626284391653276784, MEL, -1
<134>2021-07-14T17:39:53Z cache-bom4751 MEWElogs[369035]: FLIPH, 1626284391944904104, BOM, -1
<134>2021-07-14T17:40:03Z cache-man4150 MEWElogs[369035]: FLIPH, 1626284402856560564, MAN, 10
<134>2021-07-14T17:40:33Z cache-osl6529 MEWElogs[369035]: FLIPH, 1626284432648386194, OSL, 10
<134>2021-07-14T17:40:48Z cache-cdg20720 MEWElogs[369035]: FLIPH, 1626284448249695499, CDG, -1
<134>2021-07-14T17:40:53Z cache-gig17035 MEWElogs[369035]: FLIPH, 1626284452981131333, GIG, 10
<134>2021-07-14T17:40:55Z cache-scl19427 MEWElogs[369035]: FLIPH, 1626284455125126411, SCL, 10
<134>2021-07-14T17:41:02Z cache-gig17035 MEWElogs[369035]: FLIPH, 1626284461691211634, GIG, -1
<134>2021-07-14T17:41:08Z cache-scl19427 MEWElogs[369035]: FLIPH, 1626284467296576769, SCL, 10
<134>2021-07-14T17:41:18Z cache-lga21983 MEWElogs[369035]: FLIPH, 1626284478134112924, LGA, -1
<134>2021-07-14T17:41:20Z cache-scl19427 MEWElogs[369035]: FLIPH, 1626284479265964641, SCL, 10
<134>2021-07-14T17:41:31Z cache-man4150 MEWElogs[369035]: FLIPH, 1626284491030157342, MAN, -1
<134>2021-07-14T17:41:34Z cache-ewr18156 MEWElogs[369035]: FLIPH, 1626284494666871904, EWR, -1
<134>2021-07-14T17:41:45Z cache-mel11272 MEWElogs[369035]: FLIPH, 1626284505759492103, MEL, 10
<134>2021-07-14T17:41:48Z cache-bom4751 MEWElogs[369035]: FLIPH, 1626284507116508922, BOM, -1
<134>2021-07-14T17:41:51Z cache-scl19427 MEWElogs[369035]: FLIPH, 1626284511840578696, SCL, -1
<134>2021-07-14T17:41:59Z cache-man4150 MEWElogs[369035]: FLIPH, 1626284518804215883, MAN, 10
<134>2021-07-14T17:42:08Z cache-bom4751 MEWElogs[369035]: FLIPH, 1626284527435032509, BOM, -1
<134>2021-07-14T17:42:16Z cache-man4150 MEWElogs[369035]: FLIPH, 1626284535655360383, MAN, 10
<134>2021-07-14T17:42:27Z cache-mel11272 MEWElogs[369035]: FLIPH, 1626284546220051018, MEL, 10
<134>2021-07-14T17:42:38Z cache-gig17035 MEWElogs[369035]: FLIPH, 1626284558064524688, GIG, -1
<134>2021-07-14T17:42:49Z cache-bom4751 MEWElogs[369035]: FLIPH, 1626284568985816839, BOM, 10
<134>2021-07-14T17:42:51Z cache-cdg20720 MEWElogs[369035]: FLIPH, 1626284570380352408, CDG, -1
