<134>2021-07-15T04:36:40Z cache-cwb20520 MEWElogs[216063]: ROTATE, 1626323799445220733, CWB, 15
<134>2021-07-15T04:36:46Z cache-pwk4920 MEWElogs[216063]: ROTATE, 1626323805708656661, PWK, 15
<134>2021-07-15T04:37:00Z cache-cwb20520 MEWElogs[216063]: ROTATE, 1626323819152856726, CWB, 15
<134>2021-07-15T04:37:10Z cache-akl10324 MEWElogs[216063]: ROTATE, 1626323829803577574, AKL, 15
<134>2021-07-15T04:38:04Z cache-akl10324 MEWElogs[216063]: ROTATE, 1626323883513888699, AKL, 15
<134>2021-07-15T04:38:12Z cache-iah17271 MEWElogs[216063]: ROTATE, 1626323891844021767, IAH, 15
<134>2021-07-15T04:38:15Z cache-fra19177 MEWElogs[216063]: ROTATE, 1626323894395816223, FRA, 15
<134>2021-07-15T04:38:24Z cache-den8274 MEWElogs[216063]: ROTATE, 1626323904271474658, DEN, 15
<134>2021-07-15T04:38:28Z cache-pwk4920 MEWElogs[216063]: ROTATE, 1626323907129344169, PWK, 15
<134>2021-07-15T04:38:34Z cache-hel6829 MEWElogs[216063]: ROTATE, 1626323913533489006, HEL, 15
<134>2021-07-15T04:38:48Z cache-pwk4920 MEWElogs[216063]: ROTATE, 1626323927548699369, PWK, 15
<134>2021-07-15T04:38:51Z cache-dal21283 MEWElogs[216063]: ROTATE, 1626323930717661030, DAL, 15
<134>2021-07-15T04:38:52Z cache-hel6829 MEWElogs[216063]: ROTATE, 1626323932166657720, HEL, 15
<134>2021-07-15T04:38:58Z cache-pwk4920 MEWElogs[216063]: ROTATE, 1626323937467651536, PWK, 15
<134>2021-07-15T04:39:01Z cache-lcy19283 MEWElogs[216063]: ROTATE, 1626323940839097009, LCY, 15
<134>2021-07-15T04:39:18Z cache-lon4249 MEWElogs[216063]: ROTATE, 1626323957315682418, LON, 15
<134>2021-07-15T04:39:25Z cache-lcy19283 MEWElogs[216063]: ROTATE, 1626323965159634763, LCY, 15
<134>2021-07-15T04:39:35Z cache-fra19177 MEWElogs[216063]: ROTATE, 1626323974726272548, FRA, 15
<134>2021-07-15T04:39:41Z cache-lon4249 MEWElogs[216063]: ROTATE, 1626323980381480941, LON, 15
<134>2021-07-15T04:39:42Z cache-lcy19283 MEWElogs[216063]: ROTATE, 1626323981254753197, LCY, 15
<134>2021-07-15T04:39:58Z cache-hel6829 MEWElogs[216063]: ROTATE, 1626323997592452603, HEL, 15
<134>2021-07-15T04:40:07Z cache-den8274 MEWElogs[216063]: ROTATE, 1626324006484451134, DEN, 15
<134>2021-07-15T04:40:08Z cache-iah17271 MEWElogs[216063]: ROTATE, 1626324007168754644, IAH, 15
<134>2021-07-15T04:40:54Z cache-den8274 MEWElogs[216063]: ROTATE, 1626324053169606513, DEN, 15
<134>2021-07-15T04:41:08Z cache-bur17583 MEWElogs[216063]: ROTATE, 1626324067044379888, BUR, 15
<134>2021-07-15T04:41:29Z cache-mad22068 MEWElogs[216063]: ROTATE, 1626324088232586431, MAD, 15
<134>2021-07-15T04:41:44Z cache-bur17583 MEWElogs[216063]: ROTATE, 1626324103269658719, BUR, 15
<134>2021-07-15T04:41:51Z cache-hel6829 MEWElogs[216063]: ROTATE, 1626324109952045139, HEL, 15
<134>2021-07-15T04:42:17Z cache-den8274 MEWElogs[216063]: ROTATE, 1626324136208573105, DEN, 15
<134>2021-07-15T04:42:23Z cache-lon4249 MEWElogs[216063]: ROTATE, 1626324142963964203, LON, 15
<134>2021-07-15T04:42:28Z cache-mad22068 MEWElogs[216063]: ROTATE, 1626324147222172668, MAD, 15
<134>2021-07-15T04:42:40Z cache-lcy19283 MEWElogs[216063]: ROTATE, 1626324159046498684, LCY, 15
<134>2021-07-15T04:42:44Z cache-bur17583 MEWElogs[216063]: ROTATE, 1626324163941758307, BUR, 15
<134>2021-07-15T04:43:24Z cache-hel6829 MEWElogs[216063]: ROTATE, 1626324203613453919, HEL, 15
<134>2021-07-15T04:44:02Z cache-jnb7027 MEWElogs[216063]: ROTATE, 1626324240996988904, JNB, 15
<134>2021-07-15T04:44:11Z cache-lon4249 MEWElogs[216063]: ROTATE, 1626324250448770720, LON, 15
<134>2021-07-15T04:44:20Z cache-hel6829 MEWElogs[216063]: ROTATE, 1626324259304149696, HEL, 15
<134>2021-07-15T04:44:22Z cache-mad22068 MEWElogs[216063]: ROTATE, 1626324261850275281, MAD, 15
<134>2021-07-15T04:45:03Z cache-mad22068 MEWElogs[216063]: ROTATE, 1626324302416593267, MAD, 15
<134>2021-07-15T04:45:11Z cache-den8274 MEWElogs[216063]: ROTATE, 1626324311190261722, DEN, 15
<134>2021-07-15T04:45:35Z cache-bur17583 MEWElogs[216063]: ROTATE, 1626324334484691337, BUR, 15
<134>2021-07-15T04:45:40Z cache-den8274 MEWElogs[216063]: ROTATE, 1626324339250531490, DEN, 15
<134>2021-07-15T04:45:53Z cache-hel6829 MEWElogs[216063]: ROTATE, 1626324352322504142, HEL, 15
<134>2021-07-15T04:46:25Z cache-den8274 MEWElogs[216063]: ROTATE, 1626324384763596905, DEN, 15
<134>2021-07-15T04:46:31Z cache-hel6829 MEWElogs[216063]: ROTATE, 1626324390071967147, HEL, 15
