<134>2021-07-14T17:13:00Z cache-cwb20520 MEWElogs[370074]: FLIPH, 1626282780068239212, CWB, -1
<134>2021-07-14T17:13:36Z cache-bur17583 MEWElogs[370074]: FLIPH, 1626282815782705777, BUR, -1
<134>2021-07-14T17:13:44Z cache-dal21283 MEWElogs[370074]: FLIPH, 1626282823642172440, DAL, 10
<134>2021-07-14T17:13:50Z cache-den8274 MEWElogs[370074]: FLIPH, 1626282829511376917, DEN, -1
<134>2021-07-14T17:14:20Z cache-den8274 MEWElogs[370074]: FLIPH, 1626282859206872128, DEN, 10
<134>2021-07-14T17:14:40Z cache-lon4249 MEWElogs[370074]: FLIPH, 1626282879774575912, LON, 10
<134>2021-07-14T17:14:43Z cache-mad22068 MEWElogs[370074]: FLIPH, 1626282882414771515, MAD, -1
<134>2021-07-14T17:14:47Z cache-mci5951 MEWElogs[370074]: FLIPH, 1626282886453028949, MCI, -1
<134>2021-07-14T17:14:52Z cache-mad22068 MEWElogs[370074]: FLIPH, 1626282891666372147, MAD, -1
<134>2021-07-14T17:14:55Z cache-iah17271 MEWElogs[370074]: FLIPH, 1626282895113676103, IAH, -1
<134>2021-07-14T17:15:05Z cache-lcy19283 MEWElogs[370074]: FLIPH, 1626282904674883277, LCY, 10
<134>2021-07-14T17:16:17Z cache-mrs10583 MEWElogs[370074]: FLIPH, 1626282976304437355, MRS, -1
<134>2021-07-14T17:16:24Z cache-bur17583 MEWElogs[370074]: FLIPH, 1626282983424409754, BUR, 10
<134>2021-07-14T17:16:30Z cache-bur17583 MEWElogs[370074]: FLIPH, 1626282990592292447, BUR, -1
<134>2021-07-14T17:16:35Z cache-mrs10583 MEWElogs[370074]: FLIPH, 1626282995223105509, MRS, 10
<134>2021-07-14T17:16:51Z cache-bur17583 MEWElogs[370074]: FLIPH, 1626283011320463064, BUR, -1
<134>2021-07-14T17:17:13Z cache-mad22068 MEWElogs[370074]: FLIPH, 1626283033418388087, MAD, -1
<134>2021-07-14T17:17:17Z cache-mad22068 MEWElogs[370074]: FLIPH, 1626283036684305356, MAD, 10
<134>2021-07-14T17:17:27Z cache-jax20933 MEWElogs[370074]: FLIPH, 1626283046977206261, JAX, 10
<134>2021-07-14T17:18:04Z cache-mad22068 MEWElogs[370074]: FLIPH, 1626283084208329821, MAD, 10
<134>2021-07-14T17:18:10Z cache-mia11368 MEWElogs[370074]: FLIPH, 1626283089909999605, MIA, 10
<134>2021-07-14T17:18:11Z cache-mci5951 MEWElogs[370074]: FLIPH, 1626283091490422707, MCI, 10
<134>2021-07-14T17:18:21Z cache-lhr7382 MEWElogs[370074]: FLIPH, 1626283100784395573, LHR, -1
<134>2021-07-14T17:19:14Z cache-mci5951 MEWElogs[370074]: FLIPH, 1626283153320333399, MCI, 10
<134>2021-07-14T17:19:18Z cache-mia11368 MEWElogs[370074]: FLIPH, 1626283158426185772, MIA, -1
<134>2021-07-14T17:19:23Z cache-dal21283 MEWElogs[370074]: FLIPH, 1626283162912181154, DAL, -1
<134>2021-07-14T17:19:34Z cache-dal21283 MEWElogs[370074]: FLIPH, 1626283173934762365, DAL, -1
<134>2021-07-14T17:19:39Z cache-jax20933 MEWElogs[370074]: FLIPH, 1626283178255835878, JAX, 10
<134>2021-07-14T17:19:54Z cache-mci5951 MEWElogs[370074]: FLIPH, 1626283193838461925, MCI, 10
<134>2021-07-14T17:20:08Z cache-dal21283 MEWElogs[370074]: FLIPH, 1626283208042484438, DAL, -1
<134>2021-07-14T17:20:15Z cache-mrs10583 MEWElogs[370074]: FLIPH, 1626283214894853320, MRS, 10
<134>2021-07-14T17:20:41Z cache-mia11368 MEWElogs[370074]: FLIPH, 1626283240316350066, MIA, -1
<134>2021-07-14T17:20:41Z cache-dal21283 MEWElogs[370074]: FLIPH, 1626283241025265978, DAL, -1
<134>2021-07-14T17:21:25Z cache-bur17583 MEWElogs[370074]: FLIPH, 1626283285434182177, BUR, 10
<134>2021-07-14T17:21:27Z cache-mad22068 MEWElogs[370074]: FLIPH, 1626283286652509888, MAD, -1
<134>2021-07-14T17:21:30Z cache-yul12826 MEWElogs[370074]: FLIPH, 1626283289127752455, YUL, -1
<134>2021-07-14T17:21:36Z cache-lhr7382 MEWElogs[370074]: FLIPH, 1626283295560986867, LHR, 10
<134>2021-07-14T17:21:41Z cache-lhr7382 MEWElogs[370074]: FLIPH, 1626283301507359081, LHR, -1
<134>2021-07-14T17:21:45Z cache-mrs10583 MEWElogs[370074]: FLIPH, 1626283304923079200, MRS, 10
<134>2021-07-14T17:22:09Z cache-stp9226 MEWElogs[370074]: FLIPH, 1626283328890727303, STP, 10
<134>2021-07-14T17:22:17Z cache-bur17583 MEWElogs[370074]: FLIPH, 1626283337334440080, BUR, 10
<134>2021-07-14T17:22:21Z cache-lhr7382 MEWElogs[370074]: FLIPH, 1626283340605931529, LHR, 10
<134>2021-07-14T17:22:27Z cache-lhr7382 MEWElogs[370074]: FLIPH, 1626283346762261048, LHR, -1
<134>2021-07-14T17:22:44Z cache-mad22068 MEWElogs[370074]: FLIPH, 1626283363763296991, MAD, -1
<134>2021-07-14T17:22:48Z cache-bur17583 MEWElogs[370074]: FLIPH, 1626283367695986020, BUR, -1
