<134>2021-07-14T23:02:21Z cache-lga21983 MEWElogs[390968]: BLUR, 1626303740707096422, LGA, 11
<134>2021-07-14T23:02:33Z cache-osl6529 MEWElogs[390968]: BLUR, 1626303752639527815, OSL, 11
<134>2021-07-14T23:03:12Z cache-bom4751 MEWElogs[390968]: BLUR, 1626303791322879067, BOM, 11
<134>2021-07-14T23:03:18Z cache-gru17149 MEWElogs[390968]: BLUR, 1626303797038191674, GRU, 11
<134>2021-07-14T23:04:21Z cache-gru17149 MEWElogs[390968]: BLUR, 1626303860056363321, GRU, 11
<134>2021-07-14T23:04:33Z cache-osl6529 MEWElogs[390968]: BLUR, 1626303872264543944, OSL, 11
<134>2021-07-14T23:05:54Z cache-bom4751 MEWElogs[390968]: BLUR, 1626303953239665598, BOM, 11
<134>2021-07-14T23:05:58Z cache-stl4834 MEWElogs[390968]: BLUR, 1626303957388526415, STL, 11
<134>2021-07-14T23:06:08Z cache-cdg20720 MEWElogs[390968]: BLUR, 1626303967104242864, CDG, 11
<134>2021-07-14T23:06:26Z cache-syd10183 MEWElogs[390968]: BLUR, 1626303986488990949, SYD, 11
<134>2021-07-14T23:06:43Z cache-gru17149 MEWElogs[390968]: BLUR, 1626304002769960249, GRU, 11
<134>2021-07-14T23:06:54Z cache-bom4751 MEWElogs[390968]: BLUR, 1626304013483082196, BOM, 11
<134>2021-07-14T23:07:14Z cache-gru17149 MEWElogs[390968]: BLUR, 1626304033836339280, GRU, 11
<134>2021-07-14T23:07:15Z cache-cdg20720 MEWElogs[390968]: BLUR, 1626304034928262590, CDG, 11
<134>2021-07-14T23:07:30Z cache-gru17149 MEWElogs[390968]: BLUR, 1626304049619860222, GRU, 11
<134>2021-07-14T23:08:45Z cache-hnd18722 MEWElogs[390968]: BLUR, 1626304124713587197, HND, 11
<134>2021-07-14T23:09:06Z cache-bom4751 MEWElogs[390968]: BLUR, 1626304145687493357, BOM, 11
<134>2021-07-14T23:09:17Z cache-syd10183 MEWElogs[390968]: BLUR, 1626304156826677488, SYD, 11
<134>2021-07-14T23:09:33Z cache-syd10183 MEWElogs[390968]: BLUR, 1626304173330154446, SYD, 11
<134>2021-07-14T23:09:36Z cache-bom4751 MEWElogs[390968]: BLUR, 1626304175454712663, BOM, 11
<134>2021-07-14T23:09:49Z cache-itm18851 MEWElogs[390968]: BLUR, 1626304189030805201, ITM, 11
<134>2021-07-14T23:09:56Z cache-hnd18722 MEWElogs[390968]: BLUR, 1626304196002202470, HND, 11
<134>2021-07-14T23:10:41Z cache-pao17461 MEWElogs[390968]: BLUR, 1626304240505349805, PAO, 11
<134>2021-07-14T23:10:55Z cache-gig17035 MEWElogs[390968]: BLUR, 1626304254923941175, GIG, 11
<134>2021-07-14T23:11:36Z cache-gig17035 MEWElogs[390968]: BLUR, 1626304296206590357, GIG, 11
<134>2021-07-14T23:11:38Z cache-itm18851 MEWElogs[390968]: BLUR, 1626304297364432076, ITM, 11
<134>2021-07-14T23:11:58Z cache-gig17035 MEWElogs[390968]: BLUR, 1626304317503546991, GIG, 11
