<134>2021-07-15T00:48:51Z cache-jax20933 MEWElogs[216063]: CROP, 1626310130975361407, JAX, 12
<134>2021-07-15T00:48:53Z cache-man4150 MEWElogs[216063]: CROP, 1626310132443334560, MAN, 12
<134>2021-07-15T00:48:58Z cache-stp9226 MEWElogs[216063]: CROP, 1626310137348659663, STP, 12
<134>2021-07-15T00:49:21Z cache-mel11272 MEWElogs[216063]: CROP, 1626310160014251455, MEL, 12
<134>2021-07-15T00:49:32Z cache-lhr7382 MEWElogs[216063]: CROP, 1626310172008619130, LHR, 12
<134>2021-07-15T00:49:36Z cache-mci5951 MEWElogs[216063]: CROP, 1626310175563924712, MCI, 12
<134>2021-07-15T00:49:39Z cache-mel11272 MEWElogs[216063]: CROP, 1626310178313171534, MEL, 12
<134>2021-07-15T00:49:43Z cache-man4150 MEWElogs[216063]: CROP, 1626310182564386687, MAN, 12
<134>2021-07-15T00:49:55Z cache-man4150 MEWElogs[216063]: CROP, 1626310194317201217, MAN, 12
<134>2021-07-15T00:50:00Z cache-lax10677 MEWElogs[216063]: CROP, 1626310199300745559, LGB, 12
<134>2021-07-15T00:50:03Z cache-hkg17929 MEWElogs[216063]: CROP, 1626310203330599376, HKG, 12
<134>2021-07-15T00:50:19Z cache-lhr7382 MEWElogs[216063]: CROP, 1626310218107187144, LHR, 12
<134>2021-07-15T00:50:24Z cache-mia11368 MEWElogs[216063]: CROP, 1626310223592159905, MIA, 12
<134>2021-07-15T00:50:39Z cache-lhr7382 MEWElogs[216063]: CROP, 1626310238092076522, LHR, 12
<134>2021-07-15T00:50:45Z cache-stp9226 MEWElogs[216063]: CROP, 1626310244629436372, STP, 12
<134>2021-07-15T00:50:47Z cache-yul12826 MEWElogs[216063]: CROP, 1626310246176014634, YUL, 12
<134>2021-07-15T00:50:59Z cache-mci5951 MEWElogs[216063]: CROP, 1626310258176599985, MCI, 12
<134>2021-07-15T00:51:09Z cache-lax10677 MEWElogs[216063]: CROP, 1626310269124855001, LGB, 12
<134>2021-07-15T00:51:14Z cache-mia11368 MEWElogs[216063]: CROP, 1626310273636624782, MIA, 12
<134>2021-07-15T00:51:24Z cache-lhr7382 MEWElogs[216063]: CROP, 1626310284436649789, LHR, 12
<134>2021-07-15T00:51:29Z cache-man4150 MEWElogs[216063]: CROP, 1626310288332505129, MAN, 12
<134>2021-07-15T00:52:01Z cache-man4150 MEWElogs[216063]: CROP, 1626310320742932091, MAN, 12
<134>2021-07-15T00:52:03Z cache-mia11368 MEWElogs[216063]: CROP, 1626310323440057589, MIA, 12
<134>2021-07-15T00:52:04Z cache-mci5951 MEWElogs[216063]: CROP, 1626310324405639871, MCI, 12
<134>2021-07-15T00:52:09Z cache-mci5951 MEWElogs[216063]: CROP, 1626310328741290265, MCI, 12
<134>2021-07-15T00:52:13Z cache-yul12826 MEWElogs[216063]: CROP, 1626310333255280734, YUL, 12
<134>2021-07-15T00:52:14Z cache-lax10677 MEWElogs[216063]: CROP, 1626310334304314514, LGB, 12
<134>2021-07-15T00:52:45Z cache-stp9226 MEWElogs[216063]: CROP, 1626310364781457460, STP, 12
<134>2021-07-15T00:52:56Z cache-mci5951 MEWElogs[216063]: CROP, 1626310376351991802, MCI, 12
<134>2021-07-15T00:53:03Z cache-lga21983 MEWElogs[216063]: CROP, 1626310382757948776, LGA, 12
<134>2021-07-15T00:53:04Z cache-man4150 MEWElogs[216063]: CROP, 1626310384467524139, MAN, 12
<134>2021-07-15T00:53:08Z cache-man4150 MEWElogs[216063]: CROP, 1626310387429531166, MAN, 12
<134>2021-07-15T00:53:08Z cache-mia11368 MEWElogs[216063]: CROP, 1626310387873746601, MIA, 12
<134>2021-07-15T00:53:25Z cache-mel11272 MEWElogs[216063]: CROP, 1626310404605922233, MEL, 12
<134>2021-07-15T00:53:26Z cache-mia11368 MEWElogs[216063]: CROP, 1626310406558174361, MIA, 12
<134>2021-07-15T00:53:34Z cache-yul12826 MEWElogs[216063]: CROP, 1626310414592261641, YUL, 12
<134>2021-07-15T00:53:37Z cache-osl6529 MEWElogs[216063]: CROP, 1626310416560347800, OSL, 12
<134>2021-07-15T00:53:39Z cache-lga21983 MEWElogs[216063]: CROP, 1626310419232298070, LGA, 12
<134>2021-07-15T00:53:39Z cache-mci5951 MEWElogs[216063]: CROP, 1626310419103932343, MCI, 12
<134>2021-07-15T00:53:44Z cache-mci5951 MEWElogs[216063]: CROP, 1626310423514777918, MCI, 12
<134>2021-07-15T00:53:47Z cache-mci5951 MEWElogs[216063]: CROP, 1626310427875099246, MCI, 12
<134>2021-07-15T00:53:50Z cache-yul12826 MEWElogs[216063]: CROP, 1626310429734355699, YUL, 12
<134>2021-07-15T00:53:50Z cache-mia11368 MEWElogs[216063]: CROP, 1626310429920210225, MIA, 12
<134>2021-07-15T00:54:02Z cache-ewr18156 MEWElogs[216063]: CROP, 1626310441340710617, EWR, 12
<134>2021-07-15T00:54:12Z cache-lga21983 MEWElogs[216063]: CROP, 1626310451594807146, LGA, 12
<134>2021-07-15T00:54:17Z cache-jax20933 MEWElogs[216063]: CROP, 1626310456615900195, JAX, 12
<134>2021-07-15T00:54:24Z cache-lga21983 MEWElogs[216063]: CROP, 1626310463293919656, LGA, 12
<134>2021-07-15T00:54:37Z cache-osl6529 MEWElogs[216063]: CROP, 1626310476425636057, OSL, 12
<134>2021-07-15T00:54:55Z cache-ewr18156 MEWElogs[216063]: CROP, 1626310494742639960, EWR, 12
<134>2021-07-15T00:55:00Z cache-osl6529 MEWElogs[216063]: CROP, 1626310499076988571, OSL, 12
<134>2021-07-15T00:55:02Z cache-osl6529 MEWElogs[216063]: CROP, 1626310501911837829, OSL, 12
<134>2021-07-15T00:55:07Z cache-mel11272 MEWElogs[216063]: CROP, 1626310506366493303, MEL, 12
<134>2021-07-15T00:55:13Z cache-jax20933 MEWElogs[216063]: CROP, 1626310512581849878, JAX, 12
<134>2021-07-15T00:55:22Z cache-ewr18156 MEWElogs[216063]: CROP, 1626310521453422353, EWR, 12
<134>2021-07-15T00:55:29Z cache-scl19427 MEWElogs[216063]: CROP, 1626310529727639583, SCL, 12
<134>2021-07-15T00:55:30Z cache-lax10677 MEWElogs[216063]: CROP, 1626310529158360735, LGB, 12
<134>2021-07-15T00:55:30Z cache-mel11272 MEWElogs[216063]: CROP, 1626310529650634130, MEL, 12
<134>2021-07-15T00:55:36Z cache-lga21983 MEWElogs[216063]: CROP, 1626310536713411572, LGA, 12
<134>2021-07-15T00:55:44Z cache-ewr18156 MEWElogs[216063]: CROP, 1626310544029426535, EWR, 12
<134>2021-07-15T00:55:44Z cache-jax20933 MEWElogs[216063]: CROP, 1626310543957930152, JAX, 12
<134>2021-07-15T00:55:45Z cache-osl6529 MEWElogs[216063]: CROP, 1626310544825859596, OSL, 12
<134>2021-07-15T00:55:50Z cache-jax20933 MEWElogs[216063]: CROP, 1626310550045908339, JAX, 12
<134>2021-07-15T00:55:55Z cache-ewr18156 MEWElogs[216063]: CROP, 1626310555160434390, EWR, 12
<134>2021-07-15T00:56:14Z cache-gru17149 MEWElogs[216063]: CROP, 1626310573916556591, GRU, 12
<134>2021-07-15T00:56:15Z cache-ewr18156 MEWElogs[216063]: CROP, 1626310574323432936, EWR, 12
<134>2021-07-15T00:56:22Z cache-ewr18156 MEWElogs[216063]: CROP, 1626310581868747720, EWR, 12
<134>2021-07-15T00:56:23Z cache-osl6529 MEWElogs[216063]: CROP, 1626310582188360133, OSL, 12
<134>2021-07-15T00:56:26Z cache-lax10677 MEWElogs[216063]: CROP, 1626310585419521411, LGB, 12
<134>2021-07-15T00:56:37Z cache-lga21983 MEWElogs[216063]: CROP, 1626310596977378540, LGA, 12
<134>2021-07-15T00:56:39Z cache-gru17149 MEWElogs[216063]: CROP, 1626310598255301616, GRU, 12
<134>2021-07-15T00:56:39Z cache-scl19427 MEWElogs[216063]: CROP, 1626310599009235707, SCL, 12
<134>2021-07-15T00:56:39Z cache-gig17035 MEWElogs[216063]: CROP, 1626310598768030847, GIG, 12
<134>2021-07-15T00:56:45Z cache-osl6529 MEWElogs[216063]: CROP, 1626310604902641235, OSL, 12
<134>2021-07-15T00:56:51Z cache-yul12826 MEWElogs[216063]: CROP, 1626310610943038768, YUL, 12
<134>2021-07-15T00:56:54Z cache-osl6529 MEWElogs[216063]: CROP, 1626310613520600418, OSL, 12
<134>2021-07-15T00:56:55Z cache-scl19427 MEWElogs[216063]: CROP, 1626310614850820695, SCL, 12
<134>2021-07-15T00:57:01Z cache-stl4834 MEWElogs[216063]: CROP, 1626310621282661419, STL, 12
<134>2021-07-15T00:57:05Z cache-gig17035 MEWElogs[216063]: CROP, 1626310624954317372, GIG, 12
<134>2021-07-15T00:57:16Z cache-gru17149 MEWElogs[216063]: CROP, 1626310635484159676, GRU, 12
<134>2021-07-15T00:57:20Z cache-syd10183 MEWElogs[216063]: CROP, 1626310640076753353, SYD, 12
<134>2021-07-15T00:57:22Z cache-scl19427 MEWElogs[216063]: CROP, 1626310641552627615, SCL, 12
<134>2021-07-15T00:57:31Z cache-gig17035 MEWElogs[216063]: CROP, 1626310650697979827, GIG, 12
<134>2021-07-15T00:57:31Z cache-osl6529 MEWElogs[216063]: CROP, 1626310650791651052, OSL, 12
<134>2021-07-15T00:57:43Z cache-scl19427 MEWElogs[216063]: CROP, 1626310662741567276, SCL, 12
<134>2021-07-15T00:57:48Z cache-bom4751 MEWElogs[216063]: CROP, 1626310667856145772, BOM, 12
<134>2021-07-15T00:57:51Z cache-osl6529 MEWElogs[216063]: CROP, 1626310670767854615, OSL, 12
<134>2021-07-15T00:58:00Z cache-osl6529 MEWElogs[216063]: CROP, 1626310679327712463, OSL, 12
<134>2021-07-15T00:58:02Z cache-gig17035 MEWElogs[216063]: CROP, 1626310681950591819, GIG, 12
<134>2021-07-15T00:58:03Z cache-jax20933 MEWElogs[216063]: CROP, 1626310683853533482, JAX, 12
<134>2021-07-15T00:58:03Z cache-scl19427 MEWElogs[216063]: CROP, 1626310683805081988, SCL, 12
<134>2021-07-15T00:58:05Z cache-stl4834 MEWElogs[216063]: CROP, 1626310684415179426, STL, 12
<134>2021-07-15T00:58:11Z cache-osl6529 MEWElogs[216063]: CROP, 1626310690716285228, OSL, 12
<134>2021-07-15T00:58:18Z cache-syd10183 MEWElogs[216063]: CROP, 1626310697058213949, SYD, 12
<134>2021-07-15T00:58:25Z cache-stl4834 MEWElogs[216063]: CROP, 1626310705470579138, STL, 12
<134>2021-07-15T00:58:28Z cache-gig17035 MEWElogs[216063]: CROP, 1626310707769632662, GIG, 12
<134>2021-07-15T00:58:30Z cache-stl4834 MEWElogs[216063]: CROP, 1626310709623138487, STL, 12
<134>2021-07-15T00:58:40Z cache-bom4751 MEWElogs[216063]: CROP, 1626310719213734709, BOM, 12
<134>2021-07-15T00:58:44Z cache-ewr18156 MEWElogs[216063]: CROP, 1626310723463107545, EWR, 12
