<134>2021-07-14T17:32:12Z cache-mia11368 MEWElogs[216063]: FLIPH, 1626283931995725240, MIA, 10
<134>2021-07-14T17:32:13Z cache-jax20933 MEWElogs[216063]: FLIPH, 1626283932104158492, JAX, -1
<134>2021-07-14T17:32:16Z cache-mel11272 MEWElogs[216063]: FLIPH, 1626283935191762659, MEL, 10
<134>2021-07-14T17:32:18Z cache-mia11368 MEWElogs[216063]: FLIPH, 1626283938763999751, MIA, -1
<134>2021-07-14T17:32:20Z cache-osl6529 MEWElogs[216063]: FLIPH, 1626283939786792683, OSL, -1
<134>2021-07-14T17:32:39Z cache-osl6529 MEWElogs[216063]: FLIPH, 1626283958693789397, OSL, -1
<134>2021-07-14T17:32:43Z cache-lax10677 MEWElogs[216063]: FLIPH, 1626283962677869038, LGB, 10
<134>2021-07-14T17:32:43Z cache-lga21983 MEWElogs[216063]: FLIPH, 1626283963480797089, LGA, -1
<134>2021-07-14T17:32:49Z cache-jax20933 MEWElogs[216063]: FLIPH, 1626283968656209167, JAX, -1
<134>2021-07-14T17:32:57Z cache-ewr18156 MEWElogs[216063]: FLIPH, 1626283977923158827, EWR, 10
<134>2021-07-14T17:32:59Z cache-yul12826 MEWElogs[216063]: FLIPH, 1626283979239690622, YUL, -1
<134>2021-07-14T17:33:02Z cache-lax10677 MEWElogs[216063]: FLIPH, 1626283982606022366, LGB, 10
<134>2021-07-14T17:33:03Z cache-yul12826 MEWElogs[216063]: FLIPH, 1626283982266203803, YUL, 10
<134>2021-07-14T17:33:10Z cache-man4150 MEWElogs[216063]: FLIPH, 1626283989540365996, MAN, -1
<134>2021-07-14T17:33:12Z cache-cdg20720 MEWElogs[216063]: FLIPH, 1626283992428686197, CDG, 10
<134>2021-07-14T17:33:19Z cache-osl6529 MEWElogs[216063]: FLIPH, 1626283998822800600, OSL, 10
<134>2021-07-14T17:33:21Z cache-yul12826 MEWElogs[216063]: FLIPH, 1626284001019326378, YUL, 10
<134>2021-07-14T17:33:28Z cache-jax20933 MEWElogs[216063]: FLIPH, 1626284008752444906, JAX, 10
<134>2021-07-14T17:33:35Z cache-mel11272 MEWElogs[216063]: FLIPH, 1626284014370905268, MEL, -1
<134>2021-07-14T17:33:38Z cache-mel11272 MEWElogs[216063]: FLIPH, 1626284016886423360, MEL, 10
<134>2021-07-14T17:33:39Z cache-man4150 MEWElogs[216063]: FLIPH, 1626284018036882521, MAN, 10
<134>2021-07-14T17:33:41Z cache-lax10677 MEWElogs[216063]: FLIPH, 1626284020019836594, LGB, -1
<134>2021-07-14T17:33:45Z cache-mel11272 MEWElogs[216063]: FLIPH, 1626284024411269274, MEL, -1
<134>2021-07-14T17:33:46Z cache-yul12826 MEWElogs[216063]: FLIPH, 1626284026631421764, YUL, -1
<134>2021-07-14T17:33:49Z cache-jax20933 MEWElogs[216063]: FLIPH, 1626284028531310503, JAX, -1
<134>2021-07-14T17:33:52Z cache-osl6529 MEWElogs[216063]: FLIPH, 1626284032214142886, OSL, -1
<134>2021-07-14T17:34:08Z cache-ewr18156 MEWElogs[216063]: FLIPH, 1626284048288357631, EWR, -1
<134>2021-07-14T17:34:20Z cache-lax10677 MEWElogs[216063]: FLIPH, 1626284059899440435, LGB, -1
<134>2021-07-14T17:34:35Z cache-cdg20720 MEWElogs[216063]: FLIPH, 1626284074481760711, CDG, 10
<134>2021-07-14T17:34:36Z cache-jax20933 MEWElogs[216063]: FLIPH, 1626284076312037633, JAX, -1
<134>2021-07-14T17:34:43Z cache-yul12826 MEWElogs[216063]: FLIPH, 1626284082518728439, YUL, -1
<134>2021-07-14T17:34:48Z cache-gig17035 MEWElogs[216063]: FLIPH, 1626284087416925924, GIG, -1
<134>2021-07-14T17:34:59Z cache-mel11272 MEWElogs[216063]: FLIPH, 1626284098052865311, MEL, 10
<134>2021-07-14T17:35:03Z cache-gig17035 MEWElogs[216063]: FLIPH, 1626284102832367693, GIG, 10
<134>2021-07-14T17:35:22Z cache-lga21983 MEWElogs[216063]: FLIPH, 1626284121516766411, LGA, -1
<134>2021-07-14T17:35:27Z cache-gig17035 MEWElogs[216063]: FLIPH, 1626284127101312251, GIG, 10
<134>2021-07-14T17:35:29Z cache-osl6529 MEWElogs[216063]: FLIPH, 1626284128086054016, OSL, 10
<134>2021-07-14T17:35:29Z cache-mel11272 MEWElogs[216063]: FLIPH, 1626284128584141401, MEL, 10
<134>2021-07-14T17:35:36Z cache-ewr18156 MEWElogs[216063]: FLIPH, 1626284135436020799, EWR, 10
<134>2021-07-14T17:35:46Z cache-osl6529 MEWElogs[216063]: FLIPH, 1626284146444122098, OSL, 10
<134>2021-07-14T17:35:59Z cache-ewr18156 MEWElogs[216063]: FLIPH, 1626284159732612804, EWR, -1
<134>2021-07-14T17:36:02Z cache-lga21983 MEWElogs[216063]: FLIPH, 1626284161047835266, LGA, -1
<134>2021-07-14T17:36:14Z cache-man4150 MEWElogs[216063]: FLIPH, 1626284174499328225, MAN, -1
<134>2021-07-14T17:36:19Z cache-lax10677 MEWElogs[216063]: FLIPH, 1626284179234857204, LGB, -1
<134>2021-07-14T17:36:26Z cache-man4150 MEWElogs[216063]: FLIPH, 1626284185324820991, MAN, 10
<134>2021-07-14T17:36:31Z cache-mel11272 MEWElogs[216063]: FLIPH, 1626284190256219170, MEL, 10
<134>2021-07-14T17:37:03Z cache-gig17035 MEWElogs[216063]: FLIPH, 1626284223069211392, GIG, 10
<134>2021-07-14T17:37:12Z cache-mel11272 MEWElogs[216063]: FLIPH, 1626284230998843164, MEL, 10
<134>2021-07-14T17:37:35Z cache-bom4751 MEWElogs[216063]: FLIPH, 1626284253939897036, BOM, -1
<134>2021-07-14T17:37:52Z cache-lax10677 MEWElogs[216063]: FLIPH, 1626284271741530176, LGB, 10
<134>2021-07-14T17:38:04Z cache-man4150 MEWElogs[216063]: FLIPH, 1626284283010689744, MAN, -1
<134>2021-07-14T17:38:16Z cache-bom4751 MEWElogs[216063]: FLIPH, 1626284296256607693, BOM, 10
<134>2021-07-14T17:38:20Z cache-mel11272 MEWElogs[216063]: FLIPH, 1626284299252724091, MEL, -1
<134>2021-07-14T17:38:25Z cache-cdg20720 MEWElogs[216063]: FLIPH, 1626284305305110443, CDG, -1
<134>2021-07-14T17:38:25Z cache-scl19427 MEWElogs[216063]: FLIPH, 1626284305711068075, SCL, -1
<134>2021-07-14T17:38:29Z cache-cdg20720 MEWElogs[216063]: FLIPH, 1626284308588054493, CDG, 10
<134>2021-07-14T17:38:32Z cache-mel11272 MEWElogs[216063]: FLIPH, 1626284312201844599, MEL, 10
<134>2021-07-14T17:38:46Z cache-ewr18156 MEWElogs[216063]: FLIPH, 1626284325313573858, EWR, -1
<134>2021-07-14T17:38:51Z cache-mel11272 MEWElogs[216063]: FLIPH, 1626284329970140958, MEL, -1
<134>2021-07-14T17:38:54Z cache-bom4751 MEWElogs[216063]: FLIPH, 1626284332914828901, BOM, -1
<134>2021-07-14T17:38:56Z cache-bom4751 MEWElogs[216063]: FLIPH, 1626284335673820270, BOM, 10
<134>2021-07-14T17:39:02Z cache-man4150 MEWElogs[216063]: FLIPH, 1626284341929858916, MAN, -1
<134>2021-07-14T17:39:05Z cache-bom4751 MEWElogs[216063]: FLIPH, 1626284345573716281, BOM, 10
<134>2021-07-14T17:39:07Z cache-osl6529 MEWElogs[216063]: FLIPH, 1626284346856363912, OSL, -1
<134>2021-07-14T17:39:10Z cache-osl6529 MEWElogs[216063]: FLIPH, 1626284350105778524, OSL, 10
<134>2021-07-14T17:39:29Z cache-cdg20720 MEWElogs[216063]: FLIPH, 1626284369121980380, CDG, 10
<134>2021-07-14T17:39:44Z cache-ewr18156 MEWElogs[216063]: FLIPH, 1626284383975690040, EWR, 10
<134>2021-07-14T17:40:02Z cache-mel11272 MEWElogs[216063]: FLIPH, 1626284401506412133, MEL, -1
<134>2021-07-14T17:40:03Z cache-gig17035 MEWElogs[216063]: FLIPH, 1626284403748006709, GIG, 10
<134>2021-07-14T17:40:08Z cache-lga21983 MEWElogs[216063]: FLIPH, 1626284407834579172, LGA, -1
<134>2021-07-14T17:40:21Z cache-osl6529 MEWElogs[216063]: FLIPH, 1626284420452403975, OSL, -1
<134>2021-07-14T17:40:28Z cache-gru17149 MEWElogs[216063]: FLIPH, 1626284426982050238, GRU, -1
<134>2021-07-14T17:40:42Z cache-lga21983 MEWElogs[216063]: FLIPH, 1626284441627795084, LGA, 10
<134>2021-07-14T17:40:51Z cache-osl6529 MEWElogs[216063]: FLIPH, 1626284450845509568, OSL, 10
<134>2021-07-14T17:40:58Z cache-lga21983 MEWElogs[216063]: FLIPH, 1626284458126200983, LGA, -1
<134>2021-07-14T17:41:17Z cache-gig17035 MEWElogs[216063]: FLIPH, 1626284477276064224, GIG, 10
<134>2021-07-14T17:41:23Z cache-man4150 MEWElogs[216063]: FLIPH, 1626284482946024106, MAN, -1
<134>2021-07-14T17:41:25Z cache-gru17149 MEWElogs[216063]: FLIPH, 1626284484657942834, GRU, -1
<134>2021-07-14T17:41:34Z cache-man4150 MEWElogs[216063]: FLIPH, 1626284493866778559, MAN, 10
<134>2021-07-14T17:41:35Z cache-osl6529 MEWElogs[216063]: FLIPH, 1626284494379670378, OSL, -1
<134>2021-07-14T17:41:36Z cache-mel11272 MEWElogs[216063]: FLIPH, 1626284495538467341, MEL, 10
<134>2021-07-14T17:41:56Z cache-scl19427 MEWElogs[216063]: FLIPH, 1626284515245920164, SCL, 10
<134>2021-07-14T17:41:56Z cache-man4150 MEWElogs[216063]: FLIPH, 1626284515988666713, MAN, -1
