<134>2021-07-15T04:27:26Z cache-del21735 MEWElogs[412844]: ROTATE, 1626323246244862907, DEL, 15
<134>2021-07-15T04:28:04Z cache-cwb20520 MEWElogs[412844]: ROTATE, 1626323283813022097, CWB, 15
<134>2021-07-15T04:28:08Z cache-hhn4077 MEWElogs[412844]: ROTATE, 1626323288192420959, HHN, 15
<134>2021-07-15T04:28:17Z cache-hhn4077 MEWElogs[412844]: ROTATE, 1626323296387748970, HHN, 15
<134>2021-07-15T04:28:24Z cache-cwb20520 MEWElogs[412844]: ROTATE, 1626323303837345332, CWB, 15
<134>2021-07-15T04:28:25Z cache-bos4657 MEWElogs[412844]: ROTATE, 1626323304623191525, BOS, 15
<134>2021-07-15T04:28:29Z cache-pwk4920 MEWElogs[412844]: ROTATE, 1626323309197380746, PWK, 15
<134>2021-07-15T04:28:41Z cache-hhn4077 MEWElogs[412844]: ROTATE, 1626323320817528657, HHN, 15
<134>2021-07-15T04:28:58Z cache-hhn4077 MEWElogs[412844]: ROTATE, 1626323337094605535, HHN, 15
<134>2021-07-15T04:29:34Z cache-akl10324 MEWElogs[412844]: ROTATE, 1626323374437463829, AKL, 15
<134>2021-07-15T04:29:56Z cache-fty21383 MEWElogs[412844]: ROTATE, 1626323395686184312, FTY, 15
<134>2021-07-15T04:29:56Z cache-akl10324 MEWElogs[412844]: ROTATE, 1626323395601384630, AKL, 15
<134>2021-07-15T04:30:27Z cache-hhn4077 MEWElogs[412844]: ROTATE, 1626323426624513126, HHN, 15
<134>2021-07-15T04:30:35Z cache-hhn4077 MEWElogs[412844]: ROTATE, 1626323434553516988, HHN, 15
<134>2021-07-15T04:31:03Z cache-fty21383 MEWElogs[412844]: ROTATE, 1626323462214704825, FTY, 15
<134>2021-07-15T04:31:06Z cache-del21735 MEWElogs[412844]: ROTATE, 1626323465333079206, DEL, 15
<134>2021-07-15T04:31:29Z cache-akl10324 MEWElogs[412844]: ROTATE, 1626323489628321697, AKL, 15
<134>2021-07-15T04:32:06Z cache-bos4657 MEWElogs[412844]: ROTATE, 1626323525185471041, BOS, 15
<134>2021-07-15T04:32:15Z cache-bos4657 MEWElogs[412844]: ROTATE, 1626323534940625586, BOS, 15
<134>2021-07-15T04:32:16Z cache-dub4329 MEWElogs[412844]: ROTATE, 1626323535493329390, DUB, 15
<134>2021-07-15T04:32:39Z cache-dub4329 MEWElogs[412844]: ROTATE, 1626323558761272350, DUB, 15
<134>2021-07-15T04:33:22Z cache-pwk4920 MEWElogs[412844]: ROTATE, 1626323602590654800, PWK, 15
<134>2021-07-15T04:34:13Z cache-dub4329 MEWElogs[412844]: ROTATE, 1626323652037802019, DUB, 15
<134>2021-07-15T04:34:31Z cache-akl10324 MEWElogs[412844]: ROTATE, 1626323670125058795, AKL, 15
<134>2021-07-15T04:34:36Z cache-hhn4077 MEWElogs[412844]: ROTATE, 1626323676059884442, HHN, 15
<134>2021-07-15T04:35:09Z cache-bos4657 MEWElogs[412844]: ROTATE, 1626323708385733269, BOS, 15
<134>2021-07-15T04:35:30Z cache-del21735 MEWElogs[412844]: ROTATE, 1626323729204245091, DEL, 15
<134>2021-07-15T04:35:39Z cache-fty21383 MEWElogs[412844]: ROTATE, 1626323738686010871, FTY, 15
<134>2021-07-15T04:35:41Z cache-cwb20520 MEWElogs[412844]: ROTATE, 1626323740297406827, CWB, 15
<134>2021-07-15T04:35:59Z cache-chi21126 MEWElogs[412844]: ROTATE, 1626323758911098905, CHI, 15
<134>2021-07-15T04:36:04Z cache-bos4657 MEWElogs[412844]: ROTATE, 1626323763674144396, BOS, 15
<134>2021-07-15T04:36:15Z cache-pwk4920 MEWElogs[412844]: ROTATE, 1626323774877069313, PWK, 15
<134>2021-07-15T04:36:25Z cache-pwk4920 MEWElogs[412844]: ROTATE, 1626323784955293281, PWK, 15
<134>2021-07-15T04:36:40Z cache-bos4657 MEWElogs[412844]: ROTATE, 1626323800174072263, BOS, 15
<134>2021-07-15T04:36:49Z cache-akl10324 MEWElogs[412844]: ROTATE, 1626323808231938971, AKL, 15
<134>2021-07-15T04:36:50Z cache-chi21126 MEWElogs[412844]: ROTATE, 1626323809912255179, CHI, 15
<134>2021-07-15T04:36:56Z cache-pwk4920 MEWElogs[412844]: ROTATE, 1626323815790523702, PWK, 15
<134>2021-07-15T04:37:09Z cache-dfw18678 MEWElogs[412844]: ROTATE, 1626323828958361595, DFW, 15
<134>2021-07-15T04:37:11Z cache-hel6829 MEWElogs[412844]: ROTATE, 1626323829962504907, HEL, 15
