<134>2021-07-15T04:57:46Z cache-stp9226 MEWElogs[369035]: ROTATE, 1626325065201166077, STP, 15
<134>2021-07-15T04:58:11Z cache-ewr18156 MEWElogs[369035]: ROTATE, 1626325090794383749, EWR, 15
<134>2021-07-15T04:58:55Z cache-lga21983 MEWElogs[369035]: ROTATE, 1626325134433716951, LGA, 15
<134>2021-07-15T04:59:12Z cache-lhr7382 MEWElogs[369035]: ROTATE, 1626325151517448277, LHR, 15
<134>2021-07-15T05:00:15Z cache-lhr7382 MEWElogs[369035]: ROTATE, 1626325214778364404, LHR, 15
<134>2021-07-15T05:01:07Z cache-man4150 MEWElogs[369035]: ROTATE, 1626325267059531050, MAN, 15
<134>2021-07-15T05:01:08Z cache-mrs10583 MEWElogs[369035]: ROTATE, 1626325267010080916, MRS, 15
<134>2021-07-15T05:01:10Z cache-lhr7382 MEWElogs[369035]: ROTATE, 1626325270608923324, LHR, 15
<134>2021-07-15T05:01:16Z cache-man4150 MEWElogs[369035]: ROTATE, 1626325274951240276, MAN, 15
<134>2021-07-15T05:01:45Z cache-stp9226 MEWElogs[369035]: ROTATE, 1626325304090786568, STP, 15
<134>2021-07-15T05:02:23Z cache-mci5951 MEWElogs[369035]: ROTATE, 1626325342772550771, MCI, 15
<134>2021-07-15T05:02:26Z cache-lax10677 MEWElogs[369035]: ROTATE, 1626325345513913708, LGB, 15
<134>2021-07-15T05:02:33Z cache-ewr18156 MEWElogs[369035]: ROTATE, 1626325352264222388, EWR, 15
<134>2021-07-15T05:03:11Z cache-stp9226 MEWElogs[369035]: ROTATE, 1626325390585408763, STP, 15
<134>2021-07-15T05:03:36Z cache-ewr18156 MEWElogs[369035]: ROTATE, 1626325414995875626, EWR, 15
<134>2021-07-15T05:03:47Z cache-lax10677 MEWElogs[369035]: ROTATE, 1626325427581457948, LGB, 15
<134>2021-07-15T05:03:52Z cache-man4150 MEWElogs[369035]: ROTATE, 1626325431381414045, MAN, 15
<134>2021-07-15T05:03:57Z cache-mel11272 MEWElogs[369035]: ROTATE, 1626325437130580624, MEL, 15
<134>2021-07-15T05:04:21Z cache-yul12826 MEWElogs[369035]: ROTATE, 1626325460817780346, YUL, 15
<134>2021-07-15T05:04:33Z cache-hkg17929 MEWElogs[369035]: ROTATE, 1626325472765857314, HKG, 15
<134>2021-07-15T05:04:38Z cache-stp9226 MEWElogs[369035]: ROTATE, 1626325477649097496, STP, 15
<134>2021-07-15T05:04:46Z cache-man4150 MEWElogs[369035]: ROTATE, 1626325485138821381, MAN, 15
<134>2021-07-15T05:04:53Z cache-man4150 MEWElogs[369035]: ROTATE, 1626325492946935769, MAN, 15
<134>2021-07-15T05:04:59Z cache-mci5951 MEWElogs[369035]: ROTATE, 1626325498023840157, MCI, 15
<134>2021-07-15T05:05:11Z cache-stp9226 MEWElogs[369035]: ROTATE, 1626325509993908715, STP, 15
<134>2021-07-15T05:05:40Z cache-osl6529 MEWElogs[369035]: ROTATE, 1626325539266545433, OSL, 15
<134>2021-07-15T05:05:42Z cache-lga21983 MEWElogs[369035]: ROTATE, 1626325541592982331, LGA, 15
<134>2021-07-15T05:06:05Z cache-hkg17929 MEWElogs[369035]: ROTATE, 1626325564415380624, HKG, 15
<134>2021-07-15T05:06:11Z cache-osl6529 MEWElogs[369035]: ROTATE, 1626325570457545383, OSL, 15
<134>2021-07-15T05:06:23Z cache-lax10677 MEWElogs[369035]: ROTATE, 1626325583096863573, LGB, 15
<134>2021-07-15T05:06:38Z cache-stp9226 MEWElogs[369035]: ROTATE, 1626325597572752648, STP, 15
<134>2021-07-15T05:06:58Z cache-ewr18156 MEWElogs[369035]: ROTATE, 1626325617919791618, EWR, 15
<134>2021-07-15T05:07:00Z cache-stp9226 MEWElogs[369035]: ROTATE, 1626325619556822819, STP, 15
<134>2021-07-15T05:07:21Z cache-osl6529 MEWElogs[369035]: ROTATE, 1626325640617540940, OSL, 15
<134>2021-07-15T05:07:22Z cache-man4150 MEWElogs[369035]: ROTATE, 1626325641038921712, MAN, 15
<134>2021-07-15T05:07:22Z cache-stp9226 MEWElogs[369035]: ROTATE, 1626325641196895285, STP, 15
<134>2021-07-15T05:07:22Z cache-lax10677 MEWElogs[369035]: ROTATE, 1626325642302654191, LGB, 15
<134>2021-07-15T05:07:36Z cache-ewr18156 MEWElogs[369035]: ROTATE, 1626325655371830359, EWR, 15
