<134>2021-07-15T00:28:45Z cache-maa10251 MEWElogs[318405]: CROP, 1626308923917133648, MAA, 12
<134>2021-07-15T00:28:56Z cache-maa10251 MEWElogs[318405]: CROP, 1626308935090489589, MAA, 12
<134>2021-07-15T00:29:03Z cache-mdw17383 MEWElogs[318405]: CROP, 1626308942865684541, MDW, 12
<134>2021-07-15T00:29:10Z cache-ams21020 MEWElogs[318405]: CROP, 1626308950238784783, AMS, 12
<134>2021-07-15T00:29:22Z cache-bog6425 MEWElogs[318405]: CROP, 1626308962737601266, BOG, 12
<134>2021-07-15T00:29:39Z cache-eze19324 MEWElogs[318405]: CROP, 1626308978245098218, EZE, 12
<134>2021-07-15T00:29:48Z cache-ams21020 MEWElogs[318405]: CROP, 1626308987032603371, AMS, 12
<134>2021-07-15T00:30:31Z cache-ams21020 MEWElogs[318405]: CROP, 1626309031346380862, AMS, 12
<134>2021-07-15T00:30:58Z cache-wdc5583 MEWElogs[318405]: CROP, 1626309057363142410, WDC, 12
<134>2021-07-15T00:31:13Z cache-eze19324 MEWElogs[318405]: CROP, 1626309072094342805, EZE, 12
<134>2021-07-15T00:31:15Z cache-mdw17383 MEWElogs[318405]: CROP, 1626309074842650888, MDW, 12
<134>2021-07-15T00:31:23Z cache-pdk17882 MEWElogs[318405]: CROP, 1626309083188956182, PDK, 12
<134>2021-07-15T00:31:33Z cache-wdc5583 MEWElogs[318405]: CROP, 1626309092612723125, WDC, 12
<134>2021-07-15T00:31:39Z cache-eze19324 MEWElogs[318405]: CROP, 1626309098430522146, EZE, 12
<134>2021-07-15T00:31:52Z cache-pdk17882 MEWElogs[318405]: CROP, 1626309112049310247, PDK, 12
<134>2021-07-15T00:32:29Z cache-ord1740 MEWElogs[318405]: CROP, 1626309148582672380, ORD, 12
<134>2021-07-15T00:32:39Z cache-maa10251 MEWElogs[318405]: CROP, 1626309158958303842, MAA, 12
<134>2021-07-15T00:32:43Z cache-maa10251 MEWElogs[318405]: CROP, 1626309162783062173, MAA, 12
<134>2021-07-15T00:33:01Z cache-ord1740 MEWElogs[318405]: CROP, 1626309180013604515, ORD, 12
<134>2021-07-15T00:33:09Z cache-bog6425 MEWElogs[318405]: CROP, 1626309188873509198, BOG, 12
<134>2021-07-15T00:33:10Z cache-ams21020 MEWElogs[318405]: CROP, 1626309189126506788, AMS, 12
<134>2021-07-15T00:33:10Z cache-cmh21547 MEWElogs[318405]: CROP, 1626309190548749310, CMH, 12
<134>2021-07-15T00:33:22Z cache-cph20625 MEWElogs[318405]: CROP, 1626309201877756862, CPH, 12
<134>2021-07-15T00:33:23Z cache-wdc5583 MEWElogs[318405]: CROP, 1626309202934992486, WDC, 12
<134>2021-07-15T00:33:26Z cache-cmh21547 MEWElogs[318405]: CROP, 1626309206375082098, CMH, 12
<134>2021-07-15T00:33:52Z cache-dca17782 MEWElogs[318405]: CROP, 1626309231796406378, DCA, 12
<134>2021-07-15T00:34:14Z cache-pdk17882 MEWElogs[318405]: CROP, 1626309253507973613, PDK, 12
<134>2021-07-15T00:34:49Z cache-maa10251 MEWElogs[318405]: CROP, 1626309287945673133, MAA, 12
<134>2021-07-15T00:35:16Z cache-mdw17383 MEWElogs[318405]: CROP, 1626309315278773275, MDW, 12
<134>2021-07-15T00:35:32Z cache-chi21126 MEWElogs[318405]: CROP, 1626309332252677594, CHI, 12
<134>2021-07-15T00:35:40Z cache-akl10324 MEWElogs[318405]: CROP, 1626309339685201983, AKL, 12
<134>2021-07-15T00:35:49Z cache-fty21383 MEWElogs[318405]: CROP, 1626309348009728863, FTY, 12
<134>2021-07-15T00:35:51Z cache-dfw18678 MEWElogs[318405]: CROP, 1626309351741788224, DFW, 12
<134>2021-07-15T00:35:53Z cache-chi21126 MEWElogs[318405]: CROP, 1626309352544954486, CHI, 12
<134>2021-07-15T00:35:55Z cache-mdw17383 MEWElogs[318405]: CROP, 1626309354823705425, MDW, 12
<134>2021-07-15T00:36:05Z cache-fty21383 MEWElogs[318405]: CROP, 1626309364833195771, FTY, 12
<134>2021-07-15T00:36:12Z cache-cmh21547 MEWElogs[318405]: CROP, 1626309371316245300, CMH, 12
<134>2021-07-15T00:36:15Z cache-dfw18678 MEWElogs[318405]: CROP, 1626309374453459443, DFW, 12
<134>2021-07-15T00:36:36Z cache-fty21383 MEWElogs[318405]: CROP, 1626309395099042985, FTY, 12
<134>2021-07-15T00:36:49Z cache-fty21383 MEWElogs[318405]: CROP, 1626309408246302752, FTY, 12
<134>2021-07-15T00:36:52Z cache-fty21383 MEWElogs[318405]: CROP, 1626309411533142395, FTY, 12
<134>2021-07-15T00:37:02Z cache-cph20625 MEWElogs[318405]: CROP, 1626309421421453055, CPH, 12
<134>2021-07-15T00:37:19Z cache-cph20625 MEWElogs[318405]: CROP, 1626309438552177920, CPH, 12
<134>2021-07-15T00:37:28Z cache-chi21126 MEWElogs[318405]: CROP, 1626309447672618218, CHI, 12
<134>2021-07-15T00:37:37Z cache-dub4329 MEWElogs[318405]: CROP, 1626309456952910341, DUB, 12
<134>2021-07-15T00:37:47Z cache-hel6829 MEWElogs[318405]: CROP, 1626309466423911371, HEL, 12
<134>2021-07-15T00:37:49Z cache-fty21383 MEWElogs[318405]: CROP, 1626309468353129723, FTY, 12
<134>2021-07-15T00:37:51Z cache-hel6829 MEWElogs[318405]: CROP, 1626309470827117533, HEL, 12
<134>2021-07-15T00:37:54Z cache-dfw18678 MEWElogs[318405]: CROP, 1626309474520492099, DFW, 12
<134>2021-07-15T00:38:07Z cache-del21735 MEWElogs[318405]: CROP, 1626309486512303737, DEL, 12
<134>2021-07-15T00:38:26Z cache-pwk4920 MEWElogs[318405]: CROP, 1626309505599986370, PWK, 12
<134>2021-07-15T00:38:37Z cache-del21735 MEWElogs[318405]: CROP, 1626309516146422188, DEL, 12
<134>2021-07-15T00:38:37Z cache-dfw18678 MEWElogs[318405]: CROP, 1626309516846558882, DFW, 12
