<134>2021-07-15T02:12:16Z cache-hnd18722 MEWElogs[46369]: GRAY, 1626315135348580658, HND, 13
<134>2021-07-15T02:12:27Z cache-ewr18156 MEWElogs[46369]: GRAY, 1626315146730908582, EWR, 13
<134>2021-07-15T02:12:32Z cache-scl19427 MEWElogs[46369]: GRAY, 1626315152200056257, SCL, 13
<134>2021-07-15T02:12:40Z cache-ewr18156 MEWElogs[46369]: GRAY, 1626315159109773967, EWR, 13
<134>2021-07-15T02:12:55Z cache-pao17461 MEWElogs[46369]: GRAY, 1626315174232771273, PAO, 13
<134>2021-07-15T02:13:16Z cache-cgh11122 MEWElogs[46369]: GRAY, 1626315194938596257, CGH, 13
<134>2021-07-15T02:13:22Z cache-pao17461 MEWElogs[46369]: GRAY, 1626315201371912610, PAO, 13
<134>2021-07-15T02:13:23Z cache-stl4834 MEWElogs[46369]: GRAY, 1626315202985225207, STL, 13
<134>2021-07-15T02:13:30Z cache-bom4751 MEWElogs[46369]: GRAY, 1626315210406255231, BOM, 13
<134>2021-07-15T02:13:48Z cache-bom4751 MEWElogs[46369]: GRAY, 1626315228034223735, BOM, 13
<134>2021-07-15T02:13:57Z cache-pao17461 MEWElogs[46369]: GRAY, 1626315235971112812, PAO, 13
<134>2021-07-15T02:14:05Z cache-gig17035 MEWElogs[46369]: GRAY, 1626315244380177041, GIG, 13
<134>2021-07-15T02:14:23Z cache-gru17149 MEWElogs[46369]: GRAY, 1626315262414537862, GRU, 13
<134>2021-07-15T02:14:31Z cache-itm18851 MEWElogs[46369]: GRAY, 1626315270379075399, ITM, 13
<134>2021-07-15T02:14:34Z cache-stl4834 MEWElogs[46369]: GRAY, 1626315273408173883, STL, 13
<134>2021-07-15T02:14:40Z cache-stl4834 MEWElogs[46369]: GRAY, 1626315280308435724, STL, 13
<134>2021-07-15T02:14:42Z cache-gru17149 MEWElogs[46369]: GRAY, 1626315281156972756, GRU, 13
<134>2021-07-15T02:14:48Z cache-gru17149 MEWElogs[46369]: GRAY, 1626315287504064304, GRU, 13
<134>2021-07-15T02:14:52Z cache-bom4751 MEWElogs[46369]: GRAY, 1626315291366399868, BOM, 13
<134>2021-07-15T02:14:59Z cache-gig17035 MEWElogs[46369]: GRAY, 1626315298116904763, GIG, 13
<134>2021-07-15T02:15:08Z cache-itm18851 MEWElogs[46369]: GRAY, 1626315307956745564, ITM, 13
<134>2021-07-15T02:15:11Z cache-syd10183 MEWElogs[46369]: GRAY, 1626315310342980962, SYD, 13
<134>2021-07-15T02:15:20Z cache-gru17149 MEWElogs[46369]: GRAY, 1626315319092299207, GRU, 13
<134>2021-07-15T02:15:24Z cache-cgh11122 MEWElogs[46369]: GRAY, 1626315323952666851, CGH, 13
<134>2021-07-15T02:15:29Z cache-gig17035 MEWElogs[46369]: GRAY, 1626315328648862327, GIG, 13
<134>2021-07-15T02:15:32Z cache-syd10183 MEWElogs[46369]: GRAY, 1626315331563402167, SYD, 13
<134>2021-07-15T02:15:32Z cache-bom4751 MEWElogs[46369]: GRAY, 1626315331742371734, BOM, 13
<134>2021-07-15T02:15:43Z cache-hnd18722 MEWElogs[46369]: GRAY, 1626315342114265467, HND, 13
<134>2021-07-15T02:16:12Z cache-cgh11122 MEWElogs[46369]: GRAY, 1626315371109235428, CGH, 13
<134>2021-07-15T02:16:14Z cache-pao17461 MEWElogs[46369]: GRAY, 1626315373744652790, PAO, 13
<134>2021-07-15T02:16:17Z cache-gru17149 MEWElogs[46369]: GRAY, 1626315375997017239, GRU, 13
<134>2021-07-15T02:16:33Z cache-scl19427 MEWElogs[46369]: GRAY, 1626315392881644272, SCL, 13
<134>2021-07-15T02:16:42Z cache-gru17149 MEWElogs[46369]: GRAY, 1626315401438411015, GRU, 13
<134>2021-07-15T02:16:48Z cache-gru17149 MEWElogs[46369]: GRAY, 1626315407733297633, GRU, 13
<134>2021-07-15T02:16:53Z cache-stl4834 MEWElogs[46369]: GRAY, 1626315413456410568, STL, 13
<134>2021-07-15T02:17:10Z cache-pao17461 MEWElogs[46369]: GRAY, 1626315429717316784, PAO, 13
<134>2021-07-15T02:17:17Z cache-itm18851 MEWElogs[46369]: GRAY, 1626315436182802946, ITM, 13
<134>2021-07-15T02:17:32Z cache-gru17149 MEWElogs[46369]: GRAY, 1626315451897526421, GRU, 13
<134>2021-07-15T02:17:38Z cache-sjc10078 MEWElogs[46369]: GRAY, 1626315457511815039, SJC, 13
<134>2021-07-15T02:18:07Z cache-cgh11122 MEWElogs[46369]: GRAY, 1626315486854713327, CGH, 13
<134>2021-07-15T02:18:11Z cache-stl4834 MEWElogs[46369]: GRAY, 1626315490520764259, STL, 13
<134>2021-07-15T02:18:20Z cache-cgh11183 MEWElogs[46369]: GRAY, 1626315500177792524, CGH, 13
<134>2021-07-15T02:18:30Z cache-syd10183 MEWElogs[46369]: GRAY, 1626315509717518110, SYD, 13
<134>2021-07-15T02:18:54Z cache-cgh11122 MEWElogs[46369]: GRAY, 1626315533820655569, CGH, 13
<134>2021-07-15T02:18:55Z cache-hnd18722 MEWElogs[46369]: GRAY, 1626315534122156247, HND, 13
<134>2021-07-15T02:18:59Z cache-stl4834 MEWElogs[46369]: GRAY, 1626315539441263172, STL, 13
<134>2021-07-15T02:19:01Z cache-cgh11122 MEWElogs[46369]: GRAY, 1626315540543941893, CGH, 13
<134>2021-07-15T02:19:07Z cache-stl4834 MEWElogs[46369]: GRAY, 1626315546444521726, STL, 13
<134>2021-07-15T02:19:27Z cache-cgh11122 MEWElogs[46369]: GRAY, 1626315566937008577, CGH, 13
<134>2021-07-15T02:19:28Z cache-itm18851 MEWElogs[46369]: GRAY, 1626315567469160165, ITM, 13
<134>2021-07-15T02:20:01Z cache-cgh11122 MEWElogs[46369]: GRAY, 1626315600859092316, CGH, 13
<134>2021-07-15T02:20:31Z cache-stl4834 MEWElogs[46369]: GRAY, 1626315630978574486, STL, 13
<134>2021-07-15T02:20:42Z cache-sjc10078 MEWElogs[46369]: GRAY, 1626315641706324785, SJC, 13
<134>2021-07-15T02:21:00Z cache-syd10183 MEWElogs[46369]: GRAY, 1626315659504673518, SYD, 13
<134>2021-07-15T02:21:06Z cache-stl4834 MEWElogs[46369]: GRAY, 1626315666117918888, STL, 13
<134>2021-07-15T02:21:06Z cache-syd10183 MEWElogs[46369]: GRAY, 1626315666580706999, SYD, 13
<134>2021-07-15T02:21:31Z cache-sjc10078 MEWElogs[46369]: GRAY, 1626315691132773182, SJC, 13
<134>2021-07-15T02:21:37Z cache-cgh11183 MEWElogs[46369]: GRAY, 1626315696429395560, CGH, 13
<134>2021-07-15T02:21:51Z cache-cgh11122 MEWElogs[46369]: GRAY, 1626315710000192735, CGH, 13
