<134>2021-07-15T02:02:30Z cache-jax20933 MEWElogs[382896]: GRAY, 1626314550606512056, JAX, 13
<134>2021-07-15T02:02:45Z cache-mel11272 MEWElogs[382896]: GRAY, 1626314563936678594, MEL, 13
<134>2021-07-15T02:03:08Z cache-lga21983 MEWElogs[382896]: GRAY, 1626314588015942395, LGA, 13
<134>2021-07-15T02:03:13Z cache-stp9226 MEWElogs[382896]: GRAY, 1626314592193857218, STP, 13
<134>2021-07-15T02:03:17Z cache-yul12826 MEWElogs[382896]: GRAY, 1626314596932119947, YUL, 13
<134>2021-07-15T02:03:20Z cache-stp9226 MEWElogs[382896]: GRAY, 1626314599001966812, STP, 13
<134>2021-07-15T02:03:22Z cache-lax10677 MEWElogs[382896]: GRAY, 1626314601236419390, LGB, 13
<134>2021-07-15T02:03:25Z cache-jax20933 MEWElogs[382896]: GRAY, 1626314604170936951, JAX, 13
<134>2021-07-15T02:03:26Z cache-mia11368 MEWElogs[382896]: GRAY, 1626314605158382263, MIA, 13
<134>2021-07-15T02:03:30Z cache-yul12826 MEWElogs[382896]: GRAY, 1626314609187250130, YUL, 13
<134>2021-07-15T02:03:33Z cache-stp9226 MEWElogs[382896]: GRAY, 1626314612510692426, STP, 13
<134>2021-07-15T02:03:42Z cache-jax20933 MEWElogs[382896]: GRAY, 1626314621984128080, JAX, 13
<134>2021-07-15T02:03:50Z cache-lax10677 MEWElogs[382896]: GRAY, 1626314629185410938, LGB, 13
<134>2021-07-15T02:03:55Z cache-lga21983 MEWElogs[382896]: GRAY, 1626314634612431904, LGA, 13
<134>2021-07-15T02:04:01Z cache-lga21983 MEWElogs[382896]: GRAY, 1626314640956925952, LGA, 13
<134>2021-07-15T02:04:21Z cache-lga21983 MEWElogs[382896]: GRAY, 1626314660633567602, LGA, 13
<134>2021-07-15T02:04:30Z cache-mel11272 MEWElogs[382896]: GRAY, 1626314670015323825, MEL, 13
<134>2021-07-15T02:04:37Z cache-osl6529 MEWElogs[382896]: GRAY, 1626314676376406192, OSL, 13
<134>2021-07-15T02:04:39Z cache-yul12826 MEWElogs[382896]: GRAY, 1626314678767016955, YUL, 13
<134>2021-07-15T02:04:53Z cache-scl19427 MEWElogs[382896]: GRAY, 1626314692823182638, SCL, 13
<134>2021-07-15T02:04:59Z cache-mel11272 MEWElogs[382896]: GRAY, 1626314698190065187, MEL, 13
<134>2021-07-15T02:05:10Z cache-scl19427 MEWElogs[382896]: GRAY, 1626314709564415379, SCL, 13
<134>2021-07-15T02:05:13Z cache-cdg20720 MEWElogs[382896]: GRAY, 1626314713094886100, CDG, 13
<134>2021-07-15T02:05:18Z cache-cdg20720 MEWElogs[382896]: GRAY, 1626314718539559157, CDG, 13
<134>2021-07-15T02:05:27Z cache-gig17035 MEWElogs[382896]: GRAY, 1626314726175536309, GIG, 13
<134>2021-07-15T02:05:29Z cache-jax20933 MEWElogs[382896]: GRAY, 1626314728817337335, JAX, 13
<134>2021-07-15T02:05:47Z cache-lax10677 MEWElogs[382896]: GRAY, 1626314747410207920, LGB, 13
<134>2021-07-15T02:06:05Z cache-jax20933 MEWElogs[382896]: GRAY, 1626314764935544557, JAX, 13
<134>2021-07-15T02:06:11Z cache-ewr18156 MEWElogs[382896]: GRAY, 1626314771542454368, EWR, 13
<134>2021-07-15T02:06:30Z cache-lax10677 MEWElogs[382896]: GRAY, 1626314789412961740, LGB, 13
<134>2021-07-15T02:06:33Z cache-yul12826 MEWElogs[382896]: GRAY, 1626314792313992561, YUL, 13
<134>2021-07-15T02:06:42Z cache-ewr18156 MEWElogs[382896]: GRAY, 1626314802506772910, EWR, 13
<134>2021-07-15T02:06:47Z cache-osl6529 MEWElogs[382896]: GRAY, 1626314806315628968, OSL, 13
<134>2021-07-15T02:07:09Z cache-yul12826 MEWElogs[382896]: GRAY, 1626314829647777325, YUL, 13
<134>2021-07-15T02:07:15Z cache-lga21983 MEWElogs[382896]: GRAY, 1626314835354960712, LGA, 13
<134>2021-07-15T02:07:18Z cache-gru17149 MEWElogs[382896]: GRAY, 1626314837235707939, GRU, 13
<134>2021-07-15T02:07:19Z cache-ewr18156 MEWElogs[382896]: GRAY, 1626314839807768691, EWR, 13
<134>2021-07-15T02:07:35Z cache-yul12826 MEWElogs[382896]: GRAY, 1626314854666669366, YUL, 13
<134>2021-07-15T02:07:41Z cache-scl19427 MEWElogs[382896]: GRAY, 1626314860276976002, SCL, 13
<134>2021-07-15T02:07:42Z cache-cdg20720 MEWElogs[382896]: GRAY, 1626314861664809062, CDG, 13
<134>2021-07-15T02:08:11Z cache-jax20933 MEWElogs[382896]: GRAY, 1626314890895786715, JAX, 13
<134>2021-07-15T02:08:28Z cache-lga21983 MEWElogs[382896]: GRAY, 1626314907655021843, LGA, 13
<134>2021-07-15T02:08:34Z cache-lga21983 MEWElogs[382896]: GRAY, 1626314914210945491, LGA, 13
<134>2021-07-15T02:08:43Z cache-osl6529 MEWElogs[382896]: GRAY, 1626314922196337303, OSL, 13
<134>2021-07-15T02:08:51Z cache-ewr18156 MEWElogs[382896]: GRAY, 1626314930818136839, EWR, 13
<134>2021-07-15T02:08:53Z cache-lga21983 MEWElogs[382896]: GRAY, 1626314933458441730, LGA, 13
<134>2021-07-15T02:08:53Z cache-gru17149 MEWElogs[382896]: GRAY, 1626314932671170158, GRU, 13
<134>2021-07-15T02:08:55Z cache-jax20933 MEWElogs[382896]: GRAY, 1626314934960882749, JAX, 13
<134>2021-07-15T02:09:07Z cache-lga21983 MEWElogs[382896]: GRAY, 1626314946295378770, LGA, 13
<134>2021-07-15T02:09:12Z cache-gru17149 MEWElogs[382896]: GRAY, 1626314951439609268, GRU, 13
<134>2021-07-15T02:09:33Z cache-ewr18156 MEWElogs[382896]: GRAY, 1626314973537596735, EWR, 13
<134>2021-07-15T02:10:02Z cache-bom4751 MEWElogs[382896]: GRAY, 1626315001881698709, BOM, 13
<134>2021-07-15T02:10:07Z cache-mel11272 MEWElogs[382896]: GRAY, 1626315007191166856, MEL, 13
<134>2021-07-15T02:10:29Z cache-ewr18156 MEWElogs[382896]: GRAY, 1626315029332729183, EWR, 13
<134>2021-07-15T02:10:30Z cache-stl4834 MEWElogs[382896]: GRAY, 1626315029126140862, STL, 13
<134>2021-07-15T02:10:37Z cache-bom4751 MEWElogs[382896]: GRAY, 1626315036659880555, BOM, 13
<134>2021-07-15T02:10:38Z cache-osl6529 MEWElogs[382896]: GRAY, 1626315037693836678, OSL, 13
<134>2021-07-15T02:10:43Z cache-hnd18722 MEWElogs[382896]: GRAY, 1626315042495744021, HND, 13
<134>2021-07-15T02:11:00Z cache-bom4751 MEWElogs[382896]: GRAY, 1626315059845972118, BOM, 13
<134>2021-07-15T02:11:07Z cache-gru17149 MEWElogs[382896]: GRAY, 1626315066073177433, GRU, 13
<134>2021-07-15T02:11:09Z cache-cdg20720 MEWElogs[382896]: GRAY, 1626315069348902355, CDG, 13
<134>2021-07-15T02:11:13Z cache-gru17149 MEWElogs[382896]: GRAY, 1626315072320871272, GRU, 13
<134>2021-07-15T02:11:17Z cache-syd10183 MEWElogs[382896]: GRAY, 1626315077073021949, SYD, 13
<134>2021-07-15T02:11:23Z cache-osl6529 MEWElogs[382896]: GRAY, 1626315083840668125, OSL, 13
<134>2021-07-15T02:11:38Z cache-cdg20720 MEWElogs[382896]: GRAY, 1626315097060865229, CDG, 13
<134>2021-07-15T02:12:13Z cache-pao17461 MEWElogs[382896]: GRAY, 1626315132591736898, PAO, 13
<134>2021-07-15T02:12:15Z cache-ewr18156 MEWElogs[382896]: GRAY, 1626315134484746749, EWR, 13
