<134>2021-07-15T04:40:20Z cache-lon4249 MEWElogs[318405]: ROTATE, 1626324018951580901, LON, 15
<134>2021-07-15T04:40:30Z cache-iah17271 MEWElogs[318405]: ROTATE, 1626324030536362910, IAH, 15
<134>2021-07-15T04:41:10Z cache-pwk4920 MEWElogs[318405]: ROTATE, 1626324069001224638, PWK, 15
<134>2021-07-15T04:41:13Z cache-lon4249 MEWElogs[318405]: ROTATE, 1626324072783083628, LON, 15
<134>2021-07-15T04:41:22Z cache-den8274 MEWElogs[318405]: ROTATE, 1626324081080703392, DEN, 15
<134>2021-07-15T04:41:28Z cache-iah17271 MEWElogs[318405]: ROTATE, 1626324088482246988, IAH, 15
<134>2021-07-15T04:41:31Z cache-hel6829 MEWElogs[318405]: ROTATE, 1626324091141543543, HEL, 15
<134>2021-07-15T04:42:00Z cache-lcy19283 MEWElogs[318405]: ROTATE, 1626324119604705243, LCY, 15
<134>2021-07-15T04:42:09Z cache-hel6829 MEWElogs[318405]: ROTATE, 1626324128587067526, HEL, 15
<134>2021-07-15T04:42:27Z cache-iah17271 MEWElogs[318405]: ROTATE, 1626324146914078728, IAH, 15
<134>2021-07-15T04:43:31Z cache-den8274 MEWElogs[318405]: ROTATE, 1626324210482225512, DEN, 15
<134>2021-07-15T04:43:38Z cache-fra19177 MEWElogs[318405]: ROTATE, 1626324218261685344, FRA, 15
<134>2021-07-15T04:43:44Z cache-dal21283 MEWElogs[318405]: ROTATE, 1626324224633384458, DAL, 15
<134>2021-07-15T04:44:33Z cache-dal21283 MEWElogs[318405]: ROTATE, 1626324272400509819, DAL, 15
<134>2021-07-15T04:44:55Z cache-mad22068 MEWElogs[318405]: ROTATE, 1626324294268035643, MAD, 15
<134>2021-07-15T04:45:02Z cache-den8274 MEWElogs[318405]: ROTATE, 1626324301933665292, DEN, 15
<134>2021-07-15T04:45:14Z cache-fra19177 MEWElogs[318405]: ROTATE, 1626324314094686535, FRA, 15
<134>2021-07-15T04:45:27Z cache-lon4249 MEWElogs[318405]: ROTATE, 1626324327642594291, LON, 15
<134>2021-07-15T04:45:47Z cache-fra19177 MEWElogs[318405]: ROTATE, 1626324346770005845, FRA, 15
<134>2021-07-15T04:45:53Z cache-iah17271 MEWElogs[318405]: ROTATE, 1626324352468406958, IAH, 15
<134>2021-07-15T04:46:07Z cache-dal21283 MEWElogs[318405]: ROTATE, 1626324366933599245, DAL, 15
<134>2021-07-15T04:46:25Z cache-jnb7027 MEWElogs[318405]: ROTATE, 1626324384463557871, JNB, 15
<134>2021-07-15T04:46:56Z cache-mad22068 MEWElogs[318405]: ROTATE, 1626324416328031838, MAD, 15
<134>2021-07-15T04:47:56Z cache-den8274 MEWElogs[318405]: ROTATE, 1626324475876451241, DEN, 15
<134>2021-07-15T04:48:19Z cache-mad22068 MEWElogs[318405]: ROTATE, 1626324497926972797, MAD, 15
<134>2021-07-15T04:48:49Z cache-lon4249 MEWElogs[318405]: ROTATE, 1626324528485976382, LON, 15
<134>2021-07-15T04:49:12Z cache-dal21283 MEWElogs[318405]: ROTATE, 1626324551577250052, DAL, 15
<134>2021-07-15T04:50:03Z cache-mad22068 MEWElogs[318405]: ROTATE, 1626324602378156836, MAD, 15
