<134>2021-07-15T07:33:20Z cache-jax20933 MEWElogs[334804]: UNSH, 1626334400017918771, JAX, 16
<134>2021-07-15T07:33:33Z cache-man4150 MEWElogs[334804]: UNSH, 1626334412815977338, MAN, 16
<134>2021-07-15T07:33:59Z cache-lhr7382 MEWElogs[334804]: UNSH, 1626334439029506187, LHR, 16
<134>2021-07-15T07:34:17Z cache-lax10677 MEWElogs[334804]: UNSH, 1626334457246124220, LGB, 16
<134>2021-07-15T07:35:01Z cache-ewr18156 MEWElogs[334804]: UNSH, 1626334500970693169, EWR, 16
<134>2021-07-15T07:35:19Z cache-lhr7382 MEWElogs[334804]: UNSH, 1626334518442100439, LHR, 16
<134>2021-07-15T07:35:40Z cache-cdg20720 MEWElogs[334804]: UNSH, 1626334539830186971, CDG, 16
<134>2021-07-15T07:36:01Z cache-lga21983 MEWElogs[334804]: UNSH, 1626334560547926767, LGA, 16
<134>2021-07-15T07:36:10Z cache-jax20933 MEWElogs[334804]: UNSH, 1626334569263002192, JAX, 16
<134>2021-07-15T07:36:22Z cache-lhr7382 MEWElogs[334804]: UNSH, 1626334582449245688, LHR, 16
<134>2021-07-15T07:36:25Z cache-lax10677 MEWElogs[334804]: UNSH, 1626334584554796480, LGB, 16
<134>2021-07-15T07:36:46Z cache-lax10677 MEWElogs[334804]: UNSH, 1626334605352778373, LGB, 16
<134>2021-07-15T07:36:53Z cache-bom4751 MEWElogs[334804]: UNSH, 1626334613205701860, BOM, 16
<134>2021-07-15T07:37:04Z cache-mel11272 MEWElogs[334804]: UNSH, 1626334624515593220, MEL, 16
<134>2021-07-15T07:37:19Z cache-lax10677 MEWElogs[334804]: UNSH, 1626334638607485161, LGB, 16
<134>2021-07-15T07:37:36Z cache-lhr7382 MEWElogs[334804]: UNSH, 1626334655380677895, LHR, 16
<134>2021-07-15T07:38:43Z cache-lax10677 MEWElogs[334804]: UNSH, 1626334722142677689, LGB, 16
<134>2021-07-15T07:38:47Z cache-lhr7382 MEWElogs[334804]: UNSH, 1626334726864843660, LHR, 16
<134>2021-07-15T07:39:14Z cache-man4150 MEWElogs[334804]: UNSH, 1626334753173985933, MAN, 16
<134>2021-07-15T07:39:40Z cache-mel11272 MEWElogs[334804]: UNSH, 1626334780554751436, MEL, 16
<134>2021-07-15T07:39:51Z cache-cdg20720 MEWElogs[334804]: UNSH, 1626334791479068912, CDG, 16
<134>2021-07-15T07:40:33Z cache-jax20933 MEWElogs[334804]: UNSH, 1626334832305050164, JAX, 16
<134>2021-07-15T07:41:28Z cache-jax20933 MEWElogs[334804]: UNSH, 1626334887930167890, JAX, 16
<134>2021-07-15T07:41:31Z cache-lhr7382 MEWElogs[334804]: UNSH, 1626334891328765090, LHR, 16
<134>2021-07-15T07:41:36Z cache-man4150 MEWElogs[334804]: UNSH, 1626334895771655725, MAN, 16
<134>2021-07-15T07:42:19Z cache-man4150 MEWElogs[334804]: UNSH, 1626334938796712460, MAN, 16
<134>2021-07-15T07:43:09Z cache-bom4751 MEWElogs[334804]: UNSH, 1626334988315663960, BOM, 16
