<134>2021-07-14T17:43:28Z cache-osl6529 MEWElogs[369035]: FLIPH, 1626284607557475376, OSL, 10
<134>2021-07-14T17:43:28Z cache-ewr18156 MEWElogs[369035]: FLIPH, 1626284608312050029, EWR, -1
<134>2021-07-14T17:43:41Z cache-gig17035 MEWElogs[369035]: FLIPH, 1626284620845079369, GIG, 10
<134>2021-07-14T17:43:47Z cache-lga21983 MEWElogs[369035]: FLIPH, 1626284626742513409, LGA, -1
<134>2021-07-14T17:43:48Z cache-stl4834 MEWElogs[369035]: FLIPH, 1626284627625986559, STL, 10
<134>2021-07-14T17:43:55Z cache-cdg20720 MEWElogs[369035]: FLIPH, 1626284634925686401, CDG, 10
<134>2021-07-14T17:44:09Z cache-mel11272 MEWElogs[369035]: FLIPH, 1626284648704779401, MEL, 10
<134>2021-07-14T17:44:17Z cache-mel11272 MEWElogs[369035]: FLIPH, 1626284656099319564, MEL, -1
<134>2021-07-14T17:44:20Z cache-scl19427 MEWElogs[369035]: FLIPH, 1626284660062215607, SCL, 10
<134>2021-07-14T17:44:21Z cache-osl6529 MEWElogs[369035]: FLIPH, 1626284660576602613, OSL, -1
<134>2021-07-14T17:44:27Z cache-mel11272 MEWElogs[369035]: FLIPH, 1626284666136193132, MEL, -1
<134>2021-07-14T17:44:33Z cache-osl6529 MEWElogs[369035]: FLIPH, 1626284672776653067, OSL, 10
<134>2021-07-14T17:44:39Z cache-gig17035 MEWElogs[369035]: FLIPH, 1626284678269402770, GIG, -1
<134>2021-07-14T17:44:51Z cache-cdg20720 MEWElogs[369035]: FLIPH, 1626284691776560760, CDG, -1
<134>2021-07-14T17:44:57Z cache-scl19427 MEWElogs[369035]: FLIPH, 1626284697141912183, SCL, 10
<134>2021-07-14T17:45:21Z cache-scl19427 MEWElogs[369035]: FLIPH, 1626284721230095570, SCL, 10
<134>2021-07-14T17:45:37Z cache-mel11272 MEWElogs[369035]: FLIPH, 1626284736738606269, MEL, -1
<134>2021-07-14T17:45:53Z cache-stl4834 MEWElogs[369035]: FLIPH, 1626284752990734631, STL, 10
<134>2021-07-14T17:46:06Z cache-gig17035 MEWElogs[369035]: FLIPH, 1626284765718970589, GIG, 10
<134>2021-07-14T17:46:14Z cache-stl4834 MEWElogs[369035]: FLIPH, 1626284773885479459, STL, 10
<134>2021-07-14T17:46:14Z cache-gig17035 MEWElogs[369035]: FLIPH, 1626284774177234515, GIG, -1
<134>2021-07-14T17:46:31Z cache-syd10183 MEWElogs[369035]: FLIPH, 1626284790816371449, SYD, 10
<134>2021-07-14T17:46:42Z cache-gig17035 MEWElogs[369035]: FLIPH, 1626284802079474542, GIG, 10
<134>2021-07-14T17:47:10Z cache-scl19427 MEWElogs[369035]: FLIPH, 1626284829637564287, SCL, 10
<134>2021-07-14T17:47:18Z cache-scl19427 MEWElogs[369035]: FLIPH, 1626284838297718487, SCL, -1
<134>2021-07-14T17:47:36Z cache-stl4834 MEWElogs[369035]: FLIPH, 1626284856060558612, STL, -1
<134>2021-07-14T17:47:40Z cache-hnd18722 MEWElogs[369035]: FLIPH, 1626284860664608980, HND, 10
<134>2021-07-14T17:47:53Z cache-bom4751 MEWElogs[369035]: FLIPH, 1626284871965847327, BOM, 10
<134>2021-07-14T17:48:08Z cache-stl4834 MEWElogs[369035]: FLIPH, 1626284887186093451, STL, -1
<134>2021-07-14T17:48:08Z cache-gru17149 MEWElogs[369035]: FLIPH, 1626284887864564625, GRU, 10
<134>2021-07-14T17:48:13Z cache-hnd18722 MEWElogs[369035]: FLIPH, 1626284892368134469, HND, 10
<134>2021-07-14T17:48:18Z cache-stl4834 MEWElogs[369035]: FLIPH, 1626284897792747559, STL, -1
<134>2021-07-14T17:48:23Z cache-scl19427 MEWElogs[369035]: FLIPH, 1626284902480434195, SCL, 10
<134>2021-07-14T17:48:23Z cache-pao17461 MEWElogs[369035]: FLIPH, 1626284903328264428, PAO, 10
<134>2021-07-14T17:48:30Z cache-bom4751 MEWElogs[369035]: FLIPH, 1626284910371121886, BOM, 10
<134>2021-07-14T17:48:32Z cache-stl4834 MEWElogs[369035]: FLIPH, 1626284911864685650, STL, 10
<134>2021-07-14T17:48:54Z cache-gru17149 MEWElogs[369035]: FLIPH, 1626284933058989596, GRU, -1
<134>2021-07-14T17:49:03Z cache-hnd18722 MEWElogs[369035]: FLIPH, 1626284942748294290, HND, -1
<134>2021-07-14T17:49:13Z cache-pao17461 MEWElogs[369035]: FLIPH, 1626284952453735610, PAO, -1
<134>2021-07-14T17:49:22Z cache-stl4834 MEWElogs[369035]: FLIPH, 1626284961061917295, STL, -1
<134>2021-07-14T17:49:37Z cache-itm18851 MEWElogs[369035]: FLIPH, 1626284977181366401, ITM, 10
<134>2021-07-14T17:49:39Z cache-bom4751 MEWElogs[369035]: FLIPH, 1626284979276015856, BOM, 10
<134>2021-07-14T17:50:04Z cache-gig17035 MEWElogs[369035]: FLIPH, 1626285003625061772, GIG, 10
<134>2021-07-14T17:50:08Z cache-bom4751 MEWElogs[369035]: FLIPH, 1626285008015022724, BOM, 10
<134>2021-07-14T17:50:27Z cache-hnd18722 MEWElogs[369035]: FLIPH, 1626285027332941541, HND, -1
<134>2021-07-14T17:50:30Z cache-hnd18722 MEWElogs[369035]: FLIPH, 1626285030178262350, HND, 10
<134>2021-07-14T17:50:34Z cache-syd10183 MEWElogs[369035]: FLIPH, 1626285033472014227, SYD, 10
<134>2021-07-14T17:50:37Z cache-gig17035 MEWElogs[369035]: FLIPH, 1626285036408119527, GIG, -1
<134>2021-07-14T17:50:44Z cache-syd10183 MEWElogs[369035]: FLIPH, 1626285043833864397, SYD, 10
<134>2021-07-14T17:50:48Z cache-stl4834 MEWElogs[369035]: FLIPH, 1626285048191555026, STL, 10
<134>2021-07-14T17:51:22Z cache-hnd18722 MEWElogs[369035]: FLIPH, 1626285081787525367, HND, -1
<134>2021-07-14T17:51:35Z cache-scl19427 MEWElogs[369035]: FLIPH, 1626285094912376152, SCL, 10
<134>2021-07-14T17:51:44Z cache-scl19427 MEWElogs[369035]: FLIPH, 1626285103463566658, SCL, -1
<134>2021-07-14T17:51:51Z cache-pao17461 MEWElogs[369035]: FLIPH, 1626285111586608804, PAO, 10
<134>2021-07-14T17:52:33Z cache-stl4834 MEWElogs[369035]: FLIPH, 1626285152649135465, STL, 10
<134>2021-07-14T17:52:44Z cache-stl4834 MEWElogs[369035]: FLIPH, 1626285163014384819, STL, 10
<134>2021-07-14T17:52:44Z cache-syd10183 MEWElogs[369035]: FLIPH, 1626285163448611185, SYD, 10
<134>2021-07-14T17:52:52Z cache-cgh11122 MEWElogs[369035]: FLIPH, 1626285171325194890, CGH, -1
<134>2021-07-14T17:53:11Z cache-stl4834 MEWElogs[369035]: FLIPH, 1626285190836417236, STL, -1
<134>2021-07-14T17:53:24Z cache-itm18851 MEWElogs[369035]: FLIPH, 1626285203256328569, ITM, -1
