<134>2021-07-15T04:50:24Z cache-jnb7027 MEWElogs[318405]: ROTATE, 1626324623644488897, JNB, 15
<134>2021-07-15T04:50:30Z cache-fra19177 MEWElogs[318405]: ROTATE, 1626324630300986539, FRA, 15
<134>2021-07-15T04:50:42Z cache-iah17271 MEWElogs[318405]: ROTATE, 1626324642158126729, IAH, 15
<134>2021-07-15T04:50:47Z cache-dal21283 MEWElogs[318405]: ROTATE, 1626324646853146325, DAL, 15
<134>2021-07-15T04:51:02Z cache-jnb7027 MEWElogs[318405]: ROTATE, 1626324661379477260, JNB, 15
<134>2021-07-15T04:51:06Z cache-iah17271 MEWElogs[318405]: ROTATE, 1626324665759002287, IAH, 15
<134>2021-07-15T04:51:32Z cache-lcy19283 MEWElogs[318405]: ROTATE, 1626324692370010824, LCY, 15
<134>2021-07-15T04:51:47Z cache-mad22068 MEWElogs[318405]: ROTATE, 1626324706864870349, MAD, 15
<134>2021-07-15T04:52:08Z cache-jnb7027 MEWElogs[318405]: ROTATE, 1626324727764187548, JNB, 15
<134>2021-07-15T04:52:31Z cache-stp9226 MEWElogs[318405]: ROTATE, 1626324750802883514, STP, 15
<134>2021-07-15T04:52:36Z cache-mad22068 MEWElogs[318405]: ROTATE, 1626324755189354207, MAD, 15
<134>2021-07-15T04:52:37Z cache-jnb7027 MEWElogs[318405]: ROTATE, 1626324755911599351, JNB, 15
<134>2021-07-15T04:53:32Z cache-dal21283 MEWElogs[318405]: ROTATE, 1626324812546254879, DAL, 15
<134>2021-07-15T04:53:50Z cache-yul12826 MEWElogs[318405]: ROTATE, 1626324828984876436, YUL, 15
<134>2021-07-15T04:54:07Z cache-yul12826 MEWElogs[318405]: ROTATE, 1626324846133916933, YUL, 15
<134>2021-07-15T04:54:51Z cache-stp9226 MEWElogs[318405]: ROTATE, 1626324890893698065, STP, 15
<134>2021-07-15T04:54:51Z cache-mci5951 MEWElogs[318405]: ROTATE, 1626324890494853664, MCI, 15
<134>2021-07-15T04:55:40Z cache-iah17271 MEWElogs[318405]: ROTATE, 1626324939455235074, IAH, 15
<134>2021-07-15T04:56:24Z cache-mci5951 MEWElogs[318405]: ROTATE, 1626324984044684160, MCI, 15
<134>2021-07-15T04:56:47Z cache-iah17271 MEWElogs[318405]: ROTATE, 1626325006876803902, IAH, 15
<134>2021-07-15T04:57:20Z cache-man4150 MEWElogs[318405]: ROTATE, 1626325040261326747, MAN, 15
<134>2021-07-15T04:58:22Z cache-hkg17929 MEWElogs[318405]: ROTATE, 1626325101949000672, HKG, 15
<134>2021-07-15T04:58:28Z cache-bur17583 MEWElogs[318405]: ROTATE, 1626325108240369618, BUR, 15
<134>2021-07-15T04:58:39Z cache-man4150 MEWElogs[318405]: ROTATE, 1626325118310790759, MAN, 15
<134>2021-07-15T04:58:49Z cache-lhr7382 MEWElogs[318405]: ROTATE, 1626325128083700104, LHR, 15
<134>2021-07-15T04:59:04Z cache-lhr7382 MEWElogs[318405]: ROTATE, 1626325143629332936, LHR, 15
<134>2021-07-15T04:59:10Z cache-mci5951 MEWElogs[318405]: ROTATE, 1626325149914958248, MCI, 15
<134>2021-07-15T04:59:24Z cache-stp9226 MEWElogs[318405]: ROTATE, 1626325163673840007, STP, 15
<134>2021-07-15T04:59:55Z cache-ewr18156 MEWElogs[318405]: ROTATE, 1626325194861558613, EWR, 15
<134>2021-07-15T05:00:05Z cache-lax10677 MEWElogs[318405]: ROTATE, 1626325204400175212, LGB, 15
<134>2021-07-15T05:00:07Z cache-lga21983 MEWElogs[318405]: ROTATE, 1626325207074960084, LGA, 15
<134>2021-07-15T05:00:12Z cache-man4150 MEWElogs[318405]: ROTATE, 1626325211942141029, MAN, 15
<134>2021-07-15T05:00:17Z cache-lga21983 MEWElogs[318405]: ROTATE, 1626325216222264651, LGA, 15
