<134>2021-07-15T06:40:37Z cache-iah17271 MEWElogs[308969]: UNSH, 1626331236804341466, IAH, 16
<134>2021-07-15T06:41:17Z cache-hel6829 MEWElogs[308969]: UNSH, 1626331276195446263, HEL, 16
<134>2021-07-15T06:41:37Z cache-hel6829 MEWElogs[308969]: UNSH, 1626331296760411435, HEL, 16
<134>2021-07-15T06:41:46Z cache-dal21283 MEWElogs[308969]: UNSH, 1626331305717650759, DAL, 16
<134>2021-07-15T06:42:02Z cache-den8274 MEWElogs[308969]: UNSH, 1626331322541056773, DEN, 16
<134>2021-07-15T06:43:00Z cache-lon4249 MEWElogs[308969]: UNSH, 1626331379909075940, LON, 16
<134>2021-07-15T06:44:07Z cache-jnb7027 MEWElogs[308969]: UNSH, 1626331446813225603, JNB, 16
<134>2021-07-15T06:44:11Z cache-iah17271 MEWElogs[308969]: UNSH, 1626331450661289464, IAH, 16
<134>2021-07-15T06:44:16Z cache-lon4249 MEWElogs[308969]: UNSH, 1626331455072559403, LON, 16
<134>2021-07-15T06:44:20Z cache-hel6829 MEWElogs[308969]: UNSH, 1626331460630312105, HEL, 16
<134>2021-07-15T06:44:36Z cache-fra19177 MEWElogs[308969]: UNSH, 1626331475263618117, FRA, 16
<134>2021-07-15T06:44:49Z cache-jnb7027 MEWElogs[308969]: UNSH, 1626331488782334591, JNB, 16
<134>2021-07-15T06:45:20Z cache-bur17583 MEWElogs[308969]: UNSH, 1626331520012773125, BUR, 16
<134>2021-07-15T06:46:30Z cache-den8274 MEWElogs[308969]: UNSH, 1626331589666311238, DEN, 16
<134>2021-07-15T06:47:47Z cache-lon4249 MEWElogs[308969]: UNSH, 1626331666678192951, LON, 16
<134>2021-07-15T06:47:48Z cache-bur17583 MEWElogs[308969]: UNSH, 1626331667492945815, BUR, 16
<134>2021-07-15T06:47:53Z cache-iah17271 MEWElogs[308969]: UNSH, 1626331673032473760, IAH, 16
<134>2021-07-15T06:48:21Z cache-lon4249 MEWElogs[308969]: UNSH, 1626331701153397903, LON, 16
<134>2021-07-15T06:49:25Z cache-mad22068 MEWElogs[308969]: UNSH, 1626331764473978143, MAD, 16
<134>2021-07-15T06:49:33Z cache-fra19177 MEWElogs[308969]: UNSH, 1626331772774400366, FRA, 16
<134>2021-07-15T06:50:00Z cache-mad22068 MEWElogs[308969]: UNSH, 1626331800718855733, MAD, 16
