<134>2021-07-15T06:32:03Z cache-dfw18678 MEWElogs[320228]: UNSH, 1626330722066644784, DFW, 16
<134>2021-07-15T06:33:07Z cache-cwb20520 MEWElogs[320228]: UNSH, 1626330786293728322, CWB, 16
<134>2021-07-15T06:33:27Z cache-cwb20520 MEWElogs[320228]: UNSH, 1626330806854387830, CWB, 16
<134>2021-07-15T06:34:10Z cache-fty21383 MEWElogs[320228]: UNSH, 1626330849856599901, FTY, 16
<134>2021-07-15T06:34:36Z cache-bos4657 MEWElogs[320228]: UNSH, 1626330876202006770, BOS, 16
<134>2021-07-15T06:34:54Z cache-fty21383 MEWElogs[320228]: UNSH, 1626330893280942664, FTY, 16
<134>2021-07-15T06:35:00Z cache-dub4329 MEWElogs[320228]: UNSH, 1626330899735876126, DUB, 16
<134>2021-07-15T06:35:29Z cache-fty21383 MEWElogs[320228]: UNSH, 1626330928125416564, FTY, 16
<134>2021-07-15T06:35:38Z cache-fty21383 MEWElogs[320228]: UNSH, 1626330937007979799, FTY, 16
<134>2021-07-15T06:35:58Z cache-dub4329 MEWElogs[320228]: UNSH, 1626330957487893504, DUB, 16
<134>2021-07-15T06:36:13Z cache-cwb20520 MEWElogs[320228]: UNSH, 1626330972894096355, CWB, 16
<134>2021-07-15T06:36:23Z cache-dub4329 MEWElogs[320228]: UNSH, 1626330982007972767, DUB, 16
<134>2021-07-15T06:36:58Z cache-del21735 MEWElogs[320228]: UNSH, 1626331017268730642, DEL, 16
<134>2021-07-15T06:37:01Z cache-hhn4077 MEWElogs[320228]: UNSH, 1626331020880151182, HHN, 16
<134>2021-07-15T06:37:14Z cache-fty21383 MEWElogs[320228]: UNSH, 1626331033821830946, FTY, 16
<134>2021-07-15T06:37:32Z cache-chi21126 MEWElogs[320228]: UNSH, 1626331051712207766, CHI, 16
<134>2021-07-15T06:37:45Z cache-dub4329 MEWElogs[320228]: UNSH, 1626331064446706526, DUB, 16
<134>2021-07-15T06:38:10Z cache-dub4329 MEWElogs[320228]: UNSH, 1626331089100005367, DUB, 16
<134>2021-07-15T06:38:15Z cache-pwk4920 MEWElogs[320228]: UNSH, 1626331095346724692, PWK, 16
<134>2021-07-15T06:38:19Z cache-cwb20520 MEWElogs[320228]: UNSH, 1626331097937255239, CWB, 16
<134>2021-07-15T06:39:26Z cache-fty21383 MEWElogs[320228]: UNSH, 1626331165161797845, FTY, 16
<134>2021-07-15T06:39:30Z cache-akl10324 MEWElogs[320228]: UNSH, 1626331169501090013, AKL, 16
<134>2021-07-15T06:39:54Z cache-dal21283 MEWElogs[320228]: UNSH, 1626331193183806531, DAL, 16
<134>2021-07-15T06:40:44Z cache-dal21283 MEWElogs[320228]: UNSH, 1626331243813714854, DAL, 16
<134>2021-07-15T06:40:48Z cache-akl10324 MEWElogs[320228]: UNSH, 1626331247797618157, AKL, 16
<134>2021-07-15T06:41:23Z cache-akl10324 MEWElogs[320228]: UNSH, 1626331282089239366, AKL, 16
<134>2021-07-15T06:41:26Z cache-den8274 MEWElogs[320228]: UNSH, 1626331285112000924, DEN, 16
<134>2021-07-15T06:41:48Z cache-hhn4077 MEWElogs[320228]: UNSH, 1626331307312750651, HHN, 16
