<134>2021-07-15T00:38:59Z cache-pwk4920 MEWElogs[39982]: CROP, 1626309539456974010, PWK, 12
<134>2021-07-15T00:39:03Z cache-hel6829 MEWElogs[39982]: CROP, 1626309542222706055, HEL, 12
<134>2021-07-15T00:39:07Z cache-hel6829 MEWElogs[39982]: CROP, 1626309546374098093, HEL, 12
<134>2021-07-15T00:39:11Z cache-dub4329 MEWElogs[39982]: CROP, 1626309550654615382, DUB, 12
<134>2021-07-15T00:39:13Z cache-bos4657 MEWElogs[39982]: CROP, 1626309553093289816, BOS, 12
<134>2021-07-15T00:40:02Z cache-hel6829 MEWElogs[39982]: CROP, 1626309601316291159, HEL, 12
<134>2021-07-15T00:40:17Z cache-cph20625 MEWElogs[39982]: CROP, 1626309617518312567, CPH, 12
<134>2021-07-15T00:40:18Z cache-hel6829 MEWElogs[39982]: CROP, 1626309617929284949, HEL, 12
<134>2021-07-15T00:40:19Z cache-dfw18678 MEWElogs[39982]: CROP, 1626309618149120807, DFW, 12
<134>2021-07-15T00:40:19Z cache-dub4329 MEWElogs[39982]: CROP, 1626309618573707007, DUB, 12
<134>2021-07-15T00:40:24Z cache-bos4657 MEWElogs[39982]: CROP, 1626309624204520238, BOS, 12
<134>2021-07-15T00:40:27Z cache-hel6829 MEWElogs[39982]: CROP, 1626309626343390205, HEL, 12
<134>2021-07-15T00:40:30Z cache-iah17271 MEWElogs[39982]: CROP, 1626309629094088975, IAH, 12
<134>2021-07-15T00:40:31Z cache-hel6829 MEWElogs[39982]: CROP, 1626309630506551471, HEL, 12
<134>2021-07-15T00:40:43Z cache-dub4329 MEWElogs[39982]: CROP, 1626309642032995876, DUB, 12
<134>2021-07-15T00:40:58Z cache-iah17271 MEWElogs[39982]: CROP, 1626309657726942610, IAH, 12
<134>2021-07-15T00:41:06Z cache-dub4329 MEWElogs[39982]: CROP, 1626309665557463639, DUB, 12
<134>2021-07-15T00:41:16Z cache-iah17271 MEWElogs[39982]: CROP, 1626309676243760944, IAH, 12
<134>2021-07-15T00:41:26Z cache-hel6829 MEWElogs[39982]: CROP, 1626309685302123316, HEL, 12
<134>2021-07-15T00:41:48Z cache-dub4329 MEWElogs[39982]: CROP, 1626309707279867406, DUB, 12
<134>2021-07-15T00:41:49Z cache-cwb20520 MEWElogs[39982]: CROP, 1626309707916183955, CWB, 12
<134>2021-07-15T00:42:00Z cache-den8274 MEWElogs[39982]: CROP, 1626309719375155098, DEN, 12
<134>2021-07-15T00:42:05Z cache-pwk4920 MEWElogs[39982]: CROP, 1626309723987628468, PWK, 12
<134>2021-07-15T00:42:06Z cache-jnb7027 MEWElogs[39982]: CROP, 1626309725603550381, JNB, 12
<134>2021-07-15T00:42:07Z cache-den8274 MEWElogs[39982]: CROP, 1626309726856983070, DEN, 12
<134>2021-07-15T00:42:15Z cache-cwb20520 MEWElogs[39982]: CROP, 1626309733938929240, CWB, 12
<134>2021-07-15T00:42:29Z cache-hel6829 MEWElogs[39982]: CROP, 1626309748282659564, HEL, 12
<134>2021-07-15T00:42:37Z cache-hel6829 MEWElogs[39982]: CROP, 1626309756586975357, HEL, 12
<134>2021-07-15T00:42:41Z cache-lcy19283 MEWElogs[39982]: CROP, 1626309760950509830, LCY, 12
<134>2021-07-15T00:42:48Z cache-iah17271 MEWElogs[39982]: CROP, 1626309768320236356, IAH, 12
<134>2021-07-15T00:42:51Z cache-pwk4920 MEWElogs[39982]: CROP, 1626309770732326567, PWK, 12
<134>2021-07-15T00:43:01Z cache-cwb20520 MEWElogs[39982]: CROP, 1626309780770335125, CWB, 12
<134>2021-07-15T00:43:23Z cache-hel6829 MEWElogs[39982]: CROP, 1626309802759762329, HEL, 12
<134>2021-07-15T00:43:37Z cache-mrs10583 MEWElogs[39982]: CROP, 1626309816101351224, MRS, 12
<134>2021-07-15T00:43:37Z cache-jnb7027 MEWElogs[39982]: CROP, 1626309816312399676, JNB, 12
<134>2021-07-15T00:43:38Z cache-mad22068 MEWElogs[39982]: CROP, 1626309817828319272, MAD, 12
<134>2021-07-15T00:43:45Z cache-jnb7027 MEWElogs[39982]: CROP, 1626309824020805214, JNB, 12
<134>2021-07-15T00:43:48Z cache-dal21283 MEWElogs[39982]: CROP, 1626309828313910876, DAL, 12
<134>2021-07-15T00:44:03Z cache-dal21283 MEWElogs[39982]: CROP, 1626309843211005408, DAL, 12
<134>2021-07-15T00:44:09Z cache-mrs10583 MEWElogs[39982]: CROP, 1626309848293544715, MRS, 12
<134>2021-07-15T00:44:24Z cache-jnb7027 MEWElogs[39982]: CROP, 1626309863381532423, JNB, 12
<134>2021-07-15T00:44:26Z cache-den8274 MEWElogs[39982]: CROP, 1626309865196849341, DEN, 12
<134>2021-07-15T00:44:28Z cache-iah17271 MEWElogs[39982]: CROP, 1626309868121877963, IAH, 12
<134>2021-07-15T00:44:34Z cache-lcy19283 MEWElogs[39982]: CROP, 1626309873864629784, LCY, 12
<134>2021-07-15T00:44:35Z cache-mrs10583 MEWElogs[39982]: CROP, 1626309874625638806, MRS, 12
<134>2021-07-15T00:44:36Z cache-den8274 MEWElogs[39982]: CROP, 1626309876132961963, DEN, 12
<134>2021-07-15T00:44:47Z cache-hkg17929 MEWElogs[39982]: CROP, 1626309886691022873, HKG, 12
<134>2021-07-15T00:44:51Z cache-dal21283 MEWElogs[39982]: CROP, 1626309890103777584, DAL, 12
<134>2021-07-15T00:44:52Z cache-iah17271 MEWElogs[39982]: CROP, 1626309891449354219, IAH, 12
<134>2021-07-15T00:44:53Z cache-bur17583 MEWElogs[39982]: CROP, 1626309892984299585, BUR, 12
<134>2021-07-15T00:45:01Z cache-mad22068 MEWElogs[39982]: CROP, 1626309900777911889, MAD, 12
<134>2021-07-15T00:45:04Z cache-mad22068 MEWElogs[39982]: CROP, 1626309903777920265, MAD, 12
<134>2021-07-15T00:45:11Z cache-mad22068 MEWElogs[39982]: CROP, 1626309910170373698, MAD, 12
<134>2021-07-15T00:45:20Z cache-mad22068 MEWElogs[39982]: CROP, 1626309919770124099, MAD, 12
<134>2021-07-15T00:45:22Z cache-jnb7027 MEWElogs[39982]: CROP, 1626309922126024364, JNB, 12
<134>2021-07-15T00:45:23Z cache-dal21283 MEWElogs[39982]: CROP, 1626309923057353221, DAL, 12
<134>2021-07-15T00:45:33Z cache-dal21283 MEWElogs[39982]: CROP, 1626309932935099975, DAL, 12
<134>2021-07-15T00:45:35Z cache-hkg17929 MEWElogs[39982]: CROP, 1626309934755933963, HKG, 12
<134>2021-07-15T00:45:40Z cache-lcy19283 MEWElogs[39982]: CROP, 1626309939346499428, LCY, 12
<134>2021-07-15T00:46:56Z cache-hkg17929 MEWElogs[39982]: CROP, 1626310016049857267, HKG, 12
<134>2021-07-15T00:47:03Z cache-mrs10583 MEWElogs[39982]: CROP, 1626310023145845433, MRS, 12
<134>2021-07-15T00:47:03Z cache-dal21283 MEWElogs[39982]: CROP, 1626310022787491832, DAL, 12
<134>2021-07-15T00:47:15Z cache-hkg17929 MEWElogs[39982]: CROP, 1626310035686382400, HKG, 12
<134>2021-07-15T00:47:18Z cache-jnb7027 MEWElogs[39982]: CROP, 1626310037240595815, JNB, 12
<134>2021-07-15T00:47:27Z cache-mrs10583 MEWElogs[39982]: CROP, 1626310046502760983, MRS, 12
<134>2021-07-15T00:47:39Z cache-cwb20520 MEWElogs[39982]: CROP, 1626310058692594553, CWB, 12
<134>2021-07-15T00:47:41Z cache-iah17271 MEWElogs[39982]: CROP, 1626310061560366021, IAH, 12
<134>2021-07-15T00:47:55Z cache-bur17583 MEWElogs[39982]: CROP, 1626310074791144630, BUR, 12
<134>2021-07-15T00:47:56Z cache-iah17271 MEWElogs[39982]: CROP, 1626310075495925038, IAH, 12
<134>2021-07-15T00:48:01Z cache-iah17271 MEWElogs[39982]: CROP, 1626310080387221814, IAH, 12
<134>2021-07-15T00:48:01Z cache-mad22068 MEWElogs[39982]: CROP, 1626310080636016287, MAD, 12
<134>2021-07-15T00:48:02Z cache-mia11368 MEWElogs[39982]: CROP, 1626310081840201633, MIA, 12
<134>2021-07-15T00:48:12Z cache-dal21283 MEWElogs[39982]: CROP, 1626310092003366721, DAL, 12
<134>2021-07-15T00:48:30Z cache-mci5951 MEWElogs[39982]: CROP, 1626310110429332567, MCI, 12
<134>2021-07-15T00:48:35Z cache-mia11368 MEWElogs[39982]: CROP, 1626310114051828671, MIA, 12
<134>2021-07-15T00:48:42Z cache-hkg17929 MEWElogs[39982]: CROP, 1626310121972175087, HKG, 12
