<134>2021-07-15T04:06:17Z cache-dca17782 MEWElogs[21956]: ROTATE, 1626321977550454244, DCA, 15
<134>2021-07-15T04:06:19Z cache-cmh21547 MEWElogs[21956]: ROTATE, 1626321978406695587, CMH, 15
<134>2021-07-15T04:07:03Z cache-wdc5583 MEWElogs[21956]: ROTATE, 1626322022876274340, WDC, 15
<134>2021-07-15T04:07:15Z cache-dca17782 MEWElogs[21956]: ROTATE, 1626322035021932240, DCA, 15
<134>2021-07-15T04:07:23Z cache-ord1740 MEWElogs[21956]: ROTATE, 1626322042116266856, ORD, 15
<134>2021-07-15T04:07:59Z cache-ams21020 MEWElogs[21956]: ROTATE, 1626322078289290331, AMS, 15
<134>2021-07-15T04:08:22Z cache-ams21020 MEWElogs[21956]: ROTATE, 1626322101398065951, AMS, 15
<134>2021-07-15T04:08:37Z cache-maa10251 MEWElogs[21956]: ROTATE, 1626322116769259411, MAA, 15
<134>2021-07-15T04:08:41Z cache-wdc5583 MEWElogs[21956]: ROTATE, 1626322121446015303, WDC, 15
<134>2021-07-15T04:08:53Z cache-ams21020 MEWElogs[21956]: ROTATE, 1626322132201598391, AMS, 15
<134>2021-07-15T04:08:55Z cache-ord1740 MEWElogs[21956]: ROTATE, 1626322134257966385, ORD, 15
<134>2021-07-15T04:08:59Z cache-cph20625 MEWElogs[21956]: ROTATE, 1626322138672264348, CPH, 15
<134>2021-07-15T04:09:00Z cache-bog6425 MEWElogs[21956]: ROTATE, 1626322139317931960, BOG, 15
<134>2021-07-15T04:09:04Z cache-ord1740 MEWElogs[21956]: ROTATE, 1626322143371479362, ORD, 15
<134>2021-07-15T04:09:09Z cache-dca17782 MEWElogs[21956]: ROTATE, 1626322149127287989, DCA, 15
<134>2021-07-15T04:09:55Z cache-ams21020 MEWElogs[21956]: ROTATE, 1626322193988280662, AMS, 15
<134>2021-07-15T04:09:56Z cache-eze19324 MEWElogs[21956]: ROTATE, 1626322195680578032, EZE, 15
<134>2021-07-15T04:11:12Z cache-dca17782 MEWElogs[21956]: ROTATE, 1626322271869563059, DCA, 15
<134>2021-07-15T04:11:36Z cache-pdk17882 MEWElogs[21956]: ROTATE, 1626322295082072798, PDK, 15
<134>2021-07-15T04:11:41Z cache-dca17782 MEWElogs[21956]: ROTATE, 1626322300308980036, DCA, 15
<134>2021-07-15T04:11:44Z cache-ams21020 MEWElogs[21956]: ROTATE, 1626322303013601329, AMS, 15
<134>2021-07-15T04:11:51Z cache-dca17782 MEWElogs[21956]: ROTATE, 1626322310071294765, DCA, 15
<134>2021-07-15T04:11:51Z cache-mdw17383 MEWElogs[21956]: ROTATE, 1626322311337810664, MDW, 15
<134>2021-07-15T04:11:54Z cache-pdk17882 MEWElogs[21956]: ROTATE, 1626322313719448319, PDK, 15
<134>2021-07-15T04:11:57Z cache-bog6425 MEWElogs[21956]: ROTATE, 1626322317659552057, BOG, 15
<134>2021-07-15T04:11:59Z cache-ams21020 MEWElogs[21956]: ROTATE, 1626322318537667405, AMS, 15
<134>2021-07-15T04:12:03Z cache-mdw17383 MEWElogs[21956]: ROTATE, 1626322322460941373, MDW, 15
<134>2021-07-15T04:12:07Z cache-bog6425 MEWElogs[21956]: ROTATE, 1626322327598834885, BOG, 15
<134>2021-07-15T04:12:11Z cache-eze19324 MEWElogs[21956]: ROTATE, 1626322330839580897, EZE, 15
<134>2021-07-15T04:12:38Z cache-bog6425 MEWElogs[21956]: ROTATE, 1626322357242714534, BOG, 15
<134>2021-07-15T04:12:47Z cache-mdw17383 MEWElogs[21956]: ROTATE, 1626322366697184436, MDW, 15
<134>2021-07-15T04:13:18Z cache-eze19324 MEWElogs[21956]: ROTATE, 1626322398388259435, EZE, 15
<134>2021-07-15T04:14:03Z cache-ams21020 MEWElogs[21956]: ROTATE, 1626322442727405801, AMS, 15
<134>2021-07-15T04:14:05Z cache-mdw17383 MEWElogs[21956]: ROTATE, 1626322444628799414, MDW, 15
<134>2021-07-15T04:14:49Z cache-mdw17383 MEWElogs[21956]: ROTATE, 1626322488368528558, MDW, 15
<134>2021-07-15T04:15:09Z cache-maa10251 MEWElogs[21956]: ROTATE, 1626322509376464578, MAA, 15
<134>2021-07-15T04:15:28Z cache-dca17782 MEWElogs[21956]: ROTATE, 1626322527708973721, DCA, 15
<134>2021-07-15T04:15:35Z cache-eze19324 MEWElogs[21956]: ROTATE, 1626322534230775153, EZE, 15
<134>2021-07-15T04:15:42Z cache-cph20625 MEWElogs[21956]: ROTATE, 1626322541604483087, CPH, 15
<134>2021-07-15T04:15:47Z cache-maa10251 MEWElogs[21956]: ROTATE, 1626322546803906937, MAA, 15
