<134>2021-07-15T00:59:18Z cache-scl19427 MEWElogs[370074]: CROP, 1626310758450805471, SCL, 12
<134>2021-07-15T00:59:24Z cache-bom4751 MEWElogs[370074]: CROP, 1626310763170949025, BOM, 12
<134>2021-07-15T00:59:29Z cache-syd10183 MEWElogs[370074]: CROP, 1626310768493051381, SYD, 12
<134>2021-07-15T00:59:50Z cache-stl4834 MEWElogs[370074]: CROP, 1626310790142154423, STL, 12
<134>2021-07-15T00:59:55Z cache-itm18851 MEWElogs[370074]: CROP, 1626310795526295834, ITM, 12
<134>2021-07-15T01:00:02Z cache-gig17035 MEWElogs[370074]: CROP, 1626310801847300392, GIG, 12
<134>2021-07-15T01:00:13Z cache-hnd18722 MEWElogs[370074]: CROP, 1626310812961644644, HND, 12
<134>2021-07-15T01:00:25Z cache-itm18851 MEWElogs[370074]: CROP, 1626310824731252101, ITM, 12
<134>2021-07-15T01:00:41Z cache-cgh11122 MEWElogs[370074]: CROP, 1626310840690852823, CGH, 12
<134>2021-07-15T01:00:43Z cache-scl19427 MEWElogs[370074]: CROP, 1626310842938545915, SCL, 12
<134>2021-07-15T01:00:50Z cache-stl4834 MEWElogs[370074]: CROP, 1626310849567442599, STL, 12
<134>2021-07-15T01:00:54Z cache-cgh11122 MEWElogs[370074]: CROP, 1626310853868303777, CGH, 12
<134>2021-07-15T01:01:23Z cache-syd10183 MEWElogs[370074]: CROP, 1626310882684569177, SYD, 12
<134>2021-07-15T01:01:35Z cache-gig17035 MEWElogs[370074]: CROP, 1626310894775262693, GIG, 12
<134>2021-07-15T01:02:07Z cache-scl19427 MEWElogs[370074]: CROP, 1626310927675701278, SCL, 12
<134>2021-07-15T01:02:09Z cache-hnd18722 MEWElogs[370074]: CROP, 1626310928590167385, HND, 12
<134>2021-07-15T01:02:09Z cache-bom4751 MEWElogs[370074]: CROP, 1626310928512902258, BOM, 12
<134>2021-07-15T01:02:10Z cache-syd10183 MEWElogs[370074]: CROP, 1626310930490878243, SYD, 12
<134>2021-07-15T01:02:14Z cache-cgh11122 MEWElogs[370074]: CROP, 1626310934295350007, CGH, 12
<134>2021-07-15T01:02:17Z cache-gig17035 MEWElogs[370074]: CROP, 1626310936483978984, GIG, 12
<134>2021-07-15T01:02:23Z cache-hnd18722 MEWElogs[370074]: CROP, 1626310942395180694, HND, 12
<134>2021-07-15T01:02:29Z cache-syd10183 MEWElogs[370074]: CROP, 1626310949594822950, SYD, 12
<134>2021-07-15T01:03:09Z cache-bom4751 MEWElogs[370074]: CROP, 1626310987870143141, BOM, 12
<134>2021-07-15T01:03:23Z cache-bma1628 MEWElogs[370074]: CROP, 1626311002639735898, BMA, 12
<134>2021-07-15T01:03:38Z cache-sea4483 MEWElogs[370074]: CROP, 1626311018010359532, SEA, 12
<134>2021-07-15T01:03:57Z cache-sea4483 MEWElogs[370074]: CROP, 1626311037529074328, SEA, 12
<134>2021-07-15T01:04:05Z cache-bma1628 MEWElogs[370074]: CROP, 1626311044114894743, BMA, 12
<134>2021-07-15T01:04:17Z cache-bma1628 MEWElogs[370074]: CROP, 1626311056140338240, BMA, 12
<134>2021-07-15T01:04:25Z cache-syd10183 MEWElogs[370074]: CROP, 1626311064637748353, SYD, 12
<134>2021-07-15T01:04:28Z cache-pao17461 MEWElogs[370074]: CROP, 1626311068021137156, PAO, 12
<134>2021-07-15T01:04:58Z cache-bma1628 MEWElogs[370074]: CROP, 1626311097273802249, BMA, 12
<134>2021-07-15T01:05:14Z cache-sea4483 MEWElogs[370074]: CROP, 1626311114274853102, SEA, 12
<134>2021-07-15T01:05:31Z cache-bma1628 MEWElogs[370074]: CROP, 1626311129935314618, BMA, 12
<134>2021-07-15T01:05:42Z cache-itm18851 MEWElogs[370074]: CROP, 1626311141747750152, ITM, 12
<134>2021-07-15T01:05:53Z cache-tyo11974 MEWElogs[370074]: CROP, 1626311152363731299, TYO, 12
<134>2021-07-15T01:05:54Z cache-sea4483 MEWElogs[370074]: CROP, 1626311153649816049, SEA, 12
<134>2021-07-15T01:06:10Z cache-sjc10078 MEWElogs[370074]: CROP, 1626311169857034858, SJC, 12
<134>2021-07-15T01:06:41Z cache-sea4483 MEWElogs[370074]: CROP, 1626311200628723813, SEA, 12
<134>2021-07-15T01:06:46Z cache-vie21629 MEWElogs[370074]: CROP, 1626311205842725972, VIE, 12
<134>2021-07-15T01:06:48Z cache-bma1628 MEWElogs[370074]: CROP, 1626311206995750821, BMA, 12
<134>2021-07-15T01:07:38Z cache-sea4483 MEWElogs[370074]: CROP, 1626311257705383397, SEA, 12
<134>2021-07-15T01:08:06Z cache-cgh11183 MEWElogs[370074]: CROP, 1626311285148168909, CGH, 12
<134>2021-07-15T01:08:30Z cache-sea4483 MEWElogs[370074]: CROP, 1626311309672268583, SEA, 12
<134>2021-07-15T01:08:48Z cache-tyo11974 MEWElogs[370074]: CROP, 1626311328285054118, TYO, 12
<134>2021-07-15T01:08:50Z cache-yyz4551 MEWElogs[370074]: CROP, 1626311329610308254, YYZ, 12
<134>2021-07-15T01:09:12Z cache-cgh11183 MEWElogs[370074]: CROP, 1626311351890816142, CGH, 12
