<134>2021-07-15T05:18:31Z cache-gru17149 MEWElogs[369035]: ROTATE, 1626326310818078854, GRU, 15
<134>2021-07-15T05:18:41Z cache-stl4834 MEWElogs[369035]: ROTATE, 1626326320092273818, STL, 15
<134>2021-07-15T05:18:51Z cache-gig17035 MEWElogs[369035]: ROTATE, 1626326330298811608, GIG, 15
<134>2021-07-15T05:19:17Z cache-bom4751 MEWElogs[369035]: ROTATE, 1626326356464431376, BOM, 15
<134>2021-07-15T05:20:53Z cache-scl19427 MEWElogs[369035]: ROTATE, 1626326452822480737, SCL, 15
<134>2021-07-15T05:21:04Z cache-scl19427 MEWElogs[369035]: ROTATE, 1626326464227931487, SCL, 15
<134>2021-07-15T05:21:09Z cache-bom4751 MEWElogs[369035]: ROTATE, 1626326468063826660, BOM, 15
<134>2021-07-15T05:21:12Z cache-stl4834 MEWElogs[369035]: ROTATE, 1626326471699072549, STL, 15
<134>2021-07-15T05:21:18Z cache-bom4751 MEWElogs[369035]: ROTATE, 1626326477442012894, BOM, 15
<134>2021-07-15T05:21:22Z cache-gru17149 MEWElogs[369035]: ROTATE, 1626326481403466341, GRU, 15
<134>2021-07-15T05:22:19Z cache-hnd18722 MEWElogs[369035]: ROTATE, 1626326539182757204, HND, 15
<134>2021-07-15T05:22:49Z cache-scl19427 MEWElogs[369035]: ROTATE, 1626326567953275642, SCL, 15
<134>2021-07-15T05:23:11Z cache-stl4834 MEWElogs[369035]: ROTATE, 1626326591179944007, STL, 15
<134>2021-07-15T05:23:12Z cache-cgh11122 MEWElogs[369035]: ROTATE, 1626326591320621879, CGH, 15
<134>2021-07-15T05:23:23Z cache-syd10183 MEWElogs[369035]: ROTATE, 1626326602501744699, SYD, 15
<134>2021-07-15T05:23:56Z cache-scl19427 MEWElogs[369035]: ROTATE, 1626326635887940275, SCL, 15
<134>2021-07-15T05:24:25Z cache-itm18851 MEWElogs[369035]: ROTATE, 1626326664760563590, ITM, 15
<134>2021-07-15T05:24:52Z cache-hnd18722 MEWElogs[369035]: ROTATE, 1626326692090586434, HND, 15
<134>2021-07-15T05:25:06Z cache-gig17035 MEWElogs[369035]: ROTATE, 1626326705588535792, GIG, 15
<134>2021-07-15T05:25:16Z cache-hnd18722 MEWElogs[369035]: ROTATE, 1626326714936676157, HND, 15
<134>2021-07-15T05:25:17Z cache-cgh11122 MEWElogs[369035]: ROTATE, 1626326716168378614, CGH, 15
<134>2021-07-15T05:26:28Z cache-itm18851 MEWElogs[369035]: ROTATE, 1626326787690505634, ITM, 15
<134>2021-07-15T05:26:33Z cache-cgh11122 MEWElogs[369035]: ROTATE, 1626326793042607259, CGH, 15
<134>2021-07-15T05:26:46Z cache-pao17461 MEWElogs[369035]: ROTATE, 1626326805754261346, PAO, 15
<134>2021-07-15T05:27:06Z cache-hnd18722 MEWElogs[369035]: ROTATE, 1626326825425939853, HND, 15
<134>2021-07-15T05:27:44Z cache-sea4483 MEWElogs[369035]: ROTATE, 1626326864106506936, SEA, 15
<134>2021-07-15T05:27:57Z cache-sjc10078 MEWElogs[369035]: ROTATE, 1626326877252691233, SJC, 15
<134>2021-07-15T05:27:59Z cache-cgh11122 MEWElogs[369035]: ROTATE, 1626326878682552387, CGH, 15
