<134>2021-07-14T17:32:39Z cache-mia11368 MEWElogs[382896]: FLIPH, 1626283959469356059, MIA, -1
<134>2021-07-14T17:32:39Z cache-lax10677 MEWElogs[382896]: FLIPH, 1626283959638130480, LGB, -1
<134>2021-07-14T17:32:49Z cache-mia11368 MEWElogs[382896]: FLIPH, 1626283969194756484, MIA, -1
<134>2021-07-14T17:33:03Z cache-lga21983 MEWElogs[382896]: FLIPH, 1626283983176085674, LGA, -1
<134>2021-07-14T17:33:13Z cache-lga21983 MEWElogs[382896]: FLIPH, 1626283993058583503, LGA, -1
<134>2021-07-14T17:33:17Z cache-jax20933 MEWElogs[382896]: FLIPH, 1626283996796852171, JAX, 10
<134>2021-07-14T17:33:21Z cache-man4150 MEWElogs[382896]: FLIPH, 1626284000695134753, MAN, 10
<134>2021-07-14T17:33:23Z cache-cdg20720 MEWElogs[382896]: FLIPH, 1626284002948373681, CDG, 10
<134>2021-07-14T17:33:27Z cache-stp9226 MEWElogs[382896]: FLIPH, 1626284007550781724, STP, -1
<134>2021-07-14T17:33:35Z cache-ewr18156 MEWElogs[382896]: FLIPH, 1626284014669460778, EWR, 10
<134>2021-07-14T17:33:49Z cache-stp9226 MEWElogs[382896]: FLIPH, 1626284029408903254, STP, -1
<134>2021-07-14T17:33:54Z cache-lax10677 MEWElogs[382896]: FLIPH, 1626284033123830873, LGB, 10
<134>2021-07-14T17:34:00Z cache-cdg20720 MEWElogs[382896]: FLIPH, 1626284040252453071, CDG, -1
<134>2021-07-14T17:34:01Z cache-lax10677 MEWElogs[382896]: FLIPH, 1626284040007949796, LGB, -1
<134>2021-07-14T17:34:10Z cache-lax10677 MEWElogs[382896]: FLIPH, 1626284049897564790, LGB, -1
<134>2021-07-14T17:34:16Z cache-lga21983 MEWElogs[382896]: FLIPH, 1626284056115752289, LGA, 10
<134>2021-07-14T17:34:21Z cache-cdg20720 MEWElogs[382896]: FLIPH, 1626284060727125161, CDG, -1
<134>2021-07-14T17:34:26Z cache-mel11272 MEWElogs[382896]: FLIPH, 1626284065162926424, MEL, -1
<134>2021-07-14T17:34:46Z cache-yul12826 MEWElogs[382896]: FLIPH, 1626284085555623555, YUL, 10
<134>2021-07-14T17:34:49Z cache-ewr18156 MEWElogs[382896]: FLIPH, 1626284088882028478, EWR, 10
<134>2021-07-14T17:34:51Z cache-osl6529 MEWElogs[382896]: FLIPH, 1626284090658129616, OSL, 10
<134>2021-07-14T17:34:56Z cache-ewr18156 MEWElogs[382896]: FLIPH, 1626284095069888482, EWR, -1
<134>2021-07-14T17:35:00Z cache-jax20933 MEWElogs[382896]: FLIPH, 1626284100145623146, JAX, -1
<134>2021-07-14T17:35:07Z cache-man4150 MEWElogs[382896]: FLIPH, 1626284106787170634, MAN, -1
<134>2021-07-14T17:35:07Z cache-ewr18156 MEWElogs[382896]: FLIPH, 1626284107443466718, EWR, 10
<134>2021-07-14T17:35:24Z cache-man4150 MEWElogs[382896]: FLIPH, 1626284124004049649, MAN, -1
<134>2021-07-14T17:35:26Z cache-ewr18156 MEWElogs[382896]: FLIPH, 1626284126216284118, EWR, 10
<134>2021-07-14T17:35:35Z cache-man4150 MEWElogs[382896]: FLIPH, 1626284135491727146, MAN, 10
<134>2021-07-14T17:35:51Z cache-lga21983 MEWElogs[382896]: FLIPH, 1626284151210115464, LGA, -1
<134>2021-07-14T17:36:00Z cache-mel11272 MEWElogs[382896]: FLIPH, 1626284159343795595, MEL, 10
<134>2021-07-14T17:36:05Z cache-osl6529 MEWElogs[382896]: FLIPH, 1626284164749594828, OSL, 10
<134>2021-07-14T17:36:10Z cache-mel11272 MEWElogs[382896]: FLIPH, 1626284169503457072, MEL, 10
<134>2021-07-14T17:36:12Z cache-cdg20720 MEWElogs[382896]: FLIPH, 1626284171980342099, CDG, -1
<134>2021-07-14T17:36:40Z cache-mel11272 MEWElogs[382896]: FLIPH, 1626284200499633530, MEL, 10
<134>2021-07-14T17:36:47Z cache-man4150 MEWElogs[382896]: FLIPH, 1626284207154316887, MAN, -1
<134>2021-07-14T17:36:58Z cache-bom4751 MEWElogs[382896]: FLIPH, 1626284217360592777, BOM, 10
<134>2021-07-14T17:37:01Z cache-mel11272 MEWElogs[382896]: FLIPH, 1626284220648333600, MEL, 10
<134>2021-07-14T17:37:10Z cache-lga21983 MEWElogs[382896]: FLIPH, 1626284229918722520, LGA, -1
<134>2021-07-14T17:37:12Z cache-man4150 MEWElogs[382896]: FLIPH, 1626284231386463097, MAN, -1
<134>2021-07-14T17:37:16Z cache-ewr18156 MEWElogs[382896]: FLIPH, 1626284236578099946, EWR, 10
<134>2021-07-14T17:37:35Z cache-gig17035 MEWElogs[382896]: FLIPH, 1626284255761680509, GIG, -1
<134>2021-07-14T17:37:41Z cache-scl19427 MEWElogs[382896]: FLIPH, 1626284260903703790, SCL, 10
<134>2021-07-14T17:37:44Z cache-ewr18156 MEWElogs[382896]: FLIPH, 1626284263845733811, EWR, 10
<134>2021-07-14T17:37:46Z cache-osl6529 MEWElogs[382896]: FLIPH, 1626284266552929418, OSL, 10
<134>2021-07-14T17:37:48Z cache-bom4751 MEWElogs[382896]: FLIPH, 1626284267011942275, BOM, 10
<134>2021-07-14T17:37:52Z cache-gig17035 MEWElogs[382896]: FLIPH, 1626284271065743680, GIG, 10
<134>2021-07-14T17:38:00Z cache-mel11272 MEWElogs[382896]: FLIPH, 1626284279064783937, MEL, -1
<134>2021-07-14T17:38:12Z cache-mel11272 MEWElogs[382896]: FLIPH, 1626284291759223733, MEL, 10
<134>2021-07-14T17:38:18Z cache-lax10677 MEWElogs[382896]: FLIPH, 1626284298644806251, LGB, -1
<134>2021-07-14T17:38:30Z cache-mel11272 MEWElogs[382896]: FLIPH, 1626284309610902312, MEL, -1
<134>2021-07-14T17:38:37Z cache-man4150 MEWElogs[382896]: FLIPH, 1626284317045625862, MAN, -1
<134>2021-07-14T17:38:39Z cache-lax10677 MEWElogs[382896]: FLIPH, 1626284318380721669, LGB, -1
<134>2021-07-14T17:38:42Z cache-lax10677 MEWElogs[382896]: FLIPH, 1626284321486411360, LGB, 10
<134>2021-07-14T17:38:43Z cache-mel11272 MEWElogs[382896]: FLIPH, 1626284322444201251, MEL, 10
<134>2021-07-14T17:38:49Z cache-lax10677 MEWElogs[382896]: FLIPH, 1626284328426762784, LGB, -1
<134>2021-07-14T17:38:52Z cache-lga21983 MEWElogs[382896]: FLIPH, 1626284331794699440, LGA, 10
<134>2021-07-14T17:39:10Z cache-man4150 MEWElogs[382896]: FLIPH, 1626284350337551715, MAN, -1
<134>2021-07-14T17:39:16Z cache-cdg20720 MEWElogs[382896]: FLIPH, 1626284355447471307, CDG, -1
<134>2021-07-14T17:39:29Z cache-osl6529 MEWElogs[382896]: FLIPH, 1626284368628571786, OSL, 10
<134>2021-07-14T17:39:34Z cache-mel11272 MEWElogs[382896]: FLIPH, 1626284373676344858, MEL, 10
<134>2021-07-14T17:39:36Z cache-cdg20720 MEWElogs[382896]: FLIPH, 1626284375708894455, CDG, -1
<134>2021-07-14T17:40:02Z cache-bom4751 MEWElogs[382896]: FLIPH, 1626284401459192859, BOM, -1
<134>2021-07-14T17:40:09Z cache-man4150 MEWElogs[382896]: FLIPH, 1626284408731011899, MAN, -1
<134>2021-07-14T17:40:24Z cache-bom4751 MEWElogs[382896]: FLIPH, 1626284423475270547, BOM, 10
<134>2021-07-14T17:40:43Z cache-bom4751 MEWElogs[382896]: FLIPH, 1626284442877715989, BOM, 10
<134>2021-07-14T17:40:57Z cache-ewr18156 MEWElogs[382896]: FLIPH, 1626284456205056465, EWR, -1
<134>2021-07-14T17:41:02Z cache-cdg20720 MEWElogs[382896]: FLIPH, 1626284461514038531, CDG, 10
<134>2021-07-14T17:41:04Z cache-scl19427 MEWElogs[382896]: FLIPH, 1626284463861682405, SCL, -1
<134>2021-07-14T17:41:31Z cache-bom4751 MEWElogs[382896]: FLIPH, 1626284490458597603, BOM, 10
<134>2021-07-14T17:41:38Z cache-ewr18156 MEWElogs[382896]: FLIPH, 1626284497793868904, EWR, 10
<134>2021-07-14T17:42:17Z cache-bom4751 MEWElogs[382896]: FLIPH, 1626284537088142969, BOM, -1
<134>2021-07-14T17:42:30Z cache-cdg20720 MEWElogs[382896]: FLIPH, 1626284550102121557, CDG, -1
