<134>2021-07-15T06:29:32Z cache-hhn4077 MEWElogs[370074]: UNSH, 1626330571801114600, HHN, 16
<134>2021-07-15T06:29:55Z cache-dub4329 MEWElogs[370074]: UNSH, 1626330594717443521, DUB, 16
<134>2021-07-15T06:30:27Z cache-hhn4077 MEWElogs[370074]: UNSH, 1626330626460265713, HHN, 16
<134>2021-07-15T06:30:53Z cache-pwk4920 MEWElogs[370074]: UNSH, 1626330653166255185, PWK, 16
<134>2021-07-15T06:31:10Z cache-chi21126 MEWElogs[370074]: UNSH, 1626330669445429490, CHI, 16
<134>2021-07-15T06:31:20Z cache-chi21126 MEWElogs[370074]: UNSH, 1626330679319570482, CHI, 16
<134>2021-07-15T06:31:23Z cache-cwb20520 MEWElogs[370074]: UNSH, 1626330681915201716, CWB, 16
<134>2021-07-15T06:31:31Z cache-pwk4920 MEWElogs[370074]: UNSH, 1626330690364861569, PWK, 16
<134>2021-07-15T06:31:57Z cache-akl10324 MEWElogs[370074]: UNSH, 1626330716990257947, AKL, 16
<134>2021-07-15T06:32:18Z cache-pwk4920 MEWElogs[370074]: UNSH, 1626330737060747479, PWK, 16
<134>2021-07-15T06:32:22Z cache-bos4657 MEWElogs[370074]: UNSH, 1626330741866084356, BOS, 16
<134>2021-07-15T06:32:49Z cache-bos4657 MEWElogs[370074]: UNSH, 1626330768691409328, BOS, 16
<134>2021-07-15T06:32:53Z cache-akl10324 MEWElogs[370074]: UNSH, 1626330772425127665, AKL, 16
<134>2021-07-15T06:32:58Z cache-chi21126 MEWElogs[370074]: UNSH, 1626330778556564808, CHI, 16
<134>2021-07-15T06:33:09Z cache-chi21126 MEWElogs[370074]: UNSH, 1626330788008172874, CHI, 16
<134>2021-07-15T06:33:24Z cache-pwk4920 MEWElogs[370074]: UNSH, 1626330803171232959, PWK, 16
<134>2021-07-15T06:33:30Z cache-dub4329 MEWElogs[370074]: UNSH, 1626330809007638434, DUB, 16
<134>2021-07-15T06:33:38Z cache-dub4329 MEWElogs[370074]: UNSH, 1626330817253118559, DUB, 16
<134>2021-07-15T06:34:35Z cache-del21735 MEWElogs[370074]: UNSH, 1626330874846952352, DEL, 16
<134>2021-07-15T06:34:52Z cache-hhn4077 MEWElogs[370074]: UNSH, 1626330892052868533, HHN, 16
<134>2021-07-15T06:35:06Z cache-chi21126 MEWElogs[370074]: UNSH, 1626330905719575389, CHI, 16
<134>2021-07-15T06:35:16Z cache-akl10324 MEWElogs[370074]: UNSH, 1626330916088322199, AKL, 16
<134>2021-07-15T06:35:23Z cache-del21735 MEWElogs[370074]: UNSH, 1626330922539099514, DEL, 16
<134>2021-07-15T06:36:48Z cache-dal21283 MEWElogs[370074]: UNSH, 1626331007699632626, DAL, 16
<134>2021-07-15T06:37:37Z cache-dub4329 MEWElogs[370074]: UNSH, 1626331056331482325, DUB, 16
<134>2021-07-15T06:37:45Z cache-del21735 MEWElogs[370074]: UNSH, 1626331064505395089, DEL, 16
<134>2021-07-15T06:38:23Z cache-hhn4077 MEWElogs[370074]: UNSH, 1626331102955855867, HHN, 16
<134>2021-07-15T06:38:35Z cache-dub4329 MEWElogs[370074]: UNSH, 1626331113969492504, DUB, 16
<134>2021-07-15T06:39:00Z cache-fty21383 MEWElogs[370074]: UNSH, 1626331138970790287, FTY, 16
