<134>2021-07-14T21:44:07Z cache-dfw18678 MEWElogs[46369]: BLUR, 1626299046458599275, DFW, 11
<134>2021-07-14T21:44:30Z cache-del21735 MEWElogs[46369]: BLUR, 1626299069830894459, DEL, 11
<134>2021-07-14T21:44:45Z cache-den8274 MEWElogs[46369]: BLUR, 1626299084634625056, DEN, 11
<134>2021-07-14T21:46:09Z cache-pwk4920 MEWElogs[46369]: BLUR, 1626299169678654673, PWK, 11
<134>2021-07-14T21:47:46Z cache-dal21283 MEWElogs[46369]: BLUR, 1626299265923498558, DAL, 11
<134>2021-07-14T21:48:23Z cache-cwb20520 MEWElogs[46369]: BLUR, 1626299302219865969, CWB, 11
<134>2021-07-14T21:48:41Z cache-cwb20520 MEWElogs[46369]: BLUR, 1626299320559941216, CWB, 11
<134>2021-07-14T21:48:41Z cache-hhn4077 MEWElogs[46369]: BLUR, 1626299321305835332, HHN, 11
<134>2021-07-14T21:49:23Z cache-den8274 MEWElogs[46369]: BLUR, 1626299362844245678, DEN, 11
<134>2021-07-14T21:49:56Z cache-jnb7027 MEWElogs[46369]: BLUR, 1626299395233499044, JNB, 11
<134>2021-07-14T21:50:11Z cache-den8274 MEWElogs[46369]: BLUR, 1626299410367514272, DEN, 11
<134>2021-07-14T21:50:55Z cache-fra19177 MEWElogs[46369]: BLUR, 1626299455044334574, FRA, 11
<134>2021-07-14T21:50:57Z cache-den8274 MEWElogs[46369]: BLUR, 1626299456198544793, DEN, 11
<134>2021-07-14T21:51:07Z cache-hel6829 MEWElogs[46369]: BLUR, 1626299467405038232, HEL, 11
<134>2021-07-14T21:51:10Z cache-iah17271 MEWElogs[46369]: BLUR, 1626299469064233946, IAH, 11
<134>2021-07-14T21:51:30Z cache-iah17271 MEWElogs[46369]: BLUR, 1626299489429473628, IAH, 11
<134>2021-07-14T21:51:35Z cache-jnb7027 MEWElogs[46369]: BLUR, 1626299493932305471, JNB, 11
<134>2021-07-14T21:51:50Z cache-jnb7027 MEWElogs[46369]: BLUR, 1626299509688571872, JNB, 11
<134>2021-07-14T21:52:38Z cache-jnb7027 MEWElogs[46369]: BLUR, 1626299556957534378, JNB, 11
<134>2021-07-14T21:53:31Z cache-iah17271 MEWElogs[46369]: BLUR, 1626299610767087649, IAH, 11
<134>2021-07-14T21:54:03Z cache-den8274 MEWElogs[46369]: BLUR, 1626299642583619227, DEN, 11
<134>2021-07-14T21:54:04Z cache-lon4249 MEWElogs[46369]: BLUR, 1626299644489124923, LON, 11
