<134>2021-07-15T07:53:48Z cache-scl19427 MEWElogs[412844]: UNSH, 1626335627245974169, SCL, 16
<134>2021-07-15T07:54:13Z cache-cgh11122 MEWElogs[412844]: UNSH, 1626335652362551873, CGH, 16
<134>2021-07-15T07:54:23Z cache-stl4834 MEWElogs[412844]: UNSH, 1626335662152161796, STL, 16
<134>2021-07-15T07:54:43Z cache-stl4834 MEWElogs[412844]: UNSH, 1626335683308857708, STL, 16
<134>2021-07-15T07:54:53Z cache-cgh11122 MEWElogs[412844]: UNSH, 1626335692490676689, CGH, 16
<134>2021-07-15T07:55:22Z cache-scl19427 MEWElogs[412844]: UNSH, 1626335720912599750, SCL, 16
<134>2021-07-15T07:55:34Z cache-cgh11122 MEWElogs[412844]: UNSH, 1626335733176679734, CGH, 16
<134>2021-07-15T07:56:09Z cache-pao17461 MEWElogs[412844]: UNSH, 1626335769832832104, PAO, 16
<134>2021-07-15T07:56:36Z cache-gru17149 MEWElogs[412844]: UNSH, 1626335795180515682, GRU, 16
<134>2021-07-15T07:57:05Z cache-cgh11122 MEWElogs[412844]: UNSH, 1626335825118477552, CGH, 16
<134>2021-07-15T07:57:08Z cache-scl19427 MEWElogs[412844]: UNSH, 1626335827225106927, SCL, 16
<134>2021-07-15T07:57:35Z cache-cgh11122 MEWElogs[412844]: UNSH, 1626335855196127378, CGH, 16
<134>2021-07-15T07:57:36Z cache-itm18851 MEWElogs[412844]: UNSH, 1626335856099421408, ITM, 16
<134>2021-07-15T07:57:39Z cache-stl4834 MEWElogs[412844]: UNSH, 1626335858013834186, STL, 16
<134>2021-07-15T07:57:49Z cache-gru17149 MEWElogs[412844]: UNSH, 1626335868591204769, GRU, 16
<134>2021-07-15T07:58:11Z cache-hnd18722 MEWElogs[412844]: UNSH, 1626335891155298589, HND, 16
<134>2021-07-15T07:58:20Z cache-pao17461 MEWElogs[412844]: UNSH, 1626335899103576736, PAO, 16
<134>2021-07-15T07:58:26Z cache-hnd18722 MEWElogs[412844]: UNSH, 1626335904970747478, HND, 16
<134>2021-07-15T07:59:02Z cache-gru17149 MEWElogs[412844]: UNSH, 1626335941135968300, GRU, 16
<134>2021-07-15T07:59:09Z cache-cgh11122 MEWElogs[412844]: UNSH, 1626335948402177646, CGH, 16
