<134>2021-07-14T22:33:24Z cache-mci5951 MEWElogs[369035]: BLUR, 1626302003563838543, MCI, 11
<134>2021-07-14T22:33:39Z cache-mia11368 MEWElogs[369035]: BLUR, 1626302019197303331, MIA, 11
<134>2021-07-14T22:33:44Z cache-stp9226 MEWElogs[369035]: BLUR, 1626302023849702648, STP, 11
<134>2021-07-14T22:33:58Z cache-mel11272 MEWElogs[369035]: BLUR, 1626302037416182833, MEL, 11
<134>2021-07-14T22:34:30Z cache-yul12826 MEWElogs[369035]: BLUR, 1626302070036796753, YUL, 11
<134>2021-07-14T22:36:19Z cache-mad22068 MEWElogs[369035]: BLUR, 1626302178494299140, MAD, 11
<134>2021-07-14T22:36:50Z cache-stp9226 MEWElogs[369035]: BLUR, 1626302209913915608, STP, 11
<134>2021-07-14T22:37:06Z cache-lax10677 MEWElogs[369035]: BLUR, 1626302225348695948, LGB, 11
<134>2021-07-14T22:37:22Z cache-mci5951 MEWElogs[369035]: BLUR, 1626302241659925358, MCI, 11
<134>2021-07-14T22:37:29Z cache-mel11272 MEWElogs[369035]: BLUR, 1626302248720598064, MEL, 11
<134>2021-07-14T22:37:35Z cache-lga21983 MEWElogs[369035]: BLUR, 1626302255075618615, LGA, 11
<134>2021-07-14T22:37:46Z cache-lhr7382 MEWElogs[369035]: BLUR, 1626302266109734328, LHR, 11
<134>2021-07-14T22:39:07Z cache-mel11272 MEWElogs[369035]: BLUR, 1626302346309824477, MEL, 11
<134>2021-07-14T22:39:13Z cache-mia11368 MEWElogs[369035]: BLUR, 1626302352673213393, MIA, 11
<134>2021-07-14T22:39:24Z cache-mel11272 MEWElogs[369035]: BLUR, 1626302363113081162, MEL, 11
<134>2021-07-14T22:39:41Z cache-yul12826 MEWElogs[369035]: BLUR, 1626302380251869523, YUL, 11
<134>2021-07-14T22:39:56Z cache-yul12826 MEWElogs[369035]: BLUR, 1626302395685750830, YUL, 11
<134>2021-07-14T22:39:57Z cache-stp9226 MEWElogs[369035]: BLUR, 1626302396707553260, STP, 11
<134>2021-07-14T22:40:11Z cache-ewr18156 MEWElogs[369035]: BLUR, 1626302410263755593, EWR, 11
<134>2021-07-14T22:40:14Z cache-man4150 MEWElogs[369035]: BLUR, 1626302413421064677, MAN, 11
<134>2021-07-14T22:40:29Z cache-lga21983 MEWElogs[369035]: BLUR, 1626302428511100318, LGA, 11
<134>2021-07-14T22:40:40Z cache-yul12826 MEWElogs[369035]: BLUR, 1626302440551264929, YUL, 11
<134>2021-07-14T22:42:27Z cache-yul12826 MEWElogs[369035]: BLUR, 1626302546376435114, YUL, 11
