<134>2021-07-15T04:37:31Z cache-chi21126 MEWElogs[382896]: ROTATE, 1626323850165092732, CHI, 15
<134>2021-07-15T04:37:32Z cache-akl10324 MEWElogs[382896]: ROTATE, 1626323851956665466, AKL, 15
<134>2021-07-15T04:37:35Z cache-bos4657 MEWElogs[382896]: ROTATE, 1626323854694205398, BOS, 15
<134>2021-07-15T04:37:48Z cache-hel6829 MEWElogs[382896]: ROTATE, 1626323867191765281, HEL, 15
<134>2021-07-15T04:38:07Z cache-fra19177 MEWElogs[382896]: ROTATE, 1626323886464607480, FRA, 15
<134>2021-07-15T04:38:15Z cache-den8274 MEWElogs[382896]: ROTATE, 1626323894872484728, DEN, 15
<134>2021-07-15T04:38:34Z cache-den8274 MEWElogs[382896]: ROTATE, 1626323913313461429, DEN, 15
<134>2021-07-15T04:38:43Z cache-chi21126 MEWElogs[382896]: ROTATE, 1626323923033616404, CHI, 15
<134>2021-07-15T04:39:02Z cache-hel6829 MEWElogs[382896]: ROTATE, 1626323941458370993, HEL, 15
<134>2021-07-15T04:39:07Z cache-akl10324 MEWElogs[382896]: ROTATE, 1626323946912920420, AKL, 15
<134>2021-07-15T04:39:45Z cache-jnb7027 MEWElogs[382896]: ROTATE, 1626323984403329019, JNB, 15
<134>2021-07-15T04:40:06Z cache-lcy19283 MEWElogs[382896]: ROTATE, 1626324005563855836, LCY, 15
<134>2021-07-15T04:40:17Z cache-hel6829 MEWElogs[382896]: ROTATE, 1626324016178133273, HEL, 15
<134>2021-07-15T04:40:53Z cache-hel6829 MEWElogs[382896]: ROTATE, 1626324053344622653, HEL, 15
<134>2021-07-15T04:41:13Z cache-hel6829 MEWElogs[382896]: ROTATE, 1626324072340692459, HEL, 15
<134>2021-07-15T04:41:22Z cache-hel6829 MEWElogs[382896]: ROTATE, 1626324081840457221, HEL, 15
<134>2021-07-15T04:41:35Z cache-lcy19283 MEWElogs[382896]: ROTATE, 1626324095155700764, LCY, 15
<134>2021-07-15T04:41:40Z cache-den8274 MEWElogs[382896]: ROTATE, 1626324099351921103, DEN, 15
<134>2021-07-15T04:42:48Z cache-lcy19283 MEWElogs[382896]: ROTATE, 1626324166977414198, LCY, 15
<134>2021-07-15T04:42:50Z cache-fra19177 MEWElogs[382896]: ROTATE, 1626324169734336540, FRA, 15
<134>2021-07-15T04:43:02Z cache-lon4249 MEWElogs[382896]: ROTATE, 1626324181240487319, LON, 15
<134>2021-07-15T04:43:03Z cache-iah17271 MEWElogs[382896]: ROTATE, 1626324182355714327, IAH, 15
<134>2021-07-15T04:43:42Z cache-lcy19283 MEWElogs[382896]: ROTATE, 1626324222177163824, LCY, 15
<134>2021-07-15T04:44:34Z cache-bur17583 MEWElogs[382896]: ROTATE, 1626324273362694255, BUR, 15
<134>2021-07-15T04:44:43Z cache-fra19177 MEWElogs[382896]: ROTATE, 1626324282369659457, FRA, 15
<134>2021-07-15T04:44:45Z cache-dal21283 MEWElogs[382896]: ROTATE, 1626324284318774716, DAL, 15
<134>2021-07-15T04:44:46Z cache-mad22068 MEWElogs[382896]: ROTATE, 1626324286130112985, MAD, 15
<134>2021-07-15T04:44:50Z cache-jnb7027 MEWElogs[382896]: ROTATE, 1626324288901194768, JNB, 15
<134>2021-07-15T04:45:13Z cache-lon4249 MEWElogs[382896]: ROTATE, 1626324312351601200, LON, 15
<134>2021-07-15T04:45:25Z cache-hel6829 MEWElogs[382896]: ROTATE, 1626324324364444897, HEL, 15
<134>2021-07-15T04:45:28Z cache-lcy19283 MEWElogs[382896]: ROTATE, 1626324327444609219, LCY, 15
<134>2021-07-15T04:45:43Z cache-mad22068 MEWElogs[382896]: ROTATE, 1626324343334603944, MAD, 15
<134>2021-07-15T04:45:51Z cache-mad22068 MEWElogs[382896]: ROTATE, 1626324351273190876, MAD, 15
<134>2021-07-15T04:45:59Z cache-lon4249 MEWElogs[382896]: ROTATE, 1626324358289087974, LON, 15
<134>2021-07-15T04:46:28Z cache-fra19177 MEWElogs[382896]: ROTATE, 1626324387207279695, FRA, 15
<134>2021-07-15T04:46:35Z cache-den8274 MEWElogs[382896]: ROTATE, 1626324394003390546, DEN, 15
<134>2021-07-15T04:46:36Z cache-fra19177 MEWElogs[382896]: ROTATE, 1626324395703046717, FRA, 15
<134>2021-07-15T04:46:48Z cache-mad22068 MEWElogs[382896]: ROTATE, 1626324408321298735, MAD, 15
<134>2021-07-15T04:46:53Z cache-jnb7027 MEWElogs[382896]: ROTATE, 1626324412625050413, JNB, 15
<134>2021-07-15T04:47:26Z cache-bur17583 MEWElogs[382896]: ROTATE, 1626324445247237374, BUR, 15
