<134>2021-07-15T04:37:06Z cache-pwk4920 MEWElogs[369035]: ROTATE, 1626323825914186191, PWK, 15
<134>2021-07-15T04:37:14Z cache-hhn4077 MEWElogs[369035]: ROTATE, 1626323834430829859, HHN, 15
<134>2021-07-15T04:37:19Z cache-den8274 MEWElogs[369035]: ROTATE, 1626323838930829002, DEN, 15
<134>2021-07-15T04:37:21Z cache-akl10324 MEWElogs[369035]: ROTATE, 1626323840626756970, AKL, 15
<134>2021-07-15T04:37:46Z cache-pwk4920 MEWElogs[369035]: ROTATE, 1626323866220043403, PWK, 15
<134>2021-07-15T04:37:57Z cache-hel6829 MEWElogs[369035]: ROTATE, 1626323876491029854, HEL, 15
<134>2021-07-15T04:38:16Z cache-dal21283 MEWElogs[369035]: ROTATE, 1626323895617072116, DAL, 15
<134>2021-07-15T04:38:57Z cache-akl10324 MEWElogs[369035]: ROTATE, 1626323936569271544, AKL, 15
<134>2021-07-15T04:39:11Z cache-fra19177 MEWElogs[369035]: ROTATE, 1626323951038909637, FRA, 15
<134>2021-07-15T04:39:21Z cache-den8274 MEWElogs[369035]: ROTATE, 1626323960370943004, DEN, 15
<134>2021-07-15T04:39:33Z cache-lcy19283 MEWElogs[369035]: ROTATE, 1626323973236314934, LCY, 15
<134>2021-07-15T04:39:43Z cache-fra19177 MEWElogs[369035]: ROTATE, 1626323982687721012, FRA, 15
<134>2021-07-15T04:39:44Z cache-iah17271 MEWElogs[369035]: ROTATE, 1626323983790196632, IAH, 15
<134>2021-07-15T04:40:18Z cache-bur17583 MEWElogs[369035]: ROTATE, 1626324018000354412, BUR, 15
<134>2021-07-15T04:40:44Z cache-hel6829 MEWElogs[369035]: ROTATE, 1626324044125387824, HEL, 15
<134>2021-07-15T04:40:47Z cache-dal21283 MEWElogs[369035]: ROTATE, 1626324047010324314, DAL, 15
<134>2021-07-15T04:41:03Z cache-hel6829 MEWElogs[369035]: ROTATE, 1626324062932718343, HEL, 15
<134>2021-07-15T04:41:21Z cache-fra19177 MEWElogs[369035]: ROTATE, 1626324080146625228, FRA, 15
<134>2021-07-15T04:41:41Z cache-hel6829 MEWElogs[369035]: ROTATE, 1626324100444830876, HEL, 15
<134>2021-07-15T04:41:45Z cache-lon4249 MEWElogs[369035]: ROTATE, 1626324104716026814, LON, 15
<134>2021-07-15T04:41:58Z cache-den8274 MEWElogs[369035]: ROTATE, 1626324117593335476, DEN, 15
<134>2021-07-15T04:42:07Z cache-den8274 MEWElogs[369035]: ROTATE, 1626324126960183118, DEN, 15
<134>2021-07-15T04:42:08Z cache-lon4249 MEWElogs[369035]: ROTATE, 1626324127635706914, LON, 15
<134>2021-07-15T04:42:28Z cache-hel6829 MEWElogs[369035]: ROTATE, 1626324147934671090, HEL, 15
<134>2021-07-15T04:43:32Z cache-lon4249 MEWElogs[369035]: ROTATE, 1626324211660430789, LON, 15
<134>2021-07-15T04:44:11Z cache-jnb7027 MEWElogs[369035]: ROTATE, 1626324250544814683, JNB, 15
<134>2021-07-15T04:44:26Z cache-lon4249 MEWElogs[369035]: ROTATE, 1626324265900646234, LON, 15
<134>2021-07-15T04:44:35Z cache-fra19177 MEWElogs[369035]: ROTATE, 1626324274351865013, FRA, 15
<134>2021-07-15T04:44:48Z cache-hel6829 MEWElogs[369035]: ROTATE, 1626324287219374527, HEL, 15
<134>2021-07-15T04:45:09Z cache-jnb7027 MEWElogs[369035]: ROTATE, 1626324308372865441, JNB, 15
<134>2021-07-15T04:46:06Z cache-lon4249 MEWElogs[369035]: ROTATE, 1626324365865339298, LON, 15
<134>2021-07-15T04:46:16Z cache-mad22068 MEWElogs[369035]: ROTATE, 1626324375438249776, MAD, 15
<134>2021-07-15T04:46:16Z cache-lcy19283 MEWElogs[369035]: ROTATE, 1626324375721248864, LCY, 15
<134>2021-07-15T04:46:46Z cache-lon4249 MEWElogs[369035]: ROTATE, 1626324405507993127, LON, 15
<134>2021-07-15T04:46:53Z cache-den8274 MEWElogs[369035]: ROTATE, 1626324412363648142, DEN, 15
