<134>2021-07-14T22:56:09Z cache-mel11272 MEWElogs[412844]: BLUR, 1626303368471510998, MEL, 11
<134>2021-07-14T22:57:16Z cache-lga21983 MEWElogs[412844]: BLUR, 1626303436087136272, LGA, 11
<134>2021-07-14T22:57:29Z cache-gru17149 MEWElogs[412844]: BLUR, 1626303448549214798, GRU, 11
<134>2021-07-14T22:57:50Z cache-osl6529 MEWElogs[412844]: BLUR, 1626303470082305549, OSL, 11
<134>2021-07-14T22:58:11Z cache-cdg20720 MEWElogs[412844]: BLUR, 1626303490873663544, CDG, 11
<134>2021-07-14T22:58:29Z cache-cdg20720 MEWElogs[412844]: BLUR, 1626303508744486389, CDG, 11
<134>2021-07-14T22:58:41Z cache-lga21983 MEWElogs[412844]: BLUR, 1626303521204157790, LGA, 11
<134>2021-07-14T22:58:45Z cache-scl19427 MEWElogs[412844]: BLUR, 1626303525040808501, SCL, 11
<134>2021-07-14T22:59:05Z cache-scl19427 MEWElogs[412844]: BLUR, 1626303545075990394, SCL, 11
<134>2021-07-14T22:59:53Z cache-cdg20720 MEWElogs[412844]: BLUR, 1626303592755476538, CDG, 11
<134>2021-07-14T23:00:51Z cache-ewr18156 MEWElogs[412844]: BLUR, 1626303650775956775, EWR, 11
<134>2021-07-14T23:00:55Z cache-gru17149 MEWElogs[412844]: BLUR, 1626303654382027173, GRU, 11
<134>2021-07-14T23:01:03Z cache-stl4834 MEWElogs[412844]: BLUR, 1626303662618815619, STL, 11
<134>2021-07-14T23:01:05Z cache-mel11272 MEWElogs[412844]: BLUR, 1626303664567380489, MEL, 11
<134>2021-07-14T23:01:08Z cache-scl19427 MEWElogs[412844]: BLUR, 1626303667266252551, SCL, 11
<134>2021-07-14T23:01:48Z cache-scl19427 MEWElogs[412844]: BLUR, 1626303707651075197, SCL, 11
<134>2021-07-14T23:01:55Z cache-syd10183 MEWElogs[412844]: BLUR, 1626303714551804868, SYD, 11
<134>2021-07-14T23:02:12Z cache-bom4751 MEWElogs[412844]: BLUR, 1626303732589289174, BOM, 11
<134>2021-07-14T23:02:25Z cache-cdg20720 MEWElogs[412844]: BLUR, 1626303744198349288, CDG, 11
<134>2021-07-14T23:02:56Z cache-lga21983 MEWElogs[412844]: BLUR, 1626303775195636186, LGA, 11
<134>2021-07-14T23:03:26Z cache-bom4751 MEWElogs[412844]: BLUR, 1626303805857356725, BOM, 11
<134>2021-07-14T23:03:29Z cache-stl4834 MEWElogs[412844]: BLUR, 1626303808832356052, STL, 11
<134>2021-07-14T23:04:03Z cache-osl6529 MEWElogs[412844]: BLUR, 1626303842536505386, OSL, 11
<134>2021-07-14T23:04:10Z cache-bom4751 MEWElogs[412844]: BLUR, 1626303849919116556, BOM, 11
<134>2021-07-14T23:04:55Z cache-lga21983 MEWElogs[412844]: BLUR, 1626303895158279069, LGA, 11
<134>2021-07-14T23:05:22Z cache-ewr18156 MEWElogs[412844]: BLUR, 1626303921648126383, EWR, 11
<134>2021-07-14T23:05:29Z cache-lga21983 MEWElogs[412844]: BLUR, 1626303929276160772, LGA, 11
<134>2021-07-14T23:05:47Z cache-hnd18722 MEWElogs[412844]: BLUR, 1626303946743165242, HND, 11
<134>2021-07-14T23:05:53Z cache-scl19427 MEWElogs[412844]: BLUR, 1626303952976964371, SCL, 11
