<134>2021-07-14T16:22:28Z cache-bog6425 MEWElogs[326955]: FLIPH, 1626279747846485045, BOG, 10
<134>2021-07-14T16:27:00Z cache-ams21020 MEWElogs[326955]: FLIPH, 1626280019335691942, AMS, 10
<134>2021-07-14T16:27:08Z cache-cmh21547 MEWElogs[326955]: FLIPH, 1626280028419432931, CMH, -1
<134>2021-07-14T16:27:13Z cache-cmh21547 MEWElogs[326955]: FLIPH, 1626280032335669119, CMH, 10
<134>2021-07-14T16:27:19Z cache-pdk17882 MEWElogs[326955]: FLIPH, 1626280038305561728, PDK, 10
<134>2021-07-14T16:27:30Z cache-maa10251 MEWElogs[326955]: FLIPH, 1626280050547955417, MAA, 10
<134>2021-07-14T16:27:53Z cache-cmh21547 MEWElogs[326955]: FLIPH, 1626280072431931618, CMH, -1
<134>2021-07-14T16:28:02Z cache-wdc5583 MEWElogs[326955]: FLIPH, 1626280082728827492, WDC, 10
<134>2021-07-14T16:28:04Z cache-pdk17882 MEWElogs[326955]: FLIPH, 1626280084109088312, PDK, 10
<134>2021-07-14T16:28:10Z cache-maa10251 MEWElogs[326955]: FLIPH, 1626280090056734549, MAA, 10
<134>2021-07-14T16:28:16Z cache-dca17782 MEWElogs[326955]: FLIPH, 1626280095109080259, DCA, 10
<134>2021-07-14T16:28:23Z cache-ams21020 MEWElogs[326955]: FLIPH, 1626280102681295509, AMS, 10
<134>2021-07-14T16:28:45Z cache-wdc5583 MEWElogs[326955]: FLIPH, 1626280124955694143, WDC, 10
<134>2021-07-14T16:28:47Z cache-cmh21547 MEWElogs[326955]: FLIPH, 1626280126875764006, CMH, -1
<134>2021-07-14T16:28:55Z cache-pdk17882 MEWElogs[326955]: FLIPH, 1626280135354904099, PDK, -1
<134>2021-07-14T16:29:00Z cache-maa10251 MEWElogs[326955]: FLIPH, 1626280139207036626, MAA, 10
<134>2021-07-14T16:29:35Z cache-mdw17383 MEWElogs[326955]: FLIPH, 1626280175370026627, MDW, 10
<134>2021-07-14T16:29:44Z cache-mdw17383 MEWElogs[326955]: FLIPH, 1626280183187885725, MDW, -1
<134>2021-07-14T16:29:45Z cache-bog6425 MEWElogs[326955]: FLIPH, 1626280184564902882, BOG, -1
<134>2021-07-14T16:29:45Z cache-dca17782 MEWElogs[326955]: FLIPH, 1626280185400474764, DCA, -1
<134>2021-07-14T16:30:07Z cache-cmh21547 MEWElogs[326955]: FLIPH, 1626280206936004825, CMH, 10
<134>2021-07-14T16:30:21Z cache-pdk17882 MEWElogs[326955]: FLIPH, 1626280220953701871, PDK, 10
<134>2021-07-14T16:30:47Z cache-maa10251 MEWElogs[326955]: FLIPH, 1626280246193291979, MAA, -1
<134>2021-07-14T16:31:42Z cache-eze19324 MEWElogs[326955]: FLIPH, 1626280301849977792, EZE, -1
