<134>2021-07-15T02:02:08Z cache-yul12826 MEWElogs[292213]: GRAY, 1626314527625686599, YUL, 13
<134>2021-07-15T02:02:19Z cache-man4150 MEWElogs[292213]: GRAY, 1626314538079321800, MAN, 13
<134>2021-07-15T02:02:24Z cache-hkg17929 MEWElogs[292213]: GRAY, 1626314544237648038, HKG, 13
<134>2021-07-15T02:02:41Z cache-lga21983 MEWElogs[292213]: GRAY, 1626314561615117741, LGA, 13
<134>2021-07-15T02:02:49Z cache-jax20933 MEWElogs[292213]: GRAY, 1626314568632295893, JAX, 13
<134>2021-07-15T02:03:02Z cache-mci5951 MEWElogs[292213]: GRAY, 1626314581684661124, MCI, 13
<134>2021-07-15T02:03:02Z cache-hkg17929 MEWElogs[292213]: GRAY, 1626314582339558527, HKG, 13
<134>2021-07-15T02:03:06Z cache-jax20933 MEWElogs[292213]: GRAY, 1626314586006289770, JAX, 13
<134>2021-07-15T02:03:18Z cache-hkg17929 MEWElogs[292213]: GRAY, 1626314597586994769, HKG, 13
<134>2021-07-15T02:03:35Z cache-lga21983 MEWElogs[292213]: GRAY, 1626314615052834053, LGA, 13
<134>2021-07-15T02:04:00Z cache-osl6529 MEWElogs[292213]: GRAY, 1626314639581028058, OSL, 13
<134>2021-07-15T02:04:55Z cache-osl6529 MEWElogs[292213]: GRAY, 1626314694783000068, OSL, 13
<134>2021-07-15T02:05:06Z cache-mel11272 MEWElogs[292213]: GRAY, 1626314705200617748, MEL, 13
<134>2021-07-15T02:05:34Z cache-gig17035 MEWElogs[292213]: GRAY, 1626314733983003965, GIG, 13
<134>2021-07-15T02:05:47Z cache-jax20933 MEWElogs[292213]: GRAY, 1626314746957091160, JAX, 13
<134>2021-07-15T02:05:48Z cache-yul12826 MEWElogs[292213]: GRAY, 1626314748475427310, YUL, 13
<134>2021-07-15T02:05:57Z cache-cdg20720 MEWElogs[292213]: GRAY, 1626314756783170558, CDG, 13
<134>2021-07-15T02:06:10Z cache-osl6529 MEWElogs[292213]: GRAY, 1626314769204610891, OSL, 13
<134>2021-07-15T02:07:09Z cache-cdg20720 MEWElogs[292213]: GRAY, 1626314828535502686, CDG, 13
<134>2021-07-15T02:07:14Z cache-ewr18156 MEWElogs[292213]: GRAY, 1626314833858189585, EWR, 13
<134>2021-07-15T02:07:16Z cache-yul12826 MEWElogs[292213]: GRAY, 1626314836037810447, YUL, 13
<134>2021-07-15T02:07:32Z cache-ewr18156 MEWElogs[292213]: GRAY, 1626314851822255106, EWR, 13
<134>2021-07-15T02:07:56Z cache-gig17035 MEWElogs[292213]: GRAY, 1626314876274998902, GIG, 13
<134>2021-07-15T02:08:47Z cache-lga21983 MEWElogs[292213]: GRAY, 1626314927056076697, LGA, 13
<134>2021-07-15T02:08:52Z cache-bom4751 MEWElogs[292213]: GRAY, 1626314931624636040, BOM, 13
<134>2021-07-15T02:09:00Z cache-gru17149 MEWElogs[292213]: GRAY, 1626314938981527246, GRU, 13
<134>2021-07-15T02:09:31Z cache-gru17149 MEWElogs[292213]: GRAY, 1626314970928453200, GRU, 13
<134>2021-07-15T02:09:38Z cache-gig17035 MEWElogs[292213]: GRAY, 1626314977749061567, GIG, 13
<134>2021-07-15T02:10:14Z cache-syd10183 MEWElogs[292213]: GRAY, 1626315013726761406, SYD, 13
<134>2021-07-15T02:10:17Z cache-ewr18156 MEWElogs[292213]: GRAY, 1626315016872771119, EWR, 13
<134>2021-07-15T02:10:29Z cache-hnd18722 MEWElogs[292213]: GRAY, 1626315028201552266, HND, 13
<134>2021-07-15T02:10:42Z cache-cdg20720 MEWElogs[292213]: GRAY, 1626315041813725566, CDG, 13
<134>2021-07-15T02:10:48Z cache-ewr18156 MEWElogs[292213]: GRAY, 1626315047765657736, EWR, 13
<134>2021-07-15T02:11:04Z cache-cdg20720 MEWElogs[292213]: GRAY, 1626315063510234180, CDG, 13
<134>2021-07-15T02:11:19Z cache-gru17149 MEWElogs[292213]: GRAY, 1626315078582330783, GRU, 13
<134>2021-07-15T02:11:47Z cache-bom4751 MEWElogs[292213]: GRAY, 1626315106738383648, BOM, 13
<134>2021-07-15T02:11:52Z cache-gig17035 MEWElogs[292213]: GRAY, 1626315111398197091, GIG, 13
<134>2021-07-15T02:11:53Z cache-syd10183 MEWElogs[292213]: GRAY, 1626315111931595925, SYD, 13
<134>2021-07-15T02:11:54Z cache-hnd18722 MEWElogs[292213]: GRAY, 1626315113689647219, HND, 13
