<134>2021-07-14T17:12:13Z cache-lon4249 MEWElogs[334804]: FLIPH, 1626282732761301602, LON, 10
<134>2021-07-14T17:12:36Z cache-bur17583 MEWElogs[334804]: FLIPH, 1626282756124274290, BUR, 10
<134>2021-07-14T17:13:02Z cache-lcy19283 MEWElogs[334804]: FLIPH, 1626282781076206359, LCY, -1
<134>2021-07-14T17:13:07Z cache-fra19177 MEWElogs[334804]: FLIPH, 1626282786940348237, FRA, -1
<134>2021-07-14T17:13:07Z cache-bur17583 MEWElogs[334804]: FLIPH, 1626282787830406344, BUR, 10
<134>2021-07-14T17:13:16Z cache-bur17583 MEWElogs[334804]: FLIPH, 1626282795130027590, BUR, -1
<134>2021-07-14T17:13:31Z cache-hkg17929 MEWElogs[334804]: FLIPH, 1626282811343328039, HKG, 10
<134>2021-07-14T17:14:15Z cache-mad22068 MEWElogs[334804]: FLIPH, 1626282853930789425, MAD, -1
<134>2021-07-14T17:14:40Z cache-jnb7027 MEWElogs[334804]: FLIPH, 1626282880115300914, JNB, 10
<134>2021-07-14T17:14:44Z cache-hkg17929 MEWElogs[334804]: FLIPH, 1626282883707663482, HKG, -1
<134>2021-07-14T17:15:18Z cache-iah17271 MEWElogs[334804]: FLIPH, 1626282917909345860, IAH, -1
<134>2021-07-14T17:15:20Z cache-mad22068 MEWElogs[334804]: FLIPH, 1626282919324999967, MAD, -1
<134>2021-07-14T17:15:29Z cache-lon4249 MEWElogs[334804]: FLIPH, 1626282928607555904, LON, 10
<134>2021-07-14T17:15:38Z cache-mad22068 MEWElogs[334804]: FLIPH, 1626282938197371381, MAD, -1
<134>2021-07-14T17:15:55Z cache-den8274 MEWElogs[334804]: FLIPH, 1626282954711957982, DEN, -1
<134>2021-07-14T17:16:16Z cache-mad22068 MEWElogs[334804]: FLIPH, 1626282975990281830, MAD, -1
<134>2021-07-14T17:16:19Z cache-mci5951 MEWElogs[334804]: FLIPH, 1626282977999572722, MCI, -1
<134>2021-07-14T17:16:21Z cache-stp9226 MEWElogs[334804]: FLIPH, 1626282980797273270, STP, 10
<134>2021-07-14T17:16:44Z cache-bur17583 MEWElogs[334804]: FLIPH, 1626283004009130240, BUR, 10
<134>2021-07-14T17:16:45Z cache-lhr7382 MEWElogs[334804]: FLIPH, 1626283004338880490, LHR, -1
<134>2021-07-14T17:16:56Z cache-lhr7382 MEWElogs[334804]: FLIPH, 1626283015658596305, LHR, 10
<134>2021-07-14T17:17:16Z cache-jax20933 MEWElogs[334804]: FLIPH, 1626283035226814702, JAX, 10
<134>2021-07-14T17:17:41Z cache-mci5951 MEWElogs[334804]: FLIPH, 1626283061287493645, MCI, 10
<134>2021-07-14T17:17:51Z cache-jax20933 MEWElogs[334804]: FLIPH, 1626283070589651382, JAX, 10
<134>2021-07-14T17:18:21Z cache-stp9226 MEWElogs[334804]: FLIPH, 1626283100300974447, STP, 10
<134>2021-07-14T17:18:24Z cache-lhr7382 MEWElogs[334804]: FLIPH, 1626283103791033003, LHR, 10
<134>2021-07-14T17:18:25Z cache-dal21283 MEWElogs[334804]: FLIPH, 1626283104885340771, DAL, -1
<134>2021-07-14T17:18:34Z cache-mad22068 MEWElogs[334804]: FLIPH, 1626283113197084223, MAD, 10
<134>2021-07-14T17:18:38Z cache-lhr7382 MEWElogs[334804]: FLIPH, 1626283118048385611, LHR, -1
<134>2021-07-14T17:18:47Z cache-jax20933 MEWElogs[334804]: FLIPH, 1626283126008490201, JAX, -1
<134>2021-07-14T17:19:11Z cache-mrs10583 MEWElogs[334804]: FLIPH, 1626283150097278175, MRS, 10
<134>2021-07-14T17:19:58Z cache-jax20933 MEWElogs[334804]: FLIPH, 1626283197795450816, JAX, -1
<134>2021-07-14T17:20:10Z cache-hkg17929 MEWElogs[334804]: FLIPH, 1626283210084585347, HKG, -1
<134>2021-07-14T17:20:16Z cache-stp9226 MEWElogs[334804]: FLIPH, 1626283216657505280, STP, -1
<134>2021-07-14T17:20:31Z cache-hkg17929 MEWElogs[334804]: FLIPH, 1626283231764353776, HKG, -1
<134>2021-07-14T17:20:51Z cache-mia11368 MEWElogs[334804]: FLIPH, 1626283250457981721, MIA, -1
<134>2021-07-14T17:20:52Z cache-mad22068 MEWElogs[334804]: FLIPH, 1626283251873011629, MAD, 10
<134>2021-07-14T17:21:14Z cache-mci5951 MEWElogs[334804]: FLIPH, 1626283274401242471, MCI, 10
<134>2021-07-14T17:21:26Z cache-stp9226 MEWElogs[334804]: FLIPH, 1626283285414992395, STP, 10
<134>2021-07-14T17:21:32Z cache-stp9226 MEWElogs[334804]: FLIPH, 1626283292813060473, STP, -1
<134>2021-07-14T17:21:45Z cache-lhr7382 MEWElogs[334804]: FLIPH, 1626283304366320574, LHR, 10
<134>2021-07-14T17:22:00Z cache-yul12826 MEWElogs[334804]: FLIPH, 1626283319578098760, YUL, 10
