<134>2021-07-14T21:41:47Z cache-pwk4920 MEWElogs[400146]: BLUR, 1626298906711877220, PWK, 11
<134>2021-07-14T21:41:59Z cache-akl10324 MEWElogs[400146]: BLUR, 1626298918761470883, AKL, 11
<134>2021-07-14T21:42:13Z cache-hhn4077 MEWElogs[400146]: BLUR, 1626298933153390924, HHN, 11
<134>2021-07-14T21:42:17Z cache-del21735 MEWElogs[400146]: BLUR, 1626298936239934780, DEL, 11
<134>2021-07-14T21:42:23Z cache-dfw18678 MEWElogs[400146]: BLUR, 1626298942617252416, DFW, 11
<134>2021-07-14T21:44:08Z cache-chi21126 MEWElogs[400146]: BLUR, 1626299047914846967, CHI, 11
<134>2021-07-14T21:44:09Z cache-hel6829 MEWElogs[400146]: BLUR, 1626299048745980965, HEL, 11
<134>2021-07-14T21:44:20Z cache-fra19177 MEWElogs[400146]: BLUR, 1626299059995025932, FRA, 11
<134>2021-07-14T21:44:26Z cache-chi21126 MEWElogs[400146]: BLUR, 1626299065648315224, CHI, 11
<134>2021-07-14T21:44:31Z cache-jnb7027 MEWElogs[400146]: BLUR, 1626299070933631607, JNB, 11
<134>2021-07-14T21:45:25Z cache-dfw18678 MEWElogs[400146]: BLUR, 1626299124843443698, DFW, 11
<134>2021-07-14T21:46:24Z cache-iah17271 MEWElogs[400146]: BLUR, 1626299183581385321, IAH, 11
<134>2021-07-14T21:47:53Z cache-fra19177 MEWElogs[400146]: BLUR, 1626299272977592067, FRA, 11
<134>2021-07-14T21:48:03Z cache-hel6829 MEWElogs[400146]: BLUR, 1626299283520084651, HEL, 11
<134>2021-07-14T21:48:05Z cache-hhn4077 MEWElogs[400146]: BLUR, 1626299285271732946, HHN, 11
<134>2021-07-14T21:48:13Z cache-pwk4920 MEWElogs[400146]: BLUR, 1626299293760093583, PWK, 11
<134>2021-07-14T21:48:18Z cache-lcy19283 MEWElogs[400146]: BLUR, 1626299297600204441, LCY, 11
<134>2021-07-14T21:48:24Z cache-hhn4077 MEWElogs[400146]: BLUR, 1626299303012344341, HHN, 11
<134>2021-07-14T21:48:53Z cache-hel6829 MEWElogs[400146]: BLUR, 1626299333214887172, HEL, 11
<134>2021-07-14T21:49:15Z cache-hhn4077 MEWElogs[400146]: BLUR, 1626299355179728133, HHN, 11
<134>2021-07-14T21:49:40Z cache-fra19177 MEWElogs[400146]: BLUR, 1626299379680920798, FRA, 11
<134>2021-07-14T21:50:40Z cache-fra19177 MEWElogs[400146]: BLUR, 1626299440045325322, FRA, 11
<134>2021-07-14T21:51:33Z cache-lcy19283 MEWElogs[400146]: BLUR, 1626299493113781219, LCY, 11
