<134>2021-07-15T07:52:57Z cache-stl4834 MEWElogs[355776]: UNSH, 1626335576708985877, STL, 16
<134>2021-07-15T07:53:17Z cache-pao17461 MEWElogs[355776]: UNSH, 1626335597603689067, PAO, 16
<134>2021-07-15T07:53:23Z cache-cgh11122 MEWElogs[355776]: UNSH, 1626335602545743102, CGH, 16
<134>2021-07-15T07:53:52Z cache-pao17461 MEWElogs[355776]: UNSH, 1626335632465595040, PAO, 16
<134>2021-07-15T07:53:53Z cache-cgh11122 MEWElogs[355776]: UNSH, 1626335632431776663, CGH, 16
<134>2021-07-15T07:55:05Z cache-itm18851 MEWElogs[355776]: UNSH, 1626335704969350766, ITM, 16
<134>2021-07-15T07:55:13Z cache-pao17461 MEWElogs[355776]: UNSH, 1626335712198103071, PAO, 16
<134>2021-07-15T07:55:17Z cache-stl4834 MEWElogs[355776]: UNSH, 1626335716656078159, STL, 16
<134>2021-07-15T07:55:26Z cache-hnd18722 MEWElogs[355776]: UNSH, 1626335725688617618, HND, 16
<134>2021-07-15T07:55:33Z cache-scl19427 MEWElogs[355776]: UNSH, 1626335732691750384, SCL, 16
<134>2021-07-15T07:56:03Z cache-hnd18722 MEWElogs[355776]: UNSH, 1626335762077082618, HND, 16
<134>2021-07-15T07:56:33Z cache-itm18851 MEWElogs[355776]: UNSH, 1626335793638971950, ITM, 16
<134>2021-07-15T07:57:16Z cache-stl4834 MEWElogs[355776]: UNSH, 1626335836579000053, STL, 16
<134>2021-07-15T07:57:29Z cache-gru17149 MEWElogs[355776]: UNSH, 1626335848410226046, GRU, 16
<134>2021-07-15T07:57:47Z cache-syd10183 MEWElogs[355776]: UNSH, 1626335866183615846, SYD, 16
<134>2021-07-15T07:57:56Z cache-cgh11122 MEWElogs[355776]: UNSH, 1626335875692682844, CGH, 16
<134>2021-07-15T07:58:01Z cache-stl4834 MEWElogs[355776]: UNSH, 1626335880550455454, STL, 16
<134>2021-07-15T07:58:12Z cache-stl4834 MEWElogs[355776]: UNSH, 1626335891185300140, STL, 16
<134>2021-07-15T07:58:14Z cache-gig17035 MEWElogs[355776]: UNSH, 1626335892932143930, GIG, 16
<134>2021-07-15T07:58:36Z cache-gig17035 MEWElogs[355776]: UNSH, 1626335915031776255, GIG, 16
