<134>2021-07-14T17:02:02Z cache-iah17271 MEWElogs[216063]: FLIPH, 1626282121738510178, IAH, 10
<134>2021-07-14T17:02:11Z cache-hhn4077 MEWElogs[216063]: FLIPH, 1626282130701977554, HHN, -1
<134>2021-07-14T17:02:15Z cache-den8274 MEWElogs[216063]: FLIPH, 1626282134663051413, DEN, 10
<134>2021-07-14T17:02:18Z cache-fra19177 MEWElogs[216063]: FLIPH, 1626282137293732038, FRA, 10
<134>2021-07-14T17:02:22Z cache-cwb20520 MEWElogs[216063]: FLIPH, 1626282141771565933, CWB, -1
<134>2021-07-14T17:02:32Z cache-cwb20520 MEWElogs[216063]: FLIPH, 1626282151524331527, CWB, -1
<134>2021-07-14T17:02:33Z cache-den8274 MEWElogs[216063]: FLIPH, 1626282152273718573, DEN, 10
<134>2021-07-14T17:02:35Z cache-jnb7027 MEWElogs[216063]: FLIPH, 1626282154712429787, JNB, 10
<134>2021-07-14T17:02:41Z cache-fra19177 MEWElogs[216063]: FLIPH, 1626282161375766423, FRA, -1
<134>2021-07-14T17:02:59Z cache-lcy19283 MEWElogs[216063]: FLIPH, 1626282178304731621, LCY, 10
<134>2021-07-14T17:03:20Z cache-iah17271 MEWElogs[216063]: FLIPH, 1626282199194465706, IAH, 10
<134>2021-07-14T17:03:21Z cache-dal21283 MEWElogs[216063]: FLIPH, 1626282200933882628, DAL, -1
<134>2021-07-14T17:04:10Z cache-dal21283 MEWElogs[216063]: FLIPH, 1626282249676219631, DAL, 10
<134>2021-07-14T17:04:14Z cache-cwb20520 MEWElogs[216063]: FLIPH, 1626282253721257123, CWB, 10
<134>2021-07-14T17:04:18Z cache-lon4249 MEWElogs[216063]: FLIPH, 1626282258067737811, LON, 10
<134>2021-07-14T17:04:21Z cache-den8274 MEWElogs[216063]: FLIPH, 1626282260173841878, DEN, 10
<134>2021-07-14T17:04:41Z cache-hhn4077 MEWElogs[216063]: FLIPH, 1626282281602148916, HHN, -1
<134>2021-07-14T17:04:55Z cache-iah17271 MEWElogs[216063]: FLIPH, 1626282294794218367, IAH, -1
<134>2021-07-14T17:04:58Z cache-hel6829 MEWElogs[216063]: FLIPH, 1626282297145415471, HEL, 10
<134>2021-07-14T17:05:01Z cache-den8274 MEWElogs[216063]: FLIPH, 1626282300933441952, DEN, -1
<134>2021-07-14T17:05:03Z cache-hel6829 MEWElogs[216063]: FLIPH, 1626282303069280826, HEL, -1
<134>2021-07-14T17:05:07Z cache-lcy19283 MEWElogs[216063]: FLIPH, 1626282306497908879, LCY, -1
<134>2021-07-14T17:05:37Z cache-hel6829 MEWElogs[216063]: FLIPH, 1626282336501984807, HEL, 10
<134>2021-07-14T17:05:47Z cache-lcy19283 MEWElogs[216063]: FLIPH, 1626282347878733737, LCY, -1
<134>2021-07-14T17:05:55Z cache-iah17271 MEWElogs[216063]: FLIPH, 1626282354315694159, IAH, 10
<134>2021-07-14T17:06:12Z cache-cwb20520 MEWElogs[216063]: FLIPH, 1626282371442032814, CWB, 10
<134>2021-07-14T17:06:29Z cache-cwb20520 MEWElogs[216063]: FLIPH, 1626282388913340850, CWB, -1
<134>2021-07-14T17:06:48Z cache-jnb7027 MEWElogs[216063]: FLIPH, 1626282407879096707, JNB, -1
<134>2021-07-14T17:06:52Z cache-lon4249 MEWElogs[216063]: FLIPH, 1626282411441782269, LON, -1
<134>2021-07-14T17:07:21Z cache-cwb20520 MEWElogs[216063]: FLIPH, 1626282440420115547, CWB, 10
<134>2021-07-14T17:07:30Z cache-hel6829 MEWElogs[216063]: FLIPH, 1626282450200514036, HEL, -1
<134>2021-07-14T17:07:38Z cache-lcy19283 MEWElogs[216063]: FLIPH, 1626282457781277968, LCY, -1
<134>2021-07-14T17:07:42Z cache-lcy19283 MEWElogs[216063]: FLIPH, 1626282461349794072, LCY, 10
<134>2021-07-14T17:07:44Z cache-dal21283 MEWElogs[216063]: FLIPH, 1626282464077819054, DAL, -1
<134>2021-07-14T17:07:44Z cache-hel6829 MEWElogs[216063]: FLIPH, 1626282463873100942, HEL, 10
<134>2021-07-14T17:07:45Z cache-iah17271 MEWElogs[216063]: FLIPH, 1626282465299126128, IAH, 10
<134>2021-07-14T17:07:50Z cache-hel6829 MEWElogs[216063]: FLIPH, 1626282469800298495, HEL, -1
<134>2021-07-14T17:07:52Z cache-lon4249 MEWElogs[216063]: FLIPH, 1626282471472426429, LON, 10
<134>2021-07-14T17:07:52Z cache-den8274 MEWElogs[216063]: FLIPH, 1626282472163256008, DEN, -1
<134>2021-07-14T17:07:58Z cache-lcy19283 MEWElogs[216063]: FLIPH, 1626282478077756870, LCY, -1
<134>2021-07-14T17:08:23Z cache-hel6829 MEWElogs[216063]: FLIPH, 1626282502889625371, HEL, 10
<134>2021-07-14T17:08:28Z cache-den8274 MEWElogs[216063]: FLIPH, 1626282507600972113, DEN, -1
<134>2021-07-14T17:08:31Z cache-den8274 MEWElogs[216063]: FLIPH, 1626282510355296006, DEN, 10
<134>2021-07-14T17:08:37Z cache-den8274 MEWElogs[216063]: FLIPH, 1626282516535124794, DEN, -1
<134>2021-07-14T17:08:54Z cache-den8274 MEWElogs[216063]: FLIPH, 1626282534291783419, DEN, -1
<134>2021-07-14T17:08:59Z cache-jnb7027 MEWElogs[216063]: FLIPH, 1626282538557014528, JNB, 10
<134>2021-07-14T17:09:21Z cache-lon4249 MEWElogs[216063]: FLIPH, 1626282561011112004, LON, 10
<134>2021-07-14T17:09:35Z cache-lon4249 MEWElogs[216063]: FLIPH, 1626282574436808140, LON, -1
<134>2021-07-14T17:09:45Z cache-lon4249 MEWElogs[216063]: FLIPH, 1626282585290380965, LON, 10
<134>2021-07-14T17:09:48Z cache-fra19177 MEWElogs[216063]: FLIPH, 1626282587458244125, FRA, -1
<134>2021-07-14T17:09:54Z cache-cwb20520 MEWElogs[216063]: FLIPH, 1626282594159612100, CWB, -1
<134>2021-07-14T17:10:04Z cache-dal21283 MEWElogs[216063]: FLIPH, 1626282604125220540, DAL, 10
<134>2021-07-14T17:10:22Z cache-bur17583 MEWElogs[216063]: FLIPH, 1626282622515907855, BUR, 10
<134>2021-07-14T17:10:23Z cache-lon4249 MEWElogs[216063]: FLIPH, 1626282623527746170, LON, -1
<134>2021-07-14T17:10:35Z cache-dal21283 MEWElogs[216063]: FLIPH, 1626282635091679178, DAL, -1
<134>2021-07-14T17:10:52Z cache-lcy19283 MEWElogs[216063]: FLIPH, 1626282652491157664, LCY, 10
<134>2021-07-14T17:11:06Z cache-hel6829 MEWElogs[216063]: FLIPH, 1626282666046117408, HEL, -1
<134>2021-07-14T17:11:08Z cache-dal21283 MEWElogs[216063]: FLIPH, 1626282668499573052, DAL, -1
<134>2021-07-14T17:11:09Z cache-fra19177 MEWElogs[216063]: FLIPH, 1626282668556753798, FRA, -1
<134>2021-07-14T17:11:13Z cache-lon4249 MEWElogs[216063]: FLIPH, 1626282672254747574, LON, -1
<134>2021-07-14T17:11:19Z cache-lcy19283 MEWElogs[216063]: FLIPH, 1626282679445331098, LCY, -1
<134>2021-07-14T17:11:23Z cache-jnb7027 MEWElogs[216063]: FLIPH, 1626282681943925407, JNB, -1
<134>2021-07-14T17:11:35Z cache-cwb20520 MEWElogs[216063]: FLIPH, 1626282694624771989, CWB, 10
<134>2021-07-14T17:11:50Z cache-lcy19283 MEWElogs[216063]: FLIPH, 1626282709630649549, LCY, -1
<134>2021-07-14T17:11:55Z cache-cwb20520 MEWElogs[216063]: FLIPH, 1626282714073278583, CWB, 10
