<134>2021-07-15T01:42:04Z cache-hel6829 MEWElogs[382896]: GRAY, 1626313323895984627, HEL, 13
<134>2021-07-15T01:42:11Z cache-akl10324 MEWElogs[382896]: GRAY, 1626313331534583766, AKL, 13
<134>2021-07-15T01:42:21Z cache-fra19177 MEWElogs[382896]: GRAY, 1626313340147063679, FRA, 13
<134>2021-07-15T01:42:32Z cache-iah17271 MEWElogs[382896]: GRAY, 1626313351231223202, IAH, 13
<134>2021-07-15T01:42:35Z cache-dfw18678 MEWElogs[382896]: GRAY, 1626313355310005406, DFW, 13
<134>2021-07-15T01:42:39Z cache-hhn4077 MEWElogs[382896]: GRAY, 1626313358832467028, HHN, 13
<134>2021-07-15T01:42:48Z cache-akl10324 MEWElogs[382896]: GRAY, 1626313367387009858, AKL, 13
<134>2021-07-15T01:43:06Z cache-den8274 MEWElogs[382896]: GRAY, 1626313385258727105, DEN, 13
<134>2021-07-15T01:43:19Z cache-lcy19283 MEWElogs[382896]: GRAY, 1626313398006708746, LCY, 13
<134>2021-07-15T01:43:24Z cache-pwk4920 MEWElogs[382896]: GRAY, 1626313403539419647, PWK, 13
<134>2021-07-15T01:43:35Z cache-dfw18678 MEWElogs[382896]: GRAY, 1626313414969765424, DFW, 13
<134>2021-07-15T01:44:05Z cache-jnb7027 MEWElogs[382896]: GRAY, 1626313444198617640, JNB, 13
<134>2021-07-15T01:44:17Z cache-cwb20520 MEWElogs[382896]: GRAY, 1626313456989343983, CWB, 13
<134>2021-07-15T01:44:27Z cache-lcy19283 MEWElogs[382896]: GRAY, 1626313466067908613, LCY, 13
<134>2021-07-15T01:44:46Z cache-lon4249 MEWElogs[382896]: GRAY, 1626313485519503281, LON, 13
<134>2021-07-15T01:44:52Z cache-cwb20520 MEWElogs[382896]: GRAY, 1626313491404703483, CWB, 13
<134>2021-07-15T01:44:55Z cache-pwk4920 MEWElogs[382896]: GRAY, 1626313495456838647, PWK, 13
<134>2021-07-15T01:45:14Z cache-lon4249 MEWElogs[382896]: GRAY, 1626313513398388701, LON, 13
<134>2021-07-15T01:45:17Z cache-jnb7027 MEWElogs[382896]: GRAY, 1626313516383386483, JNB, 13
<134>2021-07-15T01:45:29Z cache-jnb7027 MEWElogs[382896]: GRAY, 1626313528454047219, JNB, 13
<134>2021-07-15T01:45:30Z cache-iah17271 MEWElogs[382896]: GRAY, 1626313529465187425, IAH, 13
<134>2021-07-15T01:45:49Z cache-lcy19283 MEWElogs[382896]: GRAY, 1626313549565618326, LCY, 13
<134>2021-07-15T01:45:51Z cache-lon4249 MEWElogs[382896]: GRAY, 1626313550707131798, LON, 13
<134>2021-07-15T01:45:59Z cache-cwb20520 MEWElogs[382896]: GRAY, 1626313558678268444, CWB, 13
<134>2021-07-15T01:46:09Z cache-den8274 MEWElogs[382896]: GRAY, 1626313568004146764, DEN, 13
<134>2021-07-15T01:46:14Z cache-iah17271 MEWElogs[382896]: GRAY, 1626313573760757124, IAH, 13
<134>2021-07-15T01:46:16Z cache-mad22068 MEWElogs[382896]: GRAY, 1626313574984994483, MAD, 13
<134>2021-07-15T01:46:20Z cache-bur17583 MEWElogs[382896]: GRAY, 1626313579852958879, BUR, 13
<134>2021-07-15T01:46:29Z cache-lon4249 MEWElogs[382896]: GRAY, 1626313588563894125, LON, 13
<134>2021-07-15T01:46:38Z cache-iah17271 MEWElogs[382896]: GRAY, 1626313597831752264, IAH, 13
<134>2021-07-15T01:46:43Z cache-lon4249 MEWElogs[382896]: GRAY, 1626313602476885512, LON, 13
<134>2021-07-15T01:47:21Z cache-cwb20520 MEWElogs[382896]: GRAY, 1626313640307313948, CWB, 13
<134>2021-07-15T01:47:21Z cache-mad22068 MEWElogs[382896]: GRAY, 1626313640791053532, MAD, 13
<134>2021-07-15T01:47:24Z cache-lcy19283 MEWElogs[382896]: GRAY, 1626313643326001249, LCY, 13
<134>2021-07-15T01:47:26Z cache-den8274 MEWElogs[382896]: GRAY, 1626313645445539292, DEN, 13
<134>2021-07-15T01:47:26Z cache-mad22068 MEWElogs[382896]: GRAY, 1626313645835027827, MAD, 13
<134>2021-07-15T01:47:28Z cache-lcy19283 MEWElogs[382896]: GRAY, 1626313648094203631, LCY, 13
<134>2021-07-15T01:47:34Z cache-lon4249 MEWElogs[382896]: GRAY, 1626313653763483672, LON, 13
<134>2021-07-15T01:47:58Z cache-lon4249 MEWElogs[382896]: GRAY, 1626313677291868433, LON, 13
<134>2021-07-15T01:48:06Z cache-den8274 MEWElogs[382896]: GRAY, 1626313685421219915, DEN, 13
<134>2021-07-15T01:48:08Z cache-cwb20520 MEWElogs[382896]: GRAY, 1626313687703140955, CWB, 13
<134>2021-07-15T01:48:35Z cache-lon4249 MEWElogs[382896]: GRAY, 1626313714568864080, LON, 13
<134>2021-07-15T01:48:35Z cache-den8274 MEWElogs[382896]: GRAY, 1626313714902711455, DEN, 13
<134>2021-07-15T01:48:37Z cache-jnb7027 MEWElogs[382896]: GRAY, 1626313715962700929, JNB, 13
<134>2021-07-15T01:48:43Z cache-lcy19283 MEWElogs[382896]: GRAY, 1626313722643932467, LCY, 13
<134>2021-07-15T01:48:44Z cache-lon4249 MEWElogs[382896]: GRAY, 1626313723928765639, LON, 13
<134>2021-07-15T01:49:03Z cache-lcy19283 MEWElogs[382896]: GRAY, 1626313742211205048, LCY, 13
<134>2021-07-15T01:49:12Z cache-lcy19283 MEWElogs[382896]: GRAY, 1626313751862876630, LCY, 13
<134>2021-07-15T01:49:45Z cache-lon4249 MEWElogs[382896]: GRAY, 1626313784924879304, LON, 13
<134>2021-07-15T01:49:47Z cache-lcy19283 MEWElogs[382896]: GRAY, 1626313786539016386, LCY, 13
<134>2021-07-15T01:49:56Z cache-bur17583 MEWElogs[382896]: GRAY, 1626313795283000263, BUR, 13
<134>2021-07-15T01:50:02Z cache-dal21283 MEWElogs[382896]: GRAY, 1626313802122833439, DAL, 13
<134>2021-07-15T01:50:41Z cache-lon4249 MEWElogs[382896]: GRAY, 1626313840617436376, LON, 13
<134>2021-07-15T01:50:55Z cache-lcy19283 MEWElogs[382896]: GRAY, 1626313854936100766, LCY, 13
<134>2021-07-15T01:50:57Z cache-iah17271 MEWElogs[382896]: GRAY, 1626313857407726550, IAH, 13
<134>2021-07-15T01:51:07Z cache-bur17583 MEWElogs[382896]: GRAY, 1626313866882872597, BUR, 13
