<134>2021-07-15T04:16:53Z cache-dca17782 MEWElogs[355776]: ROTATE, 1626322613441819849, DCA, 15
<134>2021-07-15T04:16:55Z cache-ord1740 MEWElogs[355776]: ROTATE, 1626322614570295010, ORD, 15
<134>2021-07-15T04:16:57Z cache-bog6425 MEWElogs[355776]: ROTATE, 1626322616676296524, BOG, 15
<134>2021-07-15T04:17:16Z cache-eze19324 MEWElogs[355776]: ROTATE, 1626322636198797899, EZE, 15
<134>2021-07-15T04:17:39Z cache-maa10251 MEWElogs[355776]: ROTATE, 1626322659185231729, MAA, 15
<134>2021-07-15T04:17:55Z cache-ams21020 MEWElogs[355776]: ROTATE, 1626322674807225715, AMS, 15
<134>2021-07-15T04:18:00Z cache-wdc5583 MEWElogs[355776]: ROTATE, 1626322679201944048, WDC, 15
<134>2021-07-15T04:18:10Z cache-wdc5583 MEWElogs[355776]: ROTATE, 1626322689918611944, WDC, 15
<134>2021-07-15T04:18:47Z cache-eze19324 MEWElogs[355776]: ROTATE, 1626322726782518416, EZE, 15
<134>2021-07-15T04:18:54Z cache-pdk17882 MEWElogs[355776]: ROTATE, 1626322733163507870, PDK, 15
<134>2021-07-15T04:18:58Z cache-cph20625 MEWElogs[355776]: ROTATE, 1626322737923959864, CPH, 15
<134>2021-07-15T04:19:05Z cache-ams21020 MEWElogs[355776]: ROTATE, 1626322744020739136, AMS, 15
<134>2021-07-15T04:19:08Z cache-cph20625 MEWElogs[355776]: ROTATE, 1626322747829083749, CPH, 15
<134>2021-07-15T04:19:11Z cache-pdk17882 MEWElogs[355776]: ROTATE, 1626322751396532746, PDK, 15
<134>2021-07-15T04:19:14Z cache-ord1740 MEWElogs[355776]: ROTATE, 1626322753397618512, ORD, 15
<134>2021-07-15T04:19:30Z cache-pdk17882 MEWElogs[355776]: ROTATE, 1626322769624967557, PDK, 15
<134>2021-07-15T04:19:32Z cache-ord1740 MEWElogs[355776]: ROTATE, 1626322771941579394, ORD, 15
<134>2021-07-15T04:20:21Z cache-dca17782 MEWElogs[355776]: ROTATE, 1626322821062766718, DCA, 15
<134>2021-07-15T04:20:25Z cache-bog6425 MEWElogs[355776]: ROTATE, 1626322824852881195, BOG, 15
<134>2021-07-15T04:20:27Z cache-maa10251 MEWElogs[355776]: ROTATE, 1626322826698278119, MAA, 15
<134>2021-07-15T04:20:57Z cache-mdw17383 MEWElogs[355776]: ROTATE, 1626322857212870274, MDW, 15
<134>2021-07-15T04:21:08Z cache-mdw17383 MEWElogs[355776]: ROTATE, 1626322868304615419, MDW, 15
<134>2021-07-15T04:21:11Z cache-pdk17882 MEWElogs[355776]: ROTATE, 1626322870834468983, PDK, 15
<134>2021-07-15T04:21:42Z cache-chi21126 MEWElogs[355776]: ROTATE, 1626322901438023724, CHI, 15
<134>2021-07-15T04:21:54Z cache-bog6425 MEWElogs[355776]: ROTATE, 1626322914415585724, BOG, 15
<134>2021-07-15T04:22:19Z cache-del21735 MEWElogs[355776]: ROTATE, 1626322937967425112, DEL, 15
<134>2021-07-15T04:22:55Z cache-chi21126 MEWElogs[355776]: ROTATE, 1626322974624428824, CHI, 15
<134>2021-07-15T04:23:03Z cache-bos4657 MEWElogs[355776]: ROTATE, 1626322982682652195, BOS, 15
<134>2021-07-15T04:23:24Z cache-akl10324 MEWElogs[355776]: ROTATE, 1626323003646569458, AKL, 15
<134>2021-07-15T04:24:16Z cache-bos4657 MEWElogs[355776]: ROTATE, 1626323055455427771, BOS, 15
<134>2021-07-15T04:24:43Z cache-del21735 MEWElogs[355776]: ROTATE, 1626323082741083592, DEL, 15
<134>2021-07-15T04:24:44Z cache-dfw18678 MEWElogs[355776]: ROTATE, 1626323083143986767, DFW, 15
<134>2021-07-15T04:25:05Z cache-dfw18678 MEWElogs[355776]: ROTATE, 1626323105643236762, DFW, 15
<134>2021-07-15T04:25:10Z cache-bos4657 MEWElogs[355776]: ROTATE, 1626323110884053127, BOS, 15
<134>2021-07-15T04:25:30Z cache-bos4657 MEWElogs[355776]: ROTATE, 1626323129274195547, BOS, 15
<134>2021-07-15T04:25:50Z cache-dfw18678 MEWElogs[355776]: ROTATE, 1626323149222903537, DFW, 15
<134>2021-07-15T04:26:13Z cache-akl10324 MEWElogs[355776]: ROTATE, 1626323172843500504, AKL, 15
<134>2021-07-15T04:26:16Z cache-bos4657 MEWElogs[355776]: ROTATE, 1626323175566258500, BOS, 15
<134>2021-07-15T04:26:18Z cache-dub4329 MEWElogs[355776]: ROTATE, 1626323177437612493, DUB, 15
<134>2021-07-15T04:26:45Z cache-cwb20520 MEWElogs[355776]: ROTATE, 1626323204313652413, CWB, 15
