<134>2021-07-15T02:22:36Z cache-bma1628 MEWElogs[355776]: GRAY, 1626315755440316903, BMA, 13
<134>2021-07-15T02:23:04Z cache-sea4483 MEWElogs[355776]: GRAY, 1626315783115645155, SEA, 13
<134>2021-07-15T02:23:08Z cache-bma1628 MEWElogs[355776]: GRAY, 1626315787224674274, BMA, 13
<134>2021-07-15T02:23:19Z cache-bma1628 MEWElogs[355776]: GRAY, 1626315798105113033, BMA, 13
<134>2021-07-15T02:23:35Z cache-yyz4551 MEWElogs[355776]: GRAY, 1626315814786099452, YYZ, 13
<134>2021-07-15T02:23:54Z cache-yyz4551 MEWElogs[355776]: GRAY, 1626315833474689178, YYZ, 13
<134>2021-07-15T02:23:59Z cache-cgh11122 MEWElogs[355776]: GRAY, 1626315838985650392, CGH, 13
<134>2021-07-15T02:24:01Z cache-bma1628 MEWElogs[355776]: GRAY, 1626315840402941281, BMA, 13
<134>2021-07-15T02:24:06Z cache-bma1628 MEWElogs[355776]: GRAY, 1626315845645687587, BMA, 13
<134>2021-07-15T02:24:17Z cache-tyo11974 MEWElogs[355776]: GRAY, 1626315856540345563, TYO, 13
<134>2021-07-15T02:24:44Z cache-itm18851 MEWElogs[355776]: GRAY, 1626315884337609527, ITM, 13
<134>2021-07-15T02:24:47Z cache-sea4483 MEWElogs[355776]: GRAY, 1626315886704590380, SEA, 13
<134>2021-07-15T02:25:03Z cache-yyz4551 MEWElogs[355776]: GRAY, 1626315903174631950, YYZ, 13
<134>2021-07-15T02:25:21Z cache-sjc10078 MEWElogs[355776]: GRAY, 1626315920341934881, SJC, 13
<134>2021-07-15T02:25:36Z cache-vie21629 MEWElogs[355776]: GRAY, 1626315935540592561, VIE, 13
<134>2021-07-15T02:25:42Z cache-sea4483 MEWElogs[355776]: GRAY, 1626315941772052809, SEA, 13
<134>2021-07-15T02:26:03Z cache-bma1628 MEWElogs[355776]: GRAY, 1626315962454198892, BMA, 13
<134>2021-07-15T02:26:45Z cache-yyz4551 MEWElogs[355776]: GRAY, 1626316004537421821, YYZ, 13
<134>2021-07-15T02:26:51Z cache-yyz4551 MEWElogs[355776]: GRAY, 1626316010791326854, YYZ, 13
<134>2021-07-15T02:26:58Z cache-yyz4551 MEWElogs[355776]: GRAY, 1626316017182856786, YYZ, 13
<134>2021-07-15T02:27:17Z cache-bma1628 MEWElogs[355776]: GRAY, 1626316036898245724, BMA, 13
<134>2021-07-15T02:27:42Z cache-sea4483 MEWElogs[355776]: GRAY, 1626316061635852534, SEA, 13
<134>2021-07-15T02:28:08Z cache-vie21629 MEWElogs[355776]: GRAY, 1626316087388215738, VIE, 13
<134>2021-07-15T02:28:32Z cache-yyz4551 MEWElogs[355776]: GRAY, 1626316111526523289, YYZ, 13
<134>2021-07-15T02:28:38Z cache-vie21629 MEWElogs[355776]: GRAY, 1626316117805425709, VIE, 13
<134>2021-07-15T02:28:51Z cache-yyz4551 MEWElogs[355776]: GRAY, 1626316130720593428, YYZ, 13
<134>2021-07-15T02:29:28Z cache-tyo11974 MEWElogs[355776]: GRAY, 1626316167317349764, TYO, 13
<134>2021-07-15T02:30:01Z cache-yyz4551 MEWElogs[355776]: GRAY, 1626316200178700486, YYZ, 13
<134>2021-07-15T02:30:13Z cache-tyo11974 MEWElogs[355776]: GRAY, 1626316212026487133, TYO, 13
<134>2021-07-15T02:30:26Z cache-yyz4551 MEWElogs[355776]: GRAY, 1626316225459541315, YYZ, 13
<134>2021-07-15T02:31:01Z cache-sea4483 MEWElogs[355776]: GRAY, 1626316260747858624, SEA, 13
<134>2021-07-15T02:32:00Z cache-vie21629 MEWElogs[355776]: GRAY, 1626316319370481606, VIE, 13
