<134>2021-07-15T04:26:56Z cache-hhn4077 MEWElogs[46369]: ROTATE, 1626323215063271858, HHN, 15
<134>2021-07-15T04:27:25Z cache-fty21383 MEWElogs[46369]: ROTATE, 1626323244596699318, FTY, 15
<134>2021-07-15T04:27:58Z cache-pwk4920 MEWElogs[46369]: ROTATE, 1626323278614044079, PWK, 15
<134>2021-07-15T04:28:37Z cache-dfw18678 MEWElogs[46369]: ROTATE, 1626323316781041644, DFW, 15
<134>2021-07-15T04:29:11Z cache-bos4657 MEWElogs[46369]: ROTATE, 1626323350642294654, BOS, 15
<134>2021-07-15T04:29:35Z cache-del21735 MEWElogs[46369]: ROTATE, 1626323374298333233, DEL, 15
<134>2021-07-15T04:30:15Z cache-bos4657 MEWElogs[46369]: ROTATE, 1626323414765953303, BOS, 15
<134>2021-07-15T04:30:17Z cache-akl10324 MEWElogs[46369]: ROTATE, 1626323416820864475, AKL, 15
<134>2021-07-15T04:30:28Z cache-akl10324 MEWElogs[46369]: ROTATE, 1626323427256922462, AKL, 15
<134>2021-07-15T04:30:29Z cache-fty21383 MEWElogs[46369]: ROTATE, 1626323428689423591, FTY, 15
<134>2021-07-15T04:30:38Z cache-akl10324 MEWElogs[46369]: ROTATE, 1626323437529273204, AKL, 15
<134>2021-07-15T04:31:13Z cache-chi21126 MEWElogs[46369]: ROTATE, 1626323473358346359, CHI, 15
<134>2021-07-15T04:31:22Z cache-pwk4920 MEWElogs[46369]: ROTATE, 1626323481568975862, PWK, 15
<134>2021-07-15T04:31:35Z cache-chi21126 MEWElogs[46369]: ROTATE, 1626323495278690797, CHI, 15
<134>2021-07-15T04:31:49Z cache-dfw18678 MEWElogs[46369]: ROTATE, 1626323508821658335, DFW, 15
<134>2021-07-15T04:31:56Z cache-bos4657 MEWElogs[46369]: ROTATE, 1626323515923013481, BOS, 15
<134>2021-07-15T04:32:13Z cache-cwb20520 MEWElogs[46369]: ROTATE, 1626323533153122197, CWB, 15
<134>2021-07-15T04:32:23Z cache-pwk4920 MEWElogs[46369]: ROTATE, 1626323542536225791, PWK, 15
<134>2021-07-15T04:32:53Z cache-pwk4920 MEWElogs[46369]: ROTATE, 1626323572625826637, PWK, 15
<134>2021-07-15T04:33:22Z cache-del21735 MEWElogs[46369]: ROTATE, 1626323601761627512, DEL, 15
<134>2021-07-15T04:33:31Z cache-del21735 MEWElogs[46369]: ROTATE, 1626323610829742023, DEL, 15
<134>2021-07-15T04:33:47Z cache-bos4657 MEWElogs[46369]: ROTATE, 1626323626228535041, BOS, 15
<134>2021-07-15T04:33:50Z cache-del21735 MEWElogs[46369]: ROTATE, 1626323629040044644, DEL, 15
<134>2021-07-15T04:34:00Z cache-dfw18678 MEWElogs[46369]: ROTATE, 1626323640183702062, DFW, 15
<134>2021-07-15T04:34:03Z cache-hhn4077 MEWElogs[46369]: ROTATE, 1626323642241305539, HHN, 15
<134>2021-07-15T04:34:03Z cache-pwk4920 MEWElogs[46369]: ROTATE, 1626323642975665293, PWK, 15
<134>2021-07-15T04:34:17Z cache-chi21126 MEWElogs[46369]: ROTATE, 1626323656634693446, CHI, 15
<134>2021-07-15T04:34:23Z cache-pwk4920 MEWElogs[46369]: ROTATE, 1626323663019384901, PWK, 15
<134>2021-07-15T04:34:26Z cache-del21735 MEWElogs[46369]: ROTATE, 1626323665539244504, DEL, 15
<134>2021-07-15T04:34:27Z cache-hhn4077 MEWElogs[46369]: ROTATE, 1626323667604691106, HHN, 15
<134>2021-07-15T04:34:41Z cache-fty21383 MEWElogs[46369]: ROTATE, 1626323680176608031, FTY, 15
<134>2021-07-15T04:34:52Z cache-akl10324 MEWElogs[46369]: ROTATE, 1626323691104267006, AKL, 15
<134>2021-07-15T04:34:54Z cache-pwk4920 MEWElogs[46369]: ROTATE, 1626323693609609163, PWK, 15
<134>2021-07-15T04:35:41Z cache-dfw18678 MEWElogs[46369]: ROTATE, 1626323740634686668, DFW, 15
<134>2021-07-15T04:35:44Z cache-pwk4920 MEWElogs[46369]: ROTATE, 1626323744470202605, PWK, 15
<134>2021-07-15T04:35:57Z cache-del21735 MEWElogs[46369]: ROTATE, 1626323756727652060, DEL, 15
<134>2021-07-15T04:36:05Z cache-pwk4920 MEWElogs[46369]: ROTATE, 1626323764721736866, PWK, 15
<134>2021-07-15T04:36:13Z cache-bos4657 MEWElogs[46369]: ROTATE, 1626323772773534095, BOS, 15
