<134>2021-07-15T06:29:26Z cache-dfw18678 MEWElogs[216063]: UNSH, 1626330565544676800, DFW, 16
<134>2021-07-15T06:29:28Z cache-cwb20520 MEWElogs[216063]: UNSH, 1626330567052026375, CWB, 16
<134>2021-07-15T06:29:41Z cache-hhn4077 MEWElogs[216063]: UNSH, 1626330580808149677, HHN, 16
<134>2021-07-15T06:29:49Z cache-del21735 MEWElogs[216063]: UNSH, 1626330588505516382, DEL, 16
<134>2021-07-15T06:29:57Z cache-akl10324 MEWElogs[216063]: UNSH, 1626330597373635323, AKL, 16
<134>2021-07-15T06:30:09Z cache-cwb20520 MEWElogs[216063]: UNSH, 1626330608458055470, CWB, 16
<134>2021-07-15T06:30:20Z cache-cwb20520 MEWElogs[216063]: UNSH, 1626330619221799773, CWB, 16
<134>2021-07-15T06:30:21Z cache-chi21126 MEWElogs[216063]: UNSH, 1626330620785528816, CHI, 16
<134>2021-07-15T06:30:30Z cache-cwb20520 MEWElogs[216063]: UNSH, 1626330629735661793, CWB, 16
<134>2021-07-15T06:31:24Z cache-del21735 MEWElogs[216063]: UNSH, 1626330683170111597, DEL, 16
<134>2021-07-15T06:31:59Z cache-fty21383 MEWElogs[216063]: UNSH, 1626330718842494697, FTY, 16
<134>2021-07-15T06:32:48Z cache-dub4329 MEWElogs[216063]: UNSH, 1626330768171957856, DUB, 16
<134>2021-07-15T06:32:55Z cache-pwk4920 MEWElogs[216063]: UNSH, 1626330775101960196, PWK, 16
<134>2021-07-15T06:33:17Z cache-cwb20520 MEWElogs[216063]: UNSH, 1626330796449470484, CWB, 16
<134>2021-07-15T06:33:17Z cache-fty21383 MEWElogs[216063]: UNSH, 1626330796915080778, FTY, 16
<134>2021-07-15T06:33:28Z cache-del21735 MEWElogs[216063]: UNSH, 1626330807766328506, DEL, 16
<134>2021-07-15T06:33:35Z cache-fty21383 MEWElogs[216063]: UNSH, 1626330814586560312, FTY, 16
<134>2021-07-15T06:33:42Z cache-pwk4920 MEWElogs[216063]: UNSH, 1626330821881520411, PWK, 16
<134>2021-07-15T06:33:56Z cache-del21735 MEWElogs[216063]: UNSH, 1626330836173617943, DEL, 16
<134>2021-07-15T06:34:43Z cache-dub4329 MEWElogs[216063]: UNSH, 1626330882854400113, DUB, 16
<134>2021-07-15T06:34:54Z cache-del21735 MEWElogs[216063]: UNSH, 1626330893648689158, DEL, 16
<134>2021-07-15T06:34:54Z cache-bos4657 MEWElogs[216063]: UNSH, 1626330893981510889, BOS, 16
<134>2021-07-15T06:35:39Z cache-bos4657 MEWElogs[216063]: UNSH, 1626330938036043899, BOS, 16
<134>2021-07-15T06:36:21Z cache-fty21383 MEWElogs[216063]: UNSH, 1626330980710998985, FTY, 16
<134>2021-07-15T06:36:29Z cache-del21735 MEWElogs[216063]: UNSH, 1626330989054824872, DEL, 16
<134>2021-07-15T06:36:32Z cache-pwk4920 MEWElogs[216063]: UNSH, 1626330991718104493, PWK, 16
<134>2021-07-15T06:36:51Z cache-pwk4920 MEWElogs[216063]: UNSH, 1626331010629812788, PWK, 16
<134>2021-07-15T06:37:16Z cache-akl10324 MEWElogs[216063]: UNSH, 1626331036226574458, AKL, 16
<134>2021-07-15T06:37:23Z cache-chi21126 MEWElogs[216063]: UNSH, 1626331042443418324, CHI, 16
<134>2021-07-15T06:37:29Z cache-hhn4077 MEWElogs[216063]: UNSH, 1626331048215916535, HHN, 16
<134>2021-07-15T06:37:50Z cache-chi21126 MEWElogs[216063]: UNSH, 1626331069003687398, CHI, 16
<134>2021-07-15T06:37:50Z cache-akl10324 MEWElogs[216063]: UNSH, 1626331069395647263, AKL, 16
<134>2021-07-15T06:37:55Z cache-del21735 MEWElogs[216063]: UNSH, 1626331073927502075, DEL, 16
<134>2021-07-15T06:38:05Z cache-hhn4077 MEWElogs[216063]: UNSH, 1626331084656841663, HHN, 16
<134>2021-07-15T06:38:56Z cache-akl10324 MEWElogs[216063]: UNSH, 1626331135554826657, AKL, 16
<134>2021-07-15T06:39:17Z cache-fty21383 MEWElogs[216063]: UNSH, 1626331156363390278, FTY, 16
