<134>2021-07-15T05:00:54Z cache-yul12826 MEWElogs[318405]: ROTATE, 1626325253642716500, YUL, 15
<134>2021-07-15T05:01:43Z cache-mci5951 MEWElogs[318405]: ROTATE, 1626325302417919280, MCI, 15
<134>2021-07-15T05:01:47Z cache-ewr18156 MEWElogs[318405]: ROTATE, 1626325307213631098, EWR, 15
<134>2021-07-15T05:02:15Z cache-lga21983 MEWElogs[318405]: ROTATE, 1626325334546530232, LGA, 15
<134>2021-07-15T05:03:04Z cache-man4150 MEWElogs[318405]: ROTATE, 1626325384517198882, MAN, 15
<134>2021-07-15T05:03:34Z cache-lhr7382 MEWElogs[318405]: ROTATE, 1626325413169123561, LHR, 15
<134>2021-07-15T05:03:47Z cache-yul12826 MEWElogs[318405]: ROTATE, 1626325426543806672, YUL, 15
<134>2021-07-15T05:04:07Z cache-man4150 MEWElogs[318405]: ROTATE, 1626325446677025504, MAN, 15
<134>2021-07-15T05:04:19Z cache-mel11272 MEWElogs[318405]: ROTATE, 1626325458077222756, MEL, 15
<134>2021-07-15T05:05:24Z cache-lax10677 MEWElogs[318405]: ROTATE, 1626325523743708719, LGB, 15
<134>2021-07-15T05:05:30Z cache-mci5951 MEWElogs[318405]: ROTATE, 1626325529246380511, MCI, 15
<134>2021-07-15T05:05:54Z cache-ewr18156 MEWElogs[318405]: ROTATE, 1626325553692173339, EWR, 15
<134>2021-07-15T05:06:04Z cache-man4150 MEWElogs[318405]: ROTATE, 1626325563271401970, MAN, 15
<134>2021-07-15T05:06:21Z cache-ewr18156 MEWElogs[318405]: ROTATE, 1626325581665107162, EWR, 15
<134>2021-07-15T05:06:28Z cache-lga21983 MEWElogs[318405]: ROTATE, 1626325587184143495, LGA, 15
<134>2021-07-15T05:07:26Z cache-bom4751 MEWElogs[318405]: ROTATE, 1626325645034968214, BOM, 15
<134>2021-07-15T05:07:54Z cache-stp9226 MEWElogs[318405]: ROTATE, 1626325673553433071, STP, 15
<134>2021-07-15T05:08:32Z cache-ewr18156 MEWElogs[318405]: ROTATE, 1626325711945000894, EWR, 15
<134>2021-07-15T05:08:35Z cache-hkg17929 MEWElogs[318405]: ROTATE, 1626325715222696338, HKG, 15
<134>2021-07-15T05:08:40Z cache-bom4751 MEWElogs[318405]: ROTATE, 1626325719863939112, BOM, 15
<134>2021-07-15T05:09:38Z cache-ewr18156 MEWElogs[318405]: ROTATE, 1626325777307892649, EWR, 15
<134>2021-07-15T05:09:46Z cache-bom4751 MEWElogs[318405]: ROTATE, 1626325785229584125, BOM, 15
<134>2021-07-15T05:09:47Z cache-mci5951 MEWElogs[318405]: ROTATE, 1626325786426813850, MCI, 15
<134>2021-07-15T05:09:59Z cache-mel11272 MEWElogs[318405]: ROTATE, 1626325798961252312, MEL, 15
<134>2021-07-15T05:10:04Z cache-bom4751 MEWElogs[318405]: ROTATE, 1626325804152154935, BOM, 15
<134>2021-07-15T05:10:32Z cache-bom4751 MEWElogs[318405]: ROTATE, 1626325832446444040, BOM, 15
