<134>2021-07-14T22:36:03Z cache-mad22068 MEWElogs[39982]: BLUR, 1626302162435589563, MAD, 11
<134>2021-07-14T22:36:28Z cache-yul12826 MEWElogs[39982]: BLUR, 1626302187410805950, YUL, 11
<134>2021-07-14T22:36:42Z cache-yul12826 MEWElogs[39982]: BLUR, 1626302202162047133, YUL, 11
<134>2021-07-14T22:36:45Z cache-mci5951 MEWElogs[39982]: BLUR, 1626302205066192169, MCI, 11
<134>2021-07-14T22:38:31Z cache-jax20933 MEWElogs[39982]: BLUR, 1626302309973686997, JAX, 11
<134>2021-07-14T22:39:29Z cache-mci5951 MEWElogs[39982]: BLUR, 1626302368950751307, MCI, 11
<134>2021-07-14T22:39:37Z cache-lga21983 MEWElogs[39982]: BLUR, 1626302376440255642, LGA, 11
<134>2021-07-14T22:39:53Z cache-lga21983 MEWElogs[39982]: BLUR, 1626302393264268714, LGA, 11
<134>2021-07-14T22:40:37Z cache-jax20933 MEWElogs[39982]: BLUR, 1626302436565461809, JAX, 11
<134>2021-07-14T22:41:11Z cache-yul12826 MEWElogs[39982]: BLUR, 1626302470581943988, YUL, 11
<134>2021-07-14T22:41:26Z cache-yul12826 MEWElogs[39982]: BLUR, 1626302485612502821, YUL, 11
<134>2021-07-14T22:42:12Z cache-osl6529 MEWElogs[39982]: BLUR, 1626302531561005188, OSL, 11
<134>2021-07-14T22:42:23Z cache-mia11368 MEWElogs[39982]: BLUR, 1626302543016632956, MIA, 11
<134>2021-07-14T22:42:28Z cache-stp9226 MEWElogs[39982]: BLUR, 1626302547641643382, STP, 11
<134>2021-07-14T22:42:43Z cache-osl6529 MEWElogs[39982]: BLUR, 1626302562302664579, OSL, 11
<134>2021-07-14T22:43:10Z cache-mel11272 MEWElogs[39982]: BLUR, 1626302590319436287, MEL, 11
<134>2021-07-14T22:43:13Z cache-osl6529 MEWElogs[39982]: BLUR, 1626302593326960364, OSL, 11
<134>2021-07-14T22:44:10Z cache-lga21983 MEWElogs[39982]: BLUR, 1626302649570658288, LGA, 11
<134>2021-07-14T22:44:13Z cache-mia11368 MEWElogs[39982]: BLUR, 1626302652732553952, MIA, 11
<134>2021-07-14T22:44:33Z cache-mel11272 MEWElogs[39982]: BLUR, 1626302672897040574, MEL, 11
<134>2021-07-14T22:44:50Z cache-mel11272 MEWElogs[39982]: BLUR, 1626302689649871067, MEL, 11
<134>2021-07-14T22:45:52Z cache-ewr18156 MEWElogs[39982]: BLUR, 1626302751506884966, EWR, 11
