<134>2021-07-15T04:37:10Z cache-chi21126 MEWElogs[320228]: ROTATE, 1626323829552357288, CHI, 15
<134>2021-07-15T04:37:20Z cache-hel6829 MEWElogs[320228]: ROTATE, 1626323839325266444, HEL, 15
<134>2021-07-15T04:37:47Z cache-den8274 MEWElogs[320228]: ROTATE, 1626323866734599115, DEN, 15
<134>2021-07-15T04:38:06Z cache-hel6829 MEWElogs[320228]: ROTATE, 1626323885755565188, HEL, 15
<134>2021-07-15T04:38:39Z cache-dal21283 MEWElogs[320228]: ROTATE, 1626323918630452124, DAL, 15
<134>2021-07-15T04:38:43Z cache-den8274 MEWElogs[320228]: ROTATE, 1626323922724571629, DEN, 15
<134>2021-07-15T04:38:48Z cache-jnb7027 MEWElogs[320228]: ROTATE, 1626323927404087461, JNB, 15
<134>2021-07-15T04:38:55Z cache-lon4249 MEWElogs[320228]: ROTATE, 1626323934089476622, LON, 15
<134>2021-07-15T04:39:30Z cache-hel6829 MEWElogs[320228]: ROTATE, 1626323969757847188, HEL, 15
<134>2021-07-15T04:40:03Z cache-jnb7027 MEWElogs[320228]: ROTATE, 1626324003366938099, JNB, 15
<134>2021-07-15T04:40:42Z cache-jnb7027 MEWElogs[320228]: ROTATE, 1626324041375439736, JNB, 15
<134>2021-07-15T04:40:47Z cache-lcy19283 MEWElogs[320228]: ROTATE, 1626324046181187464, LCY, 15
<134>2021-07-15T04:40:58Z cache-lon4249 MEWElogs[320228]: ROTATE, 1626324057432873823, LON, 15
<134>2021-07-15T04:41:11Z cache-dal21283 MEWElogs[320228]: ROTATE, 1626324070813087406, DAL, 15
<134>2021-07-15T04:41:17Z cache-iah17271 MEWElogs[320228]: ROTATE, 1626324076216179292, IAH, 15
<134>2021-07-15T04:41:20Z cache-bur17583 MEWElogs[320228]: ROTATE, 1626324079285221482, BUR, 15
<134>2021-07-15T04:42:00Z cache-hel6829 MEWElogs[320228]: ROTATE, 1626324119305143747, HEL, 15
<134>2021-07-15T04:42:23Z cache-dal21283 MEWElogs[320228]: ROTATE, 1626324142887146706, DAL, 15
<134>2021-07-15T04:42:26Z cache-den8274 MEWElogs[320228]: ROTATE, 1626324145229630254, DEN, 15
<134>2021-07-15T04:42:55Z cache-jnb7027 MEWElogs[320228]: ROTATE, 1626324174207204432, JNB, 15
<134>2021-07-15T04:43:21Z cache-den8274 MEWElogs[320228]: ROTATE, 1626324200935971663, DEN, 15
<134>2021-07-15T04:44:01Z cache-hel6829 MEWElogs[320228]: ROTATE, 1626324240467383854, HEL, 15
<134>2021-07-15T04:44:10Z cache-hel6829 MEWElogs[320228]: ROTATE, 1626324249770846960, HEL, 15
<134>2021-07-15T04:44:31Z cache-lcy19283 MEWElogs[320228]: ROTATE, 1626324270671502378, LCY, 15
<134>2021-07-15T04:44:34Z cache-lon4249 MEWElogs[320228]: ROTATE, 1626324273675359501, LON, 15
<134>2021-07-15T04:44:42Z cache-lon4249 MEWElogs[320228]: ROTATE, 1626324281561997132, LON, 15
<134>2021-07-15T04:44:48Z cache-lcy19283 MEWElogs[320228]: ROTATE, 1626324287152466187, LCY, 15
<134>2021-07-15T04:45:10Z cache-bur17583 MEWElogs[320228]: ROTATE, 1626324309777330587, BUR, 15
<134>2021-07-15T04:46:30Z cache-lon4249 MEWElogs[320228]: ROTATE, 1626324389023729207, LON, 15
<134>2021-07-15T04:46:34Z cache-jnb7027 MEWElogs[320228]: ROTATE, 1626324393928485830, JNB, 15
<134>2021-07-15T04:46:38Z cache-lon4249 MEWElogs[320228]: ROTATE, 1626324397372351500, LON, 15
