<134>2021-07-15T02:03:29Z cache-lax10677 MEWElogs[370074]: GRAY, 1626314608184457577, LGB, 13
<134>2021-07-15T02:03:29Z cache-ewr18156 MEWElogs[370074]: GRAY, 1626314608914248147, EWR, 13
<134>2021-07-15T02:03:45Z cache-mci5951 MEWElogs[370074]: GRAY, 1626314624681457507, MCI, 13
<134>2021-07-15T02:03:48Z cache-mel11272 MEWElogs[370074]: GRAY, 1626314627688609847, MEL, 13
<134>2021-07-15T02:04:05Z cache-osl6529 MEWElogs[370074]: GRAY, 1626314644164980039, OSL, 13
<134>2021-07-15T02:04:19Z cache-ewr18156 MEWElogs[370074]: GRAY, 1626314659351203191, EWR, 13
<134>2021-07-15T02:04:31Z cache-gig17035 MEWElogs[370074]: GRAY, 1626314671130716905, GIG, 13
<134>2021-07-15T02:04:36Z cache-jax20933 MEWElogs[370074]: GRAY, 1626314675358077810, JAX, 13
<134>2021-07-15T02:05:00Z cache-lga21983 MEWElogs[370074]: GRAY, 1626314700016007897, LGA, 13
<134>2021-07-15T02:05:16Z cache-yul12826 MEWElogs[370074]: GRAY, 1626314716125945771, YUL, 13
<134>2021-07-15T02:05:41Z cache-ewr18156 MEWElogs[370074]: GRAY, 1626314740549333709, EWR, 13
<134>2021-07-15T02:05:42Z cache-osl6529 MEWElogs[370074]: GRAY, 1626314741488979846, OSL, 13
<134>2021-07-15T02:06:06Z cache-gig17035 MEWElogs[370074]: GRAY, 1626314765634055557, GIG, 13
<134>2021-07-15T02:06:19Z cache-yul12826 MEWElogs[370074]: GRAY, 1626314779862947752, YUL, 13
<134>2021-07-15T02:06:39Z cache-yul12826 MEWElogs[370074]: GRAY, 1626314798534495028, YUL, 13
<134>2021-07-15T02:07:11Z cache-lax10677 MEWElogs[370074]: GRAY, 1626314830658713178, LGB, 13
<134>2021-07-15T02:07:25Z cache-gru17149 MEWElogs[370074]: GRAY, 1626314843897358650, GRU, 13
<134>2021-07-15T02:07:42Z cache-gig17035 MEWElogs[370074]: GRAY, 1626314861291947742, GIG, 13
<134>2021-07-15T02:07:57Z cache-scl19427 MEWElogs[370074]: GRAY, 1626314876815569489, SCL, 13
<134>2021-07-15T02:09:10Z cache-osl6529 MEWElogs[370074]: GRAY, 1626314949852147666, OSL, 13
<134>2021-07-15T02:09:13Z cache-jax20933 MEWElogs[370074]: GRAY, 1626314952642880556, JAX, 13
<134>2021-07-15T02:09:33Z cache-bom4751 MEWElogs[370074]: GRAY, 1626314972474826233, BOM, 13
<134>2021-07-15T02:09:34Z cache-osl6529 MEWElogs[370074]: GRAY, 1626314973114283569, OSL, 13
<134>2021-07-15T02:09:53Z cache-mel11272 MEWElogs[370074]: GRAY, 1626314993257174494, MEL, 13
<134>2021-07-15T02:10:28Z cache-osl6529 MEWElogs[370074]: GRAY, 1626315028462235224, OSL, 13
<134>2021-07-15T02:10:35Z cache-syd10183 MEWElogs[370074]: GRAY, 1626315034820130217, SYD, 13
<134>2021-07-15T02:10:54Z cache-gru17149 MEWElogs[370074]: GRAY, 1626315053299012260, GRU, 13
<134>2021-07-15T02:10:56Z cache-gig17035 MEWElogs[370074]: GRAY, 1626315056186051765, GIG, 13
<134>2021-07-15T02:11:25Z cache-stl4834 MEWElogs[370074]: GRAY, 1626315084849976703, STL, 13
<134>2021-07-15T02:11:25Z cache-gru17149 MEWElogs[370074]: GRAY, 1626315084857929097, GRU, 13
<134>2021-07-15T02:11:31Z cache-syd10183 MEWElogs[370074]: GRAY, 1626315091032184337, SYD, 13
<134>2021-07-15T02:12:21Z cache-ewr18156 MEWElogs[370074]: GRAY, 1626315140591276063, EWR, 13
<134>2021-07-15T02:12:21Z cache-bom4751 MEWElogs[370074]: GRAY, 1626315141307589164, BOM, 13
<134>2021-07-15T02:13:03Z cache-syd10183 MEWElogs[370074]: GRAY, 1626315182300864723, SYD, 13
<134>2021-07-15T02:13:22Z cache-scl19427 MEWElogs[370074]: GRAY, 1626315202261080592, SCL, 13
