<134>2021-07-14T17:33:13Z cache-ewr18156 MEWElogs[370074]: FLIPH, 1626283993134081298, EWR, -1
<134>2021-07-14T17:33:22Z cache-ewr18156 MEWElogs[370074]: FLIPH, 1626284002328511771, EWR, -1
<134>2021-07-14T17:33:35Z cache-osl6529 MEWElogs[370074]: FLIPH, 1626284014021917711, OSL, -1
<134>2021-07-14T17:33:35Z cache-man4150 MEWElogs[370074]: FLIPH, 1626284015181773561, MAN, -1
<134>2021-07-14T17:34:05Z cache-mel11272 MEWElogs[370074]: FLIPH, 1626284044796134504, MEL, -1
<134>2021-07-14T17:34:09Z cache-yul12826 MEWElogs[370074]: FLIPH, 1626284048389439974, YUL, 10
<134>2021-07-14T17:34:17Z cache-jax20933 MEWElogs[370074]: FLIPH, 1626284056819828525, JAX, 10
<134>2021-07-14T17:34:20Z cache-man4150 MEWElogs[370074]: FLIPH, 1626284059590492416, MAN, 10
<134>2021-07-14T17:34:26Z cache-lga21983 MEWElogs[370074]: FLIPH, 1626284065936059937, LGA, 10
<134>2021-07-14T17:34:49Z cache-mel11272 MEWElogs[370074]: FLIPH, 1626284088120038830, MEL, 10
<134>2021-07-14T17:35:00Z cache-lax10677 MEWElogs[370074]: FLIPH, 1626284099565108228, LGB, -1
<134>2021-07-14T17:35:09Z cache-osl6529 MEWElogs[370074]: FLIPH, 1626284109585182203, OSL, 10
<134>2021-07-14T17:35:27Z cache-man4150 MEWElogs[370074]: FLIPH, 1626284126910549777, MAN, 10
<134>2021-07-14T17:35:31Z cache-lga21983 MEWElogs[370074]: FLIPH, 1626284131352445826, LGA, -1
<134>2021-07-14T17:35:35Z cache-lga21983 MEWElogs[370074]: FLIPH, 1626284134530325297, LGA, 10
<134>2021-07-14T17:35:36Z cache-cdg20720 MEWElogs[370074]: FLIPH, 1626284135432641136, CDG, 10
<134>2021-07-14T17:35:57Z cache-mel11272 MEWElogs[370074]: FLIPH, 1626284156776459593, MEL, -1
<134>2021-07-14T17:35:58Z cache-yul12826 MEWElogs[370074]: FLIPH, 1626284156992714835, YUL, -1
<134>2021-07-14T17:36:03Z cache-ewr18156 MEWElogs[370074]: FLIPH, 1626284162583346418, EWR, 10
<134>2021-07-14T17:36:11Z cache-osl6529 MEWElogs[370074]: FLIPH, 1626284170763885058, OSL, -1
<134>2021-07-14T17:36:19Z cache-yul12826 MEWElogs[370074]: FLIPH, 1626284178204107173, YUL, 10
<134>2021-07-14T17:36:28Z cache-scl19427 MEWElogs[370074]: FLIPH, 1626284187773528114, SCL, 10
<134>2021-07-14T17:36:36Z cache-cdg20720 MEWElogs[370074]: FLIPH, 1626284195638371097, CDG, 10
<134>2021-07-14T17:36:49Z cache-mel11272 MEWElogs[370074]: FLIPH, 1626284207998514143, MEL, -1
<134>2021-07-14T17:36:50Z cache-man4150 MEWElogs[370074]: FLIPH, 1626284209814415327, MAN, 10
<134>2021-07-14T17:36:53Z cache-scl19427 MEWElogs[370074]: FLIPH, 1626284212452787823, SCL, 10
<134>2021-07-14T17:37:07Z cache-bom4751 MEWElogs[370074]: FLIPH, 1626284226888418266, BOM, 10
<134>2021-07-14T17:37:19Z cache-mel11272 MEWElogs[370074]: FLIPH, 1626284238748584626, MEL, -1
<134>2021-07-14T17:37:37Z cache-man4150 MEWElogs[370074]: FLIPH, 1626284256835008447, MAN, -1
<134>2021-07-14T17:37:37Z cache-bom4751 MEWElogs[370074]: FLIPH, 1626284256661362166, BOM, 10
<134>2021-07-14T17:38:03Z cache-osl6529 MEWElogs[370074]: FLIPH, 1626284281959458573, OSL, -1
<134>2021-07-14T17:38:41Z cache-mel11272 MEWElogs[370074]: FLIPH, 1626284319925502573, MEL, -1
<134>2021-07-14T17:38:50Z cache-scl19427 MEWElogs[370074]: FLIPH, 1626284329869625503, SCL, -1
<134>2021-07-14T17:39:11Z cache-mel11272 MEWElogs[370074]: FLIPH, 1626284350449055777, MEL, -1
<134>2021-07-14T17:39:27Z cache-man4150 MEWElogs[370074]: FLIPH, 1626284366867570957, MAN, -1
<134>2021-07-14T17:39:57Z cache-lga21983 MEWElogs[370074]: FLIPH, 1626284397701812352, LGA, -1
<134>2021-07-14T17:40:11Z cache-gru17149 MEWElogs[370074]: FLIPH, 1626284410676699806, GRU, 10
<134>2021-07-14T17:40:12Z cache-bom4751 MEWElogs[370074]: FLIPH, 1626284411340486864, BOM, -1
<134>2021-07-14T17:40:15Z cache-bom4751 MEWElogs[370074]: FLIPH, 1626284414140601432, BOM, 10
<134>2021-07-14T17:40:37Z cache-gig17035 MEWElogs[370074]: FLIPH, 1626284437364647821, GIG, -1
<134>2021-07-14T17:40:52Z cache-scl19427 MEWElogs[370074]: FLIPH, 1626284451671007294, SCL, -1
<134>2021-07-14T17:41:16Z cache-gru17149 MEWElogs[370074]: FLIPH, 1626284475015677781, GRU, -1
<134>2021-07-14T17:41:16Z cache-ewr18156 MEWElogs[370074]: FLIPH, 1626284475713542169, EWR, -1
<134>2021-07-14T17:41:19Z cache-cdg20720 MEWElogs[370074]: FLIPH, 1626284478983114764, CDG, -1
<134>2021-07-14T17:41:28Z cache-osl6529 MEWElogs[370074]: FLIPH, 1626284488343096140, OSL, 10
<134>2021-07-14T17:41:32Z cache-lga21983 MEWElogs[370074]: FLIPH, 1626284491336290284, LGA, 10
<134>2021-07-14T17:42:12Z cache-ewr18156 MEWElogs[370074]: FLIPH, 1626284532393225691, EWR, -1
<134>2021-07-14T17:42:13Z cache-gig17035 MEWElogs[370074]: FLIPH, 1626284533585335768, GIG, -1
<134>2021-07-14T17:42:41Z cache-gru17149 MEWElogs[370074]: FLIPH, 1626284560857325910, GRU, -1
<134>2021-07-14T17:42:44Z cache-gru17149 MEWElogs[370074]: FLIPH, 1626284563570105052, GRU, 10
<134>2021-07-14T17:42:51Z cache-gru17149 MEWElogs[370074]: FLIPH, 1626284570291542537, GRU, -1
<134>2021-07-14T17:42:52Z cache-scl19427 MEWElogs[370074]: FLIPH, 1626284572241827978, SCL, -1
<134>2021-07-14T17:42:55Z cache-man4150 MEWElogs[370074]: FLIPH, 1626284574599471801, MAN, -1
<134>2021-07-14T17:43:10Z cache-osl6529 MEWElogs[370074]: FLIPH, 1626284589156120224, OSL, 10
