<134>2021-07-14T22:25:14Z cache-lax10677 MEWElogs[382896]: BLUR, 1626301513980742749, LGB, 11
<134>2021-07-14T22:25:55Z cache-mad22068 MEWElogs[382896]: BLUR, 1626301554165893843, MAD, 11
<134>2021-07-14T22:26:03Z cache-yul12826 MEWElogs[382896]: BLUR, 1626301563220360566, YUL, 11
<134>2021-07-14T22:26:09Z cache-jax20933 MEWElogs[382896]: BLUR, 1626301568862967658, JAX, 11
<134>2021-07-14T22:26:35Z cache-lhr7382 MEWElogs[382896]: BLUR, 1626301594058047544, LHR, 11
<134>2021-07-14T22:26:48Z cache-yul12826 MEWElogs[382896]: BLUR, 1626301608582418905, YUL, 11
<134>2021-07-14T22:27:14Z cache-mrs10583 MEWElogs[382896]: BLUR, 1626301633784513636, MRS, 11
<134>2021-07-14T22:27:31Z cache-stp9226 MEWElogs[382896]: BLUR, 1626301650364706859, STP, 11
<134>2021-07-14T22:28:03Z cache-yul12826 MEWElogs[382896]: BLUR, 1626301683095067664, YUL, 11
<134>2021-07-14T22:28:09Z cache-stp9226 MEWElogs[382896]: BLUR, 1626301688163581255, STP, 11
<134>2021-07-14T22:28:29Z cache-mci5951 MEWElogs[382896]: BLUR, 1626301709336711285, MCI, 11
<134>2021-07-14T22:28:48Z cache-mci5951 MEWElogs[382896]: BLUR, 1626301727545777833, MCI, 11
<134>2021-07-14T22:28:56Z cache-mad22068 MEWElogs[382896]: BLUR, 1626301736569776774, MAD, 11
<134>2021-07-14T22:29:33Z cache-lhr7382 MEWElogs[382896]: BLUR, 1626301773700319542, LHR, 11
<134>2021-07-14T22:29:44Z cache-mci5951 MEWElogs[382896]: BLUR, 1626301783618649545, MCI, 11
<134>2021-07-14T22:30:23Z cache-jax20933 MEWElogs[382896]: BLUR, 1626301822968485564, JAX, 11
<134>2021-07-14T22:30:50Z cache-hkg17929 MEWElogs[382896]: BLUR, 1626301849709446087, HKG, 11
<134>2021-07-14T22:30:52Z cache-mad22068 MEWElogs[382896]: BLUR, 1626301851744448544, MAD, 11
<134>2021-07-14T22:30:55Z cache-mrs10583 MEWElogs[382896]: BLUR, 1626301854506043900, MRS, 11
<134>2021-07-14T22:32:11Z cache-stp9226 MEWElogs[382896]: BLUR, 1626301930498764448, STP, 11
<134>2021-07-14T22:32:11Z cache-mci5951 MEWElogs[382896]: BLUR, 1626301930780326368, MCI, 11
<134>2021-07-14T22:32:14Z cache-mad22068 MEWElogs[382896]: BLUR, 1626301934275115638, MAD, 11
<134>2021-07-14T22:32:48Z cache-stp9226 MEWElogs[382896]: BLUR, 1626301967591343539, STP, 11
<134>2021-07-14T22:32:51Z cache-jax20933 MEWElogs[382896]: BLUR, 1626301971828804274, JAX, 11
<134>2021-07-14T22:33:17Z cache-yul12826 MEWElogs[382896]: BLUR, 1626301996532594123, YUL, 11
<134>2021-07-14T22:33:51Z cache-mad22068 MEWElogs[382896]: BLUR, 1626302030303710885, MAD, 11
<134>2021-07-14T22:34:04Z cache-hkg17929 MEWElogs[382896]: BLUR, 1626302043527559937, HKG, 11
<134>2021-07-14T22:34:44Z cache-yul12826 MEWElogs[382896]: BLUR, 1626302084731651923, YUL, 11
