<134>2021-07-14T17:33:17Z cache-mel11272 MEWElogs[39982]: FLIPH, 1626283996639837681, MEL, 10
<134>2021-07-14T17:33:20Z cache-cdg20720 MEWElogs[39982]: FLIPH, 1626283999641962598, CDG, -1
<134>2021-07-14T17:33:21Z cache-lax10677 MEWElogs[39982]: FLIPH, 1626284000143244395, LGB, -1
<134>2021-07-14T17:33:33Z cache-cdg20720 MEWElogs[39982]: FLIPH, 1626284012904837814, CDG, 10
<134>2021-07-14T17:33:37Z cache-osl6529 MEWElogs[39982]: FLIPH, 1626284017181681001, OSL, 10
<134>2021-07-14T17:33:46Z cache-lga21983 MEWElogs[39982]: FLIPH, 1626284026088200220, LGA, 10
<134>2021-07-14T17:33:47Z cache-man4150 MEWElogs[39982]: FLIPH, 1626284026654483709, MAN, 10
<134>2021-07-14T17:34:47Z cache-osl6529 MEWElogs[39982]: FLIPH, 1626284087437242195, OSL, -1
<134>2021-07-14T17:35:02Z cache-lga21983 MEWElogs[39982]: FLIPH, 1626284102070379098, LGA, -1
<134>2021-07-14T17:35:10Z cache-lax10677 MEWElogs[39982]: FLIPH, 1626284109530815713, LGB, -1
<134>2021-07-14T17:35:11Z cache-lga21983 MEWElogs[39982]: FLIPH, 1626284111618778863, LGA, -1
<134>2021-07-14T17:35:23Z cache-lax10677 MEWElogs[39982]: FLIPH, 1626284122578795832, LGB, 10
<134>2021-07-14T17:35:48Z cache-yul12826 MEWElogs[39982]: FLIPH, 1626284147675922238, YUL, -1
<134>2021-07-14T17:35:50Z cache-man4150 MEWElogs[39982]: FLIPH, 1626284149613823940, MAN, -1
<134>2021-07-14T17:35:52Z cache-cdg20720 MEWElogs[39982]: FLIPH, 1626284152059574710, CDG, -1
<134>2021-07-14T17:36:04Z cache-lga21983 MEWElogs[39982]: FLIPH, 1626284164253293820, LGA, 10
<134>2021-07-14T17:36:09Z cache-lax10677 MEWElogs[39982]: FLIPH, 1626284169105301977, LGB, -1
<134>2021-07-14T17:36:18Z cache-man4150 MEWElogs[39982]: FLIPH, 1626284177324556768, MAN, 10
<134>2021-07-14T17:36:39Z cache-osl6529 MEWElogs[39982]: FLIPH, 1626284198387850819, OSL, -1
<134>2021-07-14T17:36:42Z cache-osl6529 MEWElogs[39982]: FLIPH, 1626284201661056820, OSL, 10
<134>2021-07-14T17:37:04Z cache-man4150 MEWElogs[39982]: FLIPH, 1626284223168565747, MAN, -1
<134>2021-07-14T17:37:44Z cache-cdg20720 MEWElogs[39982]: FLIPH, 1626284264063538441, CDG, -1
<134>2021-07-14T17:37:49Z cache-man4150 MEWElogs[39982]: FLIPH, 1626284268718846167, MAN, 10
<134>2021-07-14T17:37:57Z cache-cdg20720 MEWElogs[39982]: FLIPH, 1626284277660398550, CDG, 10
<134>2021-07-14T17:38:11Z cache-man4150 MEWElogs[39982]: FLIPH, 1626284291635268633, MAN, -1
<134>2021-07-14T17:38:22Z cache-lax10677 MEWElogs[39982]: FLIPH, 1626284301694313670, LGB, 10
<134>2021-07-14T17:38:43Z cache-bom4751 MEWElogs[39982]: FLIPH, 1626284323254806319, BOM, -1
<134>2021-07-14T17:39:13Z cache-man4150 MEWElogs[39982]: FLIPH, 1626284353197963727, MAN, 10
<134>2021-07-14T17:39:14Z cache-scl19427 MEWElogs[39982]: FLIPH, 1626284354403812410, SCL, -1
<134>2021-07-14T17:39:42Z cache-scl19427 MEWElogs[39982]: FLIPH, 1626284381818532250, SCL, 10
<134>2021-07-14T17:39:44Z cache-man4150 MEWElogs[39982]: FLIPH, 1626284383734562903, MAN, -1
<134>2021-07-14T17:39:52Z cache-gru17149 MEWElogs[39982]: FLIPH, 1626284391605565724, GRU, 10
<134>2021-07-14T17:39:55Z cache-mel11272 MEWElogs[39982]: FLIPH, 1626284394125838814, MEL, 10
<134>2021-07-14T17:40:22Z cache-mel11272 MEWElogs[39982]: FLIPH, 1626284421539608928, MEL, -1
<134>2021-07-14T17:40:26Z cache-man4150 MEWElogs[39982]: FLIPH, 1626284425471836842, MAN, -1
<134>2021-07-14T17:40:38Z cache-cdg20720 MEWElogs[39982]: FLIPH, 1626284438290167589, CDG, -1
<134>2021-07-14T17:41:09Z cache-bom4751 MEWElogs[39982]: FLIPH, 1626284468831481276, BOM, -1
<134>2021-07-14T17:41:23Z cache-mel11272 MEWElogs[39982]: FLIPH, 1626284482630826317, MEL, -1
<134>2021-07-14T17:41:56Z cache-mel11272 MEWElogs[39982]: FLIPH, 1626284515713360024, MEL, 10
<134>2021-07-14T17:42:06Z cache-gru17149 MEWElogs[39982]: FLIPH, 1626284525302878344, GRU, 10
<134>2021-07-14T17:42:17Z cache-scl19427 MEWElogs[39982]: FLIPH, 1626284536046161541, SCL, -1
<134>2021-07-14T17:42:38Z cache-osl6529 MEWElogs[39982]: FLIPH, 1626284558497714598, OSL, -1
<134>2021-07-14T17:43:00Z cache-osl6529 MEWElogs[39982]: FLIPH, 1626284580028760741, OSL, 10
<134>2021-07-14T17:43:07Z cache-scl19427 MEWElogs[39982]: FLIPH, 1626284587774817526, SCL, 10
<134>2021-07-14T17:43:10Z cache-gru17149 MEWElogs[39982]: FLIPH, 1626284589652049083, GRU, -1
<134>2021-07-14T17:43:14Z cache-gig17035 MEWElogs[39982]: FLIPH, 1626284593784666742, GIG, -1
