<134>2021-07-15T04:57:06Z cache-lhr7382 MEWElogs[292213]: ROTATE, 1626325025690057852, LHR, 15
<134>2021-07-15T04:57:30Z cache-lhr7382 MEWElogs[292213]: ROTATE, 1626325049267567422, LHR, 15
<134>2021-07-15T04:57:34Z cache-lga21983 MEWElogs[292213]: ROTATE, 1626325053363759784, LGA, 15
<134>2021-07-15T04:57:40Z cache-yul12826 MEWElogs[292213]: ROTATE, 1626325059575053437, YUL, 15
<134>2021-07-15T04:57:52Z cache-man4150 MEWElogs[292213]: ROTATE, 1626325071669948442, MAN, 15
<134>2021-07-15T04:58:09Z cache-mci5951 MEWElogs[292213]: ROTATE, 1626325088935901478, MCI, 15
<134>2021-07-15T04:58:14Z cache-yul12826 MEWElogs[292213]: ROTATE, 1626325093904039160, YUL, 15
<134>2021-07-15T04:58:18Z cache-lga21983 MEWElogs[292213]: ROTATE, 1626325098202010089, LGA, 15
<134>2021-07-15T04:58:23Z cache-man4150 MEWElogs[292213]: ROTATE, 1626325102779510252, MAN, 15
<134>2021-07-15T04:58:47Z cache-man4150 MEWElogs[292213]: ROTATE, 1626325126168044498, MAN, 15
<134>2021-07-15T04:58:51Z cache-stp9226 MEWElogs[292213]: ROTATE, 1626325130539351327, STP, 15
<134>2021-07-15T04:59:10Z cache-man4150 MEWElogs[292213]: ROTATE, 1626325149403936472, MAN, 15
<134>2021-07-15T04:59:13Z cache-lga21983 MEWElogs[292213]: ROTATE, 1626325152498861176, LGA, 15
<134>2021-07-15T04:59:18Z cache-mrs10583 MEWElogs[292213]: ROTATE, 1626325157469528140, MRS, 15
<134>2021-07-15T04:59:20Z cache-hkg17929 MEWElogs[292213]: ROTATE, 1626325159607595426, HKG, 15
<134>2021-07-15T04:59:26Z cache-man4150 MEWElogs[292213]: ROTATE, 1626325165096944802, MAN, 15
<134>2021-07-15T04:59:47Z cache-yul12826 MEWElogs[292213]: ROTATE, 1626325186132073714, YUL, 15
<134>2021-07-15T05:00:24Z cache-lhr7382 MEWElogs[292213]: ROTATE, 1626325223181315613, LHR, 15
<134>2021-07-15T05:00:44Z cache-lga21983 MEWElogs[292213]: ROTATE, 1626325244091536320, LGA, 15
<134>2021-07-15T05:01:03Z cache-lax10677 MEWElogs[292213]: ROTATE, 1626325263036552449, LGB, 15
<134>2021-07-15T05:01:23Z cache-man4150 MEWElogs[292213]: ROTATE, 1626325282826988148, MAN, 15
<134>2021-07-15T05:01:39Z cache-lga21983 MEWElogs[292213]: ROTATE, 1626325298362250395, LGA, 15
<134>2021-07-15T05:01:40Z cache-hkg17929 MEWElogs[292213]: ROTATE, 1626325299592231989, HKG, 15
<134>2021-07-15T05:02:03Z cache-mrs10583 MEWElogs[292213]: ROTATE, 1626325322624917093, MRS, 15
<134>2021-07-15T05:02:19Z cache-mrs10583 MEWElogs[292213]: ROTATE, 1626325338215488944, MRS, 15
<134>2021-07-15T05:03:04Z cache-yul12826 MEWElogs[292213]: ROTATE, 1626325383374981434, YUL, 15
<134>2021-07-15T05:03:59Z cache-hkg17929 MEWElogs[292213]: ROTATE, 1626325438117991075, HKG, 15
<134>2021-07-15T05:04:03Z cache-ewr18156 MEWElogs[292213]: ROTATE, 1626325442188328719, EWR, 15
<134>2021-07-15T05:04:08Z cache-mel11272 MEWElogs[292213]: ROTATE, 1626325447579756984, MEL, 15
<134>2021-07-15T05:04:13Z cache-yul12826 MEWElogs[292213]: ROTATE, 1626325452400908174, YUL, 15
<134>2021-07-15T05:04:29Z cache-mel11272 MEWElogs[292213]: ROTATE, 1626325468372417610, MEL, 15
<134>2021-07-15T05:04:48Z cache-lga21983 MEWElogs[292213]: ROTATE, 1626325487358778350, LGA, 15
<134>2021-07-15T05:05:19Z cache-hkg17929 MEWElogs[292213]: ROTATE, 1626325518524254305, HKG, 15
<134>2021-07-15T05:05:19Z cache-mci5951 MEWElogs[292213]: ROTATE, 1626325518862811885, MCI, 15
<134>2021-07-15T05:05:44Z cache-ewr18156 MEWElogs[292213]: ROTATE, 1626325544501470396, EWR, 15
<134>2021-07-15T05:06:40Z cache-ewr18156 MEWElogs[292213]: ROTATE, 1626325600040383515, EWR, 15
<134>2021-07-15T05:06:47Z cache-lax10677 MEWElogs[292213]: ROTATE, 1626325607023926185, LGB, 15
