<134>2021-07-15T07:32:52Z cache-mel11272 MEWElogs[355776]: UNSH, 1626334371406701253, MEL, 16
<134>2021-07-15T07:32:57Z cache-lhr7382 MEWElogs[355776]: UNSH, 1626334376758264261, LHR, 16
<134>2021-07-15T07:33:14Z cache-lhr7382 MEWElogs[355776]: UNSH, 1626334394264518915, LHR, 16
<134>2021-07-15T07:33:59Z cache-mel11272 MEWElogs[355776]: UNSH, 1626334438860408311, MEL, 16
<134>2021-07-15T07:34:09Z cache-lhr7382 MEWElogs[355776]: UNSH, 1626334448248177700, LHR, 16
<134>2021-07-15T07:34:24Z cache-ewr18156 MEWElogs[355776]: UNSH, 1626334464383769909, EWR, 16
<134>2021-07-15T07:34:25Z cache-mel11272 MEWElogs[355776]: UNSH, 1626334465097101912, MEL, 16
<134>2021-07-15T07:34:27Z cache-lax10677 MEWElogs[355776]: UNSH, 1626334467472958400, LGB, 16
<134>2021-07-15T07:34:39Z cache-lax10677 MEWElogs[355776]: UNSH, 1626334477982394812, LGB, 16
<134>2021-07-15T07:34:47Z cache-bom4751 MEWElogs[355776]: UNSH, 1626334486668354499, BOM, 16
<134>2021-07-15T07:34:59Z cache-mel11272 MEWElogs[355776]: UNSH, 1626334498572667122, MEL, 16
<134>2021-07-15T07:35:10Z cache-ewr18156 MEWElogs[355776]: UNSH, 1626334510223626321, EWR, 16
<134>2021-07-15T07:35:20Z cache-ewr18156 MEWElogs[355776]: UNSH, 1626334520499886969, EWR, 16
<134>2021-07-15T07:35:43Z cache-mel11272 MEWElogs[355776]: UNSH, 1626334543506788351, MEL, 16
<134>2021-07-15T07:35:52Z cache-lga21983 MEWElogs[355776]: UNSH, 1626334551554506541, LGA, 16
<134>2021-07-15T07:35:54Z cache-osl6529 MEWElogs[355776]: UNSH, 1626334553261270138, OSL, 16
<134>2021-07-15T07:36:03Z cache-bom4751 MEWElogs[355776]: UNSH, 1626334562484753877, BOM, 16
<134>2021-07-15T07:36:04Z cache-lax10677 MEWElogs[355776]: UNSH, 1626334564099118479, LGB, 16
<134>2021-07-15T07:36:35Z cache-lax10677 MEWElogs[355776]: UNSH, 1626334595354983220, LGB, 16
<134>2021-07-15T07:36:43Z cache-ewr18156 MEWElogs[355776]: UNSH, 1626334602027468750, EWR, 16
<134>2021-07-15T07:37:15Z cache-bom4751 MEWElogs[355776]: UNSH, 1626334634236484515, BOM, 16
<134>2021-07-15T07:37:25Z cache-bom4751 MEWElogs[355776]: UNSH, 1626334644496705890, BOM, 16
<134>2021-07-15T07:37:39Z cache-ewr18156 MEWElogs[355776]: UNSH, 1626334659328229999, EWR, 16
<134>2021-07-15T07:38:02Z cache-man4150 MEWElogs[355776]: UNSH, 1626334681710947445, MAN, 16
<134>2021-07-15T07:38:06Z cache-ewr18156 MEWElogs[355776]: UNSH, 1626334686927430755, EWR, 16
<134>2021-07-15T07:38:28Z cache-cdg20720 MEWElogs[355776]: UNSH, 1626334707999227812, CDG, 16
<134>2021-07-15T07:38:55Z cache-ewr18156 MEWElogs[355776]: UNSH, 1626334734497908263, EWR, 16
<134>2021-07-15T07:39:04Z cache-lax10677 MEWElogs[355776]: UNSH, 1626334743089009525, LGB, 16
<134>2021-07-15T07:39:13Z cache-lga21983 MEWElogs[355776]: UNSH, 1626334752413264757, LGA, 16
<134>2021-07-15T07:39:41Z cache-osl6529 MEWElogs[355776]: UNSH, 1626334780529939049, OSL, 16
<134>2021-07-15T07:40:22Z cache-jax20933 MEWElogs[355776]: UNSH, 1626334820984421732, JAX, 16
<134>2021-07-15T07:40:37Z cache-lhr7382 MEWElogs[355776]: UNSH, 1626334837043556336, LHR, 16
<134>2021-07-15T07:40:50Z cache-lga21983 MEWElogs[355776]: UNSH, 1626334850109912764, LGA, 16
<134>2021-07-15T07:41:15Z cache-mel11272 MEWElogs[355776]: UNSH, 1626334874280493102, MEL, 16
<134>2021-07-15T07:41:17Z cache-jax20933 MEWElogs[355776]: UNSH, 1626334877044078182, JAX, 16
<134>2021-07-15T07:41:24Z cache-bom4751 MEWElogs[355776]: UNSH, 1626334883256246985, BOM, 16
<134>2021-07-15T07:41:29Z cache-cdg20720 MEWElogs[355776]: UNSH, 1626334889349903296, CDG, 16
<134>2021-07-15T07:41:46Z cache-lax10677 MEWElogs[355776]: UNSH, 1626334905735930584, LGB, 16
<134>2021-07-15T07:42:08Z cache-lhr7382 MEWElogs[355776]: UNSH, 1626334927395502617, LHR, 16
<134>2021-07-15T07:42:18Z cache-ewr18156 MEWElogs[355776]: UNSH, 1626334938744367948, EWR, 16
<134>2021-07-15T07:42:39Z cache-ewr18156 MEWElogs[355776]: UNSH, 1626334958741772115, EWR, 16
