<134>2021-07-14T17:02:42Z cache-iah17271 MEWElogs[39982]: FLIPH, 1626282162635891350, IAH, -1
<134>2021-07-14T17:02:45Z cache-lcy19283 MEWElogs[39982]: FLIPH, 1626282164891777100, LCY, -1
<134>2021-07-14T17:02:57Z cache-hhn4077 MEWElogs[39982]: FLIPH, 1626282177139942722, HHN, -1
<134>2021-07-14T17:03:13Z cache-dal21283 MEWElogs[39982]: FLIPH, 1626282193081081160, DAL, 10
<134>2021-07-14T17:03:15Z cache-cwb20520 MEWElogs[39982]: FLIPH, 1626282194116057194, CWB, 10
<134>2021-07-14T17:03:19Z cache-lon4249 MEWElogs[39982]: FLIPH, 1626282198791666256, LON, -1
<134>2021-07-14T17:05:38Z cache-lcy19283 MEWElogs[39982]: FLIPH, 1626282337250232575, LCY, -1
<134>2021-07-14T17:05:42Z cache-cwb20520 MEWElogs[39982]: FLIPH, 1626282342198290203, CWB, 10
<134>2021-07-14T17:06:10Z cache-fra19177 MEWElogs[39982]: FLIPH, 1626282370166101723, FRA, -1
<134>2021-07-14T17:06:18Z cache-lcy19283 MEWElogs[39982]: FLIPH, 1626282378290470873, LCY, -1
<134>2021-07-14T17:06:22Z cache-hel6829 MEWElogs[39982]: FLIPH, 1626282381692470589, HEL, -1
<134>2021-07-14T17:06:22Z cache-cwb20520 MEWElogs[39982]: FLIPH, 1626282381353925117, CWB, 10
<134>2021-07-14T17:06:39Z cache-dal21283 MEWElogs[39982]: FLIPH, 1626282398566627405, DAL, 10
<134>2021-07-14T17:06:50Z cache-fra19177 MEWElogs[39982]: FLIPH, 1626282409541925969, FRA, 10
<134>2021-07-14T17:07:10Z cache-dal21283 MEWElogs[39982]: FLIPH, 1626282429586765871, DAL, -1
<134>2021-07-14T17:07:11Z cache-hel6829 MEWElogs[39982]: FLIPH, 1626282430598497344, HEL, -1
<134>2021-07-14T17:07:23Z cache-iah17271 MEWElogs[39982]: FLIPH, 1626282443546331074, IAH, 10
<134>2021-07-14T17:07:26Z cache-fra19177 MEWElogs[39982]: FLIPH, 1626282445538415272, FRA, 10
<134>2021-07-14T17:07:32Z cache-iah17271 MEWElogs[39982]: FLIPH, 1626282451237341607, IAH, -1
<134>2021-07-14T17:07:41Z cache-fra19177 MEWElogs[39982]: FLIPH, 1626282461221575230, FRA, -1
<134>2021-07-14T17:08:08Z cache-bur17583 MEWElogs[39982]: FLIPH, 1626282488554550705, BUR, 10
<134>2021-07-14T17:08:13Z cache-hel6829 MEWElogs[39982]: FLIPH, 1626282493028445001, HEL, 10
<134>2021-07-14T17:09:21Z cache-bur17583 MEWElogs[39982]: FLIPH, 1626282560468691363, BUR, 10
<134>2021-07-14T17:09:22Z cache-hel6829 MEWElogs[39982]: FLIPH, 1626282561439948107, HEL, 10
<134>2021-07-14T17:09:33Z cache-den8274 MEWElogs[39982]: FLIPH, 1626282572757872915, DEN, 10
<134>2021-07-14T17:09:45Z cache-cwb20520 MEWElogs[39982]: FLIPH, 1626282584430920848, CWB, -1
<134>2021-07-14T17:09:45Z cache-jnb7027 MEWElogs[39982]: FLIPH, 1626282584373834036, JNB, -1
<134>2021-07-14T17:09:49Z cache-iah17271 MEWElogs[39982]: FLIPH, 1626282588052684481, IAH, 10
<134>2021-07-14T17:10:02Z cache-lon4249 MEWElogs[39982]: FLIPH, 1626282601576941108, LON, 10
<134>2021-07-14T17:10:04Z cache-cwb20520 MEWElogs[39982]: FLIPH, 1626282603801833106, CWB, -1
<134>2021-07-14T17:10:23Z cache-fra19177 MEWElogs[39982]: FLIPH, 1626282623082166524, FRA, -1
<134>2021-07-14T17:10:23Z cache-dal21283 MEWElogs[39982]: FLIPH, 1626282623438500059, DAL, -1
<134>2021-07-14T17:10:53Z cache-jnb7027 MEWElogs[39982]: FLIPH, 1626282652689793892, JNB, -1
<134>2021-07-14T17:11:10Z cache-lcy19283 MEWElogs[39982]: FLIPH, 1626282669508576925, LCY, -1
<134>2021-07-14T17:11:23Z cache-lcy19283 MEWElogs[39982]: FLIPH, 1626282682622785134, LCY, 10
<134>2021-07-14T17:11:27Z cache-den8274 MEWElogs[39982]: FLIPH, 1626282686544057106, DEN, -1
<134>2021-07-14T17:11:29Z cache-lon4249 MEWElogs[39982]: FLIPH, 1626282688777465979, LON, -1
<134>2021-07-14T17:11:30Z cache-hel6829 MEWElogs[39982]: FLIPH, 1626282689694470166, HEL, 10
<134>2021-07-14T17:11:35Z cache-jnb7027 MEWElogs[39982]: FLIPH, 1626282694610692227, JNB, 10
<134>2021-07-14T17:11:46Z cache-iah17271 MEWElogs[39982]: FLIPH, 1626282706127098820, IAH, -1
<134>2021-07-14T17:11:51Z cache-jnb7027 MEWElogs[39982]: FLIPH, 1626282711611507641, JNB, -1
<134>2021-07-14T17:12:01Z cache-iah17271 MEWElogs[39982]: FLIPH, 1626282720650019640, IAH, 10
<134>2021-07-14T17:12:01Z cache-lon4249 MEWElogs[39982]: FLIPH, 1626282721710889493, LON, -1
<134>2021-07-14T17:12:14Z cache-den8274 MEWElogs[39982]: FLIPH, 1626282734041333912, DEN, 10
<134>2021-07-14T17:12:18Z cache-dal21283 MEWElogs[39982]: FLIPH, 1626282737280910351, DAL, -1
<134>2021-07-14T17:12:35Z cache-lcy19283 MEWElogs[39982]: FLIPH, 1626282754048456886, LCY, 10
