<134>2021-07-15T06:09:19Z cache-bog6425 MEWElogs[412844]: UNSH, 1626329358774492600, BOG, 16
<134>2021-07-15T06:09:58Z cache-ord1740 MEWElogs[412844]: UNSH, 1626329397052017128, ORD, 16
<134>2021-07-15T06:10:04Z cache-mdw17383 MEWElogs[412844]: UNSH, 1626329404194100625, MDW, 16
<134>2021-07-15T06:10:36Z cache-ord1740 MEWElogs[412844]: UNSH, 1626329435577528348, ORD, 16
<134>2021-07-15T06:11:26Z cache-ams21020 MEWElogs[412844]: UNSH, 1626329485093282136, AMS, 16
<134>2021-07-15T06:12:00Z cache-cph20625 MEWElogs[412844]: UNSH, 1626329519070671327, CPH, 16
<134>2021-07-15T06:12:01Z cache-ams21020 MEWElogs[412844]: UNSH, 1626329520278016995, AMS, 16
<134>2021-07-15T06:12:10Z cache-cph20625 MEWElogs[412844]: UNSH, 1626329529829315882, CPH, 16
<134>2021-07-15T06:12:16Z cache-wdc5583 MEWElogs[412844]: UNSH, 1626329536461320641, WDC, 16
<134>2021-07-15T06:13:47Z cache-dca17782 MEWElogs[412844]: UNSH, 1626329627599206356, DCA, 16
<134>2021-07-15T06:14:01Z cache-ord1740 MEWElogs[412844]: UNSH, 1626329640155747628, ORD, 16
<134>2021-07-15T06:14:04Z cache-pdk17882 MEWElogs[412844]: UNSH, 1626329643964909123, PDK, 16
<134>2021-07-15T06:14:08Z cache-dca17782 MEWElogs[412844]: UNSH, 1626329647745632489, DCA, 16
<134>2021-07-15T06:14:32Z cache-cmh21547 MEWElogs[412844]: UNSH, 1626329671237020414, CMH, 16
<134>2021-07-15T06:15:55Z cache-pdk17882 MEWElogs[412844]: UNSH, 1626329754908148134, PDK, 16
<134>2021-07-15T06:16:11Z cache-cph20625 MEWElogs[412844]: UNSH, 1626329770199208101, CPH, 16
<134>2021-07-15T06:16:33Z cache-maa10251 MEWElogs[412844]: UNSH, 1626329792324878901, MAA, 16
<134>2021-07-15T06:17:24Z cache-ord1740 MEWElogs[412844]: UNSH, 1626329843617157513, ORD, 16
<134>2021-07-15T06:17:28Z cache-dca17782 MEWElogs[412844]: UNSH, 1626329847871005425, DCA, 16
<134>2021-07-15T06:17:46Z cache-pdk17882 MEWElogs[412844]: UNSH, 1626329865108232707, PDK, 16
<134>2021-07-15T06:17:52Z cache-maa10251 MEWElogs[412844]: UNSH, 1626329871409579939, MAA, 16
<134>2021-07-15T06:18:01Z cache-wdc5583 MEWElogs[412844]: UNSH, 1626329880787864337, WDC, 16
<134>2021-07-15T06:18:22Z cache-ord1740 MEWElogs[412844]: UNSH, 1626329901677058837, ORD, 16
<134>2021-07-15T06:18:28Z cache-bog6425 MEWElogs[412844]: UNSH, 1626329908407605876, BOG, 16
<134>2021-07-15T06:18:41Z cache-pdk17882 MEWElogs[412844]: UNSH, 1626329920653810624, PDK, 16
<134>2021-07-15T06:18:49Z cache-bog6425 MEWElogs[412844]: UNSH, 1626329928263449270, BOG, 16
<134>2021-07-15T06:19:01Z cache-ord1740 MEWElogs[412844]: UNSH, 1626329940614232010, ORD, 16
