<134>2021-07-14T17:43:06Z cache-mel11272 MEWElogs[320228]: FLIPH, 1626284585405315565, MEL, -1
<134>2021-07-14T17:43:17Z cache-gig17035 MEWElogs[320228]: FLIPH, 1626284597274760016, GIG, 10
<134>2021-07-14T17:43:19Z cache-mel11272 MEWElogs[320228]: FLIPH, 1626284598085844829, MEL, 10
<134>2021-07-14T17:43:29Z cache-gig17035 MEWElogs[320228]: FLIPH, 1626284609076269877, GIG, 10
<134>2021-07-14T17:44:14Z cache-osl6529 MEWElogs[320228]: FLIPH, 1626284654320836221, OSL, 10
<134>2021-07-14T17:45:04Z cache-gru17149 MEWElogs[320228]: FLIPH, 1626284703809793822, GRU, -1
<134>2021-07-14T17:45:05Z cache-cdg20720 MEWElogs[320228]: FLIPH, 1626284705372953576, CDG, 10
<134>2021-07-14T17:45:06Z cache-scl19427 MEWElogs[320228]: FLIPH, 1626284705681213533, SCL, -1
<134>2021-07-14T17:45:16Z cache-cdg20720 MEWElogs[320228]: FLIPH, 1626284715776289086, CDG, 10
<134>2021-07-14T17:45:27Z cache-cdg20720 MEWElogs[320228]: FLIPH, 1626284726022064561, CDG, 10
<134>2021-07-14T17:45:37Z cache-bom4751 MEWElogs[320228]: FLIPH, 1626284736442443869, BOM, 10
<134>2021-07-14T17:45:46Z cache-gru17149 MEWElogs[320228]: FLIPH, 1626284744916184863, GRU, 10
<134>2021-07-14T17:45:58Z cache-lga21983 MEWElogs[320228]: FLIPH, 1626284757843265147, LGA, 10
<134>2021-07-14T17:45:58Z cache-ewr18156 MEWElogs[320228]: FLIPH, 1626284757794812810, EWR, -1
<134>2021-07-14T17:46:55Z cache-hnd18722 MEWElogs[320228]: FLIPH, 1626284814910138469, HND, -1
<134>2021-07-14T17:46:59Z cache-gru17149 MEWElogs[320228]: FLIPH, 1626284818502526216, GRU, -1
<134>2021-07-14T17:47:05Z cache-stl4834 MEWElogs[320228]: FLIPH, 1626284824225670478, STL, -1
<134>2021-07-14T17:47:29Z cache-pao17461 MEWElogs[320228]: FLIPH, 1626284848557635435, PAO, -1
<134>2021-07-14T17:47:31Z cache-bom4751 MEWElogs[320228]: FLIPH, 1626284850567910056, BOM, -1
<134>2021-07-14T17:47:50Z cache-gig17035 MEWElogs[320228]: FLIPH, 1626284870081303677, GIG, -1
<134>2021-07-14T17:47:53Z cache-itm18851 MEWElogs[320228]: FLIPH, 1626284873378018518, ITM, 10
<134>2021-07-14T17:48:02Z cache-hnd18722 MEWElogs[320228]: FLIPH, 1626284881828344093, HND, 10
<134>2021-07-14T17:48:10Z cache-cdg20720 MEWElogs[320228]: FLIPH, 1626284889344401452, CDG, 10
<134>2021-07-14T17:48:14Z cache-itm18851 MEWElogs[320228]: FLIPH, 1626284894168897834, ITM, 10
<134>2021-07-14T17:48:25Z cache-gru17149 MEWElogs[320228]: FLIPH, 1626284904340467093, GRU, -1
<134>2021-07-14T17:48:34Z cache-hnd18722 MEWElogs[320228]: FLIPH, 1626284913721441196, HND, 10
<134>2021-07-14T17:48:39Z cache-stl4834 MEWElogs[320228]: FLIPH, 1626284919058723693, STL, -1
<134>2021-07-14T17:48:42Z cache-hnd18722 MEWElogs[320228]: FLIPH, 1626284921514481424, HND, -1
<134>2021-07-14T17:48:43Z cache-scl19427 MEWElogs[320228]: FLIPH, 1626284923414166555, SCL, -1
<134>2021-07-14T17:48:45Z cache-hnd18722 MEWElogs[320228]: FLIPH, 1626284924379466152, HND, 10
<134>2021-07-14T17:48:47Z cache-gru17149 MEWElogs[320228]: FLIPH, 1626284926069402286, GRU, 10
<134>2021-07-14T17:48:53Z cache-syd10183 MEWElogs[320228]: FLIPH, 1626284932295228175, SYD, 10
<134>2021-07-14T17:49:20Z cache-syd10183 MEWElogs[320228]: FLIPH, 1626284959641298342, SYD, -1
<134>2021-07-14T17:49:25Z cache-hnd18722 MEWElogs[320228]: FLIPH, 1626284964005760694, HND, -1
<134>2021-07-14T17:49:26Z cache-pao17461 MEWElogs[320228]: FLIPH, 1626284965997530185, PAO, 10
<134>2021-07-14T17:50:32Z cache-gru17149 MEWElogs[320228]: FLIPH, 1626285031070471735, GRU, 10
<134>2021-07-14T17:50:32Z cache-scl19427 MEWElogs[320228]: FLIPH, 1626285031548630028, SCL, -1
<134>2021-07-14T17:51:00Z cache-gru17149 MEWElogs[320228]: FLIPH, 1626285059582994342, GRU, 10
<134>2021-07-14T17:51:16Z cache-gru17149 MEWElogs[320228]: FLIPH, 1626285075824000323, GRU, -1
<134>2021-07-14T17:51:32Z cache-itm18851 MEWElogs[320228]: FLIPH, 1626285091735428830, ITM, 10
<134>2021-07-14T17:51:59Z cache-pao17461 MEWElogs[320228]: FLIPH, 1626285118796149634, PAO, -1
<134>2021-07-14T17:52:01Z cache-bom4751 MEWElogs[320228]: FLIPH, 1626285120531316712, BOM, -1
<134>2021-07-14T17:52:03Z cache-pao17461 MEWElogs[320228]: FLIPH, 1626285122035097959, PAO, 10
<134>2021-07-14T17:52:14Z cache-cgh11122 MEWElogs[320228]: FLIPH, 1626285133563103323, CGH, 10
<134>2021-07-14T17:52:15Z cache-hnd18722 MEWElogs[320228]: FLIPH, 1626285134829096830, HND, -1
<134>2021-07-14T17:52:24Z cache-cgh11122 MEWElogs[320228]: FLIPH, 1626285143767617015, CGH, 10
<134>2021-07-14T17:52:52Z cache-itm18851 MEWElogs[320228]: FLIPH, 1626285171793085677, ITM, -1
