<134>2021-07-15T06:41:06Z cache-del21735 MEWElogs[322023]: UNSH, 1626331265618726060, DEL, 16
<134>2021-07-15T06:41:11Z cache-iah17271 MEWElogs[322023]: UNSH, 1626331270231550015, IAH, 16
<134>2021-07-15T06:41:45Z cache-den8274 MEWElogs[322023]: UNSH, 1626331304162090616, DEN, 16
<134>2021-07-15T06:41:54Z cache-den8274 MEWElogs[322023]: UNSH, 1626331313420869444, DEN, 16
<134>2021-07-15T06:42:16Z cache-jnb7027 MEWElogs[322023]: UNSH, 1626331336029973419, JNB, 16
<134>2021-07-15T06:42:29Z cache-fra19177 MEWElogs[322023]: UNSH, 1626331349259622768, FRA, 16
<134>2021-07-15T06:42:39Z cache-hel6829 MEWElogs[322023]: UNSH, 1626331358511798185, HEL, 16
<134>2021-07-15T06:43:05Z cache-fra19177 MEWElogs[322023]: UNSH, 1626331385229145882, FRA, 16
<134>2021-07-15T06:43:30Z cache-hel6829 MEWElogs[322023]: UNSH, 1626331409499572053, HEL, 16
<134>2021-07-15T06:44:10Z cache-hel6829 MEWElogs[322023]: UNSH, 1626331450317861478, HEL, 16
<134>2021-07-15T06:46:07Z cache-lcy19283 MEWElogs[322023]: UNSH, 1626331567521960566, LCY, 16
<134>2021-07-15T06:46:12Z cache-den8274 MEWElogs[322023]: UNSH, 1626331571120461517, DEN, 16
<134>2021-07-15T06:46:44Z cache-hel6829 MEWElogs[322023]: UNSH, 1626331603763894644, HEL, 16
<134>2021-07-15T06:46:48Z cache-lon4249 MEWElogs[322023]: UNSH, 1626331607272638351, LON, 16
<134>2021-07-15T06:48:39Z cache-lon4249 MEWElogs[322023]: UNSH, 1626331718327833094, LON, 16
<134>2021-07-15T06:48:49Z cache-mad22068 MEWElogs[322023]: UNSH, 1626331728227949073, MAD, 16
<134>2021-07-15T06:49:39Z cache-hel6829 MEWElogs[322023]: UNSH, 1626331778353590122, HEL, 16
<134>2021-07-15T06:50:40Z cache-mad22068 MEWElogs[322023]: UNSH, 1626331839693076834, MAD, 16
<134>2021-07-15T06:50:41Z cache-jnb7027 MEWElogs[322023]: UNSH, 1626331841335060787, JNB, 16
<134>2021-07-15T06:51:04Z cache-fra19177 MEWElogs[322023]: UNSH, 1626331863956504332, FRA, 16
