<134>2021-07-15T05:07:32Z cache-mci5951 MEWElogs[292213]: ROTATE, 1626325651552928963, MCI, 15
<134>2021-07-15T05:08:55Z cache-cdg20720 MEWElogs[292213]: ROTATE, 1626325734793483586, CDG, 15
<134>2021-07-15T05:09:23Z cache-cdg20720 MEWElogs[292213]: ROTATE, 1626325762524449614, CDG, 15
<134>2021-07-15T05:09:56Z cache-ewr18156 MEWElogs[292213]: ROTATE, 1626325795411831183, EWR, 15
<134>2021-07-15T05:11:17Z cache-scl19427 MEWElogs[292213]: ROTATE, 1626325876224164324, SCL, 15
<134>2021-07-15T05:11:33Z cache-mel11272 MEWElogs[292213]: ROTATE, 1626325893067711977, MEL, 15
<134>2021-07-15T05:12:04Z cache-osl6529 MEWElogs[292213]: ROTATE, 1626325923415486383, OSL, 15
<134>2021-07-15T05:12:09Z cache-gru17149 MEWElogs[292213]: ROTATE, 1626325928253244868, GRU, 15
<134>2021-07-15T05:12:21Z cache-ewr18156 MEWElogs[292213]: ROTATE, 1626325940342593836, EWR, 15
<134>2021-07-15T05:12:45Z cache-ewr18156 MEWElogs[292213]: ROTATE, 1626325964838416730, EWR, 15
<134>2021-07-15T05:13:14Z cache-stl4834 MEWElogs[292213]: ROTATE, 1626325993556454554, STL, 15
<134>2021-07-15T05:13:59Z cache-bom4751 MEWElogs[292213]: ROTATE, 1626326038550003088, BOM, 15
<134>2021-07-15T05:14:07Z cache-gig17035 MEWElogs[292213]: ROTATE, 1626326046275963107, GIG, 15
<134>2021-07-15T05:15:05Z cache-bom4751 MEWElogs[292213]: ROTATE, 1626326103967488737, BOM, 15
<134>2021-07-15T05:15:05Z cache-cdg20720 MEWElogs[292213]: ROTATE, 1626326104438973488, CDG, 15
<134>2021-07-15T05:15:20Z cache-gig17035 MEWElogs[292213]: ROTATE, 1626326119475076535, GIG, 15
<134>2021-07-15T05:15:36Z cache-osl6529 MEWElogs[292213]: ROTATE, 1626326135605589888, OSL, 15
<134>2021-07-15T05:15:41Z cache-bom4751 MEWElogs[292213]: ROTATE, 1626326140822893853, BOM, 15
<134>2021-07-15T05:16:27Z cache-bom4751 MEWElogs[292213]: ROTATE, 1626326187593468821, BOM, 15
<134>2021-07-15T05:16:54Z cache-gig17035 MEWElogs[292213]: ROTATE, 1626326214638916406, GIG, 15
<134>2021-07-15T05:16:56Z cache-gru17149 MEWElogs[292213]: ROTATE, 1626326215299671572, GRU, 15
<134>2021-07-15T05:17:04Z cache-scl19427 MEWElogs[292213]: ROTATE, 1626326223748587671, SCL, 15
