<134>2021-07-14T16:21:39Z cache-eze19324 MEWElogs[334804]: FLIPH, 1626279698887048746, EZE, 10
<134>2021-07-14T16:21:47Z cache-dca17782 MEWElogs[334804]: FLIPH, 1626279707492453539, DCA, 10
<134>2021-07-14T16:21:54Z cache-ams21020 MEWElogs[334804]: FLIPH, 1626279714541033255, AMS, 10
<134>2021-07-14T16:26:58Z cache-cmh21547 MEWElogs[334804]: FLIPH, 1626280017062990003, CMH, -1
<134>2021-07-14T16:27:07Z cache-dca17782 MEWElogs[334804]: FLIPH, 1626280026500116664, DCA, -1
<134>2021-07-14T16:27:08Z cache-wdc5583 MEWElogs[334804]: FLIPH, 1626280027740907481, WDC, -1
<134>2021-07-14T16:27:32Z cache-ams21020 MEWElogs[334804]: FLIPH, 1626280052498475800, AMS, 10
<134>2021-07-14T16:27:44Z cache-dca17782 MEWElogs[334804]: FLIPH, 1626280064260833571, DCA, -1
<134>2021-07-14T16:28:19Z cache-mdw17383 MEWElogs[334804]: FLIPH, 1626280098239263088, MDW, 10
<134>2021-07-14T16:28:20Z cache-ams21020 MEWElogs[334804]: FLIPH, 1626280099919083301, AMS, -1
<134>2021-07-14T16:28:33Z cache-eze19324 MEWElogs[334804]: FLIPH, 1626280112956618239, EZE, -1
<134>2021-07-14T16:28:48Z cache-eze19324 MEWElogs[334804]: FLIPH, 1626280127789541549, EZE, 10
<134>2021-07-14T16:28:59Z cache-cmh21547 MEWElogs[334804]: FLIPH, 1626280138207005740, CMH, -1
<134>2021-07-14T16:29:05Z cache-bog6425 MEWElogs[334804]: FLIPH, 1626280145181125457, BOG, -1
<134>2021-07-14T16:29:08Z cache-pdk17882 MEWElogs[334804]: FLIPH, 1626280147364041871, PDK, 10
<134>2021-07-14T16:29:14Z cache-ams21020 MEWElogs[334804]: FLIPH, 1626280154213790907, AMS, 10
<134>2021-07-14T16:29:27Z cache-ord1740 MEWElogs[334804]: FLIPH, 1626280166638990751, ORD, 10
<134>2021-07-14T16:29:38Z cache-bog6425 MEWElogs[334804]: FLIPH, 1626280177381600222, BOG, 10
<134>2021-07-14T16:29:50Z cache-pdk17882 MEWElogs[334804]: FLIPH, 1626280189895617725, PDK, -1
<134>2021-07-14T16:30:00Z cache-ord1740 MEWElogs[334804]: FLIPH, 1626280200078460876, ORD, -1
<134>2021-07-14T16:30:10Z cache-ord1740 MEWElogs[334804]: FLIPH, 1626280209651176370, ORD, -1
<134>2021-07-14T16:30:31Z cache-wdc5583 MEWElogs[334804]: FLIPH, 1626280230203357663, WDC, 10
<134>2021-07-14T16:31:05Z cache-mdw17383 MEWElogs[334804]: FLIPH, 1626280264861904728, MDW, 10
<134>2021-07-14T16:31:08Z cache-ord1740 MEWElogs[334804]: FLIPH, 1626280266972515070, ORD, 10
<134>2021-07-14T16:31:14Z cache-cmh21547 MEWElogs[334804]: FLIPH, 1626280273121691298, CMH, 10
<134>2021-07-14T16:31:16Z cache-mdw17383 MEWElogs[334804]: FLIPH, 1626280276020875369, MDW, 10
<134>2021-07-14T16:31:19Z cache-eze19324 MEWElogs[334804]: FLIPH, 1626280278436847717, EZE, -1
<134>2021-07-14T16:31:25Z cache-cmh21547 MEWElogs[334804]: FLIPH, 1626280284289962753, CMH, 10
<134>2021-07-14T16:31:34Z cache-bog6425 MEWElogs[334804]: FLIPH, 1626280293131512382, BOG, -1
