<134>2021-07-14T16:32:09Z cache-maa10251 MEWElogs[320228]: FLIPH, 1626280328354434562, MAA, 10
<134>2021-07-14T16:32:21Z cache-eze19324 MEWElogs[320228]: FLIPH, 1626280340340201148, EZE, 10
<134>2021-07-14T16:32:26Z cache-maa10251 MEWElogs[320228]: FLIPH, 1626280345219653124, MAA, -1
<134>2021-07-14T16:32:34Z cache-dca17782 MEWElogs[320228]: FLIPH, 1626280354335288970, DCA, -1
<134>2021-07-14T16:32:44Z cache-eze19324 MEWElogs[320228]: FLIPH, 1626280363863477473, EZE, 10
<134>2021-07-14T16:32:49Z cache-ams21020 MEWElogs[320228]: FLIPH, 1626280368840049875, AMS, 10
<134>2021-07-14T16:32:59Z cache-cmh21547 MEWElogs[320228]: FLIPH, 1626280378626148301, CMH, -1
<134>2021-07-14T16:33:15Z cache-wdc5583 MEWElogs[320228]: FLIPH, 1626280394420725067, WDC, -1
<134>2021-07-14T16:33:38Z cache-ord1740 MEWElogs[320228]: FLIPH, 1626280418506701019, ORD, -1
<134>2021-07-14T16:33:38Z cache-wdc5583 MEWElogs[320228]: FLIPH, 1626280417930650456, WDC, 10
<134>2021-07-14T16:33:53Z cache-bog6425 MEWElogs[320228]: FLIPH, 1626280433523643112, BOG, 10
<134>2021-07-14T16:34:14Z cache-pdk17882 MEWElogs[320228]: FLIPH, 1626280454099041223, PDK, -1
<134>2021-07-14T16:34:37Z cache-ams21020 MEWElogs[320228]: FLIPH, 1626280476887459112, AMS, -1
<134>2021-07-14T16:34:41Z cache-dca17782 MEWElogs[320228]: FLIPH, 1626280480638169590, DCA, 10
<134>2021-07-14T16:34:43Z cache-ord1740 MEWElogs[320228]: FLIPH, 1626280482488605770, ORD, -1
<134>2021-07-14T16:34:46Z cache-ams21020 MEWElogs[320228]: FLIPH, 1626280485559054929, AMS, -1
<134>2021-07-14T16:35:09Z cache-ord1740 MEWElogs[320228]: FLIPH, 1626280509544391965, ORD, -1
<134>2021-07-14T16:35:35Z cache-cmh21547 MEWElogs[320228]: FLIPH, 1626280535563417372, CMH, 10
<134>2021-07-14T16:35:37Z cache-ams21020 MEWElogs[320228]: FLIPH, 1626280536453693485, AMS, -1
<134>2021-07-14T16:35:41Z cache-bog6425 MEWElogs[320228]: FLIPH, 1626280541564337220, BOG, 10
<134>2021-07-14T16:35:47Z cache-cmh21547 MEWElogs[320228]: FLIPH, 1626280546347819070, CMH, 10
<134>2021-07-14T16:36:24Z cache-dca17782 MEWElogs[320228]: FLIPH, 1626280583811121003, DCA, 10
<134>2021-07-14T16:36:28Z cache-ams21020 MEWElogs[320228]: FLIPH, 1626280588344129816, AMS, -1
<134>2021-07-14T16:36:28Z cache-eze19324 MEWElogs[320228]: FLIPH, 1626280588542056645, EZE, 10
<134>2021-07-14T16:36:37Z cache-eze19324 MEWElogs[320228]: FLIPH, 1626280597063229689, EZE, -1
<134>2021-07-14T16:36:51Z cache-wdc5583 MEWElogs[320228]: FLIPH, 1626280611115985842, WDC, -1
<134>2021-07-14T16:37:04Z cache-maa10251 MEWElogs[320228]: FLIPH, 1626280624342371941, MAA, 10
<134>2021-07-14T16:37:32Z cache-maa10251 MEWElogs[320228]: FLIPH, 1626280651224791208, MAA, -1
<134>2021-07-14T16:37:34Z cache-maa10251 MEWElogs[320228]: FLIPH, 1626280653983262442, MAA, 10
<134>2021-07-14T16:37:54Z cache-mdw17383 MEWElogs[320228]: FLIPH, 1626280673829901591, MDW, 10
<134>2021-07-14T16:38:06Z cache-ord1740 MEWElogs[320228]: FLIPH, 1626280685735815906, ORD, 10
<134>2021-07-14T16:38:08Z cache-dca17782 MEWElogs[320228]: FLIPH, 1626280687609737016, DCA, 10
<134>2021-07-14T16:38:23Z cache-maa10251 MEWElogs[320228]: FLIPH, 1626280702635149000, MAA, 10
<134>2021-07-14T16:38:54Z cache-ams21020 MEWElogs[320228]: FLIPH, 1626280734120269016, AMS, -1
<134>2021-07-14T16:38:56Z cache-wdc5583 MEWElogs[320228]: FLIPH, 1626280736345387695, WDC, -1
<134>2021-07-14T16:38:57Z cache-ams21020 MEWElogs[320228]: FLIPH, 1626280737045687161, AMS, 10
<134>2021-07-14T16:39:09Z cache-maa10251 MEWElogs[320228]: FLIPH, 1626280748736280449, MAA, -1
<134>2021-07-14T16:39:18Z cache-wdc5583 MEWElogs[320228]: FLIPH, 1626280757901152763, WDC, -1
<134>2021-07-14T16:39:25Z cache-cmh21547 MEWElogs[320228]: FLIPH, 1626280764829800391, CMH, 10
<134>2021-07-14T16:39:54Z cache-wdc5583 MEWElogs[320228]: FLIPH, 1626280793488534875, WDC, 10
<134>2021-07-14T16:40:00Z cache-dca17782 MEWElogs[320228]: FLIPH, 1626280800753440914, DCA, 10
<134>2021-07-14T16:40:09Z cache-eze19324 MEWElogs[320228]: FLIPH, 1626280809108352943, EZE, -1
<134>2021-07-14T16:40:17Z cache-maa10251 MEWElogs[320228]: FLIPH, 1626280817236793300, MAA, -1
<134>2021-07-14T16:40:22Z cache-eze19324 MEWElogs[320228]: FLIPH, 1626280821161100851, EZE, -1
<134>2021-07-14T16:40:26Z cache-cmh21547 MEWElogs[320228]: FLIPH, 1626280826344687912, CMH, -1
<134>2021-07-14T16:40:45Z cache-eze19324 MEWElogs[320228]: FLIPH, 1626280844533623150, EZE, -1
<134>2021-07-14T16:40:57Z cache-wdc5583 MEWElogs[320228]: FLIPH, 1626280856757513246, WDC, 10
<134>2021-07-14T16:41:20Z cache-eze19324 MEWElogs[320228]: FLIPH, 1626280879825882234, EZE, -1
<134>2021-07-14T16:41:35Z cache-wdc5583 MEWElogs[320228]: FLIPH, 1626280895631854760, WDC, -1
<134>2021-07-14T16:41:41Z cache-bog6425 MEWElogs[320228]: FLIPH, 1626280901560508405, BOG, -1
<134>2021-07-14T16:41:58Z cache-mdw17383 MEWElogs[320228]: FLIPH, 1626280917692685142, MDW, 10
