<134>2021-07-14T16:52:01Z cache-cph20625 MEWElogs[400146]: FLIPH, 1626281520153442007, CPH, 10
<134>2021-07-14T16:52:02Z cache-dub4329 MEWElogs[400146]: FLIPH, 1626281521220675666, DUB, -1
<134>2021-07-14T16:52:04Z cache-dub4329 MEWElogs[400146]: FLIPH, 1626281523834034575, DUB, 10
<134>2021-07-14T16:52:36Z cache-fty21383 MEWElogs[400146]: FLIPH, 1626281555224959615, FTY, 10
<134>2021-07-14T16:52:42Z cache-akl10324 MEWElogs[400146]: FLIPH, 1626281561456356443, AKL, 10
<134>2021-07-14T16:52:44Z cache-bos4657 MEWElogs[400146]: FLIPH, 1626281563746098222, BOS, 10
<134>2021-07-14T16:52:55Z cache-del21735 MEWElogs[400146]: FLIPH, 1626281574153561494, DEL, 10
<134>2021-07-14T16:53:09Z cache-akl10324 MEWElogs[400146]: FLIPH, 1626281588761083813, AKL, -1
<134>2021-07-14T16:53:10Z cache-chi21126 MEWElogs[400146]: FLIPH, 1626281590646641164, CHI, -1
<134>2021-07-14T16:54:13Z cache-hhn4077 MEWElogs[400146]: FLIPH, 1626281652822981866, HHN, -1
<134>2021-07-14T16:54:16Z cache-fty21383 MEWElogs[400146]: FLIPH, 1626281655012977089, FTY, 10
<134>2021-07-14T16:54:37Z cache-fty21383 MEWElogs[400146]: FLIPH, 1626281677105905713, FTY, -1
<134>2021-07-14T16:54:53Z cache-fty21383 MEWElogs[400146]: FLIPH, 1626281693446796833, FTY, -1
<134>2021-07-14T16:54:56Z cache-fty21383 MEWElogs[400146]: FLIPH, 1626281695986119176, FTY, 10
<134>2021-07-14T16:54:57Z cache-chi21126 MEWElogs[400146]: FLIPH, 1626281696573201429, CHI, 10
<134>2021-07-14T16:55:08Z cache-del21735 MEWElogs[400146]: FLIPH, 1626281708132283075, DEL, 10
<134>2021-07-14T16:55:36Z cache-del21735 MEWElogs[400146]: FLIPH, 1626281735528990317, DEL, -1
<134>2021-07-14T16:55:36Z cache-hhn4077 MEWElogs[400146]: FLIPH, 1626281736514360440, HHN, 10
<134>2021-07-14T16:55:40Z cache-chi21126 MEWElogs[400146]: FLIPH, 1626281740746983333, CHI, -1
<134>2021-07-14T16:55:50Z cache-cph20625 MEWElogs[400146]: FLIPH, 1626281749146539085, CPH, -1
<134>2021-07-14T16:55:51Z cache-dub4329 MEWElogs[400146]: FLIPH, 1626281751001601927, DUB, -1
<134>2021-07-14T16:56:00Z cache-pwk4920 MEWElogs[400146]: FLIPH, 1626281759079701217, PWK, 10
<134>2021-07-14T16:56:02Z cache-bos4657 MEWElogs[400146]: FLIPH, 1626281761086617870, BOS, -1
<134>2021-07-14T16:56:02Z cache-dub4329 MEWElogs[400146]: FLIPH, 1626281761477971478, DUB, 10
<134>2021-07-14T16:56:07Z cache-del21735 MEWElogs[400146]: FLIPH, 1626281767041571262, DEL, 10
<134>2021-07-14T16:56:09Z cache-chi21126 MEWElogs[400146]: FLIPH, 1626281769251921653, CHI, -1
<134>2021-07-14T16:56:10Z cache-bos4657 MEWElogs[400146]: FLIPH, 1626281770094643624, BOS, -1
<134>2021-07-14T16:56:15Z cache-akl10324 MEWElogs[400146]: FLIPH, 1626281774594643880, AKL, 10
<134>2021-07-14T16:56:19Z cache-chi21126 MEWElogs[400146]: FLIPH, 1626281778751910540, CHI, -1
<134>2021-07-14T16:56:28Z cache-hhn4077 MEWElogs[400146]: FLIPH, 1626281787448766130, HHN, -1
<134>2021-07-14T16:56:47Z cache-chi21126 MEWElogs[400146]: FLIPH, 1626281806795740031, CHI, -1
<134>2021-07-14T16:56:54Z cache-bos4657 MEWElogs[400146]: FLIPH, 1626281814701533504, BOS, -1
<134>2021-07-14T16:57:05Z cache-chi21126 MEWElogs[400146]: FLIPH, 1626281825561442838, CHI, -1
<134>2021-07-14T16:57:35Z cache-cph20625 MEWElogs[400146]: FLIPH, 1626281854258779001, CPH, 10
<134>2021-07-14T16:57:43Z cache-hel6829 MEWElogs[400146]: FLIPH, 1626281863048298687, HEL, -1
<134>2021-07-14T16:57:56Z cache-iah17271 MEWElogs[400146]: FLIPH, 1626281876285395310, IAH, 10
<134>2021-07-14T16:58:04Z cache-dfw18678 MEWElogs[400146]: FLIPH, 1626281884092421712, DFW, 10
<134>2021-07-14T16:58:12Z cache-hhn4077 MEWElogs[400146]: FLIPH, 1626281892690716044, HHN, 10
<134>2021-07-14T16:58:18Z cache-pwk4920 MEWElogs[400146]: FLIPH, 1626281898563749086, PWK, 10
<134>2021-07-14T16:58:23Z cache-fra19177 MEWElogs[400146]: FLIPH, 1626281903049243765, FRA, 10
<134>2021-07-14T16:58:34Z cache-dfw18678 MEWElogs[400146]: FLIPH, 1626281913387738859, DFW, -1
<134>2021-07-14T16:58:45Z cache-pwk4920 MEWElogs[400146]: FLIPH, 1626281925198548192, PWK, -1
<134>2021-07-14T16:58:48Z cache-del21735 MEWElogs[400146]: FLIPH, 1626281927727939304, DEL, -1
<134>2021-07-14T16:58:55Z cache-lcy19283 MEWElogs[400146]: FLIPH, 1626281935165266111, LCY, 10
<134>2021-07-14T16:58:58Z cache-dfw18678 MEWElogs[400146]: FLIPH, 1626281937404633088, DFW, 10
<134>2021-07-14T16:59:06Z cache-hhn4077 MEWElogs[400146]: FLIPH, 1626281945762181459, HHN, -1
<134>2021-07-14T16:59:10Z cache-hhn4077 MEWElogs[400146]: FLIPH, 1626281949826778864, HHN, 10
<134>2021-07-14T16:59:15Z cache-pwk4920 MEWElogs[400146]: FLIPH, 1626281955223440027, PWK, -1
<134>2021-07-14T16:59:20Z cache-del21735 MEWElogs[400146]: FLIPH, 1626281959192174825, DEL, -1
<134>2021-07-14T16:59:20Z cache-hhn4077 MEWElogs[400146]: FLIPH, 1626281960797783323, HHN, 10
<134>2021-07-14T16:59:28Z cache-hhn4077 MEWElogs[400146]: FLIPH, 1626281968746337153, HHN, -1
<134>2021-07-14T16:59:30Z cache-del21735 MEWElogs[400146]: FLIPH, 1626281969428775984, DEL, -1
<134>2021-07-14T17:00:06Z cache-lcy19283 MEWElogs[400146]: FLIPH, 1626282005612077715, LCY, 10
<134>2021-07-14T17:00:17Z cache-cwb20520 MEWElogs[400146]: FLIPH, 1626282017129617114, CWB, 10
<134>2021-07-14T17:00:29Z cache-pwk4920 MEWElogs[400146]: FLIPH, 1626282028471243917, PWK, 10
<134>2021-07-14T17:00:47Z cache-lcy19283 MEWElogs[400146]: FLIPH, 1626282046591501362, LCY, 10
<134>2021-07-14T17:01:03Z cache-iah17271 MEWElogs[400146]: FLIPH, 1626282062176022927, IAH, -1
<134>2021-07-14T17:01:06Z cache-lcy19283 MEWElogs[400146]: FLIPH, 1626282066144236546, LCY, 10
<134>2021-07-14T17:01:06Z cache-iah17271 MEWElogs[400146]: FLIPH, 1626282065722396403, IAH, 10
<134>2021-07-14T17:01:24Z cache-hhn4077 MEWElogs[400146]: FLIPH, 1626282084723677127, HHN, -1
<134>2021-07-14T17:01:28Z cache-iah17271 MEWElogs[400146]: FLIPH, 1626282087794601829, IAH, 10
<134>2021-07-14T17:01:33Z cache-jnb7027 MEWElogs[400146]: FLIPH, 1626282092765537210, JNB, -1
<134>2021-07-14T17:01:36Z cache-hhn4077 MEWElogs[400146]: FLIPH, 1626282096054265163, HHN, -1
<134>2021-07-14T17:01:40Z cache-iah17271 MEWElogs[400146]: FLIPH, 1626282099108749748, IAH, 10
<134>2021-07-14T17:01:46Z cache-jnb7027 MEWElogs[400146]: FLIPH, 1626282105325727198, JNB, 10
<134>2021-07-14T17:01:51Z cache-hhn4077 MEWElogs[400146]: FLIPH, 1626282111251055473, HHN, 10
