<134>2021-07-14T17:02:54Z cache-cwb20520 MEWElogs[292213]: FLIPH, 1626282173768243763, CWB, 10
<134>2021-07-14T17:03:25Z cache-dal21283 MEWElogs[292213]: FLIPH, 1626282204782433833, DAL, 10
<134>2021-07-14T17:03:35Z cache-hel6829 MEWElogs[292213]: FLIPH, 1626282215218249022, HEL, -1
<134>2021-07-14T17:03:56Z cache-lcy19283 MEWElogs[292213]: FLIPH, 1626282235649230443, LCY, -1
<134>2021-07-14T17:04:09Z cache-hel6829 MEWElogs[292213]: FLIPH, 1626282248205225927, HEL, 10
<134>2021-07-14T17:04:20Z cache-jnb7027 MEWElogs[292213]: FLIPH, 1626282259870850330, JNB, -1
<134>2021-07-14T17:04:27Z cache-den8274 MEWElogs[292213]: FLIPH, 1626282266184440557, DEN, -1
<134>2021-07-14T17:04:50Z cache-jnb7027 MEWElogs[292213]: FLIPH, 1626282289105900361, JNB, -1
<134>2021-07-14T17:05:00Z cache-lon4249 MEWElogs[292213]: FLIPH, 1626282299167669308, LON, 10
<134>2021-07-14T17:05:03Z cache-cwb20520 MEWElogs[292213]: FLIPH, 1626282302935595718, CWB, 10
<134>2021-07-14T17:05:03Z cache-dal21283 MEWElogs[292213]: FLIPH, 1626282303305703519, DAL, -1
<134>2021-07-14T17:05:11Z cache-cwb20520 MEWElogs[292213]: FLIPH, 1626282310009695968, CWB, -1
<134>2021-07-14T17:05:13Z cache-lon4249 MEWElogs[292213]: FLIPH, 1626282312962728672, LON, -1
<134>2021-07-14T17:05:20Z cache-cwb20520 MEWElogs[292213]: FLIPH, 1626282319841532100, CWB, -1
<134>2021-07-14T17:05:31Z cache-den8274 MEWElogs[292213]: FLIPH, 1626282330747401088, DEN, 10
<134>2021-07-14T17:05:41Z cache-dal21283 MEWElogs[292213]: FLIPH, 1626282340923740117, DAL, 10
<134>2021-07-14T17:05:52Z cache-dal21283 MEWElogs[292213]: FLIPH, 1626282352806522730, DAL, 10
<134>2021-07-14T17:05:56Z cache-hel6829 MEWElogs[292213]: FLIPH, 1626282355868716492, HEL, 10
<134>2021-07-14T17:06:09Z cache-jnb7027 MEWElogs[292213]: FLIPH, 1626282368320579587, JNB, -1
<134>2021-07-14T17:06:11Z cache-lon4249 MEWElogs[292213]: FLIPH, 1626282370414690571, LON, -1
<134>2021-07-14T17:06:11Z cache-jnb7027 MEWElogs[292213]: FLIPH, 1626282371205152958, JNB, 10
<134>2021-07-14T17:06:14Z cache-iah17271 MEWElogs[292213]: FLIPH, 1626282373408222993, IAH, -1
<134>2021-07-14T17:06:16Z cache-hel6829 MEWElogs[292213]: FLIPH, 1626282375242964077, HEL, 10
<134>2021-07-14T17:06:41Z cache-fra19177 MEWElogs[292213]: FLIPH, 1626282400809562732, FRA, 10
<134>2021-07-14T17:07:35Z cache-bur17583 MEWElogs[292213]: FLIPH, 1626282454104011116, BUR, -1
<134>2021-07-14T17:07:37Z cache-jnb7027 MEWElogs[292213]: FLIPH, 1626282456723572869, JNB, -1
<134>2021-07-14T17:07:58Z cache-bur17583 MEWElogs[292213]: FLIPH, 1626282478276153684, BUR, 10
<134>2021-07-14T17:08:02Z cache-lcy19283 MEWElogs[292213]: FLIPH, 1626282481550815651, LCY, 10
<134>2021-07-14T17:08:07Z cache-cwb20520 MEWElogs[292213]: FLIPH, 1626282486306230127, CWB, -1
<134>2021-07-14T17:08:19Z cache-den8274 MEWElogs[292213]: FLIPH, 1626282498691488714, DEN, -1
<134>2021-07-14T17:08:22Z cache-lon4249 MEWElogs[292213]: FLIPH, 1626282501363443754, LON, -1
<134>2021-07-14T17:08:39Z cache-hel6829 MEWElogs[292213]: FLIPH, 1626282518509825431, HEL, -1
<134>2021-07-14T17:08:45Z cache-fra19177 MEWElogs[292213]: FLIPH, 1626282525431770095, FRA, -1
<134>2021-07-14T17:08:49Z cache-jnb7027 MEWElogs[292213]: FLIPH, 1626282528604665032, JNB, 10
<134>2021-07-14T17:09:04Z cache-den8274 MEWElogs[292213]: FLIPH, 1626282543283978814, DEN, -1
<134>2021-07-14T17:09:07Z cache-bur17583 MEWElogs[292213]: FLIPH, 1626282546572498663, BUR, -1
<134>2021-07-14T17:09:24Z cache-fra19177 MEWElogs[292213]: FLIPH, 1626282563768045289, FRA, 10
<134>2021-07-14T17:09:28Z cache-bur17583 MEWElogs[292213]: FLIPH, 1626282567521892156, BUR, -1
<134>2021-07-14T17:09:33Z cache-lcy19283 MEWElogs[292213]: FLIPH, 1626282572217318523, LCY, 10
<134>2021-07-14T17:09:38Z cache-lon4249 MEWElogs[292213]: FLIPH, 1626282577196048254, LON, 10
<134>2021-07-14T17:09:49Z cache-bur17583 MEWElogs[292213]: FLIPH, 1626282588144597986, BUR, -1
<134>2021-07-14T17:10:08Z cache-hel6829 MEWElogs[292213]: FLIPH, 1626282607474445311, HEL, -1
<134>2021-07-14T17:10:13Z cache-lcy19283 MEWElogs[292213]: FLIPH, 1626282612537608062, LCY, 10
<134>2021-07-14T17:10:20Z cache-bur17583 MEWElogs[292213]: FLIPH, 1626282619295770380, BUR, -1
<134>2021-07-14T17:10:23Z cache-lcy19283 MEWElogs[292213]: FLIPH, 1626282622694736387, LCY, 10
<134>2021-07-14T17:11:03Z cache-iah17271 MEWElogs[292213]: FLIPH, 1626282662602277065, IAH, -1
<134>2021-07-14T17:11:21Z cache-lon4249 MEWElogs[292213]: FLIPH, 1626282680385743973, LON, -1
<134>2021-07-14T17:11:30Z cache-fra19177 MEWElogs[292213]: FLIPH, 1626282689281737268, FRA, 10
<134>2021-07-14T17:12:03Z cache-bur17583 MEWElogs[292213]: FLIPH, 1626282722020041751, BUR, -1
<134>2021-07-14T17:12:14Z cache-cwb20520 MEWElogs[292213]: FLIPH, 1626282733408629922, CWB, 10
<134>2021-07-14T17:12:26Z cache-bur17583 MEWElogs[292213]: FLIPH, 1626282745746977843, BUR, 10
<134>2021-07-14T17:12:42Z cache-lon4249 MEWElogs[292213]: FLIPH, 1626282762646852349, LON, -1
