<134>2021-07-15T04:28:38Z cache-dub4329 MEWElogs[418388]: ROTATE, 1626323317703538748, DUB, 15
<134>2021-07-15T04:28:45Z cache-dub4329 MEWElogs[418388]: ROTATE, 1626323325540250931, DUB, 15
<134>2021-07-15T04:28:50Z cache-fty21383 MEWElogs[418388]: ROTATE, 1626323329171449164, FTY, 15
<134>2021-07-15T04:29:19Z cache-chi21126 MEWElogs[418388]: ROTATE, 1626323358686746608, CHI, 15
<134>2021-07-15T04:29:25Z cache-del21735 MEWElogs[418388]: ROTATE, 1626323365121890013, DEL, 15
<134>2021-07-15T04:29:52Z cache-del21735 MEWElogs[418388]: ROTATE, 1626323392364284862, DEL, 15
<134>2021-07-15T04:30:43Z cache-bos4657 MEWElogs[418388]: ROTATE, 1626323441970890898, BOS, 15
<134>2021-07-15T04:30:52Z cache-chi21126 MEWElogs[418388]: ROTATE, 1626323452555377568, CHI, 15
<134>2021-07-15T04:31:59Z cache-dfw18678 MEWElogs[418388]: ROTATE, 1626323519712227918, DFW, 15
<134>2021-07-15T04:32:57Z cache-chi21126 MEWElogs[418388]: ROTATE, 1626323576646222143, CHI, 15
<134>2021-07-15T04:33:40Z cache-del21735 MEWElogs[418388]: ROTATE, 1626323619802912789, DEL, 15
<134>2021-07-15T04:33:43Z cache-pwk4920 MEWElogs[418388]: ROTATE, 1626323622766637097, PWK, 15
<134>2021-07-15T04:34:05Z cache-dub4329 MEWElogs[418388]: ROTATE, 1626323644221558264, DUB, 15
<134>2021-07-15T04:34:20Z cache-akl10324 MEWElogs[418388]: ROTATE, 1626323659593574356, AKL, 15
<134>2021-07-15T04:34:28Z cache-chi21126 MEWElogs[418388]: ROTATE, 1626323667467423737, CHI, 15
<134>2021-07-15T04:35:23Z cache-dub4329 MEWElogs[418388]: ROTATE, 1626323722006948204, DUB, 15
<134>2021-07-15T04:36:20Z cache-chi21126 MEWElogs[418388]: ROTATE, 1626323779482568990, CHI, 15
<134>2021-07-15T04:36:24Z cache-dub4329 MEWElogs[418388]: ROTATE, 1626323783505344409, DUB, 15
<134>2021-07-15T04:36:58Z cache-hhn4077 MEWElogs[418388]: ROTATE, 1626323817600573540, HHN, 15
<134>2021-07-15T04:37:38Z cache-den8274 MEWElogs[418388]: ROTATE, 1626323857474178560, DEN, 15
<134>2021-07-15T04:37:57Z cache-den8274 MEWElogs[418388]: ROTATE, 1626323876292557548, DEN, 15
<134>2021-07-15T04:38:35Z cache-akl10324 MEWElogs[418388]: ROTATE, 1626323915287738686, AKL, 15
