<134>2021-07-15T04:17:39Z cache-eze19324 MEWElogs[464521]: ROTATE, 1626322658630676951, EZE, 15
<134>2021-07-15T04:18:00Z cache-dca17782 MEWElogs[464521]: ROTATE, 1626322679112390655, DCA, 15
<134>2021-07-15T04:18:03Z cache-ams21020 MEWElogs[464521]: ROTATE, 1626322682544559766, AMS, 15
<134>2021-07-15T04:18:07Z cache-maa10251 MEWElogs[464521]: ROTATE, 1626322686882055800, MAA, 15
<134>2021-07-15T04:18:16Z cache-bog6425 MEWElogs[464521]: ROTATE, 1626322695478039141, BOG, 15
<134>2021-07-15T04:18:20Z cache-cph20625 MEWElogs[464521]: ROTATE, 1626322700507118763, CPH, 15
<134>2021-07-15T04:18:42Z cache-wdc5583 MEWElogs[464521]: ROTATE, 1626322721810890570, WDC, 15
<134>2021-07-15T04:18:46Z cache-ord1740 MEWElogs[464521]: ROTATE, 1626322725862899057, ORD, 15
<134>2021-07-15T04:18:49Z cache-cph20625 MEWElogs[464521]: ROTATE, 1626322728698806898, CPH, 15
<134>2021-07-15T04:19:36Z cache-dfw18678 MEWElogs[464521]: ROTATE, 1626322775847286772, DFW, 15
<134>2021-07-15T04:19:41Z cache-maa10251 MEWElogs[464521]: ROTATE, 1626322780320003842, MAA, 15
<134>2021-07-15T04:20:03Z cache-mdw17383 MEWElogs[464521]: ROTATE, 1626322802895526360, MDW, 15
<134>2021-07-15T04:20:08Z cache-wdc5583 MEWElogs[464521]: ROTATE, 1626322807926875233, WDC, 15
<134>2021-07-15T04:20:39Z cache-eze19324 MEWElogs[464521]: ROTATE, 1626322838959203347, EZE, 15
<134>2021-07-15T04:20:50Z cache-dca17782 MEWElogs[464521]: ROTATE, 1626322849484463957, DCA, 15
<134>2021-07-15T04:21:05Z cache-bog6425 MEWElogs[464521]: ROTATE, 1626322864212373800, BOG, 15
<134>2021-07-15T04:21:13Z cache-wdc5583 MEWElogs[464521]: ROTATE, 1626322872433586035, WDC, 15
<134>2021-07-15T04:21:18Z cache-dca17782 MEWElogs[464521]: ROTATE, 1626322877685450170, DCA, 15
<134>2021-07-15T04:21:23Z cache-ord1740 MEWElogs[464521]: ROTATE, 1626322882373924618, ORD, 15
<134>2021-07-15T04:21:23Z cache-wdc5583 MEWElogs[464521]: ROTATE, 1626322883219007277, WDC, 15
<134>2021-07-15T04:21:47Z cache-cph20625 MEWElogs[464521]: ROTATE, 1626322906450963812, CPH, 15
<134>2021-07-15T04:22:13Z cache-mdw17383 MEWElogs[464521]: ROTATE, 1626322932820693179, MDW, 15
<134>2021-07-15T04:22:26Z cache-cwb20520 MEWElogs[464521]: ROTATE, 1626322945110008184, CWB, 15
<134>2021-07-15T04:22:28Z cache-del21735 MEWElogs[464521]: ROTATE, 1626322946916413787, DEL, 15
<134>2021-07-15T04:22:45Z cache-eze19324 MEWElogs[464521]: ROTATE, 1626322964125253283, EZE, 15
<134>2021-07-15T04:22:55Z cache-cwb20520 MEWElogs[464521]: ROTATE, 1626322974623782877, CWB, 15
<134>2021-07-15T04:23:05Z cache-cwb20520 MEWElogs[464521]: ROTATE, 1626322984454446668, CWB, 15
<134>2021-07-15T04:23:19Z cache-mdw17383 MEWElogs[464521]: ROTATE, 1626322999138929713, MDW, 15
<134>2021-07-15T04:23:34Z cache-akl10324 MEWElogs[464521]: ROTATE, 1626323013864470445, AKL, 15
<134>2021-07-15T04:23:47Z cache-fty21383 MEWElogs[464521]: ROTATE, 1626323026742087023, FTY, 15
<134>2021-07-15T04:24:07Z cache-bos4657 MEWElogs[464521]: ROTATE, 1626323046411517003, BOS, 15
<134>2021-07-15T04:24:22Z cache-dub4329 MEWElogs[464521]: ROTATE, 1626323061400441194, DUB, 15
<134>2021-07-15T04:24:24Z cache-mdw17383 MEWElogs[464521]: ROTATE, 1626323064168168954, MDW, 15
<134>2021-07-15T04:24:30Z cache-chi21126 MEWElogs[464521]: ROTATE, 1626323069265474280, CHI, 15
<134>2021-07-15T04:24:48Z cache-eze19324 MEWElogs[464521]: ROTATE, 1626323087691875008, EZE, 15
<134>2021-07-15T04:24:54Z cache-fty21383 MEWElogs[464521]: ROTATE, 1626323093171751656, FTY, 15
<134>2021-07-15T04:25:06Z cache-pwk4920 MEWElogs[464521]: ROTATE, 1626323106106886754, PWK, 15
<134>2021-07-15T04:25:09Z cache-hhn4077 MEWElogs[464521]: ROTATE, 1626323108269906312, HHN, 15
<134>2021-07-15T04:25:17Z cache-dfw18678 MEWElogs[464521]: ROTATE, 1626323116898991651, DFW, 15
<134>2021-07-15T04:25:19Z cache-fty21383 MEWElogs[464521]: ROTATE, 1626323118538260474, FTY, 15
<134>2021-07-15T04:25:37Z cache-pwk4920 MEWElogs[464521]: ROTATE, 1626323136587731814, PWK, 15
<134>2021-07-15T04:25:44Z cache-fty21383 MEWElogs[464521]: ROTATE, 1626323143553841130, FTY, 15
<134>2021-07-15T04:25:47Z cache-dub4329 MEWElogs[464521]: ROTATE, 1626323146657227573, DUB, 15
<134>2021-07-15T04:26:17Z cache-pwk4920 MEWElogs[464521]: ROTATE, 1626323176922528057, PWK, 15
<134>2021-07-15T04:26:35Z cache-akl10324 MEWElogs[464521]: ROTATE, 1626323194274958135, AKL, 15
<134>2021-07-15T04:27:17Z cache-fty21383 MEWElogs[464521]: ROTATE, 1626323236315590506, FTY, 15
