<134>2021-07-15T02:12:22Z cache-gru17149 MEWElogs[400146]: GRAY, 1626315141862869111, GRU, 13
<134>2021-07-15T02:12:27Z cache-cdg20720 MEWElogs[400146]: GRAY, 1626315146227619107, CDG, 13
<134>2021-07-15T02:12:28Z cache-bom4751 MEWElogs[400146]: GRAY, 1626315146995615513, BOM, 13
<134>2021-07-15T02:12:41Z cache-gru17149 MEWElogs[400146]: GRAY, 1626315160753153403, GRU, 13
<134>2021-07-15T02:12:42Z cache-stl4834 MEWElogs[400146]: GRAY, 1626315161504052560, STL, 13
<134>2021-07-15T02:12:54Z cache-gru17149 MEWElogs[400146]: GRAY, 1626315173398140427, GRU, 13
<134>2021-07-15T02:13:02Z cache-stl4834 MEWElogs[400146]: GRAY, 1626315182201647586, STL, 13
<134>2021-07-15T02:13:16Z cache-itm18851 MEWElogs[400146]: GRAY, 1626315195690220236, ITM, 13
<134>2021-07-15T02:13:45Z cache-itm18851 MEWElogs[400146]: GRAY, 1626315225401777640, ITM, 13
<134>2021-07-15T02:13:59Z cache-stl4834 MEWElogs[400146]: GRAY, 1626315238081760884, STL, 13
<134>2021-07-15T02:14:36Z cache-gig17035 MEWElogs[400146]: GRAY, 1626315275135558903, GIG, 13
<134>2021-07-15T02:14:45Z cache-pao17461 MEWElogs[400146]: GRAY, 1626315284432975151, PAO, 13
<134>2021-07-15T02:14:52Z cache-pao17461 MEWElogs[400146]: GRAY, 1626315291382470609, PAO, 13
<134>2021-07-15T02:15:06Z cache-gig17035 MEWElogs[400146]: GRAY, 1626315305698261089, GIG, 13
<134>2021-07-15T02:15:07Z cache-gru17149 MEWElogs[400146]: GRAY, 1626315306425887045, GRU, 13
<134>2021-07-15T02:15:10Z cache-scl19427 MEWElogs[400146]: GRAY, 1626315309488653402, SCL, 13
<134>2021-07-15T02:15:36Z cache-stl4834 MEWElogs[400146]: GRAY, 1626315336186714141, STL, 13
<134>2021-07-15T02:15:45Z cache-gru17149 MEWElogs[400146]: GRAY, 1626315344276882835, GRU, 13
<134>2021-07-15T02:16:07Z cache-syd10183 MEWElogs[400146]: GRAY, 1626315366559513310, SYD, 13
<134>2021-07-15T02:16:14Z cache-syd10183 MEWElogs[400146]: GRAY, 1626315374119725667, SYD, 13
<134>2021-07-15T02:16:19Z cache-bom4751 MEWElogs[400146]: GRAY, 1626315378192600575, BOM, 13
<134>2021-07-15T02:16:46Z cache-itm18851 MEWElogs[400146]: GRAY, 1626315405926516333, ITM, 13
<134>2021-07-15T02:16:49Z cache-pao17461 MEWElogs[400146]: GRAY, 1626315408556829251, PAO, 13
<134>2021-07-15T02:17:10Z cache-bom4751 MEWElogs[400146]: GRAY, 1626315429589190418, BOM, 13
<134>2021-07-15T02:17:13Z cache-gru17149 MEWElogs[400146]: GRAY, 1626315432815322351, GRU, 13
<134>2021-07-15T02:17:52Z cache-sjc10078 MEWElogs[400146]: GRAY, 1626315471598868111, SJC, 13
<134>2021-07-15T02:18:16Z cache-syd10183 MEWElogs[400146]: GRAY, 1626315495478306451, SYD, 13
<134>2021-07-15T02:18:19Z cache-pao17461 MEWElogs[400146]: GRAY, 1626315499422971377, PAO, 13
<134>2021-07-15T02:18:23Z cache-syd10183 MEWElogs[400146]: GRAY, 1626315502564581873, SYD, 13
<134>2021-07-15T02:18:27Z cache-sjc10078 MEWElogs[400146]: GRAY, 1626315507077020723, SJC, 13
<134>2021-07-15T02:18:32Z cache-stl4834 MEWElogs[400146]: GRAY, 1626315511298104657, STL, 13
<134>2021-07-15T02:18:41Z cache-cgh11122 MEWElogs[400146]: GRAY, 1626315520545258286, CGH, 13
<134>2021-07-15T02:18:44Z cache-syd10183 MEWElogs[400146]: GRAY, 1626315524091847640, SYD, 13
<134>2021-07-15T02:18:48Z cache-sea4483 MEWElogs[400146]: GRAY, 1626315528105401174, SEA, 13
<134>2021-07-15T02:18:51Z cache-syd10183 MEWElogs[400146]: GRAY, 1626315531213407187, SYD, 13
<134>2021-07-15T02:18:55Z cache-cgh11183 MEWElogs[400146]: GRAY, 1626315534594587985, CGH, 13
<134>2021-07-15T02:18:59Z cache-syd10183 MEWElogs[400146]: GRAY, 1626315538473357638, SYD, 13
<134>2021-07-15T02:19:21Z cache-cgh11122 MEWElogs[400146]: GRAY, 1626315560382544880, CGH, 13
<134>2021-07-15T02:19:36Z cache-sea4483 MEWElogs[400146]: GRAY, 1626315576561372057, SEA, 13
<134>2021-07-15T02:19:50Z cache-hnd18722 MEWElogs[400146]: GRAY, 1626315589458862693, HND, 13
<134>2021-07-15T02:19:57Z cache-hnd18722 MEWElogs[400146]: GRAY, 1626315596430500864, HND, 13
<134>2021-07-15T02:20:49Z cache-cgh11183 MEWElogs[400146]: GRAY, 1626315648509717217, CGH, 13
<134>2021-07-15T02:20:56Z cache-sea4483 MEWElogs[400146]: GRAY, 1626315655602134377, SEA, 13
<134>2021-07-15T02:21:09Z cache-cgh11183 MEWElogs[400146]: GRAY, 1626315668651361502, CGH, 13
<134>2021-07-15T02:21:16Z cache-cgh11183 MEWElogs[400146]: GRAY, 1626315675456988298, CGH, 13
<134>2021-07-15T02:21:23Z cache-cgh11122 MEWElogs[400146]: GRAY, 1626315682721953098, CGH, 13
<134>2021-07-15T02:21:30Z cache-cgh11183 MEWElogs[400146]: GRAY, 1626315689655488228, CGH, 13
<134>2021-07-15T02:21:37Z cache-itm18851 MEWElogs[400146]: GRAY, 1626315695967830291, ITM, 13
<134>2021-07-15T02:21:38Z cache-sjc10078 MEWElogs[400146]: GRAY, 1626315698024570384, SJC, 13
<134>2021-07-15T02:21:48Z cache-bma1628 MEWElogs[400146]: GRAY, 1626315707738807671, BMA, 13
<134>2021-07-15T02:22:06Z cache-hnd18722 MEWElogs[400146]: GRAY, 1626315725274950951, HND, 13
<134>2021-07-15T02:22:11Z cache-cgh11122 MEWElogs[400146]: GRAY, 1626315730410356966, CGH, 13
