<134>2021-07-15T00:48:52Z cache-hkg17929 MEWElogs[464521]: CROP, 1626310131705748768, HKG, 12
<134>2021-07-15T00:49:04Z cache-bur17583 MEWElogs[464521]: CROP, 1626310143320839385, BUR, 12
<134>2021-07-15T00:49:10Z cache-man4150 MEWElogs[464521]: CROP, 1626310149923851817, MAN, 12
<134>2021-07-15T00:49:11Z cache-mia11368 MEWElogs[464521]: CROP, 1626310150609127834, MIA, 12
<134>2021-07-15T00:49:15Z cache-lhr7382 MEWElogs[464521]: CROP, 1626310154907342062, LHR, 12
<134>2021-07-15T00:49:24Z cache-mel11272 MEWElogs[464521]: CROP, 1626310164610037005, MEL, 12
<134>2021-07-15T00:49:27Z cache-stp9226 MEWElogs[464521]: CROP, 1626310166027057394, STP, 12
<134>2021-07-15T00:49:27Z cache-mci5951 MEWElogs[464521]: CROP, 1626310166867068445, MCI, 12
<134>2021-07-15T00:49:28Z cache-man4150 MEWElogs[464521]: CROP, 1626310167622208521, MAN, 12
<134>2021-07-15T00:49:29Z cache-lhr7382 MEWElogs[464521]: CROP, 1626310169169109540, LHR, 12
<134>2021-07-15T00:49:31Z cache-stp9226 MEWElogs[464521]: CROP, 1626310170397291424, STP, 12
<134>2021-07-15T00:49:33Z cache-man4150 MEWElogs[464521]: CROP, 1626310173521211174, MAN, 12
<134>2021-07-15T00:49:35Z cache-lhr7382 MEWElogs[464521]: CROP, 1626310174910524536, LHR, 12
<134>2021-07-15T00:49:57Z cache-man4150 MEWElogs[464521]: CROP, 1626310197247557837, MAN, 12
<134>2021-07-15T00:50:06Z cache-mci5951 MEWElogs[464521]: CROP, 1626310206040292287, MCI, 12
<134>2021-07-15T00:50:15Z cache-mel11272 MEWElogs[464521]: CROP, 1626310215093741868, MEL, 12
<134>2021-07-15T00:50:21Z cache-lax10677 MEWElogs[464521]: CROP, 1626310221256828960, LGB, 12
<134>2021-07-15T00:50:29Z cache-mel11272 MEWElogs[464521]: CROP, 1626310228851755097, MEL, 12
<134>2021-07-15T00:50:38Z cache-lax10677 MEWElogs[464521]: CROP, 1626310238435893902, LGB, 12
<134>2021-07-15T00:50:44Z cache-man4150 MEWElogs[464521]: CROP, 1626310244254341413, MAN, 12
<134>2021-07-15T00:50:51Z cache-lax10677 MEWElogs[464521]: CROP, 1626310251348430873, LGB, 12
<134>2021-07-15T00:51:02Z cache-mel11272 MEWElogs[464521]: CROP, 1626310261062818701, MEL, 12
<134>2021-07-15T00:51:05Z cache-man4150 MEWElogs[464521]: CROP, 1626310264416063714, MAN, 12
<134>2021-07-15T00:51:12Z cache-jax20933 MEWElogs[464521]: CROP, 1626310271584874515, JAX, 12
<134>2021-07-15T00:51:14Z cache-yul12826 MEWElogs[464521]: CROP, 1626310274031897495, YUL, 12
<134>2021-07-15T00:51:14Z cache-man4150 MEWElogs[464521]: CROP, 1626310273807855390, MAN, 12
<134>2021-07-15T00:51:25Z cache-yul12826 MEWElogs[464521]: CROP, 1626310285688242418, YUL, 12
<134>2021-07-15T00:51:27Z cache-stp9226 MEWElogs[464521]: CROP, 1626310286546705523, STP, 12
<134>2021-07-15T00:51:43Z cache-lga21983 MEWElogs[464521]: CROP, 1626310302711736024, LGA, 12
<134>2021-07-15T00:51:45Z cache-lax10677 MEWElogs[464521]: CROP, 1626310304238428275, LGB, 12
<134>2021-07-15T00:52:12Z cache-man4150 MEWElogs[464521]: CROP, 1626310332213165909, MAN, 12
<134>2021-07-15T00:52:13Z cache-mci5951 MEWElogs[464521]: CROP, 1626310332887239907, MCI, 12
<134>2021-07-15T00:52:18Z cache-hkg17929 MEWElogs[464521]: CROP, 1626310337707174419, HKG, 12
<134>2021-07-15T00:52:21Z cache-man4150 MEWElogs[464521]: CROP, 1626310340860928382, MAN, 12
<134>2021-07-15T00:52:27Z cache-mia11368 MEWElogs[464521]: CROP, 1626310346693784587, MIA, 12
<134>2021-07-15T00:52:32Z cache-man4150 MEWElogs[464521]: CROP, 1626310352579839992, MAN, 12
<134>2021-07-15T00:52:33Z cache-yul12826 MEWElogs[464521]: CROP, 1626310352612215256, YUL, 12
<134>2021-07-15T00:52:48Z cache-mel11272 MEWElogs[464521]: CROP, 1626310367643792767, MEL, 12
<134>2021-07-15T00:52:51Z cache-man4150 MEWElogs[464521]: CROP, 1626310370046929029, MAN, 12
<134>2021-07-15T00:53:18Z cache-stp9226 MEWElogs[464521]: CROP, 1626310397751714898, STP, 12
<134>2021-07-15T00:53:27Z cache-stp9226 MEWElogs[464521]: CROP, 1626310406031828496, STP, 12
<134>2021-07-15T00:53:32Z cache-lax10677 MEWElogs[464521]: CROP, 1626310412105248212, LGB, 12
<134>2021-07-15T00:53:45Z cache-lax10677 MEWElogs[464521]: CROP, 1626310425251605756, LGB, 12
<134>2021-07-15T00:53:48Z cache-osl6529 MEWElogs[464521]: CROP, 1626310427897667627, OSL, 12
<134>2021-07-15T00:53:54Z cache-lax10677 MEWElogs[464521]: CROP, 1626310433830615324, LGB, 12
<134>2021-07-15T00:53:57Z cache-mci5951 MEWElogs[464521]: CROP, 1626310436667998829, MCI, 12
<134>2021-07-15T00:54:03Z cache-mia11368 MEWElogs[464521]: CROP, 1626310443674288189, MIA, 12
<134>2021-07-15T00:54:14Z cache-mci5951 MEWElogs[464521]: CROP, 1626310454420995028, MCI, 12
<134>2021-07-15T00:54:17Z cache-yul12826 MEWElogs[464521]: CROP, 1626310457323156240, YUL, 12
<134>2021-07-15T00:54:24Z cache-stp9226 MEWElogs[464521]: CROP, 1626310463914404926, STP, 12
<134>2021-07-15T00:54:28Z cache-lga21983 MEWElogs[464521]: CROP, 1626310467637468863, LGA, 12
<134>2021-07-15T00:54:33Z cache-lax10677 MEWElogs[464521]: CROP, 1626310473006455740, LGB, 12
<134>2021-07-15T00:54:37Z cache-stp9226 MEWElogs[464521]: CROP, 1626310476191285040, STP, 12
<134>2021-07-15T00:54:38Z cache-lax10677 MEWElogs[464521]: CROP, 1626310477414249654, LGB, 12
<134>2021-07-15T00:54:46Z cache-osl6529 MEWElogs[464521]: CROP, 1626310484981041028, OSL, 12
<134>2021-07-15T00:54:46Z cache-yul12826 MEWElogs[464521]: CROP, 1626310485840325923, YUL, 12
<134>2021-07-15T00:54:49Z cache-mel11272 MEWElogs[464521]: CROP, 1626310488010424325, MEL, 12
<134>2021-07-15T00:54:50Z cache-mci5951 MEWElogs[464521]: CROP, 1626310488997155428, MCI, 12
<134>2021-07-15T00:55:06Z cache-mia11368 MEWElogs[464521]: CROP, 1626310506470032142, MIA, 12
<134>2021-07-15T00:55:12Z cache-lax10677 MEWElogs[464521]: CROP, 1626310511865507226, LGB, 12
<134>2021-07-15T00:55:14Z cache-ewr18156 MEWElogs[464521]: CROP, 1626310513559592346, EWR, 12
<134>2021-07-15T00:55:25Z cache-lga21983 MEWElogs[464521]: CROP, 1626310524447264481, LGA, 12
<134>2021-07-15T00:55:25Z cache-lax10677 MEWElogs[464521]: CROP, 1626310524866190109, LGB, 12
<134>2021-07-15T00:55:29Z cache-lga21983 MEWElogs[464521]: CROP, 1626310528449382691, LGA, 12
<134>2021-07-15T00:55:34Z cache-osl6529 MEWElogs[464521]: CROP, 1626310533424171119, OSL, 12
<134>2021-07-15T00:55:45Z cache-lga21983 MEWElogs[464521]: CROP, 1626310544759712575, LGA, 12
<134>2021-07-15T00:55:46Z cache-gig17035 MEWElogs[464521]: CROP, 1626310546122244531, GIG, 12
<134>2021-07-15T00:55:59Z cache-ewr18156 MEWElogs[464521]: CROP, 1626310558948737284, EWR, 12
<134>2021-07-15T00:56:12Z cache-yul12826 MEWElogs[464521]: CROP, 1626310571763725290, YUL, 12
<134>2021-07-15T00:56:17Z cache-osl6529 MEWElogs[464521]: CROP, 1626310576127011884, OSL, 12
<134>2021-07-15T00:56:22Z cache-lax10677 MEWElogs[464521]: CROP, 1626310581059747791, LGB, 12
<134>2021-07-15T00:56:32Z cache-yul12826 MEWElogs[464521]: CROP, 1626310591752556816, YUL, 12
<134>2021-07-15T00:57:00Z cache-osl6529 MEWElogs[464521]: CROP, 1626310619150508249, OSL, 12
<134>2021-07-15T00:57:11Z cache-syd10183 MEWElogs[464521]: CROP, 1626310630628108187, SYD, 12
<134>2021-07-15T00:57:17Z cache-lga21983 MEWElogs[464521]: CROP, 1626310637402181853, LGA, 12
<134>2021-07-15T00:57:24Z cache-gru17149 MEWElogs[464521]: CROP, 1626310643606641384, GRU, 12
<134>2021-07-15T00:57:36Z cache-gig17035 MEWElogs[464521]: CROP, 1626310656057295217, GIG, 12
<134>2021-07-15T00:57:54Z cache-ewr18156 MEWElogs[464521]: CROP, 1626310674145726451, EWR, 12
<134>2021-07-15T00:57:58Z cache-jax20933 MEWElogs[464521]: CROP, 1626310677730779262, JAX, 12
<134>2021-07-15T00:58:06Z cache-lga21983 MEWElogs[464521]: CROP, 1626310686581695177, LGA, 12
<134>2021-07-15T00:58:07Z cache-bom4751 MEWElogs[464521]: CROP, 1626310686190031741, BOM, 12
<134>2021-07-15T00:58:13Z cache-stl4834 MEWElogs[464521]: CROP, 1626310692828450033, STL, 12
<134>2021-07-15T00:58:15Z cache-lga21983 MEWElogs[464521]: CROP, 1626310694779558032, LGA, 12
<134>2021-07-15T00:58:16Z cache-jax20933 MEWElogs[464521]: CROP, 1626310695853476486, JAX, 12
<134>2021-07-15T00:58:25Z cache-bom4751 MEWElogs[464521]: CROP, 1626310704242983597, BOM, 12
<134>2021-07-15T00:58:27Z cache-syd10183 MEWElogs[464521]: CROP, 1626310706467070953, SYD, 12
<134>2021-07-15T00:58:30Z cache-gru17149 MEWElogs[464521]: CROP, 1626310709295289194, GRU, 12
<134>2021-07-15T00:58:32Z cache-bom4751 MEWElogs[464521]: CROP, 1626310711861681409, BOM, 12
<134>2021-07-15T00:58:39Z cache-gig17035 MEWElogs[464521]: CROP, 1626310718588025850, GIG, 12
<134>2021-07-15T00:58:46Z cache-cgh11122 MEWElogs[464521]: CROP, 1626310725415178069, CGH, 12
