<134>2021-07-14T16:31:53Z cache-ord1740 MEWElogs[46369]: FLIPH, 1626280312350822194, ORD, 10
<134>2021-07-14T16:31:59Z cache-maa10251 MEWElogs[46369]: FLIPH, 1626280318629727450, MAA, 10
<134>2021-07-14T16:32:15Z cache-cmh21547 MEWElogs[46369]: FLIPH, 1626280334758384491, CMH, -1
<134>2021-07-14T16:32:15Z cache-pdk17882 MEWElogs[46369]: FLIPH, 1626280335318922918, PDK, -1
<134>2021-07-14T16:32:19Z cache-pdk17882 MEWElogs[46369]: FLIPH, 1626280338231738356, PDK, 10
<134>2021-07-14T16:32:23Z cache-mdw17383 MEWElogs[46369]: FLIPH, 1626280342404507947, MDW, 10
<134>2021-07-14T16:32:29Z cache-ord1740 MEWElogs[46369]: FLIPH, 1626280348494879982, ORD, 10
<134>2021-07-14T16:32:35Z cache-bog6425 MEWElogs[46369]: FLIPH, 1626280354513823906, BOG, 10
<134>2021-07-14T16:32:46Z cache-ams21020 MEWElogs[46369]: FLIPH, 1626280365795462141, AMS, -1
<134>2021-07-14T16:32:47Z cache-ord1740 MEWElogs[46369]: FLIPH, 1626280366143002704, ORD, 10
<134>2021-07-14T16:32:58Z cache-maa10251 MEWElogs[46369]: FLIPH, 1626280377260086881, MAA, 10
<134>2021-07-14T16:33:14Z cache-cmh21547 MEWElogs[46369]: FLIPH, 1626280393468834815, CMH, 10
<134>2021-07-14T16:33:19Z cache-ams21020 MEWElogs[46369]: FLIPH, 1626280399519917231, AMS, -1
<134>2021-07-14T16:33:22Z cache-bog6425 MEWElogs[46369]: FLIPH, 1626280401508855095, BOG, -1
<134>2021-07-14T16:33:31Z cache-dca17782 MEWElogs[46369]: FLIPH, 1626280411458154947, DCA, -1
<134>2021-07-14T16:33:36Z cache-cmh21547 MEWElogs[46369]: FLIPH, 1626280415231010978, CMH, 10
<134>2021-07-14T16:33:40Z cache-mdw17383 MEWElogs[46369]: FLIPH, 1626280419878864746, MDW, 10
<134>2021-07-14T16:33:41Z cache-pdk17882 MEWElogs[46369]: FLIPH, 1626280420864727047, PDK, 10
<134>2021-07-14T16:33:48Z cache-wdc5583 MEWElogs[46369]: FLIPH, 1626280428582004421, WDC, 10
<134>2021-07-14T16:33:50Z cache-pdk17882 MEWElogs[46369]: FLIPH, 1626280429873242435, PDK, 10
<134>2021-07-14T16:33:56Z cache-maa10251 MEWElogs[46369]: FLIPH, 1626280436438313138, MAA, 10
<134>2021-07-14T16:34:02Z cache-ams21020 MEWElogs[46369]: FLIPH, 1626280442305728882, AMS, -1
<134>2021-07-14T16:34:16Z cache-eze19324 MEWElogs[46369]: FLIPH, 1626280455886358885, EZE, -1
<134>2021-07-14T16:34:18Z cache-ord1740 MEWElogs[46369]: FLIPH, 1626280457630212704, ORD, 10
<134>2021-07-14T16:34:23Z cache-ord1740 MEWElogs[46369]: FLIPH, 1626280463821416266, ORD, -1
<134>2021-07-14T16:34:27Z cache-wdc5583 MEWElogs[46369]: FLIPH, 1626280467513907391, WDC, -1
<134>2021-07-14T16:34:28Z cache-ams21020 MEWElogs[46369]: FLIPH, 1626280468087167462, AMS, -1
<134>2021-07-14T16:34:36Z cache-mdw17383 MEWElogs[46369]: FLIPH, 1626280475780150046, MDW, 10
<134>2021-07-14T16:34:46Z cache-maa10251 MEWElogs[46369]: FLIPH, 1626280485957884086, MAA, 10
<134>2021-07-14T16:34:50Z cache-dca17782 MEWElogs[46369]: FLIPH, 1626280490144587336, DCA, 10
<134>2021-07-14T16:35:20Z cache-ams21020 MEWElogs[46369]: FLIPH, 1626280519342593022, AMS, -1
<134>2021-07-14T16:35:27Z cache-eze19324 MEWElogs[46369]: FLIPH, 1626280527099332523, EZE, -1
<134>2021-07-14T16:35:43Z cache-cmh21547 MEWElogs[46369]: FLIPH, 1626280542467118849, CMH, -1
<134>2021-07-14T16:35:58Z cache-bog6425 MEWElogs[46369]: FLIPH, 1626280557855994872, BOG, -1
<134>2021-07-14T16:36:01Z cache-wdc5583 MEWElogs[46369]: FLIPH, 1626280560613424714, WDC, -1
<134>2021-07-14T16:36:05Z cache-ams21020 MEWElogs[46369]: FLIPH, 1626280564905915886, AMS, 10
<134>2021-07-14T16:36:11Z cache-wdc5583 MEWElogs[46369]: FLIPH, 1626280570512168767, WDC, -1
<134>2021-07-14T16:36:14Z cache-eze19324 MEWElogs[46369]: FLIPH, 1626280573783470994, EZE, -1
<134>2021-07-14T16:36:25Z cache-maa10251 MEWElogs[46369]: FLIPH, 1626280585102373160, MAA, 10
<134>2021-07-14T16:36:32Z cache-ord1740 MEWElogs[46369]: FLIPH, 1626280591916049006, ORD, -1
<134>2021-07-14T16:36:32Z cache-maa10251 MEWElogs[46369]: FLIPH, 1626280592111707763, MAA, -1
<134>2021-07-14T16:36:41Z cache-ord1740 MEWElogs[46369]: FLIPH, 1626280600984517337, ORD, -1
<134>2021-07-14T16:36:50Z cache-dca17782 MEWElogs[46369]: FLIPH, 1626280609996089642, DCA, -1
<134>2021-07-14T16:37:36Z cache-ams21020 MEWElogs[46369]: FLIPH, 1626280656494279012, AMS, -1
<134>2021-07-14T16:37:49Z cache-bog6425 MEWElogs[46369]: FLIPH, 1626280668723400772, BOG, 10
<134>2021-07-14T16:38:05Z cache-cmh21547 MEWElogs[46369]: FLIPH, 1626280684510395851, CMH, -1
<134>2021-07-14T16:38:11Z cache-maa10251 MEWElogs[46369]: FLIPH, 1626280690000884743, MAA, -1
<134>2021-07-14T16:38:12Z cache-ord1740 MEWElogs[46369]: FLIPH, 1626280691978704486, ORD, -1
<134>2021-07-14T16:38:13Z cache-mdw17383 MEWElogs[46369]: FLIPH, 1626280693091496693, MDW, -1
<134>2021-07-14T16:38:17Z cache-mdw17383 MEWElogs[46369]: FLIPH, 1626280696524797565, MDW, 10
<134>2021-07-14T16:38:35Z cache-bog6425 MEWElogs[46369]: FLIPH, 1626280714671074667, BOG, -1
<134>2021-07-14T16:38:36Z cache-wdc5583 MEWElogs[46369]: FLIPH, 1626280715194643837, WDC, -1
<134>2021-07-14T16:39:12Z cache-mdw17383 MEWElogs[46369]: FLIPH, 1626280752003928083, MDW, 10
<134>2021-07-14T16:39:33Z cache-ord1740 MEWElogs[46369]: FLIPH, 1626280773407085717, ORD, -1
<134>2021-07-14T16:39:36Z cache-cmh21547 MEWElogs[46369]: FLIPH, 1626280775814018607, CMH, 10
<134>2021-07-14T16:39:38Z cache-ams21020 MEWElogs[46369]: FLIPH, 1626280777271515226, AMS, -1
<134>2021-07-14T16:40:18Z cache-ord1740 MEWElogs[46369]: FLIPH, 1626280818647431687, ORD, -1
<134>2021-07-14T16:40:21Z cache-pdk17882 MEWElogs[46369]: FLIPH, 1626280820721500606, PDK, 10
<134>2021-07-14T16:40:26Z cache-dca17782 MEWElogs[46369]: FLIPH, 1626280825946704134, DCA, -1
<134>2021-07-14T16:40:40Z cache-ord1740 MEWElogs[46369]: FLIPH, 1626280839478654708, ORD, 10
<134>2021-07-14T16:40:48Z cache-dca17782 MEWElogs[46369]: FLIPH, 1626280847889645890, DCA, 10
<134>2021-07-14T16:40:49Z cache-cmh21547 MEWElogs[46369]: FLIPH, 1626280848003872941, CMH, -1
<134>2021-07-14T16:40:56Z cache-maa10251 MEWElogs[46369]: FLIPH, 1626280856165638949, MAA, -1
<134>2021-07-14T16:41:00Z cache-eze19324 MEWElogs[46369]: FLIPH, 1626280859359438725, EZE, 10
<134>2021-07-14T16:41:28Z cache-wdc5583 MEWElogs[46369]: FLIPH, 1626280888377544454, WDC, 10
<134>2021-07-14T16:41:32Z cache-eze19324 MEWElogs[46369]: FLIPH, 1626280891409856034, EZE, -1
<134>2021-07-14T16:41:36Z cache-mdw17383 MEWElogs[46369]: FLIPH, 1626280895121622346, MDW, 10
<134>2021-07-14T16:41:49Z cache-dca17782 MEWElogs[46369]: FLIPH, 1626280909756864759, DCA, -1
