<134>2021-07-15T06:09:09Z cache-mdw17383 MEWElogs[382896]: UNSH, 1626329348807540920, MDW, 16
<134>2021-07-15T06:09:10Z cache-eze19324 MEWElogs[382896]: UNSH, 1626329349283634981, EZE, 16
<134>2021-07-15T06:09:18Z cache-ams21020 MEWElogs[382896]: UNSH, 1626329357105470095, AMS, 16
<134>2021-07-15T06:09:19Z cache-dca17782 MEWElogs[382896]: UNSH, 1626329358506849174, DCA, 16
<134>2021-07-15T06:09:28Z cache-ord1740 MEWElogs[382896]: UNSH, 1626329367967562423, ORD, 16
<134>2021-07-15T06:09:29Z cache-maa10251 MEWElogs[382896]: UNSH, 1626329368824351853, MAA, 16
<134>2021-07-15T06:09:32Z cache-cmh21547 MEWElogs[382896]: UNSH, 1626329372225594349, CMH, 16
<134>2021-07-15T06:09:35Z cache-ams21020 MEWElogs[382896]: UNSH, 1626329374133350332, AMS, 16
<134>2021-07-15T06:09:37Z cache-pdk17882 MEWElogs[382896]: UNSH, 1626329376298194799, PDK, 16
<134>2021-07-15T06:09:41Z cache-wdc5583 MEWElogs[382896]: UNSH, 1626329380066643573, WDC, 16
<134>2021-07-15T06:09:49Z cache-maa10251 MEWElogs[382896]: UNSH, 1626329388836718465, MAA, 16
<134>2021-07-15T06:09:58Z cache-maa10251 MEWElogs[382896]: UNSH, 1626329398490211429, MAA, 16
<134>2021-07-15T06:10:26Z cache-ams21020 MEWElogs[382896]: UNSH, 1626329425246834280, AMS, 16
<134>2021-07-15T06:10:55Z cache-dca17782 MEWElogs[382896]: UNSH, 1626329454572999531, DCA, 16
<134>2021-07-15T06:11:17Z cache-bog6425 MEWElogs[382896]: UNSH, 1626329476019582470, BOG, 16
<134>2021-07-15T06:11:25Z cache-wdc5583 MEWElogs[382896]: UNSH, 1626329484502579472, WDC, 16
<134>2021-07-15T06:12:06Z cache-maa10251 MEWElogs[382896]: UNSH, 1626329526072815992, MAA, 16
<134>2021-07-15T06:12:14Z cache-ord1740 MEWElogs[382896]: UNSH, 1626329533142307727, ORD, 16
<134>2021-07-15T06:12:26Z cache-maa10251 MEWElogs[382896]: UNSH, 1626329545864312563, MAA, 16
<134>2021-07-15T06:12:30Z cache-cmh21547 MEWElogs[382896]: UNSH, 1626329549062272379, CMH, 16
<134>2021-07-15T06:12:56Z cache-bog6425 MEWElogs[382896]: UNSH, 1626329575358651845, BOG, 16
<134>2021-07-15T06:13:10Z cache-dca17782 MEWElogs[382896]: UNSH, 1626329589541239496, DCA, 16
<134>2021-07-15T06:13:22Z cache-ord1740 MEWElogs[382896]: UNSH, 1626329601370912802, ORD, 16
<134>2021-07-15T06:13:31Z cache-wdc5583 MEWElogs[382896]: UNSH, 1626329610324838151, WDC, 16
<134>2021-07-15T06:13:41Z cache-ord1740 MEWElogs[382896]: UNSH, 1626329620749472277, ORD, 16
<134>2021-07-15T06:13:51Z cache-ord1740 MEWElogs[382896]: UNSH, 1626329630467984150, ORD, 16
<134>2021-07-15T06:14:29Z cache-ord1740 MEWElogs[382896]: UNSH, 1626329668867481231, ORD, 16
<134>2021-07-15T06:14:42Z cache-mdw17383 MEWElogs[382896]: UNSH, 1626329681465121868, MDW, 16
<134>2021-07-15T06:14:53Z cache-mdw17383 MEWElogs[382896]: UNSH, 1626329692841021025, MDW, 16
<134>2021-07-15T06:15:33Z cache-bog6425 MEWElogs[382896]: UNSH, 1626329732488423093, BOG, 16
<134>2021-07-15T06:15:50Z cache-cph20625 MEWElogs[382896]: UNSH, 1626329749389969213, CPH, 16
<134>2021-07-15T06:15:53Z cache-maa10251 MEWElogs[382896]: UNSH, 1626329752868497350, MAA, 16
<134>2021-07-15T06:16:42Z cache-cph20625 MEWElogs[382896]: UNSH, 1626329801637871456, CPH, 16
<134>2021-07-15T06:16:45Z cache-mdw17383 MEWElogs[382896]: UNSH, 1626329804017078552, MDW, 16
<134>2021-07-15T06:16:48Z cache-ams21020 MEWElogs[382896]: UNSH, 1626329807949746616, AMS, 16
<134>2021-07-15T06:16:53Z cache-maa10251 MEWElogs[382896]: UNSH, 1626329812050664258, MAA, 16
<134>2021-07-15T06:16:55Z cache-mdw17383 MEWElogs[382896]: UNSH, 1626329815102687234, MDW, 16
<134>2021-07-15T06:16:56Z cache-cmh21547 MEWElogs[382896]: UNSH, 1626329815057962848, CMH, 16
<134>2021-07-15T06:17:12Z cache-maa10251 MEWElogs[382896]: UNSH, 1626329831435681096, MAA, 16
<134>2021-07-15T06:17:21Z cache-bog6425 MEWElogs[382896]: UNSH, 1626329840409046503, BOG, 16
<134>2021-07-15T06:17:30Z cache-wdc5583 MEWElogs[382896]: UNSH, 1626329849426292490, WDC, 16
<134>2021-07-15T06:17:38Z cache-dca17782 MEWElogs[382896]: UNSH, 1626329857634126212, DCA, 16
<134>2021-07-15T06:18:13Z cache-cmh21547 MEWElogs[382896]: UNSH, 1626329892183022531, CMH, 16
<134>2021-07-15T06:18:31Z cache-maa10251 MEWElogs[382896]: UNSH, 1626329910305915170, MAA, 16
<134>2021-07-15T06:18:36Z cache-dca17782 MEWElogs[382896]: UNSH, 1626329915983562658, DCA, 16
<134>2021-07-15T06:18:50Z cache-pdk17882 MEWElogs[382896]: UNSH, 1626329929929262595, PDK, 16
