<134>2021-07-15T00:28:45Z cache-wdc5583 MEWElogs[39982]: CROP, 1626308924701887682, WDC, 12
<134>2021-07-15T00:29:12Z cache-ord1740 MEWElogs[39982]: CROP, 1626308951524464230, ORD, 12
<134>2021-07-15T00:29:22Z cache-ams21020 MEWElogs[39982]: CROP, 1626308961583604467, AMS, 12
<134>2021-07-15T00:29:24Z cache-wdc5583 MEWElogs[39982]: CROP, 1626308963482945799, WDC, 12
<134>2021-07-15T00:29:26Z cache-ord1740 MEWElogs[39982]: CROP, 1626308965440086034, ORD, 12
<134>2021-07-15T00:29:31Z cache-pdk17882 MEWElogs[39982]: CROP, 1626308970476252382, PDK, 12
<134>2021-07-15T00:29:37Z cache-maa10251 MEWElogs[39982]: CROP, 1626308976249359662, MAA, 12
<134>2021-07-15T00:29:44Z cache-dca17782 MEWElogs[39982]: CROP, 1626308984113273455, DCA, 12
<134>2021-07-15T00:29:59Z cache-ams21020 MEWElogs[39982]: CROP, 1626308998054081744, AMS, 12
<134>2021-07-15T00:30:09Z cache-ams21020 MEWElogs[39982]: CROP, 1626309009139330701, AMS, 12
<134>2021-07-15T00:30:33Z cache-pdk17882 MEWElogs[39982]: CROP, 1626309032003491612, PDK, 12
<134>2021-07-15T00:30:49Z cache-ams21020 MEWElogs[39982]: CROP, 1626309048325681815, AMS, 12
<134>2021-07-15T00:31:10Z cache-mdw17383 MEWElogs[39982]: CROP, 1626309070065972427, MDW, 12
<134>2021-07-15T00:31:12Z cache-ord1740 MEWElogs[39982]: CROP, 1626309071158400827, ORD, 12
<134>2021-07-15T00:31:15Z cache-dca17782 MEWElogs[39982]: CROP, 1626309074759523095, DCA, 12
<134>2021-07-15T00:31:19Z cache-wdc5583 MEWElogs[39982]: CROP, 1626309079518256304, WDC, 12
<134>2021-07-15T00:31:24Z cache-mdw17383 MEWElogs[39982]: CROP, 1626309083953302702, MDW, 12
<134>2021-07-15T00:31:46Z cache-mdw17383 MEWElogs[39982]: CROP, 1626309106282836451, MDW, 12
<134>2021-07-15T00:31:51Z cache-cmh21547 MEWElogs[39982]: CROP, 1626309111113511116, CMH, 12
<134>2021-07-15T00:31:53Z cache-ams21020 MEWElogs[39982]: CROP, 1626309113530702483, AMS, 12
<134>2021-07-15T00:31:59Z cache-pdk17882 MEWElogs[39982]: CROP, 1626309119336895619, PDK, 12
<134>2021-07-15T00:32:01Z cache-cmh21547 MEWElogs[39982]: CROP, 1626309121541326115, CMH, 12
<134>2021-07-15T00:32:08Z cache-maa10251 MEWElogs[39982]: CROP, 1626309127951420104, MAA, 12
<134>2021-07-15T00:32:20Z cache-wdc5583 MEWElogs[39982]: CROP, 1626309139791760585, WDC, 12
<134>2021-07-15T00:32:23Z cache-cmh21547 MEWElogs[39982]: CROP, 1626309142920851966, CMH, 12
<134>2021-07-15T00:32:33Z cache-pdk17882 MEWElogs[39982]: CROP, 1626309152158493628, PDK, 12
<134>2021-07-15T00:32:42Z cache-dca17782 MEWElogs[39982]: CROP, 1626309161479465334, DCA, 12
<134>2021-07-15T00:32:44Z cache-bog6425 MEWElogs[39982]: CROP, 1626309163773944425, BOG, 12
<134>2021-07-15T00:32:56Z cache-bog6425 MEWElogs[39982]: CROP, 1626309176397259916, BOG, 12
<134>2021-07-15T00:33:11Z cache-dca17782 MEWElogs[39982]: CROP, 1626309190952787765, DCA, 12
<134>2021-07-15T00:33:15Z cache-pdk17882 MEWElogs[39982]: CROP, 1626309195704663414, PDK, 12
<134>2021-07-15T00:33:26Z cache-dca17782 MEWElogs[39982]: CROP, 1626309205870860868, DCA, 12
<134>2021-07-15T00:33:41Z cache-cph20625 MEWElogs[39982]: CROP, 1626309219972086136, CPH, 12
<134>2021-07-15T00:33:47Z cache-bog6425 MEWElogs[39982]: CROP, 1626309226529090522, BOG, 12
<134>2021-07-15T00:33:48Z cache-pdk17882 MEWElogs[39982]: CROP, 1626309228354686904, PDK, 12
<134>2021-07-15T00:33:53Z cache-ord1740 MEWElogs[39982]: CROP, 1626309232845720734, ORD, 12
<134>2021-07-15T00:34:07Z cache-ord1740 MEWElogs[39982]: CROP, 1626309246815761172, ORD, 12
<134>2021-07-15T00:34:31Z cache-mdw17383 MEWElogs[39982]: CROP, 1626309270848809971, MDW, 12
<134>2021-07-15T00:34:37Z cache-bog6425 MEWElogs[39982]: CROP, 1626309277575416296, BOG, 12
<134>2021-07-15T00:34:59Z cache-fty21383 MEWElogs[39982]: CROP, 1626309298229475302, FTY, 12
<134>2021-07-15T00:34:59Z cache-bog6425 MEWElogs[39982]: CROP, 1626309298738998682, BOG, 12
<134>2021-07-15T00:35:04Z cache-cph20625 MEWElogs[39982]: CROP, 1626309303484843619, CPH, 12
<134>2021-07-15T00:35:22Z cache-fty21383 MEWElogs[39982]: CROP, 1626309321344173711, FTY, 12
<134>2021-07-15T00:35:23Z cache-dfw18678 MEWElogs[39982]: CROP, 1626309323935792440, DFW, 12
<134>2021-07-15T00:35:35Z cache-cph20625 MEWElogs[39982]: CROP, 1626309333999519214, CPH, 12
<134>2021-07-15T00:35:43Z cache-cph20625 MEWElogs[39982]: CROP, 1626309342756091671, CPH, 12
<134>2021-07-15T00:35:44Z cache-chi21126 MEWElogs[39982]: CROP, 1626309344697469818, CHI, 12
<134>2021-07-15T00:35:48Z cache-cph20625 MEWElogs[39982]: CROP, 1626309347063685383, CPH, 12
<134>2021-07-15T00:35:56Z cache-cph20625 MEWElogs[39982]: CROP, 1626309355590065762, CPH, 12
<134>2021-07-15T00:35:57Z cache-eze19324 MEWElogs[39982]: CROP, 1626309356385370523, EZE, 12
<134>2021-07-15T00:36:19Z cache-del21735 MEWElogs[39982]: CROP, 1626309378850442052, DEL, 12
<134>2021-07-15T00:36:23Z cache-del21735 MEWElogs[39982]: CROP, 1626309382567947460, DEL, 12
<134>2021-07-15T00:36:45Z cache-cph20625 MEWElogs[39982]: CROP, 1626309403949486661, CPH, 12
<134>2021-07-15T00:36:51Z cache-pwk4920 MEWElogs[39982]: CROP, 1626309411585878249, PWK, 12
<134>2021-07-15T00:36:57Z cache-chi21126 MEWElogs[39982]: CROP, 1626309417198545970, CHI, 12
<134>2021-07-15T00:37:14Z cache-eze19324 MEWElogs[39982]: CROP, 1626309433015782567, EZE, 12
<134>2021-07-15T00:37:14Z cache-dfw18678 MEWElogs[39982]: CROP, 1626309433833914809, DFW, 12
<134>2021-07-15T00:37:15Z cache-cmh21547 MEWElogs[39982]: CROP, 1626309434914743514, CMH, 12
<134>2021-07-15T00:37:19Z cache-del21735 MEWElogs[39982]: CROP, 1626309438702599646, DEL, 12
<134>2021-07-15T00:37:33Z cache-bos4657 MEWElogs[39982]: CROP, 1626309452823626830, BOS, 12
<134>2021-07-15T00:37:43Z cache-pwk4920 MEWElogs[39982]: CROP, 1626309462810317065, PWK, 12
<134>2021-07-15T00:37:49Z cache-chi21126 MEWElogs[39982]: CROP, 1626309468569055528, CHI, 12
<134>2021-07-15T00:37:52Z cache-fty21383 MEWElogs[39982]: CROP, 1626309471688783745, FTY, 12
<134>2021-07-15T00:37:56Z cache-akl10324 MEWElogs[39982]: CROP, 1626309476055047565, AKL, 12
<134>2021-07-15T00:38:00Z cache-del21735 MEWElogs[39982]: CROP, 1626309479141103015, DEL, 12
<134>2021-07-15T00:38:02Z cache-fty21383 MEWElogs[39982]: CROP, 1626309481537324141, FTY, 12
<134>2021-07-15T00:38:04Z cache-dub4329 MEWElogs[39982]: CROP, 1626309483112030581, DUB, 12
<134>2021-07-15T00:38:05Z cache-akl10324 MEWElogs[39982]: CROP, 1626309485250196108, AKL, 12
<134>2021-07-15T00:38:14Z cache-del21735 MEWElogs[39982]: CROP, 1626309493802153370, DEL, 12
<134>2021-07-15T00:38:15Z cache-fty21383 MEWElogs[39982]: CROP, 1626309494739405950, FTY, 12
<134>2021-07-15T00:38:29Z cache-cph20625 MEWElogs[39982]: CROP, 1626309508329916121, CPH, 12
<134>2021-07-15T00:38:31Z cache-chi21126 MEWElogs[39982]: CROP, 1626309510435675841, CHI, 12
