<134>2021-07-15T04:16:46Z cache-ams21020 MEWElogs[400146]: ROTATE, 1626322605465431170, AMS, 15
<134>2021-07-15T04:17:21Z cache-maa10251 MEWElogs[400146]: ROTATE, 1626322640621196135, MAA, 15
<134>2021-07-15T04:18:11Z cache-ams21020 MEWElogs[400146]: ROTATE, 1626322690139348541, AMS, 15
<134>2021-07-15T04:18:35Z cache-maa10251 MEWElogs[400146]: ROTATE, 1626322714621302574, MAA, 15
<134>2021-07-15T04:18:58Z cache-mdw17383 MEWElogs[400146]: ROTATE, 1626322737869464570, MDW, 15
<134>2021-07-15T04:19:24Z cache-dca17782 MEWElogs[400146]: ROTATE, 1626322763860315504, DCA, 15
<134>2021-07-15T04:19:33Z cache-dca17782 MEWElogs[400146]: ROTATE, 1626322773271780473, DCA, 15
<134>2021-07-15T04:19:36Z cache-cph20625 MEWElogs[400146]: ROTATE, 1626322775810503718, CPH, 15
<134>2021-07-15T04:19:41Z cache-mdw17383 MEWElogs[400146]: ROTATE, 1626322781155914770, MDW, 15
<134>2021-07-15T04:20:18Z cache-maa10251 MEWElogs[400146]: ROTATE, 1626322817420320897, MAA, 15
<134>2021-07-15T04:20:35Z cache-pdk17882 MEWElogs[400146]: ROTATE, 1626322834128605803, PDK, 15
<134>2021-07-15T04:20:40Z cache-wdc5583 MEWElogs[400146]: ROTATE, 1626322839918769598, WDC, 15
<134>2021-07-15T04:21:28Z cache-cph20625 MEWElogs[400146]: ROTATE, 1626322887922703732, CPH, 15
<134>2021-07-15T04:21:30Z cache-mdw17383 MEWElogs[400146]: ROTATE, 1626322890039086808, MDW, 15
<134>2021-07-15T04:21:59Z cache-eze19324 MEWElogs[400146]: ROTATE, 1626322919155264993, EZE, 15
<134>2021-07-15T04:22:06Z cache-fty21383 MEWElogs[400146]: ROTATE, 1626322925186305759, FTY, 15
<134>2021-07-15T04:22:15Z cache-dfw18678 MEWElogs[400146]: ROTATE, 1626322934140258907, DFW, 15
<134>2021-07-15T04:22:23Z cache-fty21383 MEWElogs[400146]: ROTATE, 1626322942619260055, FTY, 15
<134>2021-07-15T04:22:31Z cache-akl10324 MEWElogs[400146]: ROTATE, 1626322951057238742, AKL, 15
<134>2021-07-15T04:22:40Z cache-fty21383 MEWElogs[400146]: ROTATE, 1626322959438292865, FTY, 15
<134>2021-07-15T04:22:45Z cache-chi21126 MEWElogs[400146]: ROTATE, 1626322964677663552, CHI, 15
<134>2021-07-15T04:22:53Z cache-akl10324 MEWElogs[400146]: ROTATE, 1626322972467853089, AKL, 15
<134>2021-07-15T04:22:55Z cache-del21735 MEWElogs[400146]: ROTATE, 1626322974497882322, DEL, 15
<134>2021-07-15T04:23:21Z cache-bos4657 MEWElogs[400146]: ROTATE, 1626323000602033717, BOS, 15
<134>2021-07-15T04:23:31Z cache-wdc5583 MEWElogs[400146]: ROTATE, 1626323010802411762, WDC, 15
<134>2021-07-15T04:23:35Z cache-cwb20520 MEWElogs[400146]: ROTATE, 1626323014013650332, CWB, 15
<134>2021-07-15T04:23:36Z cache-chi21126 MEWElogs[400146]: ROTATE, 1626323016590390021, CHI, 15
<134>2021-07-15T04:23:51Z cache-eze19324 MEWElogs[400146]: ROTATE, 1626323031641617952, EZE, 15
<134>2021-07-15T04:24:06Z cache-akl10324 MEWElogs[400146]: ROTATE, 1626323045219923687, AKL, 15
<134>2021-07-15T04:24:12Z cache-fty21383 MEWElogs[400146]: ROTATE, 1626323051676486905, FTY, 15
<134>2021-07-15T04:24:58Z cache-akl10324 MEWElogs[400146]: ROTATE, 1626323097581251672, AKL, 15
<134>2021-07-15T04:25:02Z cache-del21735 MEWElogs[400146]: ROTATE, 1626323101404518007, DEL, 15
<134>2021-07-15T04:25:04Z cache-cwb20520 MEWElogs[400146]: ROTATE, 1626323103694094099, CWB, 15
<134>2021-07-15T04:25:10Z cache-del21735 MEWElogs[400146]: ROTATE, 1626323110490836172, DEL, 15
<134>2021-07-15T04:25:39Z cache-bos4657 MEWElogs[400146]: ROTATE, 1626323138415618342, BOS, 15
<134>2021-07-15T04:25:39Z cache-dub4329 MEWElogs[400146]: ROTATE, 1626323138875954900, DUB, 15
<134>2021-07-15T04:26:03Z cache-dub4329 MEWElogs[400146]: ROTATE, 1626323162119246783, DUB, 15
<134>2021-07-15T04:26:25Z cache-bos4657 MEWElogs[400146]: ROTATE, 1626323184754214134, BOS, 15
<134>2021-07-15T04:26:43Z cache-fty21383 MEWElogs[400146]: ROTATE, 1626323202931453043, FTY, 15
