<134>2021-07-15T04:26:58Z cache-pwk4920 MEWElogs[355776]: ROTATE, 1626323217589935419, PWK, 15
<134>2021-07-15T04:27:09Z cache-del21735 MEWElogs[355776]: ROTATE, 1626323228317481309, DEL, 15
<134>2021-07-15T04:27:21Z cache-bos4657 MEWElogs[355776]: ROTATE, 1626323240898633984, BOS, 15
<134>2021-07-15T04:27:28Z cache-pwk4920 MEWElogs[355776]: ROTATE, 1626323248150908054, PWK, 15
<134>2021-07-15T04:27:51Z cache-hhn4077 MEWElogs[355776]: ROTATE, 1626323271435856424, HHN, 15
<134>2021-07-15T04:27:54Z cache-cwb20520 MEWElogs[355776]: ROTATE, 1626323273801524811, CWB, 15
<134>2021-07-15T04:27:58Z cache-akl10324 MEWElogs[355776]: ROTATE, 1626323278161022965, AKL, 15
<134>2021-07-15T04:28:07Z cache-fty21383 MEWElogs[355776]: ROTATE, 1626323286916965782, FTY, 15
<134>2021-07-15T04:28:24Z cache-fty21383 MEWElogs[355776]: ROTATE, 1626323303727416304, FTY, 15
<134>2021-07-15T04:28:28Z cache-chi21126 MEWElogs[355776]: ROTATE, 1626323307571909331, CHI, 15
<134>2021-07-15T04:28:39Z cache-pwk4920 MEWElogs[355776]: ROTATE, 1626323319265367356, PWK, 15
<134>2021-07-15T04:29:02Z cache-dub4329 MEWElogs[355776]: ROTATE, 1626323341017123788, DUB, 15
<134>2021-07-15T04:29:33Z cache-dfw18678 MEWElogs[355776]: ROTATE, 1626323372979225864, DFW, 15
<134>2021-07-15T04:30:24Z cache-cwb20520 MEWElogs[355776]: ROTATE, 1626323423273515327, CWB, 15
<134>2021-07-15T04:30:34Z cache-cwb20520 MEWElogs[355776]: ROTATE, 1626323433234809021, CWB, 15
<134>2021-07-15T04:30:51Z cache-hhn4077 MEWElogs[355776]: ROTATE, 1626323450875076756, HHN, 15
<134>2021-07-15T04:31:16Z cache-hhn4077 MEWElogs[355776]: ROTATE, 1626323475795466420, HHN, 15
<134>2021-07-15T04:31:44Z cache-dub4329 MEWElogs[355776]: ROTATE, 1626323504253612354, DUB, 15
<134>2021-07-15T04:32:18Z cache-fty21383 MEWElogs[355776]: ROTATE, 1626323537697566454, FTY, 15
<134>2021-07-15T04:32:46Z cache-del21735 MEWElogs[355776]: ROTATE, 1626323565618287326, DEL, 15
<134>2021-07-15T04:33:00Z cache-fty21383 MEWElogs[355776]: ROTATE, 1626323579441517515, FTY, 15
<134>2021-07-15T04:33:17Z cache-fty21383 MEWElogs[355776]: ROTATE, 1626323596097030421, FTY, 15
<134>2021-07-15T04:33:19Z cache-bos4657 MEWElogs[355776]: ROTATE, 1626323598900473885, BOS, 15
<134>2021-07-15T04:33:22Z cache-cwb20520 MEWElogs[355776]: ROTATE, 1626323601641217732, CWB, 15
<134>2021-07-15T04:33:34Z cache-dub4329 MEWElogs[355776]: ROTATE, 1626323613178650744, DUB, 15
<134>2021-07-15T04:33:37Z cache-hhn4077 MEWElogs[355776]: ROTATE, 1626323617358626041, HHN, 15
<134>2021-07-15T04:33:37Z cache-akl10324 MEWElogs[355776]: ROTATE, 1626323616911059166, AKL, 15
<134>2021-07-15T04:34:13Z cache-pwk4920 MEWElogs[355776]: ROTATE, 1626323652956635119, PWK, 15
<134>2021-07-15T04:34:20Z cache-dub4329 MEWElogs[355776]: ROTATE, 1626323659680822579, DUB, 15
<134>2021-07-15T04:34:33Z cache-bos4657 MEWElogs[355776]: ROTATE, 1626323672153647084, BOS, 15
<134>2021-07-15T04:35:01Z cache-cwb20520 MEWElogs[355776]: ROTATE, 1626323701000536339, CWB, 15
<134>2021-07-15T04:35:18Z cache-dfw18678 MEWElogs[355776]: ROTATE, 1626323718340162559, DFW, 15
<134>2021-07-15T04:35:25Z cache-hhn4077 MEWElogs[355776]: ROTATE, 1626323725704656474, HHN, 15
<134>2021-07-15T04:35:51Z cache-hhn4077 MEWElogs[355776]: ROTATE, 1626323750814468385, HHN, 15
<134>2021-07-15T04:36:05Z cache-hel6829 MEWElogs[355776]: ROTATE, 1626323764312586600, HEL, 15
<134>2021-07-15T04:36:10Z cache-cwb20520 MEWElogs[355776]: ROTATE, 1626323769773223175, CWB, 15
<134>2021-07-15T04:36:26Z cache-dfw18678 MEWElogs[355776]: ROTATE, 1626323785471325109, DFW, 15
<134>2021-07-15T04:36:30Z cache-cwb20520 MEWElogs[355776]: ROTATE, 1626323789424779683, CWB, 15
<134>2021-07-15T04:36:38Z cache-akl10324 MEWElogs[355776]: ROTATE, 1626323797638216991, AKL, 15
<134>2021-07-15T04:36:41Z cache-hhn4077 MEWElogs[355776]: ROTATE, 1626323800845199888, HHN, 15
<134>2021-07-15T04:36:55Z cache-dub4329 MEWElogs[355776]: ROTATE, 1626323814307584275, DUB, 15
