<134>2021-07-15T07:46:29Z cache-lax10677 MEWElogs[320228]: UNSH, 1626335188893386948, LGB, 16
<134>2021-07-15T07:46:32Z cache-osl6529 MEWElogs[320228]: UNSH, 1626335191318356750, OSL, 16
<134>2021-07-15T07:46:32Z cache-lga21983 MEWElogs[320228]: UNSH, 1626335191597201465, LGA, 16
<134>2021-07-15T07:46:33Z cache-mel11272 MEWElogs[320228]: UNSH, 1626335192020847347, MEL, 16
<134>2021-07-15T07:46:41Z cache-osl6529 MEWElogs[320228]: UNSH, 1626335200063997552, OSL, 16
<134>2021-07-15T07:47:00Z cache-man4150 MEWElogs[320228]: UNSH, 1626335219572169975, MAN, 16
<134>2021-07-15T07:47:12Z cache-cdg20720 MEWElogs[320228]: UNSH, 1626335231762519965, CDG, 16
<134>2021-07-15T07:47:29Z cache-mel11272 MEWElogs[320228]: UNSH, 1626335249561520427, MEL, 16
<134>2021-07-15T07:48:04Z cache-mel11272 MEWElogs[320228]: UNSH, 1626335283352363338, MEL, 16
<134>2021-07-15T07:48:06Z cache-cdg20720 MEWElogs[320228]: UNSH, 1626335285406698195, CDG, 16
<134>2021-07-15T07:48:13Z cache-gig17035 MEWElogs[320228]: UNSH, 1626335292950754335, GIG, 16
<134>2021-07-15T07:48:24Z cache-ewr18156 MEWElogs[320228]: UNSH, 1626335303938100463, EWR, 16
<134>2021-07-15T07:48:25Z cache-lax10677 MEWElogs[320228]: UNSH, 1626335304569668148, LGB, 16
<134>2021-07-15T07:49:31Z cache-bom4751 MEWElogs[320228]: UNSH, 1626335371411508764, BOM, 16
<134>2021-07-15T07:50:16Z cache-gru17149 MEWElogs[320228]: UNSH, 1626335415679134402, GRU, 16
<134>2021-07-15T07:50:26Z cache-cdg20720 MEWElogs[320228]: UNSH, 1626335425718037926, CDG, 16
<134>2021-07-15T07:51:03Z cache-lax10677 MEWElogs[320228]: UNSH, 1626335462895637067, LGB, 16
<134>2021-07-15T07:51:46Z cache-pao17461 MEWElogs[320228]: UNSH, 1626335505968315515, PAO, 16
<134>2021-07-15T07:52:53Z cache-syd10183 MEWElogs[320228]: UNSH, 1626335572494810156, SYD, 16
<134>2021-07-15T07:53:38Z cache-syd10183 MEWElogs[320228]: UNSH, 1626335618360286385, SYD, 16
<134>2021-07-15T07:56:11Z cache-syd10183 MEWElogs[320228]: UNSH, 1626335770552444373, SYD, 16
