<134>2021-07-15T01:21:40Z cache-maa10251 MEWElogs[390968]: GRAY, 1626312099128343057, MAA, 13
<134>2021-07-15T01:21:45Z cache-ord1740 MEWElogs[390968]: GRAY, 1626312104154917394, ORD, 13
<134>2021-07-15T01:22:04Z cache-mdw17383 MEWElogs[390968]: GRAY, 1626312124012770269, MDW, 13
<134>2021-07-15T01:22:11Z cache-mdw17383 MEWElogs[390968]: GRAY, 1626312131252965395, MDW, 13
<134>2021-07-15T01:22:22Z cache-wdc5583 MEWElogs[390968]: GRAY, 1626312142518242107, WDC, 13
<134>2021-07-15T01:22:25Z cache-ord1740 MEWElogs[390968]: GRAY, 1626312144027473562, ORD, 13
<134>2021-07-15T01:22:40Z cache-bog6425 MEWElogs[390968]: GRAY, 1626312159992627115, BOG, 13
<134>2021-07-15T01:22:52Z cache-pdk17882 MEWElogs[390968]: GRAY, 1626312171308225879, PDK, 13
<134>2021-07-15T01:23:26Z cache-maa10251 MEWElogs[390968]: GRAY, 1626312205446765563, MAA, 13
<134>2021-07-15T01:23:38Z cache-dca17782 MEWElogs[390968]: GRAY, 1626312217939736332, DCA, 13
<134>2021-07-15T01:23:41Z cache-bog6425 MEWElogs[390968]: GRAY, 1626312220574459030, BOG, 13
<134>2021-07-15T01:23:45Z cache-ord1740 MEWElogs[390968]: GRAY, 1626312224064761635, ORD, 13
<134>2021-07-15T01:23:57Z cache-dca17782 MEWElogs[390968]: GRAY, 1626312236965762276, DCA, 13
<134>2021-07-15T01:23:58Z cache-pdk17882 MEWElogs[390968]: GRAY, 1626312237643647573, PDK, 13
<134>2021-07-15T01:24:09Z cache-pdk17882 MEWElogs[390968]: GRAY, 1626312249588096119, PDK, 13
<134>2021-07-15T01:24:12Z cache-cmh21547 MEWElogs[390968]: GRAY, 1626312252056051749, CMH, 13
<134>2021-07-15T01:24:37Z cache-maa10251 MEWElogs[390968]: GRAY, 1626312276512781283, MAA, 13
<134>2021-07-15T01:24:47Z cache-dca17782 MEWElogs[390968]: GRAY, 1626312287201773880, DCA, 13
<134>2021-07-15T01:24:48Z cache-eze19324 MEWElogs[390968]: GRAY, 1626312287955555440, EZE, 13
<134>2021-07-15T01:24:51Z cache-cmh21547 MEWElogs[390968]: GRAY, 1626312290359681853, CMH, 13
<134>2021-07-15T01:24:53Z cache-dca17782 MEWElogs[390968]: GRAY, 1626312293337681410, DCA, 13
<134>2021-07-15T01:25:13Z cache-cmh21547 MEWElogs[390968]: GRAY, 1626312312991382096, CMH, 13
<134>2021-07-15T01:25:20Z cache-wdc5583 MEWElogs[390968]: GRAY, 1626312320078773767, WDC, 13
<134>2021-07-15T01:25:20Z cache-cmh21547 MEWElogs[390968]: GRAY, 1626312320596748728, CMH, 13
<134>2021-07-15T01:25:27Z cache-wdc5583 MEWElogs[390968]: GRAY, 1626312326950995855, WDC, 13
<134>2021-07-15T01:25:39Z cache-ord1740 MEWElogs[390968]: GRAY, 1626312338711229665, ORD, 13
<134>2021-07-15T01:25:41Z cache-wdc5583 MEWElogs[390968]: GRAY, 1626312341200539856, WDC, 13
<134>2021-07-15T01:25:43Z cache-cmh21547 MEWElogs[390968]: GRAY, 1626312343453034661, CMH, 13
<134>2021-07-15T01:25:50Z cache-dca17782 MEWElogs[390968]: GRAY, 1626312349591444826, DCA, 13
<134>2021-07-15T01:25:58Z cache-cmh21547 MEWElogs[390968]: GRAY, 1626312358698531272, CMH, 13
<134>2021-07-15T01:26:02Z cache-dca17782 MEWElogs[390968]: GRAY, 1626312361972807268, DCA, 13
<134>2021-07-15T01:26:14Z cache-bog6425 MEWElogs[390968]: GRAY, 1626312373834851839, BOG, 13
<134>2021-07-15T01:26:19Z cache-ord1740 MEWElogs[390968]: GRAY, 1626312378765682283, ORD, 13
<134>2021-07-15T01:26:21Z cache-ams21020 MEWElogs[390968]: GRAY, 1626312381118796772, AMS, 13
<134>2021-07-15T01:26:22Z cache-cmh21547 MEWElogs[390968]: GRAY, 1626312381683272132, CMH, 13
<134>2021-07-15T01:26:29Z cache-pdk17882 MEWElogs[390968]: GRAY, 1626312388607366512, PDK, 13
<134>2021-07-15T01:26:45Z cache-wdc5583 MEWElogs[390968]: GRAY, 1626312405084873702, WDC, 13
<134>2021-07-15T01:26:47Z cache-maa10251 MEWElogs[390968]: GRAY, 1626312406776513586, MAA, 13
<134>2021-07-15T01:26:59Z cache-maa10251 MEWElogs[390968]: GRAY, 1626312418464547910, MAA, 13
<134>2021-07-15T01:27:16Z cache-ord1740 MEWElogs[390968]: GRAY, 1626312435803278717, ORD, 13
<134>2021-07-15T01:27:21Z cache-mdw17383 MEWElogs[390968]: GRAY, 1626312441031202000, MDW, 13
<134>2021-07-15T01:27:28Z cache-ord1740 MEWElogs[390968]: GRAY, 1626312447576069547, ORD, 13
<134>2021-07-15T01:27:38Z cache-ams21020 MEWElogs[390968]: GRAY, 1626312457758006591, AMS, 13
<134>2021-07-15T01:27:49Z cache-pdk17882 MEWElogs[390968]: GRAY, 1626312469132977270, PDK, 13
<134>2021-07-15T01:27:57Z cache-ams21020 MEWElogs[390968]: GRAY, 1626312476550514554, AMS, 13
<134>2021-07-15T01:28:11Z cache-wdc5583 MEWElogs[390968]: GRAY, 1626312490877513172, WDC, 13
<134>2021-07-15T01:28:20Z cache-dca17782 MEWElogs[390968]: GRAY, 1626312499729206224, DCA, 13
<134>2021-07-15T01:28:32Z cache-wdc5583 MEWElogs[390968]: GRAY, 1626312512062787389, WDC, 13
<134>2021-07-15T01:29:05Z cache-ord1740 MEWElogs[390968]: GRAY, 1626312544433884849, ORD, 13
<134>2021-07-15T01:29:08Z cache-pdk17882 MEWElogs[390968]: GRAY, 1626312547249461158, PDK, 13
<134>2021-07-15T01:29:17Z cache-ord1740 MEWElogs[390968]: GRAY, 1626312556266973043, ORD, 13
<134>2021-07-15T01:29:22Z cache-dca17782 MEWElogs[390968]: GRAY, 1626312562179491869, DCA, 13
<134>2021-07-15T01:29:33Z cache-maa10251 MEWElogs[390968]: GRAY, 1626312572499200762, MAA, 13
<134>2021-07-15T01:29:56Z cache-eze19324 MEWElogs[390968]: GRAY, 1626312595277920323, EZE, 13
<134>2021-07-15T01:30:10Z cache-wdc5583 MEWElogs[390968]: GRAY, 1626312609383912639, WDC, 13
<134>2021-07-15T01:30:19Z cache-cph20625 MEWElogs[390968]: GRAY, 1626312618147068980, CPH, 13
<134>2021-07-15T01:30:19Z cache-ord1740 MEWElogs[390968]: GRAY, 1626312618804502978, ORD, 13
<134>2021-07-15T01:30:32Z cache-dca17782 MEWElogs[390968]: GRAY, 1626312631012418879, DCA, 13
<134>2021-07-15T01:30:50Z cache-dca17782 MEWElogs[390968]: GRAY, 1626312649757296927, DCA, 13
<134>2021-07-15T01:31:03Z cache-dca17782 MEWElogs[390968]: GRAY, 1626312662501347549, DCA, 13
<134>2021-07-15T01:31:14Z cache-bog6425 MEWElogs[390968]: GRAY, 1626312674211473587, BOG, 13
<134>2021-07-15T01:31:21Z cache-dca17782 MEWElogs[390968]: GRAY, 1626312681166321923, DCA, 13
