<134>2021-07-15T07:42:53Z cache-cdg20720 MEWElogs[369035]: UNSH, 1626334973356993740, CDG, 16
<134>2021-07-15T07:42:58Z cache-mel11272 MEWElogs[369035]: UNSH, 1626334977231405544, MEL, 16
<134>2021-07-15T07:43:02Z cache-lhr7382 MEWElogs[369035]: UNSH, 1626334982531638724, LHR, 16
<134>2021-07-15T07:43:38Z cache-ewr18156 MEWElogs[369035]: UNSH, 1626335017373458026, EWR, 16
<134>2021-07-15T07:43:38Z cache-lax10677 MEWElogs[369035]: UNSH, 1626335017585335592, LGB, 16
<134>2021-07-15T07:44:18Z cache-osl6529 MEWElogs[369035]: UNSH, 1626335057438579768, OSL, 16
<134>2021-07-15T07:44:21Z cache-lax10677 MEWElogs[369035]: UNSH, 1626335060846188798, LGB, 16
<134>2021-07-15T07:44:31Z cache-bom4751 MEWElogs[369035]: UNSH, 1626335070404441518, BOM, 16
<134>2021-07-15T07:44:32Z cache-lhr7382 MEWElogs[369035]: UNSH, 1626335072131353079, LHR, 16
<134>2021-07-15T07:44:35Z cache-jax20933 MEWElogs[369035]: UNSH, 1626335074755408021, JAX, 16
<134>2021-07-15T07:45:05Z cache-lga21983 MEWElogs[369035]: UNSH, 1626335104659020190, LGA, 16
<134>2021-07-15T07:45:25Z cache-cdg20720 MEWElogs[369035]: UNSH, 1626335124174864481, CDG, 16
<134>2021-07-15T07:45:37Z cache-osl6529 MEWElogs[369035]: UNSH, 1626335137827306849, OSL, 16
<134>2021-07-15T07:45:54Z cache-lhr7382 MEWElogs[369035]: UNSH, 1626335153843222770, LHR, 16
<134>2021-07-15T07:45:58Z cache-man4150 MEWElogs[369035]: UNSH, 1626335158063362972, MAN, 16
<134>2021-07-15T07:46:34Z cache-man4150 MEWElogs[369035]: UNSH, 1626335193700576674, MAN, 16
<134>2021-07-15T07:46:39Z cache-cdg20720 MEWElogs[369035]: UNSH, 1626335199531948273, CDG, 16
<134>2021-07-15T07:46:49Z cache-osl6529 MEWElogs[369035]: UNSH, 1626335208819477446, OSL, 16
<134>2021-07-15T07:46:51Z cache-cdg20720 MEWElogs[369035]: UNSH, 1626335210241070149, CDG, 16
<134>2021-07-15T07:46:59Z cache-osl6529 MEWElogs[369035]: UNSH, 1626335218434597215, OSL, 16
<134>2021-07-15T07:47:25Z cache-jax20933 MEWElogs[369035]: UNSH, 1626335244694971918, JAX, 16
<134>2021-07-15T07:47:33Z cache-cdg20720 MEWElogs[369035]: UNSH, 1626335252889474743, CDG, 16
<134>2021-07-15T07:47:42Z cache-lhr7382 MEWElogs[369035]: UNSH, 1626335261771405079, LHR, 16
<134>2021-07-15T07:47:54Z cache-lax10677 MEWElogs[369035]: UNSH, 1626335273706766815, LGB, 16
<134>2021-07-15T07:48:33Z cache-jax20933 MEWElogs[369035]: UNSH, 1626335312780895640, JAX, 16
<134>2021-07-15T07:49:02Z cache-scl19427 MEWElogs[369035]: UNSH, 1626335341371790338, SCL, 16
<134>2021-07-15T07:50:09Z cache-itm18851 MEWElogs[369035]: UNSH, 1626335409117592737, ITM, 16
<134>2021-07-15T07:50:13Z cache-pao17461 MEWElogs[369035]: UNSH, 1626335412703500058, PAO, 16
<134>2021-07-15T07:50:47Z cache-cdg20720 MEWElogs[369035]: UNSH, 1626335447430440814, CDG, 16
<134>2021-07-15T07:51:44Z cache-cgh11122 MEWElogs[369035]: UNSH, 1626335503050351858, CGH, 16
<134>2021-07-15T07:51:46Z cache-syd10183 MEWElogs[369035]: UNSH, 1626335505214639366, SYD, 16
