<134>2021-07-14T22:45:06Z cache-lax10677 MEWElogs[412844]: BLUR, 1626302705735154807, LGB, 11
<134>2021-07-14T22:45:18Z cache-lga21983 MEWElogs[412844]: BLUR, 1626302718194101102, LGA, 11
<134>2021-07-14T22:45:22Z cache-mel11272 MEWElogs[412844]: BLUR, 1626302721747502077, MEL, 11
<134>2021-07-14T22:45:24Z cache-yul12826 MEWElogs[412844]: BLUR, 1626302724065284247, YUL, 11
<134>2021-07-14T22:46:00Z cache-cdg20720 MEWElogs[412844]: BLUR, 1626302759707017423, CDG, 11
<134>2021-07-14T22:46:47Z cache-osl6529 MEWElogs[412844]: BLUR, 1626302807423909931, OSL, 11
<134>2021-07-14T22:47:12Z cache-gig17035 MEWElogs[412844]: BLUR, 1626302831708084924, GIG, 11
<134>2021-07-14T22:47:18Z cache-mel11272 MEWElogs[412844]: BLUR, 1626302837842439288, MEL, 11
<134>2021-07-14T22:47:35Z cache-mel11272 MEWElogs[412844]: BLUR, 1626302854680052318, MEL, 11
<134>2021-07-14T22:48:19Z cache-osl6529 MEWElogs[412844]: BLUR, 1626302898029083389, OSL, 11
<134>2021-07-14T22:48:29Z cache-lga21983 MEWElogs[412844]: BLUR, 1626302908632343538, LGA, 11
<134>2021-07-14T22:49:34Z cache-lax10677 MEWElogs[412844]: BLUR, 1626302973788478047, LGB, 11
<134>2021-07-14T22:49:45Z cache-jax20933 MEWElogs[412844]: BLUR, 1626302984757836499, JAX, 11
<134>2021-07-14T22:50:06Z cache-jax20933 MEWElogs[412844]: BLUR, 1626303005941499665, JAX, 11
<134>2021-07-14T22:51:09Z cache-jax20933 MEWElogs[412844]: BLUR, 1626303069388171289, JAX, 11
<134>2021-07-14T22:51:24Z cache-man4150 MEWElogs[412844]: BLUR, 1626303084129164405, MAN, 11
<134>2021-07-14T22:51:25Z cache-gig17035 MEWElogs[412844]: BLUR, 1626303085143629668, GIG, 11
<134>2021-07-14T22:51:28Z cache-cdg20720 MEWElogs[412844]: BLUR, 1626303087948055762, CDG, 11
<134>2021-07-14T22:51:29Z cache-mel11272 MEWElogs[412844]: BLUR, 1626303088878763254, MEL, 11
<134>2021-07-14T22:52:14Z cache-ewr18156 MEWElogs[412844]: BLUR, 1626303134238515134, EWR, 11
<134>2021-07-14T22:52:31Z cache-ewr18156 MEWElogs[412844]: BLUR, 1626303150586703599, EWR, 11
<134>2021-07-14T22:53:20Z cache-man4150 MEWElogs[412844]: BLUR, 1626303199041552795, MAN, 11
<134>2021-07-14T22:53:48Z cache-man4150 MEWElogs[412844]: BLUR, 1626303227560881424, MAN, 11
<134>2021-07-14T22:54:06Z cache-osl6529 MEWElogs[412844]: BLUR, 1626303246420626788, OSL, 11
<134>2021-07-14T22:54:40Z cache-scl19427 MEWElogs[412844]: BLUR, 1626303280602075633, SCL, 11
<134>2021-07-14T22:54:43Z cache-ewr18156 MEWElogs[412844]: BLUR, 1626303282570145341, EWR, 11
<134>2021-07-14T22:54:50Z cache-cdg20720 MEWElogs[412844]: BLUR, 1626303290000529955, CDG, 11
