<134>2021-07-14T17:02:13Z cache-dal21283 MEWElogs[322581]: FLIPH, 1626282132833715088, DAL, -1
<134>2021-07-14T17:02:31Z cache-iah17271 MEWElogs[322581]: FLIPH, 1626282151375393526, IAH, -1
<134>2021-07-14T17:02:41Z cache-lon4249 MEWElogs[322581]: FLIPH, 1626282160783442448, LON, 10
<134>2021-07-14T17:03:03Z cache-lon4249 MEWElogs[322581]: FLIPH, 1626282182456530307, LON, -1
<134>2021-07-14T17:03:05Z cache-lon4249 MEWElogs[322581]: FLIPH, 1626282185207370962, LON, 10
<134>2021-07-14T17:03:08Z cache-fra19177 MEWElogs[322581]: FLIPH, 1626282188306089721, FRA, -1
<134>2021-07-14T17:03:49Z cache-iah17271 MEWElogs[322581]: FLIPH, 1626282228535657022, IAH, -1
<134>2021-07-14T17:04:08Z cache-lon4249 MEWElogs[322581]: FLIPH, 1626282247207211218, LON, -1
<134>2021-07-14T17:04:11Z cache-jnb7027 MEWElogs[322581]: FLIPH, 1626282249923055501, JNB, -1
<134>2021-07-14T17:04:21Z cache-dal21283 MEWElogs[322581]: FLIPH, 1626282261152449013, DAL, 10
<134>2021-07-14T17:04:32Z cache-fra19177 MEWElogs[322581]: FLIPH, 1626282271103146340, FRA, -1
<134>2021-07-14T17:04:53Z cache-fra19177 MEWElogs[322581]: FLIPH, 1626282292006245860, FRA, 10
<134>2021-07-14T17:05:00Z cache-lcy19283 MEWElogs[322581]: FLIPH, 1626282299548098082, LCY, 10
<134>2021-07-14T17:05:19Z cache-fra19177 MEWElogs[322581]: FLIPH, 1626282318529622435, FRA, 10
<134>2021-07-14T17:05:23Z cache-cwb20520 MEWElogs[322581]: FLIPH, 1626282322629170530, CWB, 10
<134>2021-07-14T17:05:29Z cache-iah17271 MEWElogs[322581]: FLIPH, 1626282328383719375, IAH, -1
<134>2021-07-14T17:05:30Z cache-lcy19283 MEWElogs[322581]: FLIPH, 1626282330730982466, LCY, 10
<134>2021-07-14T17:05:42Z cache-jnb7027 MEWElogs[322581]: FLIPH, 1626282341917866038, JNB, 10
<134>2021-07-14T17:05:47Z cache-hel6829 MEWElogs[322581]: FLIPH, 1626282346204639031, HEL, 10
<134>2021-07-14T17:06:29Z cache-jnb7027 MEWElogs[322581]: FLIPH, 1626282388017696813, JNB, -1
<134>2021-07-14T17:06:29Z cache-fra19177 MEWElogs[322581]: FLIPH, 1626282388585521595, FRA, -1
<134>2021-07-14T17:06:36Z cache-hel6829 MEWElogs[322581]: FLIPH, 1626282395284707724, HEL, 10
<134>2021-07-14T17:07:09Z cache-iah17271 MEWElogs[322581]: FLIPH, 1626282428574792910, IAH, -1
<134>2021-07-14T17:07:16Z cache-lon4249 MEWElogs[322581]: FLIPH, 1626282435821893041, LON, -1
<134>2021-07-14T17:07:21Z cache-hel6829 MEWElogs[322581]: FLIPH, 1626282440510125628, HEL, -1
<134>2021-07-14T17:07:28Z cache-cwb20520 MEWElogs[322581]: FLIPH, 1626282447416587205, CWB, -1
<134>2021-07-14T17:08:00Z cache-lon4249 MEWElogs[322581]: FLIPH, 1626282479630288824, LON, 10
<134>2021-07-14T17:08:08Z cache-lcy19283 MEWElogs[322581]: FLIPH, 1626282488178323557, LCY, -1
<134>2021-07-14T17:08:09Z cache-jnb7027 MEWElogs[322581]: FLIPH, 1626282489241766047, JNB, 10
<134>2021-07-14T17:08:13Z cache-den8274 MEWElogs[322581]: FLIPH, 1626282492553505814, DEN, 10
<134>2021-07-14T17:08:39Z cache-jnb7027 MEWElogs[322581]: FLIPH, 1626282518922758008, JNB, 10
<134>2021-07-14T17:08:45Z cache-den8274 MEWElogs[322581]: FLIPH, 1626282525509458586, DEN, -1
<134>2021-07-14T17:09:15Z cache-cwb20520 MEWElogs[322581]: FLIPH, 1626282554551018072, CWB, -1
<134>2021-07-14T17:09:19Z cache-lcy19283 MEWElogs[322581]: FLIPH, 1626282558944729397, LCY, -1
<134>2021-07-14T17:09:21Z cache-den8274 MEWElogs[322581]: FLIPH, 1626282561176446663, DEN, -1
<134>2021-07-14T17:09:29Z cache-dal21283 MEWElogs[322581]: FLIPH, 1626282568892725457, DAL, 10
<134>2021-07-14T17:09:42Z cache-lcy19283 MEWElogs[322581]: FLIPH, 1626282582246265787, LCY, 10
<134>2021-07-14T17:09:57Z cache-cwb20520 MEWElogs[322581]: FLIPH, 1626282596799406893, CWB, 10
<134>2021-07-14T17:10:03Z cache-lcy19283 MEWElogs[322581]: FLIPH, 1626282602229248151, LCY, 10
<134>2021-07-14T17:10:09Z cache-den8274 MEWElogs[322581]: FLIPH, 1626282608511041813, DEN, 10
<134>2021-07-14T17:10:22Z cache-iah17271 MEWElogs[322581]: FLIPH, 1626282621916937093, IAH, 10
<134>2021-07-14T17:10:24Z cache-cwb20520 MEWElogs[322581]: FLIPH, 1626282623469516466, CWB, -1
<134>2021-07-14T17:10:34Z cache-fra19177 MEWElogs[322581]: FLIPH, 1626282633122012459, FRA, -1
<134>2021-07-14T17:10:57Z cache-hel6829 MEWElogs[322581]: FLIPH, 1626282656400442007, HEL, -1
<134>2021-07-14T17:11:18Z cache-den8274 MEWElogs[322581]: FLIPH, 1626282677846310001, DEN, -1
<134>2021-07-14T17:11:40Z cache-lcy19283 MEWElogs[322581]: FLIPH, 1626282699556886081, LCY, -1
<134>2021-07-14T17:11:45Z cache-fra19177 MEWElogs[322581]: FLIPH, 1626282704744786400, FRA, -1
