<134>2021-07-15T05:17:36Z cache-stl4834 MEWElogs[46369]: ROTATE, 1626326255168737356, STL, 15
<134>2021-07-15T05:18:09Z cache-gig17035 MEWElogs[46369]: ROTATE, 1626326288687267563, GIG, 15
<134>2021-07-15T05:18:22Z cache-gru17149 MEWElogs[46369]: ROTATE, 1626326301130369403, GRU, 15
<134>2021-07-15T05:18:30Z cache-bom4751 MEWElogs[46369]: ROTATE, 1626326309532213210, BOM, 15
<134>2021-07-15T05:18:37Z cache-cdg20720 MEWElogs[46369]: ROTATE, 1626326316471126631, CDG, 15
<134>2021-07-15T05:18:51Z cache-lax10677 MEWElogs[46369]: ROTATE, 1626326331139863155, LGB, 15
<134>2021-07-15T05:18:59Z cache-scl19427 MEWElogs[46369]: ROTATE, 1626326338858912658, SCL, 15
<134>2021-07-15T05:19:36Z cache-bom4751 MEWElogs[46369]: ROTATE, 1626326374971444572, BOM, 15
<134>2021-07-15T05:19:41Z cache-syd10183 MEWElogs[46369]: ROTATE, 1626326380832282804, SYD, 15
<134>2021-07-15T05:19:44Z cache-bom4751 MEWElogs[46369]: ROTATE, 1626326384169978881, BOM, 15
<134>2021-07-15T05:19:55Z cache-pao17461 MEWElogs[46369]: ROTATE, 1626326394685911520, PAO, 15
<134>2021-07-15T05:20:03Z cache-syd10183 MEWElogs[46369]: ROTATE, 1626326402720070881, SYD, 15
<134>2021-07-15T05:20:21Z cache-mel11272 MEWElogs[46369]: ROTATE, 1626326420605309894, MEL, 15
<134>2021-07-15T05:20:35Z cache-gru17149 MEWElogs[46369]: ROTATE, 1626326433974817952, GRU, 15
<134>2021-07-15T05:20:45Z cache-gig17035 MEWElogs[46369]: ROTATE, 1626326444526316487, GIG, 15
<134>2021-07-15T05:20:59Z cache-bom4751 MEWElogs[46369]: ROTATE, 1626326458673818996, BOM, 15
<134>2021-07-15T05:21:23Z cache-itm18851 MEWElogs[46369]: ROTATE, 1626326482786694390, ITM, 15
<134>2021-07-15T05:21:35Z cache-hnd18722 MEWElogs[46369]: ROTATE, 1626326495350593316, HND, 15
<134>2021-07-15T05:22:22Z cache-cdg20720 MEWElogs[46369]: ROTATE, 1626326541282897982, CDG, 15
<134>2021-07-15T05:22:34Z cache-itm18851 MEWElogs[46369]: ROTATE, 1626326553609175466, ITM, 15
<134>2021-07-15T05:22:39Z cache-cdg20720 MEWElogs[46369]: ROTATE, 1626326559682820616, CDG, 15
<134>2021-07-15T05:22:42Z cache-hnd18722 MEWElogs[46369]: ROTATE, 1626326561336258757, HND, 15
<134>2021-07-15T05:22:50Z cache-gig17035 MEWElogs[46369]: ROTATE, 1626326569421492527, GIG, 15
<134>2021-07-15T05:23:01Z cache-stl4834 MEWElogs[46369]: ROTATE, 1626326580401689111, STL, 15
<134>2021-07-15T05:23:41Z cache-gig17035 MEWElogs[46369]: ROTATE, 1626326621824098710, GIG, 15
<134>2021-07-15T05:23:51Z cache-cgh11122 MEWElogs[46369]: ROTATE, 1626326630004441587, CGH, 15
<134>2021-07-15T05:23:52Z cache-itm18851 MEWElogs[46369]: ROTATE, 1626326631535930153, ITM, 15
<134>2021-07-15T05:24:04Z cache-gru17149 MEWElogs[46369]: ROTATE, 1626326643090047070, GRU, 15
<134>2021-07-15T05:24:38Z cache-stl4834 MEWElogs[46369]: ROTATE, 1626326677950182337, STL, 15
<134>2021-07-15T05:24:52Z cache-gru17149 MEWElogs[46369]: ROTATE, 1626326691507123600, GRU, 15
<134>2021-07-15T05:25:00Z cache-syd10183 MEWElogs[46369]: ROTATE, 1626326698935276879, SYD, 15
<134>2021-07-15T05:25:18Z cache-pao17461 MEWElogs[46369]: ROTATE, 1626326718232153378, PAO, 15
<134>2021-07-15T05:25:27Z cache-scl19427 MEWElogs[46369]: ROTATE, 1626326726804674563, SCL, 15
<134>2021-07-15T05:26:02Z cache-pao17461 MEWElogs[46369]: ROTATE, 1626326761716015019, PAO, 15
<134>2021-07-15T05:26:03Z cache-syd10183 MEWElogs[46369]: ROTATE, 1626326762308326344, SYD, 15
<134>2021-07-15T05:26:09Z cache-gig17035 MEWElogs[46369]: ROTATE, 1626326768799618435, GIG, 15
<134>2021-07-15T05:26:13Z cache-syd10183 MEWElogs[46369]: ROTATE, 1626326772869080807, SYD, 15
<134>2021-07-15T05:26:57Z cache-pao17461 MEWElogs[46369]: ROTATE, 1626326816420823190, PAO, 15
<134>2021-07-15T05:27:01Z cache-itm18851 MEWElogs[46369]: ROTATE, 1626326821592006549, ITM, 15
<134>2021-07-15T05:27:02Z cache-cgh11122 MEWElogs[46369]: ROTATE, 1626326821836435333, CGH, 15
<134>2021-07-15T05:27:30Z cache-cgh11122 MEWElogs[46369]: ROTATE, 1626326850296335408, CGH, 15
