<134>2021-07-14T20:49:21Z cache-dca17782 MEWElogs[292213]: BLUR, 1626295761219674109, DCA, 11
<134>2021-07-14T20:49:21Z cache-pdk17882 MEWElogs[292213]: BLUR, 1626295761005800778, PDK, 11
<134>2021-07-14T20:49:54Z cache-ord1740 MEWElogs[292213]: BLUR, 1626295793471611149, ORD, 11
<134>2021-07-14T20:49:54Z cache-dca17782 MEWElogs[292213]: BLUR, 1626295794049076400, DCA, 11
<134>2021-07-14T20:50:38Z cache-wdc5583 MEWElogs[292213]: BLUR, 1626295837957267628, WDC, 11
<134>2021-07-14T20:51:07Z cache-ams21020 MEWElogs[292213]: BLUR, 1626295866519122976, AMS, 11
<134>2021-07-14T20:51:11Z cache-pdk17882 MEWElogs[292213]: BLUR, 1626295870876534028, PDK, 11
<134>2021-07-14T20:52:32Z cache-wdc5583 MEWElogs[292213]: BLUR, 1626295951951166459, WDC, 11
<134>2021-07-14T20:52:50Z cache-ord1740 MEWElogs[292213]: BLUR, 1626295969140318147, ORD, 11
<134>2021-07-14T20:53:15Z cache-pdk17882 MEWElogs[292213]: BLUR, 1626295994507769475, PDK, 11
<134>2021-07-14T20:53:28Z cache-cmh21547 MEWElogs[292213]: BLUR, 1626296007350428053, CMH, 11
<134>2021-07-14T20:53:51Z cache-maa10251 MEWElogs[292213]: BLUR, 1626296030461260259, MAA, 11
<134>2021-07-14T20:54:05Z cache-cmh21547 MEWElogs[292213]: BLUR, 1626296044992004140, CMH, 11
<134>2021-07-14T20:54:55Z cache-mdw17383 MEWElogs[292213]: BLUR, 1626296094346058765, MDW, 11
<134>2021-07-14T20:55:33Z cache-wdc5583 MEWElogs[292213]: BLUR, 1626296133468464108, WDC, 11
<134>2021-07-14T20:55:39Z cache-cmh21547 MEWElogs[292213]: BLUR, 1626296139589185358, CMH, 11
<134>2021-07-14T20:56:17Z cache-eze19324 MEWElogs[292213]: BLUR, 1626296176099080609, EZE, 11
<134>2021-07-14T20:56:31Z cache-mdw17383 MEWElogs[292213]: BLUR, 1626296191077605001, MDW, 11
<134>2021-07-14T20:56:33Z cache-bog6425 MEWElogs[292213]: BLUR, 1626296192676125758, BOG, 11
<134>2021-07-14T20:57:30Z cache-mdw17383 MEWElogs[292213]: BLUR, 1626296249039543727, MDW, 11
<134>2021-07-14T20:58:42Z cache-wdc5583 MEWElogs[292213]: BLUR, 1626296321839503322, WDC, 11
<134>2021-07-14T20:58:55Z cache-ord1740 MEWElogs[292213]: BLUR, 1626296334203203951, ORD, 11
