<134>2021-07-14T16:51:57Z cache-dub4329 MEWElogs[318405]: FLIPH, 1626281515929164110, DUB, 10
<134>2021-07-14T16:52:07Z cache-cph20625 MEWElogs[318405]: FLIPH, 1626281526917291810, CPH, -1
<134>2021-07-14T16:52:17Z cache-dub4329 MEWElogs[318405]: FLIPH, 1626281537069993307, DUB, -1
<134>2021-07-14T16:52:21Z cache-hhn4077 MEWElogs[318405]: FLIPH, 1626281541563892760, HHN, 10
<134>2021-07-14T16:52:41Z cache-cph20625 MEWElogs[318405]: FLIPH, 1626281560793365391, CPH, -1
<134>2021-07-14T16:52:46Z cache-pwk4920 MEWElogs[318405]: FLIPH, 1626281566430616044, PWK, -1
<134>2021-07-14T16:53:02Z cache-bos4657 MEWElogs[318405]: FLIPH, 1626281581835345267, BOS, 10
<134>2021-07-14T16:53:20Z cache-pwk4920 MEWElogs[318405]: FLIPH, 1626281599806631367, PWK, 10
<134>2021-07-14T16:53:27Z cache-del21735 MEWElogs[318405]: FLIPH, 1626281606089224683, DEL, 10
<134>2021-07-14T16:53:29Z cache-pwk4920 MEWElogs[318405]: FLIPH, 1626281609672475697, PWK, 10
<134>2021-07-14T16:53:56Z cache-fty21383 MEWElogs[318405]: FLIPH, 1626281636002169356, FTY, -1
<134>2021-07-14T16:54:07Z cache-pwk4920 MEWElogs[318405]: FLIPH, 1626281646438523951, PWK, -1
<134>2021-07-14T16:54:29Z cache-bos4657 MEWElogs[318405]: FLIPH, 1626281669370906695, BOS, -1
<134>2021-07-14T16:54:36Z cache-dfw18678 MEWElogs[318405]: FLIPH, 1626281676328334451, DFW, 10
<134>2021-07-14T16:54:37Z cache-pwk4920 MEWElogs[318405]: FLIPH, 1626281676001730592, PWK, -1
<134>2021-07-14T16:54:58Z cache-dub4329 MEWElogs[318405]: FLIPH, 1626281697596404234, DUB, 10
<134>2021-07-14T16:54:59Z cache-cph20625 MEWElogs[318405]: FLIPH, 1626281698511174905, CPH, 10
<134>2021-07-14T16:55:03Z cache-akl10324 MEWElogs[318405]: FLIPH, 1626281702530145075, AKL, 10
<134>2021-07-14T16:55:06Z cache-cph20625 MEWElogs[318405]: FLIPH, 1626281705223202881, CPH, -1
<134>2021-07-14T16:55:15Z cache-del21735 MEWElogs[318405]: FLIPH, 1626281714681146276, DEL, -1
<134>2021-07-14T16:55:18Z cache-bos4657 MEWElogs[318405]: FLIPH, 1626281717399294886, BOS, 10
<134>2021-07-14T16:55:35Z cache-dub4329 MEWElogs[318405]: FLIPH, 1626281734894385033, DUB, -1
<134>2021-07-14T16:55:37Z cache-dub4329 MEWElogs[318405]: FLIPH, 1626281737508893055, DUB, 10
<134>2021-07-14T16:55:50Z cache-pwk4920 MEWElogs[318405]: FLIPH, 1626281749203087404, PWK, 10
<134>2021-07-14T16:55:51Z cache-fty21383 MEWElogs[318405]: FLIPH, 1626281751748308213, FTY, -1
<134>2021-07-14T16:56:26Z cache-del21735 MEWElogs[318405]: FLIPH, 1626281786029348242, DEL, 10
<134>2021-07-14T16:56:39Z cache-hel6829 MEWElogs[318405]: FLIPH, 1626281798268480697, HEL, 10
<134>2021-07-14T16:57:18Z cache-chi21126 MEWElogs[318405]: FLIPH, 1626281837791876046, CHI, 10
<134>2021-07-14T16:57:37Z cache-chi21126 MEWElogs[318405]: FLIPH, 1626281856491869366, CHI, 10
<134>2021-07-14T16:57:45Z cache-hhn4077 MEWElogs[318405]: FLIPH, 1626281865385431064, HHN, -1
<134>2021-07-14T16:57:53Z cache-iah17271 MEWElogs[318405]: FLIPH, 1626281873130891941, IAH, -1
<134>2021-07-14T16:58:14Z cache-cph20625 MEWElogs[318405]: FLIPH, 1626281893590421706, CPH, -1
<134>2021-07-14T16:58:16Z cache-bos4657 MEWElogs[318405]: FLIPH, 1626281896274795816, BOS, -1
<134>2021-07-14T16:58:32Z cache-fra19177 MEWElogs[318405]: FLIPH, 1626281912404978537, FRA, 10
<134>2021-07-14T16:58:41Z cache-del21735 MEWElogs[318405]: FLIPH, 1626281921106815758, DEL, 10
<134>2021-07-14T16:58:56Z cache-fra19177 MEWElogs[318405]: FLIPH, 1626281935902157627, FRA, -1
<134>2021-07-14T16:58:59Z cache-jnb7027 MEWElogs[318405]: FLIPH, 1626281938641028069, JNB, 10
<134>2021-07-14T16:59:25Z cache-lcy19283 MEWElogs[318405]: FLIPH, 1626281965347290473, LCY, 10
<134>2021-07-14T16:59:26Z cache-iah17271 MEWElogs[318405]: FLIPH, 1626281965879364767, IAH, 10
<134>2021-07-14T16:59:52Z cache-del21735 MEWElogs[318405]: FLIPH, 1626281991070976001, DEL, 10
<134>2021-07-14T16:59:56Z cache-iah17271 MEWElogs[318405]: FLIPH, 1626281995727909241, IAH, -1
<134>2021-07-14T17:00:10Z cache-hel6829 MEWElogs[318405]: FLIPH, 1626282009469410569, HEL, -1
<134>2021-07-14T17:00:22Z cache-del21735 MEWElogs[318405]: FLIPH, 1626282021806689375, DEL, -1
<134>2021-07-14T17:00:39Z cache-hel6829 MEWElogs[318405]: FLIPH, 1626282038986519293, HEL, -1
<134>2021-07-14T17:00:56Z cache-pwk4920 MEWElogs[318405]: FLIPH, 1626282055338373060, PWK, -1
<134>2021-07-14T17:00:59Z cache-dfw18678 MEWElogs[318405]: FLIPH, 1626282058382325463, DFW, 10
<134>2021-07-14T17:01:08Z cache-hel6829 MEWElogs[318405]: FLIPH, 1626282068033596035, HEL, -1
<134>2021-07-14T17:01:14Z cache-fra19177 MEWElogs[318405]: FLIPH, 1626282073821053367, FRA, 10
<134>2021-07-14T17:01:17Z cache-dfw18678 MEWElogs[318405]: FLIPH, 1626282077144489614, DFW, -1
<134>2021-07-14T17:01:20Z cache-den8274 MEWElogs[318405]: FLIPH, 1626282080767089014, DEN, 10
<134>2021-07-14T17:01:28Z cache-hel6829 MEWElogs[318405]: FLIPH, 1626282087822236611, HEL, -1
<134>2021-07-14T17:01:42Z cache-dfw18678 MEWElogs[318405]: FLIPH, 1626282102686311502, DFW, 10
<134>2021-07-14T17:01:46Z cache-cwb20520 MEWElogs[318405]: FLIPH, 1626282105097001054, CWB, 10
