<134>2021-07-15T04:26:56Z cache-chi21126 MEWElogs[400146]: ROTATE, 1626323216211117381, CHI, 15
<134>2021-07-15T04:26:58Z cache-dub4329 MEWElogs[400146]: ROTATE, 1626323217013632395, DUB, 15
<134>2021-07-15T04:27:05Z cache-dub4329 MEWElogs[400146]: ROTATE, 1626323224750241340, DUB, 15
<134>2021-07-15T04:27:06Z cache-akl10324 MEWElogs[400146]: ROTATE, 1626323225391806152, AKL, 15
<134>2021-07-15T04:27:30Z cache-dfw18678 MEWElogs[400146]: ROTATE, 1626323250059055999, DFW, 15
<134>2021-07-15T04:27:35Z cache-del21735 MEWElogs[400146]: ROTATE, 1626323255202589873, DEL, 15
<134>2021-07-15T04:27:42Z cache-fty21383 MEWElogs[400146]: ROTATE, 1626323261444809850, FTY, 15
<134>2021-07-15T04:28:06Z cache-bos4657 MEWElogs[400146]: ROTATE, 1626323286312231536, BOS, 15
<134>2021-07-15T04:28:24Z cache-hhn4077 MEWElogs[400146]: ROTATE, 1626323304496171776, HHN, 15
<134>2021-07-15T04:28:49Z cache-del21735 MEWElogs[400146]: ROTATE, 1626323328572283688, DEL, 15
<134>2021-07-15T04:28:52Z cache-bos4657 MEWElogs[400146]: ROTATE, 1626323331951791798, BOS, 15
<134>2021-07-15T04:29:14Z cache-akl10324 MEWElogs[400146]: ROTATE, 1626323353241046870, AKL, 15
<134>2021-07-15T04:29:46Z cache-hhn4077 MEWElogs[400146]: ROTATE, 1626323385840641793, HHN, 15
<134>2021-07-15T04:29:48Z cache-bos4657 MEWElogs[400146]: ROTATE, 1626323387442518612, BOS, 15
<134>2021-07-15T04:29:57Z cache-bos4657 MEWElogs[400146]: ROTATE, 1626323396354610814, BOS, 15
<134>2021-07-15T04:30:02Z cache-hhn4077 MEWElogs[400146]: ROTATE, 1626323402357005192, HHN, 15
<134>2021-07-15T04:30:04Z cache-fty21383 MEWElogs[400146]: ROTATE, 1626323403922168862, FTY, 15
<134>2021-07-15T04:30:06Z cache-bos4657 MEWElogs[400146]: ROTATE, 1626323405532984500, BOS, 15
<134>2021-07-15T04:30:12Z cache-dub4329 MEWElogs[400146]: ROTATE, 1626323411210210213, DUB, 15
<134>2021-07-15T04:31:33Z cache-del21735 MEWElogs[400146]: ROTATE, 1626323492646591834, DEL, 15
<134>2021-07-15T04:32:13Z cache-akl10324 MEWElogs[400146]: ROTATE, 1626323532087858136, AKL, 15
<134>2021-07-15T04:32:23Z cache-cwb20520 MEWElogs[400146]: ROTATE, 1626323542859746556, CWB, 15
<134>2021-07-15T04:32:47Z cache-dub4329 MEWElogs[400146]: ROTATE, 1626323566678718001, DUB, 15
<134>2021-07-15T04:33:10Z cache-bos4657 MEWElogs[400146]: ROTATE, 1626323589714297005, BOS, 15
<134>2021-07-15T04:33:12Z cache-cwb20520 MEWElogs[400146]: ROTATE, 1626323591865966286, CWB, 15
<134>2021-07-15T04:33:17Z cache-dfw18678 MEWElogs[400146]: ROTATE, 1626323596597799071, DFW, 15
<134>2021-07-15T04:33:25Z cache-fty21383 MEWElogs[400146]: ROTATE, 1626323604844584230, FTY, 15
<134>2021-07-15T04:34:23Z cache-dfw18678 MEWElogs[400146]: ROTATE, 1626323662392901595, DFW, 15
<134>2021-07-15T04:34:51Z cache-bos4657 MEWElogs[400146]: ROTATE, 1626323690305681598, BOS, 15
<134>2021-07-15T04:34:59Z cache-chi21126 MEWElogs[400146]: ROTATE, 1626323698646783919, CHI, 15
<134>2021-07-15T04:35:01Z cache-hhn4077 MEWElogs[400146]: ROTATE, 1626323700820789496, HHN, 15
<134>2021-07-15T04:35:20Z cache-chi21126 MEWElogs[400146]: ROTATE, 1626323719535700395, CHI, 15
<134>2021-07-15T04:35:22Z cache-fty21383 MEWElogs[400146]: ROTATE, 1626323721865023312, FTY, 15
<134>2021-07-15T04:35:30Z cache-dfw18678 MEWElogs[400146]: ROTATE, 1626323729297134718, DFW, 15
<134>2021-07-15T04:35:34Z cache-akl10324 MEWElogs[400146]: ROTATE, 1626323732998658899, AKL, 15
<134>2021-07-15T04:35:37Z cache-bos4657 MEWElogs[400146]: ROTATE, 1626323736296867114, BOS, 15
<134>2021-07-15T04:36:15Z cache-hel6829 MEWElogs[400146]: ROTATE, 1626323774051028289, HEL, 15
<134>2021-07-15T04:36:15Z cache-dfw18678 MEWElogs[400146]: ROTATE, 1626323774708153112, DFW, 15
<134>2021-07-15T04:36:16Z cache-akl10324 MEWElogs[400146]: ROTATE, 1626323776256244799, AKL, 15
<134>2021-07-15T04:36:20Z cache-cwb20520 MEWElogs[400146]: ROTATE, 1626323779725799594, CWB, 15
<134>2021-07-15T04:36:34Z cache-del21735 MEWElogs[400146]: ROTATE, 1626323792855720713, DEL, 15
<134>2021-07-15T04:36:43Z cache-hel6829 MEWElogs[400146]: ROTATE, 1626323802169853781, HEL, 15
