<134>2021-07-15T04:47:09Z cache-lon4249 MEWElogs[370074]: ROTATE, 1626324428550412762, LON, 15
<134>2021-07-15T04:47:31Z cache-jnb7027 MEWElogs[370074]: ROTATE, 1626324450736986138, JNB, 15
<134>2021-07-15T04:47:53Z cache-lcy19283 MEWElogs[370074]: ROTATE, 1626324473160113391, LCY, 15
<134>2021-07-15T04:48:00Z cache-iah17271 MEWElogs[370074]: ROTATE, 1626324479211912963, IAH, 15
<134>2021-07-15T04:48:18Z cache-lcy19283 MEWElogs[370074]: ROTATE, 1626324497864973321, LCY, 15
<134>2021-07-15T04:48:34Z cache-lon4249 MEWElogs[370074]: ROTATE, 1626324513232673799, LON, 15
<134>2021-07-15T04:49:10Z cache-fra19177 MEWElogs[370074]: ROTATE, 1626324549686441964, FRA, 15
<134>2021-07-15T04:49:44Z cache-iah17271 MEWElogs[370074]: ROTATE, 1626324583505731196, IAH, 15
<134>2021-07-15T04:50:04Z cache-lcy19283 MEWElogs[370074]: ROTATE, 1626324603563564778, LCY, 15
<134>2021-07-15T04:50:50Z cache-den8274 MEWElogs[370074]: ROTATE, 1626324650267638614, DEN, 15
<134>2021-07-15T04:50:50Z cache-bur17583 MEWElogs[370074]: ROTATE, 1626324649945051266, BUR, 15
<134>2021-07-15T04:51:31Z cache-jnb7027 MEWElogs[370074]: ROTATE, 1626324690258623013, JNB, 15
<134>2021-07-15T04:51:52Z cache-iah17271 MEWElogs[370074]: ROTATE, 1626324711149830537, IAH, 15
<134>2021-07-15T04:52:36Z cache-dal21283 MEWElogs[370074]: ROTATE, 1626324755057909892, DAL, 15
<134>2021-07-15T04:52:37Z cache-iah17271 MEWElogs[370074]: ROTATE, 1626324756286725697, IAH, 15
<134>2021-07-15T04:52:47Z cache-dal21283 MEWElogs[370074]: ROTATE, 1626324766738946895, DAL, 15
<134>2021-07-15T04:52:48Z cache-iah17271 MEWElogs[370074]: ROTATE, 1626324767772542942, IAH, 15
<134>2021-07-15T04:52:49Z cache-hkg17929 MEWElogs[370074]: ROTATE, 1626324769000076656, HKG, 15
<134>2021-07-15T04:53:42Z cache-jnb7027 MEWElogs[370074]: ROTATE, 1626324821817717473, JNB, 15
<134>2021-07-15T04:53:48Z cache-mad22068 MEWElogs[370074]: ROTATE, 1626324827905273345, MAD, 15
<134>2021-07-15T04:53:56Z cache-mrs10583 MEWElogs[370074]: ROTATE, 1626324835722595106, MRS, 15
<134>2021-07-15T04:54:12Z cache-mad22068 MEWElogs[370074]: ROTATE, 1626324852049935331, MAD, 15
<134>2021-07-15T04:54:19Z cache-stp9226 MEWElogs[370074]: ROTATE, 1626324858679097503, STP, 15
<134>2021-07-15T04:54:30Z cache-mci5951 MEWElogs[370074]: ROTATE, 1626324869571185767, MCI, 15
<134>2021-07-15T04:55:02Z cache-stp9226 MEWElogs[370074]: ROTATE, 1626324901714048779, STP, 15
<134>2021-07-15T04:56:30Z cache-stp9226 MEWElogs[370074]: ROTATE, 1626324989723208595, STP, 15
<134>2021-07-15T04:56:40Z cache-bur17583 MEWElogs[370074]: ROTATE, 1626324999673562630, BUR, 15
<134>2021-07-15T04:56:49Z cache-yul12826 MEWElogs[370074]: ROTATE, 1626325009173870454, YUL, 15
<134>2021-07-15T04:56:51Z cache-hkg17929 MEWElogs[370074]: ROTATE, 1626325010855065052, HKG, 15
