<134>2021-07-15T04:37:10Z cache-den8274 MEWElogs[355776]: ROTATE, 1626323829697046544, DEN, 15
<134>2021-07-15T04:37:29Z cache-den8274 MEWElogs[355776]: ROTATE, 1626323848090182023, DEN, 15
<134>2021-07-15T04:37:32Z cache-hhn4077 MEWElogs[355776]: ROTATE, 1626323851393470450, HHN, 15
<134>2021-07-15T04:37:35Z cache-fra19177 MEWElogs[355776]: ROTATE, 1626323854519812200, FRA, 15
<134>2021-07-15T04:37:38Z cache-hel6829 MEWElogs[355776]: ROTATE, 1626323858034261111, HEL, 15
<134>2021-07-15T04:37:43Z cache-fra19177 MEWElogs[355776]: ROTATE, 1626323862430216006, FRA, 15
<134>2021-07-15T04:38:25Z cache-hel6829 MEWElogs[355776]: ROTATE, 1626323904350299172, HEL, 15
<134>2021-07-15T04:40:04Z cache-lon4249 MEWElogs[355776]: ROTATE, 1626324003630624666, LON, 15
<134>2021-07-15T04:40:13Z cache-dal21283 MEWElogs[355776]: ROTATE, 1626324012082207907, DAL, 15
<134>2021-07-15T04:40:55Z cache-lcy19283 MEWElogs[355776]: ROTATE, 1626324054294189813, LCY, 15
<134>2021-07-15T04:41:55Z cache-mad22068 MEWElogs[355776]: ROTATE, 1626324114939727487, MAD, 15
<134>2021-07-15T04:42:38Z cache-lon4249 MEWElogs[355776]: ROTATE, 1626324158216861087, LON, 15
<134>2021-07-15T04:42:59Z cache-dal21283 MEWElogs[355776]: ROTATE, 1626324178025475944, DAL, 15
<134>2021-07-15T04:43:09Z cache-lon4249 MEWElogs[355776]: ROTATE, 1626324188856082719, LON, 15
<134>2021-07-15T04:43:21Z cache-dal21283 MEWElogs[355776]: ROTATE, 1626324200997473992, DAL, 15
<134>2021-07-15T04:43:47Z cache-fra19177 MEWElogs[355776]: ROTATE, 1626324226311817107, FRA, 15
<134>2021-07-15T04:43:48Z cache-lon4249 MEWElogs[355776]: ROTATE, 1626324227063723007, LON, 15
<134>2021-07-15T04:43:49Z cache-mad22068 MEWElogs[355776]: ROTATE, 1626324228511351256, MAD, 15
<134>2021-07-15T04:44:44Z cache-den8274 MEWElogs[355776]: ROTATE, 1626324283686918085, DEN, 15
<134>2021-07-15T04:44:45Z cache-iah17271 MEWElogs[355776]: ROTATE, 1626324285362231122, IAH, 15
<134>2021-07-15T04:45:05Z cache-lon4249 MEWElogs[355776]: ROTATE, 1626324304541154570, LON, 15
<134>2021-07-15T04:45:19Z cache-mad22068 MEWElogs[355776]: ROTATE, 1626324318890795741, MAD, 15
<134>2021-07-15T04:45:20Z cache-iah17271 MEWElogs[355776]: ROTATE, 1626324319143758423, IAH, 15
<134>2021-07-15T04:45:51Z cache-lon4249 MEWElogs[355776]: ROTATE, 1626324350621246214, LON, 15
<134>2021-07-15T04:46:03Z cache-fra19177 MEWElogs[355776]: ROTATE, 1626324362852882419, FRA, 15
<134>2021-07-15T04:46:17Z cache-iah17271 MEWElogs[355776]: ROTATE, 1626324376054182507, IAH, 15
<134>2021-07-15T04:46:24Z cache-bur17583 MEWElogs[355776]: ROTATE, 1626324383375607359, BUR, 15
<134>2021-07-15T04:46:58Z cache-hel6829 MEWElogs[355776]: ROTATE, 1626324418193104581, HEL, 15
