<134>2021-07-14T17:43:10Z cache-ewr18156 MEWElogs[322023]: FLIPH, 1626284589475510175, EWR, -1
<134>2021-07-14T17:43:16Z cache-mel11272 MEWElogs[322023]: FLIPH, 1626284595410102662, MEL, -1
<134>2021-07-14T17:43:19Z cache-bom4751 MEWElogs[322023]: FLIPH, 1626284598823325722, BOM, 10
<134>2021-07-14T17:43:20Z cache-gru17149 MEWElogs[322023]: FLIPH, 1626284599218826167, GRU, -1
<134>2021-07-14T17:43:34Z cache-osl6529 MEWElogs[322023]: FLIPH, 1626284613560940006, OSL, -1
<134>2021-07-14T17:44:26Z cache-stl4834 MEWElogs[322023]: FLIPH, 1626284665876007351, STL, -1
<134>2021-07-14T17:44:39Z cache-mel11272 MEWElogs[322023]: FLIPH, 1626284678783249532, MEL, 10
<134>2021-07-14T17:45:15Z cache-lga21983 MEWElogs[322023]: FLIPH, 1626284715344610437, LGA, -1
<134>2021-07-14T17:45:17Z cache-mel11272 MEWElogs[322023]: FLIPH, 1626284716546974734, MEL, -1
<134>2021-07-14T17:45:27Z cache-gig17035 MEWElogs[322023]: FLIPH, 1626284726018266700, GIG, -1
<134>2021-07-14T17:45:39Z cache-lga21983 MEWElogs[322023]: FLIPH, 1626284738199342236, LGA, 10
<134>2021-07-14T17:45:47Z cache-bom4751 MEWElogs[322023]: FLIPH, 1626284746039015104, BOM, 10
<134>2021-07-14T17:45:51Z cache-ewr18156 MEWElogs[322023]: FLIPH, 1626284751528513550, EWR, 10
<134>2021-07-14T17:46:24Z cache-cdg20720 MEWElogs[322023]: FLIPH, 1626284784235633201, CDG, -1
<134>2021-07-14T17:46:29Z cache-gig17035 MEWElogs[322023]: FLIPH, 1626284789572105315, GIG, 10
<134>2021-07-14T17:46:30Z cache-scl19427 MEWElogs[322023]: FLIPH, 1626284789946304372, SCL, -1
<134>2021-07-14T17:46:39Z cache-osl6529 MEWElogs[322023]: FLIPH, 1626284799026602073, OSL, -1
<134>2021-07-14T17:46:52Z cache-syd10183 MEWElogs[322023]: FLIPH, 1626284811216011874, SYD, 10
<134>2021-07-14T17:46:52Z cache-gru17149 MEWElogs[322023]: FLIPH, 1626284811705244390, GRU, 10
<134>2021-07-14T17:47:31Z cache-hnd18722 MEWElogs[322023]: FLIPH, 1626284850147812629, HND, 10
<134>2021-07-14T17:47:50Z cache-stl4834 MEWElogs[322023]: FLIPH, 1626284869611034564, STL, 10
<134>2021-07-14T17:48:55Z cache-pao17461 MEWElogs[322023]: FLIPH, 1626284934583673955, PAO, 10
<134>2021-07-14T17:49:25Z cache-gig17035 MEWElogs[322023]: FLIPH, 1626284964981210876, GIG, -1
<134>2021-07-14T17:49:27Z cache-cdg20720 MEWElogs[322023]: FLIPH, 1626284966917668627, CDG, -1
<134>2021-07-14T17:49:32Z cache-gru17149 MEWElogs[322023]: FLIPH, 1626284971418396593, GRU, -1
<134>2021-07-14T17:49:36Z cache-pao17461 MEWElogs[322023]: FLIPH, 1626284976253235791, PAO, 10
<134>2021-07-14T17:49:41Z cache-syd10183 MEWElogs[322023]: FLIPH, 1626284980042417531, SYD, -1
<134>2021-07-14T17:49:43Z cache-syd10183 MEWElogs[322023]: FLIPH, 1626284982610327217, SYD, 10
<134>2021-07-14T17:49:50Z cache-cdg20720 MEWElogs[322023]: FLIPH, 1626284990035407008, CDG, 10
<134>2021-07-14T17:50:06Z cache-hnd18722 MEWElogs[322023]: FLIPH, 1626285006238251258, HND, -1
<134>2021-07-14T17:50:07Z cache-scl19427 MEWElogs[322023]: FLIPH, 1626285007438110399, SCL, -1
<134>2021-07-14T17:50:21Z cache-cgh11122 MEWElogs[322023]: FLIPH, 1626285021285914670, CGH, 10
<134>2021-07-14T17:50:42Z cache-syd10183 MEWElogs[322023]: FLIPH, 1626285041242411322, SYD, -1
<134>2021-07-14T17:50:44Z cache-scl19427 MEWElogs[322023]: FLIPH, 1626285043442252331, SCL, -1
<134>2021-07-14T17:50:47Z cache-bom4751 MEWElogs[322023]: FLIPH, 1626285046273756436, BOM, 10
<134>2021-07-14T17:51:12Z cache-hnd18722 MEWElogs[322023]: FLIPH, 1626285071092991194, HND, -1
<134>2021-07-14T17:51:35Z cache-bom4751 MEWElogs[322023]: FLIPH, 1626285094590107234, BOM, 10
<134>2021-07-14T17:51:40Z cache-itm18851 MEWElogs[322023]: FLIPH, 1626285099545657497, ITM, -1
<134>2021-07-14T17:51:45Z cache-bom4751 MEWElogs[322023]: FLIPH, 1626285104186543503, BOM, 10
<134>2021-07-14T17:51:52Z cache-gig17035 MEWElogs[322023]: FLIPH, 1626285111355979502, GIG, 10
<134>2021-07-14T17:52:01Z cache-itm18851 MEWElogs[322023]: FLIPH, 1626285120290671124, ITM, -1
<134>2021-07-14T17:52:34Z cache-syd10183 MEWElogs[322023]: FLIPH, 1626285153545596287, SYD, 10
<134>2021-07-14T17:53:04Z cache-gru17149 MEWElogs[322023]: FLIPH, 1626285183868316921, GRU, 10
<134>2021-07-14T17:53:06Z cache-itm18851 MEWElogs[322023]: FLIPH, 1626285184971392207, ITM, 10
