<134>2021-07-14T21:32:21Z cache-dfw18678 MEWElogs[46369]: BLUR, 1626298340338315398, DFW, 11
<134>2021-07-14T21:32:21Z cache-pwk4920 MEWElogs[46369]: BLUR, 1626298340650212879, PWK, 11
<134>2021-07-14T21:32:23Z cache-dub4329 MEWElogs[46369]: BLUR, 1626298342678649132, DUB, 11
<134>2021-07-14T21:33:10Z cache-akl10324 MEWElogs[46369]: BLUR, 1626298390093457227, AKL, 11
<134>2021-07-14T21:33:25Z cache-chi21126 MEWElogs[46369]: BLUR, 1626298404340476535, CHI, 11
<134>2021-07-14T21:33:56Z cache-hhn4077 MEWElogs[46369]: BLUR, 1626298436065692251, HHN, 11
<134>2021-07-14T21:34:37Z cache-bos4657 MEWElogs[46369]: BLUR, 1626298477031114531, BOS, 11
<134>2021-07-14T21:34:50Z cache-del21735 MEWElogs[46369]: BLUR, 1626298489366281175, DEL, 11
<134>2021-07-14T21:34:53Z cache-bos4657 MEWElogs[46369]: BLUR, 1626298492855984769, BOS, 11
<134>2021-07-14T21:34:57Z cache-dub4329 MEWElogs[46369]: BLUR, 1626298496410297884, DUB, 11
<134>2021-07-14T21:36:07Z cache-dub4329 MEWElogs[46369]: BLUR, 1626298566202703705, DUB, 11
<134>2021-07-14T21:36:11Z cache-fty21383 MEWElogs[46369]: BLUR, 1626298570140053373, FTY, 11
<134>2021-07-14T21:36:52Z cache-chi21126 MEWElogs[46369]: BLUR, 1626298611775617321, CHI, 11
<134>2021-07-14T21:37:03Z cache-del21735 MEWElogs[46369]: BLUR, 1626298622310436100, DEL, 11
<134>2021-07-14T21:37:07Z cache-fty21383 MEWElogs[46369]: BLUR, 1626298626103393462, FTY, 11
<134>2021-07-14T21:38:16Z cache-del21735 MEWElogs[46369]: BLUR, 1626298695220365256, DEL, 11
<134>2021-07-14T21:38:22Z cache-dfw18678 MEWElogs[46369]: BLUR, 1626298701814746244, DFW, 11
<134>2021-07-14T21:38:42Z cache-dfw18678 MEWElogs[46369]: BLUR, 1626298721598687800, DFW, 11
<134>2021-07-14T21:39:01Z cache-fty21383 MEWElogs[46369]: BLUR, 1626298740543378881, FTY, 11
<134>2021-07-14T21:39:20Z cache-cph20625 MEWElogs[46369]: BLUR, 1626298760044079054, CPH, 11
<134>2021-07-14T21:39:30Z cache-del21735 MEWElogs[46369]: BLUR, 1626298768935857979, DEL, 11
<134>2021-07-14T21:39:58Z cache-cph20625 MEWElogs[46369]: BLUR, 1626298798074634948, CPH, 11
<134>2021-07-14T21:40:32Z cache-dub4329 MEWElogs[46369]: BLUR, 1626298831350811229, DUB, 11
<134>2021-07-14T21:41:54Z cache-cph20625 MEWElogs[46369]: BLUR, 1626298913934106238, CPH, 11
