<134>2021-07-15T07:32:39Z cache-lhr7382 MEWElogs[412844]: UNSH, 1626334358452774702, LHR, 16
<134>2021-07-15T07:33:15Z cache-ewr18156 MEWElogs[412844]: UNSH, 1626334394765294671, EWR, 16
<134>2021-07-15T07:33:36Z cache-bom4751 MEWElogs[412844]: UNSH, 1626334415594976085, BOM, 16
<134>2021-07-15T07:33:39Z cache-osl6529 MEWElogs[412844]: UNSH, 1626334418774228647, OSL, 16
<134>2021-07-15T07:34:13Z cache-mel11272 MEWElogs[412844]: UNSH, 1626334453374945869, MEL, 16
<134>2021-07-15T07:34:34Z cache-ewr18156 MEWElogs[412844]: UNSH, 1626334473628189584, EWR, 16
<134>2021-07-15T07:34:36Z cache-mel11272 MEWElogs[412844]: UNSH, 1626334475995638889, MEL, 16
<134>2021-07-15T07:34:50Z cache-jax20933 MEWElogs[412844]: UNSH, 1626334490215360808, JAX, 16
<134>2021-07-15T07:34:51Z cache-man4150 MEWElogs[412844]: UNSH, 1626334490258700807, MAN, 16
<134>2021-07-15T07:35:01Z cache-lga21983 MEWElogs[412844]: UNSH, 1626334500790616293, LGA, 16
<134>2021-07-15T07:35:09Z cache-lhr7382 MEWElogs[412844]: UNSH, 1626334509664792464, LHR, 16
<134>2021-07-15T07:35:10Z cache-mel11272 MEWElogs[412844]: UNSH, 1626334509694289398, MEL, 16
<134>2021-07-15T07:35:17Z cache-osl6529 MEWElogs[412844]: UNSH, 1626334517478344516, OSL, 16
<134>2021-07-15T07:35:28Z cache-lhr7382 MEWElogs[412844]: UNSH, 1626334527784704234, LHR, 16
<134>2021-07-15T07:35:33Z cache-mel11272 MEWElogs[412844]: UNSH, 1626334532763221108, MEL, 16
<134>2021-07-15T07:36:21Z cache-jax20933 MEWElogs[412844]: UNSH, 1626334580293584321, JAX, 16
<134>2021-07-15T07:36:43Z cache-bom4751 MEWElogs[412844]: UNSH, 1626334602739425463, BOM, 16
<134>2021-07-15T07:36:44Z cache-jax20933 MEWElogs[412844]: UNSH, 1626334603935718029, JAX, 16
<134>2021-07-15T07:36:51Z cache-ewr18156 MEWElogs[412844]: UNSH, 1626334611017407864, EWR, 16
<134>2021-07-15T07:37:07Z cache-jax20933 MEWElogs[412844]: UNSH, 1626334626828910134, JAX, 16
<134>2021-07-15T07:37:42Z cache-osl6529 MEWElogs[412844]: UNSH, 1626334661899783815, OSL, 16
<134>2021-07-15T07:37:47Z cache-lga21983 MEWElogs[412844]: UNSH, 1626334667890397150, LGA, 16
<134>2021-07-15T07:37:53Z cache-man4150 MEWElogs[412844]: UNSH, 1626334673103674880, MAN, 16
<134>2021-07-15T07:38:16Z cache-lga21983 MEWElogs[412844]: UNSH, 1626334695589132575, LGA, 16
<134>2021-07-15T07:38:19Z cache-lhr7382 MEWElogs[412844]: UNSH, 1626334698329332057, LHR, 16
<134>2021-07-15T07:38:36Z cache-osl6529 MEWElogs[412844]: UNSH, 1626334716567490705, OSL, 16
<134>2021-07-15T07:38:37Z cache-lhr7382 MEWElogs[412844]: UNSH, 1626334716992947861, LHR, 16
<134>2021-07-15T07:38:44Z cache-lga21983 MEWElogs[412844]: UNSH, 1626334723257976179, LGA, 16
<134>2021-07-15T07:38:49Z cache-jax20933 MEWElogs[412844]: UNSH, 1626334728259511709, JAX, 16
<134>2021-07-15T07:39:14Z cache-lax10677 MEWElogs[412844]: UNSH, 1626334753947454381, LGB, 16
<134>2021-07-15T07:39:30Z cache-cdg20720 MEWElogs[412844]: UNSH, 1626334770681825933, CDG, 16
<134>2021-07-15T07:39:34Z cache-ewr18156 MEWElogs[412844]: UNSH, 1626334773748594444, EWR, 16
<134>2021-07-15T07:40:00Z cache-bom4751 MEWElogs[412844]: UNSH, 1626334799701888218, BOM, 16
<134>2021-07-15T07:40:16Z cache-osl6529 MEWElogs[412844]: UNSH, 1626334816353611062, OSL, 16
<134>2021-07-15T07:40:21Z cache-bom4751 MEWElogs[412844]: UNSH, 1626334820520589429, BOM, 16
<134>2021-07-15T07:40:36Z cache-cdg20720 MEWElogs[412844]: UNSH, 1626334836048246342, CDG, 16
<134>2021-07-15T07:41:03Z cache-bom4751 MEWElogs[412844]: UNSH, 1626334862259045545, BOM, 16
<134>2021-07-15T07:41:29Z cache-osl6529 MEWElogs[412844]: UNSH, 1626334888293573489, OSL, 16
<134>2021-07-15T07:41:39Z cache-lga21983 MEWElogs[412844]: UNSH, 1626334897997671413, LGA, 16
<134>2021-07-15T07:41:45Z cache-bom4751 MEWElogs[412844]: UNSH, 1626334905407991258, BOM, 16
<134>2021-07-15T07:42:01Z cache-mel11272 MEWElogs[412844]: UNSH, 1626334920588449379, MEL, 16
<134>2021-07-15T07:42:29Z cache-man4150 MEWElogs[412844]: UNSH, 1626334948883257486, MAN, 16
<134>2021-07-15T07:42:37Z cache-jax20933 MEWElogs[412844]: UNSH, 1626334956472505177, JAX, 16
