<134>2021-07-15T04:16:45Z cache-dca17782 MEWElogs[390968]: ROTATE, 1626322604079426854, DCA, 15
<134>2021-07-15T04:17:05Z cache-eze19324 MEWElogs[390968]: ROTATE, 1626322624837260727, EZE, 15
<134>2021-07-15T04:17:11Z cache-pdk17882 MEWElogs[390968]: ROTATE, 1626322630909488324, PDK, 15
<134>2021-07-15T04:17:16Z cache-bog6425 MEWElogs[390968]: ROTATE, 1626322636581300243, BOG, 15
<134>2021-07-15T04:17:22Z cache-dca17782 MEWElogs[390968]: ROTATE, 1626322641314281452, DCA, 15
<134>2021-07-15T04:18:18Z cache-ord1740 MEWElogs[390968]: ROTATE, 1626322697718333517, ORD, 15
<134>2021-07-15T04:18:56Z cache-bog6425 MEWElogs[390968]: ROTATE, 1626322734980107973, BOG, 15
<134>2021-07-15T04:19:13Z cache-maa10251 MEWElogs[390968]: ROTATE, 1626322752357619465, MAA, 15
<134>2021-07-15T04:19:35Z cache-bog6425 MEWElogs[390968]: ROTATE, 1626322774464069253, BOG, 15
<134>2021-07-15T04:19:47Z cache-wdc5583 MEWElogs[390968]: ROTATE, 1626322786554455916, WDC, 15
<134>2021-07-15T04:19:54Z cache-eze19324 MEWElogs[390968]: ROTATE, 1626322793799273647, EZE, 15
<134>2021-07-15T04:19:55Z cache-cph20625 MEWElogs[390968]: ROTATE, 1626322794553940703, CPH, 15
<134>2021-07-15T04:20:00Z cache-ord1740 MEWElogs[390968]: ROTATE, 1626322799569255549, ORD, 15
<134>2021-07-15T04:20:05Z cache-bog6425 MEWElogs[390968]: ROTATE, 1626322804989131332, BOG, 15
<134>2021-07-15T04:20:07Z cache-pdk17882 MEWElogs[390968]: ROTATE, 1626322806531862635, PDK, 15
<134>2021-07-15T04:20:14Z cache-cph20625 MEWElogs[390968]: ROTATE, 1626322813290021146, CPH, 15
<134>2021-07-15T04:20:32Z cache-dfw18678 MEWElogs[390968]: ROTATE, 1626322832178082106, DFW, 15
<134>2021-07-15T04:20:42Z cache-cph20625 MEWElogs[390968]: ROTATE, 1626322841508563866, CPH, 15
<134>2021-07-15T04:20:47Z cache-mdw17383 MEWElogs[390968]: ROTATE, 1626322846328829597, MDW, 15
<134>2021-07-15T04:21:04Z cache-ord1740 MEWElogs[390968]: ROTATE, 1626322863981012195, ORD, 15
<134>2021-07-15T04:21:22Z cache-maa10251 MEWElogs[390968]: ROTATE, 1626322882595521211, MAA, 15
<134>2021-07-15T04:21:32Z cache-ord1740 MEWElogs[390968]: ROTATE, 1626322891588516379, ORD, 15
<134>2021-07-15T04:21:38Z cache-pdk17882 MEWElogs[390968]: ROTATE, 1626322898349240358, PDK, 15
<134>2021-07-15T04:22:48Z cache-fty21383 MEWElogs[390968]: ROTATE, 1626322967835824437, FTY, 15
<134>2021-07-15T04:23:08Z cache-mdw17383 MEWElogs[390968]: ROTATE, 1626322987939810766, MDW, 15
<134>2021-07-15T04:23:41Z cache-eze19324 MEWElogs[390968]: ROTATE, 1626323020343926236, EZE, 15
<134>2021-07-15T04:23:45Z cache-cwb20520 MEWElogs[390968]: ROTATE, 1626323024103896566, CWB, 15
<134>2021-07-15T04:23:56Z cache-fty21383 MEWElogs[390968]: ROTATE, 1626323035075688370, FTY, 15
<134>2021-07-15T04:24:20Z cache-fty21383 MEWElogs[390968]: ROTATE, 1626323059940609348, FTY, 15
<134>2021-07-15T04:24:32Z cache-dfw18678 MEWElogs[390968]: ROTATE, 1626323071796669005, DFW, 15
<134>2021-07-15T04:24:44Z cache-cwb20520 MEWElogs[390968]: ROTATE, 1626323083620716390, CWB, 15
<134>2021-07-15T04:25:45Z cache-cwb20520 MEWElogs[390968]: ROTATE, 1626323144460965415, CWB, 15
<134>2021-07-15T04:25:56Z cache-pwk4920 MEWElogs[390968]: ROTATE, 1626323156669460394, PWK, 15
<134>2021-07-15T04:26:15Z cache-hhn4077 MEWElogs[390968]: ROTATE, 1626323174511323209, HHN, 15
