<134>2021-07-15T05:19:02Z cache-lax10677 MEWElogs[322581]: ROTATE, 1626326342765949862, LGB, 15
<134>2021-07-15T05:19:53Z cache-itm18851 MEWElogs[322581]: ROTATE, 1626326393119846950, ITM, 15
<134>2021-07-15T05:20:02Z cache-cdg20720 MEWElogs[322581]: ROTATE, 1626326401214737134, CDG, 15
<134>2021-07-15T05:20:04Z cache-itm18851 MEWElogs[322581]: ROTATE, 1626326404266696679, ITM, 15
<134>2021-07-15T05:20:59Z cache-pao17461 MEWElogs[322581]: ROTATE, 1626326458969097827, PAO, 15
<134>2021-07-15T05:21:02Z cache-hnd18722 MEWElogs[322581]: ROTATE, 1626326461237292305, HND, 15
<134>2021-07-15T05:21:47Z cache-gig17035 MEWElogs[322581]: ROTATE, 1626326507000161204, GIG, 15
<134>2021-07-15T05:23:02Z cache-syd10183 MEWElogs[322581]: ROTATE, 1626326581665465750, SYD, 15
<134>2021-07-15T05:23:44Z cache-scl19427 MEWElogs[322581]: ROTATE, 1626326624483732646, SCL, 15
<134>2021-07-15T05:23:55Z cache-syd10183 MEWElogs[322581]: ROTATE, 1626326634270717078, SYD, 15
<134>2021-07-15T05:24:04Z cache-gig17035 MEWElogs[322581]: ROTATE, 1626326643310380701, GIG, 15
<134>2021-07-15T05:24:13Z cache-gru17149 MEWElogs[322581]: ROTATE, 1626326652575640696, GRU, 15
<134>2021-07-15T05:24:17Z cache-syd10183 MEWElogs[322581]: ROTATE, 1626326656335778705, SYD, 15
<134>2021-07-15T05:24:59Z cache-itm18851 MEWElogs[322581]: ROTATE, 1626326698652650862, ITM, 15
<134>2021-07-15T05:25:16Z cache-scl19427 MEWElogs[322581]: ROTATE, 1626326715584706051, SCL, 15
<134>2021-07-15T05:25:26Z cache-cgh11122 MEWElogs[322581]: ROTATE, 1626326725840950575, CGH, 15
<134>2021-07-15T05:26:39Z cache-itm18851 MEWElogs[322581]: ROTATE, 1626326799034992455, ITM, 15
<134>2021-07-15T05:26:59Z cache-stl4834 MEWElogs[322581]: ROTATE, 1626326817997431963, STL, 15
<134>2021-07-15T05:27:50Z cache-hnd18722 MEWElogs[322581]: ROTATE, 1626326869634847018, HND, 15
<134>2021-07-15T05:28:17Z cache-scl19427 MEWElogs[322581]: ROTATE, 1626326897511320353, SCL, 15
<134>2021-07-15T05:28:26Z cache-stl4834 MEWElogs[322581]: ROTATE, 1626326905225714728, STL, 15
<134>2021-07-15T05:28:32Z cache-itm18851 MEWElogs[322581]: ROTATE, 1626326911838619347, ITM, 15
<134>2021-07-15T05:28:40Z cache-sjc10078 MEWElogs[322581]: ROTATE, 1626326919520067205, SJC, 15
<134>2021-07-15T05:28:43Z cache-itm18851 MEWElogs[322581]: ROTATE, 1626326923104654748, ITM, 15
