<134>2021-07-14T16:51:55Z cache-chi21126 MEWElogs[21956]: FLIPH, 1626281514655804317, CHI, -1
<134>2021-07-14T16:51:55Z cache-fty21383 MEWElogs[21956]: FLIPH, 1626281514090123112, FTY, 10
<134>2021-07-14T16:52:06Z cache-pwk4920 MEWElogs[21956]: FLIPH, 1626281525830561612, PWK, -1
<134>2021-07-14T16:52:06Z cache-chi21126 MEWElogs[21956]: FLIPH, 1626281526644495542, CHI, 10
<134>2021-07-14T16:52:17Z cache-chi21126 MEWElogs[21956]: FLIPH, 1626281536206644106, CHI, 10
<134>2021-07-14T16:52:27Z cache-dub4329 MEWElogs[21956]: FLIPH, 1626281547783989904, DUB, 10
<134>2021-07-14T16:52:40Z cache-akl10324 MEWElogs[21956]: FLIPH, 1626281559026748593, AKL, -1
<134>2021-07-14T16:52:40Z cache-dfw18678 MEWElogs[21956]: FLIPH, 1626281560371096331, DFW, -1
<134>2021-07-14T16:52:59Z cache-bos4657 MEWElogs[21956]: FLIPH, 1626281578936996200, BOS, -1
<134>2021-07-14T16:53:03Z cache-cph20625 MEWElogs[21956]: FLIPH, 1626281582793899191, CPH, -1
<134>2021-07-14T16:53:06Z cache-del21735 MEWElogs[21956]: FLIPH, 1626281585654443098, DEL, 10
<134>2021-07-14T16:53:13Z cache-del21735 MEWElogs[21956]: FLIPH, 1626281592627257835, DEL, -1
<134>2021-07-14T16:53:21Z cache-dub4329 MEWElogs[21956]: FLIPH, 1626281600784606789, DUB, -1
<134>2021-07-14T16:53:45Z cache-del21735 MEWElogs[21956]: FLIPH, 1626281624371148254, DEL, -1
<134>2021-07-14T16:53:50Z cache-akl10324 MEWElogs[21956]: FLIPH, 1626281629411447389, AKL, -1
<134>2021-07-14T16:53:51Z cache-fty21383 MEWElogs[21956]: FLIPH, 1626281630317655560, FTY, 10
<134>2021-07-14T16:54:07Z cache-del21735 MEWElogs[21956]: FLIPH, 1626281646763237385, DEL, 10
<134>2021-07-14T16:54:10Z cache-akl10324 MEWElogs[21956]: FLIPH, 1626281649687741288, AKL, -1
<134>2021-07-14T16:54:14Z cache-dfw18678 MEWElogs[21956]: FLIPH, 1626281654482607836, DFW, 10
<134>2021-07-14T16:54:15Z cache-bos4657 MEWElogs[21956]: FLIPH, 1626281654321635058, BOS, 10
<134>2021-07-14T16:54:38Z cache-chi21126 MEWElogs[21956]: FLIPH, 1626281677592314537, CHI, 10
<134>2021-07-14T16:54:42Z cache-bos4657 MEWElogs[21956]: FLIPH, 1626281681248383280, BOS, 10
<134>2021-07-14T16:54:59Z cache-pwk4920 MEWElogs[21956]: FLIPH, 1626281698970951741, PWK, 10
<134>2021-07-14T16:55:05Z cache-fty21383 MEWElogs[21956]: FLIPH, 1626281704218604569, FTY, 10
<134>2021-07-14T16:55:10Z cache-hhn4077 MEWElogs[21956]: FLIPH, 1626281709774382166, HHN, -1
<134>2021-07-14T16:55:14Z cache-dub4329 MEWElogs[21956]: FLIPH, 1626281713160945160, DUB, 10
<134>2021-07-14T16:55:14Z cache-bos4657 MEWElogs[21956]: FLIPH, 1626281714505027693, BOS, -1
<134>2021-07-14T16:55:22Z cache-dub4329 MEWElogs[21956]: FLIPH, 1626281720968375514, DUB, 10
<134>2021-07-14T16:55:25Z cache-chi21126 MEWElogs[21956]: FLIPH, 1626281724852539997, CHI, 10
<134>2021-07-14T16:55:29Z cache-fty21383 MEWElogs[21956]: FLIPH, 1626281728968147029, FTY, 10
<134>2021-07-14T16:55:32Z cache-cph20625 MEWElogs[21956]: FLIPH, 1626281731603792109, CPH, 10
<134>2021-07-14T16:55:43Z cache-cph20625 MEWElogs[21956]: FLIPH, 1626281742562319770, CPH, 10
<134>2021-07-14T16:55:47Z cache-fty21383 MEWElogs[21956]: FLIPH, 1626281746151117894, FTY, 10
<134>2021-07-14T16:56:02Z cache-akl10324 MEWElogs[21956]: FLIPH, 1626281761819032965, AKL, -1
<134>2021-07-14T16:56:10Z cache-dfw18678 MEWElogs[21956]: FLIPH, 1626281770045220923, DFW, -1
<134>2021-07-14T16:56:13Z cache-dfw18678 MEWElogs[21956]: FLIPH, 1626281773565493376, DFW, 10
<134>2021-07-14T16:56:15Z cache-dub4329 MEWElogs[21956]: FLIPH, 1626281774445714175, DUB, -1
<134>2021-07-14T16:56:17Z cache-hhn4077 MEWElogs[21956]: FLIPH, 1626281776642602178, HHN, -1
<134>2021-07-14T16:56:17Z cache-del21735 MEWElogs[21956]: FLIPH, 1626281776729567100, DEL, 10
<134>2021-07-14T16:56:22Z cache-bos4657 MEWElogs[21956]: FLIPH, 1626281781869621589, BOS, 10
<134>2021-07-14T16:56:25Z cache-hel6829 MEWElogs[21956]: FLIPH, 1626281784332166398, HEL, -1
<134>2021-07-14T16:56:36Z cache-akl10324 MEWElogs[21956]: FLIPH, 1626281794934840144, AKL, 10
<134>2021-07-14T16:56:43Z cache-akl10324 MEWElogs[21956]: FLIPH, 1626281802565213505, AKL, -1
<134>2021-07-14T16:56:46Z cache-pwk4920 MEWElogs[21956]: FLIPH, 1626281805611017381, PWK, -1
<134>2021-07-14T16:56:50Z cache-cph20625 MEWElogs[21956]: FLIPH, 1626281809113390494, CPH, 10
<134>2021-07-14T16:56:58Z cache-bos4657 MEWElogs[21956]: FLIPH, 1626281817582101118, BOS, 10
<134>2021-07-14T16:57:13Z cache-bos4657 MEWElogs[21956]: FLIPH, 1626281832814892264, BOS, -1
<134>2021-07-14T16:57:25Z cache-bos4657 MEWElogs[21956]: FLIPH, 1626281844825070810, BOS, 10
<134>2021-07-14T16:57:25Z cache-pwk4920 MEWElogs[21956]: FLIPH, 1626281845360178092, PWK, -1
<134>2021-07-14T16:57:25Z cache-akl10324 MEWElogs[21956]: FLIPH, 1626281844593116535, AKL, 10
<134>2021-07-14T16:57:27Z cache-dfw18678 MEWElogs[21956]: FLIPH, 1626281847229742100, DFW, -1
<134>2021-07-14T16:57:41Z cache-dub4329 MEWElogs[21956]: FLIPH, 1626281860747830469, DUB, -1
<134>2021-07-14T16:57:48Z cache-pwk4920 MEWElogs[21956]: FLIPH, 1626281868654273749, PWK, 10
<134>2021-07-14T16:58:11Z cache-bos4657 MEWElogs[21956]: FLIPH, 1626281890256282475, BOS, 10
<134>2021-07-14T16:58:20Z cache-fra19177 MEWElogs[21956]: FLIPH, 1626281899938914266, FRA, -1
<134>2021-07-14T16:58:23Z cache-del21735 MEWElogs[21956]: FLIPH, 1626281902321313307, DEL, 10
<134>2021-07-14T16:58:59Z cache-pwk4920 MEWElogs[21956]: FLIPH, 1626281938798829158, PWK, 10
<134>2021-07-14T16:58:59Z cache-cph20625 MEWElogs[21956]: FLIPH, 1626281938691027574, CPH, -1
<134>2021-07-14T16:59:01Z cache-hel6829 MEWElogs[21956]: FLIPH, 1626281940805966594, HEL, -1
<134>2021-07-14T16:59:40Z cache-hel6829 MEWElogs[21956]: FLIPH, 1626281979907982617, HEL, -1
<134>2021-07-14T16:59:51Z cache-hhn4077 MEWElogs[21956]: FLIPH, 1626281991686564951, HHN, -1
<134>2021-07-14T16:59:53Z cache-fra19177 MEWElogs[21956]: FLIPH, 1626281993231944915, FRA, 10
<134>2021-07-14T17:00:07Z cache-hhn4077 MEWElogs[21956]: FLIPH, 1626282007536849517, HHN, 10
<134>2021-07-14T17:00:11Z cache-dfw18678 MEWElogs[21956]: FLIPH, 1626282010259342110, DFW, -1
<134>2021-07-14T17:00:14Z cache-dfw18678 MEWElogs[21956]: FLIPH, 1626282013651692211, DFW, 10
<134>2021-07-14T17:00:35Z cache-jnb7027 MEWElogs[21956]: FLIPH, 1626282033926896357, JNB, -1
<134>2021-07-14T17:00:47Z cache-fra19177 MEWElogs[21956]: FLIPH, 1626282046452052446, FRA, 10
<134>2021-07-14T17:00:50Z cache-hhn4077 MEWElogs[21956]: FLIPH, 1626282050054122381, HHN, -1
<134>2021-07-14T17:00:52Z cache-hel6829 MEWElogs[21956]: FLIPH, 1626282052534673044, HEL, 10
<134>2021-07-14T17:00:56Z cache-jnb7027 MEWElogs[21956]: FLIPH, 1626282056389109742, JNB, 10
<134>2021-07-14T17:01:01Z cache-hhn4077 MEWElogs[21956]: FLIPH, 1626282061312705750, HHN, -1
<134>2021-07-14T17:01:06Z cache-cwb20520 MEWElogs[21956]: FLIPH, 1626282066203570015, CWB, 10
<134>2021-07-14T17:01:11Z cache-fra19177 MEWElogs[21956]: FLIPH, 1626282070754446358, FRA, -1
<134>2021-07-14T17:01:18Z cache-iah17271 MEWElogs[21956]: FLIPH, 1626282077044765019, IAH, 10
<134>2021-07-14T17:01:24Z cache-jnb7027 MEWElogs[21956]: FLIPH, 1626282083003590639, JNB, -1
<134>2021-07-14T17:01:29Z cache-fra19177 MEWElogs[21956]: FLIPH, 1626282089350802513, FRA, -1
<134>2021-07-14T17:01:37Z cache-den8274 MEWElogs[21956]: FLIPH, 1626282095999013112, DEN, -1
<134>2021-07-14T17:01:52Z cache-hel6829 MEWElogs[21956]: FLIPH, 1626282111294224731, HEL, 10
<134>2021-07-14T17:01:53Z cache-jnb7027 MEWElogs[21956]: FLIPH, 1626282112644557397, JNB, -1
