<134>2021-07-14T22:22:32Z cache-stp9226 MEWElogs[369035]: BLUR, 1626301351808203033, STP, 11
<134>2021-07-14T22:22:51Z cache-stp9226 MEWElogs[369035]: BLUR, 1626301370395018166, STP, 11
<134>2021-07-14T22:22:57Z cache-mia11368 MEWElogs[369035]: BLUR, 1626301376049791709, MIA, 11
<134>2021-07-14T22:23:18Z cache-yul12826 MEWElogs[369035]: BLUR, 1626301397619277908, YUL, 11
<134>2021-07-14T22:23:51Z cache-mia11368 MEWElogs[369035]: BLUR, 1626301431477198841, MIA, 11
<134>2021-07-14T22:24:46Z cache-mia11368 MEWElogs[369035]: BLUR, 1626301486868757244, MIA, 11
<134>2021-07-14T22:25:38Z cache-mad22068 MEWElogs[369035]: BLUR, 1626301537527516287, MAD, 11
<134>2021-07-14T22:25:41Z cache-mia11368 MEWElogs[369035]: BLUR, 1626301541457295928, MIA, 11
<134>2021-07-14T22:25:48Z cache-lhr7382 MEWElogs[369035]: BLUR, 1626301547762919707, LHR, 11
<134>2021-07-14T22:26:18Z cache-lhr7382 MEWElogs[369035]: BLUR, 1626301578342967840, LHR, 11
<134>2021-07-14T22:27:33Z cache-yul12826 MEWElogs[369035]: BLUR, 1626301653605174647, YUL, 11
<134>2021-07-14T22:27:49Z cache-mia11368 MEWElogs[369035]: BLUR, 1626301669120226372, MIA, 11
<134>2021-07-14T22:27:56Z cache-mrs10583 MEWElogs[369035]: BLUR, 1626301675664801396, MRS, 11
<134>2021-07-14T22:29:03Z cache-yul12826 MEWElogs[369035]: BLUR, 1626301742618761400, YUL, 11
<134>2021-07-14T22:30:15Z cache-hkg17929 MEWElogs[369035]: BLUR, 1626301814350358415, HKG, 11
<134>2021-07-14T22:30:28Z cache-mrs10583 MEWElogs[369035]: BLUR, 1626301827188409707, MRS, 11
<134>2021-07-14T22:30:34Z cache-lax10677 MEWElogs[369035]: BLUR, 1626301833480402865, LGB, 11
<134>2021-07-14T22:30:41Z cache-mrs10583 MEWElogs[369035]: BLUR, 1626301840789801996, MRS, 11
<134>2021-07-14T22:31:53Z cache-mci5951 MEWElogs[369035]: BLUR, 1626301912184613925, MCI, 11
<134>2021-07-14T22:32:25Z cache-mia11368 MEWElogs[369035]: BLUR, 1626301944896442206, MIA, 11
