<134>2021-07-15T01:32:31Z cache-fty21383 MEWElogs[308969]: GRAY, 1626312750620928645, FTY, 13
<134>2021-07-15T01:32:33Z cache-dfw18678 MEWElogs[308969]: GRAY, 1626312753122376164, DFW, 13
<134>2021-07-15T01:32:44Z cache-cmh21547 MEWElogs[308969]: GRAY, 1626312763487327736, CMH, 13
<134>2021-07-15T01:32:53Z cache-bos4657 MEWElogs[308969]: GRAY, 1626312772655426298, BOS, 13
<134>2021-07-15T01:33:03Z cache-eze19324 MEWElogs[308969]: GRAY, 1626312782377461645, EZE, 13
<134>2021-07-15T01:33:08Z cache-akl10324 MEWElogs[308969]: GRAY, 1626312787768893758, AKL, 13
<134>2021-07-15T01:33:58Z cache-mdw17383 MEWElogs[308969]: GRAY, 1626312837248584204, MDW, 13
<134>2021-07-15T01:34:13Z cache-bos4657 MEWElogs[308969]: GRAY, 1626312852866435123, BOS, 13
<134>2021-07-15T01:34:21Z cache-del21735 MEWElogs[308969]: GRAY, 1626312860445695058, DEL, 13
<134>2021-07-15T01:34:41Z cache-akl10324 MEWElogs[308969]: GRAY, 1626312880234495136, AKL, 13
<134>2021-07-15T01:35:17Z cache-pwk4920 MEWElogs[308969]: GRAY, 1626312917244213611, PWK, 13
<134>2021-07-15T01:35:32Z cache-fty21383 MEWElogs[308969]: GRAY, 1626312931618653402, FTY, 13
<134>2021-07-15T01:35:35Z cache-cph20625 MEWElogs[308969]: GRAY, 1626312934545671596, CPH, 13
<134>2021-07-15T01:35:36Z cache-del21735 MEWElogs[308969]: GRAY, 1626312935289163509, DEL, 13
<134>2021-07-15T01:35:40Z cache-bos4657 MEWElogs[308969]: GRAY, 1626312939928915716, BOS, 13
<134>2021-07-15T01:36:04Z cache-del21735 MEWElogs[308969]: GRAY, 1626312963952758171, DEL, 13
<134>2021-07-15T01:36:22Z cache-hhn4077 MEWElogs[308969]: GRAY, 1626312981807490305, HHN, 13
<134>2021-07-15T01:36:46Z cache-hhn4077 MEWElogs[308969]: GRAY, 1626313005701525228, HHN, 13
<134>2021-07-15T01:36:54Z cache-dfw18678 MEWElogs[308969]: GRAY, 1626313014139378771, DFW, 13
<134>2021-07-15T01:36:57Z cache-cph20625 MEWElogs[308969]: GRAY, 1626313017084683652, CPH, 13
<134>2021-07-15T01:37:05Z cache-pwk4920 MEWElogs[308969]: GRAY, 1626313025171355736, PWK, 13
<134>2021-07-15T01:37:20Z cache-bos4657 MEWElogs[308969]: GRAY, 1626313039356752408, BOS, 13
<134>2021-07-15T01:37:41Z cache-pwk4920 MEWElogs[308969]: GRAY, 1626313061173067703, PWK, 13
<134>2021-07-15T01:37:51Z cache-chi21126 MEWElogs[308969]: GRAY, 1626313070548801226, CHI, 13
<134>2021-07-15T01:38:22Z cache-akl10324 MEWElogs[308969]: GRAY, 1626313101287668903, AKL, 13
<134>2021-07-15T01:38:23Z cache-del21735 MEWElogs[308969]: GRAY, 1626313102487052396, DEL, 13
<134>2021-07-15T01:38:24Z cache-chi21126 MEWElogs[308969]: GRAY, 1626313104721802190, CHI, 13
<134>2021-07-15T01:38:29Z cache-del21735 MEWElogs[308969]: GRAY, 1626313108228675944, DEL, 13
<134>2021-07-15T01:38:51Z cache-chi21126 MEWElogs[308969]: GRAY, 1626313131300027705, CHI, 13
<134>2021-07-15T01:38:58Z cache-chi21126 MEWElogs[308969]: GRAY, 1626313137855556614, CHI, 13
<134>2021-07-15T01:39:21Z cache-hhn4077 MEWElogs[308969]: GRAY, 1626313160881292919, HHN, 13
<134>2021-07-15T01:39:26Z cache-del21735 MEWElogs[308969]: GRAY, 1626313165865858688, DEL, 13
<134>2021-07-15T01:39:30Z cache-hhn4077 MEWElogs[308969]: GRAY, 1626313170280300589, HHN, 13
<134>2021-07-15T01:39:53Z cache-bos4657 MEWElogs[308969]: GRAY, 1626313193339379042, BOS, 13
<134>2021-07-15T01:40:08Z cache-hhn4077 MEWElogs[308969]: GRAY, 1626313207935687861, HHN, 13
<134>2021-07-15T01:40:12Z cache-bos4657 MEWElogs[308969]: GRAY, 1626313211779124751, BOS, 13
<134>2021-07-15T01:40:36Z cache-chi21126 MEWElogs[308969]: GRAY, 1626313236277448661, CHI, 13
<134>2021-07-15T01:40:47Z cache-cwb20520 MEWElogs[308969]: GRAY, 1626313246801635051, CWB, 13
<134>2021-07-15T01:41:05Z cache-hhn4077 MEWElogs[308969]: GRAY, 1626313264202464599, HHN, 13
<134>2021-07-15T01:41:14Z cache-bos4657 MEWElogs[308969]: GRAY, 1626313274018206481, BOS, 13
<134>2021-07-15T01:41:16Z cache-pwk4920 MEWElogs[308969]: GRAY, 1626313276505605620, PWK, 13
<134>2021-07-15T01:41:38Z cache-pwk4920 MEWElogs[308969]: GRAY, 1626313298030496602, PWK, 13
<134>2021-07-15T01:42:26Z cache-akl10324 MEWElogs[308969]: GRAY, 1626313345749447577, AKL, 13
