<134>2021-07-15T00:38:42Z cache-dfw18678 MEWElogs[322023]: CROP, 1626309521770659288, DFW, 12
<134>2021-07-15T00:38:57Z cache-chi21126 MEWElogs[322023]: CROP, 1626309535994540788, CHI, 12
<134>2021-07-15T00:39:08Z cache-chi21126 MEWElogs[322023]: CROP, 1626309548260838886, CHI, 12
<134>2021-07-15T00:39:12Z cache-fty21383 MEWElogs[322023]: CROP, 1626309551441715743, FTY, 12
<134>2021-07-15T00:39:13Z cache-pwk4920 MEWElogs[322023]: CROP, 1626309552327132373, PWK, 12
<134>2021-07-15T00:39:20Z cache-akl10324 MEWElogs[322023]: CROP, 1626309559887156693, AKL, 12
<134>2021-07-15T00:39:50Z cache-dfw18678 MEWElogs[322023]: CROP, 1626309590232768103, DFW, 12
<134>2021-07-15T00:39:50Z cache-del21735 MEWElogs[322023]: CROP, 1626309589599902095, DEL, 12
<134>2021-07-15T00:40:02Z cache-fty21383 MEWElogs[322023]: CROP, 1626309601117747480, FTY, 12
<134>2021-07-15T00:40:08Z cache-fty21383 MEWElogs[322023]: CROP, 1626309607679443056, FTY, 12
<134>2021-07-15T00:40:22Z cache-cph20625 MEWElogs[322023]: CROP, 1626309621939498738, CPH, 12
<134>2021-07-15T00:40:54Z cache-bos4657 MEWElogs[322023]: CROP, 1626309653973805582, BOS, 12
<134>2021-07-15T00:40:58Z cache-akl10324 MEWElogs[322023]: CROP, 1626309657374697887, AKL, 12
<134>2021-07-15T00:41:08Z cache-dfw18678 MEWElogs[322023]: CROP, 1626309668773104304, DFW, 12
<134>2021-07-15T00:41:14Z cache-chi21126 MEWElogs[322023]: CROP, 1626309673553295847, CHI, 12
<134>2021-07-15T00:41:15Z cache-del21735 MEWElogs[322023]: CROP, 1626309674517308987, DEL, 12
<134>2021-07-15T00:41:21Z cache-iah17271 MEWElogs[322023]: CROP, 1626309680731512215, IAH, 12
<134>2021-07-15T00:41:22Z cache-dub4329 MEWElogs[322023]: CROP, 1626309680983948752, DUB, 12
<134>2021-07-15T00:41:40Z cache-akl10324 MEWElogs[322023]: CROP, 1626309699940274176, AKL, 12
<134>2021-07-15T00:41:46Z cache-jnb7027 MEWElogs[322023]: CROP, 1626309705829956465, JNB, 12
<134>2021-07-15T00:41:49Z cache-iah17271 MEWElogs[322023]: CROP, 1626309708629786464, IAH, 12
<134>2021-07-15T00:41:54Z cache-jnb7027 MEWElogs[322023]: CROP, 1626309713734612798, JNB, 12
<134>2021-07-15T00:41:58Z cache-jnb7027 MEWElogs[322023]: CROP, 1626309717607148681, JNB, 12
<134>2021-07-15T00:42:01Z cache-cwb20520 MEWElogs[322023]: CROP, 1626309720916628946, CWB, 12
<134>2021-07-15T00:42:12Z cache-lcy19283 MEWElogs[322023]: CROP, 1626309731225791804, LCY, 12
<134>2021-07-15T00:42:22Z cache-jnb7027 MEWElogs[322023]: CROP, 1626309741312373967, JNB, 12
<134>2021-07-15T00:42:25Z cache-iah17271 MEWElogs[322023]: CROP, 1626309745763872496, IAH, 12
<134>2021-07-15T00:42:32Z cache-lcy19283 MEWElogs[322023]: CROP, 1626309752009677862, LCY, 12
<134>2021-07-15T00:42:58Z cache-den8274 MEWElogs[322023]: CROP, 1626309777867682710, DEN, 12
<134>2021-07-15T00:43:06Z cache-bur17583 MEWElogs[322023]: CROP, 1626309785463921840, BUR, 12
<134>2021-07-15T00:43:08Z cache-pwk4920 MEWElogs[322023]: CROP, 1626309787525234494, PWK, 12
<134>2021-07-15T00:43:31Z cache-mrs10583 MEWElogs[322023]: CROP, 1626309810297271332, MRS, 12
<134>2021-07-15T00:43:32Z cache-mad22068 MEWElogs[322023]: CROP, 1626309811542425470, MAD, 12
<134>2021-07-15T00:43:38Z cache-den8274 MEWElogs[322023]: CROP, 1626309818551568232, DEN, 12
<134>2021-07-15T00:43:40Z cache-hel6829 MEWElogs[322023]: CROP, 1626309819755749887, HEL, 12
<134>2021-07-15T00:43:45Z cache-bur17583 MEWElogs[322023]: CROP, 1626309824406738514, BUR, 12
<134>2021-07-15T00:43:53Z cache-hel6829 MEWElogs[322023]: CROP, 1626309832178942916, HEL, 12
<134>2021-07-15T00:44:13Z cache-hel6829 MEWElogs[322023]: CROP, 1626309853004509667, HEL, 12
<134>2021-07-15T00:44:14Z cache-bur17583 MEWElogs[322023]: CROP, 1626309854745884357, BUR, 12
<134>2021-07-15T00:44:20Z cache-lcy19283 MEWElogs[322023]: CROP, 1626309858956890704, LCY, 12
<134>2021-07-15T00:44:32Z cache-bur17583 MEWElogs[322023]: CROP, 1626309871441099996, BUR, 12
<134>2021-07-15T00:45:27Z cache-bur17583 MEWElogs[322023]: CROP, 1626309927606673857, BUR, 12
<134>2021-07-15T00:45:38Z cache-iah17271 MEWElogs[322023]: CROP, 1626309938423466753, IAH, 12
<134>2021-07-15T00:45:46Z cache-mad22068 MEWElogs[322023]: CROP, 1626309945236053518, MAD, 12
<134>2021-07-15T00:46:10Z cache-jnb7027 MEWElogs[322023]: CROP, 1626309969576291854, JNB, 12
<134>2021-07-15T00:46:11Z cache-dal21283 MEWElogs[322023]: CROP, 1626309971234720408, DAL, 12
<134>2021-07-15T00:46:13Z cache-cwb20520 MEWElogs[322023]: CROP, 1626309973070873459, CWB, 12
<134>2021-07-15T00:47:02Z cache-hkg17929 MEWElogs[322023]: CROP, 1626310021015422714, HKG, 12
<134>2021-07-15T00:47:09Z cache-lhr7382 MEWElogs[322023]: CROP, 1626310028713174164, LHR, 12
<134>2021-07-15T00:47:17Z cache-iah17271 MEWElogs[322023]: CROP, 1626310037379181713, IAH, 12
<134>2021-07-15T00:47:24Z cache-den8274 MEWElogs[322023]: CROP, 1626310043804929679, DEN, 12
<134>2021-07-15T00:47:30Z cache-jnb7027 MEWElogs[322023]: CROP, 1626310048910591919, JNB, 12
<134>2021-07-15T00:47:38Z cache-den8274 MEWElogs[322023]: CROP, 1626310057990385695, DEN, 12
<134>2021-07-15T00:47:38Z cache-dal21283 MEWElogs[322023]: CROP, 1626310058491389919, DAL, 12
<134>2021-07-15T00:47:42Z cache-bur17583 MEWElogs[322023]: CROP, 1626310061956205875, BUR, 12
<134>2021-07-15T00:47:50Z cache-mrs10583 MEWElogs[322023]: CROP, 1626310069469878810, MRS, 12
<134>2021-07-15T00:47:56Z cache-den8274 MEWElogs[322023]: CROP, 1626310075790321233, DEN, 12
<134>2021-07-15T00:48:04Z cache-hkg17929 MEWElogs[322023]: CROP, 1626310083965638713, HKG, 12
<134>2021-07-15T00:48:05Z cache-jnb7027 MEWElogs[322023]: CROP, 1626310084282865673, JNB, 12
<134>2021-07-15T00:48:17Z cache-stp9226 MEWElogs[322023]: CROP, 1626310096412178021, STP, 12
<134>2021-07-15T00:48:21Z cache-stp9226 MEWElogs[322023]: CROP, 1626310100504511316, STP, 12
<134>2021-07-15T00:48:22Z cache-mci5951 MEWElogs[322023]: CROP, 1626310101837393917, MCI, 12
<134>2021-07-15T00:48:25Z cache-mel11272 MEWElogs[322023]: CROP, 1626310104830364619, MEL, 12
<134>2021-07-15T00:48:28Z cache-hkg17929 MEWElogs[322023]: CROP, 1626310107655491344, HKG, 12
<134>2021-07-15T00:48:41Z cache-lhr7382 MEWElogs[322023]: CROP, 1626310120224323502, LHR, 12
