<134>2021-07-14T18:02:43Z cache-bma1628 MEWElogs[390968]: FLIPH, 1626285763310009198, BMA, 10
<134>2021-07-14T18:02:44Z cache-cgh11183 MEWElogs[390968]: FLIPH, 1626285763697100315, CGH, 10
<134>2021-07-14T18:02:44Z cache-hnd18722 MEWElogs[390968]: FLIPH, 1626285763673011592, HND, -1
<134>2021-07-14T18:02:47Z cache-hnd18722 MEWElogs[390968]: FLIPH, 1626285766515570427, HND, 10
<134>2021-07-14T18:02:49Z cache-pao17461 MEWElogs[390968]: FLIPH, 1626285768951996460, PAO, 10
<134>2021-07-14T18:02:50Z cache-sea4483 MEWElogs[390968]: FLIPH, 1626285769675444656, SEA, -1
<134>2021-07-14T18:02:51Z cache-sjc10078 MEWElogs[390968]: FLIPH, 1626285771473224547, SJC, -1
<134>2021-07-14T18:03:11Z cache-tyo11974 MEWElogs[390968]: FLIPH, 1626285790307794485, TYO, 10
<134>2021-07-14T18:03:18Z cache-tyo11974 MEWElogs[390968]: FLIPH, 1626285797152880695, TYO, -1
<134>2021-07-14T18:03:21Z cache-cgh11183 MEWElogs[390968]: FLIPH, 1626285801456003108, CGH, -1
<134>2021-07-14T18:03:26Z cache-cgh11122 MEWElogs[390968]: FLIPH, 1626285805771501474, CGH, 10
<134>2021-07-14T18:03:35Z cache-tyo11974 MEWElogs[390968]: FLIPH, 1626285815691483107, TYO, -1
<134>2021-07-14T18:03:35Z cache-sjc10078 MEWElogs[390968]: FLIPH, 1626285814887407208, SJC, 10
<134>2021-07-14T18:03:54Z cache-cgh11122 MEWElogs[390968]: FLIPH, 1626285833667648537, CGH, -1
<134>2021-07-14T18:03:56Z cache-sea4483 MEWElogs[390968]: FLIPH, 1626285835748584446, SEA, -1
<134>2021-07-14T18:04:12Z cache-hnd18722 MEWElogs[390968]: FLIPH, 1626285852162984161, HND, 10
<134>2021-07-14T18:04:12Z cache-sjc10078 MEWElogs[390968]: FLIPH, 1626285852537537991, SJC, -1
<134>2021-07-14T18:04:16Z cache-tyo11974 MEWElogs[390968]: FLIPH, 1626285855133567483, TYO, 10
<134>2021-07-14T18:04:24Z cache-cgh11122 MEWElogs[390968]: FLIPH, 1626285864409687245, CGH, -1
<134>2021-07-14T18:04:28Z cache-cgh11122 MEWElogs[390968]: FLIPH, 1626285867323619362, CGH, 10
<134>2021-07-14T18:04:35Z cache-cgh11122 MEWElogs[390968]: FLIPH, 1626285874728435745, CGH, -1
<134>2021-07-14T18:04:41Z cache-tyo11974 MEWElogs[390968]: FLIPH, 1626285880045813842, TYO, -1
<134>2021-07-14T18:04:46Z cache-cgh11122 MEWElogs[390968]: FLIPH, 1626285884981840966, CGH, -1
<134>2021-07-14T18:04:51Z cache-bma1628 MEWElogs[390968]: FLIPH, 1626285890647665533, BMA, -1
<134>2021-07-14T18:04:54Z cache-cgh11183 MEWElogs[390968]: FLIPH, 1626285893996504512, CGH, -1
<134>2021-07-14T18:05:09Z cache-bma1628 MEWElogs[390968]: FLIPH, 1626285909075819895, BMA, -1
<134>2021-07-14T18:05:13Z cache-sea4483 MEWElogs[390968]: FLIPH, 1626285912653899583, SEA, -1
<134>2021-07-14T18:05:28Z cache-sjc10078 MEWElogs[390968]: FLIPH, 1626285928340744637, SJC, 10
<134>2021-07-14T18:05:34Z cache-sea4483 MEWElogs[390968]: FLIPH, 1626285934696770158, SEA, -1
<134>2021-07-14T18:06:19Z cache-cgh11122 MEWElogs[390968]: FLIPH, 1626285979316092106, CGH, 10
<134>2021-07-14T18:06:40Z cache-yyz4551 MEWElogs[390968]: FLIPH, 1626285999227434366, YYZ, -1
<134>2021-07-14T18:06:48Z cache-cgh11122 MEWElogs[390968]: FLIPH, 1626286007193270424, CGH, -1
<134>2021-07-14T18:06:57Z cache-yyz4551 MEWElogs[390968]: FLIPH, 1626286017236091797, YYZ, -1
<134>2021-07-14T18:07:01Z cache-bma1628 MEWElogs[390968]: FLIPH, 1626286020998383692, BMA, -1
<134>2021-07-14T18:07:19Z cache-sjc10078 MEWElogs[390968]: FLIPH, 1626286038145101603, SJC, -1
<134>2021-07-14T18:07:36Z cache-sea4483 MEWElogs[390968]: FLIPH, 1626286055134258349, SEA, -1
<134>2021-07-14T18:07:59Z cache-bma1628 MEWElogs[390968]: FLIPH, 1626286079595676071, BMA, 10
<134>2021-07-14T18:08:09Z cache-sjc10078 MEWElogs[390968]: FLIPH, 1626286089269600116, SJC, -1
<134>2021-07-14T18:08:10Z cache-cgh11183 MEWElogs[390968]: FLIPH, 1626286090196252383, CGH, 10
<134>2021-07-14T18:08:14Z cache-vie21629 MEWElogs[390968]: FLIPH, 1626286093641843559, VIE, 10
<134>2021-07-14T18:08:15Z cache-bma1628 MEWElogs[390968]: FLIPH, 1626286094915888180, BMA, -1
<134>2021-07-14T18:08:22Z cache-tyo11974 MEWElogs[390968]: FLIPH, 1626286100969410261, TYO, -1
<134>2021-07-14T18:08:22Z cache-yyz4551 MEWElogs[390968]: FLIPH, 1626286102541106815, YYZ, 10
<134>2021-07-14T18:08:30Z cache-sea4483 MEWElogs[390968]: FLIPH, 1626286109796566240, SEA, -1
<134>2021-07-14T18:08:38Z cache-yyz4551 MEWElogs[390968]: FLIPH, 1626286117933591807, YYZ, -1
<134>2021-07-14T18:08:44Z cache-sea4483 MEWElogs[390968]: FLIPH, 1626286123904785192, SEA, 10
<134>2021-07-14T18:08:54Z cache-sjc10078 MEWElogs[390968]: FLIPH, 1626286133616801448, SJC, 10
<134>2021-07-14T18:08:56Z cache-yyz4551 MEWElogs[390968]: FLIPH, 1626286136150401242, YYZ, -1
<134>2021-07-14T18:09:00Z cache-tyo11974 MEWElogs[390968]: FLIPH, 1626286139969249514, TYO, 10
<134>2021-07-14T18:09:15Z cache-sjc10078 MEWElogs[390968]: FLIPH, 1626286154426054905, SJC, 10
<134>2021-07-14T18:09:16Z cache-tyo11974 MEWElogs[390968]: FLIPH, 1626286155630300045, TYO, -1
<134>2021-07-14T18:09:40Z cache-cgh11183 MEWElogs[390968]: FLIPH, 1626286180194055296, CGH, -1
<134>2021-07-14T18:09:51Z cache-cgh11183 MEWElogs[390968]: FLIPH, 1626286190567365277, CGH, -1
<134>2021-07-14T18:10:11Z cache-sea4483 MEWElogs[390968]: FLIPH, 1626286211787134581, SEA, 10
<134>2021-07-14T18:10:27Z cache-cgh11183 MEWElogs[390968]: FLIPH, 1626286226066731841, CGH, 10
<134>2021-07-14T18:10:42Z cache-sea4483 MEWElogs[390968]: FLIPH, 1626286242035331343, SEA, -1
<134>2021-07-14T18:10:45Z cache-vie21629 MEWElogs[390968]: FLIPH, 1626286244085074323, VIE, 10
<134>2021-07-14T18:10:48Z cache-sjc10078 MEWElogs[390968]: FLIPH, 1626286247943152357, SJC, 10
<134>2021-07-14T18:10:57Z cache-sea4483 MEWElogs[390968]: FLIPH, 1626286256436897557, SEA, 10
<134>2021-07-14T18:10:58Z cache-sjc10078 MEWElogs[390968]: FLIPH, 1626286258112926179, SJC, 10
<134>2021-07-14T18:11:09Z cache-sjc10078 MEWElogs[390968]: FLIPH, 1626286268475586959, SJC, 10
<134>2021-07-14T18:11:29Z cache-sjc10078 MEWElogs[390968]: FLIPH, 1626286289151078949, SJC, 10
<134>2021-07-14T18:11:30Z cache-vie21629 MEWElogs[390968]: FLIPH, 1626286289700585983, VIE, 10
<134>2021-07-14T18:11:41Z cache-yyz4551 MEWElogs[390968]: FLIPH, 1626286301490162814, YYZ, -1
<134>2021-07-14T18:11:52Z cache-bma1628 MEWElogs[390968]: FLIPH, 1626286311897825169, BMA, 10
<134>2021-07-14T18:12:03Z cache-yyz4551 MEWElogs[390968]: FLIPH, 1626286322846432110, YYZ, 10
