<134>2021-07-15T04:37:03Z cache-dub4329 MEWElogs[292213]: ROTATE, 1626323822041243427, DUB, 15
<134>2021-07-15T04:37:50Z cache-fra19177 MEWElogs[292213]: ROTATE, 1626323870437105358, FRA, 15
<134>2021-07-15T04:38:21Z cache-hhn4077 MEWElogs[292213]: ROTATE, 1626323901159915195, HHN, 15
<134>2021-07-15T04:38:24Z cache-iah17271 MEWElogs[292213]: ROTATE, 1626323903771013439, IAH, 15
<134>2021-07-15T04:39:02Z cache-den8274 MEWElogs[292213]: ROTATE, 1626323941512814850, DEN, 15
<134>2021-07-15T04:39:07Z cache-jnb7027 MEWElogs[292213]: ROTATE, 1626323946221438679, JNB, 15
<134>2021-07-15T04:40:30Z cache-lcy19283 MEWElogs[292213]: ROTATE, 1626324029890993912, LCY, 15
<134>2021-07-15T04:40:32Z cache-fra19177 MEWElogs[292213]: ROTATE, 1626324031914990172, FRA, 15
<134>2021-07-15T04:40:33Z cache-jnb7027 MEWElogs[292213]: ROTATE, 1626324031948120179, JNB, 15
<134>2021-07-15T04:41:32Z cache-bur17583 MEWElogs[292213]: ROTATE, 1626324091054873232, BUR, 15
<134>2021-07-15T04:41:59Z cache-dal21283 MEWElogs[292213]: ROTATE, 1626324118574224917, DAL, 15
<134>2021-07-15T04:43:08Z cache-bur17583 MEWElogs[292213]: ROTATE, 1626324187880576569, BUR, 15
<134>2021-07-15T04:43:14Z cache-jnb7027 MEWElogs[292213]: ROTATE, 1626324193134493878, JNB, 15
<134>2021-07-15T04:43:33Z cache-hel6829 MEWElogs[292213]: ROTATE, 1626324212833219587, HEL, 15
<134>2021-07-15T04:44:07Z cache-den8274 MEWElogs[292213]: ROTATE, 1626324247248105391, DEN, 15
<134>2021-07-15T04:44:14Z cache-mad22068 MEWElogs[292213]: ROTATE, 1626324253121677528, MAD, 15
<134>2021-07-15T04:44:26Z cache-den8274 MEWElogs[292213]: ROTATE, 1626324265630298412, DEN, 15
<134>2021-07-15T04:44:38Z cache-hel6829 MEWElogs[292213]: ROTATE, 1626324277902044022, HEL, 15
<134>2021-07-15T04:45:06Z cache-hel6829 MEWElogs[292213]: ROTATE, 1626324305679509546, HEL, 15
<134>2021-07-15T04:45:30Z cache-iah17271 MEWElogs[292213]: ROTATE, 1626324330470366835, IAH, 15
<134>2021-07-15T04:46:07Z cache-den8274 MEWElogs[292213]: ROTATE, 1626324366361381110, DEN, 15
<134>2021-07-15T04:46:21Z cache-hel6829 MEWElogs[292213]: ROTATE, 1626324380614628970, HEL, 15
<134>2021-07-15T04:46:37Z cache-bur17583 MEWElogs[292213]: ROTATE, 1626324396464855801, BUR, 15
<134>2021-07-15T04:46:51Z cache-iah17271 MEWElogs[292213]: ROTATE, 1626324410101548407, IAH, 15
