<134>2021-07-15T04:47:03Z cache-jnb7027 MEWElogs[292213]: ROTATE, 1626324422047622500, JNB, 15
<134>2021-07-15T04:47:45Z cache-hel6829 MEWElogs[292213]: ROTATE, 1626324464918806770, HEL, 15
<134>2021-07-15T04:48:32Z cache-hel6829 MEWElogs[292213]: ROTATE, 1626324511512527077, HEL, 15
<134>2021-07-15T04:49:14Z cache-bur17583 MEWElogs[292213]: ROTATE, 1626324553341979762, BUR, 15
<134>2021-07-15T04:49:50Z cache-fra19177 MEWElogs[292213]: ROTATE, 1626324590012445838, FRA, 15
<134>2021-07-15T04:50:05Z cache-hel6829 MEWElogs[292213]: ROTATE, 1626324605214792753, HEL, 15
<134>2021-07-15T04:50:21Z cache-lon4249 MEWElogs[292213]: ROTATE, 1626324621229362910, LON, 15
<134>2021-07-15T04:50:36Z cache-lcy19283 MEWElogs[292213]: ROTATE, 1626324636037129085, LCY, 15
<134>2021-07-15T04:50:39Z cache-mrs10583 MEWElogs[292213]: ROTATE, 1626324638372881335, MRS, 15
<134>2021-07-15T04:52:04Z cache-den8274 MEWElogs[292213]: ROTATE, 1626324724286823210, DEN, 15
<134>2021-07-15T04:52:17Z cache-jnb7027 MEWElogs[292213]: ROTATE, 1626324737216795927, JNB, 15
<134>2021-07-15T04:52:49Z cache-yul12826 MEWElogs[292213]: ROTATE, 1626324768969659040, YUL, 15
<134>2021-07-15T04:53:01Z cache-hkg17929 MEWElogs[292213]: ROTATE, 1626324780466503538, HKG, 15
<134>2021-07-15T04:53:36Z cache-stp9226 MEWElogs[292213]: ROTATE, 1626324815407135067, STP, 15
<134>2021-07-15T04:53:58Z cache-hkg17929 MEWElogs[292213]: ROTATE, 1626324837593620116, HKG, 15
<134>2021-07-15T04:55:13Z cache-stp9226 MEWElogs[292213]: ROTATE, 1626324912526121232, STP, 15
<134>2021-07-15T04:55:16Z cache-yul12826 MEWElogs[292213]: ROTATE, 1626324915063403036, YUL, 15
<134>2021-07-15T04:55:42Z cache-hkg17929 MEWElogs[292213]: ROTATE, 1626324941896967670, HKG, 15
<134>2021-07-15T04:55:46Z cache-mrs10583 MEWElogs[292213]: ROTATE, 1626324945670511868, MRS, 15
<134>2021-07-15T04:56:16Z cache-hkg17929 MEWElogs[292213]: ROTATE, 1626324976043957893, HKG, 15
