<134>2021-07-15T06:19:20Z cache-ord1740 MEWElogs[412844]: UNSH, 1626329959922621633, ORD, 16
<134>2021-07-15T06:20:36Z cache-mdw17383 MEWElogs[412844]: UNSH, 1626330035918732757, MDW, 16
<134>2021-07-15T06:20:46Z cache-ams21020 MEWElogs[412844]: UNSH, 1626330045831672624, AMS, 16
<134>2021-07-15T06:21:09Z cache-mdw17383 MEWElogs[412844]: UNSH, 1626330068984838410, MDW, 16
<134>2021-07-15T06:21:16Z cache-ord1740 MEWElogs[412844]: UNSH, 1626330075244142720, ORD, 16
<134>2021-07-15T06:21:25Z cache-cph20625 MEWElogs[412844]: UNSH, 1626330084074289961, CPH, 16
<134>2021-07-15T06:21:53Z cache-cmh21547 MEWElogs[412844]: UNSH, 1626330112924601627, CMH, 16
<134>2021-07-15T06:21:54Z cache-ams21020 MEWElogs[412844]: UNSH, 1626330113930394118, AMS, 16
<134>2021-07-15T06:22:11Z cache-ams21020 MEWElogs[412844]: UNSH, 1626330131131736308, AMS, 16
<134>2021-07-15T06:22:49Z cache-mdw17383 MEWElogs[412844]: UNSH, 1626330168411934282, MDW, 16
<134>2021-07-15T06:23:18Z cache-pdk17882 MEWElogs[412844]: UNSH, 1626330197097432025, PDK, 16
<134>2021-07-15T06:23:33Z cache-wdc5583 MEWElogs[412844]: UNSH, 1626330212310901193, WDC, 16
<134>2021-07-15T06:24:58Z cache-ord1740 MEWElogs[412844]: UNSH, 1626330297965962913, ORD, 16
<134>2021-07-15T06:25:22Z cache-maa10251 MEWElogs[412844]: UNSH, 1626330322200443084, MAA, 16
<134>2021-07-15T06:25:25Z cache-mdw17383 MEWElogs[412844]: UNSH, 1626330324019383195, MDW, 16
<134>2021-07-15T06:25:44Z cache-dfw18678 MEWElogs[412844]: UNSH, 1626330343361534917, DFW, 16
<134>2021-07-15T06:26:11Z cache-fty21383 MEWElogs[412844]: UNSH, 1626330370837554218, FTY, 16
<134>2021-07-15T06:26:19Z cache-wdc5583 MEWElogs[412844]: UNSH, 1626330378620985749, WDC, 16
<134>2021-07-15T06:26:41Z cache-mdw17383 MEWElogs[412844]: UNSH, 1626330400663979159, MDW, 16
<134>2021-07-15T06:27:26Z cache-mdw17383 MEWElogs[412844]: UNSH, 1626330445423157533, MDW, 16
<134>2021-07-15T06:27:26Z cache-del21735 MEWElogs[412844]: UNSH, 1626330446434393638, DEL, 16
<134>2021-07-15T06:27:27Z cache-chi21126 MEWElogs[412844]: UNSH, 1626330446449415941, CHI, 16
<134>2021-07-15T06:27:45Z cache-bos4657 MEWElogs[412844]: UNSH, 1626330464470277244, BOS, 16
<134>2021-07-15T06:28:31Z cache-fty21383 MEWElogs[412844]: UNSH, 1626330510427808055, FTY, 16
<134>2021-07-15T06:28:35Z cache-chi21126 MEWElogs[412844]: UNSH, 1626330514538344428, CHI, 16
<134>2021-07-15T06:29:06Z cache-dfw18678 MEWElogs[412844]: UNSH, 1626330545642661517, DFW, 16
