<134>2021-07-14T16:42:01Z cache-bog6425 MEWElogs[308969]: FLIPH, 1626280921086909161, BOG, -1
<134>2021-07-14T16:42:17Z cache-maa10251 MEWElogs[308969]: FLIPH, 1626280936856690799, MAA, 10
<134>2021-07-14T16:42:18Z cache-akl10324 MEWElogs[308969]: FLIPH, 1626280937910080245, AKL, -1
<134>2021-07-14T16:42:30Z cache-wdc5583 MEWElogs[308969]: FLIPH, 1626280950139310060, WDC, 10
<134>2021-07-14T16:43:22Z cache-wdc5583 MEWElogs[308969]: FLIPH, 1626281001424608409, WDC, 10
<134>2021-07-14T16:43:28Z cache-eze19324 MEWElogs[308969]: FLIPH, 1626281008417362654, EZE, -1
<134>2021-07-14T16:43:30Z cache-chi21126 MEWElogs[308969]: FLIPH, 1626281010825854953, CHI, -1
<134>2021-07-14T16:43:34Z cache-mdw17383 MEWElogs[308969]: FLIPH, 1626281014666262873, MDW, -1
<134>2021-07-14T16:43:36Z cache-cmh21547 MEWElogs[308969]: FLIPH, 1626281015821296068, CMH, 10
<134>2021-07-14T16:43:40Z cache-eze19324 MEWElogs[308969]: FLIPH, 1626281020421056888, EZE, -1
<134>2021-07-14T16:43:55Z cache-eze19324 MEWElogs[308969]: FLIPH, 1626281035477163778, EZE, 10
<134>2021-07-14T16:44:02Z cache-cph20625 MEWElogs[308969]: FLIPH, 1626281041890333293, CPH, 10
<134>2021-07-14T16:44:09Z cache-wdc5583 MEWElogs[308969]: FLIPH, 1626281048730935056, WDC, -1
<134>2021-07-14T16:44:16Z cache-bos4657 MEWElogs[308969]: FLIPH, 1626281056314406753, BOS, 10
<134>2021-07-14T16:44:21Z cache-akl10324 MEWElogs[308969]: FLIPH, 1626281060222094978, AKL, 10
<134>2021-07-14T16:44:27Z cache-eze19324 MEWElogs[308969]: FLIPH, 1626281067621259777, EZE, -1
<134>2021-07-14T16:45:03Z cache-eze19324 MEWElogs[308969]: FLIPH, 1626281102857479837, EZE, -1
<134>2021-07-14T16:45:31Z cache-akl10324 MEWElogs[308969]: FLIPH, 1626281130486398192, AKL, 10
<134>2021-07-14T16:45:35Z cache-chi21126 MEWElogs[308969]: FLIPH, 1626281135017032982, CHI, -1
<134>2021-07-14T16:45:36Z cache-del21735 MEWElogs[308969]: FLIPH, 1626281136420274371, DEL, -1
<134>2021-07-14T16:45:46Z cache-pwk4920 MEWElogs[308969]: FLIPH, 1626281146535191887, PWK, -1
<134>2021-07-14T16:45:54Z cache-bos4657 MEWElogs[308969]: FLIPH, 1626281152967409762, BOS, -1
<134>2021-07-14T16:46:17Z cache-eze19324 MEWElogs[308969]: FLIPH, 1626281177113731316, EZE, 10
<134>2021-07-14T16:46:40Z cache-pwk4920 MEWElogs[308969]: FLIPH, 1626281199687109281, PWK, 10
<134>2021-07-14T16:46:40Z cache-dub4329 MEWElogs[308969]: FLIPH, 1626281199485445257, DUB, 10
<134>2021-07-14T16:46:51Z cache-chi21126 MEWElogs[308969]: FLIPH, 1626281211041286254, CHI, -1
<134>2021-07-14T16:46:53Z cache-dub4329 MEWElogs[308969]: FLIPH, 1626281212526652086, DUB, -1
<134>2021-07-14T16:47:05Z cache-chi21126 MEWElogs[308969]: FLIPH, 1626281224004937624, CHI, 10
<134>2021-07-14T16:47:11Z cache-cph20625 MEWElogs[308969]: FLIPH, 1626281230924467536, CPH, 10
<134>2021-07-14T16:47:20Z cache-chi21126 MEWElogs[308969]: FLIPH, 1626281240016140770, CHI, -1
<134>2021-07-14T16:47:45Z cache-fty21383 MEWElogs[308969]: FLIPH, 1626281264302400582, FTY, 10
<134>2021-07-14T16:47:53Z cache-hhn4077 MEWElogs[308969]: FLIPH, 1626281273140199950, HHN, -1
<134>2021-07-14T16:47:55Z cache-cph20625 MEWElogs[308969]: FLIPH, 1626281275236952379, CPH, 10
<134>2021-07-14T16:48:10Z cache-chi21126 MEWElogs[308969]: FLIPH, 1626281289524507356, CHI, 10
<134>2021-07-14T16:48:13Z cache-cph20625 MEWElogs[308969]: FLIPH, 1626281292811197749, CPH, -1
<134>2021-07-14T16:48:22Z cache-bos4657 MEWElogs[308969]: FLIPH, 1626281301430561923, BOS, 10
<134>2021-07-14T16:48:27Z cache-fty21383 MEWElogs[308969]: FLIPH, 1626281306638839429, FTY, 10
<134>2021-07-14T16:48:36Z cache-pwk4920 MEWElogs[308969]: FLIPH, 1626281315808027605, PWK, -1
<134>2021-07-14T16:48:55Z cache-del21735 MEWElogs[308969]: FLIPH, 1626281334833061145, DEL, -1
<134>2021-07-14T16:49:52Z cache-del21735 MEWElogs[308969]: FLIPH, 1626281391063892932, DEL, -1
<134>2021-07-14T16:50:28Z cache-cph20625 MEWElogs[308969]: FLIPH, 1626281427487996537, CPH, -1
<134>2021-07-14T16:50:30Z cache-akl10324 MEWElogs[308969]: FLIPH, 1626281429271551265, AKL, -1
<134>2021-07-14T16:50:42Z cache-dfw18678 MEWElogs[308969]: FLIPH, 1626281442157787666, DFW, 10
<134>2021-07-14T16:50:53Z cache-fty21383 MEWElogs[308969]: FLIPH, 1626281453581959348, FTY, -1
<134>2021-07-14T16:50:57Z cache-pwk4920 MEWElogs[308969]: FLIPH, 1626281456249022347, PWK, -1
<134>2021-07-14T16:51:41Z cache-bos4657 MEWElogs[308969]: FLIPH, 1626281500123964259, BOS, 10
