<134>2021-07-14T16:31:48Z cache-dca17782 MEWElogs[369035]: FLIPH, 1626280307898333047, DCA, -1
<134>2021-07-14T16:31:51Z cache-dca17782 MEWElogs[369035]: FLIPH, 1626280310881001933, DCA, 10
<134>2021-07-14T16:32:06Z cache-wdc5583 MEWElogs[369035]: FLIPH, 1626280325279737940, WDC, 10
<134>2021-07-14T16:32:08Z cache-eze19324 MEWElogs[369035]: FLIPH, 1626280328558925431, EZE, 10
<134>2021-07-14T16:32:11Z cache-ams21020 MEWElogs[369035]: FLIPH, 1626280330744833743, AMS, -1
<134>2021-07-14T16:32:14Z cache-ams21020 MEWElogs[369035]: FLIPH, 1626280333643843554, AMS, 10
<134>2021-07-14T16:32:23Z cache-wdc5583 MEWElogs[369035]: FLIPH, 1626280342964527563, WDC, -1
<134>2021-07-14T16:32:25Z cache-pdk17882 MEWElogs[369035]: FLIPH, 1626280344417322304, PDK, -1
<134>2021-07-14T16:32:27Z cache-pdk17882 MEWElogs[369035]: FLIPH, 1626280347264376466, PDK, 10
<134>2021-07-14T16:33:06Z cache-eze19324 MEWElogs[369035]: FLIPH, 1626280385343984938, EZE, -1
<134>2021-07-14T16:33:09Z cache-eze19324 MEWElogs[369035]: FLIPH, 1626280388543018932, EZE, 10
<134>2021-07-14T16:33:24Z cache-ord1740 MEWElogs[369035]: FLIPH, 1626280403264671143, ORD, 10
<134>2021-07-14T16:33:26Z cache-maa10251 MEWElogs[369035]: FLIPH, 1626280406147922199, MAA, 10
<134>2021-07-14T16:33:29Z cache-ord1740 MEWElogs[369035]: FLIPH, 1626280409446818952, ORD, -1
<134>2021-07-14T16:33:33Z cache-maa10251 MEWElogs[369035]: FLIPH, 1626280413557992915, MAA, -1
<134>2021-07-14T16:33:35Z cache-wdc5583 MEWElogs[369035]: FLIPH, 1626280414633962303, WDC, -1
<134>2021-07-14T16:33:36Z cache-maa10251 MEWElogs[369035]: FLIPH, 1626280416283456036, MAA, 10
<134>2021-07-14T16:33:41Z cache-bog6425 MEWElogs[369035]: FLIPH, 1626280421336383423, BOG, -1
<134>2021-07-14T16:34:30Z cache-cmh21547 MEWElogs[369035]: FLIPH, 1626280469948611311, CMH, 10
<134>2021-07-14T16:34:38Z cache-cmh21547 MEWElogs[369035]: FLIPH, 1626280477037129249, CMH, -1
<134>2021-07-14T16:34:42Z cache-pdk17882 MEWElogs[369035]: FLIPH, 1626280481178148726, PDK, -1
<134>2021-07-14T16:35:04Z cache-ord1740 MEWElogs[369035]: FLIPH, 1626280503336153365, ORD, 10
<134>2021-07-14T16:35:04Z cache-eze19324 MEWElogs[369035]: FLIPH, 1626280503332420376, EZE, -1
<134>2021-07-14T16:35:19Z cache-bog6425 MEWElogs[369035]: FLIPH, 1626280518891176119, BOG, -1
<134>2021-07-14T16:35:22Z cache-ord1740 MEWElogs[369035]: FLIPH, 1626280521296320951, ORD, 10
<134>2021-07-14T16:35:28Z cache-ams21020 MEWElogs[369035]: FLIPH, 1626280527612339118, AMS, -1
<134>2021-07-14T16:35:31Z cache-ord1740 MEWElogs[369035]: FLIPH, 1626280530408117627, ORD, 10
<134>2021-07-14T16:35:32Z cache-mdw17383 MEWElogs[369035]: FLIPH, 1626280531282938599, MDW, 10
<134>2021-07-14T16:36:04Z cache-ord1740 MEWElogs[369035]: FLIPH, 1626280564019703338, ORD, -1
<134>2021-07-14T16:36:07Z cache-ord1740 MEWElogs[369035]: FLIPH, 1626280566827028313, ORD, 10
<134>2021-07-14T16:36:11Z cache-dca17782 MEWElogs[369035]: FLIPH, 1626280571499970809, DCA, -1
<134>2021-07-14T16:36:22Z cache-ord1740 MEWElogs[369035]: FLIPH, 1626280582802862955, ORD, -1
<134>2021-07-14T16:36:31Z cache-ams21020 MEWElogs[369035]: FLIPH, 1626280591160687399, AMS, 10
<134>2021-07-14T16:36:45Z cache-ams21020 MEWElogs[369035]: FLIPH, 1626280605051885855, AMS, -1
<134>2021-07-14T16:36:47Z cache-pdk17882 MEWElogs[369035]: FLIPH, 1626280607790783811, PDK, -1
<134>2021-07-14T16:36:55Z cache-mdw17383 MEWElogs[369035]: FLIPH, 1626280615155032917, MDW, -1
<134>2021-07-14T16:37:08Z cache-dca17782 MEWElogs[369035]: FLIPH, 1626280628595331437, DCA, -1
<134>2021-07-14T16:37:11Z cache-maa10251 MEWElogs[369035]: FLIPH, 1626280631470206800, MAA, -1
<134>2021-07-14T16:37:12Z cache-wdc5583 MEWElogs[369035]: FLIPH, 1626280631483636021, WDC, -1
<134>2021-07-14T16:37:20Z cache-ams21020 MEWElogs[369035]: FLIPH, 1626280639759387798, AMS, -1
<134>2021-07-14T16:37:26Z cache-ord1740 MEWElogs[369035]: FLIPH, 1626280646796429401, ORD, -1
<134>2021-07-14T16:37:27Z cache-pdk17882 MEWElogs[369035]: FLIPH, 1626280647034276096, PDK, 10
<134>2021-07-14T16:37:36Z cache-ord1740 MEWElogs[369035]: FLIPH, 1626280655962585281, ORD, -1
<134>2021-07-14T16:37:39Z cache-ord1740 MEWElogs[369035]: FLIPH, 1626280658742071769, ORD, 10
<134>2021-07-14T16:37:54Z cache-wdc5583 MEWElogs[369035]: FLIPH, 1626280674135682489, WDC, -1
<134>2021-07-14T16:37:57Z cache-ord1740 MEWElogs[369035]: FLIPH, 1626280676771842798, ORD, 10
<134>2021-07-14T16:38:03Z cache-ord1740 MEWElogs[369035]: FLIPH, 1626280682933658639, ORD, -1
<134>2021-07-14T16:38:25Z cache-mdw17383 MEWElogs[369035]: FLIPH, 1626280704257509106, MDW, -1
<134>2021-07-14T16:38:28Z cache-bog6425 MEWElogs[369035]: FLIPH, 1626280707779717662, BOG, 10
<134>2021-07-14T16:38:33Z cache-ord1740 MEWElogs[369035]: FLIPH, 1626280712881616952, ORD, 10
<134>2021-07-14T16:38:38Z cache-eze19324 MEWElogs[369035]: FLIPH, 1626280718008127451, EZE, 10
<134>2021-07-14T16:38:45Z cache-ams21020 MEWElogs[369035]: FLIPH, 1626280725388857492, AMS, -1
<134>2021-07-14T16:38:46Z cache-wdc5583 MEWElogs[369035]: FLIPH, 1626280725925337053, WDC, -1
<134>2021-07-14T16:38:50Z cache-mdw17383 MEWElogs[369035]: FLIPH, 1626280730269268489, MDW, 10
<134>2021-07-14T16:39:02Z cache-mdw17383 MEWElogs[369035]: FLIPH, 1626280741125939562, MDW, 10
<134>2021-07-14T16:39:14Z cache-cmh21547 MEWElogs[369035]: FLIPH, 1626280753787869425, CMH, 10
<134>2021-07-14T16:39:59Z cache-pdk17882 MEWElogs[369035]: FLIPH, 1626280799613938974, PDK, -1
<134>2021-07-14T16:40:12Z cache-ams21020 MEWElogs[369035]: FLIPH, 1626280811995515995, AMS, -1
<134>2021-07-14T16:40:15Z cache-wdc5583 MEWElogs[369035]: FLIPH, 1626280814840834779, WDC, 10
<134>2021-07-14T16:40:28Z cache-mdw17383 MEWElogs[369035]: FLIPH, 1626280828232182272, MDW, 10
<134>2021-07-14T16:40:29Z cache-dca17782 MEWElogs[369035]: FLIPH, 1626280829008414338, DCA, 10
<134>2021-07-14T16:40:31Z cache-ord1740 MEWElogs[369035]: FLIPH, 1626280830490729899, ORD, 10
<134>2021-07-14T16:40:32Z cache-ams21020 MEWElogs[369035]: FLIPH, 1626280831657725090, AMS, 10
<134>2021-07-14T16:40:37Z cache-ams21020 MEWElogs[369035]: FLIPH, 1626280836943893395, AMS, -1
<134>2021-07-14T16:40:41Z cache-cmh21547 MEWElogs[369035]: FLIPH, 1626280841009501777, CMH, 10
<134>2021-07-14T16:40:48Z cache-eze19324 MEWElogs[369035]: FLIPH, 1626280847687316144, EZE, 10
<134>2021-07-14T16:41:03Z cache-cmh21547 MEWElogs[369035]: FLIPH, 1626280862903094550, CMH, 10
<134>2021-07-14T16:41:05Z cache-ams21020 MEWElogs[369035]: FLIPH, 1626280864959850683, AMS, 10
<134>2021-07-14T16:41:10Z cache-cmh21547 MEWElogs[369035]: FLIPH, 1626280869952227097, CMH, -1
<134>2021-07-14T16:41:12Z cache-eze19324 MEWElogs[369035]: FLIPH, 1626280871232378314, EZE, 10
<134>2021-07-14T16:41:13Z cache-mdw17383 MEWElogs[369035]: FLIPH, 1626280872767318104, MDW, 10
<134>2021-07-14T16:41:22Z cache-dca17782 MEWElogs[369035]: FLIPH, 1626280881617097856, DCA, -1
<134>2021-07-14T16:41:24Z cache-mdw17383 MEWElogs[369035]: FLIPH, 1626280883965861447, MDW, 10
<134>2021-07-14T16:41:25Z cache-cmh21547 MEWElogs[369035]: FLIPH, 1626280884966816222, CMH, 10
<134>2021-07-14T16:41:34Z cache-ord1740 MEWElogs[369035]: FLIPH, 1626280893467345784, ORD, 10
<134>2021-07-14T16:41:42Z cache-pdk17882 MEWElogs[369035]: FLIPH, 1626280902124507584, PDK, 10
