<134>2021-07-15T01:31:58Z cache-wdc5583 MEWElogs[390968]: GRAY, 1626312717420171632, WDC, 13
<134>2021-07-15T01:32:03Z cache-dfw18678 MEWElogs[390968]: GRAY, 1626312722871547340, DFW, 13
<134>2021-07-15T01:32:12Z cache-wdc5583 MEWElogs[390968]: GRAY, 1626312732100365510, WDC, 13
<134>2021-07-15T01:32:19Z cache-dfw18678 MEWElogs[390968]: GRAY, 1626312738159404548, DFW, 13
<134>2021-07-15T01:32:40Z cache-akl10324 MEWElogs[390968]: GRAY, 1626312759637363089, AKL, 13
<134>2021-07-15T01:32:44Z cache-cph20625 MEWElogs[390968]: GRAY, 1626312763215657581, CPH, 13
<134>2021-07-15T01:33:02Z cache-cph20625 MEWElogs[390968]: GRAY, 1626312781886477965, CPH, 13
<134>2021-07-15T01:33:03Z cache-chi21126 MEWElogs[390968]: GRAY, 1626312783075379494, CHI, 13
<134>2021-07-15T01:33:24Z cache-chi21126 MEWElogs[390968]: GRAY, 1626312803526180564, CHI, 13
<134>2021-07-15T01:33:51Z cache-akl10324 MEWElogs[390968]: GRAY, 1626312830396217297, AKL, 13
<134>2021-07-15T01:34:00Z cache-cph20625 MEWElogs[390968]: GRAY, 1626312839239222249, CPH, 13
<134>2021-07-15T01:34:15Z cache-del21735 MEWElogs[390968]: GRAY, 1626312854699790232, DEL, 13
<134>2021-07-15T01:34:34Z cache-fty21383 MEWElogs[390968]: GRAY, 1626312873217925226, FTY, 13
<134>2021-07-15T01:34:42Z cache-pwk4920 MEWElogs[390968]: GRAY, 1626312881217948437, PWK, 13
<134>2021-07-15T01:34:50Z cache-fty21383 MEWElogs[390968]: GRAY, 1626312889019292164, FTY, 13
<134>2021-07-15T01:34:50Z cache-bos4657 MEWElogs[390968]: GRAY, 1626312890546536885, BOS, 13
<134>2021-07-15T01:34:57Z cache-fra19177 MEWElogs[390968]: GRAY, 1626312896038802513, FRA, 13
<134>2021-07-15T01:35:09Z cache-pwk4920 MEWElogs[390968]: GRAY, 1626312909826927497, PWK, 13
<134>2021-07-15T01:35:11Z cache-hhn4077 MEWElogs[390968]: GRAY, 1626312910655012417, HHN, 13
<134>2021-07-15T01:35:16Z cache-bos4657 MEWElogs[390968]: GRAY, 1626312915258699621, BOS, 13
<134>2021-07-15T01:35:29Z cache-cph20625 MEWElogs[390968]: GRAY, 1626312928266009519, CPH, 13
<134>2021-07-15T01:35:35Z cache-hhn4077 MEWElogs[390968]: GRAY, 1626312934280813100, HHN, 13
<134>2021-07-15T01:35:38Z cache-fty21383 MEWElogs[390968]: GRAY, 1626312937237996863, FTY, 13
<134>2021-07-15T01:35:43Z cache-hhn4077 MEWElogs[390968]: GRAY, 1626312943561101840, HHN, 13
<134>2021-07-15T01:36:05Z cache-bos4657 MEWElogs[390968]: GRAY, 1626312964583499053, BOS, 13
<134>2021-07-15T01:36:09Z cache-chi21126 MEWElogs[390968]: GRAY, 1626312968047881284, CHI, 13
<134>2021-07-15T01:36:11Z cache-bos4657 MEWElogs[390968]: GRAY, 1626312970749816763, BOS, 13
<134>2021-07-15T01:37:00Z cache-fra19177 MEWElogs[390968]: GRAY, 1626313019595916231, FRA, 13
<134>2021-07-15T01:37:03Z cache-fty21383 MEWElogs[390968]: GRAY, 1626313021997210923, FTY, 13
<134>2021-07-15T01:37:14Z cache-del21735 MEWElogs[390968]: GRAY, 1626313033168575794, DEL, 13
<134>2021-07-15T01:37:17Z cache-akl10324 MEWElogs[390968]: GRAY, 1626313036637047726, AKL, 13
<134>2021-07-15T01:37:25Z cache-dfw18678 MEWElogs[390968]: GRAY, 1626313044558068569, DFW, 13
<134>2021-07-15T01:37:26Z cache-del21735 MEWElogs[390968]: GRAY, 1626313045130542739, DEL, 13
<134>2021-07-15T01:37:27Z cache-pwk4920 MEWElogs[390968]: GRAY, 1626313046790562167, PWK, 13
<134>2021-07-15T01:37:49Z cache-del21735 MEWElogs[390968]: GRAY, 1626313067856250209, DEL, 13
<134>2021-07-15T01:37:51Z cache-hhn4077 MEWElogs[390968]: GRAY, 1626313071196246263, HHN, 13
<134>2021-07-15T01:37:54Z cache-del21735 MEWElogs[390968]: GRAY, 1626313073666314097, DEL, 13
<134>2021-07-15T01:38:00Z cache-akl10324 MEWElogs[390968]: GRAY, 1626313079682533347, AKL, 13
<134>2021-07-15T01:38:25Z cache-pwk4920 MEWElogs[390968]: GRAY, 1626313104592362496, PWK, 13
<134>2021-07-15T01:38:25Z cache-fra19177 MEWElogs[390968]: GRAY, 1626313104459010792, FRA, 13
<134>2021-07-15T01:38:30Z cache-fra19177 MEWElogs[390968]: GRAY, 1626313109118276830, FRA, 13
<134>2021-07-15T01:38:45Z cache-chi21126 MEWElogs[390968]: GRAY, 1626313124617869399, CHI, 13
<134>2021-07-15T01:38:54Z cache-fty21383 MEWElogs[390968]: GRAY, 1626313133087253338, FTY, 13
<134>2021-07-15T01:38:58Z cache-hhn4077 MEWElogs[390968]: GRAY, 1626313137328061315, HHN, 13
<134>2021-07-15T01:39:04Z cache-fty21383 MEWElogs[390968]: GRAY, 1626313143533860625, FTY, 13
<134>2021-07-15T01:39:08Z cache-pwk4920 MEWElogs[390968]: GRAY, 1626313147197229752, PWK, 13
<134>2021-07-15T01:39:09Z cache-del21735 MEWElogs[390968]: GRAY, 1626313148424278922, DEL, 13
<134>2021-07-15T01:39:27Z cache-chi21126 MEWElogs[390968]: GRAY, 1626313166154468246, CHI, 13
<134>2021-07-15T01:39:52Z cache-fty21383 MEWElogs[390968]: GRAY, 1626313191395818931, FTY, 13
<134>2021-07-15T01:40:21Z cache-dfw18678 MEWElogs[390968]: GRAY, 1626313220943481188, DFW, 13
<134>2021-07-15T01:40:24Z cache-akl10324 MEWElogs[390968]: GRAY, 1626313223406206658, AKL, 13
<134>2021-07-15T01:40:43Z cache-chi21126 MEWElogs[390968]: GRAY, 1626313243162740574, CHI, 13
<134>2021-07-15T01:41:11Z cache-chi21126 MEWElogs[390968]: GRAY, 1626313270992941885, CHI, 13
<134>2021-07-15T01:41:19Z cache-chi21126 MEWElogs[390968]: GRAY, 1626313278399779622, CHI, 13
<134>2021-07-15T01:41:35Z cache-cwb20520 MEWElogs[390968]: GRAY, 1626313294074852302, CWB, 13
