<134>2021-07-15T06:35:09Z cache-dub4329 MEWElogs[390968]: UNSH, 1626330908080778456, DUB, 16
<134>2021-07-15T06:35:11Z cache-fty21383 MEWElogs[390968]: UNSH, 1626330910593773523, FTY, 16
<134>2021-07-15T06:35:14Z cache-dal21283 MEWElogs[390968]: UNSH, 1626330914117703745, DAL, 16
<134>2021-07-15T06:36:13Z cache-pwk4920 MEWElogs[390968]: UNSH, 1626330972777064559, PWK, 16
<134>2021-07-15T06:36:44Z cache-chi21126 MEWElogs[390968]: UNSH, 1626331003263553445, CHI, 16
<134>2021-07-15T06:37:04Z cache-dub4329 MEWElogs[390968]: UNSH, 1626331023221213997, DUB, 16
<134>2021-07-15T06:37:06Z cache-cwb20520 MEWElogs[390968]: UNSH, 1626331025206975545, CWB, 16
<134>2021-07-15T06:37:28Z cache-dub4329 MEWElogs[390968]: UNSH, 1626331047830971718, DUB, 16
<134>2021-07-15T06:37:29Z cache-pwk4920 MEWElogs[390968]: UNSH, 1626331048474658196, PWK, 16
<134>2021-07-15T06:38:00Z cache-akl10324 MEWElogs[390968]: UNSH, 1626331080389120508, AKL, 16
<134>2021-07-15T06:38:01Z cache-dub4329 MEWElogs[390968]: UNSH, 1626331080861102452, DUB, 16
<134>2021-07-15T06:38:14Z cache-del21735 MEWElogs[390968]: UNSH, 1626331093466956047, DEL, 16
<134>2021-07-15T06:38:20Z cache-dal21283 MEWElogs[390968]: UNSH, 1626331099921962548, DAL, 16
<134>2021-07-15T06:38:39Z cache-cwb20520 MEWElogs[390968]: UNSH, 1626331119200764296, CWB, 16
<134>2021-07-15T06:38:41Z cache-hhn4077 MEWElogs[390968]: UNSH, 1626331121286332089, HHN, 16
<134>2021-07-15T06:38:42Z cache-fty21383 MEWElogs[390968]: UNSH, 1626331121453179121, FTY, 16
<134>2021-07-15T06:38:52Z cache-dal21283 MEWElogs[390968]: UNSH, 1626331131284730969, DAL, 16
<134>2021-07-15T06:38:53Z cache-del21735 MEWElogs[390968]: UNSH, 1626331131916491885, DEL, 16
<134>2021-07-15T06:39:02Z cache-pwk4920 MEWElogs[390968]: UNSH, 1626331142036446208, PWK, 16
<134>2021-07-15T06:39:06Z cache-akl10324 MEWElogs[390968]: UNSH, 1626331146531738229, AKL, 16
<134>2021-07-15T06:39:11Z cache-cwb20520 MEWElogs[390968]: UNSH, 1626331150582835821, CWB, 16
<134>2021-07-15T06:39:12Z cache-dal21283 MEWElogs[390968]: UNSH, 1626331151797769592, DAL, 16
<134>2021-07-15T06:39:21Z cache-bos4657 MEWElogs[390968]: UNSH, 1626331160442083124, BOS, 16
<134>2021-07-15T06:39:23Z cache-dal21283 MEWElogs[390968]: UNSH, 1626331161989259647, DAL, 16
<134>2021-07-15T06:40:15Z cache-akl10324 MEWElogs[390968]: UNSH, 1626331214454985783, AKL, 16
<134>2021-07-15T06:40:42Z cache-chi21126 MEWElogs[390968]: UNSH, 1626331241390337101, CHI, 16
<134>2021-07-15T06:40:57Z cache-del21735 MEWElogs[390968]: UNSH, 1626331256269179875, DEL, 16
<134>2021-07-15T06:41:44Z cache-pwk4920 MEWElogs[390968]: UNSH, 1626331303917809391, PWK, 16
<134>2021-07-15T06:42:07Z cache-dal21283 MEWElogs[390968]: UNSH, 1626331326760417963, DAL, 16
<134>2021-07-15T06:42:29Z cache-akl10324 MEWElogs[390968]: UNSH, 1626331348308303826, AKL, 16
<134>2021-07-15T06:42:30Z cache-den8274 MEWElogs[390968]: UNSH, 1626331349769023932, DEN, 16
<134>2021-07-15T06:42:38Z cache-dal21283 MEWElogs[390968]: UNSH, 1626331357744250479, DAL, 16
<134>2021-07-15T06:42:50Z cache-pwk4920 MEWElogs[390968]: UNSH, 1626331369385595688, PWK, 16
<134>2021-07-15T06:42:52Z cache-iah17271 MEWElogs[390968]: UNSH, 1626331371504112526, IAH, 16
<134>2021-07-15T06:42:59Z cache-hel6829 MEWElogs[390968]: UNSH, 1626331378597762864, HEL, 16
<134>2021-07-15T06:43:20Z cache-hel6829 MEWElogs[390968]: UNSH, 1626331399355425171, HEL, 16
<134>2021-07-15T06:43:26Z cache-iah17271 MEWElogs[390968]: UNSH, 1626331405468206908, IAH, 16
<134>2021-07-15T06:43:37Z cache-iah17271 MEWElogs[390968]: UNSH, 1626331416568138494, IAH, 16
<134>2021-07-15T06:44:07Z cache-lon4249 MEWElogs[390968]: UNSH, 1626331446711468842, LON, 16
<134>2021-07-15T06:44:13Z cache-bur17583 MEWElogs[390968]: UNSH, 1626331453367799684, BUR, 16
<134>2021-07-15T06:44:44Z cache-lcy19283 MEWElogs[390968]: UNSH, 1626331483620784948, LCY, 16
