<134>2021-07-14T18:03:18Z cache-pao17461 MEWElogs[382896]: FLIPH, 1626285797159324609, PAO, -1
<134>2021-07-14T18:03:32Z cache-sjc10078 MEWElogs[382896]: FLIPH, 1626285811688198575, SJC, -1
<134>2021-07-14T18:03:33Z cache-cgh11122 MEWElogs[382896]: FLIPH, 1626285812919014540, CGH, -1
<134>2021-07-14T18:03:42Z cache-sjc10078 MEWElogs[382896]: FLIPH, 1626285821845450592, SJC, -1
<134>2021-07-14T18:03:53Z cache-cgh11183 MEWElogs[382896]: FLIPH, 1626285832644514154, CGH, -1
<134>2021-07-14T18:03:56Z cache-cgh11183 MEWElogs[382896]: FLIPH, 1626285835576470989, CGH, 10
<134>2021-07-14T18:03:57Z cache-cgh11122 MEWElogs[382896]: FLIPH, 1626285836564176596, CGH, 10
<134>2021-07-14T18:04:16Z cache-sjc10078 MEWElogs[382896]: FLIPH, 1626285855716812892, SJC, 10
<134>2021-07-14T18:04:36Z cache-bma1628 MEWElogs[382896]: FLIPH, 1626285875430769022, BMA, 10
<134>2021-07-14T18:04:42Z cache-bma1628 MEWElogs[382896]: FLIPH, 1626285881555268928, BMA, -1
<134>2021-07-14T18:04:43Z cache-tyo11974 MEWElogs[382896]: FLIPH, 1626285882342094358, TYO, 10
<134>2021-07-14T18:04:52Z cache-tyo11974 MEWElogs[382896]: FLIPH, 1626285891389240859, TYO, 10
<134>2021-07-14T18:04:54Z cache-sea4483 MEWElogs[382896]: FLIPH, 1626285894182667455, SEA, 10
<134>2021-07-14T18:04:59Z cache-tyo11974 MEWElogs[382896]: FLIPH, 1626285898258823120, TYO, -1
<134>2021-07-14T18:05:35Z cache-sjc10078 MEWElogs[382896]: FLIPH, 1626285935504749115, SJC, -1
<134>2021-07-14T18:05:44Z cache-tyo11974 MEWElogs[382896]: FLIPH, 1626285943823115526, TYO, -1
<134>2021-07-14T18:05:47Z cache-cgh11122 MEWElogs[382896]: FLIPH, 1626285946277309152, CGH, -1
<134>2021-07-14T18:06:11Z cache-sea4483 MEWElogs[382896]: FLIPH, 1626285971022336404, SEA, 10
<134>2021-07-14T18:06:17Z cache-cgh11122 MEWElogs[382896]: FLIPH, 1626285976385868773, CGH, -1
<134>2021-07-14T18:06:37Z cache-sjc10078 MEWElogs[382896]: FLIPH, 1626285996929653853, SJC, -1
<134>2021-07-14T18:06:39Z cache-tyo11974 MEWElogs[382896]: FLIPH, 1626285999120454519, TYO, -1
<134>2021-07-14T18:06:49Z cache-tyo11974 MEWElogs[382896]: FLIPH, 1626286008705856928, TYO, -1
<134>2021-07-14T18:07:03Z cache-sea4483 MEWElogs[382896]: FLIPH, 1626286022634706096, SEA, -1
<134>2021-07-14T18:07:08Z cache-sjc10078 MEWElogs[382896]: FLIPH, 1626286027746068126, SJC, -1
<134>2021-07-14T18:07:13Z cache-bma1628 MEWElogs[382896]: FLIPH, 1626286033307886519, BMA, 10
<134>2021-07-14T18:07:29Z cache-vie21629 MEWElogs[382896]: FLIPH, 1626286048448048810, VIE, 10
<134>2021-07-14T18:07:45Z cache-tyo11974 MEWElogs[382896]: FLIPH, 1626286064181409216, TYO, -1
<134>2021-07-14T18:07:58Z cache-cgh11183 MEWElogs[382896]: FLIPH, 1626286077576014295, CGH, -1
<134>2021-07-14T18:07:59Z cache-vie21629 MEWElogs[382896]: FLIPH, 1626286078597353896, VIE, 10
<134>2021-07-14T18:08:01Z cache-cgh11183 MEWElogs[382896]: FLIPH, 1626286080442248437, CGH, 10
<134>2021-07-14T18:08:02Z cache-sjc10078 MEWElogs[382896]: FLIPH, 1626286082158279503, SJC, 10
<134>2021-07-14T18:08:04Z cache-yyz4551 MEWElogs[382896]: FLIPH, 1626286084279828140, YYZ, 10
<134>2021-07-14T18:09:02Z cache-sea4483 MEWElogs[382896]: FLIPH, 1626286141828819723, SEA, -1
<134>2021-07-14T18:09:07Z cache-tyo11974 MEWElogs[382896]: FLIPH, 1626286146599231724, TYO, -1
<134>2021-07-14T18:09:12Z cache-sea4483 MEWElogs[382896]: FLIPH, 1626286152874826935, SEA, -1
<134>2021-07-14T18:09:14Z cache-bma1628 MEWElogs[382896]: FLIPH, 1626286153381360447, BMA, 10
<134>2021-07-14T18:09:34Z cache-tyo11974 MEWElogs[382896]: FLIPH, 1626286173878194935, TYO, -1
<134>2021-07-14T18:09:36Z cache-sjc10078 MEWElogs[382896]: FLIPH, 1626286175424408499, SJC, 10
<134>2021-07-14T18:09:37Z cache-tyo11974 MEWElogs[382896]: FLIPH, 1626286176310413178, TYO, 10
<134>2021-07-14T18:09:50Z cache-bma1628 MEWElogs[382896]: FLIPH, 1626286190419770808, BMA, 10
<134>2021-07-14T18:10:10Z cache-bma1628 MEWElogs[382896]: FLIPH, 1626286209517989299, BMA, 10
<134>2021-07-14T18:10:24Z cache-sea4483 MEWElogs[382896]: FLIPH, 1626286223420830798, SEA, 10
<134>2021-07-14T18:10:25Z cache-sjc10078 MEWElogs[382896]: FLIPH, 1626286224086924660, SJC, -1
<134>2021-07-14T18:10:49Z cache-yyz4551 MEWElogs[382896]: FLIPH, 1626286249037119894, YYZ, 10
<134>2021-07-14T18:10:53Z cache-sea4483 MEWElogs[382896]: FLIPH, 1626286253006771682, SEA, -1
<134>2021-07-14T18:11:08Z cache-yyz4551 MEWElogs[382896]: FLIPH, 1626286267817154270, YYZ, 10
<134>2021-07-14T18:11:14Z cache-yyz4551 MEWElogs[382896]: FLIPH, 1626286274083181901, YYZ, -1
<134>2021-07-14T18:11:15Z cache-cgh11183 MEWElogs[382896]: FLIPH, 1626286274420637036, CGH, -1
<134>2021-07-14T18:11:25Z cache-cgh11183 MEWElogs[382896]: FLIPH, 1626286284787741704, CGH, -1
<134>2021-07-14T18:11:29Z cache-sea4483 MEWElogs[382896]: FLIPH, 1626286289533818925, SEA, 10
<134>2021-07-14T18:11:49Z cache-sea4483 MEWElogs[382896]: FLIPH, 1626286308342545191, SEA, -1
<134>2021-07-14T18:11:59Z cache-cgh11183 MEWElogs[382896]: FLIPH, 1626286318936449078, CGH, 10
<134>2021-07-14T18:12:06Z cache-cgh11183 MEWElogs[382896]: FLIPH, 1626286326323688150, CGH, -1
<134>2021-07-14T18:13:09Z cache-cgh11183 MEWElogs[382896]: FLIPH, 1626286388678616847, CGH, -1
