<134>2021-07-14T16:32:51Z cache-cmh21547 MEWElogs[370074]: FLIPH, 1626280371613128444, CMH, 10
<134>2021-07-14T16:33:04Z cache-pdk17882 MEWElogs[370074]: FLIPH, 1626280384361721999, PDK, 10
<134>2021-07-14T16:34:17Z cache-wdc5583 MEWElogs[370074]: FLIPH, 1626280456939301076, WDC, -1
<134>2021-07-14T16:34:23Z cache-bog6425 MEWElogs[370074]: FLIPH, 1626280462750783523, BOG, 10
<134>2021-07-14T16:34:27Z cache-maa10251 MEWElogs[370074]: FLIPH, 1626280466052838008, MAA, 10
<134>2021-07-14T16:34:32Z cache-ams21020 MEWElogs[370074]: FLIPH, 1626280471101076164, AMS, 10
<134>2021-07-14T16:34:40Z cache-ams21020 MEWElogs[370074]: FLIPH, 1626280479850974806, AMS, 10
<134>2021-07-14T16:34:50Z cache-bog6425 MEWElogs[370074]: FLIPH, 1626280489195948293, BOG, -1
<134>2021-07-14T16:35:10Z cache-wdc5583 MEWElogs[370074]: FLIPH, 1626280509124441817, WDC, -1
<134>2021-07-14T16:35:28Z cache-dca17782 MEWElogs[370074]: FLIPH, 1626280528037821742, DCA, 10
<134>2021-07-14T16:35:36Z cache-maa10251 MEWElogs[370074]: FLIPH, 1626280535645906093, MAA, 10
<134>2021-07-14T16:36:24Z cache-wdc5583 MEWElogs[370074]: FLIPH, 1626280583921054862, WDC, 10
<134>2021-07-14T16:37:05Z cache-wdc5583 MEWElogs[370074]: FLIPH, 1626280624937779458, WDC, 10
<134>2021-07-14T16:37:31Z cache-cmh21547 MEWElogs[370074]: FLIPH, 1626280651366779756, CMH, -1
<134>2021-07-14T16:37:47Z cache-dca17782 MEWElogs[370074]: FLIPH, 1626280666286413569, DCA, -1
<134>2021-07-14T16:38:22Z cache-pdk17882 MEWElogs[370074]: FLIPH, 1626280701567756569, PDK, 10
<134>2021-07-14T16:38:50Z cache-eze19324 MEWElogs[370074]: FLIPH, 1626280730145605671, EZE, 10
<134>2021-07-14T16:38:53Z cache-cmh21547 MEWElogs[370074]: FLIPH, 1626280732029011308, CMH, 10
<134>2021-07-14T16:39:00Z cache-ord1740 MEWElogs[370074]: FLIPH, 1626280739926005391, ORD, 10
<134>2021-07-14T16:39:10Z cache-cmh21547 MEWElogs[370074]: FLIPH, 1626280749891247800, CMH, -1
<134>2021-07-14T16:39:41Z cache-maa10251 MEWElogs[370074]: FLIPH, 1626280780920387223, MAA, 10
<134>2021-07-14T16:39:50Z cache-ams21020 MEWElogs[370074]: FLIPH, 1626280789146938928, AMS, 10
<134>2021-07-14T16:40:00Z cache-wdc5583 MEWElogs[370074]: FLIPH, 1626280800486115912, WDC, -1
<134>2021-07-14T16:40:11Z cache-pdk17882 MEWElogs[370074]: FLIPH, 1626280811595228249, PDK, 10
<134>2021-07-14T16:40:30Z cache-maa10251 MEWElogs[370074]: FLIPH, 1626280829563426219, MAA, 10
<134>2021-07-14T16:40:47Z cache-maa10251 MEWElogs[370074]: FLIPH, 1626280846456133287, MAA, -1
<134>2021-07-14T16:40:53Z cache-pdk17882 MEWElogs[370074]: FLIPH, 1626280853888643505, PDK, -1
<134>2021-07-14T16:40:54Z cache-dca17782 MEWElogs[370074]: FLIPH, 1626280854104798248, DCA, -1
<134>2021-07-14T16:41:09Z cache-mdw17383 MEWElogs[370074]: FLIPH, 1626280869324697829, MDW, -1
<134>2021-07-14T16:41:58Z cache-eze19324 MEWElogs[370074]: FLIPH, 1626280917765996226, EZE, 10
<134>2021-07-14T16:42:01Z cache-cph20625 MEWElogs[370074]: FLIPH, 1626280919989344383, CPH, 10
<134>2021-07-14T16:42:06Z cache-wdc5583 MEWElogs[370074]: FLIPH, 1626280926423983761, WDC, -1
<134>2021-07-14T16:42:11Z cache-cph20625 MEWElogs[370074]: FLIPH, 1626280930937632310, CPH, 10
<134>2021-07-14T16:42:27Z cache-wdc5583 MEWElogs[370074]: FLIPH, 1626280946949126702, WDC, -1
<134>2021-07-14T16:42:31Z cache-bog6425 MEWElogs[370074]: FLIPH, 1626280950545632533, BOG, -1
<134>2021-07-14T16:42:35Z cache-chi21126 MEWElogs[370074]: FLIPH, 1626280955171003183, CHI, -1
<134>2021-07-14T16:42:38Z cache-cmh21547 MEWElogs[370074]: FLIPH, 1626280957691928436, CMH, -1
<134>2021-07-14T16:42:39Z cache-mdw17383 MEWElogs[370074]: FLIPH, 1626280958666625064, MDW, -1
