<134>2021-07-15T02:01:48Z cache-mia11368 MEWElogs[21956]: GRAY, 1626314508601273208, MIA, 13
<134>2021-07-15T02:02:02Z cache-mel11272 MEWElogs[21956]: GRAY, 1626314521173974495, MEL, 13
<134>2021-07-15T02:02:04Z cache-jax20933 MEWElogs[21956]: GRAY, 1626314523762286266, JAX, 13
<134>2021-07-15T02:02:14Z cache-lga21983 MEWElogs[21956]: GRAY, 1626314534886680357, LGA, 13
<134>2021-07-15T02:02:19Z cache-mia11368 MEWElogs[21956]: GRAY, 1626314538805103297, MIA, 13
<134>2021-07-15T02:02:22Z cache-jax20933 MEWElogs[21956]: GRAY, 1626314541616042453, JAX, 13
<134>2021-07-15T02:02:32Z cache-yul12826 MEWElogs[21956]: GRAY, 1626314552294271303, YUL, 13
<134>2021-07-15T02:02:37Z cache-mel11272 MEWElogs[21956]: GRAY, 1626314556751666552, MEL, 13
<134>2021-07-15T02:02:39Z cache-yul12826 MEWElogs[21956]: GRAY, 1626314558691105421, YUL, 13
<134>2021-07-15T02:02:40Z cache-mci5951 MEWElogs[21956]: GRAY, 1626314560661218915, MCI, 13
<134>2021-07-15T02:03:15Z cache-jax20933 MEWElogs[21956]: GRAY, 1626314595247290464, JAX, 13
<134>2021-07-15T02:03:22Z cache-lga21983 MEWElogs[21956]: GRAY, 1626314601513040072, LGA, 13
<134>2021-07-15T02:03:40Z cache-mia11368 MEWElogs[21956]: GRAY, 1626314619621884812, MIA, 13
<134>2021-07-15T02:03:40Z cache-hkg17929 MEWElogs[21956]: GRAY, 1626314620367158929, HKG, 13
<134>2021-07-15T02:03:47Z cache-stp9226 MEWElogs[21956]: GRAY, 1626314626051506497, STP, 13
<134>2021-07-15T02:03:47Z cache-cdg20720 MEWElogs[21956]: GRAY, 1626314626368950721, CDG, 13
<134>2021-07-15T02:04:01Z cache-yul12826 MEWElogs[21956]: GRAY, 1626314640883259873, YUL, 13
<134>2021-07-15T02:04:07Z cache-yul12826 MEWElogs[21956]: GRAY, 1626314646942731677, YUL, 13
<134>2021-07-15T02:04:09Z cache-jax20933 MEWElogs[21956]: GRAY, 1626314648637993255, JAX, 13
<134>2021-07-15T02:04:15Z cache-gig17035 MEWElogs[21956]: GRAY, 1626314655188883641, GIG, 13
<134>2021-07-15T02:04:16Z cache-mel11272 MEWElogs[21956]: GRAY, 1626314655903058374, MEL, 13
<134>2021-07-15T02:04:24Z cache-mel11272 MEWElogs[21956]: GRAY, 1626314663001436530, MEL, 13
<134>2021-07-15T02:04:51Z cache-ewr18156 MEWElogs[21956]: GRAY, 1626314690914461223, EWR, 13
<134>2021-07-15T02:04:52Z cache-yul12826 MEWElogs[21956]: GRAY, 1626314691240756367, YUL, 13
<134>2021-07-15T02:04:52Z cache-mel11272 MEWElogs[21956]: GRAY, 1626314691095433760, MEL, 13
<134>2021-07-15T02:04:53Z cache-lga21983 MEWElogs[21956]: GRAY, 1626314693396837750, LGA, 13
<134>2021-07-15T02:05:07Z cache-lga21983 MEWElogs[21956]: GRAY, 1626314706632939141, LGA, 13
<134>2021-07-15T02:05:30Z cache-cdg20720 MEWElogs[21956]: GRAY, 1626314729607429823, CDG, 13
<134>2021-07-15T02:05:34Z cache-lax10677 MEWElogs[21956]: GRAY, 1626314733727842010, LGB, 13
<134>2021-07-15T02:05:34Z cache-mel11272 MEWElogs[21956]: GRAY, 1626314733514560123, MEL, 13
<134>2021-07-15T02:05:41Z cache-yul12826 MEWElogs[21956]: GRAY, 1626314741513969377, YUL, 13
<134>2021-07-15T02:05:50Z cache-gig17035 MEWElogs[21956]: GRAY, 1626314749612453525, GIG, 13
<134>2021-07-15T02:06:14Z cache-osl6529 MEWElogs[21956]: GRAY, 1626314773812462079, OSL, 13
<134>2021-07-15T02:06:23Z cache-mel11272 MEWElogs[21956]: GRAY, 1626314782811529454, MEL, 13
<134>2021-07-15T02:06:33Z cache-osl6529 MEWElogs[21956]: GRAY, 1626314792387497552, OSL, 13
<134>2021-07-15T02:06:44Z cache-mel11272 MEWElogs[21956]: GRAY, 1626314803823325046, MEL, 13
<134>2021-07-15T02:06:56Z cache-ewr18156 MEWElogs[21956]: GRAY, 1626314815469982012, EWR, 13
<134>2021-07-15T02:07:10Z cache-osl6529 MEWElogs[21956]: GRAY, 1626314829631406957, OSL, 13
<134>2021-07-15T02:07:15Z cache-osl6529 MEWElogs[21956]: GRAY, 1626314834193827507, OSL, 13
<134>2021-07-15T02:07:26Z cache-mel11272 MEWElogs[21956]: GRAY, 1626314845848271848, MEL, 13
<134>2021-07-15T02:07:31Z cache-gru17149 MEWElogs[21956]: GRAY, 1626314850244423851, GRU, 13
<134>2021-07-15T02:07:33Z cache-mel11272 MEWElogs[21956]: GRAY, 1626314852759479677, MEL, 13
<134>2021-07-15T02:07:41Z cache-yul12826 MEWElogs[21956]: GRAY, 1626314861115632733, YUL, 13
<134>2021-07-15T02:07:53Z cache-jax20933 MEWElogs[21956]: GRAY, 1626314873034196212, JAX, 13
<134>2021-07-15T02:08:04Z cache-cdg20720 MEWElogs[21956]: GRAY, 1626314883895519650, CDG, 13
<134>2021-07-15T02:08:16Z cache-mel11272 MEWElogs[21956]: GRAY, 1626314895210326279, MEL, 13
<134>2021-07-15T02:08:22Z cache-gru17149 MEWElogs[21956]: GRAY, 1626314900955382955, GRU, 13
<134>2021-07-15T02:09:21Z cache-cdg20720 MEWElogs[21956]: GRAY, 1626314960337896734, CDG, 13
<134>2021-07-15T02:09:21Z cache-ewr18156 MEWElogs[21956]: GRAY, 1626314961498963406, EWR, 13
<134>2021-07-15T02:09:51Z cache-bom4751 MEWElogs[21956]: GRAY, 1626314990214451084, BOM, 13
<134>2021-07-15T02:10:03Z cache-gru17149 MEWElogs[21956]: GRAY, 1626315002386880127, GRU, 13
<134>2021-07-15T02:10:04Z cache-ewr18156 MEWElogs[21956]: GRAY, 1626315004265059941, EWR, 13
<134>2021-07-15T02:10:15Z cache-stl4834 MEWElogs[21956]: GRAY, 1626315015276762847, STL, 13
<134>2021-07-15T02:10:21Z cache-syd10183 MEWElogs[21956]: GRAY, 1626315020802675157, SYD, 13
<134>2021-07-15T02:10:22Z cache-gru17149 MEWElogs[21956]: GRAY, 1626315021412127319, GRU, 13
<134>2021-07-15T02:10:28Z cache-syd10183 MEWElogs[21956]: GRAY, 1626315027828682529, SYD, 13
<134>2021-07-15T02:10:37Z cache-cdg20720 MEWElogs[21956]: GRAY, 1626315036266467741, CDG, 13
<134>2021-07-15T02:11:11Z cache-stl4834 MEWElogs[21956]: GRAY, 1626315070824527057, STL, 13
