<134>2021-07-15T01:42:54Z cache-lcy19283 MEWElogs[322023]: GRAY, 1626313373049599855, LCY, 13
<134>2021-07-15T01:43:12Z cache-lon4249 MEWElogs[322023]: GRAY, 1626313391796539408, LON, 13
<134>2021-07-15T01:43:17Z cache-den8274 MEWElogs[322023]: GRAY, 1626313396938797142, DEN, 13
<134>2021-07-15T01:43:17Z cache-cwb20520 MEWElogs[322023]: GRAY, 1626313396714112471, CWB, 13
<134>2021-07-15T01:43:23Z cache-jnb7027 MEWElogs[322023]: GRAY, 1626313401835073523, JNB, 13
<134>2021-07-15T01:43:30Z cache-cwb20520 MEWElogs[322023]: GRAY, 1626313409888573583, CWB, 13
<134>2021-07-15T01:43:35Z cache-den8274 MEWElogs[322023]: GRAY, 1626313414689589512, DEN, 13
<134>2021-07-15T01:43:41Z cache-jnb7027 MEWElogs[322023]: GRAY, 1626313420203236326, JNB, 13
<134>2021-07-15T01:43:45Z cache-lon4249 MEWElogs[322023]: GRAY, 1626313424355900667, LON, 13
<134>2021-07-15T01:43:50Z cache-bur17583 MEWElogs[322023]: GRAY, 1626313430766028756, BUR, 13
<134>2021-07-15T01:45:06Z cache-lcy19283 MEWElogs[322023]: GRAY, 1626313505750989901, LCY, 13
<134>2021-07-15T01:45:39Z cache-dal21283 MEWElogs[322023]: GRAY, 1626313538508340391, DAL, 13
<134>2021-07-15T01:45:56Z cache-den8274 MEWElogs[322023]: GRAY, 1626313555916029470, DEN, 13
<134>2021-07-15T01:46:10Z cache-lcy19283 MEWElogs[322023]: GRAY, 1626313569245938313, LCY, 13
<134>2021-07-15T01:46:34Z cache-bur17583 MEWElogs[322023]: GRAY, 1626313594419540424, BUR, 13
<134>2021-07-15T01:46:36Z cache-dal21283 MEWElogs[322023]: GRAY, 1626313595360277667, DAL, 13
<134>2021-07-15T01:46:58Z cache-hel6829 MEWElogs[322023]: GRAY, 1626313617694774893, HEL, 13
<134>2021-07-15T01:47:00Z cache-iah17271 MEWElogs[322023]: GRAY, 1626313619435174213, IAH, 13
<134>2021-07-15T01:47:16Z cache-mad22068 MEWElogs[322023]: GRAY, 1626313635631361018, MAD, 13
<134>2021-07-15T01:47:23Z cache-hel6829 MEWElogs[322023]: GRAY, 1626313642637142441, HEL, 13
<134>2021-07-15T01:47:36Z cache-mad22068 MEWElogs[322023]: GRAY, 1626313655945496515, MAD, 13
<134>2021-07-15T01:48:01Z cache-mad22068 MEWElogs[322023]: GRAY, 1626313680835101760, MAD, 13
<134>2021-07-15T01:48:40Z cache-mad22068 MEWElogs[322023]: GRAY, 1626313720652136994, MAD, 13
<134>2021-07-15T01:48:51Z cache-iah17271 MEWElogs[322023]: GRAY, 1626313731165319919, IAH, 13
<134>2021-07-15T01:48:56Z cache-mad22068 MEWElogs[322023]: GRAY, 1626313735908620337, MAD, 13
<134>2021-07-15T01:48:58Z cache-bur17583 MEWElogs[322023]: GRAY, 1626313738154296130, BUR, 13
<134>2021-07-15T01:50:04Z cache-lon4249 MEWElogs[322023]: GRAY, 1626313803508888956, LON, 13
<134>2021-07-15T01:50:09Z cache-den8274 MEWElogs[322023]: GRAY, 1626313808908563854, DEN, 13
<134>2021-07-15T01:50:26Z cache-dal21283 MEWElogs[322023]: GRAY, 1626313825715672256, DAL, 13
<134>2021-07-15T01:50:30Z cache-cwb20520 MEWElogs[322023]: GRAY, 1626313829479774392, CWB, 13
<134>2021-07-15T01:50:33Z cache-dal21283 MEWElogs[322023]: GRAY, 1626313833417745496, DAL, 13
<134>2021-07-15T01:50:36Z cache-lon4249 MEWElogs[322023]: GRAY, 1626313835954931279, LON, 13
<134>2021-07-15T01:51:14Z cache-bur17583 MEWElogs[322023]: GRAY, 1626313873606813293, BUR, 13
<134>2021-07-15T01:52:14Z cache-den8274 MEWElogs[322023]: GRAY, 1626313933725162565, DEN, 13
<134>2021-07-15T01:52:18Z cache-bur17583 MEWElogs[322023]: GRAY, 1626313938280511442, BUR, 13
<134>2021-07-15T01:52:20Z cache-den8274 MEWElogs[322023]: GRAY, 1626313939670067531, DEN, 13
<134>2021-07-15T01:52:26Z cache-den8274 MEWElogs[322023]: GRAY, 1626313945526806203, DEN, 13
<134>2021-07-15T01:52:33Z cache-jnb7027 MEWElogs[322023]: GRAY, 1626313951977779186, JNB, 13
<134>2021-07-15T01:52:49Z cache-dal21283 MEWElogs[322023]: GRAY, 1626313968789292833, DAL, 13
