<134>2021-07-15T01:31:40Z cache-dca17782 MEWElogs[355776]: GRAY, 1626312700181085819, DCA, 13
<134>2021-07-15T01:31:41Z cache-dfw18678 MEWElogs[355776]: GRAY, 1626312700137670084, DFW, 13
<134>2021-07-15T01:31:42Z cache-chi21126 MEWElogs[355776]: GRAY, 1626312701256180746, CHI, 13
<134>2021-07-15T01:31:59Z cache-cph20625 MEWElogs[355776]: GRAY, 1626312718818772238, CPH, 13
<134>2021-07-15T01:32:27Z cache-bog6425 MEWElogs[355776]: GRAY, 1626312747125851938, BOG, 13
<134>2021-07-15T01:32:38Z cache-cph20625 MEWElogs[355776]: GRAY, 1626312757002521882, CPH, 13
<134>2021-07-15T01:32:40Z cache-bos4657 MEWElogs[355776]: GRAY, 1626312759945911059, BOS, 13
<134>2021-07-15T01:32:41Z cache-wdc5583 MEWElogs[355776]: GRAY, 1626312760586247582, WDC, 13
<134>2021-07-15T01:32:47Z cache-bos4657 MEWElogs[355776]: GRAY, 1626312766394294524, BOS, 13
<134>2021-07-15T01:33:18Z cache-bos4657 MEWElogs[355776]: GRAY, 1626312797479663878, BOS, 13
<134>2021-07-15T01:33:23Z cache-del21735 MEWElogs[355776]: GRAY, 1626312802749726272, DEL, 13
<134>2021-07-15T01:33:47Z cache-del21735 MEWElogs[355776]: GRAY, 1626312825987536728, DEL, 13
<134>2021-07-15T01:34:13Z cache-dfw18678 MEWElogs[355776]: GRAY, 1626312852494534701, DFW, 13
<134>2021-07-15T01:34:23Z cache-fty21383 MEWElogs[355776]: GRAY, 1626312862695864215, FTY, 13
<134>2021-07-15T01:34:38Z cache-cph20625 MEWElogs[355776]: GRAY, 1626312877315790494, CPH, 13
<134>2021-07-15T01:34:47Z cache-fra19177 MEWElogs[355776]: GRAY, 1626312886513541081, FRA, 13
<134>2021-07-15T01:36:15Z cache-chi21126 MEWElogs[355776]: GRAY, 1626312974931593489, CHI, 13
<134>2021-07-15T01:36:16Z cache-dfw18678 MEWElogs[355776]: GRAY, 1626312975892908864, DFW, 13
<134>2021-07-15T01:36:22Z cache-pwk4920 MEWElogs[355776]: GRAY, 1626312981834343720, PWK, 13
<134>2021-07-15T01:36:41Z cache-bos4657 MEWElogs[355776]: GRAY, 1626313001873312814, BOS, 13
<134>2021-07-15T01:36:49Z cache-akl10324 MEWElogs[355776]: GRAY, 1626313008652856576, AKL, 13
<134>2021-07-15T01:37:03Z cache-akl10324 MEWElogs[355776]: GRAY, 1626313022684333474, AKL, 13
<134>2021-07-15T01:37:05Z cache-hhn4077 MEWElogs[355776]: GRAY, 1626313024453092029, HHN, 13
<134>2021-07-15T01:37:38Z cache-bos4657 MEWElogs[355776]: GRAY, 1626313057577570715, BOS, 13
<134>2021-07-15T01:37:48Z cache-cph20625 MEWElogs[355776]: GRAY, 1626313067308427991, CPH, 13
<134>2021-07-15T01:37:49Z cache-pwk4920 MEWElogs[355776]: GRAY, 1626313068473461143, PWK, 13
<134>2021-07-15T01:37:54Z cache-cph20625 MEWElogs[355776]: GRAY, 1626313073436604550, CPH, 13
<134>2021-07-15T01:37:56Z cache-fty21383 MEWElogs[355776]: GRAY, 1626313075226225347, FTY, 13
<134>2021-07-15T01:38:22Z cache-fty21383 MEWElogs[355776]: GRAY, 1626313101475525545, FTY, 13
<134>2021-07-15T01:38:39Z cache-hhn4077 MEWElogs[355776]: GRAY, 1626313118859409367, HHN, 13
<134>2021-07-15T01:38:46Z cache-pwk4920 MEWElogs[355776]: GRAY, 1626313125727599069, PWK, 13
<134>2021-07-15T01:38:48Z cache-hhn4077 MEWElogs[355776]: GRAY, 1626313128109522617, HHN, 13
<134>2021-07-15T01:38:48Z cache-fty21383 MEWElogs[355776]: GRAY, 1626313127734276912, FTY, 13
<134>2021-07-15T01:38:49Z cache-dfw18678 MEWElogs[355776]: GRAY, 1626313129069613882, DFW, 13
<134>2021-07-15T01:38:58Z cache-akl10324 MEWElogs[355776]: GRAY, 1626313137237947901, AKL, 13
<134>2021-07-15T01:39:13Z cache-dfw18678 MEWElogs[355776]: GRAY, 1626313152301870894, DFW, 13
<134>2021-07-15T01:39:28Z cache-dfw18678 MEWElogs[355776]: GRAY, 1626313167558312246, DFW, 13
<134>2021-07-15T01:39:40Z cache-hhn4077 MEWElogs[355776]: GRAY, 1626313179684670297, HHN, 13
<134>2021-07-15T01:39:43Z cache-dfw18678 MEWElogs[355776]: GRAY, 1626313182571465571, DFW, 13
<134>2021-07-15T01:39:59Z cache-bos4657 MEWElogs[355776]: GRAY, 1626313199441716045, BOS, 13
<134>2021-07-15T01:40:05Z cache-pwk4920 MEWElogs[355776]: GRAY, 1626313204926279035, PWK, 13
<134>2021-07-15T01:40:51Z cache-hel6829 MEWElogs[355776]: GRAY, 1626313250187279937, HEL, 13
<134>2021-07-15T01:41:28Z cache-del21735 MEWElogs[355776]: GRAY, 1626313287136433485, DEL, 13
<134>2021-07-15T01:41:34Z cache-hel6829 MEWElogs[355776]: GRAY, 1626313293358359380, HEL, 13
