<134>2021-07-14T16:31:57Z cache-mdw17383 MEWElogs[355776]: FLIPH, 1626280316787200898, MDW, -1
<134>2021-07-14T16:32:33Z cache-eze19324 MEWElogs[355776]: FLIPH, 1626280352038952126, EZE, 10
<134>2021-07-14T16:32:34Z cache-pdk17882 MEWElogs[355776]: FLIPH, 1626280353400639314, PDK, -1
<134>2021-07-14T16:32:38Z cache-ord1740 MEWElogs[355776]: FLIPH, 1626280357316402120, ORD, 10
<134>2021-07-14T16:33:11Z cache-pdk17882 MEWElogs[355776]: FLIPH, 1626280390841013824, PDK, -1
<134>2021-07-14T16:33:17Z cache-eze19324 MEWElogs[355776]: FLIPH, 1626280397307489304, EZE, -1
<134>2021-07-14T16:33:23Z cache-pdk17882 MEWElogs[355776]: FLIPH, 1626280402802616484, PDK, 10
<134>2021-07-14T16:33:25Z cache-dca17782 MEWElogs[355776]: FLIPH, 1626280405129541712, DCA, 10
<134>2021-07-14T16:33:44Z cache-dca17782 MEWElogs[355776]: FLIPH, 1626280423765190520, DCA, 10
<134>2021-07-14T16:33:47Z cache-mdw17383 MEWElogs[355776]: FLIPH, 1626280427292772535, MDW, -1
<134>2021-07-14T16:33:53Z cache-dca17782 MEWElogs[355776]: FLIPH, 1626280433352056961, DCA, 10
<134>2021-07-14T16:33:55Z cache-eze19324 MEWElogs[355776]: FLIPH, 1626280435568537485, EZE, 10
<134>2021-07-14T16:34:00Z cache-bog6425 MEWElogs[355776]: FLIPH, 1626280440812895016, BOG, -1
<134>2021-07-14T16:34:19Z cache-eze19324 MEWElogs[355776]: FLIPH, 1626280459108398078, EZE, 10
<134>2021-07-14T16:34:20Z cache-wdc5583 MEWElogs[355776]: FLIPH, 1626280460503592928, WDC, 10
<134>2021-07-14T16:34:23Z cache-maa10251 MEWElogs[355776]: FLIPH, 1626280463273915426, MAA, -1
<134>2021-07-14T16:34:33Z cache-maa10251 MEWElogs[355776]: FLIPH, 1626280472844628858, MAA, -1
<134>2021-07-14T16:34:38Z cache-dca17782 MEWElogs[355776]: FLIPH, 1626280477588823765, DCA, -1
<134>2021-07-14T16:34:38Z cache-wdc5583 MEWElogs[355776]: FLIPH, 1626280477788794379, WDC, -1
<134>2021-07-14T16:34:41Z cache-wdc5583 MEWElogs[355776]: FLIPH, 1626280481069065745, WDC, 10
<134>2021-07-14T16:34:59Z cache-bog6425 MEWElogs[355776]: FLIPH, 1626280499229198924, BOG, -1
<134>2021-07-14T16:35:02Z cache-ams21020 MEWElogs[355776]: FLIPH, 1626280502561505860, AMS, -1
<134>2021-07-14T16:35:16Z cache-mdw17383 MEWElogs[355776]: FLIPH, 1626280516824845798, MDW, -1
<134>2021-07-14T16:35:18Z cache-ord1740 MEWElogs[355776]: FLIPH, 1626280518577541487, ORD, -1
<134>2021-07-14T16:35:19Z cache-wdc5583 MEWElogs[355776]: FLIPH, 1626280519301918009, WDC, -1
<134>2021-07-14T16:35:32Z cache-bog6425 MEWElogs[355776]: FLIPH, 1626280531699340427, BOG, 10
<134>2021-07-14T16:35:32Z cache-cmh21547 MEWElogs[355776]: FLIPH, 1626280531682240616, CMH, -1
<134>2021-07-14T16:35:51Z cache-bog6425 MEWElogs[355776]: FLIPH, 1626280551065521278, BOG, 10
<134>2021-07-14T16:35:53Z cache-pdk17882 MEWElogs[355776]: FLIPH, 1626280553292293699, PDK, -1
<134>2021-07-14T16:35:58Z cache-ord1740 MEWElogs[355776]: FLIPH, 1626280557749800235, ORD, 10
<134>2021-07-14T16:36:04Z cache-mdw17383 MEWElogs[355776]: FLIPH, 1626280563805031367, MDW, 10
<134>2021-07-14T16:36:17Z cache-ord1740 MEWElogs[355776]: FLIPH, 1626280576387225092, ORD, 10
<134>2021-07-14T16:36:31Z cache-dca17782 MEWElogs[355776]: FLIPH, 1626280590731243140, DCA, -1
<134>2021-07-14T16:36:33Z cache-mdw17383 MEWElogs[355776]: FLIPH, 1626280593528580120, MDW, -1
<134>2021-07-14T16:36:49Z cache-ams21020 MEWElogs[355776]: FLIPH, 1626280608050760146, AMS, 10
<134>2021-07-14T16:37:10Z cache-bog6425 MEWElogs[355776]: FLIPH, 1626280629881854634, BOG, 10
<134>2021-07-14T16:37:15Z cache-pdk17882 MEWElogs[355776]: FLIPH, 1626280634944032428, PDK, -1
<134>2021-07-14T16:37:25Z cache-wdc5583 MEWElogs[355776]: FLIPH, 1626280645210129318, WDC, 10
<134>2021-07-14T16:37:48Z cache-wdc5583 MEWElogs[355776]: FLIPH, 1626280667091449154, WDC, 10
<134>2021-07-14T16:37:51Z cache-maa10251 MEWElogs[355776]: FLIPH, 1626280670810128885, MAA, -1
<134>2021-07-14T16:37:53Z cache-ams21020 MEWElogs[355776]: FLIPH, 1626280673340472820, AMS, -1
<134>2021-07-14T16:38:15Z cache-ord1740 MEWElogs[355776]: FLIPH, 1626280694824194797, ORD, 10
<134>2021-07-14T16:38:17Z cache-dca17782 MEWElogs[355776]: FLIPH, 1626280697081468989, DCA, 10
<134>2021-07-14T16:38:30Z cache-ord1740 MEWElogs[355776]: FLIPH, 1626280710068587430, ORD, -1
<134>2021-07-14T16:38:38Z cache-cmh21547 MEWElogs[355776]: FLIPH, 1626280717290436751, CMH, -1
<134>2021-07-14T16:38:40Z cache-maa10251 MEWElogs[355776]: FLIPH, 1626280719389804783, MAA, -1
<134>2021-07-14T16:38:49Z cache-maa10251 MEWElogs[355776]: FLIPH, 1626280729219501735, MAA, -1
<134>2021-07-14T16:38:53Z cache-maa10251 MEWElogs[355776]: FLIPH, 1626280731985744497, MAA, 10
<134>2021-07-14T16:38:59Z cache-cmh21547 MEWElogs[355776]: FLIPH, 1626280738964717232, CMH, -1
<134>2021-07-14T16:39:02Z cache-maa10251 MEWElogs[355776]: FLIPH, 1626280741567174477, MAA, 10
<134>2021-07-14T16:39:15Z cache-bog6425 MEWElogs[355776]: FLIPH, 1626280754573318648, BOG, -1
<134>2021-07-14T16:39:26Z cache-pdk17882 MEWElogs[355776]: FLIPH, 1626280766036017601, PDK, 10
<134>2021-07-14T16:39:26Z cache-eze19324 MEWElogs[355776]: FLIPH, 1626280765663977101, EZE, 10
<134>2021-07-14T16:39:29Z cache-maa10251 MEWElogs[355776]: FLIPH, 1626280768390234514, MAA, -1
<134>2021-07-14T16:39:37Z cache-bog6425 MEWElogs[355776]: FLIPH, 1626280776576795564, BOG, 10
<134>2021-07-14T16:40:20Z cache-maa10251 MEWElogs[355776]: FLIPH, 1626280819947623386, MAA, 10
<134>2021-07-14T16:40:24Z cache-ams21020 MEWElogs[355776]: FLIPH, 1626280823443559692, AMS, 10
<134>2021-07-14T16:40:35Z cache-dca17782 MEWElogs[355776]: FLIPH, 1626280835554479168, DCA, -1
<134>2021-07-14T16:40:36Z cache-ord1740 MEWElogs[355776]: FLIPH, 1626280836744779931, ORD, -1
<134>2021-07-14T16:40:40Z cache-mdw17383 MEWElogs[355776]: FLIPH, 1626280839418960846, MDW, 10
<134>2021-07-14T16:40:45Z cache-ord1740 MEWElogs[355776]: FLIPH, 1626280845601994771, ORD, -1
<134>2021-07-14T16:40:49Z cache-ams21020 MEWElogs[355776]: FLIPH, 1626280848366261260, AMS, 10
<134>2021-07-14T16:40:54Z cache-ams21020 MEWElogs[355776]: FLIPH, 1626280853881079164, AMS, -1
<134>2021-07-14T16:41:00Z cache-maa10251 MEWElogs[355776]: FLIPH, 1626280858876753933, MAA, 10
<134>2021-07-14T16:41:32Z cache-mdw17383 MEWElogs[355776]: FLIPH, 1626280891736354934, MDW, -1
<134>2021-07-14T16:41:34Z cache-dca17782 MEWElogs[355776]: FLIPH, 1626280894070026365, DCA, 10
<134>2021-07-14T16:41:47Z cache-maa10251 MEWElogs[355776]: FLIPH, 1626280907660189257, MAA, 10
