<134>2021-07-14T17:02:02Z cache-dal21283 MEWElogs[46369]: FLIPH, 1626282122028100505, DAL, -1
<134>2021-07-14T17:02:24Z cache-iah17271 MEWElogs[46369]: FLIPH, 1626282143753798765, IAH, 10
<134>2021-07-14T17:02:37Z cache-hel6829 MEWElogs[46369]: FLIPH, 1626282156770707712, HEL, -1
<134>2021-07-14T17:02:50Z cache-den8274 MEWElogs[46369]: FLIPH, 1626282170072711932, DEN, 10
<134>2021-07-14T17:02:51Z cache-hel6829 MEWElogs[46369]: FLIPH, 1626282170078939019, HEL, 10
<134>2021-07-14T17:02:57Z cache-lon4249 MEWElogs[46369]: FLIPH, 1626282177009971850, LON, 10
<134>2021-07-14T17:03:44Z cache-hhn4077 MEWElogs[46369]: FLIPH, 1626282223337505176, HHN, -1
<134>2021-07-14T17:03:50Z cache-lcy19283 MEWElogs[46369]: FLIPH, 1626282229033212745, LCY, 10
<134>2021-07-14T17:03:52Z cache-cwb20520 MEWElogs[46369]: FLIPH, 1626282231209504810, CWB, -1
<134>2021-07-14T17:04:18Z cache-den8274 MEWElogs[46369]: FLIPH, 1626282257447788147, DEN, -1
<134>2021-07-14T17:04:21Z cache-hhn4077 MEWElogs[46369]: FLIPH, 1626282261777356184, HHN, 10
<134>2021-07-14T17:04:23Z cache-jnb7027 MEWElogs[46369]: FLIPH, 1626282262751469700, JNB, 10
<134>2021-07-14T17:04:24Z cache-fra19177 MEWElogs[46369]: FLIPH, 1626282264494808977, FRA, 10
<134>2021-07-14T17:04:25Z cache-iah17271 MEWElogs[46369]: FLIPH, 1626282264572762648, IAH, 10
<134>2021-07-14T17:04:30Z cache-hhn4077 MEWElogs[46369]: FLIPH, 1626282269383851970, HHN, -1
<134>2021-07-14T17:04:46Z cache-lcy19283 MEWElogs[46369]: FLIPH, 1626282285669192318, LCY, -1
<134>2021-07-14T17:04:54Z cache-cwb20520 MEWElogs[46369]: FLIPH, 1626282292994841688, CWB, 10
<134>2021-07-14T17:05:02Z cache-fra19177 MEWElogs[46369]: FLIPH, 1626282301104321072, FRA, 10
<134>2021-07-14T17:05:10Z cache-lcy19283 MEWElogs[46369]: FLIPH, 1626282310079225557, LCY, 10
<134>2021-07-14T17:05:18Z cache-dal21283 MEWElogs[46369]: FLIPH, 1626282317885326598, DAL, 10
<134>2021-07-14T17:05:20Z cache-den8274 MEWElogs[46369]: FLIPH, 1626282319004308507, DEN, -1
<134>2021-07-14T17:05:20Z cache-hhn4077 MEWElogs[46369]: FLIPH, 1626282320486555637, HHN, 10
<134>2021-07-14T17:05:21Z cache-lon4249 MEWElogs[46369]: FLIPH, 1626282321269284496, LON, -1
<134>2021-07-14T17:05:33Z cache-hhn4077 MEWElogs[46369]: FLIPH, 1626282332027194377, HHN, 10
<134>2021-07-14T17:05:34Z cache-fra19177 MEWElogs[46369]: FLIPH, 1626282333171663859, FRA, -1
<134>2021-07-14T17:05:43Z cache-bur17583 MEWElogs[46369]: FLIPH, 1626282342906526236, BUR, 10
<134>2021-07-14T17:05:55Z cache-fra19177 MEWElogs[46369]: FLIPH, 1626282354759290498, FRA, 10
<134>2021-07-14T17:05:55Z cache-den8274 MEWElogs[46369]: FLIPH, 1626282354809183392, DEN, -1
<134>2021-07-14T17:06:05Z cache-lon4249 MEWElogs[46369]: FLIPH, 1626282365034751563, LON, 10
<134>2021-07-14T17:06:24Z cache-dal21283 MEWElogs[46369]: FLIPH, 1626282383391585687, DAL, -1
<134>2021-07-14T17:06:30Z cache-lon4249 MEWElogs[46369]: FLIPH, 1626282389823219408, LON, 10
<134>2021-07-14T17:06:32Z cache-fra19177 MEWElogs[46369]: FLIPH, 1626282391779992717, FRA, 10
<134>2021-07-14T17:06:34Z cache-den8274 MEWElogs[46369]: FLIPH, 1626282393236083363, DEN, 10
<134>2021-07-14T17:06:35Z cache-lon4249 MEWElogs[46369]: FLIPH, 1626282395210338113, LON, -1
<134>2021-07-14T17:06:40Z cache-den8274 MEWElogs[46369]: FLIPH, 1626282399695427340, DEN, -1
<134>2021-07-14T17:06:44Z cache-lon4249 MEWElogs[46369]: FLIPH, 1626282403323117313, LON, -1
<134>2021-07-14T17:06:49Z cache-den8274 MEWElogs[46369]: FLIPH, 1626282408815483880, DEN, -1
<134>2021-07-14T17:07:03Z cache-lon4249 MEWElogs[46369]: FLIPH, 1626282422399916865, LON, 10
<134>2021-07-14T17:07:05Z cache-hel6829 MEWElogs[46369]: FLIPH, 1626282424746193574, HEL, 10
<134>2021-07-14T17:07:18Z cache-bur17583 MEWElogs[46369]: FLIPH, 1626282437013990078, BUR, 10
<134>2021-07-14T17:07:18Z cache-jnb7027 MEWElogs[46369]: FLIPH, 1626282437302363076, JNB, -1
<134>2021-07-14T17:07:24Z cache-bur17583 MEWElogs[46369]: FLIPH, 1626282444011996788, BUR, -1
<134>2021-07-14T17:07:28Z cache-bur17583 MEWElogs[46369]: FLIPH, 1626282447239964549, BUR, 10
<134>2021-07-14T17:07:30Z cache-jnb7027 MEWElogs[46369]: FLIPH, 1626282449840443515, JNB, 10
<134>2021-07-14T17:07:34Z cache-hel6829 MEWElogs[46369]: FLIPH, 1626282454095575234, HEL, 10
<134>2021-07-14T17:07:59Z cache-dal21283 MEWElogs[46369]: FLIPH, 1626282479066315496, DAL, 10
<134>2021-07-14T17:08:00Z cache-hel6829 MEWElogs[46369]: FLIPH, 1626282479500923556, HEL, -1
<134>2021-07-14T17:08:04Z cache-iah17271 MEWElogs[46369]: FLIPH, 1626282483127056809, IAH, -1
<134>2021-07-14T17:08:12Z cache-lcy19283 MEWElogs[46369]: FLIPH, 1626282491766996670, LCY, 10
<134>2021-07-14T17:08:16Z cache-bur17583 MEWElogs[46369]: FLIPH, 1626282495676971617, BUR, -1
<134>2021-07-14T17:08:19Z cache-cwb20520 MEWElogs[46369]: FLIPH, 1626282498582477511, CWB, 10
<134>2021-07-14T17:08:30Z cache-fra19177 MEWElogs[46369]: FLIPH, 1626282510049020654, FRA, 10
<134>2021-07-14T17:08:36Z cache-cwb20520 MEWElogs[46369]: FLIPH, 1626282515525851254, CWB, -1
<134>2021-07-14T17:08:46Z cache-lon4249 MEWElogs[46369]: FLIPH, 1626282525587108666, LON, -1
<134>2021-07-14T17:08:48Z cache-iah17271 MEWElogs[46369]: FLIPH, 1626282528013515877, IAH, -1
<134>2021-07-14T17:08:49Z cache-lon4249 MEWElogs[46369]: FLIPH, 1626282528301778951, LON, 10
<134>2021-07-14T17:08:52Z cache-hel6829 MEWElogs[46369]: FLIPH, 1626282531918464730, HEL, 10
<134>2021-07-14T17:08:53Z cache-lon4249 MEWElogs[46369]: FLIPH, 1626282533680159402, LON, -1
<134>2021-07-14T17:08:56Z cache-bur17583 MEWElogs[46369]: FLIPH, 1626282536409786580, BUR, -1
<134>2021-07-14T17:09:00Z cache-bur17583 MEWElogs[46369]: FLIPH, 1626282539551923328, BUR, 10
<134>2021-07-14T17:09:07Z cache-fra19177 MEWElogs[46369]: FLIPH, 1626282546265181121, FRA, 10
<134>2021-07-14T17:09:10Z cache-bur17583 MEWElogs[46369]: FLIPH, 1626282549801540766, BUR, 10
<134>2021-07-14T17:09:23Z cache-iah17271 MEWElogs[46369]: FLIPH, 1626282563049424656, IAH, -1
<134>2021-07-14T17:09:25Z cache-cwb20520 MEWElogs[46369]: FLIPH, 1626282564346504009, CWB, -1
<134>2021-07-14T17:09:33Z cache-fra19177 MEWElogs[46369]: FLIPH, 1626282572669895597, FRA, 10
<134>2021-07-14T17:09:34Z cache-jnb7027 MEWElogs[46369]: FLIPH, 1626282574502915016, JNB, -1
<134>2021-07-14T17:09:47Z cache-hel6829 MEWElogs[46369]: FLIPH, 1626282587510057237, HEL, -1
<134>2021-07-14T17:09:52Z cache-hel6829 MEWElogs[46369]: FLIPH, 1626282591418590549, HEL, 10
<134>2021-07-14T17:10:09Z cache-bur17583 MEWElogs[46369]: FLIPH, 1626282609069283020, BUR, -1
<134>2021-07-14T17:10:10Z cache-lon4249 MEWElogs[46369]: FLIPH, 1626282609683965375, LON, 10
<134>2021-07-14T17:10:14Z cache-jnb7027 MEWElogs[46369]: FLIPH, 1626282613541964355, JNB, -1
<134>2021-07-14T17:10:19Z cache-lcy19283 MEWElogs[46369]: FLIPH, 1626282619135125470, LCY, -1
<134>2021-07-14T17:10:59Z cache-lcy19283 MEWElogs[46369]: FLIPH, 1626282659385280946, LCY, -1
<134>2021-07-14T17:11:14Z cache-bur17583 MEWElogs[46369]: FLIPH, 1626282673633200249, BUR, 10
<134>2021-07-14T17:11:23Z cache-lon4249 MEWElogs[46369]: FLIPH, 1626282683213516157, LON, 10
<134>2021-07-14T17:11:24Z cache-iah17271 MEWElogs[46369]: FLIPH, 1626282684176804087, IAH, -1
<134>2021-07-14T17:11:25Z cache-jnb7027 MEWElogs[46369]: FLIPH, 1626282684771084172, JNB, 10
<134>2021-07-14T17:11:32Z cache-bur17583 MEWElogs[46369]: FLIPH, 1626282691220334063, BUR, -1
<134>2021-07-14T17:11:49Z cache-iah17271 MEWElogs[46369]: FLIPH, 1626282709671583509, IAH, 10
<134>2021-07-14T17:11:54Z cache-den8274 MEWElogs[46369]: FLIPH, 1626282713544467352, DEN, -1
<134>2021-07-14T17:11:54Z cache-dal21283 MEWElogs[46369]: FLIPH, 1626282713623893113, DAL, -1
