<134>2021-07-14T16:42:02Z cache-dca17782 MEWElogs[412844]: FLIPH, 1626280922015636892, DCA, 10
<134>2021-07-14T16:42:04Z cache-maa10251 MEWElogs[412844]: FLIPH, 1626280924366521901, MAA, -1
<134>2021-07-14T16:42:27Z cache-mdw17383 MEWElogs[412844]: FLIPH, 1626280947465909446, MDW, -1
<134>2021-07-14T16:42:28Z cache-akl10324 MEWElogs[412844]: FLIPH, 1626280947786017299, AKL, -1
<134>2021-07-14T16:42:34Z cache-cph20625 MEWElogs[412844]: FLIPH, 1626280953559786132, CPH, 10
<134>2021-07-14T16:42:38Z cache-akl10324 MEWElogs[412844]: FLIPH, 1626280957632002132, AKL, -1
<134>2021-07-14T16:42:40Z cache-wdc5583 MEWElogs[412844]: FLIPH, 1626280960040390083, WDC, 10
<134>2021-07-14T16:42:50Z cache-mdw17383 MEWElogs[412844]: FLIPH, 1626280969870815620, MDW, -1
<134>2021-07-14T16:42:57Z cache-chi21126 MEWElogs[412844]: FLIPH, 1626280976379531853, CHI, 10
<134>2021-07-14T16:43:00Z cache-bog6425 MEWElogs[412844]: FLIPH, 1626280979933599671, BOG, -1
<134>2021-07-14T16:43:02Z cache-mdw17383 MEWElogs[412844]: FLIPH, 1626280981029134290, MDW, -1
<134>2021-07-14T16:43:02Z cache-fty21383 MEWElogs[412844]: FLIPH, 1626280981446343019, FTY, -1
<134>2021-07-14T16:43:04Z cache-cmh21547 MEWElogs[412844]: FLIPH, 1626280983338389327, CMH, 10
<134>2021-07-14T16:43:37Z cache-bos4657 MEWElogs[412844]: FLIPH, 1626281017114778835, BOS, -1
<134>2021-07-14T16:43:54Z cache-cmh21547 MEWElogs[412844]: FLIPH, 1626281033542190384, CMH, -1
<134>2021-07-14T16:44:05Z cache-cmh21547 MEWElogs[412844]: FLIPH, 1626281044403845053, CMH, -1
<134>2021-07-14T16:44:12Z cache-chi21126 MEWElogs[412844]: FLIPH, 1626281051694722893, CHI, 10
<134>2021-07-14T16:44:15Z cache-eze19324 MEWElogs[412844]: FLIPH, 1626281055809950876, EZE, -1
<134>2021-07-14T16:44:40Z cache-eze19324 MEWElogs[412844]: FLIPH, 1626281079316305139, EZE, -1
<134>2021-07-14T16:44:40Z cache-chi21126 MEWElogs[412844]: FLIPH, 1626281080330571274, CHI, 10
<134>2021-07-14T16:44:41Z cache-mdw17383 MEWElogs[412844]: FLIPH, 1626281081296496791, MDW, -1
<134>2021-07-14T16:45:05Z cache-chi21126 MEWElogs[412844]: FLIPH, 1626281105194949661, CHI, -1
<134>2021-07-14T16:45:25Z cache-chi21126 MEWElogs[412844]: FLIPH, 1626281125117217811, CHI, -1
<134>2021-07-14T16:45:27Z cache-cph20625 MEWElogs[412844]: FLIPH, 1626281126830191169, CPH, -1
<134>2021-07-14T16:45:39Z cache-akl10324 MEWElogs[412844]: FLIPH, 1626281138229307731, AKL, -1
<134>2021-07-14T16:45:49Z cache-akl10324 MEWElogs[412844]: FLIPH, 1626281148064590817, AKL, -1
<134>2021-07-14T16:45:50Z cache-fty21383 MEWElogs[412844]: FLIPH, 1626281149278990482, FTY, 10
<134>2021-07-14T16:46:02Z cache-bos4657 MEWElogs[412844]: FLIPH, 1626281162051011141, BOS, -1
<134>2021-07-14T16:46:27Z cache-cph20625 MEWElogs[412844]: FLIPH, 1626281186558789146, CPH, 10
<134>2021-07-14T16:46:42Z cache-del21735 MEWElogs[412844]: FLIPH, 1626281202544568530, DEL, -1
<134>2021-07-14T16:46:56Z cache-pwk4920 MEWElogs[412844]: FLIPH, 1626281216256697272, PWK, -1
<134>2021-07-14T16:47:04Z cache-del21735 MEWElogs[412844]: FLIPH, 1626281224427288603, DEL, 10
<134>2021-07-14T16:47:09Z cache-pwk4920 MEWElogs[412844]: FLIPH, 1626281229552867448, PWK, 10
<134>2021-07-14T16:47:10Z cache-bos4657 MEWElogs[412844]: FLIPH, 1626281229114136338, BOS, 10
<134>2021-07-14T16:47:19Z cache-akl10324 MEWElogs[412844]: FLIPH, 1626281237984099975, AKL, -1
<134>2021-07-14T16:47:22Z cache-dfw18678 MEWElogs[412844]: FLIPH, 1626281241334048961, DFW, 10
<134>2021-07-14T16:47:50Z cache-del21735 MEWElogs[412844]: FLIPH, 1626281269304768386, DEL, -1
<134>2021-07-14T16:48:00Z cache-bos4657 MEWElogs[412844]: FLIPH, 1626281280576967879, BOS, -1
<134>2021-07-14T16:48:02Z cache-del21735 MEWElogs[412844]: FLIPH, 1626281281437956215, DEL, 10
<134>2021-07-14T16:48:07Z cache-fty21383 MEWElogs[412844]: FLIPH, 1626281286976188390, FTY, -1
<134>2021-07-14T16:48:09Z cache-pwk4920 MEWElogs[412844]: FLIPH, 1626281289252223614, PWK, 10
<134>2021-07-14T16:48:15Z cache-hhn4077 MEWElogs[412844]: FLIPH, 1626281295418088392, HHN, -1
<134>2021-07-14T16:48:24Z cache-fty21383 MEWElogs[412844]: FLIPH, 1626281304099666716, FTY, -1
<134>2021-07-14T16:48:31Z cache-akl10324 MEWElogs[412844]: FLIPH, 1626281310831494139, AKL, 10
<134>2021-07-14T16:48:53Z cache-hhn4077 MEWElogs[412844]: FLIPH, 1626281333678255827, HHN, 10
<134>2021-07-14T16:48:57Z cache-fty21383 MEWElogs[412844]: FLIPH, 1626281337244105401, FTY, -1
<134>2021-07-14T16:49:00Z cache-fty21383 MEWElogs[412844]: FLIPH, 1626281339837081826, FTY, 10
<134>2021-07-14T16:49:03Z cache-cph20625 MEWElogs[412844]: FLIPH, 1626281343032260661, CPH, 10
<134>2021-07-14T16:49:13Z cache-bos4657 MEWElogs[412844]: FLIPH, 1626281352715884523, BOS, -1
<134>2021-07-14T16:49:17Z cache-pwk4920 MEWElogs[412844]: FLIPH, 1626281356129935165, PWK, -1
<134>2021-07-14T16:49:19Z cache-pwk4920 MEWElogs[412844]: FLIPH, 1626281359385503064, PWK, 10
<134>2021-07-14T16:49:22Z cache-chi21126 MEWElogs[412844]: FLIPH, 1626281362395185369, CHI, -1
<134>2021-07-14T16:49:26Z cache-dub4329 MEWElogs[412844]: FLIPH, 1626281365046127494, DUB, 10
<134>2021-07-14T16:49:32Z cache-cph20625 MEWElogs[412844]: FLIPH, 1626281372008425470, CPH, -1
<134>2021-07-14T16:49:36Z cache-hhn4077 MEWElogs[412844]: FLIPH, 1626281376688749068, HHN, -1
<134>2021-07-14T16:49:53Z cache-akl10324 MEWElogs[412844]: FLIPH, 1626281392061326157, AKL, 10
<134>2021-07-14T16:49:55Z cache-dfw18678 MEWElogs[412844]: FLIPH, 1626281395011495894, DFW, -1
<134>2021-07-14T16:49:58Z cache-bos4657 MEWElogs[412844]: FLIPH, 1626281397729400498, BOS, -1
<134>2021-07-14T16:50:12Z cache-akl10324 MEWElogs[412844]: FLIPH, 1626281412090342223, AKL, 10
<134>2021-07-14T16:50:13Z cache-dub4329 MEWElogs[412844]: FLIPH, 1626281412358898851, DUB, 10
<134>2021-07-14T16:50:21Z cache-cph20625 MEWElogs[412844]: FLIPH, 1626281421039537304, CPH, 10
<134>2021-07-14T16:50:40Z cache-pwk4920 MEWElogs[412844]: FLIPH, 1626281439230593970, PWK, 10
<134>2021-07-14T16:50:46Z cache-bos4657 MEWElogs[412844]: FLIPH, 1626281446100239674, BOS, 10
<134>2021-07-14T16:50:54Z cache-dub4329 MEWElogs[412844]: FLIPH, 1626281453111970322, DUB, 10
<134>2021-07-14T16:50:55Z cache-bos4657 MEWElogs[412844]: FLIPH, 1626281454887155098, BOS, 10
<134>2021-07-14T16:50:58Z cache-del21735 MEWElogs[412844]: FLIPH, 1626281457253941326, DEL, -1
<134>2021-07-14T16:51:01Z cache-del21735 MEWElogs[412844]: FLIPH, 1626281459880112718, DEL, 10
<134>2021-07-14T16:51:01Z cache-dub4329 MEWElogs[412844]: FLIPH, 1626281460906461731, DUB, 10
<134>2021-07-14T16:51:05Z cache-fty21383 MEWElogs[412844]: FLIPH, 1626281464627409276, FTY, 10
<134>2021-07-14T16:51:12Z cache-akl10324 MEWElogs[412844]: FLIPH, 1626281471539767866, AKL, 10
<134>2021-07-14T16:51:30Z cache-akl10324 MEWElogs[412844]: FLIPH, 1626281489116809228, AKL, -1
<134>2021-07-14T16:51:34Z cache-cph20625 MEWElogs[412844]: FLIPH, 1626281493230408062, CPH, -1
<134>2021-07-14T16:51:46Z cache-bos4657 MEWElogs[412844]: FLIPH, 1626281506254934172, BOS, -1
<134>2021-07-14T16:51:55Z cache-cph20625 MEWElogs[412844]: FLIPH, 1626281515624884223, CPH, -1
