<134>2021-07-14T21:10:01Z cache-wdc5583 MEWElogs[464521]: BLUR, 1626297000565782201, WDC, 11
<134>2021-07-14T21:10:17Z cache-mdw17383 MEWElogs[464521]: BLUR, 1626297016275186424, MDW, 11
<134>2021-07-14T21:11:04Z cache-pdk17882 MEWElogs[464521]: BLUR, 1626297063167626626, PDK, 11
<134>2021-07-14T21:11:23Z cache-eze19324 MEWElogs[464521]: BLUR, 1626297082839405158, EZE, 11
<134>2021-07-14T21:11:44Z cache-ams21020 MEWElogs[464521]: BLUR, 1626297103455626172, AMS, 11
<134>2021-07-14T21:11:45Z cache-maa10251 MEWElogs[464521]: BLUR, 1626297103876811039, MAA, 11
<134>2021-07-14T21:12:03Z cache-cmh21547 MEWElogs[464521]: BLUR, 1626297122261931914, CMH, 11
<134>2021-07-14T21:12:14Z cache-maa10251 MEWElogs[464521]: BLUR, 1626297133481955527, MAA, 11
<134>2021-07-14T21:12:43Z cache-eze19324 MEWElogs[464521]: BLUR, 1626297162868489958, EZE, 11
<134>2021-07-14T21:13:13Z cache-ord1740 MEWElogs[464521]: BLUR, 1626297192821677577, ORD, 11
<134>2021-07-14T21:13:16Z cache-wdc5583 MEWElogs[464521]: BLUR, 1626297196693949217, WDC, 11
<134>2021-07-14T21:13:42Z cache-maa10251 MEWElogs[464521]: BLUR, 1626297221735830369, MAA, 11
<134>2021-07-14T21:13:55Z cache-cmh21547 MEWElogs[464521]: BLUR, 1626297234372379017, CMH, 11
<134>2021-07-14T21:14:50Z cache-mdw17383 MEWElogs[464521]: BLUR, 1626297289240955563, MDW, 11
<134>2021-07-14T21:15:40Z cache-eze19324 MEWElogs[464521]: BLUR, 1626297339932660831, EZE, 11
<134>2021-07-14T21:15:47Z cache-akl10324 MEWElogs[464521]: BLUR, 1626297346116972870, AKL, 11
<134>2021-07-14T21:15:47Z cache-cmh21547 MEWElogs[464521]: BLUR, 1626297347662504170, CMH, 11
<134>2021-07-14T21:16:03Z cache-akl10324 MEWElogs[464521]: BLUR, 1626297362562169685, AKL, 11
<134>2021-07-14T21:16:08Z cache-mdw17383 MEWElogs[464521]: BLUR, 1626297368264696288, MDW, 11
<134>2021-07-14T21:16:20Z cache-wdc5583 MEWElogs[464521]: BLUR, 1626297379185830860, WDC, 11
<134>2021-07-14T21:16:25Z cache-cmh21547 MEWElogs[464521]: BLUR, 1626297384854894761, CMH, 11
<134>2021-07-14T21:16:44Z cache-cmh21547 MEWElogs[464521]: BLUR, 1626297403551660470, CMH, 11
<134>2021-07-14T21:17:01Z cache-chi21126 MEWElogs[464521]: BLUR, 1626297420022060205, CHI, 11
<134>2021-07-14T21:17:43Z cache-dfw18678 MEWElogs[464521]: BLUR, 1626297462686936260, DFW, 11
<134>2021-07-14T21:18:11Z cache-chi21126 MEWElogs[464521]: BLUR, 1626297490916334544, CHI, 11
<134>2021-07-14T21:18:28Z cache-wdc5583 MEWElogs[464521]: BLUR, 1626297508190894116, WDC, 11
<134>2021-07-14T21:18:38Z cache-fty21383 MEWElogs[464521]: BLUR, 1626297517097594734, FTY, 11
<134>2021-07-14T21:18:49Z cache-mdw17383 MEWElogs[464521]: BLUR, 1626297528264172327, MDW, 11
<134>2021-07-14T21:18:56Z cache-akl10324 MEWElogs[464521]: BLUR, 1626297536241812399, AKL, 11
<134>2021-07-14T21:19:48Z cache-fty21383 MEWElogs[464521]: BLUR, 1626297587938922817, FTY, 11
