<134>2021-07-15T01:41:59Z cache-pwk4920 MEWElogs[400146]: GRAY, 1626313319077657415, PWK, 13
<134>2021-07-15T01:42:13Z cache-chi21126 MEWElogs[400146]: GRAY, 1626313333308045502, CHI, 13
<134>2021-07-15T01:42:28Z cache-chi21126 MEWElogs[400146]: GRAY, 1626313347250408095, CHI, 13
<134>2021-07-15T01:42:34Z cache-hel6829 MEWElogs[400146]: GRAY, 1626313354296833356, HEL, 13
<134>2021-07-15T01:42:57Z cache-dfw18678 MEWElogs[400146]: GRAY, 1626313377002412060, DFW, 13
<134>2021-07-15T01:43:09Z cache-akl10324 MEWElogs[400146]: GRAY, 1626313388724615558, AKL, 13
<134>2021-07-15T01:43:28Z cache-dfw18678 MEWElogs[400146]: GRAY, 1626313407269102624, DFW, 13
<134>2021-07-15T01:43:41Z cache-den8274 MEWElogs[400146]: GRAY, 1626313420568736405, DEN, 13
<134>2021-07-15T01:43:52Z cache-iah17271 MEWElogs[400146]: GRAY, 1626313432322551125, IAH, 13
<134>2021-07-15T01:44:03Z cache-lcy19283 MEWElogs[400146]: GRAY, 1626313441993542633, LCY, 13
<134>2021-07-15T01:44:11Z cache-cwb20520 MEWElogs[400146]: GRAY, 1626313450267027837, CWB, 13
<134>2021-07-15T01:44:24Z cache-cwb20520 MEWElogs[400146]: GRAY, 1626313463815724528, CWB, 13
<134>2021-07-15T01:44:38Z cache-cwb20520 MEWElogs[400146]: GRAY, 1626313477665670514, CWB, 13
<134>2021-07-15T01:44:45Z cache-iah17271 MEWElogs[400146]: GRAY, 1626313484596984070, IAH, 13
<134>2021-07-15T01:45:02Z cache-hel6829 MEWElogs[400146]: GRAY, 1626313501660884441, HEL, 13
<134>2021-07-15T01:45:22Z cache-dal21283 MEWElogs[400146]: GRAY, 1626313522597498034, DAL, 13
<134>2021-07-15T01:45:26Z cache-cwb20520 MEWElogs[400146]: GRAY, 1626313525327023163, CWB, 13
<134>2021-07-15T01:45:33Z cache-den8274 MEWElogs[400146]: GRAY, 1626313532272153738, DEN, 13
<134>2021-07-15T01:45:37Z cache-iah17271 MEWElogs[400146]: GRAY, 1626313537012923274, IAH, 13
<134>2021-07-15T01:45:37Z cache-lon4249 MEWElogs[400146]: GRAY, 1626313536754789846, LON, 13
<134>2021-07-15T01:45:38Z cache-pwk4920 MEWElogs[400146]: GRAY, 1626313537907775107, PWK, 13
<134>2021-07-15T01:45:41Z cache-jnb7027 MEWElogs[400146]: GRAY, 1626313540788068602, JNB, 13
<134>2021-07-15T01:45:47Z cache-dal21283 MEWElogs[400146]: GRAY, 1626313546560342316, DAL, 13
<134>2021-07-15T01:45:54Z cache-jnb7027 MEWElogs[400146]: GRAY, 1626313552970970375, JNB, 13
<134>2021-07-15T01:45:57Z cache-hel6829 MEWElogs[400146]: GRAY, 1626313556596131742, HEL, 13
<134>2021-07-15T01:46:06Z cache-jnb7027 MEWElogs[400146]: GRAY, 1626313564914470342, JNB, 13
<134>2021-07-15T01:46:13Z cache-bur17583 MEWElogs[400146]: GRAY, 1626313572813836159, BUR, 13
<134>2021-07-15T01:46:20Z cache-lcy19283 MEWElogs[400146]: GRAY, 1626313579788080069, LCY, 13
<134>2021-07-15T01:46:25Z cache-mad22068 MEWElogs[400146]: GRAY, 1626313585243619660, MAD, 13
<134>2021-07-15T01:46:35Z cache-lcy19283 MEWElogs[400146]: GRAY, 1626313594612977928, LCY, 13
<134>2021-07-15T01:46:43Z cache-den8274 MEWElogs[400146]: GRAY, 1626313603625571742, DEN, 13
<134>2021-07-15T01:47:07Z cache-dal21283 MEWElogs[400146]: GRAY, 1626313626575779613, DAL, 13
<134>2021-07-15T01:47:15Z cache-lon4249 MEWElogs[400146]: GRAY, 1626313635126985747, LON, 13
<134>2021-07-15T01:47:31Z cache-mad22068 MEWElogs[400146]: GRAY, 1626313650862463942, MAD, 13
<134>2021-07-15T01:47:38Z cache-lcy19283 MEWElogs[400146]: GRAY, 1626313657916321174, LCY, 13
<134>2021-07-15T01:47:39Z cache-lon4249 MEWElogs[400146]: GRAY, 1626313658411526569, LON, 13
<134>2021-07-15T01:47:46Z cache-dal21283 MEWElogs[400146]: GRAY, 1626313665454077895, DAL, 13
<134>2021-07-15T01:47:53Z cache-lon4249 MEWElogs[400146]: GRAY, 1626313672665494182, LON, 13
<134>2021-07-15T01:47:53Z cache-dal21283 MEWElogs[400146]: GRAY, 1626313672888126839, DAL, 13
<134>2021-07-15T01:47:55Z cache-jnb7027 MEWElogs[400146]: GRAY, 1626313674109909995, JNB, 13
<134>2021-07-15T01:47:56Z cache-mad22068 MEWElogs[400146]: GRAY, 1626313675900032032, MAD, 13
<134>2021-07-15T01:48:02Z cache-lon4249 MEWElogs[400146]: GRAY, 1626313681911009948, LON, 13
<134>2021-07-15T01:48:07Z cache-jnb7027 MEWElogs[400146]: GRAY, 1626313686069723923, JNB, 13
<134>2021-07-15T01:48:12Z cache-hel6829 MEWElogs[400146]: GRAY, 1626313691750775237, HEL, 13
<134>2021-07-15T01:48:21Z cache-iah17271 MEWElogs[400146]: GRAY, 1626313701287134568, IAH, 13
<134>2021-07-15T01:48:26Z cache-mad22068 MEWElogs[400146]: GRAY, 1626313705794556317, MAD, 13
<134>2021-07-15T01:48:53Z cache-lcy19283 MEWElogs[400146]: GRAY, 1626313732454987064, LCY, 13
<134>2021-07-15T01:48:58Z cache-lon4249 MEWElogs[400146]: GRAY, 1626313737813416239, LON, 13
<134>2021-07-15T01:49:05Z cache-bur17583 MEWElogs[400146]: GRAY, 1626313745166995511, BUR, 13
<134>2021-07-15T01:49:16Z cache-den8274 MEWElogs[400146]: GRAY, 1626313756306959476, DEN, 13
<134>2021-07-15T01:49:26Z cache-hel6829 MEWElogs[400146]: GRAY, 1626313765408191960, HEL, 13
<134>2021-07-15T01:49:29Z cache-den8274 MEWElogs[400146]: GRAY, 1626313768059175334, DEN, 13
<134>2021-07-15T01:49:38Z cache-jnb7027 MEWElogs[400146]: GRAY, 1626313776991005252, JNB, 13
<134>2021-07-15T01:49:41Z cache-lon4249 MEWElogs[400146]: GRAY, 1626313780245634252, LON, 13
<134>2021-07-15T01:49:46Z cache-den8274 MEWElogs[400146]: GRAY, 1626313785934858068, DEN, 13
<134>2021-07-15T01:49:57Z cache-mad22068 MEWElogs[400146]: GRAY, 1626313796862285227, MAD, 13
<134>2021-07-15T01:50:03Z cache-hel6829 MEWElogs[400146]: GRAY, 1626313802148882859, HEL, 13
<134>2021-07-15T01:50:05Z cache-iah17271 MEWElogs[400146]: GRAY, 1626313804752715236, IAH, 13
<134>2021-07-15T01:50:08Z cache-jnb7027 MEWElogs[400146]: GRAY, 1626313807182230708, JNB, 13
<134>2021-07-15T01:50:33Z cache-mad22068 MEWElogs[400146]: GRAY, 1626313832331573153, MAD, 13
<134>2021-07-15T01:50:42Z cache-iah17271 MEWElogs[400146]: GRAY, 1626313842126304364, IAH, 13
<134>2021-07-15T01:50:45Z cache-den8274 MEWElogs[400146]: GRAY, 1626313843986557720, DEN, 13
<134>2021-07-15T01:50:50Z cache-den8274 MEWElogs[400146]: GRAY, 1626313849864123308, DEN, 13
<134>2021-07-15T01:50:57Z cache-cwb20520 MEWElogs[400146]: GRAY, 1626313856391995882, CWB, 13
<134>2021-07-15T01:50:57Z cache-hel6829 MEWElogs[400146]: GRAY, 1626313856904020754, HEL, 13
<134>2021-07-15T01:51:19Z cache-hkg17929 MEWElogs[400146]: GRAY, 1626313879512162604, HKG, 13
<134>2021-07-15T01:51:20Z cache-mrs10583 MEWElogs[400146]: GRAY, 1626313879657911636, MRS, 13
<134>2021-07-15T01:51:27Z cache-hkg17929 MEWElogs[400146]: GRAY, 1626313887079526533, HKG, 13
<134>2021-07-15T01:51:34Z cache-hkg17929 MEWElogs[400146]: GRAY, 1626313894635155209, HKG, 13
<134>2021-07-15T01:51:38Z cache-den8274 MEWElogs[400146]: GRAY, 1626313898271633671, DEN, 13
<134>2021-07-15T01:51:58Z cache-hkg17929 MEWElogs[400146]: GRAY, 1626313917362078371, HKG, 13
