<134>2021-07-14T22:13:55Z cache-lon4249 MEWElogs[320228]: BLUR, 1626300834921352691, LON, 11
<134>2021-07-14T22:14:38Z cache-mad22068 MEWElogs[320228]: BLUR, 1626300877667796584, MAD, 11
<134>2021-07-14T22:14:46Z cache-mia11368 MEWElogs[320228]: BLUR, 1626300885473312966, MIA, 11
<134>2021-07-14T22:14:55Z cache-mad22068 MEWElogs[320228]: BLUR, 1626300894676953143, MAD, 11
<134>2021-07-14T22:15:11Z cache-hkg17929 MEWElogs[320228]: BLUR, 1626300911387225538, HKG, 11
<134>2021-07-14T22:15:22Z cache-stp9226 MEWElogs[320228]: BLUR, 1626300921480562180, STP, 11
<134>2021-07-14T22:15:34Z cache-iah17271 MEWElogs[320228]: BLUR, 1626300933870047157, IAH, 11
<134>2021-07-14T22:16:33Z cache-mad22068 MEWElogs[320228]: BLUR, 1626300992736156535, MAD, 11
<134>2021-07-14T22:16:34Z cache-iah17271 MEWElogs[320228]: BLUR, 1626300993279260113, IAH, 11
<134>2021-07-14T22:17:34Z cache-stp9226 MEWElogs[320228]: BLUR, 1626301053242612090, STP, 11
<134>2021-07-14T22:18:23Z cache-jax20933 MEWElogs[320228]: BLUR, 1626301102895492748, JAX, 11
<134>2021-07-14T22:19:07Z cache-bur17583 MEWElogs[320228]: BLUR, 1626301146757403984, BUR, 11
<134>2021-07-14T22:20:31Z cache-jax20933 MEWElogs[320228]: BLUR, 1626301230640684887, JAX, 11
<134>2021-07-14T22:20:51Z cache-jax20933 MEWElogs[320228]: BLUR, 1626301251332928686, JAX, 11
<134>2021-07-14T22:20:59Z cache-mrs10583 MEWElogs[320228]: BLUR, 1626301258223107841, MRS, 11
<134>2021-07-14T22:22:01Z cache-lax10677 MEWElogs[320228]: BLUR, 1626301321292430123, LGB, 11
<134>2021-07-14T22:22:51Z cache-mad22068 MEWElogs[320228]: BLUR, 1626301370633750914, MAD, 11
<134>2021-07-14T22:23:03Z cache-mrs10583 MEWElogs[320228]: BLUR, 1626301383428754068, MRS, 11
<134>2021-07-14T22:23:29Z cache-lax10677 MEWElogs[320228]: BLUR, 1626301409331777650, LGB, 11
<134>2021-07-14T22:23:49Z cache-lhr7382 MEWElogs[320228]: BLUR, 1626301428753003649, LHR, 11
