<134>2021-07-14T23:12:51Z cache-cdg20720 MEWElogs[390968]: BLUR, 1626304370324338168, CDG, 11
<134>2021-07-14T23:13:05Z cache-cgh11122 MEWElogs[390968]: BLUR, 1626304385156627613, CGH, 11
<134>2021-07-14T23:15:03Z cache-hnd18722 MEWElogs[390968]: BLUR, 1626304503092923334, HND, 11
<134>2021-07-14T23:15:28Z cache-scl19427 MEWElogs[390968]: BLUR, 1626304527158569106, SCL, 11
<134>2021-07-14T23:15:29Z cache-stl4834 MEWElogs[390968]: BLUR, 1626304528900326187, STL, 11
<134>2021-07-14T23:15:57Z cache-hnd18722 MEWElogs[390968]: BLUR, 1626304556728589271, HND, 11
<134>2021-07-14T23:16:10Z cache-itm18851 MEWElogs[390968]: BLUR, 1626304569420250024, ITM, 11
<134>2021-07-14T23:16:33Z cache-hnd18722 MEWElogs[390968]: BLUR, 1626304592188803842, HND, 11
<134>2021-07-14T23:17:02Z cache-gru17149 MEWElogs[390968]: BLUR, 1626304621836350411, GRU, 11
<134>2021-07-14T23:17:11Z cache-gig17035 MEWElogs[390968]: BLUR, 1626304630677131422, GIG, 11
<134>2021-07-14T23:17:21Z cache-stl4834 MEWElogs[390968]: BLUR, 1626304640177027980, STL, 11
<134>2021-07-14T23:17:40Z cache-pao17461 MEWElogs[390968]: BLUR, 1626304659953245795, PAO, 11
<134>2021-07-14T23:18:15Z cache-scl19427 MEWElogs[390968]: BLUR, 1626304694934328335, SCL, 11
<134>2021-07-14T23:18:16Z cache-stl4834 MEWElogs[390968]: BLUR, 1626304694980537754, STL, 11
<134>2021-07-14T23:19:16Z cache-scl19427 MEWElogs[390968]: BLUR, 1626304755789878946, SCL, 11
<134>2021-07-14T23:19:46Z cache-stl4834 MEWElogs[390968]: BLUR, 1626304786219982905, STL, 11
<134>2021-07-14T23:20:25Z cache-pao17461 MEWElogs[390968]: BLUR, 1626304824986116441, PAO, 11
<134>2021-07-14T23:20:44Z cache-hnd18722 MEWElogs[390968]: BLUR, 1626304843020957378, HND, 11
<134>2021-07-14T23:20:59Z cache-stl4834 MEWElogs[390968]: BLUR, 1626304858578366444, STL, 11
<134>2021-07-14T23:21:11Z cache-cgh11122 MEWElogs[390968]: BLUR, 1626304870213522427, CGH, 11
<134>2021-07-14T23:22:26Z cache-syd10183 MEWElogs[390968]: BLUR, 1626304945268099993, SYD, 11
<134>2021-07-14T23:22:37Z cache-cgh11122 MEWElogs[390968]: BLUR, 1626304956981901001, CGH, 11
<134>2021-07-14T23:22:39Z cache-scl19427 MEWElogs[390968]: BLUR, 1626304959374271508, SCL, 11
<134>2021-07-14T23:22:47Z cache-hnd18722 MEWElogs[390968]: BLUR, 1626304966500273308, HND, 11
<134>2021-07-14T23:22:50Z cache-sjc10078 MEWElogs[390968]: BLUR, 1626304969194304811, SJC, 11
