<134>2021-07-15T04:57:36Z cache-mrs10583 MEWElogs[382896]: ROTATE, 1626325055940890918, MRS, 15
<134>2021-07-15T04:57:37Z cache-hkg17929 MEWElogs[382896]: ROTATE, 1626325056358503553, HKG, 15
<134>2021-07-15T04:57:48Z cache-yul12826 MEWElogs[382896]: ROTATE, 1626325068059997285, YUL, 15
<134>2021-07-15T04:57:54Z cache-lhr7382 MEWElogs[382896]: ROTATE, 1626325073315956123, LHR, 15
<134>2021-07-15T04:58:00Z cache-man4150 MEWElogs[382896]: ROTATE, 1626325079405981464, MAN, 15
<134>2021-07-15T04:58:02Z cache-lhr7382 MEWElogs[382896]: ROTATE, 1626325081107823166, LHR, 15
<134>2021-07-15T04:58:16Z cache-mrs10583 MEWElogs[382896]: ROTATE, 1626325095034861713, MRS, 15
<134>2021-07-15T04:58:16Z cache-bur17583 MEWElogs[382896]: ROTATE, 1626325095823265328, BUR, 15
<134>2021-07-15T04:58:47Z cache-mrs10583 MEWElogs[382896]: ROTATE, 1626325126304352423, MRS, 15
<134>2021-07-15T04:59:13Z cache-yul12826 MEWElogs[382896]: ROTATE, 1626325152229977432, YUL, 15
<134>2021-07-15T04:59:38Z cache-yul12826 MEWElogs[382896]: ROTATE, 1626325177706955129, YUL, 15
<134>2021-07-15T04:59:53Z cache-lax10677 MEWElogs[382896]: ROTATE, 1626325192985058932, LGB, 15
<134>2021-07-15T05:00:35Z cache-man4150 MEWElogs[382896]: ROTATE, 1626325235830166944, MAN, 15
<134>2021-07-15T05:00:46Z cache-yul12826 MEWElogs[382896]: ROTATE, 1626325245163315747, YUL, 15
<134>2021-07-15T05:00:54Z cache-lga21983 MEWElogs[382896]: ROTATE, 1626325253112819876, LGA, 15
<134>2021-07-15T05:01:38Z cache-ewr18156 MEWElogs[382896]: ROTATE, 1626325297895396868, EWR, 15
<134>2021-07-15T05:01:55Z cache-stp9226 MEWElogs[382896]: ROTATE, 1626325314814787731, STP, 15
<134>2021-07-15T05:02:35Z cache-mrs10583 MEWElogs[382896]: ROTATE, 1626325354047700481, MRS, 15
<134>2021-07-15T05:02:58Z cache-mrs10583 MEWElogs[382896]: ROTATE, 1626325377712210940, MRS, 15
<134>2021-07-15T05:03:10Z cache-lhr7382 MEWElogs[382896]: ROTATE, 1626325389154489430, LHR, 15
<134>2021-07-15T05:03:28Z cache-man4150 MEWElogs[382896]: ROTATE, 1626325407800308290, MAN, 15
<134>2021-07-15T05:03:57Z cache-lhr7382 MEWElogs[382896]: ROTATE, 1626325436993757731, LHR, 15
<134>2021-07-15T05:04:12Z cache-lga21983 MEWElogs[382896]: ROTATE, 1626325451737646049, LGA, 15
<134>2021-07-15T05:04:16Z cache-mci5951 MEWElogs[382896]: ROTATE, 1626325456450027851, MCI, 15
<134>2021-07-15T05:04:20Z cache-lhr7382 MEWElogs[382896]: ROTATE, 1626325460509287156, LHR, 15
<134>2021-07-15T05:04:22Z cache-hkg17929 MEWElogs[382896]: ROTATE, 1626325461307022783, HKG, 15
<134>2021-07-15T05:04:30Z cache-yul12826 MEWElogs[382896]: ROTATE, 1626325469358644769, YUL, 15
<134>2021-07-15T05:04:30Z cache-man4150 MEWElogs[382896]: ROTATE, 1626325469721078466, MAN, 15
<134>2021-07-15T05:05:01Z cache-man4150 MEWElogs[382896]: ROTATE, 1626325500688630131, MAN, 15
<134>2021-07-15T05:05:10Z cache-mel11272 MEWElogs[382896]: ROTATE, 1626325509443141507, MEL, 15
<134>2021-07-15T05:05:41Z cache-mel11272 MEWElogs[382896]: ROTATE, 1626325540158081792, MEL, 15
<134>2021-07-15T05:05:43Z cache-stp9226 MEWElogs[382896]: ROTATE, 1626325542528951766, STP, 15
<134>2021-07-15T05:06:19Z cache-lga21983 MEWElogs[382896]: ROTATE, 1626325578059683959, LGA, 15
<134>2021-07-15T05:06:19Z cache-osl6529 MEWElogs[382896]: ROTATE, 1626325578232752152, OSL, 15
<134>2021-07-15T05:06:50Z cache-man4150 MEWElogs[382896]: ROTATE, 1626325609937243062, MAN, 15
<134>2021-07-15T05:07:06Z cache-osl6529 MEWElogs[382896]: ROTATE, 1626325625033990667, OSL, 15
<134>2021-07-15T05:07:06Z cache-man4150 MEWElogs[382896]: ROTATE, 1626325625490785604, MAN, 15
