<134>2021-07-15T04:48:14Z cache-bur17583 MEWElogs[322581]: ROTATE, 1626324493332525346, BUR, 15
<134>2021-07-15T04:48:45Z cache-iah17271 MEWElogs[322581]: ROTATE, 1626324524460714852, IAH, 15
<134>2021-07-15T04:48:51Z cache-mad22068 MEWElogs[322581]: ROTATE, 1626324530309260020, MAD, 15
<134>2021-07-15T04:49:27Z cache-jnb7027 MEWElogs[322581]: ROTATE, 1626324566725972482, JNB, 15
<134>2021-07-15T04:49:55Z cache-den8274 MEWElogs[322581]: ROTATE, 1626324595522832916, DEN, 15
<134>2021-07-15T04:51:27Z cache-bur17583 MEWElogs[322581]: ROTATE, 1626324686530005945, BUR, 15
<134>2021-07-15T04:51:46Z cache-den8274 MEWElogs[322581]: ROTATE, 1626324705741067745, DEN, 15
<134>2021-07-15T04:52:22Z cache-mrs10583 MEWElogs[322581]: ROTATE, 1626324740998500715, MRS, 15
<134>2021-07-15T04:52:41Z cache-yul12826 MEWElogs[322581]: ROTATE, 1626324760412301833, YUL, 15
<134>2021-07-15T04:54:12Z cache-mrs10583 MEWElogs[322581]: ROTATE, 1626324851529227490, MRS, 15
<134>2021-07-15T04:54:21Z cache-mad22068 MEWElogs[322581]: ROTATE, 1626324860135001355, MAD, 15
<134>2021-07-15T04:54:31Z cache-dal21283 MEWElogs[322581]: ROTATE, 1626324870680754841, DAL, 15
<134>2021-07-15T04:55:23Z cache-mrs10583 MEWElogs[322581]: ROTATE, 1626324922162943941, MRS, 15
<134>2021-07-15T04:56:14Z cache-iah17271 MEWElogs[322581]: ROTATE, 1626324973907893743, IAH, 15
<134>2021-07-15T04:56:33Z cache-yul12826 MEWElogs[322581]: ROTATE, 1626324992077837789, YUL, 15
<134>2021-07-15T04:56:41Z cache-yul12826 MEWElogs[322581]: ROTATE, 1626325000660999995, YUL, 15
<134>2021-07-15T04:56:42Z cache-mrs10583 MEWElogs[322581]: ROTATE, 1626325001299625524, MRS, 15
<134>2021-07-15T04:57:23Z cache-yul12826 MEWElogs[322581]: ROTATE, 1626325042578667713, YUL, 15
<134>2021-07-15T04:57:24Z cache-stp9226 MEWElogs[322581]: ROTATE, 1626325043526995159, STP, 15
<134>2021-07-15T04:57:38Z cache-mci5951 MEWElogs[322581]: ROTATE, 1626325057384596503, MCI, 15
<134>2021-07-15T04:57:59Z cache-mci5951 MEWElogs[322581]: ROTATE, 1626325078183349272, MCI, 15
