<134>2021-07-15T01:31:59Z cache-cmh21547 MEWElogs[46369]: GRAY, 1626312718045601543, CMH, 13
<134>2021-07-15T01:32:14Z cache-bog6425 MEWElogs[46369]: GRAY, 1626312734089203058, BOG, 13
<134>2021-07-15T01:32:18Z cache-cph20625 MEWElogs[46369]: GRAY, 1626312737816739696, CPH, 13
<134>2021-07-15T01:32:19Z cache-wdc5583 MEWElogs[46369]: GRAY, 1626312739241263296, WDC, 13
<134>2021-07-15T01:32:22Z cache-eze19324 MEWElogs[46369]: GRAY, 1626312741251533093, EZE, 13
<134>2021-07-15T01:32:26Z cache-fty21383 MEWElogs[46369]: GRAY, 1626312745202673299, FTY, 13
<134>2021-07-15T01:32:37Z cache-chi21126 MEWElogs[46369]: GRAY, 1626312755967600774, CHI, 13
<134>2021-07-15T01:32:51Z cache-mdw17383 MEWElogs[46369]: GRAY, 1626312770313809573, MDW, 13
<134>2021-07-15T01:32:55Z cache-wdc5583 MEWElogs[46369]: GRAY, 1626312774563473544, WDC, 13
<134>2021-07-15T01:32:57Z cache-chi21126 MEWElogs[46369]: GRAY, 1626312776743666635, CHI, 13
<134>2021-07-15T01:32:58Z cache-mdw17383 MEWElogs[46369]: GRAY, 1626312777764146846, MDW, 13
<134>2021-07-15T01:33:08Z cache-fty21383 MEWElogs[46369]: GRAY, 1626312787796886604, FTY, 13
<134>2021-07-15T01:33:11Z cache-eze19324 MEWElogs[46369]: GRAY, 1626312790306389972, EZE, 13
<134>2021-07-15T01:33:31Z cache-chi21126 MEWElogs[46369]: GRAY, 1626312810538646075, CHI, 13
<134>2021-07-15T01:33:45Z cache-cmh21547 MEWElogs[46369]: GRAY, 1626312824508291558, CMH, 13
<134>2021-07-15T01:33:57Z cache-fty21383 MEWElogs[46369]: GRAY, 1626312836027585853, FTY, 13
<134>2021-07-15T01:34:06Z cache-cph20625 MEWElogs[46369]: GRAY, 1626312845592119586, CPH, 13
<134>2021-07-15T01:34:11Z cache-chi21126 MEWElogs[46369]: GRAY, 1626312851026169063, CHI, 13
<134>2021-07-15T01:34:18Z cache-fty21383 MEWElogs[46369]: GRAY, 1626312857375587366, FTY, 13
<134>2021-07-15T01:34:19Z cache-pwk4920 MEWElogs[46369]: GRAY, 1626312859764876426, PWK, 13
<134>2021-07-15T01:34:20Z cache-akl10324 MEWElogs[46369]: GRAY, 1626312858948139438, AKL, 13
<134>2021-07-15T01:34:44Z cache-del21735 MEWElogs[46369]: GRAY, 1626312883396076161, DEL, 13
<134>2021-07-15T01:34:51Z cache-dfw18678 MEWElogs[46369]: GRAY, 1626312891418827869, DFW, 13
<134>2021-07-15T01:35:11Z cache-fty21383 MEWElogs[46369]: GRAY, 1626312910114758609, FTY, 13
<134>2021-07-15T01:35:30Z cache-del21735 MEWElogs[46369]: GRAY, 1626312929525093539, DEL, 13
<134>2021-07-15T01:35:31Z cache-dfw18678 MEWElogs[46369]: GRAY, 1626312930687169333, DFW, 13
<134>2021-07-15T01:35:47Z cache-del21735 MEWElogs[46369]: GRAY, 1626312946974420769, DEL, 13
<134>2021-07-15T01:35:47Z cache-cph20625 MEWElogs[46369]: GRAY, 1626312947480288540, CPH, 13
<134>2021-07-15T01:36:04Z cache-fty21383 MEWElogs[46369]: GRAY, 1626312963818031742, FTY, 13
<134>2021-07-15T01:36:32Z cache-hhn4077 MEWElogs[46369]: GRAY, 1626312991215963402, HHN, 13
<134>2021-07-15T01:36:32Z cache-fra19177 MEWElogs[46369]: GRAY, 1626312991413154632, FRA, 13
<134>2021-07-15T01:36:37Z cache-fra19177 MEWElogs[46369]: GRAY, 1626312996127838978, FRA, 13
<134>2021-07-15T01:36:46Z cache-fra19177 MEWElogs[46369]: GRAY, 1626313005632429115, FRA, 13
<134>2021-07-15T01:37:00Z cache-hhn4077 MEWElogs[46369]: GRAY, 1626313019757524663, HHN, 13
<134>2021-07-15T01:37:01Z cache-bos4657 MEWElogs[46369]: GRAY, 1626313020778595956, BOS, 13
<134>2021-07-15T01:37:24Z cache-fra19177 MEWElogs[46369]: GRAY, 1626313042946272413, FRA, 13
<134>2021-07-15T01:37:24Z cache-akl10324 MEWElogs[46369]: GRAY, 1626313043841853884, AKL, 13
<134>2021-07-15T01:37:53Z cache-akl10324 MEWElogs[46369]: GRAY, 1626313072622095913, AKL, 13
<134>2021-07-15T01:38:00Z cache-cph20625 MEWElogs[46369]: GRAY, 1626313079516508199, CPH, 13
<134>2021-07-15T01:38:01Z cache-fty21383 MEWElogs[46369]: GRAY, 1626313080495536079, FTY, 13
<134>2021-07-15T01:38:44Z cache-akl10324 MEWElogs[46369]: GRAY, 1626313122924147931, AKL, 13
<134>2021-07-15T01:38:51Z cache-akl10324 MEWElogs[46369]: GRAY, 1626313130103362462, AKL, 13
<134>2021-07-15T01:39:00Z cache-pwk4920 MEWElogs[46369]: GRAY, 1626313139748598100, PWK, 13
<134>2021-07-15T01:39:16Z cache-cph20625 MEWElogs[46369]: GRAY, 1626313155332367447, CPH, 13
<134>2021-07-15T01:39:17Z cache-bos4657 MEWElogs[46369]: GRAY, 1626313156675468569, BOS, 13
<134>2021-07-15T01:39:20Z cache-chi21126 MEWElogs[46369]: GRAY, 1626313158993489952, CHI, 13
<134>2021-07-15T01:39:23Z cache-bos4657 MEWElogs[46369]: GRAY, 1626313162936285035, BOS, 13
<134>2021-07-15T01:39:29Z cache-pwk4920 MEWElogs[46369]: GRAY, 1626313169223700804, PWK, 13
<134>2021-07-15T01:39:47Z cache-chi21126 MEWElogs[46369]: GRAY, 1626313186309106052, CHI, 13
<134>2021-07-15T01:39:50Z cache-dfw18678 MEWElogs[46369]: GRAY, 1626313190091799908, DFW, 13
<134>2021-07-15T01:39:57Z cache-dfw18678 MEWElogs[46369]: GRAY, 1626313197610129555, DFW, 13
<134>2021-07-15T01:40:10Z cache-akl10324 MEWElogs[46369]: GRAY, 1626313209141899479, AKL, 13
<134>2021-07-15T01:40:18Z cache-fra19177 MEWElogs[46369]: GRAY, 1626313217381514527, FRA, 13
<134>2021-07-15T01:40:26Z cache-cwb20520 MEWElogs[46369]: GRAY, 1626313226366403812, CWB, 13
<134>2021-07-15T01:41:00Z cache-hhn4077 MEWElogs[46369]: GRAY, 1626313259560511092, HHN, 13
<134>2021-07-15T01:41:10Z cache-fra19177 MEWElogs[46369]: GRAY, 1626313269070048043, FRA, 13
<134>2021-07-15T01:41:28Z cache-dfw18678 MEWElogs[46369]: GRAY, 1626313288025444546, DFW, 13
<134>2021-07-15T01:41:43Z cache-fra19177 MEWElogs[46369]: GRAY, 1626313302625878906, FRA, 13
