<134>2021-07-15T02:22:04Z cache-cgh11183 MEWElogs[412844]: GRAY, 1626315723804581127, CGH, 13
<134>2021-07-15T02:22:07Z cache-sea4483 MEWElogs[412844]: GRAY, 1626315727093231201, SEA, 13
<134>2021-07-15T02:22:09Z cache-bma1628 MEWElogs[412844]: GRAY, 1626315728835729834, BMA, 13
<134>2021-07-15T02:22:09Z cache-pao17461 MEWElogs[412844]: GRAY, 1626315729046398445, PAO, 13
<134>2021-07-15T02:22:14Z cache-sea4483 MEWElogs[412844]: GRAY, 1626315734732579712, SEA, 13
<134>2021-07-15T02:22:28Z cache-tyo11974 MEWElogs[412844]: GRAY, 1626315747683437892, TYO, 13
<134>2021-07-15T02:22:37Z cache-itm18851 MEWElogs[412844]: GRAY, 1626315756281763163, ITM, 13
<134>2021-07-15T02:23:25Z cache-tyo11974 MEWElogs[412844]: GRAY, 1626315805247668251, TYO, 13
<134>2021-07-15T02:23:35Z cache-sea4483 MEWElogs[412844]: GRAY, 1626315814944718473, SEA, 13
<134>2021-07-15T02:23:42Z cache-yyz4551 MEWElogs[412844]: GRAY, 1626315821032843684, YYZ, 13
<134>2021-07-15T02:23:47Z cache-sjc10078 MEWElogs[412844]: GRAY, 1626315826117175364, SJC, 13
<134>2021-07-15T02:24:31Z cache-sea4483 MEWElogs[412844]: GRAY, 1626315871152735973, SEA, 13
<134>2021-07-15T02:24:33Z cache-bma1628 MEWElogs[412844]: GRAY, 1626315872049427088, BMA, 13
<134>2021-07-15T02:24:43Z cache-cgh11183 MEWElogs[412844]: GRAY, 1626315882861074079, CGH, 13
<134>2021-07-15T02:24:50Z cache-sjc10078 MEWElogs[412844]: GRAY, 1626315890544321467, SJC, 13
<134>2021-07-15T02:24:56Z cache-vie21629 MEWElogs[412844]: GRAY, 1626315895509075261, VIE, 13
<134>2021-07-15T02:25:27Z cache-tyo11974 MEWElogs[412844]: GRAY, 1626315926104292797, TYO, 13
<134>2021-07-15T02:25:51Z cache-sea4483 MEWElogs[412844]: GRAY, 1626315950010099563, SEA, 13
<134>2021-07-15T02:26:04Z cache-tyo11974 MEWElogs[412844]: GRAY, 1626315963628372918, TYO, 13
<134>2021-07-15T02:26:11Z cache-sjc10078 MEWElogs[412844]: GRAY, 1626315971182586892, SJC, 13
<134>2021-07-15T02:26:24Z cache-bma1628 MEWElogs[412844]: GRAY, 1626315983571620829, BMA, 13
<134>2021-07-15T02:26:30Z cache-tyo11974 MEWElogs[412844]: GRAY, 1626315989561202017, TYO, 13
<134>2021-07-15T02:26:54Z cache-sjc10078 MEWElogs[412844]: GRAY, 1626316013856531838, SJC, 13
<134>2021-07-15T02:26:56Z cache-bma1628 MEWElogs[412844]: GRAY, 1626316015645247654, BMA, 13
<134>2021-07-15T02:27:03Z cache-tyo11974 MEWElogs[412844]: GRAY, 1626316021933170823, TYO, 13
<134>2021-07-15T02:27:09Z cache-tyo11974 MEWElogs[412844]: GRAY, 1626316028277941979, TYO, 13
<134>2021-07-15T02:29:03Z cache-bma1628 MEWElogs[412844]: GRAY, 1626316142934246637, BMA, 13
<134>2021-07-15T02:29:04Z cache-yyz4551 MEWElogs[412844]: GRAY, 1626316143294664485, YYZ, 13
<134>2021-07-15T02:29:17Z cache-cgh11183 MEWElogs[412844]: GRAY, 1626316157215632804, CGH, 13
<134>2021-07-15T02:29:40Z cache-sea4483 MEWElogs[412844]: GRAY, 1626316180104379119, SEA, 13
<134>2021-07-15T02:29:54Z cache-yyz4551 MEWElogs[412844]: GRAY, 1626316193813191155, YYZ, 13
<134>2021-07-15T02:30:28Z cache-sea4483 MEWElogs[412844]: GRAY, 1626316227880866866, SEA, 13
<134>2021-07-15T02:30:39Z cache-tyo11974 MEWElogs[412844]: GRAY, 1626316238326570285, TYO, 13
<134>2021-07-15T02:31:19Z cache-vie21629 MEWElogs[412844]: GRAY, 1626316278758147479, VIE, 13
