<134>2021-07-15T04:26:53Z cache-bos4657 MEWElogs[370074]: ROTATE, 1626323213086130032, BOS, 15
<134>2021-07-15T04:26:55Z cache-cwb20520 MEWElogs[370074]: ROTATE, 1626323214300765758, CWB, 15
<134>2021-07-15T04:27:08Z cache-pwk4920 MEWElogs[370074]: ROTATE, 1626323227842032532, PWK, 15
<134>2021-07-15T04:28:20Z cache-pwk4920 MEWElogs[370074]: ROTATE, 1626323299205744144, PWK, 15
<134>2021-07-15T04:28:59Z cache-dfw18678 MEWElogs[370074]: ROTATE, 1626323338958530565, DFW, 15
<134>2021-07-15T04:29:08Z cache-chi21126 MEWElogs[370074]: ROTATE, 1626323347894570361, CHI, 15
<134>2021-07-15T04:29:31Z cache-fty21383 MEWElogs[370074]: ROTATE, 1626323370815589335, FTY, 15
<134>2021-07-15T04:29:54Z cache-cwb20520 MEWElogs[370074]: ROTATE, 1626323393522096563, CWB, 15
<134>2021-07-15T04:30:00Z cache-chi21126 MEWElogs[370074]: ROTATE, 1626323400148324250, CHI, 15
<134>2021-07-15T04:30:02Z cache-del21735 MEWElogs[370074]: ROTATE, 1626323401319722422, DEL, 15
<134>2021-07-15T04:30:20Z cache-del21735 MEWElogs[370074]: ROTATE, 1626323419382365759, DEL, 15
<134>2021-07-15T04:30:23Z cache-bos4657 MEWElogs[370074]: ROTATE, 1626323423829263569, BOS, 15
<134>2021-07-15T04:30:35Z cache-dub4329 MEWElogs[370074]: ROTATE, 1626323434276142021, DUB, 15
<134>2021-07-15T04:30:48Z cache-akl10324 MEWElogs[370074]: ROTATE, 1626323447839368766, AKL, 15
<134>2021-07-15T04:31:04Z cache-cwb20520 MEWElogs[370074]: ROTATE, 1626323462991507722, CWB, 15
<134>2021-07-15T04:31:09Z cache-akl10324 MEWElogs[370074]: ROTATE, 1626323468990082148, AKL, 15
<134>2021-07-15T04:31:21Z cache-dub4329 MEWElogs[370074]: ROTATE, 1626323480563781824, DUB, 15
<134>2021-07-15T04:31:24Z cache-chi21126 MEWElogs[370074]: ROTATE, 1626323484473706923, CHI, 15
<134>2021-07-15T04:31:32Z cache-pwk4920 MEWElogs[370074]: ROTATE, 1626323491836467410, PWK, 15
<134>2021-07-15T04:31:38Z cache-bos4657 MEWElogs[370074]: ROTATE, 1626323497562580109, BOS, 15
<134>2021-07-15T04:31:52Z cache-pwk4920 MEWElogs[370074]: ROTATE, 1626323512160137612, PWK, 15
<134>2021-07-15T04:33:20Z cache-hhn4077 MEWElogs[370074]: ROTATE, 1626323600115643826, HHN, 15
<134>2021-07-15T04:33:49Z cache-dub4329 MEWElogs[370074]: ROTATE, 1626323628776144148, DUB, 15
<134>2021-07-15T04:33:54Z cache-hhn4077 MEWElogs[370074]: ROTATE, 1626323633921538729, HHN, 15
<134>2021-07-15T04:34:38Z cache-chi21126 MEWElogs[370074]: ROTATE, 1626323677958121183, CHI, 15
<134>2021-07-15T04:34:52Z cache-cwb20520 MEWElogs[370074]: ROTATE, 1626323691039653448, CWB, 15
<134>2021-07-15T04:35:52Z cache-dub4329 MEWElogs[370074]: ROTATE, 1626323752730545257, DUB, 15
<134>2021-07-15T04:35:55Z cache-bos4657 MEWElogs[370074]: ROTATE, 1626323754417074911, BOS, 15
<134>2021-07-15T04:36:22Z cache-bos4657 MEWElogs[370074]: ROTATE, 1626323781964934680, BOS, 15
<134>2021-07-15T04:36:25Z cache-del21735 MEWElogs[370074]: ROTATE, 1626323783904158308, DEL, 15
