<134>2021-07-14T16:21:38Z cache-pdk17882 MEWElogs[292213]: FLIPH, 1626279697474173655, PDK, 10
<134>2021-07-14T16:21:48Z cache-maa10251 MEWElogs[292213]: FLIPH, 1626279707695379971, MAA, 10
<134>2021-07-14T16:22:24Z cache-ord1740 MEWElogs[292213]: FLIPH, 1626279743005313895, ORD, 10
<134>2021-07-14T16:22:33Z cache-ord1740 MEWElogs[292213]: FLIPH, 1626279752146743779, ORD, 10
<134>2021-07-14T16:27:08Z cache-maa10251 MEWElogs[292213]: FLIPH, 1626280027771422783, MAA, -1
<134>2021-07-14T16:27:09Z cache-pdk17882 MEWElogs[292213]: FLIPH, 1626280029214345868, PDK, 10
<134>2021-07-14T16:27:19Z cache-dca17782 MEWElogs[292213]: FLIPH, 1626280038817217311, DCA, 10
<134>2021-07-14T16:27:23Z cache-mdw17383 MEWElogs[292213]: FLIPH, 1626280043013853812, MDW, 10
<134>2021-07-14T16:27:24Z cache-ams21020 MEWElogs[292213]: FLIPH, 1626280044224111344, AMS, 10
<134>2021-07-14T16:27:28Z cache-maa10251 MEWElogs[292213]: FLIPH, 1626280047837275126, MAA, -1
<134>2021-07-14T16:27:46Z cache-ord1740 MEWElogs[292213]: FLIPH, 1626280065220290051, ORD, 10
<134>2021-07-14T16:27:49Z cache-wdc5583 MEWElogs[292213]: FLIPH, 1626280068931523616, WDC, -1
<134>2021-07-14T16:27:58Z cache-ams21020 MEWElogs[292213]: FLIPH, 1626280077857867605, AMS, 10
<134>2021-07-14T16:28:12Z cache-ams21020 MEWElogs[292213]: FLIPH, 1626280091778005354, AMS, -1
<134>2021-07-14T16:28:25Z cache-eze19324 MEWElogs[292213]: FLIPH, 1626280104210434398, EZE, 10
<134>2021-07-14T16:28:35Z cache-bog6425 MEWElogs[292213]: FLIPH, 1626280115561421111, BOG, -1
<134>2021-07-14T16:29:00Z cache-ord1740 MEWElogs[292213]: FLIPH, 1626280139097332929, ORD, 10
<134>2021-07-14T16:29:09Z cache-dca17782 MEWElogs[292213]: FLIPH, 1626280148229694654, DCA, -1
<134>2021-07-14T16:29:17Z cache-pdk17882 MEWElogs[292213]: FLIPH, 1626280156375266202, PDK, 10
<134>2021-07-14T16:29:35Z cache-pdk17882 MEWElogs[292213]: FLIPH, 1626280174554796569, PDK, 10
<134>2021-07-14T16:29:44Z cache-eze19324 MEWElogs[292213]: FLIPH, 1626280183021468422, EZE, -1
<134>2021-07-14T16:30:09Z cache-pdk17882 MEWElogs[292213]: FLIPH, 1626280208938798638, PDK, -1
<134>2021-07-14T16:30:36Z cache-pdk17882 MEWElogs[292213]: FLIPH, 1626280236163776321, PDK, -1
<134>2021-07-14T16:30:39Z cache-pdk17882 MEWElogs[292213]: FLIPH, 1626280238992960748, PDK, 10
<134>2021-07-14T16:30:44Z cache-bog6425 MEWElogs[292213]: FLIPH, 1626280243861277891, BOG, -1
<134>2021-07-14T16:31:06Z cache-pdk17882 MEWElogs[292213]: FLIPH, 1626280266067697401, PDK, 10
