<134>2021-07-15T04:58:28Z cache-lga21983 MEWElogs[334804]: ROTATE, 1626325107222710407, LGA, 15
<134>2021-07-15T04:58:36Z cache-lga21983 MEWElogs[334804]: ROTATE, 1626325116370896698, LGA, 15
<134>2021-07-15T04:58:40Z cache-ewr18156 MEWElogs[334804]: ROTATE, 1626325119103228551, EWR, 15
<134>2021-07-15T04:58:54Z cache-man4150 MEWElogs[334804]: ROTATE, 1626325133921927617, MAN, 15
<134>2021-07-15T04:58:56Z cache-lhr7382 MEWElogs[334804]: ROTATE, 1626325135798603384, LHR, 15
<134>2021-07-15T04:58:59Z cache-ewr18156 MEWElogs[334804]: ROTATE, 1626325138105701124, EWR, 15
<134>2021-07-15T04:59:32Z cache-hkg17929 MEWElogs[334804]: ROTATE, 1626325171521573369, HKG, 15
<134>2021-07-15T05:00:18Z cache-stp9226 MEWElogs[334804]: ROTATE, 1626325217636786521, STP, 15
<134>2021-07-15T05:00:28Z cache-man4150 MEWElogs[334804]: ROTATE, 1626325227956335542, MAN, 15
<134>2021-07-15T05:01:51Z cache-lhr7382 MEWElogs[334804]: ROTATE, 1626325309967145090, LHR, 15
<134>2021-07-15T05:01:56Z cache-yul12826 MEWElogs[334804]: ROTATE, 1626325314968865572, YUL, 15
<134>2021-07-15T05:01:58Z cache-lhr7382 MEWElogs[334804]: ROTATE, 1626325317822230481, LHR, 15
<134>2021-07-15T05:02:46Z cache-yul12826 MEWElogs[334804]: ROTATE, 1626325366075622871, YUL, 15
<134>2021-07-15T05:03:06Z cache-mrs10583 MEWElogs[334804]: ROTATE, 1626325385592875114, MRS, 15
<134>2021-07-15T05:03:09Z cache-lga21983 MEWElogs[334804]: ROTATE, 1626325388655277916, LGA, 15
<134>2021-07-15T05:04:27Z cache-stp9226 MEWElogs[334804]: ROTATE, 1626325466865177917, STP, 15
<134>2021-07-15T05:04:37Z cache-mci5951 MEWElogs[334804]: ROTATE, 1626325477047311771, MCI, 15
<134>2021-07-15T05:06:38Z cache-lga21983 MEWElogs[334804]: ROTATE, 1626325597315173327, LGA, 15
<134>2021-07-15T05:07:02Z cache-hkg17929 MEWElogs[334804]: ROTATE, 1626325622238972456, HKG, 15
<134>2021-07-15T05:07:37Z cache-osl6529 MEWElogs[334804]: ROTATE, 1626325656192408634, OSL, 15
