<134>2021-07-15T07:33:17Z cache-man4150 MEWElogs[292213]: UNSH, 1626334396150586258, MAN, 16
<134>2021-07-15T07:33:24Z cache-lhr7382 MEWElogs[292213]: UNSH, 1626334403156370810, LHR, 16
<134>2021-07-15T07:33:51Z cache-man4150 MEWElogs[292213]: UNSH, 1626334429920993610, MAN, 16
<134>2021-07-15T07:34:16Z cache-man4150 MEWElogs[292213]: UNSH, 1626334455513472689, MAN, 16
<134>2021-07-15T07:34:42Z cache-osl6529 MEWElogs[292213]: UNSH, 1626334481737262497, OSL, 16
<134>2021-07-15T07:34:59Z cache-lax10677 MEWElogs[292213]: UNSH, 1626334498978412576, LGB, 16
<134>2021-07-15T07:35:07Z cache-bom4751 MEWElogs[292213]: UNSH, 1626334507024516197, BOM, 16
<134>2021-07-15T07:35:31Z cache-ewr18156 MEWElogs[292213]: UNSH, 1626334530464644536, EWR, 16
<134>2021-07-15T07:35:36Z cache-jax20933 MEWElogs[292213]: UNSH, 1626334535717371589, JAX, 16
<134>2021-07-15T07:36:12Z cache-cdg20720 MEWElogs[292213]: UNSH, 1626334571895220723, CDG, 16
<134>2021-07-15T07:36:34Z cache-cdg20720 MEWElogs[292213]: UNSH, 1626334593039549130, CDG, 16
<134>2021-07-15T07:36:53Z cache-man4150 MEWElogs[292213]: UNSH, 1626334612418220330, MAN, 16
<134>2021-07-15T07:37:33Z cache-osl6529 MEWElogs[292213]: UNSH, 1626334652885820183, OSL, 16
<134>2021-07-15T07:38:07Z cache-cdg20720 MEWElogs[292213]: UNSH, 1626334686678502928, CDG, 16
<134>2021-07-15T07:38:18Z cache-cdg20720 MEWElogs[292213]: UNSH, 1626334697234490242, CDG, 16
<134>2021-07-15T07:38:23Z cache-mel11272 MEWElogs[292213]: UNSH, 1626334702019773660, MEL, 16
<134>2021-07-15T07:38:36Z cache-bom4751 MEWElogs[292213]: UNSH, 1626334715477976299, BOM, 16
<134>2021-07-15T07:38:57Z cache-man4150 MEWElogs[292213]: UNSH, 1626334736210784442, MAN, 16
<134>2021-07-15T07:39:24Z cache-jax20933 MEWElogs[292213]: UNSH, 1626334763078715605, JAX, 16
<134>2021-07-15T07:39:25Z cache-lax10677 MEWElogs[292213]: UNSH, 1626334764431089481, LGB, 16
<134>2021-07-15T07:39:47Z cache-jax20933 MEWElogs[292213]: UNSH, 1626334786168336120, JAX, 16
<134>2021-07-15T07:40:07Z cache-man4150 MEWElogs[292213]: UNSH, 1626334806062318852, MAN, 16
<134>2021-07-15T07:40:19Z cache-lhr7382 MEWElogs[292213]: UNSH, 1626334818711530364, LHR, 16
<134>2021-07-15T07:40:31Z cache-bom4751 MEWElogs[292213]: UNSH, 1626334830514139579, BOM, 16
<134>2021-07-15T07:40:55Z cache-lhr7382 MEWElogs[292213]: UNSH, 1626334854642768529, LHR, 16
<134>2021-07-15T07:40:55Z cache-jax20933 MEWElogs[292213]: UNSH, 1626334854630828452, JAX, 16
<134>2021-07-15T07:40:59Z cache-cdg20720 MEWElogs[292213]: UNSH, 1626334858202689409, CDG, 16
<134>2021-07-15T07:41:49Z cache-ewr18156 MEWElogs[292213]: UNSH, 1626334908640356071, EWR, 16
<134>2021-07-15T07:42:06Z cache-lga21983 MEWElogs[292213]: UNSH, 1626334925520999624, LGA, 16
<134>2021-07-15T07:42:12Z cache-cdg20720 MEWElogs[292213]: UNSH, 1626334931531570587, CDG, 16
<134>2021-07-15T07:42:25Z cache-lga21983 MEWElogs[292213]: UNSH, 1626334944204603092, LGA, 16
<134>2021-07-15T07:42:39Z cache-osl6529 MEWElogs[292213]: UNSH, 1626334958894889810, OSL, 16
<134>2021-07-15T07:42:42Z cache-lax10677 MEWElogs[292213]: UNSH, 1626334961988243375, LGB, 16
<134>2021-07-15T07:42:52Z cache-lhr7382 MEWElogs[292213]: UNSH, 1626334972417665560, LHR, 16
<134>2021-07-15T07:43:12Z cache-lhr7382 MEWElogs[292213]: UNSH, 1626334991613554198, LHR, 16
