<134>2021-07-15T01:32:42Z cache-fty21383 MEWElogs[322023]: GRAY, 1626312761247447340, FTY, 13
<134>2021-07-15T01:32:47Z cache-akl10324 MEWElogs[322023]: GRAY, 1626312766641648383, AKL, 13
<134>2021-07-15T01:32:56Z cache-cph20625 MEWElogs[322023]: GRAY, 1626312775725612789, CPH, 13
<134>2021-07-15T01:33:09Z cache-cph20625 MEWElogs[322023]: GRAY, 1626312788130876040, CPH, 13
<134>2021-07-15T01:33:23Z cache-akl10324 MEWElogs[322023]: GRAY, 1626312802261240885, AKL, 13
<134>2021-07-15T01:33:30Z cache-akl10324 MEWElogs[322023]: GRAY, 1626312809170578341, AKL, 13
<134>2021-07-15T01:34:12Z cache-pwk4920 MEWElogs[322023]: GRAY, 1626312852276265572, PWK, 13
<134>2021-07-15T01:34:38Z cache-bos4657 MEWElogs[322023]: GRAY, 1626312877644751209, BOS, 13
<134>2021-07-15T01:34:55Z cache-pwk4920 MEWElogs[322023]: GRAY, 1626312895387713587, PWK, 13
<134>2021-07-15T01:35:03Z cache-bos4657 MEWElogs[322023]: GRAY, 1626312902854552011, BOS, 13
<134>2021-07-15T01:35:18Z cache-del21735 MEWElogs[322023]: GRAY, 1626312917708748882, DEL, 13
<134>2021-07-15T01:35:24Z cache-del21735 MEWElogs[322023]: GRAY, 1626312923809649955, DEL, 13
<134>2021-07-15T01:36:56Z cache-akl10324 MEWElogs[322023]: GRAY, 1626313015700186483, AKL, 13
<134>2021-07-15T01:37:24Z cache-fty21383 MEWElogs[322023]: GRAY, 1626313043464167103, FTY, 13
<134>2021-07-15T01:37:28Z cache-hhn4077 MEWElogs[322023]: GRAY, 1626313048027931826, HHN, 13
<134>2021-07-15T01:37:32Z cache-akl10324 MEWElogs[322023]: GRAY, 1626313050968458473, AKL, 13
<134>2021-07-15T01:37:35Z cache-fty21383 MEWElogs[322023]: GRAY, 1626313054093237548, FTY, 13
<134>2021-07-15T01:37:44Z cache-chi21126 MEWElogs[322023]: GRAY, 1626313063673295852, CHI, 13
<134>2021-07-15T01:37:57Z cache-fra19177 MEWElogs[322023]: GRAY, 1626313076063369157, FRA, 13
<134>2021-07-15T01:38:10Z cache-pwk4920 MEWElogs[322023]: GRAY, 1626313089717975496, PWK, 13
<134>2021-07-15T01:38:12Z cache-fty21383 MEWElogs[322023]: GRAY, 1626313090982919129, FTY, 13
<134>2021-07-15T01:38:15Z cache-akl10324 MEWElogs[322023]: GRAY, 1626313094197100892, AKL, 13
<134>2021-07-15T01:38:19Z cache-dfw18678 MEWElogs[322023]: GRAY, 1626313099532867998, DFW, 13
<134>2021-07-15T01:38:38Z cache-fty21383 MEWElogs[322023]: GRAY, 1626313117274065864, FTY, 13
<134>2021-07-15T01:38:52Z cache-bos4657 MEWElogs[322023]: GRAY, 1626313131877913241, BOS, 13
<134>2021-07-15T01:39:05Z cache-bos4657 MEWElogs[322023]: GRAY, 1626313144427330727, BOS, 13
<134>2021-07-15T01:39:21Z cache-del21735 MEWElogs[322023]: GRAY, 1626313160177970838, DEL, 13
<134>2021-07-15T01:39:35Z cache-dfw18678 MEWElogs[322023]: GRAY, 1626313175063164997, DFW, 13
<134>2021-07-15T01:39:50Z cache-pwk4920 MEWElogs[322023]: GRAY, 1626313190732069331, PWK, 13
<134>2021-07-15T01:39:53Z cache-cph20625 MEWElogs[322023]: GRAY, 1626313192844309055, CPH, 13
<134>2021-07-15T01:40:03Z cache-akl10324 MEWElogs[322023]: GRAY, 1626313202004383094, AKL, 13
<134>2021-07-15T01:40:26Z cache-pwk4920 MEWElogs[322023]: GRAY, 1626313226401354612, PWK, 13
<134>2021-07-15T01:40:31Z cache-akl10324 MEWElogs[322023]: GRAY, 1626313230674977088, AKL, 13
<134>2021-07-15T01:40:36Z cache-fra19177 MEWElogs[322023]: GRAY, 1626313236120668018, FRA, 13
<134>2021-07-15T01:40:52Z cache-akl10324 MEWElogs[322023]: GRAY, 1626313252192851115, AKL, 13
<134>2021-07-15T01:40:58Z cache-chi21126 MEWElogs[322023]: GRAY, 1626313257141587602, CHI, 13
<134>2021-07-15T01:41:16Z cache-del21735 MEWElogs[322023]: GRAY, 1626313275780935375, DEL, 13
<134>2021-07-15T01:41:22Z cache-del21735 MEWElogs[322023]: GRAY, 1626313281423092136, DEL, 13
<134>2021-07-15T01:41:24Z cache-hhn4077 MEWElogs[322023]: GRAY, 1626313283650069433, HHN, 13
<134>2021-07-15T01:41:48Z cache-fra19177 MEWElogs[322023]: GRAY, 1626313307364032544, FRA, 13
<134>2021-07-15T01:41:56Z cache-cwb20520 MEWElogs[322023]: GRAY, 1626313314991111777, CWB, 13
<134>2021-07-15T01:41:57Z cache-del21735 MEWElogs[322023]: GRAY, 1626313315916250336, DEL, 13
<134>2021-07-15T01:41:58Z cache-akl10324 MEWElogs[322023]: GRAY, 1626313317227656108, AKL, 13
<134>2021-07-15T01:42:05Z cache-akl10324 MEWElogs[322023]: GRAY, 1626313324313159824, AKL, 13
<134>2021-07-15T01:42:14Z cache-del21735 MEWElogs[322023]: GRAY, 1626313333425075339, DEL, 13
<134>2021-07-15T01:42:23Z cache-hel6829 MEWElogs[322023]: GRAY, 1626313342022368041, HEL, 13
<134>2021-07-15T01:42:30Z cache-cwb20520 MEWElogs[322023]: GRAY, 1626313349400454091, CWB, 13
