<134>2021-07-14T17:22:27Z cache-bur17583 MEWElogs[412844]: FLIPH, 1626283346425845002, BUR, -1
<134>2021-07-14T17:22:37Z cache-bur17583 MEWElogs[412844]: FLIPH, 1626283357063983679, BUR, -1
<134>2021-07-14T17:22:51Z cache-bur17583 MEWElogs[412844]: FLIPH, 1626283370799181812, BUR, 10
<134>2021-07-14T17:22:59Z cache-lax10677 MEWElogs[412844]: FLIPH, 1626283378025864601, LGB, -1
<134>2021-07-14T17:23:06Z cache-mrs10583 MEWElogs[412844]: FLIPH, 1626283385021341369, MRS, -1
<134>2021-07-14T17:23:12Z cache-lax10677 MEWElogs[412844]: FLIPH, 1626283391585335830, LGB, -1
<134>2021-07-14T17:23:28Z cache-yul12826 MEWElogs[412844]: FLIPH, 1626283407564452672, YUL, 10
<134>2021-07-14T17:23:33Z cache-mrs10583 MEWElogs[412844]: FLIPH, 1626283412814303206, MRS, 10
<134>2021-07-14T17:23:33Z cache-mia11368 MEWElogs[412844]: FLIPH, 1626283413124257777, MIA, 10
<134>2021-07-14T17:23:34Z cache-hkg17929 MEWElogs[412844]: FLIPH, 1626283413921195739, HKG, 10
<134>2021-07-14T17:23:37Z cache-jax20933 MEWElogs[412844]: FLIPH, 1626283416956074598, JAX, -1
<134>2021-07-14T17:23:51Z cache-mci5951 MEWElogs[412844]: FLIPH, 1626283430568878851, MCI, 10
<134>2021-07-14T17:23:56Z cache-mad22068 MEWElogs[412844]: FLIPH, 1626283436012156859, MAD, 10
<134>2021-07-14T17:23:58Z cache-mci5951 MEWElogs[412844]: FLIPH, 1626283437894446970, MCI, -1
<134>2021-07-14T17:24:08Z cache-lhr7382 MEWElogs[412844]: FLIPH, 1626283448837057807, LHR, 10
<134>2021-07-14T17:24:38Z cache-mci5951 MEWElogs[412844]: FLIPH, 1626283478412364615, MCI, -1
<134>2021-07-14T17:24:44Z cache-mrs10583 MEWElogs[412844]: FLIPH, 1626283484100730588, MRS, -1
<134>2021-07-14T17:24:50Z cache-lhr7382 MEWElogs[412844]: FLIPH, 1626283490417904532, LHR, -1
<134>2021-07-14T17:25:04Z cache-mrs10583 MEWElogs[412844]: FLIPH, 1626283502971990225, MRS, 10
<134>2021-07-14T17:25:12Z cache-mci5951 MEWElogs[412844]: FLIPH, 1626283512526073303, MCI, 10
<134>2021-07-14T17:25:16Z cache-mia11368 MEWElogs[412844]: FLIPH, 1626283515979490107, MIA, 10
<134>2021-07-14T17:25:23Z cache-mci5951 MEWElogs[412844]: FLIPH, 1626283522641006928, MCI, 10
<134>2021-07-14T17:25:26Z cache-mia11368 MEWElogs[412844]: FLIPH, 1626283526053434558, MIA, 10
<134>2021-07-14T17:25:35Z cache-lax10677 MEWElogs[412844]: FLIPH, 1626283535494518324, LGB, 10
<134>2021-07-14T17:25:41Z cache-stp9226 MEWElogs[412844]: FLIPH, 1626283540166770607, STP, -1
<134>2021-07-14T17:25:47Z cache-mad22068 MEWElogs[412844]: FLIPH, 1626283547003956905, MAD, -1
<134>2021-07-14T17:25:50Z cache-mci5951 MEWElogs[412844]: FLIPH, 1626283549828348787, MCI, -1
<134>2021-07-14T17:26:14Z cache-hkg17929 MEWElogs[412844]: FLIPH, 1626283573968421604, HKG, -1
<134>2021-07-14T17:26:20Z cache-mci5951 MEWElogs[412844]: FLIPH, 1626283579715141903, MCI, -1
<134>2021-07-14T17:26:39Z cache-lhr7382 MEWElogs[412844]: FLIPH, 1626283599442037462, LHR, 10
<134>2021-07-14T17:26:40Z cache-mrs10583 MEWElogs[412844]: FLIPH, 1626283599809564344, MRS, 10
<134>2021-07-14T17:26:41Z cache-jax20933 MEWElogs[412844]: FLIPH, 1626283600533757373, JAX, 10
<134>2021-07-14T17:27:08Z cache-yul12826 MEWElogs[412844]: FLIPH, 1626283628284044131, YUL, -1
<134>2021-07-14T17:27:28Z cache-mia11368 MEWElogs[412844]: FLIPH, 1626283647863998720, MIA, 10
<134>2021-07-14T17:27:43Z cache-stp9226 MEWElogs[412844]: FLIPH, 1626283663261486324, STP, 10
<134>2021-07-14T17:28:06Z cache-hkg17929 MEWElogs[412844]: FLIPH, 1626283685175467059, HKG, 10
<134>2021-07-14T17:28:16Z cache-jax20933 MEWElogs[412844]: FLIPH, 1626283695796328853, JAX, 10
<134>2021-07-14T17:28:22Z cache-stp9226 MEWElogs[412844]: FLIPH, 1626283702923130756, STP, -1
<134>2021-07-14T17:28:23Z cache-lhr7382 MEWElogs[412844]: FLIPH, 1626283702679694659, LHR, -1
<134>2021-07-14T17:28:27Z cache-hkg17929 MEWElogs[412844]: FLIPH, 1626283706569958644, HKG, 10
<134>2021-07-14T17:28:49Z cache-yul12826 MEWElogs[412844]: FLIPH, 1626283729185069156, YUL, -1
<134>2021-07-14T17:28:53Z cache-jax20933 MEWElogs[412844]: FLIPH, 1626283732281313990, JAX, 10
<134>2021-07-14T17:28:58Z cache-lhr7382 MEWElogs[412844]: FLIPH, 1626283738031322063, LHR, -1
<134>2021-07-14T17:29:04Z cache-lax10677 MEWElogs[412844]: FLIPH, 1626283744163428981, LGB, 10
<134>2021-07-14T17:29:07Z cache-yul12826 MEWElogs[412844]: FLIPH, 1626283747535871318, YUL, -1
<134>2021-07-14T17:29:28Z cache-hkg17929 MEWElogs[412844]: FLIPH, 1626283767847840148, HKG, -1
<134>2021-07-14T17:29:30Z cache-lax10677 MEWElogs[412844]: FLIPH, 1626283770312629360, LGB, -1
<134>2021-07-14T17:29:32Z cache-mci5951 MEWElogs[412844]: FLIPH, 1626283771193125971, MCI, -1
<134>2021-07-14T17:29:34Z cache-mci5951 MEWElogs[412844]: FLIPH, 1626283774293980457, MCI, 10
<134>2021-07-14T17:29:36Z cache-lhr7382 MEWElogs[412844]: FLIPH, 1626283775350837089, LHR, 10
<134>2021-07-14T17:29:51Z cache-lax10677 MEWElogs[412844]: FLIPH, 1626283790376960995, LGB, -1
<134>2021-07-14T17:30:11Z cache-hkg17929 MEWElogs[412844]: FLIPH, 1626283810494368159, HKG, -1
<134>2021-07-14T17:30:23Z cache-man4150 MEWElogs[412844]: FLIPH, 1626283823386287609, MAN, -1
<134>2021-07-14T17:30:25Z cache-lga21983 MEWElogs[412844]: FLIPH, 1626283824863135860, LGA, -1
<134>2021-07-14T17:30:36Z cache-lga21983 MEWElogs[412844]: FLIPH, 1626283835794204953, LGA, -1
<134>2021-07-14T17:30:37Z cache-stp9226 MEWElogs[412844]: FLIPH, 1626283836530056575, STP, 10
<134>2021-07-14T17:30:38Z cache-mia11368 MEWElogs[412844]: FLIPH, 1626283837698795699, MIA, -1
<134>2021-07-14T17:30:39Z cache-lga21983 MEWElogs[412844]: FLIPH, 1626283838823679654, LGA, 10
<134>2021-07-14T17:30:46Z cache-hkg17929 MEWElogs[412844]: FLIPH, 1626283845870088612, HKG, 10
<134>2021-07-14T17:31:17Z cache-jax20933 MEWElogs[412844]: FLIPH, 1626283876184323535, JAX, 10
<134>2021-07-14T17:31:19Z cache-mia11368 MEWElogs[412844]: FLIPH, 1626283878075583270, MIA, -1
<134>2021-07-14T17:31:29Z cache-yul12826 MEWElogs[412844]: FLIPH, 1626283889749053183, YUL, 10
<134>2021-07-14T17:31:34Z cache-lga21983 MEWElogs[412844]: FLIPH, 1626283894809653239, LGA, -1
<134>2021-07-14T17:31:45Z cache-mel11272 MEWElogs[412844]: FLIPH, 1626283905067383294, MEL, 10
<134>2021-07-14T17:31:54Z cache-ewr18156 MEWElogs[412844]: FLIPH, 1626283913287998019, EWR, 10
<134>2021-07-14T17:31:59Z cache-ewr18156 MEWElogs[412844]: FLIPH, 1626283919524190402, EWR, -1
<134>2021-07-14T17:32:01Z cache-osl6529 MEWElogs[412844]: FLIPH, 1626283920971596821, OSL, -1
<134>2021-07-14T17:32:04Z cache-stp9226 MEWElogs[412844]: FLIPH, 1626283923806179098, STP, 10
<134>2021-07-14T17:32:14Z cache-lga21983 MEWElogs[412844]: FLIPH, 1626283934098165218, LGA, -1
