<134>2021-07-15T00:28:43Z cache-ams21020 MEWElogs[334804]: CROP, 1626308922398819270, AMS, 12
<134>2021-07-15T00:28:44Z cache-ord1740 MEWElogs[334804]: CROP, 1626308923561430015, ORD, 12
<134>2021-07-15T00:28:50Z cache-bog6425 MEWElogs[334804]: CROP, 1626308929154779352, BOG, 12
<134>2021-07-15T00:28:50Z cache-mdw17383 MEWElogs[334804]: CROP, 1626308929501143714, MDW, 12
<134>2021-07-15T00:28:58Z cache-wdc5583 MEWElogs[334804]: CROP, 1626308937365480200, WDC, 12
<134>2021-07-15T00:29:00Z cache-ams21020 MEWElogs[334804]: CROP, 1626308938959997274, AMS, 12
<134>2021-07-15T00:29:02Z cache-ams21020 MEWElogs[334804]: CROP, 1626308941783691248, AMS, 12
<134>2021-07-15T00:29:30Z cache-ams21020 MEWElogs[334804]: CROP, 1626308969964446225, AMS, 12
<134>2021-07-15T00:29:50Z cache-cmh21547 MEWElogs[334804]: CROP, 1626308989794046264, CMH, 12
<134>2021-07-15T00:29:50Z cache-ams21020 MEWElogs[334804]: CROP, 1626308989805880321, AMS, 12
<134>2021-07-15T00:30:00Z cache-cmh21547 MEWElogs[334804]: CROP, 1626309000095630891, CMH, 12
<134>2021-07-15T00:30:03Z cache-mdw17383 MEWElogs[334804]: CROP, 1626309002331256952, MDW, 12
<134>2021-07-15T00:30:14Z cache-maa10251 MEWElogs[334804]: CROP, 1626309013990202661, MAA, 12
<134>2021-07-15T00:30:20Z cache-mdw17383 MEWElogs[334804]: CROP, 1626309020336606643, MDW, 12
<134>2021-07-15T00:30:43Z cache-ams21020 MEWElogs[334804]: CROP, 1626309042812001013, AMS, 12
<134>2021-07-15T00:30:53Z cache-cmh21547 MEWElogs[334804]: CROP, 1626309052893611360, CMH, 12
<134>2021-07-15T00:31:19Z cache-dca17782 MEWElogs[334804]: CROP, 1626309078553235918, DCA, 12
<134>2021-07-15T00:31:28Z cache-mdw17383 MEWElogs[334804]: CROP, 1626309088371070086, MDW, 12
<134>2021-07-15T00:31:29Z cache-ord1740 MEWElogs[334804]: CROP, 1626309088616878566, ORD, 12
<134>2021-07-15T00:31:32Z cache-bog6425 MEWElogs[334804]: CROP, 1626309091813642865, BOG, 12
<134>2021-07-15T00:31:53Z cache-bog6425 MEWElogs[334804]: CROP, 1626309113267332340, BOG, 12
<134>2021-07-15T00:31:55Z cache-mdw17383 MEWElogs[334804]: CROP, 1626309115216206519, MDW, 12
<134>2021-07-15T00:32:22Z cache-ams21020 MEWElogs[334804]: CROP, 1626309141462353737, AMS, 12
<134>2021-07-15T00:32:25Z cache-ams21020 MEWElogs[334804]: CROP, 1626309144299310105, AMS, 12
<134>2021-07-15T00:32:28Z cache-cmh21547 MEWElogs[334804]: CROP, 1626309148508077365, CMH, 12
<134>2021-07-15T00:32:36Z cache-eze19324 MEWElogs[334804]: CROP, 1626309154934271633, EZE, 12
<134>2021-07-15T00:32:36Z cache-mdw17383 MEWElogs[334804]: CROP, 1626309156021716644, MDW, 12
<134>2021-07-15T00:32:57Z cache-dca17782 MEWElogs[334804]: CROP, 1626309176330317357, DCA, 12
<134>2021-07-15T00:33:01Z cache-cmh21547 MEWElogs[334804]: CROP, 1626309180106749050, CMH, 12
<134>2021-07-15T00:33:16Z cache-cmh21547 MEWElogs[334804]: CROP, 1626309195758758782, CMH, 12
<134>2021-07-15T00:33:22Z cache-ord1740 MEWElogs[334804]: CROP, 1626309200994477308, ORD, 12
<134>2021-07-15T00:33:30Z cache-pdk17882 MEWElogs[334804]: CROP, 1626309209990900907, PDK, 12
<134>2021-07-15T00:33:42Z cache-eze19324 MEWElogs[334804]: CROP, 1626309221312415929, EZE, 12
<134>2021-07-15T00:33:43Z cache-cmh21547 MEWElogs[334804]: CROP, 1626309222066840867, CMH, 12
<134>2021-07-15T00:33:51Z cache-bog6425 MEWElogs[334804]: CROP, 1626309230791940455, BOG, 12
<134>2021-07-15T00:33:57Z cache-ord1740 MEWElogs[334804]: CROP, 1626309236233038325, ORD, 12
<134>2021-07-15T00:34:03Z cache-maa10251 MEWElogs[334804]: CROP, 1626309242694672200, MAA, 12
<134>2021-07-15T00:34:07Z cache-cph20625 MEWElogs[334804]: CROP, 1626309246428449812, CPH, 12
<134>2021-07-15T00:34:25Z cache-pdk17882 MEWElogs[334804]: CROP, 1626309264425223009, PDK, 12
<134>2021-07-15T00:34:33Z cache-eze19324 MEWElogs[334804]: CROP, 1626309273036255380, EZE, 12
<134>2021-07-15T00:35:00Z cache-dfw18678 MEWElogs[334804]: CROP, 1626309300371652243, DFW, 12
<134>2021-07-15T00:35:02Z cache-fty21383 MEWElogs[334804]: CROP, 1626309301540081100, FTY, 12
<134>2021-07-15T00:35:07Z cache-cmh21547 MEWElogs[334804]: CROP, 1626309306973511321, CMH, 12
<134>2021-07-15T00:35:24Z cache-wdc5583 MEWElogs[334804]: CROP, 1626309323650497377, WDC, 12
<134>2021-07-15T00:35:55Z cache-fty21383 MEWElogs[334804]: CROP, 1626309354589732179, FTY, 12
<134>2021-07-15T00:35:55Z cache-cmh21547 MEWElogs[334804]: CROP, 1626309355264240251, CMH, 12
<134>2021-07-15T00:35:58Z cache-fty21383 MEWElogs[334804]: CROP, 1626309357860359183, FTY, 12
<134>2021-07-15T00:36:43Z cache-cmh21547 MEWElogs[334804]: CROP, 1626309403042848834, CMH, 12
<134>2021-07-15T00:37:00Z cache-dfw18678 MEWElogs[334804]: CROP, 1626309420375699307, DFW, 12
<134>2021-07-15T00:37:02Z cache-fty21383 MEWElogs[334804]: CROP, 1626309421440494811, FTY, 12
<134>2021-07-15T00:37:04Z cache-cmh21547 MEWElogs[334804]: CROP, 1626309424310334945, CMH, 12
<134>2021-07-15T00:37:04Z cache-del21735 MEWElogs[334804]: CROP, 1626309423311667948, DEL, 12
<134>2021-07-15T00:37:11Z cache-bos4657 MEWElogs[334804]: CROP, 1626309430524548698, BOS, 12
<134>2021-07-15T00:37:26Z cache-dub4329 MEWElogs[334804]: CROP, 1626309445188160300, DUB, 12
<134>2021-07-15T00:37:26Z cache-cmh21547 MEWElogs[334804]: CROP, 1626309445498504127, CMH, 12
<134>2021-07-15T00:37:41Z cache-del21735 MEWElogs[334804]: CROP, 1626309460797058615, DEL, 12
<134>2021-07-15T00:37:56Z cache-del21735 MEWElogs[334804]: CROP, 1626309475446475357, DEL, 12
<134>2021-07-15T00:38:37Z cache-cph20625 MEWElogs[334804]: CROP, 1626309516974340438, CPH, 12
