<134>2021-07-14T16:42:53Z cache-fty21383 MEWElogs[370074]: FLIPH, 1626280973290419886, FTY, -1
<134>2021-07-14T16:43:09Z cache-akl10324 MEWElogs[370074]: FLIPH, 1626280988170094174, AKL, -1
<134>2021-07-14T16:43:13Z cache-mdw17383 MEWElogs[370074]: FLIPH, 1626280992299135530, MDW, -1
<134>2021-07-14T16:43:44Z cache-eze19324 MEWElogs[370074]: FLIPH, 1626281023610429288, EZE, 10
<134>2021-07-14T16:43:50Z cache-chi21126 MEWElogs[370074]: FLIPH, 1626281029803412520, CHI, -1
<134>2021-07-14T16:44:12Z cache-mdw17383 MEWElogs[370074]: FLIPH, 1626281051584716687, MDW, 10
<134>2021-07-14T16:44:13Z cache-bos4657 MEWElogs[370074]: FLIPH, 1626281053396308532, BOS, -1
<134>2021-07-14T16:44:26Z cache-bos4657 MEWElogs[370074]: FLIPH, 1626281065546507536, BOS, 10
<134>2021-07-14T16:44:31Z cache-bos4657 MEWElogs[370074]: FLIPH, 1626281071773812962, BOS, -1
<134>2021-07-14T16:44:58Z cache-bos4657 MEWElogs[370074]: FLIPH, 1626281098757855755, BOS, -1
<134>2021-07-14T16:45:04Z cache-mdw17383 MEWElogs[370074]: FLIPH, 1626281103760116630, MDW, -1
<134>2021-07-14T16:45:37Z cache-dfw18678 MEWElogs[370074]: FLIPH, 1626281136842939077, DFW, -1
<134>2021-07-14T16:45:40Z cache-dfw18678 MEWElogs[370074]: FLIPH, 1626281140446801550, DFW, 10
<134>2021-07-14T16:45:49Z cache-cph20625 MEWElogs[370074]: FLIPH, 1626281149013137444, CPH, -1
<134>2021-07-14T16:45:59Z cache-dfw18678 MEWElogs[370074]: FLIPH, 1626281159208085128, DFW, -1
<134>2021-07-14T16:46:21Z cache-akl10324 MEWElogs[370074]: FLIPH, 1626281180704033345, AKL, 10
<134>2021-07-14T16:46:30Z cache-pwk4920 MEWElogs[370074]: FLIPH, 1626281189685820108, PWK, 10
<134>2021-07-14T16:46:33Z cache-bos4657 MEWElogs[370074]: FLIPH, 1626281192781828026, BOS, 10
<134>2021-07-14T16:46:40Z cache-hhn4077 MEWElogs[370074]: FLIPH, 1626281199629544707, HHN, 10
<134>2021-07-14T16:47:02Z cache-del21735 MEWElogs[370074]: FLIPH, 1626281221839976090, DEL, -1
<134>2021-07-14T16:47:31Z cache-akl10324 MEWElogs[370074]: FLIPH, 1626281250481801442, AKL, 10
<134>2021-07-14T16:47:39Z cache-akl10324 MEWElogs[370074]: FLIPH, 1626281258144261109, AKL, -1
<134>2021-07-14T16:47:59Z cache-dub4329 MEWElogs[370074]: FLIPH, 1626281278297854189, DUB, 10
<134>2021-07-14T16:48:20Z cache-hhn4077 MEWElogs[370074]: FLIPH, 1626281299132838677, HHN, 10
<134>2021-07-14T16:48:20Z cache-chi21126 MEWElogs[370074]: FLIPH, 1626281299092830042, CHI, 10
<134>2021-07-14T16:48:36Z cache-fty21383 MEWElogs[370074]: FLIPH, 1626281314979310460, FTY, 10
<134>2021-07-14T16:48:38Z cache-dub4329 MEWElogs[370074]: FLIPH, 1626281317709069609, DUB, 10
<134>2021-07-14T16:49:03Z cache-chi21126 MEWElogs[370074]: FLIPH, 1626281343585240061, CHI, -1
<134>2021-07-14T16:49:10Z cache-dub4329 MEWElogs[370074]: FLIPH, 1626281349253471858, DUB, 10
<134>2021-07-14T16:49:13Z cache-hhn4077 MEWElogs[370074]: FLIPH, 1626281352569245615, HHN, -1
<134>2021-07-14T16:49:13Z cache-chi21126 MEWElogs[370074]: FLIPH, 1626281353337995044, CHI, -1
<134>2021-07-14T16:49:40Z cache-bos4657 MEWElogs[370074]: FLIPH, 1626281379947495428, BOS, -1
<134>2021-07-14T16:49:42Z cache-del21735 MEWElogs[370074]: FLIPH, 1626281381734922204, DEL, -1
<134>2021-07-14T16:49:54Z cache-del21735 MEWElogs[370074]: FLIPH, 1626281393624352859, DEL, 10
<134>2021-07-14T16:50:03Z cache-del21735 MEWElogs[370074]: FLIPH, 1626281402768037333, DEL, 10
<134>2021-07-14T16:50:10Z cache-akl10324 MEWElogs[370074]: FLIPH, 1626281409617451050, AKL, -1
<134>2021-07-14T16:50:22Z cache-hhn4077 MEWElogs[370074]: FLIPH, 1626281422586157233, HHN, -1
<134>2021-07-14T16:50:45Z cache-fty21383 MEWElogs[370074]: FLIPH, 1626281445317997248, FTY, -1
<134>2021-07-14T16:51:06Z cache-pwk4920 MEWElogs[370074]: FLIPH, 1626281466139911089, PWK, -1
<134>2021-07-14T16:51:32Z cache-bos4657 MEWElogs[370074]: FLIPH, 1626281491074893041, BOS, 10
<134>2021-07-14T16:51:46Z cache-dub4329 MEWElogs[370074]: FLIPH, 1626281505426266953, DUB, -1
<134>2021-07-14T16:51:49Z cache-akl10324 MEWElogs[370074]: FLIPH, 1626281508678982011, AKL, -1
<134>2021-07-14T16:51:55Z cache-hhn4077 MEWElogs[370074]: FLIPH, 1626281514519689226, HHN, -1
<134>2021-07-14T16:52:05Z cache-bos4657 MEWElogs[370074]: FLIPH, 1626281524369101809, BOS, -1
<134>2021-07-14T16:52:16Z cache-pwk4920 MEWElogs[370074]: FLIPH, 1626281536369190495, PWK, -1
<134>2021-07-14T16:52:19Z cache-akl10324 MEWElogs[370074]: FLIPH, 1626281538907134854, AKL, -1
<134>2021-07-14T16:52:45Z cache-del21735 MEWElogs[370074]: FLIPH, 1626281564609544670, DEL, 10
<134>2021-07-14T16:52:49Z cache-fty21383 MEWElogs[370074]: FLIPH, 1626281569182045389, FTY, -1
