<134>2021-07-15T01:31:38Z cache-pdk17882 MEWElogs[21956]: GRAY, 1626312697299729673, PDK, 13
<134>2021-07-15T01:31:41Z cache-bog6425 MEWElogs[21956]: GRAY, 1626312700646664043, BOG, 13
<134>2021-07-15T01:31:47Z cache-bog6425 MEWElogs[21956]: GRAY, 1626312707143049666, BOG, 13
<134>2021-07-15T01:32:25Z cache-akl10324 MEWElogs[21956]: GRAY, 1626312745427383763, AKL, 13
<134>2021-07-15T01:32:29Z cache-chi21126 MEWElogs[21956]: GRAY, 1626312748967389190, CHI, 13
<134>2021-07-15T01:32:31Z cache-cph20625 MEWElogs[21956]: GRAY, 1626312750601480636, CPH, 13
<134>2021-07-15T01:33:03Z cache-fty21383 MEWElogs[21956]: GRAY, 1626312782529062077, FTY, 13
<134>2021-07-15T01:33:07Z cache-cmh21547 MEWElogs[21956]: GRAY, 1626312786622159043, CMH, 13
<134>2021-07-15T01:33:17Z cache-chi21126 MEWElogs[21956]: GRAY, 1626312797048216108, CHI, 13
<134>2021-07-15T01:33:28Z cache-mdw17383 MEWElogs[21956]: GRAY, 1626312807398318674, MDW, 13
<134>2021-07-15T01:33:34Z cache-dfw18678 MEWElogs[21956]: GRAY, 1626312813533866336, DFW, 13
<134>2021-07-15T01:33:35Z cache-del21735 MEWElogs[21956]: GRAY, 1626312814523709749, DEL, 13
<134>2021-07-15T01:34:00Z cache-cmh21547 MEWElogs[21956]: GRAY, 1626312839606011927, CMH, 13
<134>2021-07-15T01:34:05Z cache-akl10324 MEWElogs[21956]: GRAY, 1626312844409539336, AKL, 13
<134>2021-07-15T01:34:21Z cache-dfw18678 MEWElogs[21956]: GRAY, 1626312860200459803, DFW, 13
<134>2021-07-15T01:34:31Z cache-bos4657 MEWElogs[21956]: GRAY, 1626312871290670763, BOS, 13
<134>2021-07-15T01:34:44Z cache-bos4657 MEWElogs[21956]: GRAY, 1626312883950990204, BOS, 13
<134>2021-07-15T01:34:54Z cache-akl10324 MEWElogs[21956]: GRAY, 1626312894398139303, AKL, 13
<134>2021-07-15T01:35:09Z cache-akl10324 MEWElogs[21956]: GRAY, 1626312908611341169, AKL, 13
<134>2021-07-15T01:35:15Z cache-dfw18678 MEWElogs[21956]: GRAY, 1626312914885587161, DFW, 13
<134>2021-07-15T01:35:21Z cache-fty21383 MEWElogs[21956]: GRAY, 1626312920805674991, FTY, 13
<134>2021-07-15T01:35:26Z cache-chi21126 MEWElogs[21956]: GRAY, 1626312925863178368, CHI, 13
<134>2021-07-15T01:35:37Z cache-akl10324 MEWElogs[21956]: GRAY, 1626312936791385340, AKL, 13
<134>2021-07-15T01:35:40Z cache-chi21126 MEWElogs[21956]: GRAY, 1626312939898251611, CHI, 13
<134>2021-07-15T01:35:53Z cache-fra19177 MEWElogs[21956]: GRAY, 1626312952368376153, FRA, 13
<134>2021-07-15T01:35:53Z cache-hhn4077 MEWElogs[21956]: GRAY, 1626312953085417943, HHN, 13
<134>2021-07-15T01:35:54Z cache-chi21126 MEWElogs[21956]: GRAY, 1626312954072814324, CHI, 13
<134>2021-07-15T01:36:06Z cache-akl10324 MEWElogs[21956]: GRAY, 1626312965247983635, AKL, 13
<134>2021-07-15T01:36:13Z cache-akl10324 MEWElogs[21956]: GRAY, 1626312972490181156, AKL, 13
<134>2021-07-15T01:36:17Z cache-bos4657 MEWElogs[21956]: GRAY, 1626312977252606936, BOS, 13
<134>2021-07-15T01:36:20Z cache-cph20625 MEWElogs[21956]: GRAY, 1626312979852620569, CPH, 13
<134>2021-07-15T01:36:23Z cache-dfw18678 MEWElogs[21956]: GRAY, 1626312983317366452, DFW, 13
<134>2021-07-15T01:36:41Z cache-fty21383 MEWElogs[21956]: GRAY, 1626313000975755009, FTY, 13
<134>2021-07-15T01:37:10Z cache-chi21126 MEWElogs[21956]: GRAY, 1626313029309137565, CHI, 13
<134>2021-07-15T01:37:14Z cache-fra19177 MEWElogs[21956]: GRAY, 1626313033602304055, FRA, 13
<134>2021-07-15T01:37:16Z cache-chi21126 MEWElogs[21956]: GRAY, 1626313035950795832, CHI, 13
<134>2021-07-15T01:37:19Z cache-fra19177 MEWElogs[21956]: GRAY, 1626313038297573365, FRA, 13
<134>2021-07-15T01:37:22Z cache-chi21126 MEWElogs[21956]: GRAY, 1626313042711144390, CHI, 13
<134>2021-07-15T01:37:29Z cache-chi21126 MEWElogs[21956]: GRAY, 1626313049498107626, CHI, 13
<134>2021-07-15T01:37:42Z cache-cph20625 MEWElogs[21956]: GRAY, 1626313061181293162, CPH, 13
<134>2021-07-15T01:37:46Z cache-fra19177 MEWElogs[21956]: GRAY, 1626313066325438062, FRA, 13
<134>2021-07-15T01:37:56Z cache-hhn4077 MEWElogs[21956]: GRAY, 1626313076047050303, HHN, 13
<134>2021-07-15T01:38:06Z cache-fra19177 MEWElogs[21956]: GRAY, 1626313085522323590, FRA, 13
<134>2021-07-15T01:38:18Z cache-chi21126 MEWElogs[21956]: GRAY, 1626313097766948442, CHI, 13
<134>2021-07-15T01:38:34Z cache-del21735 MEWElogs[21956]: GRAY, 1626313113956305684, DEL, 13
<134>2021-07-15T01:38:39Z cache-chi21126 MEWElogs[21956]: GRAY, 1626313117989905258, CHI, 13
<134>2021-07-15T01:38:57Z cache-fra19177 MEWElogs[21956]: GRAY, 1626313137392736570, FRA, 13
<134>2021-07-15T01:39:17Z cache-fra19177 MEWElogs[21956]: GRAY, 1626313156182899518, FRA, 13
<134>2021-07-15T01:39:31Z cache-fty21383 MEWElogs[21956]: GRAY, 1626313170390774350, FTY, 13
<134>2021-07-15T01:39:34Z cache-akl10324 MEWElogs[21956]: GRAY, 1626313173208919606, AKL, 13
<134>2021-07-15T01:39:37Z cache-pwk4920 MEWElogs[21956]: GRAY, 1626313176357249011, PWK, 13
<134>2021-07-15T01:40:05Z cache-dfw18678 MEWElogs[21956]: GRAY, 1626313205629622525, DFW, 13
<134>2021-07-15T01:40:07Z cache-del21735 MEWElogs[21956]: GRAY, 1626313206184285546, DEL, 13
<134>2021-07-15T01:40:09Z cache-fra19177 MEWElogs[21956]: GRAY, 1626313208088884322, FRA, 13
<134>2021-07-15T01:40:13Z cache-dfw18678 MEWElogs[21956]: GRAY, 1626313213413445856, DFW, 13
<134>2021-07-15T01:40:23Z cache-hhn4077 MEWElogs[21956]: GRAY, 1626313221978278857, HHN, 13
<134>2021-07-15T01:40:23Z cache-fra19177 MEWElogs[21956]: GRAY, 1626313222030284432, FRA, 13
<134>2021-07-15T01:40:27Z cache-fra19177 MEWElogs[21956]: GRAY, 1626313226700739121, FRA, 13
<134>2021-07-15T01:40:31Z cache-hhn4077 MEWElogs[21956]: GRAY, 1626313231427964514, HHN, 13
<134>2021-07-15T01:40:34Z cache-pwk4920 MEWElogs[21956]: GRAY, 1626313233643778245, PWK, 13
<134>2021-07-15T01:40:36Z cache-hhn4077 MEWElogs[21956]: GRAY, 1626313236145372559, HHN, 13
<134>2021-07-15T01:40:40Z cache-cwb20520 MEWElogs[21956]: GRAY, 1626313239845801400, CWB, 13
<134>2021-07-15T01:41:02Z cache-pwk4920 MEWElogs[21956]: GRAY, 1626313262333281985, PWK, 13
<134>2021-07-15T01:41:07Z cache-cwb20520 MEWElogs[21956]: GRAY, 1626313267072029297, CWB, 13
<134>2021-07-15T01:41:29Z cache-fra19177 MEWElogs[21956]: GRAY, 1626313288538279202, FRA, 13
