<134>2021-07-15T07:32:53Z cache-lga21983 MEWElogs[464521]: UNSH, 1626334372927768023, LGA, 16
<134>2021-07-15T07:32:57Z cache-ewr18156 MEWElogs[464521]: UNSH, 1626334376112977125, EWR, 16
<134>2021-07-15T07:33:58Z cache-osl6529 MEWElogs[464521]: UNSH, 1626334437337951039, OSL, 16
<134>2021-07-15T07:34:49Z cache-lax10677 MEWElogs[464521]: UNSH, 1626334488657842221, LGB, 16
<134>2021-07-15T07:35:08Z cache-osl6529 MEWElogs[464521]: UNSH, 1626334508658027218, OSL, 16
<134>2021-07-15T07:35:32Z cache-lga21983 MEWElogs[464521]: UNSH, 1626334531568097129, LGA, 16
<134>2021-07-15T07:35:47Z cache-jax20933 MEWElogs[464521]: UNSH, 1626334546908656803, JAX, 16
<134>2021-07-15T07:35:53Z cache-bom4751 MEWElogs[464521]: UNSH, 1626334552031741564, BOM, 16
<134>2021-07-15T07:37:11Z cache-lga21983 MEWElogs[464521]: UNSH, 1626334630376758582, LGA, 16
<134>2021-07-15T07:37:36Z cache-man4150 MEWElogs[464521]: UNSH, 1626334655352818475, MAN, 16
<134>2021-07-15T07:38:17Z cache-ewr18156 MEWElogs[464521]: UNSH, 1626334696816108365, EWR, 16
<134>2021-07-15T07:39:06Z cache-osl6529 MEWElogs[464521]: UNSH, 1626334745425925839, OSL, 16
<134>2021-07-15T07:39:51Z cache-lga21983 MEWElogs[464521]: UNSH, 1626334791435127531, LGA, 16
<134>2021-07-15T07:40:40Z cache-lax10677 MEWElogs[464521]: UNSH, 1626334839471373222, LGB, 16
<134>2021-07-15T07:40:46Z cache-lhr7382 MEWElogs[464521]: UNSH, 1626334845851768659, LHR, 16
<134>2021-07-15T07:40:47Z cache-cdg20720 MEWElogs[464521]: UNSH, 1626334847020940114, CDG, 16
<134>2021-07-15T07:41:00Z cache-lga21983 MEWElogs[464521]: UNSH, 1626334859607542580, LGA, 16
<134>2021-07-15T07:41:11Z cache-ewr18156 MEWElogs[464521]: UNSH, 1626334870686288048, EWR, 16
<134>2021-07-15T07:41:13Z cache-lax10677 MEWElogs[464521]: UNSH, 1626334872809136332, LGB, 16
<134>2021-07-15T07:41:40Z cache-ewr18156 MEWElogs[464521]: UNSH, 1626334899516044209, EWR, 16
<134>2021-07-15T07:41:58Z cache-lax10677 MEWElogs[464521]: UNSH, 1626334917711759234, LGB, 16
<134>2021-07-15T07:42:36Z cache-bom4751 MEWElogs[464521]: UNSH, 1626334955576014971, BOM, 16
