<134>2021-07-15T06:45:14Z cache-lon4249 MEWElogs[390968]: UNSH, 1626331513618948832, LON, 16
<134>2021-07-15T06:46:13Z cache-fra19177 MEWElogs[390968]: UNSH, 1626331572678926906, FRA, 16
<134>2021-07-15T06:46:27Z cache-lcy19283 MEWElogs[390968]: UNSH, 1626331586919117945, LCY, 16
<134>2021-07-15T06:46:54Z cache-iah17271 MEWElogs[390968]: UNSH, 1626331613462541934, IAH, 16
<134>2021-07-15T06:47:15Z cache-hel6829 MEWElogs[390968]: UNSH, 1626331634421963149, HEL, 16
<134>2021-07-15T06:47:18Z cache-den8274 MEWElogs[390968]: UNSH, 1626331637980815016, DEN, 16
<134>2021-07-15T06:47:34Z cache-lcy19283 MEWElogs[390968]: UNSH, 1626331653549583926, LCY, 16
<134>2021-07-15T06:48:05Z cache-lon4249 MEWElogs[390968]: UNSH, 1626331684146487130, LON, 16
<134>2021-07-15T06:48:48Z cache-hel6829 MEWElogs[390968]: UNSH, 1626331727333161295, HEL, 16
<134>2021-07-15T06:48:56Z cache-lon4249 MEWElogs[390968]: UNSH, 1626331735623968182, LON, 16
<134>2021-07-15T06:49:07Z cache-bur17583 MEWElogs[390968]: UNSH, 1626331746989267786, BUR, 16
<134>2021-07-15T06:49:08Z cache-lcy19283 MEWElogs[390968]: UNSH, 1626331748365635197, LCY, 16
<134>2021-07-15T06:49:30Z cache-bur17583 MEWElogs[390968]: UNSH, 1626331769330379606, BUR, 16
<134>2021-07-15T06:49:43Z cache-mad22068 MEWElogs[390968]: UNSH, 1626331782384446540, MAD, 16
<134>2021-07-15T06:49:57Z cache-lcy19283 MEWElogs[390968]: UNSH, 1626331796776710831, LCY, 16
<134>2021-07-15T06:50:02Z cache-iah17271 MEWElogs[390968]: UNSH, 1626331801884468856, IAH, 16
<134>2021-07-15T06:50:10Z cache-den8274 MEWElogs[390968]: UNSH, 1626331809971126696, DEN, 16
<134>2021-07-15T06:50:31Z cache-mad22068 MEWElogs[390968]: UNSH, 1626331830378631245, MAD, 16
<134>2021-07-15T06:50:53Z cache-jnb7027 MEWElogs[390968]: UNSH, 1626331852402366349, JNB, 16
<134>2021-07-15T06:51:21Z cache-fra19177 MEWElogs[390968]: UNSH, 1626331881456434100, FRA, 16
<134>2021-07-15T06:51:27Z cache-den8274 MEWElogs[390968]: UNSH, 1626331886464044328, DEN, 16
<134>2021-07-15T06:51:46Z cache-den8274 MEWElogs[390968]: UNSH, 1626331905345299067, DEN, 16
<134>2021-07-15T06:52:22Z cache-lon4249 MEWElogs[390968]: UNSH, 1626331941304458273, LON, 16
<134>2021-07-15T06:52:27Z cache-jnb7027 MEWElogs[390968]: UNSH, 1626331946769819590, JNB, 16
<134>2021-07-15T06:52:46Z cache-hel6829 MEWElogs[390968]: UNSH, 1626331965675517842, HEL, 16
<134>2021-07-15T06:52:56Z cache-hel6829 MEWElogs[390968]: UNSH, 1626331975863422394, HEL, 16
<134>2021-07-15T06:53:10Z cache-iah17271 MEWElogs[390968]: UNSH, 1626331989565317638, IAH, 16
<134>2021-07-15T06:53:18Z cache-hel6829 MEWElogs[390968]: UNSH, 1626331997011831125, HEL, 16
<134>2021-07-15T06:53:22Z cache-lcy19283 MEWElogs[390968]: UNSH, 1626332001807411506, LCY, 16
<134>2021-07-15T06:53:43Z cache-mad22068 MEWElogs[390968]: UNSH, 1626332022305489924, MAD, 16
<134>2021-07-15T06:54:01Z cache-mad22068 MEWElogs[390968]: UNSH, 1626332040726351867, MAD, 16
<134>2021-07-15T06:54:25Z cache-fra19177 MEWElogs[390968]: UNSH, 1626332064978921076, FRA, 16
<134>2021-07-15T06:55:00Z cache-hel6829 MEWElogs[390968]: UNSH, 1626332100280591684, HEL, 16
<134>2021-07-15T06:55:04Z cache-lon4249 MEWElogs[390968]: UNSH, 1626332103683309255, LON, 16
<134>2021-07-15T06:55:07Z cache-den8274 MEWElogs[390968]: UNSH, 1626332106174582466, DEN, 16
