<134>2021-07-14T17:42:50Z cache-lga21983 MEWElogs[382896]: FLIPH, 1626284570117164896, LGA, 10
<134>2021-07-14T17:43:00Z cache-bom4751 MEWElogs[382896]: FLIPH, 1626284578912156215, BOM, 10
<134>2021-07-14T17:43:00Z cache-lga21983 MEWElogs[382896]: FLIPH, 1626284580044736643, LGA, 10
<134>2021-07-14T17:43:06Z cache-lga21983 MEWElogs[382896]: FLIPH, 1626284586801842431, LGA, -1
<134>2021-07-14T17:43:20Z cache-lga21983 MEWElogs[382896]: FLIPH, 1626284599849607631, LGA, 10
<134>2021-07-14T17:43:25Z cache-gig17035 MEWElogs[382896]: FLIPH, 1626284605625050130, GIG, -1
<134>2021-07-14T17:43:42Z cache-osl6529 MEWElogs[382896]: FLIPH, 1626284622840577030, OSL, -1
<134>2021-07-14T17:43:44Z cache-scl19427 MEWElogs[382896]: FLIPH, 1626284623881014910, SCL, 10
<134>2021-07-14T17:43:57Z cache-bom4751 MEWElogs[382896]: FLIPH, 1626284636292013932, BOM, -1
<134>2021-07-14T17:44:01Z cache-gru17149 MEWElogs[382896]: FLIPH, 1626284640111687930, GRU, 10
<134>2021-07-14T17:44:02Z cache-gig17035 MEWElogs[382896]: FLIPH, 1626284641725391574, GIG, -1
<134>2021-07-14T17:44:02Z cache-cdg20720 MEWElogs[382896]: FLIPH, 1626284641593148796, CDG, -1
<134>2021-07-14T17:44:09Z cache-bom4751 MEWElogs[382896]: FLIPH, 1626284648389166377, BOM, 10
<134>2021-07-14T17:44:12Z cache-osl6529 MEWElogs[382896]: FLIPH, 1626284651119118493, OSL, -1
<134>2021-07-14T17:44:17Z cache-gig17035 MEWElogs[382896]: FLIPH, 1626284657486946885, GIG, 10
<134>2021-07-14T17:44:29Z cache-lga21983 MEWElogs[382896]: FLIPH, 1626284669265669786, LGA, 10
<134>2021-07-14T17:44:40Z cache-stl4834 MEWElogs[382896]: FLIPH, 1626284679533615527, STL, 10
<134>2021-07-14T17:44:45Z cache-bom4751 MEWElogs[382896]: FLIPH, 1626284685452131222, BOM, -1
<134>2021-07-14T17:44:45Z cache-gru17149 MEWElogs[382896]: FLIPH, 1626284684855227035, GRU, -1
<134>2021-07-14T17:44:46Z cache-ewr18156 MEWElogs[382896]: FLIPH, 1626284686142290463, EWR, 10
<134>2021-07-14T17:45:06Z cache-lga21983 MEWElogs[382896]: FLIPH, 1626284705470491626, LGA, -1
<134>2021-07-14T17:45:18Z cache-gig17035 MEWElogs[382896]: FLIPH, 1626284717729947903, GIG, 10
<134>2021-07-14T17:45:43Z cache-stl4834 MEWElogs[382896]: FLIPH, 1626284742629075895, STL, 10
<134>2021-07-14T17:45:44Z cache-osl6529 MEWElogs[382896]: FLIPH, 1626284744138019335, OSL, -1
<134>2021-07-14T17:46:17Z cache-ewr18156 MEWElogs[382896]: FLIPH, 1626284776695587790, EWR, -1
<134>2021-07-14T17:46:18Z cache-gig17035 MEWElogs[382896]: FLIPH, 1626284777535369580, GIG, 10
<134>2021-07-14T17:46:24Z cache-gru17149 MEWElogs[382896]: FLIPH, 1626284783448244064, GRU, 10
<134>2021-07-14T17:46:24Z cache-lga21983 MEWElogs[382896]: FLIPH, 1626284784369037720, LGA, -1
<134>2021-07-14T17:46:27Z cache-itm18851 MEWElogs[382896]: FLIPH, 1626284786709837657, ITM, -1
<134>2021-07-14T17:46:38Z cache-lga21983 MEWElogs[382896]: FLIPH, 1626284797435949974, LGA, 10
<134>2021-07-14T17:46:58Z cache-scl19427 MEWElogs[382896]: FLIPH, 1626284817552956141, SCL, 10
<134>2021-07-14T17:47:09Z cache-hnd18722 MEWElogs[382896]: FLIPH, 1626284828794602366, HND, 10
<134>2021-07-14T17:47:10Z cache-syd10183 MEWElogs[382896]: FLIPH, 1626284829109684897, SYD, -1
<134>2021-07-14T17:47:16Z cache-cdg20720 MEWElogs[382896]: FLIPH, 1626284835495249164, CDG, -1
<134>2021-07-14T17:47:18Z cache-pao17461 MEWElogs[382896]: FLIPH, 1626284838267057122, PAO, -1
<134>2021-07-14T17:47:28Z cache-stl4834 MEWElogs[382896]: FLIPH, 1626284848774892741, STL, 10
<134>2021-07-14T17:47:40Z cache-gru17149 MEWElogs[382896]: FLIPH, 1626284859046818929, GRU, 10
<134>2021-07-14T17:47:40Z cache-syd10183 MEWElogs[382896]: FLIPH, 1626284859299649758, SYD, -1
<134>2021-07-14T17:47:42Z cache-gig17035 MEWElogs[382896]: FLIPH, 1626284861915903406, GIG, 10
<134>2021-07-14T17:47:46Z cache-cdg20720 MEWElogs[382896]: FLIPH, 1626284865649863017, CDG, -1
<134>2021-07-14T17:48:00Z cache-hnd18722 MEWElogs[382896]: FLIPH, 1626284878974178208, HND, -1
<134>2021-07-14T17:48:06Z cache-gru17149 MEWElogs[382896]: FLIPH, 1626284885165947808, GRU, -1
<134>2021-07-14T17:48:06Z cache-cdg20720 MEWElogs[382896]: FLIPH, 1626284885878294287, CDG, -1
<134>2021-07-14T17:48:09Z cache-bom4751 MEWElogs[382896]: FLIPH, 1626284888299078677, BOM, -1
<134>2021-07-14T17:48:10Z cache-syd10183 MEWElogs[382896]: FLIPH, 1626284889373377392, SYD, -1
<134>2021-07-14T17:48:13Z cache-pao17461 MEWElogs[382896]: FLIPH, 1626284892748421584, PAO, 10
<134>2021-07-14T17:48:16Z cache-cdg20720 MEWElogs[382896]: FLIPH, 1626284895948741252, CDG, -1
<134>2021-07-14T17:48:23Z cache-syd10183 MEWElogs[382896]: FLIPH, 1626284902202854582, SYD, 10
<134>2021-07-14T17:48:33Z cache-syd10183 MEWElogs[382896]: FLIPH, 1626284912252031532, SYD, 10
<134>2021-07-14T17:48:46Z cache-itm18851 MEWElogs[382896]: FLIPH, 1626284925406599898, ITM, 10
<134>2021-07-14T17:48:50Z cache-syd10183 MEWElogs[382896]: FLIPH, 1626284929706585083, SYD, -1
<134>2021-07-14T17:48:54Z cache-itm18851 MEWElogs[382896]: FLIPH, 1626284933153539561, ITM, -1
<134>2021-07-14T17:48:56Z cache-itm18851 MEWElogs[382896]: FLIPH, 1626284935757247910, ITM, 10
<134>2021-07-14T17:49:00Z cache-bom4751 MEWElogs[382896]: FLIPH, 1626284939733838506, BOM, 10
<134>2021-07-14T17:49:03Z cache-syd10183 MEWElogs[382896]: FLIPH, 1626284942280503123, SYD, 10
<134>2021-07-14T17:49:06Z cache-hnd18722 MEWElogs[382896]: FLIPH, 1626284945619630011, HND, 10
<134>2021-07-14T17:49:10Z cache-stl4834 MEWElogs[382896]: FLIPH, 1626284950586706040, STL, -1
<134>2021-07-14T17:49:29Z cache-bom4751 MEWElogs[382896]: FLIPH, 1626284969267572086, BOM, 10
<134>2021-07-14T17:49:31Z cache-scl19427 MEWElogs[382896]: FLIPH, 1626284971461436922, SCL, -1
<134>2021-07-14T17:49:35Z cache-itm18851 MEWElogs[382896]: FLIPH, 1626284974523625537, ITM, -1
<134>2021-07-14T17:49:59Z cache-hnd18722 MEWElogs[382896]: FLIPH, 1626284998574747748, HND, 10
<134>2021-07-14T17:49:59Z cache-scl19427 MEWElogs[382896]: FLIPH, 1626284998871490851, SCL, 10
<134>2021-07-14T17:50:09Z cache-itm18851 MEWElogs[382896]: FLIPH, 1626285008683599491, ITM, 10
<134>2021-07-14T17:50:13Z cache-gru17149 MEWElogs[382896]: FLIPH, 1626285012166561440, GRU, 10
<134>2021-07-14T17:50:49Z cache-pao17461 MEWElogs[382896]: FLIPH, 1626285049324519999, PAO, 10
<134>2021-07-14T17:50:51Z cache-gru17149 MEWElogs[382896]: FLIPH, 1626285050194923280, GRU, 10
<134>2021-07-14T17:51:01Z cache-itm18851 MEWElogs[382896]: FLIPH, 1626285060548716825, ITM, 10
<134>2021-07-14T17:51:10Z cache-stl4834 MEWElogs[382896]: FLIPH, 1626285069162468144, STL, 10
<134>2021-07-14T17:51:28Z cache-pao17461 MEWElogs[382896]: FLIPH, 1626285088125183507, PAO, -1
<134>2021-07-14T17:51:29Z cache-gru17149 MEWElogs[382896]: FLIPH, 1626285088142521864, GRU, 10
<134>2021-07-14T17:51:32Z cache-pao17461 MEWElogs[382896]: FLIPH, 1626285091283598092, PAO, 10
<134>2021-07-14T17:51:38Z cache-pao17461 MEWElogs[382896]: FLIPH, 1626285098464866549, PAO, -1
<134>2021-07-14T17:51:40Z cache-cgh11122 MEWElogs[382896]: FLIPH, 1626285100577356094, CGH, -1
<134>2021-07-14T17:51:46Z cache-hnd18722 MEWElogs[382896]: FLIPH, 1626285105563110429, HND, 10
<134>2021-07-14T17:52:12Z cache-syd10183 MEWElogs[382896]: FLIPH, 1626285131010540491, SYD, -1
<134>2021-07-14T17:52:22Z cache-syd10183 MEWElogs[382896]: FLIPH, 1626285140970374317, SYD, -1
<134>2021-07-14T17:52:32Z cache-scl19427 MEWElogs[382896]: FLIPH, 1626285151886154706, SCL, -1
<134>2021-07-14T17:52:48Z cache-hnd18722 MEWElogs[382896]: FLIPH, 1626285166943680539, HND, -1
