<134>2021-07-15T02:12:31Z cache-gig17035 MEWElogs[382896]: GRAY, 1626315150569318823, GIG, 13
<134>2021-07-15T02:12:37Z cache-cdg20720 MEWElogs[382896]: GRAY, 1626315157317741290, CDG, 13
<134>2021-07-15T02:12:43Z cache-cdg20720 MEWElogs[382896]: GRAY, 1626315162832053507, CDG, 13
<134>2021-07-15T02:12:46Z cache-gig17035 MEWElogs[382896]: GRAY, 1626315166453473751, GIG, 13
<134>2021-07-15T02:12:51Z cache-bom4751 MEWElogs[382896]: GRAY, 1626315170059549934, BOM, 13
<134>2021-07-15T02:12:52Z cache-hnd18722 MEWElogs[382896]: GRAY, 1626315171233598438, HND, 13
<134>2021-07-15T02:13:20Z cache-gru17149 MEWElogs[382896]: GRAY, 1626315199100433676, GRU, 13
<134>2021-07-15T02:13:22Z cache-cgh11122 MEWElogs[382896]: GRAY, 1626315201487428549, CGH, 13
<134>2021-07-15T02:13:29Z cache-pao17461 MEWElogs[382896]: GRAY, 1626315208271851150, PAO, 13
<134>2021-07-15T02:13:52Z cache-syd10183 MEWElogs[382896]: GRAY, 1626315231916359775, SYD, 13
<134>2021-07-15T02:14:28Z cache-scl19427 MEWElogs[382896]: GRAY, 1626315268323167968, SCL, 13
<134>2021-07-15T02:14:32Z cache-hnd18722 MEWElogs[382896]: GRAY, 1626315271212653753, HND, 13
<134>2021-07-15T02:14:38Z cache-itm18851 MEWElogs[382896]: GRAY, 1626315277811564752, ITM, 13
<134>2021-07-15T02:14:46Z cache-hnd18722 MEWElogs[382896]: GRAY, 1626315285471359670, HND, 13
<134>2021-07-15T02:15:09Z cache-bom4751 MEWElogs[382896]: GRAY, 1626315308680445951, BOM, 13
<134>2021-07-15T02:15:25Z cache-syd10183 MEWElogs[382896]: GRAY, 1626315324601914415, SYD, 13
<134>2021-07-15T02:15:26Z cache-scl19427 MEWElogs[382896]: GRAY, 1626315326070813645, SCL, 13
<134>2021-07-15T02:15:39Z cache-itm18851 MEWElogs[382896]: GRAY, 1626315338309839749, ITM, 13
<134>2021-07-15T02:15:39Z cache-syd10183 MEWElogs[382896]: GRAY, 1626315338554354899, SYD, 13
<134>2021-07-15T02:15:53Z cache-syd10183 MEWElogs[382896]: GRAY, 1626315352491174422, SYD, 13
<134>2021-07-15T02:15:56Z cache-bom4751 MEWElogs[382896]: GRAY, 1626315354988337858, BOM, 13
<134>2021-07-15T02:15:57Z cache-stl4834 MEWElogs[382896]: GRAY, 1626315357060975675, STL, 13
<134>2021-07-15T02:15:59Z cache-syd10183 MEWElogs[382896]: GRAY, 1626315359490697828, SYD, 13
<134>2021-07-15T02:16:13Z cache-bom4751 MEWElogs[382896]: GRAY, 1626315372449030415, BOM, 13
<134>2021-07-15T02:16:24Z cache-itm18851 MEWElogs[382896]: GRAY, 1626315383573545128, ITM, 13
<134>2021-07-15T02:16:39Z cache-itm18851 MEWElogs[382896]: GRAY, 1626315398483531340, ITM, 13
<134>2021-07-15T02:16:41Z cache-bom4751 MEWElogs[382896]: GRAY, 1626315400908216683, BOM, 13
<134>2021-07-15T02:16:50Z cache-syd10183 MEWElogs[382896]: GRAY, 1626315409864067606, SYD, 13
<134>2021-07-15T02:16:59Z cache-cgh11122 MEWElogs[382896]: GRAY, 1626315418384988257, CGH, 13
<134>2021-07-15T02:17:08Z cache-stl4834 MEWElogs[382896]: GRAY, 1626315427604981597, STL, 13
<134>2021-07-15T02:17:23Z cache-sjc10078 MEWElogs[382896]: GRAY, 1626315443108217203, SJC, 13
<134>2021-07-15T02:17:26Z cache-gru17149 MEWElogs[382896]: GRAY, 1626315445639355219, GRU, 13
<134>2021-07-15T02:17:50Z cache-hnd18722 MEWElogs[382896]: GRAY, 1626315469526308990, HND, 13
<134>2021-07-15T02:17:50Z cache-stl4834 MEWElogs[382896]: GRAY, 1626315469609703500, STL, 13
<134>2021-07-15T02:17:56Z cache-scl19427 MEWElogs[382896]: GRAY, 1626315476170791156, SCL, 13
<134>2021-07-15T02:17:58Z cache-sjc10078 MEWElogs[382896]: GRAY, 1626315478580526992, SJC, 13
<134>2021-07-15T02:18:02Z cache-syd10183 MEWElogs[382896]: GRAY, 1626315481241796278, SYD, 13
<134>2021-07-15T02:18:04Z cache-stl4834 MEWElogs[382896]: GRAY, 1626315483538548682, STL, 13
<134>2021-07-15T02:18:05Z cache-hnd18722 MEWElogs[382896]: GRAY, 1626315484372543167, HND, 13
<134>2021-07-15T02:18:09Z cache-itm18851 MEWElogs[382896]: GRAY, 1626315489468100989, ITM, 13
<134>2021-07-15T02:18:17Z cache-itm18851 MEWElogs[382896]: GRAY, 1626315496836104784, ITM, 13
<134>2021-07-15T02:18:41Z cache-hnd18722 MEWElogs[382896]: GRAY, 1626315520214556941, HND, 13
<134>2021-07-15T02:19:15Z cache-cgh11183 MEWElogs[382896]: GRAY, 1626315554733286318, CGH, 13
<134>2021-07-15T02:19:23Z cache-pao17461 MEWElogs[382896]: GRAY, 1626315562068951271, PAO, 13
<134>2021-07-15T02:19:30Z cache-sjc10078 MEWElogs[382896]: GRAY, 1626315570028479965, SJC, 13
<134>2021-07-15T02:19:49Z cache-stl4834 MEWElogs[382896]: GRAY, 1626315589026251980, STL, 13
<134>2021-07-15T02:20:00Z cache-sea4483 MEWElogs[382896]: GRAY, 1626315600176906948, SEA, 13
<134>2021-07-15T02:20:21Z cache-sjc10078 MEWElogs[382896]: GRAY, 1626315620552326024, SJC, 13
<134>2021-07-15T02:20:27Z cache-itm18851 MEWElogs[382896]: GRAY, 1626315627290340928, ITM, 13
<134>2021-07-15T02:20:32Z cache-syd10183 MEWElogs[382896]: GRAY, 1626315631078697871, SYD, 13
<134>2021-07-15T02:20:42Z cache-cgh11183 MEWElogs[382896]: GRAY, 1626315641975778079, CGH, 13
<134>2021-07-15T02:21:10Z cache-sjc10078 MEWElogs[382896]: GRAY, 1626315669637037085, SJC, 13
