<134>2021-07-15T00:38:54Z cache-hel6829 MEWElogs[369035]: CROP, 1626309533887204099, HEL, 12
<134>2021-07-15T00:38:55Z cache-del21735 MEWElogs[369035]: CROP, 1626309534615853029, DEL, 12
<134>2021-07-15T00:39:11Z cache-cph20625 MEWElogs[369035]: CROP, 1626309551798278268, CPH, 12
<134>2021-07-15T00:39:14Z cache-dfw18678 MEWElogs[369035]: CROP, 1626309553846571856, DFW, 12
<134>2021-07-15T00:39:21Z cache-pwk4920 MEWElogs[369035]: CROP, 1626309561039472153, PWK, 12
<134>2021-07-15T00:39:43Z cache-bos4657 MEWElogs[369035]: CROP, 1626309583204958831, BOS, 12
<134>2021-07-15T00:39:50Z cache-dub4329 MEWElogs[369035]: CROP, 1626309589296330119, DUB, 12
<134>2021-07-15T00:39:51Z cache-pwk4920 MEWElogs[369035]: CROP, 1626309590803509525, PWK, 12
<134>2021-07-15T00:39:58Z cache-hel6829 MEWElogs[369035]: CROP, 1626309597156221401, HEL, 12
<134>2021-07-15T00:40:04Z cache-dfw18678 MEWElogs[369035]: CROP, 1626309604242406536, DFW, 12
<134>2021-07-15T00:40:09Z cache-bos4657 MEWElogs[369035]: CROP, 1626309609123901908, BOS, 12
<134>2021-07-15T00:40:15Z cache-chi21126 MEWElogs[369035]: CROP, 1626309615418612964, CHI, 12
<134>2021-07-15T00:40:16Z cache-del21735 MEWElogs[369035]: CROP, 1626309615351373979, DEL, 12
<134>2021-07-15T00:40:49Z cache-chi21126 MEWElogs[369035]: CROP, 1626309648542516984, CHI, 12
<134>2021-07-15T00:41:05Z cache-bos4657 MEWElogs[369035]: CROP, 1626309665018644685, BOS, 12
<134>2021-07-15T00:41:09Z cache-hel6829 MEWElogs[369035]: CROP, 1626309668489018864, HEL, 12
<134>2021-07-15T00:41:19Z cache-del21735 MEWElogs[369035]: CROP, 1626309678197803089, DEL, 12
<134>2021-07-15T00:41:22Z cache-chi21126 MEWElogs[369035]: CROP, 1626309681924349423, CHI, 12
<134>2021-07-15T00:41:30Z cache-iah17271 MEWElogs[369035]: CROP, 1626309690418562106, IAH, 12
<134>2021-07-15T00:41:38Z cache-hel6829 MEWElogs[369035]: CROP, 1626309697849138806, HEL, 12
<134>2021-07-15T00:41:39Z cache-jnb7027 MEWElogs[369035]: CROP, 1626309698094809788, JNB, 12
<134>2021-07-15T00:41:53Z cache-cwb20520 MEWElogs[369035]: CROP, 1626309712196595009, CWB, 12
<134>2021-07-15T00:41:56Z cache-pwk4920 MEWElogs[369035]: CROP, 1626309715455328177, PWK, 12
<134>2021-07-15T00:41:56Z cache-del21735 MEWElogs[369035]: CROP, 1626309715724368653, DEL, 12
<134>2021-07-15T00:42:05Z cache-dub4329 MEWElogs[369035]: CROP, 1626309724564408842, DUB, 12
<134>2021-07-15T00:42:06Z cache-cwb20520 MEWElogs[369035]: CROP, 1626309725291936526, CWB, 12
<134>2021-07-15T00:42:29Z cache-lcy19283 MEWElogs[369035]: CROP, 1626309749054021292, LCY, 12
<134>2021-07-15T00:42:32Z cache-dfw18678 MEWElogs[369035]: CROP, 1626309752133308046, DFW, 12
<134>2021-07-15T00:42:43Z cache-den8274 MEWElogs[369035]: CROP, 1626309763191654772, DEN, 12
<134>2021-07-15T00:42:44Z cache-bur17583 MEWElogs[369035]: CROP, 1626309764050008230, BUR, 12
<134>2021-07-15T00:42:47Z cache-lcy19283 MEWElogs[369035]: CROP, 1626309766881390847, LCY, 12
<134>2021-07-15T00:42:54Z cache-den8274 MEWElogs[369035]: CROP, 1626309773990444135, DEN, 12
<134>2021-07-15T00:43:11Z cache-hel6829 MEWElogs[369035]: CROP, 1626309790088708643, HEL, 12
<134>2021-07-15T00:43:28Z cache-lcy19283 MEWElogs[369035]: CROP, 1626309808229677889, LCY, 12
<134>2021-07-15T00:43:28Z cache-mad22068 MEWElogs[369035]: CROP, 1626309808350128066, MAD, 12
<134>2021-07-15T00:43:34Z cache-mrs10583 MEWElogs[369035]: CROP, 1626309813220676628, MRS, 12
<134>2021-07-15T00:43:45Z cache-mrs10583 MEWElogs[369035]: CROP, 1626309824804676794, MRS, 12
<134>2021-07-15T00:43:46Z cache-den8274 MEWElogs[369035]: CROP, 1626309825650535217, DEN, 12
<134>2021-07-15T00:43:48Z cache-mrs10583 MEWElogs[369035]: CROP, 1626309827696316051, MRS, 12
<134>2021-07-15T00:43:49Z cache-den8274 MEWElogs[369035]: CROP, 1626309829191278473, DEN, 12
<134>2021-07-15T00:43:51Z cache-mrs10583 MEWElogs[369035]: CROP, 1626309830649947054, MRS, 12
<134>2021-07-15T00:44:02Z cache-lcy19283 MEWElogs[369035]: CROP, 1626309841130840532, LCY, 12
<134>2021-07-15T00:44:11Z cache-bur17583 MEWElogs[369035]: CROP, 1626309850378502059, BUR, 12
<134>2021-07-15T00:44:18Z cache-mrs10583 MEWElogs[369035]: CROP, 1626309856985067358, MRS, 12
<134>2021-07-15T00:44:23Z cache-mrs10583 MEWElogs[369035]: CROP, 1626309862796626319, MRS, 12
<134>2021-07-15T00:44:24Z cache-iah17271 MEWElogs[369035]: CROP, 1626309863532890418, IAH, 12
<134>2021-07-15T00:44:27Z cache-bur17583 MEWElogs[369035]: CROP, 1626309867159634394, BUR, 12
<134>2021-07-15T00:44:29Z cache-mad22068 MEWElogs[369035]: CROP, 1626309869449095505, MAD, 12
<134>2021-07-15T00:44:31Z cache-lcy19283 MEWElogs[369035]: CROP, 1626309870825391806, LCY, 12
<134>2021-07-15T00:44:49Z cache-lcy19283 MEWElogs[369035]: CROP, 1626309888718911270, LCY, 12
<134>2021-07-15T00:44:52Z cache-hkg17929 MEWElogs[369035]: CROP, 1626309891775077186, HKG, 12
<134>2021-07-15T00:45:07Z cache-jnb7027 MEWElogs[369035]: CROP, 1626309906507685747, JNB, 12
<134>2021-07-15T00:45:31Z cache-jnb7027 MEWElogs[369035]: CROP, 1626309929946809114, JNB, 12
<134>2021-07-15T00:45:39Z cache-jnb7027 MEWElogs[369035]: CROP, 1626309938404398234, JNB, 12
<134>2021-07-15T00:45:43Z cache-mad22068 MEWElogs[369035]: CROP, 1626309942011697245, MAD, 12
<134>2021-07-15T00:45:50Z cache-bur17583 MEWElogs[369035]: CROP, 1626309949400194685, BUR, 12
<134>2021-07-15T00:45:51Z cache-lcy19283 MEWElogs[369035]: CROP, 1626309951094544432, LCY, 12
<134>2021-07-15T00:46:02Z cache-dal21283 MEWElogs[369035]: CROP, 1626309961380923285, DAL, 12
<134>2021-07-15T00:46:18Z cache-jnb7027 MEWElogs[369035]: CROP, 1626309977697970684, JNB, 12
<134>2021-07-15T00:46:20Z cache-mrs10583 MEWElogs[369035]: CROP, 1626309979429199175, MRS, 12
<134>2021-07-15T00:46:49Z cache-lcy19283 MEWElogs[369035]: CROP, 1626310008240963713, LCY, 12
<134>2021-07-15T00:46:55Z cache-mrs10583 MEWElogs[369035]: CROP, 1626310014396197432, MRS, 12
<134>2021-07-15T00:47:12Z cache-mrs10583 MEWElogs[369035]: CROP, 1626310031739300513, MRS, 12
<134>2021-07-15T00:47:26Z cache-mad22068 MEWElogs[369035]: CROP, 1626310045068003948, MAD, 12
<134>2021-07-15T00:47:28Z cache-dal21283 MEWElogs[369035]: CROP, 1626310047828367017, DAL, 12
<134>2021-07-15T00:47:32Z cache-lhr7382 MEWElogs[369035]: CROP, 1626310051752642609, LHR, 12
<134>2021-07-15T00:47:34Z cache-den8274 MEWElogs[369035]: CROP, 1626310054499564742, DEN, 12
<134>2021-07-15T00:47:39Z cache-mrs10583 MEWElogs[369035]: CROP, 1626310057957774803, MRS, 12
<134>2021-07-15T00:47:53Z cache-mia11368 MEWElogs[369035]: CROP, 1626310072598958462, MIA, 12
<134>2021-07-15T00:48:01Z cache-mrs10583 MEWElogs[369035]: CROP, 1626310080974993029, MRS, 12
<134>2021-07-15T00:48:13Z cache-stp9226 MEWElogs[369035]: CROP, 1626310092264669336, STP, 12
<134>2021-07-15T00:48:18Z cache-hkg17929 MEWElogs[369035]: CROP, 1626310098166615643, HKG, 12
<134>2021-07-15T00:48:29Z cache-mad22068 MEWElogs[369035]: CROP, 1626310108683218739, MAD, 12
<134>2021-07-15T00:48:30Z cache-mel11272 MEWElogs[369035]: CROP, 1626310109384997204, MEL, 12
<134>2021-07-15T00:48:35Z cache-lhr7382 MEWElogs[369035]: CROP, 1626310114521078006, LHR, 12
<134>2021-07-15T00:48:44Z cache-mel11272 MEWElogs[369035]: CROP, 1626310123153176259, MEL, 12
<134>2021-07-15T00:48:45Z cache-dal21283 MEWElogs[369035]: CROP, 1626310125045058896, DAL, 12
