<134>2021-07-15T05:08:08Z cache-osl6529 MEWElogs[464521]: ROTATE, 1626325687403557378, OSL, 15
<134>2021-07-15T05:08:37Z cache-mel11272 MEWElogs[464521]: ROTATE, 1626325716225404078, MEL, 15
<134>2021-07-15T05:08:47Z cache-hkg17929 MEWElogs[464521]: ROTATE, 1626325726665255922, HKG, 15
<134>2021-07-15T05:09:09Z cache-lax10677 MEWElogs[464521]: ROTATE, 1626325748182085023, LGB, 15
<134>2021-07-15T05:09:42Z cache-stp9226 MEWElogs[464521]: ROTATE, 1626325781325016912, STP, 15
<134>2021-07-15T05:09:42Z cache-osl6529 MEWElogs[464521]: ROTATE, 1626325781532718471, OSL, 15
<134>2021-07-15T05:09:46Z cache-ewr18156 MEWElogs[464521]: ROTATE, 1626325786388977009, EWR, 15
<134>2021-07-15T05:09:50Z cache-osl6529 MEWElogs[464521]: ROTATE, 1626325789318528693, OSL, 15
<134>2021-07-15T05:10:32Z cache-lga21983 MEWElogs[464521]: ROTATE, 1626325831902328990, LGA, 15
<134>2021-07-15T05:11:18Z cache-gig17035 MEWElogs[464521]: ROTATE, 1626325877395882088, GIG, 15
<134>2021-07-15T05:11:44Z cache-lga21983 MEWElogs[464521]: ROTATE, 1626325903349385552, LGA, 15
<134>2021-07-15T05:11:44Z cache-mel11272 MEWElogs[464521]: ROTATE, 1626325903367706903, MEL, 15
<134>2021-07-15T05:12:02Z cache-lga21983 MEWElogs[464521]: ROTATE, 1626325921392739027, LGA, 15
<134>2021-07-15T05:12:15Z cache-bom4751 MEWElogs[464521]: ROTATE, 1626325935208582369, BOM, 15
<134>2021-07-15T05:12:20Z cache-osl6529 MEWElogs[464521]: ROTATE, 1626325939078136610, OSL, 15
<134>2021-07-15T05:12:37Z cache-scl19427 MEWElogs[464521]: ROTATE, 1626325957043344571, SCL, 15
<134>2021-07-15T05:12:38Z cache-cdg20720 MEWElogs[464521]: ROTATE, 1626325957634445373, CDG, 15
<134>2021-07-15T05:12:52Z cache-stl4834 MEWElogs[464521]: ROTATE, 1626325971895482935, STL, 15
<134>2021-07-15T05:13:02Z cache-ewr18156 MEWElogs[464521]: ROTATE, 1626325981129987171, EWR, 15
<134>2021-07-15T05:13:46Z cache-gig17035 MEWElogs[464521]: ROTATE, 1626326025156899012, GIG, 15
<134>2021-07-15T05:14:02Z cache-osl6529 MEWElogs[464521]: ROTATE, 1626326041646114253, OSL, 15
<134>2021-07-15T05:14:16Z cache-itm18851 MEWElogs[464521]: ROTATE, 1626326055637887780, ITM, 15
<134>2021-07-15T05:15:01Z cache-itm18851 MEWElogs[464521]: ROTATE, 1626326100594437994, ITM, 15
<134>2021-07-15T05:15:51Z cache-bom4751 MEWElogs[464521]: ROTATE, 1626326150115039148, BOM, 15
<134>2021-07-15T05:15:52Z cache-mel11272 MEWElogs[464521]: ROTATE, 1626326151575379007, MEL, 15
<134>2021-07-15T05:16:32Z cache-osl6529 MEWElogs[464521]: ROTATE, 1626326191149092490, OSL, 15
<134>2021-07-15T05:16:33Z cache-mel11272 MEWElogs[464521]: ROTATE, 1626326193195319797, MEL, 15
<134>2021-07-15T05:16:34Z cache-gig17035 MEWElogs[464521]: ROTATE, 1626326193977423915, GIG, 15
<134>2021-07-15T05:16:47Z cache-gru17149 MEWElogs[464521]: ROTATE, 1626326205956699792, GRU, 15
<134>2021-07-15T05:17:34Z cache-bom4751 MEWElogs[464521]: ROTATE, 1626326253259774802, BOM, 15
<134>2021-07-15T05:17:43Z cache-bom4751 MEWElogs[464521]: ROTATE, 1626326262631484505, BOM, 15
<134>2021-07-15T05:17:43Z cache-osl6529 MEWElogs[464521]: ROTATE, 1626326262274874658, OSL, 15
