<134>2021-07-14T16:41:46Z cache-wdc5583 MEWElogs[334804]: FLIPH, 1626280906147516445, WDC, -1
<134>2021-07-14T16:41:51Z cache-pdk17882 MEWElogs[334804]: FLIPH, 1626280911142165304, PDK, 10
<134>2021-07-14T16:41:57Z cache-wdc5583 MEWElogs[334804]: FLIPH, 1626280916483145109, WDC, -1
<134>2021-07-14T16:42:16Z cache-mdw17383 MEWElogs[334804]: FLIPH, 1626280936476953504, MDW, -1
<134>2021-07-14T16:42:20Z cache-chi21126 MEWElogs[334804]: FLIPH, 1626280939392219747, CHI, 10
<134>2021-07-14T16:42:40Z cache-fty21383 MEWElogs[334804]: FLIPH, 1626280959026716212, FTY, 10
<134>2021-07-14T16:42:48Z cache-wdc5583 MEWElogs[334804]: FLIPH, 1626280967181438167, WDC, -1
<134>2021-07-14T16:42:52Z cache-cph20625 MEWElogs[334804]: FLIPH, 1626280971742905003, CPH, -1
<134>2021-07-14T16:43:03Z cache-cph20625 MEWElogs[334804]: FLIPH, 1626280982530797001, CPH, -1
<134>2021-07-14T16:43:14Z cache-cph20625 MEWElogs[334804]: FLIPH, 1626280993452140747, CPH, -1
<134>2021-07-14T16:43:19Z cache-akl10324 MEWElogs[334804]: FLIPH, 1626280998145740429, AKL, -1
<134>2021-07-14T16:43:25Z cache-chi21126 MEWElogs[334804]: FLIPH, 1626281004703503391, CHI, 10
<134>2021-07-14T16:43:32Z cache-cmh21547 MEWElogs[334804]: FLIPH, 1626281011907956070, CMH, -1
<134>2021-07-14T16:43:36Z cache-cph20625 MEWElogs[334804]: FLIPH, 1626281015582105833, CPH, -1
<134>2021-07-14T16:43:58Z cache-cmh21547 MEWElogs[334804]: FLIPH, 1626281037446968560, CMH, 10
<134>2021-07-14T16:44:08Z cache-eze19324 MEWElogs[334804]: FLIPH, 1626281047188765338, EZE, 10
<134>2021-07-14T16:44:22Z cache-del21735 MEWElogs[334804]: FLIPH, 1626281062606100520, DEL, 10
<134>2021-07-14T16:44:43Z cache-del21735 MEWElogs[334804]: FLIPH, 1626281082131955676, DEL, 10
<134>2021-07-14T16:45:02Z cache-dfw18678 MEWElogs[334804]: FLIPH, 1626281102315450104, DFW, -1
<134>2021-07-14T16:46:04Z cache-chi21126 MEWElogs[334804]: FLIPH, 1626281164105210175, CHI, -1
<134>2021-07-14T16:46:19Z cache-akl10324 MEWElogs[334804]: FLIPH, 1626281178262474479, AKL, -1
<134>2021-07-14T16:46:47Z cache-bos4657 MEWElogs[334804]: FLIPH, 1626281207939910796, BOS, -1
<134>2021-07-14T16:47:03Z cache-dub4329 MEWElogs[334804]: FLIPH, 1626281222905850153, DUB, 10
<134>2021-07-14T16:47:06Z cache-dfw18678 MEWElogs[334804]: FLIPH, 1626281225704216625, DFW, -1
<134>2021-07-14T16:47:20Z cache-pwk4920 MEWElogs[334804]: FLIPH, 1626281239460460434, PWK, 10
<134>2021-07-14T16:47:37Z cache-pwk4920 MEWElogs[334804]: FLIPH, 1626281256269270333, PWK, -1
<134>2021-07-14T16:48:09Z cache-del21735 MEWElogs[334804]: FLIPH, 1626281288118295858, DEL, -1
<134>2021-07-14T16:48:21Z cache-akl10324 MEWElogs[334804]: FLIPH, 1626281300894495106, AKL, 10
<134>2021-07-14T16:48:26Z cache-pwk4920 MEWElogs[334804]: FLIPH, 1626281305899922455, PWK, -1
<134>2021-07-14T16:48:29Z cache-cph20625 MEWElogs[334804]: FLIPH, 1626281308850604369, CPH, 10
<134>2021-07-14T16:48:30Z cache-hhn4077 MEWElogs[334804]: FLIPH, 1626281310393794399, HHN, 10
<134>2021-07-14T16:48:40Z cache-bos4657 MEWElogs[334804]: FLIPH, 1626281319282555197, BOS, 10
<134>2021-07-14T16:48:40Z cache-fty21383 MEWElogs[334804]: FLIPH, 1626281320658206213, FTY, -1
<134>2021-07-14T16:48:42Z cache-hhn4077 MEWElogs[334804]: FLIPH, 1626281322074132147, HHN, 10
<134>2021-07-14T16:48:48Z cache-bos4657 MEWElogs[334804]: FLIPH, 1626281328396180345, BOS, 10
<134>2021-07-14T16:48:49Z cache-pwk4920 MEWElogs[334804]: FLIPH, 1626281329030546213, PWK, 10
<134>2021-07-14T16:48:58Z cache-chi21126 MEWElogs[334804]: FLIPH, 1626281337184532805, CHI, 10
<134>2021-07-14T16:49:00Z cache-pwk4920 MEWElogs[334804]: FLIPH, 1626281339525101797, PWK, 10
<134>2021-07-14T16:49:02Z cache-akl10324 MEWElogs[334804]: FLIPH, 1626281341350531335, AKL, 10
<134>2021-07-14T16:49:05Z cache-del21735 MEWElogs[334804]: FLIPH, 1626281344295476823, DEL, -1
<134>2021-07-14T16:49:17Z cache-del21735 MEWElogs[334804]: FLIPH, 1626281356133122782, DEL, 10
<134>2021-07-14T16:49:22Z cache-akl10324 MEWElogs[334804]: FLIPH, 1626281361703545126, AKL, 10
<134>2021-07-14T16:49:24Z cache-del21735 MEWElogs[334804]: FLIPH, 1626281362943783351, DEL, -1
<134>2021-07-14T16:49:36Z cache-del21735 MEWElogs[334804]: FLIPH, 1626281374958423458, DEL, 10
<134>2021-07-14T16:49:49Z cache-hhn4077 MEWElogs[334804]: FLIPH, 1626281388577657850, HHN, -1
<134>2021-07-14T16:49:55Z cache-fty21383 MEWElogs[334804]: FLIPH, 1626281395505705776, FTY, -1
<134>2021-07-14T16:50:04Z cache-dub4329 MEWElogs[334804]: FLIPH, 1626281404417968089, DUB, 10
<134>2021-07-14T16:50:13Z cache-chi21126 MEWElogs[334804]: FLIPH, 1626281412751307784, CHI, 10
<134>2021-07-14T16:50:18Z cache-dub4329 MEWElogs[334804]: FLIPH, 1626281417611760267, DUB, -1
<134>2021-07-14T16:50:18Z cache-bos4657 MEWElogs[334804]: FLIPH, 1626281418692110956, BOS, 10
<134>2021-07-14T16:50:22Z cache-del21735 MEWElogs[334804]: FLIPH, 1626281421729246766, DEL, 10
<134>2021-07-14T16:50:33Z cache-chi21126 MEWElogs[334804]: FLIPH, 1626281432105855480, CHI, 10
<134>2021-07-14T16:50:37Z cache-bos4657 MEWElogs[334804]: FLIPH, 1626281437144778120, BOS, 10
<134>2021-07-14T16:50:53Z cache-dfw18678 MEWElogs[334804]: FLIPH, 1626281453035840620, DFW, 10
<134>2021-07-14T16:51:00Z cache-akl10324 MEWElogs[334804]: FLIPH, 1626281459113386137, AKL, -1
<134>2021-07-14T16:51:06Z cache-dub4329 MEWElogs[334804]: FLIPH, 1626281466084092518, DUB, -1
<134>2021-07-14T16:51:13Z cache-fty21383 MEWElogs[334804]: FLIPH, 1626281472791032594, FTY, 10
<134>2021-07-14T16:51:22Z cache-cph20625 MEWElogs[334804]: FLIPH, 1626281482038268331, CPH, -1
<134>2021-07-14T16:51:42Z cache-akl10324 MEWElogs[334804]: FLIPH, 1626281501299876664, AKL, 10
