<134>2021-07-15T01:52:51Z cache-iah17271 MEWElogs[216063]: GRAY, 1626313971156901386, IAH, 13
<134>2021-07-15T01:53:13Z cache-dal21283 MEWElogs[216063]: GRAY, 1626313992883723450, DAL, 13
<134>2021-07-15T01:53:17Z cache-bur17583 MEWElogs[216063]: GRAY, 1626313996647785092, BUR, 13
<134>2021-07-15T01:53:22Z cache-mci5951 MEWElogs[216063]: GRAY, 1626314001445297390, MCI, 13
<134>2021-07-15T01:53:31Z cache-stp9226 MEWElogs[216063]: GRAY, 1626314010387150113, STP, 13
<134>2021-07-15T01:53:38Z cache-stp9226 MEWElogs[216063]: GRAY, 1626314017134434017, STP, 13
<134>2021-07-15T01:54:05Z cache-stp9226 MEWElogs[216063]: GRAY, 1626314044053932559, STP, 13
<134>2021-07-15T01:54:14Z cache-lhr7382 MEWElogs[216063]: GRAY, 1626314054513986011, LHR, 13
<134>2021-07-15T01:54:37Z cache-hkg17929 MEWElogs[216063]: GRAY, 1626314077172873725, HKG, 13
<134>2021-07-15T01:54:58Z cache-stp9226 MEWElogs[216063]: GRAY, 1626314097947117006, STP, 13
<134>2021-07-15T01:55:29Z cache-man4150 MEWElogs[216063]: GRAY, 1626314129211381025, MAN, 13
<134>2021-07-15T01:55:55Z cache-mrs10583 MEWElogs[216063]: GRAY, 1626314154567091848, MRS, 13
<134>2021-07-15T01:55:56Z cache-lax10677 MEWElogs[216063]: GRAY, 1626314155658900494, LGB, 13
<134>2021-07-15T01:56:08Z cache-man4150 MEWElogs[216063]: GRAY, 1626314167197655463, MAN, 13
<134>2021-07-15T01:56:23Z cache-lhr7382 MEWElogs[216063]: GRAY, 1626314182812877386, LHR, 13
<134>2021-07-15T01:56:42Z cache-lhr7382 MEWElogs[216063]: GRAY, 1626314201672371756, LHR, 13
<134>2021-07-15T01:57:12Z cache-mrs10583 MEWElogs[216063]: GRAY, 1626314231048344417, MRS, 13
<134>2021-07-15T01:57:20Z cache-man4150 MEWElogs[216063]: GRAY, 1626314239656498505, MAN, 13
<134>2021-07-15T01:57:21Z cache-mci5951 MEWElogs[216063]: GRAY, 1626314240667842844, MCI, 13
<134>2021-07-15T01:57:26Z cache-yul12826 MEWElogs[216063]: GRAY, 1626314245934278432, YUL, 13
<134>2021-07-15T01:57:29Z cache-mci5951 MEWElogs[216063]: GRAY, 1626314248006228510, MCI, 13
<134>2021-07-15T01:57:35Z cache-mrs10583 MEWElogs[216063]: GRAY, 1626314254644447040, MRS, 13
<134>2021-07-15T01:57:40Z cache-lax10677 MEWElogs[216063]: GRAY, 1626314259563523765, LGB, 13
<134>2021-07-15T01:57:49Z cache-man4150 MEWElogs[216063]: GRAY, 1626314268771567250, MAN, 13
<134>2021-07-15T01:57:54Z cache-jax20933 MEWElogs[216063]: GRAY, 1626314273632166318, JAX, 13
<134>2021-07-15T01:57:54Z cache-mrs10583 MEWElogs[216063]: GRAY, 1626314273800558080, MRS, 13
<134>2021-07-15T01:58:35Z cache-yul12826 MEWElogs[216063]: GRAY, 1626314314065808415, YUL, 13
<134>2021-07-15T01:59:25Z cache-lax10677 MEWElogs[216063]: GRAY, 1626314364139135953, LGB, 13
<134>2021-07-15T01:59:30Z cache-yul12826 MEWElogs[216063]: GRAY, 1626314370081461872, YUL, 13
<134>2021-07-15T02:00:05Z cache-lax10677 MEWElogs[216063]: GRAY, 1626314405018363344, LGB, 13
<134>2021-07-15T02:00:08Z cache-yul12826 MEWElogs[216063]: GRAY, 1626314407534319724, YUL, 13
<134>2021-07-15T02:00:15Z cache-mel11272 MEWElogs[216063]: GRAY, 1626314415132205550, MEL, 13
<134>2021-07-15T02:00:33Z cache-jax20933 MEWElogs[216063]: GRAY, 1626314433177760365, JAX, 13
<134>2021-07-15T02:00:51Z cache-mel11272 MEWElogs[216063]: GRAY, 1626314450093827301, MEL, 13
<134>2021-07-15T02:00:59Z cache-lga21983 MEWElogs[216063]: GRAY, 1626314459301747875, LGA, 13
<134>2021-07-15T02:01:21Z cache-lga21983 MEWElogs[216063]: GRAY, 1626314480850673451, LGA, 13
<134>2021-07-15T02:01:29Z cache-mci5951 MEWElogs[216063]: GRAY, 1626314488671198239, MCI, 13
<134>2021-07-15T02:01:36Z cache-lax10677 MEWElogs[216063]: GRAY, 1626314496588170084, LGB, 13
<134>2021-07-15T02:02:09Z cache-mel11272 MEWElogs[216063]: GRAY, 1626314528261179571, MEL, 13
<134>2021-07-15T02:02:26Z cache-yul12826 MEWElogs[216063]: GRAY, 1626314545871871002, YUL, 13
<134>2021-07-15T02:02:40Z cache-jax20933 MEWElogs[216063]: GRAY, 1626314559811855543, JAX, 13
<134>2021-07-15T02:02:47Z cache-hkg17929 MEWElogs[216063]: GRAY, 1626314567137997280, HKG, 13
