<134>2021-07-15T02:02:14Z cache-yul12826 MEWElogs[39982]: GRAY, 1626314533546198792, YUL, 13
<134>2021-07-15T02:02:32Z cache-hkg17929 MEWElogs[39982]: GRAY, 1626314551896058230, HKG, 13
<134>2021-07-15T02:02:36Z cache-lga21983 MEWElogs[39982]: GRAY, 1626314554997025429, LGA, 13
<134>2021-07-15T02:04:00Z cache-ewr18156 MEWElogs[39982]: GRAY, 1626314640057296149, EWR, 13
<134>2021-07-15T02:04:03Z cache-cdg20720 MEWElogs[39982]: GRAY, 1626314643087708852, CDG, 13
<134>2021-07-15T02:04:37Z cache-mel11272 MEWElogs[39982]: GRAY, 1626314676931931936, MEL, 13
<134>2021-07-15T02:04:45Z cache-ewr18156 MEWElogs[39982]: GRAY, 1626314684707463071, EWR, 13
<134>2021-07-15T02:04:55Z cache-gig17035 MEWElogs[39982]: GRAY, 1626314694479699313, GIG, 13
<134>2021-07-15T02:05:03Z cache-gig17035 MEWElogs[39982]: GRAY, 1626314702430643471, GIG, 13
<134>2021-07-15T02:05:14Z cache-lax10677 MEWElogs[39982]: GRAY, 1626314713328395176, LGB, 13
<134>2021-07-15T02:05:48Z cache-lga21983 MEWElogs[39982]: GRAY, 1626314747260312793, LGA, 13
<134>2021-07-15T02:05:59Z cache-ewr18156 MEWElogs[39982]: GRAY, 1626314759410952003, EWR, 13
<134>2021-07-15T02:06:00Z cache-lga21983 MEWElogs[39982]: GRAY, 1626314760587382828, LGA, 13
<134>2021-07-15T02:06:17Z cache-scl19427 MEWElogs[39982]: GRAY, 1626314776637968544, SCL, 13
<134>2021-07-15T02:07:08Z cache-ewr18156 MEWElogs[39982]: GRAY, 1626314827552282703, EWR, 13
<134>2021-07-15T02:08:15Z cache-gru17149 MEWElogs[39982]: GRAY, 1626314894696332780, GRU, 13
<134>2021-07-15T02:08:28Z cache-gig17035 MEWElogs[39982]: GRAY, 1626314907829733525, GIG, 13
<134>2021-07-15T02:08:41Z cache-gru17149 MEWElogs[39982]: GRAY, 1626314920000624629, GRU, 13
<134>2021-07-15T02:09:14Z cache-gig17035 MEWElogs[39982]: GRAY, 1626314953914150425, GIG, 13
<134>2021-07-15T02:09:46Z cache-lga21983 MEWElogs[39982]: GRAY, 1626314986004893207, LGA, 13
<134>2021-07-15T02:09:52Z cache-ewr18156 MEWElogs[39982]: GRAY, 1626314992107422431, EWR, 13
<134>2021-07-15T02:09:54Z cache-stl4834 MEWElogs[39982]: GRAY, 1626314994360515598, STL, 13
<134>2021-07-15T02:09:59Z cache-ewr18156 MEWElogs[39982]: GRAY, 1626314998168502362, EWR, 13
<134>2021-07-15T02:10:01Z cache-stl4834 MEWElogs[39982]: GRAY, 1626315001346623550, STL, 13
<134>2021-07-15T02:10:06Z cache-osl6529 MEWElogs[39982]: GRAY, 1626315005431542231, OSL, 13
<134>2021-07-15T02:10:15Z cache-mel11272 MEWElogs[39982]: GRAY, 1626315014302876172, MEL, 13
<134>2021-07-15T02:10:16Z cache-gru17149 MEWElogs[39982]: GRAY, 1626315015087856108, GRU, 13
<134>2021-07-15T02:10:47Z cache-gru17149 MEWElogs[39982]: GRAY, 1626315046755319679, GRU, 13
<134>2021-07-15T02:10:48Z cache-gig17035 MEWElogs[39982]: GRAY, 1626315048164748495, GIG, 13
<134>2021-07-15T02:10:59Z cache-cdg20720 MEWElogs[39982]: GRAY, 1626315058093146277, CDG, 13
<134>2021-07-15T02:11:18Z cache-bom4751 MEWElogs[39982]: GRAY, 1626315077261490509, BOM, 13
<134>2021-07-15T02:11:35Z cache-gig17035 MEWElogs[39982]: GRAY, 1626315095823692093, GIG, 13
<134>2021-07-15T02:12:07Z cache-gig17035 MEWElogs[39982]: GRAY, 1626315127478879228, GIG, 13
<134>2021-07-15T02:12:09Z cache-hnd18722 MEWElogs[39982]: GRAY, 1626315128407605084, HND, 13
