<134>2021-07-14T23:06:35Z cache-scl19427 MEWElogs[382896]: BLUR, 1626303994586809636, SCL, 11
<134>2021-07-14T23:06:48Z cache-pao17461 MEWElogs[382896]: BLUR, 1626304007805833431, PAO, 11
<134>2021-07-14T23:07:17Z cache-hnd18722 MEWElogs[382896]: BLUR, 1626304035929992207, HND, 11
<134>2021-07-14T23:07:48Z cache-cdg20720 MEWElogs[382896]: BLUR, 1626304067887865476, CDG, 11
<134>2021-07-14T23:08:01Z cache-itm18851 MEWElogs[382896]: BLUR, 1626304080990844735, ITM, 11
<134>2021-07-14T23:08:08Z cache-bom4751 MEWElogs[382896]: BLUR, 1626304086999518855, BOM, 11
<134>2021-07-14T23:08:22Z cache-bom4751 MEWElogs[382896]: BLUR, 1626304101536171688, BOM, 11
<134>2021-07-14T23:08:26Z cache-syd10183 MEWElogs[382896]: BLUR, 1626304105269828534, SYD, 11
<134>2021-07-14T23:08:37Z cache-itm18851 MEWElogs[382896]: BLUR, 1626304116583253505, ITM, 11
<134>2021-07-14T23:08:56Z cache-cdg20720 MEWElogs[382896]: BLUR, 1626304135774413349, CDG, 11
<134>2021-07-14T23:09:57Z cache-stl4834 MEWElogs[382896]: BLUR, 1626304197292628807, STL, 11
<134>2021-07-14T23:10:42Z cache-gru17149 MEWElogs[382896]: BLUR, 1626304241501627871, GRU, 11
<134>2021-07-14T23:11:02Z cache-itm18851 MEWElogs[382896]: BLUR, 1626304261780368399, ITM, 11
<134>2021-07-14T23:11:26Z cache-hnd18722 MEWElogs[382896]: BLUR, 1626304285568367967, HND, 11
<134>2021-07-14T23:12:17Z cache-cdg20720 MEWElogs[382896]: BLUR, 1626304336033237346, CDG, 11
<134>2021-07-14T23:12:20Z cache-hnd18722 MEWElogs[382896]: BLUR, 1626304340176212228, HND, 11
<134>2021-07-14T23:13:39Z cache-cgh11122 MEWElogs[382896]: BLUR, 1626304419147915376, CGH, 11
<134>2021-07-14T23:15:25Z cache-gig17035 MEWElogs[382896]: BLUR, 1626304525216438505, GIG, 11
<134>2021-07-14T23:15:47Z cache-scl19427 MEWElogs[382896]: BLUR, 1626304547051159317, SCL, 11
<134>2021-07-14T23:15:58Z cache-cgh11122 MEWElogs[382896]: BLUR, 1626304557831130904, CGH, 11
<134>2021-07-14T23:16:06Z cache-gig17035 MEWElogs[382896]: BLUR, 1626304566571180807, GIG, 11
<134>2021-07-14T23:16:27Z cache-scl19427 MEWElogs[382896]: BLUR, 1626304587457380334, SCL, 11
