<134>2021-07-14T17:02:55Z cache-lcy19283 MEWElogs[370074]: FLIPH, 1626282174969183171, LCY, -1
<134>2021-07-14T17:03:09Z cache-hhn4077 MEWElogs[370074]: FLIPH, 1626282188732373028, HHN, -1
<134>2021-07-14T17:03:16Z cache-hel6829 MEWElogs[370074]: FLIPH, 1626282195649699816, HEL, -1
<134>2021-07-14T17:03:16Z cache-lcy19283 MEWElogs[370074]: FLIPH, 1626282195275860362, LCY, -1
<134>2021-07-14T17:03:20Z cache-hel6829 MEWElogs[370074]: FLIPH, 1626282199445096568, HEL, 10
<134>2021-07-14T17:03:32Z cache-cwb20520 MEWElogs[370074]: FLIPH, 1626282211366674697, CWB, -1
<134>2021-07-14T17:03:33Z cache-dal21283 MEWElogs[370074]: FLIPH, 1626282212815571325, DAL, -1
<134>2021-07-14T17:03:45Z cache-cwb20520 MEWElogs[370074]: FLIPH, 1626282224072636161, CWB, 10
<134>2021-07-14T17:03:51Z cache-lon4249 MEWElogs[370074]: FLIPH, 1626282231177925916, LON, -1
<134>2021-07-14T17:04:10Z cache-lon4249 MEWElogs[370074]: FLIPH, 1626282249967360921, LON, 10
<134>2021-07-14T17:04:16Z cache-lon4249 MEWElogs[370074]: FLIPH, 1626282255350491277, LON, -1
<134>2021-07-14T17:04:21Z cache-cwb20520 MEWElogs[370074]: FLIPH, 1626282260795104424, CWB, -1
<134>2021-07-14T17:04:24Z cache-lon4249 MEWElogs[370074]: FLIPH, 1626282263600121233, LON, -1
<134>2021-07-14T17:04:36Z cache-lcy19283 MEWElogs[370074]: FLIPH, 1626282275903258666, LCY, -1
<134>2021-07-14T17:05:02Z cache-jnb7027 MEWElogs[370074]: FLIPH, 1626282301757757390, JNB, 10
<134>2021-07-14T17:05:09Z cache-hhn4077 MEWElogs[370074]: FLIPH, 1626282308901667638, HHN, 10
<134>2021-07-14T17:05:24Z cache-fra19177 MEWElogs[370074]: FLIPH, 1626282324057827077, FRA, -1
<134>2021-07-14T17:05:53Z cache-hel6829 MEWElogs[370074]: FLIPH, 1626282352072820535, HEL, -1
<134>2021-07-14T17:06:00Z cache-dal21283 MEWElogs[370074]: FLIPH, 1626282360702366100, DAL, -1
<134>2021-07-14T17:06:05Z cache-fra19177 MEWElogs[370074]: FLIPH, 1626282364118129948, FRA, 10
<134>2021-07-14T17:06:13Z cache-den8274 MEWElogs[370074]: FLIPH, 1626282372771392233, DEN, -1
<134>2021-07-14T17:06:22Z cache-lcy19283 MEWElogs[370074]: FLIPH, 1626282381801531505, LCY, 10
<134>2021-07-14T17:06:36Z cache-iah17271 MEWElogs[370074]: FLIPH, 1626282395197369397, IAH, -1
<134>2021-07-14T17:06:42Z cache-bur17583 MEWElogs[370074]: FLIPH, 1626282402318867620, BUR, -1
<134>2021-07-14T17:06:47Z cache-fra19177 MEWElogs[370074]: FLIPH, 1626282406540369607, FRA, -1
<134>2021-07-14T17:06:52Z cache-bur17583 MEWElogs[370074]: FLIPH, 1626282412754086707, BUR, -1
<134>2021-07-14T17:06:58Z cache-dal21283 MEWElogs[370074]: FLIPH, 1626282417927795044, DAL, -1
<134>2021-07-14T17:07:11Z cache-lon4249 MEWElogs[370074]: FLIPH, 1626282430481426968, LON, 10
<134>2021-07-14T17:07:26Z cache-dal21283 MEWElogs[370074]: FLIPH, 1626282445085093360, DAL, 10
<134>2021-07-14T17:07:27Z cache-lon4249 MEWElogs[370074]: FLIPH, 1626282446849565039, LON, 10
<134>2021-07-14T17:07:35Z cache-den8274 MEWElogs[370074]: FLIPH, 1626282454177666278, DEN, -1
<134>2021-07-14T17:07:41Z cache-lon4249 MEWElogs[370074]: FLIPH, 1626282460602890346, LON, -1
<134>2021-07-14T17:07:44Z cache-den8274 MEWElogs[370074]: FLIPH, 1626282463096567898, DEN, -1
<134>2021-07-14T17:08:07Z cache-iah17271 MEWElogs[370074]: FLIPH, 1626282486453101995, IAH, 10
<134>2021-07-14T17:08:19Z cache-hel6829 MEWElogs[370074]: FLIPH, 1626282499085708786, HEL, -1
<134>2021-07-14T17:08:26Z cache-cwb20520 MEWElogs[370074]: FLIPH, 1626282505554082263, CWB, -1
<134>2021-07-14T17:08:29Z cache-lcy19283 MEWElogs[370074]: FLIPH, 1626282508423874073, LCY, -1
<134>2021-07-14T17:08:29Z cache-lon4249 MEWElogs[370074]: FLIPH, 1626282509541175390, LON, -1
<134>2021-07-14T17:08:29Z cache-dal21283 MEWElogs[370074]: FLIPH, 1626282509057963030, DAL, -1
<134>2021-07-14T17:09:15Z cache-iah17271 MEWElogs[370074]: FLIPH, 1626282555237738010, IAH, 10
<134>2021-07-14T17:09:26Z cache-dal21283 MEWElogs[370074]: FLIPH, 1626282565249361029, DAL, -1
<134>2021-07-14T17:09:45Z cache-iah17271 MEWElogs[370074]: FLIPH, 1626282584771429204, IAH, -1
<134>2021-07-14T17:09:59Z cache-fra19177 MEWElogs[370074]: FLIPH, 1626282599127263974, FRA, 10
<134>2021-07-14T17:10:05Z cache-fra19177 MEWElogs[370074]: FLIPH, 1626282604891463340, FRA, -1
<134>2021-07-14T17:10:27Z cache-fra19177 MEWElogs[370074]: FLIPH, 1626282626229999651, FRA, 10
<134>2021-07-14T17:11:23Z cache-cwb20520 MEWElogs[370074]: FLIPH, 1626282682086025425, CWB, -1
<134>2021-07-14T17:11:28Z cache-iah17271 MEWElogs[370074]: FLIPH, 1626282687539040050, IAH, 10
<134>2021-07-14T17:11:35Z cache-bur17583 MEWElogs[370074]: FLIPH, 1626282694307392075, BUR, 10
<134>2021-07-14T17:11:55Z cache-hel6829 MEWElogs[370074]: FLIPH, 1626282715004184505, HEL, -1
<134>2021-07-14T17:12:10Z cache-dal21283 MEWElogs[370074]: FLIPH, 1626282729380536114, DAL, 10
<134>2021-07-14T17:12:22Z cache-iah17271 MEWElogs[370074]: FLIPH, 1626282742850193392, IAH, 10
<134>2021-07-14T17:12:41Z cache-den8274 MEWElogs[370074]: FLIPH, 1626282760834840990, DEN, 10
