<134>2021-07-14T22:43:36Z cache-lga21983 MEWElogs[369035]: BLUR, 1626302615588621084, LGA, 11
<134>2021-07-14T22:43:53Z cache-man4150 MEWElogs[369035]: BLUR, 1626302632504311172, MAN, 11
<134>2021-07-14T22:44:27Z cache-lga21983 MEWElogs[369035]: BLUR, 1626302666727188095, LGA, 11
<134>2021-07-14T22:45:16Z cache-osl6529 MEWElogs[369035]: BLUR, 1626302715929995087, OSL, 11
<134>2021-07-14T22:46:57Z cache-jax20933 MEWElogs[369035]: BLUR, 1626302816830377262, JAX, 11
<134>2021-07-14T22:47:01Z cache-man4150 MEWElogs[369035]: BLUR, 1626302820078421149, MAN, 11
<134>2021-07-14T22:47:10Z cache-lax10677 MEWElogs[369035]: BLUR, 1626302830427555493, LGB, 11
<134>2021-07-14T22:47:18Z cache-osl6529 MEWElogs[369035]: BLUR, 1626302837221565303, OSL, 11
<134>2021-07-14T22:47:55Z cache-gig17035 MEWElogs[369035]: BLUR, 1626302874536442455, GIG, 11
<134>2021-07-14T22:48:19Z cache-cdg20720 MEWElogs[369035]: BLUR, 1626302898840526151, CDG, 11
<134>2021-07-14T22:48:28Z cache-man4150 MEWElogs[369035]: BLUR, 1626302907756433554, MAN, 11
<134>2021-07-14T22:48:36Z cache-ewr18156 MEWElogs[369035]: BLUR, 1626302915397403974, EWR, 11
<134>2021-07-14T22:48:38Z cache-mel11272 MEWElogs[369035]: BLUR, 1626302917249368393, MEL, 11
<134>2021-07-14T22:49:13Z cache-man4150 MEWElogs[369035]: BLUR, 1626302952187051531, MAN, 11
<134>2021-07-14T22:50:48Z cache-jax20933 MEWElogs[369035]: BLUR, 1626303048560319683, JAX, 11
<134>2021-07-14T22:51:09Z cache-bom4751 MEWElogs[369035]: BLUR, 1626303068146096244, BOM, 11
<134>2021-07-14T22:51:36Z cache-lga21983 MEWElogs[369035]: BLUR, 1626303095995157677, LGA, 11
<134>2021-07-14T22:52:23Z cache-osl6529 MEWElogs[369035]: BLUR, 1626303142013333942, OSL, 11
<134>2021-07-14T22:52:39Z cache-scl19427 MEWElogs[369035]: BLUR, 1626303159083807755, SCL, 11
<134>2021-07-14T22:53:04Z cache-ewr18156 MEWElogs[369035]: BLUR, 1626303184056139623, EWR, 11
