<134>2021-07-15T04:37:09Z cache-cwb20520 MEWElogs[370074]: ROTATE, 1626323828782694047, CWB, 15
<134>2021-07-15T04:37:10Z cache-fra19177 MEWElogs[370074]: ROTATE, 1626323829812230087, FRA, 15
<134>2021-07-15T04:37:20Z cache-dfw18678 MEWElogs[370074]: ROTATE, 1626323839553116674, DFW, 15
<134>2021-07-15T04:37:52Z cache-chi21126 MEWElogs[370074]: ROTATE, 1626323871134519744, CHI, 15
<134>2021-07-15T04:38:47Z cache-hhn4077 MEWElogs[370074]: ROTATE, 1626323926102907614, HHN, 15
<134>2021-07-15T04:38:53Z cache-den8274 MEWElogs[370074]: ROTATE, 1626323932403674912, DEN, 15
<134>2021-07-15T04:39:21Z cache-iah17271 MEWElogs[370074]: ROTATE, 1626323960603721644, IAH, 15
<134>2021-07-15T04:39:28Z cache-pwk4920 MEWElogs[370074]: ROTATE, 1626323967756492356, PWK, 15
<134>2021-07-15T04:40:35Z cache-den8274 MEWElogs[370074]: ROTATE, 1626324034755396972, DEN, 15
<134>2021-07-15T04:40:40Z cache-fra19177 MEWElogs[370074]: ROTATE, 1626324040012475978, FRA, 15
<134>2021-07-15T04:40:43Z cache-bur17583 MEWElogs[370074]: ROTATE, 1626324042515729162, BUR, 15
<134>2021-07-15T04:40:59Z cache-pwk4920 MEWElogs[370074]: ROTATE, 1626324058961308678, PWK, 15
<134>2021-07-15T04:41:44Z cache-lcy19283 MEWElogs[370074]: ROTATE, 1626324103719614846, LCY, 15
<134>2021-07-15T04:42:16Z cache-lcy19283 MEWElogs[370074]: ROTATE, 1626324135275797711, LCY, 15
<134>2021-07-15T04:43:15Z cache-hel6829 MEWElogs[370074]: ROTATE, 1626324194219987170, HEL, 15
<134>2021-07-15T04:43:23Z cache-jnb7027 MEWElogs[370074]: ROTATE, 1626324202733833399, JNB, 15
<134>2021-07-15T04:43:40Z cache-den8274 MEWElogs[370074]: ROTATE, 1626324219709857963, DEN, 15
<134>2021-07-15T04:43:56Z cache-dal21283 MEWElogs[370074]: ROTATE, 1626324236102496664, DAL, 15
<134>2021-07-15T04:44:23Z cache-iah17271 MEWElogs[370074]: ROTATE, 1626324262566872474, IAH, 15
<134>2021-07-15T04:45:16Z cache-hel6829 MEWElogs[370074]: ROTATE, 1626324315124688553, HEL, 15
<134>2021-07-15T04:45:20Z cache-lcy19283 MEWElogs[370074]: ROTATE, 1626324319622560834, LCY, 15
<134>2021-07-15T04:46:24Z cache-lcy19283 MEWElogs[370074]: ROTATE, 1626324383887872158, LCY, 15
<134>2021-07-15T04:46:39Z cache-iah17271 MEWElogs[370074]: ROTATE, 1626324398444780980, IAH, 15
<134>2021-07-15T04:47:00Z cache-fra19177 MEWElogs[370074]: ROTATE, 1626324419929170847, FRA, 15
<134>2021-07-15T04:47:02Z cache-den8274 MEWElogs[370074]: ROTATE, 1626324421261209417, DEN, 15
