<134>2021-07-14T17:02:11Z cache-hel6829 MEWElogs[390968]: FLIPH, 1626282130986619963, HEL, 10
<134>2021-07-14T17:02:21Z cache-hel6829 MEWElogs[390968]: FLIPH, 1626282140920274467, HEL, 10
<134>2021-07-14T17:02:24Z cache-den8274 MEWElogs[390968]: FLIPH, 1626282143452794138, DEN, 10
<134>2021-07-14T17:02:25Z cache-jnb7027 MEWElogs[390968]: FLIPH, 1626282144937922396, JNB, 10
<134>2021-07-14T17:02:28Z cache-dal21283 MEWElogs[390968]: FLIPH, 1626282147888240150, DAL, 10
<134>2021-07-14T17:02:38Z cache-hhn4077 MEWElogs[390968]: FLIPH, 1626282157737764237, HHN, 10
<134>2021-07-14T17:02:39Z cache-lcy19283 MEWElogs[390968]: FLIPH, 1626282158256854820, LCY, 10
<134>2021-07-14T17:02:48Z cache-den8274 MEWElogs[390968]: FLIPH, 1626282167264880672, DEN, -1
<134>2021-07-14T17:02:53Z cache-iah17271 MEWElogs[390968]: FLIPH, 1626282173482950748, IAH, -1
<134>2021-07-14T17:02:57Z cache-iah17271 MEWElogs[390968]: FLIPH, 1626282176957487263, IAH, 10
<134>2021-07-14T17:03:00Z cache-fra19177 MEWElogs[390968]: FLIPH, 1626282179407700070, FRA, -1
<134>2021-07-14T17:03:01Z cache-hhn4077 MEWElogs[390968]: FLIPH, 1626282181228780471, HHN, 10
<134>2021-07-14T17:03:02Z cache-fra19177 MEWElogs[390968]: FLIPH, 1626282182292900137, FRA, 10
<134>2021-07-14T17:03:06Z cache-hel6829 MEWElogs[390968]: FLIPH, 1626282185918597159, HEL, -1
<134>2021-07-14T17:03:09Z cache-iah17271 MEWElogs[390968]: FLIPH, 1626282188164601025, IAH, 10
<134>2021-07-14T17:03:17Z cache-den8274 MEWElogs[390968]: FLIPH, 1626282197260331544, DEN, 10
<134>2021-07-14T17:03:17Z cache-fra19177 MEWElogs[390968]: FLIPH, 1626282197117354287, FRA, -1
<134>2021-07-14T17:03:36Z cache-hhn4077 MEWElogs[390968]: FLIPH, 1626282216066303398, HHN, 10
<134>2021-07-14T17:03:42Z cache-den8274 MEWElogs[390968]: FLIPH, 1626282221301803477, DEN, -1
<134>2021-07-14T17:03:52Z cache-iah17271 MEWElogs[390968]: FLIPH, 1626282231895504103, IAH, 10
<134>2021-07-14T17:04:02Z cache-cwb20520 MEWElogs[390968]: FLIPH, 1626282241131973694, CWB, -1
<134>2021-07-14T17:04:02Z cache-lon4249 MEWElogs[390968]: FLIPH, 1626282241935870593, LON, 10
<134>2021-07-14T17:04:03Z cache-iah17271 MEWElogs[390968]: FLIPH, 1626282242844785438, IAH, 10
<134>2021-07-14T17:04:12Z cache-cwb20520 MEWElogs[390968]: FLIPH, 1626282251063141975, CWB, -1
<134>2021-07-14T17:04:13Z cache-jnb7027 MEWElogs[390968]: FLIPH, 1626282252797772883, JNB, 10
<134>2021-07-14T17:04:47Z cache-hel6829 MEWElogs[390968]: FLIPH, 1626282287286254579, HEL, 10
<134>2021-07-14T17:05:08Z cache-lon4249 MEWElogs[390968]: FLIPH, 1626282307466298918, LON, 10
<134>2021-07-14T17:05:12Z cache-den8274 MEWElogs[390968]: FLIPH, 1626282312758918666, DEN, 10
<134>2021-07-14T17:05:17Z cache-iah17271 MEWElogs[390968]: FLIPH, 1626282316916393863, IAH, -1
<134>2021-07-14T17:05:28Z cache-hhn4077 MEWElogs[390968]: FLIPH, 1626282328015092531, HHN, -1
<134>2021-07-14T17:05:29Z cache-lon4249 MEWElogs[390968]: FLIPH, 1626282329440037995, LON, -1
<134>2021-07-14T17:05:40Z cache-den8274 MEWElogs[390968]: FLIPH, 1626282339679888622, DEN, 10
<134>2021-07-14T17:05:40Z cache-lcy19283 MEWElogs[390968]: FLIPH, 1626282340814081414, LCY, 10
<134>2021-07-14T17:05:49Z cache-lon4249 MEWElogs[390968]: FLIPH, 1626282348506452750, LON, 10
<134>2021-07-14T17:05:52Z cache-fra19177 MEWElogs[390968]: FLIPH, 1626282351619646167, FRA, -1
<134>2021-07-14T17:05:58Z cache-jnb7027 MEWElogs[390968]: FLIPH, 1626282358566962155, JNB, -1
<134>2021-07-14T17:06:04Z cache-den8274 MEWElogs[390968]: FLIPH, 1626282363780854078, DEN, -1
<134>2021-07-14T17:06:09Z cache-cwb20520 MEWElogs[390968]: FLIPH, 1626282368721801595, CWB, -1
<134>2021-07-14T17:06:13Z cache-fra19177 MEWElogs[390968]: FLIPH, 1626282373446921744, FRA, 10
<134>2021-07-14T17:06:17Z cache-iah17271 MEWElogs[390968]: FLIPH, 1626282376912610664, IAH, 10
<134>2021-07-14T17:06:21Z cache-jnb7027 MEWElogs[390968]: FLIPH, 1626282381107966906, JNB, 10
<134>2021-07-14T17:06:49Z cache-cwb20520 MEWElogs[390968]: FLIPH, 1626282408359652259, CWB, -1
<134>2021-07-14T17:06:52Z cache-den8274 MEWElogs[390968]: FLIPH, 1626282411629251087, DEN, 10
<134>2021-07-14T17:06:56Z cache-bur17583 MEWElogs[390968]: FLIPH, 1626282416130071477, BUR, 10
<134>2021-07-14T17:07:00Z cache-jnb7027 MEWElogs[390968]: FLIPH, 1626282420574061563, JNB, 10
<134>2021-07-14T17:07:08Z cache-fra19177 MEWElogs[390968]: FLIPH, 1626282427250576547, FRA, 10
<134>2021-07-14T17:07:24Z cache-hel6829 MEWElogs[390968]: FLIPH, 1626282444309800156, HEL, 10
<134>2021-07-14T17:07:24Z cache-lon4249 MEWElogs[390968]: FLIPH, 1626282444058539561, LON, -1
<134>2021-07-14T17:07:35Z cache-iah17271 MEWElogs[390968]: FLIPH, 1626282454731484737, IAH, 10
<134>2021-07-14T17:07:48Z cache-bur17583 MEWElogs[390968]: FLIPH, 1626282467798553888, BUR, 10
<134>2021-07-14T17:07:48Z cache-lcy19283 MEWElogs[390968]: FLIPH, 1626282468108893626, LCY, -1
<134>2021-07-14T17:08:03Z cache-fra19177 MEWElogs[390968]: FLIPH, 1626282482506277908, FRA, 10
<134>2021-07-14T17:08:08Z cache-lon4249 MEWElogs[390968]: FLIPH, 1626282487709482352, LON, 10
<134>2021-07-14T17:08:10Z cache-den8274 MEWElogs[390968]: FLIPH, 1626282489896166107, DEN, -1
<134>2021-07-14T17:08:49Z cache-fra19177 MEWElogs[390968]: FLIPH, 1626282528534333698, FRA, 10
<134>2021-07-14T17:08:51Z cache-iah17271 MEWElogs[390968]: FLIPH, 1626282531648919616, IAH, 10
<134>2021-07-14T17:08:58Z cache-cwb20520 MEWElogs[390968]: FLIPH, 1626282537948130748, CWB, 10
<134>2021-07-14T17:09:06Z cache-jnb7027 MEWElogs[390968]: FLIPH, 1626282545455521172, JNB, -1
<134>2021-07-14T17:09:06Z cache-dal21283 MEWElogs[390968]: FLIPH, 1626282546222996780, DAL, 10
<134>2021-07-14T17:09:18Z cache-lon4249 MEWElogs[390968]: FLIPH, 1626282558219412060, LON, -1
<134>2021-07-14T17:09:28Z cache-hel6829 MEWElogs[390968]: FLIPH, 1626282567434252429, HEL, -1
<134>2021-07-14T17:09:28Z cache-jnb7027 MEWElogs[390968]: FLIPH, 1626282567647951898, JNB, 10
<134>2021-07-14T17:09:30Z cache-den8274 MEWElogs[390968]: FLIPH, 1626282570036282442, DEN, -1
<134>2021-07-14T17:09:50Z cache-fra19177 MEWElogs[390968]: FLIPH, 1626282590389442183, FRA, 10
<134>2021-07-14T17:09:54Z cache-lon4249 MEWElogs[390968]: FLIPH, 1626282593390238474, LON, 10
<134>2021-07-14T17:09:58Z cache-jnb7027 MEWElogs[390968]: FLIPH, 1626282596951975736, JNB, 10
<134>2021-07-14T17:10:08Z cache-fra19177 MEWElogs[390968]: FLIPH, 1626282607969156612, FRA, 10
<134>2021-07-14T17:10:13Z cache-cwb20520 MEWElogs[390968]: FLIPH, 1626282613574716990, CWB, -1
<134>2021-07-14T17:10:25Z cache-den8274 MEWElogs[390968]: FLIPH, 1626282624262395311, DEN, -1
<134>2021-07-14T17:10:33Z cache-iah17271 MEWElogs[390968]: FLIPH, 1626282633219955994, IAH, 10
<134>2021-07-14T17:10:36Z cache-jnb7027 MEWElogs[390968]: FLIPH, 1626282636034777306, JNB, 10
<134>2021-07-14T17:10:43Z cache-fra19177 MEWElogs[390968]: FLIPH, 1626282642377352861, FRA, -1
<134>2021-07-14T17:10:45Z cache-fra19177 MEWElogs[390968]: FLIPH, 1626282645291499693, FRA, 10
<134>2021-07-14T17:10:49Z cache-bur17583 MEWElogs[390968]: FLIPH, 1626282649900243192, BUR, -1
<134>2021-07-14T17:10:52Z cache-den8274 MEWElogs[390968]: FLIPH, 1626282651544410273, DEN, -1
<134>2021-07-14T17:11:42Z cache-bur17583 MEWElogs[390968]: FLIPH, 1626282701390809271, BUR, -1
<134>2021-07-14T17:11:43Z cache-dal21283 MEWElogs[390968]: FLIPH, 1626282702724856560, DAL, -1
<134>2021-07-14T17:11:46Z cache-hel6829 MEWElogs[390968]: FLIPH, 1626282705289994905, HEL, -1
<134>2021-07-14T17:11:54Z cache-fra19177 MEWElogs[390968]: FLIPH, 1626282714020284646, FRA, -1
<134>2021-07-14T17:11:57Z cache-dal21283 MEWElogs[390968]: FLIPH, 1626282717384372233, DAL, 10
<134>2021-07-14T17:12:00Z cache-lcy19283 MEWElogs[390968]: FLIPH, 1626282719815282807, LCY, -1
<134>2021-07-14T17:12:04Z cache-lcy19283 MEWElogs[390968]: FLIPH, 1626282723448485631, LCY, 10
<134>2021-07-14T17:12:05Z cache-den8274 MEWElogs[390968]: FLIPH, 1626282725136817762, DEN, 10
<134>2021-07-14T17:12:10Z cache-lcy19283 MEWElogs[390968]: FLIPH, 1626282730100527981, LCY, -1
