<134>2021-07-15T05:17:46Z cache-stl4834 MEWElogs[21956]: ROTATE, 1626326265856315348, STL, 15
<134>2021-07-15T05:17:50Z cache-scl19427 MEWElogs[21956]: ROTATE, 1626326269644379396, SCL, 15
<134>2021-07-15T05:18:48Z cache-mel11272 MEWElogs[21956]: ROTATE, 1626326327553553532, MEL, 15
<134>2021-07-15T05:18:58Z cache-mel11272 MEWElogs[21956]: ROTATE, 1626326337999373546, MEL, 15
<134>2021-07-15T05:19:01Z cache-gig17035 MEWElogs[21956]: ROTATE, 1626326340630719563, GIG, 15
<134>2021-07-15T05:19:14Z cache-cdg20720 MEWElogs[21956]: ROTATE, 1626326353938136819, CDG, 15
<134>2021-07-15T05:19:23Z cache-cdg20720 MEWElogs[21956]: ROTATE, 1626326363365953239, CDG, 15
<134>2021-07-15T05:20:25Z cache-gru17149 MEWElogs[21956]: ROTATE, 1626326424555765097, GRU, 15
<134>2021-07-15T05:20:40Z cache-cdg20720 MEWElogs[21956]: ROTATE, 1626326439326680633, CDG, 15
<134>2021-07-15T05:20:55Z cache-gig17035 MEWElogs[21956]: ROTATE, 1626326454899000912, GIG, 15
<134>2021-07-15T05:20:58Z cache-cdg20720 MEWElogs[21956]: ROTATE, 1626326458154600373, CDG, 15
<134>2021-07-15T05:21:15Z cache-scl19427 MEWElogs[21956]: ROTATE, 1626326475758209837, SCL, 15
<134>2021-07-15T05:21:16Z cache-syd10183 MEWElogs[21956]: ROTATE, 1626326476122482216, SYD, 15
<134>2021-07-15T05:21:46Z cache-bom4751 MEWElogs[21956]: ROTATE, 1626326505267383910, BOM, 15
<134>2021-07-15T05:21:47Z cache-hnd18722 MEWElogs[21956]: ROTATE, 1626326506294206583, HND, 15
<134>2021-07-15T05:22:05Z cache-bom4751 MEWElogs[21956]: ROTATE, 1626326524022015936, BOM, 15
<134>2021-07-15T05:22:26Z cache-pao17461 MEWElogs[21956]: ROTATE, 1626326545914778976, PAO, 15
<134>2021-07-15T05:22:28Z cache-stl4834 MEWElogs[21956]: ROTATE, 1626326547875195894, STL, 15
<134>2021-07-15T05:22:45Z cache-itm18851 MEWElogs[21956]: ROTATE, 1626326564887429722, ITM, 15
<134>2021-07-15T05:22:50Z cache-stl4834 MEWElogs[21956]: ROTATE, 1626326569567488988, STL, 15
<134>2021-07-15T05:23:53Z cache-gig17035 MEWElogs[21956]: ROTATE, 1626326632459352195, GIG, 15
<134>2021-07-15T05:24:38Z cache-syd10183 MEWElogs[21956]: ROTATE, 1626326677844008142, SYD, 15
<134>2021-07-15T05:24:46Z cache-pao17461 MEWElogs[21956]: ROTATE, 1626326685716443051, PAO, 15
<134>2021-07-15T05:25:31Z cache-syd10183 MEWElogs[21956]: ROTATE, 1626326730449984795, SYD, 15
<134>2021-07-15T05:25:36Z cache-cgh11122 MEWElogs[21956]: ROTATE, 1626326736007945070, CGH, 15
<134>2021-07-15T05:26:12Z cache-scl19427 MEWElogs[21956]: ROTATE, 1626326772422242814, SCL, 15
<134>2021-07-15T05:26:19Z cache-gig17035 MEWElogs[21956]: ROTATE, 1626326779442674345, GIG, 15
<134>2021-07-15T05:26:21Z cache-hnd18722 MEWElogs[21956]: ROTATE, 1626326781576567256, HND, 15
<134>2021-07-15T05:26:24Z cache-scl19427 MEWElogs[21956]: ROTATE, 1626326784276234294, SCL, 15
<134>2021-07-15T05:26:27Z cache-gru17149 MEWElogs[21956]: ROTATE, 1626326786192317684, GRU, 15
<134>2021-07-15T05:26:52Z cache-cgh11122 MEWElogs[21956]: ROTATE, 1626326812316108785, CGH, 15
<134>2021-07-15T05:27:03Z cache-gig17035 MEWElogs[21956]: ROTATE, 1626326822390607139, GIG, 15
<134>2021-07-15T05:27:10Z cache-stl4834 MEWElogs[21956]: ROTATE, 1626326829119865235, STL, 15
<134>2021-07-15T05:27:13Z cache-itm18851 MEWElogs[21956]: ROTATE, 1626326832829534899, ITM, 15
<134>2021-07-15T05:27:18Z cache-hnd18722 MEWElogs[21956]: ROTATE, 1626326836917333117, HND, 15
<134>2021-07-15T05:27:21Z cache-stl4834 MEWElogs[21956]: ROTATE, 1626326840009892972, STL, 15
<134>2021-07-15T05:27:31Z cache-stl4834 MEWElogs[21956]: ROTATE, 1626326851217696644, STL, 15
