<134>2021-07-15T01:53:09Z cache-mrs10583 MEWElogs[370074]: GRAY, 1626313988333975658, MRS, 13
<134>2021-07-15T01:53:09Z cache-mia11368 MEWElogs[370074]: GRAY, 1626313988677313612, MIA, 13
<134>2021-07-15T01:53:09Z cache-lhr7382 MEWElogs[370074]: GRAY, 1626313988723739839, LHR, 13
<134>2021-07-15T01:54:01Z cache-lhr7382 MEWElogs[370074]: GRAY, 1626314040402977365, LHR, 13
<134>2021-07-15T01:54:11Z cache-mrs10583 MEWElogs[370074]: GRAY, 1626314050120971393, MRS, 13
<134>2021-07-15T01:54:17Z cache-mad22068 MEWElogs[370074]: GRAY, 1626314056337715241, MAD, 13
<134>2021-07-15T01:55:08Z cache-mrs10583 MEWElogs[370074]: GRAY, 1626314107034778937, MRS, 13
<134>2021-07-15T01:55:15Z cache-man4150 MEWElogs[370074]: GRAY, 1626314114883085634, MAN, 13
<134>2021-07-15T01:55:25Z cache-mia11368 MEWElogs[370074]: GRAY, 1626314124474244002, MIA, 13
<134>2021-07-15T01:55:32Z cache-stp9226 MEWElogs[370074]: GRAY, 1626314131936270294, STP, 13
<134>2021-07-15T01:55:39Z cache-man4150 MEWElogs[370074]: GRAY, 1626314138714124221, MAN, 13
<134>2021-07-15T01:55:59Z cache-lhr7382 MEWElogs[370074]: GRAY, 1626314158698548529, LHR, 13
<134>2021-07-15T01:56:09Z cache-lhr7382 MEWElogs[370074]: GRAY, 1626314168228316589, LHR, 13
<134>2021-07-15T01:56:48Z cache-stp9226 MEWElogs[370074]: GRAY, 1626314207084663095, STP, 13
<134>2021-07-15T01:57:31Z cache-mia11368 MEWElogs[370074]: GRAY, 1626314251565890539, MIA, 13
<134>2021-07-15T01:58:51Z cache-mia11368 MEWElogs[370074]: GRAY, 1626314330977726523, MIA, 13
<134>2021-07-15T01:59:42Z cache-yul12826 MEWElogs[370074]: GRAY, 1626314382550825416, YUL, 13
<134>2021-07-15T01:59:53Z cache-lga21983 MEWElogs[370074]: GRAY, 1626314392600902562, LGA, 13
<134>2021-07-15T02:00:25Z cache-mci5951 MEWElogs[370074]: GRAY, 1626314424666382658, MCI, 13
<134>2021-07-15T02:00:39Z cache-yul12826 MEWElogs[370074]: GRAY, 1626314439047164184, YUL, 13
<134>2021-07-15T02:00:57Z cache-mel11272 MEWElogs[370074]: GRAY, 1626314457099670348, MEL, 13
<134>2021-07-15T02:01:04Z cache-yul12826 MEWElogs[370074]: GRAY, 1626314464239463528, YUL, 13
<134>2021-07-15T02:01:43Z cache-lax10677 MEWElogs[370074]: GRAY, 1626314503623190073, LGB, 13
<134>2021-07-15T02:01:45Z cache-stp9226 MEWElogs[370074]: GRAY, 1626314504503816575, STP, 13
<134>2021-07-15T02:01:50Z cache-man4150 MEWElogs[370074]: GRAY, 1626314509536503497, MAN, 13
<134>2021-07-15T02:01:51Z cache-mci5951 MEWElogs[370074]: GRAY, 1626314509980812480, MCI, 13
<134>2021-07-15T02:02:12Z cache-stp9226 MEWElogs[370074]: GRAY, 1626314531655396464, STP, 13
<134>2021-07-15T02:02:19Z cache-stp9226 MEWElogs[370074]: GRAY, 1626314538380668205, STP, 13
<134>2021-07-15T02:02:19Z cache-lax10677 MEWElogs[370074]: GRAY, 1626314538658572467, LGB, 13
<134>2021-07-15T02:02:22Z cache-lga21983 MEWElogs[370074]: GRAY, 1626314541677599226, LGA, 13
<134>2021-07-15T02:02:39Z cache-stp9226 MEWElogs[370074]: GRAY, 1626314558447356340, STP, 13
<134>2021-07-15T02:02:39Z cache-ewr18156 MEWElogs[370074]: GRAY, 1626314559482592416, EWR, 13
<134>2021-07-15T02:02:55Z cache-lga21983 MEWElogs[370074]: GRAY, 1626314574874132248, LGA, 13
