<134>2021-07-15T01:53:54Z cache-bur17583 MEWElogs[318405]: GRAY, 1626314032997033167, BUR, 13
<134>2021-07-15T01:53:56Z cache-lhr7382 MEWElogs[318405]: GRAY, 1626314035651061216, LHR, 13
<134>2021-07-15T01:54:07Z cache-hkg17929 MEWElogs[318405]: GRAY, 1626314046973357601, HKG, 13
<134>2021-07-15T01:54:10Z cache-lhr7382 MEWElogs[318405]: GRAY, 1626314049809795773, LHR, 13
<134>2021-07-15T01:54:17Z cache-mia11368 MEWElogs[318405]: GRAY, 1626314057080047319, MIA, 13
<134>2021-07-15T01:54:22Z cache-hkg17929 MEWElogs[318405]: GRAY, 1626314062038047113, HKG, 13
<134>2021-07-15T01:54:25Z cache-mia11368 MEWElogs[318405]: GRAY, 1626314064382718313, MIA, 13
<134>2021-07-15T01:54:44Z cache-mrs10583 MEWElogs[318405]: GRAY, 1626314083328018197, MRS, 13
<134>2021-07-15T01:54:52Z cache-hkg17929 MEWElogs[318405]: GRAY, 1626314092196599199, HKG, 13
<134>2021-07-15T01:55:00Z cache-mci5951 MEWElogs[318405]: GRAY, 1626314100041574880, MCI, 13
<134>2021-07-15T01:55:14Z cache-mci5951 MEWElogs[318405]: GRAY, 1626314114616654903, MCI, 13
<134>2021-07-15T01:55:31Z cache-lhr7382 MEWElogs[318405]: GRAY, 1626314129948231607, LHR, 13
<134>2021-07-15T01:55:41Z cache-mrs10583 MEWElogs[318405]: GRAY, 1626314140398449435, MRS, 13
<134>2021-07-15T01:55:45Z cache-hkg17929 MEWElogs[318405]: GRAY, 1626314145035330706, HKG, 13
<134>2021-07-15T01:56:24Z cache-mrs10583 MEWElogs[318405]: GRAY, 1626314183383313323, MRS, 13
<134>2021-07-15T01:56:38Z cache-lhr7382 MEWElogs[318405]: GRAY, 1626314197011275397, LHR, 13
<134>2021-07-15T01:57:03Z cache-mia11368 MEWElogs[318405]: GRAY, 1626314222065287270, MIA, 13
<134>2021-07-15T01:57:05Z cache-lax10677 MEWElogs[318405]: GRAY, 1626314224584208988, LGB, 13
<134>2021-07-15T01:57:06Z cache-man4150 MEWElogs[318405]: GRAY, 1626314225239159385, MAN, 13
<134>2021-07-15T01:57:15Z cache-stp9226 MEWElogs[318405]: GRAY, 1626314233978875451, STP, 13
<134>2021-07-15T01:57:36Z cache-jax20933 MEWElogs[318405]: GRAY, 1626314256277523458, JAX, 13
<134>2021-07-15T01:57:39Z cache-mia11368 MEWElogs[318405]: GRAY, 1626314258721937100, MIA, 13
<134>2021-07-15T01:57:49Z cache-lhr7382 MEWElogs[318405]: GRAY, 1626314268518457884, LHR, 13
<134>2021-07-15T01:57:55Z cache-stp9226 MEWElogs[318405]: GRAY, 1626314274795062191, STP, 13
<134>2021-07-15T01:58:08Z cache-lhr7382 MEWElogs[318405]: GRAY, 1626314287280690056, LHR, 13
<134>2021-07-15T01:58:13Z cache-mrs10583 MEWElogs[318405]: GRAY, 1626314292781705063, MRS, 13
<134>2021-07-15T01:58:18Z cache-man4150 MEWElogs[318405]: GRAY, 1626314297569284341, MAN, 13
<134>2021-07-15T01:58:41Z cache-hkg17929 MEWElogs[318405]: GRAY, 1626314320823921452, HKG, 13
<134>2021-07-15T01:59:03Z cache-stp9226 MEWElogs[318405]: GRAY, 1626314342187507137, STP, 13
<134>2021-07-15T01:59:07Z cache-mci5951 MEWElogs[318405]: GRAY, 1626314346768761140, MCI, 13
<134>2021-07-15T01:59:13Z cache-jax20933 MEWElogs[318405]: GRAY, 1626314352858404686, JAX, 13
<134>2021-07-15T01:59:36Z cache-stp9226 MEWElogs[318405]: GRAY, 1626314375709423212, STP, 13
<134>2021-07-15T01:59:46Z cache-lga21983 MEWElogs[318405]: GRAY, 1626314385903784422, LGA, 13
<134>2021-07-15T01:59:59Z cache-lax10677 MEWElogs[318405]: GRAY, 1626314398282855746, LGB, 13
<134>2021-07-15T02:00:08Z cache-mel11272 MEWElogs[318405]: GRAY, 1626314407992785311, MEL, 13
<134>2021-07-15T02:00:13Z cache-hkg17929 MEWElogs[318405]: GRAY, 1626314412325615247, HKG, 13
<134>2021-07-15T02:00:26Z cache-mia11368 MEWElogs[318405]: GRAY, 1626314426075330394, MIA, 13
<134>2021-07-15T02:00:41Z cache-lax10677 MEWElogs[318405]: GRAY, 1626314440100826162, LGB, 13
<134>2021-07-15T02:00:42Z cache-jax20933 MEWElogs[318405]: GRAY, 1626314442079672965, JAX, 13
<134>2021-07-15T02:01:17Z cache-stp9226 MEWElogs[318405]: GRAY, 1626314477399851116, STP, 13
<134>2021-07-15T02:01:18Z cache-mia11368 MEWElogs[318405]: GRAY, 1626314478118487173, MIA, 13
<134>2021-07-15T02:01:41Z cache-man4150 MEWElogs[318405]: GRAY, 1626314500066795841, MAN, 13
<134>2021-07-15T02:02:13Z cache-mci5951 MEWElogs[318405]: GRAY, 1626314531985410939, MCI, 13
<134>2021-07-15T02:02:59Z cache-stp9226 MEWElogs[318405]: GRAY, 1626314578713141617, STP, 13
