<134>2021-07-15T01:42:21Z cache-dfw18678 MEWElogs[216063]: GRAY, 1626313340944786137, DFW, 13
<134>2021-07-15T01:42:25Z cache-hhn4077 MEWElogs[216063]: GRAY, 1626313344794394679, HHN, 13
<134>2021-07-15T01:42:34Z cache-bos4657 MEWElogs[216063]: GRAY, 1626313353992882876, BOS, 13
<134>2021-07-15T01:42:46Z cache-bos4657 MEWElogs[216063]: GRAY, 1626313366159316461, BOS, 13
<134>2021-07-15T01:42:47Z cache-iah17271 MEWElogs[216063]: GRAY, 1626313366579356950, IAH, 13
<134>2021-07-15T01:42:54Z cache-iah17271 MEWElogs[216063]: GRAY, 1626313373752897647, IAH, 13
<134>2021-07-15T01:43:09Z cache-pwk4920 MEWElogs[216063]: GRAY, 1626313389419537363, PWK, 13
<134>2021-07-15T01:43:17Z cache-lon4249 MEWElogs[216063]: GRAY, 1626313396410265180, LON, 13
<134>2021-07-15T01:43:24Z cache-iah17271 MEWElogs[216063]: GRAY, 1626313403503477807, IAH, 13
<134>2021-07-15T01:43:30Z cache-lon4249 MEWElogs[216063]: GRAY, 1626313410415330907, LON, 13
<134>2021-07-15T01:43:44Z cache-cwb20520 MEWElogs[216063]: GRAY, 1626313423353067930, CWB, 13
<134>2021-07-15T01:43:47Z cache-lcy19283 MEWElogs[216063]: GRAY, 1626313427657126646, LCY, 13
<134>2021-07-15T01:44:07Z cache-hel6829 MEWElogs[216063]: GRAY, 1626313446298716983, HEL, 13
<134>2021-07-15T01:44:13Z cache-dal21283 MEWElogs[216063]: GRAY, 1626313453457829057, DAL, 13
<134>2021-07-15T01:44:31Z cache-hel6829 MEWElogs[216063]: GRAY, 1626313470634489489, HEL, 13
<134>2021-07-15T01:44:47Z cache-jnb7027 MEWElogs[216063]: GRAY, 1626313486306328371, JNB, 13
<134>2021-07-15T01:45:09Z cache-den8274 MEWElogs[216063]: GRAY, 1626313508684087521, DEN, 13
<134>2021-07-15T01:45:12Z cache-cwb20520 MEWElogs[216063]: GRAY, 1626313511695407670, CWB, 13
<134>2021-07-15T01:45:15Z cache-lcy19283 MEWElogs[216063]: GRAY, 1626313515596008072, LCY, 13
<134>2021-07-15T01:45:39Z cache-hel6829 MEWElogs[216063]: GRAY, 1626313538457026802, HEL, 13
<134>2021-07-15T01:45:55Z cache-lcy19283 MEWElogs[216063]: GRAY, 1626313554396139823, LCY, 13
<134>2021-07-15T01:46:27Z cache-cwb20520 MEWElogs[216063]: GRAY, 1626313586157225878, CWB, 13
<134>2021-07-15T01:46:30Z cache-lcy19283 MEWElogs[216063]: GRAY, 1626313589749062856, LCY, 13
<134>2021-07-15T01:46:32Z cache-den8274 MEWElogs[216063]: GRAY, 1626313591664034051, DEN, 13
<134>2021-07-15T01:46:52Z cache-iah17271 MEWElogs[216063]: GRAY, 1626313612290120842, IAH, 13
<134>2021-07-15T01:47:02Z cache-den8274 MEWElogs[216063]: GRAY, 1626313621746287089, DEN, 13
<134>2021-07-15T01:47:06Z cache-jnb7027 MEWElogs[216063]: GRAY, 1626313625639826771, JNB, 13
<134>2021-07-15T01:47:06Z cache-lon4249 MEWElogs[216063]: GRAY, 1626313625772137330, LON, 13
<134>2021-07-15T01:47:14Z cache-dal21283 MEWElogs[216063]: GRAY, 1626313634518319529, DAL, 13
<134>2021-07-15T01:47:18Z cache-bur17583 MEWElogs[216063]: GRAY, 1626313637254665168, BUR, 13
<134>2021-07-15T01:47:32Z cache-den8274 MEWElogs[216063]: GRAY, 1626313651064681175, DEN, 13
<134>2021-07-15T01:48:00Z cache-hel6829 MEWElogs[216063]: GRAY, 1626313679480544845, HEL, 13
<134>2021-07-15T01:48:00Z cache-bur17583 MEWElogs[216063]: GRAY, 1626313680305546596, BUR, 13
<134>2021-07-15T01:48:23Z cache-den8274 MEWElogs[216063]: GRAY, 1626313702974322880, DEN, 13
<134>2021-07-15T01:48:29Z cache-den8274 MEWElogs[216063]: GRAY, 1626313708957179191, DEN, 13
<134>2021-07-15T01:48:49Z cache-jnb7027 MEWElogs[216063]: GRAY, 1626313728509682191, JNB, 13
<134>2021-07-15T01:49:02Z cache-cwb20520 MEWElogs[216063]: GRAY, 1626313741574566245, CWB, 13
<134>2021-07-15T01:49:08Z cache-lcy19283 MEWElogs[216063]: GRAY, 1626313747022239784, LCY, 13
<134>2021-07-15T01:49:20Z cache-hel6829 MEWElogs[216063]: GRAY, 1626313759268694083, HEL, 13
<134>2021-07-15T01:49:21Z cache-dal21283 MEWElogs[216063]: GRAY, 1626313760181277540, DAL, 13
<134>2021-07-15T01:49:26Z cache-lon4249 MEWElogs[216063]: GRAY, 1626313766180950589, LON, 13
<134>2021-07-15T01:49:44Z cache-hel6829 MEWElogs[216063]: GRAY, 1626313783787256746, HEL, 13
<134>2021-07-15T01:49:46Z cache-dal21283 MEWElogs[216063]: GRAY, 1626313785969164785, DAL, 13
<134>2021-07-15T01:50:04Z cache-den8274 MEWElogs[216063]: GRAY, 1626313803284560896, DEN, 13
<134>2021-07-15T01:50:09Z cache-hel6829 MEWElogs[216063]: GRAY, 1626313808191471048, HEL, 13
<134>2021-07-15T01:50:19Z cache-iah17271 MEWElogs[216063]: GRAY, 1626313819703304662, IAH, 13
<134>2021-07-15T01:50:21Z cache-hel6829 MEWElogs[216063]: GRAY, 1626313820403239789, HEL, 13
<134>2021-07-15T01:50:22Z cache-cwb20520 MEWElogs[216063]: GRAY, 1626313822511580025, CWB, 13
<134>2021-07-15T01:50:27Z cache-lon4249 MEWElogs[216063]: GRAY, 1626313826745297866, LON, 13
<134>2021-07-15T01:50:36Z cache-cwb20520 MEWElogs[216063]: GRAY, 1626313836346103171, CWB, 13
<134>2021-07-15T01:50:40Z cache-lcy19283 MEWElogs[216063]: GRAY, 1626313840064947501, LCY, 13
<134>2021-07-15T01:50:43Z cache-mad22068 MEWElogs[216063]: GRAY, 1626313842475011342, MAD, 13
<134>2021-07-15T01:50:46Z cache-lcy19283 MEWElogs[216063]: GRAY, 1626313845037794012, LCY, 13
<134>2021-07-15T01:51:03Z cache-jnb7027 MEWElogs[216063]: GRAY, 1626313862008046174, JNB, 13
<134>2021-07-15T01:51:19Z cache-dal21283 MEWElogs[216063]: GRAY, 1626313878876976556, DAL, 13
<134>2021-07-15T01:51:21Z cache-jnb7027 MEWElogs[216063]: GRAY, 1626313880474731695, JNB, 13
<134>2021-07-15T01:51:29Z cache-mad22068 MEWElogs[216063]: GRAY, 1626313889401963169, MAD, 13
<134>2021-07-15T01:51:34Z cache-mrs10583 MEWElogs[216063]: GRAY, 1626313893735299898, MRS, 13
<134>2021-07-15T01:51:49Z cache-bur17583 MEWElogs[216063]: GRAY, 1626313909513628737, BUR, 13
<134>2021-07-15T01:51:51Z cache-den8274 MEWElogs[216063]: GRAY, 1626313910158667720, DEN, 13
<134>2021-07-15T01:52:17Z cache-lhr7382 MEWElogs[216063]: GRAY, 1626313936266085704, LHR, 13
