<134>2021-07-15T06:39:53Z cache-akl10324 MEWElogs[216063]: UNSH, 1626331192570898351, AKL, 16
<134>2021-07-15T06:40:50Z cache-hhn4077 MEWElogs[216063]: UNSH, 1626331250467992691, HHN, 16
<134>2021-07-15T06:41:00Z cache-chi21126 MEWElogs[216063]: UNSH, 1626331259285272875, CHI, 16
<134>2021-07-15T06:41:19Z cache-hhn4077 MEWElogs[216063]: UNSH, 1626331279215846493, HHN, 16
<134>2021-07-15T06:41:54Z cache-fra19177 MEWElogs[216063]: UNSH, 1626331313724798602, FRA, 16
<134>2021-07-15T06:42:18Z cache-dal21283 MEWElogs[216063]: UNSH, 1626331337050967132, DAL, 16
<134>2021-07-15T06:42:25Z cache-cwb20520 MEWElogs[216063]: UNSH, 1626331344001161089, CWB, 16
<134>2021-07-15T06:42:48Z cache-dal21283 MEWElogs[216063]: UNSH, 1626331367632619298, DAL, 16
<134>2021-07-15T06:42:49Z cache-den8274 MEWElogs[216063]: UNSH, 1626331368064934401, DEN, 16
<134>2021-07-15T06:43:25Z cache-den8274 MEWElogs[216063]: UNSH, 1626331404178987241, DEN, 16
<134>2021-07-15T06:43:27Z cache-cwb20520 MEWElogs[216063]: UNSH, 1626331406220501590, CWB, 16
<134>2021-07-15T06:43:29Z cache-bur17583 MEWElogs[216063]: UNSH, 1626331408952060284, BUR, 16
<134>2021-07-15T06:43:36Z cache-dal21283 MEWElogs[216063]: UNSH, 1626331416558030126, DAL, 16
<134>2021-07-15T06:43:42Z cache-fra19177 MEWElogs[216063]: UNSH, 1626331421607838109, FRA, 16
<134>2021-07-15T06:43:56Z cache-jnb7027 MEWElogs[216063]: UNSH, 1626331436632173466, JNB, 16
<134>2021-07-15T06:44:02Z cache-bur17583 MEWElogs[216063]: UNSH, 1626331442002783782, BUR, 16
<134>2021-07-15T06:44:30Z cache-cwb20520 MEWElogs[216063]: UNSH, 1626331469320040227, CWB, 16
<134>2021-07-15T06:44:34Z cache-iah17271 MEWElogs[216063]: UNSH, 1626331474423700651, IAH, 16
<134>2021-07-15T06:44:45Z cache-fra19177 MEWElogs[216063]: UNSH, 1626331484149074634, FRA, 16
<134>2021-07-15T06:44:54Z cache-fra19177 MEWElogs[216063]: UNSH, 1626331493119442738, FRA, 16
<134>2021-07-15T06:45:03Z cache-fra19177 MEWElogs[216063]: UNSH, 1626331502053573329, FRA, 16
<134>2021-07-15T06:45:09Z cache-jnb7027 MEWElogs[216063]: UNSH, 1626331508839640366, JNB, 16
<134>2021-07-15T06:45:13Z cache-cwb20520 MEWElogs[216063]: UNSH, 1626331512295732015, CWB, 16
<134>2021-07-15T06:45:21Z cache-lcy19283 MEWElogs[216063]: UNSH, 1626331520521962419, LCY, 16
<134>2021-07-15T06:45:57Z cache-lcy19283 MEWElogs[216063]: UNSH, 1626331557384923300, LCY, 16
<134>2021-07-15T06:46:03Z cache-lon4249 MEWElogs[216063]: UNSH, 1626331563822584468, LON, 16
<134>2021-07-15T06:46:37Z cache-lon4249 MEWElogs[216063]: UNSH, 1626331596938460195, LON, 16
<134>2021-07-15T06:46:43Z cache-iah17271 MEWElogs[216063]: UNSH, 1626331602144629533, IAH, 16
<134>2021-07-15T06:46:49Z cache-bur17583 MEWElogs[216063]: UNSH, 1626331608944630442, BUR, 16
<134>2021-07-15T06:46:50Z cache-den8274 MEWElogs[216063]: UNSH, 1626331610061657585, DEN, 16
<134>2021-07-15T06:46:59Z cache-fra19177 MEWElogs[216063]: UNSH, 1626331618466358020, FRA, 16
<134>2021-07-15T06:47:08Z cache-fra19177 MEWElogs[216063]: UNSH, 1626331627630001680, FRA, 16
<134>2021-07-15T06:47:52Z cache-fra19177 MEWElogs[216063]: UNSH, 1626331672377175035, FRA, 16
<134>2021-07-15T06:48:02Z cache-fra19177 MEWElogs[216063]: UNSH, 1626331681545601924, FRA, 16
<134>2021-07-15T06:48:11Z cache-bur17583 MEWElogs[216063]: UNSH, 1626331690112294465, BUR, 16
<134>2021-07-15T06:48:11Z cache-fra19177 MEWElogs[216063]: UNSH, 1626331690310217120, FRA, 16
<134>2021-07-15T06:48:13Z cache-lon4249 MEWElogs[216063]: UNSH, 1626331692531806663, LON, 16
<134>2021-07-15T06:48:38Z cache-hel6829 MEWElogs[216063]: UNSH, 1626331717211328648, HEL, 16
<134>2021-07-15T06:48:54Z cache-den8274 MEWElogs[216063]: UNSH, 1626331733527430953, DEN, 16
<134>2021-07-15T06:48:56Z cache-fra19177 MEWElogs[216063]: UNSH, 1626331735319868984, FRA, 16
<134>2021-07-15T06:49:27Z cache-iah17271 MEWElogs[216063]: UNSH, 1626331766421101371, IAH, 16
<134>2021-07-15T06:49:39Z cache-lon4249 MEWElogs[216063]: UNSH, 1626331778281595318, LON, 16
