<134>2021-07-14T17:52:26Z cache-gru17149 MEWElogs[46369]: FLIPH, 1626285145003959326, GRU, 10
<134>2021-07-14T17:52:39Z cache-stl4834 MEWElogs[46369]: FLIPH, 1626285159789611450, STL, -1
<134>2021-07-14T17:53:02Z cache-cgh11122 MEWElogs[46369]: FLIPH, 1626285181675582800, CGH, -1
<134>2021-07-14T17:53:15Z cache-cgh11122 MEWElogs[46369]: FLIPH, 1626285194868586288, CGH, 10
<134>2021-07-14T17:53:22Z cache-gig17035 MEWElogs[46369]: FLIPH, 1626285202368627184, GIG, -1
<134>2021-07-14T17:53:32Z cache-cgh11122 MEWElogs[46369]: FLIPH, 1626285212304677342, CGH, -1
<134>2021-07-14T17:53:33Z cache-hnd18722 MEWElogs[46369]: FLIPH, 1626285212077369437, HND, 10
<134>2021-07-14T17:53:43Z cache-pao17461 MEWElogs[46369]: FLIPH, 1626285222625512378, PAO, -1
<134>2021-07-14T17:53:48Z cache-scl19427 MEWElogs[46369]: FLIPH, 1626285228023506008, SCL, 10
<134>2021-07-14T17:53:56Z cache-pao17461 MEWElogs[46369]: FLIPH, 1626285236255697811, PAO, 10
<134>2021-07-14T17:54:26Z cache-tyo11974 MEWElogs[46369]: FLIPH, 1626285265479654559, TYO, -1
<134>2021-07-14T17:54:28Z cache-gru17149 MEWElogs[46369]: FLIPH, 1626285267707168185, GRU, -1
<134>2021-07-14T17:54:45Z cache-stl4834 MEWElogs[46369]: FLIPH, 1626285284699035589, STL, -1
<134>2021-07-14T17:55:27Z cache-hnd18722 MEWElogs[46369]: FLIPH, 1626285326587551140, HND, -1
<134>2021-07-14T17:55:35Z cache-scl19427 MEWElogs[46369]: FLIPH, 1626285334889616462, SCL, -1
<134>2021-07-14T17:55:35Z cache-cgh11122 MEWElogs[46369]: FLIPH, 1626285335748923353, CGH, -1
<134>2021-07-14T17:55:38Z cache-hnd18722 MEWElogs[46369]: FLIPH, 1626285337404851920, HND, -1
<134>2021-07-14T17:55:53Z cache-itm18851 MEWElogs[46369]: FLIPH, 1626285352448727512, ITM, 10
<134>2021-07-14T17:56:02Z cache-hnd18722 MEWElogs[46369]: FLIPH, 1626285361220103789, HND, 10
<134>2021-07-14T17:56:02Z cache-scl19427 MEWElogs[46369]: FLIPH, 1626285362078747883, SCL, 10
<134>2021-07-14T17:56:32Z cache-stl4834 MEWElogs[46369]: FLIPH, 1626285391664952071, STL, 10
<134>2021-07-14T17:56:35Z cache-cgh11183 MEWElogs[46369]: FLIPH, 1626285394691274990, CGH, -1
<134>2021-07-14T17:56:44Z cache-pao17461 MEWElogs[46369]: FLIPH, 1626285403409258746, PAO, 10
<134>2021-07-14T17:56:56Z cache-cgh11183 MEWElogs[46369]: FLIPH, 1626285415974460269, CGH, -1
<134>2021-07-14T17:57:13Z cache-stl4834 MEWElogs[46369]: FLIPH, 1626285433260276478, STL, 10
<134>2021-07-14T17:57:19Z cache-cgh11183 MEWElogs[46369]: FLIPH, 1626285439081165592, CGH, 10
<134>2021-07-14T17:57:50Z cache-cgh11122 MEWElogs[46369]: FLIPH, 1626285469568291852, CGH, 10
<134>2021-07-14T17:57:53Z cache-tyo11974 MEWElogs[46369]: FLIPH, 1626285472021384452, TYO, -1
<134>2021-07-14T17:57:57Z cache-pao17461 MEWElogs[46369]: FLIPH, 1626285476722945626, PAO, 10
<134>2021-07-14T17:58:00Z cache-cgh11122 MEWElogs[46369]: FLIPH, 1626285479513801288, CGH, 10
<134>2021-07-14T17:58:14Z cache-pao17461 MEWElogs[46369]: FLIPH, 1626285494072099788, PAO, -1
<134>2021-07-14T17:58:28Z cache-sea4483 MEWElogs[46369]: FLIPH, 1626285508163103708, SEA, -1
<134>2021-07-14T17:58:38Z cache-hnd18722 MEWElogs[46369]: FLIPH, 1626285517247770082, HND, -1
<134>2021-07-14T17:58:41Z cache-cgh11183 MEWElogs[46369]: FLIPH, 1626285520816695641, CGH, 10
<134>2021-07-14T17:58:48Z cache-pao17461 MEWElogs[46369]: FLIPH, 1626285528006499717, PAO, 10
<134>2021-07-14T17:58:51Z cache-hnd18722 MEWElogs[46369]: FLIPH, 1626285530659401959, HND, 10
<134>2021-07-14T17:58:58Z cache-cgh11122 MEWElogs[46369]: FLIPH, 1626285537146178226, CGH, -1
<134>2021-07-14T17:58:59Z cache-pao17461 MEWElogs[46369]: FLIPH, 1626285538398286101, PAO, 10
<134>2021-07-14T17:59:12Z cache-hnd18722 MEWElogs[46369]: FLIPH, 1626285551873072676, HND, 10
<134>2021-07-14T17:59:26Z cache-sjc10078 MEWElogs[46369]: FLIPH, 1626285565908755733, SJC, 10
<134>2021-07-14T17:59:30Z cache-stl4834 MEWElogs[46369]: FLIPH, 1626285569280456695, STL, 10
<134>2021-07-14T17:59:38Z cache-cgh11122 MEWElogs[46369]: FLIPH, 1626285577821236855, CGH, -1
<134>2021-07-14T17:59:42Z cache-hnd18722 MEWElogs[46369]: FLIPH, 1626285581056897371, HND, -1
<134>2021-07-14T17:59:48Z cache-sjc10078 MEWElogs[46369]: FLIPH, 1626285586967945612, SJC, 10
<134>2021-07-14T17:59:51Z cache-itm18851 MEWElogs[46369]: FLIPH, 1626285591011027069, ITM, 10
<134>2021-07-14T17:59:53Z cache-hnd18722 MEWElogs[46369]: FLIPH, 1626285592322246545, HND, -1
<134>2021-07-14T18:00:09Z cache-itm18851 MEWElogs[46369]: FLIPH, 1626285609056534894, ITM, -1
<134>2021-07-14T18:00:10Z cache-sea4483 MEWElogs[46369]: FLIPH, 1626285609914416734, SEA, 10
<134>2021-07-14T18:00:19Z cache-pao17461 MEWElogs[46369]: FLIPH, 1626285618191696315, PAO, -1
<134>2021-07-14T18:00:32Z cache-cgh11183 MEWElogs[46369]: FLIPH, 1626285632064197483, CGH, 10
<134>2021-07-14T18:00:39Z cache-hnd18722 MEWElogs[46369]: FLIPH, 1626285638122990275, HND, 10
<134>2021-07-14T18:01:00Z cache-sjc10078 MEWElogs[46369]: FLIPH, 1626285659650423238, SJC, 10
<134>2021-07-14T18:01:02Z cache-bma1628 MEWElogs[46369]: FLIPH, 1626285661040651761, BMA, 10
<134>2021-07-14T18:01:03Z cache-cgh11183 MEWElogs[46369]: FLIPH, 1626285662747550078, CGH, 10
<134>2021-07-14T18:01:05Z cache-itm18851 MEWElogs[46369]: FLIPH, 1626285664748087434, ITM, 10
<134>2021-07-14T18:01:07Z cache-sjc10078 MEWElogs[46369]: FLIPH, 1626285666736588923, SJC, -1
<134>2021-07-14T18:01:16Z cache-itm18851 MEWElogs[46369]: FLIPH, 1626285675486436159, ITM, 10
<134>2021-07-14T18:01:23Z cache-sea4483 MEWElogs[46369]: FLIPH, 1626285682273728900, SEA, -1
<134>2021-07-14T18:01:30Z cache-tyo11974 MEWElogs[46369]: FLIPH, 1626285689392301247, TYO, 10
<134>2021-07-14T18:01:31Z cache-cgh11183 MEWElogs[46369]: FLIPH, 1626285689941053783, CGH, -1
<134>2021-07-14T18:01:37Z cache-itm18851 MEWElogs[46369]: FLIPH, 1626285696315489163, ITM, 10
<134>2021-07-14T18:01:50Z cache-cgh11183 MEWElogs[46369]: FLIPH, 1626285710182575528, CGH, -1
<134>2021-07-14T18:02:06Z cache-sea4483 MEWElogs[46369]: FLIPH, 1626285725902201182, SEA, -1
<134>2021-07-14T18:02:15Z cache-cgh11122 MEWElogs[46369]: FLIPH, 1626285734616396992, CGH, 10
<134>2021-07-14T18:02:23Z cache-hnd18722 MEWElogs[46369]: FLIPH, 1626285742190648585, HND, -1
