<134>2021-07-15T06:41:10Z cache-hhn4077 MEWElogs[39982]: UNSH, 1626331269141304329, HHN, 16
<134>2021-07-15T06:41:26Z cache-dal21283 MEWElogs[39982]: UNSH, 1626331285456381456, DAL, 16
<134>2021-07-15T06:42:49Z cache-hel6829 MEWElogs[39982]: UNSH, 1626331368608131244, HEL, 16
<134>2021-07-15T06:43:02Z cache-lcy19283 MEWElogs[39982]: UNSH, 1626331381623945391, LCY, 16
<134>2021-07-15T06:44:10Z cache-den8274 MEWElogs[39982]: UNSH, 1626331449933873225, DEN, 16
<134>2021-07-15T06:44:32Z cache-lon4249 MEWElogs[39982]: UNSH, 1626331471608526096, LON, 16
<134>2021-07-15T06:44:58Z cache-den8274 MEWElogs[39982]: UNSH, 1626331497087711479, DEN, 16
<134>2021-07-15T06:45:02Z cache-cwb20520 MEWElogs[39982]: UNSH, 1626331501799017069, CWB, 16
<134>2021-07-15T06:46:12Z cache-dal21283 MEWElogs[39982]: UNSH, 1626331571297145580, DAL, 16
<134>2021-07-15T06:46:20Z cache-lon4249 MEWElogs[39982]: UNSH, 1626331580544504608, LON, 16
<134>2021-07-15T06:47:30Z cache-lon4249 MEWElogs[39982]: UNSH, 1626331649842859148, LON, 16
<134>2021-07-15T06:47:35Z cache-jnb7027 MEWElogs[39982]: UNSH, 1626331654578396216, JNB, 16
<134>2021-07-15T06:48:05Z cache-hel6829 MEWElogs[39982]: UNSH, 1626331685842506095, HEL, 16
<134>2021-07-15T06:48:17Z cache-dal21283 MEWElogs[39982]: UNSH, 1626331696462646558, DAL, 16
<134>2021-07-15T06:48:32Z cache-bur17583 MEWElogs[39982]: UNSH, 1626331711918820958, BUR, 16
<134>2021-07-15T06:49:50Z cache-iah17271 MEWElogs[39982]: UNSH, 1626331789803163001, IAH, 16
<134>2021-07-15T06:49:52Z cache-mad22068 MEWElogs[39982]: UNSH, 1626331791295881912, MAD, 16
<134>2021-07-15T06:50:03Z cache-bur17583 MEWElogs[39982]: UNSH, 1626331803302395266, BUR, 16
<134>2021-07-15T06:50:29Z cache-lon4249 MEWElogs[39982]: UNSH, 1626331828665543418, LON, 16
<134>2021-07-15T06:51:05Z cache-lcy19283 MEWElogs[39982]: UNSH, 1626331864226516814, LCY, 16
