<134>2021-07-15T05:22:34Z cache-cgh11122 MEWElogs[318405]: ROTATE, 1626326553193177350, CGH, 15
<134>2021-07-15T05:22:38Z cache-pao17461 MEWElogs[318405]: ROTATE, 1626326557139193923, PAO, 15
<134>2021-07-15T05:22:49Z cache-cdg20720 MEWElogs[318405]: ROTATE, 1626326569130455153, CDG, 15
<134>2021-07-15T05:23:26Z cache-gru17149 MEWElogs[318405]: ROTATE, 1626326605237644425, GRU, 15
<134>2021-07-15T05:24:14Z cache-itm18851 MEWElogs[318405]: ROTATE, 1626326653669383878, ITM, 15
<134>2021-07-15T05:25:03Z cache-hnd18722 MEWElogs[318405]: ROTATE, 1626326703161836579, HND, 15
<134>2021-07-15T05:25:27Z cache-gig17035 MEWElogs[318405]: ROTATE, 1626326726513315426, GIG, 15
<134>2021-07-15T05:25:30Z cache-pao17461 MEWElogs[318405]: ROTATE, 1626326729391719553, PAO, 15
<134>2021-07-15T05:25:47Z cache-gig17035 MEWElogs[318405]: ROTATE, 1626326747304770161, GIG, 15
<134>2021-07-15T05:25:49Z cache-scl19427 MEWElogs[318405]: ROTATE, 1626326749551557566, SCL, 15
<134>2021-07-15T05:26:33Z cache-hnd18722 MEWElogs[318405]: ROTATE, 1626326792544850146, HND, 15
<134>2021-07-15T05:27:09Z cache-scl19427 MEWElogs[318405]: ROTATE, 1626326829533364263, SCL, 15
<134>2021-07-15T05:27:23Z cache-sjc10078 MEWElogs[318405]: ROTATE, 1626326843381282075, SJC, 15
<134>2021-07-15T05:28:45Z cache-syd10183 MEWElogs[318405]: ROTATE, 1626326924561828057, SYD, 15
<134>2021-07-15T05:28:54Z cache-itm18851 MEWElogs[318405]: ROTATE, 1626326934192166461, ITM, 15
<134>2021-07-15T05:28:56Z cache-syd10183 MEWElogs[318405]: ROTATE, 1626326935181848707, SYD, 15
<134>2021-07-15T05:29:38Z cache-sea4483 MEWElogs[318405]: ROTATE, 1626326977894439818, SEA, 15
<134>2021-07-15T05:30:14Z cache-cgh11122 MEWElogs[318405]: ROTATE, 1626327013375293785, CGH, 15
<134>2021-07-15T05:30:35Z cache-itm18851 MEWElogs[318405]: ROTATE, 1626327034188353822, ITM, 15
<134>2021-07-15T05:30:53Z cache-sjc10078 MEWElogs[318405]: ROTATE, 1626327053061722733, SJC, 15
<134>2021-07-15T05:31:02Z cache-cgh11122 MEWElogs[318405]: ROTATE, 1626327061403365091, CGH, 15
<134>2021-07-15T05:31:43Z cache-bma1628 MEWElogs[318405]: ROTATE, 1626327102854717716, BMA, 15
<134>2021-07-15T05:32:10Z cache-cgh11122 MEWElogs[318405]: ROTATE, 1626327129630454557, CGH, 15
<134>2021-07-15T05:32:27Z cache-bma1628 MEWElogs[318405]: ROTATE, 1626327145928011051, BMA, 15
