<134>2021-07-14T17:42:50Z cache-ewr18156 MEWElogs[21956]: FLIPH, 1626284570399513457, EWR, -1
<134>2021-07-14T17:42:57Z cache-lga21983 MEWElogs[21956]: FLIPH, 1626284576798342486, LGA, -1
<134>2021-07-14T17:42:58Z cache-man4150 MEWElogs[21956]: FLIPH, 1626284577318140913, MAN, 10
<134>2021-07-14T17:43:03Z cache-man4150 MEWElogs[21956]: FLIPH, 1626284583076008564, MAN, -1
<134>2021-07-14T17:43:23Z cache-gru17149 MEWElogs[21956]: FLIPH, 1626284601960196572, GRU, 10
<134>2021-07-14T17:43:35Z cache-cdg20720 MEWElogs[21956]: FLIPH, 1626284614814031048, CDG, 10
<134>2021-07-14T17:43:36Z cache-mel11272 MEWElogs[21956]: FLIPH, 1626284615610792231, MEL, -1
<134>2021-07-14T17:43:39Z cache-mel11272 MEWElogs[21956]: FLIPH, 1626284618172899619, MEL, 10
<134>2021-07-14T17:43:40Z cache-lga21983 MEWElogs[21956]: FLIPH, 1626284619565307319, LGA, 10
<134>2021-07-14T17:43:40Z cache-scl19427 MEWElogs[21956]: FLIPH, 1626284620531290726, SCL, -1
<134>2021-07-14T17:43:47Z cache-osl6529 MEWElogs[21956]: FLIPH, 1626284626018374649, OSL, 10
<134>2021-07-14T17:43:56Z cache-scl19427 MEWElogs[21956]: FLIPH, 1626284636005179334, SCL, 10
<134>2021-07-14T17:44:10Z cache-lga21983 MEWElogs[21956]: FLIPH, 1626284649642888559, LGA, 10
<134>2021-07-14T17:44:16Z cache-lga21983 MEWElogs[21956]: FLIPH, 1626284656129803996, LGA, -1
<134>2021-07-14T17:44:19Z cache-bom4751 MEWElogs[21956]: FLIPH, 1626284658018627614, BOM, 10
<134>2021-07-14T17:44:23Z cache-osl6529 MEWElogs[21956]: FLIPH, 1626284663625128915, OSL, 10
<134>2021-07-14T17:44:33Z cache-ewr18156 MEWElogs[21956]: FLIPH, 1626284673857534153, EWR, -1
<134>2021-07-14T17:44:36Z cache-gru17149 MEWElogs[21956]: FLIPH, 1626284675316218140, GRU, -1
<134>2021-07-14T17:44:39Z cache-lga21983 MEWElogs[21956]: FLIPH, 1626284679054594379, LGA, 10
<134>2021-07-14T17:44:42Z cache-osl6529 MEWElogs[21956]: FLIPH, 1626284681842734480, OSL, 10
<134>2021-07-14T17:44:46Z cache-cdg20720 MEWElogs[21956]: FLIPH, 1626284685283629431, CDG, 10
<134>2021-07-14T17:45:00Z cache-stl4834 MEWElogs[21956]: FLIPH, 1626284700067225373, STL, 10
<134>2021-07-14T17:45:02Z cache-cdg20720 MEWElogs[21956]: FLIPH, 1626284701947947958, CDG, -1
<134>2021-07-14T17:45:06Z cache-gig17035 MEWElogs[21956]: FLIPH, 1626284705765166397, GIG, 10
<134>2021-07-14T17:45:07Z cache-gru17149 MEWElogs[21956]: FLIPH, 1626284706520032136, GRU, 10
<134>2021-07-14T17:45:20Z cache-mel11272 MEWElogs[21956]: FLIPH, 1626284719150682461, MEL, 10
<134>2021-07-14T17:45:24Z cache-gru17149 MEWElogs[21956]: FLIPH, 1626284723085409965, GRU, -1
<134>2021-07-14T17:45:33Z cache-cdg20720 MEWElogs[21956]: FLIPH, 1626284732926878834, CDG, -1
<134>2021-07-14T17:45:43Z cache-ewr18156 MEWElogs[21956]: FLIPH, 1626284742195970406, EWR, 10
<134>2021-07-14T17:45:54Z cache-gig17035 MEWElogs[21956]: FLIPH, 1626284753858259022, GIG, 10
<134>2021-07-14T17:46:08Z cache-cdg20720 MEWElogs[21956]: FLIPH, 1626284767087963391, CDG, 10
<134>2021-07-14T17:46:08Z cache-mel11272 MEWElogs[21956]: FLIPH, 1626284767220992201, MEL, -1
<134>2021-07-14T17:46:18Z cache-syd10183 MEWElogs[21956]: FLIPH, 1626284777444914371, SYD, -1
<134>2021-07-14T17:46:28Z cache-cdg20720 MEWElogs[21956]: FLIPH, 1626284787657291780, CDG, 10
<134>2021-07-14T17:46:46Z cache-scl19427 MEWElogs[21956]: FLIPH, 1626284805543211444, SCL, 10
<134>2021-07-14T17:46:48Z cache-cdg20720 MEWElogs[21956]: FLIPH, 1626284808009575587, CDG, 10
<134>2021-07-14T17:46:59Z cache-itm18851 MEWElogs[21956]: FLIPH, 1626284818431526982, ITM, -1
<134>2021-07-14T17:47:30Z cache-scl19427 MEWElogs[21956]: FLIPH, 1626284850417394661, SCL, -1
<134>2021-07-14T17:47:37Z cache-gru17149 MEWElogs[21956]: FLIPH, 1626284856332957653, GRU, -1
<134>2021-07-14T17:47:38Z cache-hnd18722 MEWElogs[21956]: FLIPH, 1626284857840094894, HND, -1
<134>2021-07-14T17:47:41Z cache-bom4751 MEWElogs[21956]: FLIPH, 1626284859970379547, BOM, -1
<134>2021-07-14T17:47:44Z cache-itm18851 MEWElogs[21956]: FLIPH, 1626284863071627070, ITM, 10
<134>2021-07-14T17:47:51Z cache-itm18851 MEWElogs[21956]: FLIPH, 1626284870674554380, ITM, -1
<134>2021-07-14T17:48:22Z cache-itm18851 MEWElogs[21956]: FLIPH, 1626284901906902316, ITM, -1
<134>2021-07-14T17:48:29Z cache-stl4834 MEWElogs[21956]: FLIPH, 1626284908574025674, STL, -1
<134>2021-07-14T17:48:40Z cache-syd10183 MEWElogs[21956]: FLIPH, 1626284919592587282, SYD, -1
<134>2021-07-14T17:49:05Z cache-gig17035 MEWElogs[21956]: FLIPH, 1626284944643280483, GIG, 10
<134>2021-07-14T17:49:11Z cache-scl19427 MEWElogs[21956]: FLIPH, 1626284951015923400, SCL, 10
<134>2021-07-14T17:49:31Z cache-syd10183 MEWElogs[21956]: FLIPH, 1626284969926167418, SYD, -1
<134>2021-07-14T17:49:38Z cache-hnd18722 MEWElogs[21956]: FLIPH, 1626284977420357206, HND, 10
<134>2021-07-14T17:49:54Z cache-pao17461 MEWElogs[21956]: FLIPH, 1626284993897303704, PAO, -1
<134>2021-07-14T17:49:56Z cache-bom4751 MEWElogs[21956]: FLIPH, 1626284995631238084, BOM, -1
<134>2021-07-14T17:49:58Z cache-itm18851 MEWElogs[21956]: FLIPH, 1626284997899110279, ITM, 10
<134>2021-07-14T17:50:28Z cache-gig17035 MEWElogs[21956]: FLIPH, 1626285027362983979, GIG, 10
<134>2021-07-14T17:50:52Z cache-gig17035 MEWElogs[21956]: FLIPH, 1626285051703481310, GIG, 10
<134>2021-07-14T17:51:00Z cache-gig17035 MEWElogs[21956]: FLIPH, 1626285060049269284, GIG, -1
<134>2021-07-14T17:51:16Z cache-gig17035 MEWElogs[21956]: FLIPH, 1626285075217657102, GIG, 10
<134>2021-07-14T17:51:20Z cache-cgh11122 MEWElogs[21956]: FLIPH, 1626285080025892226, CGH, -1
<134>2021-07-14T17:51:32Z cache-syd10183 MEWElogs[21956]: FLIPH, 1626285090985531344, SYD, -1
<134>2021-07-14T17:51:38Z cache-stl4834 MEWElogs[21956]: FLIPH, 1626285097005010902, STL, -1
<134>2021-07-14T17:51:52Z cache-syd10183 MEWElogs[21956]: FLIPH, 1626285110939426478, SYD, -1
<134>2021-07-14T17:51:52Z cache-bom4751 MEWElogs[21956]: FLIPH, 1626285110965662943, BOM, -1
<134>2021-07-14T17:52:04Z cache-itm18851 MEWElogs[21956]: FLIPH, 1626285122985672758, ITM, 10
<134>2021-07-14T17:52:15Z cache-gig17035 MEWElogs[21956]: FLIPH, 1626285134869289358, GIG, 10
<134>2021-07-14T17:52:20Z cache-scl19427 MEWElogs[21956]: FLIPH, 1626285139724685846, SCL, -1
<134>2021-07-14T17:52:21Z cache-bom4751 MEWElogs[21956]: FLIPH, 1626285140997727996, BOM, -1
<134>2021-07-14T17:52:23Z cache-pao17461 MEWElogs[21956]: FLIPH, 1626285143148643914, PAO, 10
<134>2021-07-14T17:52:31Z cache-pao17461 MEWElogs[21956]: FLIPH, 1626285150249706460, PAO, -1
<134>2021-07-14T17:52:37Z cache-hnd18722 MEWElogs[21956]: FLIPH, 1626285156233630547, HND, -1
<134>2021-07-14T17:52:42Z cache-itm18851 MEWElogs[21956]: FLIPH, 1626285161632135393, ITM, -1
