<134>2021-07-14T22:44:16Z cache-osl6529 MEWElogs[464521]: BLUR, 1626302655250254539, OSL, 11
<134>2021-07-14T22:44:22Z cache-man4150 MEWElogs[464521]: BLUR, 1626302661672335555, MAN, 11
<134>2021-07-14T22:44:36Z cache-man4150 MEWElogs[464521]: BLUR, 1626302676258951817, MAN, 11
<134>2021-07-14T22:44:48Z cache-ewr18156 MEWElogs[464521]: BLUR, 1626302687556493708, EWR, 11
<134>2021-07-14T22:45:01Z cache-osl6529 MEWElogs[464521]: BLUR, 1626302700442570529, OSL, 11
<134>2021-07-14T22:45:52Z cache-stp9226 MEWElogs[464521]: BLUR, 1626302751533778002, STP, 11
<134>2021-07-14T22:45:54Z cache-yul12826 MEWElogs[464521]: BLUR, 1626302753478163585, YUL, 11
<134>2021-07-14T22:46:11Z cache-stp9226 MEWElogs[464521]: BLUR, 1626302770100097953, STP, 11
<134>2021-07-14T22:46:27Z cache-lga21983 MEWElogs[464521]: BLUR, 1626302787424050934, LGA, 11
<134>2021-07-14T22:47:18Z cache-lga21983 MEWElogs[464521]: BLUR, 1626302837551960206, LGA, 11
<134>2021-07-14T22:47:26Z cache-cdg20720 MEWElogs[464521]: BLUR, 1626302845880071679, CDG, 11
<134>2021-07-14T22:48:23Z cache-lax10677 MEWElogs[464521]: BLUR, 1626302902867522056, LGB, 11
<134>2021-07-14T22:48:43Z cache-jax20933 MEWElogs[464521]: BLUR, 1626302922165936020, JAX, 11
<134>2021-07-14T22:48:46Z cache-lga21983 MEWElogs[464521]: BLUR, 1626302925305357406, LGA, 11
<134>2021-07-14T22:48:58Z cache-gig17035 MEWElogs[464521]: BLUR, 1626302937682681193, GIG, 11
<134>2021-07-14T22:49:28Z cache-mel11272 MEWElogs[464521]: BLUR, 1626302966908773780, MEL, 11
<134>2021-07-14T22:50:00Z cache-gig17035 MEWElogs[464521]: BLUR, 1626303000313148108, GIG, 11
<134>2021-07-14T22:50:45Z cache-lga21983 MEWElogs[464521]: BLUR, 1626303044882287560, LGA, 11
<134>2021-07-14T22:50:51Z cache-mel11272 MEWElogs[464521]: BLUR, 1626303050793554929, MEL, 11
<134>2021-07-14T22:51:02Z cache-lga21983 MEWElogs[464521]: BLUR, 1626303061880360127, LGA, 11
<134>2021-07-14T22:51:41Z cache-bom4751 MEWElogs[464521]: BLUR, 1626303100677588558, BOM, 11
<134>2021-07-14T22:51:41Z cache-ewr18156 MEWElogs[464521]: BLUR, 1626303100805563834, EWR, 11
<134>2021-07-14T22:51:46Z cache-gig17035 MEWElogs[464521]: BLUR, 1626303105937741814, GIG, 11
<134>2021-07-14T22:52:08Z cache-man4150 MEWElogs[464521]: BLUR, 1626303127527434287, MAN, 11
<134>2021-07-14T22:52:10Z cache-lga21983 MEWElogs[464521]: BLUR, 1626303129954034970, LGA, 11
<134>2021-07-14T22:52:27Z cache-lga21983 MEWElogs[464521]: BLUR, 1626303146740419462, LGA, 11
<134>2021-07-14T22:52:51Z cache-man4150 MEWElogs[464521]: BLUR, 1626303170006210467, MAN, 11
<134>2021-07-14T22:53:07Z cache-mel11272 MEWElogs[464521]: BLUR, 1626303186830140545, MEL, 11
<134>2021-07-14T22:53:19Z cache-scl19427 MEWElogs[464521]: BLUR, 1626303199237593669, SCL, 11
<134>2021-07-14T22:53:34Z cache-man4150 MEWElogs[464521]: BLUR, 1626303213649123712, MAN, 11
<134>2021-07-14T22:53:42Z cache-cdg20720 MEWElogs[464521]: BLUR, 1626303221567139709, CDG, 11
<134>2021-07-14T22:54:03Z cache-man4150 MEWElogs[464521]: BLUR, 1626303242373416415, MAN, 11
