<134>2021-07-15T01:51:58Z cache-mrs10583 MEWElogs[292213]: GRAY, 1626313917335157749, MRS, 13
<134>2021-07-15T01:51:59Z cache-dal21283 MEWElogs[292213]: GRAY, 1626313918757415488, DAL, 13
<134>2021-07-15T01:52:03Z cache-jnb7027 MEWElogs[292213]: GRAY, 1626313922068312758, JNB, 13
<134>2021-07-15T01:52:22Z cache-lhr7382 MEWElogs[292213]: GRAY, 1626313940990544790, LHR, 13
<134>2021-07-15T01:52:41Z cache-mad22068 MEWElogs[292213]: GRAY, 1626313960167635103, MAD, 13
<134>2021-07-15T01:52:58Z cache-hkg17929 MEWElogs[292213]: GRAY, 1626313978134180202, HKG, 13
<134>2021-07-15T01:53:33Z cache-lhr7382 MEWElogs[292213]: GRAY, 1626314012059211183, LHR, 13
<134>2021-07-15T01:53:57Z cache-mci5951 MEWElogs[292213]: GRAY, 1626314036787091587, MCI, 13
<134>2021-07-15T01:54:06Z cache-lhr7382 MEWElogs[292213]: GRAY, 1626314045116071271, LHR, 13
<134>2021-07-15T01:54:29Z cache-hkg17929 MEWElogs[292213]: GRAY, 1626314069571390123, HKG, 13
<134>2021-07-15T01:55:05Z cache-dal21283 MEWElogs[292213]: GRAY, 1626314105755964925, DAL, 13
<134>2021-07-15T01:55:14Z cache-hkg17929 MEWElogs[292213]: GRAY, 1626314114754695929, HKG, 13
<134>2021-07-15T01:55:27Z cache-bur17583 MEWElogs[292213]: GRAY, 1626314127114391930, BUR, 13
<134>2021-07-15T01:55:32Z cache-mia11368 MEWElogs[292213]: GRAY, 1626314132177909695, MIA, 13
<134>2021-07-15T01:55:46Z cache-dal21283 MEWElogs[292213]: GRAY, 1626314146176131682, DAL, 13
<134>2021-07-15T01:55:49Z cache-lax10677 MEWElogs[292213]: GRAY, 1626314148720450413, LGB, 13
<134>2021-07-15T01:55:55Z cache-dal21283 MEWElogs[292213]: GRAY, 1626314154448652160, DAL, 13
<134>2021-07-15T01:56:18Z cache-mci5951 MEWElogs[292213]: GRAY, 1626314178339376973, MCI, 13
<134>2021-07-15T01:56:40Z cache-stp9226 MEWElogs[292213]: GRAY, 1626314200328803043, STP, 13
<134>2021-07-15T01:56:49Z cache-dal21283 MEWElogs[292213]: GRAY, 1626314208987129621, DAL, 13
<134>2021-07-15T01:57:00Z cache-mci5951 MEWElogs[292213]: GRAY, 1626314219802053368, MCI, 13
<134>2021-07-15T01:57:41Z cache-hkg17929 MEWElogs[292213]: GRAY, 1626314260143396633, HKG, 13
<134>2021-07-15T01:58:30Z cache-jax20933 MEWElogs[292213]: GRAY, 1626314308985785544, JAX, 13
<134>2021-07-15T01:59:03Z cache-lax10677 MEWElogs[292213]: GRAY, 1626314343131104873, LGB, 13
<134>2021-07-15T01:59:06Z cache-yul12826 MEWElogs[292213]: GRAY, 1626314345160223480, YUL, 13
<134>2021-07-15T01:59:16Z cache-stp9226 MEWElogs[292213]: GRAY, 1626314355581528435, STP, 13
<134>2021-07-15T01:59:33Z cache-lga21983 MEWElogs[292213]: GRAY, 1626314372844259286, LGA, 13
<134>2021-07-15T02:00:04Z cache-hkg17929 MEWElogs[292213]: GRAY, 1626314404584540516, HKG, 13
<134>2021-07-15T02:00:10Z cache-stp9226 MEWElogs[292213]: GRAY, 1626314409714048944, STP, 13
<134>2021-07-15T02:00:58Z cache-yul12826 MEWElogs[292213]: GRAY, 1626314458052089324, YUL, 13
<134>2021-07-15T02:01:43Z cache-mci5951 MEWElogs[292213]: GRAY, 1626314502903579257, MCI, 13
<134>2021-07-15T02:01:45Z cache-man4150 MEWElogs[292213]: GRAY, 1626314504820719831, MAN, 13
<134>2021-07-15T02:01:46Z cache-jax20933 MEWElogs[292213]: GRAY, 1626314505898710315, JAX, 13
