<134>2021-07-15T01:51:57Z cache-jnb7027 MEWElogs[369035]: GRAY, 1626313916068091846, JNB, 13
<134>2021-07-15T01:52:39Z cache-mci5951 MEWElogs[369035]: GRAY, 1626313958607612022, MCI, 13
<134>2021-07-15T01:52:47Z cache-mia11368 MEWElogs[369035]: GRAY, 1626313966040842293, MIA, 13
<134>2021-07-15T01:53:14Z cache-mrs10583 MEWElogs[369035]: GRAY, 1626313993052629666, MRS, 13
<134>2021-07-15T01:53:23Z cache-lhr7382 MEWElogs[369035]: GRAY, 1626314002684384306, LHR, 13
<134>2021-07-15T01:53:24Z cache-stp9226 MEWElogs[369035]: GRAY, 1626314003542826758, STP, 13
<134>2021-07-15T01:53:25Z cache-bur17583 MEWElogs[369035]: GRAY, 1626314004042925433, BUR, 13
<134>2021-07-15T01:53:28Z cache-mrs10583 MEWElogs[369035]: GRAY, 1626314007308060036, MRS, 13
<134>2021-07-15T01:53:46Z cache-mad22068 MEWElogs[369035]: GRAY, 1626314025899055603, MAD, 13
<134>2021-07-15T01:53:50Z cache-mci5951 MEWElogs[369035]: GRAY, 1626314029841348629, MCI, 13
<134>2021-07-15T01:53:51Z cache-mrs10583 MEWElogs[369035]: GRAY, 1626314030865050380, MRS, 13
<134>2021-07-15T01:54:02Z cache-mad22068 MEWElogs[369035]: GRAY, 1626314041213054794, MAD, 13
<134>2021-07-15T01:54:25Z cache-dal21283 MEWElogs[369035]: GRAY, 1626314064894395547, DAL, 13
<134>2021-07-15T01:54:34Z cache-mrs10583 MEWElogs[369035]: GRAY, 1626314073791466093, MRS, 13
<134>2021-07-15T01:54:53Z cache-lhr7382 MEWElogs[369035]: GRAY, 1626314092602260213, LHR, 13
<134>2021-07-15T01:54:57Z cache-bur17583 MEWElogs[369035]: GRAY, 1626314097685553679, BUR, 13
<134>2021-07-15T01:55:08Z cache-jax20933 MEWElogs[369035]: GRAY, 1626314107971930251, JAX, 13
<134>2021-07-15T01:55:12Z cache-mrs10583 MEWElogs[369035]: GRAY, 1626314111785501864, MRS, 13
<134>2021-07-15T01:55:54Z cache-lhr7382 MEWElogs[369035]: GRAY, 1626314153909286399, LHR, 13
<134>2021-07-15T01:56:04Z cache-lhr7382 MEWElogs[369035]: GRAY, 1626314163403455500, LHR, 13
<134>2021-07-15T01:56:09Z cache-jax20933 MEWElogs[369035]: GRAY, 1626314169409218525, JAX, 13
<134>2021-07-15T01:56:13Z cache-man4150 MEWElogs[369035]: GRAY, 1626314172350848909, MAN, 13
<134>2021-07-15T01:56:18Z cache-man4150 MEWElogs[369035]: GRAY, 1626314177275061989, MAN, 13
<134>2021-07-15T01:56:24Z cache-hkg17929 MEWElogs[369035]: GRAY, 1626314183504462796, HKG, 13
<134>2021-07-15T01:56:25Z cache-mia11368 MEWElogs[369035]: GRAY, 1626314184909912195, MIA, 13
<134>2021-07-15T01:56:25Z cache-mci5951 MEWElogs[369035]: GRAY, 1626314185134909836, MCI, 13
<134>2021-07-15T01:56:29Z cache-mrs10583 MEWElogs[369035]: GRAY, 1626314188194001106, MRS, 13
<134>2021-07-15T01:56:32Z cache-man4150 MEWElogs[369035]: GRAY, 1626314191687720194, MAN, 13
<134>2021-07-15T01:56:51Z cache-man4150 MEWElogs[369035]: GRAY, 1626314210890530052, MAN, 13
<134>2021-07-15T01:56:55Z cache-mia11368 MEWElogs[369035]: GRAY, 1626314214605472158, MIA, 13
<134>2021-07-15T01:57:01Z cache-stp9226 MEWElogs[369035]: GRAY, 1626314220467972156, STP, 13
<134>2021-07-15T01:57:10Z cache-jax20933 MEWElogs[369035]: GRAY, 1626314230137341741, JAX, 13
<134>2021-07-15T01:57:16Z cache-mrs10583 MEWElogs[369035]: GRAY, 1626314235837635376, MRS, 13
<134>2021-07-15T01:57:29Z cache-man4150 MEWElogs[369035]: GRAY, 1626314249328967672, MAN, 13
<134>2021-07-15T01:57:42Z cache-mci5951 MEWElogs[369035]: GRAY, 1626314261809607283, MCI, 13
<134>2021-07-15T01:57:54Z cache-lhr7382 MEWElogs[369035]: GRAY, 1626314273354323233, LHR, 13
<134>2021-07-15T01:58:01Z cache-mia11368 MEWElogs[369035]: GRAY, 1626314280107597468, MIA, 13
<134>2021-07-15T01:58:02Z cache-stp9226 MEWElogs[369035]: GRAY, 1626314281501334641, STP, 13
<134>2021-07-15T01:58:08Z cache-lax10677 MEWElogs[369035]: GRAY, 1626314287420343792, LGB, 13
<134>2021-07-15T01:58:09Z cache-man4150 MEWElogs[369035]: GRAY, 1626314287970030549, MAN, 13
<134>2021-07-15T01:58:09Z cache-mrs10583 MEWElogs[369035]: GRAY, 1626314287984235716, MRS, 13
<134>2021-07-15T01:58:13Z cache-man4150 MEWElogs[369035]: GRAY, 1626314292739576491, MAN, 13
<134>2021-07-15T01:58:22Z cache-yul12826 MEWElogs[369035]: GRAY, 1626314301491482567, YUL, 13
<134>2021-07-15T01:58:35Z cache-lax10677 MEWElogs[369035]: GRAY, 1626314315070118480, LGB, 13
<134>2021-07-15T01:58:37Z cache-man4150 MEWElogs[369035]: GRAY, 1626314316851204259, MAN, 13
<134>2021-07-15T01:58:46Z cache-mci5951 MEWElogs[369035]: GRAY, 1626314325753434913, MCI, 13
<134>2021-07-15T01:58:47Z cache-man4150 MEWElogs[369035]: GRAY, 1626314326454279439, MAN, 13
<134>2021-07-15T01:58:47Z cache-jax20933 MEWElogs[369035]: GRAY, 1626314326783554700, JAX, 13
<134>2021-07-15T01:58:49Z cache-stp9226 MEWElogs[369035]: GRAY, 1626314328675060014, STP, 13
<134>2021-07-15T01:58:54Z cache-lhr7382 MEWElogs[369035]: GRAY, 1626314333924827151, LHR, 13
<134>2021-07-15T01:59:02Z cache-man4150 MEWElogs[369035]: GRAY, 1626314340959795992, MAN, 13
<134>2021-07-15T01:59:14Z cache-mci5951 MEWElogs[369035]: GRAY, 1626314353895476955, MCI, 13
<134>2021-07-15T01:59:18Z cache-lax10677 MEWElogs[369035]: GRAY, 1626314357055391778, LGB, 13
<134>2021-07-15T01:59:36Z cache-yul12826 MEWElogs[369035]: GRAY, 1626314376280057299, YUL, 13
<134>2021-07-15T01:59:57Z cache-hkg17929 MEWElogs[369035]: GRAY, 1626314396952623190, HKG, 13
<134>2021-07-15T02:00:03Z cache-mci5951 MEWElogs[369035]: GRAY, 1626314403175544087, MCI, 13
<134>2021-07-15T02:00:17Z cache-stp9226 MEWElogs[369035]: GRAY, 1626314416514207300, STP, 13
<134>2021-07-15T02:00:19Z cache-mia11368 MEWElogs[369035]: GRAY, 1626314419005503536, MIA, 13
<134>2021-07-15T02:00:37Z cache-stp9226 MEWElogs[369035]: GRAY, 1626314436742228073, STP, 13
<134>2021-07-15T02:00:52Z cache-yul12826 MEWElogs[369035]: GRAY, 1626314451829823888, YUL, 13
<134>2021-07-15T02:01:02Z cache-lax10677 MEWElogs[369035]: GRAY, 1626314461303558903, LGB, 13
<134>2021-07-15T02:01:07Z cache-man4150 MEWElogs[369035]: GRAY, 1626314466016852606, MAN, 13
<134>2021-07-15T02:01:23Z cache-lax10677 MEWElogs[369035]: GRAY, 1626314482571297877, LGB, 13
<134>2021-07-15T02:01:42Z cache-mia11368 MEWElogs[369035]: GRAY, 1626314501019085239, MIA, 13
