<134>2021-07-15T00:28:48Z cache-maa10251 MEWElogs[216063]: CROP, 1626308927638618784, MAA, 12
<134>2021-07-15T00:29:08Z cache-eze19324 MEWElogs[216063]: CROP, 1626308947669144983, EZE, 12
<134>2021-07-15T00:29:08Z cache-ams21020 MEWElogs[216063]: CROP, 1626308947401841675, AMS, 12
<134>2021-07-15T00:29:12Z cache-mdw17383 MEWElogs[216063]: CROP, 1626308951795817912, MDW, 12
<134>2021-07-15T00:29:16Z cache-pdk17882 MEWElogs[216063]: CROP, 1626308955919282754, PDK, 12
<134>2021-07-15T00:29:18Z cache-dca17782 MEWElogs[216063]: CROP, 1626308958021567130, DCA, 12
<134>2021-07-15T00:29:26Z cache-mdw17383 MEWElogs[216063]: CROP, 1626308965606770303, MDW, 12
<134>2021-07-15T00:29:27Z cache-bog6425 MEWElogs[216063]: CROP, 1626308966957303126, BOG, 12
<134>2021-07-15T00:29:35Z cache-pdk17882 MEWElogs[216063]: CROP, 1626308974066201646, PDK, 12
<134>2021-07-15T00:29:40Z cache-wdc5583 MEWElogs[216063]: CROP, 1626308979942333826, WDC, 12
<134>2021-07-15T00:29:40Z cache-dca17782 MEWElogs[216063]: CROP, 1626308980535515859, DCA, 12
<134>2021-07-15T00:29:42Z cache-pdk17882 MEWElogs[216063]: CROP, 1626308981188446374, PDK, 12
<134>2021-07-15T00:29:44Z cache-wdc5583 MEWElogs[216063]: CROP, 1626308984300858472, WDC, 12
<134>2021-07-15T00:29:53Z cache-mdw17383 MEWElogs[216063]: CROP, 1626308992909877200, MDW, 12
<134>2021-07-15T00:29:53Z cache-ams21020 MEWElogs[216063]: CROP, 1626308992585076397, AMS, 12
<134>2021-07-15T00:30:07Z cache-mdw17383 MEWElogs[216063]: CROP, 1626309006731576972, MDW, 12
<134>2021-07-15T00:30:18Z cache-ams21020 MEWElogs[216063]: CROP, 1626309017440841125, AMS, 12
<134>2021-07-15T00:30:18Z cache-pdk17882 MEWElogs[216063]: CROP, 1626309017600067330, PDK, 12
<134>2021-07-15T00:30:26Z cache-ord1740 MEWElogs[216063]: CROP, 1626309025150386445, ORD, 12
<134>2021-07-15T00:30:37Z cache-wdc5583 MEWElogs[216063]: CROP, 1626309036197463866, WDC, 12
<134>2021-07-15T00:30:47Z cache-pdk17882 MEWElogs[216063]: CROP, 1626309046330946521, PDK, 12
<134>2021-07-15T00:31:02Z cache-wdc5583 MEWElogs[216063]: CROP, 1626309061480789010, WDC, 12
<134>2021-07-15T00:31:08Z cache-cmh21547 MEWElogs[216063]: CROP, 1626309068382613856, CMH, 12
<134>2021-07-15T00:31:19Z cache-bog6425 MEWElogs[216063]: CROP, 1626309078778965391, BOG, 12
<134>2021-07-15T00:31:27Z cache-pdk17882 MEWElogs[216063]: CROP, 1626309086760210468, PDK, 12
<134>2021-07-15T00:31:37Z cache-dca17782 MEWElogs[216063]: CROP, 1626309097372807060, DCA, 12
<134>2021-07-15T00:31:41Z cache-cmh21547 MEWElogs[216063]: CROP, 1626309100524221886, CMH, 12
<134>2021-07-15T00:31:50Z cache-wdc5583 MEWElogs[216063]: CROP, 1626309110153199258, WDC, 12
<134>2021-07-15T00:31:51Z cache-ams21020 MEWElogs[216063]: CROP, 1626309110770613116, AMS, 12
<134>2021-07-15T00:31:59Z cache-eze19324 MEWElogs[216063]: CROP, 1626309118749156845, EZE, 12
<134>2021-07-15T00:32:01Z cache-ord1740 MEWElogs[216063]: CROP, 1626309120094306985, ORD, 12
<134>2021-07-15T00:32:12Z cache-cmh21547 MEWElogs[216063]: CROP, 1626309132119988919, CMH, 12
<134>2021-07-15T00:32:16Z cache-wdc5583 MEWElogs[216063]: CROP, 1626309135717407363, WDC, 12
<134>2021-07-15T00:32:23Z cache-bog6425 MEWElogs[216063]: CROP, 1626309142597040164, BOG, 12
<134>2021-07-15T00:32:26Z cache-ord1740 MEWElogs[216063]: CROP, 1626309145041174287, ORD, 12
<134>2021-07-15T00:32:28Z cache-wdc5583 MEWElogs[216063]: CROP, 1626309148274000705, WDC, 12
<134>2021-07-15T00:32:36Z cache-maa10251 MEWElogs[216063]: CROP, 1626309155070112179, MAA, 12
<134>2021-07-15T00:32:36Z cache-pdk17882 MEWElogs[216063]: CROP, 1626309155740540369, PDK, 12
<134>2021-07-15T00:32:40Z cache-mdw17383 MEWElogs[216063]: CROP, 1626309160474998895, MDW, 12
<134>2021-07-15T00:32:44Z cache-pdk17882 MEWElogs[216063]: CROP, 1626309163021154594, PDK, 12
<134>2021-07-15T00:32:48Z cache-ams21020 MEWElogs[216063]: CROP, 1626309166971595993, AMS, 12
<134>2021-07-15T00:32:51Z cache-maa10251 MEWElogs[216063]: CROP, 1626309170371598298, MAA, 12
<134>2021-07-15T00:33:25Z cache-mdw17383 MEWElogs[216063]: CROP, 1626309204923505868, MDW, 12
<134>2021-07-15T00:33:30Z cache-bog6425 MEWElogs[216063]: CROP, 1626309209735312238, BOG, 12
<134>2021-07-15T00:33:43Z cache-ord1740 MEWElogs[216063]: CROP, 1626309222425581263, ORD, 12
<134>2021-07-15T00:34:00Z cache-bog6425 MEWElogs[216063]: CROP, 1626309239294927181, BOG, 12
<134>2021-07-15T00:34:02Z cache-wdc5583 MEWElogs[216063]: CROP, 1626309241796238578, WDC, 12
<134>2021-07-15T00:34:10Z cache-wdc5583 MEWElogs[216063]: CROP, 1626309250077837226, WDC, 12
<134>2021-07-15T00:34:18Z cache-ord1740 MEWElogs[216063]: CROP, 1626309257441754042, ORD, 12
<134>2021-07-15T00:34:22Z cache-maa10251 MEWElogs[216063]: CROP, 1626309261640340235, MAA, 12
<134>2021-07-15T00:34:22Z cache-mdw17383 MEWElogs[216063]: CROP, 1626309262169724502, MDW, 12
<134>2021-07-15T00:34:33Z cache-cph20625 MEWElogs[216063]: CROP, 1626309272576764194, CPH, 12
<134>2021-07-15T00:34:41Z cache-maa10251 MEWElogs[216063]: CROP, 1626309280512636706, MAA, 12
<134>2021-07-15T00:34:46Z cache-bog6425 MEWElogs[216063]: CROP, 1626309286126328843, BOG, 12
<134>2021-07-15T00:34:50Z cache-cph20625 MEWElogs[216063]: CROP, 1626309289843155280, CPH, 12
<134>2021-07-15T00:34:54Z cache-mdw17383 MEWElogs[216063]: CROP, 1626309293490187918, MDW, 12
<134>2021-07-15T00:34:54Z cache-eze19324 MEWElogs[216063]: CROP, 1626309293635642679, EZE, 12
<134>2021-07-15T00:34:54Z cache-chi21126 MEWElogs[216063]: CROP, 1626309293837557344, CHI, 12
<134>2021-07-15T00:34:55Z cache-fty21383 MEWElogs[216063]: CROP, 1626309294553955507, FTY, 12
<134>2021-07-15T00:35:12Z cache-bog6425 MEWElogs[216063]: CROP, 1626309311309610194, BOG, 12
<134>2021-07-15T00:35:15Z cache-wdc5583 MEWElogs[216063]: CROP, 1626309314662703933, WDC, 12
<134>2021-07-15T00:35:16Z cache-akl10324 MEWElogs[216063]: CROP, 1626309315870894107, AKL, 12
<134>2021-07-15T00:35:19Z cache-chi21126 MEWElogs[216063]: CROP, 1626309319364523412, CHI, 12
<134>2021-07-15T00:35:24Z cache-chi21126 MEWElogs[216063]: CROP, 1626309323734413152, CHI, 12
<134>2021-07-15T00:35:26Z cache-akl10324 MEWElogs[216063]: CROP, 1626309325368386870, AKL, 12
<134>2021-07-15T00:35:28Z cache-bog6425 MEWElogs[216063]: CROP, 1626309328076825513, BOG, 12
<134>2021-07-15T00:35:33Z cache-mdw17383 MEWElogs[216063]: CROP, 1626309332853334587, MDW, 12
<134>2021-07-15T00:35:39Z cache-cmh21547 MEWElogs[216063]: CROP, 1626309338855158240, CMH, 12
<134>2021-07-15T00:35:49Z cache-bos4657 MEWElogs[216063]: CROP, 1626309348484871698, BOS, 12
<134>2021-07-15T00:35:52Z cache-cph20625 MEWElogs[216063]: CROP, 1626309351338203094, CPH, 12
<134>2021-07-15T00:36:00Z cache-cph20625 MEWElogs[216063]: CROP, 1626309359928285604, CPH, 12
<134>2021-07-15T00:36:05Z cache-cph20625 MEWElogs[216063]: CROP, 1626309364284284743, CPH, 12
<134>2021-07-15T00:36:08Z cache-del21735 MEWElogs[216063]: CROP, 1626309367555422926, DEL, 12
<134>2021-07-15T00:36:26Z cache-bos4657 MEWElogs[216063]: CROP, 1626309386006485837, BOS, 12
<134>2021-07-15T00:36:27Z cache-akl10324 MEWElogs[216063]: CROP, 1626309386837111847, AKL, 12
<134>2021-07-15T00:36:31Z cache-cph20625 MEWElogs[216063]: CROP, 1626309390875519533, CPH, 12
<134>2021-07-15T00:36:48Z cache-chi21126 MEWElogs[216063]: CROP, 1626309408658932657, CHI, 12
<134>2021-07-15T00:36:53Z cache-del21735 MEWElogs[216063]: CROP, 1626309412357140295, DEL, 12
<134>2021-07-15T00:36:59Z cache-fty21383 MEWElogs[216063]: CROP, 1626309418104689572, FTY, 12
<134>2021-07-15T00:37:09Z cache-eze19324 MEWElogs[216063]: CROP, 1626309427927218383, EZE, 12
<134>2021-07-15T00:37:12Z cache-fty21383 MEWElogs[216063]: CROP, 1626309431853987581, FTY, 12
<134>2021-07-15T00:37:19Z cache-akl10324 MEWElogs[216063]: CROP, 1626309438666380215, AKL, 12
<134>2021-07-15T00:37:23Z cache-del21735 MEWElogs[216063]: CROP, 1626309442347375081, DEL, 12
<134>2021-07-15T00:37:27Z cache-cph20625 MEWElogs[216063]: CROP, 1626309447397982786, CPH, 12
<134>2021-07-15T00:37:30Z cache-bos4657 MEWElogs[216063]: CROP, 1626309449095332047, BOS, 12
<134>2021-07-15T00:37:32Z cache-fty21383 MEWElogs[216063]: CROP, 1626309451705718398, FTY, 12
<134>2021-07-15T00:37:39Z cache-fty21383 MEWElogs[216063]: CROP, 1626309458349898464, FTY, 12
<134>2021-07-15T00:37:40Z cache-dfw18678 MEWElogs[216063]: CROP, 1626309460703217265, DFW, 12
<134>2021-07-15T00:37:47Z cache-pwk4920 MEWElogs[216063]: CROP, 1626309466998414024, PWK, 12
<134>2021-07-15T00:38:05Z cache-chi21126 MEWElogs[216063]: CROP, 1626309485301059155, CHI, 12
<134>2021-07-15T00:38:10Z cache-chi21126 MEWElogs[216063]: CROP, 1626309489435988128, CHI, 12
<134>2021-07-15T00:38:11Z cache-del21735 MEWElogs[216063]: CROP, 1626309490168805519, DEL, 12
<134>2021-07-15T00:38:12Z cache-fty21383 MEWElogs[216063]: CROP, 1626309491414547056, FTY, 12
<134>2021-07-15T00:38:13Z cache-bos4657 MEWElogs[216063]: CROP, 1626309493524149187, BOS, 12
<134>2021-07-15T00:38:18Z cache-bos4657 MEWElogs[216063]: CROP, 1626309497661444638, BOS, 12
<134>2021-07-15T00:38:24Z cache-cph20625 MEWElogs[216063]: CROP, 1626309503909346643, CPH, 12
<134>2021-07-15T00:38:42Z cache-fty21383 MEWElogs[216063]: CROP, 1626309521718936041, FTY, 12
