<134>2021-07-14T23:38:18Z cache-bma1628 MEWElogs[21956]: BLUR, 1626305897380741394, BMA, 11
<134>2021-07-14T23:38:28Z cache-yyz4551 MEWElogs[21956]: BLUR, 1626305907779295938, YYZ, 11
<134>2021-07-14T23:39:02Z cache-cgh11122 MEWElogs[21956]: BLUR, 1626305940855534729, CGH, 11
<134>2021-07-14T23:39:47Z cache-tyo11974 MEWElogs[21956]: BLUR, 1626305986974225265, TYO, 11
<134>2021-07-14T23:39:48Z cache-sjc10078 MEWElogs[21956]: BLUR, 1626305987627744170, SJC, 11
<134>2021-07-14T23:39:48Z cache-yyz4551 MEWElogs[21956]: BLUR, 1626305988536685134, YYZ, 11
<134>2021-07-14T23:40:27Z cache-cgh11183 MEWElogs[21956]: BLUR, 1626306026495831735, CGH, 11
<134>2021-07-14T23:40:50Z cache-sea4483 MEWElogs[21956]: BLUR, 1626306049065787432, SEA, 11
<134>2021-07-14T23:40:54Z cache-yyz4551 MEWElogs[21956]: BLUR, 1626306053835361416, YYZ, 11
<134>2021-07-14T23:40:59Z cache-tyo11974 MEWElogs[21956]: BLUR, 1626306058112543625, TYO, 11
<134>2021-07-14T23:41:30Z cache-sea4483 MEWElogs[21956]: BLUR, 1626306090556072624, SEA, 11
<134>2021-07-14T23:41:33Z cache-vie21629 MEWElogs[21956]: BLUR, 1626306092290763360, VIE, 11
<134>2021-07-14T23:42:09Z cache-sea4483 MEWElogs[21956]: BLUR, 1626306128824650523, SEA, 11
<134>2021-07-14T23:42:33Z cache-yyz4551 MEWElogs[21956]: BLUR, 1626306152397421193, YYZ, 11
<134>2021-07-14T23:42:46Z cache-sjc10078 MEWElogs[21956]: BLUR, 1626306165202454344, SJC, 11
<134>2021-07-14T23:44:17Z cache-bma1628 MEWElogs[21956]: BLUR, 1626306256235953926, BMA, 11
<134>2021-07-14T23:44:27Z cache-yyz4551 MEWElogs[21956]: BLUR, 1626306266345112927, YYZ, 11
<134>2021-07-14T23:44:37Z cache-vie21629 MEWElogs[21956]: BLUR, 1626306276697952070, VIE, 11
<134>2021-07-14T23:45:01Z cache-bma1628 MEWElogs[21956]: BLUR, 1626306300910212505, BMA, 11
<134>2021-07-14T23:45:23Z cache-sea4483 MEWElogs[21956]: BLUR, 1626306322423761547, SEA, 11
<134>2021-07-14T23:45:27Z cache-tyo11974 MEWElogs[21956]: BLUR, 1626306326237113641, TYO, 11
<134>2021-07-14T23:46:02Z cache-sjc10078 MEWElogs[21956]: BLUR, 1626306362085138320, SJC, 11
<134>2021-07-14T23:46:20Z cache-sjc10078 MEWElogs[21956]: BLUR, 1626306379997822074, SJC, 11
<134>2021-07-14T23:47:02Z cache-bma1628 MEWElogs[21956]: BLUR, 1626306421353521159, BMA, 11
<134>2021-07-14T23:47:13Z cache-cgh11183 MEWElogs[21956]: BLUR, 1626306433173316590, CGH, 11
<134>2021-07-14T23:47:26Z cache-yyz4551 MEWElogs[21956]: BLUR, 1626306445845010309, YYZ, 11
