<134>2021-07-15T00:48:50Z cache-man4150 MEWElogs[412844]: CROP, 1626310129482293718, MAN, 12
<134>2021-07-15T00:48:53Z cache-mel11272 MEWElogs[412844]: CROP, 1626310132301259834, MEL, 12
<134>2021-07-15T00:48:56Z cache-mci5951 MEWElogs[412844]: CROP, 1626310136227210856, MCI, 12
<134>2021-07-15T00:48:58Z cache-mel11272 MEWElogs[412844]: CROP, 1626310136939979558, MEL, 12
<134>2021-07-15T00:49:18Z cache-stp9226 MEWElogs[412844]: CROP, 1626310157872404021, STP, 12
<134>2021-07-15T00:49:25Z cache-man4150 MEWElogs[412844]: CROP, 1626310164659047989, MAN, 12
<134>2021-07-15T00:49:38Z cache-mia11368 MEWElogs[412844]: CROP, 1626310177876821972, MIA, 12
<134>2021-07-15T00:49:40Z cache-man4150 MEWElogs[412844]: CROP, 1626310179585973479, MAN, 12
<134>2021-07-15T00:49:52Z cache-man4150 MEWElogs[412844]: CROP, 1626310191367238219, MAN, 12
<134>2021-07-15T00:49:58Z cache-dal21283 MEWElogs[412844]: CROP, 1626310198363813755, DAL, 12
<134>2021-07-15T00:50:00Z cache-stp9226 MEWElogs[412844]: CROP, 1626310199064117330, STP, 12
<134>2021-07-15T00:50:04Z cache-lax10677 MEWElogs[412844]: CROP, 1626310203627594569, LGB, 12
<134>2021-07-15T00:50:08Z cache-hkg17929 MEWElogs[412844]: CROP, 1626310208049584090, HKG, 12
<134>2021-07-15T00:50:15Z cache-man4150 MEWElogs[412844]: CROP, 1626310214914673943, MAN, 12
<134>2021-07-15T00:50:25Z cache-mel11272 MEWElogs[412844]: CROP, 1626310224189972107, MEL, 12
<134>2021-07-15T00:50:27Z cache-man4150 MEWElogs[412844]: CROP, 1626310226561724051, MAN, 12
<134>2021-07-15T00:50:29Z cache-lax10677 MEWElogs[412844]: CROP, 1626310229739963715, LGB, 12
<134>2021-07-15T00:50:33Z cache-man4150 MEWElogs[412844]: CROP, 1626310232389872751, MAN, 12
<134>2021-07-15T00:50:56Z cache-lhr7382 MEWElogs[412844]: CROP, 1626310255618022414, LHR, 12
<134>2021-07-15T00:50:59Z cache-lhr7382 MEWElogs[412844]: CROP, 1626310258507028357, LHR, 12
<134>2021-07-15T00:51:12Z cache-mci5951 MEWElogs[412844]: CROP, 1626310271750185304, MCI, 12
<134>2021-07-15T00:51:14Z cache-lhr7382 MEWElogs[412844]: CROP, 1626310273023650444, LHR, 12
<134>2021-07-15T00:51:19Z cache-stp9226 MEWElogs[412844]: CROP, 1626310278306040664, STP, 12
<134>2021-07-15T00:51:19Z cache-lax10677 MEWElogs[412844]: CROP, 1626310278614817583, LGB, 12
<134>2021-07-15T00:51:20Z cache-mel11272 MEWElogs[412844]: CROP, 1626310279626170660, MEL, 12
<134>2021-07-15T00:51:21Z cache-mci5951 MEWElogs[412844]: CROP, 1626310280679802138, MCI, 12
<134>2021-07-15T00:51:31Z cache-lhr7382 MEWElogs[412844]: CROP, 1626310290182868793, LHR, 12
<134>2021-07-15T00:51:31Z cache-stp9226 MEWElogs[412844]: CROP, 1626310290714490923, STP, 12
<134>2021-07-15T00:51:44Z cache-mel11272 MEWElogs[412844]: CROP, 1626310302928857243, MEL, 12
<134>2021-07-15T00:51:47Z cache-man4150 MEWElogs[412844]: CROP, 1626310306277671309, MAN, 12
<134>2021-07-15T00:52:07Z cache-man4150 MEWElogs[412844]: CROP, 1626310326470676106, MAN, 12
<134>2021-07-15T00:52:11Z cache-mel11272 MEWElogs[412844]: CROP, 1626310330891702445, MEL, 12
<134>2021-07-15T00:52:18Z cache-mci5951 MEWElogs[412844]: CROP, 1626310337181217595, MCI, 12
<134>2021-07-15T00:52:36Z cache-mia11368 MEWElogs[412844]: CROP, 1626310355500357718, MIA, 12
<134>2021-07-15T00:52:45Z cache-jax20933 MEWElogs[412844]: CROP, 1626310365095725663, JAX, 12
<134>2021-07-15T00:52:54Z cache-stp9226 MEWElogs[412844]: CROP, 1626310373035363080, STP, 12
<134>2021-07-15T00:53:05Z cache-ewr18156 MEWElogs[412844]: CROP, 1626310384674369142, EWR, 12
<134>2021-07-15T00:53:06Z cache-stp9226 MEWElogs[412844]: CROP, 1626310385360679406, STP, 12
<134>2021-07-15T00:53:15Z cache-lax10677 MEWElogs[412844]: CROP, 1626310394704871674, LGB, 12
<134>2021-07-15T00:53:31Z cache-ewr18156 MEWElogs[412844]: CROP, 1626310411141327284, EWR, 12
<134>2021-07-15T00:54:02Z cache-yul12826 MEWElogs[412844]: CROP, 1626310441403592556, YUL, 12
<134>2021-07-15T00:54:07Z cache-lga21983 MEWElogs[412844]: CROP, 1626310447518288632, LGA, 12
<134>2021-07-15T00:54:14Z cache-osl6529 MEWElogs[412844]: CROP, 1626310453450734184, OSL, 12
<134>2021-07-15T00:54:16Z cache-lax10677 MEWElogs[412844]: CROP, 1626310455692143494, LGB, 12
<134>2021-07-15T00:54:25Z cache-yul12826 MEWElogs[412844]: CROP, 1626310464987328955, YUL, 12
<134>2021-07-15T00:54:37Z cache-yul12826 MEWElogs[412844]: CROP, 1626310477368100761, YUL, 12
<134>2021-07-15T00:54:54Z cache-osl6529 MEWElogs[412844]: CROP, 1626310493440879211, OSL, 12
<134>2021-07-15T00:54:57Z cache-osl6529 MEWElogs[412844]: CROP, 1626310496278542373, OSL, 12
<134>2021-07-15T00:54:59Z cache-lax10677 MEWElogs[412844]: CROP, 1626310498836589540, LGB, 12
<134>2021-07-15T00:55:03Z cache-ewr18156 MEWElogs[412844]: CROP, 1626310502363142590, EWR, 12
<134>2021-07-15T00:55:06Z cache-jax20933 MEWElogs[412844]: CROP, 1626310506458269381, JAX, 12
<134>2021-07-15T00:55:11Z cache-mci5951 MEWElogs[412844]: CROP, 1626310510242331958, MCI, 12
<134>2021-07-15T00:55:17Z cache-ewr18156 MEWElogs[412844]: CROP, 1626310517351624837, EWR, 12
<134>2021-07-15T00:55:29Z cache-ewr18156 MEWElogs[412844]: CROP, 1626310529166115344, EWR, 12
<134>2021-07-15T00:55:39Z cache-lax10677 MEWElogs[412844]: CROP, 1626310537994784923, LGB, 12
<134>2021-07-15T00:55:47Z cache-ewr18156 MEWElogs[412844]: CROP, 1626310547718252499, EWR, 12
<134>2021-07-15T00:55:51Z cache-osl6529 MEWElogs[412844]: CROP, 1626310550453149350, OSL, 12
<134>2021-07-15T00:55:56Z cache-lax10677 MEWElogs[412844]: CROP, 1626310555322212493, LGB, 12
<134>2021-07-15T00:56:04Z cache-lga21983 MEWElogs[412844]: CROP, 1626310564548604871, LGA, 12
<134>2021-07-15T00:56:06Z cache-gru17149 MEWElogs[412844]: CROP, 1626310565132744449, GRU, 12
<134>2021-07-15T00:56:18Z cache-ewr18156 MEWElogs[412844]: CROP, 1626310578064240284, EWR, 12
<134>2021-07-15T00:56:24Z cache-yul12826 MEWElogs[412844]: CROP, 1626310583976262403, YUL, 12
<134>2021-07-15T00:56:34Z cache-osl6529 MEWElogs[412844]: CROP, 1626310593638678327, OSL, 12
<134>2021-07-15T00:56:38Z cache-lax10677 MEWElogs[412844]: CROP, 1626310598599974146, LGB, 12
<134>2021-07-15T00:56:45Z cache-jax20933 MEWElogs[412844]: CROP, 1626310605168453537, JAX, 12
<134>2021-07-15T00:56:56Z cache-osl6529 MEWElogs[412844]: CROP, 1626310616310398012, OSL, 12
<134>2021-07-15T00:57:00Z cache-gru17149 MEWElogs[412844]: CROP, 1626310619063456967, GRU, 12
<134>2021-07-15T00:57:06Z cache-stl4834 MEWElogs[412844]: CROP, 1626310625455010373, STL, 12
<134>2021-07-15T00:57:13Z cache-osl6529 MEWElogs[412844]: CROP, 1626310633438750854, OSL, 12
<134>2021-07-15T00:57:15Z cache-bom4751 MEWElogs[412844]: CROP, 1626310634677102079, BOM, 12
<134>2021-07-15T00:57:17Z cache-scl19427 MEWElogs[412844]: CROP, 1626310636337101025, SCL, 12
<134>2021-07-15T00:57:34Z cache-bom4751 MEWElogs[412844]: CROP, 1626310653242602752, BOM, 12
<134>2021-07-15T00:57:34Z cache-lga21983 MEWElogs[412844]: CROP, 1626310654049525262, LGA, 12
<134>2021-07-15T00:57:50Z cache-lga21983 MEWElogs[412844]: CROP, 1626310670382656204, LGA, 12
<134>2021-07-15T00:57:51Z cache-gig17035 MEWElogs[412844]: CROP, 1626310671489828800, GIG, 12
<134>2021-07-15T00:58:14Z cache-gru17149 MEWElogs[412844]: CROP, 1626310693048173292, GRU, 12
<134>2021-07-15T00:58:20Z cache-pao17461 MEWElogs[412844]: CROP, 1626310699082464817, PAO, 12
<134>2021-07-15T00:58:22Z cache-gru17149 MEWElogs[412844]: CROP, 1626310701128772475, GRU, 12
<134>2021-07-15T00:58:28Z cache-hnd18722 MEWElogs[412844]: CROP, 1626310707382173249, HND, 12
<134>2021-07-15T00:58:28Z cache-ewr18156 MEWElogs[412844]: CROP, 1626310708034574271, EWR, 12
<134>2021-07-15T00:58:28Z cache-jax20933 MEWElogs[412844]: CROP, 1626310708032282386, JAX, 12
<134>2021-07-15T00:58:40Z cache-pao17461 MEWElogs[412844]: CROP, 1626310719951955175, PAO, 12
<134>2021-07-15T00:58:41Z cache-cgh11122 MEWElogs[412844]: CROP, 1626310721180235943, CGH, 12
<134>2021-07-15T00:58:44Z cache-bom4751 MEWElogs[412844]: CROP, 1626310722890330155, BOM, 12
<134>2021-07-15T00:58:44Z cache-pao17461 MEWElogs[412844]: CROP, 1626310724076750975, PAO, 12
<134>2021-07-15T00:58:46Z cache-gru17149 MEWElogs[412844]: CROP, 1626310725698370071, GRU, 12
<134>2021-07-15T00:58:47Z cache-syd10183 MEWElogs[412844]: CROP, 1626310725945255880, SYD, 12
