<134>2021-07-15T06:19:13Z cache-ams21020 MEWElogs[370074]: UNSH, 1626329952446685528, AMS, 16
<134>2021-07-15T06:19:40Z cache-cmh21547 MEWElogs[370074]: UNSH, 1626329980233178632, CMH, 16
<134>2021-07-15T06:19:41Z cache-mdw17383 MEWElogs[370074]: UNSH, 1626329980764218337, MDW, 16
<134>2021-07-15T06:20:02Z cache-ams21020 MEWElogs[370074]: UNSH, 1626330002854735239, AMS, 16
<134>2021-07-15T06:20:29Z cache-maa10251 MEWElogs[370074]: UNSH, 1626330028036674547, MAA, 16
<134>2021-07-15T06:20:47Z cache-cmh21547 MEWElogs[370074]: UNSH, 1626330046672866120, CMH, 16
<134>2021-07-15T06:21:25Z cache-ord1740 MEWElogs[370074]: UNSH, 1626330084932824990, ORD, 16
<134>2021-07-15T06:21:42Z cache-cmh21547 MEWElogs[370074]: UNSH, 1626330101773725853, CMH, 16
<134>2021-07-15T06:22:09Z cache-wdc5583 MEWElogs[370074]: UNSH, 1626330128786742852, WDC, 16
<134>2021-07-15T06:22:15Z cache-bog6425 MEWElogs[370074]: UNSH, 1626330134647899537, BOG, 16
<134>2021-07-15T06:22:34Z cache-ord1740 MEWElogs[370074]: UNSH, 1626330153288328742, ORD, 16
<134>2021-07-15T06:22:39Z cache-cph20625 MEWElogs[370074]: UNSH, 1626330158063208358, CPH, 16
<134>2021-07-15T06:22:46Z cache-maa10251 MEWElogs[370074]: UNSH, 1626330165211284969, MAA, 16
<134>2021-07-15T06:22:59Z cache-pdk17882 MEWElogs[370074]: UNSH, 1626330178787695908, PDK, 16
<134>2021-07-15T06:23:05Z cache-maa10251 MEWElogs[370074]: UNSH, 1626330185440528248, MAA, 16
<134>2021-07-15T06:24:46Z cache-wdc5583 MEWElogs[370074]: UNSH, 1626330284965164715, WDC, 16
<134>2021-07-15T06:24:51Z cache-mdw17383 MEWElogs[370074]: UNSH, 1626330290693322228, MDW, 16
<134>2021-07-15T06:26:29Z cache-dub4329 MEWElogs[370074]: UNSH, 1626330388045042833, DUB, 16
<134>2021-07-15T06:26:29Z cache-cph20625 MEWElogs[370074]: UNSH, 1626330388136472549, CPH, 16
<134>2021-07-15T06:26:30Z cache-mdw17383 MEWElogs[370074]: UNSH, 1626330389798964617, MDW, 16
<134>2021-07-15T06:26:34Z cache-dfw18678 MEWElogs[370074]: UNSH, 1626330393652958926, DFW, 16
<134>2021-07-15T06:26:35Z cache-akl10324 MEWElogs[370074]: UNSH, 1626330395408065505, AKL, 16
<134>2021-07-15T06:27:06Z cache-dfw18678 MEWElogs[370074]: UNSH, 1626330425277786103, DFW, 16
<134>2021-07-15T06:27:12Z cache-fty21383 MEWElogs[370074]: UNSH, 1626330431825428340, FTY, 16
<134>2021-07-15T06:27:42Z cache-cph20625 MEWElogs[370074]: UNSH, 1626330461999587093, CPH, 16
<134>2021-07-15T06:28:05Z cache-pwk4920 MEWElogs[370074]: UNSH, 1626330484087014638, PWK, 16
<134>2021-07-15T06:28:06Z cache-dfw18678 MEWElogs[370074]: UNSH, 1626330485153974688, DFW, 16
<134>2021-07-15T06:28:33Z cache-dub4329 MEWElogs[370074]: UNSH, 1626330512258424379, DUB, 16
<134>2021-07-15T06:29:02Z cache-akl10324 MEWElogs[370074]: UNSH, 1626330541766769933, AKL, 16
<134>2021-07-15T06:29:05Z cache-hhn4077 MEWElogs[370074]: UNSH, 1626330544665305156, HHN, 16
