<134>2021-07-14T17:22:46Z cache-mci5951 MEWElogs[320228]: FLIPH, 1626283366325445304, MCI, 10
<134>2021-07-14T17:22:48Z cache-jax20933 MEWElogs[320228]: FLIPH, 1626283366964566284, JAX, -1
<134>2021-07-14T17:23:54Z cache-hkg17929 MEWElogs[320228]: FLIPH, 1626283434014997927, HKG, -1
<134>2021-07-14T17:24:12Z cache-mrs10583 MEWElogs[320228]: FLIPH, 1626283451833337445, MRS, -1
<134>2021-07-14T17:24:21Z cache-mci5951 MEWElogs[320228]: FLIPH, 1626283461302448991, MCI, 10
<134>2021-07-14T17:24:24Z cache-mad22068 MEWElogs[320228]: FLIPH, 1626283464328276494, MAD, 10
<134>2021-07-14T17:25:08Z cache-stp9226 MEWElogs[320228]: FLIPH, 1626283507321664723, STP, -1
<134>2021-07-14T17:26:00Z cache-mci5951 MEWElogs[320228]: FLIPH, 1626283559944341990, MCI, -1
<134>2021-07-14T17:26:22Z cache-lhr7382 MEWElogs[320228]: FLIPH, 1626283581923189932, LHR, 10
<134>2021-07-14T17:26:28Z cache-stp9226 MEWElogs[320228]: FLIPH, 1626283587220797856, STP, 10
<134>2021-07-14T17:26:50Z cache-yul12826 MEWElogs[320228]: FLIPH, 1626283609973674787, YUL, -1
<134>2021-07-14T17:26:57Z cache-mad22068 MEWElogs[320228]: FLIPH, 1626283617659077550, MAD, 10
<134>2021-07-14T17:27:33Z cache-mci5951 MEWElogs[320228]: FLIPH, 1626283652793369288, MCI, 10
<134>2021-07-14T17:27:50Z cache-mrs10583 MEWElogs[320228]: FLIPH, 1626283670164205576, MRS, -1
<134>2021-07-14T17:27:55Z cache-hkg17929 MEWElogs[320228]: FLIPH, 1626283674487441680, HKG, 10
<134>2021-07-14T17:28:05Z cache-lhr7382 MEWElogs[320228]: FLIPH, 1626283684895322045, LHR, -1
<134>2021-07-14T17:28:08Z cache-mia11368 MEWElogs[320228]: FLIPH, 1626283688392796102, MIA, 10
<134>2021-07-14T17:28:43Z cache-mci5951 MEWElogs[320228]: FLIPH, 1626283723581781653, MCI, 10
<134>2021-07-14T17:28:56Z cache-mia11368 MEWElogs[320228]: FLIPH, 1626283736123177555, MIA, -1
<134>2021-07-14T17:29:05Z cache-jax20933 MEWElogs[320228]: FLIPH, 1626283744385353545, JAX, 10
<134>2021-07-14T17:29:06Z cache-hkg17929 MEWElogs[320228]: FLIPH, 1626283746491535386, HKG, -1
<134>2021-07-14T17:29:23Z cache-jax20933 MEWElogs[320228]: FLIPH, 1626283763888788907, JAX, -1
<134>2021-07-14T17:29:38Z cache-stp9226 MEWElogs[320228]: FLIPH, 1626283778417319271, STP, -1
<134>2021-07-14T17:29:41Z cache-jax20933 MEWElogs[320228]: FLIPH, 1626283780070308489, JAX, 10
<134>2021-07-14T17:30:02Z cache-mel11272 MEWElogs[320228]: FLIPH, 1626283801290123266, MEL, -1
<134>2021-07-14T17:30:05Z cache-mci5951 MEWElogs[320228]: FLIPH, 1626283804587209775, MCI, 10
<134>2021-07-14T17:30:26Z cache-stp9226 MEWElogs[320228]: FLIPH, 1626283825409019228, STP, 10
<134>2021-07-14T17:30:40Z cache-man4150 MEWElogs[320228]: FLIPH, 1626283840334206901, MAN, -1
<134>2021-07-14T17:31:11Z cache-mia11368 MEWElogs[320228]: FLIPH, 1626283871385163669, MIA, 10
<134>2021-07-14T17:31:18Z cache-stp9226 MEWElogs[320228]: FLIPH, 1626283877070748993, STP, -1
<134>2021-07-14T17:31:32Z cache-stp9226 MEWElogs[320228]: FLIPH, 1626283891259188847, STP, 10
<134>2021-07-14T17:31:37Z cache-jax20933 MEWElogs[320228]: FLIPH, 1626283896043174157, JAX, -1
<134>2021-07-14T17:31:45Z cache-yul12826 MEWElogs[320228]: FLIPH, 1626283905195661504, YUL, -1
<134>2021-07-14T17:32:03Z cache-mel11272 MEWElogs[320228]: FLIPH, 1626283922657482193, MEL, -1
<134>2021-07-14T17:32:09Z cache-ewr18156 MEWElogs[320228]: FLIPH, 1626283928549296768, EWR, -1
<134>2021-07-14T17:32:11Z cache-stp9226 MEWElogs[320228]: FLIPH, 1626283931257176614, STP, -1
<134>2021-07-14T17:32:20Z cache-lax10677 MEWElogs[320228]: FLIPH, 1626283939724637028, LGB, -1
<134>2021-07-14T17:32:36Z cache-man4150 MEWElogs[320228]: FLIPH, 1626283955778389386, MAN, -1
