<134>2021-07-15T06:29:33Z cache-chi21126 MEWElogs[464521]: UNSH, 1626330572650367676, CHI, 16
<134>2021-07-15T06:29:57Z cache-pwk4920 MEWElogs[464521]: UNSH, 1626330596578482653, PWK, 16
<134>2021-07-15T06:30:15Z cache-pwk4920 MEWElogs[464521]: UNSH, 1626330615285633975, PWK, 16
<134>2021-07-15T06:30:24Z cache-pwk4920 MEWElogs[464521]: UNSH, 1626330624656115561, PWK, 16
<134>2021-07-15T06:30:41Z cache-cwb20520 MEWElogs[464521]: UNSH, 1626330640174579922, CWB, 16
<134>2021-07-15T06:30:41Z cache-akl10324 MEWElogs[464521]: UNSH, 1626330640634952330, AKL, 16
<134>2021-07-15T06:32:10Z cache-chi21126 MEWElogs[464521]: UNSH, 1626330729222691761, CHI, 16
<134>2021-07-15T06:32:32Z cache-dub4329 MEWElogs[464521]: UNSH, 1626330751682191676, DUB, 16
<134>2021-07-15T06:32:55Z cache-hhn4077 MEWElogs[464521]: UNSH, 1626330774135595568, HHN, 16
<134>2021-07-15T06:32:57Z cache-dub4329 MEWElogs[464521]: UNSH, 1626330776282087016, DUB, 16
<134>2021-07-15T06:33:31Z cache-hhn4077 MEWElogs[464521]: UNSH, 1626330810556780095, HHN, 16
<134>2021-07-15T06:33:54Z cache-dub4329 MEWElogs[464521]: UNSH, 1626330833657713661, DUB, 16
<134>2021-07-15T06:34:10Z cache-dub4329 MEWElogs[464521]: UNSH, 1626330850011024387, DUB, 16
<134>2021-07-15T06:34:35Z cache-dub4329 MEWElogs[464521]: UNSH, 1626330874639550519, DUB, 16
<134>2021-07-15T06:34:43Z cache-hhn4077 MEWElogs[464521]: UNSH, 1626330882939510811, HHN, 16
<134>2021-07-15T06:34:49Z cache-pwk4920 MEWElogs[464521]: UNSH, 1626330888538809944, PWK, 16
<134>2021-07-15T06:35:14Z cache-del21735 MEWElogs[464521]: UNSH, 1626330912945428453, DEL, 16
<134>2021-07-15T06:35:20Z cache-fty21383 MEWElogs[464521]: UNSH, 1626330919473596028, FTY, 16
<134>2021-07-15T06:35:45Z cache-chi21126 MEWElogs[464521]: UNSH, 1626330944821651755, CHI, 16
<134>2021-07-15T06:35:47Z cache-hhn4077 MEWElogs[464521]: UNSH, 1626330947372400690, HHN, 16
<134>2021-07-15T06:35:55Z cache-dal21283 MEWElogs[464521]: UNSH, 1626330955528885132, DAL, 16
<134>2021-07-15T06:36:11Z cache-akl10324 MEWElogs[464521]: UNSH, 1626330970999236207, AKL, 16
<134>2021-07-15T06:36:34Z cache-chi21126 MEWElogs[464521]: UNSH, 1626330993380042228, CHI, 16
<134>2021-07-15T06:36:39Z cache-fty21383 MEWElogs[464521]: UNSH, 1626330998289732334, FTY, 16
<134>2021-07-15T06:36:43Z cache-hhn4077 MEWElogs[464521]: UNSH, 1626331002428159615, HHN, 16
<134>2021-07-15T06:36:52Z cache-chi21126 MEWElogs[464521]: UNSH, 1626331012882991157, CHI, 16
<134>2021-07-15T06:36:59Z cache-bos4657 MEWElogs[464521]: UNSH, 1626331018132408561, BOS, 16
<134>2021-07-15T06:37:12Z cache-chi21126 MEWElogs[464521]: UNSH, 1626331032806306329, CHI, 16
<134>2021-07-15T06:37:20Z cache-pwk4920 MEWElogs[464521]: UNSH, 1626331039238939228, PWK, 16
<134>2021-07-15T06:37:39Z cache-akl10324 MEWElogs[464521]: UNSH, 1626331058182749365, AKL, 16
<134>2021-07-15T06:37:39Z cache-dal21283 MEWElogs[464521]: UNSH, 1626331058756880644, DAL, 16
<134>2021-07-15T06:37:57Z cache-pwk4920 MEWElogs[464521]: UNSH, 1626331076588864600, PWK, 16
<134>2021-07-15T06:37:58Z cache-cwb20520 MEWElogs[464521]: UNSH, 1626331076990814635, CWB, 16
<134>2021-07-15T06:38:10Z cache-bos4657 MEWElogs[464521]: UNSH, 1626331089357884996, BOS, 16
<134>2021-07-15T06:38:18Z cache-dub4329 MEWElogs[464521]: UNSH, 1626331097371327511, DUB, 16
<134>2021-07-15T06:38:24Z cache-chi21126 MEWElogs[464521]: UNSH, 1626331103755947168, CHI, 16
<134>2021-07-15T06:38:24Z cache-fty21383 MEWElogs[464521]: UNSH, 1626331103917936241, FTY, 16
<134>2021-07-15T06:38:44Z cache-pwk4920 MEWElogs[464521]: UNSH, 1626331123246832425, PWK, 16
<134>2021-07-15T06:38:59Z cache-dub4329 MEWElogs[464521]: UNSH, 1626331138607440192, DUB, 16
<134>2021-07-15T06:39:30Z cache-del21735 MEWElogs[464521]: UNSH, 1626331169538025518, DEL, 16
