<134>2021-07-15T00:28:40Z cache-pdk17882 MEWElogs[21956]: CROP, 1626308919881940220, PDK, 12
<134>2021-07-15T00:28:40Z cache-ord1740 MEWElogs[21956]: CROP, 1626308919763976524, ORD, 12
<134>2021-07-15T00:28:48Z cache-dca17782 MEWElogs[21956]: CROP, 1626308927871914325, DCA, 12
<134>2021-07-15T00:28:53Z cache-wdc5583 MEWElogs[21956]: CROP, 1626308933048118573, WDC, 12
<134>2021-07-15T00:28:58Z cache-pdk17882 MEWElogs[21956]: CROP, 1626308937944817989, PDK, 12
<134>2021-07-15T00:28:59Z cache-maa10251 MEWElogs[21956]: CROP, 1626308938811932382, MAA, 12
<134>2021-07-15T00:29:03Z cache-cmh21547 MEWElogs[21956]: CROP, 1626308942438114336, CMH, 12
<134>2021-07-15T00:29:05Z cache-pdk17882 MEWElogs[21956]: CROP, 1626308945136534566, PDK, 12
<134>2021-07-15T00:29:05Z cache-ord1740 MEWElogs[21956]: CROP, 1626308944597713738, ORD, 12
<134>2021-07-15T00:29:19Z cache-ams21020 MEWElogs[21956]: CROP, 1626308958759676011, AMS, 12
<134>2021-07-15T00:29:25Z cache-ams21020 MEWElogs[21956]: CROP, 1626308964379517246, AMS, 12
<134>2021-07-15T00:29:26Z cache-dca17782 MEWElogs[21956]: CROP, 1626308965351428376, DCA, 12
<134>2021-07-15T00:29:28Z cache-wdc5583 MEWElogs[21956]: CROP, 1626308967676355398, WDC, 12
<134>2021-07-15T00:29:29Z cache-maa10251 MEWElogs[21956]: CROP, 1626308968751928079, MAA, 12
<134>2021-07-15T00:29:36Z cache-ams21020 MEWElogs[21956]: CROP, 1626308975627926076, AMS, 12
<134>2021-07-15T00:29:38Z cache-pdk17882 MEWElogs[21956]: CROP, 1626308977622818396, PDK, 12
<134>2021-07-15T00:29:45Z cache-ams21020 MEWElogs[21956]: CROP, 1626308984309624744, AMS, 12
<134>2021-07-15T00:29:47Z cache-ord1740 MEWElogs[21956]: CROP, 1626308986427416846, ORD, 12
<134>2021-07-15T00:29:57Z cache-bog6425 MEWElogs[21956]: CROP, 1626308997296381277, BOG, 12
<134>2021-07-15T00:29:58Z cache-ord1740 MEWElogs[21956]: CROP, 1626308997472242263, ORD, 12
<134>2021-07-15T00:30:07Z cache-maa10251 MEWElogs[21956]: CROP, 1626309006432840143, MAA, 12
<134>2021-07-15T00:30:12Z cache-ams21020 MEWElogs[21956]: CROP, 1626309011905584605, AMS, 12
<134>2021-07-15T00:30:34Z cache-mdw17383 MEWElogs[21956]: CROP, 1626309033454516892, MDW, 12
<134>2021-07-15T00:30:40Z cache-ams21020 MEWElogs[21956]: CROP, 1626309040057300633, AMS, 12
<134>2021-07-15T00:30:41Z cache-wdc5583 MEWElogs[21956]: CROP, 1626309040349487809, WDC, 12
<134>2021-07-15T00:30:54Z cache-ams21020 MEWElogs[21956]: CROP, 1626309053949677445, AMS, 12
<134>2021-07-15T00:31:06Z cache-ams21020 MEWElogs[21956]: CROP, 1626309065060631431, AMS, 12
<134>2021-07-15T00:31:06Z cache-wdc5583 MEWElogs[21956]: CROP, 1626309066274534708, WDC, 12
<134>2021-07-15T00:31:11Z cache-wdc5583 MEWElogs[21956]: CROP, 1626309070527966486, WDC, 12
<134>2021-07-15T00:31:11Z cache-dca17782 MEWElogs[21956]: CROP, 1626309070309885078, DCA, 12
<134>2021-07-15T00:31:12Z cache-ams21020 MEWElogs[21956]: CROP, 1626309070953524979, AMS, 12
<134>2021-07-15T00:31:15Z cache-wdc5583 MEWElogs[21956]: CROP, 1626309075037715960, WDC, 12
<134>2021-07-15T00:31:18Z cache-eze19324 MEWElogs[21956]: CROP, 1626309077593427341, EZE, 12
<134>2021-07-15T00:31:26Z cache-dca17782 MEWElogs[21956]: CROP, 1626309086262282013, DCA, 12
<134>2021-07-15T00:31:31Z cache-ams21020 MEWElogs[21956]: CROP, 1626309091217148397, AMS, 12
<134>2021-07-15T00:31:32Z cache-mdw17383 MEWElogs[21956]: CROP, 1626309092738796027, MDW, 12
<134>2021-07-15T00:31:41Z cache-bog6425 MEWElogs[21956]: CROP, 1626309100543741182, BOG, 12
<134>2021-07-15T00:32:07Z cache-wdc5583 MEWElogs[21956]: CROP, 1626309126901828785, WDC, 12
<134>2021-07-15T00:32:11Z cache-ord1740 MEWElogs[21956]: CROP, 1626309130615190080, ORD, 12
<134>2021-07-15T00:32:17Z cache-mdw17383 MEWElogs[21956]: CROP, 1626309137702846130, MDW, 12
<134>2021-07-15T00:32:18Z cache-bog6425 MEWElogs[21956]: CROP, 1626309138625112016, BOG, 12
<134>2021-07-15T00:32:24Z cache-wdc5583 MEWElogs[21956]: CROP, 1626309143995363814, WDC, 12
<134>2021-07-15T00:32:36Z cache-bog6425 MEWElogs[21956]: CROP, 1626309155328412042, BOG, 12
<134>2021-07-15T00:32:36Z cache-ord1740 MEWElogs[21956]: CROP, 1626309155655719468, ORD, 12
<134>2021-07-15T00:32:36Z cache-ams21020 MEWElogs[21956]: CROP, 1626309155832183640, AMS, 12
<134>2021-07-15T00:32:41Z cache-eze19324 MEWElogs[21956]: CROP, 1626309160062947753, EZE, 12
<134>2021-07-15T00:32:41Z cache-wdc5583 MEWElogs[21956]: CROP, 1626309160947175874, WDC, 12
<134>2021-07-15T00:32:49Z cache-mdw17383 MEWElogs[21956]: CROP, 1626309169157509861, MDW, 12
<134>2021-07-15T00:32:58Z cache-ams21020 MEWElogs[21956]: CROP, 1626309177943217031, AMS, 12
<134>2021-07-15T00:32:59Z cache-maa10251 MEWElogs[21956]: CROP, 1626309177943513604, MAA, 12
<134>2021-07-15T00:33:04Z cache-dca17782 MEWElogs[21956]: CROP, 1626309183447702453, DCA, 12
<134>2021-07-15T00:33:06Z cache-maa10251 MEWElogs[21956]: CROP, 1626309185484611832, MAA, 12
<134>2021-07-15T00:33:34Z cache-dca17782 MEWElogs[21956]: CROP, 1626309213393626655, DCA, 12
<134>2021-07-15T00:33:34Z cache-mdw17383 MEWElogs[21956]: CROP, 1626309213738884538, MDW, 12
<134>2021-07-15T00:33:45Z cache-cph20625 MEWElogs[21956]: CROP, 1626309224420003213, CPH, 12
<134>2021-07-15T00:33:52Z cache-pdk17882 MEWElogs[21956]: CROP, 1626309231808225447, PDK, 12
<134>2021-07-15T00:33:59Z cache-maa10251 MEWElogs[21956]: CROP, 1626309238947892385, MAA, 12
<134>2021-07-15T00:34:04Z cache-cmh21547 MEWElogs[21956]: CROP, 1626309243672400152, CMH, 12
<134>2021-07-15T00:34:04Z cache-ord1740 MEWElogs[21956]: CROP, 1626309243264365462, ORD, 12
<134>2021-07-15T00:34:11Z cache-ord1740 MEWElogs[21956]: CROP, 1626309250331504720, ORD, 12
<134>2021-07-15T00:34:14Z cache-wdc5583 MEWElogs[21956]: CROP, 1626309254105006885, WDC, 12
<134>2021-07-15T00:34:15Z cache-dca17782 MEWElogs[21956]: CROP, 1626309254181949830, DCA, 12
<134>2021-07-15T00:34:22Z cache-ord1740 MEWElogs[21956]: CROP, 1626309260991447577, ORD, 12
<134>2021-07-15T00:34:29Z cache-cph20625 MEWElogs[21956]: CROP, 1626309268205349125, CPH, 12
<134>2021-07-15T00:34:36Z cache-mdw17383 MEWElogs[21956]: CROP, 1626309275149264043, MDW, 12
<134>2021-07-15T00:34:44Z cache-mdw17383 MEWElogs[21956]: CROP, 1626309284696269325, MDW, 12
<134>2021-07-15T00:34:53Z cache-akl10324 MEWElogs[21956]: CROP, 1626309292828790187, AKL, 12
<134>2021-07-15T00:34:55Z cache-cph20625 MEWElogs[21956]: CROP, 1626309294530048822, CPH, 12
<134>2021-07-15T00:34:59Z cache-chi21126 MEWElogs[21956]: CROP, 1626309298139460979, CHI, 12
<134>2021-07-15T00:35:02Z cache-chi21126 MEWElogs[21956]: CROP, 1626309302190279748, CHI, 12
<134>2021-07-15T00:35:11Z cache-chi21126 MEWElogs[21956]: CROP, 1626309310674790342, CHI, 12
<134>2021-07-15T00:35:19Z cache-dfw18678 MEWElogs[21956]: CROP, 1626309319353417965, DFW, 12
<134>2021-07-15T00:35:24Z cache-bog6425 MEWElogs[21956]: CROP, 1626309323831345489, BOG, 12
<134>2021-07-15T00:35:36Z cache-eze19324 MEWElogs[21956]: CROP, 1626309335489241353, EZE, 12
<134>2021-07-15T00:35:38Z cache-dfw18678 MEWElogs[21956]: CROP, 1626309337896966069, DFW, 12
<134>2021-07-15T00:35:42Z cache-eze19324 MEWElogs[21956]: CROP, 1626309340990990034, EZE, 12
<134>2021-07-15T00:35:42Z cache-mdw17383 MEWElogs[21956]: CROP, 1626309341569286420, MDW, 12
<134>2021-07-15T00:35:43Z cache-dfw18678 MEWElogs[21956]: CROP, 1626309342383756204, DFW, 12
<134>2021-07-15T00:35:49Z cache-chi21126 MEWElogs[21956]: CROP, 1626309348584627989, CHI, 12
<134>2021-07-15T00:35:50Z cache-akl10324 MEWElogs[21956]: CROP, 1626309349218954182, AKL, 12
<134>2021-07-15T00:35:52Z cache-fty21383 MEWElogs[21956]: CROP, 1626309351307332607, FTY, 12
<134>2021-07-15T00:35:54Z cache-akl10324 MEWElogs[21956]: CROP, 1626309353702601576, AKL, 12
<134>2021-07-15T00:36:01Z cache-dfw18678 MEWElogs[21956]: CROP, 1626309360684854722, DFW, 12
<134>2021-07-15T00:36:04Z cache-mdw17383 MEWElogs[21956]: CROP, 1626309363743289529, MDW, 12
<134>2021-07-15T00:36:17Z cache-eze19324 MEWElogs[21956]: CROP, 1626309376547092859, EZE, 12
<134>2021-07-15T00:36:31Z cache-del21735 MEWElogs[21956]: CROP, 1626309389938099244, DEL, 12
<134>2021-07-15T00:36:33Z cache-dfw18678 MEWElogs[21956]: CROP, 1626309393076115595, DFW, 12
<134>2021-07-15T00:36:33Z cache-cmh21547 MEWElogs[21956]: CROP, 1626309392576738179, CMH, 12
<134>2021-07-15T00:36:37Z cache-bos4657 MEWElogs[21956]: CROP, 1626309397044480115, BOS, 12
<134>2021-07-15T00:36:41Z cache-akl10324 MEWElogs[21956]: CROP, 1626309400870180437, AKL, 12
<134>2021-07-15T00:36:51Z cache-akl10324 MEWElogs[21956]: CROP, 1626309410482641569, AKL, 12
<134>2021-07-15T00:36:55Z cache-bos4657 MEWElogs[21956]: CROP, 1626309415520463811, BOS, 12
<134>2021-07-15T00:36:57Z cache-del21735 MEWElogs[21956]: CROP, 1626309416003640592, DEL, 12
<134>2021-07-15T00:37:05Z cache-fty21383 MEWElogs[21956]: CROP, 1626309424809823109, FTY, 12
<134>2021-07-15T00:37:10Z cache-dfw18678 MEWElogs[21956]: CROP, 1626309429516512704, DFW, 12
<134>2021-07-15T00:37:18Z cache-dfw18678 MEWElogs[21956]: CROP, 1626309438343939095, DFW, 12
<134>2021-07-15T00:37:21Z cache-pwk4920 MEWElogs[21956]: CROP, 1626309441090676233, PWK, 12
<134>2021-07-15T00:37:32Z cache-dfw18678 MEWElogs[21956]: CROP, 1626309451726120123, DFW, 12
<134>2021-07-15T00:37:41Z cache-cph20625 MEWElogs[21956]: CROP, 1626309460328994814, CPH, 12
<134>2021-07-15T00:37:42Z cache-akl10324 MEWElogs[21956]: CROP, 1626309461875817300, AKL, 12
<134>2021-07-15T00:37:45Z cache-fty21383 MEWElogs[21956]: CROP, 1626309464944855668, FTY, 12
<134>2021-07-15T00:37:49Z cache-del21735 MEWElogs[21956]: CROP, 1626309468079232969, DEL, 12
<134>2021-07-15T00:38:03Z cache-cph20625 MEWElogs[21956]: CROP, 1626309482212666692, CPH, 12
<134>2021-07-15T00:38:06Z cache-bos4657 MEWElogs[21956]: CROP, 1626309486069509407, BOS, 12
<134>2021-07-15T00:38:19Z cache-dfw18678 MEWElogs[21956]: CROP, 1626309498362779003, DFW, 12
<134>2021-07-15T00:38:25Z cache-fty21383 MEWElogs[21956]: CROP, 1626309504908594059, FTY, 12
<134>2021-07-15T00:38:30Z cache-pwk4920 MEWElogs[21956]: CROP, 1626309509804233491, PWK, 12
