<134>2021-07-14T17:52:27Z cache-gig17035 MEWElogs[216063]: FLIPH, 1626285146800997776, GIG, 10
<134>2021-07-14T17:52:29Z cache-stl4834 MEWElogs[216063]: FLIPH, 1626285149382046238, STL, -1
<134>2021-07-14T17:52:43Z cache-gru17149 MEWElogs[216063]: FLIPH, 1626285162131065546, GRU, -1
<134>2021-07-14T17:52:44Z cache-cgh11122 MEWElogs[216063]: FLIPH, 1626285164100352182, CGH, 10
<134>2021-07-14T17:53:22Z cache-cgh11122 MEWElogs[216063]: FLIPH, 1626285202074914500, CGH, -1
<134>2021-07-14T17:53:33Z cache-gru17149 MEWElogs[216063]: FLIPH, 1626285212140094907, GRU, 10
<134>2021-07-14T17:53:40Z cache-gru17149 MEWElogs[216063]: FLIPH, 1626285219042743803, GRU, -1
<134>2021-07-14T17:53:46Z cache-syd10183 MEWElogs[216063]: FLIPH, 1626285225206294161, SYD, -1
<134>2021-07-14T17:53:56Z cache-syd10183 MEWElogs[216063]: FLIPH, 1626285235241082453, SYD, -1
<134>2021-07-14T17:53:58Z cache-syd10183 MEWElogs[216063]: FLIPH, 1626285237693464586, SYD, 10
<134>2021-07-14T17:54:04Z cache-cgh11122 MEWElogs[216063]: FLIPH, 1626285243799446121, CGH, -1
<134>2021-07-14T17:54:22Z cache-sjc10078 MEWElogs[216063]: FLIPH, 1626285261932391942, SJC, -1
<134>2021-07-14T17:54:25Z cache-pao17461 MEWElogs[216063]: FLIPH, 1626285264417525039, PAO, -1
<134>2021-07-14T17:54:36Z cache-scl19427 MEWElogs[216063]: FLIPH, 1626285276525202143, SCL, 10
<134>2021-07-14T17:54:57Z cache-itm18851 MEWElogs[216063]: FLIPH, 1626285297252770913, ITM, -1
<134>2021-07-14T17:54:58Z cache-hnd18722 MEWElogs[216063]: FLIPH, 1626285297684467113, HND, 10
<134>2021-07-14T17:55:08Z cache-itm18851 MEWElogs[216063]: FLIPH, 1626285307627855159, ITM, -1
<134>2021-07-14T17:55:17Z cache-hnd18722 MEWElogs[216063]: FLIPH, 1626285315940253758, HND, -1
<134>2021-07-14T17:55:36Z cache-sjc10078 MEWElogs[216063]: FLIPH, 1626285334999627113, SJC, -1
<134>2021-07-14T17:55:38Z cache-cgh11122 MEWElogs[216063]: FLIPH, 1626285338519872269, CGH, 10
<134>2021-07-14T17:55:41Z cache-stl4834 MEWElogs[216063]: FLIPH, 1626285339975894510, STL, 10
<134>2021-07-14T17:55:55Z cache-sjc10078 MEWElogs[216063]: FLIPH, 1626285355320912825, SJC, -1
<134>2021-07-14T17:55:58Z cache-stl4834 MEWElogs[216063]: FLIPH, 1626285357408529697, STL, -1
<134>2021-07-14T17:56:22Z cache-stl4834 MEWElogs[216063]: FLIPH, 1626285381213357862, STL, 10
<134>2021-07-14T17:56:23Z cache-pao17461 MEWElogs[216063]: FLIPH, 1626285382503631040, PAO, 10
<134>2021-07-14T17:56:27Z cache-sjc10078 MEWElogs[216063]: FLIPH, 1626285386059134602, SJC, -1
<134>2021-07-14T17:56:40Z cache-sjc10078 MEWElogs[216063]: FLIPH, 1626285399440834787, SJC, 10
<134>2021-07-14T17:56:43Z cache-itm18851 MEWElogs[216063]: FLIPH, 1626285401967561576, ITM, -1
<134>2021-07-14T17:56:45Z cache-itm18851 MEWElogs[216063]: FLIPH, 1626285404640497324, ITM, 10
<134>2021-07-14T17:56:49Z cache-cgh11183 MEWElogs[216063]: FLIPH, 1626285408561197845, CGH, 10
<134>2021-07-14T17:56:53Z cache-stl4834 MEWElogs[216063]: FLIPH, 1626285412447783036, STL, 10
<134>2021-07-14T17:57:01Z cache-sea4483 MEWElogs[216063]: FLIPH, 1626285421012748178, SEA, -1
<134>2021-07-14T17:57:12Z cache-sea4483 MEWElogs[216063]: FLIPH, 1626285431808835438, SEA, -1
<134>2021-07-14T17:57:16Z cache-cgh11183 MEWElogs[216063]: FLIPH, 1626285436142804796, CGH, -1
<134>2021-07-14T17:57:17Z cache-itm18851 MEWElogs[216063]: FLIPH, 1626285436075413806, ITM, 10
<134>2021-07-14T17:57:27Z cache-itm18851 MEWElogs[216063]: FLIPH, 1626285446417220531, ITM, 10
<134>2021-07-14T17:57:50Z cache-cgh11183 MEWElogs[216063]: FLIPH, 1626285469860876735, CGH, 10
<134>2021-07-14T17:57:57Z cache-cgh11122 MEWElogs[216063]: FLIPH, 1626285476648709295, CGH, -1
<134>2021-07-14T17:57:59Z cache-hnd18722 MEWElogs[216063]: FLIPH, 1626285477946437652, HND, 10
<134>2021-07-14T17:58:24Z cache-stl4834 MEWElogs[216063]: FLIPH, 1626285503435112552, STL, -1
<134>2021-07-14T17:58:27Z cache-hnd18722 MEWElogs[216063]: FLIPH, 1626285506590482608, HND, -1
<134>2021-07-14T17:58:29Z cache-tyo11974 MEWElogs[216063]: FLIPH, 1626285507942071636, TYO, -1
<134>2021-07-14T17:58:29Z cache-itm18851 MEWElogs[216063]: FLIPH, 1626285508081240508, ITM, 10
<134>2021-07-14T17:58:34Z cache-sjc10078 MEWElogs[216063]: FLIPH, 1626285513589858478, SJC, 10
<134>2021-07-14T17:58:35Z cache-pao17461 MEWElogs[216063]: FLIPH, 1626285514549410485, PAO, -1
<134>2021-07-14T17:58:37Z cache-cgh11122 MEWElogs[216063]: FLIPH, 1626285517036846184, CGH, -1
<134>2021-07-14T17:58:40Z cache-tyo11974 MEWElogs[216063]: FLIPH, 1626285519107681474, TYO, 10
<134>2021-07-14T17:58:48Z cache-itm18851 MEWElogs[216063]: FLIPH, 1626285528800303569, ITM, 10
<134>2021-07-14T17:59:06Z cache-pao17461 MEWElogs[216063]: FLIPH, 1626285545581024645, PAO, -1
<134>2021-07-14T17:59:23Z cache-sea4483 MEWElogs[216063]: FLIPH, 1626285563188228079, SEA, -1
<134>2021-07-14T17:59:30Z cache-cgh11122 MEWElogs[216063]: FLIPH, 1626285570636760760, CGH, 10
<134>2021-07-14T17:59:31Z cache-itm18851 MEWElogs[216063]: FLIPH, 1626285570369177715, ITM, 10
<134>2021-07-14T17:59:37Z cache-pao17461 MEWElogs[216063]: FLIPH, 1626285576875687722, PAO, -1
<134>2021-07-14T17:59:38Z cache-cgh11183 MEWElogs[216063]: FLIPH, 1626285578553673442, CGH, -1
<134>2021-07-14T17:59:39Z cache-itm18851 MEWElogs[216063]: FLIPH, 1626285578101483885, ITM, -1
<134>2021-07-14T17:59:59Z cache-itm18851 MEWElogs[216063]: FLIPH, 1626285598598308640, ITM, -1
<134>2021-07-14T18:00:01Z cache-stl4834 MEWElogs[216063]: FLIPH, 1626285600329671402, STL, 10
<134>2021-07-14T18:00:07Z cache-stl4834 MEWElogs[216063]: FLIPH, 1626285607330091573, STL, -1
<134>2021-07-14T18:00:11Z cache-stl4834 MEWElogs[216063]: FLIPH, 1626285610558257462, STL, 10
<134>2021-07-14T18:00:15Z cache-tyo11974 MEWElogs[216063]: FLIPH, 1626285614660419703, TYO, -1
<134>2021-07-14T18:00:31Z cache-itm18851 MEWElogs[216063]: FLIPH, 1626285629911209772, ITM, -1
<134>2021-07-14T18:00:36Z cache-sjc10078 MEWElogs[216063]: FLIPH, 1626285635408887349, SJC, -1
<134>2021-07-14T18:00:39Z cache-bma1628 MEWElogs[216063]: FLIPH, 1626285638741635874, BMA, -1
<134>2021-07-14T18:01:00Z cache-cgh11122 MEWElogs[216063]: FLIPH, 1626285659954310978, CGH, -1
<134>2021-07-14T18:01:11Z cache-sea4483 MEWElogs[216063]: FLIPH, 1626285671158793276, SEA, -1
<134>2021-07-14T18:01:17Z cache-sjc10078 MEWElogs[216063]: FLIPH, 1626285676926207050, SJC, -1
<134>2021-07-14T18:01:45Z cache-itm18851 MEWElogs[216063]: FLIPH, 1626285704014451898, ITM, -1
<134>2021-07-14T18:01:46Z cache-tyo11974 MEWElogs[216063]: FLIPH, 1626285705889673021, TYO, -1
<134>2021-07-14T18:01:48Z cache-bma1628 MEWElogs[216063]: FLIPH, 1626285707618870565, BMA, 10
<134>2021-07-14T18:02:10Z cache-sjc10078 MEWElogs[216063]: FLIPH, 1626285730028436059, SJC, -1
<134>2021-07-14T18:02:15Z cache-hnd18722 MEWElogs[216063]: FLIPH, 1626285734410977752, HND, 10
<134>2021-07-14T18:02:15Z cache-bma1628 MEWElogs[216063]: FLIPH, 1626285735286010059, BMA, 10
<134>2021-07-14T18:02:23Z cache-tyo11974 MEWElogs[216063]: FLIPH, 1626285742333839930, TYO, -1
