<134>2021-07-15T02:01:55Z cache-man4150 MEWElogs[320228]: GRAY, 1626314514294531798, MAN, 13
<134>2021-07-15T02:01:58Z cache-mci5951 MEWElogs[320228]: GRAY, 1626314517347059216, MCI, 13
<134>2021-07-15T02:02:39Z cache-hkg17929 MEWElogs[320228]: GRAY, 1626314559546451014, HKG, 13
<134>2021-07-15T02:02:54Z cache-mci5951 MEWElogs[320228]: GRAY, 1626314574651196773, MCI, 13
<134>2021-07-15T02:03:05Z cache-ewr18156 MEWElogs[320228]: GRAY, 1626314584308458076, EWR, 13
<134>2021-07-15T02:03:48Z cache-yul12826 MEWElogs[320228]: GRAY, 1626314628458598245, YUL, 13
<134>2021-07-15T02:03:54Z cache-ewr18156 MEWElogs[320228]: GRAY, 1626314633666190381, EWR, 13
<134>2021-07-15T02:04:18Z cache-osl6529 MEWElogs[320228]: GRAY, 1626314657867557157, OSL, 13
<134>2021-07-15T02:04:20Z cache-mci5951 MEWElogs[320228]: GRAY, 1626314659856855776, MCI, 13
<134>2021-07-15T02:04:39Z cache-gig17035 MEWElogs[320228]: GRAY, 1626314678930300301, GIG, 13
<134>2021-07-15T02:05:36Z cache-cdg20720 MEWElogs[320228]: GRAY, 1626314734920304799, CDG, 13
<134>2021-07-15T02:05:55Z cache-yul12826 MEWElogs[320228]: GRAY, 1626314754730643798, YUL, 13
<134>2021-07-15T02:06:25Z cache-scl19427 MEWElogs[320228]: GRAY, 1626314784918815579, SCL, 13
<134>2021-07-15T02:09:15Z cache-osl6529 MEWElogs[320228]: GRAY, 1626314954469393415, OSL, 13
<134>2021-07-15T02:09:22Z cache-gig17035 MEWElogs[320228]: GRAY, 1626314961712007297, GIG, 13
<134>2021-07-15T02:09:38Z cache-osl6529 MEWElogs[320228]: GRAY, 1626314977798072895, OSL, 13
<134>2021-07-15T02:10:27Z cache-scl19427 MEWElogs[320228]: GRAY, 1626315026557696013, SCL, 13
<134>2021-07-15T02:10:47Z cache-osl6529 MEWElogs[320228]: GRAY, 1626315046823212319, OSL, 13
<134>2021-07-15T02:11:11Z cache-syd10183 MEWElogs[320228]: GRAY, 1626315070063255742, SYD, 13
<134>2021-07-15T02:11:45Z cache-gru17149 MEWElogs[320228]: GRAY, 1626315104011465421, GRU, 13
<134>2021-07-15T02:11:51Z cache-gru17149 MEWElogs[320228]: GRAY, 1626315110272321623, GRU, 13
