<134>2021-07-15T04:06:42Z cache-ams21020 MEWElogs[308969]: ROTATE, 1626322001023258714, AMS, 15
<134>2021-07-15T04:07:04Z cache-maa10251 MEWElogs[308969]: ROTATE, 1626322024283736268, MAA, 15
<134>2021-07-15T04:07:05Z cache-eze19324 MEWElogs[308969]: ROTATE, 1626322024375761476, EZE, 15
<134>2021-07-15T04:07:51Z cache-ams21020 MEWElogs[308969]: ROTATE, 1626322070573380694, AMS, 15
<134>2021-07-15T04:07:53Z cache-dca17782 MEWElogs[308969]: ROTATE, 1626322073294845709, DCA, 15
<134>2021-07-15T04:08:01Z cache-pdk17882 MEWElogs[308969]: ROTATE, 1626322080045828094, PDK, 15
<134>2021-07-15T04:08:10Z cache-pdk17882 MEWElogs[308969]: ROTATE, 1626322089389510338, PDK, 15
<134>2021-07-15T04:08:11Z cache-mdw17383 MEWElogs[308969]: ROTATE, 1626322090141959128, MDW, 15
<134>2021-07-15T04:08:13Z cache-dca17782 MEWElogs[308969]: ROTATE, 1626322092353016967, DCA, 15
<134>2021-07-15T04:08:30Z cache-ams21020 MEWElogs[308969]: ROTATE, 1626322109238949302, AMS, 15
<134>2021-07-15T04:08:38Z cache-pdk17882 MEWElogs[308969]: ROTATE, 1626322117325619239, PDK, 15
<134>2021-07-15T04:10:41Z cache-ams21020 MEWElogs[308969]: ROTATE, 1626322240181791214, AMS, 15
<134>2021-07-15T04:10:48Z cache-ams21020 MEWElogs[308969]: ROTATE, 1626322247850930630, AMS, 15
<134>2021-07-15T04:10:58Z cache-bog6425 MEWElogs[308969]: ROTATE, 1626322258615308384, BOG, 15
<134>2021-07-15T04:12:27Z cache-ord1740 MEWElogs[308969]: ROTATE, 1626322346755241273, ORD, 15
<134>2021-07-15T04:12:28Z cache-bog6425 MEWElogs[308969]: ROTATE, 1626322347442090223, BOG, 15
<134>2021-07-15T04:12:50Z cache-maa10251 MEWElogs[308969]: ROTATE, 1626322369771797829, MAA, 15
<134>2021-07-15T04:13:01Z cache-ams21020 MEWElogs[308969]: ROTATE, 1626322380599885187, AMS, 15
<134>2021-07-15T04:13:09Z cache-maa10251 MEWElogs[308969]: ROTATE, 1626322388294640629, MAA, 15
<134>2021-07-15T04:14:25Z cache-wdc5583 MEWElogs[308969]: ROTATE, 1626322465182518448, WDC, 15
<134>2021-07-15T04:14:50Z cache-ams21020 MEWElogs[308969]: ROTATE, 1626322489284567190, AMS, 15
<134>2021-07-15T04:15:52Z cache-cph20625 MEWElogs[308969]: ROTATE, 1626322550962712126, CPH, 15
<134>2021-07-15T04:16:00Z cache-ord1740 MEWElogs[308969]: ROTATE, 1626322559400424276, ORD, 15
