<134>2021-07-15T01:31:34Z cache-dca17782 MEWElogs[320228]: GRAY, 1626312693767824675, DCA, 13
<134>2021-07-15T01:32:27Z cache-mdw17383 MEWElogs[320228]: GRAY, 1626312746729442066, MDW, 13
<134>2021-07-15T01:32:36Z cache-fty21383 MEWElogs[320228]: GRAY, 1626312755947386573, FTY, 13
<134>2021-07-15T01:33:04Z cache-dfw18678 MEWElogs[320228]: GRAY, 1626312783718000386, DFW, 13
<134>2021-07-15T01:33:09Z cache-wdc5583 MEWElogs[320228]: GRAY, 1626312788758688139, WDC, 13
<134>2021-07-15T01:33:13Z cache-mdw17383 MEWElogs[320228]: GRAY, 1626312792562632272, MDW, 13
<134>2021-07-15T01:33:57Z cache-del21735 MEWElogs[320228]: GRAY, 1626312837434004860, DEL, 13
<134>2021-07-15T01:34:05Z cache-dfw18678 MEWElogs[320228]: GRAY, 1626312844682847402, DFW, 13
<134>2021-07-15T01:34:28Z cache-fty21383 MEWElogs[320228]: GRAY, 1626312867931319958, FTY, 13
<134>2021-07-15T01:34:31Z cache-chi21126 MEWElogs[320228]: GRAY, 1626312870845964056, CHI, 13
<134>2021-07-15T01:34:52Z cache-fra19177 MEWElogs[320228]: GRAY, 1626312891333506603, FRA, 13
<134>2021-07-15T01:35:44Z cache-akl10324 MEWElogs[320228]: GRAY, 1626312943943601666, AKL, 13
<134>2021-07-15T01:36:01Z cache-chi21126 MEWElogs[320228]: GRAY, 1626312960986464910, CHI, 13
<134>2021-07-15T01:36:12Z cache-fra19177 MEWElogs[320228]: GRAY, 1626312970982604389, FRA, 13
<134>2021-07-15T01:36:16Z cache-del21735 MEWElogs[320228]: GRAY, 1626312975376171451, DEL, 13
<134>2021-07-15T01:36:20Z cache-fty21383 MEWElogs[320228]: GRAY, 1626312979619162927, FTY, 13
<134>2021-07-15T01:36:22Z cache-fra19177 MEWElogs[320228]: GRAY, 1626312981885066270, FRA, 13
<134>2021-07-15T01:36:44Z cache-pwk4920 MEWElogs[320228]: GRAY, 1626313003692789757, PWK, 13
<134>2021-07-15T01:36:45Z cache-cph20625 MEWElogs[320228]: GRAY, 1626313004777533672, CPH, 13
<134>2021-07-15T01:36:51Z cache-hhn4077 MEWElogs[320228]: GRAY, 1626313010383771991, HHN, 13
<134>2021-07-15T01:37:08Z cache-del21735 MEWElogs[320228]: GRAY, 1626313027434891877, DEL, 13
<134>2021-07-15T01:37:24Z cache-hhn4077 MEWElogs[320228]: GRAY, 1626313043348386299, HHN, 13
<134>2021-07-15T01:37:29Z cache-cph20625 MEWElogs[320228]: GRAY, 1626313048678995127, CPH, 13
<134>2021-07-15T01:37:45Z cache-fty21383 MEWElogs[320228]: GRAY, 1626313064733623941, FTY, 13
<134>2021-07-15T01:37:46Z cache-hhn4077 MEWElogs[320228]: GRAY, 1626313066586765309, HHN, 13
<134>2021-07-15T01:38:01Z cache-hhn4077 MEWElogs[320228]: GRAY, 1626313080749625939, HHN, 13
<134>2021-07-15T01:38:06Z cache-fty21383 MEWElogs[320228]: GRAY, 1626313085716069870, FTY, 13
<134>2021-07-15T01:38:16Z cache-hhn4077 MEWElogs[320228]: GRAY, 1626313095241142713, HHN, 13
<134>2021-07-15T01:38:35Z cache-hhn4077 MEWElogs[320228]: GRAY, 1626313114129129961, HHN, 13
<134>2021-07-15T01:38:42Z cache-dfw18678 MEWElogs[320228]: GRAY, 1626313121823928821, DFW, 13
<134>2021-07-15T01:39:21Z cache-pwk4920 MEWElogs[320228]: GRAY, 1626313161856562264, PWK, 13
<134>2021-07-15T01:39:27Z cache-akl10324 MEWElogs[320228]: GRAY, 1626313165957884571, AKL, 13
<134>2021-07-15T01:39:31Z cache-fra19177 MEWElogs[320228]: GRAY, 1626313170641010627, FRA, 13
<134>2021-07-15T01:39:32Z cache-del21735 MEWElogs[320228]: GRAY, 1626313171568348820, DEL, 13
<134>2021-07-15T01:39:36Z cache-bos4657 MEWElogs[320228]: GRAY, 1626313175126516471, BOS, 13
<134>2021-07-15T01:39:47Z cache-cph20625 MEWElogs[320228]: GRAY, 1626313186575465565, CPH, 13
<134>2021-07-15T01:39:55Z cache-del21735 MEWElogs[320228]: GRAY, 1626313194592555144, DEL, 13
<134>2021-07-15T01:40:13Z cache-cwb20520 MEWElogs[320228]: GRAY, 1626313212650012401, CWB, 13
<134>2021-07-15T01:40:19Z cache-bos4657 MEWElogs[320228]: GRAY, 1626313218005529114, BOS, 13
<134>2021-07-15T01:40:32Z cache-fra19177 MEWElogs[320228]: GRAY, 1626313231402202637, FRA, 13
<134>2021-07-15T01:40:34Z cache-cwb20520 MEWElogs[320228]: GRAY, 1626313233103199374, CWB, 13
<134>2021-07-15T01:40:44Z cache-dfw18678 MEWElogs[320228]: GRAY, 1626313243826065335, DFW, 13
<134>2021-07-15T01:40:49Z cache-bos4657 MEWElogs[320228]: GRAY, 1626313249019047256, BOS, 13
<134>2021-07-15T01:41:09Z cache-pwk4920 MEWElogs[320228]: GRAY, 1626313269258416443, PWK, 13
<134>2021-07-15T01:41:23Z cache-pwk4920 MEWElogs[320228]: GRAY, 1626313283382706709, PWK, 13
