<134>2021-07-15T06:34:33Z cache-dal21283 MEWElogs[21956]: UNSH, 1626330873322068709, DAL, 16
<134>2021-07-15T06:34:36Z cache-fty21383 MEWElogs[21956]: UNSH, 1626330875837792140, FTY, 16
<134>2021-07-15T06:34:57Z cache-chi21126 MEWElogs[21956]: UNSH, 1626330896223344341, CHI, 16
<134>2021-07-15T06:35:01Z cache-cwb20520 MEWElogs[21956]: UNSH, 1626330900379635478, CWB, 16
<134>2021-07-15T06:35:04Z cache-del21735 MEWElogs[21956]: UNSH, 1626330903105847574, DEL, 16
<134>2021-07-15T06:35:21Z cache-bos4657 MEWElogs[21956]: UNSH, 1626330920457879480, BOS, 16
<134>2021-07-15T06:35:32Z cache-del21735 MEWElogs[21956]: UNSH, 1626330932245856865, DEL, 16
<134>2021-07-15T06:35:38Z cache-hhn4077 MEWElogs[21956]: UNSH, 1626330938258927344, HHN, 16
<134>2021-07-15T06:35:42Z cache-cwb20520 MEWElogs[21956]: UNSH, 1626330941721858100, CWB, 16
<134>2021-07-15T06:36:05Z cache-bos4657 MEWElogs[21956]: UNSH, 1626330964629608111, BOS, 16
<134>2021-07-15T06:37:03Z cache-chi21126 MEWElogs[21956]: UNSH, 1626331022824290448, CHI, 16
<134>2021-07-15T06:37:06Z cache-akl10324 MEWElogs[21956]: UNSH, 1626331025453752141, AKL, 16
<134>2021-07-15T06:37:07Z cache-del21735 MEWElogs[21956]: UNSH, 1626331026634340842, DEL, 16
<134>2021-07-15T06:37:08Z cache-dal21283 MEWElogs[21956]: UNSH, 1626331027387960679, DAL, 16
<134>2021-07-15T06:37:35Z cache-del21735 MEWElogs[21956]: UNSH, 1626331054800716804, DEL, 16
<134>2021-07-15T06:37:58Z cache-chi21126 MEWElogs[21956]: UNSH, 1626331077601958110, CHI, 16
<134>2021-07-15T06:38:36Z cache-bos4657 MEWElogs[21956]: UNSH, 1626331116091643800, BOS, 16
<134>2021-07-15T06:38:51Z cache-dub4329 MEWElogs[21956]: UNSH, 1626331130314547092, DUB, 16
<134>2021-07-15T06:38:51Z cache-hhn4077 MEWElogs[21956]: UNSH, 1626331130486867750, HHN, 16
<134>2021-07-15T06:39:00Z cache-hhn4077 MEWElogs[21956]: UNSH, 1626331139480204369, HHN, 16
<134>2021-07-15T06:39:21Z cache-cwb20520 MEWElogs[21956]: UNSH, 1626331160712335794, CWB, 16
<134>2021-07-15T06:39:28Z cache-hhn4077 MEWElogs[21956]: UNSH, 1626331167390973852, HHN, 16
<134>2021-07-15T06:39:40Z cache-bos4657 MEWElogs[21956]: UNSH, 1626331179468118834, BOS, 16
<134>2021-07-15T06:39:53Z cache-cwb20520 MEWElogs[21956]: UNSH, 1626331192024917664, CWB, 16
<134>2021-07-15T06:40:23Z cache-hhn4077 MEWElogs[21956]: UNSH, 1626331223396784095, HHN, 16
<134>2021-07-15T06:40:47Z cache-cwb20520 MEWElogs[21956]: UNSH, 1626331246598377883, CWB, 16
<134>2021-07-15T06:40:55Z cache-dal21283 MEWElogs[21956]: UNSH, 1626331254084033043, DAL, 16
<134>2021-07-15T06:41:06Z cache-hel6829 MEWElogs[21956]: UNSH, 1626331265944246585, HEL, 16
<134>2021-07-15T06:41:15Z cache-del21735 MEWElogs[21956]: UNSH, 1626331275044625192, DEL, 16
<134>2021-07-15T06:41:46Z cache-jnb7027 MEWElogs[21956]: UNSH, 1626331306002009915, JNB, 16
<134>2021-07-15T06:41:58Z cache-hel6829 MEWElogs[21956]: UNSH, 1626331317302357879, HEL, 16
<134>2021-07-15T06:42:12Z cache-pwk4920 MEWElogs[21956]: UNSH, 1626331331903736685, PWK, 16
<134>2021-07-15T06:42:22Z cache-pwk4920 MEWElogs[21956]: UNSH, 1626331341362276467, PWK, 16
<134>2021-07-15T06:42:57Z cache-jnb7027 MEWElogs[21956]: UNSH, 1626331376325349224, JNB, 16
<134>2021-07-15T06:43:24Z cache-fra19177 MEWElogs[21956]: UNSH, 1626331403652512659, FRA, 16
<134>2021-07-15T06:43:29Z cache-lcy19283 MEWElogs[21956]: UNSH, 1626331409429089232, LCY, 16
<134>2021-07-15T06:43:47Z cache-dal21283 MEWElogs[21956]: UNSH, 1626331426871909972, DAL, 16
<134>2021-07-15T06:44:06Z cache-lcy19283 MEWElogs[21956]: UNSH, 1626331446195602343, LCY, 16
<134>2021-07-15T06:44:08Z cache-dal21283 MEWElogs[21956]: UNSH, 1626331447504691528, DAL, 16
<134>2021-07-15T06:44:27Z cache-fra19177 MEWElogs[21956]: UNSH, 1626331466295578229, FRA, 16
