<134>2021-07-14T17:54:29Z cache-tyo11974 MEWElogs[39982]: FLIPH, 1626285267940183843, TYO, 10
<134>2021-07-14T17:54:35Z cache-tyo11974 MEWElogs[39982]: FLIPH, 1626285275052234568, TYO, -1
<134>2021-07-14T17:54:47Z cache-hnd18722 MEWElogs[39982]: FLIPH, 1626285286898852919, HND, 10
<134>2021-07-14T17:55:00Z cache-gru17149 MEWElogs[39982]: FLIPH, 1626285299039952350, GRU, 10
<134>2021-07-14T17:56:01Z cache-itm18851 MEWElogs[39982]: FLIPH, 1626285360246284357, ITM, -1
<134>2021-07-14T17:56:04Z cache-tyo11974 MEWElogs[39982]: FLIPH, 1626285363009762892, TYO, 10
<134>2021-07-14T17:56:19Z cache-sjc10078 MEWElogs[39982]: FLIPH, 1626285378977464276, SJC, 10
<134>2021-07-14T17:56:22Z cache-itm18851 MEWElogs[39982]: FLIPH, 1626285381034109030, ITM, -1
<134>2021-07-14T17:56:33Z cache-pao17461 MEWElogs[39982]: FLIPH, 1626285392970815976, PAO, 10
<134>2021-07-14T17:56:46Z cache-sjc10078 MEWElogs[39982]: FLIPH, 1626285406595850782, SJC, -1
<134>2021-07-14T17:56:57Z cache-tyo11974 MEWElogs[39982]: FLIPH, 1626285416611638263, TYO, -1
<134>2021-07-14T17:57:01Z cache-sjc10078 MEWElogs[39982]: FLIPH, 1626285420388181544, SJC, 10
<134>2021-07-14T17:57:02Z cache-cgh11183 MEWElogs[39982]: FLIPH, 1626285418828023971, CGH, 10
<134>2021-07-14T17:57:15Z cache-pao17461 MEWElogs[39982]: FLIPH, 1626285434723309787, PAO, 10
<134>2021-07-14T17:57:32Z cache-stl4834 MEWElogs[39982]: FLIPH, 1626285451142450068, STL, -1
<134>2021-07-14T17:57:56Z cache-sea4483 MEWElogs[39982]: FLIPH, 1626285475809128642, SEA, -1
<134>2021-07-14T17:57:59Z cache-sea4483 MEWElogs[39982]: FLIPH, 1626285479043303058, SEA, 10
<134>2021-07-14T17:58:07Z cache-cgh11122 MEWElogs[39982]: FLIPH, 1626285486705499268, CGH, -1
<134>2021-07-14T17:58:17Z cache-stl4834 MEWElogs[39982]: FLIPH, 1626285496287464649, STL, 10
<134>2021-07-14T17:58:41Z cache-cgh11122 MEWElogs[39982]: FLIPH, 1626285519939630288, CGH, 10
<134>2021-07-14T17:59:06Z cache-tyo11974 MEWElogs[39982]: FLIPH, 1626285545743199340, TYO, 10
<134>2021-07-14T17:59:23Z cache-hnd18722 MEWElogs[39982]: FLIPH, 1626285562553566716, HND, 10
<134>2021-07-14T18:00:17Z cache-tyo11974 MEWElogs[39982]: FLIPH, 1626285616929948813, TYO, 10
<134>2021-07-14T18:00:22Z cache-cgh11122 MEWElogs[39982]: FLIPH, 1626285621101541544, CGH, 10
<134>2021-07-14T18:00:24Z cache-tyo11974 MEWElogs[39982]: FLIPH, 1626285623677938313, TYO, -1
<134>2021-07-14T18:00:33Z cache-itm18851 MEWElogs[39982]: FLIPH, 1626285632564702746, ITM, 10
<134>2021-07-14T18:01:30Z cache-bma1628 MEWElogs[39982]: FLIPH, 1626285689178396982, BMA, 10
<134>2021-07-14T18:01:43Z cache-pao17461 MEWElogs[39982]: FLIPH, 1626285702316635800, PAO, -1
<134>2021-07-14T18:02:14Z cache-tyo11974 MEWElogs[39982]: FLIPH, 1626285733400696319, TYO, -1
<134>2021-07-14T18:02:22Z cache-bma1628 MEWElogs[39982]: FLIPH, 1626285741472427244, BMA, -1
<134>2021-07-14T18:02:40Z cache-itm18851 MEWElogs[39982]: FLIPH, 1626285759046839617, ITM, 10
<134>2021-07-14T18:02:59Z cache-tyo11974 MEWElogs[39982]: FLIPH, 1626285778791777367, TYO, -1
<134>2021-07-14T18:03:10Z cache-pao17461 MEWElogs[39982]: FLIPH, 1626285789825317697, PAO, 10
<134>2021-07-14T18:03:12Z cache-cgh11183 MEWElogs[39982]: FLIPH, 1626285791373808048, CGH, -1
<134>2021-07-14T18:03:19Z cache-hnd18722 MEWElogs[39982]: FLIPH, 1626285798525569226, HND, 10
<134>2021-07-14T18:03:34Z cache-sea4483 MEWElogs[39982]: FLIPH, 1626285813664949883, SEA, -1
<134>2021-07-14T18:03:48Z cache-hnd18722 MEWElogs[39982]: FLIPH, 1626285827851003577, HND, -1
