<134>2021-07-15T00:38:50Z cache-hel6829 MEWElogs[216063]: CROP, 1626309529571416945, HEL, 12
<134>2021-07-15T00:38:51Z cache-dub4329 MEWElogs[216063]: CROP, 1626309530233581580, DUB, 12
<134>2021-07-15T00:39:01Z cache-dfw18678 MEWElogs[216063]: CROP, 1626309540331575602, DFW, 12
<134>2021-07-15T00:39:02Z cache-fty21383 MEWElogs[216063]: CROP, 1626309541608716131, FTY, 12
<134>2021-07-15T00:39:06Z cache-del21735 MEWElogs[216063]: CROP, 1626309545671189740, DEL, 12
<134>2021-07-15T00:39:09Z cache-bos4657 MEWElogs[216063]: CROP, 1626309549385301979, BOS, 12
<134>2021-07-15T00:39:22Z cache-fty21383 MEWElogs[216063]: CROP, 1626309561444266126, FTY, 12
<134>2021-07-15T00:39:30Z cache-akl10324 MEWElogs[216063]: CROP, 1626309569490079512, AKL, 12
<134>2021-07-15T00:39:40Z cache-akl10324 MEWElogs[216063]: CROP, 1626309578968054901, AKL, 12
<134>2021-07-15T00:39:45Z cache-dfw18678 MEWElogs[216063]: CROP, 1626309585664466369, DFW, 12
<134>2021-07-15T00:39:52Z cache-fty21383 MEWElogs[216063]: CROP, 1626309591244704717, FTY, 12
<134>2021-07-15T00:40:00Z cache-pwk4920 MEWElogs[216063]: CROP, 1626309599352883557, PWK, 12
<134>2021-07-15T00:40:01Z cache-bos4657 MEWElogs[216063]: CROP, 1626309601690988351, BOS, 12
<134>2021-07-15T00:40:04Z cache-cph20625 MEWElogs[216063]: CROP, 1626309604528647066, CPH, 12
<134>2021-07-15T00:40:22Z cache-fty21383 MEWElogs[216063]: CROP, 1626309621036237568, FTY, 12
<134>2021-07-15T00:40:23Z cache-dfw18678 MEWElogs[216063]: CROP, 1626309622349431770, DFW, 12
<134>2021-07-15T00:40:46Z cache-dub4329 MEWElogs[216063]: CROP, 1626309644990862993, DUB, 12
<134>2021-07-15T00:40:52Z cache-chi21126 MEWElogs[216063]: CROP, 1626309652852220658, CHI, 12
<134>2021-07-15T00:41:04Z cache-pwk4920 MEWElogs[216063]: CROP, 1626309663757328666, PWK, 12
<134>2021-07-15T00:41:08Z cache-iah17271 MEWElogs[216063]: CROP, 1626309667093909212, IAH, 12
<134>2021-07-15T00:41:21Z cache-pwk4920 MEWElogs[216063]: CROP, 1626309680707781475, PWK, 12
<134>2021-07-15T00:41:24Z cache-dub4329 MEWElogs[216063]: CROP, 1626309683903235561, DUB, 12
<134>2021-07-15T00:41:28Z cache-dfw18678 MEWElogs[216063]: CROP, 1626309688069151893, DFW, 12
<134>2021-07-15T00:41:29Z cache-pwk4920 MEWElogs[216063]: CROP, 1626309689187081356, PWK, 12
<134>2021-07-15T00:41:39Z cache-pwk4920 MEWElogs[216063]: CROP, 1626309697990059059, PWK, 12
<134>2021-07-15T00:41:47Z cache-hel6829 MEWElogs[216063]: CROP, 1626309706281408164, HEL, 12
<134>2021-07-15T00:41:51Z cache-jnb7027 MEWElogs[216063]: CROP, 1626309709865916892, JNB, 12
<134>2021-07-15T00:41:56Z cache-dfw18678 MEWElogs[216063]: CROP, 1626309715286715254, DFW, 12
<134>2021-07-15T00:42:11Z cache-den8274 MEWElogs[216063]: CROP, 1626309730645894793, DEN, 12
<134>2021-07-15T00:42:15Z cache-den8274 MEWElogs[216063]: CROP, 1626309734188440710, DEN, 12
<134>2021-07-15T00:42:15Z cache-lcy19283 MEWElogs[216063]: CROP, 1626309734239183690, LCY, 12
<134>2021-07-15T00:42:29Z cache-jnb7027 MEWElogs[216063]: CROP, 1626309749022077240, JNB, 12
<134>2021-07-15T00:42:40Z cache-bur17583 MEWElogs[216063]: CROP, 1626309759725860091, BUR, 12
<134>2021-07-15T00:43:01Z cache-bur17583 MEWElogs[216063]: CROP, 1626309781254323827, BUR, 12
<134>2021-07-15T00:43:12Z cache-pwk4920 MEWElogs[216063]: CROP, 1626309791876842213, PWK, 12
<134>2021-07-15T00:43:17Z cache-jnb7027 MEWElogs[216063]: CROP, 1626309796717077121, JNB, 12
<134>2021-07-15T00:43:32Z cache-iah17271 MEWElogs[216063]: CROP, 1626309811464726153, IAH, 12
<134>2021-07-15T00:43:35Z cache-mad22068 MEWElogs[216063]: CROP, 1626309814691407482, MAD, 12
<134>2021-07-15T00:43:42Z cache-iah17271 MEWElogs[216063]: CROP, 1626309821313312059, IAH, 12
<134>2021-07-15T00:43:49Z cache-hel6829 MEWElogs[216063]: CROP, 1626309828058647242, HEL, 12
<134>2021-07-15T00:43:49Z cache-lcy19283 MEWElogs[216063]: CROP, 1626309829013501010, LCY, 12
<134>2021-07-15T00:43:57Z cache-den8274 MEWElogs[216063]: CROP, 1626309836384992243, DEN, 12
<134>2021-07-15T00:44:00Z cache-mrs10583 MEWElogs[216063]: CROP, 1626309839493064964, MRS, 12
<134>2021-07-15T00:44:05Z cache-cwb20520 MEWElogs[216063]: CROP, 1626309844442985814, CWB, 12
<134>2021-07-15T00:44:15Z cache-den8274 MEWElogs[216063]: CROP, 1626309854534730215, DEN, 12
<134>2021-07-15T00:44:17Z cache-lcy19283 MEWElogs[216063]: CROP, 1626309855994901478, LCY, 12
<134>2021-07-15T00:44:17Z cache-dal21283 MEWElogs[216063]: CROP, 1626309857347027437, DAL, 12
<134>2021-07-15T00:44:26Z cache-cwb20520 MEWElogs[216063]: CROP, 1626309865627589053, CWB, 12
<134>2021-07-15T00:44:34Z cache-hel6829 MEWElogs[216063]: CROP, 1626309873754884322, HEL, 12
<134>2021-07-15T00:44:40Z cache-jnb7027 MEWElogs[216063]: CROP, 1626309879300279124, JNB, 12
<134>2021-07-15T00:44:51Z cache-jnb7027 MEWElogs[216063]: CROP, 1626309890863614255, JNB, 12
<134>2021-07-15T00:45:04Z cache-lcy19283 MEWElogs[216063]: CROP, 1626309903813237010, LCY, 12
<134>2021-07-15T00:45:19Z cache-bur17583 MEWElogs[216063]: CROP, 1626309918890815558, BUR, 12
<134>2021-07-15T00:45:28Z cache-lcy19283 MEWElogs[216063]: CROP, 1626309927464323553, LCY, 12
<134>2021-07-15T00:45:39Z cache-hkg17929 MEWElogs[216063]: CROP, 1626309939690868998, HKG, 12
<134>2021-07-15T00:45:41Z cache-den8274 MEWElogs[216063]: CROP, 1626309941131478055, DEN, 12
<134>2021-07-15T00:45:56Z cache-den8274 MEWElogs[216063]: CROP, 1626309955853484601, DEN, 12
<134>2021-07-15T00:46:06Z cache-iah17271 MEWElogs[216063]: CROP, 1626309965990941183, IAH, 12
<134>2021-07-15T00:46:07Z cache-bur17583 MEWElogs[216063]: CROP, 1626309966613281714, BUR, 12
<134>2021-07-15T00:46:08Z cache-mad22068 MEWElogs[216063]: CROP, 1626309967445383580, MAD, 12
<134>2021-07-15T00:46:14Z cache-den8274 MEWElogs[216063]: CROP, 1626309974104155942, DEN, 12
<134>2021-07-15T00:46:18Z cache-den8274 MEWElogs[216063]: CROP, 1626309977756708696, DEN, 12
<134>2021-07-15T00:46:26Z cache-mrs10583 MEWElogs[216063]: CROP, 1626309985432710648, MRS, 12
<134>2021-07-15T00:46:29Z cache-den8274 MEWElogs[216063]: CROP, 1626309988717991522, DEN, 12
<134>2021-07-15T00:46:38Z cache-mrs10583 MEWElogs[216063]: CROP, 1626309996975472020, MRS, 12
<134>2021-07-15T00:46:50Z cache-mad22068 MEWElogs[216063]: CROP, 1626310010073882424, MAD, 12
<134>2021-07-15T00:46:59Z cache-iah17271 MEWElogs[216063]: CROP, 1626310018159570182, IAH, 12
<134>2021-07-15T00:47:13Z cache-cwb20520 MEWElogs[216063]: CROP, 1626310032834038775, CWB, 12
<134>2021-07-15T00:47:22Z cache-jnb7027 MEWElogs[216063]: CROP, 1626310041107057449, JNB, 12
<134>2021-07-15T00:47:35Z cache-mad22068 MEWElogs[216063]: CROP, 1626310054981844051, MAD, 12
<134>2021-07-15T00:47:36Z cache-mrs10583 MEWElogs[216063]: CROP, 1626310055058342388, MRS, 12
<134>2021-07-15T00:47:42Z cache-mad22068 MEWElogs[216063]: CROP, 1626310061360212064, MAD, 12
<134>2021-07-15T00:47:57Z cache-jnb7027 MEWElogs[216063]: CROP, 1626310076398090398, JNB, 12
<134>2021-07-15T00:47:57Z cache-mia11368 MEWElogs[216063]: CROP, 1626310077150546279, MIA, 12
<134>2021-07-15T00:48:15Z cache-mia11368 MEWElogs[216063]: CROP, 1626310095035403396, MIA, 12
<134>2021-07-15T00:48:20Z cache-mia11368 MEWElogs[216063]: CROP, 1626310099848249602, MIA, 12
<134>2021-07-15T00:48:23Z cache-mad22068 MEWElogs[216063]: CROP, 1626310102451855524, MAD, 12
<134>2021-07-15T00:48:35Z cache-man4150 MEWElogs[216063]: CROP, 1626310114712984781, MAN, 12
<134>2021-07-15T00:48:43Z cache-mia11368 MEWElogs[216063]: CROP, 1626310123193307708, MIA, 12
<134>2021-07-15T00:48:46Z cache-bur17583 MEWElogs[216063]: CROP, 1626310126220295378, BUR, 12
<134>2021-07-15T00:48:47Z cache-hkg17929 MEWElogs[216063]: CROP, 1626310126950430864, HKG, 12
