<134>2021-07-15T06:20:58Z cache-mdw17383 MEWElogs[39982]: UNSH, 1626330057894266491, MDW, 16
<134>2021-07-15T06:22:04Z cache-pdk17882 MEWElogs[39982]: UNSH, 1626330123753405498, PDK, 16
<134>2021-07-15T06:22:05Z cache-mdw17383 MEWElogs[39982]: UNSH, 1626330124265158460, MDW, 16
<134>2021-07-15T06:22:07Z cache-maa10251 MEWElogs[39982]: UNSH, 1626330126224628031, MAA, 16
<134>2021-07-15T06:22:13Z cache-pdk17882 MEWElogs[39982]: UNSH, 1626330132936438921, PDK, 16
<134>2021-07-15T06:23:03Z cache-ams21020 MEWElogs[39982]: UNSH, 1626330182767935487, AMS, 16
<134>2021-07-15T06:23:21Z cache-cmh21547 MEWElogs[39982]: UNSH, 1626330200683373419, CMH, 16
<134>2021-07-15T06:23:43Z cache-cmh21547 MEWElogs[39982]: UNSH, 1626330222589994431, CMH, 16
<134>2021-07-15T06:23:53Z cache-wdc5583 MEWElogs[39982]: UNSH, 1626330233190369519, WDC, 16
<134>2021-07-15T06:24:25Z cache-wdc5583 MEWElogs[39982]: UNSH, 1626330264084075244, WDC, 16
<134>2021-07-15T06:24:43Z cache-akl10324 MEWElogs[39982]: UNSH, 1626330283600935300, AKL, 16
<134>2021-07-15T06:25:46Z cache-cph20625 MEWElogs[39982]: UNSH, 1626330345471215794, CPH, 16
<134>2021-07-15T06:26:55Z cache-dfw18678 MEWElogs[39982]: UNSH, 1626330414558997984, DFW, 16
<134>2021-07-15T06:26:58Z cache-akl10324 MEWElogs[39982]: UNSH, 1626330417350656759, AKL, 16
<134>2021-07-15T06:27:03Z cache-mdw17383 MEWElogs[39982]: UNSH, 1626330423267034196, MDW, 16
<134>2021-07-15T06:28:01Z cache-hhn4077 MEWElogs[39982]: UNSH, 1626330480826282850, HHN, 16
<134>2021-07-15T06:28:08Z cache-dub4329 MEWElogs[39982]: UNSH, 1626330487676932767, DUB, 16
<134>2021-07-15T06:28:25Z cache-dfw18678 MEWElogs[39982]: UNSH, 1626330505032656699, DFW, 16
<134>2021-07-15T06:28:29Z cache-hhn4077 MEWElogs[39982]: UNSH, 1626330508305124660, HHN, 16
<134>2021-07-15T06:28:57Z cache-dub4329 MEWElogs[39982]: UNSH, 1626330536840040281, DUB, 16
<134>2021-07-15T06:30:00Z cache-hhn4077 MEWElogs[39982]: UNSH, 1626330598944613382, HHN, 16
<134>2021-07-15T06:30:37Z cache-del21735 MEWElogs[39982]: UNSH, 1626330635924071461, DEL, 16
<134>2021-07-15T06:30:42Z cache-bos4657 MEWElogs[39982]: UNSH, 1626330642660633911, BOS, 16
