<134>2021-07-15T06:29:36Z cache-dfw18678 MEWElogs[382896]: UNSH, 1626330575389316740, DFW, 16
<134>2021-07-15T06:29:38Z cache-cwb20520 MEWElogs[382896]: UNSH, 1626330577634828847, CWB, 16
<134>2021-07-15T06:29:41Z cache-fty21383 MEWElogs[382896]: UNSH, 1626330580001120337, FTY, 16
<134>2021-07-15T06:30:09Z cache-akl10324 MEWElogs[382896]: UNSH, 1626330608102748674, AKL, 16
<134>2021-07-15T06:30:45Z cache-dub4329 MEWElogs[382896]: UNSH, 1626330644148074509, DUB, 16
<134>2021-07-15T06:30:54Z cache-hhn4077 MEWElogs[382896]: UNSH, 1626330653634660086, HHN, 16
<134>2021-07-15T06:31:51Z cache-dub4329 MEWElogs[382896]: UNSH, 1626330710199471550, DUB, 16
<134>2021-07-15T06:32:22Z cache-del21735 MEWElogs[382896]: UNSH, 1626330741157096326, DEL, 16
<134>2021-07-15T06:32:41Z cache-del21735 MEWElogs[382896]: UNSH, 1626330760204300564, DEL, 16
<134>2021-07-15T06:32:46Z cache-cwb20520 MEWElogs[382896]: UNSH, 1626330765459509302, CWB, 16
<134>2021-07-15T06:33:04Z cache-hhn4077 MEWElogs[382896]: UNSH, 1626330783352747003, HHN, 16
<134>2021-07-15T06:33:14Z cache-pwk4920 MEWElogs[382896]: UNSH, 1626330793750413315, PWK, 16
<134>2021-07-15T06:33:14Z cache-akl10324 MEWElogs[382896]: UNSH, 1626330794643499932, AKL, 16
<134>2021-07-15T06:33:48Z cache-cwb20520 MEWElogs[382896]: UNSH, 1626330827417003179, CWB, 16
<134>2021-07-15T06:34:45Z cache-fty21383 MEWElogs[382896]: UNSH, 1626330884606273173, FTY, 16
<134>2021-07-15T06:35:02Z cache-fty21383 MEWElogs[382896]: UNSH, 1626330901904505966, FTY, 16
<134>2021-07-15T06:35:10Z cache-hhn4077 MEWElogs[382896]: UNSH, 1626330910372510916, HHN, 16
<134>2021-07-15T06:35:41Z cache-dub4329 MEWElogs[382896]: UNSH, 1626330940852882477, DUB, 16
<134>2021-07-15T06:35:42Z cache-del21735 MEWElogs[382896]: UNSH, 1626330941621812310, DEL, 16
<134>2021-07-15T06:35:45Z cache-dal21283 MEWElogs[382896]: UNSH, 1626330945370369667, DAL, 16
<134>2021-07-15T06:35:52Z cache-del21735 MEWElogs[382896]: UNSH, 1626330951146609635, DEL, 16
<134>2021-07-15T06:35:53Z cache-cwb20520 MEWElogs[382896]: UNSH, 1626330952096700646, CWB, 16
<134>2021-07-15T06:35:56Z cache-bos4657 MEWElogs[382896]: UNSH, 1626330955863967009, BOS, 16
<134>2021-07-15T06:36:35Z cache-cwb20520 MEWElogs[382896]: UNSH, 1626330994102889385, CWB, 16
<134>2021-07-15T06:36:55Z cache-akl10324 MEWElogs[382896]: UNSH, 1626331014579262305, AKL, 16
<134>2021-07-15T06:37:11Z cache-hhn4077 MEWElogs[382896]: UNSH, 1626331030036706300, HHN, 16
<134>2021-07-15T06:37:17Z cache-dal21283 MEWElogs[382896]: UNSH, 1626331037442013891, DAL, 16
<134>2021-07-15T06:37:37Z cache-cwb20520 MEWElogs[382896]: UNSH, 1626331056308286899, CWB, 16
<134>2021-07-15T06:37:38Z cache-pwk4920 MEWElogs[382896]: UNSH, 1626331057781402072, PWK, 16
<134>2021-07-15T06:37:48Z cache-pwk4920 MEWElogs[382896]: UNSH, 1626331067069861792, PWK, 16
<134>2021-07-15T06:39:07Z cache-chi21126 MEWElogs[382896]: UNSH, 1626331146693106172, CHI, 16
