<134>2021-07-14T16:21:38Z cache-wdc5583 MEWElogs[322581]: FLIPH, 1626279697811212721, WDC, 10
<134>2021-07-14T16:21:48Z cache-pdk17882 MEWElogs[322581]: FLIPH, 1626279707018127842, PDK, 10
<134>2021-07-14T16:21:49Z cache-bog6425 MEWElogs[322581]: FLIPH, 1626279708190943522, BOG, 10
<134>2021-07-14T16:22:01Z cache-mdw17383 MEWElogs[322581]: FLIPH, 1626279720686396747, MDW, 10
<134>2021-07-14T16:27:18Z cache-wdc5583 MEWElogs[322581]: FLIPH, 1626280038129991692, WDC, -1
<134>2021-07-14T16:27:26Z cache-dca17782 MEWElogs[322581]: FLIPH, 1626280045244004380, DCA, -1
<134>2021-07-14T16:27:39Z cache-wdc5583 MEWElogs[322581]: FLIPH, 1626280058285306552, WDC, -1
<134>2021-07-14T16:27:40Z cache-bog6425 MEWElogs[322581]: FLIPH, 1626280059611700239, BOG, 10
<134>2021-07-14T16:27:42Z cache-mdw17383 MEWElogs[322581]: FLIPH, 1626280061925125061, MDW, -1
<134>2021-07-14T16:27:57Z cache-cmh21547 MEWElogs[322581]: FLIPH, 1626280076243248291, CMH, 10
<134>2021-07-14T16:28:04Z cache-ams21020 MEWElogs[322581]: FLIPH, 1626280083521650330, AMS, -1
<134>2021-07-14T16:28:31Z cache-dca17782 MEWElogs[322581]: FLIPH, 1626280110835252208, DCA, -1
<134>2021-07-14T16:28:48Z cache-bog6425 MEWElogs[322581]: FLIPH, 1626280128235420682, BOG, 10
<134>2021-07-14T16:28:59Z cache-dca17782 MEWElogs[322581]: FLIPH, 1626280138748234290, DCA, -1
<134>2021-07-14T16:29:13Z cache-pdk17882 MEWElogs[322581]: FLIPH, 1626280153504461704, PDK, -1
<134>2021-07-14T16:30:49Z cache-maa10251 MEWElogs[322581]: FLIPH, 1626280248927087663, MAA, 10
<134>2021-07-14T16:30:52Z cache-wdc5583 MEWElogs[322581]: FLIPH, 1626280251326137779, WDC, 10
<134>2021-07-14T16:30:58Z cache-ord1740 MEWElogs[322581]: FLIPH, 1626280257815738965, ORD, 10
<134>2021-07-14T16:31:14Z cache-bog6425 MEWElogs[322581]: FLIPH, 1626280273259920148, BOG, -1
<134>2021-07-14T16:31:15Z cache-pdk17882 MEWElogs[322581]: FLIPH, 1626280275216591457, PDK, 10
<134>2021-07-14T16:31:23Z cache-wdc5583 MEWElogs[322581]: FLIPH, 1626280282938629287, WDC, 10
<134>2021-07-14T16:31:35Z cache-ord1740 MEWElogs[322581]: FLIPH, 1626280294192720098, ORD, 10
