<134>2021-07-15T04:16:34Z cache-pdk17882 MEWElogs[370074]: ROTATE, 1626322593719553689, PDK, 15
<134>2021-07-15T04:16:38Z cache-ams21020 MEWElogs[370074]: ROTATE, 1626322597565091594, AMS, 15
<134>2021-07-15T04:17:03Z cache-dca17782 MEWElogs[370074]: ROTATE, 1626322622776318546, DCA, 15
<134>2021-07-15T04:17:06Z cache-wdc5583 MEWElogs[370074]: ROTATE, 1626322625670696323, WDC, 15
<134>2021-07-15T04:17:17Z cache-wdc5583 MEWElogs[370074]: ROTATE, 1626322636920841855, WDC, 15
<134>2021-07-15T04:17:58Z cache-pdk17882 MEWElogs[370074]: ROTATE, 1626322677168089051, PDK, 15
<134>2021-07-15T04:18:00Z cache-ord1740 MEWElogs[370074]: ROTATE, 1626322679235070180, ORD, 15
<134>2021-07-15T04:18:37Z cache-ord1740 MEWElogs[370074]: ROTATE, 1626322716300139857, ORD, 15
<134>2021-07-15T04:18:53Z cache-wdc5583 MEWElogs[370074]: ROTATE, 1626322732961700060, WDC, 15
<134>2021-07-15T04:18:56Z cache-ord1740 MEWElogs[370074]: ROTATE, 1626322735009522511, ORD, 15
<134>2021-07-15T04:19:02Z cache-pdk17882 MEWElogs[370074]: ROTATE, 1626322742295180662, PDK, 15
<134>2021-07-15T04:19:18Z cache-cph20625 MEWElogs[370074]: ROTATE, 1626322757110466333, CPH, 15
<134>2021-07-15T04:19:49Z cache-pdk17882 MEWElogs[370074]: ROTATE, 1626322788136967375, PDK, 15
<134>2021-07-15T04:19:51Z cache-ord1740 MEWElogs[370074]: ROTATE, 1626322790334437511, ORD, 15
<134>2021-07-15T04:22:35Z cache-bog6425 MEWElogs[370074]: ROTATE, 1626322954008002584, BOG, 15
<134>2021-07-15T04:23:22Z cache-fty21383 MEWElogs[370074]: ROTATE, 1626323001772895154, FTY, 15
<134>2021-07-15T04:23:30Z cache-bos4657 MEWElogs[370074]: ROTATE, 1626323009628370502, BOS, 15
<134>2021-07-15T04:23:47Z cache-chi21126 MEWElogs[370074]: ROTATE, 1626323026872758245, CHI, 15
<134>2021-07-15T04:23:53Z cache-wdc5583 MEWElogs[370074]: ROTATE, 1626323032779922838, WDC, 15
<134>2021-07-15T04:24:03Z cache-wdc5583 MEWElogs[370074]: ROTATE, 1626323043783143931, WDC, 15
<134>2021-07-15T04:24:35Z cache-pwk4920 MEWElogs[370074]: ROTATE, 1626323074827683158, PWK, 15
<134>2021-07-15T04:25:20Z cache-bos4657 MEWElogs[370074]: ROTATE, 1626323120051543320, BOS, 15
<134>2021-07-15T04:25:53Z cache-chi21126 MEWElogs[370074]: ROTATE, 1626323152564445905, CHI, 15
<134>2021-07-15T04:26:15Z cache-cwb20520 MEWElogs[370074]: ROTATE, 1626323174417549087, CWB, 15
<134>2021-07-15T04:26:24Z cache-akl10324 MEWElogs[370074]: ROTATE, 1626323183422236268, AKL, 15
<134>2021-07-15T04:26:25Z cache-chi21126 MEWElogs[370074]: ROTATE, 1626323184763911889, CHI, 15
