<134>2021-07-15T06:09:26Z cache-ams21020 MEWElogs[308969]: UNSH, 1626329365703897284, AMS, 16
<134>2021-07-15T06:09:29Z cache-bog6425 MEWElogs[308969]: UNSH, 1626329368531745509, BOG, 16
<134>2021-07-15T06:09:48Z cache-ord1740 MEWElogs[308969]: UNSH, 1626329387424739138, ORD, 16
<134>2021-07-15T06:10:17Z cache-ams21020 MEWElogs[308969]: UNSH, 1626329416840114708, AMS, 16
<134>2021-07-15T06:10:48Z cache-maa10251 MEWElogs[308969]: UNSH, 1626329447371679760, MAA, 16
<134>2021-07-15T06:10:50Z cache-cmh21547 MEWElogs[308969]: UNSH, 1626329449084577964, CMH, 16
<134>2021-07-15T06:11:34Z cache-ams21020 MEWElogs[308969]: UNSH, 1626329493587757745, AMS, 16
<134>2021-07-15T06:12:36Z cache-bog6425 MEWElogs[308969]: UNSH, 1626329554973590135, BOG, 16
<134>2021-07-15T06:14:10Z cache-cmh21547 MEWElogs[308969]: UNSH, 1626329649054024541, CMH, 16
<134>2021-07-15T06:14:21Z cache-cmh21547 MEWElogs[308969]: UNSH, 1626329660138532542, CMH, 16
<134>2021-07-15T06:14:47Z cache-cph20625 MEWElogs[308969]: UNSH, 1626329686880848860, CPH, 16
<134>2021-07-15T06:14:54Z cache-wdc5583 MEWElogs[308969]: UNSH, 1626329693056271775, WDC, 16
<134>2021-07-15T06:15:15Z cache-ams21020 MEWElogs[308969]: UNSH, 1626329714260279512, AMS, 16
<134>2021-07-15T06:15:32Z cache-ams21020 MEWElogs[308969]: UNSH, 1626329731554382286, AMS, 16
<134>2021-07-15T06:16:17Z cache-ord1740 MEWElogs[308969]: UNSH, 1626329776066375637, ORD, 16
<134>2021-07-15T06:16:44Z cache-cmh21547 MEWElogs[308969]: UNSH, 1626329804059636623, CMH, 16
<134>2021-07-15T06:17:00Z cache-dca17782 MEWElogs[308969]: UNSH, 1626329819676976219, DCA, 16
<134>2021-07-15T06:17:10Z cache-dca17782 MEWElogs[308969]: UNSH, 1626329828988588925, DCA, 16
<134>2021-07-15T06:18:35Z cache-mdw17383 MEWElogs[308969]: UNSH, 1626329914394832119, MDW, 16
<134>2021-07-15T06:18:43Z cache-wdc5583 MEWElogs[308969]: UNSH, 1626329922571114830, WDC, 16
