<134>2021-07-14T16:31:49Z cache-ord1740 MEWElogs[503012]: FLIPH, 1626280309526938555, ORD, -1
<134>2021-07-14T16:32:06Z cache-maa10251 MEWElogs[503012]: FLIPH, 1626280325605992082, MAA, -1
<134>2021-07-14T16:32:12Z cache-bog6425 MEWElogs[503012]: FLIPH, 1626280331932948025, BOG, -1
<134>2021-07-14T16:32:15Z cache-maa10251 MEWElogs[503012]: FLIPH, 1626280335346937494, MAA, -1
<134>2021-07-14T16:32:23Z cache-ams21020 MEWElogs[503012]: FLIPH, 1626280342530176761, AMS, 10
<134>2021-07-14T16:32:26Z cache-cmh21547 MEWElogs[503012]: FLIPH, 1626280345693296038, CMH, -1
<134>2021-07-14T16:32:37Z cache-wdc5583 MEWElogs[503012]: FLIPH, 1626280356504768991, WDC, 10
<134>2021-07-14T16:32:38Z cache-maa10251 MEWElogs[503012]: FLIPH, 1626280357803566300, MAA, 10
<134>2021-07-14T16:32:43Z cache-dca17782 MEWElogs[503012]: FLIPH, 1626280363802802074, DCA, -1
<134>2021-07-14T16:32:54Z cache-dca17782 MEWElogs[503012]: FLIPH, 1626280373363903145, DCA, -1
<134>2021-07-14T16:33:21Z cache-cmh21547 MEWElogs[503012]: FLIPH, 1626280400427814069, CMH, -1
<134>2021-07-14T16:33:28Z cache-wdc5583 MEWElogs[503012]: FLIPH, 1626280407967629435, WDC, 10
<134>2021-07-14T16:33:32Z cache-pdk17882 MEWElogs[503012]: FLIPH, 1626280411914901868, PDK, 10
<134>2021-07-14T16:33:37Z cache-mdw17383 MEWElogs[503012]: FLIPH, 1626280416384393858, MDW, -1
<134>2021-07-14T16:33:44Z cache-eze19324 MEWElogs[503012]: FLIPH, 1626280423933235879, EZE, 10
<134>2021-07-14T16:33:44Z cache-bog6425 MEWElogs[503012]: FLIPH, 1626280424070669429, BOG, 10
<134>2021-07-14T16:33:47Z cache-pdk17882 MEWElogs[503012]: FLIPH, 1626280426973673164, PDK, -1
<134>2021-07-14T16:33:58Z cache-cmh21547 MEWElogs[503012]: FLIPH, 1626280437076609973, CMH, 10
<134>2021-07-14T16:33:59Z cache-mdw17383 MEWElogs[503012]: FLIPH, 1626280438595944008, MDW, -1
<134>2021-07-14T16:34:02Z cache-mdw17383 MEWElogs[503012]: FLIPH, 1626280442291995675, MDW, 10
<134>2021-07-14T16:34:03Z cache-dca17782 MEWElogs[503012]: FLIPH, 1626280443009746568, DCA, 10
<134>2021-07-14T16:34:04Z cache-maa10251 MEWElogs[503012]: FLIPH, 1626280443450773178, MAA, -1
<134>2021-07-14T16:34:44Z cache-pdk17882 MEWElogs[503012]: FLIPH, 1626280484024695643, PDK, 10
<134>2021-07-14T16:34:54Z cache-maa10251 MEWElogs[503012]: FLIPH, 1626280493380282580, MAA, -1
<134>2021-07-14T16:34:54Z cache-eze19324 MEWElogs[503012]: FLIPH, 1626280494341647525, EZE, 10
<134>2021-07-14T16:35:10Z cache-dca17782 MEWElogs[503012]: FLIPH, 1626280509426603584, DCA, 10
<134>2021-07-14T16:35:14Z cache-cmh21547 MEWElogs[503012]: FLIPH, 1626280513688542708, CMH, 10
<134>2021-07-14T16:35:48Z cache-ams21020 MEWElogs[503012]: FLIPH, 1626280547760998276, AMS, 10
<134>2021-07-14T16:35:53Z cache-mdw17383 MEWElogs[503012]: FLIPH, 1626280552971914110, MDW, 10
<134>2021-07-14T16:35:54Z cache-wdc5583 MEWElogs[503012]: FLIPH, 1626280553403541146, WDC, 10
<134>2021-07-14T16:36:15Z cache-mdw17383 MEWElogs[503012]: FLIPH, 1626280575025516379, MDW, 10
<134>2021-07-14T16:36:19Z cache-ams21020 MEWElogs[503012]: FLIPH, 1626280579010473889, AMS, -1
<134>2021-07-14T16:36:21Z cache-dca17782 MEWElogs[503012]: FLIPH, 1626280580803172798, DCA, -1
<134>2021-07-14T16:36:26Z cache-ord1740 MEWElogs[503012]: FLIPH, 1626280585670942763, ORD, 10
<134>2021-07-14T16:36:31Z cache-wdc5583 MEWElogs[503012]: FLIPH, 1626280590943402686, WDC, -1
<134>2021-07-14T16:36:35Z cache-ord1740 MEWElogs[503012]: FLIPH, 1626280594792164824, ORD, 10
<134>2021-07-14T16:36:37Z cache-ams21020 MEWElogs[503012]: FLIPH, 1626280596495040502, AMS, -1
<134>2021-07-14T16:36:38Z cache-pdk17882 MEWElogs[503012]: FLIPH, 1626280598854006108, PDK, -1
<134>2021-07-14T16:36:53Z cache-dca17782 MEWElogs[503012]: FLIPH, 1626280612996806283, DCA, 10
<134>2021-07-14T16:36:56Z cache-ams21020 MEWElogs[503012]: FLIPH, 1626280616623725586, AMS, 10
<134>2021-07-14T16:37:00Z cache-bog6425 MEWElogs[503012]: FLIPH, 1626280619992534556, BOG, 10
<134>2021-07-14T16:37:02Z cache-dca17782 MEWElogs[503012]: FLIPH, 1626280622287301334, DCA, 10
<134>2021-07-14T16:37:07Z cache-mdw17383 MEWElogs[503012]: FLIPH, 1626280626116777202, MDW, -1
<134>2021-07-14T16:37:15Z cache-maa10251 MEWElogs[503012]: FLIPH, 1626280634232431053, MAA, 10
<134>2021-07-14T16:37:15Z cache-wdc5583 MEWElogs[503012]: FLIPH, 1626280634789506338, WDC, 10
<134>2021-07-14T16:37:21Z cache-dca17782 MEWElogs[503012]: FLIPH, 1626280640998484821, DCA, 10
<134>2021-07-14T16:37:23Z cache-ams21020 MEWElogs[503012]: FLIPH, 1626280642633437960, AMS, 10
<134>2021-07-14T16:37:33Z cache-pdk17882 MEWElogs[503012]: FLIPH, 1626280653198821284, PDK, -1
<134>2021-07-14T16:37:36Z cache-bog6425 MEWElogs[503012]: FLIPH, 1626280656133606121, BOG, -1
<134>2021-07-14T16:37:36Z cache-pdk17882 MEWElogs[503012]: FLIPH, 1626280656121547998, PDK, 10
<134>2021-07-14T16:37:40Z cache-mdw17383 MEWElogs[503012]: FLIPH, 1626280659350610852, MDW, -1
<134>2021-07-14T16:37:52Z cache-pdk17882 MEWElogs[503012]: FLIPH, 1626280671465850894, PDK, -1
<134>2021-07-14T16:37:54Z cache-cmh21547 MEWElogs[503012]: FLIPH, 1626280672989084910, CMH, -1
<134>2021-07-14T16:37:54Z cache-pdk17882 MEWElogs[503012]: FLIPH, 1626280674388105833, PDK, 10
<134>2021-07-14T16:37:59Z cache-eze19324 MEWElogs[503012]: FLIPH, 1626280679296231438, EZE, -1
<134>2021-07-14T16:38:37Z cache-ams21020 MEWElogs[503012]: FLIPH, 1626280716496055785, AMS, -1
<134>2021-07-14T16:38:39Z cache-pdk17882 MEWElogs[503012]: FLIPH, 1626280719708646386, PDK, 10
<134>2021-07-14T16:38:43Z cache-maa10251 MEWElogs[503012]: FLIPH, 1626280722173345268, MAA, 10
<134>2021-07-14T16:39:00Z cache-eze19324 MEWElogs[503012]: FLIPH, 1626280739115325554, EZE, -1
<134>2021-07-14T16:39:00Z cache-wdc5583 MEWElogs[503012]: FLIPH, 1626280739946886033, WDC, 10
<134>2021-07-14T16:39:04Z cache-bog6425 MEWElogs[503012]: FLIPH, 1626280744784147227, BOG, -1
<134>2021-07-14T16:39:08Z cache-bog6425 MEWElogs[503012]: FLIPH, 1626280747652769395, BOG, 10
<134>2021-07-14T16:39:19Z cache-mdw17383 MEWElogs[503012]: FLIPH, 1626280759425228641, MDW, -1
<134>2021-07-14T16:39:27Z cache-bog6425 MEWElogs[503012]: FLIPH, 1626280767120419468, BOG, 10
<134>2021-07-14T16:39:32Z cache-ams21020 MEWElogs[503012]: FLIPH, 1626280771717928070, AMS, 10
<134>2021-07-14T16:39:44Z cache-pdk17882 MEWElogs[503012]: FLIPH, 1626280784318614376, PDK, 10
<134>2021-07-14T16:39:47Z cache-cmh21547 MEWElogs[503012]: FLIPH, 1626280786847223416, CMH, 10
<134>2021-07-14T16:39:47Z cache-bog6425 MEWElogs[503012]: FLIPH, 1626280786322774553, BOG, 10
<134>2021-07-14T16:40:04Z cache-ord1740 MEWElogs[503012]: FLIPH, 1626280803379053225, ORD, 10
<134>2021-07-14T16:40:12Z cache-wdc5583 MEWElogs[503012]: FLIPH, 1626280811554558298, WDC, -1
<134>2021-07-14T16:40:13Z cache-eze19324 MEWElogs[503012]: FLIPH, 1626280812307705881, EZE, 10
<134>2021-07-14T16:40:14Z cache-bog6425 MEWElogs[503012]: FLIPH, 1626280813996106505, BOG, -1
<134>2021-07-14T16:40:17Z cache-bog6425 MEWElogs[503012]: FLIPH, 1626280816851350842, BOG, 10
<134>2021-07-14T16:40:33Z cache-bog6425 MEWElogs[503012]: FLIPH, 1626280833455119554, BOG, -1
<134>2021-07-14T16:40:50Z cache-maa10251 MEWElogs[503012]: FLIPH, 1626280849197738853, MAA, 10
<134>2021-07-14T16:40:54Z cache-ord1740 MEWElogs[503012]: FLIPH, 1626280854503460016, ORD, -1
<134>2021-07-14T16:40:57Z cache-ams21020 MEWElogs[503012]: FLIPH, 1626280856702894862, AMS, 10
<134>2021-07-14T16:41:02Z cache-bog6425 MEWElogs[503012]: FLIPH, 1626280862641704777, BOG, -1
<134>2021-07-14T16:41:09Z cache-maa10251 MEWElogs[503012]: FLIPH, 1626280868529629495, MAA, 10
<134>2021-07-14T16:41:11Z cache-cph20625 MEWElogs[503012]: FLIPH, 1626280870419122408, CPH, -1
<134>2021-07-14T16:41:24Z cache-pdk17882 MEWElogs[503012]: FLIPH, 1626280883962041353, PDK, 10
<134>2021-07-14T16:41:25Z cache-dca17782 MEWElogs[503012]: FLIPH, 1626280884574219343, DCA, 10
<134>2021-07-14T16:41:35Z cache-bog6425 MEWElogs[503012]: FLIPH, 1626280894675330601, BOG, 10
<134>2021-07-14T16:41:37Z cache-cph20625 MEWElogs[503012]: FLIPH, 1626280897462459058, CPH, 10
<134>2021-07-14T16:41:47Z cache-cmh21547 MEWElogs[503012]: FLIPH, 1626280907305763697, CMH, 10
