<134>2021-07-14T22:12:05Z cache-mrs10583 MEWElogs[369035]: BLUR, 1626300724705515434, MRS, 11
<134>2021-07-14T22:13:15Z cache-mrs10583 MEWElogs[369035]: BLUR, 1626300794161797137, MRS, 11
<134>2021-07-14T22:13:23Z cache-cwb20520 MEWElogs[369035]: BLUR, 1626300803291991643, CWB, 11
<134>2021-07-14T22:13:36Z cache-iah17271 MEWElogs[369035]: BLUR, 1626300815954053590, IAH, 11
<134>2021-07-14T22:13:50Z cache-dal21283 MEWElogs[369035]: BLUR, 1626300829548795796, DAL, 11
<134>2021-07-14T22:13:56Z cache-iah17271 MEWElogs[369035]: BLUR, 1626300835487888757, IAH, 11
<134>2021-07-14T22:15:13Z cache-lhr7382 MEWElogs[369035]: BLUR, 1626300912834513657, LHR, 11
<134>2021-07-14T22:15:24Z cache-mci5951 MEWElogs[369035]: BLUR, 1626300924510098888, MCI, 11
<134>2021-07-14T22:15:43Z cache-mci5951 MEWElogs[369035]: BLUR, 1626300942687433952, MCI, 11
<134>2021-07-14T22:15:57Z cache-dal21283 MEWElogs[369035]: BLUR, 1626300956403601237, DAL, 11
<134>2021-07-14T22:15:59Z cache-mia11368 MEWElogs[369035]: BLUR, 1626300958690250220, MIA, 11
<134>2021-07-14T22:16:16Z cache-mad22068 MEWElogs[369035]: BLUR, 1626300976553490510, MAD, 11
<134>2021-07-14T22:16:26Z cache-hkg17929 MEWElogs[369035]: BLUR, 1626300985341894274, HKG, 11
<134>2021-07-14T22:16:54Z cache-jax20933 MEWElogs[369035]: BLUR, 1626301014074695625, JAX, 11
<134>2021-07-14T22:17:37Z cache-mad22068 MEWElogs[369035]: BLUR, 1626301057160338572, MAD, 11
<134>2021-07-14T22:17:44Z cache-lhr7382 MEWElogs[369035]: BLUR, 1626301063736697126, LHR, 11
<134>2021-07-14T22:18:26Z cache-mia11368 MEWElogs[369035]: BLUR, 1626301105390373239, MIA, 11
<134>2021-07-14T22:18:29Z cache-lhr7382 MEWElogs[369035]: BLUR, 1626301108739991590, LHR, 11
<134>2021-07-14T22:18:48Z cache-stp9226 MEWElogs[369035]: BLUR, 1626301127845371208, STP, 11
<134>2021-07-14T22:18:49Z cache-bur17583 MEWElogs[369035]: BLUR, 1626301128720204416, BUR, 11
<134>2021-07-14T22:19:02Z cache-mia11368 MEWElogs[369035]: BLUR, 1626301141674354286, MIA, 11
<134>2021-07-14T22:19:35Z cache-mrs10583 MEWElogs[369035]: BLUR, 1626301174173879724, MRS, 11
<134>2021-07-14T22:20:16Z cache-lhr7382 MEWElogs[369035]: BLUR, 1626301215532504803, LHR, 11
<134>2021-07-14T22:20:23Z cache-mad22068 MEWElogs[369035]: BLUR, 1626301222761932424, MAD, 11
<134>2021-07-14T22:20:59Z cache-stp9226 MEWElogs[369035]: BLUR, 1626301258634038712, STP, 11
<134>2021-07-14T22:21:11Z cache-mci5951 MEWElogs[369035]: BLUR, 1626301270898897203, MCI, 11
<134>2021-07-14T22:21:27Z cache-mrs10583 MEWElogs[369035]: BLUR, 1626301286291771889, MRS, 11
<134>2021-07-14T22:21:29Z cache-mci5951 MEWElogs[369035]: BLUR, 1626301288882938529, MCI, 11
