<134>2021-07-15T04:59:42Z cache-mrs10583 MEWElogs[320228]: ROTATE, 1626325180979790367, MRS, 15
<134>2021-07-15T05:00:11Z cache-mci5951 MEWElogs[320228]: ROTATE, 1626325209988225273, MCI, 15
<134>2021-07-15T05:00:39Z cache-lax10677 MEWElogs[320228]: ROTATE, 1626325239703010182, LGB, 15
<134>2021-07-15T05:01:16Z cache-hkg17929 MEWElogs[320228]: ROTATE, 1626325275910409724, HKG, 15
<134>2021-07-15T05:01:56Z cache-ewr18156 MEWElogs[320228]: ROTATE, 1626325316021679063, EWR, 15
<134>2021-07-15T05:02:03Z cache-mci5951 MEWElogs[320228]: ROTATE, 1626325322546554243, MCI, 15
<134>2021-07-15T05:02:51Z cache-ewr18156 MEWElogs[320228]: ROTATE, 1626325370534370249, EWR, 15
<134>2021-07-15T05:02:53Z cache-lhr7382 MEWElogs[320228]: ROTATE, 1626325373001123154, LHR, 15
<134>2021-07-15T05:03:59Z cache-lax10677 MEWElogs[320228]: ROTATE, 1626325439329191665, LGB, 15
<134>2021-07-15T05:04:00Z cache-man4150 MEWElogs[320228]: ROTATE, 1626325439051897568, MAN, 15
<134>2021-07-15T05:04:07Z cache-mci5951 MEWElogs[320228]: ROTATE, 1626325446128021667, MCI, 15
<134>2021-07-15T05:05:20Z cache-mel11272 MEWElogs[320228]: ROTATE, 1626325519642055783, MEL, 15
<134>2021-07-15T05:05:48Z cache-lax10677 MEWElogs[320228]: ROTATE, 1626325547887172767, LGB, 15
<134>2021-07-15T05:06:09Z cache-lga21983 MEWElogs[320228]: ROTATE, 1626325568938684673, LGA, 15
<134>2021-07-15T05:06:11Z cache-lax10677 MEWElogs[320228]: ROTATE, 1626325571174034246, LGB, 15
<134>2021-07-15T05:06:12Z cache-man4150 MEWElogs[320228]: ROTATE, 1626325571035721794, MAN, 15
<134>2021-07-15T05:07:35Z cache-mel11272 MEWElogs[320228]: ROTATE, 1626325654052947882, MEL, 15
<134>2021-07-15T05:07:40Z cache-lga21983 MEWElogs[320228]: ROTATE, 1626325660806578720, LGA, 15
<134>2021-07-15T05:08:05Z cache-stp9226 MEWElogs[320228]: ROTATE, 1626325684284581805, STP, 15
<134>2021-07-15T05:08:24Z cache-osl6529 MEWElogs[320228]: ROTATE, 1626325703613117099, OSL, 15
<134>2021-07-15T05:08:48Z cache-stp9226 MEWElogs[320228]: ROTATE, 1626325727398775359, STP, 15
<134>2021-07-15T05:09:20Z cache-lax10677 MEWElogs[320228]: ROTATE, 1626325759908265747, LGB, 15
<134>2021-07-15T05:09:32Z cache-cdg20720 MEWElogs[320228]: ROTATE, 1626325771535263355, CDG, 15
