<134>2021-07-15T05:18:00Z cache-cdg20720 MEWElogs[390968]: ROTATE, 1626326279597751167, CDG, 15
<134>2021-07-15T05:18:09Z cache-cdg20720 MEWElogs[390968]: ROTATE, 1626326288590858107, CDG, 15
<134>2021-07-15T05:18:22Z cache-osl6529 MEWElogs[390968]: ROTATE, 1626326301587720349, OSL, 15
<134>2021-07-15T05:18:47Z cache-scl19427 MEWElogs[390968]: ROTATE, 1626326327399036914, SCL, 15
<134>2021-07-15T05:18:47Z cache-bom4751 MEWElogs[390968]: ROTATE, 1626326327809595410, BOM, 15
<134>2021-07-15T05:18:49Z cache-pao17461 MEWElogs[390968]: ROTATE, 1626326329326025480, PAO, 15
<134>2021-07-15T05:19:20Z cache-itm18851 MEWElogs[390968]: ROTATE, 1626326359376765633, ITM, 15
<134>2021-07-15T05:20:08Z cache-stl4834 MEWElogs[390968]: ROTATE, 1626326407273908634, STL, 15
<134>2021-07-15T05:20:11Z cache-mel11272 MEWElogs[390968]: ROTATE, 1626326410317759734, MEL, 15
<134>2021-07-15T05:20:31Z cache-bom4751 MEWElogs[390968]: ROTATE, 1626326430464188002, BOM, 15
<134>2021-07-15T05:20:34Z cache-gig17035 MEWElogs[390968]: ROTATE, 1626326434096880353, GIG, 15
<134>2021-07-15T05:20:38Z cache-itm18851 MEWElogs[390968]: ROTATE, 1626326437874634105, ITM, 15
<134>2021-07-15T05:20:40Z cache-stl4834 MEWElogs[390968]: ROTATE, 1626326439392660804, STL, 15
<134>2021-07-15T05:20:49Z cache-pao17461 MEWElogs[390968]: ROTATE, 1626326448241574436, PAO, 15
<134>2021-07-15T05:21:06Z cache-syd10183 MEWElogs[390968]: ROTATE, 1626326465722325132, SYD, 15
<134>2021-07-15T05:22:12Z cache-cdg20720 MEWElogs[390968]: ROTATE, 1626326531878340163, CDG, 15
<134>2021-07-15T05:22:14Z cache-scl19427 MEWElogs[390968]: ROTATE, 1626326533563143950, SCL, 15
<134>2021-07-15T05:22:29Z cache-gru17149 MEWElogs[390968]: ROTATE, 1626326548389759789, GRU, 15
<134>2021-07-15T05:22:58Z cache-cdg20720 MEWElogs[390968]: ROTATE, 1626326578593604747, CDG, 15
<134>2021-07-15T05:23:11Z cache-scl19427 MEWElogs[390968]: ROTATE, 1626326590538523875, SCL, 15
<134>2021-07-15T05:23:22Z cache-gig17035 MEWElogs[390968]: ROTATE, 1626326601017014282, GIG, 15
<134>2021-07-15T05:23:55Z cache-stl4834 MEWElogs[390968]: ROTATE, 1626326634753309196, STL, 15
<134>2021-07-15T05:24:06Z cache-syd10183 MEWElogs[390968]: ROTATE, 1626326645720451250, SYD, 15
<134>2021-07-15T05:25:02Z cache-gru17149 MEWElogs[390968]: ROTATE, 1626326701046287664, GRU, 15
<134>2021-07-15T05:25:08Z cache-pao17461 MEWElogs[390968]: ROTATE, 1626326707175551639, PAO, 15
<134>2021-07-15T05:25:11Z cache-gru17149 MEWElogs[390968]: ROTATE, 1626326710539733485, GRU, 15
<134>2021-07-15T05:25:33Z cache-stl4834 MEWElogs[390968]: ROTATE, 1626326732033550440, STL, 15
<134>2021-07-15T05:25:39Z cache-gru17149 MEWElogs[390968]: ROTATE, 1626326738821921590, GRU, 15
<134>2021-07-15T05:25:59Z cache-hnd18722 MEWElogs[390968]: ROTATE, 1626326759385272180, HND, 15
<134>2021-07-15T05:27:14Z cache-gru17149 MEWElogs[390968]: ROTATE, 1626326833233252514, GRU, 15
<134>2021-07-15T05:27:23Z cache-gru17149 MEWElogs[390968]: ROTATE, 1626326842636452137, GRU, 15
<134>2021-07-15T05:27:39Z cache-hnd18722 MEWElogs[390968]: ROTATE, 1626326858984287086, HND, 15
<134>2021-07-15T05:27:41Z cache-syd10183 MEWElogs[390968]: ROTATE, 1626326860879258383, SYD, 15
<134>2021-07-15T05:27:50Z cache-cgh11122 MEWElogs[390968]: ROTATE, 1626326869189797561, CGH, 15
