<134>2021-07-15T06:09:43Z cache-mdw17383 MEWElogs[292213]: UNSH, 1626329382322399346, MDW, 16
<134>2021-07-15T06:10:27Z cache-cmh21547 MEWElogs[292213]: UNSH, 1626329427110465202, CMH, 16
<134>2021-07-15T06:10:36Z cache-dca17782 MEWElogs[292213]: UNSH, 1626329435230768874, DCA, 16
<134>2021-07-15T06:11:15Z cache-wdc5583 MEWElogs[292213]: UNSH, 1626329474065600457, WDC, 16
<134>2021-07-15T06:11:45Z cache-ord1740 MEWElogs[292213]: UNSH, 1626329504038558579, ORD, 16
<134>2021-07-15T06:11:45Z cache-mdw17383 MEWElogs[292213]: UNSH, 1626329504450231893, MDW, 16
<134>2021-07-15T06:11:56Z cache-mdw17383 MEWElogs[292213]: UNSH, 1626329515604215766, MDW, 16
<134>2021-07-15T06:11:56Z cache-maa10251 MEWElogs[292213]: UNSH, 1626329516069192776, MAA, 16
<134>2021-07-15T06:11:56Z cache-wdc5583 MEWElogs[292213]: UNSH, 1626329515902400227, WDC, 16
<134>2021-07-15T06:12:18Z cache-ams21020 MEWElogs[292213]: UNSH, 1626329537498079013, AMS, 16
<134>2021-07-15T06:13:45Z cache-maa10251 MEWElogs[292213]: UNSH, 1626329625046085234, MAA, 16
<134>2021-07-15T06:14:31Z cache-pdk17882 MEWElogs[292213]: UNSH, 1626329671582096019, PDK, 16
<134>2021-07-15T06:14:54Z cache-cmh21547 MEWElogs[292213]: UNSH, 1626329693197823046, CMH, 16
<134>2021-07-15T06:15:34Z cache-dca17782 MEWElogs[292213]: UNSH, 1626329733065580365, DCA, 16
<134>2021-07-15T06:15:46Z cache-pdk17882 MEWElogs[292213]: UNSH, 1626329745701948536, PDK, 16
<134>2021-07-15T06:16:48Z cache-wdc5583 MEWElogs[292213]: UNSH, 1626329807733247210, WDC, 16
<134>2021-07-15T06:16:58Z cache-wdc5583 MEWElogs[292213]: UNSH, 1626329818235991552, WDC, 16
<134>2021-07-15T06:17:40Z cache-bog6425 MEWElogs[292213]: UNSH, 1626329859739727429, BOG, 16
<134>2021-07-15T06:18:13Z cache-pdk17882 MEWElogs[292213]: UNSH, 1626329892660666746, PDK, 16
<134>2021-07-15T06:18:16Z cache-cph20625 MEWElogs[292213]: UNSH, 1626329895424758195, CPH, 16
<134>2021-07-15T06:18:41Z cache-ord1740 MEWElogs[292213]: UNSH, 1626329920829134882, ORD, 16
<134>2021-07-15T06:19:40Z cache-cph20625 MEWElogs[292213]: UNSH, 1626329979614292530, CPH, 16
