<134>2021-07-15T02:12:15Z cache-scl19427 MEWElogs[355776]: GRAY, 1626315135539734544, SCL, 13
<134>2021-07-15T02:12:16Z cache-gru17149 MEWElogs[355776]: GRAY, 1626315135631769227, GRU, 13
<134>2021-07-15T02:12:20Z cache-pao17461 MEWElogs[355776]: GRAY, 1626315139768815428, PAO, 13
<134>2021-07-15T02:12:23Z cache-gig17035 MEWElogs[355776]: GRAY, 1626315142808893735, GIG, 13
<134>2021-07-15T02:12:28Z cache-gru17149 MEWElogs[355776]: GRAY, 1626315148198906445, GRU, 13
<134>2021-07-15T02:12:55Z cache-cgh11122 MEWElogs[355776]: GRAY, 1626315174525229060, CGH, 13
<134>2021-07-15T02:13:09Z cache-gig17035 MEWElogs[355776]: GRAY, 1626315189654459241, GIG, 13
<134>2021-07-15T02:13:13Z cache-hnd18722 MEWElogs[355776]: GRAY, 1626315193177703584, HND, 13
<134>2021-07-15T02:13:25Z cache-gig17035 MEWElogs[355776]: GRAY, 1626315205115628747, GIG, 13
<134>2021-07-15T02:13:31Z cache-syd10183 MEWElogs[355776]: GRAY, 1626315210486766548, SYD, 13
<134>2021-07-15T02:13:38Z cache-itm18851 MEWElogs[355776]: GRAY, 1626315217960410546, ITM, 13
<134>2021-07-15T02:13:52Z cache-gru17149 MEWElogs[355776]: GRAY, 1626315230992711680, GRU, 13
<134>2021-07-15T02:13:59Z cache-bom4751 MEWElogs[355776]: GRAY, 1626315239507142822, BOM, 13
<134>2021-07-15T02:14:03Z cache-hnd18722 MEWElogs[355776]: GRAY, 1626315242807812003, HND, 13
<134>2021-07-15T02:14:04Z cache-gru17149 MEWElogs[355776]: GRAY, 1626315243692322710, GRU, 13
<134>2021-07-15T02:14:10Z cache-gru17149 MEWElogs[355776]: GRAY, 1626315249909878289, GRU, 13
<134>2021-07-15T02:14:12Z cache-bom4751 MEWElogs[355776]: GRAY, 1626315251052741692, BOM, 13
<134>2021-07-15T02:14:14Z cache-syd10183 MEWElogs[355776]: GRAY, 1626315253599548155, SYD, 13
<134>2021-07-15T02:14:16Z cache-cgh11122 MEWElogs[355776]: GRAY, 1626315255848679529, CGH, 13
<134>2021-07-15T02:14:17Z cache-gru17149 MEWElogs[355776]: GRAY, 1626315256141795439, GRU, 13
<134>2021-07-15T02:14:23Z cache-cgh11122 MEWElogs[355776]: GRAY, 1626315262595829309, CGH, 13
<134>2021-07-15T02:14:28Z cache-gig17035 MEWElogs[355776]: GRAY, 1626315267661695371, GIG, 13
<134>2021-07-15T02:14:40Z cache-bom4751 MEWElogs[355776]: GRAY, 1626315279714779323, BOM, 13
<134>2021-07-15T02:14:42Z cache-syd10183 MEWElogs[355776]: GRAY, 1626315281663883702, SYD, 13
<134>2021-07-15T02:15:04Z cache-syd10183 MEWElogs[355776]: GRAY, 1626315303181996602, SYD, 13
<134>2021-07-15T02:15:37Z cache-cgh11122 MEWElogs[355776]: GRAY, 1626315337393001643, CGH, 13
<134>2021-07-15T02:15:52Z cache-scl19427 MEWElogs[355776]: GRAY, 1626315351584567233, SCL, 13
<134>2021-07-15T02:16:10Z cache-gru17149 MEWElogs[355776]: GRAY, 1626315369751008703, GRU, 13
<134>2021-07-15T02:16:11Z cache-stl4834 MEWElogs[355776]: GRAY, 1626315371001722409, STL, 13
<134>2021-07-15T02:16:16Z cache-itm18851 MEWElogs[355776]: GRAY, 1626315375936742434, ITM, 13
<134>2021-07-15T02:16:45Z cache-cgh11122 MEWElogs[355776]: GRAY, 1626315404763580974, CGH, 13
<134>2021-07-15T02:17:04Z cache-syd10183 MEWElogs[355776]: GRAY, 1626315423848405027, SYD, 13
<134>2021-07-15T02:17:27Z cache-cgh11122 MEWElogs[355776]: GRAY, 1626315445945008421, CGH, 13
<134>2021-07-15T02:17:57Z cache-stl4834 MEWElogs[355776]: GRAY, 1626315476493278740, STL, 13
<134>2021-07-15T02:18:00Z cache-cgh11122 MEWElogs[355776]: GRAY, 1626315480120466740, CGH, 13
<134>2021-07-15T02:18:06Z cache-pao17461 MEWElogs[355776]: GRAY, 1626315484978671790, PAO, 13
<134>2021-07-15T02:18:08Z cache-sea4483 MEWElogs[355776]: GRAY, 1626315487993083455, SEA, 13
<134>2021-07-15T02:18:25Z cache-itm18851 MEWElogs[355776]: GRAY, 1626315504254386465, ITM, 13
<134>2021-07-15T02:19:01Z cache-pao17461 MEWElogs[355776]: GRAY, 1626315540950865275, PAO, 13
<134>2021-07-15T02:19:08Z cache-pao17461 MEWElogs[355776]: GRAY, 1626315547828955680, PAO, 13
<134>2021-07-15T02:19:48Z cache-cgh11183 MEWElogs[355776]: GRAY, 1626315588019149554, CGH, 13
<134>2021-07-15T02:19:55Z cache-cgh11122 MEWElogs[355776]: GRAY, 1626315594202934152, CGH, 13
<134>2021-07-15T02:20:04Z cache-hnd18722 MEWElogs[355776]: GRAY, 1626315603746879498, HND, 13
<134>2021-07-15T02:20:08Z cache-cgh11122 MEWElogs[355776]: GRAY, 1626315607651924283, CGH, 13
<134>2021-07-15T02:20:18Z cache-pao17461 MEWElogs[355776]: GRAY, 1626315617276530169, PAO, 13
<134>2021-07-15T02:20:42Z cache-cgh11122 MEWElogs[355776]: GRAY, 1626315641677035062, CGH, 13
<134>2021-07-15T02:20:47Z cache-hnd18722 MEWElogs[355776]: GRAY, 1626315646992536105, HND, 13
<134>2021-07-15T02:21:06Z cache-itm18851 MEWElogs[355776]: GRAY, 1626315665645618425, ITM, 13
<134>2021-07-15T02:21:12Z cache-sea4483 MEWElogs[355776]: GRAY, 1626315671586498010, SEA, 13
<134>2021-07-15T02:21:29Z cache-syd10183 MEWElogs[355776]: GRAY, 1626315688063639105, SYD, 13
<134>2021-07-15T02:21:36Z cache-syd10183 MEWElogs[355776]: GRAY, 1626315695039066901, SYD, 13
<134>2021-07-15T02:21:38Z cache-bma1628 MEWElogs[355776]: GRAY, 1626315697215091910, BMA, 13
<134>2021-07-15T02:21:47Z cache-pao17461 MEWElogs[355776]: GRAY, 1626315707829241674, PAO, 13
<134>2021-07-15T02:21:54Z cache-bma1628 MEWElogs[355776]: GRAY, 1626315713065340099, BMA, 13
<134>2021-07-15T02:22:03Z cache-tyo11974 MEWElogs[355776]: GRAY, 1626315722864822849, TYO, 13
