<134>2021-07-15T02:14:03Z cache-scl19427 MEWElogs[370074]: GRAY, 1626315243647418185, SCL, 13
<134>2021-07-15T02:14:05Z cache-stl4834 MEWElogs[370074]: GRAY, 1626315245155627955, STL, 13
<134>2021-07-15T02:14:49Z cache-syd10183 MEWElogs[370074]: GRAY, 1626315288696424124, SYD, 13
<134>2021-07-15T02:15:10Z cache-cgh11122 MEWElogs[370074]: GRAY, 1626315309988890944, CGH, 13
<134>2021-07-15T02:15:16Z cache-itm18851 MEWElogs[370074]: GRAY, 1626315315481178336, ITM, 13
<134>2021-07-15T02:15:50Z cache-hnd18722 MEWElogs[370074]: GRAY, 1626315349423441590, HND, 13
<134>2021-07-15T02:15:52Z cache-pao17461 MEWElogs[370074]: GRAY, 1626315352660363148, PAO, 13
<134>2021-07-15T02:16:07Z cache-bom4751 MEWElogs[370074]: GRAY, 1626315366660952502, BOM, 13
<134>2021-07-15T02:16:31Z cache-cgh11122 MEWElogs[370074]: GRAY, 1626315391439596140, CGH, 13
<134>2021-07-15T02:16:36Z cache-bom4751 MEWElogs[370074]: GRAY, 1626315395146458569, BOM, 13
<134>2021-07-15T02:17:07Z cache-gru17149 MEWElogs[370074]: GRAY, 1626315426443234328, GRU, 13
<134>2021-07-15T02:17:15Z cache-stl4834 MEWElogs[370074]: GRAY, 1626315434618316213, STL, 13
<134>2021-07-15T02:17:45Z cache-gru17149 MEWElogs[370074]: GRAY, 1626315464374937696, GRU, 13
<134>2021-07-15T02:17:47Z cache-itm18851 MEWElogs[370074]: GRAY, 1626315466481453530, ITM, 13
<134>2021-07-15T02:18:12Z cache-sjc10078 MEWElogs[370074]: GRAY, 1626315492872462965, SJC, 13
<134>2021-07-15T02:18:21Z cache-cgh11122 MEWElogs[370074]: GRAY, 1626315500285391118, CGH, 13
<134>2021-07-15T02:18:35Z cache-sjc10078 MEWElogs[370074]: GRAY, 1626315514352926573, SJC, 13
<134>2021-07-15T02:18:55Z cache-itm18851 MEWElogs[370074]: GRAY, 1626315534465221142, ITM, 13
<134>2021-07-15T02:19:07Z cache-cgh11122 MEWElogs[370074]: GRAY, 1626315547136401193, CGH, 13
<134>2021-07-15T02:19:27Z cache-stl4834 MEWElogs[370074]: GRAY, 1626315567903867286, STL, 13
<134>2021-07-15T02:19:34Z cache-cgh11122 MEWElogs[370074]: GRAY, 1626315573467063769, CGH, 13
<134>2021-07-15T02:19:49Z cache-syd10183 MEWElogs[370074]: GRAY, 1626315588686878358, SYD, 13
<134>2021-07-15T02:20:05Z cache-itm18851 MEWElogs[370074]: GRAY, 1626315604481726775, ITM, 13
<134>2021-07-15T02:20:53Z cache-pao17461 MEWElogs[370074]: GRAY, 1626315652115627551, PAO, 13
<134>2021-07-15T02:21:44Z cache-hnd18722 MEWElogs[370074]: GRAY, 1626315704276672954, HND, 13
<134>2021-07-15T02:22:47Z cache-bma1628 MEWElogs[370074]: GRAY, 1626315766001778900, BMA, 13
<134>2021-07-15T02:22:51Z cache-cgh11122 MEWElogs[370074]: GRAY, 1626315770884047055, CGH, 13
<134>2021-07-15T02:22:58Z cache-pao17461 MEWElogs[370074]: GRAY, 1626315777869317407, PAO, 13
<134>2021-07-15T02:23:07Z cache-cgh11183 MEWElogs[370074]: GRAY, 1626315786525767558, CGH, 13
<134>2021-07-15T02:23:27Z cache-cgh11183 MEWElogs[370074]: GRAY, 1626315807083686952, CGH, 13
<134>2021-07-15T02:23:27Z cache-sea4483 MEWElogs[370074]: GRAY, 1626315806942329394, SEA, 13
<134>2021-07-15T02:23:39Z cache-sjc10078 MEWElogs[370074]: GRAY, 1626315818733259099, SJC, 13
<134>2021-07-15T02:23:41Z cache-cgh11183 MEWElogs[370074]: GRAY, 1626315820628337128, CGH, 13
