<134>2021-07-15T00:59:10Z cache-syd10183 MEWElogs[412844]: CROP, 1626310749614835616, SYD, 12
<134>2021-07-15T00:59:13Z cache-cgh11122 MEWElogs[412844]: CROP, 1626310752023212040, CGH, 12
<134>2021-07-15T00:59:15Z cache-gru17149 MEWElogs[412844]: CROP, 1626310754346759481, GRU, 12
<134>2021-07-15T00:59:19Z cache-bom4751 MEWElogs[412844]: CROP, 1626310759569750106, BOM, 12
<134>2021-07-15T00:59:20Z cache-gig17035 MEWElogs[412844]: CROP, 1626310760350473084, GIG, 12
<134>2021-07-15T00:59:31Z cache-pao17461 MEWElogs[412844]: CROP, 1626310770594431223, PAO, 12
<134>2021-07-15T00:59:37Z cache-stl4834 MEWElogs[412844]: CROP, 1626310777512739724, STL, 12
<134>2021-07-15T01:00:04Z cache-gru17149 MEWElogs[412844]: CROP, 1626310803786427523, GRU, 12
<134>2021-07-15T01:00:11Z cache-scl19427 MEWElogs[412844]: CROP, 1626310810769715119, SCL, 12
<134>2021-07-15T01:00:15Z cache-itm18851 MEWElogs[412844]: CROP, 1626310815008673360, ITM, 12
<134>2021-07-15T01:00:30Z cache-itm18851 MEWElogs[412844]: CROP, 1626310829575573985, ITM, 12
<134>2021-07-15T01:00:32Z cache-hnd18722 MEWElogs[412844]: CROP, 1626310831512922514, HND, 12
<134>2021-07-15T01:00:33Z cache-gig17035 MEWElogs[412844]: CROP, 1626310832966229507, GIG, 12
<134>2021-07-15T01:00:53Z cache-scl19427 MEWElogs[412844]: CROP, 1626310853794323011, SCL, 12
<134>2021-07-15T01:01:04Z cache-itm18851 MEWElogs[412844]: CROP, 1626310863716405435, ITM, 12
<134>2021-07-15T01:01:18Z cache-itm18851 MEWElogs[412844]: CROP, 1626310878362922660, ITM, 12
<134>2021-07-15T01:01:22Z cache-cgh11122 MEWElogs[412844]: CROP, 1626310881138472225, CGH, 12
<134>2021-07-15T01:01:26Z cache-pao17461 MEWElogs[412844]: CROP, 1626310885552752367, PAO, 12
<134>2021-07-15T01:01:46Z cache-pao17461 MEWElogs[412844]: CROP, 1626310906582917200, PAO, 12
<134>2021-07-15T01:02:01Z cache-gig17035 MEWElogs[412844]: CROP, 1626310920745347588, GIG, 12
<134>2021-07-15T01:02:13Z cache-bom4751 MEWElogs[412844]: CROP, 1626310932483060634, BOM, 12
<134>2021-07-15T01:02:16Z cache-sea4483 MEWElogs[412844]: CROP, 1626310936016553056, SEA, 12
<134>2021-07-15T01:02:19Z cache-stl4834 MEWElogs[412844]: CROP, 1626310939192349488, STL, 12
<134>2021-07-15T01:02:25Z cache-syd10183 MEWElogs[412844]: CROP, 1626310944757408740, SYD, 12
<134>2021-07-15T01:02:32Z cache-stl4834 MEWElogs[412844]: CROP, 1626310951915299083, STL, 12
<134>2021-07-15T01:02:44Z cache-stl4834 MEWElogs[412844]: CROP, 1626310964609985344, STL, 12
<134>2021-07-15T01:03:01Z cache-itm18851 MEWElogs[412844]: CROP, 1626310980233836158, ITM, 12
<134>2021-07-15T01:03:01Z cache-stl4834 MEWElogs[412844]: CROP, 1626310981721108192, STL, 12
<134>2021-07-15T01:03:11Z cache-pao17461 MEWElogs[412844]: CROP, 1626310991188952047, PAO, 12
<134>2021-07-15T01:03:17Z cache-hnd18722 MEWElogs[412844]: CROP, 1626310997159478841, HND, 12
<134>2021-07-15T01:03:27Z cache-syd10183 MEWElogs[412844]: CROP, 1626311006679713230, SYD, 12
<134>2021-07-15T01:03:36Z cache-hnd18722 MEWElogs[412844]: CROP, 1626311015805012517, HND, 12
<134>2021-07-15T01:03:46Z cache-pao17461 MEWElogs[412844]: CROP, 1626311025029336978, PAO, 12
<134>2021-07-15T01:03:50Z cache-hnd18722 MEWElogs[412844]: CROP, 1626311029894490585, HND, 12
<134>2021-07-15T01:04:06Z cache-syd10183 MEWElogs[412844]: CROP, 1626311045502487299, SYD, 12
<134>2021-07-15T01:04:19Z cache-pao17461 MEWElogs[412844]: CROP, 1626311059547923514, PAO, 12
<134>2021-07-15T01:04:33Z cache-cgh11183 MEWElogs[412844]: CROP, 1626311072555419747, CGH, 12
<134>2021-07-15T01:04:34Z cache-bma1628 MEWElogs[412844]: CROP, 1626311073821557444, BMA, 12
<134>2021-07-15T01:04:41Z cache-sea4483 MEWElogs[412844]: CROP, 1626311081064751109, SEA, 12
<134>2021-07-15T01:04:53Z cache-tyo11974 MEWElogs[412844]: CROP, 1626311092770318543, TYO, 12
<134>2021-07-15T01:04:55Z cache-sea4483 MEWElogs[412844]: CROP, 1626311095412681763, SEA, 12
<134>2021-07-15T01:05:13Z cache-pao17461 MEWElogs[412844]: CROP, 1626311113730734073, PAO, 12
<134>2021-07-15T01:05:15Z cache-tyo11974 MEWElogs[412844]: CROP, 1626311114031298718, TYO, 12
<134>2021-07-15T01:05:25Z cache-cgh11122 MEWElogs[412844]: CROP, 1626311124576254325, CGH, 12
<134>2021-07-15T01:05:36Z cache-bma1628 MEWElogs[412844]: CROP, 1626311135782897509, BMA, 12
<134>2021-07-15T01:05:38Z cache-cgh11183 MEWElogs[412844]: CROP, 1626311138456677665, CGH, 12
<134>2021-07-15T01:05:51Z cache-bma1628 MEWElogs[412844]: CROP, 1626311150526181100, BMA, 12
<134>2021-07-15T01:06:00Z cache-bma1628 MEWElogs[412844]: CROP, 1626311159384777845, BMA, 12
<134>2021-07-15T01:06:06Z cache-tyo11974 MEWElogs[412844]: CROP, 1626311165028574960, TYO, 12
<134>2021-07-15T01:06:23Z cache-sjc10078 MEWElogs[412844]: CROP, 1626311182799920810, SJC, 12
<134>2021-07-15T01:06:40Z cache-sjc10078 MEWElogs[412844]: CROP, 1626311199556356772, SJC, 12
<134>2021-07-15T01:06:45Z cache-cgh11183 MEWElogs[412844]: CROP, 1626311204677210067, CGH, 12
<134>2021-07-15T01:06:50Z cache-cgh11183 MEWElogs[412844]: CROP, 1626311209274702417, CGH, 12
<134>2021-07-15T01:06:53Z cache-sjc10078 MEWElogs[412844]: CROP, 1626311211998589915, SJC, 12
<134>2021-07-15T01:07:11Z cache-bma1628 MEWElogs[412844]: CROP, 1626311230818283620, BMA, 12
<134>2021-07-15T01:07:12Z cache-cgh11183 MEWElogs[412844]: CROP, 1626311231589894228, CGH, 12
<134>2021-07-15T01:07:47Z cache-bma1628 MEWElogs[412844]: CROP, 1626311266323572636, BMA, 12
<134>2021-07-15T01:07:48Z cache-yyz4551 MEWElogs[412844]: CROP, 1626311268129250298, YYZ, 12
<134>2021-07-15T01:08:14Z cache-cgh11183 MEWElogs[412844]: CROP, 1626311294090820147, CGH, 12
<134>2021-07-15T01:08:19Z cache-sjc10078 MEWElogs[412844]: CROP, 1626311298676241220, SJC, 12
<134>2021-07-15T01:08:23Z cache-yyz4551 MEWElogs[412844]: CROP, 1626311302644589148, YYZ, 12
<134>2021-07-15T01:08:49Z cache-sea4483 MEWElogs[412844]: CROP, 1626311329178568250, SEA, 12
