<134>2021-07-14T17:02:03Z cache-cwb20520 MEWElogs[334804]: FLIPH, 1626282122079261430, CWB, -1
<134>2021-07-14T17:02:04Z cache-den8274 MEWElogs[334804]: FLIPH, 1626282123263351369, DEN, -1
<134>2021-07-14T17:02:24Z cache-dal21283 MEWElogs[334804]: FLIPH, 1626282144242914042, DAL, -1
<134>2021-07-14T17:02:26Z cache-hhn4077 MEWElogs[334804]: FLIPH, 1626282146338039114, HHN, 10
<134>2021-07-14T17:02:48Z cache-lcy19283 MEWElogs[334804]: FLIPH, 1626282168485842720, LCY, 10
<134>2021-07-14T17:02:56Z cache-hel6829 MEWElogs[334804]: FLIPH, 1626282175892234847, HEL, -1
<134>2021-07-14T17:03:05Z cache-iah17271 MEWElogs[334804]: FLIPH, 1626282184794652388, IAH, -1
<134>2021-07-14T17:03:11Z cache-lon4249 MEWElogs[334804]: FLIPH, 1626282190600999050, LON, -1
<134>2021-07-14T17:03:22Z cache-cwb20520 MEWElogs[334804]: FLIPH, 1626282201320908665, CWB, -1
<134>2021-07-14T17:03:24Z cache-hhn4077 MEWElogs[334804]: FLIPH, 1626282204325809175, HHN, 10
<134>2021-07-14T17:03:26Z cache-fra19177 MEWElogs[334804]: FLIPH, 1626282206088415754, FRA, -1
<134>2021-07-14T17:03:27Z cache-lon4249 MEWElogs[334804]: FLIPH, 1626282206818945840, LON, -1
<134>2021-07-14T17:03:28Z cache-lcy19283 MEWElogs[334804]: FLIPH, 1626282208783701597, LCY, 10
<134>2021-07-14T17:03:30Z cache-lon4249 MEWElogs[334804]: FLIPH, 1626282209590674314, LON, 10
<134>2021-07-14T17:03:33Z cache-den8274 MEWElogs[334804]: FLIPH, 1626282212182508107, DEN, -1
<134>2021-07-14T17:03:35Z cache-lon4249 MEWElogs[334804]: FLIPH, 1626282214996862931, LON, -1
<134>2021-07-14T17:03:42Z cache-cwb20520 MEWElogs[334804]: FLIPH, 1626282221302517983, CWB, -1
<134>2021-07-14T17:03:55Z cache-hhn4077 MEWElogs[334804]: FLIPH, 1626282234400414104, HHN, -1
<134>2021-07-14T17:04:22Z cache-fra19177 MEWElogs[334804]: FLIPH, 1626282261361661075, FRA, -1
<134>2021-07-14T17:04:28Z cache-hel6829 MEWElogs[334804]: FLIPH, 1626282267887875750, HEL, 10
<134>2021-07-14T17:04:48Z cache-lon4249 MEWElogs[334804]: FLIPH, 1626282287749601604, LON, -1
<134>2021-07-14T17:04:49Z cache-lcy19283 MEWElogs[334804]: FLIPH, 1626282289239039980, LCY, 10
<134>2021-07-14T17:04:59Z cache-jnb7027 MEWElogs[334804]: FLIPH, 1626282298883590930, JNB, -1
<134>2021-07-14T17:05:10Z cache-fra19177 MEWElogs[334804]: FLIPH, 1626282310195732247, FRA, 10
<134>2021-07-14T17:05:16Z cache-lon4249 MEWElogs[334804]: FLIPH, 1626282315759369119, LON, 10
<134>2021-07-14T17:05:22Z cache-den8274 MEWElogs[334804]: FLIPH, 1626282321776366021, DEN, 10
<134>2021-07-14T17:05:43Z cache-iah17271 MEWElogs[334804]: FLIPH, 1626282342772850187, IAH, 10
<134>2021-07-14T17:05:49Z cache-dal21283 MEWElogs[334804]: FLIPH, 1626282349108267661, DAL, -1
<134>2021-07-14T17:05:54Z cache-bur17583 MEWElogs[334804]: FLIPH, 1626282353586438536, BUR, 10
<134>2021-07-14T17:06:02Z cache-cwb20520 MEWElogs[334804]: FLIPH, 1626282361673819648, CWB, 10
<134>2021-07-14T17:06:16Z cache-dal21283 MEWElogs[334804]: FLIPH, 1626282375737616302, DAL, 10
<134>2021-07-14T17:06:28Z cache-iah17271 MEWElogs[334804]: FLIPH, 1626282387877702448, IAH, 10
<134>2021-07-14T17:06:38Z cache-jnb7027 MEWElogs[334804]: FLIPH, 1626282398126740750, JNB, -1
<134>2021-07-14T17:06:39Z cache-lon4249 MEWElogs[334804]: FLIPH, 1626282398028146944, LON, 10
<134>2021-07-14T17:06:50Z cache-dal21283 MEWElogs[334804]: FLIPH, 1626282410147076373, DAL, 10
<134>2021-07-14T17:06:50Z cache-iah17271 MEWElogs[334804]: FLIPH, 1626282409785693267, IAH, 10
<134>2021-07-14T17:06:58Z cache-iah17271 MEWElogs[334804]: FLIPH, 1626282417547770693, IAH, -1
<134>2021-07-14T17:06:59Z cache-cwb20520 MEWElogs[334804]: FLIPH, 1626282418190572831, CWB, -1
<134>2021-07-14T17:07:32Z cache-lon4249 MEWElogs[334804]: FLIPH, 1626282452226333642, LON, -1
<134>2021-07-14T17:07:48Z cache-dal21283 MEWElogs[334804]: FLIPH, 1626282467623895933, DAL, 10
<134>2021-07-14T17:08:21Z cache-fra19177 MEWElogs[334804]: FLIPH, 1626282500730746807, FRA, 10
<134>2021-07-14T17:08:22Z cache-dal21283 MEWElogs[334804]: FLIPH, 1626282501349019253, DAL, 10
<134>2021-07-14T17:08:22Z cache-lcy19283 MEWElogs[334804]: FLIPH, 1626282501726335179, LCY, 10
<134>2021-07-14T17:08:27Z cache-jnb7027 MEWElogs[334804]: FLIPH, 1626282506240844863, JNB, -1
<134>2021-07-14T17:08:33Z cache-dal21283 MEWElogs[334804]: FLIPH, 1626282512613755069, DAL, 10
<134>2021-07-14T17:08:37Z cache-jnb7027 MEWElogs[334804]: FLIPH, 1626282516098080255, JNB, -1
<134>2021-07-14T17:09:03Z cache-fra19177 MEWElogs[334804]: FLIPH, 1626282543273097201, FRA, -1
<134>2021-07-14T17:09:08Z cache-jnb7027 MEWElogs[334804]: FLIPH, 1626282548285962313, JNB, 10
<134>2021-07-14T17:09:13Z cache-lon4249 MEWElogs[334804]: FLIPH, 1626282552727987547, LON, 10
<134>2021-07-14T17:09:16Z cache-fra19177 MEWElogs[334804]: FLIPH, 1626282555265804808, FRA, 10
<134>2021-07-14T17:09:30Z cache-lon4249 MEWElogs[334804]: FLIPH, 1626282569137153547, LON, 10
<134>2021-07-14T17:09:42Z cache-hel6829 MEWElogs[334804]: FLIPH, 1626282581548768453, HEL, 10
<134>2021-07-14T17:09:52Z cache-dal21283 MEWElogs[334804]: FLIPH, 1626282592060806718, DAL, 10
<134>2021-07-14T17:10:06Z cache-den8274 MEWElogs[334804]: FLIPH, 1626282605681699419, DEN, -1
<134>2021-07-14T17:10:09Z cache-lcy19283 MEWElogs[334804]: FLIPH, 1626282608952432764, LCY, -1
<134>2021-07-14T17:10:22Z cache-hel6829 MEWElogs[334804]: FLIPH, 1626282621325767739, HEL, 10
<134>2021-07-14T17:10:27Z cache-jnb7027 MEWElogs[334804]: FLIPH, 1626282626077545933, JNB, 10
<134>2021-07-14T17:10:33Z cache-jnb7027 MEWElogs[334804]: FLIPH, 1626282633194229512, JNB, -1
<134>2021-07-14T17:10:37Z cache-hel6829 MEWElogs[334804]: FLIPH, 1626282637003585743, HEL, -1
<134>2021-07-14T17:10:55Z cache-fra19177 MEWElogs[334804]: FLIPH, 1626282654085540074, FRA, 10
<134>2021-07-14T17:11:00Z cache-den8274 MEWElogs[334804]: FLIPH, 1626282660477990582, DEN, -1
<134>2021-07-14T17:11:03Z cache-lcy19283 MEWElogs[334804]: FLIPH, 1626282662867182420, LCY, 10
<134>2021-07-14T17:11:13Z cache-iah17271 MEWElogs[334804]: FLIPH, 1626282673172976186, IAH, -1
<134>2021-07-14T17:11:54Z cache-lon4249 MEWElogs[334804]: FLIPH, 1626282713439528907, LON, -1
