<134>2021-07-14T23:33:46Z cache-cgh11183 MEWElogs[390968]: BLUR, 1626305626445366075, CGH, 11
<134>2021-07-14T23:35:15Z cache-cgh11122 MEWElogs[390968]: BLUR, 1626305714267824406, CGH, 11
<134>2021-07-14T23:35:37Z cache-sea4483 MEWElogs[390968]: BLUR, 1626305737647554262, SEA, 11
<134>2021-07-14T23:37:25Z cache-tyo11974 MEWElogs[390968]: BLUR, 1626305844466080719, TYO, 11
<134>2021-07-14T23:38:09Z cache-cgh11122 MEWElogs[390968]: BLUR, 1626305888772992371, CGH, 11
<134>2021-07-14T23:38:20Z cache-tyo11974 MEWElogs[390968]: BLUR, 1626305900445776998, TYO, 11
<134>2021-07-14T23:39:05Z cache-tyo11974 MEWElogs[390968]: BLUR, 1626305944201538123, TYO, 11
<134>2021-07-14T23:39:16Z cache-yyz4551 MEWElogs[390968]: BLUR, 1626305956072947734, YYZ, 11
<134>2021-07-14T23:39:17Z cache-cgh11183 MEWElogs[390968]: BLUR, 1626305956671006255, CGH, 11
<134>2021-07-14T23:39:19Z cache-cgh11122 MEWElogs[390968]: BLUR, 1626305958184756520, CGH, 11
<134>2021-07-14T23:39:31Z cache-sjc10078 MEWElogs[390968]: BLUR, 1626305970220405717, SJC, 11
<134>2021-07-14T23:39:34Z cache-cgh11183 MEWElogs[390968]: BLUR, 1626305973914246383, CGH, 11
<134>2021-07-14T23:39:47Z cache-bma1628 MEWElogs[390968]: BLUR, 1626305987219510547, BMA, 11
<134>2021-07-14T23:40:22Z cache-yyz4551 MEWElogs[390968]: BLUR, 1626306021319466378, YYZ, 11
<134>2021-07-14T23:40:40Z cache-vie21629 MEWElogs[390968]: BLUR, 1626306039727463028, VIE, 11
<134>2021-07-14T23:41:11Z cache-yyz4551 MEWElogs[390968]: BLUR, 1626306071193265351, YYZ, 11
<134>2021-07-14T23:41:16Z cache-sjc10078 MEWElogs[390968]: BLUR, 1626306076016332932, SJC, 11
<134>2021-07-14T23:42:00Z cache-yyz4551 MEWElogs[390968]: BLUR, 1626306120046011705, YYZ, 11
<134>2021-07-14T23:43:03Z cache-bma1628 MEWElogs[390968]: BLUR, 1626306182096981246, BMA, 11
<134>2021-07-14T23:43:27Z cache-cgh11183 MEWElogs[390968]: BLUR, 1626306206921552264, CGH, 11
