<134>2021-07-15T04:26:34Z cache-dfw18678 MEWElogs[382896]: ROTATE, 1626323193111864535, DFW, 15
<134>2021-07-15T04:26:34Z cache-bos4657 MEWElogs[382896]: ROTATE, 1626323194501466395, BOS, 15
<134>2021-07-15T04:27:12Z cache-bos4657 MEWElogs[382896]: ROTATE, 1626323231759886375, BOS, 15
<134>2021-07-15T04:27:27Z cache-chi21126 MEWElogs[382896]: ROTATE, 1626323246631116875, CHI, 15
<134>2021-07-15T04:27:57Z cache-bos4657 MEWElogs[382896]: ROTATE, 1626323277172001675, BOS, 15
<134>2021-07-15T04:28:04Z cache-del21735 MEWElogs[382896]: ROTATE, 1626323282885253887, DEL, 15
<134>2021-07-15T04:28:04Z cache-dfw18678 MEWElogs[382896]: ROTATE, 1626323283564890298, DFW, 15
<134>2021-07-15T04:28:26Z cache-dfw18678 MEWElogs[382896]: ROTATE, 1626323305599957043, DFW, 15
<134>2021-07-15T04:28:38Z cache-chi21126 MEWElogs[382896]: ROTATE, 1626323317370046304, CHI, 15
<134>2021-07-15T04:28:47Z cache-dfw18678 MEWElogs[382896]: ROTATE, 1626323327613382225, DFW, 15
<134>2021-07-15T04:28:58Z cache-del21735 MEWElogs[382896]: ROTATE, 1626323337671331006, DEL, 15
<134>2021-07-15T04:29:14Z cache-hhn4077 MEWElogs[382896]: ROTATE, 1626323353354558246, HHN, 15
<134>2021-07-15T04:29:30Z cache-hhn4077 MEWElogs[382896]: ROTATE, 1626323369319890432, HHN, 15
<134>2021-07-15T04:29:44Z cache-cwb20520 MEWElogs[382896]: ROTATE, 1626323383579465627, CWB, 15
<134>2021-07-15T04:29:56Z cache-dub4329 MEWElogs[382896]: ROTATE, 1626323395593616646, DUB, 15
<134>2021-07-15T04:30:04Z cache-cwb20520 MEWElogs[382896]: ROTATE, 1626323403489554226, CWB, 15
<134>2021-07-15T04:30:10Z cache-pwk4920 MEWElogs[382896]: ROTATE, 1626323410179646406, PWK, 15
<134>2021-07-15T04:30:21Z cache-pwk4920 MEWElogs[382896]: ROTATE, 1626323420602345412, PWK, 15
<134>2021-07-15T04:30:21Z cache-fty21383 MEWElogs[382896]: ROTATE, 1626323420495815870, FTY, 15
<134>2021-07-15T04:30:21Z cache-chi21126 MEWElogs[382896]: ROTATE, 1626323421073265970, CHI, 15
<134>2021-07-15T04:30:41Z cache-pwk4920 MEWElogs[382896]: ROTATE, 1626323441165321578, PWK, 15
<134>2021-07-15T04:30:43Z cache-hhn4077 MEWElogs[382896]: ROTATE, 1626323442922953404, HHN, 15
<134>2021-07-15T04:31:02Z cache-pwk4920 MEWElogs[382896]: ROTATE, 1626323461418710314, PWK, 15
<134>2021-07-15T04:31:37Z cache-fty21383 MEWElogs[382896]: ROTATE, 1626323496363721881, FTY, 15
<134>2021-07-15T04:31:53Z cache-dub4329 MEWElogs[382896]: ROTATE, 1626323511993348499, DUB, 15
<134>2021-07-15T04:32:09Z cache-del21735 MEWElogs[382896]: ROTATE, 1626323528745160477, DEL, 15
<134>2021-07-15T04:32:33Z cache-bos4657 MEWElogs[382896]: ROTATE, 1626323553431101663, BOS, 15
<134>2021-07-15T04:32:52Z cache-fty21383 MEWElogs[382896]: ROTATE, 1626323571059867913, FTY, 15
<134>2021-07-15T04:32:53Z cache-cwb20520 MEWElogs[382896]: ROTATE, 1626323572318515011, CWB, 15
<134>2021-07-15T04:33:05Z cache-akl10324 MEWElogs[382896]: ROTATE, 1626323585523922802, AKL, 15
<134>2021-07-15T04:33:07Z cache-chi21126 MEWElogs[382896]: ROTATE, 1626323586785282171, CHI, 15
<134>2021-07-15T04:33:08Z cache-fty21383 MEWElogs[382896]: ROTATE, 1626323587796598646, FTY, 15
<134>2021-07-15T04:33:16Z cache-chi21126 MEWElogs[382896]: ROTATE, 1626323596596297539, CHI, 15
<134>2021-07-15T04:33:33Z cache-pwk4920 MEWElogs[382896]: ROTATE, 1626323612686038469, PWK, 15
<134>2021-07-15T04:33:37Z cache-bos4657 MEWElogs[382896]: ROTATE, 1626323617144515667, BOS, 15
<134>2021-07-15T04:33:42Z cache-fty21383 MEWElogs[382896]: ROTATE, 1626323621527636184, FTY, 15
<134>2021-07-15T04:33:48Z cache-akl10324 MEWElogs[382896]: ROTATE, 1626323627668273109, AKL, 15
<134>2021-07-15T04:33:52Z cache-cwb20520 MEWElogs[382896]: ROTATE, 1626323631640646782, CWB, 15
<134>2021-07-15T04:34:12Z cache-cwb20520 MEWElogs[382896]: ROTATE, 1626323651432045473, CWB, 15
<134>2021-07-15T04:34:24Z cache-fty21383 MEWElogs[382896]: ROTATE, 1626323663396794514, FTY, 15
<134>2021-07-15T04:34:34Z cache-dfw18678 MEWElogs[382896]: ROTATE, 1626323673686414019, DFW, 15
<134>2021-07-15T04:34:41Z cache-akl10324 MEWElogs[382896]: ROTATE, 1626323680693383259, AKL, 15
<134>2021-07-15T04:34:56Z cache-dfw18678 MEWElogs[382896]: ROTATE, 1626323696304308682, DFW, 15
<134>2021-07-15T04:35:17Z cache-hhn4077 MEWElogs[382896]: ROTATE, 1626323717474653372, HHN, 15
<134>2021-07-15T04:35:30Z cache-dub4329 MEWElogs[382896]: ROTATE, 1626323729639362573, DUB, 15
<134>2021-07-15T04:35:34Z cache-hhn4077 MEWElogs[382896]: ROTATE, 1626323733904199040, HHN, 15
<134>2021-07-15T04:35:35Z cache-pwk4920 MEWElogs[382896]: ROTATE, 1626323734371688004, PWK, 15
<134>2021-07-15T04:35:38Z cache-dub4329 MEWElogs[382896]: ROTATE, 1626323737454224303, DUB, 15
<134>2021-07-15T04:35:43Z cache-akl10324 MEWElogs[382896]: ROTATE, 1626323743591906469, AKL, 15
<134>2021-07-15T04:36:06Z cache-del21735 MEWElogs[382896]: ROTATE, 1626323765806608110, DEL, 15
<134>2021-07-15T04:36:15Z cache-del21735 MEWElogs[382896]: ROTATE, 1626323774899424208, DEL, 15
