<134>2021-07-15T01:02:11Z cache-cgh11122 MEWElogs[308969]: CROP, 1626310929916315103, CGH, 12
<134>2021-07-15T01:02:13Z cache-hnd18722 MEWElogs[308969]: CROP, 1626310933055062250, HND, 12
<134>2021-07-15T01:02:24Z cache-cgh11122 MEWElogs[308969]: CROP, 1626310943053287393, CGH, 12
<134>2021-07-15T01:02:46Z cache-hnd18722 MEWElogs[308969]: CROP, 1626310965215194026, HND, 12
<134>2021-07-15T01:02:46Z cache-sea4483 MEWElogs[308969]: CROP, 1626310965450552530, SEA, 12
<134>2021-07-15T01:02:46Z cache-bom4751 MEWElogs[308969]: CROP, 1626310965520454003, BOM, 12
<134>2021-07-15T01:02:53Z cache-gig17035 MEWElogs[308969]: CROP, 1626310972632783589, GIG, 12
<134>2021-07-15T01:03:12Z cache-scl19427 MEWElogs[308969]: CROP, 1626310992075377646, SCL, 12
<134>2021-07-15T01:03:50Z cache-bma1628 MEWElogs[308969]: CROP, 1626311029335612618, BMA, 12
<134>2021-07-15T01:03:51Z cache-sjc10078 MEWElogs[308969]: CROP, 1626311030995833392, SJC, 12
<134>2021-07-15T01:04:24Z cache-cgh11183 MEWElogs[308969]: CROP, 1626311063818549111, CGH, 12
<134>2021-07-15T01:04:28Z cache-bma1628 MEWElogs[308969]: CROP, 1626311067910860960, BMA, 12
<134>2021-07-15T01:04:37Z cache-sea4483 MEWElogs[308969]: CROP, 1626311076119784463, SEA, 12
<134>2021-07-15T01:04:43Z cache-itm18851 MEWElogs[308969]: CROP, 1626311082921384741, ITM, 12
<134>2021-07-15T01:04:50Z cache-cgh11183 MEWElogs[308969]: CROP, 1626311090087272920, CGH, 12
<134>2021-07-15T01:04:51Z cache-sea4483 MEWElogs[308969]: CROP, 1626311090561670242, SEA, 12
<134>2021-07-15T01:05:03Z cache-cgh11183 MEWElogs[308969]: CROP, 1626311103343837447, CGH, 12
<134>2021-07-15T01:05:06Z cache-tyo11974 MEWElogs[308969]: CROP, 1626311105678815491, TYO, 12
<134>2021-07-15T01:05:10Z cache-tyo11974 MEWElogs[308969]: CROP, 1626311109817264056, TYO, 12
<134>2021-07-15T01:05:40Z cache-sjc10078 MEWElogs[308969]: CROP, 1626311139990117714, SJC, 12
<134>2021-07-15T01:05:47Z cache-itm18851 MEWElogs[308969]: CROP, 1626311146715210759, ITM, 12
<134>2021-07-15T01:06:06Z cache-itm18851 MEWElogs[308969]: CROP, 1626311166022846627, ITM, 12
<134>2021-07-15T01:06:18Z cache-cgh11183 MEWElogs[308969]: CROP, 1626311178471583665, CGH, 12
<134>2021-07-15T01:06:27Z cache-itm18851 MEWElogs[308969]: CROP, 1626311186268388791, ITM, 12
<134>2021-07-15T01:06:27Z cache-sjc10078 MEWElogs[308969]: CROP, 1626311186941967320, SJC, 12
<134>2021-07-15T01:06:45Z cache-bma1628 MEWElogs[308969]: CROP, 1626311204079077515, BMA, 12
<134>2021-07-15T01:07:07Z cache-vie21629 MEWElogs[308969]: CROP, 1626311226121406362, VIE, 12
<134>2021-07-15T01:07:18Z cache-yyz4551 MEWElogs[308969]: CROP, 1626311237362025975, YYZ, 12
<134>2021-07-15T01:07:29Z cache-yyz4551 MEWElogs[308969]: CROP, 1626311249014007748, YYZ, 12
<134>2021-07-15T01:08:05Z cache-tyo11974 MEWElogs[308969]: CROP, 1626311284753714108, TYO, 12
<134>2021-07-15T01:08:10Z cache-cgh11183 MEWElogs[308969]: CROP, 1626311289728591209, CGH, 12
<134>2021-07-15T01:08:20Z cache-sea4483 MEWElogs[308969]: CROP, 1626311300383908425, SEA, 12
<134>2021-07-15T01:08:23Z cache-sjc10078 MEWElogs[308969]: CROP, 1626311302862061547, SJC, 12
<134>2021-07-15T01:08:34Z cache-vie21629 MEWElogs[308969]: CROP, 1626311313344408620, VIE, 12
<134>2021-07-15T01:08:41Z cache-vie21629 MEWElogs[308969]: CROP, 1626311320010604226, VIE, 12
<134>2021-07-15T01:08:46Z cache-yyz4551 MEWElogs[308969]: CROP, 1626311325738053197, YYZ, 12
<134>2021-07-15T01:09:05Z cache-tyo11974 MEWElogs[308969]: CROP, 1626311345128566283, TYO, 12
<134>2021-07-15T01:09:21Z cache-cgh11183 MEWElogs[308969]: CROP, 1626311360781834480, CGH, 12
<134>2021-07-15T01:09:22Z cache-sjc10078 MEWElogs[308969]: CROP, 1626311362023065509, SJC, 12
<134>2021-07-15T01:09:58Z cache-yyz4551 MEWElogs[308969]: CROP, 1626311398299284226, YYZ, 12
<134>2021-07-15T01:10:19Z cache-tyo11974 MEWElogs[308969]: CROP, 1626311418142506503, TYO, 12
<134>2021-07-15T01:10:36Z cache-tyo11974 MEWElogs[308969]: CROP, 1626311435149356311, TYO, 12
