<134>2021-07-14T22:55:00Z cache-man4150 MEWElogs[464521]: BLUR, 1626303299801955902, MAN, 11
<134>2021-07-14T22:55:06Z cache-bom4751 MEWElogs[464521]: BLUR, 1626303305634840856, BOM, 11
<134>2021-07-14T22:55:51Z cache-gru17149 MEWElogs[464521]: BLUR, 1626303349949719007, GRU, 11
<134>2021-07-14T22:55:52Z cache-osl6529 MEWElogs[464521]: BLUR, 1626303352063638622, OSL, 11
<134>2021-07-14T22:56:05Z cache-bom4751 MEWElogs[464521]: BLUR, 1626303364122072420, BOM, 11
<134>2021-07-14T22:56:22Z cache-scl19427 MEWElogs[464521]: BLUR, 1626303381176716982, SCL, 11
<134>2021-07-14T22:56:49Z cache-bom4751 MEWElogs[464521]: BLUR, 1626303408076347658, BOM, 11
<134>2021-07-14T22:57:33Z cache-lga21983 MEWElogs[464521]: BLUR, 1626303453274229546, LGA, 11
<134>2021-07-14T22:57:34Z cache-mel11272 MEWElogs[464521]: BLUR, 1626303453530371254, MEL, 11
<134>2021-07-14T22:57:50Z cache-lga21983 MEWElogs[464521]: BLUR, 1626303470287439314, LGA, 11
<134>2021-07-14T22:58:58Z cache-lga21983 MEWElogs[464521]: BLUR, 1626303538069749141, LGA, 11
<134>2021-07-14T23:00:33Z cache-ewr18156 MEWElogs[464521]: BLUR, 1626303633737636007, EWR, 11
<134>2021-07-14T23:00:40Z cache-lga21983 MEWElogs[464521]: BLUR, 1626303640044533600, LGA, 11
<134>2021-07-14T23:01:18Z cache-cdg20720 MEWElogs[464521]: BLUR, 1626303677528815009, CDG, 11
<134>2021-07-14T23:02:31Z cache-gru17149 MEWElogs[464521]: BLUR, 1626303749843607936, GRU, 11
<134>2021-07-14T23:02:50Z cache-ewr18156 MEWElogs[464521]: BLUR, 1626303769864147806, EWR, 11
<134>2021-07-14T23:03:25Z cache-ewr18156 MEWElogs[464521]: BLUR, 1626303804964643619, EWR, 11
<134>2021-07-14T23:03:30Z cache-gig17035 MEWElogs[464521]: BLUR, 1626303810224462482, GIG, 11
<134>2021-07-14T23:03:46Z cache-lga21983 MEWElogs[464521]: BLUR, 1626303826372873321, LGA, 11
<134>2021-07-14T23:04:16Z cache-ewr18156 MEWElogs[464521]: BLUR, 1626303855874448393, EWR, 11
