<134>2021-07-15T00:50:04Z cache-man4150 MEWElogs[390968]: CROP, 1626310203166843160, MAN, 12
<134>2021-07-15T00:50:13Z cache-dal21283 MEWElogs[390968]: CROP, 1626310212412269699, DAL, 12
<134>2021-07-15T00:50:17Z cache-hkg17929 MEWElogs[390968]: CROP, 1626310217482826343, HKG, 12
<134>2021-07-15T00:50:25Z cache-lax10677 MEWElogs[390968]: CROP, 1626310225509803077, LGB, 12
<134>2021-07-15T00:50:32Z cache-hkg17929 MEWElogs[390968]: CROP, 1626310231783784822, HKG, 12
<134>2021-07-15T00:50:47Z cache-jax20933 MEWElogs[390968]: CROP, 1626310247372551234, JAX, 12
<134>2021-07-15T00:50:53Z cache-mci5951 MEWElogs[390968]: CROP, 1626310253799481492, MCI, 12
<134>2021-07-15T00:51:02Z cache-stp9226 MEWElogs[390968]: CROP, 1626310261283647397, STP, 12
<134>2021-07-15T00:51:06Z cache-yul12826 MEWElogs[390968]: CROP, 1626310265792926721, YUL, 12
<134>2021-07-15T00:51:11Z cache-mel11272 MEWElogs[390968]: CROP, 1626310270272655677, MEL, 12
<134>2021-07-15T00:51:17Z cache-man4150 MEWElogs[390968]: CROP, 1626310276727454366, MAN, 12
<134>2021-07-15T00:51:23Z cache-man4150 MEWElogs[390968]: CROP, 1626310282567871024, MAN, 12
<134>2021-07-15T00:51:30Z cache-mel11272 MEWElogs[390968]: CROP, 1626310289130430112, MEL, 12
<134>2021-07-15T00:52:01Z cache-lax10677 MEWElogs[390968]: CROP, 1626310321450866641, LGB, 12
<134>2021-07-15T00:52:05Z cache-yul12826 MEWElogs[390968]: CROP, 1626310325246918075, YUL, 12
<134>2021-07-15T00:52:18Z cache-yul12826 MEWElogs[390968]: CROP, 1626310337116215585, YUL, 12
<134>2021-07-15T00:52:19Z cache-lga21983 MEWElogs[390968]: CROP, 1626310339185912330, LGA, 12
<134>2021-07-15T00:52:23Z cache-lax10677 MEWElogs[390968]: CROP, 1626310342879903296, LGB, 12
<134>2021-07-15T00:52:24Z cache-man4150 MEWElogs[390968]: CROP, 1626310343746173575, MAN, 12
<134>2021-07-15T00:52:34Z cache-mci5951 MEWElogs[390968]: CROP, 1626310354698189036, MCI, 12
<134>2021-07-15T00:52:36Z cache-lax10677 MEWElogs[390968]: CROP, 1626310355597770356, LGB, 12
<134>2021-07-15T00:52:36Z cache-man4150 MEWElogs[390968]: CROP, 1626310355475111102, MAN, 12
<134>2021-07-15T00:52:36Z cache-yul12826 MEWElogs[390968]: CROP, 1626310356471435317, YUL, 12
<134>2021-07-15T00:52:48Z cache-lax10677 MEWElogs[390968]: CROP, 1626310368699006293, LGB, 12
<134>2021-07-15T00:52:52Z cache-mel11272 MEWElogs[390968]: CROP, 1626310372217239862, MEL, 12
<134>2021-07-15T00:52:54Z cache-mia11368 MEWElogs[390968]: CROP, 1626310373762163111, MIA, 12
<134>2021-07-15T00:53:11Z cache-man4150 MEWElogs[390968]: CROP, 1626310390375950351, MAN, 12
<134>2021-07-15T00:53:12Z cache-ewr18156 MEWElogs[390968]: CROP, 1626310392649282974, EWR, 12
<134>2021-07-15T00:53:18Z cache-mia11368 MEWElogs[390968]: CROP, 1626310397247227632, MIA, 12
<134>2021-07-15T00:53:27Z cache-mci5951 MEWElogs[390968]: CROP, 1626310406205011150, MCI, 12
<134>2021-07-15T00:53:31Z cache-lga21983 MEWElogs[390968]: CROP, 1626310411269185134, LGA, 12
<134>2021-07-15T00:53:34Z cache-osl6529 MEWElogs[390968]: CROP, 1626310413692339370, OSL, 12
<134>2021-07-15T00:53:38Z cache-yul12826 MEWElogs[390968]: CROP, 1626310418347408760, YUL, 12
<134>2021-07-15T00:53:47Z cache-ewr18156 MEWElogs[390968]: CROP, 1626310426331686556, EWR, 12
<134>2021-07-15T00:53:51Z cache-ewr18156 MEWElogs[390968]: CROP, 1626310430059084286, EWR, 12
<134>2021-07-15T00:53:57Z cache-yul12826 MEWElogs[390968]: CROP, 1626310437565511591, YUL, 12
<134>2021-07-15T00:54:04Z cache-stp9226 MEWElogs[390968]: CROP, 1626310443393411030, STP, 12
<134>2021-07-15T00:54:15Z cache-lga21983 MEWElogs[390968]: CROP, 1626310455531213947, LGA, 12
<134>2021-07-15T00:54:18Z cache-mci5951 MEWElogs[390968]: CROP, 1626310458731118870, MCI, 12
<134>2021-07-15T00:55:05Z cache-yul12826 MEWElogs[390968]: CROP, 1626310505555072538, YUL, 12
<134>2021-07-15T00:55:08Z cache-lax10677 MEWElogs[390968]: CROP, 1626310507680372636, LGB, 12
<134>2021-07-15T00:55:08Z cache-osl6529 MEWElogs[390968]: CROP, 1626310507517503773, OSL, 12
<134>2021-07-15T00:55:21Z cache-mel11272 MEWElogs[390968]: CROP, 1626310520418995095, MEL, 12
<134>2021-07-15T00:55:22Z cache-osl6529 MEWElogs[390968]: CROP, 1626310521929132995, OSL, 12
<134>2021-07-15T00:55:35Z cache-scl19427 MEWElogs[390968]: CROP, 1626310534963642341, SCL, 12
<134>2021-07-15T00:55:38Z cache-jax20933 MEWElogs[390968]: CROP, 1626310537645232823, JAX, 12
<134>2021-07-15T00:55:52Z cache-gig17035 MEWElogs[390968]: CROP, 1626310551662338812, GIG, 12
<134>2021-07-15T00:56:04Z cache-lax10677 MEWElogs[390968]: CROP, 1626310563821110277, LGB, 12
<134>2021-07-15T00:56:20Z cache-jax20933 MEWElogs[390968]: CROP, 1626310580283391675, JAX, 12
<134>2021-07-15T00:56:23Z cache-stl4834 MEWElogs[390968]: CROP, 1626310583403517260, STL, 12
<134>2021-07-15T00:56:31Z cache-osl6529 MEWElogs[390968]: CROP, 1626310590792395540, OSL, 12
<134>2021-07-15T00:56:37Z cache-osl6529 MEWElogs[390968]: CROP, 1626310596441063465, OSL, 12
<134>2021-07-15T00:56:56Z cache-syd10183 MEWElogs[390968]: CROP, 1626310616132834163, SYD, 12
<134>2021-07-15T00:57:05Z cache-lga21983 MEWElogs[390968]: CROP, 1626310624959192994, LGA, 12
<134>2021-07-15T00:57:05Z cache-osl6529 MEWElogs[390968]: CROP, 1626310624821577092, OSL, 12
<134>2021-07-15T00:57:07Z cache-yul12826 MEWElogs[390968]: CROP, 1626310627169410215, YUL, 12
<134>2021-07-15T00:57:09Z cache-stl4834 MEWElogs[390968]: CROP, 1626310629639988091, STL, 12
<134>2021-07-15T00:57:10Z cache-jax20933 MEWElogs[390968]: CROP, 1626310629238197510, JAX, 12
<134>2021-07-15T00:57:21Z cache-jax20933 MEWElogs[390968]: CROP, 1626310641669432883, JAX, 12
<134>2021-07-15T00:57:23Z cache-osl6529 MEWElogs[390968]: CROP, 1626310642187899296, OSL, 12
<134>2021-07-15T00:57:25Z cache-gig17035 MEWElogs[390968]: CROP, 1626310645706756135, GIG, 12
<134>2021-07-15T00:57:26Z cache-syd10183 MEWElogs[390968]: CROP, 1626310644981056610, SYD, 12
<134>2021-07-15T00:57:46Z cache-gig17035 MEWElogs[390968]: CROP, 1626310666150015932, GIG, 12
<134>2021-07-15T00:58:17Z cache-ewr18156 MEWElogs[390968]: CROP, 1626310696663706149, EWR, 12
<134>2021-07-15T00:58:23Z cache-pao17461 MEWElogs[390968]: CROP, 1626310703279474517, PAO, 12
<134>2021-07-15T00:58:39Z cache-stl4834 MEWElogs[390968]: CROP, 1626310717991085746, STL, 12
<134>2021-07-15T00:58:49Z cache-gig17035 MEWElogs[390968]: CROP, 1626310729193557701, GIG, 12
<134>2021-07-15T00:58:55Z cache-ewr18156 MEWElogs[390968]: CROP, 1626310734947813779, EWR, 12
<134>2021-07-15T00:58:59Z cache-stl4834 MEWElogs[390968]: CROP, 1626310739217265516, STL, 12
<134>2021-07-15T00:59:05Z cache-pao17461 MEWElogs[390968]: CROP, 1626310744987388195, PAO, 12
<134>2021-07-15T00:59:07Z cache-gru17149 MEWElogs[390968]: CROP, 1626310746300772495, GRU, 12
<134>2021-07-15T00:59:08Z cache-stl4834 MEWElogs[390968]: CROP, 1626310747534636646, STL, 12
<134>2021-07-15T00:59:08Z cache-cgh11122 MEWElogs[390968]: CROP, 1626310747564274124, CGH, 12
<134>2021-07-15T00:59:15Z cache-gig17035 MEWElogs[390968]: CROP, 1626310754724101839, GIG, 12
<134>2021-07-15T00:59:18Z cache-gru17149 MEWElogs[390968]: CROP, 1626310758682358022, GRU, 12
<134>2021-07-15T00:59:34Z cache-bom4751 MEWElogs[390968]: CROP, 1626310774125165007, BOM, 12
<134>2021-07-15T00:59:45Z cache-scl19427 MEWElogs[390968]: CROP, 1626310784686277035, SCL, 12
<134>2021-07-15T00:59:50Z cache-bom4751 MEWElogs[390968]: CROP, 1626310789062820846, BOM, 12
<134>2021-07-15T00:59:51Z cache-itm18851 MEWElogs[390968]: CROP, 1626310790633638823, ITM, 12
<134>2021-07-15T00:59:52Z cache-cgh11122 MEWElogs[390968]: CROP, 1626310791761878473, CGH, 12
<134>2021-07-15T00:59:53Z cache-bom4751 MEWElogs[390968]: CROP, 1626310792751496867, BOM, 12
<134>2021-07-15T01:00:01Z cache-itm18851 MEWElogs[390968]: CROP, 1626310800500091834, ITM, 12
