<134>2021-07-15T00:21:37Z cache-vie21629 MEWElogs[320228]: BLUR, 1626308496459947645, VIE, 11
<134>2021-07-15T00:28:45Z cache-mdw17383 MEWElogs[320228]: CROP, 1626308925290194690, MDW, 12
<134>2021-07-15T00:29:00Z cache-dca17782 MEWElogs[320228]: CROP, 1626308939347788721, DCA, 12
<134>2021-07-15T00:29:06Z cache-wdc5583 MEWElogs[320228]: CROP, 1626308945830424001, WDC, 12
<134>2021-07-15T00:29:11Z cache-dca17782 MEWElogs[320228]: CROP, 1626308950443020920, DCA, 12
<134>2021-07-15T00:29:40Z cache-cmh21547 MEWElogs[320228]: CROP, 1626308979228560367, CMH, 12
<134>2021-07-15T00:29:44Z cache-maa10251 MEWElogs[320228]: CROP, 1626308983736412377, MAA, 12
<134>2021-07-15T00:29:52Z cache-dca17782 MEWElogs[320228]: CROP, 1626308991649082477, DCA, 12
<134>2021-07-15T00:29:53Z cache-bog6425 MEWElogs[320228]: CROP, 1626308992985225847, BOG, 12
<134>2021-07-15T00:29:53Z cache-eze19324 MEWElogs[320228]: CROP, 1626308993624505681, EZE, 12
<134>2021-07-15T00:30:02Z cache-bog6425 MEWElogs[320228]: CROP, 1626309001631817795, BOG, 12
<134>2021-07-15T00:30:03Z cache-maa10251 MEWElogs[320228]: CROP, 1626309002671403695, MAA, 12
<134>2021-07-15T00:30:06Z cache-cmh21547 MEWElogs[320228]: CROP, 1626309005365854353, CMH, 12
<134>2021-07-15T00:30:22Z cache-cmh21547 MEWElogs[320228]: CROP, 1626309021329852068, CMH, 12
<134>2021-07-15T00:30:22Z cache-dca17782 MEWElogs[320228]: CROP, 1626309021625147086, DCA, 12
<134>2021-07-15T00:30:29Z cache-ams21020 MEWElogs[320228]: CROP, 1626309028565819780, AMS, 12
<134>2021-07-15T00:30:36Z cache-eze19324 MEWElogs[320228]: CROP, 1626309035752547595, EZE, 12
<134>2021-07-15T00:30:36Z cache-ord1740 MEWElogs[320228]: CROP, 1626309035541072179, ORD, 12
<134>2021-07-15T00:30:47Z cache-ord1740 MEWElogs[320228]: CROP, 1626309046062131454, ORD, 12
<134>2021-07-15T00:30:56Z cache-mdw17383 MEWElogs[320228]: CROP, 1626309055987573525, MDW, 12
<134>2021-07-15T00:31:24Z cache-wdc5583 MEWElogs[320228]: CROP, 1626309083948498353, WDC, 12
