<134>2021-07-14T16:42:14Z cache-maa10251 MEWElogs[322023]: FLIPH, 1626280934124683200, MAA, -1
<134>2021-07-14T16:42:27Z cache-maa10251 MEWElogs[322023]: FLIPH, 1626280946731929643, MAA, 10
<134>2021-07-14T16:42:33Z cache-eze19324 MEWElogs[322023]: FLIPH, 1626280952674457047, EZE, 10
<134>2021-07-14T16:42:34Z cache-bog6425 MEWElogs[322023]: FLIPH, 1626280953325564959, BOG, 10
<134>2021-07-14T16:42:36Z cache-wdc5583 MEWElogs[322023]: FLIPH, 1626280956633162816, WDC, -1
<134>2021-07-14T16:42:41Z cache-cph20625 MEWElogs[322023]: FLIPH, 1626280960509523556, CPH, -1
<134>2021-07-14T16:43:24Z cache-mdw17383 MEWElogs[322023]: FLIPH, 1626281003506384676, MDW, -1
<134>2021-07-14T16:43:34Z cache-fty21383 MEWElogs[322023]: FLIPH, 1626281014324923290, FTY, -1
<134>2021-07-14T16:43:42Z cache-wdc5583 MEWElogs[322023]: FLIPH, 1626281021856781195, WDC, 10
<134>2021-07-14T16:43:51Z cache-cph20625 MEWElogs[322023]: FLIPH, 1626281030918006560, CPH, 10
<134>2021-07-14T16:44:22Z cache-bos4657 MEWElogs[322023]: FLIPH, 1626281062762190137, BOS, -1
<134>2021-07-14T16:44:29Z cache-dfw18678 MEWElogs[322023]: FLIPH, 1626281069511723107, DFW, -1
<134>2021-07-14T16:44:37Z cache-chi21126 MEWElogs[322023]: FLIPH, 1626281077221151911, CHI, -1
<134>2021-07-14T16:44:52Z cache-del21735 MEWElogs[322023]: FLIPH, 1626281091792190495, DEL, 10
<134>2021-07-14T16:45:21Z cache-akl10324 MEWElogs[322023]: FLIPH, 1626281120559116095, AKL, 10
<134>2021-07-14T16:45:29Z cache-pwk4920 MEWElogs[322023]: FLIPH, 1626281129237973367, PWK, 10
<134>2021-07-14T16:45:37Z cache-pwk4920 MEWElogs[322023]: FLIPH, 1626281136311377804, PWK, -1
<134>2021-07-14T16:45:40Z cache-del21735 MEWElogs[322023]: FLIPH, 1626281139017858843, DEL, 10
<134>2021-07-14T16:45:50Z cache-dub4329 MEWElogs[322023]: FLIPH, 1626281149791272861, DUB, -1
<134>2021-07-14T16:46:14Z cache-fty21383 MEWElogs[322023]: FLIPH, 1626281173799991116, FTY, 10
<134>2021-07-14T16:46:38Z cache-cph20625 MEWElogs[322023]: FLIPH, 1626281197561765016, CPH, 10
<134>2021-07-14T16:46:45Z cache-del21735 MEWElogs[322023]: FLIPH, 1626281205081879269, DEL, 10
<134>2021-07-14T16:47:00Z cache-dub4329 MEWElogs[322023]: FLIPH, 1626281220272500060, DUB, -1
<134>2021-07-14T16:47:31Z cache-hhn4077 MEWElogs[322023]: FLIPH, 1626281251229173519, HHN, -1
<134>2021-07-14T16:47:41Z cache-fty21383 MEWElogs[322023]: FLIPH, 1626281261764029059, FTY, -1
<134>2021-07-14T16:47:43Z cache-bos4657 MEWElogs[322023]: FLIPH, 1626281262532407547, BOS, -1
<134>2021-07-14T16:48:17Z cache-dfw18678 MEWElogs[322023]: FLIPH, 1626281297032627486, DFW, 10
<134>2021-07-14T16:48:25Z cache-cph20625 MEWElogs[322023]: FLIPH, 1626281304413499574, CPH, -1
<134>2021-07-14T16:48:45Z cache-del21735 MEWElogs[322023]: FLIPH, 1626281325531057582, DEL, -1
<134>2021-07-14T16:48:46Z cache-dub4329 MEWElogs[322023]: FLIPH, 1626281325583411017, DUB, 10
<134>2021-07-14T16:48:48Z cache-chi21126 MEWElogs[322023]: FLIPH, 1626281327569043947, CHI, 10
<134>2021-07-14T16:48:49Z cache-hhn4077 MEWElogs[322023]: FLIPH, 1626281329448831523, HHN, -1
<134>2021-07-14T16:49:09Z cache-dfw18678 MEWElogs[322023]: FLIPH, 1626281349608384505, DFW, -1
<134>2021-07-14T16:49:33Z cache-akl10324 MEWElogs[322023]: FLIPH, 1626281372164175594, AKL, 10
<134>2021-07-14T16:49:48Z cache-fty21383 MEWElogs[322023]: FLIPH, 1626281387341553162, FTY, -1
<134>2021-07-14T16:50:11Z cache-cph20625 MEWElogs[322023]: FLIPH, 1626281410100123645, CPH, 10
<134>2021-07-14T16:50:22Z cache-chi21126 MEWElogs[322023]: FLIPH, 1626281422255089261, CHI, 10
<134>2021-07-14T16:50:24Z cache-fty21383 MEWElogs[322023]: FLIPH, 1626281423153247943, FTY, 10
<134>2021-07-14T16:50:32Z cache-akl10324 MEWElogs[322023]: FLIPH, 1626281431734770469, AKL, 10
<134>2021-07-14T16:50:58Z cache-chi21126 MEWElogs[322023]: FLIPH, 1626281458404355855, CHI, -1
<134>2021-07-14T16:51:13Z cache-hhn4077 MEWElogs[322023]: FLIPH, 1626281472814162540, HHN, 10
<134>2021-07-14T16:51:16Z cache-del21735 MEWElogs[322023]: FLIPH, 1626281475737131699, DEL, 10
<134>2021-07-14T16:51:38Z cache-dub4329 MEWElogs[322023]: FLIPH, 1626281497553504915, DUB, -1
<134>2021-07-14T16:51:46Z cache-chi21126 MEWElogs[322023]: FLIPH, 1626281505673382929, CHI, -1
<134>2021-07-14T16:51:52Z cache-akl10324 MEWElogs[322023]: FLIPH, 1626281511131932307, AKL, 10
<134>2021-07-14T16:51:56Z cache-pwk4920 MEWElogs[322023]: FLIPH, 1626281515820009797, PWK, -1
