<134>2021-07-15T00:59:16Z cache-bom4751 MEWElogs[322023]: CROP, 1626310755699368743, BOM, 12
<134>2021-07-15T00:59:22Z cache-hnd18722 MEWElogs[322023]: CROP, 1626310762144525748, HND, 12
<134>2021-07-15T00:59:39Z cache-scl19427 MEWElogs[322023]: CROP, 1626310779346149741, SCL, 12
<134>2021-07-15T00:59:56Z cache-gig17035 MEWElogs[322023]: CROP, 1626310796620256791, GIG, 12
<134>2021-07-15T01:00:00Z cache-bom4751 MEWElogs[322023]: CROP, 1626310800157313233, BOM, 12
<134>2021-07-15T01:00:01Z cache-pao17461 MEWElogs[322023]: CROP, 1626310800484160976, PAO, 12
<134>2021-07-15T01:00:03Z cache-stl4834 MEWElogs[322023]: CROP, 1626310802907162731, STL, 12
<134>2021-07-15T01:00:46Z cache-hnd18722 MEWElogs[322023]: CROP, 1626310845411623114, HND, 12
<134>2021-07-15T01:01:02Z cache-gru17149 MEWElogs[322023]: CROP, 1626310861115726285, GRU, 12
<134>2021-07-15T01:01:03Z cache-stl4834 MEWElogs[322023]: CROP, 1626310862296245300, STL, 12
<134>2021-07-15T01:01:07Z cache-cgh11122 MEWElogs[322023]: CROP, 1626310867117148926, CGH, 12
<134>2021-07-15T01:01:09Z cache-hnd18722 MEWElogs[322023]: CROP, 1626310868321132884, HND, 12
<134>2021-07-15T01:01:13Z cache-hnd18722 MEWElogs[322023]: CROP, 1626310872982711587, HND, 12
<134>2021-07-15T01:01:20Z cache-stl4834 MEWElogs[322023]: CROP, 1626310879430096094, STL, 12
<134>2021-07-15T01:01:35Z cache-cgh11122 MEWElogs[322023]: CROP, 1626310894715268686, CGH, 12
<134>2021-07-15T01:01:36Z cache-bom4751 MEWElogs[322023]: CROP, 1626310895479980815, BOM, 12
<134>2021-07-15T01:01:43Z cache-bom4751 MEWElogs[322023]: CROP, 1626310902844154952, BOM, 12
<134>2021-07-15T01:01:51Z cache-bom4751 MEWElogs[322023]: CROP, 1626310910137744908, BOM, 12
<134>2021-07-15T01:01:54Z cache-hnd18722 MEWElogs[322023]: CROP, 1626310914755594390, HND, 12
<134>2021-07-15T01:02:06Z cache-gig17035 MEWElogs[322023]: CROP, 1626310926031551537, GIG, 12
<134>2021-07-15T01:02:21Z cache-bom4751 MEWElogs[322023]: CROP, 1626310939961855601, BOM, 12
<134>2021-07-15T01:02:37Z cache-cgh11122 MEWElogs[322023]: CROP, 1626310956201947045, CGH, 12
<134>2021-07-15T01:02:45Z cache-scl19427 MEWElogs[322023]: CROP, 1626310965122086506, SCL, 12
<134>2021-07-15T01:02:45Z cache-itm18851 MEWElogs[322023]: CROP, 1626310965509683019, ITM, 12
<134>2021-07-15T01:03:18Z cache-gig17035 MEWElogs[322023]: CROP, 1626310997969005100, GIG, 12
<134>2021-07-15T01:03:24Z cache-pao17461 MEWElogs[322023]: CROP, 1626311003920951013, PAO, 12
<134>2021-07-15T01:03:41Z cache-pao17461 MEWElogs[322023]: CROP, 1626311020695753494, PAO, 12
<134>2021-07-15T01:04:41Z cache-hnd18722 MEWElogs[322023]: CROP, 1626311081205944711, HND, 12
<134>2021-07-15T01:04:49Z cache-cgh11122 MEWElogs[322023]: CROP, 1626311089021916705, CGH, 12
<134>2021-07-15T01:04:58Z cache-itm18851 MEWElogs[322023]: CROP, 1626311097602907834, ITM, 12
<134>2021-07-15T01:05:00Z cache-hnd18722 MEWElogs[322023]: CROP, 1626311099361984184, HND, 12
<134>2021-07-15T01:05:27Z cache-sjc10078 MEWElogs[322023]: CROP, 1626311126829070824, SJC, 12
<134>2021-07-15T01:05:30Z cache-cgh11183 MEWElogs[322023]: CROP, 1626311129739986767, CGH, 12
<134>2021-07-15T01:05:58Z cache-sea4483 MEWElogs[322023]: CROP, 1626311158340150964, SEA, 12
<134>2021-07-15T01:06:42Z cache-bma1628 MEWElogs[322023]: CROP, 1626311201133114958, BMA, 12
<134>2021-07-15T01:07:01Z cache-sjc10078 MEWElogs[322023]: CROP, 1626311220362403867, SJC, 12
<134>2021-07-15T01:07:10Z cache-sea4483 MEWElogs[322023]: CROP, 1626311229234191692, SEA, 12
<134>2021-07-15T01:07:11Z cache-itm18851 MEWElogs[322023]: CROP, 1626311230269028074, ITM, 12
<134>2021-07-15T01:07:14Z cache-bma1628 MEWElogs[322023]: CROP, 1626311233812650519, BMA, 12
<134>2021-07-15T01:07:16Z cache-cgh11183 MEWElogs[322023]: CROP, 1626311236468060779, CGH, 12
<134>2021-07-15T01:07:34Z cache-vie21629 MEWElogs[322023]: CROP, 1626311252933153817, VIE, 12
<134>2021-07-15T01:07:50Z cache-bma1628 MEWElogs[322023]: CROP, 1626311269273053160, BMA, 12
<134>2021-07-15T01:08:01Z cache-cgh11183 MEWElogs[322023]: CROP, 1626311280760052707, CGH, 12
<134>2021-07-15T01:08:39Z cache-sjc10078 MEWElogs[322023]: CROP, 1626311319776989676, SJC, 12
<134>2021-07-15T01:08:44Z cache-tyo11974 MEWElogs[322023]: CROP, 1626311324018920280, TYO, 12
<134>2021-07-15T01:09:04Z cache-sea4483 MEWElogs[322023]: CROP, 1626311344288961209, SEA, 12
<134>2021-07-15T01:09:10Z cache-tyo11974 MEWElogs[322023]: CROP, 1626311349461791655, TYO, 12
