<134>2021-07-15T05:10:30Z cache-hkg17929 MEWElogs[308969]: ROTATE, 1626325829618582687, HKG, 15
<134>2021-07-15T05:10:42Z cache-lax10677 MEWElogs[308969]: ROTATE, 1626325841473695901, LGB, 15
<134>2021-07-15T05:11:28Z cache-gig17035 MEWElogs[308969]: ROTATE, 1626325887810602172, GIG, 15
<134>2021-07-15T05:11:29Z cache-mci5951 MEWElogs[308969]: ROTATE, 1626325888663427634, MCI, 15
<134>2021-07-15T05:11:29Z cache-bom4751 MEWElogs[308969]: ROTATE, 1626325888675349738, BOM, 15
<134>2021-07-15T05:12:06Z cache-bom4751 MEWElogs[308969]: ROTATE, 1626325925882681345, BOM, 15
<134>2021-07-15T05:12:11Z cache-lga21983 MEWElogs[308969]: ROTATE, 1626325930479388367, LGA, 15
<134>2021-07-15T05:12:24Z cache-mel11272 MEWElogs[308969]: ROTATE, 1626325944504878408, MEL, 15
<134>2021-07-15T05:12:25Z cache-bom4751 MEWElogs[308969]: ROTATE, 1626325944574438122, BOM, 15
<134>2021-07-15T05:13:05Z cache-cdg20720 MEWElogs[308969]: ROTATE, 1626325984719765062, CDG, 15
<134>2021-07-15T05:13:24Z cache-lax10677 MEWElogs[308969]: ROTATE, 1626326004853164019, LGB, 15
<134>2021-07-15T05:13:28Z cache-mel11272 MEWElogs[308969]: ROTATE, 1626326007357900086, MEL, 15
<134>2021-07-15T05:13:36Z cache-gru17149 MEWElogs[308969]: ROTATE, 1626326014946582480, GRU, 15
<134>2021-07-15T05:13:38Z cache-mel11272 MEWElogs[308969]: ROTATE, 1626326017865528622, MEL, 15
<134>2021-07-15T05:13:42Z cache-itm18851 MEWElogs[308969]: ROTATE, 1626326021833197504, ITM, 15
<134>2021-07-15T05:13:45Z cache-gru17149 MEWElogs[308969]: ROTATE, 1626326024518388345, GRU, 15
<134>2021-07-15T05:13:55Z cache-gru17149 MEWElogs[308969]: ROTATE, 1626326034069070067, GRU, 15
<134>2021-07-15T05:14:55Z cache-bom4751 MEWElogs[308969]: ROTATE, 1626326094487623953, BOM, 15
<134>2021-07-15T05:15:28Z cache-osl6529 MEWElogs[308969]: ROTATE, 1626326127665614309, OSL, 15
<134>2021-07-15T05:17:53Z cache-gru17149 MEWElogs[308969]: ROTATE, 1626326272377208535, GRU, 15
<134>2021-07-15T05:18:41Z cache-gig17035 MEWElogs[308969]: ROTATE, 1626326319935162412, GIG, 15
<134>2021-07-15T05:19:57Z cache-stl4834 MEWElogs[308969]: ROTATE, 1626326396512655648, STL, 15
