<134>2021-07-14T17:53:18Z cache-hnd18722 MEWElogs[370074]: FLIPH, 1626285198657290100, HND, -1
<134>2021-07-14T17:53:21Z cache-stl4834 MEWElogs[370074]: FLIPH, 1626285201220652670, STL, -1
<134>2021-07-14T17:53:32Z cache-pao17461 MEWElogs[370074]: FLIPH, 1626285212039249902, PAO, -1
<134>2021-07-14T17:53:37Z cache-itm18851 MEWElogs[370074]: FLIPH, 1626285216747222683, ITM, 10
<134>2021-07-14T17:53:50Z cache-gig17035 MEWElogs[370074]: FLIPH, 1626285230000208380, GIG, 10
<134>2021-07-14T17:53:51Z cache-hnd18722 MEWElogs[370074]: FLIPH, 1626285230414819664, HND, -1
<134>2021-07-14T17:54:18Z cache-syd10183 MEWElogs[370074]: FLIPH, 1626285257666110030, SYD, 10
<134>2021-07-14T17:54:32Z cache-sjc10078 MEWElogs[370074]: FLIPH, 1626285272806403532, SJC, -1
<134>2021-07-14T17:54:34Z cache-stl4834 MEWElogs[370074]: FLIPH, 1626285274277229896, STL, -1
<134>2021-07-14T17:54:55Z cache-cgh11122 MEWElogs[370074]: FLIPH, 1626285294832160132, CGH, -1
<134>2021-07-14T17:55:07Z cache-sjc10078 MEWElogs[370074]: FLIPH, 1626285307089720654, SJC, 10
<134>2021-07-14T17:55:09Z cache-stl4834 MEWElogs[370074]: FLIPH, 1626285308506033049, STL, 10
<134>2021-07-14T17:55:16Z cache-gru17149 MEWElogs[370074]: FLIPH, 1626285315293760007, GRU, -1
<134>2021-07-14T17:55:59Z cache-hnd18722 MEWElogs[370074]: FLIPH, 1626285358410659974, HND, -1
<134>2021-07-14T17:57:11Z cache-sjc10078 MEWElogs[370074]: FLIPH, 1626285430581477340, SJC, 10
<134>2021-07-14T17:57:37Z cache-itm18851 MEWElogs[370074]: FLIPH, 1626285456747210473, ITM, 10
<134>2021-07-14T17:57:48Z cache-sea4483 MEWElogs[370074]: FLIPH, 1626285468417107027, SEA, 10
<134>2021-07-14T17:58:03Z cache-stl4834 MEWElogs[370074]: FLIPH, 1626285482603964427, STL, -1
<134>2021-07-14T17:58:11Z cache-tyo11974 MEWElogs[370074]: FLIPH, 1626285490037472845, TYO, -1
<134>2021-07-14T17:58:17Z cache-cgh11183 MEWElogs[370074]: FLIPH, 1626285497489264206, CGH, -1
<134>2021-07-14T17:58:31Z cache-sea4483 MEWElogs[370074]: FLIPH, 1626285511565707073, SEA, 10
<134>2021-07-14T17:58:49Z cache-cgh11183 MEWElogs[370074]: FLIPH, 1626285528047809712, CGH, -1
<134>2021-07-14T17:59:19Z cache-cgh11183 MEWElogs[370074]: FLIPH, 1626285558380050548, CGH, -1
<134>2021-07-14T17:59:21Z cache-cgh11122 MEWElogs[370074]: FLIPH, 1626285560530657916, CGH, 10
<134>2021-07-14T17:59:27Z cache-sea4483 MEWElogs[370074]: FLIPH, 1626285566647112025, SEA, 10
<134>2021-07-14T17:59:49Z cache-cgh11122 MEWElogs[370074]: FLIPH, 1626285587981407122, CGH, -1
<134>2021-07-14T17:59:58Z cache-cgh11122 MEWElogs[370074]: FLIPH, 1626285597780857186, CGH, -1
<134>2021-07-14T18:00:06Z cache-sea4483 MEWElogs[370074]: FLIPH, 1626285606545844525, SEA, -1
<134>2021-07-14T18:00:29Z cache-sjc10078 MEWElogs[370074]: FLIPH, 1626285628172022148, SJC, 10
<134>2021-07-14T18:00:40Z cache-cgh11122 MEWElogs[370074]: FLIPH, 1626285639769013314, CGH, -1
<134>2021-07-14T18:00:47Z cache-hnd18722 MEWElogs[370074]: FLIPH, 1626285646080363329, HND, -1
<134>2021-07-14T18:00:49Z cache-hnd18722 MEWElogs[370074]: FLIPH, 1626285648900575826, HND, 10
<134>2021-07-14T18:00:51Z cache-tyo11974 MEWElogs[370074]: FLIPH, 1626285651296483657, TYO, -1
<134>2021-07-14T18:01:00Z cache-pao17461 MEWElogs[370074]: FLIPH, 1626285660071227076, PAO, -1
<134>2021-07-14T18:01:41Z cache-cgh11183 MEWElogs[370074]: FLIPH, 1626285700180046339, CGH, -1
<134>2021-07-14T18:02:03Z cache-sjc10078 MEWElogs[370074]: FLIPH, 1626285722926331377, SJC, 10
<134>2021-07-14T18:02:07Z cache-tyo11974 MEWElogs[370074]: FLIPH, 1626285726644766881, TYO, 10
<134>2021-07-14T18:02:25Z cache-tyo11974 MEWElogs[370074]: FLIPH, 1626285744717805824, TYO, 10
<134>2021-07-14T18:02:58Z cache-hnd18722 MEWElogs[370074]: FLIPH, 1626285777091016404, HND, 10
<134>2021-07-14T18:03:00Z cache-sea4483 MEWElogs[370074]: FLIPH, 1626285780834150255, SEA, -1
