<134>2021-07-15T06:33:44Z cache-fty21383 MEWElogs[318405]: UNSH, 1626330823435842004, FTY, 16
<134>2021-07-15T06:34:18Z cache-bos4657 MEWElogs[318405]: UNSH, 1626330857836059477, BOS, 16
<134>2021-07-15T06:35:02Z cache-hhn4077 MEWElogs[318405]: UNSH, 1626330901074687532, HHN, 16
<134>2021-07-15T06:35:06Z cache-akl10324 MEWElogs[318405]: UNSH, 1626330905061911798, AKL, 16
<134>2021-07-15T06:35:11Z cache-cwb20520 MEWElogs[318405]: UNSH, 1626330910807700245, CWB, 16
<134>2021-07-15T06:35:26Z cache-chi21126 MEWElogs[318405]: UNSH, 1626330925070583361, CHI, 16
<134>2021-07-15T06:35:46Z cache-fty21383 MEWElogs[318405]: UNSH, 1626330945791893931, FTY, 16
<134>2021-07-15T06:35:54Z cache-pwk4920 MEWElogs[318405]: UNSH, 1626330954275240252, PWK, 16
<134>2021-07-15T06:36:39Z cache-del21735 MEWElogs[318405]: UNSH, 1626330998381916703, DEL, 16
<134>2021-07-15T06:36:45Z cache-cwb20520 MEWElogs[318405]: UNSH, 1626331004454244100, CWB, 16
<134>2021-07-15T06:38:26Z cache-dub4329 MEWElogs[318405]: UNSH, 1626331105712181715, DUB, 16
<134>2021-07-15T06:39:21Z cache-pwk4920 MEWElogs[318405]: UNSH, 1626331160445751671, PWK, 16
<134>2021-07-15T06:40:04Z cache-cwb20520 MEWElogs[318405]: UNSH, 1626331203239861338, CWB, 16
<134>2021-07-15T06:40:35Z cache-cwb20520 MEWElogs[318405]: UNSH, 1626331234440244981, CWB, 16
<134>2021-07-15T06:40:38Z cache-pwk4920 MEWElogs[318405]: UNSH, 1626331237196822401, PWK, 16
<134>2021-07-15T06:40:59Z cache-akl10324 MEWElogs[318405]: UNSH, 1626331258865091686, AKL, 16
<134>2021-07-15T06:41:35Z cache-fra19177 MEWElogs[318405]: UNSH, 1626331295380501507, FRA, 16
<134>2021-07-15T06:42:14Z cache-cwb20520 MEWElogs[318405]: UNSH, 1626331333511111816, CWB, 16
<134>2021-07-15T06:42:18Z cache-hel6829 MEWElogs[318405]: UNSH, 1626331338118252588, HEL, 16
<134>2021-07-15T06:43:08Z cache-pwk4920 MEWElogs[318405]: UNSH, 1626331387941283269, PWK, 16
<134>2021-07-15T06:43:34Z cache-lon4249 MEWElogs[318405]: UNSH, 1626331413601887120, LON, 16
<134>2021-07-15T06:43:36Z cache-jnb7027 MEWElogs[318405]: UNSH, 1626331416304643979, JNB, 16
<134>2021-07-15T06:43:38Z cache-cwb20520 MEWElogs[318405]: UNSH, 1626331417256764322, CWB, 16
