<134>2021-07-15T04:06:28Z cache-pdk17882 MEWElogs[216063]: ROTATE, 1626321987233470911, PDK, 15
<134>2021-07-15T04:06:28Z cache-dca17782 MEWElogs[216063]: ROTATE, 1626321987629998326, DCA, 15
<134>2021-07-15T04:07:14Z cache-maa10251 MEWElogs[216063]: ROTATE, 1626322033498352060, MAA, 15
<134>2021-07-15T04:07:30Z cache-bog6425 MEWElogs[216063]: ROTATE, 1626322049291731041, BOG, 15
<134>2021-07-15T04:07:35Z cache-cph20625 MEWElogs[216063]: ROTATE, 1626322054560215417, CPH, 15
<134>2021-07-15T04:07:44Z cache-ams21020 MEWElogs[216063]: ROTATE, 1626322062981760737, AMS, 15
<134>2021-07-15T04:08:33Z cache-mdw17383 MEWElogs[216063]: ROTATE, 1626322112559555645, MDW, 15
<134>2021-07-15T04:08:46Z cache-ord1740 MEWElogs[216063]: ROTATE, 1626322125220388547, ORD, 15
<134>2021-07-15T04:09:24Z cache-pdk17882 MEWElogs[216063]: ROTATE, 1626322163732045626, PDK, 15
<134>2021-07-15T04:09:41Z cache-ord1740 MEWElogs[216063]: ROTATE, 1626322180763422856, ORD, 15
<134>2021-07-15T04:09:50Z cache-ord1740 MEWElogs[216063]: ROTATE, 1626322189889891836, ORD, 15
<134>2021-07-15T04:09:57Z cache-wdc5583 MEWElogs[216063]: ROTATE, 1626322197449313312, WDC, 15
<134>2021-07-15T04:10:01Z cache-maa10251 MEWElogs[216063]: ROTATE, 1626322200827867465, MAA, 15
<134>2021-07-15T04:10:29Z cache-maa10251 MEWElogs[216063]: ROTATE, 1626322228510050616, MAA, 15
<134>2021-07-15T04:10:30Z cache-eze19324 MEWElogs[216063]: ROTATE, 1626322229422592668, EZE, 15
<134>2021-07-15T04:11:41Z cache-mdw17383 MEWElogs[216063]: ROTATE, 1626322300493519971, MDW, 15
<134>2021-07-15T04:11:46Z cache-wdc5583 MEWElogs[216063]: ROTATE, 1626322305076176798, WDC, 15
<134>2021-07-15T04:12:14Z cache-mdw17383 MEWElogs[216063]: ROTATE, 1626322333292074379, MDW, 15
<134>2021-07-15T04:12:22Z cache-pdk17882 MEWElogs[216063]: ROTATE, 1626322341707311362, PDK, 15
<134>2021-07-15T04:12:24Z cache-mdw17383 MEWElogs[216063]: ROTATE, 1626322344439060388, MDW, 15
<134>2021-07-15T04:12:46Z cache-ams21020 MEWElogs[216063]: ROTATE, 1626322365156671316, AMS, 15
<134>2021-07-15T04:12:54Z cache-cph20625 MEWElogs[216063]: ROTATE, 1626322373167338052, CPH, 15
<134>2021-07-15T04:13:13Z cache-cph20625 MEWElogs[216063]: ROTATE, 1626322392013657521, CPH, 15
<134>2021-07-15T04:13:31Z cache-mdw17383 MEWElogs[216063]: ROTATE, 1626322411060690579, MDW, 15
<134>2021-07-15T04:13:53Z cache-eze19324 MEWElogs[216063]: ROTATE, 1626322432460062557, EZE, 15
<134>2021-07-15T04:14:04Z cache-dca17782 MEWElogs[216063]: ROTATE, 1626322443726000718, DCA, 15
<134>2021-07-15T04:14:42Z cache-maa10251 MEWElogs[216063]: ROTATE, 1626322481522535330, MAA, 15
<134>2021-07-15T04:14:42Z cache-pdk17882 MEWElogs[216063]: ROTATE, 1626322481672286421, PDK, 15
<134>2021-07-15T04:14:51Z cache-pdk17882 MEWElogs[216063]: ROTATE, 1626322490902578129, PDK, 15
<134>2021-07-15T04:15:19Z cache-wdc5583 MEWElogs[216063]: ROTATE, 1626322518393296243, WDC, 15
<134>2021-07-15T04:15:33Z cache-mdw17383 MEWElogs[216063]: ROTATE, 1626322532607279292, MDW, 15
<134>2021-07-15T04:15:41Z cache-ord1740 MEWElogs[216063]: ROTATE, 1626322540970990133, ORD, 15
<134>2021-07-15T04:16:15Z cache-pdk17882 MEWElogs[216063]: ROTATE, 1626322574273348462, PDK, 15
<134>2021-07-15T04:16:25Z cache-maa10251 MEWElogs[216063]: ROTATE, 1626322584074951269, MAA, 15
