<134>2021-07-15T04:46:41Z cache-mad22068 MEWElogs[216063]: ROTATE, 1626324400196632606, MAD, 15
<134>2021-07-15T04:46:43Z cache-den8274 MEWElogs[216063]: ROTATE, 1626324403000954425, DEN, 15
<134>2021-07-15T04:47:13Z cache-bur17583 MEWElogs[216063]: ROTATE, 1626324432896716160, BUR, 15
<134>2021-07-15T04:47:14Z cache-mad22068 MEWElogs[216063]: ROTATE, 1626324433026175709, MAD, 15
<134>2021-07-15T04:47:40Z cache-jnb7027 MEWElogs[216063]: ROTATE, 1626324460437079322, JNB, 15
<134>2021-07-15T04:48:04Z cache-hel6829 MEWElogs[216063]: ROTATE, 1626324483581870547, HEL, 15
<134>2021-07-15T04:48:26Z cache-lcy19283 MEWElogs[216063]: ROTATE, 1626324506073457422, LCY, 15
<134>2021-07-15T04:48:32Z cache-den8274 MEWElogs[216063]: ROTATE, 1626324512390862858, DEN, 15
<134>2021-07-15T04:48:34Z cache-iah17271 MEWElogs[216063]: ROTATE, 1626324513226140209, IAH, 15
<134>2021-07-15T04:48:41Z cache-den8274 MEWElogs[216063]: ROTATE, 1626324521247394211, DEN, 15
<134>2021-07-15T04:49:20Z cache-lon4249 MEWElogs[216063]: ROTATE, 1626324559727146933, LON, 15
<134>2021-07-15T04:50:13Z cache-bur17583 MEWElogs[216063]: ROTATE, 1626324612542251419, BUR, 15
<134>2021-07-15T04:50:14Z cache-fra19177 MEWElogs[216063]: ROTATE, 1626324614218943440, FRA, 15
<134>2021-07-15T04:50:27Z cache-mad22068 MEWElogs[216063]: ROTATE, 1626324626268613339, MAD, 15
<134>2021-07-15T04:50:29Z cache-lon4249 MEWElogs[216063]: ROTATE, 1626324628922917045, LON, 15
<134>2021-07-15T04:50:55Z cache-iah17271 MEWElogs[216063]: ROTATE, 1626324653999337492, IAH, 15
<134>2021-07-15T04:51:00Z cache-lon4249 MEWElogs[216063]: ROTATE, 1626324659617293338, LON, 15
<134>2021-07-15T04:51:09Z cache-lcy19283 MEWElogs[216063]: ROTATE, 1626324668605563063, LCY, 15
<134>2021-07-15T04:51:50Z cache-jnb7027 MEWElogs[216063]: ROTATE, 1626324709101184392, JNB, 15
<134>2021-07-15T04:51:50Z cache-mrs10583 MEWElogs[216063]: ROTATE, 1626324709498230003, MRS, 15
<134>2021-07-15T04:52:32Z cache-yul12826 MEWElogs[216063]: ROTATE, 1626324751953107101, YUL, 15
<134>2021-07-15T04:52:45Z cache-mrs10583 MEWElogs[216063]: ROTATE, 1626324764531466100, MRS, 15
<134>2021-07-15T04:52:46Z cache-jnb7027 MEWElogs[216063]: ROTATE, 1626324765268875737, JNB, 15
<134>2021-07-15T04:52:53Z cache-stp9226 MEWElogs[216063]: ROTATE, 1626324772268525224, STP, 15
<134>2021-07-15T04:53:12Z cache-hkg17929 MEWElogs[216063]: ROTATE, 1626324791870137802, HKG, 15
<134>2021-07-15T04:53:16Z cache-mad22068 MEWElogs[216063]: ROTATE, 1626324795814018709, MAD, 15
<134>2021-07-15T04:53:30Z cache-bur17583 MEWElogs[216063]: ROTATE, 1626324809024088718, BUR, 15
<134>2021-07-15T04:53:56Z cache-mad22068 MEWElogs[216063]: ROTATE, 1626324835981692535, MAD, 15
<134>2021-07-15T04:54:01Z cache-jnb7027 MEWElogs[216063]: ROTATE, 1626324841111471071, JNB, 15
<134>2021-07-15T04:54:09Z cache-hkg17929 MEWElogs[216063]: ROTATE, 1626324849364524772, HKG, 15
<134>2021-07-15T04:54:41Z cache-yul12826 MEWElogs[216063]: ROTATE, 1626324880731154840, YUL, 15
<134>2021-07-15T04:54:43Z cache-mrs10583 MEWElogs[216063]: ROTATE, 1626324882823970620, MRS, 15
<134>2021-07-15T04:54:43Z cache-dal21283 MEWElogs[216063]: ROTATE, 1626324882897127581, DAL, 15
<134>2021-07-15T04:55:00Z cache-lhr7382 MEWElogs[216063]: ROTATE, 1626324899722090464, LHR, 15
<134>2021-07-15T04:55:16Z cache-iah17271 MEWElogs[216063]: ROTATE, 1626324916498495003, IAH, 15
<134>2021-07-15T04:55:38Z cache-bur17583 MEWElogs[216063]: ROTATE, 1626324937863430696, BUR, 15
<134>2021-07-15T04:55:49Z cache-yul12826 MEWElogs[216063]: ROTATE, 1626324949176910361, YUL, 15
<134>2021-07-15T04:55:56Z cache-lhr7382 MEWElogs[216063]: ROTATE, 1626324955168200539, LHR, 15
<134>2021-07-15T04:56:18Z cache-mrs10583 MEWElogs[216063]: ROTATE, 1626324977743950882, MRS, 15
