<134>2021-07-15T06:24:44Z cache-maa10251 MEWElogs[390968]: UNSH, 1626330283398771556, MAA, 16
<134>2021-07-15T06:24:50Z cache-cmh21547 MEWElogs[390968]: UNSH, 1626330289533596168, CMH, 16
<134>2021-07-15T06:25:01Z cache-bog6425 MEWElogs[390968]: UNSH, 1626330301488022064, BOG, 16
<134>2021-07-15T06:25:10Z cache-fty21383 MEWElogs[390968]: UNSH, 1626330309626101281, FTY, 16
<134>2021-07-15T06:25:17Z cache-wdc5583 MEWElogs[390968]: UNSH, 1626330316009321559, WDC, 16
<134>2021-07-15T06:25:43Z cache-del21735 MEWElogs[390968]: UNSH, 1626330342024831683, DEL, 16
<134>2021-07-15T06:25:47Z cache-wdc5583 MEWElogs[390968]: UNSH, 1626330347168340218, WDC, 16
<134>2021-07-15T06:25:52Z cache-akl10324 MEWElogs[390968]: UNSH, 1626330350919296184, AKL, 16
<134>2021-07-15T06:26:03Z cache-fty21383 MEWElogs[390968]: UNSH, 1626330362206653000, FTY, 16
<134>2021-07-15T06:27:16Z cache-dfw18678 MEWElogs[390968]: UNSH, 1626330435738037082, DFW, 16
<134>2021-07-15T06:27:35Z cache-dfw18678 MEWElogs[390968]: UNSH, 1626330455402643898, DFW, 16
<134>2021-07-15T06:28:04Z cache-cph20625 MEWElogs[390968]: UNSH, 1626330483153114240, CPH, 16
<134>2021-07-15T06:28:16Z cache-akl10324 MEWElogs[390968]: UNSH, 1626330495267825849, AKL, 16
<134>2021-07-15T06:28:23Z cache-pwk4920 MEWElogs[390968]: UNSH, 1626330502881816079, PWK, 16
<134>2021-07-15T06:28:30Z cache-bos4657 MEWElogs[390968]: UNSH, 1626330509161578142, BOS, 16
<134>2021-07-15T06:28:39Z cache-akl10324 MEWElogs[390968]: UNSH, 1626330518653104860, AKL, 16
<134>2021-07-15T06:28:51Z cache-pwk4920 MEWElogs[390968]: UNSH, 1626330530921882222, PWK, 16
<134>2021-07-15T06:28:56Z cache-bos4657 MEWElogs[390968]: UNSH, 1626330536009613433, BOS, 16
<134>2021-07-15T06:29:02Z cache-del21735 MEWElogs[390968]: UNSH, 1626330541355758603, DEL, 16
<134>2021-07-15T06:29:09Z cache-pwk4920 MEWElogs[390968]: UNSH, 1626330549472278356, PWK, 16
<134>2021-07-15T06:29:21Z cache-del21735 MEWElogs[390968]: UNSH, 1626330560154615740, DEL, 16
<134>2021-07-15T06:29:22Z cache-dub4329 MEWElogs[390968]: UNSH, 1626330561898344776, DUB, 16
<134>2021-07-15T06:30:34Z cache-dfw18678 MEWElogs[390968]: UNSH, 1626330632999119041, DFW, 16
<134>2021-07-15T06:30:34Z cache-bos4657 MEWElogs[390968]: UNSH, 1626330633741762944, BOS, 16
<134>2021-07-15T06:30:41Z cache-fty21383 MEWElogs[390968]: UNSH, 1626330640583267861, FTY, 16
<134>2021-07-15T06:31:01Z cache-bos4657 MEWElogs[390968]: UNSH, 1626330660547377656, BOS, 16
<134>2021-07-15T06:31:03Z cache-hhn4077 MEWElogs[390968]: UNSH, 1626330662856087023, HHN, 16
<134>2021-07-15T06:31:27Z cache-bos4657 MEWElogs[390968]: UNSH, 1626330686985902465, BOS, 16
<134>2021-07-15T06:32:02Z cache-del21735 MEWElogs[390968]: UNSH, 1626330721714277696, DEL, 16
<134>2021-07-15T06:33:13Z cache-dub4329 MEWElogs[390968]: UNSH, 1626330792638857768, DUB, 16
<134>2021-07-15T06:33:26Z cache-akl10324 MEWElogs[390968]: UNSH, 1626330805650370698, AKL, 16
<134>2021-07-15T06:33:32Z cache-pwk4920 MEWElogs[390968]: UNSH, 1626330812449588744, PWK, 16
<134>2021-07-15T06:34:21Z cache-akl10324 MEWElogs[390968]: UNSH, 1626330860484571579, AKL, 16
<134>2021-07-15T06:34:29Z cache-cwb20520 MEWElogs[390968]: UNSH, 1626330868886134492, CWB, 16
<134>2021-07-15T06:34:34Z cache-hhn4077 MEWElogs[390968]: UNSH, 1626330873904993250, HHN, 16
