<134>2021-07-15T00:48:59Z cache-bur17583 MEWElogs[322023]: CROP, 1626310139065487923, BUR, 12
<134>2021-07-15T00:49:14Z cache-mci5951 MEWElogs[322023]: CROP, 1626310153800965447, MCI, 12
<134>2021-07-15T00:49:18Z cache-lhr7382 MEWElogs[322023]: CROP, 1626310157787611077, LHR, 12
<134>2021-07-15T00:49:22Z cache-jax20933 MEWElogs[322023]: CROP, 1626310161757977597, JAX, 12
<134>2021-07-15T00:49:24Z cache-lhr7382 MEWElogs[322023]: CROP, 1626310163507170782, LHR, 12
<134>2021-07-15T00:49:29Z cache-bur17583 MEWElogs[322023]: CROP, 1626310168923087967, BUR, 12
<134>2021-07-15T00:49:30Z cache-hkg17929 MEWElogs[322023]: CROP, 1626310169730388716, HKG, 12
<134>2021-07-15T00:49:44Z cache-mci5951 MEWElogs[322023]: CROP, 1626310184568039294, MCI, 12
<134>2021-07-15T00:49:46Z cache-lhr7382 MEWElogs[322023]: CROP, 1626310186311492243, LHR, 12
<134>2021-07-15T00:49:48Z cache-mel11272 MEWElogs[322023]: CROP, 1626310187363401485, MEL, 12
<134>2021-07-15T00:49:51Z cache-mia11368 MEWElogs[322023]: CROP, 1626310191670081630, MIA, 12
<134>2021-07-15T00:49:53Z cache-mci5951 MEWElogs[322023]: CROP, 1626310193218471961, MCI, 12
<134>2021-07-15T00:49:58Z cache-mci5951 MEWElogs[322023]: CROP, 1626310197561557385, MCI, 12
<134>2021-07-15T00:49:59Z cache-hkg17929 MEWElogs[322023]: CROP, 1626310198585457507, HKG, 12
<134>2021-07-15T00:50:54Z cache-yul12826 MEWElogs[322023]: CROP, 1626310254061856810, YUL, 12
<134>2021-07-15T00:50:59Z cache-mia11368 MEWElogs[322023]: CROP, 1626310259806882031, MIA, 12
<134>2021-07-15T00:51:03Z cache-mci5951 MEWElogs[322023]: CROP, 1626310262614481286, MCI, 12
<134>2021-07-15T00:51:08Z cache-mia11368 MEWElogs[322023]: CROP, 1626310268385128099, MIA, 12
<134>2021-07-15T00:51:18Z cache-jax20933 MEWElogs[322023]: CROP, 1626310278199654831, JAX, 12
<134>2021-07-15T00:51:25Z cache-mel11272 MEWElogs[322023]: CROP, 1626310284289102090, MEL, 12
<134>2021-07-15T00:51:50Z cache-jax20933 MEWElogs[322023]: CROP, 1626310309334809261, JAX, 12
<134>2021-07-15T00:51:53Z cache-man4150 MEWElogs[322023]: CROP, 1626310312071691696, MAN, 12
<134>2021-07-15T00:51:53Z cache-lax10677 MEWElogs[322023]: CROP, 1626310312564165120, LGB, 12
<134>2021-07-15T00:52:00Z cache-stp9226 MEWElogs[322023]: CROP, 1626310319293838243, STP, 12
<134>2021-07-15T00:52:00Z cache-mci5951 MEWElogs[322023]: CROP, 1626310319925401772, MCI, 12
<134>2021-07-15T00:52:09Z cache-hkg17929 MEWElogs[322023]: CROP, 1626310328161619330, HKG, 12
<134>2021-07-15T00:52:11Z cache-lga21983 MEWElogs[322023]: CROP, 1626310331205672746, LGA, 12
<134>2021-07-15T00:52:16Z cache-lga21983 MEWElogs[322023]: CROP, 1626310335220530276, LGA, 12
<134>2021-07-15T00:52:31Z cache-lga21983 MEWElogs[322023]: CROP, 1626310351445429768, LGA, 12
<134>2021-07-15T00:52:32Z cache-hkg17929 MEWElogs[322023]: CROP, 1626310351966539684, HKG, 12
<134>2021-07-15T00:52:33Z cache-jax20933 MEWElogs[322023]: CROP, 1626310353008546314, JAX, 12
<134>2021-07-15T00:52:40Z cache-lga21983 MEWElogs[322023]: CROP, 1626310359417621286, LGA, 12
<134>2021-07-15T00:52:41Z cache-stp9226 MEWElogs[322023]: CROP, 1626310360695441483, STP, 12
<134>2021-07-15T00:52:53Z cache-ewr18156 MEWElogs[322023]: CROP, 1626310373236631629, EWR, 12
<134>2021-07-15T00:53:43Z cache-osl6529 MEWElogs[322023]: CROP, 1626310422207881425, OSL, 12
<134>2021-07-15T00:53:51Z cache-lga21983 MEWElogs[322023]: CROP, 1626310431455911059, LGA, 12
<134>2021-07-15T00:53:59Z cache-osl6529 MEWElogs[322023]: CROP, 1626310439102325250, OSL, 12
<134>2021-07-15T00:54:08Z cache-stp9226 MEWElogs[322023]: CROP, 1626310447528253137, STP, 12
<134>2021-07-15T00:54:20Z cache-osl6529 MEWElogs[322023]: CROP, 1626310459140447423, OSL, 12
<134>2021-07-15T00:54:23Z cache-mci5951 MEWElogs[322023]: CROP, 1626310463145599894, MCI, 12
<134>2021-07-15T00:54:32Z cache-ewr18156 MEWElogs[322023]: CROP, 1626310471920094994, EWR, 12
<134>2021-07-15T00:54:51Z cache-osl6529 MEWElogs[322023]: CROP, 1626310490627975965, OSL, 12
<134>2021-07-15T00:55:10Z cache-ewr18156 MEWElogs[322023]: CROP, 1626310509858670597, EWR, 12
<134>2021-07-15T00:55:20Z cache-mia11368 MEWElogs[322023]: CROP, 1626310520036412530, MIA, 12
<134>2021-07-15T00:55:20Z cache-lax10677 MEWElogs[322023]: CROP, 1626310520593676278, LGB, 12
<134>2021-07-15T00:55:25Z cache-yul12826 MEWElogs[322023]: CROP, 1626310525004928513, YUL, 12
<134>2021-07-15T00:55:47Z cache-lax10677 MEWElogs[322023]: CROP, 1626310546788369800, LGB, 12
<134>2021-07-15T00:56:17Z cache-lax10677 MEWElogs[322023]: CROP, 1626310576701918664, LGB, 12
<134>2021-07-15T00:56:21Z cache-lga21983 MEWElogs[322023]: CROP, 1626310580998719762, LGA, 12
<134>2021-07-15T00:56:33Z cache-lga21983 MEWElogs[322023]: CROP, 1626310593149596198, LGA, 12
<134>2021-07-15T00:56:38Z cache-ewr18156 MEWElogs[322023]: CROP, 1626310597603105460, EWR, 12
<134>2021-07-15T00:56:53Z cache-lga21983 MEWElogs[322023]: CROP, 1626310613117622470, LGA, 12
<134>2021-07-15T00:57:06Z cache-scl19427 MEWElogs[322023]: CROP, 1626310625460507677, SCL, 12
<134>2021-07-15T00:57:08Z cache-ewr18156 MEWElogs[322023]: CROP, 1626310628083253775, EWR, 12
<134>2021-07-15T00:57:21Z cache-gig17035 MEWElogs[322023]: CROP, 1626310640598475765, GIG, 12
<134>2021-07-15T00:57:58Z cache-ewr18156 MEWElogs[322023]: CROP, 1626310677798908015, EWR, 12
<134>2021-07-15T00:57:59Z cache-lga21983 MEWElogs[322023]: CROP, 1626310678494156972, LGA, 12
<134>2021-07-15T00:58:02Z cache-ewr18156 MEWElogs[322023]: CROP, 1626310681525967657, EWR, 12
<134>2021-07-15T00:58:23Z cache-lga21983 MEWElogs[322023]: CROP, 1626310702835734937, LGA, 12
<134>2021-07-15T00:58:32Z cache-ewr18156 MEWElogs[322023]: CROP, 1626310711736799637, EWR, 12
<134>2021-07-15T00:58:32Z cache-hnd18722 MEWElogs[322023]: CROP, 1626310712289820946, HND, 12
<134>2021-07-15T00:58:36Z cache-pao17461 MEWElogs[322023]: CROP, 1626310715753488885, PAO, 12
<134>2021-07-15T00:58:38Z cache-gru17149 MEWElogs[322023]: CROP, 1626310717502353563, GRU, 12
<134>2021-07-15T00:58:51Z cache-hnd18722 MEWElogs[322023]: CROP, 1626310730309396797, HND, 12
<134>2021-07-15T00:58:52Z cache-scl19427 MEWElogs[322023]: CROP, 1626310731607711299, SCL, 12
<134>2021-07-15T00:58:58Z cache-bom4751 MEWElogs[322023]: CROP, 1626310737558474929, BOM, 12
