<134>2021-07-15T05:28:37Z cache-stl4834 MEWElogs[369035]: ROTATE, 1626326916003712704, STL, 15
<134>2021-07-15T05:29:07Z cache-hnd18722 MEWElogs[369035]: ROTATE, 1626326946319982146, HND, 15
<134>2021-07-15T05:29:16Z cache-itm18851 MEWElogs[369035]: ROTATE, 1626326956144957945, ITM, 15
<134>2021-07-15T05:29:16Z cache-cgh11122 MEWElogs[369035]: ROTATE, 1626326955867013856, CGH, 15
<134>2021-07-15T05:30:00Z cache-pao17461 MEWElogs[369035]: ROTATE, 1626326999406878045, PAO, 15
<134>2021-07-15T05:30:01Z cache-sea4483 MEWElogs[369035]: ROTATE, 1626327000669142118, SEA, 15
<134>2021-07-15T05:30:09Z cache-sjc10078 MEWElogs[369035]: ROTATE, 1626327008852024748, SJC, 15
<134>2021-07-15T05:30:22Z cache-syd10183 MEWElogs[369035]: ROTATE, 1626327021887502504, SYD, 15
<134>2021-07-15T05:30:28Z cache-cgh11183 MEWElogs[369035]: ROTATE, 1626327027850136435, CGH, 15
<134>2021-07-15T05:30:32Z cache-sjc10078 MEWElogs[369035]: ROTATE, 1626327031486554075, SJC, 15
<134>2021-07-15T05:30:46Z cache-hnd18722 MEWElogs[369035]: ROTATE, 1626327045647207042, HND, 15
<134>2021-07-15T05:30:52Z cache-bma1628 MEWElogs[369035]: ROTATE, 1626327051124394041, BMA, 15
<134>2021-07-15T05:31:25Z cache-bma1628 MEWElogs[369035]: ROTATE, 1626327085594789860, BMA, 15
<134>2021-07-15T05:32:20Z cache-pao17461 MEWElogs[369035]: ROTATE, 1626327139547467711, PAO, 15
<134>2021-07-15T05:32:22Z cache-sjc10078 MEWElogs[369035]: ROTATE, 1626327140958285514, SJC, 15
<134>2021-07-15T05:32:41Z cache-pao17461 MEWElogs[369035]: ROTATE, 1626327161206191159, PAO, 15
<134>2021-07-15T05:33:01Z cache-bma1628 MEWElogs[369035]: ROTATE, 1626327180445376273, BMA, 15
<134>2021-07-15T05:33:06Z cache-sjc10078 MEWElogs[369035]: ROTATE, 1626327185263060574, SJC, 15
<134>2021-07-15T05:33:44Z cache-bma1628 MEWElogs[369035]: ROTATE, 1626327224250169083, BMA, 15
<134>2021-07-15T05:33:50Z cache-sjc10078 MEWElogs[369035]: ROTATE, 1626327229859618973, SJC, 15
<134>2021-07-15T05:33:53Z cache-bma1628 MEWElogs[369035]: ROTATE, 1626327232924496717, BMA, 15
<134>2021-07-15T05:34:28Z cache-syd10183 MEWElogs[369035]: ROTATE, 1626327267397981743, SYD, 15
<134>2021-07-15T05:34:39Z cache-sea4483 MEWElogs[369035]: ROTATE, 1626327279229255767, SEA, 15
<134>2021-07-15T05:34:48Z cache-syd10183 MEWElogs[369035]: ROTATE, 1626327288287369104, SYD, 15
<134>2021-07-15T05:35:26Z cache-pao17461 MEWElogs[369035]: ROTATE, 1626327325697338576, PAO, 15
<134>2021-07-15T05:35:46Z cache-bma1628 MEWElogs[369035]: ROTATE, 1626327345698804617, BMA, 15
<134>2021-07-15T05:36:09Z cache-pao17461 MEWElogs[369035]: ROTATE, 1626327368713536179, PAO, 15
<134>2021-07-15T05:36:14Z cache-sjc10078 MEWElogs[369035]: ROTATE, 1626327373018400522, SJC, 15
<134>2021-07-15T05:36:20Z cache-pao17461 MEWElogs[369035]: ROTATE, 1626327379495148614, PAO, 15
<134>2021-07-15T05:36:35Z cache-syd10183 MEWElogs[369035]: ROTATE, 1626327394173396820, SYD, 15
<134>2021-07-15T05:37:35Z cache-hnd18722 MEWElogs[369035]: ROTATE, 1626327455648459158, HND, 15
<134>2021-07-15T05:38:32Z cache-vie21629 MEWElogs[369035]: ROTATE, 1626327511254091160, VIE, 15
