<134>2021-07-15T00:38:42Z cache-cph20625 MEWElogs[21956]: CROP, 1626309521408909683, CPH, 12
<134>2021-07-15T00:38:57Z cache-akl10324 MEWElogs[21956]: CROP, 1626309536385683885, AKL, 12
<134>2021-07-15T00:39:17Z cache-dub4329 MEWElogs[21956]: CROP, 1626309556801156673, DUB, 12
<134>2021-07-15T00:39:25Z cache-pwk4920 MEWElogs[21956]: CROP, 1626309565321437381, PWK, 12
<134>2021-07-15T00:39:32Z cache-dfw18678 MEWElogs[21956]: CROP, 1626309572151898474, DFW, 12
<134>2021-07-15T00:39:32Z cache-del21735 MEWElogs[21956]: CROP, 1626309571168438747, DEL, 12
<134>2021-07-15T00:39:48Z cache-hel6829 MEWElogs[21956]: CROP, 1626309588826886124, HEL, 12
<134>2021-07-15T00:39:53Z cache-akl10324 MEWElogs[21956]: CROP, 1626309592779555062, AKL, 12
<134>2021-07-15T00:39:58Z cache-fty21383 MEWElogs[21956]: CROP, 1626309597850110941, FTY, 12
<134>2021-07-15T00:40:00Z cache-dfw18678 MEWElogs[21956]: CROP, 1626309599634236494, DFW, 12
<134>2021-07-15T00:40:15Z cache-fty21383 MEWElogs[21956]: CROP, 1626309614312032658, FTY, 12
<134>2021-07-15T00:40:21Z cache-akl10324 MEWElogs[21956]: CROP, 1626309620381531146, AKL, 12
<134>2021-07-15T00:40:29Z cache-chi21126 MEWElogs[21956]: CROP, 1626309628264511300, CHI, 12
<134>2021-07-15T00:40:31Z cache-cph20625 MEWElogs[21956]: CROP, 1626309630758029187, CPH, 12
<134>2021-07-15T00:40:34Z cache-del21735 MEWElogs[21956]: CROP, 1626309633615872744, DEL, 12
<134>2021-07-15T00:40:49Z cache-akl10324 MEWElogs[21956]: CROP, 1626309648190936844, AKL, 12
<134>2021-07-15T00:40:52Z cache-cwb20520 MEWElogs[21956]: CROP, 1626309652447286782, CWB, 12
<134>2021-07-15T00:41:00Z cache-dfw18678 MEWElogs[21956]: CROP, 1626309659433827662, DFW, 12
<134>2021-07-15T00:41:01Z cache-bos4657 MEWElogs[21956]: CROP, 1626309661333023065, BOS, 12
<134>2021-07-15T00:41:05Z cache-chi21126 MEWElogs[21956]: CROP, 1626309664901806115, CHI, 12
<134>2021-07-15T00:41:12Z cache-bos4657 MEWElogs[21956]: CROP, 1626309672576891654, BOS, 12
<134>2021-07-15T00:41:13Z cache-hel6829 MEWElogs[21956]: CROP, 1626309672861866482, HEL, 12
<134>2021-07-15T00:41:17Z cache-akl10324 MEWElogs[21956]: CROP, 1626309676606872530, AKL, 12
<134>2021-07-15T00:41:27Z cache-dub4329 MEWElogs[21956]: CROP, 1626309686849392021, DUB, 12
<134>2021-07-15T00:41:30Z cache-hel6829 MEWElogs[21956]: CROP, 1626309689440356534, HEL, 12
<134>2021-07-15T00:41:34Z cache-hel6829 MEWElogs[21956]: CROP, 1626309693661531345, HEL, 12
<134>2021-07-15T00:41:45Z cache-dub4329 MEWElogs[21956]: CROP, 1626309704342082478, DUB, 12
<134>2021-07-15T00:41:55Z cache-akl10324 MEWElogs[21956]: CROP, 1626309713924967643, AKL, 12
<134>2021-07-15T00:41:57Z cache-cwb20520 MEWElogs[21956]: CROP, 1626309716492124669, CWB, 12
<134>2021-07-15T00:42:18Z cache-lcy19283 MEWElogs[21956]: CROP, 1626309737260105710, LCY, 12
<134>2021-07-15T00:42:18Z cache-akl10324 MEWElogs[21956]: CROP, 1626309737146511783, AKL, 12
<134>2021-07-15T00:42:20Z cache-hel6829 MEWElogs[21956]: CROP, 1626309739889835357, HEL, 12
<134>2021-07-15T00:42:42Z cache-jnb7027 MEWElogs[21956]: CROP, 1626309760951821278, JNB, 12
<134>2021-07-15T00:42:43Z cache-iah17271 MEWElogs[21956]: CROP, 1626309763599997359, IAH, 12
<134>2021-07-15T00:42:49Z cache-bur17583 MEWElogs[21956]: CROP, 1626309768426513760, BUR, 12
<134>2021-07-15T00:42:51Z cache-den8274 MEWElogs[21956]: CROP, 1626309770217342561, DEN, 12
<134>2021-07-15T00:42:53Z cache-bur17583 MEWElogs[21956]: CROP, 1626309772839101985, BUR, 12
<134>2021-07-15T00:42:58Z cache-bur17583 MEWElogs[21956]: CROP, 1626309777050841893, BUR, 12
<134>2021-07-15T00:42:59Z cache-pwk4920 MEWElogs[21956]: CROP, 1626309779260763357, PWK, 12
<134>2021-07-15T00:43:02Z cache-hel6829 MEWElogs[21956]: CROP, 1626309781761336051, HEL, 12
<134>2021-07-15T00:43:17Z cache-den8274 MEWElogs[21956]: CROP, 1626309796377648465, DEN, 12
<134>2021-07-15T00:43:20Z cache-lcy19283 MEWElogs[21956]: CROP, 1626309799462816944, LCY, 12
<134>2021-07-15T00:43:23Z cache-lcy19283 MEWElogs[21956]: CROP, 1626309802368170267, LCY, 12
<134>2021-07-15T00:43:49Z cache-jnb7027 MEWElogs[21956]: CROP, 1626309827885323830, JNB, 12
<134>2021-07-15T00:43:55Z cache-lcy19283 MEWElogs[21956]: CROP, 1626309834896913842, LCY, 12
<134>2021-07-15T00:43:57Z cache-mad22068 MEWElogs[21956]: CROP, 1626309837173439315, MAD, 12
<134>2021-07-15T00:44:05Z cache-lcy19283 MEWElogs[21956]: CROP, 1626309844133638986, LCY, 12
<134>2021-07-15T00:44:05Z cache-hel6829 MEWElogs[21956]: CROP, 1626309844657118702, HEL, 12
<134>2021-07-15T00:44:07Z cache-lcy19283 MEWElogs[21956]: CROP, 1626309847076660263, LCY, 12
<134>2021-07-15T00:44:15Z cache-mrs10583 MEWElogs[21956]: CROP, 1626309854074843109, MRS, 12
<134>2021-07-15T00:44:22Z cache-lcy19283 MEWElogs[21956]: CROP, 1626309861935524853, LCY, 12
<134>2021-07-15T00:44:23Z cache-bur17583 MEWElogs[21956]: CROP, 1626309863020326660, BUR, 12
<134>2021-07-15T00:44:29Z cache-den8274 MEWElogs[21956]: CROP, 1626309868909381381, DEN, 12
<134>2021-07-15T00:44:37Z cache-iah17271 MEWElogs[21956]: CROP, 1626309877232601059, IAH, 12
<134>2021-07-15T00:44:43Z cache-cwb20520 MEWElogs[21956]: CROP, 1626309882876985039, CWB, 12
<134>2021-07-15T00:44:46Z cache-mrs10583 MEWElogs[21956]: CROP, 1626309886151475056, MRS, 12
<134>2021-07-15T00:44:46Z cache-lcy19283 MEWElogs[21956]: CROP, 1626309885734363152, LCY, 12
<134>2021-07-15T00:45:01Z cache-cwb20520 MEWElogs[21956]: CROP, 1626309900303509121, CWB, 12
<134>2021-07-15T00:45:03Z cache-jnb7027 MEWElogs[21956]: CROP, 1626309902567363627, JNB, 12
<134>2021-07-15T00:45:30Z cache-mad22068 MEWElogs[21956]: CROP, 1626309929273009867, MAD, 12
<134>2021-07-15T00:45:34Z cache-lcy19283 MEWElogs[21956]: CROP, 1626309933375217716, LCY, 12
<134>2021-07-15T00:45:36Z cache-mrs10583 MEWElogs[21956]: CROP, 1626309935935666961, MRS, 12
<134>2021-07-15T00:45:38Z cache-dal21283 MEWElogs[21956]: CROP, 1626309937480043560, DAL, 12
<134>2021-07-15T00:45:42Z cache-jnb7027 MEWElogs[21956]: CROP, 1626309942289568678, JNB, 12
<134>2021-07-15T00:45:45Z cache-hkg17929 MEWElogs[21956]: CROP, 1626309944377382548, HKG, 12
<134>2021-07-15T00:45:48Z cache-cwb20520 MEWElogs[21956]: CROP, 1626309947403342769, CWB, 12
<134>2021-07-15T00:45:51Z cache-mrs10583 MEWElogs[21956]: CROP, 1626309950374293660, MRS, 12
<134>2021-07-15T00:45:57Z cache-dal21283 MEWElogs[21956]: CROP, 1626309956784011772, DAL, 12
<134>2021-07-15T00:46:06Z cache-dal21283 MEWElogs[21956]: CROP, 1626309966080471848, DAL, 12
<134>2021-07-15T00:46:14Z cache-jnb7027 MEWElogs[21956]: CROP, 1626309973780235501, JNB, 12
<134>2021-07-15T00:46:26Z cache-jnb7027 MEWElogs[21956]: CROP, 1626309985529981646, JNB, 12
<134>2021-07-15T00:46:43Z cache-den8274 MEWElogs[21956]: CROP, 1626310003512435908, DEN, 12
<134>2021-07-15T00:46:57Z cache-mad22068 MEWElogs[21956]: CROP, 1626310016278042575, MAD, 12
<134>2021-07-15T00:47:02Z cache-jnb7027 MEWElogs[21956]: CROP, 1626310021113534384, JNB, 12
<134>2021-07-15T00:47:06Z cache-den8274 MEWElogs[21956]: CROP, 1626310025719275789, DEN, 12
<134>2021-07-15T00:47:30Z cache-hkg17929 MEWElogs[21956]: CROP, 1626310050031821989, HKG, 12
<134>2021-07-15T00:47:34Z cache-bur17583 MEWElogs[21956]: CROP, 1626310053367639470, BUR, 12
<134>2021-07-15T00:47:51Z cache-lhr7382 MEWElogs[21956]: CROP, 1626310071433658697, LHR, 12
<134>2021-07-15T00:47:55Z cache-mad22068 MEWElogs[21956]: CROP, 1626310074259597209, MAD, 12
<134>2021-07-15T00:48:03Z cache-bur17583 MEWElogs[21956]: CROP, 1626310083423260010, BUR, 12
<134>2021-07-15T00:48:06Z cache-mia11368 MEWElogs[21956]: CROP, 1626310086244023756, MIA, 12
<134>2021-07-15T00:48:12Z cache-bur17583 MEWElogs[21956]: CROP, 1626310091837839968, BUR, 12
<134>2021-07-15T00:48:16Z cache-mrs10583 MEWElogs[21956]: CROP, 1626310095540202636, MRS, 12
<134>2021-07-15T00:48:21Z cache-lhr7382 MEWElogs[21956]: CROP, 1626310100203324483, LHR, 12
<134>2021-07-15T00:48:27Z cache-jax20933 MEWElogs[21956]: CROP, 1626310106917775011, JAX, 12
<134>2021-07-15T00:48:38Z cache-man4150 MEWElogs[21956]: CROP, 1626310117817322412, MAN, 12
