<134>2021-07-15T04:16:29Z cache-cph20625 MEWElogs[292213]: ROTATE, 1626322588724584859, CPH, 15
<134>2021-07-15T04:16:31Z cache-eze19324 MEWElogs[292213]: ROTATE, 1626322590990399220, EZE, 15
<134>2021-07-15T04:16:43Z cache-eze19324 MEWElogs[292213]: ROTATE, 1626322602334419466, EZE, 15
<134>2021-07-15T04:16:54Z cache-eze19324 MEWElogs[292213]: ROTATE, 1626322613492199738, EZE, 15
<134>2021-07-15T04:17:07Z cache-bog6425 MEWElogs[292213]: ROTATE, 1626322626702250204, BOG, 15
<134>2021-07-15T04:17:32Z cache-mdw17383 MEWElogs[292213]: ROTATE, 1626322651921789408, MDW, 15
<134>2021-07-15T04:17:48Z cache-maa10251 MEWElogs[292213]: ROTATE, 1626322668402599479, MAA, 15
<134>2021-07-15T04:17:51Z cache-ord1740 MEWElogs[292213]: ROTATE, 1626322669995575035, ORD, 15
<134>2021-07-15T04:18:34Z cache-pdk17882 MEWElogs[292213]: ROTATE, 1626322714100790954, PDK, 15
<134>2021-07-15T04:18:48Z cache-mdw17383 MEWElogs[292213]: ROTATE, 1626322727296325784, MDW, 15
<134>2021-07-15T04:18:57Z cache-ams21020 MEWElogs[292213]: ROTATE, 1626322736473629906, AMS, 15
<134>2021-07-15T04:19:53Z cache-dca17782 MEWElogs[292213]: ROTATE, 1626322792271454291, DCA, 15
<134>2021-07-15T04:19:59Z cache-maa10251 MEWElogs[292213]: ROTATE, 1626322798842595133, MAA, 15
<134>2021-07-15T04:20:28Z cache-eze19324 MEWElogs[292213]: ROTATE, 1626322827610115630, EZE, 15
<134>2021-07-15T04:20:35Z cache-mdw17383 MEWElogs[292213]: ROTATE, 1626322835361454672, MDW, 15
<134>2021-07-15T04:20:40Z cache-dca17782 MEWElogs[292213]: ROTATE, 1626322840202469084, DCA, 15
<134>2021-07-15T04:21:00Z cache-cph20625 MEWElogs[292213]: ROTATE, 1626322859924164104, CPH, 15
<134>2021-07-15T04:21:02Z cache-pdk17882 MEWElogs[292213]: ROTATE, 1626322861644988682, PDK, 15
<134>2021-07-15T04:21:19Z cache-cph20625 MEWElogs[292213]: ROTATE, 1626322878583517679, CPH, 15
<134>2021-07-15T04:21:52Z cache-dfw18678 MEWElogs[292213]: ROTATE, 1626322911813746700, DFW, 15
<134>2021-07-15T04:23:05Z cache-chi21126 MEWElogs[292213]: ROTATE, 1626322984979937331, CHI, 15
<134>2021-07-15T04:23:13Z cache-dfw18678 MEWElogs[292213]: ROTATE, 1626322992310180653, DFW, 15
<134>2021-07-15T04:23:14Z cache-akl10324 MEWElogs[292213]: ROTATE, 1626322993281829030, AKL, 15
<134>2021-07-15T04:23:16Z cache-chi21126 MEWElogs[292213]: ROTATE, 1626322995524867512, CHI, 15
<134>2021-07-15T04:24:15Z cache-cwb20520 MEWElogs[292213]: ROTATE, 1626323053974463574, CWB, 15
<134>2021-07-15T04:24:55Z cache-dfw18678 MEWElogs[292213]: ROTATE, 1626323094821113042, DFW, 15
<134>2021-07-15T04:25:27Z cache-dfw18678 MEWElogs[292213]: ROTATE, 1626323127536866905, DFW, 15
<134>2021-07-15T04:25:36Z cache-fty21383 MEWElogs[292213]: ROTATE, 1626323135136147079, FTY, 15
<134>2021-07-15T04:25:41Z cache-akl10324 MEWElogs[292213]: ROTATE, 1626323140951385797, AKL, 15
<134>2021-07-15T04:25:47Z cache-bos4657 MEWElogs[292213]: ROTATE, 1626323147586913613, BOS, 15
