<134>2021-07-14T16:52:18Z cache-hhn4077 MEWElogs[369035]: FLIPH, 1626281537800757359, HHN, -1
<134>2021-07-14T16:52:19Z cache-dub4329 MEWElogs[369035]: FLIPH, 1626281539708788352, DUB, 10
<134>2021-07-14T16:52:22Z cache-del21735 MEWElogs[369035]: FLIPH, 1626281541645053896, DEL, 10
<134>2021-07-14T16:52:25Z cache-dub4329 MEWElogs[369035]: FLIPH, 1626281545147333657, DUB, -1
<134>2021-07-14T16:52:29Z cache-del21735 MEWElogs[369035]: FLIPH, 1626281548551355760, DEL, -1
<134>2021-07-14T16:52:42Z cache-chi21126 MEWElogs[369035]: FLIPH, 1626281561655708175, CHI, -1
<134>2021-07-14T16:52:46Z cache-cph20625 MEWElogs[369035]: FLIPH, 1626281565099501355, CPH, 10
<134>2021-07-14T16:52:57Z cache-pwk4920 MEWElogs[369035]: FLIPH, 1626281576578681572, PWK, -1
<134>2021-07-14T16:53:08Z cache-cph20625 MEWElogs[369035]: FLIPH, 1626281587001827820, CPH, 10
<134>2021-07-14T16:53:22Z cache-akl10324 MEWElogs[369035]: FLIPH, 1626281601390638033, AKL, 10
<134>2021-07-14T16:53:35Z cache-bos4657 MEWElogs[369035]: FLIPH, 1626281615308518061, BOS, -1
<134>2021-07-14T16:53:38Z cache-bos4657 MEWElogs[369035]: FLIPH, 1626281618222858823, BOS, 10
<134>2021-07-14T16:53:39Z cache-fty21383 MEWElogs[369035]: FLIPH, 1626281619142492945, FTY, -1
<134>2021-07-14T16:53:41Z cache-dfw18678 MEWElogs[369035]: FLIPH, 1626281621399210822, DFW, 10
<134>2021-07-14T16:53:55Z cache-dub4329 MEWElogs[369035]: FLIPH, 1626281634797984026, DUB, 10
<134>2021-07-14T16:53:57Z cache-chi21126 MEWElogs[369035]: FLIPH, 1626281637260953865, CHI, -1
<134>2021-07-14T16:54:10Z cache-chi21126 MEWElogs[369035]: FLIPH, 1626281649240796149, CHI, 10
<134>2021-07-14T16:54:12Z cache-bos4657 MEWElogs[369035]: FLIPH, 1626281651429193309, BOS, -1
<134>2021-07-14T16:54:20Z cache-fty21383 MEWElogs[369035]: FLIPH, 1626281660679232647, FTY, -1
<134>2021-07-14T16:54:24Z cache-fty21383 MEWElogs[369035]: FLIPH, 1626281663256151271, FTY, 10
<134>2021-07-14T16:54:24Z cache-del21735 MEWElogs[369035]: FLIPH, 1626281663692622315, DEL, -1
<134>2021-07-14T16:54:25Z cache-dfw18678 MEWElogs[369035]: FLIPH, 1626281665030333418, DFW, 10
<134>2021-07-14T16:54:29Z cache-pwk4920 MEWElogs[369035]: FLIPH, 1626281669300417443, PWK, 10
<134>2021-07-14T16:54:32Z cache-cph20625 MEWElogs[369035]: FLIPH, 1626281671560957198, CPH, -1
<134>2021-07-14T16:54:50Z cache-dub4329 MEWElogs[369035]: FLIPH, 1626281689751745062, DUB, 10
<134>2021-07-14T16:54:56Z cache-bos4657 MEWElogs[369035]: FLIPH, 1626281696525958894, BOS, -1
<134>2021-07-14T16:55:29Z cache-pwk4920 MEWElogs[369035]: FLIPH, 1626281728842986738, PWK, 10
<134>2021-07-14T16:55:46Z cache-dub4329 MEWElogs[369035]: FLIPH, 1626281745415537726, DUB, 10
<134>2021-07-14T16:55:54Z cache-hhn4077 MEWElogs[369035]: FLIPH, 1626281754800930351, HHN, -1
<134>2021-07-14T16:55:55Z cache-pwk4920 MEWElogs[369035]: FLIPH, 1626281755876141576, PWK, -1
<134>2021-07-14T16:55:57Z cache-del21735 MEWElogs[369035]: FLIPH, 1626281757456634866, DEL, 10
<134>2021-07-14T16:56:06Z cache-hhn4077 MEWElogs[369035]: FLIPH, 1626281765222484170, HHN, -1
<134>2021-07-14T16:56:07Z cache-dub4329 MEWElogs[369035]: FLIPH, 1626281766680156289, DUB, -1
<134>2021-07-14T16:56:08Z cache-fty21383 MEWElogs[369035]: FLIPH, 1626281768147385090, FTY, -1
<134>2021-07-14T16:56:19Z cache-fty21383 MEWElogs[369035]: FLIPH, 1626281778957251995, FTY, 10
<134>2021-07-14T16:56:23Z cache-dub4329 MEWElogs[369035]: FLIPH, 1626281782383123188, DUB, -1
<134>2021-07-14T16:56:29Z cache-pwk4920 MEWElogs[369035]: FLIPH, 1626281788795349208, PWK, 10
<134>2021-07-14T16:56:35Z cache-pwk4920 MEWElogs[369035]: FLIPH, 1626281795656338386, PWK, -1
<134>2021-07-14T16:56:37Z cache-chi21126 MEWElogs[369035]: FLIPH, 1626281797654616970, CHI, -1
<134>2021-07-14T16:56:40Z cache-bos4657 MEWElogs[369035]: FLIPH, 1626281799748008537, BOS, 10
<134>2021-07-14T16:56:50Z cache-hhn4077 MEWElogs[369035]: FLIPH, 1626281809978681982, HHN, -1
<134>2021-07-14T16:56:59Z cache-chi21126 MEWElogs[369035]: FLIPH, 1626281818977950508, CHI, 10
<134>2021-07-14T16:57:05Z cache-del21735 MEWElogs[369035]: FLIPH, 1626281824501090532, DEL, 10
<134>2021-07-14T16:57:16Z cache-dfw18678 MEWElogs[369035]: FLIPH, 1626281836318340652, DFW, -1
<134>2021-07-14T16:57:28Z cache-hel6829 MEWElogs[369035]: FLIPH, 1626281847184512690, HEL, 10
<134>2021-07-14T16:57:34Z cache-bos4657 MEWElogs[369035]: FLIPH, 1626281853890551047, BOS, 10
<134>2021-07-14T16:57:40Z cache-cph20625 MEWElogs[369035]: FLIPH, 1626281860835450864, CPH, -1
<134>2021-07-14T16:57:57Z cache-dub4329 MEWElogs[369035]: FLIPH, 1626281876418183277, DUB, -1
<134>2021-07-14T16:58:09Z cache-hhn4077 MEWElogs[369035]: FLIPH, 1626281888462013384, HHN, -1
<134>2021-07-14T16:58:16Z cache-hel6829 MEWElogs[369035]: FLIPH, 1626281895844594627, HEL, 10
<134>2021-07-14T16:58:22Z cache-hel6829 MEWElogs[369035]: FLIPH, 1626281901791526812, HEL, -1
<134>2021-07-14T16:58:32Z cache-hhn4077 MEWElogs[369035]: FLIPH, 1626281911709577689, HHN, -1
<134>2021-07-14T16:58:43Z cache-hhn4077 MEWElogs[369035]: FLIPH, 1626281923714609207, HHN, -1
<134>2021-07-14T16:58:46Z cache-hel6829 MEWElogs[369035]: FLIPH, 1626281925265776835, HEL, 10
<134>2021-07-14T16:58:52Z cache-iah17271 MEWElogs[369035]: FLIPH, 1626281931885160416, IAH, 10
<134>2021-07-14T16:58:59Z cache-del21735 MEWElogs[369035]: FLIPH, 1626281937958717883, DEL, -1
<134>2021-07-14T16:59:05Z cache-hel6829 MEWElogs[369035]: FLIPH, 1626281944600580207, HEL, 10
<134>2021-07-14T16:59:05Z cache-dfw18678 MEWElogs[369035]: FLIPH, 1626281944875630864, DFW, -1
<134>2021-07-14T16:59:13Z cache-del21735 MEWElogs[369035]: FLIPH, 1626281952284875556, DEL, 10
<134>2021-07-14T16:59:32Z cache-lcy19283 MEWElogs[369035]: FLIPH, 1626281972158786680, LCY, -1
<134>2021-07-14T16:59:37Z cache-iah17271 MEWElogs[369035]: FLIPH, 1626281976488276212, IAH, 10
<134>2021-07-14T16:59:37Z cache-cph20625 MEWElogs[369035]: FLIPH, 1626281976419223519, CPH, 10
<134>2021-07-14T16:59:48Z cache-jnb7027 MEWElogs[369035]: FLIPH, 1626281987357757077, JNB, 10
<134>2021-07-14T17:00:08Z cache-cwb20520 MEWElogs[369035]: FLIPH, 1626282007294586566, CWB, 10
<134>2021-07-14T17:00:08Z cache-pwk4920 MEWElogs[369035]: FLIPH, 1626282008596158321, PWK, 10
<134>2021-07-14T17:00:19Z cache-pwk4920 MEWElogs[369035]: FLIPH, 1626282018509867069, PWK, 10
<134>2021-07-14T17:00:37Z cache-dfw18678 MEWElogs[369035]: FLIPH, 1626282036143731532, DFW, 10
<134>2021-07-14T17:00:37Z cache-jnb7027 MEWElogs[369035]: FLIPH, 1626282036794742076, JNB, 10
<134>2021-07-14T17:00:37Z cache-cwb20520 MEWElogs[369035]: FLIPH, 1626282036841565799, CWB, 10
<134>2021-07-14T17:00:41Z cache-del21735 MEWElogs[369035]: FLIPH, 1626282041060923295, DEL, -1
<134>2021-07-14T17:00:54Z cache-cwb20520 MEWElogs[369035]: FLIPH, 1626282053739837928, CWB, -1
<134>2021-07-14T17:00:57Z cache-cwb20520 MEWElogs[369035]: FLIPH, 1626282056363452030, CWB, 10
<134>2021-07-14T17:00:57Z cache-lcy19283 MEWElogs[369035]: FLIPH, 1626282056494437406, LCY, 10
<134>2021-07-14T17:00:58Z cache-pwk4920 MEWElogs[369035]: FLIPH, 1626282058561098995, PWK, 10
<134>2021-07-14T17:01:01Z cache-del21735 MEWElogs[369035]: FLIPH, 1626282059969011355, DEL, -1
<134>2021-07-14T17:01:17Z cache-hhn4077 MEWElogs[369035]: FLIPH, 1626282076944843671, HHN, 10
<134>2021-07-14T17:01:23Z cache-fra19177 MEWElogs[369035]: FLIPH, 1626282082894261023, FRA, 10
<134>2021-07-14T17:01:28Z cache-den8274 MEWElogs[369035]: FLIPH, 1626282087049254660, DEN, -1
<134>2021-07-14T17:01:58Z cache-hel6829 MEWElogs[369035]: FLIPH, 1626282117310102694, HEL, -1
<134>2021-07-14T17:02:00Z cache-fra19177 MEWElogs[369035]: FLIPH, 1626282120024245834, FRA, 10
<134>2021-07-14T17:02:05Z cache-jnb7027 MEWElogs[369035]: FLIPH, 1626282125350170023, JNB, 10
