<134>2021-07-15T00:49:10Z cache-jax20933 MEWElogs[292213]: CROP, 1626310149411471121, JAX, 12
<134>2021-07-15T00:49:11Z cache-hkg17929 MEWElogs[292213]: CROP, 1626310150890819549, HKG, 12
<134>2021-07-15T00:49:21Z cache-bur17583 MEWElogs[292213]: CROP, 1626310160663182000, BUR, 12
<134>2021-07-15T00:49:22Z cache-man4150 MEWElogs[292213]: CROP, 1626310161759995729, MAN, 12
<134>2021-07-15T00:50:06Z cache-mel11272 MEWElogs[292213]: CROP, 1626310205869875808, MEL, 12
<134>2021-07-15T00:50:32Z cache-dal21283 MEWElogs[292213]: CROP, 1626310231613464840, DAL, 12
<134>2021-07-15T00:50:36Z cache-hkg17929 MEWElogs[292213]: CROP, 1626310236537379454, HKG, 12
<134>2021-07-15T00:50:52Z cache-mel11272 MEWElogs[292213]: CROP, 1626310251906689179, MEL, 12
<134>2021-07-15T00:50:59Z cache-man4150 MEWElogs[292213]: CROP, 1626310258553969073, MAN, 12
<134>2021-07-15T00:51:18Z cache-yul12826 MEWElogs[292213]: CROP, 1626310277960723419, YUL, 12
<134>2021-07-15T00:51:24Z cache-jax20933 MEWElogs[292213]: CROP, 1626310284221875384, JAX, 12
<134>2021-07-15T00:51:30Z cache-yul12826 MEWElogs[292213]: CROP, 1626310290157746977, YUL, 12
<134>2021-07-15T00:51:44Z cache-stp9226 MEWElogs[292213]: CROP, 1626310303003914724, STP, 12
<134>2021-07-15T00:51:49Z cache-yul12826 MEWElogs[292213]: CROP, 1626310309554139135, YUL, 12
<134>2021-07-15T00:51:50Z cache-man4150 MEWElogs[292213]: CROP, 1626310309146194286, MAN, 12
<134>2021-07-15T00:51:56Z cache-man4150 MEWElogs[292213]: CROP, 1626310314992929300, MAN, 12
<134>2021-07-15T00:51:58Z cache-lax10677 MEWElogs[292213]: CROP, 1626310317196204124, LGB, 12
<134>2021-07-15T00:52:04Z cache-man4150 MEWElogs[292213]: CROP, 1626310323622037571, MAN, 12
<134>2021-07-15T00:52:21Z cache-mci5951 MEWElogs[292213]: CROP, 1626310341485301789, MCI, 12
<134>2021-07-15T00:52:49Z cache-mia11368 MEWElogs[292213]: CROP, 1626310369409680632, MIA, 12
<134>2021-07-15T00:52:58Z cache-mia11368 MEWElogs[292213]: CROP, 1626310378538262573, MIA, 12
<134>2021-07-15T00:53:09Z cache-ewr18156 MEWElogs[292213]: CROP, 1626310388579556289, EWR, 12
<134>2021-07-15T00:53:20Z cache-yul12826 MEWElogs[292213]: CROP, 1626310399325260371, YUL, 12
<134>2021-07-15T00:53:24Z cache-ewr18156 MEWElogs[292213]: CROP, 1626310403776705437, EWR, 12
<134>2021-07-15T00:53:40Z cache-osl6529 MEWElogs[292213]: CROP, 1626310419370084566, OSL, 12
<134>2021-07-15T00:53:43Z cache-stp9226 MEWElogs[292213]: CROP, 1626310422780976459, STP, 12
<134>2021-07-15T00:53:47Z cache-lga21983 MEWElogs[292213]: CROP, 1626310427330395874, LGA, 12
<134>2021-07-15T00:54:03Z cache-lax10677 MEWElogs[292213]: CROP, 1626310442486785063, LGB, 12
<134>2021-07-15T00:54:11Z cache-mel11272 MEWElogs[292213]: CROP, 1626310450886784575, MEL, 12
<134>2021-07-15T00:54:20Z cache-stp9226 MEWElogs[292213]: CROP, 1626310459825392016, STP, 12
<134>2021-07-15T00:54:25Z cache-osl6529 MEWElogs[292213]: CROP, 1626310464760291301, OSL, 12
<134>2021-07-15T00:54:26Z cache-mia11368 MEWElogs[292213]: CROP, 1626310466208790741, MIA, 12
<134>2021-07-15T00:54:29Z cache-stp9226 MEWElogs[292213]: CROP, 1626310468029884870, STP, 12
<134>2021-07-15T00:54:40Z cache-lga21983 MEWElogs[292213]: CROP, 1626310479599735817, LGA, 12
<134>2021-07-15T00:54:45Z cache-stp9226 MEWElogs[292213]: CROP, 1626310484378824511, STP, 12
<134>2021-07-15T00:54:57Z cache-mia11368 MEWElogs[292213]: CROP, 1626310497230053720, MIA, 12
<134>2021-07-15T00:55:11Z cache-mia11368 MEWElogs[292213]: CROP, 1626310511183832211, MIA, 12
<134>2021-07-15T00:55:16Z cache-mia11368 MEWElogs[292213]: CROP, 1626310515713854035, MIA, 12
<134>2021-07-15T00:55:21Z cache-yul12826 MEWElogs[292213]: CROP, 1626310521236540462, YUL, 12
<134>2021-07-15T00:55:48Z cache-osl6529 MEWElogs[292213]: CROP, 1626310547611467334, OSL, 12
<134>2021-07-15T00:55:59Z cache-osl6529 MEWElogs[292213]: CROP, 1626310559025909217, OSL, 12
<134>2021-07-15T00:56:08Z cache-osl6529 MEWElogs[292213]: CROP, 1626310567514930718, OSL, 12
<134>2021-07-15T00:56:11Z cache-osl6529 MEWElogs[292213]: CROP, 1626310570298223690, OSL, 12
<134>2021-07-15T00:56:19Z cache-stl4834 MEWElogs[292213]: CROP, 1626310579187359024, STL, 12
<134>2021-07-15T00:56:28Z cache-yul12826 MEWElogs[292213]: CROP, 1626310587914092384, YUL, 12
<134>2021-07-15T00:57:04Z cache-jax20933 MEWElogs[292213]: CROP, 1626310623229816518, JAX, 12
<134>2021-07-15T00:57:39Z cache-stl4834 MEWElogs[292213]: CROP, 1626310659185509004, STL, 12
<134>2021-07-15T00:57:55Z cache-lga21983 MEWElogs[292213]: CROP, 1626310674492536253, LGA, 12
<134>2021-07-15T00:58:17Z cache-bom4751 MEWElogs[292213]: CROP, 1626310697076676311, BOM, 12
<134>2021-07-15T00:58:42Z cache-hnd18722 MEWElogs[292213]: CROP, 1626310721273985225, HND, 12
<134>2021-07-15T00:58:46Z cache-stl4834 MEWElogs[292213]: CROP, 1626310726330935001, STL, 12
