<134>2021-07-15T04:36:59Z cache-bos4657 MEWElogs[334804]: ROTATE, 1626323818314574339, BOS, 15
<134>2021-07-15T04:38:17Z cache-pwk4920 MEWElogs[334804]: ROTATE, 1626323897115343047, PWK, 15
<134>2021-07-15T04:38:28Z cache-cwb20520 MEWElogs[334804]: ROTATE, 1626323907895426648, CWB, 15
<134>2021-07-15T04:39:08Z cache-pwk4920 MEWElogs[334804]: ROTATE, 1626323947582782076, PWK, 15
<134>2021-07-15T04:39:26Z cache-dal21283 MEWElogs[334804]: ROTATE, 1626323966063652915, DAL, 15
<134>2021-07-15T04:40:27Z cache-lon4249 MEWElogs[334804]: ROTATE, 1626324026692743025, LON, 15
<134>2021-07-15T04:40:43Z cache-iah17271 MEWElogs[334804]: ROTATE, 1626324042205395586, IAH, 15
<134>2021-07-15T04:40:44Z cache-den8274 MEWElogs[334804]: ROTATE, 1626324043944279003, DEN, 15
<134>2021-07-15T04:40:54Z cache-iah17271 MEWElogs[334804]: ROTATE, 1626324053517712561, IAH, 15
<134>2021-07-15T04:41:02Z cache-den8274 MEWElogs[334804]: ROTATE, 1626324062189748196, DEN, 15
<134>2021-07-15T04:41:49Z cache-jnb7027 MEWElogs[334804]: ROTATE, 1626324107978635162, JNB, 15
<134>2021-07-15T04:42:35Z cache-jnb7027 MEWElogs[334804]: ROTATE, 1626324155311292550, JNB, 15
<134>2021-07-15T04:42:47Z cache-lon4249 MEWElogs[334804]: ROTATE, 1626324165926265146, LON, 15
<134>2021-07-15T04:43:57Z cache-mad22068 MEWElogs[334804]: ROTATE, 1626324236526314422, MAD, 15
<134>2021-07-15T04:44:03Z cache-lon4249 MEWElogs[334804]: ROTATE, 1626324242351983000, LON, 15
<134>2021-07-15T04:44:12Z cache-iah17271 MEWElogs[334804]: ROTATE, 1626324251041219910, IAH, 15
<134>2021-07-15T04:44:30Z cache-jnb7027 MEWElogs[334804]: ROTATE, 1626324269415895368, JNB, 15
<134>2021-07-15T04:44:34Z cache-iah17271 MEWElogs[334804]: ROTATE, 1626324273956654473, IAH, 15
<134>2021-07-15T04:44:52Z cache-den8274 MEWElogs[334804]: ROTATE, 1626324292554049218, DEN, 15
<134>2021-07-15T04:45:07Z cache-fra19177 MEWElogs[334804]: ROTATE, 1626324306310963007, FRA, 15
<134>2021-07-15T04:45:28Z cache-jnb7027 MEWElogs[334804]: ROTATE, 1626324327547809334, JNB, 15
<134>2021-07-15T04:45:31Z cache-fra19177 MEWElogs[334804]: ROTATE, 1626324330642537882, FRA, 15
<134>2021-07-15T04:46:08Z cache-lcy19283 MEWElogs[334804]: ROTATE, 1626324367517450038, LCY, 15
<134>2021-07-15T04:46:11Z cache-bur17583 MEWElogs[334804]: ROTATE, 1626324370974188848, BUR, 15
<134>2021-07-15T04:46:32Z cache-lcy19283 MEWElogs[334804]: ROTATE, 1626324391959654235, LCY, 15
<134>2021-07-15T04:46:32Z cache-dal21283 MEWElogs[334804]: ROTATE, 1626324391479366299, DAL, 15
