<134>2021-07-15T04:57:25Z cache-lga21983 MEWElogs[216063]: ROTATE, 1626325044079381282, LGA, 15
<134>2021-07-15T04:57:39Z cache-bur17583 MEWElogs[216063]: ROTATE, 1626325058943276315, BUR, 15
<134>2021-07-15T04:57:57Z cache-yul12826 MEWElogs[216063]: ROTATE, 1626325076641684891, YUL, 15
<134>2021-07-15T04:58:07Z cache-stp9226 MEWElogs[216063]: ROTATE, 1626325086872037324, STP, 15
<134>2021-07-15T04:58:31Z cache-man4150 MEWElogs[216063]: ROTATE, 1626325110561329026, MAN, 15
<134>2021-07-15T04:58:47Z cache-yul12826 MEWElogs[216063]: ROTATE, 1626325126740100511, YUL, 15
<134>2021-07-15T04:58:55Z cache-yul12826 MEWElogs[216063]: ROTATE, 1626325135118107104, YUL, 15
<134>2021-07-15T04:58:57Z cache-hkg17929 MEWElogs[216063]: ROTATE, 1626325136498784598, HKG, 15
<134>2021-07-15T04:59:05Z cache-bur17583 MEWElogs[216063]: ROTATE, 1626325144962388753, BUR, 15
<134>2021-07-15T04:59:08Z cache-ewr18156 MEWElogs[216063]: ROTATE, 1626325147405746797, EWR, 15
<134>2021-07-15T04:59:41Z cache-mci5951 MEWElogs[216063]: ROTATE, 1626325180067833959, MCI, 15
<134>2021-07-15T04:59:43Z cache-hkg17929 MEWElogs[216063]: ROTATE, 1626325183231597712, HKG, 15
<134>2021-07-15T04:59:57Z cache-stp9226 MEWElogs[216063]: ROTATE, 1626325196140700629, STP, 15
<134>2021-07-15T05:00:20Z cache-yul12826 MEWElogs[216063]: ROTATE, 1626325219686897867, YUL, 15
<134>2021-07-15T05:00:43Z cache-man4150 MEWElogs[216063]: ROTATE, 1626325243596095320, MAN, 15
<134>2021-07-15T05:00:51Z cache-ewr18156 MEWElogs[216063]: ROTATE, 1626325251142465801, EWR, 15
<134>2021-07-15T05:01:26Z cache-lhr7382 MEWElogs[216063]: ROTATE, 1626325286464306935, LHR, 15
<134>2021-07-15T05:01:33Z cache-mci5951 MEWElogs[216063]: ROTATE, 1626325292456707816, MCI, 15
<134>2021-07-15T05:02:04Z cache-yul12826 MEWElogs[216063]: ROTATE, 1626325323452470469, YUL, 15
<134>2021-07-15T05:02:06Z cache-lga21983 MEWElogs[216063]: ROTATE, 1626325325567201263, LGA, 15
<134>2021-07-15T05:02:15Z cache-hkg17929 MEWElogs[216063]: ROTATE, 1626325334398791489, HKG, 15
<134>2021-07-15T05:02:24Z cache-lga21983 MEWElogs[216063]: ROTATE, 1626325343740306237, LGA, 15
<134>2021-07-15T05:02:41Z cache-man4150 MEWElogs[216063]: ROTATE, 1626325360898913108, MAN, 15
<134>2021-07-15T05:02:59Z cache-ewr18156 MEWElogs[216063]: ROTATE, 1626325379335696876, EWR, 15
<134>2021-07-15T05:03:29Z cache-yul12826 MEWElogs[216063]: ROTATE, 1626325409254867526, YUL, 15
<134>2021-07-15T05:03:43Z cache-man4150 MEWElogs[216063]: ROTATE, 1626325423470672133, MAN, 15
<134>2021-07-15T05:03:54Z cache-ewr18156 MEWElogs[216063]: ROTATE, 1626325433436726982, EWR, 15
<134>2021-07-15T05:04:04Z cache-yul12826 MEWElogs[216063]: ROTATE, 1626325443902296999, YUL, 15
<134>2021-07-15T05:04:11Z cache-ewr18156 MEWElogs[216063]: ROTATE, 1626325451273287066, EWR, 15
<134>2021-07-15T05:04:39Z cache-lga21983 MEWElogs[216063]: ROTATE, 1626325478516836317, LGA, 15
<134>2021-07-15T05:05:06Z cache-lga21983 MEWElogs[216063]: ROTATE, 1626325505548364263, LGA, 15
<134>2021-07-15T05:05:17Z cache-man4150 MEWElogs[216063]: ROTATE, 1626325516188475766, MAN, 15
<134>2021-07-15T05:05:40Z cache-mci5951 MEWElogs[216063]: ROTATE, 1626325539474001284, MCI, 15
<134>2021-07-15T05:05:46Z cache-yul12826 MEWElogs[216063]: ROTATE, 1626325545456857242, YUL, 15
<134>2021-07-15T05:06:28Z cache-hkg17929 MEWElogs[216063]: ROTATE, 1626325587359862410, HKG, 15
<134>2021-07-15T05:06:43Z cache-mel11272 MEWElogs[216063]: ROTATE, 1626325601901730407, MEL, 15
<134>2021-07-15T05:06:53Z cache-mel11272 MEWElogs[216063]: ROTATE, 1626325612294669985, MEL, 15
<134>2021-07-15T05:06:56Z cache-lga21983 MEWElogs[216063]: ROTATE, 1626325615587709188, LGA, 15
<134>2021-07-15T05:07:03Z cache-mel11272 MEWElogs[216063]: ROTATE, 1626325622628443531, MEL, 15
