<134>2021-07-15T05:08:12Z cache-hkg17929 MEWElogs[412844]: ROTATE, 1626325692292209738, HKG, 15
<134>2021-07-15T05:08:14Z cache-mci5951 MEWElogs[412844]: ROTATE, 1626325693240325031, MCI, 15
<134>2021-07-15T05:08:15Z cache-mel11272 MEWElogs[412844]: ROTATE, 1626325695618311832, MEL, 15
<134>2021-07-15T05:08:24Z cache-mci5951 MEWElogs[412844]: ROTATE, 1626325703857748757, MCI, 15
<134>2021-07-15T05:08:27Z cache-cdg20720 MEWElogs[412844]: ROTATE, 1626325707807311092, CDG, 15
<134>2021-07-15T05:09:48Z cache-lga21983 MEWElogs[412844]: ROTATE, 1626325787378767890, LGA, 15
<134>2021-07-15T05:09:52Z cache-gig17035 MEWElogs[412844]: ROTATE, 1626325792267417352, GIG, 15
<134>2021-07-15T05:10:06Z cache-hkg17929 MEWElogs[412844]: ROTATE, 1626325806412429183, HKG, 15
<134>2021-07-15T05:10:21Z cache-mel11272 MEWElogs[412844]: ROTATE, 1626325820123864051, MEL, 15
<134>2021-07-15T05:10:23Z cache-bom4751 MEWElogs[412844]: ROTATE, 1626325822940379659, BOM, 15
<134>2021-07-15T05:10:24Z cache-lga21983 MEWElogs[412844]: ROTATE, 1626325823211481138, LGA, 15
<134>2021-07-15T05:10:46Z cache-gig17035 MEWElogs[412844]: ROTATE, 1626325845865729970, GIG, 15
<134>2021-07-15T05:10:52Z cache-mel11272 MEWElogs[412844]: ROTATE, 1626325851324474968, MEL, 15
<134>2021-07-15T05:11:24Z cache-osl6529 MEWElogs[412844]: ROTATE, 1626325883389644485, OSL, 15
<134>2021-07-15T05:11:33Z cache-cdg20720 MEWElogs[412844]: ROTATE, 1626325893545402304, CDG, 15
<134>2021-07-15T05:12:30Z cache-stl4834 MEWElogs[412844]: ROTATE, 1626325949538615355, STL, 15
<134>2021-07-15T05:12:35Z cache-osl6529 MEWElogs[412844]: ROTATE, 1626325954792531435, OSL, 15
<134>2021-07-15T05:12:38Z cache-lax10677 MEWElogs[412844]: ROTATE, 1626325958090497435, LGB, 15
<134>2021-07-15T05:12:48Z cache-gru17149 MEWElogs[412844]: ROTATE, 1626325967016605518, GRU, 15
<134>2021-07-15T05:12:53Z cache-gig17035 MEWElogs[412844]: ROTATE, 1626325972370910888, GIG, 15
<134>2021-07-15T05:12:59Z cache-osl6529 MEWElogs[412844]: ROTATE, 1626325978293746539, OSL, 15
<134>2021-07-15T05:13:01Z cache-scl19427 MEWElogs[412844]: ROTATE, 1626325980463345440, SCL, 15
<134>2021-07-15T05:13:03Z cache-stl4834 MEWElogs[412844]: ROTATE, 1626325982586942879, STL, 15
<134>2021-07-15T05:13:13Z cache-lax10677 MEWElogs[412844]: ROTATE, 1626325993031997037, LGB, 15
<134>2021-07-15T05:13:23Z cache-osl6529 MEWElogs[412844]: ROTATE, 1626326001965421036, OSL, 15
<134>2021-07-15T05:13:58Z cache-scl19427 MEWElogs[412844]: ROTATE, 1626326037958092907, SCL, 15
<134>2021-07-15T05:14:04Z cache-itm18851 MEWElogs[412844]: ROTATE, 1626326044270526279, ITM, 15
<134>2021-07-15T05:15:01Z cache-mel11272 MEWElogs[412844]: ROTATE, 1626326100444622907, MEL, 15
<134>2021-07-15T05:15:08Z cache-scl19427 MEWElogs[412844]: ROTATE, 1626326107743527231, SCL, 15
<134>2021-07-15T05:15:11Z cache-mel11272 MEWElogs[412844]: ROTATE, 1626326110678990571, MEL, 15
<134>2021-07-15T05:15:14Z cache-bom4751 MEWElogs[412844]: ROTATE, 1626326113301871935, BOM, 15
<134>2021-07-15T05:15:20Z cache-gru17149 MEWElogs[412844]: ROTATE, 1626326119695507386, GRU, 15
<134>2021-07-15T05:15:23Z cache-itm18851 MEWElogs[412844]: ROTATE, 1626326123160830180, ITM, 15
<134>2021-07-15T05:15:57Z cache-itm18851 MEWElogs[412844]: ROTATE, 1626326156718365080, ITM, 15
<134>2021-07-15T05:16:18Z cache-gru17149 MEWElogs[412844]: ROTATE, 1626326177421581267, GRU, 15
<134>2021-07-15T05:16:29Z cache-scl19427 MEWElogs[412844]: ROTATE, 1626326189109109199, SCL, 15
<134>2021-07-15T05:17:04Z cache-itm18851 MEWElogs[412844]: ROTATE, 1626326224233412013, ITM, 15
<134>2021-07-15T05:17:17Z cache-gig17035 MEWElogs[412844]: ROTATE, 1626326236108986815, GIG, 15
<134>2021-07-15T05:17:48Z cache-gig17035 MEWElogs[412844]: ROTATE, 1626326267332834173, GIG, 15
