<134>2021-07-14T17:44:42Z cache-gig17035 MEWElogs[326955]: FLIPH, 1626284681561477293, GIG, 10
<134>2021-07-14T17:44:44Z cache-ewr18156 MEWElogs[326955]: FLIPH, 1626284683199366924, EWR, -1
<134>2021-07-14T17:44:52Z cache-osl6529 MEWElogs[326955]: FLIPH, 1626284691238814318, OSL, 10
<134>2021-07-14T17:44:56Z cache-cdg20720 MEWElogs[326955]: FLIPH, 1626284695302759613, CDG, 10
<134>2021-07-14T17:44:57Z cache-stl4834 MEWElogs[326955]: FLIPH, 1626284696840735041, STL, -1
<134>2021-07-14T17:45:05Z cache-bom4751 MEWElogs[326955]: FLIPH, 1626284704702999435, BOM, -1
<134>2021-07-14T17:45:21Z cache-stl4834 MEWElogs[326955]: FLIPH, 1626284721097013222, STL, 10
<134>2021-07-14T17:45:23Z cache-cdg20720 MEWElogs[326955]: FLIPH, 1626284722550671414, CDG, -1
<134>2021-07-14T17:45:27Z cache-mel11272 MEWElogs[326955]: FLIPH, 1626284726672203518, MEL, -1
<134>2021-07-14T17:45:47Z cache-cdg20720 MEWElogs[326955]: FLIPH, 1626284746700340031, CDG, 10
<134>2021-07-14T17:45:48Z cache-osl6529 MEWElogs[326955]: FLIPH, 1626284747308890077, OSL, 10
<134>2021-07-14T17:46:08Z cache-lga21983 MEWElogs[326955]: FLIPH, 1626284767724176757, LGA, 10
<134>2021-07-14T17:46:12Z cache-osl6529 MEWElogs[326955]: FLIPH, 1626284771219121968, OSL, -1
<134>2021-07-14T17:46:21Z cache-osl6529 MEWElogs[326955]: FLIPH, 1626284780545268070, OSL, -1
<134>2021-07-14T17:46:34Z cache-cdg20720 MEWElogs[326955]: FLIPH, 1626284794475872782, CDG, -1
<134>2021-07-14T17:46:35Z cache-stl4834 MEWElogs[326955]: FLIPH, 1626284794744627040, STL, 10
<134>2021-07-14T17:46:43Z cache-stl4834 MEWElogs[326955]: FLIPH, 1626284801983385384, STL, -1
<134>2021-07-14T17:47:39Z cache-gig17035 MEWElogs[326955]: FLIPH, 1626284858306963489, GIG, -1
<134>2021-07-14T17:47:43Z cache-scl19427 MEWElogs[326955]: FLIPH, 1626284862503959718, SCL, -1
<134>2021-07-14T17:48:30Z cache-syd10183 MEWElogs[326955]: FLIPH, 1626284909703710464, SYD, -1
<134>2021-07-14T17:48:53Z cache-stl4834 MEWElogs[326955]: FLIPH, 1626284932886262452, STL, 10
<134>2021-07-14T17:49:10Z cache-syd10183 MEWElogs[326955]: FLIPH, 1626284949716815006, SYD, -1
<134>2021-07-14T17:49:17Z cache-cdg20720 MEWElogs[326955]: FLIPH, 1626284956812268358, CDG, -1
<134>2021-07-14T17:49:56Z cache-itm18851 MEWElogs[326955]: FLIPH, 1626284995216358605, ITM, -1
<134>2021-07-14T17:50:04Z cache-pao17461 MEWElogs[326955]: FLIPH, 1626285004301918656, PAO, -1
<134>2021-07-14T17:50:16Z cache-stl4834 MEWElogs[326955]: FLIPH, 1626285016671686243, STL, 10
<134>2021-07-14T17:50:28Z cache-bom4751 MEWElogs[326955]: FLIPH, 1626285027142284008, BOM, 10
<134>2021-07-14T17:50:35Z cache-scl19427 MEWElogs[326955]: FLIPH, 1626285034967383729, SCL, 10
<134>2021-07-14T17:50:39Z cache-gru17149 MEWElogs[326955]: FLIPH, 1626285038042477673, GRU, -1
<134>2021-07-14T17:50:56Z cache-scl19427 MEWElogs[326955]: FLIPH, 1626285055415725112, SCL, -1
<134>2021-07-14T17:50:58Z cache-itm18851 MEWElogs[326955]: FLIPH, 1626285057855401498, ITM, -1
<134>2021-07-14T17:51:12Z cache-syd10183 MEWElogs[326955]: FLIPH, 1626285071122745075, SYD, -1
<134>2021-07-14T17:51:13Z cache-bom4751 MEWElogs[326955]: FLIPH, 1626285072394670526, BOM, -1
<134>2021-07-14T17:51:24Z cache-hnd18722 MEWElogs[326955]: FLIPH, 1626285084604369456, HND, 10
<134>2021-07-14T17:51:27Z cache-gig17035 MEWElogs[326955]: FLIPH, 1626285087141043498, GIG, 10
<134>2021-07-14T17:51:32Z cache-bom4751 MEWElogs[326955]: FLIPH, 1626285091782125499, BOM, -1
<134>2021-07-14T17:51:36Z cache-hnd18722 MEWElogs[326955]: FLIPH, 1626285095038675696, HND, 10
<134>2021-07-14T17:51:54Z cache-gru17149 MEWElogs[326955]: FLIPH, 1626285113842406849, GRU, -1
<134>2021-07-14T17:51:59Z cache-gig17035 MEWElogs[326955]: FLIPH, 1626285119488137342, GIG, -1
<134>2021-07-14T17:52:04Z cache-gru17149 MEWElogs[326955]: FLIPH, 1626285123410181088, GRU, -1
<134>2021-07-14T17:52:22Z cache-stl4834 MEWElogs[326955]: FLIPH, 1626285142202584136, STL, 10
<134>2021-07-14T17:52:24Z cache-gig17035 MEWElogs[326955]: FLIPH, 1626285143336274386, GIG, -1
<134>2021-07-14T17:52:26Z cache-hnd18722 MEWElogs[326955]: FLIPH, 1626285145541632893, HND, -1
<134>2021-07-14T17:53:02Z cache-gru17149 MEWElogs[326955]: FLIPH, 1626285181184500469, GRU, -1
<134>2021-07-14T17:53:11Z cache-gru17149 MEWElogs[326955]: FLIPH, 1626285190652454106, GRU, -1
<134>2021-07-14T17:53:34Z cache-itm18851 MEWElogs[326955]: FLIPH, 1626285214065829035, ITM, -1
<134>2021-07-14T17:53:46Z cache-pao17461 MEWElogs[326955]: FLIPH, 1626285225782674971, PAO, 10
<134>2021-07-14T17:54:02Z cache-gru17149 MEWElogs[326955]: FLIPH, 1626285241357480419, GRU, 10
<134>2021-07-14T17:54:06Z cache-itm18851 MEWElogs[326955]: FLIPH, 1626285245330995708, ITM, -1
<134>2021-07-14T17:54:13Z cache-scl19427 MEWElogs[326955]: FLIPH, 1626285252369814208, SCL, 10
<134>2021-07-14T17:54:17Z cache-cgh11122 MEWElogs[326955]: FLIPH, 1626285256932288367, CGH, 10
<134>2021-07-14T17:54:26Z cache-hnd18722 MEWElogs[326955]: FLIPH, 1626285265726964904, HND, 10
<134>2021-07-14T17:54:27Z cache-itm18851 MEWElogs[326955]: FLIPH, 1626285266062586476, ITM, -1
<134>2021-07-14T17:54:35Z cache-pao17461 MEWElogs[326955]: FLIPH, 1626285274941379953, PAO, -1
<134>2021-07-14T17:54:35Z cache-cgh11122 MEWElogs[326955]: FLIPH, 1626285274338336667, CGH, -1
<134>2021-07-14T17:54:38Z cache-tyo11974 MEWElogs[326955]: FLIPH, 1626285277408136954, TYO, 10
