<134>2021-07-15T04:06:48Z cache-cph20625 MEWElogs[355776]: ROTATE, 1626322007637567296, CPH, 15
<134>2021-07-15T04:07:15Z cache-mdw17383 MEWElogs[355776]: ROTATE, 1626322034164177114, MDW, 15
<134>2021-07-15T04:07:15Z cache-eze19324 MEWElogs[355776]: ROTATE, 1626322035695998537, EZE, 15
<134>2021-07-15T04:07:23Z cache-maa10251 MEWElogs[355776]: ROTATE, 1626322042767476894, MAA, 15
<134>2021-07-15T04:07:25Z cache-wdc5583 MEWElogs[355776]: ROTATE, 1626322044715437749, WDC, 15
<134>2021-07-15T04:07:42Z cache-maa10251 MEWElogs[355776]: ROTATE, 1626322061253734768, MAA, 15
<134>2021-07-15T04:07:51Z cache-pdk17882 MEWElogs[355776]: ROTATE, 1626322070811644528, PDK, 15
<134>2021-07-15T04:08:27Z cache-ord1740 MEWElogs[355776]: ROTATE, 1626322106679773064, ORD, 15
<134>2021-07-15T04:08:40Z cache-bog6425 MEWElogs[355776]: ROTATE, 1626322119842372372, BOG, 15
<134>2021-07-15T04:09:04Z cache-maa10251 MEWElogs[355776]: ROTATE, 1626322144522700196, MAA, 15
<134>2021-07-15T04:09:20Z cache-bog6425 MEWElogs[355776]: ROTATE, 1626322159128803585, BOG, 15
<134>2021-07-15T04:09:39Z cache-ams21020 MEWElogs[355776]: ROTATE, 1626322178789479550, AMS, 15
<134>2021-07-15T04:09:47Z cache-ams21020 MEWElogs[355776]: ROTATE, 1626322186414486750, AMS, 15
<134>2021-07-15T04:09:52Z cache-maa10251 MEWElogs[355776]: ROTATE, 1626322191470740751, MAA, 15
<134>2021-07-15T04:10:10Z cache-ams21020 MEWElogs[355776]: ROTATE, 1626322209366239361, AMS, 15
<134>2021-07-15T04:10:15Z cache-dca17782 MEWElogs[355776]: ROTATE, 1626322215058502474, DCA, 15
<134>2021-07-15T04:10:19Z cache-maa10251 MEWElogs[355776]: ROTATE, 1626322219126404408, MAA, 15
<134>2021-07-15T04:10:44Z cache-dca17782 MEWElogs[355776]: ROTATE, 1626322243549701254, DCA, 15
<134>2021-07-15T04:10:52Z cache-cph20625 MEWElogs[355776]: ROTATE, 1626322251003876054, CPH, 15
<134>2021-07-15T04:11:45Z cache-pdk17882 MEWElogs[355776]: ROTATE, 1626322304446083303, PDK, 15
<134>2021-07-15T04:11:48Z cache-eze19324 MEWElogs[355776]: ROTATE, 1626322308568100465, EZE, 15
<134>2021-07-15T04:12:18Z cache-ord1740 MEWElogs[355776]: ROTATE, 1626322337511405873, ORD, 15
<134>2021-07-15T04:12:35Z cache-cph20625 MEWElogs[355776]: ROTATE, 1626322354012704593, CPH, 15
<134>2021-07-15T04:12:51Z cache-pdk17882 MEWElogs[355776]: ROTATE, 1626322370335381301, PDK, 15
<134>2021-07-15T04:13:09Z cache-pdk17882 MEWElogs[355776]: ROTATE, 1626322388942926583, PDK, 15
<134>2021-07-15T04:13:16Z cache-dca17782 MEWElogs[355776]: ROTATE, 1626322396039466344, DCA, 15
<134>2021-07-15T04:13:33Z cache-wdc5583 MEWElogs[355776]: ROTATE, 1626322412960157420, WDC, 15
<134>2021-07-15T04:13:44Z cache-wdc5583 MEWElogs[355776]: ROTATE, 1626322424204714487, WDC, 15
<134>2021-07-15T04:13:48Z cache-ams21020 MEWElogs[355776]: ROTATE, 1626322427188478851, AMS, 15
<134>2021-07-15T04:13:55Z cache-maa10251 MEWElogs[355776]: ROTATE, 1626322434783521223, MAA, 15
<134>2021-07-15T04:14:07Z cache-bog6425 MEWElogs[355776]: ROTATE, 1626322447498236086, BOG, 15
<134>2021-07-15T04:14:14Z cache-dca17782 MEWElogs[355776]: ROTATE, 1626322453122094537, DCA, 15
<134>2021-07-15T04:14:27Z cache-eze19324 MEWElogs[355776]: ROTATE, 1626322466595688398, EZE, 15
<134>2021-07-15T04:14:27Z cache-cph20625 MEWElogs[355776]: ROTATE, 1626322466909888568, CPH, 15
<134>2021-07-15T04:14:41Z cache-dca17782 MEWElogs[355776]: ROTATE, 1626322481029453004, DCA, 15
<134>2021-07-15T04:15:12Z cache-eze19324 MEWElogs[355776]: ROTATE, 1626322511415423809, EZE, 15
<134>2021-07-15T04:15:19Z cache-dca17782 MEWElogs[355776]: ROTATE, 1626322518427578541, DCA, 15
<134>2021-07-15T04:16:17Z cache-mdw17383 MEWElogs[355776]: ROTATE, 1626322576719044056, MDW, 15
<134>2021-07-15T04:16:47Z cache-bog6425 MEWElogs[355776]: ROTATE, 1626322606734102567, BOG, 15
