<134>2021-07-15T05:08:23Z cache-ewr18156 MEWElogs[355776]: ROTATE, 1626325702947566690, EWR, 15
<134>2021-07-15T05:09:07Z cache-mel11272 MEWElogs[355776]: ROTATE, 1626325747133981396, MEL, 15
<134>2021-07-15T05:09:13Z cache-cdg20720 MEWElogs[355776]: ROTATE, 1626325753250174633, CDG, 15
<134>2021-07-15T05:09:21Z cache-hkg17929 MEWElogs[355776]: ROTATE, 1626325760764566671, HKG, 15
<134>2021-07-15T05:09:36Z cache-bom4751 MEWElogs[355776]: ROTATE, 1626325775579891785, BOM, 15
<134>2021-07-15T05:09:49Z cache-mel11272 MEWElogs[355776]: ROTATE, 1626325788503720298, MEL, 15
<134>2021-07-15T05:10:09Z cache-cdg20720 MEWElogs[355776]: ROTATE, 1626325808951533583, CDG, 15
<134>2021-07-15T05:10:13Z cache-osl6529 MEWElogs[355776]: ROTATE, 1626325812773688353, OSL, 15
<134>2021-07-15T05:10:27Z cache-mci5951 MEWElogs[355776]: ROTATE, 1626325826820874599, MCI, 15
<134>2021-07-15T05:10:53Z cache-osl6529 MEWElogs[355776]: ROTATE, 1626325852176738613, OSL, 15
<134>2021-07-15T05:10:59Z cache-ewr18156 MEWElogs[355776]: ROTATE, 1626325858493550935, EWR, 15
<134>2021-07-15T05:11:07Z cache-gig17035 MEWElogs[355776]: ROTATE, 1626325866907792695, GIG, 15
<134>2021-07-15T05:11:23Z cache-mel11272 MEWElogs[355776]: ROTATE, 1626325882483793679, MEL, 15
<134>2021-07-15T05:11:35Z cache-lga21983 MEWElogs[355776]: ROTATE, 1626325894252639218, LGA, 15
<134>2021-07-15T05:12:32Z cache-gig17035 MEWElogs[355776]: ROTATE, 1626325951216122496, GIG, 15
<134>2021-07-15T05:12:41Z cache-stl4834 MEWElogs[355776]: ROTATE, 1626325960823152410, STL, 15
<134>2021-07-15T05:12:48Z cache-scl19427 MEWElogs[355776]: ROTATE, 1626325968638640087, SCL, 15
<134>2021-07-15T05:13:04Z cache-bom4751 MEWElogs[355776]: ROTATE, 1626325982963500744, BOM, 15
<134>2021-07-15T05:13:46Z cache-scl19427 MEWElogs[355776]: ROTATE, 1626326026438713953, SCL, 15
<134>2021-07-15T05:14:14Z cache-gru17149 MEWElogs[355776]: ROTATE, 1626326053054467531, GRU, 15
<134>2021-07-15T05:14:38Z cache-cdg20720 MEWElogs[355776]: ROTATE, 1626326077016720709, CDG, 15
<134>2021-07-15T05:14:49Z cache-osl6529 MEWElogs[355776]: ROTATE, 1626326088401299455, OSL, 15
<134>2021-07-15T05:14:57Z cache-osl6529 MEWElogs[355776]: ROTATE, 1626326096267699559, OSL, 15
<134>2021-07-15T05:15:01Z cache-gru17149 MEWElogs[355776]: ROTATE, 1626326100787381295, GRU, 15
<134>2021-07-15T05:15:30Z cache-gru17149 MEWElogs[355776]: ROTATE, 1626326129111625740, GRU, 15
<134>2021-07-15T05:15:41Z cache-cdg20720 MEWElogs[355776]: ROTATE, 1626326141027981471, CDG, 15
<134>2021-07-15T05:15:42Z cache-mel11272 MEWElogs[355776]: ROTATE, 1626326141349924309, MEL, 15
<134>2021-07-15T05:15:51Z cache-gig17035 MEWElogs[355776]: ROTATE, 1626326151084706360, GIG, 15
<134>2021-07-15T05:16:00Z cache-bom4751 MEWElogs[355776]: ROTATE, 1626326159302794247, BOM, 15
<134>2021-07-15T05:16:02Z cache-gig17035 MEWElogs[355776]: ROTATE, 1626326161627891689, GIG, 15
<134>2021-07-15T05:16:06Z cache-scl19427 MEWElogs[355776]: ROTATE, 1626326166009169682, SCL, 15
<134>2021-07-15T05:16:19Z cache-bom4751 MEWElogs[355776]: ROTATE, 1626326178290654366, BOM, 15
<134>2021-07-15T05:16:27Z cache-cdg20720 MEWElogs[355776]: ROTATE, 1626326186633874832, CDG, 15
<134>2021-07-15T05:16:41Z cache-scl19427 MEWElogs[355776]: ROTATE, 1626326200924312492, SCL, 15
<134>2021-07-15T05:16:42Z cache-itm18851 MEWElogs[355776]: ROTATE, 1626326201818802658, ITM, 15
<134>2021-07-15T05:16:43Z cache-lax10677 MEWElogs[355776]: ROTATE, 1626326202677172799, LGB, 15
<134>2021-07-15T05:17:23Z cache-cdg20720 MEWElogs[355776]: ROTATE, 1626326242870873650, CDG, 15
<134>2021-07-15T05:17:32Z cache-cdg20720 MEWElogs[355776]: ROTATE, 1626326251866930446, CDG, 15
<134>2021-07-15T05:17:43Z cache-gru17149 MEWElogs[355776]: ROTATE, 1626326262861465204, GRU, 15
<134>2021-07-15T05:17:57Z cache-stl4834 MEWElogs[355776]: ROTATE, 1626326276702701669, STL, 15
<134>2021-07-15T05:18:02Z cache-gru17149 MEWElogs[355776]: ROTATE, 1626326281802975860, GRU, 15
<134>2021-07-15T05:18:12Z cache-bom4751 MEWElogs[355776]: ROTATE, 1626326290920828552, BOM, 15
<134>2021-07-15T05:18:12Z cache-scl19427 MEWElogs[355776]: ROTATE, 1626326292637847282, SCL, 15
