<134>2021-07-15T05:27:58Z cache-itm18851 MEWElogs[46369]: ROTATE, 1626326877531104937, ITM, 15
<134>2021-07-15T05:28:12Z cache-pao17461 MEWElogs[46369]: ROTATE, 1626326891003749908, PAO, 15
<134>2021-07-15T05:28:30Z cache-sjc10078 MEWElogs[46369]: ROTATE, 1626326909090443798, SJC, 15
<134>2021-07-15T05:28:33Z cache-hnd18722 MEWElogs[46369]: ROTATE, 1626326912783349410, HND, 15
<134>2021-07-15T05:28:50Z cache-sjc10078 MEWElogs[46369]: ROTATE, 1626326930289389079, SJC, 15
<134>2021-07-15T05:29:02Z cache-sjc10078 MEWElogs[46369]: ROTATE, 1626326941543730812, SJC, 15
<134>2021-07-15T05:29:05Z cache-itm18851 MEWElogs[46369]: ROTATE, 1626326945058401171, ITM, 15
<134>2021-07-15T05:29:30Z cache-syd10183 MEWElogs[46369]: ROTATE, 1626326969315355313, SYD, 15
<134>2021-07-15T05:29:55Z cache-cgh11122 MEWElogs[46369]: ROTATE, 1626326994076373846, CGH, 15
<134>2021-07-15T05:30:33Z cache-syd10183 MEWElogs[46369]: ROTATE, 1626327032395764262, SYD, 15
<134>2021-07-15T05:30:35Z cache-hnd18722 MEWElogs[46369]: ROTATE, 1626327034825184200, HND, 15
<134>2021-07-15T05:30:46Z cache-itm18851 MEWElogs[46369]: ROTATE, 1626327045533465543, ITM, 15
<134>2021-07-15T05:30:57Z cache-itm18851 MEWElogs[46369]: ROTATE, 1626327056804640579, ITM, 15
<134>2021-07-15T05:31:10Z cache-sea4483 MEWElogs[46369]: ROTATE, 1626327070264776004, SEA, 15
<134>2021-07-15T05:32:10Z cache-sjc10078 MEWElogs[46369]: ROTATE, 1626327129545376071, SJC, 15
<134>2021-07-15T05:32:47Z cache-cgh11122 MEWElogs[46369]: ROTATE, 1626327167649682484, CGH, 15
<134>2021-07-15T05:33:21Z cache-hnd18722 MEWElogs[46369]: ROTATE, 1626327201225718060, HND, 15
<134>2021-07-15T05:33:55Z cache-syd10183 MEWElogs[46369]: ROTATE, 1626327235433618790, SYD, 15
<134>2021-07-15T05:35:03Z cache-bma1628 MEWElogs[46369]: ROTATE, 1626327302468359792, BMA, 15
<134>2021-07-15T05:35:12Z cache-cgh11122 MEWElogs[46369]: ROTATE, 1626327311060563157, CGH, 15
<134>2021-07-15T05:35:12Z cache-bma1628 MEWElogs[46369]: ROTATE, 1626327311088438553, BMA, 15
<134>2021-07-15T05:35:12Z cache-hnd18722 MEWElogs[46369]: ROTATE, 1626327312278825249, HND, 15
<134>2021-07-15T05:35:27Z cache-cgh11183 MEWElogs[46369]: ROTATE, 1626327326588743130, CGH, 15
<134>2021-07-15T05:35:38Z cache-bma1628 MEWElogs[46369]: ROTATE, 1626327337039942164, BMA, 15
<134>2021-07-15T05:35:51Z cache-syd10183 MEWElogs[46369]: ROTATE, 1626327351588454131, SYD, 15
<134>2021-07-15T05:35:55Z cache-cgh11183 MEWElogs[46369]: ROTATE, 1626327355515258307, CGH, 15
<134>2021-07-15T05:36:57Z cache-sea4483 MEWElogs[46369]: ROTATE, 1626327416968185809, SEA, 15
<134>2021-07-15T05:37:03Z cache-hnd18722 MEWElogs[46369]: ROTATE, 1626327423501108109, HND, 15
<134>2021-07-15T05:37:08Z cache-sea4483 MEWElogs[46369]: ROTATE, 1626327427842840240, SEA, 15
<134>2021-07-15T05:37:13Z cache-cgh11183 MEWElogs[46369]: ROTATE, 1626327432616841866, CGH, 15
<134>2021-07-15T05:37:47Z cache-hnd18722 MEWElogs[46369]: ROTATE, 1626327466663552149, HND, 15
