<134>2021-07-15T06:52:06Z cache-jnb7027 MEWElogs[46369]: UNSH, 1626331925933187589, JNB, 16
<134>2021-07-15T06:52:25Z cache-lcy19283 MEWElogs[46369]: UNSH, 1626331944061078369, LCY, 16
<134>2021-07-15T06:52:29Z cache-mrs10583 MEWElogs[46369]: UNSH, 1626331948918093818, MRS, 16
<134>2021-07-15T06:52:38Z cache-mrs10583 MEWElogs[46369]: UNSH, 1626331957305208381, MRS, 16
<134>2021-07-15T06:53:13Z cache-lon4249 MEWElogs[46369]: UNSH, 1626331992412664827, LON, 16
<134>2021-07-15T06:53:21Z cache-den8274 MEWElogs[46369]: UNSH, 1626332000896815005, DEN, 16
<134>2021-07-15T06:53:36Z cache-iah17271 MEWElogs[46369]: UNSH, 1626332015123765308, IAH, 16
<134>2021-07-15T06:53:39Z cache-lon4249 MEWElogs[46369]: UNSH, 1626332019257256413, LON, 16
<134>2021-07-15T06:53:50Z cache-lcy19283 MEWElogs[46369]: UNSH, 1626332030276553958, LCY, 16
<134>2021-07-15T06:53:52Z cache-mad22068 MEWElogs[46369]: UNSH, 1626332031340422608, MAD, 16
<134>2021-07-15T06:53:53Z cache-jnb7027 MEWElogs[46369]: UNSH, 1626332032855906917, JNB, 16
<134>2021-07-15T06:54:16Z cache-fra19177 MEWElogs[46369]: UNSH, 1626332055654286430, FRA, 16
<134>2021-07-15T06:54:31Z cache-lon4249 MEWElogs[46369]: UNSH, 1626332070297773903, LON, 16
<134>2021-07-15T06:54:38Z cache-den8274 MEWElogs[46369]: UNSH, 1626332078047218785, DEN, 16
<134>2021-07-15T06:54:45Z cache-iah17271 MEWElogs[46369]: UNSH, 1626332084834327036, IAH, 16
<134>2021-07-15T06:54:46Z cache-jnb7027 MEWElogs[46369]: UNSH, 1626332085908860730, JNB, 16
<134>2021-07-15T06:54:46Z cache-mad22068 MEWElogs[46369]: UNSH, 1626332086132432549, MAD, 16
<134>2021-07-15T06:54:56Z cache-bur17583 MEWElogs[46369]: UNSH, 1626332096574351223, BUR, 16
<134>2021-07-15T06:55:34Z cache-den8274 MEWElogs[46369]: UNSH, 1626332133800617807, DEN, 16
<134>2021-07-15T06:55:41Z cache-mad22068 MEWElogs[46369]: UNSH, 1626332140108433259, MAD, 16
<134>2021-07-15T06:55:41Z cache-bur17583 MEWElogs[46369]: UNSH, 1626332141152762717, BUR, 16
<134>2021-07-15T06:55:54Z cache-lon4249 MEWElogs[46369]: UNSH, 1626332153786508645, LON, 16
<134>2021-07-15T06:55:58Z cache-mia11368 MEWElogs[46369]: UNSH, 1626332157627068624, MIA, 16
<134>2021-07-15T06:56:07Z cache-mia11368 MEWElogs[46369]: UNSH, 1626332166971131033, MIA, 16
<134>2021-07-15T06:56:22Z cache-hel6829 MEWElogs[46369]: UNSH, 1626332181610336340, HEL, 16
<134>2021-07-15T06:56:32Z cache-lcy19283 MEWElogs[46369]: UNSH, 1626332191950139999, LCY, 16
<134>2021-07-15T06:57:02Z cache-iah17271 MEWElogs[46369]: UNSH, 1626332221164953179, IAH, 16
<134>2021-07-15T06:57:18Z cache-hkg17929 MEWElogs[46369]: UNSH, 1626332238102605806, HKG, 16
<134>2021-07-15T06:57:45Z cache-yul12826 MEWElogs[46369]: UNSH, 1626332264596323865, YUL, 16
<134>2021-07-15T06:57:47Z cache-iah17271 MEWElogs[46369]: UNSH, 1626332266295034250, IAH, 16
<134>2021-07-15T06:57:57Z cache-lcy19283 MEWElogs[46369]: UNSH, 1626332277566895754, LCY, 16
<134>2021-07-15T06:58:14Z cache-jnb7027 MEWElogs[46369]: UNSH, 1626332293152495794, JNB, 16
<134>2021-07-15T06:58:38Z cache-mrs10583 MEWElogs[46369]: UNSH, 1626332317357303597, MRS, 16
