<134>2021-07-14T17:22:54Z cache-mci5951 MEWElogs[369035]: FLIPH, 1626283373398794461, MCI, -1
<134>2021-07-14T17:23:01Z cache-lax10677 MEWElogs[369035]: FLIPH, 1626283380930971206, LGB, 10
<134>2021-07-14T17:23:06Z cache-mci5951 MEWElogs[369035]: FLIPH, 1626283386336387654, MCI, -1
<134>2021-07-14T17:23:24Z cache-lhr7382 MEWElogs[369035]: FLIPH, 1626283404501269408, LHR, 10
<134>2021-07-14T17:23:30Z cache-mci5951 MEWElogs[369035]: FLIPH, 1626283409786528939, MCI, 10
<134>2021-07-14T17:23:42Z cache-hkg17929 MEWElogs[369035]: FLIPH, 1626283422083907493, HKG, -1
<134>2021-07-14T17:23:44Z cache-mia11368 MEWElogs[369035]: FLIPH, 1626283423879499667, MIA, 10
<134>2021-07-14T17:24:27Z cache-lax10677 MEWElogs[369035]: FLIPH, 1626283466389428429, LGB, 10
<134>2021-07-14T17:24:34Z cache-mad22068 MEWElogs[369035]: FLIPH, 1626283473544119254, MAD, 10
<134>2021-07-14T17:24:36Z cache-mrs10583 MEWElogs[369035]: FLIPH, 1626283476027330668, MRS, -1
<134>2021-07-14T17:24:39Z cache-mrs10583 MEWElogs[369035]: FLIPH, 1626283478728927902, MRS, 10
<134>2021-07-14T17:24:43Z cache-yul12826 MEWElogs[369035]: FLIPH, 1626283483056417970, YUL, 10
<134>2021-07-14T17:24:54Z cache-jax20933 MEWElogs[369035]: FLIPH, 1626283493523939820, JAX, 10
<134>2021-07-14T17:24:58Z cache-mad22068 MEWElogs[369035]: FLIPH, 1626283497807486666, MAD, -1
<134>2021-07-14T17:25:13Z cache-mia11368 MEWElogs[369035]: FLIPH, 1626283512697691117, MIA, -1
<134>2021-07-14T17:25:20Z cache-hkg17929 MEWElogs[369035]: FLIPH, 1626283520156126519, HKG, -1
<134>2021-07-14T17:25:27Z cache-mad22068 MEWElogs[369035]: FLIPH, 1626283526786899223, MAD, -1
<134>2021-07-14T17:25:32Z cache-lax10677 MEWElogs[369035]: FLIPH, 1626283532451426121, LGB, -1
<134>2021-07-14T17:25:42Z cache-hkg17929 MEWElogs[369035]: FLIPH, 1626283541680785061, HKG, -1
<134>2021-07-14T17:25:51Z cache-mrs10583 MEWElogs[369035]: FLIPH, 1626283551502893513, MRS, 10
<134>2021-07-14T17:25:56Z cache-hkg17929 MEWElogs[369035]: FLIPH, 1626283555716674320, HKG, 10
<134>2021-07-14T17:26:23Z cache-stp9226 MEWElogs[369035]: FLIPH, 1626283583803751728, STP, -1
<134>2021-07-14T17:26:36Z cache-hkg17929 MEWElogs[369035]: FLIPH, 1626283595758731440, HKG, -1
<134>2021-07-14T17:26:52Z cache-mci5951 MEWElogs[369035]: FLIPH, 1626283612582284118, MCI, 10
<134>2021-07-14T17:26:55Z cache-mad22068 MEWElogs[369035]: FLIPH, 1626283614695876706, MAD, -1
<134>2021-07-14T17:26:56Z cache-lax10677 MEWElogs[369035]: FLIPH, 1626283615518276436, LGB, 10
<134>2021-07-14T17:27:19Z cache-stp9226 MEWElogs[369035]: FLIPH, 1626283638327177935, STP, -1
<134>2021-07-14T17:27:23Z cache-mci5951 MEWElogs[369035]: FLIPH, 1626283642571180283, MCI, 10
<134>2021-07-14T17:27:27Z cache-yul12826 MEWElogs[369035]: FLIPH, 1626283647030633237, YUL, -1
<134>2021-07-14T17:27:48Z cache-mia11368 MEWElogs[369035]: FLIPH, 1626283668183824152, MIA, 10
<134>2021-07-14T17:27:50Z cache-stp9226 MEWElogs[369035]: FLIPH, 1626283670573047164, STP, -1
<134>2021-07-14T17:27:53Z cache-mci5951 MEWElogs[369035]: FLIPH, 1626283672838606857, MCI, 10
<134>2021-07-14T17:28:14Z cache-mad22068 MEWElogs[369035]: FLIPH, 1626283693650406353, MAD, 10
<134>2021-07-14T17:28:16Z cache-hkg17929 MEWElogs[369035]: FLIPH, 1626283695836123359, HKG, 10
<134>2021-07-14T17:28:26Z cache-mrs10583 MEWElogs[369035]: FLIPH, 1626283705307733635, MRS, 10
<134>2021-07-14T17:28:36Z cache-mia11368 MEWElogs[369035]: FLIPH, 1626283715666398607, MIA, -1
<134>2021-07-14T17:28:39Z cache-mrs10583 MEWElogs[369035]: FLIPH, 1626283718930704489, MRS, -1
<134>2021-07-14T17:28:42Z cache-lax10677 MEWElogs[369035]: FLIPH, 1626283721747457517, LGB, -1
<134>2021-07-14T17:28:47Z cache-mrs10583 MEWElogs[369035]: FLIPH, 1626283727102390246, MRS, -1
<134>2021-07-14T17:28:50Z cache-mrs10583 MEWElogs[369035]: FLIPH, 1626283729815746133, MRS, 10
<134>2021-07-14T17:28:56Z cache-stp9226 MEWElogs[369035]: FLIPH, 1626283735355189281, STP, -1
<134>2021-07-14T17:28:59Z cache-stp9226 MEWElogs[369035]: FLIPH, 1626283738731906561, STP, 10
<134>2021-07-14T17:29:12Z cache-mrs10583 MEWElogs[369035]: FLIPH, 1626283751400512396, MRS, -1
<134>2021-07-14T17:29:16Z cache-stp9226 MEWElogs[369035]: FLIPH, 1626283756916751096, STP, -1
<134>2021-07-14T17:29:30Z cache-mia11368 MEWElogs[369035]: FLIPH, 1626283769563029341, MIA, 10
<134>2021-07-14T17:29:33Z cache-lax10677 MEWElogs[369035]: FLIPH, 1626283773200661224, LGB, 10
<134>2021-07-14T17:29:39Z cache-yul12826 MEWElogs[369035]: FLIPH, 1626283778287719377, YUL, 10
<134>2021-07-14T17:29:53Z cache-hkg17929 MEWElogs[369035]: FLIPH, 1626283792254127630, HKG, 10
<134>2021-07-14T17:30:07Z cache-lhr7382 MEWElogs[369035]: FLIPH, 1626283807069802751, LHR, -1
<134>2021-07-14T17:30:15Z cache-stp9226 MEWElogs[369035]: FLIPH, 1626283814495079973, STP, 10
<134>2021-07-14T17:30:28Z cache-jax20933 MEWElogs[369035]: FLIPH, 1626283827734187502, JAX, 10
<134>2021-07-14T17:30:43Z cache-yul12826 MEWElogs[369035]: FLIPH, 1626283843449090037, YUL, 10
<134>2021-07-14T17:30:43Z cache-stp9226 MEWElogs[369035]: FLIPH, 1626283843956593760, STP, -1
<134>2021-07-14T17:30:48Z cache-man4150 MEWElogs[369035]: FLIPH, 1626283848307420478, MAN, -1
<134>2021-07-14T17:31:05Z cache-jax20933 MEWElogs[369035]: FLIPH, 1626283864312356642, JAX, 10
<134>2021-07-14T17:31:15Z cache-lga21983 MEWElogs[369035]: FLIPH, 1626283874810360127, LGA, -1
<134>2021-07-14T17:31:17Z cache-yul12826 MEWElogs[369035]: FLIPH, 1626283877187030203, YUL, -1
<134>2021-07-14T17:31:36Z cache-yul12826 MEWElogs[369035]: FLIPH, 1626283895839465187, YUL, -1
<134>2021-07-14T17:31:58Z cache-lga21983 MEWElogs[369035]: FLIPH, 1626283917554955245, LGA, 10
<134>2021-07-14T17:32:03Z cache-lax10677 MEWElogs[369035]: FLIPH, 1626283923129386959, LGB, 10
<134>2021-07-14T17:32:05Z cache-osl6529 MEWElogs[369035]: FLIPH, 1626283924351034387, OSL, 10
<134>2021-07-14T17:32:09Z cache-mia11368 MEWElogs[369035]: FLIPH, 1626283928827421881, MIA, -1
<134>2021-07-14T17:32:13Z cache-yul12826 MEWElogs[369035]: FLIPH, 1626283932893642288, YUL, -1
<134>2021-07-14T17:32:15Z cache-stp9226 MEWElogs[369035]: FLIPH, 1626283934706332428, STP, 10
<134>2021-07-14T17:32:16Z cache-yul12826 MEWElogs[369035]: FLIPH, 1626283935739664714, YUL, 10
<134>2021-07-14T17:32:22Z cache-man4150 MEWElogs[369035]: FLIPH, 1626283941830387378, MAN, 10
<134>2021-07-14T17:32:23Z cache-lax10677 MEWElogs[369035]: FLIPH, 1626283942780740904, LGB, 10
<134>2021-07-14T17:32:37Z cache-lga21983 MEWElogs[369035]: FLIPH, 1626283956978960559, LGA, 10
<134>2021-07-14T17:32:48Z cache-stp9226 MEWElogs[369035]: FLIPH, 1626283967244539329, STP, 10
