<134>2021-07-15T02:22:38Z cache-pao17461 MEWElogs[21956]: GRAY, 1626315757212953833, PAO, 13
<134>2021-07-15T02:22:50Z cache-sjc10078 MEWElogs[21956]: GRAY, 1626315769056927073, SJC, 13
<134>2021-07-15T02:22:51Z cache-yyz4551 MEWElogs[21956]: GRAY, 1626315770789553643, YYZ, 13
<134>2021-07-15T02:23:03Z cache-bma1628 MEWElogs[21956]: GRAY, 1626315781965161677, BMA, 13
<134>2021-07-15T02:23:23Z cache-yyz4551 MEWElogs[21956]: GRAY, 1626315802419884784, YYZ, 13
<134>2021-07-15T02:23:39Z cache-cgh11122 MEWElogs[21956]: GRAY, 1626315818835763376, CGH, 13
<134>2021-07-15T02:23:45Z cache-itm18851 MEWElogs[21956]: GRAY, 1626315824014547094, ITM, 13
<134>2021-07-15T02:23:56Z cache-bma1628 MEWElogs[21956]: GRAY, 1626315835079543639, BMA, 13
<134>2021-07-15T02:24:09Z cache-cgh11183 MEWElogs[21956]: GRAY, 1626315848643820758, CGH, 13
<134>2021-07-15T02:24:11Z cache-bma1628 MEWElogs[21956]: GRAY, 1626315850947667561, BMA, 13
<134>2021-07-15T02:24:14Z cache-itm18851 MEWElogs[21956]: GRAY, 1626315854091245080, ITM, 13
<134>2021-07-15T02:24:25Z cache-yyz4551 MEWElogs[21956]: GRAY, 1626315864866478874, YYZ, 13
<134>2021-07-15T02:24:57Z cache-cgh11183 MEWElogs[21956]: GRAY, 1626315896529813421, CGH, 13
<134>2021-07-15T02:25:10Z cache-cgh11183 MEWElogs[21956]: GRAY, 1626315910415586143, CGH, 13
<134>2021-07-15T02:26:19Z cache-yyz4551 MEWElogs[21956]: GRAY, 1626315978861887419, YYZ, 13
<134>2021-07-15T02:27:27Z cache-tyo11974 MEWElogs[21956]: GRAY, 1626316047451863285, TYO, 13
<134>2021-07-15T02:27:33Z cache-bma1628 MEWElogs[21956]: GRAY, 1626316052699845844, BMA, 13
<134>2021-07-15T02:27:47Z cache-tyo11974 MEWElogs[21956]: GRAY, 1626316066340285162, TYO, 13
<134>2021-07-15T02:27:58Z cache-vie21629 MEWElogs[21956]: GRAY, 1626316077421865416, VIE, 13
<134>2021-07-15T02:28:03Z cache-cgh11183 MEWElogs[21956]: GRAY, 1626316082203850320, CGH, 13
<134>2021-07-15T02:28:05Z cache-sea4483 MEWElogs[21956]: GRAY, 1626316085174856412, SEA, 13
<134>2021-07-15T02:28:09Z cache-cgh11183 MEWElogs[21956]: GRAY, 1626316089138058744, CGH, 13
<134>2021-07-15T02:28:26Z cache-sjc10078 MEWElogs[21956]: GRAY, 1626316105604027986, SJC, 13
<134>2021-07-15T02:28:33Z cache-sjc10078 MEWElogs[21956]: GRAY, 1626316113038048211, SJC, 13
<134>2021-07-15T02:28:58Z cache-yyz4551 MEWElogs[21956]: GRAY, 1626316137031315388, YYZ, 13
<134>2021-07-15T02:29:09Z cache-bma1628 MEWElogs[21956]: GRAY, 1626316148233895462, BMA, 13
<134>2021-07-15T02:29:38Z cache-cgh11183 MEWElogs[21956]: GRAY, 1626316178075332537, CGH, 13
<134>2021-07-15T02:30:02Z cache-bma1628 MEWElogs[21956]: GRAY, 1626316201323934120, BMA, 13
<134>2021-07-15T02:30:05Z cache-sea4483 MEWElogs[21956]: GRAY, 1626316204526587608, SEA, 13
<134>2021-07-15T02:30:06Z cache-tyo11974 MEWElogs[21956]: GRAY, 1626316205689606872, TYO, 13
<134>2021-07-15T02:31:04Z cache-yyz4551 MEWElogs[21956]: GRAY, 1626316263597095087, YYZ, 13
<134>2021-07-15T02:32:13Z cache-tyo11974 MEWElogs[21956]: GRAY, 1626316333524989721, TYO, 13
