<134>2021-07-15T00:30:58Z cache-pdk17882 MEWElogs[308969]: CROP, 1626309057106730825, PDK, 12
<134>2021-07-15T00:31:31Z cache-maa10251 MEWElogs[308969]: CROP, 1626309090341548931, MAA, 12
<134>2021-07-15T00:31:53Z cache-dca17782 MEWElogs[308969]: CROP, 1626309112744207826, DCA, 12
<134>2021-07-15T00:32:11Z cache-dca17782 MEWElogs[308969]: CROP, 1626309131567834436, DCA, 12
<134>2021-07-15T00:32:15Z cache-eze19324 MEWElogs[308969]: CROP, 1626309134601967245, EZE, 12
<134>2021-07-15T00:32:18Z cache-pdk17882 MEWElogs[308969]: CROP, 1626309137403121365, PDK, 12
<134>2021-07-15T00:32:39Z cache-cmh21547 MEWElogs[308969]: CROP, 1626309159157963885, CMH, 12
<134>2021-07-15T00:32:52Z cache-ams21020 MEWElogs[308969]: CROP, 1626309172484400367, AMS, 12
<134>2021-07-15T00:32:57Z cache-ord1740 MEWElogs[308969]: CROP, 1626309176515101479, ORD, 12
<134>2021-07-15T00:32:58Z cache-mdw17383 MEWElogs[308969]: CROP, 1626309178085000459, MDW, 12
<134>2021-07-15T00:33:06Z cache-wdc5583 MEWElogs[308969]: CROP, 1626309186038095893, WDC, 12
<134>2021-07-15T00:33:10Z cache-maa10251 MEWElogs[308969]: CROP, 1626309189224864503, MAA, 12
<134>2021-07-15T00:33:19Z cache-wdc5583 MEWElogs[308969]: CROP, 1626309198755160993, WDC, 12
<134>2021-07-15T00:33:21Z cache-cmh21547 MEWElogs[308969]: CROP, 1626309201173726885, CMH, 12
<134>2021-07-15T00:33:34Z cache-bog6425 MEWElogs[308969]: CROP, 1626309213828511392, BOG, 12
<134>2021-07-15T00:33:36Z cache-wdc5583 MEWElogs[308969]: CROP, 1626309216079344938, WDC, 12
<134>2021-07-15T00:33:49Z cache-dca17782 MEWElogs[308969]: CROP, 1626309228267008585, DCA, 12
<134>2021-07-15T00:33:55Z cache-maa10251 MEWElogs[308969]: CROP, 1626309235189911867, MAA, 12
<134>2021-07-15T00:34:13Z cache-mdw17383 MEWElogs[308969]: CROP, 1626309253572572900, MDW, 12
<134>2021-07-15T00:34:18Z cache-maa10251 MEWElogs[308969]: CROP, 1626309257884675855, MAA, 12
<134>2021-07-15T00:34:27Z cache-mdw17383 MEWElogs[308969]: CROP, 1626309266541268215, MDW, 12
<134>2021-07-15T00:35:12Z cache-mdw17383 MEWElogs[308969]: CROP, 1626309310974550603, MDW, 12
<134>2021-07-15T00:35:15Z cache-fty21383 MEWElogs[308969]: CROP, 1626309314789242104, FTY, 12
<134>2021-07-15T00:35:25Z cache-fty21383 MEWElogs[308969]: CROP, 1626309324716776015, FTY, 12
<134>2021-07-15T00:35:30Z cache-eze19324 MEWElogs[308969]: CROP, 1626309330164749779, EZE, 12
<134>2021-07-15T00:35:34Z cache-cmh21547 MEWElogs[308969]: CROP, 1626309333598001325, CMH, 12
<134>2021-07-15T00:35:42Z cache-fty21383 MEWElogs[308969]: CROP, 1626309341381067388, FTY, 12
<134>2021-07-15T00:35:57Z cache-chi21126 MEWElogs[308969]: CROP, 1626309356676865449, CHI, 12
<134>2021-07-15T00:36:00Z cache-bos4657 MEWElogs[308969]: CROP, 1626309359608193493, BOS, 12
<134>2021-07-15T00:36:01Z cache-del21735 MEWElogs[308969]: CROP, 1626309360231486423, DEL, 12
<134>2021-07-15T00:36:09Z cache-cph20625 MEWElogs[308969]: CROP, 1626309368580998819, CPH, 12
<134>2021-07-15T00:36:13Z cache-pwk4920 MEWElogs[308969]: CROP, 1626309373154535848, PWK, 12
<134>2021-07-15T00:36:17Z cache-pwk4920 MEWElogs[308969]: CROP, 1626309377284237426, PWK, 12
<134>2021-07-15T00:37:05Z cache-dfw18678 MEWElogs[308969]: CROP, 1626309424927717798, DFW, 12
<134>2021-07-15T00:37:10Z cache-chi21126 MEWElogs[308969]: CROP, 1626309429880776010, CHI, 12
<134>2021-07-15T00:37:15Z cache-bos4657 MEWElogs[308969]: CROP, 1626309434198528119, BOS, 12
<134>2021-07-15T00:37:30Z cache-pwk4920 MEWElogs[308969]: CROP, 1626309449629298964, PWK, 12
<134>2021-07-15T00:37:37Z cache-bos4657 MEWElogs[308969]: CROP, 1626309456512827725, BOS, 12
<134>2021-07-15T00:37:43Z cache-dub4329 MEWElogs[308969]: CROP, 1626309462825641800, DUB, 12
<134>2021-07-15T00:37:57Z cache-chi21126 MEWElogs[308969]: CROP, 1626309476954905725, CHI, 12
<134>2021-07-15T00:37:59Z cache-dfw18678 MEWElogs[308969]: CROP, 1626309479073655330, DFW, 12
<134>2021-07-15T00:38:00Z cache-pwk4920 MEWElogs[308969]: CROP, 1626309479632640518, PWK, 12
<134>2021-07-15T00:38:02Z cache-chi21126 MEWElogs[308969]: CROP, 1626309481115071839, CHI, 12
<134>2021-07-15T00:38:12Z cache-hel6829 MEWElogs[308969]: CROP, 1626309491894485226, HEL, 12
<134>2021-07-15T00:38:48Z cache-bos4657 MEWElogs[308969]: CROP, 1626309527272421012, BOS, 12
<134>2021-07-15T00:39:03Z cache-cph20625 MEWElogs[308969]: CROP, 1626309543064359546, CPH, 12
<134>2021-07-15T00:39:15Z cache-hel6829 MEWElogs[308969]: CROP, 1626309555182657996, HEL, 12
<134>2021-07-15T00:39:17Z cache-bos4657 MEWElogs[308969]: CROP, 1626309556783073480, BOS, 12
<134>2021-07-15T00:39:20Z cache-dub4329 MEWElogs[308969]: CROP, 1626309559723143423, DUB, 12
<134>2021-07-15T00:39:50Z cache-bos4657 MEWElogs[308969]: CROP, 1626309590610441869, BOS, 12
<134>2021-07-15T00:39:52Z cache-cph20625 MEWElogs[308969]: CROP, 1626309591621302420, CPH, 12
<134>2021-07-15T00:39:55Z cache-dfw18678 MEWElogs[308969]: CROP, 1626309594721019785, DFW, 12
<134>2021-07-15T00:40:01Z cache-del21735 MEWElogs[308969]: CROP, 1626309600519864446, DEL, 12
<134>2021-07-15T00:40:04Z cache-pwk4920 MEWElogs[308969]: CROP, 1626309603541324897, PWK, 12
<134>2021-07-15T00:40:07Z cache-dub4329 MEWElogs[308969]: CROP, 1626309606695522835, DUB, 12
<134>2021-07-15T00:40:09Z cache-dfw18678 MEWElogs[308969]: CROP, 1626309608814531250, DFW, 12
<134>2021-07-15T00:40:13Z cache-dfw18678 MEWElogs[308969]: CROP, 1626309613332002284, DFW, 12
<134>2021-07-15T00:40:20Z cache-del21735 MEWElogs[308969]: CROP, 1626309619068427499, DEL, 12
<134>2021-07-15T00:40:35Z cache-iah17271 MEWElogs[308969]: CROP, 1626309634247047042, IAH, 12
<134>2021-07-15T00:40:43Z cache-hel6829 MEWElogs[308969]: CROP, 1626309643399078372, HEL, 12
<134>2021-07-15T00:40:49Z cache-del21735 MEWElogs[308969]: CROP, 1626309648352120343, DEL, 12
