<134>2021-07-14T18:03:20Z cache-itm18851 MEWElogs[370074]: FLIPH, 1626285800452959832, ITM, 10
<134>2021-07-14T18:04:04Z cache-cgh11183 MEWElogs[370074]: FLIPH, 1626285842925889066, CGH, -1
<134>2021-07-14T18:04:04Z cache-cgh11122 MEWElogs[370074]: FLIPH, 1626285843705984358, CGH, -1
<134>2021-07-14T18:04:34Z cache-hnd18722 MEWElogs[370074]: FLIPH, 1626285873332315020, HND, 10
<134>2021-07-14T18:04:46Z cache-cgh11183 MEWElogs[370074]: FLIPH, 1626285886813453445, CGH, 10
<134>2021-07-14T18:05:19Z cache-tyo11974 MEWElogs[370074]: FLIPH, 1626285918751618957, TYO, 10
<134>2021-07-14T18:05:47Z cache-bma1628 MEWElogs[370074]: FLIPH, 1626285946843864475, BMA, -1
<134>2021-07-14T18:05:49Z cache-sjc10078 MEWElogs[370074]: FLIPH, 1626285948827145101, SJC, 10
<134>2021-07-14T18:06:08Z cache-sea4483 MEWElogs[370074]: FLIPH, 1626285967529890762, SEA, -1
<134>2021-07-14T18:06:26Z cache-cgh11122 MEWElogs[370074]: FLIPH, 1626285986400154668, CGH, -1
<134>2021-07-14T18:07:38Z cache-vie21629 MEWElogs[370074]: FLIPH, 1626286057321519310, VIE, -1
<134>2021-07-14T18:07:40Z cache-cgh11183 MEWElogs[370074]: FLIPH, 1626286060335890249, CGH, 10
<134>2021-07-14T18:07:48Z cache-bma1628 MEWElogs[370074]: FLIPH, 1626286067337263944, BMA, -1
<134>2021-07-14T18:07:52Z cache-yyz4551 MEWElogs[370074]: FLIPH, 1626286072226273717, YYZ, -1
<134>2021-07-14T18:08:20Z cache-cgh11183 MEWElogs[370074]: FLIPH, 1626286100635566706, CGH, 10
<134>2021-07-14T18:08:31Z cache-cgh11183 MEWElogs[370074]: FLIPH, 1626286110895357548, CGH, 10
<134>2021-07-14T18:09:02Z cache-bma1628 MEWElogs[370074]: FLIPH, 1626286141109766594, BMA, -1
<134>2021-07-14T18:09:04Z cache-bma1628 MEWElogs[370074]: FLIPH, 1626286144241980482, BMA, 10
<134>2021-07-14T18:09:08Z cache-vie21629 MEWElogs[370074]: FLIPH, 1626286147413488303, VIE, -1
<134>2021-07-14T18:10:02Z cache-cgh11183 MEWElogs[370074]: FLIPH, 1626286202488607844, CGH, -1
<134>2021-07-14T18:10:28Z cache-yyz4551 MEWElogs[370074]: FLIPH, 1626286227594204920, YYZ, -1
<134>2021-07-14T18:11:18Z cache-cgh11183 MEWElogs[370074]: FLIPH, 1626286277376640583, CGH, 10
<134>2021-07-14T18:11:24Z cache-vie21629 MEWElogs[370074]: FLIPH, 1626286283434017411, VIE, -1
<134>2021-07-14T18:11:39Z cache-cgh11183 MEWElogs[370074]: FLIPH, 1626286298103744651, CGH, 10
<134>2021-07-14T18:11:56Z cache-cgh11183 MEWElogs[370074]: FLIPH, 1626286315955272274, CGH, -1
