<134>2021-07-15T01:54:44Z cache-lhr7382 MEWElogs[418388]: GRAY, 1626314083282235839, LHR, 13
<134>2021-07-15T01:54:47Z cache-mia11368 MEWElogs[418388]: GRAY, 1626314086714778394, MIA, 13
<134>2021-07-15T01:55:02Z cache-mia11368 MEWElogs[418388]: GRAY, 1626314102140674645, MIA, 13
<134>2021-07-15T01:55:14Z cache-dal21283 MEWElogs[418388]: GRAY, 1626314114252759343, DAL, 13
<134>2021-07-15T01:55:17Z cache-jax20933 MEWElogs[418388]: GRAY, 1626314116926859317, JAX, 13
<134>2021-07-15T01:55:26Z cache-jax20933 MEWElogs[418388]: GRAY, 1626314125616337542, JAX, 13
<134>2021-07-15T01:55:57Z cache-mci5951 MEWElogs[418388]: GRAY, 1626314156969228166, MCI, 13
<134>2021-07-15T01:56:03Z cache-lax10677 MEWElogs[418388]: GRAY, 1626314162672663067, LGB, 13
<134>2021-07-15T01:56:23Z cache-lax10677 MEWElogs[418388]: GRAY, 1626314183211407856, LGB, 13
<134>2021-07-15T01:57:26Z cache-lax10677 MEWElogs[418388]: GRAY, 1626314245698209508, LGB, 13
<134>2021-07-15T01:57:47Z cache-lax10677 MEWElogs[418388]: GRAY, 1626314266269301740, LGB, 13
<134>2021-07-15T01:58:36Z cache-stp9226 MEWElogs[418388]: GRAY, 1626314315185457687, STP, 13
<134>2021-07-15T01:58:51Z cache-man4150 MEWElogs[418388]: GRAY, 1626314331381299750, MAN, 13
<134>2021-07-15T01:58:59Z cache-mia11368 MEWElogs[418388]: GRAY, 1626314338627281407, MIA, 13
<134>2021-07-15T01:59:00Z cache-mci5951 MEWElogs[418388]: GRAY, 1626314339831480237, MCI, 13
<134>2021-07-15T01:59:19Z cache-hkg17929 MEWElogs[418388]: GRAY, 1626314358804826133, HKG, 13
<134>2021-07-15T01:59:28Z cache-mia11368 MEWElogs[418388]: GRAY, 1626314367700083460, MIA, 13
<134>2021-07-15T02:00:09Z cache-man4150 MEWElogs[418388]: GRAY, 1626314408146159623, MAN, 13
<134>2021-07-15T02:00:22Z cache-man4150 MEWElogs[418388]: GRAY, 1626314422501292536, MAN, 13
<134>2021-07-15T02:00:32Z cache-mci5951 MEWElogs[418388]: GRAY, 1626314431798812913, MCI, 13
<134>2021-07-15T02:00:52Z cache-lga21983 MEWElogs[418388]: GRAY, 1626314452455360791, LGA, 13
<134>2021-07-15T02:01:09Z cache-lax10677 MEWElogs[418388]: GRAY, 1626314468210917535, LGB, 13
<134>2021-07-15T02:01:13Z cache-lga21983 MEWElogs[418388]: GRAY, 1626314472469876054, LGA, 13
<134>2021-07-15T02:01:37Z cache-jax20933 MEWElogs[418388]: GRAY, 1626314496695320906, JAX, 13
<134>2021-07-15T02:01:41Z cache-lga21983 MEWElogs[418388]: GRAY, 1626314500906666351, LGA, 13
<134>2021-07-15T02:01:54Z cache-hkg17929 MEWElogs[418388]: GRAY, 1626314513450260125, HKG, 13
<134>2021-07-15T02:01:55Z cache-lga21983 MEWElogs[418388]: GRAY, 1626314514621553833, LGA, 13
<134>2021-07-15T02:02:04Z cache-lax10677 MEWElogs[418388]: GRAY, 1626314524536839030, LGB, 13
<134>2021-07-15T02:02:11Z cache-mia11368 MEWElogs[418388]: GRAY, 1626314531244131924, MIA, 13
<134>2021-07-15T02:02:34Z cache-mia11368 MEWElogs[418388]: GRAY, 1626314553934698023, MIA, 13
<134>2021-07-15T02:02:52Z cache-ewr18156 MEWElogs[418388]: GRAY, 1626314571682151721, EWR, 13
<134>2021-07-15T02:03:11Z cache-yul12826 MEWElogs[418388]: GRAY, 1626314590678542677, YUL, 13
<134>2021-07-15T02:03:17Z cache-ewr18156 MEWElogs[418388]: GRAY, 1626314596690829705, EWR, 13
<134>2021-07-15T02:03:41Z cache-mel11272 MEWElogs[418388]: GRAY, 1626314620792942884, MEL, 13
<134>2021-07-15T02:04:17Z cache-lax10677 MEWElogs[418388]: GRAY, 1626314656797225366, LGB, 13
<134>2021-07-15T02:04:36Z cache-cdg20720 MEWElogs[418388]: GRAY, 1626314675222265541, CDG, 13
