<134>2021-07-15T02:12:41Z cache-pao17461 MEWElogs[464521]: GRAY, 1626315160211679475, PAO, 13
<134>2021-07-15T02:12:42Z cache-syd10183 MEWElogs[464521]: GRAY, 1626315161368114724, SYD, 13
<134>2021-07-15T02:12:44Z cache-hnd18722 MEWElogs[464521]: GRAY, 1626315164037228467, HND, 13
<134>2021-07-15T02:12:53Z cache-itm18851 MEWElogs[464521]: GRAY, 1626315172689339839, ITM, 13
<134>2021-07-15T02:13:08Z cache-cgh11122 MEWElogs[464521]: GRAY, 1626315188348849926, CGH, 13
<134>2021-07-15T02:13:08Z cache-itm18851 MEWElogs[464521]: GRAY, 1626315188191108590, ITM, 13
<134>2021-07-15T02:13:13Z cache-gru17149 MEWElogs[464521]: GRAY, 1626315192798137866, GRU, 13
<134>2021-07-15T02:13:19Z cache-bom4751 MEWElogs[464521]: GRAY, 1626315198929729935, BOM, 13
<134>2021-07-15T02:13:30Z cache-stl4834 MEWElogs[464521]: GRAY, 1626315209978221459, STL, 13
<134>2021-07-15T02:13:49Z cache-hnd18722 MEWElogs[464521]: GRAY, 1626315228677343620, HND, 13
<134>2021-07-15T02:13:52Z cache-stl4834 MEWElogs[464521]: GRAY, 1626315231144680271, STL, 13
<134>2021-07-15T02:14:29Z cache-gru17149 MEWElogs[464521]: GRAY, 1626315268607516547, GRU, 13
<134>2021-07-15T02:14:43Z cache-cgh11122 MEWElogs[464521]: GRAY, 1626315282920348157, CGH, 13
<134>2021-07-15T02:14:45Z cache-scl19427 MEWElogs[464521]: GRAY, 1626315284811888379, SCL, 13
<134>2021-07-15T02:15:16Z cache-stl4834 MEWElogs[464521]: GRAY, 1626315315268720730, STL, 13
<134>2021-07-15T02:15:51Z cache-gru17149 MEWElogs[464521]: GRAY, 1626315350894544597, GRU, 13
<134>2021-07-15T02:15:59Z cache-scl19427 MEWElogs[464521]: GRAY, 1626315359740046695, SCL, 13
<134>2021-07-15T02:16:08Z cache-scl19427 MEWElogs[464521]: GRAY, 1626315367893693934, SCL, 13
<134>2021-07-15T02:16:15Z cache-gig17035 MEWElogs[464521]: GRAY, 1626315374899256925, GIG, 13
<134>2021-07-15T02:16:25Z cache-cgh11122 MEWElogs[464521]: GRAY, 1626315384751413122, CGH, 13
<134>2021-07-15T02:16:30Z cache-bom4751 MEWElogs[464521]: GRAY, 1626315389468908418, BOM, 13
<134>2021-07-15T02:16:36Z cache-syd10183 MEWElogs[464521]: GRAY, 1626315395508545395, SYD, 13
<134>2021-07-15T02:16:36Z cache-gru17149 MEWElogs[464521]: GRAY, 1626315395198618092, GRU, 13
<134>2021-07-15T02:16:49Z cache-scl19427 MEWElogs[464521]: GRAY, 1626315409367835615, SCL, 13
<134>2021-07-15T02:16:52Z cache-cgh11122 MEWElogs[464521]: GRAY, 1626315411647896178, CGH, 13
<134>2021-07-15T02:17:13Z cache-cgh11122 MEWElogs[464521]: GRAY, 1626315432135226394, CGH, 13
<134>2021-07-15T02:17:24Z cache-itm18851 MEWElogs[464521]: GRAY, 1626315443957838312, ITM, 13
<134>2021-07-15T02:17:28Z cache-hnd18722 MEWElogs[464521]: GRAY, 1626315447988614505, HND, 13
<134>2021-07-15T02:17:31Z cache-pao17461 MEWElogs[464521]: GRAY, 1626315450654316444, PAO, 13
<134>2021-07-15T02:18:01Z cache-sea4483 MEWElogs[464521]: GRAY, 1626315480026918985, SEA, 13
<134>2021-07-15T02:18:18Z cache-stl4834 MEWElogs[464521]: GRAY, 1626315497444285710, STL, 13
<134>2021-07-15T02:19:21Z cache-stl4834 MEWElogs[464521]: GRAY, 1626315560840794925, STL, 13
<134>2021-07-15T02:19:28Z cache-sea4483 MEWElogs[464521]: GRAY, 1626315568576440300, SEA, 13
<134>2021-07-15T02:19:36Z cache-itm18851 MEWElogs[464521]: GRAY, 1626315574932590348, ITM, 13
<134>2021-07-15T02:19:43Z cache-itm18851 MEWElogs[464521]: GRAY, 1626315582287368955, ITM, 13
<134>2021-07-15T02:19:43Z cache-pao17461 MEWElogs[464521]: GRAY, 1626315582897147870, PAO, 13
<134>2021-07-15T02:20:28Z cache-cgh11122 MEWElogs[464521]: GRAY, 1626315628108654829, CGH, 13
<134>2021-07-15T02:21:14Z cache-syd10183 MEWElogs[464521]: GRAY, 1626315673728533897, SYD, 13
<134>2021-07-15T02:21:23Z cache-hnd18722 MEWElogs[464521]: GRAY, 1626315682983073762, HND, 13
<134>2021-07-15T02:21:27Z cache-pao17461 MEWElogs[464521]: GRAY, 1626315686861015283, PAO, 13
<134>2021-07-15T02:21:43Z cache-bma1628 MEWElogs[464521]: GRAY, 1626315702452450445, BMA, 13
<134>2021-07-15T02:21:51Z cache-sea4483 MEWElogs[464521]: GRAY, 1626315711246412173, SEA, 13
<134>2021-07-15T02:21:57Z cache-cgh11122 MEWElogs[464521]: GRAY, 1626315716769674190, CGH, 13
<134>2021-07-15T02:22:39Z cache-cgh11183 MEWElogs[464521]: GRAY, 1626315758192253844, CGH, 13
