<134>2021-07-15T01:00:34Z cache-itm18851 MEWElogs[390968]: CROP, 1626310834327758632, ITM, 12
<134>2021-07-15T01:00:37Z cache-stl4834 MEWElogs[390968]: CROP, 1626310836890523644, STL, 12
<134>2021-07-15T01:00:43Z cache-pao17461 MEWElogs[390968]: CROP, 1626310842575215734, PAO, 12
<134>2021-07-15T01:00:45Z cache-itm18851 MEWElogs[390968]: CROP, 1626310844097344444, ITM, 12
<134>2021-07-15T01:01:00Z cache-itm18851 MEWElogs[390968]: CROP, 1626310858959220721, ITM, 12
<134>2021-07-15T01:01:09Z cache-itm18851 MEWElogs[390968]: CROP, 1626310868535933059, ITM, 12
<134>2021-07-15T01:01:11Z cache-cgh11122 MEWElogs[390968]: CROP, 1626310871692354321, CGH, 12
<134>2021-07-15T01:01:21Z cache-scl19427 MEWElogs[390968]: CROP, 1626310880249855633, SCL, 12
<134>2021-07-15T01:01:55Z cache-gru17149 MEWElogs[390968]: CROP, 1626310914570056489, GRU, 12
<134>2021-07-15T01:01:57Z cache-cgh11122 MEWElogs[390968]: CROP, 1626310916750314267, CGH, 12
<134>2021-07-15T01:02:02Z cache-bom4751 MEWElogs[390968]: CROP, 1626310921064799677, BOM, 12
<134>2021-07-15T01:02:11Z cache-gig17035 MEWElogs[390968]: CROP, 1626310931267048976, GIG, 12
<134>2021-07-15T01:02:22Z cache-itm18851 MEWElogs[390968]: CROP, 1626310941213066227, ITM, 12
<134>2021-07-15T01:02:33Z cache-pao17461 MEWElogs[390968]: CROP, 1626310952816905569, PAO, 12
<134>2021-07-15T01:02:40Z cache-syd10183 MEWElogs[390968]: CROP, 1626310959305639967, SYD, 12
<134>2021-07-15T01:02:42Z cache-pao17461 MEWElogs[390968]: CROP, 1626310961225959239, PAO, 12
<134>2021-07-15T01:02:43Z cache-gig17035 MEWElogs[390968]: CROP, 1626310962307911822, GIG, 12
<134>2021-07-15T01:02:49Z cache-syd10183 MEWElogs[390968]: CROP, 1626310968872017798, SYD, 12
<134>2021-07-15T01:02:50Z cache-hnd18722 MEWElogs[390968]: CROP, 1626310969703522761, HND, 12
<134>2021-07-15T01:03:07Z cache-pao17461 MEWElogs[390968]: CROP, 1626310986891393836, PAO, 12
<134>2021-07-15T01:03:16Z cache-cgh11122 MEWElogs[390968]: CROP, 1626310995967331579, CGH, 12
<134>2021-07-15T01:03:23Z cache-syd10183 MEWElogs[390968]: CROP, 1626311001988405150, SYD, 12
<134>2021-07-15T01:03:27Z cache-hnd18722 MEWElogs[390968]: CROP, 1626311006428076135, HND, 12
<134>2021-07-15T01:03:28Z cache-gig17035 MEWElogs[390968]: CROP, 1626311008128359879, GIG, 12
<134>2021-07-15T01:03:30Z cache-itm18851 MEWElogs[390968]: CROP, 1626311009616684297, ITM, 12
<134>2021-07-15T01:03:35Z cache-bma1628 MEWElogs[390968]: CROP, 1626311014554303859, BMA, 12
<134>2021-07-15T01:03:38Z cache-sjc10078 MEWElogs[390968]: CROP, 1626311017765401842, SJC, 12
<134>2021-07-15T01:03:44Z cache-bma1628 MEWElogs[390968]: CROP, 1626311023355764746, BMA, 12
<134>2021-07-15T01:04:01Z cache-cgh11122 MEWElogs[390968]: CROP, 1626311040576352250, CGH, 12
<134>2021-07-15T01:04:05Z cache-scl19427 MEWElogs[390968]: CROP, 1626311045206475859, SCL, 12
<134>2021-07-15T01:04:09Z cache-sjc10078 MEWElogs[390968]: CROP, 1626311048513954261, SJC, 12
<134>2021-07-15T01:04:27Z cache-sea4483 MEWElogs[390968]: CROP, 1626311066465129128, SEA, 12
<134>2021-07-15T01:04:50Z cache-hnd18722 MEWElogs[390968]: CROP, 1626311090262450145, HND, 12
<134>2021-07-15T01:04:59Z cache-cgh11183 MEWElogs[390968]: CROP, 1626311098893543069, CGH, 12
<134>2021-07-15T01:05:16Z cache-bma1628 MEWElogs[390968]: CROP, 1626311115160092417, BMA, 12
<134>2021-07-15T01:05:32Z cache-tyo11974 MEWElogs[390968]: CROP, 1626311131310543286, TYO, 12
<134>2021-07-15T01:06:03Z cache-bma1628 MEWElogs[390968]: CROP, 1626311162304822205, BMA, 12
<134>2021-07-15T01:06:23Z cache-bma1628 MEWElogs[390968]: CROP, 1626311183507931487, BMA, 12
<134>2021-07-15T01:06:28Z cache-yyz4551 MEWElogs[390968]: CROP, 1626311187864012662, YYZ, 12
<134>2021-07-15T01:06:53Z cache-cgh11183 MEWElogs[390968]: CROP, 1626311213541283223, CGH, 12
<134>2021-07-15T01:07:14Z cache-sjc10078 MEWElogs[390968]: CROP, 1626311233551095389, SJC, 12
<134>2021-07-15T01:07:14Z cache-sea4483 MEWElogs[390968]: CROP, 1626311233981486318, SEA, 12
<134>2021-07-15T01:07:33Z cache-sea4483 MEWElogs[390968]: CROP, 1626311252982176903, SEA, 12
<134>2021-07-15T01:07:38Z cache-bma1628 MEWElogs[390968]: CROP, 1626311257448823383, BMA, 12
<134>2021-07-15T01:07:39Z cache-cgh11183 MEWElogs[390968]: CROP, 1626311258698733020, CGH, 12
<134>2021-07-15T01:08:34Z cache-yyz4551 MEWElogs[390968]: CROP, 1626311313995694924, YYZ, 12
<134>2021-07-15T01:09:01Z cache-sjc10078 MEWElogs[390968]: CROP, 1626311340947762979, SJC, 12
<134>2021-07-15T01:09:17Z cache-cgh11183 MEWElogs[390968]: CROP, 1626311356357168808, CGH, 12
<134>2021-07-15T01:10:02Z cache-yyz4551 MEWElogs[390968]: CROP, 1626311402463639326, YYZ, 12
<134>2021-07-15T01:10:22Z cache-sjc10078 MEWElogs[390968]: CROP, 1626311422393608718, SJC, 12
