<134>2021-07-15T01:53:05Z cache-dal21283 MEWElogs[308969]: GRAY, 1626313985053408516, DAL, 13
<134>2021-07-15T01:53:14Z cache-iah17271 MEWElogs[308969]: GRAY, 1626313993967388293, IAH, 13
<134>2021-07-15T01:53:29Z cache-iah17271 MEWElogs[308969]: GRAY, 1626314008933954023, IAH, 13
<134>2021-07-15T01:53:39Z cache-bur17583 MEWElogs[308969]: GRAY, 1626314018467686066, BUR, 13
<134>2021-07-15T01:54:30Z cache-mrs10583 MEWElogs[308969]: GRAY, 1626314069161896511, MRS, 13
<134>2021-07-15T01:54:34Z cache-lhr7382 MEWElogs[308969]: GRAY, 1626314073839890578, LHR, 13
<134>2021-07-15T01:54:37Z cache-man4150 MEWElogs[308969]: GRAY, 1626314076467011453, MAN, 13
<134>2021-07-15T01:55:05Z cache-stp9226 MEWElogs[308969]: GRAY, 1626314104638953625, STP, 13
<134>2021-07-15T01:55:20Z cache-lhr7382 MEWElogs[308969]: GRAY, 1626314120495089721, LHR, 13
<134>2021-07-15T01:55:31Z cache-mrs10583 MEWElogs[308969]: GRAY, 1626314130653055879, MRS, 13
<134>2021-07-15T01:55:42Z cache-lax10677 MEWElogs[308969]: GRAY, 1626314141480541439, LGB, 13
<134>2021-07-15T01:55:48Z cache-mia11368 MEWElogs[308969]: GRAY, 1626314147493069324, MIA, 13
<134>2021-07-15T01:56:31Z cache-lax10677 MEWElogs[308969]: GRAY, 1626314190242607164, LGB, 13
<134>2021-07-15T01:56:42Z cache-man4150 MEWElogs[308969]: GRAY, 1626314201273755122, MAN, 13
<134>2021-07-15T01:56:48Z cache-mrs10583 MEWElogs[308969]: GRAY, 1626314207132303420, MRS, 13
<134>2021-07-15T01:56:58Z cache-lax10677 MEWElogs[308969]: GRAY, 1626314217709797554, LGB, 13
<134>2021-07-15T01:57:02Z cache-jax20933 MEWElogs[308969]: GRAY, 1626314221577365241, JAX, 13
<134>2021-07-15T01:57:19Z cache-lax10677 MEWElogs[308969]: GRAY, 1626314238701702431, LGB, 13
<134>2021-07-15T01:57:21Z cache-mrs10583 MEWElogs[308969]: GRAY, 1626314240528142741, MRS, 13
<134>2021-07-15T01:57:33Z cache-hkg17929 MEWElogs[308969]: GRAY, 1626314252484347228, HKG, 13
<134>2021-07-15T01:57:48Z cache-hkg17929 MEWElogs[308969]: GRAY, 1626314267811865436, HKG, 13
<134>2021-07-15T01:57:56Z cache-hkg17929 MEWElogs[308969]: GRAY, 1626314275511145701, HKG, 13
<134>2021-07-15T01:57:59Z cache-mrs10583 MEWElogs[308969]: GRAY, 1626314278473208628, MRS, 13
<134>2021-07-15T01:58:08Z cache-mia11368 MEWElogs[308969]: GRAY, 1626314287531699596, MIA, 13
<134>2021-07-15T01:58:30Z cache-mia11368 MEWElogs[308969]: GRAY, 1626314309037790561, MIA, 13
<134>2021-07-15T01:58:32Z cache-mrs10583 MEWElogs[308969]: GRAY, 1626314311712343036, MRS, 13
<134>2021-07-15T01:59:06Z cache-man4150 MEWElogs[308969]: GRAY, 1626314345665428050, MAN, 13
<134>2021-07-15T01:59:07Z cache-lga21983 MEWElogs[308969]: GRAY, 1626314346925511618, LGA, 13
<134>2021-07-15T02:00:10Z cache-mci5951 MEWElogs[308969]: GRAY, 1626314410189599202, MCI, 13
<134>2021-07-15T02:00:12Z cache-lax10677 MEWElogs[308969]: GRAY, 1626314411980867621, LGB, 13
<134>2021-07-15T02:00:51Z cache-stp9226 MEWElogs[308969]: GRAY, 1626314450332160824, STP, 13
<134>2021-07-15T02:01:00Z cache-mci5951 MEWElogs[308969]: GRAY, 1626314459698166613, MCI, 13
<134>2021-07-15T02:01:06Z cache-mci5951 MEWElogs[308969]: GRAY, 1626314466794474007, MCI, 13
<134>2021-07-15T02:01:11Z cache-mia11368 MEWElogs[308969]: GRAY, 1626314470775492069, MIA, 13
<134>2021-07-15T02:01:19Z cache-jax20933 MEWElogs[308969]: GRAY, 1626314478339806649, JAX, 13
<134>2021-07-15T02:01:26Z cache-mia11368 MEWElogs[308969]: GRAY, 1626314486112863816, MIA, 13
<134>2021-07-15T02:01:34Z cache-lga21983 MEWElogs[308969]: GRAY, 1626314494149333292, LGA, 13
<134>2021-07-15T02:01:46Z cache-hkg17929 MEWElogs[308969]: GRAY, 1626314505842394199, HKG, 13
<134>2021-07-15T02:01:55Z cache-jax20933 MEWElogs[308969]: GRAY, 1626314514871188572, JAX, 13
<134>2021-07-15T02:02:09Z cache-lga21983 MEWElogs[308969]: GRAY, 1626314528320713288, LGA, 13
<134>2021-07-15T02:02:19Z cache-mci5951 MEWElogs[308969]: GRAY, 1626314539034849119, MCI, 13
<134>2021-07-15T02:02:34Z cache-mci5951 MEWElogs[308969]: GRAY, 1626314553490306177, MCI, 13
