<134>2021-07-15T05:07:52Z cache-osl6529 MEWElogs[400146]: ROTATE, 1626325671813184298, OSL, 15
<134>2021-07-15T05:08:40Z cache-osl6529 MEWElogs[400146]: ROTATE, 1626325719146546275, OSL, 15
<134>2021-07-15T05:09:55Z cache-lax10677 MEWElogs[400146]: ROTATE, 1626325794959115933, LGB, 15
<134>2021-07-15T05:09:55Z cache-bom4751 MEWElogs[400146]: ROTATE, 1626325794794134521, BOM, 15
<134>2021-07-15T05:10:28Z cache-osl6529 MEWElogs[400146]: ROTATE, 1626325828467653832, OSL, 15
<134>2021-07-15T05:10:47Z cache-cdg20720 MEWElogs[400146]: ROTATE, 1626325846590292129, CDG, 15
<134>2021-07-15T05:10:53Z cache-lax10677 MEWElogs[400146]: ROTATE, 1626325853014732972, LGB, 15
<134>2021-07-15T05:11:05Z cache-lax10677 MEWElogs[400146]: ROTATE, 1626325864393245175, LGB, 15
<134>2021-07-15T05:11:07Z cache-ewr18156 MEWElogs[400146]: ROTATE, 1626325866733292712, EWR, 15
<134>2021-07-15T05:11:26Z cache-lga21983 MEWElogs[400146]: ROTATE, 1626325885205410623, LGA, 15
<134>2021-07-15T05:11:32Z cache-osl6529 MEWElogs[400146]: ROTATE, 1626325891304082192, OSL, 15
<134>2021-07-15T05:11:50Z cache-gru17149 MEWElogs[400146]: ROTATE, 1626325909220520263, GRU, 15
<134>2021-07-15T05:11:52Z cache-scl19427 MEWElogs[400146]: ROTATE, 1626325911182855272, SCL, 15
<134>2021-07-15T05:11:57Z cache-bom4751 MEWElogs[400146]: ROTATE, 1626325916770034108, BOM, 15
<134>2021-07-15T05:12:15Z cache-scl19427 MEWElogs[400146]: ROTATE, 1626325934139090678, SCL, 15
<134>2021-07-15T05:13:07Z cache-gru17149 MEWElogs[400146]: ROTATE, 1626325986404942243, GRU, 15
<134>2021-07-15T05:13:50Z cache-bom4751 MEWElogs[400146]: ROTATE, 1626326029358824017, BOM, 15
<134>2021-07-15T05:14:17Z cache-bom4751 MEWElogs[400146]: ROTATE, 1626326057360242068, BOM, 15
<134>2021-07-15T05:14:20Z cache-mel11272 MEWElogs[400146]: ROTATE, 1626326059367250013, MEL, 15
<134>2021-07-15T05:14:46Z cache-cdg20720 MEWElogs[400146]: ROTATE, 1626326085954799422, CDG, 15
<134>2021-07-15T05:15:50Z cache-cdg20720 MEWElogs[400146]: ROTATE, 1626326149928702545, CDG, 15
<134>2021-07-15T05:15:57Z cache-stl4834 MEWElogs[400146]: ROTATE, 1626326156385007393, STL, 15
<134>2021-07-15T05:16:00Z cache-osl6529 MEWElogs[400146]: ROTATE, 1626326158988482924, OSL, 15
<134>2021-07-15T05:16:24Z cache-osl6529 MEWElogs[400146]: ROTATE, 1626326183234254471, OSL, 15
<134>2021-07-15T05:16:37Z cache-bom4751 MEWElogs[400146]: ROTATE, 1626326197022667379, BOM, 15
<134>2021-07-15T05:16:41Z cache-stl4834 MEWElogs[400146]: ROTATE, 1626326200637539700, STL, 15
<134>2021-07-15T05:16:52Z cache-scl19427 MEWElogs[400146]: ROTATE, 1626326212299344242, SCL, 15
<134>2021-07-15T05:16:53Z cache-itm18851 MEWElogs[400146]: ROTATE, 1626326213055349750, ITM, 15
<134>2021-07-15T05:16:54Z cache-lax10677 MEWElogs[400146]: ROTATE, 1626326214179947809, LGB, 15
<134>2021-07-15T05:17:27Z cache-gig17035 MEWElogs[400146]: ROTATE, 1626326246557185267, GIG, 15
