<134>2021-07-14T17:52:52Z cache-gru17149 MEWElogs[400146]: FLIPH, 1626285171596211566, GRU, -1
<134>2021-07-14T17:53:05Z cache-cgh11122 MEWElogs[400146]: FLIPH, 1626285184574459234, CGH, 10
<134>2021-07-14T17:53:14Z cache-gig17035 MEWElogs[400146]: FLIPH, 1626285194233848800, GIG, 10
<134>2021-07-14T17:53:21Z cache-scl19427 MEWElogs[400146]: FLIPH, 1626285200861523866, SCL, -1
<134>2021-07-14T17:53:34Z cache-gig17035 MEWElogs[400146]: FLIPH, 1626285214418711804, GIG, -1
<134>2021-07-14T17:53:53Z cache-stl4834 MEWElogs[400146]: FLIPH, 1626285232657958152, STL, -1
<134>2021-07-14T17:53:57Z cache-stl4834 MEWElogs[400146]: FLIPH, 1626285235991631143, STL, 10
<134>2021-07-14T17:54:07Z cache-cgh11122 MEWElogs[400146]: FLIPH, 1626285246761757330, CGH, 10
<134>2021-07-14T17:54:16Z cache-itm18851 MEWElogs[400146]: FLIPH, 1626285255634801173, ITM, -1
<134>2021-07-14T17:54:17Z cache-stl4834 MEWElogs[400146]: FLIPH, 1626285256868299889, STL, 10
<134>2021-07-14T17:54:21Z cache-scl19427 MEWElogs[400146]: FLIPH, 1626285261177038680, SCL, -1
<134>2021-07-14T17:54:21Z cache-gru17149 MEWElogs[400146]: FLIPH, 1626285260584048627, GRU, 10
<134>2021-07-14T17:54:46Z cache-scl19427 MEWElogs[400146]: FLIPH, 1626285285243258917, SCL, -1
<134>2021-07-14T17:54:55Z cache-hnd18722 MEWElogs[400146]: FLIPH, 1626285294875933696, HND, -1
<134>2021-07-14T17:54:58Z cache-pao17461 MEWElogs[400146]: FLIPH, 1626285298644420677, PAO, 10
<134>2021-07-14T17:55:08Z cache-cgh11122 MEWElogs[400146]: FLIPH, 1626285308036371173, CGH, 10
<134>2021-07-14T17:55:21Z cache-itm18851 MEWElogs[400146]: FLIPH, 1626285320890933890, ITM, 10
<134>2021-07-14T17:55:25Z cache-sjc10078 MEWElogs[400146]: FLIPH, 1626285324627715456, SJC, -1
<134>2021-07-14T17:55:26Z cache-tyo11974 MEWElogs[400146]: FLIPH, 1626285325241745436, TYO, 10
<134>2021-07-14T17:55:38Z cache-pao17461 MEWElogs[400146]: FLIPH, 1626285337616637075, PAO, -1
<134>2021-07-14T17:55:41Z cache-pao17461 MEWElogs[400146]: FLIPH, 1626285340854881434, PAO, 10
<134>2021-07-14T17:55:49Z cache-itm18851 MEWElogs[400146]: FLIPH, 1626285349797415971, ITM, -1
<134>2021-07-14T17:55:56Z cache-cgh11122 MEWElogs[400146]: FLIPH, 1626285355798235349, CGH, -1
<134>2021-07-14T17:56:20Z cache-hnd18722 MEWElogs[400146]: FLIPH, 1626285379474064994, HND, -1
<134>2021-07-14T17:56:22Z cache-tyo11974 MEWElogs[400146]: FLIPH, 1626285381425056913, TYO, 10
<134>2021-07-14T17:56:31Z cache-tyo11974 MEWElogs[400146]: FLIPH, 1626285390835412027, TYO, 10
<134>2021-07-14T17:57:14Z cache-itm18851 MEWElogs[400146]: FLIPH, 1626285433396089677, ITM, -1
<134>2021-07-14T17:57:21Z cache-sjc10078 MEWElogs[400146]: FLIPH, 1626285440975586951, SJC, 10
<134>2021-07-14T17:57:23Z cache-pao17461 MEWElogs[400146]: FLIPH, 1626285442005353350, PAO, -1
<134>2021-07-14T17:57:26Z cache-hnd18722 MEWElogs[400146]: FLIPH, 1626285445769980219, HND, 10
<134>2021-07-14T17:57:27Z cache-sea4483 MEWElogs[400146]: FLIPH, 1626285446362428592, SEA, 10
<134>2021-07-14T17:57:31Z cache-sjc10078 MEWElogs[400146]: FLIPH, 1626285451203865192, SJC, 10
<134>2021-07-14T17:57:34Z cache-sea4483 MEWElogs[400146]: FLIPH, 1626285454031403955, SEA, -1
<134>2021-07-14T17:57:42Z cache-stl4834 MEWElogs[400146]: FLIPH, 1626285461509516046, STL, -1
<134>2021-07-14T17:58:10Z cache-sea4483 MEWElogs[400146]: FLIPH, 1626285489767096490, SEA, 10
<134>2021-07-14T17:58:16Z cache-itm18851 MEWElogs[400146]: FLIPH, 1626285495155111984, ITM, -1
<134>2021-07-14T17:58:17Z cache-sea4483 MEWElogs[400146]: FLIPH, 1626285497240404266, SEA, -1
<134>2021-07-14T17:58:27Z cache-stl4834 MEWElogs[400146]: FLIPH, 1626285506648062263, STL, 10
<134>2021-07-14T17:58:38Z cache-cgh11183 MEWElogs[400146]: FLIPH, 1626285517875850776, CGH, -1
<134>2021-07-14T17:58:45Z cache-pao17461 MEWElogs[400146]: FLIPH, 1626285524829433679, PAO, -1
<134>2021-07-14T17:58:53Z cache-sea4483 MEWElogs[400146]: FLIPH, 1626285533167435555, SEA, 10
<134>2021-07-14T17:58:55Z cache-stl4834 MEWElogs[400146]: FLIPH, 1626285534336206614, STL, -1
<134>2021-07-14T17:59:06Z cache-sjc10078 MEWElogs[400146]: FLIPH, 1626285545534759423, SJC, 10
<134>2021-07-14T17:59:08Z cache-stl4834 MEWElogs[400146]: FLIPH, 1626285548055248408, STL, 10
<134>2021-07-14T17:59:18Z cache-cgh11122 MEWElogs[400146]: FLIPH, 1626285557625055975, CGH, -1
<134>2021-07-14T17:59:19Z cache-pao17461 MEWElogs[400146]: FLIPH, 1626285559081501955, PAO, 10
<134>2021-07-14T17:59:31Z cache-tyo11974 MEWElogs[400146]: FLIPH, 1626285569972298130, TYO, -1
<134>2021-07-14T17:59:31Z cache-cgh11183 MEWElogs[400146]: FLIPH, 1626285571030593227, CGH, 10
<134>2021-07-14T17:59:37Z cache-stl4834 MEWElogs[400146]: FLIPH, 1626285576580830286, STL, -1
<134>2021-07-14T17:59:51Z cache-tyo11974 MEWElogs[400146]: FLIPH, 1626285590184377831, TYO, 10
<134>2021-07-14T18:00:21Z cache-pao17461 MEWElogs[400146]: FLIPH, 1626285621373665807, PAO, 10
<134>2021-07-14T18:00:28Z cache-sea4483 MEWElogs[400146]: FLIPH, 1626285628223148792, SEA, -1
<134>2021-07-14T18:00:30Z cache-cgh11183 MEWElogs[400146]: FLIPH, 1626285629263043647, CGH, -1
<134>2021-07-14T18:00:32Z cache-stl4834 MEWElogs[400146]: FLIPH, 1626285631524945620, STL, 10
<134>2021-07-14T18:00:32Z cache-cgh11122 MEWElogs[400146]: FLIPH, 1626285631913163262, CGH, 10
<134>2021-07-14T18:00:43Z cache-sea4483 MEWElogs[400146]: FLIPH, 1626285642453303119, SEA, 10
<134>2021-07-14T18:01:01Z cache-sea4483 MEWElogs[400146]: FLIPH, 1626285660533584558, SEA, -1
<134>2021-07-14T18:01:13Z cache-cgh11183 MEWElogs[400146]: FLIPH, 1626285672933901722, CGH, 10
<134>2021-07-14T18:01:26Z cache-bma1628 MEWElogs[400146]: FLIPH, 1626285685897796275, BMA, -1
<134>2021-07-14T18:01:33Z cache-cgh11183 MEWElogs[400146]: FLIPH, 1626285692878029411, CGH, 10
<134>2021-07-14T18:01:40Z cache-tyo11974 MEWElogs[400146]: FLIPH, 1626285699143965132, TYO, 10
<134>2021-07-14T18:01:53Z cache-pao17461 MEWElogs[400146]: FLIPH, 1626285712975140483, PAO, -1
<134>2021-07-14T18:01:57Z cache-pao17461 MEWElogs[400146]: FLIPH, 1626285716125060516, PAO, 10
<134>2021-07-14T18:02:00Z cache-cgh11183 MEWElogs[400146]: FLIPH, 1626285720307689895, CGH, -1
<134>2021-07-14T18:02:41Z cache-tyo11974 MEWElogs[400146]: FLIPH, 1626285760116652516, TYO, -1
<134>2021-07-14T18:02:41Z cache-cgh11183 MEWElogs[400146]: FLIPH, 1626285760743103498, CGH, -1
