<134>2021-07-15T01:31:35Z cache-cmh21547 MEWElogs[334804]: GRAY, 1626312695063945695, CMH, 13
<134>2021-07-15T01:31:49Z cache-chi21126 MEWElogs[334804]: GRAY, 1626312708289076812, CHI, 13
<134>2021-07-15T01:32:04Z cache-mdw17383 MEWElogs[334804]: GRAY, 1626312723866857822, MDW, 13
<134>2021-07-15T01:32:05Z cache-fty21383 MEWElogs[334804]: GRAY, 1626312724130378800, FTY, 13
<134>2021-07-15T01:32:12Z cache-mdw17383 MEWElogs[334804]: GRAY, 1626312731502209289, MDW, 13
<134>2021-07-15T01:32:20Z cache-fty21383 MEWElogs[334804]: GRAY, 1626312739910610527, FTY, 13
<134>2021-07-15T01:32:33Z cache-akl10324 MEWElogs[334804]: GRAY, 1626312752550181929, AKL, 13
<134>2021-07-15T01:32:34Z cache-bog6425 MEWElogs[334804]: GRAY, 1626312753742165626, BOG, 13
<134>2021-07-15T01:33:34Z cache-cph20625 MEWElogs[334804]: GRAY, 1626312813345323379, CPH, 13
<134>2021-07-15T01:33:58Z cache-chi21126 MEWElogs[334804]: GRAY, 1626312837299927838, CHI, 13
<134>2021-07-15T01:34:04Z cache-chi21126 MEWElogs[334804]: GRAY, 1626312844393409306, CHI, 13
<134>2021-07-15T01:34:09Z cache-del21735 MEWElogs[334804]: GRAY, 1626312848923881282, DEL, 13
<134>2021-07-15T01:34:13Z cache-fty21383 MEWElogs[334804]: GRAY, 1626312852097750058, FTY, 13
<134>2021-07-15T01:34:15Z cache-eze19324 MEWElogs[334804]: GRAY, 1626312854713468971, EZE, 13
<134>2021-07-15T01:34:27Z cache-akl10324 MEWElogs[334804]: GRAY, 1626312866200672624, AKL, 13
<134>2021-07-15T01:34:55Z cache-fty21383 MEWElogs[334804]: GRAY, 1626312894260642809, FTY, 13
<134>2021-07-15T01:35:02Z cache-pwk4920 MEWElogs[334804]: GRAY, 1626312902505375949, PWK, 13
<134>2021-07-15T01:35:16Z cache-akl10324 MEWElogs[334804]: GRAY, 1626312915695906725, AKL, 13
<134>2021-07-15T01:35:52Z cache-bos4657 MEWElogs[334804]: GRAY, 1626312952187578331, BOS, 13
<134>2021-07-15T01:36:30Z cache-bos4657 MEWElogs[334804]: GRAY, 1626312989576628358, BOS, 13
<134>2021-07-15T01:36:41Z cache-fra19177 MEWElogs[334804]: GRAY, 1626313000834246933, FRA, 13
<134>2021-07-15T01:36:57Z cache-del21735 MEWElogs[334804]: GRAY, 1626313015877072871, DEL, 13
<134>2021-07-15T01:37:02Z cache-chi21126 MEWElogs[334804]: GRAY, 1626313022466382690, CHI, 13
<134>2021-07-15T01:37:29Z cache-fty21383 MEWElogs[334804]: GRAY, 1626313048778528335, FTY, 13
<134>2021-07-15T01:38:12Z cache-cph20625 MEWElogs[334804]: GRAY, 1626313092420090957, CPH, 13
<134>2021-07-15T01:38:35Z cache-akl10324 MEWElogs[334804]: GRAY, 1626313115661819592, AKL, 13
<134>2021-07-15T01:38:39Z cache-pwk4920 MEWElogs[334804]: GRAY, 1626313118652413581, PWK, 13
<134>2021-07-15T01:38:44Z cache-cph20625 MEWElogs[334804]: GRAY, 1626313123900315610, CPH, 13
<134>2021-07-15T01:39:07Z cache-hhn4077 MEWElogs[334804]: GRAY, 1626313146794113191, HHN, 13
<134>2021-07-15T01:39:20Z cache-fty21383 MEWElogs[334804]: GRAY, 1626313159740655632, FTY, 13
<134>2021-07-15T01:39:28Z cache-cph20625 MEWElogs[334804]: GRAY, 1626313167808326743, CPH, 13
<134>2021-07-15T01:39:36Z cache-fra19177 MEWElogs[334804]: GRAY, 1626313175390000652, FRA, 13
<134>2021-07-15T01:39:50Z cache-del21735 MEWElogs[334804]: GRAY, 1626313188843426180, DEL, 13
<134>2021-07-15T01:40:13Z cache-del21735 MEWElogs[334804]: GRAY, 1626313211888907612, DEL, 13
<134>2021-07-15T01:40:45Z cache-hhn4077 MEWElogs[334804]: GRAY, 1626313245506780329, HHN, 13
<134>2021-07-15T01:40:53Z cache-del21735 MEWElogs[334804]: GRAY, 1626313252662495812, DEL, 13
<134>2021-07-15T01:40:56Z cache-bos4657 MEWElogs[334804]: GRAY, 1626313255174659279, BOS, 13
<134>2021-07-15T01:41:11Z cache-del21735 MEWElogs[334804]: GRAY, 1626313270107236615, DEL, 13
<134>2021-07-15T01:41:14Z cache-akl10324 MEWElogs[334804]: GRAY, 1626313273462115003, AKL, 13
