<134>2021-07-14T22:24:02Z cache-jax20933 MEWElogs[400146]: BLUR, 1626301441722232660, JAX, 11
<134>2021-07-14T22:24:03Z cache-yul12826 MEWElogs[400146]: BLUR, 1626301442899385514, YUL, 11
<134>2021-07-14T22:24:24Z cache-stp9226 MEWElogs[400146]: BLUR, 1626301463115472315, STP, 11
<134>2021-07-14T22:24:39Z cache-hkg17929 MEWElogs[400146]: BLUR, 1626301478311735014, HKG, 11
<134>2021-07-14T22:25:01Z cache-stp9226 MEWElogs[400146]: BLUR, 1626301500919117155, STP, 11
<134>2021-07-14T22:26:28Z cache-mad22068 MEWElogs[400146]: BLUR, 1626301587811826271, MAD, 11
<134>2021-07-14T22:26:35Z cache-stp9226 MEWElogs[400146]: BLUR, 1626301594504153139, STP, 11
<134>2021-07-14T22:26:41Z cache-hkg17929 MEWElogs[400146]: BLUR, 1626301601684102204, HKG, 11
<134>2021-07-14T22:26:58Z cache-mci5951 MEWElogs[400146]: BLUR, 1626301617517782876, MCI, 11
<134>2021-07-14T22:27:04Z cache-lhr7382 MEWElogs[400146]: BLUR, 1626301624005009005, LHR, 11
<134>2021-07-14T22:27:13Z cache-mia11368 MEWElogs[400146]: BLUR, 1626301632187141966, MIA, 11
<134>2021-07-14T22:27:35Z cache-mci5951 MEWElogs[400146]: BLUR, 1626301654274973086, MCI, 11
<134>2021-07-14T22:27:49Z cache-lhr7382 MEWElogs[400146]: BLUR, 1626301668775235235, LHR, 11
<134>2021-07-14T22:28:33Z cache-yul12826 MEWElogs[400146]: BLUR, 1626301713051722959, YUL, 11
<134>2021-07-14T22:29:14Z cache-mad22068 MEWElogs[400146]: BLUR, 1626301753368958191, MAD, 11
<134>2021-07-14T22:30:03Z cache-lhr7382 MEWElogs[400146]: BLUR, 1626301803164144080, LHR, 11
<134>2021-07-14T22:30:32Z cache-hkg17929 MEWElogs[400146]: BLUR, 1626301831946580325, HKG, 11
<134>2021-07-14T22:30:36Z cache-mad22068 MEWElogs[400146]: BLUR, 1626301835857904622, MAD, 11
<134>2021-07-14T22:30:45Z cache-jax20933 MEWElogs[400146]: BLUR, 1626301844968417455, JAX, 11
<134>2021-07-14T22:31:15Z cache-stp9226 MEWElogs[400146]: BLUR, 1626301874519448087, STP, 11
<134>2021-07-14T22:31:27Z cache-lax10677 MEWElogs[400146]: BLUR, 1626301886751186255, LGB, 11
<134>2021-07-14T22:32:21Z cache-lhr7382 MEWElogs[400146]: BLUR, 1626301940070018912, LHR, 11
<134>2021-07-14T22:32:38Z cache-lax10677 MEWElogs[400146]: BLUR, 1626301958616484136, LGB, 11
<134>2021-07-14T22:32:46Z cache-mad22068 MEWElogs[400146]: BLUR, 1626301965812902154, MAD, 11
<134>2021-07-14T22:33:26Z cache-stp9226 MEWElogs[400146]: BLUR, 1626302005012003580, STP, 11
