<134>2021-07-14T22:52:50Z cache-cdg20720 MEWElogs[21956]: BLUR, 1626303170575007516, CDG, 11
<134>2021-07-14T22:53:14Z cache-gru17149 MEWElogs[21956]: BLUR, 1626303193729085890, GRU, 11
<134>2021-07-14T22:55:22Z cache-osl6529 MEWElogs[21956]: BLUR, 1626303321936734826, OSL, 11
<134>2021-07-14T22:55:29Z cache-man4150 MEWElogs[21956]: BLUR, 1626303328444034037, MAN, 11
<134>2021-07-14T22:55:35Z cache-gru17149 MEWElogs[21956]: BLUR, 1626303334554066685, GRU, 11
<134>2021-07-14T22:56:25Z cache-lga21983 MEWElogs[21956]: BLUR, 1626303384750203862, LGA, 11
<134>2021-07-14T22:56:48Z cache-cdg20720 MEWElogs[21956]: BLUR, 1626303407527147370, CDG, 11
<134>2021-07-14T22:57:05Z cache-cdg20720 MEWElogs[21956]: BLUR, 1626303424480075912, CDG, 11
<134>2021-07-14T22:57:36Z cache-osl6529 MEWElogs[21956]: BLUR, 1626303455559903534, OSL, 11
<134>2021-07-14T22:57:55Z cache-cdg20720 MEWElogs[21956]: BLUR, 1626303474417170218, CDG, 11
<134>2021-07-14T22:58:01Z cache-gru17149 MEWElogs[21956]: BLUR, 1626303480478039398, GRU, 11
<134>2021-07-14T22:58:19Z cache-gig17035 MEWElogs[21956]: BLUR, 1626303498371226759, GIG, 11
<134>2021-07-14T22:58:21Z cache-man4150 MEWElogs[21956]: BLUR, 1626303500274861937, MAN, 11
<134>2021-07-14T22:59:27Z cache-mel11272 MEWElogs[21956]: BLUR, 1626303566768948008, MEL, 11
<134>2021-07-14T22:59:46Z cache-scl19427 MEWElogs[21956]: BLUR, 1626303585451490265, SCL, 11
<134>2021-07-14T23:00:00Z cache-gig17035 MEWElogs[21956]: BLUR, 1626303600103230347, GIG, 11
<134>2021-07-14T23:00:00Z cache-ewr18156 MEWElogs[21956]: BLUR, 1626303600259849136, EWR, 11
<134>2021-07-14T23:00:06Z cache-lga21983 MEWElogs[21956]: BLUR, 1626303605782556465, LGA, 11
<134>2021-07-14T23:00:16Z cache-ewr18156 MEWElogs[21956]: BLUR, 1626303616866670050, EWR, 11
<134>2021-07-14T23:00:38Z cache-gru17149 MEWElogs[21956]: BLUR, 1626303637755080821, GRU, 11
<134>2021-07-14T23:01:03Z cache-gig17035 MEWElogs[21956]: BLUR, 1626303663112458993, GIG, 11
