<134>2021-07-14T16:42:10Z cache-chi21126 MEWElogs[320228]: FLIPH, 1626280929683999668, CHI, 10
<134>2021-07-14T16:42:11Z cache-akl10324 MEWElogs[320228]: FLIPH, 1626280930013032437, AKL, 10
<134>2021-07-14T16:42:56Z cache-fty21383 MEWElogs[320228]: FLIPH, 1626280975832057542, FTY, 10
<134>2021-07-14T16:43:03Z cache-chi21126 MEWElogs[320228]: FLIPH, 1626280982912106938, CHI, -1
<134>2021-07-14T16:43:28Z cache-mdw17383 MEWElogs[320228]: FLIPH, 1626281007015581979, MDW, 10
<134>2021-07-14T16:43:29Z cache-akl10324 MEWElogs[320228]: FLIPH, 1626281008273599471, AKL, -1
<134>2021-07-14T16:43:44Z cache-chi21126 MEWElogs[320228]: FLIPH, 1626281023366382803, CHI, 10
<134>2021-07-14T16:43:50Z cache-fty21383 MEWElogs[320228]: FLIPH, 1626281030728974183, FTY, -1
<134>2021-07-14T16:43:59Z cache-chi21126 MEWElogs[320228]: FLIPH, 1626281039220804226, CHI, -1
<134>2021-07-14T16:44:40Z cache-bos4657 MEWElogs[320228]: FLIPH, 1626281080768448536, BOS, -1
<134>2021-07-14T16:44:51Z cache-eze19324 MEWElogs[320228]: FLIPH, 1626281091172105456, EZE, -1
<134>2021-07-14T16:45:08Z cache-chi21126 MEWElogs[320228]: FLIPH, 1626281108318787531, CHI, 10
<134>2021-07-14T16:45:08Z cache-del21735 MEWElogs[320228]: FLIPH, 1626281108042794468, DEL, -1
<134>2021-07-14T16:45:10Z cache-del21735 MEWElogs[320228]: FLIPH, 1626281110646487118, DEL, 10
<134>2021-07-14T16:45:13Z cache-dub4329 MEWElogs[320228]: FLIPH, 1626281111942452662, DUB, 10
<134>2021-07-14T16:45:30Z cache-eze19324 MEWElogs[320228]: FLIPH, 1626281129894198094, EZE, 10
<134>2021-07-14T16:46:09Z cache-dub4329 MEWElogs[320228]: FLIPH, 1626281168051114917, DUB, 10
<134>2021-07-14T16:46:10Z cache-dfw18678 MEWElogs[320228]: FLIPH, 1626281170253691110, DFW, -1
<134>2021-07-14T16:46:20Z cache-pwk4920 MEWElogs[320228]: FLIPH, 1626281179703517344, PWK, 10
<134>2021-07-14T16:46:34Z cache-del21735 MEWElogs[320228]: FLIPH, 1626281193207480639, DEL, -1
<134>2021-07-14T16:46:36Z cache-chi21126 MEWElogs[320228]: FLIPH, 1626281195625251034, CHI, 10
<134>2021-07-14T16:46:39Z cache-bos4657 MEWElogs[320228]: FLIPH, 1626281198940097141, BOS, -1
<134>2021-07-14T16:46:41Z cache-chi21126 MEWElogs[320228]: FLIPH, 1626281201666430212, CHI, -1
<134>2021-07-14T16:46:58Z cache-hhn4077 MEWElogs[320228]: FLIPH, 1626281217465899081, HHN, -1
<134>2021-07-14T16:47:41Z cache-akl10324 MEWElogs[320228]: FLIPH, 1626281260757434856, AKL, 10
<134>2021-07-14T16:47:52Z cache-bos4657 MEWElogs[320228]: FLIPH, 1626281271599764846, BOS, -1
<134>2021-07-14T16:47:58Z cache-hhn4077 MEWElogs[320228]: FLIPH, 1626281277122241327, HHN, 10
<134>2021-07-14T16:48:01Z cache-akl10324 MEWElogs[320228]: FLIPH, 1626281281000888190, AKL, 10
<134>2021-07-14T16:48:32Z cache-fty21383 MEWElogs[320228]: FLIPH, 1626281312404518202, FTY, -1
<134>2021-07-14T16:48:36Z cache-del21735 MEWElogs[320228]: FLIPH, 1626281316293691856, DEL, -1
<134>2021-07-14T16:48:38Z cache-chi21126 MEWElogs[320228]: FLIPH, 1626281318319448980, CHI, 10
<134>2021-07-14T16:48:48Z cache-cph20625 MEWElogs[320228]: FLIPH, 1626281327596178000, CPH, -1
<134>2021-07-14T16:48:54Z cache-chi21126 MEWElogs[320228]: FLIPH, 1626281334202204644, CHI, -1
<134>2021-07-14T16:49:14Z cache-dfw18678 MEWElogs[320228]: FLIPH, 1626281353357573661, DFW, 10
<134>2021-07-14T16:49:22Z cache-fty21383 MEWElogs[320228]: FLIPH, 1626281362294760654, FTY, -1
<134>2021-07-14T16:49:25Z cache-hhn4077 MEWElogs[320228]: FLIPH, 1626281364409382224, HHN, -1
<134>2021-07-14T16:49:32Z cache-chi21126 MEWElogs[320228]: FLIPH, 1626281372015258082, CHI, -1
<134>2021-07-14T16:49:33Z cache-dfw18678 MEWElogs[320228]: FLIPH, 1626281372504012535, DFW, -1
<134>2021-07-14T16:49:37Z cache-cph20625 MEWElogs[320228]: FLIPH, 1626281376539661001, CPH, 10
<134>2021-07-14T16:49:49Z cache-pwk4920 MEWElogs[320228]: FLIPH, 1626281389074782420, PWK, 10
<134>2021-07-14T16:50:01Z cache-del21735 MEWElogs[320228]: FLIPH, 1626281400168250305, DEL, -1
<134>2021-07-14T16:50:37Z cache-fty21383 MEWElogs[320228]: FLIPH, 1626281437102775852, FTY, -1
<134>2021-07-14T16:50:47Z cache-pwk4920 MEWElogs[320228]: FLIPH, 1626281446052444307, PWK, -1
<134>2021-07-14T16:51:26Z cache-dfw18678 MEWElogs[320228]: FLIPH, 1626281486266708479, DFW, 10
<134>2021-07-14T16:51:37Z cache-dfw18678 MEWElogs[320228]: FLIPH, 1626281497286554331, DFW, 10
