<134>2021-07-15T04:26:39Z cache-hhn4077 MEWElogs[216063]: ROTATE, 1626323198735204170, HHN, 15
<134>2021-07-15T04:26:44Z cache-bos4657 MEWElogs[216063]: ROTATE, 1626323203800069200, BOS, 15
<134>2021-07-15T04:26:44Z cache-dfw18678 MEWElogs[216063]: ROTATE, 1626323204674103621, DFW, 15
<134>2021-07-15T04:26:46Z cache-chi21126 MEWElogs[216063]: ROTATE, 1626323205708094923, CHI, 15
<134>2021-07-15T04:26:49Z cache-dub4329 MEWElogs[216063]: ROTATE, 1626323208909017056, DUB, 15
<134>2021-07-15T04:28:14Z cache-cwb20520 MEWElogs[216063]: ROTATE, 1626323293872144803, CWB, 15
<134>2021-07-15T04:28:16Z cache-bos4657 MEWElogs[216063]: ROTATE, 1626323295507798899, BOS, 15
<134>2021-07-15T04:28:30Z cache-dub4329 MEWElogs[216063]: ROTATE, 1626323309883300995, DUB, 15
<134>2021-07-15T04:28:41Z cache-fty21383 MEWElogs[216063]: ROTATE, 1626323320686694109, FTY, 15
<134>2021-07-15T04:28:54Z cache-dub4329 MEWElogs[216063]: ROTATE, 1626323333379804902, DUB, 15
<134>2021-07-15T04:29:21Z cache-dfw18678 MEWElogs[216063]: ROTATE, 1626323361174630412, DFW, 15
<134>2021-07-15T04:29:41Z cache-dub4329 MEWElogs[216063]: ROTATE, 1626323380249352610, DUB, 15
<134>2021-07-15T04:29:57Z cache-dfw18678 MEWElogs[216063]: ROTATE, 1626323396282213437, DFW, 15
<134>2021-07-15T04:30:04Z cache-dub4329 MEWElogs[216063]: ROTATE, 1626323403437317215, DUB, 15
<134>2021-07-15T04:30:59Z cache-akl10324 MEWElogs[216063]: ROTATE, 1626323458265347710, AKL, 15
<134>2021-07-15T04:31:00Z cache-hhn4077 MEWElogs[216063]: ROTATE, 1626323459144749358, HHN, 15
<134>2021-07-15T04:31:15Z cache-del21735 MEWElogs[216063]: ROTATE, 1626323474474389964, DEL, 15
<134>2021-07-15T04:31:27Z cache-dfw18678 MEWElogs[216063]: ROTATE, 1626323486959276064, DFW, 15
<134>2021-07-15T04:31:44Z cache-cwb20520 MEWElogs[216063]: ROTATE, 1626323503138800739, CWB, 15
<134>2021-07-15T04:31:46Z cache-chi21126 MEWElogs[216063]: ROTATE, 1626323505478367253, CHI, 15
<134>2021-07-15T04:31:47Z cache-bos4657 MEWElogs[216063]: ROTATE, 1626323506739116876, BOS, 15
<134>2021-07-15T04:32:10Z cache-fty21383 MEWElogs[216063]: ROTATE, 1626323529451269889, FTY, 15
<134>2021-07-15T04:32:22Z cache-dfw18678 MEWElogs[216063]: ROTATE, 1626323541725293295, DFW, 15
<134>2021-07-15T04:32:23Z cache-hhn4077 MEWElogs[216063]: ROTATE, 1626323542323236646, HHN, 15
<134>2021-07-15T04:32:43Z cache-bos4657 MEWElogs[216063]: ROTATE, 1626323562443663231, BOS, 15
<134>2021-07-15T04:33:03Z cache-pwk4920 MEWElogs[216063]: ROTATE, 1626323582541532066, PWK, 15
<134>2021-07-15T04:33:12Z cache-pwk4920 MEWElogs[216063]: ROTATE, 1626323592441983265, PWK, 15
<134>2021-07-15T04:33:42Z cache-dub4329 MEWElogs[216063]: ROTATE, 1626323620961255036, DUB, 15
<134>2021-07-15T04:34:22Z cache-cwb20520 MEWElogs[216063]: ROTATE, 1626323661283301302, CWB, 15
<134>2021-07-15T04:35:03Z cache-del21735 MEWElogs[216063]: ROTATE, 1626323702188381800, DEL, 15
<134>2021-07-15T04:35:12Z cache-akl10324 MEWElogs[216063]: ROTATE, 1626323712079429690, AKL, 15
<134>2021-07-15T04:35:18Z cache-bos4657 MEWElogs[216063]: ROTATE, 1626323717919015074, BOS, 15
<134>2021-07-15T04:35:28Z cache-bos4657 MEWElogs[216063]: ROTATE, 1626323727150404649, BOS, 15
<134>2021-07-15T04:35:30Z cache-chi21126 MEWElogs[216063]: ROTATE, 1626323729398713151, CHI, 15
<134>2021-07-15T04:35:31Z cache-cwb20520 MEWElogs[216063]: ROTATE, 1626323730546805968, CWB, 15
<134>2021-07-15T04:35:48Z cache-fty21383 MEWElogs[216063]: ROTATE, 1626323746986667395, FTY, 15
<134>2021-07-15T04:36:01Z cache-dub4329 MEWElogs[216063]: ROTATE, 1626323760381760192, DUB, 15
<134>2021-07-15T04:36:06Z cache-akl10324 MEWElogs[216063]: ROTATE, 1626323765570316464, AKL, 15
<134>2021-07-15T04:36:30Z cache-chi21126 MEWElogs[216063]: ROTATE, 1626323789682823093, CHI, 15
<134>2021-07-15T04:36:32Z cache-dub4329 MEWElogs[216063]: ROTATE, 1626323791169801373, DUB, 15
