<134>2021-07-14T22:43:43Z cache-mel11272 MEWElogs[216063]: BLUR, 1626302622740230368, MEL, 11
<134>2021-07-14T22:43:59Z cache-osl6529 MEWElogs[216063]: BLUR, 1626302639558899560, OSL, 11
<134>2021-07-14T22:45:18Z cache-man4150 MEWElogs[216063]: BLUR, 1626302717921556690, MAN, 11
<134>2021-07-14T22:45:25Z cache-cdg20720 MEWElogs[216063]: BLUR, 1626302724664191552, CDG, 11
<134>2021-07-14T22:45:36Z cache-ewr18156 MEWElogs[216063]: BLUR, 1626302735567755704, EWR, 11
<134>2021-07-14T22:45:47Z cache-osl6529 MEWElogs[216063]: BLUR, 1626302747049128868, OSL, 11
<134>2021-07-14T22:46:02Z cache-man4150 MEWElogs[216063]: BLUR, 1626302761870158585, MAN, 11
<134>2021-07-14T22:46:02Z cache-osl6529 MEWElogs[216063]: BLUR, 1626302762206870686, OSL, 11
<134>2021-07-14T22:46:24Z cache-yul12826 MEWElogs[216063]: BLUR, 1626302783654831190, YUL, 11
<134>2021-07-14T22:46:29Z cache-mel11272 MEWElogs[216063]: BLUR, 1626302788278780132, MEL, 11
<134>2021-07-14T22:46:36Z cache-jax20933 MEWElogs[216063]: BLUR, 1626302795960271934, JAX, 11
<134>2021-07-14T22:46:46Z cache-man4150 MEWElogs[216063]: BLUR, 1626302805494134429, MAN, 11
<134>2021-07-14T22:47:15Z cache-man4150 MEWElogs[216063]: BLUR, 1626302834404901401, MAN, 11
<134>2021-07-14T22:47:18Z cache-jax20933 MEWElogs[216063]: BLUR, 1626302838423596455, JAX, 11
<134>2021-07-14T22:47:29Z cache-lax10677 MEWElogs[216063]: BLUR, 1626302848598595481, LGB, 11
<134>2021-07-14T22:48:11Z cache-lga21983 MEWElogs[216063]: BLUR, 1626302890937807485, LGA, 11
<134>2021-07-14T22:48:19Z cache-ewr18156 MEWElogs[216063]: BLUR, 1626302899008338348, EWR, 11
<134>2021-07-14T22:48:35Z cache-osl6529 MEWElogs[216063]: BLUR, 1626302914105786522, OSL, 11
<134>2021-07-14T22:48:36Z cache-cdg20720 MEWElogs[216063]: BLUR, 1626302915519397388, CDG, 11
<134>2021-07-14T22:48:39Z cache-bom4751 MEWElogs[216063]: BLUR, 1626302918838539323, BOM, 11
<134>2021-07-14T22:48:58Z cache-lax10677 MEWElogs[216063]: BLUR, 1626302937717292791, LGB, 11
<134>2021-07-14T22:49:55Z cache-bom4751 MEWElogs[216063]: BLUR, 1626302993897086931, BOM, 11
<134>2021-07-14T22:49:56Z cache-man4150 MEWElogs[216063]: BLUR, 1626302995825259677, MAN, 11
<134>2021-07-14T22:50:09Z cache-bom4751 MEWElogs[216063]: BLUR, 1626303008240999048, BOM, 11
<134>2021-07-14T22:50:13Z cache-ewr18156 MEWElogs[216063]: BLUR, 1626303013870252063, EWR, 11
<134>2021-07-14T22:50:27Z cache-jax20933 MEWElogs[216063]: BLUR, 1626303026850895483, JAX, 11
<134>2021-07-14T22:51:19Z cache-lga21983 MEWElogs[216063]: BLUR, 1626303078850888887, LGA, 11
<134>2021-07-14T22:51:25Z cache-bom4751 MEWElogs[216063]: BLUR, 1626303084524648567, BOM, 11
<134>2021-07-14T22:51:45Z cache-cdg20720 MEWElogs[216063]: BLUR, 1626303104316657243, CDG, 11
<134>2021-07-14T22:52:47Z cache-ewr18156 MEWElogs[216063]: BLUR, 1626303167182675870, EWR, 11
<134>2021-07-14T22:52:58Z cache-gru17149 MEWElogs[216063]: BLUR, 1626303177850998374, GRU, 11
<134>2021-07-14T22:53:07Z cache-osl6529 MEWElogs[216063]: BLUR, 1626303186802561589, OSL, 11
<134>2021-07-14T22:53:18Z cache-lga21983 MEWElogs[216063]: BLUR, 1626303198576779520, LGA, 11
<134>2021-07-14T22:53:25Z cache-bom4751 MEWElogs[216063]: BLUR, 1626303204551512199, BOM, 11
<134>2021-07-14T22:53:40Z cache-scl19427 MEWElogs[216063]: BLUR, 1626303219446789085, SCL, 11
