<134>2021-07-14T18:02:55Z cache-sjc10078 MEWElogs[216063]: FLIPH, 1626285774564732097, SJC, 10
<134>2021-07-14T18:03:01Z cache-cgh11183 MEWElogs[216063]: FLIPH, 1626285781247145777, CGH, -1
<134>2021-07-14T18:03:26Z cache-sea4483 MEWElogs[216063]: FLIPH, 1626285805948694564, SEA, 10
<134>2021-07-14T18:03:36Z cache-bma1628 MEWElogs[216063]: FLIPH, 1626285816009830941, BMA, -1
<134>2021-07-14T18:03:55Z cache-sjc10078 MEWElogs[216063]: FLIPH, 1626285834931079519, SJC, 10
<134>2021-07-14T18:04:06Z cache-cgh11122 MEWElogs[216063]: FLIPH, 1626285846567850551, CGH, 10
<134>2021-07-14T18:04:14Z cache-bma1628 MEWElogs[216063]: FLIPH, 1626285853564748109, BMA, -1
<134>2021-07-14T18:04:26Z cache-cgh11183 MEWElogs[216063]: FLIPH, 1626285866314725738, CGH, 10
<134>2021-07-14T18:04:50Z cache-yyz4551 MEWElogs[216063]: FLIPH, 1626285889873611003, YYZ, -1
<134>2021-07-14T18:05:00Z cache-tyo11974 MEWElogs[216063]: FLIPH, 1626285900599548169, TYO, 10
<134>2021-07-14T18:05:15Z cache-sjc10078 MEWElogs[216063]: FLIPH, 1626285914810834122, SJC, -1
<134>2021-07-14T18:05:50Z cache-bma1628 MEWElogs[216063]: FLIPH, 1626285949987529070, BMA, 10
<134>2021-07-14T18:06:07Z cache-cgh11122 MEWElogs[216063]: FLIPH, 1626285966313609419, CGH, -1
<134>2021-07-14T18:06:30Z cache-sjc10078 MEWElogs[216063]: FLIPH, 1626285989717334207, SJC, 10
<134>2021-07-14T18:06:37Z cache-bma1628 MEWElogs[216063]: FLIPH, 1626285996090312548, BMA, 10
<134>2021-07-14T18:06:40Z cache-sjc10078 MEWElogs[216063]: FLIPH, 1626285999999896283, SJC, 10
<134>2021-07-14T18:06:52Z cache-bma1628 MEWElogs[216063]: FLIPH, 1626286011396408358, BMA, -1
<134>2021-07-14T18:06:59Z cache-cgh11183 MEWElogs[216063]: FLIPH, 1626286019267412587, CGH, 10
<134>2021-07-14T18:07:08Z cache-tyo11974 MEWElogs[216063]: FLIPH, 1626286027305391849, TYO, -1
<134>2021-07-14T18:07:24Z cache-sea4483 MEWElogs[216063]: FLIPH, 1626286044219726307, SEA, -1
<134>2021-07-14T18:07:28Z cache-tyo11974 MEWElogs[216063]: FLIPH, 1626286048004716506, TYO, 10
<134>2021-07-14T18:07:42Z cache-sjc10078 MEWElogs[216063]: FLIPH, 1626286061903978418, SJC, 10
<134>2021-07-14T18:08:13Z cache-yyz4551 MEWElogs[216063]: FLIPH, 1626286093356203183, YYZ, 10
<134>2021-07-14T18:08:23Z cache-vie21629 MEWElogs[216063]: FLIPH, 1626286102342234249, VIE, -1
<134>2021-07-14T18:08:24Z cache-tyo11974 MEWElogs[216063]: FLIPH, 1626286103374547551, TYO, 10
<134>2021-07-14T18:08:33Z cache-sjc10078 MEWElogs[216063]: FLIPH, 1626286113094469677, SJC, 10
<134>2021-07-14T18:08:49Z cache-cgh11183 MEWElogs[216063]: FLIPH, 1626286128406027584, CGH, -1
<134>2021-07-14T18:08:51Z cache-tyo11974 MEWElogs[216063]: FLIPH, 1626286130838060525, TYO, 10
<134>2021-07-14T18:09:04Z cache-sjc10078 MEWElogs[216063]: FLIPH, 1626286143724881015, SJC, 10
<134>2021-07-14T18:09:24Z cache-sea4483 MEWElogs[216063]: FLIPH, 1626286163751099709, SEA, -1
<134>2021-07-14T18:09:57Z cache-bma1628 MEWElogs[216063]: FLIPH, 1626286196578235706, BMA, -1
<134>2021-07-14T18:09:58Z cache-sea4483 MEWElogs[216063]: FLIPH, 1626286197409533871, SEA, -1
<134>2021-07-14T18:10:20Z cache-sea4483 MEWElogs[216063]: FLIPH, 1626286219915190086, SEA, -1
<134>2021-07-14T18:10:35Z cache-bma1628 MEWElogs[216063]: FLIPH, 1626286234323303677, BMA, -1
<134>2021-07-14T18:10:37Z cache-bma1628 MEWElogs[216063]: FLIPH, 1626286237498994539, BMA, 10
<134>2021-07-14T18:10:46Z cache-bma1628 MEWElogs[216063]: FLIPH, 1626286246861284018, BMA, 10
<134>2021-07-14T18:11:26Z cache-yyz4551 MEWElogs[216063]: FLIPH, 1626286285965589141, YYZ, 10
<134>2021-07-14T18:11:36Z cache-cgh11183 MEWElogs[216063]: FLIPH, 1626286295154625827, CGH, -1
<134>2021-07-14T18:11:40Z cache-bma1628 MEWElogs[216063]: FLIPH, 1626286299561879830, BMA, -1
