<134>2021-07-15T02:14:47Z cache-stl4834 MEWElogs[318405]: GRAY, 1626315287307960584, STL, 13
<134>2021-07-15T02:15:04Z cache-cgh11122 MEWElogs[318405]: GRAY, 1626315303175946909, CGH, 13
<134>2021-07-15T02:15:14Z cache-gig17035 MEWElogs[318405]: GRAY, 1626315313427367364, GIG, 13
<134>2021-07-15T02:15:17Z cache-cgh11122 MEWElogs[318405]: GRAY, 1626315317074582551, CGH, 13
<134>2021-07-15T02:15:18Z cache-syd10183 MEWElogs[318405]: GRAY, 1626315317422371256, SYD, 13
<134>2021-07-15T02:15:21Z cache-bom4751 MEWElogs[318405]: GRAY, 1626315320215040241, BOM, 13
<134>2021-07-15T02:15:28Z cache-hnd18722 MEWElogs[318405]: GRAY, 1626315327809642316, HND, 13
<134>2021-07-15T02:15:30Z cache-stl4834 MEWElogs[318405]: GRAY, 1626315329195182937, STL, 13
<134>2021-07-15T02:16:01Z cache-bom4751 MEWElogs[318405]: GRAY, 1626315360955085174, BOM, 13
<134>2021-07-15T02:16:21Z cache-pao17461 MEWElogs[318405]: GRAY, 1626315380959638273, PAO, 13
<134>2021-07-15T02:16:47Z cache-bom4751 MEWElogs[318405]: GRAY, 1626315406621728612, BOM, 13
<134>2021-07-15T02:16:57Z cache-syd10183 MEWElogs[318405]: GRAY, 1626315416893925581, SYD, 13
<134>2021-07-15T02:17:01Z cache-gru17149 MEWElogs[318405]: GRAY, 1626315420239201487, GRU, 13
<134>2021-07-15T02:17:16Z cache-sjc10078 MEWElogs[318405]: GRAY, 1626315436050321192, SJC, 13
<134>2021-07-15T02:17:20Z cache-cgh11122 MEWElogs[318405]: GRAY, 1626315439035005198, CGH, 13
<134>2021-07-15T02:17:24Z cache-scl19427 MEWElogs[318405]: GRAY, 1626315442999802366, SCL, 13
<134>2021-07-15T02:17:29Z cache-stl4834 MEWElogs[318405]: GRAY, 1626315448578579606, STL, 13
<134>2021-07-15T02:17:33Z cache-syd10183 MEWElogs[318405]: GRAY, 1626315452604765210, SYD, 13
<134>2021-07-15T02:17:45Z cache-pao17461 MEWElogs[318405]: GRAY, 1626315464647496922, PAO, 13
<134>2021-07-15T02:17:47Z cache-syd10183 MEWElogs[318405]: GRAY, 1626315466618621103, SYD, 13
<134>2021-07-15T02:18:20Z cache-sjc10078 MEWElogs[318405]: GRAY, 1626315500137881051, SJC, 13
<134>2021-07-15T02:19:14Z cache-cgh11122 MEWElogs[318405]: GRAY, 1626315553612852650, CGH, 13
<134>2021-07-15T02:19:22Z cache-cgh11183 MEWElogs[318405]: GRAY, 1626315561404298225, CGH, 13
<134>2021-07-15T02:19:34Z cache-syd10183 MEWElogs[318405]: GRAY, 1626315574053156419, SYD, 13
<134>2021-07-15T02:19:35Z cache-stl4834 MEWElogs[318405]: GRAY, 1626315575011214731, STL, 13
<134>2021-07-15T02:19:44Z cache-sea4483 MEWElogs[318405]: GRAY, 1626315584233913489, SEA, 13
<134>2021-07-15T02:20:13Z cache-itm18851 MEWElogs[318405]: GRAY, 1626315612081433201, ITM, 13
<134>2021-07-15T02:20:14Z cache-sjc10078 MEWElogs[318405]: GRAY, 1626315613208466659, SJC, 13
<134>2021-07-15T02:20:24Z cache-sea4483 MEWElogs[318405]: GRAY, 1626315624025081222, SEA, 13
<134>2021-07-15T02:20:35Z cache-cgh11122 MEWElogs[318405]: GRAY, 1626315634834289357, CGH, 13
<134>2021-07-15T02:20:40Z cache-sea4483 MEWElogs[318405]: GRAY, 1626315640283027113, SEA, 13
<134>2021-07-15T02:21:02Z cache-hnd18722 MEWElogs[318405]: GRAY, 1626315661138314607, HND, 13
<134>2021-07-15T02:21:04Z cache-sea4483 MEWElogs[318405]: GRAY, 1626315663616194875, SEA, 13
<134>2021-07-15T02:21:20Z cache-stl4834 MEWElogs[318405]: GRAY, 1626315680182061178, STL, 13
<134>2021-07-15T02:22:10Z cache-tyo11974 MEWElogs[318405]: GRAY, 1626315729070498460, TYO, 13
<134>2021-07-15T02:22:15Z cache-bma1628 MEWElogs[318405]: GRAY, 1626315734139628124, BMA, 13
<134>2021-07-15T02:22:25Z cache-bma1628 MEWElogs[318405]: GRAY, 1626315744855264145, BMA, 13
<134>2021-07-15T02:22:52Z cache-bma1628 MEWElogs[318405]: GRAY, 1626315771349857030, BMA, 13
<134>2021-07-15T02:23:19Z cache-tyo11974 MEWElogs[318405]: GRAY, 1626315798894387871, TYO, 13
<134>2021-07-15T02:23:24Z cache-bma1628 MEWElogs[318405]: GRAY, 1626315803402675351, BMA, 13
<134>2021-07-15T02:23:35Z cache-bma1628 MEWElogs[318405]: GRAY, 1626315813916688103, BMA, 13
<134>2021-07-15T02:23:44Z cache-tyo11974 MEWElogs[318405]: GRAY, 1626315824284443831, TYO, 13
<134>2021-07-15T02:23:51Z cache-tyo11974 MEWElogs[318405]: GRAY, 1626315830527984759, TYO, 13
<134>2021-07-15T02:24:43Z cache-bma1628 MEWElogs[318405]: GRAY, 1626315882607234397, BMA, 13
