<134>2021-07-14T16:52:08Z cache-fty21383 MEWElogs[390968]: FLIPH, 1626281528034133808, FTY, -1
<134>2021-07-14T16:52:09Z cache-pwk4920 MEWElogs[390968]: FLIPH, 1626281529138948983, PWK, 10
<134>2021-07-14T16:52:12Z cache-cph20625 MEWElogs[390968]: FLIPH, 1626281531352902692, CPH, 10
<134>2021-07-14T16:52:29Z cache-dfw18678 MEWElogs[390968]: FLIPH, 1626281549223566487, DFW, -1
<134>2021-07-14T16:52:30Z cache-pwk4920 MEWElogs[390968]: FLIPH, 1626281549632132391, PWK, 10
<134>2021-07-14T16:52:33Z cache-dub4329 MEWElogs[390968]: FLIPH, 1626281553039686927, DUB, -1
<134>2021-07-14T16:52:49Z cache-akl10324 MEWElogs[390968]: FLIPH, 1626281568953394609, AKL, -1
<134>2021-07-14T16:52:50Z cache-bos4657 MEWElogs[390968]: FLIPH, 1626281569933478273, BOS, -1
<134>2021-07-14T16:53:03Z cache-dfw18678 MEWElogs[390968]: FLIPH, 1626281583113763755, DFW, -1
<134>2021-07-14T16:53:19Z cache-dfw18678 MEWElogs[390968]: FLIPH, 1626281598528418339, DFW, 10
<134>2021-07-14T16:53:30Z cache-cph20625 MEWElogs[390968]: FLIPH, 1626281608954858417, CPH, 10
<134>2021-07-14T16:53:42Z cache-fty21383 MEWElogs[390968]: FLIPH, 1626281621703957183, FTY, 10
<134>2021-07-14T16:53:47Z cache-del21735 MEWElogs[390968]: FLIPH, 1626281626950198321, DEL, 10
<134>2021-07-14T16:53:53Z cache-dfw18678 MEWElogs[390968]: FLIPH, 1626281632482099578, DFW, 10
<134>2021-07-14T16:54:12Z cache-fty21383 MEWElogs[390968]: FLIPH, 1626281652424606898, FTY, -1
<134>2021-07-14T16:55:05Z cache-bos4657 MEWElogs[390968]: FLIPH, 1626281705566862728, BOS, -1
<134>2021-07-14T16:55:43Z cache-fty21383 MEWElogs[390968]: FLIPH, 1626281743625166314, FTY, -1
<134>2021-07-14T16:55:44Z cache-chi21126 MEWElogs[390968]: FLIPH, 1626281743829796933, CHI, 10
<134>2021-07-14T16:55:44Z cache-akl10324 MEWElogs[390968]: FLIPH, 1626281743898241438, AKL, 10
<134>2021-07-14T16:55:52Z cache-akl10324 MEWElogs[390968]: FLIPH, 1626281751481841193, AKL, -1
<134>2021-07-14T16:55:55Z cache-akl10324 MEWElogs[390968]: FLIPH, 1626281754084347337, AKL, 10
<134>2021-07-14T16:56:22Z cache-dfw18678 MEWElogs[390968]: FLIPH, 1626281781311269860, DFW, -1
<134>2021-07-14T16:56:25Z cache-dfw18678 MEWElogs[390968]: FLIPH, 1626281784803919474, DFW, 10
<134>2021-07-14T16:56:31Z cache-bos4657 MEWElogs[390968]: FLIPH, 1626281790769078143, BOS, 10
<134>2021-07-14T16:56:34Z cache-cph20625 MEWElogs[390968]: FLIPH, 1626281793847966113, CPH, -1
<134>2021-07-14T16:56:45Z cache-bos4657 MEWElogs[390968]: FLIPH, 1626281805820728878, BOS, -1
<134>2021-07-14T16:56:48Z cache-hel6829 MEWElogs[390968]: FLIPH, 1626281807907955022, HEL, 10
<134>2021-07-14T16:57:02Z cache-dub4329 MEWElogs[390968]: FLIPH, 1626281821683300396, DUB, -1
<134>2021-07-14T16:57:05Z cache-hhn4077 MEWElogs[390968]: FLIPH, 1626281825190445866, HHN, 10
<134>2021-07-14T16:57:05Z cache-pwk4920 MEWElogs[390968]: FLIPH, 1626281825349141598, PWK, -1
<134>2021-07-14T16:57:15Z cache-akl10324 MEWElogs[390968]: FLIPH, 1626281834629683723, AKL, 10
<134>2021-07-14T16:57:27Z cache-chi21126 MEWElogs[390968]: FLIPH, 1626281846962175122, CHI, 10
<134>2021-07-14T16:57:46Z cache-cph20625 MEWElogs[390968]: FLIPH, 1626281865002123741, CPH, 10
<134>2021-07-14T16:58:08Z cache-cph20625 MEWElogs[390968]: FLIPH, 1626281887001752684, CPH, 10
<134>2021-07-14T16:58:15Z cache-dub4329 MEWElogs[390968]: FLIPH, 1626281894720104146, DUB, 10
<134>2021-07-14T16:58:19Z cache-cph20625 MEWElogs[390968]: FLIPH, 1626281898055550264, CPH, 10
<134>2021-07-14T16:58:36Z cache-hhn4077 MEWElogs[390968]: FLIPH, 1626281915947583659, HHN, 10
<134>2021-07-14T16:59:05Z cache-fra19177 MEWElogs[390968]: FLIPH, 1626281944853433947, FRA, -1
<134>2021-07-14T16:59:13Z cache-lcy19283 MEWElogs[390968]: FLIPH, 1626281952226337266, LCY, -1
<134>2021-07-14T16:59:17Z cache-fra19177 MEWElogs[390968]: FLIPH, 1626281956926361865, FRA, 10
<134>2021-07-14T16:59:33Z cache-hhn4077 MEWElogs[390968]: FLIPH, 1626281973005053749, HHN, 10
<134>2021-07-14T16:59:42Z cache-del21735 MEWElogs[390968]: FLIPH, 1626281981571699507, DEL, 10
<134>2021-07-14T16:59:45Z cache-jnb7027 MEWElogs[390968]: FLIPH, 1626281984509495765, JNB, -1
<134>2021-07-14T17:00:00Z cache-iah17271 MEWElogs[390968]: FLIPH, 1626281999141604214, IAH, 10
<134>2021-07-14T17:00:03Z cache-lcy19283 MEWElogs[390968]: FLIPH, 1626282002109024708, LCY, -1
<134>2021-07-14T17:00:15Z cache-hhn4077 MEWElogs[390968]: FLIPH, 1626282015368348313, HHN, -1
<134>2021-07-14T17:00:15Z cache-pwk4920 MEWElogs[390968]: FLIPH, 1626282015262018371, PWK, -1
<134>2021-07-14T17:00:22Z cache-lcy19283 MEWElogs[390968]: FLIPH, 1626282022496680174, LCY, -1
<134>2021-07-14T17:00:24Z cache-hel6829 MEWElogs[390968]: FLIPH, 1626282023208097061, HEL, 10
<134>2021-07-14T17:00:35Z cache-fra19177 MEWElogs[390968]: FLIPH, 1626282034697415329, FRA, -1
<134>2021-07-14T17:00:47Z cache-cwb20520 MEWElogs[390968]: FLIPH, 1626282046460614854, CWB, 10
<134>2021-07-14T17:00:47Z cache-jnb7027 MEWElogs[390968]: FLIPH, 1626282046517029418, JNB, 10
<134>2021-07-14T17:01:29Z cache-pwk4920 MEWElogs[390968]: FLIPH, 1626282088745649003, PWK, 10
<134>2021-07-14T17:01:32Z cache-cwb20520 MEWElogs[390968]: FLIPH, 1626282092761662291, CWB, -1
<134>2021-07-14T17:01:36Z cache-jnb7027 MEWElogs[390968]: FLIPH, 1626282095632196320, JNB, 10
<134>2021-07-14T17:01:48Z cache-hel6829 MEWElogs[390968]: FLIPH, 1626282107496178996, HEL, -1
<134>2021-07-14T17:01:55Z cache-cwb20520 MEWElogs[390968]: FLIPH, 1626282114820222715, CWB, 10
<134>2021-07-14T17:01:59Z cache-pwk4920 MEWElogs[390968]: FLIPH, 1626282118649576986, PWK, 10
<134>2021-07-14T17:02:02Z cache-hel6829 MEWElogs[390968]: FLIPH, 1626282121071950580, HEL, 10
<134>2021-07-14T17:02:04Z cache-lcy19283 MEWElogs[390968]: FLIPH, 1626282123522478767, LCY, -1
