<134>2021-07-14T17:13:09Z cache-dal21283 MEWElogs[292213]: FLIPH, 1626282788398908873, DAL, 10
<134>2021-07-14T17:13:11Z cache-lon4249 MEWElogs[292213]: FLIPH, 1626282790300289123, LON, 10
<134>2021-07-14T17:13:40Z cache-cwb20520 MEWElogs[292213]: FLIPH, 1626282819608712994, CWB, -1
<134>2021-07-14T17:13:41Z cache-den8274 MEWElogs[292213]: FLIPH, 1626282820687489130, DEN, -1
<134>2021-07-14T17:13:50Z cache-hkg17929 MEWElogs[292213]: FLIPH, 1626282829612787869, HKG, -1
<134>2021-07-14T17:13:55Z cache-dal21283 MEWElogs[292213]: FLIPH, 1626282835221916585, DAL, 10
<134>2021-07-14T17:14:15Z cache-hkg17929 MEWElogs[292213]: FLIPH, 1626282854583687389, HKG, 10
<134>2021-07-14T17:14:38Z cache-dal21283 MEWElogs[292213]: FLIPH, 1626282878172629882, DAL, -1
<134>2021-07-14T17:14:51Z cache-bur17583 MEWElogs[292213]: FLIPH, 1626282890739259988, BUR, 10
<134>2021-07-14T17:15:26Z cache-lon4249 MEWElogs[292213]: FLIPH, 1626282925823851737, LON, -1
<134>2021-07-14T17:15:49Z cache-den8274 MEWElogs[292213]: FLIPH, 1626282948518953967, DEN, 10
<134>2021-07-14T17:16:20Z cache-mad22068 MEWElogs[292213]: FLIPH, 1626282979399913877, MAD, 10
<134>2021-07-14T17:16:21Z cache-hkg17929 MEWElogs[292213]: FLIPH, 1626282981127591237, HKG, -1
<134>2021-07-14T17:16:36Z cache-mia11368 MEWElogs[292213]: FLIPH, 1626282995153303213, MIA, -1
<134>2021-07-14T17:16:41Z cache-bur17583 MEWElogs[292213]: FLIPH, 1626283000812890909, BUR, -1
<134>2021-07-14T17:16:42Z cache-dal21283 MEWElogs[292213]: FLIPH, 1626283001848947786, DAL, -1
<134>2021-07-14T17:16:54Z cache-hkg17929 MEWElogs[292213]: FLIPH, 1626283013879252098, HKG, -1
<134>2021-07-14T17:16:58Z cache-mia11368 MEWElogs[292213]: FLIPH, 1626283018489355004, MIA, 10
<134>2021-07-14T17:17:36Z cache-mad22068 MEWElogs[292213]: FLIPH, 1626283055578151229, MAD, 10
<134>2021-07-14T17:17:46Z cache-mia11368 MEWElogs[292213]: FLIPH, 1626283065806729675, MIA, -1
<134>2021-07-14T17:17:46Z cache-bur17583 MEWElogs[292213]: FLIPH, 1626283066232866331, BUR, 10
<134>2021-07-14T17:17:56Z cache-stp9226 MEWElogs[292213]: FLIPH, 1626283075244211340, STP, -1
<134>2021-07-14T17:18:02Z cache-jax20933 MEWElogs[292213]: FLIPH, 1626283082134066040, JAX, 10
<134>2021-07-14T17:18:07Z cache-bur17583 MEWElogs[292213]: FLIPH, 1626283087209139206, BUR, 10
<134>2021-07-14T17:18:45Z cache-bur17583 MEWElogs[292213]: FLIPH, 1626283125729561735, BUR, -1
<134>2021-07-14T17:19:26Z cache-lhr7382 MEWElogs[292213]: FLIPH, 1626283165451969938, LHR, 10
<134>2021-07-14T17:20:01Z cache-dal21283 MEWElogs[292213]: FLIPH, 1626283201034962759, DAL, 10
<134>2021-07-14T17:20:21Z cache-hkg17929 MEWElogs[292213]: FLIPH, 1626283220919901810, HKG, -1
<134>2021-07-14T17:20:21Z cache-mci5951 MEWElogs[292213]: FLIPH, 1626283220759322554, MCI, -1
<134>2021-07-14T17:20:23Z cache-bur17583 MEWElogs[292213]: FLIPH, 1626283222823617711, BUR, 10
<134>2021-07-14T17:20:46Z cache-hkg17929 MEWElogs[292213]: FLIPH, 1626283245680331432, HKG, 10
<134>2021-07-14T17:20:49Z cache-stp9226 MEWElogs[292213]: FLIPH, 1626283249454662621, STP, -1
<134>2021-07-14T17:21:04Z cache-mia11368 MEWElogs[292213]: FLIPH, 1626283263995472642, MIA, 10
<134>2021-07-14T17:21:11Z cache-mia11368 MEWElogs[292213]: FLIPH, 1626283270786554366, MIA, -1
<134>2021-07-14T17:21:12Z cache-bur17583 MEWElogs[292213]: FLIPH, 1626283271666731146, BUR, -1
<134>2021-07-14T17:21:23Z cache-jax20933 MEWElogs[292213]: FLIPH, 1626283282413669641, JAX, -1
<134>2021-07-14T17:21:36Z cache-mad22068 MEWElogs[292213]: FLIPH, 1626283296295430502, MAD, -1
<134>2021-07-14T17:21:50Z cache-yul12826 MEWElogs[292213]: FLIPH, 1626283310235249636, YUL, 10
<134>2021-07-14T17:22:17Z cache-lhr7382 MEWElogs[292213]: FLIPH, 1626283337722239883, LHR, -1
<134>2021-07-14T17:22:27Z cache-yul12826 MEWElogs[292213]: FLIPH, 1626283347704916701, YUL, 10
<134>2021-07-14T17:22:40Z cache-mrs10583 MEWElogs[292213]: FLIPH, 1626283360090687389, MRS, -1
