<134>2021-07-15T01:03:20Z cache-bma1628 MEWElogs[418388]: CROP, 1626310999689876048, BMA, 12
<134>2021-07-15T01:03:40Z cache-itm18851 MEWElogs[418388]: CROP, 1626311019432620992, ITM, 12
<134>2021-07-15T01:03:44Z cache-scl19427 MEWElogs[418388]: CROP, 1626311023837613975, SCL, 12
<134>2021-07-15T01:03:56Z cache-bma1628 MEWElogs[418388]: CROP, 1626311035266586601, BMA, 12
<134>2021-07-15T01:04:33Z cache-itm18851 MEWElogs[418388]: CROP, 1626311073140052174, ITM, 12
<134>2021-07-15T01:04:37Z cache-cgh11183 MEWElogs[418388]: CROP, 1626311076884946255, CGH, 12
<134>2021-07-15T01:05:01Z cache-sjc10078 MEWElogs[418388]: CROP, 1626311100921842688, SJC, 12
<134>2021-07-15T01:05:21Z cache-cgh11183 MEWElogs[418388]: CROP, 1626311120886674182, CGH, 12
<134>2021-07-15T01:05:22Z cache-sjc10078 MEWElogs[418388]: CROP, 1626311122485926137, SJC, 12
<134>2021-07-15T01:05:59Z cache-vie21629 MEWElogs[418388]: CROP, 1626311157991548812, VIE, 12
<134>2021-07-15T01:06:31Z cache-tyo11974 MEWElogs[418388]: CROP, 1626311190676187574, TYO, 12
<134>2021-07-15T01:07:01Z cache-itm18851 MEWElogs[418388]: CROP, 1626311220556663430, ITM, 12
<134>2021-07-15T01:07:02Z cache-bma1628 MEWElogs[418388]: CROP, 1626311221680759906, BMA, 12
<134>2021-07-15T01:07:31Z cache-sjc10078 MEWElogs[418388]: CROP, 1626311251105384903, SJC, 12
<134>2021-07-15T01:08:00Z cache-yyz4551 MEWElogs[418388]: CROP, 1626311279600816215, YYZ, 12
<134>2021-07-15T01:08:27Z cache-vie21629 MEWElogs[418388]: CROP, 1626311306649813210, VIE, 12
<134>2021-07-15T01:08:54Z cache-vie21629 MEWElogs[418388]: CROP, 1626311333369104369, VIE, 12
<134>2021-07-15T01:09:02Z cache-yyz4551 MEWElogs[418388]: CROP, 1626311341124900730, YYZ, 12
<134>2021-07-15T01:09:14Z cache-sjc10078 MEWElogs[418388]: CROP, 1626311353660148788, SJC, 12
<134>2021-07-15T01:09:31Z cache-sjc10078 MEWElogs[418388]: CROP, 1626311371088118440, SJC, 12
<134>2021-07-15T01:09:53Z cache-sea4483 MEWElogs[418388]: CROP, 1626311392609059440, SEA, 12
<134>2021-07-15T01:10:38Z cache-yyz4551 MEWElogs[418388]: CROP, 1626311437182876706, YYZ, 12
<134>2021-07-15T01:10:42Z cache-vie21629 MEWElogs[418388]: CROP, 1626311441001051923, VIE, 12
<134>2021-07-15T01:11:32Z cache-yyz4551 MEWElogs[418388]: CROP, 1626311491330159124, YYZ, 12
