<134>2021-07-14T22:53:58Z cache-mel11272 MEWElogs[216063]: BLUR, 1626303237082802816, MEL, 11
<134>2021-07-14T22:54:17Z cache-gru17149 MEWElogs[216063]: BLUR, 1626303256227732666, GRU, 11
<134>2021-07-14T22:54:59Z cache-ewr18156 MEWElogs[216063]: BLUR, 1626303299050202782, EWR, 11
<134>2021-07-14T22:55:54Z cache-gig17035 MEWElogs[216063]: BLUR, 1626303354230615749, GIG, 11
<134>2021-07-14T22:56:07Z cache-gru17149 MEWElogs[216063]: BLUR, 1626303366515970052, GRU, 11
<134>2021-07-14T22:56:41Z cache-lga21983 MEWElogs[216063]: BLUR, 1626303401692234457, LGA, 11
<134>2021-07-14T22:57:24Z cache-scl19427 MEWElogs[216063]: BLUR, 1626303443757110547, SCL, 11
<134>2021-07-14T22:58:04Z cache-scl19427 MEWElogs[216063]: BLUR, 1626303483872522571, SCL, 11
<134>2021-07-14T22:58:06Z cache-osl6529 MEWElogs[216063]: BLUR, 1626303485066891767, OSL, 11
<134>2021-07-14T22:58:30Z cache-bom4751 MEWElogs[216063]: BLUR, 1626303510125632016, BOM, 11
<134>2021-07-14T22:58:36Z cache-ewr18156 MEWElogs[216063]: BLUR, 1626303516084271483, EWR, 11
<134>2021-07-14T22:59:04Z cache-gru17149 MEWElogs[216063]: BLUR, 1626303543488155119, GRU, 11
<134>2021-07-14T22:59:36Z cache-gru17149 MEWElogs[216063]: BLUR, 1626303575255224476, GRU, 11
<134>2021-07-14T23:01:21Z cache-stl4834 MEWElogs[216063]: BLUR, 1626303680920672733, STL, 11
<134>2021-07-14T23:02:43Z cache-cdg20720 MEWElogs[216063]: BLUR, 1626303762124921781, CDG, 11
<134>2021-07-14T23:02:49Z cache-scl19427 MEWElogs[216063]: BLUR, 1626303768468867922, SCL, 11
<134>2021-07-14T23:03:08Z cache-scl19427 MEWElogs[216063]: BLUR, 1626303788559226732, SCL, 11
<134>2021-07-14T23:03:33Z cache-osl6529 MEWElogs[216063]: BLUR, 1626303812541016122, OSL, 11
<134>2021-07-14T23:03:34Z cache-gru17149 MEWElogs[216063]: BLUR, 1626303813185464329, GRU, 11
<134>2021-07-14T23:03:50Z cache-cdg20720 MEWElogs[216063]: BLUR, 1626303830113974932, CDG, 11
<134>2021-07-14T23:03:52Z cache-gig17035 MEWElogs[216063]: BLUR, 1626303831519226108, GIG, 11
