<134>2021-07-15T06:19:55Z cache-wdc5583 MEWElogs[292213]: UNSH, 1626329994628037949, WDC, 16
<134>2021-07-15T06:20:27Z cache-bog6425 MEWElogs[292213]: UNSH, 1626330026788268584, BOG, 16
<134>2021-07-15T06:20:47Z cache-mdw17383 MEWElogs[292213]: UNSH, 1626330046868081774, MDW, 16
<134>2021-07-15T06:20:48Z cache-maa10251 MEWElogs[292213]: UNSH, 1626330047795373172, MAA, 16
<134>2021-07-15T06:20:56Z cache-bog6425 MEWElogs[292213]: UNSH, 1626330055949563936, BOG, 16
<134>2021-07-15T06:21:06Z cache-bog6425 MEWElogs[292213]: UNSH, 1626330065815092419, BOG, 16
<134>2021-07-15T06:21:46Z cache-cph20625 MEWElogs[292213]: UNSH, 1626330105138431030, CPH, 16
<134>2021-07-15T06:21:55Z cache-ord1740 MEWElogs[292213]: UNSH, 1626330114648808375, ORD, 16
<134>2021-07-15T06:23:01Z cache-wdc5583 MEWElogs[292213]: UNSH, 1626330180782523451, WDC, 16
<134>2021-07-15T06:23:20Z cache-dfw18678 MEWElogs[292213]: UNSH, 1626330200513850828, DFW, 16
<134>2021-07-15T06:23:25Z cache-dca17782 MEWElogs[292213]: UNSH, 1626330205299861602, DCA, 16
<134>2021-07-15T06:24:06Z cache-mdw17383 MEWElogs[292213]: UNSH, 1626330245574179034, MDW, 16
<134>2021-07-15T06:24:14Z cache-maa10251 MEWElogs[292213]: UNSH, 1626330253909232772, MAA, 16
<134>2021-07-15T06:25:13Z cache-maa10251 MEWElogs[292213]: UNSH, 1626330312630595941, MAA, 16
<134>2021-07-15T06:26:11Z cache-del21735 MEWElogs[292213]: UNSH, 1626330370367112692, DEL, 16
<134>2021-07-15T06:26:29Z cache-cmh21547 MEWElogs[292213]: UNSH, 1626330388323797834, CMH, 16
<134>2021-07-15T06:26:45Z cache-dfw18678 MEWElogs[292213]: UNSH, 1626330404360635246, DFW, 16
<134>2021-07-15T06:26:51Z cache-bos4657 MEWElogs[292213]: UNSH, 1626330410912528249, BOS, 16
<134>2021-07-15T06:27:46Z cache-del21735 MEWElogs[292213]: UNSH, 1626330465197717241, DEL, 16
<134>2021-07-15T06:28:43Z cache-del21735 MEWElogs[292213]: UNSH, 1626330522213273396, DEL, 16
<134>2021-07-15T06:29:23Z cache-hhn4077 MEWElogs[292213]: UNSH, 1626330562864552388, HHN, 16
<134>2021-07-15T06:29:23Z cache-bos4657 MEWElogs[292213]: UNSH, 1626330562608618646, BOS, 16
<134>2021-07-15T06:29:24Z cache-akl10324 MEWElogs[292213]: UNSH, 1626330564055762122, AKL, 16
<134>2021-07-15T06:29:50Z cache-bos4657 MEWElogs[292213]: UNSH, 1626330589195750302, BOS, 16
