<134>2021-07-15T05:20:14Z cache-syd10183 MEWElogs[418388]: ROTATE, 1626326413222928011, SYD, 15
<134>2021-07-15T05:20:16Z cache-gru17149 MEWElogs[418388]: ROTATE, 1626326415146706827, GRU, 15
<134>2021-07-15T05:20:23Z cache-gig17035 MEWElogs[418388]: ROTATE, 1626326423260817029, GIG, 15
<134>2021-07-15T05:20:31Z cache-mel11272 MEWElogs[418388]: ROTATE, 1626326430799758941, MEL, 15
<134>2021-07-15T05:20:52Z cache-mel11272 MEWElogs[418388]: ROTATE, 1626326451061137908, MEL, 15
<134>2021-07-15T05:21:27Z cache-syd10183 MEWElogs[418388]: ROTATE, 1626326486621565802, SYD, 15
<134>2021-07-15T05:21:38Z cache-syd10183 MEWElogs[418388]: ROTATE, 1626326496956859339, SYD, 15
<134>2021-07-15T05:22:20Z cache-syd10183 MEWElogs[418388]: ROTATE, 1626326539040669114, SYD, 15
<134>2021-07-15T05:23:07Z cache-gru17149 MEWElogs[418388]: ROTATE, 1626326586168171411, GRU, 15
<134>2021-07-15T05:24:00Z cache-cgh11122 MEWElogs[418388]: ROTATE, 1626326639893994093, CGH, 15
<134>2021-07-15T05:25:07Z cache-cgh11122 MEWElogs[418388]: ROTATE, 1626326706346904604, CGH, 15
<134>2021-07-15T05:26:15Z cache-cgh11122 MEWElogs[418388]: ROTATE, 1626326774182130881, CGH, 15
<134>2021-07-15T05:26:42Z cache-gig17035 MEWElogs[418388]: ROTATE, 1626326801418257331, GIG, 15
<134>2021-07-15T05:28:03Z cache-syd10183 MEWElogs[418388]: ROTATE, 1626326882091629555, SYD, 15
<134>2021-07-15T05:28:18Z cache-cgh11122 MEWElogs[418388]: ROTATE, 1626326897627080824, CGH, 15
<134>2021-07-15T05:28:19Z cache-sjc10078 MEWElogs[418388]: ROTATE, 1626326898443246188, SJC, 15
<134>2021-07-15T05:29:38Z cache-pao17461 MEWElogs[418388]: ROTATE, 1626326978016831369, PAO, 15
<134>2021-07-15T05:29:48Z cache-scl19427 MEWElogs[418388]: ROTATE, 1626326988174701368, SCL, 15
<134>2021-07-15T05:30:01Z cache-syd10183 MEWElogs[418388]: ROTATE, 1626327000800421583, SYD, 15
<134>2021-07-15T05:30:02Z cache-hnd18722 MEWElogs[418388]: ROTATE, 1626327001150850712, HND, 15
