<134>2021-07-15T00:58:59Z cache-hnd18722 MEWElogs[46369]: CROP, 1626310739423356256, HND, 12
<134>2021-07-15T00:59:02Z cache-bom4751 MEWElogs[46369]: CROP, 1626310741162997070, BOM, 12
<134>2021-07-15T00:59:04Z cache-hnd18722 MEWElogs[46369]: CROP, 1626310743889700471, HND, 12
<134>2021-07-15T00:59:05Z cache-gig17035 MEWElogs[46369]: CROP, 1626310744479592339, GIG, 12
<134>2021-07-15T00:59:05Z cache-syd10183 MEWElogs[46369]: CROP, 1626310744908035171, SYD, 12
<134>2021-07-15T00:59:08Z cache-itm18851 MEWElogs[46369]: CROP, 1626310747430999827, ITM, 12
<134>2021-07-15T00:59:12Z cache-stl4834 MEWElogs[46369]: CROP, 1626310751769504286, STL, 12
<134>2021-07-15T00:59:24Z cache-syd10183 MEWElogs[46369]: CROP, 1626310763801382756, SYD, 12
<134>2021-07-15T00:59:26Z cache-cgh11122 MEWElogs[46369]: CROP, 1626310765129418276, CGH, 12
<134>2021-07-15T00:59:29Z cache-scl19427 MEWElogs[46369]: CROP, 1626310768814180810, SCL, 12
<134>2021-07-15T00:59:36Z cache-hnd18722 MEWElogs[46369]: CROP, 1626310775880686210, HND, 12
<134>2021-07-15T00:59:39Z cache-cgh11122 MEWElogs[46369]: CROP, 1626310778348714401, CGH, 12
<134>2021-07-15T00:59:44Z cache-gru17149 MEWElogs[46369]: CROP, 1626310783236995555, GRU, 12
<134>2021-07-15T00:59:50Z cache-scl19427 MEWElogs[46369]: CROP, 1626310789904836233, SCL, 12
<134>2021-07-15T01:00:05Z cache-itm18851 MEWElogs[46369]: CROP, 1626310805313386148, ITM, 12
<134>2021-07-15T01:00:09Z cache-cgh11122 MEWElogs[46369]: CROP, 1626310809674781613, CGH, 12
<134>2021-07-15T01:00:26Z cache-syd10183 MEWElogs[46369]: CROP, 1626310825716607005, SYD, 12
<134>2021-07-15T01:00:28Z cache-cgh11122 MEWElogs[46369]: CROP, 1626310827378476913, CGH, 12
<134>2021-07-15T01:00:29Z cache-bom4751 MEWElogs[46369]: CROP, 1626310829245165334, BOM, 12
<134>2021-07-15T01:00:32Z cache-stl4834 MEWElogs[46369]: CROP, 1626310832795475415, STL, 12
<134>2021-07-15T01:00:38Z cache-gig17035 MEWElogs[46369]: CROP, 1626310837927249016, GIG, 12
<134>2021-07-15T01:00:48Z cache-bom4751 MEWElogs[46369]: CROP, 1626310847752756000, BOM, 12
<134>2021-07-15T01:00:51Z cache-hnd18722 MEWElogs[46369]: CROP, 1626310850189803882, HND, 12
<134>2021-07-15T01:01:00Z cache-hnd18722 MEWElogs[46369]: CROP, 1626310859293787834, HND, 12
<134>2021-07-15T01:01:03Z cache-bom4751 MEWElogs[46369]: CROP, 1626310862435581470, BOM, 12
<134>2021-07-15T01:01:04Z cache-syd10183 MEWElogs[46369]: CROP, 1626310863483829846, SYD, 12
<134>2021-07-15T01:01:22Z cache-bom4751 MEWElogs[46369]: CROP, 1626310880943061019, BOM, 12
<134>2021-07-15T01:01:29Z cache-itm18851 MEWElogs[46369]: CROP, 1626310888060500678, ITM, 12
<134>2021-07-15T01:01:51Z cache-pao17461 MEWElogs[46369]: CROP, 1626310910772082118, PAO, 12
<134>2021-07-15T01:01:52Z cache-cgh11122 MEWElogs[46369]: CROP, 1626310912401594755, CGH, 12
<134>2021-07-15T01:01:55Z cache-pao17461 MEWElogs[46369]: CROP, 1626310915003212725, PAO, 12
<134>2021-07-15T01:02:00Z cache-pao17461 MEWElogs[46369]: CROP, 1626310919168948818, PAO, 12
<134>2021-07-15T01:02:02Z cache-syd10183 MEWElogs[46369]: CROP, 1626310921014542427, SYD, 12
<134>2021-07-15T01:02:06Z cache-syd10183 MEWElogs[46369]: CROP, 1626310925795204158, SYD, 12
<134>2021-07-15T01:02:07Z cache-stl4834 MEWElogs[46369]: CROP, 1626310926511492348, STL, 12
<134>2021-07-15T01:02:12Z cache-itm18851 MEWElogs[46369]: CROP, 1626310931556625347, ITM, 12
<134>2021-07-15T01:02:17Z cache-pao17461 MEWElogs[46369]: CROP, 1626310935994162313, PAO, 12
<134>2021-07-15T01:02:22Z cache-gig17035 MEWElogs[46369]: CROP, 1626310941713233148, GIG, 12
<134>2021-07-15T01:02:27Z cache-gig17035 MEWElogs[46369]: CROP, 1626310946982486164, GIG, 12
<134>2021-07-15T01:02:29Z cache-scl19427 MEWElogs[46369]: CROP, 1626310948888446982, SCL, 12
<134>2021-07-15T01:02:37Z cache-gig17035 MEWElogs[46369]: CROP, 1626310957105097984, GIG, 12
<134>2021-07-15T01:02:41Z cache-stl4834 MEWElogs[46369]: CROP, 1626310960439489540, STL, 12
<134>2021-07-15T01:02:41Z cache-hnd18722 MEWElogs[46369]: CROP, 1626310960639045077, HND, 12
<134>2021-07-15T01:02:54Z cache-syd10183 MEWElogs[46369]: CROP, 1626310973617902547, SYD, 12
<134>2021-07-15T01:02:54Z cache-pao17461 MEWElogs[46369]: CROP, 1626310973747144958, PAO, 12
<134>2021-07-15T01:03:02Z cache-pao17461 MEWElogs[46369]: CROP, 1626310982416934463, PAO, 12
<134>2021-07-15T01:03:12Z cache-cgh11122 MEWElogs[46369]: CROP, 1626310991664678786, CGH, 12
<134>2021-07-15T01:03:13Z cache-hnd18722 MEWElogs[46369]: CROP, 1626310992556386660, HND, 12
<134>2021-07-15T01:03:16Z cache-itm18851 MEWElogs[46369]: CROP, 1626310995140321635, ITM, 12
<134>2021-07-15T01:03:16Z cache-bom4751 MEWElogs[46369]: CROP, 1626310995315958072, BOM, 12
<134>2021-07-15T01:03:18Z cache-syd10183 MEWElogs[46369]: CROP, 1626310996986462571, SYD, 12
<134>2021-07-15T01:03:38Z cache-syd10183 MEWElogs[46369]: CROP, 1626311016944231261, SYD, 12
<134>2021-07-15T01:03:47Z cache-bma1628 MEWElogs[46369]: CROP, 1626311026296587351, BMA, 12
<134>2021-07-15T01:03:48Z cache-sea4483 MEWElogs[46369]: CROP, 1626311027650737342, SEA, 12
<134>2021-07-15T01:03:50Z cache-pao17461 MEWElogs[46369]: CROP, 1626311029401600132, PAO, 12
<134>2021-07-15T01:04:01Z cache-syd10183 MEWElogs[46369]: CROP, 1626311040730713070, SYD, 12
<134>2021-07-15T01:04:10Z cache-syd10183 MEWElogs[46369]: CROP, 1626311050347032660, SYD, 12
<134>2021-07-15T01:04:11Z cache-bma1628 MEWElogs[46369]: CROP, 1626311050236102428, BMA, 12
<134>2021-07-15T01:04:19Z cache-bma1628 MEWElogs[46369]: CROP, 1626311059068159846, BMA, 12
<134>2021-07-15T01:04:27Z cache-cgh11122 MEWElogs[46369]: CROP, 1626311066906986732, CGH, 12
<134>2021-07-15T01:04:34Z cache-syd10183 MEWElogs[46369]: CROP, 1626311074107887726, SYD, 12
<134>2021-07-15T01:04:39Z cache-itm18851 MEWElogs[46369]: CROP, 1626311077942469529, ITM, 12
<134>2021-07-15T01:05:02Z cache-tyo11974 MEWElogs[46369]: CROP, 1626311101534768519, TYO, 12
<134>2021-07-15T01:05:05Z cache-sjc10078 MEWElogs[46369]: CROP, 1626311105259004744, SJC, 12
<134>2021-07-15T01:05:13Z cache-itm18851 MEWElogs[46369]: CROP, 1626311112013329371, ITM, 12
<134>2021-07-15T01:05:18Z cache-sjc10078 MEWElogs[46369]: CROP, 1626311118211215078, SJC, 12
<134>2021-07-15T01:05:28Z cache-tyo11974 MEWElogs[46369]: CROP, 1626311126971933646, TYO, 12
<134>2021-07-15T01:05:36Z cache-hnd18722 MEWElogs[46369]: CROP, 1626311136709192664, HND, 12
<134>2021-07-15T01:05:58Z cache-sjc10078 MEWElogs[46369]: CROP, 1626311157065262010, SJC, 12
<134>2021-07-15T01:06:08Z cache-sea4483 MEWElogs[46369]: CROP, 1626311167805038725, SEA, 12
<134>2021-07-15T01:06:12Z cache-vie21629 MEWElogs[46369]: CROP, 1626311171689832961, VIE, 12
<134>2021-07-15T01:06:43Z cache-yyz4551 MEWElogs[46369]: CROP, 1626311203051014967, YYZ, 12
<134>2021-07-15T01:07:04Z cache-sea4483 MEWElogs[46369]: CROP, 1626311224388499227, SEA, 12
<134>2021-07-15T01:07:07Z cache-cgh11183 MEWElogs[46369]: CROP, 1626311227236080908, CGH, 12
<134>2021-07-15T01:07:14Z cache-tyo11974 MEWElogs[46369]: CROP, 1626311233392731091, TYO, 12
<134>2021-07-15T01:07:19Z cache-sea4483 MEWElogs[46369]: CROP, 1626311238557049040, SEA, 12
<134>2021-07-15T01:07:25Z cache-yyz4551 MEWElogs[46369]: CROP, 1626311244928798123, YYZ, 12
<134>2021-07-15T01:07:45Z cache-yyz4551 MEWElogs[46369]: CROP, 1626311264370871704, YYZ, 12
<134>2021-07-15T01:07:49Z cache-sjc10078 MEWElogs[46369]: CROP, 1626311268446539657, SJC, 12
<134>2021-07-15T01:07:51Z cache-tyo11974 MEWElogs[46369]: CROP, 1626311271798326100, TYO, 12
<134>2021-07-15T01:07:57Z cache-sea4483 MEWElogs[46369]: CROP, 1626311276758402557, SEA, 12
<134>2021-07-15T01:08:03Z cache-yyz4551 MEWElogs[46369]: CROP, 1626311283419659359, YYZ, 12
<134>2021-07-15T01:08:08Z cache-yyz4551 MEWElogs[46369]: CROP, 1626311287182293542, YYZ, 12
<134>2021-07-15T01:08:19Z cache-cgh11183 MEWElogs[46369]: CROP, 1626311298592220642, CGH, 12
<134>2021-07-15T01:08:36Z cache-cgh11183 MEWElogs[46369]: CROP, 1626311316123314154, CGH, 12
<134>2021-07-15T01:08:38Z cache-yyz4551 MEWElogs[46369]: CROP, 1626311317756096793, YYZ, 12
<134>2021-07-15T01:08:57Z cache-sjc10078 MEWElogs[46369]: CROP, 1626311336684878757, SJC, 12
<134>2021-07-15T01:08:57Z cache-tyo11974 MEWElogs[46369]: CROP, 1626311336667999315, TYO, 12
