<134>2021-07-15T04:07:09Z cache-bog6425 MEWElogs[39982]: ROTATE, 1626322028810355468, BOG, 15
<134>2021-07-15T04:07:13Z cache-ord1740 MEWElogs[39982]: ROTATE, 1626322032809871908, ORD, 15
<134>2021-07-15T04:07:48Z cache-mdw17383 MEWElogs[39982]: ROTATE, 1626322067362777336, MDW, 15
<134>2021-07-15T04:08:40Z cache-cph20625 MEWElogs[39982]: ROTATE, 1626322119818179993, CPH, 15
<134>2021-07-15T04:09:06Z cache-mdw17383 MEWElogs[39982]: ROTATE, 1626322145875148110, MDW, 15
<134>2021-07-15T04:09:55Z cache-cph20625 MEWElogs[39982]: ROTATE, 1626322194871228067, CPH, 15
<134>2021-07-15T04:10:02Z cache-ams21020 MEWElogs[39982]: ROTATE, 1626322201621666954, AMS, 15
<134>2021-07-15T04:11:04Z cache-eze19324 MEWElogs[39982]: ROTATE, 1626322263134798652, EZE, 15
<134>2021-07-15T04:11:04Z cache-ams21020 MEWElogs[39982]: ROTATE, 1626322263270226448, AMS, 15
<134>2021-07-15T04:11:09Z cache-bog6425 MEWElogs[39982]: ROTATE, 1626322268471223279, BOG, 15
<134>2021-07-15T04:11:19Z cache-ams21020 MEWElogs[39982]: ROTATE, 1626322278751702386, AMS, 15
<134>2021-07-15T04:11:29Z cache-cph20625 MEWElogs[39982]: ROTATE, 1626322288475672533, CPH, 15
<134>2021-07-15T04:12:49Z cache-wdc5583 MEWElogs[39982]: ROTATE, 1626322369374910826, WDC, 15
<134>2021-07-15T04:13:22Z cache-wdc5583 MEWElogs[39982]: ROTATE, 1626322401631916589, WDC, 15
<134>2021-07-15T04:13:46Z cache-maa10251 MEWElogs[39982]: ROTATE, 1626322425578244605, MAA, 15
<134>2021-07-15T04:13:54Z cache-wdc5583 MEWElogs[39982]: ROTATE, 1626322434257438570, WDC, 15
<134>2021-07-15T04:14:05Z cache-wdc5583 MEWElogs[39982]: ROTATE, 1626322444562372326, WDC, 15
<134>2021-07-15T04:15:00Z cache-eze19324 MEWElogs[39982]: ROTATE, 1626322500083911583, EZE, 15
<134>2021-07-15T04:15:18Z cache-maa10251 MEWElogs[39982]: ROTATE, 1626322518674562553, MAA, 15
<134>2021-07-15T04:15:23Z cache-cph20625 MEWElogs[39982]: ROTATE, 1626322522879631756, CPH, 15
