<134>2021-07-14T22:52:18Z cache-cdg20720 MEWElogs[390968]: BLUR, 1626303137578908128, CDG, 11
<134>2021-07-14T22:52:42Z cache-gru17149 MEWElogs[390968]: BLUR, 1626303162415424861, GRU, 11
<134>2021-07-14T22:52:51Z cache-mel11272 MEWElogs[390968]: BLUR, 1626303170688711207, MEL, 11
<134>2021-07-14T22:53:59Z cache-cdg20720 MEWElogs[390968]: BLUR, 1626303238029936359, CDG, 11
<134>2021-07-14T22:54:09Z cache-lga21983 MEWElogs[390968]: BLUR, 1626303249372088122, LGA, 11
<134>2021-07-14T22:54:30Z cache-gig17035 MEWElogs[390968]: BLUR, 1626303270610055088, GIG, 11
<134>2021-07-14T22:54:52Z cache-gig17035 MEWElogs[390968]: BLUR, 1626303291660769080, GIG, 11
<134>2021-07-14T22:55:01Z cache-scl19427 MEWElogs[390968]: BLUR, 1626303300552148014, SCL, 11
<134>2021-07-14T22:55:04Z cache-gru17149 MEWElogs[390968]: BLUR, 1626303303519294527, GRU, 11
<134>2021-07-14T22:55:14Z cache-gig17035 MEWElogs[390968]: BLUR, 1626303313695525640, GIG, 11
<134>2021-07-14T22:55:15Z cache-ewr18156 MEWElogs[390968]: BLUR, 1626303315310593352, EWR, 11
<134>2021-07-14T22:56:07Z cache-osl6529 MEWElogs[390968]: BLUR, 1626303366855190027, OSL, 11
<134>2021-07-14T22:56:40Z cache-gru17149 MEWElogs[390968]: BLUR, 1626303399167923545, GRU, 11
<134>2021-07-14T22:56:41Z cache-man4150 MEWElogs[390968]: BLUR, 1626303400100442714, MAN, 11
<134>2021-07-14T22:56:56Z cache-gig17035 MEWElogs[390968]: BLUR, 1626303415708833518, GIG, 11
<134>2021-07-14T22:56:56Z cache-gru17149 MEWElogs[390968]: BLUR, 1626303415099447994, GRU, 11
<134>2021-07-14T22:58:34Z cache-osl6529 MEWElogs[390968]: BLUR, 1626303514607550737, OSL, 11
<134>2021-07-14T22:58:48Z cache-gru17149 MEWElogs[390968]: BLUR, 1626303527914264577, GRU, 11
<134>2021-07-14T22:58:59Z cache-bom4751 MEWElogs[390968]: BLUR, 1626303539218109588, BOM, 11
<134>2021-07-14T22:59:10Z cache-ewr18156 MEWElogs[390968]: BLUR, 1626303550085611561, EWR, 11
<134>2021-07-14T22:59:19Z cache-osl6529 MEWElogs[390968]: BLUR, 1626303558276660077, OSL, 11
<134>2021-07-14T23:00:16Z cache-mel11272 MEWElogs[390968]: BLUR, 1626303615416024055, MEL, 11
<134>2021-07-14T23:00:58Z cache-bom4751 MEWElogs[390968]: BLUR, 1626303656972811642, BOM, 11
