<134>2021-07-15T07:43:25Z cache-osl6529 MEWElogs[464521]: UNSH, 1626335004118572554, OSL, 16
<134>2021-07-15T07:43:26Z cache-lax10677 MEWElogs[464521]: UNSH, 1626335005576123461, LGB, 16
<134>2021-07-15T07:43:41Z cache-lga21983 MEWElogs[464521]: UNSH, 1626335020449309869, LGA, 16
<134>2021-07-15T07:43:57Z cache-ewr18156 MEWElogs[464521]: UNSH, 1626335036875372086, EWR, 16
<134>2021-07-15T07:44:17Z cache-lga21983 MEWElogs[464521]: UNSH, 1626335056904064610, LGA, 16
<134>2021-07-15T07:44:51Z cache-man4150 MEWElogs[464521]: UNSH, 1626335090645823679, MAN, 16
<134>2021-07-15T07:45:01Z cache-lhr7382 MEWElogs[464521]: UNSH, 1626335100510102038, LHR, 16
<134>2021-07-15T07:45:28Z cache-lhr7382 MEWElogs[464521]: UNSH, 1626335127416490036, LHR, 16
<134>2021-07-15T07:45:54Z cache-jax20933 MEWElogs[464521]: UNSH, 1626335153225624144, JAX, 16
<134>2021-07-15T07:46:22Z cache-lga21983 MEWElogs[464521]: UNSH, 1626335181968263049, LGA, 16
<134>2021-07-15T07:46:49Z cache-jax20933 MEWElogs[464521]: UNSH, 1626335209233477776, JAX, 16
<134>2021-07-15T07:48:37Z cache-cdg20720 MEWElogs[464521]: UNSH, 1626335316562327566, CDG, 16
<134>2021-07-15T07:48:37Z cache-mel11272 MEWElogs[464521]: UNSH, 1626335316945019959, MEL, 16
<134>2021-07-15T07:48:44Z cache-pao17461 MEWElogs[464521]: UNSH, 1626335323317418116, PAO, 16
<134>2021-07-15T07:49:07Z cache-jax20933 MEWElogs[464521]: UNSH, 1626335346457289819, JAX, 16
<134>2021-07-15T07:49:21Z cache-cdg20720 MEWElogs[464521]: UNSH, 1626335360782084720, CDG, 16
<134>2021-07-15T07:49:24Z cache-gru17149 MEWElogs[464521]: UNSH, 1626335363919631187, GRU, 16
<134>2021-07-15T07:49:28Z cache-pao17461 MEWElogs[464521]: UNSH, 1626335368144283703, PAO, 16
<134>2021-07-15T07:49:36Z cache-scl19427 MEWElogs[464521]: UNSH, 1626335375180046848, SCL, 16
<134>2021-07-15T07:49:59Z cache-scl19427 MEWElogs[464521]: UNSH, 1626335399064806239, SCL, 16
<134>2021-07-15T07:50:32Z cache-gig17035 MEWElogs[464521]: UNSH, 1626335431796694113, GIG, 16
<134>2021-07-15T07:50:35Z cache-scl19427 MEWElogs[464521]: UNSH, 1626335434158312699, SCL, 16
<134>2021-07-15T07:50:43Z cache-gig17035 MEWElogs[464521]: UNSH, 1626335442839845215, GIG, 16
<134>2021-07-15T07:50:46Z cache-gru17149 MEWElogs[464521]: UNSH, 1626335445628955655, GRU, 16
<134>2021-07-15T07:50:51Z cache-jax20933 MEWElogs[464521]: UNSH, 1626335450026970952, JAX, 16
<134>2021-07-15T07:51:01Z cache-jax20933 MEWElogs[464521]: UNSH, 1626335460928445445, JAX, 16
<134>2021-07-15T07:51:58Z cache-syd10183 MEWElogs[464521]: UNSH, 1626335517100965606, SYD, 16
<134>2021-07-15T07:52:36Z cache-stl4834 MEWElogs[464521]: UNSH, 1626335555236118348, STL, 16
<134>2021-07-15T07:53:03Z cache-hnd18722 MEWElogs[464521]: UNSH, 1626335582522302905, HND, 16
<134>2021-07-15T07:53:10Z cache-itm18851 MEWElogs[464521]: UNSH, 1626335589355312461, ITM, 16
