<134>2021-07-15T04:27:53Z cache-dfw18678 MEWElogs[322581]: ROTATE, 1626323272732859379, DFW, 15
<134>2021-07-15T04:28:09Z cache-akl10324 MEWElogs[322581]: ROTATE, 1626323288769632015, AKL, 15
<134>2021-07-15T04:28:14Z cache-dub4329 MEWElogs[322581]: ROTATE, 1626323294244838441, DUB, 15
<134>2021-07-15T04:28:58Z cache-chi21126 MEWElogs[322581]: ROTATE, 1626323337567387746, CHI, 15
<134>2021-07-15T04:29:07Z cache-del21735 MEWElogs[322581]: ROTATE, 1626323346858797206, DEL, 15
<134>2021-07-15T04:29:15Z cache-fty21383 MEWElogs[322581]: ROTATE, 1626323354287704285, FTY, 15
<134>2021-07-15T04:29:29Z cache-bos4657 MEWElogs[322581]: ROTATE, 1626323368892919146, BOS, 15
<134>2021-07-15T04:31:05Z cache-dfw18678 MEWElogs[322581]: ROTATE, 1626323464714730395, DFW, 15
<134>2021-07-15T04:31:14Z cache-cwb20520 MEWElogs[322581]: ROTATE, 1626323472984660990, CWB, 15
<134>2021-07-15T04:31:29Z cache-dub4329 MEWElogs[322581]: ROTATE, 1626323488384494627, DUB, 15
<134>2021-07-15T04:31:41Z cache-hhn4077 MEWElogs[322581]: ROTATE, 1626323500768244648, HHN, 15
<134>2021-07-15T04:32:02Z cache-akl10324 MEWElogs[322581]: ROTATE, 1626323521785931758, AKL, 15
<134>2021-07-15T04:32:52Z cache-bos4657 MEWElogs[322581]: ROTATE, 1626323571381523393, BOS, 15
<134>2021-07-15T04:33:17Z cache-akl10324 MEWElogs[322581]: ROTATE, 1626323596032314312, AKL, 15
<134>2021-07-15T04:33:57Z cache-dub4329 MEWElogs[322581]: ROTATE, 1626323636490347111, DUB, 15
<134>2021-07-15T04:34:07Z cache-chi21126 MEWElogs[322581]: ROTATE, 1626323646942952542, CHI, 15
<134>2021-07-15T04:34:11Z cache-hhn4077 MEWElogs[322581]: ROTATE, 1626323650668867167, HHN, 15
<134>2021-07-15T04:34:14Z cache-bos4657 MEWElogs[322581]: ROTATE, 1626323653836978380, BOS, 15
<134>2021-07-15T04:34:42Z cache-cwb20520 MEWElogs[322581]: ROTATE, 1626323680976556579, CWB, 15
<134>2021-07-15T04:34:57Z cache-fty21383 MEWElogs[322581]: ROTATE, 1626323696869389498, FTY, 15
<134>2021-07-15T04:35:09Z cache-chi21126 MEWElogs[322581]: ROTATE, 1626323708903703485, CHI, 15
<134>2021-07-15T04:35:59Z cache-hhn4077 MEWElogs[322581]: ROTATE, 1626323759184741214, HHN, 15
<134>2021-07-15T04:36:49Z cache-hhn4077 MEWElogs[322581]: ROTATE, 1626323809051810095, HHN, 15
<134>2021-07-15T04:37:28Z cache-hel6829 MEWElogs[322581]: ROTATE, 1626323848663562020, HEL, 15
