<134>2021-07-15T00:53:20Z cache-lax10677 MEWElogs[418388]: CROP, 1626310399168700231, LGB, 12
<134>2021-07-15T00:53:23Z cache-yul12826 MEWElogs[418388]: CROP, 1626310403310609784, YUL, 12
<134>2021-07-15T00:53:28Z cache-lga21983 MEWElogs[418388]: CROP, 1626310407229577548, LGA, 12
<134>2021-07-15T00:53:40Z cache-jax20933 MEWElogs[418388]: CROP, 1626310419717047033, JAX, 12
<134>2021-07-15T00:53:42Z cache-yul12826 MEWElogs[418388]: CROP, 1626310421996165813, YUL, 12
<134>2021-07-15T00:53:43Z cache-ewr18156 MEWElogs[418388]: CROP, 1626310422655195411, EWR, 12
<134>2021-07-15T00:53:46Z cache-osl6529 MEWElogs[418388]: CROP, 1626310425027998506, OSL, 12
<134>2021-07-15T00:54:04Z cache-osl6529 MEWElogs[418388]: CROP, 1626310444815739121, OSL, 12
<134>2021-07-15T00:54:20Z cache-lax10677 MEWElogs[418388]: CROP, 1626310459990124313, LGB, 12
<134>2021-07-15T00:54:35Z cache-mia11368 MEWElogs[418388]: CROP, 1626310474948727460, MIA, 12
<134>2021-07-15T00:54:36Z cache-ewr18156 MEWElogs[418388]: CROP, 1626310475758174936, EWR, 12
<134>2021-07-15T00:54:43Z cache-ewr18156 MEWElogs[418388]: CROP, 1626310483143477350, EWR, 12
<134>2021-07-15T00:54:47Z cache-lga21983 MEWElogs[418388]: CROP, 1626310487507368032, LGA, 12
<134>2021-07-15T00:54:48Z cache-osl6529 MEWElogs[418388]: CROP, 1626310487815205998, OSL, 12
<134>2021-07-15T00:55:00Z cache-jax20933 MEWElogs[418388]: CROP, 1626310500250658669, JAX, 12
<134>2021-07-15T00:55:15Z cache-gig17035 MEWElogs[418388]: CROP, 1626310514358488956, GIG, 12
<134>2021-07-15T00:55:28Z cache-osl6529 MEWElogs[418388]: CROP, 1626310527752510614, OSL, 12
<134>2021-07-15T00:55:49Z cache-mel11272 MEWElogs[418388]: CROP, 1626310548322581381, MEL, 12
<134>2021-07-15T00:55:53Z cache-lga21983 MEWElogs[418388]: CROP, 1626310552846940496, LGA, 12
<134>2021-07-15T00:56:08Z cache-yul12826 MEWElogs[418388]: CROP, 1626310567761958102, YUL, 12
<134>2021-07-15T00:56:08Z cache-lga21983 MEWElogs[418388]: CROP, 1626310568695613122, LGA, 12
<134>2021-07-15T00:56:14Z cache-osl6529 MEWElogs[418388]: CROP, 1626310573325902762, OSL, 12
<134>2021-07-15T00:56:17Z cache-lga21983 MEWElogs[418388]: CROP, 1626310577116574106, LGA, 12
<134>2021-07-15T00:56:20Z cache-osl6529 MEWElogs[418388]: CROP, 1626310579074434842, OSL, 12
<134>2021-07-15T00:56:25Z cache-lga21983 MEWElogs[418388]: CROP, 1626310584934088255, LGA, 12
<134>2021-07-15T00:56:28Z cache-gig17035 MEWElogs[418388]: CROP, 1626310588536753864, GIG, 12
<134>2021-07-15T00:56:34Z cache-scl19427 MEWElogs[418388]: CROP, 1626310593744666991, SCL, 12
<134>2021-07-15T00:56:41Z cache-lga21983 MEWElogs[418388]: CROP, 1626310600927303312, LGA, 12
<134>2021-07-15T00:56:50Z cache-lga21983 MEWElogs[418388]: CROP, 1626310609153040726, LGA, 12
<134>2021-07-15T00:57:20Z cache-gru17149 MEWElogs[418388]: CROP, 1626310639533117289, GRU, 12
<134>2021-07-15T00:57:41Z cache-gru17149 MEWElogs[418388]: CROP, 1626310660141703116, GRU, 12
<134>2021-07-15T00:57:45Z cache-gru17149 MEWElogs[418388]: CROP, 1626310664207197581, GRU, 12
<134>2021-07-15T00:57:54Z cache-osl6529 MEWElogs[418388]: CROP, 1626310673711086070, OSL, 12
<134>2021-07-15T00:58:13Z cache-bom4751 MEWElogs[418388]: CROP, 1626310693400265504, BOM, 12
<134>2021-07-15T00:58:32Z cache-cgh11122 MEWElogs[418388]: CROP, 1626310712350715655, CGH, 12
<134>2021-07-15T00:58:42Z cache-stl4834 MEWElogs[418388]: CROP, 1626310722087467081, STL, 12
<134>2021-07-15T00:58:51Z cache-syd10183 MEWElogs[418388]: CROP, 1626310730703287643, SYD, 12
<134>2021-07-15T00:58:55Z cache-gru17149 MEWElogs[418388]: CROP, 1626310734051577408, GRU, 12
<134>2021-07-15T00:59:15Z cache-syd10183 MEWElogs[418388]: CROP, 1626310754280525461, SYD, 12
<134>2021-07-15T00:59:46Z cache-hnd18722 MEWElogs[418388]: CROP, 1626310784992112383, HND, 12
<134>2021-07-15T01:00:01Z cache-scl19427 MEWElogs[418388]: CROP, 1626310800389618067, SCL, 12
<134>2021-07-15T01:00:32Z cache-cgh11122 MEWElogs[418388]: CROP, 1626310831787131300, CGH, 12
<134>2021-07-15T01:00:41Z cache-gru17149 MEWElogs[418388]: CROP, 1626310840186225232, GRU, 12
<134>2021-07-15T01:00:41Z cache-bom4751 MEWElogs[418388]: CROP, 1626310840392770009, BOM, 12
<134>2021-07-15T01:00:55Z cache-pao17461 MEWElogs[418388]: CROP, 1626310855278307664, PAO, 12
<134>2021-07-15T01:00:59Z cache-syd10183 MEWElogs[418388]: CROP, 1626310858768577531, SYD, 12
<134>2021-07-15T01:01:19Z cache-gig17035 MEWElogs[418388]: CROP, 1626310879108768513, GIG, 12
<134>2021-07-15T01:01:22Z cache-pao17461 MEWElogs[418388]: CROP, 1626310881315681128, PAO, 12
<134>2021-07-15T01:01:39Z cache-gru17149 MEWElogs[418388]: CROP, 1626310898265843171, GRU, 12
<134>2021-07-15T01:01:41Z cache-scl19427 MEWElogs[418388]: CROP, 1626310901434085713, SCL, 12
<134>2021-07-15T01:02:06Z cache-cgh11122 MEWElogs[418388]: CROP, 1626310925544459962, CGH, 12
<134>2021-07-15T01:02:16Z cache-itm18851 MEWElogs[418388]: CROP, 1626310936399979851, ITM, 12
<134>2021-07-15T01:02:26Z cache-sea4483 MEWElogs[418388]: CROP, 1626310946223177519, SEA, 12
<134>2021-07-15T01:02:28Z cache-stl4834 MEWElogs[418388]: CROP, 1626310947636744303, STL, 12
<134>2021-07-15T01:02:37Z cache-stl4834 MEWElogs[418388]: CROP, 1626310956192760283, STL, 12
<134>2021-07-15T01:02:59Z cache-syd10183 MEWElogs[418388]: CROP, 1626310978282152748, SYD, 12
<134>2021-07-15T01:03:07Z cache-cgh11122 MEWElogs[418388]: CROP, 1626310987297156100, CGH, 12
<134>2021-07-15T01:03:07Z cache-gig17035 MEWElogs[418388]: CROP, 1626310987797956611, GIG, 12
<134>2021-07-15T01:03:16Z cache-pao17461 MEWElogs[418388]: CROP, 1626310995555651301, PAO, 12
