<134>2021-07-14T16:42:07Z cache-cph20625 MEWElogs[369035]: FLIPH, 1626280926588050212, CPH, -1
<134>2021-07-14T16:42:17Z cache-wdc5583 MEWElogs[369035]: FLIPH, 1626280936403573104, WDC, -1
<134>2021-07-14T16:42:17Z cache-chi21126 MEWElogs[369035]: FLIPH, 1626280936485615509, CHI, -1
<134>2021-07-14T16:42:20Z cache-cmh21547 MEWElogs[369035]: FLIPH, 1626280939854757027, CMH, 10
<134>2021-07-14T16:42:24Z cache-maa10251 MEWElogs[369035]: FLIPH, 1626280943974774948, MAA, -1
<134>2021-07-14T16:42:31Z cache-akl10324 MEWElogs[369035]: FLIPH, 1626280950225798802, AKL, 10
<134>2021-07-14T16:42:41Z cache-eze19324 MEWElogs[369035]: FLIPH, 1626280960953368325, EZE, -1
<134>2021-07-14T16:42:57Z cache-maa10251 MEWElogs[369035]: FLIPH, 1626280976247594348, MAA, 10
<134>2021-07-14T16:43:17Z cache-fty21383 MEWElogs[369035]: FLIPH, 1626280997791260921, FTY, -1
<134>2021-07-14T16:43:21Z cache-fty21383 MEWElogs[369035]: FLIPH, 1626281000348877778, FTY, 10
<134>2021-07-14T16:43:43Z cache-cmh21547 MEWElogs[369035]: FLIPH, 1626281022785732444, CMH, -1
<134>2021-07-14T16:43:47Z cache-bos4657 MEWElogs[369035]: FLIPH, 1626281026129882928, BOS, -1
<134>2021-07-14T16:43:49Z cache-dfw18678 MEWElogs[369035]: FLIPH, 1626281028888868369, DFW, 10
<134>2021-07-14T16:44:01Z cache-akl10324 MEWElogs[369035]: FLIPH, 1626281040323714816, AKL, 10
<134>2021-07-14T16:44:08Z cache-akl10324 MEWElogs[369035]: FLIPH, 1626281047669983140, AKL, -1
<134>2021-07-14T16:44:10Z cache-dfw18678 MEWElogs[369035]: FLIPH, 1626281050762012916, DFW, 10
<134>2021-07-14T16:44:15Z cache-fty21383 MEWElogs[369035]: FLIPH, 1626281055440530354, FTY, -1
<134>2021-07-14T16:44:24Z cache-cph20625 MEWElogs[369035]: FLIPH, 1626281064159152018, CPH, 10
<134>2021-07-14T16:44:28Z cache-akl10324 MEWElogs[369035]: FLIPH, 1626281067999424045, AKL, -1
<134>2021-07-14T16:44:31Z cache-akl10324 MEWElogs[369035]: FLIPH, 1626281070495628873, AKL, 10
<134>2021-07-14T16:44:33Z cache-del21735 MEWElogs[369035]: FLIPH, 1626281072529820996, DEL, 10
<134>2021-07-14T16:44:40Z cache-fty21383 MEWElogs[369035]: FLIPH, 1626281080031065936, FTY, -1
<134>2021-07-14T16:44:40Z cache-del21735 MEWElogs[369035]: FLIPH, 1626281079540713116, DEL, -1
<134>2021-07-14T16:44:40Z cache-cmh21547 MEWElogs[369035]: FLIPH, 1626281080888474140, CMH, 10
<134>2021-07-14T16:44:41Z cache-akl10324 MEWElogs[369035]: FLIPH, 1626281080347840809, AKL, 10
<134>2021-07-14T16:45:38Z cache-fty21383 MEWElogs[369035]: FLIPH, 1626281138480519470, FTY, -1
<134>2021-07-14T16:45:39Z cache-eze19324 MEWElogs[369035]: FLIPH, 1626281138380238338, EZE, -1
<134>2021-07-14T16:45:43Z cache-cph20625 MEWElogs[369035]: FLIPH, 1626281142488464005, CPH, 10
<134>2021-07-14T16:45:48Z cache-dfw18678 MEWElogs[369035]: FLIPH, 1626281148026857341, DFW, -1
<134>2021-07-14T16:46:06Z cache-fty21383 MEWElogs[369035]: FLIPH, 1626281165623801352, FTY, 10
<134>2021-07-14T16:46:10Z cache-pwk4920 MEWElogs[369035]: FLIPH, 1626281169702319234, PWK, 10
<134>2021-07-14T16:46:22Z cache-cph20625 MEWElogs[369035]: FLIPH, 1626281182104621807, CPH, -1
<134>2021-07-14T16:46:27Z cache-chi21126 MEWElogs[369035]: FLIPH, 1626281186031435702, CHI, 10
<134>2021-07-14T16:46:29Z cache-dub4329 MEWElogs[369035]: FLIPH, 1626281188964894997, DUB, -1
<134>2021-07-14T16:46:31Z cache-fty21383 MEWElogs[369035]: FLIPH, 1626281190112322271, FTY, 10
<134>2021-07-14T16:46:36Z cache-hhn4077 MEWElogs[369035]: FLIPH, 1626281195917167543, HHN, -1
<134>2021-07-14T16:46:50Z cache-pwk4920 MEWElogs[369035]: FLIPH, 1626281209539355626, PWK, 10
<134>2021-07-14T16:46:52Z cache-fty21383 MEWElogs[369035]: FLIPH, 1626281212213818799, FTY, -1
<134>2021-07-14T16:46:55Z cache-fty21383 MEWElogs[369035]: FLIPH, 1626281214746876859, FTY, 10
<134>2021-07-14T16:46:58Z cache-dfw18678 MEWElogs[369035]: FLIPH, 1626281217900390071, DFW, 10
<134>2021-07-14T16:47:00Z cache-cph20625 MEWElogs[369035]: FLIPH, 1626281219768295235, CPH, 10
<134>2021-07-14T16:47:18Z cache-cph20625 MEWElogs[369035]: FLIPH, 1626281237632423052, CPH, -1
<134>2021-07-14T16:47:21Z cache-del21735 MEWElogs[369035]: FLIPH, 1626281241076570753, DEL, -1
<134>2021-07-14T16:47:35Z cache-hhn4077 MEWElogs[369035]: FLIPH, 1626281254760017265, HHN, 10
<134>2021-07-14T16:47:42Z cache-dub4329 MEWElogs[369035]: FLIPH, 1626281262158437211, DUB, 10
<134>2021-07-14T16:47:47Z cache-chi21126 MEWElogs[369035]: FLIPH, 1626281267315069782, CHI, -1
<134>2021-07-14T16:47:55Z cache-dub4329 MEWElogs[369035]: FLIPH, 1626281275674617075, DUB, -1
<134>2021-07-14T16:47:59Z cache-fty21383 MEWElogs[369035]: FLIPH, 1626281278565251161, FTY, -1
<134>2021-07-14T16:48:08Z cache-akl10324 MEWElogs[369035]: FLIPH, 1626281288461785323, AKL, -1
<134>2021-07-14T16:48:29Z cache-dfw18678 MEWElogs[369035]: FLIPH, 1626281308136257606, DFW, 10
<134>2021-07-14T16:48:42Z cache-akl10324 MEWElogs[369035]: FLIPH, 1626281320999838444, AKL, 10
<134>2021-07-14T16:48:44Z cache-fty21383 MEWElogs[369035]: FLIPH, 1626281323183882629, FTY, 10
<134>2021-07-14T16:49:05Z cache-fty21383 MEWElogs[369035]: FLIPH, 1626281345577352899, FTY, -1
<134>2021-07-14T16:49:25Z cache-fty21383 MEWElogs[369035]: FLIPH, 1626281364846774191, FTY, 10
<134>2021-07-14T16:49:33Z cache-dub4329 MEWElogs[369035]: FLIPH, 1626281372883229508, DUB, 10
<134>2021-07-14T16:49:34Z cache-bos4657 MEWElogs[369035]: FLIPH, 1626281373969970954, BOS, 10
<134>2021-07-14T16:49:41Z cache-dub4329 MEWElogs[369035]: FLIPH, 1626281380784426624, DUB, 10
<134>2021-07-14T16:50:09Z cache-dfw18678 MEWElogs[369035]: FLIPH, 1626281409191181614, DFW, 10
<134>2021-07-14T16:50:17Z cache-cph20625 MEWElogs[369035]: FLIPH, 1626281416834452905, CPH, -1
<134>2021-07-14T16:50:20Z cache-akl10324 MEWElogs[369035]: FLIPH, 1626281419495509633, AKL, -1
<134>2021-07-14T16:50:32Z cache-fty21383 MEWElogs[369035]: FLIPH, 1626281431472928237, FTY, 10
<134>2021-07-14T16:50:58Z cache-hhn4077 MEWElogs[369035]: FLIPH, 1626281457824506432, HHN, -1
<134>2021-07-14T16:51:10Z cache-akl10324 MEWElogs[369035]: FLIPH, 1626281469053051074, AKL, -1
<134>2021-07-14T16:51:10Z cache-bos4657 MEWElogs[369035]: FLIPH, 1626281470104364762, BOS, -1
<134>2021-07-14T16:51:13Z cache-bos4657 MEWElogs[369035]: FLIPH, 1626281473011863454, BOS, 10
<134>2021-07-14T16:51:20Z cache-akl10324 MEWElogs[369035]: FLIPH, 1626281479079292199, AKL, -1
<134>2021-07-14T16:51:30Z cache-pwk4920 MEWElogs[369035]: FLIPH, 1626281489253524374, PWK, 10
<134>2021-07-14T16:51:30Z cache-dub4329 MEWElogs[369035]: FLIPH, 1626281489640383051, DUB, -1
<134>2021-07-14T16:51:41Z cache-dub4329 MEWElogs[369035]: FLIPH, 1626281500191373518, DUB, 10
<134>2021-07-14T16:51:43Z cache-fty21383 MEWElogs[369035]: FLIPH, 1626281503345265949, FTY, -1
<134>2021-07-14T16:51:46Z cache-del21735 MEWElogs[369035]: FLIPH, 1626281505610848075, DEL, -1
<134>2021-07-14T16:51:49Z cache-dfw18678 MEWElogs[369035]: FLIPH, 1626281508699283928, DFW, 10
<134>2021-07-14T16:51:59Z cache-akl10324 MEWElogs[369035]: FLIPH, 1626281518711012272, AKL, -1
