<134>2021-07-14T16:41:55Z cache-eze19324 MEWElogs[292213]: FLIPH, 1626280914648193278, EZE, -1
<134>2021-07-14T16:41:58Z cache-cmh21547 MEWElogs[292213]: FLIPH, 1626280918169544601, CMH, 10
<134>2021-07-14T16:42:11Z cache-bog6425 MEWElogs[292213]: FLIPH, 1626280930707659179, BOG, -1
<134>2021-07-14T16:42:48Z cache-akl10324 MEWElogs[292213]: FLIPH, 1626280967815883586, AKL, -1
<134>2021-07-14T16:42:49Z cache-cmh21547 MEWElogs[292213]: FLIPH, 1626280968466457398, CMH, -1
<134>2021-07-14T16:43:05Z cache-mdw17383 MEWElogs[292213]: FLIPH, 1626280984739005205, MDW, 10
<134>2021-07-14T16:43:13Z cache-bog6425 MEWElogs[292213]: FLIPH, 1626280992420858192, BOG, 10
<134>2021-07-14T16:43:22Z cache-cmh21547 MEWElogs[292213]: FLIPH, 1626281001134130980, CMH, -1
<134>2021-07-14T16:43:46Z cache-fty21383 MEWElogs[292213]: FLIPH, 1626281025106843121, FTY, 10
<134>2021-07-14T16:43:50Z cache-bos4657 MEWElogs[292213]: FLIPH, 1626281028975300515, BOS, 10
<134>2021-07-14T16:44:02Z cache-wdc5583 MEWElogs[292213]: FLIPH, 1626281041749605449, WDC, 10
<134>2021-07-14T16:44:31Z cache-chi21126 MEWElogs[292213]: FLIPH, 1626281070791236277, CHI, 10
<134>2021-07-14T16:44:33Z cache-dfw18678 MEWElogs[292213]: FLIPH, 1626281072861874374, DFW, 10
<134>2021-07-14T16:44:59Z cache-chi21126 MEWElogs[292213]: FLIPH, 1626281098869562367, CHI, 10
<134>2021-07-14T16:45:08Z cache-mdw17383 MEWElogs[292213]: FLIPH, 1626281107240997466, MDW, 10
<134>2021-07-14T16:45:26Z cache-pwk4920 MEWElogs[292213]: FLIPH, 1626281125871461898, PWK, -1
<134>2021-07-14T16:45:33Z cache-fty21383 MEWElogs[292213]: FLIPH, 1626281132781184548, FTY, 10
<134>2021-07-14T16:45:38Z cache-chi21126 MEWElogs[292213]: FLIPH, 1626281138271021412, CHI, 10
<134>2021-07-14T16:45:49Z cache-del21735 MEWElogs[292213]: FLIPH, 1626281148578363128, DEL, 10
<134>2021-07-14T16:45:56Z cache-bos4657 MEWElogs[292213]: FLIPH, 1626281155907962891, BOS, 10
<134>2021-07-14T16:46:16Z cache-chi21126 MEWElogs[292213]: FLIPH, 1626281176719893865, CHI, 10
<134>2021-07-14T16:46:30Z cache-bos4657 MEWElogs[292213]: FLIPH, 1626281189815421719, BOS, -1
<134>2021-07-14T16:46:45Z cache-dub4329 MEWElogs[292213]: FLIPH, 1626281204701240242, DUB, -1
<134>2021-07-14T16:46:51Z cache-hhn4077 MEWElogs[292213]: FLIPH, 1626281210485285570, HHN, 10
<134>2021-07-14T16:47:15Z cache-bos4657 MEWElogs[292213]: FLIPH, 1626281235301236444, BOS, -1
<134>2021-07-14T16:47:17Z cache-dfw18678 MEWElogs[292213]: FLIPH, 1626281237666311879, DFW, -1
<134>2021-07-14T16:47:21Z cache-akl10324 MEWElogs[292213]: FLIPH, 1626281240471988470, AKL, 10
<134>2021-07-14T16:47:29Z cache-cph20625 MEWElogs[292213]: FLIPH, 1626281248780794918, CPH, -1
<134>2021-07-14T16:47:44Z cache-dfw18678 MEWElogs[292213]: FLIPH, 1626281263597810143, DFW, 10
<134>2021-07-14T16:47:52Z cache-dfw18678 MEWElogs[292213]: FLIPH, 1626281271336560503, DFW, -1
<134>2021-07-14T16:48:00Z cache-chi21126 MEWElogs[292213]: FLIPH, 1626281279928576915, CHI, 10
<134>2021-07-14T16:48:10Z cache-fty21383 MEWElogs[292213]: FLIPH, 1626281289578160669, FTY, 10
<134>2021-07-14T16:48:54Z cache-dub4329 MEWElogs[292213]: FLIPH, 1626281333527346471, DUB, 10
<134>2021-07-14T16:49:06Z cache-chi21126 MEWElogs[292213]: FLIPH, 1626281346738435287, CHI, 10
<134>2021-07-14T16:49:10Z cache-cph20625 MEWElogs[292213]: FLIPH, 1626281349519780918, CPH, -1
<134>2021-07-14T16:49:26Z cache-chi21126 MEWElogs[292213]: FLIPH, 1626281365341306182, CHI, 10
<134>2021-07-14T16:49:33Z cache-del21735 MEWElogs[292213]: FLIPH, 1626281372354767258, DEL, -1
<134>2021-07-14T16:50:06Z cache-dfw18678 MEWElogs[292213]: FLIPH, 1626281405924861379, DFW, -1
<134>2021-07-14T16:50:12Z cache-fty21383 MEWElogs[292213]: FLIPH, 1626281412407907039, FTY, -1
<134>2021-07-14T16:50:16Z cache-bos4657 MEWElogs[292213]: FLIPH, 1626281415747480817, BOS, -1
<134>2021-07-14T16:50:24Z cache-bos4657 MEWElogs[292213]: FLIPH, 1626281424818396065, BOS, -1
<134>2021-07-14T16:50:30Z cache-pwk4920 MEWElogs[292213]: FLIPH, 1626281429138827141, PWK, 10
<134>2021-07-14T16:50:39Z cache-cph20625 MEWElogs[292213]: FLIPH, 1626281438310672904, CPH, -1
<134>2021-07-14T16:50:40Z cache-akl10324 MEWElogs[292213]: FLIPH, 1626281439234347802, AKL, -1
<134>2021-07-14T16:50:43Z cache-dub4329 MEWElogs[292213]: FLIPH, 1626281442578249460, DUB, -1
<134>2021-07-14T16:50:59Z cache-pwk4920 MEWElogs[292213]: FLIPH, 1626281459486759614, PWK, 10
<134>2021-07-14T16:51:04Z cache-cph20625 MEWElogs[292213]: FLIPH, 1626281464232103212, CPH, 10
<134>2021-07-14T16:51:11Z cache-dfw18678 MEWElogs[292213]: FLIPH, 1626281471423552797, DFW, -1
<134>2021-07-14T16:51:49Z cache-del21735 MEWElogs[292213]: FLIPH, 1626281508192393071, DEL, 10
