<134>2021-07-14T17:53:21Z cache-hnd18722 MEWElogs[292213]: FLIPH, 1626285201499562600, HND, 10
<134>2021-07-14T17:53:32Z cache-stl4834 MEWElogs[292213]: FLIPH, 1626285211534270738, STL, -1
<134>2021-07-14T17:53:35Z cache-pao17461 MEWElogs[292213]: FLIPH, 1626285215207109720, PAO, 10
<134>2021-07-14T17:53:36Z cache-scl19427 MEWElogs[292213]: FLIPH, 1626285216085780482, SCL, 10
<134>2021-07-14T17:53:43Z cache-hnd18722 MEWElogs[292213]: FLIPH, 1626285222649934889, HND, 10
<134>2021-07-14T17:53:55Z cache-itm18851 MEWElogs[292213]: FLIPH, 1626285234890384388, ITM, -1
<134>2021-07-14T17:54:09Z cache-gru17149 MEWElogs[292213]: FLIPH, 1626285248107920326, GRU, -1
<134>2021-07-14T17:54:14Z cache-stl4834 MEWElogs[292213]: FLIPH, 1626285253571971039, STL, -1
<134>2021-07-14T17:55:09Z cache-hnd18722 MEWElogs[292213]: FLIPH, 1626285308191827207, HND, 10
<134>2021-07-14T17:55:13Z cache-scl19427 MEWElogs[292213]: FLIPH, 1626285312935145468, SCL, 10
<134>2021-07-14T17:55:34Z cache-sea4483 MEWElogs[292213]: FLIPH, 1626285333951578236, SEA, -1
<134>2021-07-14T17:55:48Z cache-pao17461 MEWElogs[292213]: FLIPH, 1626285348164682245, PAO, -1
<134>2021-07-14T17:56:08Z cache-stl4834 MEWElogs[292213]: FLIPH, 1626285367619748689, STL, -1
<134>2021-07-14T17:56:18Z cache-sea4483 MEWElogs[292213]: FLIPH, 1626285377479074798, SEA, -1
<134>2021-07-14T17:56:29Z cache-stl4834 MEWElogs[292213]: FLIPH, 1626285388381789888, STL, -1
<134>2021-07-14T17:56:29Z cache-tyo11974 MEWElogs[292213]: FLIPH, 1626285388373017244, TYO, -1
<134>2021-07-14T17:56:50Z cache-sjc10078 MEWElogs[292213]: FLIPH, 1626285409873734395, SJC, 10
<134>2021-07-14T17:56:53Z cache-sea4483 MEWElogs[292213]: FLIPH, 1626285413397673834, SEA, 10
<134>2021-07-14T17:56:54Z cache-pao17461 MEWElogs[292213]: FLIPH, 1626285413872242466, PAO, 10
<134>2021-07-14T17:57:00Z cache-tyo11974 MEWElogs[292213]: FLIPH, 1626285419014470008, TYO, 10
<134>2021-07-14T17:57:04Z cache-pao17461 MEWElogs[292213]: FLIPH, 1626285424226883368, PAO, 10
<134>2021-07-14T17:57:34Z cache-tyo11974 MEWElogs[292213]: FLIPH, 1626285453571986233, TYO, -1
<134>2021-07-14T17:57:36Z cache-tyo11974 MEWElogs[292213]: FLIPH, 1626285455884429903, TYO, 10
<134>2021-07-14T17:57:36Z cache-pao17461 MEWElogs[292213]: FLIPH, 1626285455486986386, PAO, 10
<134>2021-07-14T17:58:40Z cache-sea4483 MEWElogs[292213]: FLIPH, 1626285519101072083, SEA, -1
<134>2021-07-14T17:59:01Z cache-sea4483 MEWElogs[292213]: FLIPH, 1626285541067480287, SEA, -1
<134>2021-07-14T17:59:11Z cache-cgh11183 MEWElogs[292213]: FLIPH, 1626285551393342474, CGH, 10
<134>2021-07-14T17:59:27Z cache-stl4834 MEWElogs[292213]: FLIPH, 1626285566023899725, STL, -1
<134>2021-07-14T18:00:18Z cache-sjc10078 MEWElogs[292213]: FLIPH, 1626285617456039411, SJC, 10
<134>2021-07-14T18:00:21Z cache-sea4483 MEWElogs[292213]: FLIPH, 1626285620791686719, SEA, 10
<134>2021-07-14T18:00:30Z cache-cgh11122 MEWElogs[292213]: FLIPH, 1626285629001427929, CGH, -1
<134>2021-07-14T18:00:53Z cache-pao17461 MEWElogs[292213]: FLIPH, 1626285652974533215, PAO, 10
<134>2021-07-14T18:01:10Z cache-sjc10078 MEWElogs[292213]: FLIPH, 1626285669745344141, SJC, 10
<134>2021-07-14T18:01:13Z cache-cgh11122 MEWElogs[292213]: FLIPH, 1626285672984316931, CGH, 10
<134>2021-07-14T18:01:19Z cache-tyo11974 MEWElogs[292213]: FLIPH, 1626285678050624738, TYO, -1
<134>2021-07-14T18:01:20Z cache-cgh11122 MEWElogs[292213]: FLIPH, 1626285680202315655, CGH, -1
<134>2021-07-14T18:01:31Z cache-cgh11122 MEWElogs[292213]: FLIPH, 1626285690439867652, CGH, -1
<134>2021-07-14T18:01:55Z cache-sea4483 MEWElogs[292213]: FLIPH, 1626285715046201898, SEA, -1
<134>2021-07-14T18:02:20Z cache-sea4483 MEWElogs[292213]: FLIPH, 1626285740244305811, SEA, 10
<134>2021-07-14T18:02:22Z cache-cgh11122 MEWElogs[292213]: FLIPH, 1626285741884223487, CGH, -1
<134>2021-07-14T18:02:37Z cache-itm18851 MEWElogs[292213]: FLIPH, 1626285756378240746, ITM, -1
<134>2021-07-14T18:02:52Z cache-tyo11974 MEWElogs[292213]: FLIPH, 1626285771795300228, TYO, 10
<134>2021-07-14T18:03:15Z cache-cgh11183 MEWElogs[292213]: FLIPH, 1626285794292416506, CGH, 10
<134>2021-07-14T18:03:16Z cache-hnd18722 MEWElogs[292213]: FLIPH, 1626285795657260046, HND, -1
