<134>2021-07-15T05:28:41Z cache-scl19427 MEWElogs[400146]: ROTATE, 1626326920159882899, SCL, 15
<134>2021-07-15T05:29:28Z cache-hnd18722 MEWElogs[400146]: ROTATE, 1626326968567763648, HND, 15
<134>2021-07-15T05:29:38Z cache-itm18851 MEWElogs[400146]: ROTATE, 1626326978466661890, ITM, 15
<134>2021-07-15T05:30:42Z cache-sjc10078 MEWElogs[400146]: ROTATE, 1626327041825253395, SJC, 15
<134>2021-07-15T05:30:57Z cache-cgh11183 MEWElogs[400146]: ROTATE, 1626327056870868622, CGH, 15
<134>2021-07-15T05:31:26Z cache-syd10183 MEWElogs[400146]: ROTATE, 1626327085882230024, SYD, 15
<134>2021-07-15T05:31:33Z cache-sea4483 MEWElogs[400146]: ROTATE, 1626327093687297301, SEA, 15
<134>2021-07-15T05:31:52Z cache-bma1628 MEWElogs[400146]: ROTATE, 1626327111463210295, BMA, 15
<134>2021-07-15T05:32:10Z cache-syd10183 MEWElogs[400146]: ROTATE, 1626327129024348233, SYD, 15
<134>2021-07-15T05:32:14Z cache-hnd18722 MEWElogs[400146]: ROTATE, 1626327133531137620, HND, 15
<134>2021-07-15T05:32:20Z cache-sea4483 MEWElogs[400146]: ROTATE, 1626327139320771302, SEA, 15
<134>2021-07-15T05:32:48Z cache-hnd18722 MEWElogs[400146]: ROTATE, 1626327168011434380, HND, 15
<134>2021-07-15T05:33:10Z cache-hnd18722 MEWElogs[400146]: ROTATE, 1626327190346334785, HND, 15
<134>2021-07-15T05:33:13Z cache-syd10183 MEWElogs[400146]: ROTATE, 1626327192780985052, SYD, 15
<134>2021-07-15T05:33:23Z cache-syd10183 MEWElogs[400146]: ROTATE, 1626327203464257296, SYD, 15
<134>2021-07-15T05:33:28Z cache-sjc10078 MEWElogs[400146]: ROTATE, 1626327207755998429, SJC, 15
<134>2021-07-15T05:33:58Z cache-pao17461 MEWElogs[400146]: ROTATE, 1626327238412981480, PAO, 15
<134>2021-07-15T05:34:01Z cache-cgh11183 MEWElogs[400146]: ROTATE, 1626327240355878940, CGH, 15
<134>2021-07-15T05:34:04Z cache-sea4483 MEWElogs[400146]: ROTATE, 1626327244099568329, SEA, 15
<134>2021-07-15T05:34:10Z cache-bma1628 MEWElogs[400146]: ROTATE, 1626327250309412880, BMA, 15
<134>2021-07-15T05:35:26Z cache-sea4483 MEWElogs[400146]: ROTATE, 1626327325727123829, SEA, 15
<134>2021-07-15T05:35:59Z cache-sea4483 MEWElogs[400146]: ROTATE, 1626327359743935126, SEA, 15
<134>2021-07-15T05:37:15Z cache-tyo11974 MEWElogs[400146]: ROTATE, 1626327434946672307, TYO, 15
<134>2021-07-15T05:37:25Z cache-cgh11122 MEWElogs[400146]: ROTATE, 1626327444636640457, CGH, 15
<134>2021-07-15T05:37:42Z cache-sea4483 MEWElogs[400146]: ROTATE, 1626327461820522186, SEA, 15
<134>2021-07-15T05:37:42Z cache-cgh11183 MEWElogs[400146]: ROTATE, 1626327461754936297, CGH, 15
<134>2021-07-15T05:37:56Z cache-bma1628 MEWElogs[400146]: ROTATE, 1626327475657910515, BMA, 15
<134>2021-07-15T05:38:11Z cache-tyo11974 MEWElogs[400146]: ROTATE, 1626327490546230711, TYO, 15
<134>2021-07-15T05:38:14Z cache-sjc10078 MEWElogs[400146]: ROTATE, 1626327494070063159, SJC, 15
<134>2021-07-15T05:38:20Z cache-hnd18722 MEWElogs[400146]: ROTATE, 1626327499851723798, HND, 15
<134>2021-07-15T05:38:31Z cache-bma1628 MEWElogs[400146]: ROTATE, 1626327510530456476, BMA, 15
