<134>2021-07-15T07:33:00Z cache-man4150 MEWElogs[400146]: UNSH, 1626334379520609044, MAN, 16
<134>2021-07-15T07:33:25Z cache-man4150 MEWElogs[400146]: UNSH, 1626334404468795358, MAN, 16
<134>2021-07-15T07:33:32Z cache-cdg20720 MEWElogs[400146]: UNSH, 1626334411210352670, CDG, 16
<134>2021-07-15T07:33:43Z cache-cdg20720 MEWElogs[400146]: UNSH, 1626334422206150987, CDG, 16
<134>2021-07-15T07:33:51Z cache-lga21983 MEWElogs[400146]: UNSH, 1626334430671008600, LGA, 16
<134>2021-07-15T07:33:53Z cache-ewr18156 MEWElogs[400146]: UNSH, 1626334432777929406, EWR, 16
<134>2021-07-15T07:34:18Z cache-jax20933 MEWElogs[400146]: UNSH, 1626334457010982038, JAX, 16
<134>2021-07-15T07:34:37Z cache-cdg20720 MEWElogs[400146]: UNSH, 1626334475965635802, CDG, 16
<134>2021-07-15T07:34:59Z cache-man4150 MEWElogs[400146]: UNSH, 1626334498585251061, MAN, 16
<134>2021-07-15T07:35:31Z cache-bom4751 MEWElogs[400146]: UNSH, 1626334530573308618, BOM, 16
<134>2021-07-15T07:36:01Z cache-ewr18156 MEWElogs[400146]: UNSH, 1626334560242445968, EWR, 16
<134>2021-07-15T07:36:12Z cache-bom4751 MEWElogs[400146]: UNSH, 1626334572681098618, BOM, 16
<134>2021-07-15T07:36:41Z cache-lga21983 MEWElogs[400146]: UNSH, 1626334600802806441, LGA, 16
<134>2021-07-15T07:36:44Z cache-cdg20720 MEWElogs[400146]: UNSH, 1626334602962547502, CDG, 16
<134>2021-07-15T07:37:19Z cache-lga21983 MEWElogs[400146]: UNSH, 1626334639444491882, LGA, 16
<134>2021-07-15T07:37:47Z cache-cdg20720 MEWElogs[400146]: UNSH, 1626334666192475740, CDG, 16
<134>2021-07-15T07:37:49Z cache-ewr18156 MEWElogs[400146]: UNSH, 1626334668406653758, EWR, 16
<134>2021-07-15T07:38:01Z cache-lax10677 MEWElogs[400146]: UNSH, 1626334680985105305, LGB, 16
<134>2021-07-15T07:38:12Z cache-mel11272 MEWElogs[400146]: UNSH, 1626334691231759462, MEL, 16
<134>2021-07-15T07:38:18Z cache-man4150 MEWElogs[400146]: UNSH, 1626334698587885476, MAN, 16
<134>2021-07-15T07:38:22Z cache-lax10677 MEWElogs[400146]: UNSH, 1626334701357856733, LGB, 16
<134>2021-07-15T07:38:25Z cache-jax20933 MEWElogs[400146]: UNSH, 1626334705310637810, JAX, 16
<134>2021-07-15T07:38:27Z cache-ewr18156 MEWElogs[400146]: UNSH, 1626334706608382144, EWR, 16
<134>2021-07-15T07:39:02Z cache-lga21983 MEWElogs[400146]: UNSH, 1626334741790301046, LGA, 16
<134>2021-07-15T07:39:42Z cache-lga21983 MEWElogs[400146]: UNSH, 1626334782139584135, LGA, 16
<134>2021-07-15T07:39:49Z cache-man4150 MEWElogs[400146]: UNSH, 1626334788669469207, MAN, 16
<134>2021-07-15T07:40:16Z cache-mel11272 MEWElogs[400146]: UNSH, 1626334815313981391, MEL, 16
<134>2021-07-15T07:40:24Z cache-man4150 MEWElogs[400146]: UNSH, 1626334823208203940, MAN, 16
<134>2021-07-15T07:40:44Z cache-jax20933 MEWElogs[400146]: UNSH, 1626334843683892459, JAX, 16
<134>2021-07-15T07:40:51Z cache-lax10677 MEWElogs[400146]: UNSH, 1626334850752441328, LGB, 16
<134>2021-07-15T07:41:09Z cache-man4150 MEWElogs[400146]: UNSH, 1626334868245595305, MAN, 16
<134>2021-07-15T07:42:08Z cache-ewr18156 MEWElogs[400146]: UNSH, 1626334927910365320, EWR, 16
<134>2021-07-15T07:42:26Z cache-jax20933 MEWElogs[400146]: UNSH, 1626334945669491517, JAX, 16
<134>2021-07-15T07:42:43Z cache-cdg20720 MEWElogs[400146]: UNSH, 1626334962852701825, CDG, 16
