<134>2021-07-14T23:07:46Z cache-gru17149 MEWElogs[412844]: BLUR, 1626304065668639105, GRU, 11
<134>2021-07-14T23:08:37Z cache-scl19427 MEWElogs[412844]: BLUR, 1626304117355001003, SCL, 11
<134>2021-07-14T23:08:40Z cache-cdg20720 MEWElogs[412844]: BLUR, 1626304118973748150, CDG, 11
<134>2021-07-14T23:09:11Z cache-pao17461 MEWElogs[412844]: BLUR, 1626304151268918036, PAO, 11
<134>2021-07-14T23:09:14Z cache-itm18851 MEWElogs[412844]: BLUR, 1626304153233639817, ITM, 11
<134>2021-07-14T23:10:23Z cache-pao17461 MEWElogs[412844]: BLUR, 1626304222934129050, PAO, 11
<134>2021-07-14T23:10:35Z cache-stl4834 MEWElogs[412844]: BLUR, 1626304234208477337, STL, 11
<134>2021-07-14T23:10:41Z cache-syd10183 MEWElogs[412844]: BLUR, 1626304240901042977, SYD, 11
<134>2021-07-14T23:10:58Z cache-gru17149 MEWElogs[412844]: BLUR, 1626304257032423888, GRU, 11
<134>2021-07-14T23:10:59Z cache-pao17461 MEWElogs[412844]: BLUR, 1626304258675470588, PAO, 11
<134>2021-07-14T23:11:18Z cache-cgh11122 MEWElogs[412844]: BLUR, 1626304277960083352, CGH, 11
<134>2021-07-14T23:11:22Z cache-scl19427 MEWElogs[412844]: BLUR, 1626304282112743884, SCL, 11
<134>2021-07-14T23:11:28Z cache-stl4834 MEWElogs[412844]: BLUR, 1626304288756302414, STL, 11
<134>2021-07-14T23:11:35Z cache-pao17461 MEWElogs[412844]: BLUR, 1626304294583328568, PAO, 11
<134>2021-07-14T23:12:18Z cache-gig17035 MEWElogs[412844]: BLUR, 1626304338025881605, GIG, 11
<134>2021-07-14T23:12:52Z cache-itm18851 MEWElogs[412844]: BLUR, 1626304371664476765, ITM, 11
<134>2021-07-14T23:13:05Z cache-gru17149 MEWElogs[412844]: BLUR, 1626304384335936680, GRU, 11
<134>2021-07-14T23:13:11Z cache-syd10183 MEWElogs[412844]: BLUR, 1626304390849823550, SYD, 11
<134>2021-07-14T23:13:20Z cache-gig17035 MEWElogs[412844]: BLUR, 1626304399794611237, GIG, 11
<134>2021-07-14T23:14:04Z cache-itm18851 MEWElogs[412844]: BLUR, 1626304443470466348, ITM, 11
<134>2021-07-14T23:14:19Z cache-syd10183 MEWElogs[412844]: BLUR, 1626304459103982120, SYD, 11
<134>2021-07-14T23:14:22Z cache-itm18851 MEWElogs[412844]: BLUR, 1626304461667224492, ITM, 11
<134>2021-07-14T23:14:24Z cache-gru17149 MEWElogs[412844]: BLUR, 1626304463266234692, GRU, 11
<134>2021-07-14T23:14:26Z cache-scl19427 MEWElogs[412844]: BLUR, 1626304466396291202, SCL, 11
<134>2021-07-14T23:14:53Z cache-stl4834 MEWElogs[412844]: BLUR, 1626304492576883608, STL, 11
<134>2021-07-14T23:17:03Z cache-pao17461 MEWElogs[412844]: BLUR, 1626304622973275871, PAO, 11
<134>2021-07-14T23:17:27Z cache-hnd18722 MEWElogs[412844]: BLUR, 1626304646694097411, HND, 11
<134>2021-07-14T23:17:39Z cache-stl4834 MEWElogs[412844]: BLUR, 1626304658331229810, STL, 11
