<134>2021-07-14T22:10:10Z cache-bur17583 MEWElogs[390968]: BLUR, 1626300609908964549, BUR, 11
<134>2021-07-14T22:10:15Z cache-iah17271 MEWElogs[390968]: BLUR, 1626300614558811664, IAH, 11
<134>2021-07-14T22:10:30Z cache-mad22068 MEWElogs[390968]: BLUR, 1626300629376161936, MAD, 11
<134>2021-07-14T22:11:33Z cache-lon4249 MEWElogs[390968]: BLUR, 1626300692531574850, LON, 11
<134>2021-07-14T22:11:43Z cache-cwb20520 MEWElogs[390968]: BLUR, 1626300703521414734, CWB, 11
<134>2021-07-14T22:12:28Z cache-dal21283 MEWElogs[390968]: BLUR, 1626300747700248149, DAL, 11
<134>2021-07-14T22:13:01Z cache-mci5951 MEWElogs[390968]: BLUR, 1626300780704757738, MCI, 11
<134>2021-07-14T22:13:57Z cache-cwb20520 MEWElogs[390968]: BLUR, 1626300836659548718, CWB, 11
<134>2021-07-14T22:14:03Z cache-bur17583 MEWElogs[390968]: BLUR, 1626300842904884581, BUR, 11
<134>2021-07-14T22:14:09Z cache-lon4249 MEWElogs[390968]: BLUR, 1626300849318797356, LON, 11
<134>2021-07-14T22:14:10Z cache-mrs10583 MEWElogs[390968]: BLUR, 1626300849878516157, MRS, 11
<134>2021-07-14T22:14:13Z cache-cwb20520 MEWElogs[390968]: BLUR, 1626300852862022799, CWB, 11
<134>2021-07-14T22:14:28Z cache-lhr7382 MEWElogs[390968]: BLUR, 1626300867805037409, LHR, 11
<134>2021-07-14T22:15:07Z cache-lon4249 MEWElogs[390968]: BLUR, 1626300906123942459, LON, 11
<134>2021-07-14T22:16:12Z cache-lhr7382 MEWElogs[390968]: BLUR, 1626300972380263312, LHR, 11
<134>2021-07-14T22:16:46Z cache-mrs10583 MEWElogs[390968]: BLUR, 1626301005590084569, MRS, 11
<134>2021-07-14T22:17:19Z cache-dal21283 MEWElogs[390968]: BLUR, 1626301039389022891, DAL, 11
<134>2021-07-14T22:17:22Z cache-mad22068 MEWElogs[390968]: BLUR, 1626301041766885797, MAD, 11
<134>2021-07-14T22:18:38Z cache-mrs10583 MEWElogs[390968]: BLUR, 1626301117879236103, MRS, 11
<134>2021-07-14T22:19:56Z cache-mia11368 MEWElogs[390968]: BLUR, 1626301195829272248, MIA, 11
