<134>2021-07-15T06:10:59Z cache-mdw17383 MEWElogs[322023]: UNSH, 1626329458886238595, MDW, 16
<134>2021-07-15T06:11:08Z cache-maa10251 MEWElogs[322023]: UNSH, 1626329466944540393, MAA, 16
<134>2021-07-15T06:11:53Z cache-dca17782 MEWElogs[322023]: UNSH, 1626329512506108694, DCA, 16
<134>2021-07-15T06:12:34Z cache-ams21020 MEWElogs[322023]: UNSH, 1626329553936964961, AMS, 16
<134>2021-07-15T06:12:38Z cache-wdc5583 MEWElogs[322023]: UNSH, 1626329557614579023, WDC, 16
<134>2021-07-15T06:14:04Z cache-maa10251 MEWElogs[322023]: UNSH, 1626329644462402216, MAA, 16
<134>2021-07-15T06:14:31Z cache-mdw17383 MEWElogs[322023]: UNSH, 1626329670420044430, MDW, 16
<134>2021-07-15T06:15:28Z cache-pdk17882 MEWElogs[322023]: UNSH, 1626329727444794928, PDK, 16
<134>2021-07-15T06:15:43Z cache-bog6425 MEWElogs[322023]: UNSH, 1626329742511335220, BOG, 16
<134>2021-07-15T06:15:49Z cache-cmh21547 MEWElogs[322023]: UNSH, 1626329748315673136, CMH, 16
<134>2021-07-15T06:16:02Z cache-dca17782 MEWElogs[322023]: UNSH, 1626329761861437868, DCA, 16
<134>2021-07-15T06:16:36Z cache-ord1740 MEWElogs[322023]: UNSH, 1626329795380089293, ORD, 16
<134>2021-07-15T06:16:40Z cache-ams21020 MEWElogs[322023]: UNSH, 1626329799462891660, AMS, 16
<134>2021-07-15T06:17:03Z cache-cph20625 MEWElogs[322023]: UNSH, 1626329822521794824, CPH, 16
<134>2021-07-15T06:17:42Z cache-maa10251 MEWElogs[322023]: UNSH, 1626329861393241001, MAA, 16
<134>2021-07-15T06:17:51Z cache-wdc5583 MEWElogs[322023]: UNSH, 1626329870375411447, WDC, 16
<134>2021-07-15T06:18:04Z cache-pdk17882 MEWElogs[322023]: UNSH, 1626329883479390863, PDK, 16
<134>2021-07-15T06:18:13Z cache-mdw17383 MEWElogs[322023]: UNSH, 1626329892218186514, MDW, 16
<134>2021-07-15T06:19:19Z cache-cmh21547 MEWElogs[322023]: UNSH, 1626329958365715542, CMH, 16
<134>2021-07-15T06:19:58Z cache-bog6425 MEWElogs[322023]: UNSH, 1626329997130609238, BOG, 16
<134>2021-07-15T06:20:21Z cache-pdk17882 MEWElogs[322023]: UNSH, 1626330021825372802, PDK, 16
