<134>2021-07-14T21:20:47Z cache-bos4657 MEWElogs[318405]: BLUR, 1626297647108959888, BOS, 11
<134>2021-07-14T21:21:19Z cache-chi21126 MEWElogs[318405]: BLUR, 1626297678510054194, CHI, 11
<134>2021-07-14T21:22:14Z cache-del21735 MEWElogs[318405]: BLUR, 1626297733426083737, DEL, 11
<134>2021-07-14T21:22:29Z cache-del21735 MEWElogs[318405]: BLUR, 1626297748038648685, DEL, 11
<134>2021-07-14T21:22:57Z cache-dfw18678 MEWElogs[318405]: BLUR, 1626297777250627374, DFW, 11
<134>2021-07-14T21:23:07Z cache-fty21383 MEWElogs[318405]: BLUR, 1626297786579066029, FTY, 11
<134>2021-07-14T21:23:15Z cache-hhn4077 MEWElogs[318405]: BLUR, 1626297794710025798, HHN, 11
<134>2021-07-14T21:23:36Z cache-dfw18678 MEWElogs[318405]: BLUR, 1626297815902549963, DFW, 11
<134>2021-07-14T21:23:56Z cache-akl10324 MEWElogs[318405]: BLUR, 1626297835317246550, AKL, 11
<134>2021-07-14T21:24:11Z cache-chi21126 MEWElogs[318405]: BLUR, 1626297850875132459, CHI, 11
<134>2021-07-14T21:24:35Z cache-dfw18678 MEWElogs[318405]: BLUR, 1626297874405381840, DFW, 11
<134>2021-07-14T21:24:49Z cache-bos4657 MEWElogs[318405]: BLUR, 1626297888336984218, BOS, 11
<134>2021-07-14T21:25:40Z cache-del21735 MEWElogs[318405]: BLUR, 1626297939778060357, DEL, 11
<134>2021-07-14T21:25:50Z cache-akl10324 MEWElogs[318405]: BLUR, 1626297949733790701, AKL, 11
<134>2021-07-14T21:26:08Z cache-bos4657 MEWElogs[318405]: BLUR, 1626297968367269497, BOS, 11
<134>2021-07-14T21:26:38Z cache-hhn4077 MEWElogs[318405]: BLUR, 1626297997515936636, HHN, 11
<134>2021-07-14T21:26:57Z cache-hhn4077 MEWElogs[318405]: BLUR, 1626298016925100257, HHN, 11
<134>2021-07-14T21:27:22Z cache-fty21383 MEWElogs[318405]: BLUR, 1626298041465480543, FTY, 11
<134>2021-07-14T21:27:29Z cache-akl10324 MEWElogs[318405]: BLUR, 1626298049206422607, AKL, 11
<134>2021-07-14T21:27:35Z cache-chi21126 MEWElogs[318405]: BLUR, 1626298054450213446, CHI, 11
<134>2021-07-14T21:27:41Z cache-dub4329 MEWElogs[318405]: BLUR, 1626298061640588271, DUB, 11
<134>2021-07-14T21:27:51Z cache-chi21126 MEWElogs[318405]: BLUR, 1626298071496544311, CHI, 11
<134>2021-07-14T21:28:22Z cache-akl10324 MEWElogs[318405]: BLUR, 1626298101895751899, AKL, 11
<134>2021-07-14T21:29:09Z cache-del21735 MEWElogs[318405]: BLUR, 1626298147897309748, DEL, 11
<134>2021-07-14T21:29:59Z cache-cph20625 MEWElogs[318405]: BLUR, 1626298198737012804, CPH, 11
<134>2021-07-14T21:30:11Z cache-fty21383 MEWElogs[318405]: BLUR, 1626298210695795354, FTY, 11
<134>2021-07-14T21:30:17Z cache-hhn4077 MEWElogs[318405]: BLUR, 1626298217011346856, HHN, 11
