<134>2021-07-15T01:21:32Z cache-ams21020 MEWElogs[292213]: GRAY, 1626312091834203512, AMS, 13
<134>2021-07-15T01:21:42Z cache-mdw17383 MEWElogs[292213]: GRAY, 1626312101516199319, MDW, 13
<134>2021-07-15T01:22:03Z cache-maa10251 MEWElogs[292213]: GRAY, 1626312122863790053, MAA, 13
<134>2021-07-15T01:22:20Z cache-bog6425 MEWElogs[292213]: GRAY, 1626312140053696822, BOG, 13
<134>2021-07-15T01:22:22Z cache-dca17782 MEWElogs[292213]: GRAY, 1626312142562487452, DCA, 13
<134>2021-07-15T01:22:49Z cache-ams21020 MEWElogs[292213]: GRAY, 1626312169502714738, AMS, 13
<134>2021-07-15T01:23:04Z cache-cmh21547 MEWElogs[292213]: GRAY, 1626312184164976204, CMH, 13
<134>2021-07-15T01:23:04Z cache-ord1740 MEWElogs[292213]: GRAY, 1626312183954635641, ORD, 13
<134>2021-07-15T01:23:08Z cache-maa10251 MEWElogs[292213]: GRAY, 1626312187745941944, MAA, 13
<134>2021-07-15T01:23:16Z cache-ord1740 MEWElogs[292213]: GRAY, 1626312195329305885, ORD, 13
<134>2021-07-15T01:23:26Z cache-mdw17383 MEWElogs[292213]: GRAY, 1626312206388410385, MDW, 13
<134>2021-07-15T01:23:27Z cache-pdk17882 MEWElogs[292213]: GRAY, 1626312207317081887, PDK, 13
<134>2021-07-15T01:23:33Z cache-pdk17882 MEWElogs[292213]: GRAY, 1626312213313621869, PDK, 13
<134>2021-07-15T01:23:42Z cache-mdw17383 MEWElogs[292213]: GRAY, 1626312221340856143, MDW, 13
<134>2021-07-15T01:24:08Z cache-bog6425 MEWElogs[292213]: GRAY, 1626312247482275481, BOG, 13
<134>2021-07-15T01:24:12Z cache-ams21020 MEWElogs[292213]: GRAY, 1626312251570732595, AMS, 13
<134>2021-07-15T01:25:09Z cache-pdk17882 MEWElogs[292213]: GRAY, 1626312309535910352, PDK, 13
<134>2021-07-15T01:25:10Z cache-ams21020 MEWElogs[292213]: GRAY, 1626312309062528491, AMS, 13
<134>2021-07-15T01:25:14Z cache-ams21020 MEWElogs[292213]: GRAY, 1626312313821693023, AMS, 13
<134>2021-07-15T01:26:09Z cache-pdk17882 MEWElogs[292213]: GRAY, 1626312369842083726, PDK, 13
<134>2021-07-15T01:26:35Z cache-mdw17383 MEWElogs[292213]: GRAY, 1626312395076304362, MDW, 13
<134>2021-07-15T01:27:00Z cache-ams21020 MEWElogs[292213]: GRAY, 1626312419597999526, AMS, 13
<134>2021-07-15T01:27:04Z cache-ams21020 MEWElogs[292213]: GRAY, 1626312424351549379, AMS, 13
<134>2021-07-15T01:27:37Z cache-mdw17383 MEWElogs[292213]: GRAY, 1626312456082363762, MDW, 13
<134>2021-07-15T01:27:52Z cache-ams21020 MEWElogs[292213]: GRAY, 1626312471821434725, AMS, 13
<134>2021-07-15T01:27:52Z cache-maa10251 MEWElogs[292213]: GRAY, 1626312471710395323, MAA, 13
<134>2021-07-15T01:29:03Z cache-maa10251 MEWElogs[292213]: GRAY, 1626312542793550956, MAA, 13
<134>2021-07-15T01:29:57Z cache-maa10251 MEWElogs[292213]: GRAY, 1626312595974044600, MAA, 13
<134>2021-07-15T01:30:01Z cache-bog6425 MEWElogs[292213]: GRAY, 1626312601120086344, BOG, 13
<134>2021-07-15T01:30:21Z cache-bog6425 MEWElogs[292213]: GRAY, 1626312620996373420, BOG, 13
<134>2021-07-15T01:30:25Z cache-pdk17882 MEWElogs[292213]: GRAY, 1626312625254355157, PDK, 13
<134>2021-07-15T01:30:35Z cache-eze19324 MEWElogs[292213]: GRAY, 1626312635236466799, EZE, 13
<134>2021-07-15T01:30:49Z cache-cmh21547 MEWElogs[292213]: GRAY, 1626312649619488419, CMH, 13
<134>2021-07-15T01:31:09Z cache-dca17782 MEWElogs[292213]: GRAY, 1626312668502118542, DCA, 13
<134>2021-07-15T01:31:09Z cache-eze19324 MEWElogs[292213]: GRAY, 1626312668392259172, EZE, 13
