<134>2021-07-15T01:41:51Z cache-del21735 MEWElogs[39982]: GRAY, 1626313309978665011, DEL, 13
<134>2021-07-15T01:41:57Z cache-hhn4077 MEWElogs[39982]: GRAY, 1626313316798296514, HHN, 13
<134>2021-07-15T01:42:04Z cache-bos4657 MEWElogs[39982]: GRAY, 1626313323412676752, BOS, 13
<134>2021-07-15T01:42:34Z cache-hhn4077 MEWElogs[39982]: GRAY, 1626313354220509564, HHN, 13
<134>2021-07-15T01:42:47Z cache-hel6829 MEWElogs[39982]: GRAY, 1626313366598281230, HEL, 13
<134>2021-07-15T01:43:06Z cache-hel6829 MEWElogs[39982]: GRAY, 1626313385315628505, HEL, 13
<134>2021-07-15T01:43:14Z cache-lcy19283 MEWElogs[39982]: GRAY, 1626313393212931190, LCY, 13
<134>2021-07-15T01:43:47Z cache-den8274 MEWElogs[39982]: GRAY, 1626313426529329264, DEN, 13
<134>2021-07-15T01:44:22Z cache-dal21283 MEWElogs[39982]: GRAY, 1626313461427023619, DAL, 13
<134>2021-07-15T01:44:37Z cache-iah17271 MEWElogs[39982]: GRAY, 1626313476893710687, IAH, 13
<134>2021-07-15T01:44:45Z cache-den8274 MEWElogs[39982]: GRAY, 1626313484580964244, DEN, 13
<134>2021-07-15T01:44:55Z cache-bur17583 MEWElogs[39982]: GRAY, 1626313495283512357, BUR, 13
<134>2021-07-15T01:45:20Z cache-hel6829 MEWElogs[39982]: GRAY, 1626313520124392198, HEL, 13
<134>2021-07-15T01:45:35Z cache-jnb7027 MEWElogs[39982]: GRAY, 1626313534794482061, JNB, 13
<134>2021-07-15T01:45:50Z cache-hel6829 MEWElogs[39982]: GRAY, 1626313550582229102, HEL, 13
<134>2021-07-15T01:45:53Z cache-cwb20520 MEWElogs[39982]: GRAY, 1626313552013876497, CWB, 13
<134>2021-07-15T01:46:02Z cache-den8274 MEWElogs[39982]: GRAY, 1626313561897063181, DEN, 13
<134>2021-07-15T01:46:25Z cache-lcy19283 MEWElogs[39982]: GRAY, 1626313584746274861, LCY, 13
<134>2021-07-15T01:47:01Z cache-lon4249 MEWElogs[39982]: GRAY, 1626313621083063211, LON, 13
<134>2021-07-15T01:47:03Z cache-bur17583 MEWElogs[39982]: GRAY, 1626313622912274350, BUR, 13
<134>2021-07-15T01:47:11Z cache-mad22068 MEWElogs[39982]: GRAY, 1626313630584671913, MAD, 13
<134>2021-07-15T01:47:16Z cache-hel6829 MEWElogs[39982]: GRAY, 1626313636402553397, HEL, 13
<134>2021-07-15T01:47:36Z cache-hel6829 MEWElogs[39982]: GRAY, 1626313655045707579, HEL, 13
<134>2021-07-15T01:47:55Z cache-cwb20520 MEWElogs[39982]: GRAY, 1626313674215871327, CWB, 13
<134>2021-07-15T01:48:39Z cache-lon4249 MEWElogs[39982]: GRAY, 1626313719203385048, LON, 13
<134>2021-07-15T01:49:02Z cache-mad22068 MEWElogs[39982]: GRAY, 1626313740929467273, MAD, 13
<134>2021-07-15T01:49:12Z cache-mad22068 MEWElogs[39982]: GRAY, 1626313751071425045, MAD, 13
<134>2021-07-15T01:49:14Z cache-jnb7027 MEWElogs[39982]: GRAY, 1626313752853240215, JNB, 13
<134>2021-07-15T01:49:44Z cache-jnb7027 MEWElogs[39982]: GRAY, 1626313782943148407, JNB, 13
<134>2021-07-15T01:49:56Z cache-jnb7027 MEWElogs[39982]: GRAY, 1626313794867614793, JNB, 13
<134>2021-07-15T01:50:03Z cache-cwb20520 MEWElogs[39982]: GRAY, 1626313802521322579, CWB, 13
<134>2021-07-15T01:50:08Z cache-mad22068 MEWElogs[39982]: GRAY, 1626313806998872917, MAD, 13
<134>2021-07-15T01:51:13Z cache-mad22068 MEWElogs[39982]: GRAY, 1626313873200823959, MAD, 13
<134>2021-07-15T01:51:24Z cache-mia11368 MEWElogs[39982]: GRAY, 1626313883984957426, MIA, 13
<134>2021-07-15T01:51:38Z cache-mrs10583 MEWElogs[39982]: GRAY, 1626313898380387103, MRS, 13
<134>2021-07-15T01:51:42Z cache-dal21283 MEWElogs[39982]: GRAY, 1626313902451950826, DAL, 13
