<134>2021-07-14T20:59:43Z cache-ord1740 MEWElogs[21956]: BLUR, 1626296382161831988, ORD, 11
<134>2021-07-14T21:00:08Z cache-dca17782 MEWElogs[21956]: BLUR, 1626296407899525439, DCA, 11
<134>2021-07-14T21:00:29Z cache-ams21020 MEWElogs[21956]: BLUR, 1626296428482398487, AMS, 11
<134>2021-07-14T21:00:53Z cache-eze19324 MEWElogs[21956]: BLUR, 1626296452806033121, EZE, 11
<134>2021-07-14T21:01:45Z cache-pdk17882 MEWElogs[21956]: BLUR, 1626296505025278567, PDK, 11
<134>2021-07-14T21:02:32Z cache-pdk17882 MEWElogs[21956]: BLUR, 1626296551483046331, PDK, 11
<134>2021-07-14T21:02:40Z cache-wdc5583 MEWElogs[21956]: BLUR, 1626296560427392060, WDC, 11
<134>2021-07-14T21:03:39Z cache-dca17782 MEWElogs[21956]: BLUR, 1626296618222796603, DCA, 11
<134>2021-07-14T21:03:42Z cache-mdw17383 MEWElogs[21956]: BLUR, 1626296622772085265, MDW, 11
<134>2021-07-14T21:05:00Z cache-mdw17383 MEWElogs[21956]: BLUR, 1626296700552071942, MDW, 11
<134>2021-07-14T21:05:09Z cache-ams21020 MEWElogs[21956]: BLUR, 1626296708021974223, AMS, 11
<134>2021-07-14T21:05:27Z cache-wdc5583 MEWElogs[21956]: BLUR, 1626296726828345412, WDC, 11
<134>2021-07-14T21:05:51Z cache-ams21020 MEWElogs[21956]: BLUR, 1626296750665480712, AMS, 11
<134>2021-07-14T21:05:54Z cache-pdk17882 MEWElogs[21956]: BLUR, 1626296754083254209, PDK, 11
<134>2021-07-14T21:06:20Z cache-mdw17383 MEWElogs[21956]: BLUR, 1626296779569724764, MDW, 11
<134>2021-07-14T21:07:11Z cache-pdk17882 MEWElogs[21956]: BLUR, 1626296831149875161, PDK, 11
<134>2021-07-14T21:07:26Z cache-bog6425 MEWElogs[21956]: BLUR, 1626296845750224693, BOG, 11
<134>2021-07-14T21:07:48Z cache-ams21020 MEWElogs[21956]: BLUR, 1626296868353842685, AMS, 11
<134>2021-07-14T21:08:10Z cache-ord1740 MEWElogs[21956]: BLUR, 1626296889114137015, ORD, 11
<134>2021-07-14T21:08:41Z cache-ord1740 MEWElogs[21956]: BLUR, 1626296920757862853, ORD, 11
<134>2021-07-14T21:08:44Z cache-pdk17882 MEWElogs[21956]: BLUR, 1626296924016128326, PDK, 11
<134>2021-07-14T21:09:25Z cache-wdc5583 MEWElogs[21956]: BLUR, 1626296964871685204, WDC, 11
<134>2021-07-14T21:09:27Z cache-maa10251 MEWElogs[21956]: BLUR, 1626296966015021899, MAA, 11
<134>2021-07-14T21:09:38Z cache-bog6425 MEWElogs[21956]: BLUR, 1626296977779696270, BOG, 11
