<134>2021-07-15T05:28:29Z cache-scl19427 MEWElogs[21956]: ROTATE, 1626326908851012321, SCL, 15
<134>2021-07-15T05:29:04Z cache-sea4483 MEWElogs[21956]: ROTATE, 1626326943250602893, SEA, 15
<134>2021-07-15T05:29:19Z cache-stl4834 MEWElogs[21956]: ROTATE, 1626326958822200096, STL, 15
<134>2021-07-15T05:29:26Z cache-sea4483 MEWElogs[21956]: ROTATE, 1626326965751982850, SEA, 15
<134>2021-07-15T05:29:50Z cache-syd10183 MEWElogs[21956]: ROTATE, 1626326990412706490, SYD, 15
<134>2021-07-15T05:29:58Z cache-sjc10078 MEWElogs[21956]: ROTATE, 1626326997563822551, SJC, 15
<134>2021-07-15T05:30:47Z cache-sea4483 MEWElogs[21956]: ROTATE, 1626327047111626069, SEA, 15
<134>2021-07-15T05:30:52Z cache-cgh11122 MEWElogs[21956]: ROTATE, 1626327051457701843, CGH, 15
<134>2021-07-15T05:31:19Z cache-hnd18722 MEWElogs[21956]: ROTATE, 1626327078437836179, HND, 15
<134>2021-07-15T05:31:31Z cache-cgh11122 MEWElogs[21956]: ROTATE, 1626327090197865031, CGH, 15
<134>2021-07-15T05:31:35Z cache-bma1628 MEWElogs[21956]: ROTATE, 1626327094250892113, BMA, 15
<134>2021-07-15T05:31:58Z cache-pao17461 MEWElogs[21956]: ROTATE, 1626327117740239988, PAO, 15
<134>2021-07-15T05:32:09Z cache-pao17461 MEWElogs[21956]: ROTATE, 1626327128602164193, PAO, 15
<134>2021-07-15T05:32:24Z cache-cgh11183 MEWElogs[21956]: ROTATE, 1626327143429485518, CGH, 15
<134>2021-07-15T05:32:26Z cache-hnd18722 MEWElogs[21956]: ROTATE, 1626327145499263824, HND, 15
<134>2021-07-15T05:33:41Z cache-cgh11183 MEWElogs[21956]: ROTATE, 1626327220804660728, CGH, 15
<134>2021-07-15T05:34:17Z cache-syd10183 MEWElogs[21956]: ROTATE, 1626327256707254000, SYD, 15
<134>2021-07-15T05:34:23Z cache-cgh11122 MEWElogs[21956]: ROTATE, 1626327262729255563, CGH, 15
<134>2021-07-15T05:35:19Z cache-sjc10078 MEWElogs[21956]: ROTATE, 1626327318766842061, SJC, 15
<134>2021-07-15T05:35:31Z cache-syd10183 MEWElogs[21956]: ROTATE, 1626327330612272172, SYD, 15
<134>2021-07-15T05:35:37Z cache-cgh11183 MEWElogs[21956]: ROTATE, 1626327336150262585, CGH, 15
<134>2021-07-15T05:35:39Z cache-cgh11122 MEWElogs[21956]: ROTATE, 1626327339305864456, CGH, 15
<134>2021-07-15T05:35:41Z cache-syd10183 MEWElogs[21956]: ROTATE, 1626327341086798237, SYD, 15
<134>2021-07-15T05:35:49Z cache-cgh11122 MEWElogs[21956]: ROTATE, 1626327348904784203, CGH, 15
<134>2021-07-15T05:36:25Z cache-sjc10078 MEWElogs[21956]: ROTATE, 1626327384242704438, SJC, 15
<134>2021-07-15T05:37:15Z cache-hnd18722 MEWElogs[21956]: ROTATE, 1626327434097146421, HND, 15
<134>2021-07-15T05:38:05Z cache-sea4483 MEWElogs[21956]: ROTATE, 1626327484319681025, SEA, 15
