<134>2021-07-15T02:02:04Z cache-mci5951 MEWElogs[355776]: GRAY, 1626314524504267382, MCI, 13
<134>2021-07-15T02:02:13Z cache-jax20933 MEWElogs[355776]: GRAY, 1626314532729443159, JAX, 13
<134>2021-07-15T02:03:01Z cache-lga21983 MEWElogs[355776]: GRAY, 1626314581540546327, LGA, 13
<134>2021-07-15T02:03:10Z cache-ewr18156 MEWElogs[355776]: GRAY, 1626314590419359187, EWR, 13
<134>2021-07-15T02:03:15Z cache-lax10677 MEWElogs[355776]: GRAY, 1626314594129541944, LGB, 13
<134>2021-07-15T02:03:23Z cache-yul12826 MEWElogs[355776]: GRAY, 1626314602827794778, YUL, 13
<134>2021-07-15T02:03:26Z cache-stp9226 MEWElogs[355776]: GRAY, 1626314605743283677, STP, 13
<134>2021-07-15T02:03:30Z cache-mci5951 MEWElogs[355776]: GRAY, 1626314610263012793, MCI, 13
<134>2021-07-15T02:03:48Z cache-ewr18156 MEWElogs[355776]: GRAY, 1626314627520863009, EWR, 13
<134>2021-07-15T02:03:50Z cache-jax20933 MEWElogs[355776]: GRAY, 1626314630742465900, JAX, 13
<134>2021-07-15T02:03:56Z cache-lax10677 MEWElogs[355776]: GRAY, 1626314635855282644, LGB, 13
<134>2021-07-15T02:04:02Z cache-mel11272 MEWElogs[355776]: GRAY, 1626314641786938731, MEL, 13
<134>2021-07-15T02:04:06Z cache-ewr18156 MEWElogs[355776]: GRAY, 1626314646313515394, EWR, 13
<134>2021-07-15T02:04:23Z cache-osl6529 MEWElogs[355776]: GRAY, 1626314662471089155, OSL, 13
<134>2021-07-15T02:04:34Z cache-lga21983 MEWElogs[355776]: GRAY, 1626314673469181533, LGA, 13
<134>2021-07-15T02:04:37Z cache-scl19427 MEWElogs[355776]: GRAY, 1626314676426057969, SCL, 13
<134>2021-07-15T02:04:42Z cache-osl6529 MEWElogs[355776]: GRAY, 1626314680970735495, OSL, 13
<134>2021-07-15T02:04:45Z cache-yul12826 MEWElogs[355776]: GRAY, 1626314685064908665, YUL, 13
<134>2021-07-15T02:05:02Z cache-scl19427 MEWElogs[355776]: GRAY, 1626314701143369498, SCL, 13
<134>2021-07-15T02:05:05Z cache-osl6529 MEWElogs[355776]: GRAY, 1626314704015369712, OSL, 13
<134>2021-07-15T02:05:07Z cache-lax10677 MEWElogs[355776]: GRAY, 1626314706242560748, LGB, 13
<134>2021-07-15T02:05:08Z cache-cdg20720 MEWElogs[355776]: GRAY, 1626314707760565132, CDG, 13
<134>2021-07-15T02:05:35Z cache-yul12826 MEWElogs[355776]: GRAY, 1626314735326091285, YUL, 13
<134>2021-07-15T02:05:37Z cache-osl6529 MEWElogs[355776]: GRAY, 1626314736882662479, OSL, 13
<134>2021-07-15T02:05:41Z cache-mel11272 MEWElogs[355776]: GRAY, 1626314740483677425, MEL, 13
<134>2021-07-15T02:06:00Z cache-scl19427 MEWElogs[355776]: GRAY, 1626314760138984436, SCL, 13
<134>2021-07-15T02:06:24Z cache-ewr18156 MEWElogs[355776]: GRAY, 1626314783813346910, EWR, 13
<134>2021-07-15T02:06:29Z cache-lga21983 MEWElogs[355776]: GRAY, 1626314789089149175, LGA, 13
<134>2021-07-15T02:06:30Z cache-mel11272 MEWElogs[355776]: GRAY, 1626314789758487497, MEL, 13
<134>2021-07-15T02:06:57Z cache-lax10677 MEWElogs[355776]: GRAY, 1626314816819410793, LGB, 13
<134>2021-07-15T02:06:59Z cache-jax20933 MEWElogs[355776]: GRAY, 1626314819387393419, JAX, 13
<134>2021-07-15T02:07:47Z cache-osl6529 MEWElogs[355776]: GRAY, 1626314866088222301, OSL, 13
<134>2021-07-15T02:07:50Z cache-gru17149 MEWElogs[355776]: GRAY, 1626314869492301504, GRU, 13
<134>2021-07-15T02:07:59Z cache-cdg20720 MEWElogs[355776]: GRAY, 1626314878406117262, CDG, 13
<134>2021-07-15T02:08:03Z cache-gru17149 MEWElogs[355776]: GRAY, 1626314881948107276, GRU, 13
<134>2021-07-15T02:08:09Z cache-gru17149 MEWElogs[355776]: GRAY, 1626314888311242828, GRU, 13
<134>2021-07-15T02:08:14Z cache-ewr18156 MEWElogs[355776]: GRAY, 1626314894520503014, EWR, 13
<134>2021-07-15T02:08:23Z cache-mel11272 MEWElogs[355776]: GRAY, 1626314902339362685, MEL, 13
<134>2021-07-15T02:09:06Z cache-gru17149 MEWElogs[355776]: GRAY, 1626314945184351207, GRU, 13
<134>2021-07-15T02:09:21Z cache-bom4751 MEWElogs[355776]: GRAY, 1626314960550497202, BOM, 13
<134>2021-07-15T02:09:31Z cache-jax20933 MEWElogs[355776]: GRAY, 1626314970693114072, JAX, 13
<134>2021-07-15T02:09:38Z cache-gru17149 MEWElogs[355776]: GRAY, 1626314977215863228, GRU, 13
<134>2021-07-15T02:09:50Z cache-gru17149 MEWElogs[355776]: GRAY, 1626314989734478144, GRU, 13
<134>2021-07-15T02:10:24Z cache-osl6529 MEWElogs[355776]: GRAY, 1626315023904316740, OSL, 13
<134>2021-07-15T02:10:31Z cache-cdg20720 MEWElogs[355776]: GRAY, 1626315030849688273, CDG, 13
<134>2021-07-15T02:10:34Z cache-osl6529 MEWElogs[355776]: GRAY, 1626315033078479205, OSL, 13
<134>2021-07-15T02:10:50Z cache-hnd18722 MEWElogs[355776]: GRAY, 1626315049472586329, HND, 13
<134>2021-07-15T02:11:01Z cache-osl6529 MEWElogs[355776]: GRAY, 1626315060680427512, OSL, 13
<134>2021-07-15T02:11:28Z cache-gig17035 MEWElogs[355776]: GRAY, 1626315087850347833, GIG, 13
<134>2021-07-15T02:11:59Z cache-cdg20720 MEWElogs[355776]: GRAY, 1626315119220927489, CDG, 13
