<134>2021-07-15T01:51:50Z cache-dal21283 MEWElogs[412844]: GRAY, 1626313910668146610, DAL, 13
<134>2021-07-15T01:52:27Z cache-hkg17929 MEWElogs[412844]: GRAY, 1626313947704040601, HKG, 13
<134>2021-07-15T01:52:33Z cache-bur17583 MEWElogs[412844]: GRAY, 1626313952851588455, BUR, 13
<134>2021-07-15T01:52:45Z cache-mad22068 MEWElogs[412844]: GRAY, 1626313965201396226, MAD, 13
<134>2021-07-15T01:52:45Z cache-mrs10583 MEWElogs[412844]: GRAY, 1626313964822174276, MRS, 13
<134>2021-07-15T01:52:47Z cache-bur17583 MEWElogs[412844]: GRAY, 1626313967093841529, BUR, 13
<134>2021-07-15T01:53:00Z cache-mrs10583 MEWElogs[412844]: GRAY, 1626313978976519264, MRS, 13
<134>2021-07-15T01:53:21Z cache-mad22068 MEWElogs[412844]: GRAY, 1626314000622389152, MAD, 13
<134>2021-07-15T01:53:23Z cache-mrs10583 MEWElogs[412844]: GRAY, 1626314002556761042, MRS, 13
<134>2021-07-15T01:53:26Z cache-mad22068 MEWElogs[412844]: GRAY, 1626314005638802001, MAD, 13
<134>2021-07-15T01:53:46Z cache-lhr7382 MEWElogs[412844]: GRAY, 1626314026254766245, LHR, 13
<134>2021-07-15T01:54:14Z cache-iah17271 MEWElogs[412844]: GRAY, 1626314053516579620, IAH, 13
<134>2021-07-15T01:54:18Z cache-stp9226 MEWElogs[412844]: GRAY, 1626314057438588909, STP, 13
<134>2021-07-15T01:54:36Z cache-bur17583 MEWElogs[412844]: GRAY, 1626314076131639730, BUR, 13
<134>2021-07-15T01:54:47Z cache-man4150 MEWElogs[412844]: GRAY, 1626314086066769222, MAN, 13
<134>2021-07-15T01:54:49Z cache-lhr7382 MEWElogs[412844]: GRAY, 1626314087997283922, LHR, 13
<134>2021-07-15T01:54:50Z cache-iah17271 MEWElogs[412844]: GRAY, 1626314090044350288, IAH, 13
<134>2021-07-15T01:54:50Z cache-bur17583 MEWElogs[412844]: GRAY, 1626314090504469585, BUR, 13
<134>2021-07-15T01:55:06Z cache-man4150 MEWElogs[412844]: GRAY, 1626314105294891112, MAN, 13
<134>2021-07-15T01:55:08Z cache-mci5951 MEWElogs[412844]: GRAY, 1626314107479831572, MCI, 13
<134>2021-07-15T01:55:12Z cache-stp9226 MEWElogs[412844]: GRAY, 1626314111653720063, STP, 13
<134>2021-07-15T01:55:18Z cache-mia11368 MEWElogs[412844]: GRAY, 1626314117046276658, MIA, 13
<134>2021-07-15T01:55:19Z cache-stp9226 MEWElogs[412844]: GRAY, 1626314118414654400, STP, 13
<134>2021-07-15T01:55:30Z cache-dal21283 MEWElogs[412844]: GRAY, 1626314130395314221, DAL, 13
<134>2021-07-15T01:55:43Z cache-jax20933 MEWElogs[412844]: GRAY, 1626314142941298723, JAX, 13
<134>2021-07-15T01:55:45Z cache-lhr7382 MEWElogs[412844]: GRAY, 1626314144112059271, LHR, 13
<134>2021-07-15T01:55:46Z cache-stp9226 MEWElogs[412844]: GRAY, 1626314145566659719, STP, 13
<134>2021-07-15T01:55:53Z cache-stp9226 MEWElogs[412844]: GRAY, 1626314152347978133, STP, 13
<134>2021-07-15T01:56:18Z cache-dal21283 MEWElogs[412844]: GRAY, 1626314178200426828, DAL, 13
<134>2021-07-15T01:56:45Z cache-lax10677 MEWElogs[412844]: GRAY, 1626314203986724632, LGB, 13
<134>2021-07-15T01:57:10Z cache-hkg17929 MEWElogs[412844]: GRAY, 1626314229585678800, HKG, 13
<134>2021-07-15T01:57:11Z cache-man4150 MEWElogs[412844]: GRAY, 1626314230033012085, MAN, 13
<134>2021-07-15T01:57:13Z cache-dal21283 MEWElogs[412844]: GRAY, 1626314233177727867, DAL, 13
<134>2021-07-15T01:57:17Z cache-mia11368 MEWElogs[412844]: GRAY, 1626314236415933675, MIA, 13
<134>2021-07-15T01:57:31Z cache-mrs10583 MEWElogs[412844]: GRAY, 1626314249966944337, MRS, 13
<134>2021-07-15T01:57:42Z cache-stp9226 MEWElogs[412844]: GRAY, 1626314261489812430, STP, 13
<134>2021-07-15T01:57:45Z cache-mrs10583 MEWElogs[412844]: GRAY, 1626314264202268579, MRS, 13
<134>2021-07-15T01:57:50Z cache-mrs10583 MEWElogs[412844]: GRAY, 1626314269022510614, MRS, 13
<134>2021-07-15T01:57:57Z cache-yul12826 MEWElogs[412844]: GRAY, 1626314276971664192, YUL, 13
<134>2021-07-15T01:58:10Z cache-yul12826 MEWElogs[412844]: GRAY, 1626314289202889497, YUL, 13
<134>2021-07-15T01:58:10Z cache-mci5951 MEWElogs[412844]: GRAY, 1626314290264982000, MCI, 13
<134>2021-07-15T01:58:11Z cache-hkg17929 MEWElogs[412844]: GRAY, 1626314290616295914, HKG, 13
<134>2021-07-15T01:58:16Z cache-stp9226 MEWElogs[412844]: GRAY, 1626314294982918858, STP, 13
<134>2021-07-15T01:58:26Z cache-hkg17929 MEWElogs[412844]: GRAY, 1626314305767550239, HKG, 13
<134>2021-07-15T01:58:59Z cache-yul12826 MEWElogs[412844]: GRAY, 1626314338885458838, YUL, 13
<134>2021-07-15T01:59:15Z cache-man4150 MEWElogs[412844]: GRAY, 1626314355181699055, MAN, 13
<134>2021-07-15T01:59:19Z cache-lga21983 MEWElogs[412844]: GRAY, 1626314359642804407, LGA, 13
<134>2021-07-15T01:59:40Z cache-jax20933 MEWElogs[412844]: GRAY, 1626314379698798074, JAX, 13
<134>2021-07-15T01:59:45Z cache-lax10677 MEWElogs[412844]: GRAY, 1626314384915355391, LGB, 13
<134>2021-07-15T01:59:49Z cache-mci5951 MEWElogs[412844]: GRAY, 1626314389131619655, MCI, 13
<134>2021-07-15T01:59:56Z cache-mci5951 MEWElogs[412844]: GRAY, 1626314395991251504, MCI, 13
<134>2021-07-15T02:00:25Z cache-lga21983 MEWElogs[412844]: GRAY, 1626314425793227796, LGA, 13
<134>2021-07-15T02:00:27Z cache-man4150 MEWElogs[412844]: GRAY, 1626314427304523377, MAN, 13
<134>2021-07-15T02:01:00Z cache-jax20933 MEWElogs[412844]: GRAY, 1626314460140662898, JAX, 13
<134>2021-07-15T02:01:11Z cache-man4150 MEWElogs[412844]: GRAY, 1626314470849947706, MAN, 13
<134>2021-07-15T02:01:14Z cache-hkg17929 MEWElogs[412844]: GRAY, 1626314473724393102, HKG, 13
<134>2021-07-15T02:01:16Z cache-lax10677 MEWElogs[412844]: GRAY, 1626314475383501927, LGB, 13
<134>2021-07-15T02:01:16Z cache-man4150 MEWElogs[412844]: GRAY, 1626314475620976088, MAN, 13
<134>2021-07-15T02:01:49Z cache-yul12826 MEWElogs[412844]: GRAY, 1626314508921805379, YUL, 13
