<134>2021-07-14T23:18:39Z cache-hnd18722 MEWElogs[412844]: BLUR, 1626304718848367030, HND, 11
<134>2021-07-14T23:19:05Z cache-syd10183 MEWElogs[412844]: BLUR, 1626304744997599682, SYD, 11
<134>2021-07-14T23:19:56Z cache-scl19427 MEWElogs[412844]: BLUR, 1626304796422230437, SCL, 11
<134>2021-07-14T23:20:59Z cache-gig17035 MEWElogs[412844]: BLUR, 1626304858919853160, GIG, 11
<134>2021-07-14T23:21:32Z cache-sea4483 MEWElogs[412844]: BLUR, 1626304891615922970, SEA, 11
<134>2021-07-14T23:21:45Z cache-cgh11122 MEWElogs[412844]: BLUR, 1626304904893049902, CGH, 11
<134>2021-07-14T23:23:04Z cache-itm18851 MEWElogs[412844]: BLUR, 1626304983660288857, ITM, 11
<134>2021-07-14T23:23:45Z cache-pao17461 MEWElogs[412844]: BLUR, 1626305024059806891, PAO, 11
<134>2021-07-14T23:24:06Z cache-syd10183 MEWElogs[412844]: BLUR, 1626305045571852414, SYD, 11
<134>2021-07-14T23:24:56Z cache-syd10183 MEWElogs[412844]: BLUR, 1626305095480359546, SYD, 11
<134>2021-07-14T23:25:41Z cache-sea4483 MEWElogs[412844]: BLUR, 1626305141768166528, SEA, 11
<134>2021-07-14T23:26:05Z cache-syd10183 MEWElogs[412844]: BLUR, 1626305165136482859, SYD, 11
<134>2021-07-14T23:26:18Z cache-cgh11183 MEWElogs[412844]: BLUR, 1626305177306947507, CGH, 11
<134>2021-07-14T23:26:21Z cache-syd10183 MEWElogs[412844]: BLUR, 1626305181864016423, SYD, 11
<134>2021-07-14T23:26:27Z cache-pao17461 MEWElogs[412844]: BLUR, 1626305186754641371, PAO, 11
<134>2021-07-14T23:27:11Z cache-cgh11122 MEWElogs[412844]: BLUR, 1626305231306120930, CGH, 11
<134>2021-07-14T23:27:39Z cache-pao17461 MEWElogs[412844]: BLUR, 1626305258379549500, PAO, 11
<134>2021-07-14T23:28:06Z cache-hnd18722 MEWElogs[412844]: BLUR, 1626305285396606122, HND, 11
<134>2021-07-14T23:28:24Z cache-hnd18722 MEWElogs[412844]: BLUR, 1626305303556870098, HND, 11
<134>2021-07-14T23:28:33Z cache-pao17461 MEWElogs[412844]: BLUR, 1626305312734499980, PAO, 11
