<134>2021-07-14T22:21:26Z cache-mia11368 MEWElogs[21956]: BLUR, 1626301286089943259, MIA, 11
<134>2021-07-14T22:21:42Z cache-hkg17929 MEWElogs[21956]: BLUR, 1626301302421848333, HKG, 11
<134>2021-07-14T22:22:15Z cache-jax20933 MEWElogs[21956]: BLUR, 1626301335233736873, JAX, 11
<134>2021-07-14T22:22:22Z cache-mrs10583 MEWElogs[21956]: BLUR, 1626301341548052073, MRS, 11
<134>2021-07-14T22:23:42Z cache-mad22068 MEWElogs[21956]: BLUR, 1626301421896703136, MAD, 11
<134>2021-07-14T22:23:58Z cache-mad22068 MEWElogs[21956]: BLUR, 1626301437862315009, MAD, 11
<134>2021-07-14T22:25:04Z cache-mad22068 MEWElogs[21956]: BLUR, 1626301504388963805, MAD, 11
<134>2021-07-14T22:25:06Z cache-jax20933 MEWElogs[21956]: BLUR, 1626301505811368940, JAX, 11
<134>2021-07-14T22:25:33Z cache-yul12826 MEWElogs[21956]: BLUR, 1626301532842648009, YUL, 11
<134>2021-07-14T22:25:51Z cache-mrs10583 MEWElogs[21956]: BLUR, 1626301550320617533, MRS, 11
<134>2021-07-14T22:26:04Z cache-lhr7382 MEWElogs[21956]: BLUR, 1626301563878307862, LHR, 11
<134>2021-07-14T22:26:19Z cache-mrs10583 MEWElogs[21956]: BLUR, 1626301578388009672, MRS, 11
<134>2021-07-14T22:26:35Z cache-mia11368 MEWElogs[21956]: BLUR, 1626301595410248832, MIA, 11
<134>2021-07-14T22:26:50Z cache-lhr7382 MEWElogs[21956]: BLUR, 1626301608977284273, LHR, 11
<134>2021-07-14T22:27:33Z cache-jax20933 MEWElogs[21956]: BLUR, 1626301653114507292, JAX, 11
<134>2021-07-14T22:27:35Z cache-hkg17929 MEWElogs[21956]: BLUR, 1626301654692457461, HKG, 11
<134>2021-07-14T22:27:53Z cache-hkg17929 MEWElogs[21956]: BLUR, 1626301672398310045, HKG, 11
<134>2021-07-14T22:27:55Z cache-lax10677 MEWElogs[21956]: BLUR, 1626301674856526432, LGB, 11
<134>2021-07-14T22:28:08Z cache-mia11368 MEWElogs[21956]: BLUR, 1626301687506476233, MIA, 11
<134>2021-07-14T22:28:11Z cache-mci5951 MEWElogs[21956]: BLUR, 1626301690843595114, MCI, 11
<134>2021-07-14T22:28:18Z cache-yul12826 MEWElogs[21956]: BLUR, 1626301698148691949, YUL, 11
<134>2021-07-14T22:28:26Z cache-mia11368 MEWElogs[21956]: BLUR, 1626301705553999755, MIA, 11
<134>2021-07-14T22:28:45Z cache-hkg17929 MEWElogs[21956]: BLUR, 1626301724526298886, HKG, 11
<134>2021-07-14T22:28:47Z cache-yul12826 MEWElogs[21956]: BLUR, 1626301727795755170, YUL, 11
<134>2021-07-14T22:28:48Z cache-lhr7382 MEWElogs[21956]: BLUR, 1626301727630024451, LHR, 11
<134>2021-07-14T22:29:23Z cache-stp9226 MEWElogs[21956]: BLUR, 1626301762760631182, STP, 11
<134>2021-07-14T22:29:40Z cache-mia11368 MEWElogs[21956]: BLUR, 1626301779590975802, MIA, 11
<134>2021-07-14T22:30:00Z cache-stp9226 MEWElogs[21956]: BLUR, 1626301799615387336, STP, 11
<134>2021-07-14T22:30:02Z cache-mci5951 MEWElogs[21956]: BLUR, 1626301801988284952, MCI, 11
<134>2021-07-14T22:30:17Z cache-mia11368 MEWElogs[21956]: BLUR, 1626301816249092804, MIA, 11
<134>2021-07-14T22:30:21Z cache-mci5951 MEWElogs[21956]: BLUR, 1626301820835749668, MCI, 11
<134>2021-07-14T22:30:53Z cache-mia11368 MEWElogs[21956]: BLUR, 1626301852985508870, MIA, 11
<134>2021-07-14T22:30:57Z cache-mci5951 MEWElogs[21956]: BLUR, 1626301857493014524, MCI, 11
<134>2021-07-14T22:31:07Z cache-jax20933 MEWElogs[21956]: BLUR, 1626301866689066718, JAX, 11
