<134>2021-07-15T01:41:42Z cache-hhn4077 MEWElogs[355776]: GRAY, 1626313302590472436, HHN, 13
<134>2021-07-15T01:41:44Z cache-dfw18678 MEWElogs[355776]: GRAY, 1626313303650716019, DFW, 13
<134>2021-07-15T01:41:45Z cache-bos4657 MEWElogs[355776]: GRAY, 1626313304936955608, BOS, 13
<134>2021-07-15T01:41:52Z cache-pwk4920 MEWElogs[355776]: GRAY, 1626313311993148960, PWK, 13
<134>2021-07-15T01:41:52Z cache-hel6829 MEWElogs[355776]: GRAY, 1626313311634876103, HEL, 13
<134>2021-07-15T01:42:06Z cache-fra19177 MEWElogs[355776]: GRAY, 1626313325939454649, FRA, 13
<134>2021-07-15T01:42:14Z cache-dfw18678 MEWElogs[355776]: GRAY, 1626313333473309995, DFW, 13
<134>2021-07-15T01:42:40Z cache-bos4657 MEWElogs[355776]: GRAY, 1626313360080733901, BOS, 13
<134>2021-07-15T01:42:40Z cache-hel6829 MEWElogs[355776]: GRAY, 1626313360462934077, HEL, 13
<134>2021-07-15T01:42:43Z cache-del21735 MEWElogs[355776]: GRAY, 1626313362401392193, DEL, 13
<134>2021-07-15T01:43:22Z cache-lon4249 MEWElogs[355776]: GRAY, 1626313401077739019, LON, 13
<134>2021-07-15T01:43:28Z cache-lcy19283 MEWElogs[355776]: GRAY, 1626313407802037289, LCY, 13
<134>2021-07-15T01:43:30Z cache-akl10324 MEWElogs[355776]: GRAY, 1626313409486604650, AKL, 13
<134>2021-07-15T01:43:31Z cache-iah17271 MEWElogs[355776]: GRAY, 1626313410708242870, IAH, 13
<134>2021-07-15T01:43:43Z cache-lcy19283 MEWElogs[355776]: GRAY, 1626313422618878775, LCY, 13
<134>2021-07-15T01:43:57Z cache-cwb20520 MEWElogs[355776]: GRAY, 1626313436874904595, CWB, 13
<134>2021-07-15T01:44:04Z cache-den8274 MEWElogs[355776]: GRAY, 1626313443601677806, DEN, 13
<134>2021-07-15T01:44:07Z cache-pwk4920 MEWElogs[355776]: GRAY, 1626313446114768680, PWK, 13
<134>2021-07-15T01:44:29Z cache-jnb7027 MEWElogs[355776]: GRAY, 1626313467927270494, JNB, 13
<134>2021-07-15T01:44:34Z cache-bur17583 MEWElogs[355776]: GRAY, 1626313473669794786, BUR, 13
<134>2021-07-15T01:44:41Z cache-lon4249 MEWElogs[355776]: GRAY, 1626313480875687332, LON, 13
<134>2021-07-15T01:44:43Z cache-hel6829 MEWElogs[355776]: GRAY, 1626313482897230295, HEL, 13
<134>2021-07-15T01:45:15Z cache-den8274 MEWElogs[355776]: GRAY, 1626313514508777298, DEN, 13
<134>2021-07-15T01:45:16Z cache-pwk4920 MEWElogs[355776]: GRAY, 1626313516669298411, PWK, 13
<134>2021-07-15T01:45:23Z cache-lon4249 MEWElogs[355776]: GRAY, 1626313522662970151, LON, 13
<134>2021-07-15T01:45:26Z cache-lcy19283 MEWElogs[355776]: GRAY, 1626313525191258716, LCY, 13
<134>2021-07-15T01:45:30Z cache-dal21283 MEWElogs[355776]: GRAY, 1626313530228484059, DAL, 13
<134>2021-07-15T01:45:31Z cache-bur17583 MEWElogs[355776]: GRAY, 1626313530843996640, BUR, 13
<134>2021-07-15T01:45:45Z cache-pwk4920 MEWElogs[355776]: GRAY, 1626313544943983944, PWK, 13
<134>2021-07-15T01:45:56Z cache-lon4249 MEWElogs[355776]: GRAY, 1626313555285260391, LON, 13
<134>2021-07-15T01:46:10Z cache-lon4249 MEWElogs[355776]: GRAY, 1626313569563930727, LON, 13
<134>2021-07-15T01:46:12Z cache-cwb20520 MEWElogs[355776]: GRAY, 1626313571985990249, CWB, 13
<134>2021-07-15T01:46:28Z cache-dal21283 MEWElogs[355776]: GRAY, 1626313587657112261, DAL, 13
<134>2021-07-15T01:46:34Z cache-lon4249 MEWElogs[355776]: GRAY, 1626313593145756360, LON, 13
<134>2021-07-15T01:46:40Z cache-cwb20520 MEWElogs[355776]: GRAY, 1626313599778222566, CWB, 13
<134>2021-07-15T01:46:52Z cache-lon4249 MEWElogs[355776]: GRAY, 1626313611763677079, LON, 13
<134>2021-07-15T01:46:53Z cache-cwb20520 MEWElogs[355776]: GRAY, 1626313613223484182, CWB, 13
<134>2021-07-15T01:46:57Z cache-lon4249 MEWElogs[355776]: GRAY, 1626313616425436985, LON, 13
<134>2021-07-15T01:47:25Z cache-jnb7027 MEWElogs[355776]: GRAY, 1626313644149464093, JNB, 13
<134>2021-07-15T01:47:25Z cache-lon4249 MEWElogs[355776]: GRAY, 1626313644469658628, LON, 13
<134>2021-07-15T01:47:37Z cache-den8274 MEWElogs[355776]: GRAY, 1626313656952610910, DEN, 13
<134>2021-07-15T01:47:38Z cache-dal21283 MEWElogs[355776]: GRAY, 1626313657535804656, DAL, 13
<134>2021-07-15T01:47:40Z cache-cwb20520 MEWElogs[355776]: GRAY, 1626313660809268586, CWB, 13
<134>2021-07-15T01:47:43Z cache-den8274 MEWElogs[355776]: GRAY, 1626313662612865306, DEN, 13
<134>2021-07-15T01:48:01Z cache-dal21283 MEWElogs[355776]: GRAY, 1626313680961090927, DAL, 13
<134>2021-07-15T01:48:07Z cache-bur17583 MEWElogs[355776]: GRAY, 1626313687602960917, BUR, 13
<134>2021-07-15T01:48:30Z cache-lon4249 MEWElogs[355776]: GRAY, 1626313709895567013, LON, 13
<134>2021-07-15T01:48:43Z cache-jnb7027 MEWElogs[355776]: GRAY, 1626313722270011763, JNB, 13
<134>2021-07-15T01:48:46Z cache-mad22068 MEWElogs[355776]: GRAY, 1626313725778567121, MAD, 13
<134>2021-07-15T01:48:51Z cache-mad22068 MEWElogs[355776]: GRAY, 1626313730868156598, MAD, 13
<134>2021-07-15T01:48:57Z cache-dal21283 MEWElogs[355776]: GRAY, 1626313736177445397, DAL, 13
<134>2021-07-15T01:49:01Z cache-hel6829 MEWElogs[355776]: GRAY, 1626313740767689413, HEL, 13
<134>2021-07-15T01:49:06Z cache-iah17271 MEWElogs[355776]: GRAY, 1626313745828717336, IAH, 13
<134>2021-07-15T01:49:37Z cache-mad22068 MEWElogs[355776]: GRAY, 1626313776833368566, MAD, 13
<134>2021-07-15T01:49:42Z cache-mad22068 MEWElogs[355776]: GRAY, 1626313781896022413, MAD, 13
<134>2021-07-15T01:49:50Z cache-cwb20520 MEWElogs[355776]: GRAY, 1626313789195159649, CWB, 13
<134>2021-07-15T01:50:10Z cache-cwb20520 MEWElogs[355776]: GRAY, 1626313809211328959, CWB, 13
<134>2021-07-15T01:50:17Z cache-mad22068 MEWElogs[355776]: GRAY, 1626313817297825768, MAD, 13
<134>2021-07-15T01:50:21Z cache-den8274 MEWElogs[355776]: GRAY, 1626313820489429456, DEN, 13
<134>2021-07-15T01:50:23Z cache-mad22068 MEWElogs[355776]: GRAY, 1626313822243124188, MAD, 13
<134>2021-07-15T01:50:26Z cache-jnb7027 MEWElogs[355776]: GRAY, 1626313825141397585, JNB, 13
<134>2021-07-15T01:50:32Z cache-den8274 MEWElogs[355776]: GRAY, 1626313832215831703, DEN, 13
<134>2021-07-15T01:51:00Z cache-mrs10583 MEWElogs[355776]: GRAY, 1626313859882946501, MRS, 13
<134>2021-07-15T01:51:04Z cache-cwb20520 MEWElogs[355776]: GRAY, 1626313862991316660, CWB, 13
<134>2021-07-15T01:51:25Z cache-mrs10583 MEWElogs[355776]: GRAY, 1626313884383357614, MRS, 13
<134>2021-07-15T01:51:26Z cache-den8274 MEWElogs[355776]: GRAY, 1626313886342245650, DEN, 13
<134>2021-07-15T01:51:27Z cache-iah17271 MEWElogs[355776]: GRAY, 1626313887126896882, IAH, 13
<134>2021-07-15T01:51:30Z cache-lhr7382 MEWElogs[355776]: GRAY, 1626313889095545371, LHR, 13
<134>2021-07-15T01:51:40Z cache-mia11368 MEWElogs[355776]: GRAY, 1626313898995265408, MIA, 13
