<134>2021-07-14T17:42:48Z cache-mel11272 MEWElogs[400146]: FLIPH, 1626284567073387885, MEL, 10
<134>2021-07-14T17:42:56Z cache-scl19427 MEWElogs[400146]: FLIPH, 1626284575665237988, SCL, 10
<134>2021-07-14T17:43:04Z cache-ewr18156 MEWElogs[400146]: FLIPH, 1626284583159900619, EWR, 10
<134>2021-07-14T17:43:06Z cache-bom4751 MEWElogs[400146]: FLIPH, 1626284586332144712, BOM, -1
<134>2021-07-14T17:43:25Z cache-osl6529 MEWElogs[400146]: FLIPH, 1626284604287558610, OSL, -1
<134>2021-07-14T17:43:25Z cache-cdg20720 MEWElogs[400146]: FLIPH, 1626284604365346165, CDG, 10
<134>2021-07-14T17:43:32Z cache-ewr18156 MEWElogs[400146]: FLIPH, 1626284611439313755, EWR, 10
<134>2021-07-14T17:43:49Z cache-bom4751 MEWElogs[400146]: FLIPH, 1626284628996060056, BOM, 10
<134>2021-07-14T17:44:05Z cache-ewr18156 MEWElogs[400146]: FLIPH, 1626284645291002997, EWR, -1
<134>2021-07-14T17:44:07Z cache-mel11272 MEWElogs[400146]: FLIPH, 1626284646129618743, MEL, -1
<134>2021-07-14T17:44:08Z cache-stl4834 MEWElogs[400146]: FLIPH, 1626284648270720012, STL, 10
<134>2021-07-14T17:44:47Z cache-mel11272 MEWElogs[400146]: FLIPH, 1626284686466945544, MEL, -1
<134>2021-07-14T17:44:56Z cache-lga21983 MEWElogs[400146]: FLIPH, 1626284695494005012, LGA, -1
<134>2021-07-14T17:45:07Z cache-osl6529 MEWElogs[400146]: FLIPH, 1626284706920188115, OSL, -1
<134>2021-07-14T17:45:20Z cache-osl6529 MEWElogs[400146]: FLIPH, 1626284719641623287, OSL, 10
<134>2021-07-14T17:45:32Z cache-ewr18156 MEWElogs[400146]: FLIPH, 1626284732496461408, EWR, 10
<134>2021-07-14T17:45:43Z cache-gru17149 MEWElogs[400146]: FLIPH, 1626284742231936687, GRU, -1
<134>2021-07-14T17:45:49Z cache-ewr18156 MEWElogs[400146]: FLIPH, 1626284748434508566, EWR, -1
<134>2021-07-14T17:45:55Z cache-scl19427 MEWElogs[400146]: FLIPH, 1626284754062305130, SCL, -1
<134>2021-07-14T17:46:19Z cache-scl19427 MEWElogs[400146]: FLIPH, 1626284778064534656, SCL, -1
<134>2021-07-14T17:46:24Z cache-osl6529 MEWElogs[400146]: FLIPH, 1626284783741154783, OSL, 10
<134>2021-07-14T17:46:25Z cache-stl4834 MEWElogs[400146]: FLIPH, 1626284784393593798, STL, 10
<134>2021-07-14T17:46:29Z cache-syd10183 MEWElogs[400146]: FLIPH, 1626284788132996286, SYD, -1
<134>2021-07-14T17:46:40Z cache-gru17149 MEWElogs[400146]: FLIPH, 1626284799656327545, GRU, -1
<134>2021-07-14T17:46:48Z cache-osl6529 MEWElogs[400146]: FLIPH, 1626284808015846227, OSL, -1
<134>2021-07-14T17:46:50Z cache-itm18851 MEWElogs[400146]: FLIPH, 1626284810671772780, ITM, 10
<134>2021-07-14T17:47:10Z cache-cdg20720 MEWElogs[400146]: FLIPH, 1626284828998419907, CDG, 10
<134>2021-07-14T17:47:11Z cache-pao17461 MEWElogs[400146]: FLIPH, 1626284830494956001, PAO, 10
<134>2021-07-14T17:47:12Z cache-itm18851 MEWElogs[400146]: FLIPH, 1626284831714347504, ITM, 10
<134>2021-07-14T17:47:20Z cache-syd10183 MEWElogs[400146]: FLIPH, 1626284839300368630, SYD, -1
<134>2021-07-14T17:47:22Z cache-bom4751 MEWElogs[400146]: FLIPH, 1626284841072974442, BOM, -1
<134>2021-07-14T17:47:35Z cache-cdg20720 MEWElogs[400146]: FLIPH, 1626284855631368878, CDG, -1
<134>2021-07-14T17:47:43Z cache-pao17461 MEWElogs[400146]: FLIPH, 1626284862047243448, PAO, 10
<134>2021-07-14T17:47:50Z cache-syd10183 MEWElogs[400146]: FLIPH, 1626284869251198904, SYD, -1
<134>2021-07-14T17:47:59Z cache-cdg20720 MEWElogs[400146]: FLIPH, 1626284879186019841, CDG, 10
<134>2021-07-14T17:48:00Z cache-pao17461 MEWElogs[400146]: FLIPH, 1626284879393207812, PAO, -1
<134>2021-07-14T17:48:47Z cache-scl19427 MEWElogs[400146]: FLIPH, 1626284926805407592, SCL, 10
<134>2021-07-14T17:48:52Z cache-pao17461 MEWElogs[400146]: FLIPH, 1626284931461754303, PAO, -1
<134>2021-07-14T17:48:53Z cache-hnd18722 MEWElogs[400146]: FLIPH, 1626284932203601904, HND, -1
<134>2021-07-14T17:48:55Z cache-scl19427 MEWElogs[400146]: FLIPH, 1626284935557935546, SCL, -1
<134>2021-07-14T17:49:13Z cache-gru17149 MEWElogs[400146]: FLIPH, 1626284952034342620, GRU, -1
<134>2021-07-14T17:49:17Z cache-hnd18722 MEWElogs[400146]: FLIPH, 1626284956242797629, HND, 10
<134>2021-07-14T17:49:25Z cache-itm18851 MEWElogs[400146]: FLIPH, 1626284964204492238, ITM, -1
<134>2021-07-14T17:49:28Z cache-itm18851 MEWElogs[400146]: FLIPH, 1626284966918053514, ITM, 10
<134>2021-07-14T17:49:35Z cache-hnd18722 MEWElogs[400146]: FLIPH, 1626284974559210350, HND, -1
<134>2021-07-14T17:49:43Z cache-stl4834 MEWElogs[400146]: FLIPH, 1626284982204492708, STL, -1
<134>2021-07-14T17:50:00Z cache-gru17149 MEWElogs[400146]: FLIPH, 1626284999792495513, GRU, -1
<134>2021-07-14T17:50:07Z cache-stl4834 MEWElogs[400146]: FLIPH, 1626285006233197814, STL, 10
<134>2021-07-14T17:50:14Z cache-syd10183 MEWElogs[400146]: FLIPH, 1626285013145481132, SYD, 10
<134>2021-07-14T17:50:25Z cache-pao17461 MEWElogs[400146]: FLIPH, 1626285024907089772, PAO, -1
<134>2021-07-14T17:50:35Z cache-stl4834 MEWElogs[400146]: FLIPH, 1626285034504364048, STL, -1
<134>2021-07-14T17:50:40Z cache-hnd18722 MEWElogs[400146]: FLIPH, 1626285039482320868, HND, -1
<134>2021-07-14T17:51:06Z cache-bom4751 MEWElogs[400146]: FLIPH, 1626285065573711174, BOM, 10
<134>2021-07-14T17:51:07Z cache-gru17149 MEWElogs[400146]: FLIPH, 1626285066249033712, GRU, -1
<134>2021-07-14T17:51:12Z cache-gig17035 MEWElogs[400146]: FLIPH, 1626285071756180064, GIG, -1
<134>2021-07-14T17:51:20Z cache-stl4834 MEWElogs[400146]: FLIPH, 1626285079593207736, STL, 10
<134>2021-07-14T17:51:34Z cache-syd10183 MEWElogs[400146]: FLIPH, 1626285093533468609, SYD, 10
<134>2021-07-14T17:51:35Z cache-gig17035 MEWElogs[400146]: FLIPH, 1626285095768373444, GIG, -1
<134>2021-07-14T17:51:48Z cache-gru17149 MEWElogs[400146]: FLIPH, 1626285107149305230, GRU, 10
<134>2021-07-14T17:51:55Z cache-scl19427 MEWElogs[400146]: FLIPH, 1626285115641710020, SCL, -1
<134>2021-07-14T17:51:57Z cache-hnd18722 MEWElogs[400146]: FLIPH, 1626285116134972749, HND, 10
<134>2021-07-14T17:51:58Z cache-stl4834 MEWElogs[400146]: FLIPH, 1626285117885423172, STL, -1
<134>2021-07-14T17:52:05Z cache-hnd18722 MEWElogs[400146]: FLIPH, 1626285123979705994, HND, -1
<134>2021-07-14T17:52:33Z cache-gru17149 MEWElogs[400146]: FLIPH, 1626285152389279726, GRU, -1
<134>2021-07-14T17:52:45Z cache-itm18851 MEWElogs[400146]: FLIPH, 1626285164286794836, ITM, 10
