<134>2021-07-15T01:41:53Z cache-hhn4077 MEWElogs[292213]: GRAY, 1626313312178949282, HHN, 13
<134>2021-07-15T01:42:02Z cache-cwb20520 MEWElogs[292213]: GRAY, 1626313321784389536, CWB, 13
<134>2021-07-15T01:42:07Z cache-chi21126 MEWElogs[292213]: GRAY, 1626313326375499073, CHI, 13
<134>2021-07-15T01:42:11Z cache-fra19177 MEWElogs[292213]: GRAY, 1626313330843029772, FRA, 13
<134>2021-07-15T01:42:41Z cache-jnb7027 MEWElogs[292213]: GRAY, 1626313359977791753, JNB, 13
<134>2021-07-15T01:42:50Z cache-cwb20520 MEWElogs[292213]: GRAY, 1626313369813078459, CWB, 13
<134>2021-07-15T01:42:59Z cache-lcy19283 MEWElogs[292213]: GRAY, 1626313378339742005, LCY, 13
<134>2021-07-15T01:43:18Z cache-hel6829 MEWElogs[292213]: GRAY, 1626313397532747423, HEL, 13
<134>2021-07-15T01:43:24Z cache-cwb20520 MEWElogs[292213]: GRAY, 1626313403323213600, CWB, 13
<134>2021-07-15T01:44:00Z cache-iah17271 MEWElogs[292213]: GRAY, 1626313439688680885, IAH, 13
<134>2021-07-15T01:44:23Z cache-jnb7027 MEWElogs[292213]: GRAY, 1626313462055792259, JNB, 13
<134>2021-07-15T01:44:27Z cache-bur17583 MEWElogs[292213]: GRAY, 1626313466373139939, BUR, 13
<134>2021-07-15T01:44:27Z cache-lon4249 MEWElogs[292213]: GRAY, 1626313466580721441, LON, 13
<134>2021-07-15T01:44:38Z cache-den8274 MEWElogs[292213]: GRAY, 1626313478803153221, DEN, 13
<134>2021-07-15T01:44:42Z cache-pwk4920 MEWElogs[292213]: GRAY, 1626313481475089589, PWK, 13
<134>2021-07-15T01:44:52Z cache-lcy19283 MEWElogs[292213]: GRAY, 1626313490934809782, LCY, 13
<134>2021-07-15T01:45:07Z cache-iah17271 MEWElogs[292213]: GRAY, 1626313507427252963, IAH, 13
<134>2021-07-15T01:45:14Z cache-hel6829 MEWElogs[292213]: GRAY, 1626313513934163324, HEL, 13
<134>2021-07-15T01:45:16Z cache-dal21283 MEWElogs[292213]: GRAY, 1626313515191427373, DAL, 13
<134>2021-07-15T01:45:40Z cache-lcy19283 MEWElogs[292213]: GRAY, 1626313539689217299, LCY, 13
<134>2021-07-15T01:46:04Z cache-lcy19283 MEWElogs[292213]: GRAY, 1626313564276842143, LCY, 13
<134>2021-07-15T01:46:30Z cache-iah17271 MEWElogs[292213]: GRAY, 1626313590302681501, IAH, 13
<134>2021-07-15T01:46:49Z cache-bur17583 MEWElogs[292213]: GRAY, 1626313608677293983, BUR, 13
<134>2021-07-15T01:47:14Z cache-lcy19283 MEWElogs[292213]: GRAY, 1626313633719013859, LCY, 13
<134>2021-07-15T01:47:43Z cache-lcy19283 MEWElogs[292213]: GRAY, 1626313662821445801, LCY, 13
<134>2021-07-15T01:47:48Z cache-lcy19283 MEWElogs[292213]: GRAY, 1626313667758285758, LCY, 13
<134>2021-07-15T01:47:49Z cache-lon4249 MEWElogs[292213]: GRAY, 1626313667962461261, LON, 13
<134>2021-07-15T01:47:54Z cache-hel6829 MEWElogs[292213]: GRAY, 1626313673414073582, HEL, 13
<134>2021-07-15T01:47:58Z cache-lcy19283 MEWElogs[292213]: GRAY, 1626313677827285708, LCY, 13
<134>2021-07-15T01:48:07Z cache-iah17271 MEWElogs[292213]: GRAY, 1626313686546434360, IAH, 13
<134>2021-07-15T01:48:23Z cache-lcy19283 MEWElogs[292213]: GRAY, 1626313702767985987, LCY, 13
<134>2021-07-15T01:48:33Z cache-lcy19283 MEWElogs[292213]: GRAY, 1626313712691144897, LCY, 13
<134>2021-07-15T01:49:12Z cache-lon4249 MEWElogs[292213]: GRAY, 1626313751781808186, LON, 13
<134>2021-07-15T01:49:14Z cache-iah17271 MEWElogs[292213]: GRAY, 1626313753231381333, IAH, 13
<134>2021-07-15T01:49:21Z cache-iah17271 MEWElogs[292213]: GRAY, 1626313760383583311, IAH, 13
<134>2021-07-15T01:49:27Z cache-lcy19283 MEWElogs[292213]: GRAY, 1626313766544572324, LCY, 13
<134>2021-07-15T01:49:56Z cache-cwb20520 MEWElogs[292213]: GRAY, 1626313795860265323, CWB, 13
<134>2021-07-15T01:50:14Z cache-jnb7027 MEWElogs[292213]: GRAY, 1626313813181959709, JNB, 13
<134>2021-07-15T01:51:05Z cache-mrs10583 MEWElogs[292213]: GRAY, 1626313864761583252, MRS, 13
<134>2021-07-15T01:51:12Z cache-hkg17929 MEWElogs[292213]: GRAY, 1626313871530391486, HKG, 13
<134>2021-07-15T01:51:32Z cache-mia11368 MEWElogs[292213]: GRAY, 1626313891944502641, MIA, 13
<134>2021-07-15T01:51:44Z cache-lhr7382 MEWElogs[292213]: GRAY, 1626313903178490710, LHR, 13
