<134>2021-07-15T06:30:11Z cache-chi21126 MEWElogs[400146]: UNSH, 1626330610694691739, CHI, 16
<134>2021-07-15T06:30:18Z cache-hhn4077 MEWElogs[400146]: UNSH, 1626330617337432913, HHN, 16
<134>2021-07-15T06:30:36Z cache-hhn4077 MEWElogs[400146]: UNSH, 1626330635482391504, HHN, 16
<134>2021-07-15T06:31:18Z cache-dfw18678 MEWElogs[400146]: UNSH, 1626330677528649054, DFW, 16
<134>2021-07-15T06:31:33Z cache-dub4329 MEWElogs[400146]: UNSH, 1626330693732609504, DUB, 16
<134>2021-07-15T06:31:36Z cache-dfw18678 MEWElogs[400146]: UNSH, 1626330695048102179, DFW, 16
<134>2021-07-15T06:31:43Z cache-dub4329 MEWElogs[400146]: UNSH, 1626330702003486504, DUB, 16
<134>2021-07-15T06:31:46Z cache-akl10324 MEWElogs[400146]: UNSH, 1626330705982213062, AKL, 16
<134>2021-07-15T06:31:59Z cache-dub4329 MEWElogs[400146]: UNSH, 1626330718477511358, DUB, 16
<134>2021-07-15T06:32:04Z cache-cwb20520 MEWElogs[400146]: UNSH, 1626330723462322192, CWB, 16
<134>2021-07-15T06:32:12Z cache-dfw18678 MEWElogs[400146]: UNSH, 1626330731319975126, DFW, 16
<134>2021-07-15T06:32:21Z cache-dfw18678 MEWElogs[400146]: UNSH, 1626330740131519128, DFW, 16
<134>2021-07-15T06:32:51Z cache-fty21383 MEWElogs[400146]: UNSH, 1626330770881510350, FTY, 16
<134>2021-07-15T06:32:56Z cache-dfw18678 MEWElogs[400146]: UNSH, 1626330775559916369, DFW, 16
<134>2021-07-15T06:33:12Z cache-hhn4077 MEWElogs[400146]: UNSH, 1626330792462952785, HHN, 16
<134>2021-07-15T06:34:07Z cache-hhn4077 MEWElogs[400146]: UNSH, 1626330847040307332, HHN, 16
<134>2021-07-15T06:34:09Z cache-akl10324 MEWElogs[400146]: UNSH, 1626330849221821907, AKL, 16
<134>2021-07-15T06:34:16Z cache-hhn4077 MEWElogs[400146]: UNSH, 1626330856148093484, HHN, 16
<134>2021-07-15T06:34:20Z cache-pwk4920 MEWElogs[400146]: UNSH, 1626330859729647088, PWK, 16
<134>2021-07-15T06:34:26Z cache-del21735 MEWElogs[400146]: UNSH, 1626330865169339072, DEL, 16
<134>2021-07-15T06:34:30Z cache-pwk4920 MEWElogs[400146]: UNSH, 1626330869309304173, PWK, 16
<134>2021-07-15T06:34:46Z cache-chi21126 MEWElogs[400146]: UNSH, 1626330886211851941, CHI, 16
<134>2021-07-15T06:35:12Z cache-bos4657 MEWElogs[400146]: UNSH, 1626330911779708180, BOS, 16
<134>2021-07-15T06:35:20Z cache-hhn4077 MEWElogs[400146]: UNSH, 1626330919707782497, HHN, 16
<134>2021-07-15T06:35:22Z cache-cwb20520 MEWElogs[400146]: UNSH, 1626330920997914007, CWB, 16
<134>2021-07-15T06:35:38Z cache-akl10324 MEWElogs[400146]: UNSH, 1626330937835880974, AKL, 16
<134>2021-07-15T06:36:06Z cache-dal21283 MEWElogs[400146]: UNSH, 1626330965959507307, DAL, 16
<134>2021-07-15T06:36:23Z cache-bos4657 MEWElogs[400146]: UNSH, 1626330982467074509, BOS, 16
<134>2021-07-15T06:36:32Z cache-bos4657 MEWElogs[400146]: UNSH, 1626330991252712596, BOS, 16
<134>2021-07-15T06:36:58Z cache-dal21283 MEWElogs[400146]: UNSH, 1626331017578563158, DAL, 16
<134>2021-07-15T06:37:20Z cache-dub4329 MEWElogs[400146]: UNSH, 1626331039693823224, DUB, 16
<134>2021-07-15T06:37:56Z cache-hhn4077 MEWElogs[400146]: UNSH, 1626331075524717593, HHN, 16
<134>2021-07-15T06:38:00Z cache-bos4657 MEWElogs[400146]: UNSH, 1626331080371043646, BOS, 16
<134>2021-07-15T06:38:10Z cache-dal21283 MEWElogs[400146]: UNSH, 1626331089525979480, DAL, 16
<134>2021-07-15T06:38:33Z cache-fty21383 MEWElogs[400146]: UNSH, 1626331112734253680, FTY, 16
<134>2021-07-15T06:38:34Z cache-del21735 MEWElogs[400146]: UNSH, 1626331112917425614, DEL, 16
<134>2021-07-15T06:38:45Z cache-akl10324 MEWElogs[400146]: UNSH, 1626331124650298636, AKL, 16
<134>2021-07-15T06:39:30Z cache-pwk4920 MEWElogs[400146]: UNSH, 1626331169729485794, PWK, 16
<134>2021-07-15T06:40:09Z cache-pwk4920 MEWElogs[400146]: UNSH, 1626331208385612858, PWK, 16
