<134>2021-07-14T21:31:28Z cache-pwk4920 MEWElogs[369035]: BLUR, 1626298287909653944, PWK, 11
<134>2021-07-14T21:31:38Z cache-del21735 MEWElogs[369035]: BLUR, 1626298297449820545, DEL, 11
<134>2021-07-14T21:31:41Z cache-dub4329 MEWElogs[369035]: BLUR, 1626298301043443942, DUB, 11
<134>2021-07-14T21:31:46Z cache-pwk4920 MEWElogs[369035]: BLUR, 1626298305679491915, PWK, 11
<134>2021-07-14T21:32:15Z cache-cph20625 MEWElogs[369035]: BLUR, 1626298334925459219, CPH, 11
<134>2021-07-14T21:32:15Z cache-chi21126 MEWElogs[369035]: BLUR, 1626298334488931230, CHI, 11
<134>2021-07-14T21:32:21Z cache-akl10324 MEWElogs[369035]: BLUR, 1626298341301466819, AKL, 11
<134>2021-07-14T21:32:27Z cache-hhn4077 MEWElogs[369035]: BLUR, 1626298347162192228, HHN, 11
<134>2021-07-14T21:32:39Z cache-del21735 MEWElogs[369035]: BLUR, 1626298358431043195, DEL, 11
<134>2021-07-14T21:32:53Z cache-del21735 MEWElogs[369035]: BLUR, 1626298372809037079, DEL, 11
<134>2021-07-14T21:32:55Z cache-pwk4920 MEWElogs[369035]: BLUR, 1626298375415938630, PWK, 11
<134>2021-07-14T21:33:18Z cache-bos4657 MEWElogs[369035]: BLUR, 1626298397698475489, BOS, 11
<134>2021-07-14T21:34:23Z cache-pwk4920 MEWElogs[369035]: BLUR, 1626298463334135552, PWK, 11
<134>2021-07-14T21:35:10Z cache-cph20625 MEWElogs[369035]: BLUR, 1626298509409272843, CPH, 11
<134>2021-07-14T21:35:41Z cache-dfw18678 MEWElogs[369035]: BLUR, 1626298540553975155, DFW, 11
<134>2021-07-14T21:36:17Z cache-chi21126 MEWElogs[369035]: BLUR, 1626298577267697371, CHI, 11
<134>2021-07-14T21:37:19Z cache-dfw18678 MEWElogs[369035]: BLUR, 1626298638936652892, DFW, 11
<134>2021-07-14T21:37:22Z cache-pwk4920 MEWElogs[369035]: BLUR, 1626298641406378045, PWK, 11
<134>2021-07-14T21:37:44Z cache-chi21126 MEWElogs[369035]: BLUR, 1626298664203812429, CHI, 11
<134>2021-07-14T21:39:08Z cache-dub4329 MEWElogs[369035]: BLUR, 1626298747242175362, DUB, 11
<134>2021-07-14T21:39:43Z cache-fty21383 MEWElogs[369035]: BLUR, 1626298782117199665, FTY, 11
<134>2021-07-14T21:40:32Z cache-hel6829 MEWElogs[369035]: BLUR, 1626298831218050751, HEL, 11
<134>2021-07-14T21:41:03Z cache-bos4657 MEWElogs[369035]: BLUR, 1626298862702453753, BOS, 11
