<134>2021-07-15T06:13:44Z cache-bog6425 MEWElogs[318405]: UNSH, 1626329624304852833, BOG, 16
<134>2021-07-15T06:14:15Z cache-bog6425 MEWElogs[318405]: UNSH, 1626329654230717223, BOG, 16
<134>2021-07-15T06:14:16Z cache-cph20625 MEWElogs[318405]: UNSH, 1626329655720444564, CPH, 16
<134>2021-07-15T06:14:34Z cache-maa10251 MEWElogs[318405]: UNSH, 1626329673477500222, MAA, 16
<134>2021-07-15T06:14:54Z cache-maa10251 MEWElogs[318405]: UNSH, 1626329693181473545, MAA, 16
<134>2021-07-15T06:16:06Z cache-wdc5583 MEWElogs[318405]: UNSH, 1626329766013059931, WDC, 16
<134>2021-07-15T06:16:27Z cache-wdc5583 MEWElogs[318405]: UNSH, 1626329786509639722, WDC, 16
<134>2021-07-15T06:16:33Z cache-cmh21547 MEWElogs[318405]: UNSH, 1626329792102872147, CMH, 16
<134>2021-07-15T06:16:50Z cache-pdk17882 MEWElogs[318405]: UNSH, 1626329809926289754, PDK, 16
<134>2021-07-15T06:17:05Z cache-ord1740 MEWElogs[318405]: UNSH, 1626329824441789009, ORD, 16
<134>2021-07-15T06:17:13Z cache-cph20625 MEWElogs[318405]: UNSH, 1626329832939887893, CPH, 16
<134>2021-07-15T06:17:31Z cache-bog6425 MEWElogs[318405]: UNSH, 1626329850085249138, BOG, 16
<134>2021-07-15T06:17:34Z cache-ord1740 MEWElogs[318405]: UNSH, 1626329853300746220, ORD, 16
<134>2021-07-15T06:18:32Z cache-wdc5583 MEWElogs[318405]: UNSH, 1626329912104451570, WDC, 16
<134>2021-07-15T06:18:56Z cache-mdw17383 MEWElogs[318405]: UNSH, 1626329936186960532, MDW, 16
<134>2021-07-15T06:19:25Z cache-dca17782 MEWElogs[318405]: UNSH, 1626329964097640424, DCA, 16
<134>2021-07-15T06:20:02Z cache-dca17782 MEWElogs[318405]: UNSH, 1626330002009394604, DCA, 16
<134>2021-07-15T06:20:13Z cache-pdk17882 MEWElogs[318405]: UNSH, 1626330012520779762, PDK, 16
<134>2021-07-15T06:20:18Z cache-bog6425 MEWElogs[318405]: UNSH, 1626330017029555652, BOG, 16
<134>2021-07-15T06:20:18Z cache-ord1740 MEWElogs[318405]: UNSH, 1626330017600586953, ORD, 16
<134>2021-07-15T06:20:37Z cache-ams21020 MEWElogs[318405]: UNSH, 1626330037207409486, AMS, 16
<134>2021-07-15T06:21:46Z cache-maa10251 MEWElogs[318405]: UNSH, 1626330106296884507, MAA, 16
<134>2021-07-15T06:21:49Z cache-wdc5583 MEWElogs[318405]: UNSH, 1626330108163567074, WDC, 16
<134>2021-07-15T06:22:36Z cache-maa10251 MEWElogs[318405]: UNSH, 1626330155544256708, MAA, 16
<134>2021-07-15T06:23:00Z cache-cph20625 MEWElogs[318405]: UNSH, 1626330179162935424, CPH, 16
<134>2021-07-15T06:23:12Z cache-wdc5583 MEWElogs[318405]: UNSH, 1626330191234910818, WDC, 16
