<134>2021-07-15T04:57:59Z cache-hkg17929 MEWElogs[390968]: ROTATE, 1626325079160459558, HKG, 15
<134>2021-07-15T04:58:05Z cache-yul12826 MEWElogs[390968]: ROTATE, 1626325085057375676, YUL, 15
<134>2021-07-15T04:58:21Z cache-ewr18156 MEWElogs[390968]: ROTATE, 1626325100811170908, EWR, 15
<134>2021-07-15T04:59:04Z cache-lga21983 MEWElogs[390968]: ROTATE, 1626325143478403734, LGA, 15
<134>2021-07-15T04:59:17Z cache-ewr18156 MEWElogs[390968]: ROTATE, 1626325156923182062, EWR, 15
<134>2021-07-15T04:59:21Z cache-mci5951 MEWElogs[390968]: ROTATE, 1626325159982040413, MCI, 15
<134>2021-07-15T04:59:26Z cache-ewr18156 MEWElogs[390968]: ROTATE, 1626325166293557825, EWR, 15
<134>2021-07-15T04:59:36Z cache-ewr18156 MEWElogs[390968]: ROTATE, 1626325175878843804, EWR, 15
<134>2021-07-15T05:00:12Z cache-yul12826 MEWElogs[390968]: ROTATE, 1626325211135416900, YUL, 15
<134>2021-07-15T05:01:04Z cache-yul12826 MEWElogs[390968]: ROTATE, 1626325262993248645, YUL, 15
<134>2021-07-15T05:01:20Z cache-lga21983 MEWElogs[390968]: ROTATE, 1626325279795759870, LGA, 15
<134>2021-07-15T05:01:39Z cache-man4150 MEWElogs[390968]: ROTATE, 1626325298942881404, MAN, 15
<134>2021-07-15T05:02:17Z cache-stp9226 MEWElogs[390968]: ROTATE, 1626325336455061750, STP, 15
<134>2021-07-15T05:02:33Z cache-mci5951 MEWElogs[390968]: ROTATE, 1626325353071777842, MCI, 15
<134>2021-07-15T05:02:38Z cache-lhr7382 MEWElogs[390968]: ROTATE, 1626325357260741595, LHR, 15
<134>2021-07-15T05:02:38Z cache-stp9226 MEWElogs[390968]: ROTATE, 1626325357923678506, STP, 15
<134>2021-07-15T05:02:42Z cache-lga21983 MEWElogs[390968]: ROTATE, 1626325361558994144, LGA, 15
<134>2021-07-15T05:02:42Z cache-mrs10583 MEWElogs[390968]: ROTATE, 1626325361910000504, MRS, 15
<134>2021-07-15T05:03:11Z cache-lax10677 MEWElogs[390968]: ROTATE, 1626325391478679353, LGB, 15
<134>2021-07-15T05:03:14Z cache-mrs10583 MEWElogs[390968]: ROTATE, 1626325393525603071, MRS, 15
<134>2021-07-15T05:03:18Z cache-ewr18156 MEWElogs[390968]: ROTATE, 1626325397074740799, EWR, 15
<134>2021-07-15T05:03:18Z cache-lga21983 MEWElogs[390968]: ROTATE, 1626325397471127683, LGA, 15
<134>2021-07-15T05:03:20Z cache-man4150 MEWElogs[390968]: ROTATE, 1626325400074804368, MAN, 15
<134>2021-07-15T05:03:26Z cache-ewr18156 MEWElogs[390968]: ROTATE, 1626325405998104873, EWR, 15
<134>2021-07-15T05:03:26Z cache-lga21983 MEWElogs[390968]: ROTATE, 1626325406460077357, LGA, 15
<134>2021-07-15T05:03:36Z cache-hkg17929 MEWElogs[390968]: ROTATE, 1626325415207108325, HKG, 15
<134>2021-07-15T05:03:45Z cache-ewr18156 MEWElogs[390968]: ROTATE, 1626325424087516896, EWR, 15
<134>2021-07-15T05:04:12Z cache-lax10677 MEWElogs[390968]: ROTATE, 1626325451306759467, LGB, 15
<134>2021-07-15T05:04:23Z cache-man4150 MEWElogs[390968]: ROTATE, 1626325462098932824, MAN, 15
<134>2021-07-15T05:04:24Z cache-lax10677 MEWElogs[390968]: ROTATE, 1626325463516985229, LGB, 15
<134>2021-07-15T05:04:38Z cache-yul12826 MEWElogs[390968]: ROTATE, 1626325477776418962, YUL, 15
<134>2021-07-15T05:04:45Z cache-lhr7382 MEWElogs[390968]: ROTATE, 1626325484128549414, LHR, 15
<134>2021-07-15T05:04:49Z cache-stp9226 MEWElogs[390968]: ROTATE, 1626325488376245960, STP, 15
<134>2021-07-15T05:05:15Z cache-lga21983 MEWElogs[390968]: ROTATE, 1626325514653130344, LGA, 15
<134>2021-07-15T05:05:37Z cache-yul12826 MEWElogs[390968]: ROTATE, 1626325536851883078, YUL, 15
<134>2021-07-15T05:06:20Z cache-yul12826 MEWElogs[390968]: ROTATE, 1626325579431806196, YUL, 15
<134>2021-07-15T05:07:13Z cache-osl6529 MEWElogs[390968]: ROTATE, 1626325632814487716, OSL, 15
<134>2021-07-15T05:07:44Z cache-man4150 MEWElogs[390968]: ROTATE, 1626325664175479172, MAN, 15
<134>2021-07-15T05:07:54Z cache-ewr18156 MEWElogs[390968]: ROTATE, 1626325674189868681, EWR, 15
