<134>2021-07-14T21:01:03Z cache-cmh21547 MEWElogs[334804]: BLUR, 1626296462556136334, CMH, 11
<134>2021-07-14T21:01:42Z cache-bog6425 MEWElogs[334804]: BLUR, 1626296502089935143, BOG, 11
<134>2021-07-14T21:02:11Z cache-ams21020 MEWElogs[334804]: BLUR, 1626296531028136909, AMS, 11
<134>2021-07-14T21:03:03Z cache-pdk17882 MEWElogs[334804]: BLUR, 1626296582425058387, PDK, 11
<134>2021-07-14T21:03:21Z cache-bog6425 MEWElogs[334804]: BLUR, 1626296600020191055, BOG, 11
<134>2021-07-14T21:03:23Z cache-mdw17383 MEWElogs[334804]: BLUR, 1626296603286717226, MDW, 11
<134>2021-07-14T21:03:39Z cache-ams21020 MEWElogs[334804]: BLUR, 1626296619255753743, AMS, 11
<134>2021-07-14T21:04:28Z cache-eze19324 MEWElogs[334804]: BLUR, 1626296667647933174, EZE, 11
<134>2021-07-14T21:04:49Z cache-cmh21547 MEWElogs[334804]: BLUR, 1626296688847872390, CMH, 11
<134>2021-07-14T21:04:53Z cache-ams21020 MEWElogs[334804]: BLUR, 1626296692876943215, AMS, 11
<134>2021-07-14T21:05:27Z cache-cmh21547 MEWElogs[334804]: BLUR, 1626296726465195486, CMH, 11
<134>2021-07-14T21:05:45Z cache-wdc5583 MEWElogs[334804]: BLUR, 1626296745129070948, WDC, 11
<134>2021-07-14T21:05:47Z cache-dca17782 MEWElogs[334804]: BLUR, 1626296747242430187, DCA, 11
<134>2021-07-14T21:06:04Z cache-ord1740 MEWElogs[334804]: BLUR, 1626296763218804022, ORD, 11
<134>2021-07-14T21:06:10Z cache-pdk17882 MEWElogs[334804]: BLUR, 1626296769442146946, PDK, 11
<134>2021-07-14T21:06:25Z cache-eze19324 MEWElogs[334804]: BLUR, 1626296785680190022, EZE, 11
<134>2021-07-14T21:07:55Z cache-dca17782 MEWElogs[334804]: BLUR, 1626296874843379498, DCA, 11
<134>2021-07-14T21:08:12Z cache-dca17782 MEWElogs[334804]: BLUR, 1626296891014805568, DCA, 11
<134>2021-07-14T21:08:25Z cache-ord1740 MEWElogs[334804]: BLUR, 1626296904891770633, ORD, 11
<134>2021-07-14T21:09:31Z cache-dca17782 MEWElogs[334804]: BLUR, 1626296970818401238, DCA, 11
<134>2021-07-14T21:10:10Z cache-cmh21547 MEWElogs[334804]: BLUR, 1626297009429516736, CMH, 11
<134>2021-07-14T21:10:36Z cache-mdw17383 MEWElogs[334804]: BLUR, 1626297035647856222, MDW, 11
<134>2021-07-14T21:10:45Z cache-eze19324 MEWElogs[334804]: BLUR, 1626297044013694156, EZE, 11
