<134>2021-07-15T00:28:41Z cache-wdc5583 MEWElogs[355776]: CROP, 1626308920315134498, WDC, 12
<134>2021-07-15T00:28:48Z cache-ord1740 MEWElogs[355776]: CROP, 1626308927150486238, ORD, 12
<134>2021-07-15T00:28:48Z cache-ams21020 MEWElogs[355776]: CROP, 1626308927940059751, AMS, 12
<134>2021-07-15T00:28:55Z cache-mdw17383 MEWElogs[355776]: CROP, 1626308934039046953, MDW, 12
<134>2021-07-15T00:28:55Z cache-pdk17882 MEWElogs[355776]: CROP, 1626308934299783361, PDK, 12
<134>2021-07-15T00:29:01Z cache-wdc5583 MEWElogs[355776]: CROP, 1626308941814857664, WDC, 12
<134>2021-07-15T00:29:02Z cache-bog6425 MEWElogs[355776]: CROP, 1626308941413267977, BOG, 12
<134>2021-07-15T00:29:33Z cache-ord1740 MEWElogs[355776]: CROP, 1626308972502241151, ORD, 12
<134>2021-07-15T00:29:37Z cache-ord1740 MEWElogs[355776]: CROP, 1626308976018985577, ORD, 12
<134>2021-07-15T00:29:51Z cache-maa10251 MEWElogs[355776]: CROP, 1626308991148963088, MAA, 12
<134>2021-07-15T00:30:11Z cache-cmh21547 MEWElogs[355776]: CROP, 1626309010782787426, CMH, 12
<134>2021-07-15T00:30:11Z cache-pdk17882 MEWElogs[355776]: CROP, 1626309010105373518, PDK, 12
<134>2021-07-15T00:30:21Z cache-ams21020 MEWElogs[355776]: CROP, 1626309020250619554, AMS, 12
<134>2021-07-15T00:30:25Z cache-eze19324 MEWElogs[355776]: CROP, 1626309024818713973, EZE, 12
<134>2021-07-15T00:30:26Z cache-maa10251 MEWElogs[355776]: CROP, 1626309025138474132, MAA, 12
<134>2021-07-15T00:30:33Z cache-maa10251 MEWElogs[355776]: CROP, 1626309032673481554, MAA, 12
<134>2021-07-15T00:30:33Z cache-dca17782 MEWElogs[355776]: CROP, 1626309032824735129, DCA, 12
<134>2021-07-15T00:30:37Z cache-cmh21547 MEWElogs[355776]: CROP, 1626309037222876290, CMH, 12
<134>2021-07-15T00:30:40Z cache-bog6425 MEWElogs[355776]: CROP, 1626309040292651580, BOG, 12
<134>2021-07-15T00:30:47Z cache-mdw17383 MEWElogs[355776]: CROP, 1626309046920111583, MDW, 12
<134>2021-07-15T00:30:48Z cache-maa10251 MEWElogs[355776]: CROP, 1626309047803919809, MAA, 12
<134>2021-07-15T00:30:50Z cache-pdk17882 MEWElogs[355776]: CROP, 1626309049913005320, PDK, 12
<134>2021-07-15T00:31:00Z cache-dca17782 MEWElogs[355776]: CROP, 1626309059322688468, DCA, 12
<134>2021-07-15T00:31:05Z cache-mdw17383 MEWElogs[355776]: CROP, 1626309065438031609, MDW, 12
<134>2021-07-15T00:31:08Z cache-maa10251 MEWElogs[355776]: CROP, 1626309066937446075, MAA, 12
<134>2021-07-15T00:31:08Z cache-pdk17882 MEWElogs[355776]: CROP, 1626309068156528253, PDK, 12
<134>2021-07-15T00:31:15Z cache-maa10251 MEWElogs[355776]: CROP, 1626309075225015151, MAA, 12
<134>2021-07-15T00:31:34Z cache-maa10251 MEWElogs[355776]: CROP, 1626309094056225888, MAA, 12
<134>2021-07-15T00:31:47Z cache-ord1740 MEWElogs[355776]: CROP, 1626309106144311302, ORD, 12
<134>2021-07-15T00:31:54Z cache-ord1740 MEWElogs[355776]: CROP, 1626309113022097250, ORD, 12
<134>2021-07-15T00:32:01Z cache-maa10251 MEWElogs[355776]: CROP, 1626309120518140934, MAA, 12
<134>2021-07-15T00:32:01Z cache-bog6425 MEWElogs[355776]: CROP, 1626309121587058900, BOG, 12
<134>2021-07-15T00:32:04Z cache-ord1740 MEWElogs[355776]: CROP, 1626309123581579605, ORD, 12
<134>2021-07-15T00:32:15Z cache-dca17782 MEWElogs[355776]: CROP, 1626309135236117640, DCA, 12
<134>2021-07-15T00:32:22Z cache-mdw17383 MEWElogs[355776]: CROP, 1626309142156807445, MDW, 12
<134>2021-07-15T00:32:27Z cache-mdw17383 MEWElogs[355776]: CROP, 1626309146959312021, MDW, 12
<134>2021-07-15T00:32:28Z cache-maa10251 MEWElogs[355776]: CROP, 1626309147168668540, MAA, 12
<134>2021-07-15T00:32:33Z cache-wdc5583 MEWElogs[355776]: CROP, 1626309152502830581, WDC, 12
<134>2021-07-15T00:32:39Z cache-pdk17882 MEWElogs[355776]: CROP, 1626309159362677018, PDK, 12
<134>2021-07-15T00:32:45Z cache-cmh21547 MEWElogs[355776]: CROP, 1626309164366896674, CMH, 12
<134>2021-07-15T00:32:54Z cache-pdk17882 MEWElogs[355776]: CROP, 1626309173833266277, PDK, 12
<134>2021-07-15T00:33:21Z cache-eze19324 MEWElogs[355776]: CROP, 1626309201068073942, EZE, 12
<134>2021-07-15T00:33:22Z cache-dca17782 MEWElogs[355776]: CROP, 1626309201982362591, DCA, 12
<134>2021-07-15T00:33:27Z cache-cph20625 MEWElogs[355776]: CROP, 1626309206647749340, CPH, 12
<134>2021-07-15T00:33:29Z cache-ord1740 MEWElogs[355776]: CROP, 1626309208290487006, ORD, 12
<134>2021-07-15T00:33:37Z cache-eze19324 MEWElogs[355776]: CROP, 1626309216281373974, EZE, 12
<134>2021-07-15T00:33:58Z cache-cph20625 MEWElogs[355776]: CROP, 1626309237675661043, CPH, 12
<134>2021-07-15T00:34:03Z cache-dca17782 MEWElogs[355776]: CROP, 1626309242901574715, DCA, 12
<134>2021-07-15T00:34:09Z cache-mdw17383 MEWElogs[355776]: CROP, 1626309249158160900, MDW, 12
<134>2021-07-15T00:34:12Z cache-bog6425 MEWElogs[355776]: CROP, 1626309251974837460, BOG, 12
<134>2021-07-15T00:34:14Z cache-cmh21547 MEWElogs[355776]: CROP, 1626309254348504948, CMH, 12
<134>2021-07-15T00:34:25Z cache-ord1740 MEWElogs[355776]: CROP, 1626309264524644989, ORD, 12
<134>2021-07-15T00:34:28Z cache-wdc5583 MEWElogs[355776]: CROP, 1626309267642456996, WDC, 12
<134>2021-07-15T00:34:37Z cache-maa10251 MEWElogs[355776]: CROP, 1626309276741562803, MAA, 12
<134>2021-07-15T00:34:41Z cache-cph20625 MEWElogs[355776]: CROP, 1626309281251958597, CPH, 12
<134>2021-07-15T00:34:46Z cache-cmh21547 MEWElogs[355776]: CROP, 1626309285795204140, CMH, 12
<134>2021-07-15T00:34:52Z cache-cmh21547 MEWElogs[355776]: CROP, 1626309291203688608, CMH, 12
<134>2021-07-15T00:34:56Z cache-maa10251 MEWElogs[355776]: CROP, 1626309295434449587, MAA, 12
<134>2021-07-15T00:34:57Z cache-wdc5583 MEWElogs[355776]: CROP, 1626309297090107770, WDC, 12
<134>2021-07-15T00:34:59Z cache-cph20625 MEWElogs[355776]: CROP, 1626309298972430450, CPH, 12
<134>2021-07-15T00:35:05Z cache-fty21383 MEWElogs[355776]: CROP, 1626309304848600689, FTY, 12
<134>2021-07-15T00:35:23Z cache-cmh21547 MEWElogs[355776]: CROP, 1626309322900602050, CMH, 12
<134>2021-07-15T00:35:42Z cache-wdc5583 MEWElogs[355776]: CROP, 1626309341186885897, WDC, 12
<134>2021-07-15T00:35:45Z cache-bos4657 MEWElogs[355776]: CROP, 1626309344494477965, BOS, 12
<134>2021-07-15T00:35:46Z cache-dfw18678 MEWElogs[355776]: CROP, 1626309346792402052, DFW, 12
<134>2021-07-15T00:35:50Z cache-del21735 MEWElogs[355776]: CROP, 1626309349083937971, DEL, 12
<134>2021-07-15T00:36:07Z cache-eze19324 MEWElogs[355776]: CROP, 1626309366483917570, EZE, 12
<134>2021-07-15T00:36:09Z cache-fty21383 MEWElogs[355776]: CROP, 1626309368122427646, FTY, 12
<134>2021-07-15T00:36:15Z cache-chi21126 MEWElogs[355776]: CROP, 1626309374358072042, CHI, 12
<134>2021-07-15T00:36:30Z cache-pwk4920 MEWElogs[355776]: CROP, 1626309390214976605, PWK, 12
<134>2021-07-15T00:36:39Z cache-fty21383 MEWElogs[355776]: CROP, 1626309398374442863, FTY, 12
<134>2021-07-15T00:36:52Z cache-dfw18678 MEWElogs[355776]: CROP, 1626309411549180498, DFW, 12
<134>2021-07-15T00:37:00Z cache-pwk4920 MEWElogs[355776]: CROP, 1626309419954536556, PWK, 12
<134>2021-07-15T00:37:02Z cache-chi21126 MEWElogs[355776]: CROP, 1626309421273781215, CHI, 12
<134>2021-07-15T00:37:26Z cache-fty21383 MEWElogs[355776]: CROP, 1626309445041467322, FTY, 12
<134>2021-07-15T00:37:33Z cache-akl10324 MEWElogs[355776]: CROP, 1626309452805970658, AKL, 12
<134>2021-07-15T00:37:34Z cache-del21735 MEWElogs[355776]: CROP, 1626309453445355242, DEL, 12
<134>2021-07-15T00:37:45Z cache-dfw18678 MEWElogs[355776]: CROP, 1626309465056545338, DFW, 12
<134>2021-07-15T00:37:49Z cache-dub4329 MEWElogs[355776]: CROP, 1626309468607506999, DUB, 12
<134>2021-07-15T00:37:52Z cache-akl10324 MEWElogs[355776]: CROP, 1626309471235737791, AKL, 12
<134>2021-07-15T00:37:58Z cache-cph20625 MEWElogs[355776]: CROP, 1626309477884834449, CPH, 12
<134>2021-07-15T00:38:02Z cache-bos4657 MEWElogs[355776]: CROP, 1626309482354140632, BOS, 12
<134>2021-07-15T00:38:04Z cache-pwk4920 MEWElogs[355776]: CROP, 1626309483904905969, PWK, 12
<134>2021-07-15T00:38:10Z cache-bos4657 MEWElogs[355776]: CROP, 1626309489765083431, BOS, 12
<134>2021-07-15T00:38:13Z cache-dfw18678 MEWElogs[355776]: CROP, 1626309493898823218, DFW, 12
<134>2021-07-15T00:38:18Z cache-chi21126 MEWElogs[355776]: CROP, 1626309497746417096, CHI, 12
<134>2021-07-15T00:38:19Z cache-cph20625 MEWElogs[355776]: CROP, 1626309499416173142, CPH, 12
<134>2021-07-15T00:38:39Z cache-fty21383 MEWElogs[355776]: CROP, 1626309518437537738, FTY, 12
<134>2021-07-15T00:38:40Z cache-bos4657 MEWElogs[355776]: CROP, 1626309519973385842, BOS, 12
