<134>2021-07-14T23:40:06Z cache-sjc10078 MEWElogs[412844]: BLUR, 1626306005537641739, SJC, 11
<134>2021-07-14T23:41:02Z cache-cgh11183 MEWElogs[412844]: BLUR, 1626306061797447276, CGH, 11
<134>2021-07-14T23:42:02Z cache-bma1628 MEWElogs[412844]: BLUR, 1626306122268766686, BMA, 11
<134>2021-07-14T23:42:48Z cache-bma1628 MEWElogs[412844]: BLUR, 1626306167210914708, BMA, 11
<134>2021-07-14T23:43:22Z cache-yyz4551 MEWElogs[412844]: BLUR, 1626306201010237187, YYZ, 11
<134>2021-07-14T23:43:39Z cache-sjc10078 MEWElogs[412844]: BLUR, 1626306218855780845, SJC, 11
<134>2021-07-14T23:44:01Z cache-cgh11183 MEWElogs[412844]: BLUR, 1626306241293200298, CGH, 11
<134>2021-07-14T23:44:32Z cache-bma1628 MEWElogs[412844]: BLUR, 1626306271024109083, BMA, 11
<134>2021-07-14T23:44:51Z cache-sjc10078 MEWElogs[412844]: BLUR, 1626306290893163934, SJC, 11
<134>2021-07-14T23:44:59Z cache-tyo11974 MEWElogs[412844]: BLUR, 1626306298157397479, TYO, 11
<134>2021-07-14T23:45:03Z cache-sea4483 MEWElogs[412844]: BLUR, 1626306302954560446, SEA, 11
<134>2021-07-14T23:45:15Z cache-yyz4551 MEWElogs[412844]: BLUR, 1626306315049976344, YYZ, 11
<134>2021-07-14T23:46:21Z cache-cgh11183 MEWElogs[412844]: BLUR, 1626306381348351623, CGH, 11
<134>2021-07-14T23:47:32Z cache-bma1628 MEWElogs[412844]: BLUR, 1626306451074679343, BMA, 11
<134>2021-07-14T23:48:18Z cache-sea4483 MEWElogs[412844]: BLUR, 1626306497040475241, SEA, 11
<134>2021-07-14T23:48:24Z cache-sjc10078 MEWElogs[412844]: BLUR, 1626306504520221468, SJC, 11
<134>2021-07-14T23:48:40Z cache-cgh11183 MEWElogs[412844]: BLUR, 1626306520649833999, CGH, 11
<134>2021-07-14T23:48:44Z cache-sjc10078 MEWElogs[412844]: BLUR, 1626306523387848048, SJC, 11
<134>2021-07-14T23:49:16Z cache-bma1628 MEWElogs[412844]: BLUR, 1626306555809760742, BMA, 11
<134>2021-07-14T23:49:20Z cache-yyz4551 MEWElogs[412844]: BLUR, 1626306559680117925, YYZ, 11
