<134>2021-07-15T07:53:02Z cache-scl19427 MEWElogs[369035]: UNSH, 1626335581826100397, SCL, 16
<134>2021-07-15T07:53:29Z cache-stl4834 MEWElogs[369035]: UNSH, 1626335608290064110, STL, 16
<134>2021-07-15T07:53:30Z cache-hnd18722 MEWElogs[369035]: UNSH, 1626335609076697421, HND, 16
<134>2021-07-15T07:53:36Z cache-itm18851 MEWElogs[369035]: UNSH, 1626335615649532047, ITM, 16
<134>2021-07-15T07:53:48Z cache-itm18851 MEWElogs[369035]: UNSH, 1626335627856638897, ITM, 16
<134>2021-07-15T07:54:00Z cache-scl19427 MEWElogs[369035]: UNSH, 1626335639001185000, SCL, 16
<134>2021-07-15T07:54:03Z cache-cgh11122 MEWElogs[369035]: UNSH, 1626335642363397327, CGH, 16
<134>2021-07-15T07:54:11Z cache-scl19427 MEWElogs[369035]: UNSH, 1626335650851947600, SCL, 16
<134>2021-07-15T07:54:22Z cache-gru17149 MEWElogs[369035]: UNSH, 1626335661676542083, GRU, 16
<134>2021-07-15T07:54:28Z cache-syd10183 MEWElogs[369035]: UNSH, 1626335667364140471, SYD, 16
<134>2021-07-15T07:55:24Z cache-gru17149 MEWElogs[369035]: UNSH, 1626335723802420788, GRU, 16
<134>2021-07-15T07:55:37Z cache-syd10183 MEWElogs[369035]: UNSH, 1626335736989771878, SYD, 16
<134>2021-07-15T07:55:49Z cache-stl4834 MEWElogs[369035]: UNSH, 1626335748324700954, STL, 16
<134>2021-07-15T07:56:29Z cache-gig17035 MEWElogs[369035]: UNSH, 1626335789180008356, GIG, 16
<134>2021-07-15T07:56:35Z cache-cgh11122 MEWElogs[369035]: UNSH, 1626335794475026177, CGH, 16
<134>2021-07-15T07:56:49Z cache-hnd18722 MEWElogs[369035]: UNSH, 1626335808896086890, HND, 16
<134>2021-07-15T07:56:59Z cache-pao17461 MEWElogs[369035]: UNSH, 1626335818014964916, PAO, 16
<134>2021-07-15T07:56:59Z cache-syd10183 MEWElogs[369035]: UNSH, 1626335819084012969, SYD, 16
<134>2021-07-15T07:57:09Z cache-pao17461 MEWElogs[369035]: UNSH, 1626335829752823966, PAO, 16
<134>2021-07-15T07:58:00Z cache-gru17149 MEWElogs[369035]: UNSH, 1626335879652591648, GRU, 16
