<134>2021-07-15T04:16:53Z cache-maa10251 MEWElogs[334804]: ROTATE, 1626322612864829950, MAA, 15
<134>2021-07-15T04:17:07Z cache-cph20625 MEWElogs[334804]: ROTATE, 1626322625978850693, CPH, 15
<134>2021-07-15T04:17:21Z cache-mdw17383 MEWElogs[334804]: ROTATE, 1626322640956970426, MDW, 15
<134>2021-07-15T04:17:28Z cache-eze19324 MEWElogs[334804]: ROTATE, 1626322647421653198, EZE, 15
<134>2021-07-15T04:18:02Z cache-cph20625 MEWElogs[334804]: ROTATE, 1626322681719141371, CPH, 15
<134>2021-07-15T04:18:09Z cache-dca17782 MEWElogs[334804]: ROTATE, 1626322688484857882, DCA, 15
<134>2021-07-15T04:18:26Z cache-bog6425 MEWElogs[334804]: ROTATE, 1626322705356279514, BOG, 15
<134>2021-07-15T04:18:55Z cache-dca17782 MEWElogs[334804]: ROTATE, 1626322735169009144, DCA, 15
<134>2021-07-15T04:19:14Z cache-dca17782 MEWElogs[334804]: ROTATE, 1626322754246133398, DCA, 15
<134>2021-07-15T04:19:15Z cache-wdc5583 MEWElogs[334804]: ROTATE, 1626322754617853065, WDC, 15
<134>2021-07-15T04:19:55Z cache-bog6425 MEWElogs[334804]: ROTATE, 1626322794848843975, BOG, 15
<134>2021-07-15T04:20:32Z cache-cph20625 MEWElogs[334804]: ROTATE, 1626322832021512430, CPH, 15
<134>2021-07-15T04:20:46Z cache-maa10251 MEWElogs[334804]: ROTATE, 1626322845151673882, MAA, 15
<134>2021-07-15T04:21:01Z cache-eze19324 MEWElogs[334804]: ROTATE, 1626322861369988891, EZE, 15
<134>2021-07-15T04:21:14Z cache-maa10251 MEWElogs[334804]: ROTATE, 1626322873185814148, MAA, 15
<134>2021-07-15T04:21:24Z cache-bog6425 MEWElogs[334804]: ROTATE, 1626322884022576762, BOG, 15
<134>2021-07-15T04:22:06Z cache-cwb20520 MEWElogs[334804]: ROTATE, 1626322925100002183, CWB, 15
<134>2021-07-15T04:22:15Z cache-bog6425 MEWElogs[334804]: ROTATE, 1626322934098967132, BOG, 15
<134>2021-07-15T04:22:23Z cache-mdw17383 MEWElogs[334804]: ROTATE, 1626322943589562354, MDW, 15
<134>2021-07-15T04:22:35Z cache-mdw17383 MEWElogs[334804]: ROTATE, 1626322954579644809, MDW, 15
<134>2021-07-15T04:22:57Z cache-mdw17383 MEWElogs[334804]: ROTATE, 1626322976430449986, MDW, 15
<134>2021-07-15T04:24:59Z cache-eze19324 MEWElogs[334804]: ROTATE, 1626323098834191461, EZE, 15
<134>2021-07-15T04:26:07Z cache-hhn4077 MEWElogs[334804]: ROTATE, 1626323166365376054, HHN, 15
<134>2021-07-15T04:26:14Z cache-del21735 MEWElogs[334804]: ROTATE, 1626323173734310247, DEL, 15
<134>2021-07-15T04:26:35Z cache-cwb20520 MEWElogs[334804]: ROTATE, 1626323194208818692, CWB, 15
<134>2021-07-15T04:26:42Z cache-del21735 MEWElogs[334804]: ROTATE, 1626323200909932117, DEL, 15
