<134>2021-07-14T17:12:21Z cache-den8274 MEWElogs[412844]: FLIPH, 1626282740202377664, DEN, -1
<134>2021-07-14T17:12:21Z cache-lcy19283 MEWElogs[412844]: FLIPH, 1626282740479760252, LCY, -1
<134>2021-07-14T17:12:27Z cache-lon4249 MEWElogs[412844]: FLIPH, 1626282746514726942, LON, -1
<134>2021-07-14T17:12:34Z cache-fra19177 MEWElogs[412844]: FLIPH, 1626282753611899012, FRA, 10
<134>2021-07-14T17:12:44Z cache-lcy19283 MEWElogs[412844]: FLIPH, 1626282764384738194, LCY, 10
<134>2021-07-14T17:12:59Z cache-den8274 MEWElogs[412844]: FLIPH, 1626282778300501213, DEN, 10
<134>2021-07-14T17:13:05Z cache-den8274 MEWElogs[412844]: FLIPH, 1626282784398565487, DEN, -1
<134>2021-07-14T17:13:05Z cache-bur17583 MEWElogs[412844]: FLIPH, 1626282784633960667, BUR, -1
<134>2021-07-14T17:13:07Z cache-den8274 MEWElogs[412844]: FLIPH, 1626282787073814939, DEN, 10
<134>2021-07-14T17:13:17Z cache-hkg17929 MEWElogs[412844]: FLIPH, 1626282797437279697, HKG, -1
<134>2021-07-14T17:13:30Z cache-cwb20520 MEWElogs[412844]: FLIPH, 1626282809867105167, CWB, -1
<134>2021-07-14T17:13:34Z cache-lon4249 MEWElogs[412844]: FLIPH, 1626282814826298976, LON, 10
<134>2021-07-14T17:13:46Z cache-bur17583 MEWElogs[412844]: FLIPH, 1626282826043593794, BUR, -1
<134>2021-07-14T17:13:52Z cache-jnb7027 MEWElogs[412844]: FLIPH, 1626282831364697693, JNB, 10
<134>2021-07-14T17:14:02Z cache-jnb7027 MEWElogs[412844]: FLIPH, 1626282841050831983, JNB, 10
<134>2021-07-14T17:14:05Z cache-lon4249 MEWElogs[412844]: FLIPH, 1626282844494571782, LON, -1
<134>2021-07-14T17:14:12Z cache-lon4249 MEWElogs[412844]: FLIPH, 1626282852495386649, LON, -1
<134>2021-07-14T17:14:29Z cache-cwb20520 MEWElogs[412844]: FLIPH, 1626282869260340335, CWB, -1
<134>2021-07-14T17:14:37Z cache-hkg17929 MEWElogs[412844]: FLIPH, 1626282875965316588, HKG, 10
<134>2021-07-14T17:15:04Z cache-den8274 MEWElogs[412844]: FLIPH, 1626282904302572132, DEN, 10
<134>2021-07-14T17:15:08Z cache-bur17583 MEWElogs[412844]: FLIPH, 1626282907943825404, BUR, -1
<134>2021-07-14T17:15:11Z cache-lcy19283 MEWElogs[412844]: FLIPH, 1626282911473947204, LCY, -1
<134>2021-07-14T17:15:21Z cache-lon4249 MEWElogs[412844]: FLIPH, 1626282920496093774, LON, 10
<134>2021-07-14T17:15:28Z cache-den8274 MEWElogs[412844]: FLIPH, 1626282927497359789, DEN, -1
<134>2021-07-14T17:15:45Z cache-dal21283 MEWElogs[412844]: FLIPH, 1626282945050382182, DAL, -1
<134>2021-07-14T17:15:48Z cache-cwb20520 MEWElogs[412844]: FLIPH, 1626282947423546954, CWB, -1
<134>2021-07-14T17:16:13Z cache-iah17271 MEWElogs[412844]: FLIPH, 1626282972333390964, IAH, -1
<134>2021-07-14T17:16:21Z cache-bur17583 MEWElogs[412844]: FLIPH, 1626282980143871488, BUR, -1
<134>2021-07-14T17:16:40Z cache-mad22068 MEWElogs[412844]: FLIPH, 1626282999023146232, MAD, 10
<134>2021-07-14T17:16:55Z cache-mad22068 MEWElogs[412844]: FLIPH, 1626283014820238165, MAD, -1
<134>2021-07-14T17:17:08Z cache-dal21283 MEWElogs[412844]: FLIPH, 1626283027650551755, DAL, 10
<134>2021-07-14T17:17:12Z cache-mci5951 MEWElogs[412844]: FLIPH, 1626283031210636764, MCI, 10
<134>2021-07-14T17:17:16Z cache-stp9226 MEWElogs[412844]: FLIPH, 1626283035184121322, STP, 10
<134>2021-07-14T17:17:21Z cache-mci5951 MEWElogs[412844]: FLIPH, 1626283041292217888, MCI, 10
<134>2021-07-14T17:17:29Z cache-hkg17929 MEWElogs[412844]: FLIPH, 1626283049411613543, HKG, 10
<134>2021-07-14T17:17:31Z cache-dal21283 MEWElogs[412844]: FLIPH, 1626283050962594664, DAL, 10
<134>2021-07-14T17:17:37Z cache-lhr7382 MEWElogs[412844]: FLIPH, 1626283056575087728, LHR, -1
<134>2021-07-14T17:17:49Z cache-lhr7382 MEWElogs[412844]: FLIPH, 1626283068253388546, LHR, 10
<134>2021-07-14T17:18:08Z cache-mci5951 MEWElogs[412844]: FLIPH, 1626283088318591499, MCI, -1
<134>2021-07-14T17:18:22Z cache-jax20933 MEWElogs[412844]: FLIPH, 1626283101654405998, JAX, -1
<134>2021-07-14T17:18:31Z cache-mia11368 MEWElogs[412844]: FLIPH, 1626283110588647224, MIA, 10
<134>2021-07-14T17:18:43Z cache-mad22068 MEWElogs[412844]: FLIPH, 1626283122127024595, MAD, 10
<134>2021-07-14T17:18:50Z cache-bur17583 MEWElogs[412844]: FLIPH, 1626283128976103691, BUR, 10
<134>2021-07-14T17:18:51Z cache-mrs10583 MEWElogs[412844]: FLIPH, 1626283131128246356, MRS, -1
<134>2021-07-14T17:18:51Z cache-mia11368 MEWElogs[412844]: FLIPH, 1626283130948844931, MIA, 10
<134>2021-07-14T17:18:54Z cache-mrs10583 MEWElogs[412844]: FLIPH, 1626283133832507372, MRS, 10
<134>2021-07-14T17:18:58Z cache-mad22068 MEWElogs[412844]: FLIPH, 1626283137555388768, MAD, -1
<134>2021-07-14T17:19:00Z cache-stp9226 MEWElogs[412844]: FLIPH, 1626283140447530878, STP, -1
<134>2021-07-14T17:19:00Z cache-dal21283 MEWElogs[412844]: FLIPH, 1626283139866025967, DAL, -1
<134>2021-07-14T17:19:12Z cache-mia11368 MEWElogs[412844]: FLIPH, 1626283151460583781, MIA, 10
<134>2021-07-14T17:19:12Z cache-dal21283 MEWElogs[412844]: FLIPH, 1626283151546201902, DAL, -1
<134>2021-07-14T17:19:17Z cache-lhr7382 MEWElogs[412844]: FLIPH, 1626283156646161870, LHR, 10
<134>2021-07-14T17:19:38Z cache-mad22068 MEWElogs[412844]: FLIPH, 1626283177704960933, MAD, 10
<134>2021-07-14T17:19:40Z cache-hkg17929 MEWElogs[412844]: FLIPH, 1626283180151178172, HKG, 10
<134>2021-07-14T17:19:46Z cache-dal21283 MEWElogs[412844]: FLIPH, 1626283185938247693, DAL, -1
<134>2021-07-14T17:19:59Z cache-mia11368 MEWElogs[412844]: FLIPH, 1626283199489611353, MIA, -1
<134>2021-07-14T17:20:02Z cache-bur17583 MEWElogs[412844]: FLIPH, 1626283201829033311, BUR, 10
<134>2021-07-14T17:20:04Z cache-mrs10583 MEWElogs[412844]: FLIPH, 1626283204029611471, MRS, -1
<134>2021-07-14T17:20:14Z cache-mia11368 MEWElogs[412844]: FLIPH, 1626283213070418683, MIA, 10
<134>2021-07-14T17:20:29Z cache-mrs10583 MEWElogs[412844]: FLIPH, 1626283228541263234, MRS, -1
<134>2021-07-14T17:20:33Z cache-mia11368 MEWElogs[412844]: FLIPH, 1626283233337104015, MIA, 10
<134>2021-07-14T17:20:39Z cache-stp9226 MEWElogs[412844]: FLIPH, 1626283238644943333, STP, -1
<134>2021-07-14T17:20:49Z cache-mad22068 MEWElogs[412844]: FLIPH, 1626283248964799702, MAD, -1
<134>2021-07-14T17:21:07Z cache-hkg17929 MEWElogs[412844]: FLIPH, 1626283267145690569, HKG, 10
<134>2021-07-14T17:21:20Z cache-mrs10583 MEWElogs[412844]: FLIPH, 1626283280572659118, MRS, 10
<134>2021-07-14T17:21:30Z cache-mad22068 MEWElogs[412844]: FLIPH, 1626283289995600544, MAD, 10
<134>2021-07-14T17:21:40Z cache-mad22068 MEWElogs[412844]: FLIPH, 1626283299407582506, MAD, 10
<134>2021-07-14T17:21:45Z cache-mad22068 MEWElogs[412844]: FLIPH, 1626283305641318271, MAD, -1
<134>2021-07-14T17:21:54Z cache-stp9226 MEWElogs[412844]: FLIPH, 1626283314694230917, STP, -1
<134>2021-07-14T17:22:03Z cache-mci5951 MEWElogs[412844]: FLIPH, 1626283322301061253, MCI, -1
<134>2021-07-14T17:22:06Z cache-mci5951 MEWElogs[412844]: FLIPH, 1626283325425880068, MCI, 10
<134>2021-07-14T17:22:15Z cache-mrs10583 MEWElogs[412844]: FLIPH, 1626283334683611011, MRS, -1
<134>2021-07-14T17:22:17Z cache-stp9226 MEWElogs[412844]: FLIPH, 1626283336307879941, STP, -1
<134>2021-07-14T17:22:18Z cache-mrs10583 MEWElogs[412844]: FLIPH, 1626283337363157768, MRS, 10
