<134>2021-07-14T17:12:21Z cache-cwb20520 MEWElogs[369035]: FLIPH, 1626282740499829660, CWB, -1
<134>2021-07-14T17:12:25Z cache-hel6829 MEWElogs[369035]: FLIPH, 1626282744310263592, HEL, -1
<134>2021-07-14T17:12:29Z cache-hel6829 MEWElogs[369035]: FLIPH, 1626282748168547012, HEL, 10
<134>2021-07-14T17:12:29Z cache-lon4249 MEWElogs[369035]: FLIPH, 1626282749218740885, LON, 10
<134>2021-07-14T17:12:31Z cache-cwb20520 MEWElogs[369035]: FLIPH, 1626282750208165256, CWB, -1
<134>2021-07-14T17:12:39Z cache-den8274 MEWElogs[369035]: FLIPH, 1626282758154115264, DEN, -1
<134>2021-07-14T17:12:42Z cache-iah17271 MEWElogs[369035]: FLIPH, 1626282761895569633, IAH, -1
<134>2021-07-14T17:12:43Z cache-cwb20520 MEWElogs[369035]: FLIPH, 1626282762693401883, CWB, 10
<134>2021-07-14T17:12:53Z cache-cwb20520 MEWElogs[369035]: FLIPH, 1626282772527377369, CWB, 10
<134>2021-07-14T17:13:00Z cache-hkg17929 MEWElogs[369035]: FLIPH, 1626282779117320108, HKG, 10
<134>2021-07-14T17:13:04Z cache-lcy19283 MEWElogs[369035]: FLIPH, 1626282784521337726, LCY, 10
<134>2021-07-14T17:13:07Z cache-lon4249 MEWElogs[369035]: FLIPH, 1626282787530361478, LON, -1
<134>2021-07-14T17:13:19Z cache-fra19177 MEWElogs[369035]: FLIPH, 1626282799127471378, FRA, 10
<134>2021-07-14T17:13:20Z cache-hkg17929 MEWElogs[369035]: FLIPH, 1626282800574198522, HKG, 10
<134>2021-07-14T17:13:21Z cache-lcy19283 MEWElogs[369035]: FLIPH, 1626282801074695248, LCY, -1
<134>2021-07-14T17:13:50Z cache-iah17271 MEWElogs[369035]: FLIPH, 1626282829347662998, IAH, -1
<134>2021-07-14T17:14:00Z cache-bur17583 MEWElogs[369035]: FLIPH, 1626282839709128566, BUR, 10
<134>2021-07-14T17:14:12Z cache-iah17271 MEWElogs[369035]: FLIPH, 1626282851492377996, IAH, -1
<134>2021-07-14T17:14:22Z cache-iah17271 MEWElogs[369035]: FLIPH, 1626282862227679990, IAH, -1
<134>2021-07-14T17:14:59Z cache-cwb20520 MEWElogs[369035]: FLIPH, 1626282898642803491, CWB, -1
<134>2021-07-14T17:15:00Z cache-mci5951 MEWElogs[369035]: FLIPH, 1626282900071707738, MCI, 10
<134>2021-07-14T17:15:11Z cache-iah17271 MEWElogs[369035]: FLIPH, 1626282910135880142, IAH, 10
<134>2021-07-14T17:15:12Z cache-lon4249 MEWElogs[369035]: FLIPH, 1626282912322756571, LON, 10
<134>2021-07-14T17:15:28Z cache-bur17583 MEWElogs[369035]: FLIPH, 1626282928461258757, BUR, -1
<134>2021-07-14T17:15:37Z cache-dal21283 MEWElogs[369035]: FLIPH, 1626282937248569402, DAL, 10
<134>2021-07-14T17:15:47Z cache-mrs10583 MEWElogs[369035]: FLIPH, 1626282946201861971, MRS, 10
<134>2021-07-14T17:15:47Z cache-mci5951 MEWElogs[369035]: FLIPH, 1626282947463612632, MCI, -1
<134>2021-07-14T17:16:01Z cache-lhr7382 MEWElogs[369035]: FLIPH, 1626282960313841086, LHR, -1
<134>2021-07-14T17:16:01Z cache-iah17271 MEWElogs[369035]: FLIPH, 1626282960972617421, IAH, -1
<134>2021-07-14T17:16:03Z cache-hkg17929 MEWElogs[369035]: FLIPH, 1626282962723850559, HKG, 10
<134>2021-07-14T17:16:13Z cache-bur17583 MEWElogs[369035]: FLIPH, 1626282973028677481, BUR, 10
<134>2021-07-14T17:16:18Z cache-lhr7382 MEWElogs[369035]: FLIPH, 1626282978051361550, LHR, -1
<134>2021-07-14T17:16:36Z cache-mad22068 MEWElogs[369035]: FLIPH, 1626282995632656018, MAD, -1
<134>2021-07-14T17:16:46Z cache-hkg17929 MEWElogs[369035]: FLIPH, 1626283006121511222, HKG, 10
<134>2021-07-14T17:16:56Z cache-mia11368 MEWElogs[369035]: FLIPH, 1626283015369859024, MIA, -1
<134>2021-07-14T17:17:04Z cache-mad22068 MEWElogs[369035]: FLIPH, 1626283024144795308, MAD, -1
<134>2021-07-14T17:17:20Z cache-dal21283 MEWElogs[369035]: FLIPH, 1626283039260443711, DAL, 10
<134>2021-07-14T17:17:22Z cache-lhr7382 MEWElogs[369035]: FLIPH, 1626283042013277392, LHR, 10
<134>2021-07-14T17:17:36Z cache-mia11368 MEWElogs[369035]: FLIPH, 1626283055588838580, MIA, -1
<134>2021-07-14T17:17:41Z cache-mad22068 MEWElogs[369035]: FLIPH, 1626283061575128791, MAD, -1
<134>2021-07-14T17:17:42Z cache-dal21283 MEWElogs[369035]: FLIPH, 1626283062421850146, DAL, 10
<134>2021-07-14T17:17:48Z cache-stp9226 MEWElogs[369035]: FLIPH, 1626283067637808474, STP, 10
<134>2021-07-14T17:17:57Z cache-mia11368 MEWElogs[369035]: FLIPH, 1626283076358324158, MIA, -1
<134>2021-07-14T17:18:06Z cache-lhr7382 MEWElogs[369035]: FLIPH, 1626283085799944035, LHR, 10
<134>2021-07-14T17:18:07Z cache-mia11368 MEWElogs[369035]: FLIPH, 1626283086659380220, MIA, -1
<134>2021-07-14T17:18:20Z cache-hkg17929 MEWElogs[369035]: FLIPH, 1626283100002133698, HKG, -1
<134>2021-07-14T17:18:28Z cache-bur17583 MEWElogs[369035]: FLIPH, 1626283108123348434, BUR, 10
<134>2021-07-14T17:18:30Z cache-mci5951 MEWElogs[369035]: FLIPH, 1626283109464607610, MCI, -1
<134>2021-07-14T17:18:30Z cache-mad22068 MEWElogs[369035]: FLIPH, 1626283109961659017, MAD, -1
<134>2021-07-14T17:18:41Z cache-lhr7382 MEWElogs[369035]: FLIPH, 1626283120931167174, LHR, 10
<134>2021-07-14T17:18:43Z cache-mci5951 MEWElogs[369035]: FLIPH, 1626283122855343283, MCI, 10
<134>2021-07-14T17:19:03Z cache-mrs10583 MEWElogs[369035]: FLIPH, 1626283141960922168, MRS, 10
<134>2021-07-14T17:19:08Z cache-lhr7382 MEWElogs[369035]: FLIPH, 1626283147887899171, LHR, 10
<134>2021-07-14T17:19:17Z cache-bur17583 MEWElogs[369035]: FLIPH, 1626283156900506563, BUR, -1
<134>2021-07-14T17:19:51Z cache-mci5951 MEWElogs[369035]: FLIPH, 1626283190720126870, MCI, -1
<134>2021-07-14T17:19:52Z cache-lhr7382 MEWElogs[369035]: FLIPH, 1626283191676536307, LHR, 10
<134>2021-07-14T17:19:57Z cache-mad22068 MEWElogs[369035]: FLIPH, 1626283196847601225, MAD, 10
<134>2021-07-14T17:20:15Z cache-mad22068 MEWElogs[369035]: FLIPH, 1626283215871476042, MAD, 10
<134>2021-07-14T17:20:26Z cache-jax20933 MEWElogs[369035]: FLIPH, 1626283226141271059, JAX, 10
<134>2021-07-14T17:20:38Z cache-mrs10583 MEWElogs[369035]: FLIPH, 1626283237068707739, MRS, -1
<134>2021-07-14T17:20:42Z cache-mci5951 MEWElogs[369035]: FLIPH, 1626283241135953686, MCI, -1
<134>2021-07-14T17:20:43Z cache-stp9226 MEWElogs[369035]: FLIPH, 1626283242114771230, STP, 10
<134>2021-07-14T17:20:56Z cache-mrs10583 MEWElogs[369035]: FLIPH, 1626283255877162691, MRS, 10
<134>2021-07-14T17:21:02Z cache-mrs10583 MEWElogs[369035]: FLIPH, 1626283261251470535, MRS, -1
<134>2021-07-14T17:21:26Z cache-jax20933 MEWElogs[369035]: FLIPH, 1626283286647398933, JAX, 10
<134>2021-07-14T17:21:40Z cache-hkg17929 MEWElogs[369035]: FLIPH, 1626283299642943265, HKG, 10
<134>2021-07-14T17:21:53Z cache-bur17583 MEWElogs[369035]: FLIPH, 1626283313132479913, BUR, -1
<134>2021-07-14T17:22:15Z cache-mad22068 MEWElogs[369035]: FLIPH, 1626283334757388804, MAD, -1
