<134>2021-07-14T21:09:47Z cache-ams21020 MEWElogs[390968]: BLUR, 1626296986525270994, AMS, 11
<134>2021-07-14T21:09:57Z cache-mdw17383 MEWElogs[390968]: BLUR, 1626296996962596020, MDW, 11
<134>2021-07-14T21:10:43Z cache-ams21020 MEWElogs[390968]: BLUR, 1626297043433897587, AMS, 11
<134>2021-07-14T21:10:49Z cache-ord1740 MEWElogs[390968]: BLUR, 1626297047990021079, ORD, 11
<134>2021-07-14T21:11:04Z cache-ord1740 MEWElogs[390968]: BLUR, 1626297063766495450, ORD, 11
<134>2021-07-14T21:11:54Z cache-mdw17383 MEWElogs[390968]: BLUR, 1626297114056480971, MDW, 11
<134>2021-07-14T21:13:12Z cache-mdw17383 MEWElogs[390968]: BLUR, 1626297191736541778, MDW, 11
<134>2021-07-14T21:13:13Z cache-bog6425 MEWElogs[390968]: BLUR, 1626297192666558652, BOG, 11
<134>2021-07-14T21:13:53Z cache-wdc5583 MEWElogs[390968]: BLUR, 1626297232540126778, WDC, 11
<134>2021-07-14T21:14:13Z cache-cmh21547 MEWElogs[390968]: BLUR, 1626297253191758395, CMH, 11
<134>2021-07-14T21:14:17Z cache-ord1740 MEWElogs[390968]: BLUR, 1626297256235403203, ORD, 11
<134>2021-07-14T21:14:52Z cache-dca17782 MEWElogs[390968]: BLUR, 1626297292219320364, DCA, 11
<134>2021-07-14T21:15:09Z cache-cmh21547 MEWElogs[390968]: BLUR, 1626297309383661458, CMH, 11
<134>2021-07-14T21:15:20Z cache-ord1740 MEWElogs[390968]: BLUR, 1626297319382264407, ORD, 11
<134>2021-07-14T21:15:27Z cache-dfw18678 MEWElogs[390968]: BLUR, 1626297326777587192, DFW, 11
<134>2021-07-14T21:16:25Z cache-dfw18678 MEWElogs[390968]: BLUR, 1626297384968178937, DFW, 11
<134>2021-07-14T21:17:02Z cache-cmh21547 MEWElogs[390968]: BLUR, 1626297422179601569, CMH, 11
<134>2021-07-14T21:17:08Z cache-mdw17383 MEWElogs[390968]: BLUR, 1626297427995229202, MDW, 11
<134>2021-07-14T21:17:31Z cache-wdc5583 MEWElogs[390968]: BLUR, 1626297451377666760, WDC, 11
<134>2021-07-14T21:17:39Z cache-eze19324 MEWElogs[390968]: BLUR, 1626297458868194415, EZE, 11
<134>2021-07-14T21:18:08Z cache-mdw17383 MEWElogs[390968]: BLUR, 1626297488098445427, MDW, 11
<134>2021-07-14T21:19:13Z cache-akl10324 MEWElogs[390968]: BLUR, 1626297552476131382, AKL, 11
<134>2021-07-14T21:19:40Z cache-wdc5583 MEWElogs[390968]: BLUR, 1626297580494140993, WDC, 11
