<134>2021-07-15T05:18:41Z cache-gru17149 MEWElogs[322023]: ROTATE, 1626326320308292573, GRU, 15
<134>2021-07-15T05:18:50Z cache-gru17149 MEWElogs[322023]: ROTATE, 1626326329701573300, GRU, 15
<134>2021-07-15T05:19:09Z cache-gru17149 MEWElogs[322023]: ROTATE, 1626326348592170094, GRU, 15
<134>2021-07-15T05:19:13Z cache-stl4834 MEWElogs[322023]: ROTATE, 1626326352633178713, STL, 15
<134>2021-07-15T05:20:00Z cache-mel11272 MEWElogs[322023]: ROTATE, 1626326399913738844, MEL, 15
<134>2021-07-15T05:20:18Z cache-scl19427 MEWElogs[322023]: ROTATE, 1626326418414888979, SCL, 15
<134>2021-07-15T05:20:38Z cache-pao17461 MEWElogs[322023]: ROTATE, 1626326437420607984, PAO, 15
<134>2021-07-15T05:20:45Z cache-syd10183 MEWElogs[322023]: ROTATE, 1626326444761881002, SYD, 15
<134>2021-07-15T05:22:18Z cache-gig17035 MEWElogs[322023]: ROTATE, 1626326538251363869, GIG, 15
<134>2021-07-15T05:22:53Z cache-hnd18722 MEWElogs[322023]: ROTATE, 1626326572127490802, HND, 15
<134>2021-07-15T05:23:00Z cache-scl19427 MEWElogs[322023]: ROTATE, 1626326579298230562, SCL, 15
<134>2021-07-15T05:23:30Z cache-itm18851 MEWElogs[322023]: ROTATE, 1626326609526433402, ITM, 15
<134>2021-07-15T05:23:36Z cache-gru17149 MEWElogs[322023]: ROTATE, 1626326614933532183, GRU, 15
<134>2021-07-15T05:23:45Z cache-stl4834 MEWElogs[322023]: ROTATE, 1626326624001267547, STL, 15
<134>2021-07-15T05:25:40Z cache-pao17461 MEWElogs[322023]: ROTATE, 1626326739857210878, PAO, 15
<134>2021-07-15T05:25:58Z cache-gig17035 MEWElogs[322023]: ROTATE, 1626326757857360685, GIG, 15
<134>2021-07-15T05:26:24Z cache-pao17461 MEWElogs[322023]: ROTATE, 1626326783833625408, PAO, 15
<134>2021-07-15T05:26:36Z cache-syd10183 MEWElogs[322023]: ROTATE, 1626326795216837676, SYD, 15
<134>2021-07-15T05:26:58Z cache-scl19427 MEWElogs[322023]: ROTATE, 1626326818203446051, SCL, 15
<134>2021-07-15T05:27:04Z cache-gru17149 MEWElogs[322023]: ROTATE, 1626326823891525732, GRU, 15
<134>2021-07-15T05:27:36Z cache-sjc10078 MEWElogs[322023]: ROTATE, 1626326855237156867, SJC, 15
<134>2021-07-15T05:27:47Z cache-sjc10078 MEWElogs[322023]: ROTATE, 1626326866456692803, SJC, 15
