<134>2021-07-15T00:49:05Z cache-man4150 MEWElogs[370074]: CROP, 1626310144159945823, MAN, 12
<134>2021-07-15T00:49:10Z cache-mci5951 MEWElogs[370074]: CROP, 1626310149442519572, MCI, 12
<134>2021-07-15T00:49:10Z cache-lhr7382 MEWElogs[370074]: CROP, 1626310149108989513, LHR, 12
<134>2021-07-15T00:49:10Z cache-stp9226 MEWElogs[370074]: CROP, 1626310149644779347, STP, 12
<134>2021-07-15T00:49:29Z cache-dal21283 MEWElogs[370074]: CROP, 1626310169030480536, DAL, 12
<134>2021-07-15T00:49:34Z cache-dal21283 MEWElogs[370074]: CROP, 1626310173677893983, DAL, 12
<134>2021-07-15T00:49:38Z cache-lhr7382 MEWElogs[370074]: CROP, 1626310177710162908, LHR, 12
<134>2021-07-15T00:49:41Z cache-jax20933 MEWElogs[370074]: CROP, 1626310180293546451, JAX, 12
<134>2021-07-15T00:49:52Z cache-jax20933 MEWElogs[370074]: CROP, 1626310192314372950, JAX, 12
<134>2021-07-15T00:50:34Z cache-lax10677 MEWElogs[370074]: CROP, 1626310234027441698, LGB, 12
<134>2021-07-15T00:50:37Z cache-stp9226 MEWElogs[370074]: CROP, 1626310236266026044, STP, 12
<134>2021-07-15T00:50:41Z cache-mci5951 MEWElogs[370074]: CROP, 1626310240724769740, MCI, 12
<134>2021-07-15T00:51:07Z cache-mci5951 MEWElogs[370074]: CROP, 1626310267377356746, MCI, 12
<134>2021-07-15T00:51:22Z cache-mia11368 MEWElogs[370074]: CROP, 1626310282546248602, MIA, 12
<134>2021-07-15T00:51:30Z cache-mci5951 MEWElogs[370074]: CROP, 1626310289424751711, MCI, 12
<134>2021-07-15T00:51:49Z cache-lax10677 MEWElogs[370074]: CROP, 1626310308430925468, LGB, 12
<134>2021-07-15T00:52:19Z cache-man4150 MEWElogs[370074]: CROP, 1626310337974295586, MAN, 12
<134>2021-07-15T00:52:27Z cache-jax20933 MEWElogs[370074]: CROP, 1626310346525861334, JAX, 12
<134>2021-07-15T00:52:52Z cache-jax20933 MEWElogs[370074]: CROP, 1626310371120336805, JAX, 12
<134>2021-07-15T00:52:54Z cache-man4150 MEWElogs[370074]: CROP, 1626310372926739816, MAN, 12
<134>2021-07-15T00:52:57Z cache-yul12826 MEWElogs[370074]: CROP, 1626310376117943705, YUL, 12
<134>2021-07-15T00:52:57Z cache-lax10677 MEWElogs[370074]: CROP, 1626310377352701950, LGB, 12
<134>2021-07-15T00:53:01Z cache-mci5951 MEWElogs[370074]: CROP, 1626310380638015098, MCI, 12
<134>2021-07-15T00:53:23Z cache-lga21983 MEWElogs[370074]: CROP, 1626310403206456963, LGA, 12
<134>2021-07-15T00:53:35Z cache-mci5951 MEWElogs[370074]: CROP, 1626310414783120254, MCI, 12
<134>2021-07-15T00:53:46Z cache-yul12826 MEWElogs[370074]: CROP, 1626310425729137447, YUL, 12
<134>2021-07-15T00:53:51Z cache-osl6529 MEWElogs[370074]: CROP, 1626310430689937479, OSL, 12
<134>2021-07-15T00:53:58Z cache-mel11272 MEWElogs[370074]: CROP, 1626310437029248304, MEL, 12
<134>2021-07-15T00:54:07Z cache-mel11272 MEWElogs[370074]: CROP, 1626310446248805981, MEL, 12
<134>2021-07-15T00:54:10Z cache-yul12826 MEWElogs[370074]: CROP, 1626310449275574298, YUL, 12
<134>2021-07-15T00:54:39Z cache-mel11272 MEWElogs[370074]: CROP, 1626310478788195015, MEL, 12
<134>2021-07-15T00:54:41Z cache-yul12826 MEWElogs[370074]: CROP, 1626310481755964139, YUL, 12
<134>2021-07-15T00:54:44Z cache-mel11272 MEWElogs[370074]: CROP, 1626310483511497417, MEL, 12
<134>2021-07-15T00:54:51Z cache-ewr18156 MEWElogs[370074]: CROP, 1626310490857288054, EWR, 12
<134>2021-07-15T00:54:56Z cache-lga21983 MEWElogs[370074]: CROP, 1626310495836691309, LGA, 12
<134>2021-07-15T00:54:58Z cache-mel11272 MEWElogs[370074]: CROP, 1626310497182182992, MEL, 12
<134>2021-07-15T00:54:59Z cache-ewr18156 MEWElogs[370074]: CROP, 1626310498645143401, EWR, 12
<134>2021-07-15T00:55:49Z cache-lga21983 MEWElogs[370074]: CROP, 1626310548952295434, LGA, 12
<134>2021-07-15T00:55:56Z cache-jax20933 MEWElogs[370074]: CROP, 1626310555955533936, JAX, 12
<134>2021-07-15T00:56:02Z cache-gig17035 MEWElogs[370074]: CROP, 1626310562194876600, GIG, 12
<134>2021-07-15T00:56:15Z cache-jax20933 MEWElogs[370074]: CROP, 1626310574304159519, JAX, 12
<134>2021-07-15T00:56:30Z cache-ewr18156 MEWElogs[370074]: CROP, 1626310589807116818, EWR, 12
<134>2021-07-15T00:56:53Z cache-ewr18156 MEWElogs[370074]: CROP, 1626310613076864867, EWR, 12
<134>2021-07-15T00:57:01Z cache-scl19427 MEWElogs[370074]: CROP, 1626310620123720881, SCL, 12
<134>2021-07-15T00:57:15Z cache-jax20933 MEWElogs[370074]: CROP, 1626310635464537786, JAX, 12
<134>2021-07-15T00:57:16Z cache-osl6529 MEWElogs[370074]: CROP, 1626310636292056349, OSL, 12
<134>2021-07-15T00:57:19Z cache-bom4751 MEWElogs[370074]: CROP, 1626310638607052009, BOM, 12
<134>2021-07-15T00:58:05Z cache-gru17149 MEWElogs[370074]: CROP, 1626310684702114385, GRU, 12
<134>2021-07-15T00:58:10Z cache-bom4751 MEWElogs[370074]: CROP, 1626310689789331418, BOM, 12
<134>2021-07-15T00:58:15Z cache-pao17461 MEWElogs[370074]: CROP, 1626310694810623228, PAO, 12
<134>2021-07-15T00:58:57Z cache-scl19427 MEWElogs[370074]: CROP, 1626310737014272722, SCL, 12
<134>2021-07-15T00:59:00Z cache-cgh11122 MEWElogs[370074]: CROP, 1626310738898637113, CGH, 12
<134>2021-07-15T00:59:03Z cache-gru17149 MEWElogs[370074]: CROP, 1626310742125951543, GRU, 12
