<134>2021-07-14T17:12:24Z cache-jnb7027 MEWElogs[322581]: FLIPH, 1626282743497069661, JNB, 10
<134>2021-07-14T17:12:34Z cache-iah17271 MEWElogs[322581]: FLIPH, 1626282753829531048, IAH, 10
<134>2021-07-14T17:12:41Z cache-dal21283 MEWElogs[322581]: FLIPH, 1626282760678944972, DAL, -1
<134>2021-07-14T17:12:50Z cache-cwb20520 MEWElogs[322581]: FLIPH, 1626282769830724753, CWB, -1
<134>2021-07-14T17:12:55Z cache-lcy19283 MEWElogs[322581]: FLIPH, 1626282774342692534, LCY, 10
<134>2021-07-14T17:12:56Z cache-hkg17929 MEWElogs[322581]: FLIPH, 1626282775995317079, HKG, -1
<134>2021-07-14T17:13:10Z cache-hkg17929 MEWElogs[322581]: FLIPH, 1626282789786652502, HKG, 10
<134>2021-07-14T17:14:25Z cache-lcy19283 MEWElogs[322581]: FLIPH, 1626282864680665343, LCY, 10
<134>2021-07-14T17:14:38Z cache-jnb7027 MEWElogs[322581]: FLIPH, 1626282877279312508, JNB, -1
<134>2021-07-14T17:14:40Z cache-cwb20520 MEWElogs[322581]: FLIPH, 1626282878988189663, CWB, -1
<134>2021-07-14T17:14:47Z cache-hkg17929 MEWElogs[322581]: FLIPH, 1626282886805115887, HKG, 10
<134>2021-07-14T17:14:48Z cache-iah17271 MEWElogs[322581]: FLIPH, 1626282887672285904, IAH, 10
<134>2021-07-14T17:15:21Z cache-mci5951 MEWElogs[322581]: FLIPH, 1626282920224298454, MCI, 10
<134>2021-07-14T17:15:40Z cache-den8274 MEWElogs[322581]: FLIPH, 1626282939543039619, DEN, 10
<134>2021-07-14T17:15:50Z cache-mad22068 MEWElogs[322581]: FLIPH, 1626282950711707547, MAD, 10
<134>2021-07-14T17:16:00Z cache-dal21283 MEWElogs[322581]: FLIPH, 1626282959542649558, DAL, 10
<134>2021-07-14T17:16:03Z cache-lhr7382 MEWElogs[322581]: FLIPH, 1626282963304575461, LHR, 10
<134>2021-07-14T17:16:23Z cache-dal21283 MEWElogs[322581]: FLIPH, 1626282982446204498, DAL, 10
<134>2021-07-14T17:16:23Z cache-jax20933 MEWElogs[322581]: FLIPH, 1626282983423966108, JAX, -1
<134>2021-07-14T17:16:33Z cache-mrs10583 MEWElogs[322581]: FLIPH, 1626282992518400979, MRS, -1
<134>2021-07-14T17:16:52Z cache-jax20933 MEWElogs[322581]: FLIPH, 1626283011751408121, JAX, 10
<134>2021-07-14T17:16:52Z cache-mrs10583 MEWElogs[322581]: FLIPH, 1626283011491355429, MRS, 10
<134>2021-07-14T17:17:05Z cache-stp9226 MEWElogs[322581]: FLIPH, 1626283024321176295, STP, 10
<134>2021-07-14T17:17:21Z cache-mrs10583 MEWElogs[322581]: FLIPH, 1626283041418582357, MRS, -1
<134>2021-07-14T17:17:39Z cache-jax20933 MEWElogs[322581]: FLIPH, 1626283058745366808, JAX, 10
<134>2021-07-14T17:18:02Z cache-hkg17929 MEWElogs[322581]: FLIPH, 1626283081711467264, HKG, 10
<134>2021-07-14T17:18:10Z cache-stp9226 MEWElogs[322581]: FLIPH, 1626283089529888918, STP, 10
<134>2021-07-14T17:18:13Z cache-hkg17929 MEWElogs[322581]: FLIPH, 1626283092418397682, HKG, 10
<134>2021-07-14T17:18:29Z cache-mrs10583 MEWElogs[322581]: FLIPH, 1626283109209410990, MRS, 10
<134>2021-07-14T17:18:56Z cache-lhr7382 MEWElogs[322581]: FLIPH, 1626283136123435489, LHR, -1
<134>2021-07-14T17:19:04Z cache-stp9226 MEWElogs[322581]: FLIPH, 1626283143831285419, STP, 10
<134>2021-07-14T17:19:20Z cache-mad22068 MEWElogs[322581]: FLIPH, 1626283159446244713, MAD, 10
<134>2021-07-14T17:19:44Z cache-lhr7382 MEWElogs[322581]: FLIPH, 1626283183065372726, LHR, 10
<134>2021-07-14T17:19:50Z cache-mia11368 MEWElogs[322581]: FLIPH, 1626283189319316004, MIA, -1
<134>2021-07-14T17:20:04Z cache-mad22068 MEWElogs[322581]: FLIPH, 1626283203038995688, MAD, -1
<134>2021-07-14T17:20:06Z cache-stp9226 MEWElogs[322581]: FLIPH, 1626283205864293426, STP, -1
<134>2021-07-14T17:20:11Z cache-mci5951 MEWElogs[322581]: FLIPH, 1626283210633247973, MCI, -1
<134>2021-07-14T17:20:22Z cache-dal21283 MEWElogs[322581]: FLIPH, 1626283222647182687, DAL, 10
<134>2021-07-14T17:20:24Z cache-mci5951 MEWElogs[322581]: FLIPH, 1626283223869991727, MCI, 10
<134>2021-07-14T17:20:33Z cache-lhr7382 MEWElogs[322581]: FLIPH, 1626283232510489787, LHR, -1
<134>2021-07-14T17:20:36Z cache-lhr7382 MEWElogs[322581]: FLIPH, 1626283235412379408, LHR, 10
<134>2021-07-14T17:20:44Z cache-mia11368 MEWElogs[322581]: FLIPH, 1626283243539230423, MIA, 10
<134>2021-07-14T17:20:44Z cache-dal21283 MEWElogs[322581]: FLIPH, 1626283244377863077, DAL, 10
<134>2021-07-14T17:20:52Z cache-mci5951 MEWElogs[322581]: FLIPH, 1626283251300340610, MCI, -1
<134>2021-07-14T17:21:04Z cache-stp9226 MEWElogs[322581]: FLIPH, 1626283263793274801, STP, 10
<134>2021-07-14T17:21:22Z cache-mci5951 MEWElogs[322581]: FLIPH, 1626283281219509151, MCI, -1
<134>2021-07-14T17:21:37Z cache-stp9226 MEWElogs[322581]: FLIPH, 1626283296250077094, STP, 10
<134>2021-07-14T17:21:41Z cache-mia11368 MEWElogs[322581]: FLIPH, 1626283301451981899, MIA, -1
<134>2021-07-14T17:21:46Z cache-bur17583 MEWElogs[322581]: FLIPH, 1626283305995460193, BUR, 10
