<134>2021-07-14T16:41:50Z cache-wdc5583 MEWElogs[21956]: FLIPH, 1626280909568830920, WDC, 10
<134>2021-07-14T16:41:59Z cache-dca17782 MEWElogs[21956]: FLIPH, 1626280918968988756, DCA, -1
<134>2021-07-14T16:42:06Z cache-eze19324 MEWElogs[21956]: FLIPH, 1626280926125031819, EZE, -1
<134>2021-07-14T16:42:06Z cache-chi21126 MEWElogs[21956]: FLIPH, 1626280926775019834, CHI, -1
<134>2021-07-14T16:42:08Z cache-dca17782 MEWElogs[21956]: FLIPH, 1626280928232607961, DCA, -1
<134>2021-07-14T16:42:11Z cache-dca17782 MEWElogs[21956]: FLIPH, 1626280931319757288, DCA, 10
<134>2021-07-14T16:42:20Z cache-wdc5583 MEWElogs[21956]: FLIPH, 1626280939896445161, WDC, 10
<134>2021-07-14T16:42:21Z cache-akl10324 MEWElogs[21956]: FLIPH, 1626280940368735876, AKL, 10
<134>2021-07-14T16:42:29Z cache-eze19324 MEWElogs[21956]: FLIPH, 1626280949492958429, EZE, -1
<134>2021-07-14T16:42:34Z cache-maa10251 MEWElogs[21956]: FLIPH, 1626280953616543606, MAA, -1
<134>2021-07-14T16:42:42Z cache-cmh21547 MEWElogs[21956]: FLIPH, 1626280961543466577, CMH, 10
<134>2021-07-14T16:42:46Z cache-fty21383 MEWElogs[21956]: FLIPH, 1626280965071257553, FTY, -1
<134>2021-07-14T16:42:47Z cache-maa10251 MEWElogs[21956]: FLIPH, 1626280966415454200, MAA, 10
<134>2021-07-14T16:42:57Z cache-wdc5583 MEWElogs[21956]: FLIPH, 1626280977382384447, WDC, -1
<134>2021-07-14T16:43:06Z cache-chi21126 MEWElogs[21956]: FLIPH, 1626280985863643522, CHI, 10
<134>2021-07-14T16:43:11Z cache-akl10324 MEWElogs[21956]: FLIPH, 1626280990626282921, AKL, 10
<134>2021-07-14T16:43:34Z cache-chi21126 MEWElogs[21956]: FLIPH, 1626281013758503951, CHI, 10
<134>2021-07-14T16:43:40Z cache-cph20625 MEWElogs[21956]: FLIPH, 1626281019967853338, CPH, 10
<134>2021-07-14T16:43:46Z cache-mdw17383 MEWElogs[21956]: FLIPH, 1626281025916027188, MDW, -1
<134>2021-07-14T16:43:52Z cache-chi21126 MEWElogs[21956]: FLIPH, 1626281032773607883, CHI, 10
<134>2021-07-14T16:43:54Z cache-fty21383 MEWElogs[21956]: FLIPH, 1626281033278591748, FTY, 10
<134>2021-07-14T16:43:58Z cache-akl10324 MEWElogs[21956]: FLIPH, 1626281037873106638, AKL, -1
<134>2021-07-14T16:44:08Z cache-chi21126 MEWElogs[21956]: FLIPH, 1626281048765876332, CHI, -1
<134>2021-07-14T16:44:09Z cache-cph20625 MEWElogs[21956]: FLIPH, 1626281048832038482, CPH, -1
<134>2021-07-14T16:44:39Z cache-akl10324 MEWElogs[21956]: FLIPH, 1626281077919071459, AKL, -1
<134>2021-07-14T16:44:45Z cache-mdw17383 MEWElogs[21956]: FLIPH, 1626281085021299745, MDW, 10
<134>2021-07-14T16:44:47Z cache-cph20625 MEWElogs[21956]: FLIPH, 1626281086163538460, CPH, 10
<134>2021-07-14T16:44:51Z cache-dfw18678 MEWElogs[21956]: FLIPH, 1626281091431750813, DFW, -1
<134>2021-07-14T16:44:57Z cache-mdw17383 MEWElogs[21956]: FLIPH, 1626281096420963859, MDW, 10
<134>2021-07-14T16:44:58Z cache-cmh21547 MEWElogs[21956]: FLIPH, 1626281098569671514, CMH, -1
<134>2021-07-14T16:45:18Z cache-eze19324 MEWElogs[21956]: FLIPH, 1626281118112439517, EZE, 10
<134>2021-07-14T16:45:18Z cache-dfw18678 MEWElogs[21956]: FLIPH, 1626281117738108256, DFW, 10
<134>2021-07-14T16:45:21Z cache-del21735 MEWElogs[21956]: FLIPH, 1626281120133863544, DEL, 10
<134>2021-07-14T16:45:28Z cache-chi21126 MEWElogs[21956]: FLIPH, 1626281128219641848, CHI, 10
<134>2021-07-14T16:45:29Z cache-bos4657 MEWElogs[21956]: FLIPH, 1626281128851173653, BOS, 10
<134>2021-07-14T16:45:31Z cache-fty21383 MEWElogs[21956]: FLIPH, 1626281130195261535, FTY, -1
<134>2021-07-14T16:45:57Z cache-pwk4920 MEWElogs[21956]: FLIPH, 1626281156532272885, PWK, -1
<134>2021-07-14T16:46:00Z cache-pwk4920 MEWElogs[21956]: FLIPH, 1626281159750330287, PWK, 10
<134>2021-07-14T16:46:15Z cache-bos4657 MEWElogs[21956]: FLIPH, 1626281174077998851, BOS, 10
<134>2021-07-14T16:46:19Z cache-fty21383 MEWElogs[21956]: FLIPH, 1626281179447146170, FTY, -1
<134>2021-07-14T16:46:21Z cache-dub4329 MEWElogs[21956]: FLIPH, 1626281181145162905, DUB, -1
<134>2021-07-14T16:46:24Z cache-bos4657 MEWElogs[21956]: FLIPH, 1626281183185885199, BOS, 10
<134>2021-07-14T16:46:36Z cache-dfw18678 MEWElogs[21956]: FLIPH, 1626281195766243762, DFW, 10
<134>2021-07-14T16:46:42Z cache-bos4657 MEWElogs[21956]: FLIPH, 1626281201849770438, BOS, 10
<134>2021-07-14T16:47:00Z cache-bos4657 MEWElogs[21956]: FLIPH, 1626281219878483359, BOS, 10
<134>2021-07-14T16:47:09Z cache-akl10324 MEWElogs[21956]: FLIPH, 1626281228077057395, AKL, -1
<134>2021-07-14T16:47:14Z cache-chi21126 MEWElogs[21956]: FLIPH, 1626281233487966975, CHI, 10
<134>2021-07-14T16:47:23Z cache-cph20625 MEWElogs[21956]: FLIPH, 1626281242106955796, CPH, 10
<134>2021-07-14T16:47:25Z cache-hhn4077 MEWElogs[21956]: FLIPH, 1626281243978387571, HHN, 10
<134>2021-07-14T16:47:26Z cache-pwk4920 MEWElogs[21956]: FLIPH, 1626281246222622633, PWK, -1
<134>2021-07-14T16:47:29Z cache-dfw18678 MEWElogs[21956]: FLIPH, 1626281249088603971, DFW, -1
<134>2021-07-14T16:47:29Z cache-pwk4920 MEWElogs[21956]: FLIPH, 1626281249484196766, PWK, 10
<134>2021-07-14T16:47:45Z cache-cph20625 MEWElogs[21956]: FLIPH, 1626281264489065592, CPH, 10
<134>2021-07-14T16:47:49Z cache-akl10324 MEWElogs[21956]: FLIPH, 1626281268238608490, AKL, -1
<134>2021-07-14T16:47:50Z cache-dub4329 MEWElogs[21956]: FLIPH, 1626281269936609993, DUB, 10
<134>2021-07-14T16:47:59Z cache-pwk4920 MEWElogs[21956]: FLIPH, 1626281279198855598, PWK, 10
<134>2021-07-14T16:48:04Z cache-dub4329 MEWElogs[21956]: FLIPH, 1626281283543157762, DUB, -1
<134>2021-07-14T16:48:07Z cache-dub4329 MEWElogs[21956]: FLIPH, 1626281286197353597, DUB, 10
<134>2021-07-14T16:48:18Z cache-bos4657 MEWElogs[21956]: FLIPH, 1626281298514968679, BOS, -1
<134>2021-07-14T16:48:59Z cache-dfw18678 MEWElogs[21956]: FLIPH, 1626281338274850146, DFW, -1
<134>2021-07-14T16:49:02Z cache-dfw18678 MEWElogs[21956]: FLIPH, 1626281341818203597, DFW, 10
<134>2021-07-14T16:49:06Z cache-pwk4920 MEWElogs[21956]: FLIPH, 1626281346174965262, PWK, -1
<134>2021-07-14T16:49:14Z cache-cph20625 MEWElogs[21956]: FLIPH, 1626281353703506055, CPH, 10
<134>2021-07-14T16:49:15Z cache-dub4329 MEWElogs[21956]: FLIPH, 1626281354497110269, DUB, -1
<134>2021-07-14T16:49:34Z cache-fty21383 MEWElogs[21956]: FLIPH, 1626281373262717580, FTY, 10
<134>2021-07-14T16:49:39Z cache-dub4329 MEWElogs[21956]: FLIPH, 1626281378134696535, DUB, -1
<134>2021-07-14T16:49:44Z cache-dfw18678 MEWElogs[21956]: FLIPH, 1626281383788870859, DFW, -1
<134>2021-07-14T16:49:47Z cache-dfw18678 MEWElogs[21956]: FLIPH, 1626281387529553589, DFW, 10
<134>2021-07-14T16:49:54Z cache-dub4329 MEWElogs[21956]: FLIPH, 1626281393879661680, DUB, -1
<134>2021-07-14T16:49:56Z cache-pwk4920 MEWElogs[21956]: FLIPH, 1626281395757287720, PWK, -1
<134>2021-07-14T16:50:04Z cache-chi21126 MEWElogs[21956]: FLIPH, 1626281403578103168, CHI, 10
<134>2021-07-14T16:50:10Z cache-pwk4920 MEWElogs[21956]: FLIPH, 1626281409004795353, PWK, 10
<134>2021-07-14T16:50:20Z cache-fty21383 MEWElogs[21956]: FLIPH, 1626281420621084131, FTY, -1
<134>2021-07-14T16:50:26Z cache-pwk4920 MEWElogs[21956]: FLIPH, 1626281425904876020, PWK, -1
<134>2021-07-14T16:50:31Z cache-dfw18678 MEWElogs[21956]: FLIPH, 1626281431282652781, DFW, 10
<134>2021-07-14T16:50:39Z cache-dfw18678 MEWElogs[21956]: FLIPH, 1626281438968529392, DFW, -1
<134>2021-07-14T16:50:42Z cache-cph20625 MEWElogs[21956]: FLIPH, 1626281442521965060, CPH, 10
<134>2021-07-14T16:50:50Z cache-dfw18678 MEWElogs[21956]: FLIPH, 1626281449401460429, DFW, -1
<134>2021-07-14T16:50:50Z cache-dub4329 MEWElogs[21956]: FLIPH, 1626281450443998348, DUB, -1
<134>2021-07-14T16:51:22Z cache-dub4329 MEWElogs[21956]: FLIPH, 1626281481774848739, DUB, -1
<134>2021-07-14T16:51:23Z cache-dfw18678 MEWElogs[21956]: FLIPH, 1626281482577713080, DFW, -1
<134>2021-07-14T16:51:27Z cache-del21735 MEWElogs[21956]: FLIPH, 1626281486255956939, DEL, -1
<134>2021-07-14T16:51:37Z cache-cph20625 MEWElogs[21956]: FLIPH, 1626281497553991339, CPH, 10
<134>2021-07-14T16:51:40Z cache-chi21126 MEWElogs[21956]: FLIPH, 1626281499069848906, CHI, 10
