<134>2021-07-15T01:31:56Z cache-chi21126 MEWElogs[322581]: GRAY, 1626312715184359153, CHI, 13
<134>2021-07-15T01:32:20Z cache-bog6425 MEWElogs[322581]: GRAY, 1626312740737833052, BOG, 13
<134>2021-07-15T01:33:28Z cache-cph20625 MEWElogs[322581]: GRAY, 1626312806964371029, CPH, 13
<134>2021-07-15T01:33:35Z cache-eze19324 MEWElogs[322581]: GRAY, 1626312814418604707, EZE, 13
<134>2021-07-15T01:33:37Z cache-chi21126 MEWElogs[322581]: GRAY, 1626312817357079121, CHI, 13
<134>2021-07-15T01:33:44Z cache-chi21126 MEWElogs[322581]: GRAY, 1626312824141213855, CHI, 13
<134>2021-07-15T01:34:34Z cache-pwk4920 MEWElogs[322581]: GRAY, 1626312874089649540, PWK, 13
<134>2021-07-15T01:34:37Z cache-fra19177 MEWElogs[322581]: GRAY, 1626312876713817376, FRA, 13
<134>2021-07-15T01:34:44Z cache-cph20625 MEWElogs[322581]: GRAY, 1626312883660466303, CPH, 13
<134>2021-07-15T01:34:49Z cache-del21735 MEWElogs[322581]: GRAY, 1626312889108752288, DEL, 13
<134>2021-07-15T01:35:12Z cache-chi21126 MEWElogs[322581]: GRAY, 1626312911706292875, CHI, 13
<134>2021-07-15T01:35:20Z cache-fra19177 MEWElogs[322581]: GRAY, 1626312919534454674, FRA, 13
<134>2021-07-15T01:35:43Z cache-fty21383 MEWElogs[322581]: GRAY, 1626312942494528298, FTY, 13
<134>2021-07-15T01:35:51Z cache-akl10324 MEWElogs[322581]: GRAY, 1626312951170162574, AKL, 13
<134>2021-07-15T01:35:58Z cache-fra19177 MEWElogs[322581]: GRAY, 1626312956980776946, FRA, 13
<134>2021-07-15T01:36:07Z cache-hhn4077 MEWElogs[322581]: GRAY, 1626312967162780066, HHN, 13
<134>2021-07-15T01:36:15Z cache-pwk4920 MEWElogs[322581]: GRAY, 1626312974447807364, PWK, 13
<134>2021-07-15T01:36:27Z cache-del21735 MEWElogs[322581]: GRAY, 1626312986669256365, DEL, 13
<134>2021-07-15T01:36:29Z cache-pwk4920 MEWElogs[322581]: GRAY, 1626312989126361011, PWK, 13
<134>2021-07-15T01:36:35Z cache-akl10324 MEWElogs[322581]: GRAY, 1626312994012024875, AKL, 13
<134>2021-07-15T01:36:36Z cache-chi21126 MEWElogs[322581]: GRAY, 1626312995947363393, CHI, 13
<134>2021-07-15T01:36:36Z cache-fty21383 MEWElogs[322581]: GRAY, 1626312995655617455, FTY, 13
<134>2021-07-15T01:36:38Z cache-dfw18678 MEWElogs[322581]: GRAY, 1626312998593389724, DFW, 13
<134>2021-07-15T01:36:39Z cache-del21735 MEWElogs[322581]: GRAY, 1626312998635233746, DEL, 13
<134>2021-07-15T01:37:04Z cache-cph20625 MEWElogs[322581]: GRAY, 1626313023508818758, CPH, 13
<134>2021-07-15T01:37:10Z cache-akl10324 MEWElogs[322581]: GRAY, 1626313029660806812, AKL, 13
<134>2021-07-15T01:37:14Z cache-hhn4077 MEWElogs[322581]: GRAY, 1626313033889506691, HHN, 13
<134>2021-07-15T01:37:36Z cache-del21735 MEWElogs[322581]: GRAY, 1626313056470842975, DEL, 13
<134>2021-07-15T01:38:02Z cache-bos4657 MEWElogs[322581]: GRAY, 1626313082299745064, BOS, 13
<134>2021-07-15T01:38:07Z cache-cph20625 MEWElogs[322581]: GRAY, 1626313086030608209, CPH, 13
<134>2021-07-15T01:38:17Z cache-fty21383 MEWElogs[322581]: GRAY, 1626313096257180522, FTY, 13
<134>2021-07-15T01:38:33Z cache-bos4657 MEWElogs[322581]: GRAY, 1626313113261321872, BOS, 13
<134>2021-07-15T01:39:03Z cache-cph20625 MEWElogs[322581]: GRAY, 1626313142739725053, CPH, 13
<134>2021-07-15T01:39:14Z cache-pwk4920 MEWElogs[322581]: GRAY, 1626313154480552803, PWK, 13
<134>2021-07-15T01:39:41Z cache-fra19177 MEWElogs[322581]: GRAY, 1626313180029318328, FRA, 13
<134>2021-07-15T01:39:45Z cache-fra19177 MEWElogs[322581]: GRAY, 1626313184694040040, FRA, 13
<134>2021-07-15T01:39:47Z cache-fty21383 MEWElogs[322581]: GRAY, 1626313186096048546, FTY, 13
<134>2021-07-15T01:39:58Z cache-pwk4920 MEWElogs[322581]: GRAY, 1626313197723467955, PWK, 13
<134>2021-07-15T01:40:01Z cache-chi21126 MEWElogs[322581]: GRAY, 1626313200488900327, CHI, 13
<134>2021-07-15T01:40:04Z cache-fra19177 MEWElogs[322581]: GRAY, 1626313203460155829, FRA, 13
<134>2021-07-15T01:40:13Z cache-fra19177 MEWElogs[322581]: GRAY, 1626313212711023257, FRA, 13
<134>2021-07-15T01:40:18Z cache-hhn4077 MEWElogs[322581]: GRAY, 1626313217224928289, HHN, 13
<134>2021-07-15T01:40:41Z cache-del21735 MEWElogs[322581]: GRAY, 1626313240806998792, DEL, 13
<134>2021-07-15T01:40:50Z cache-chi21126 MEWElogs[322581]: GRAY, 1626313250211397680, CHI, 13
<134>2021-07-15T01:40:57Z cache-hel6829 MEWElogs[322581]: GRAY, 1626313256596702583, HEL, 13
<134>2021-07-15T01:41:20Z cache-dfw18678 MEWElogs[322581]: GRAY, 1626313280602939177, DFW, 13
<134>2021-07-15T01:41:45Z cache-del21735 MEWElogs[322581]: GRAY, 1626313304291299558, DEL, 13
<134>2021-07-15T01:41:53Z cache-fra19177 MEWElogs[322581]: GRAY, 1626313312044186898, FRA, 13
