<134>2021-07-15T07:43:42Z cache-osl6529 MEWElogs[412844]: UNSH, 1626335021910267401, OSL, 16
<134>2021-07-15T07:43:49Z cache-jax20933 MEWElogs[412844]: UNSH, 1626335029048505771, JAX, 16
<134>2021-07-15T07:43:51Z cache-osl6529 MEWElogs[412844]: UNSH, 1626335030672682479, OSL, 16
<134>2021-07-15T07:44:29Z cache-mel11272 MEWElogs[412844]: UNSH, 1626335068510472863, MEL, 16
<134>2021-07-15T07:44:30Z cache-cdg20720 MEWElogs[412844]: UNSH, 1626335070741610902, CDG, 16
<134>2021-07-15T07:44:32Z cache-lax10677 MEWElogs[412844]: UNSH, 1626335071607526320, LGB, 16
<134>2021-07-15T07:44:43Z cache-lax10677 MEWElogs[412844]: UNSH, 1626335082061777286, LGB, 16
<134>2021-07-15T07:45:25Z cache-lax10677 MEWElogs[412844]: UNSH, 1626335124189566774, LGB, 16
<134>2021-07-15T07:45:29Z cache-osl6529 MEWElogs[412844]: UNSH, 1626335128881127394, OSL, 16
<134>2021-07-15T07:45:42Z cache-bom4751 MEWElogs[412844]: UNSH, 1626335141634919154, BOM, 16
<134>2021-07-15T07:45:47Z cache-mel11272 MEWElogs[412844]: UNSH, 1626335146868773377, MEL, 16
<134>2021-07-15T07:46:02Z cache-bom4751 MEWElogs[412844]: UNSH, 1626335161593938781, BOM, 16
<134>2021-07-15T07:46:13Z cache-lhr7382 MEWElogs[412844]: UNSH, 1626335171970597715, LHR, 16
<134>2021-07-15T07:46:21Z cache-mel11272 MEWElogs[412844]: UNSH, 1626335180666203538, MEL, 16
<134>2021-07-15T07:46:29Z cache-ewr18156 MEWElogs[412844]: UNSH, 1626335188781667937, EWR, 16
<134>2021-07-15T07:46:43Z cache-man4150 MEWElogs[412844]: UNSH, 1626335202026440848, MAN, 16
<134>2021-07-15T07:46:46Z cache-bom4751 MEWElogs[412844]: UNSH, 1626335205492179345, BOM, 16
<134>2021-07-15T07:46:50Z cache-ewr18156 MEWElogs[412844]: UNSH, 1626335209143147875, EWR, 16
<134>2021-07-15T07:47:34Z cache-osl6529 MEWElogs[412844]: UNSH, 1626335254476722830, OSL, 16
<134>2021-07-15T07:47:47Z cache-bom4751 MEWElogs[412844]: UNSH, 1626335267075010711, BOM, 16
<134>2021-07-15T07:47:52Z cache-mel11272 MEWElogs[412844]: UNSH, 1626335271407209562, MEL, 16
<134>2021-07-15T07:47:56Z cache-pao17461 MEWElogs[412844]: UNSH, 1626335275762092811, PAO, 16
<134>2021-07-15T07:47:59Z cache-jax20933 MEWElogs[412844]: UNSH, 1626335278502131536, JAX, 16
<134>2021-07-15T07:49:07Z cache-itm18851 MEWElogs[412844]: UNSH, 1626335346540895973, ITM, 16
<134>2021-07-15T07:49:24Z cache-scl19427 MEWElogs[412844]: UNSH, 1626335363614690679, SCL, 16
<134>2021-07-15T07:50:05Z cache-bom4751 MEWElogs[412844]: UNSH, 1626335403994783801, BOM, 16
<134>2021-07-15T07:50:05Z cache-jax20933 MEWElogs[412844]: UNSH, 1626335404516064388, JAX, 16
<134>2021-07-15T07:50:56Z cache-stl4834 MEWElogs[412844]: UNSH, 1626335455661734081, STL, 16
<134>2021-07-15T07:51:07Z cache-gig17035 MEWElogs[412844]: UNSH, 1626335466757338004, GIG, 16
<134>2021-07-15T07:51:25Z cache-itm18851 MEWElogs[412844]: UNSH, 1626335484376645550, ITM, 16
<134>2021-07-15T07:51:30Z cache-stl4834 MEWElogs[412844]: UNSH, 1626335489914651098, STL, 16
<134>2021-07-15T07:51:41Z cache-gig17035 MEWElogs[412844]: UNSH, 1626335500644653875, GIG, 16
<134>2021-07-15T07:51:49Z cache-hnd18722 MEWElogs[412844]: UNSH, 1626335508944790540, HND, 16
<134>2021-07-15T07:51:53Z cache-scl19427 MEWElogs[412844]: UNSH, 1626335512231534365, SCL, 16
<134>2021-07-15T07:52:02Z cache-hnd18722 MEWElogs[412844]: UNSH, 1626335521006761791, HND, 16
<134>2021-07-15T07:52:30Z cache-itm18851 MEWElogs[412844]: UNSH, 1626335549122232717, ITM, 16
<134>2021-07-15T07:52:31Z cache-pao17461 MEWElogs[412844]: UNSH, 1626335550675746771, PAO, 16
<134>2021-07-15T07:52:51Z cache-scl19427 MEWElogs[412844]: UNSH, 1626335569996796528, SCL, 16
<134>2021-07-15T07:53:18Z cache-stl4834 MEWElogs[412844]: UNSH, 1626335597631599563, STL, 16
