<134>2021-07-15T01:51:54Z cache-mad22068 MEWElogs[355776]: GRAY, 1626313914524667700, MAD, 13
<134>2021-07-15T01:52:07Z cache-dal21283 MEWElogs[355776]: GRAY, 1626313927690170793, DAL, 13
<134>2021-07-15T01:52:12Z cache-mrs10583 MEWElogs[355776]: GRAY, 1626313931570913124, MRS, 13
<134>2021-07-15T01:52:26Z cache-mrs10583 MEWElogs[355776]: GRAY, 1626313945928350134, MRS, 13
<134>2021-07-15T01:52:50Z cache-hkg17929 MEWElogs[355776]: GRAY, 1626313970554979273, HKG, 13
<134>2021-07-15T01:52:58Z cache-iah17271 MEWElogs[355776]: GRAY, 1626313978788109936, IAH, 13
<134>2021-07-15T01:53:00Z cache-lhr7382 MEWElogs[355776]: GRAY, 1626313979210625076, LHR, 13
<134>2021-07-15T01:53:01Z cache-mci5951 MEWElogs[355776]: GRAY, 1626313980426863118, MCI, 13
<134>2021-07-15T01:53:02Z cache-bur17583 MEWElogs[355776]: GRAY, 1626313981976907636, BUR, 13
<134>2021-07-15T01:53:05Z cache-mad22068 MEWElogs[355776]: GRAY, 1626313985440735734, MAD, 13
<134>2021-07-15T01:53:17Z cache-mia11368 MEWElogs[355776]: GRAY, 1626313996159842252, MIA, 13
<134>2021-07-15T01:53:17Z cache-stp9226 MEWElogs[355776]: GRAY, 1626313996845069567, STP, 13
<134>2021-07-15T01:53:29Z cache-mci5951 MEWElogs[355776]: GRAY, 1626314008495174080, MCI, 13
<134>2021-07-15T01:53:59Z cache-iah17271 MEWElogs[355776]: GRAY, 1626314039192744029, IAH, 13
<134>2021-07-15T01:54:01Z cache-mrs10583 MEWElogs[355776]: GRAY, 1626314040621707669, MRS, 13
<134>2021-07-15T01:54:31Z cache-mia11368 MEWElogs[355776]: GRAY, 1626314071720993959, MIA, 13
<134>2021-07-15T01:54:34Z cache-dal21283 MEWElogs[355776]: GRAY, 1626314073433228948, DAL, 13
<134>2021-07-15T01:54:39Z cache-mrs10583 MEWElogs[355776]: GRAY, 1626314078575358939, MRS, 13
<134>2021-07-15T01:54:59Z cache-jax20933 MEWElogs[355776]: GRAY, 1626314098868025972, JAX, 13
<134>2021-07-15T01:55:17Z cache-mrs10583 MEWElogs[355776]: GRAY, 1626314116531184884, MRS, 13
<134>2021-07-15T01:55:23Z cache-dal21283 MEWElogs[355776]: GRAY, 1626314122145342406, DAL, 13
<134>2021-07-15T01:55:35Z cache-bur17583 MEWElogs[355776]: GRAY, 1626314134551001180, BUR, 13
<134>2021-07-15T01:55:40Z cache-mia11368 MEWElogs[355776]: GRAY, 1626314139940494214, MIA, 13
<134>2021-07-15T01:55:46Z cache-mrs10583 MEWElogs[355776]: GRAY, 1626314145062573526, MRS, 13
<134>2021-07-15T01:55:50Z cache-mrs10583 MEWElogs[355776]: GRAY, 1626314149743000533, MRS, 13
<134>2021-07-15T01:56:02Z cache-mia11368 MEWElogs[355776]: GRAY, 1626314162355478592, MIA, 13
<134>2021-07-15T01:56:32Z cache-hkg17929 MEWElogs[355776]: GRAY, 1626314191400525377, HKG, 13
<134>2021-07-15T01:56:33Z cache-mia11368 MEWElogs[355776]: GRAY, 1626314192709745954, MIA, 13
<134>2021-07-15T01:56:34Z cache-stp9226 MEWElogs[355776]: GRAY, 1626314193687751108, STP, 13
<134>2021-07-15T01:56:38Z cache-lax10677 MEWElogs[355776]: GRAY, 1626314197275487844, LGB, 13
<134>2021-07-15T01:56:43Z cache-mrs10583 MEWElogs[355776]: GRAY, 1626314202397889574, MRS, 13
<134>2021-07-15T01:56:46Z cache-mci5951 MEWElogs[355776]: GRAY, 1626314205891890840, MCI, 13
<134>2021-07-15T01:56:47Z cache-man4150 MEWElogs[355776]: GRAY, 1626314206075600212, MAN, 13
<134>2021-07-15T01:56:51Z cache-lhr7382 MEWElogs[355776]: GRAY, 1626314211096540344, LHR, 13
<134>2021-07-15T01:56:57Z cache-mrs10583 MEWElogs[355776]: GRAY, 1626314216429840996, MRS, 13
<134>2021-07-15T01:57:02Z cache-hkg17929 MEWElogs[355776]: GRAY, 1626314221801708617, HKG, 13
<134>2021-07-15T01:57:06Z cache-lhr7382 MEWElogs[355776]: GRAY, 1626314225233328028, LHR, 13
<134>2021-07-15T01:57:14Z cache-mci5951 MEWElogs[355776]: GRAY, 1626314233627154112, MCI, 13
<134>2021-07-15T01:57:15Z cache-man4150 MEWElogs[355776]: GRAY, 1626314234862438335, MAN, 13
<134>2021-07-15T01:57:21Z cache-stp9226 MEWElogs[355776]: GRAY, 1626314240726587880, STP, 13
<134>2021-07-15T01:57:45Z cache-yul12826 MEWElogs[355776]: GRAY, 1626314264193497629, YUL, 13
<134>2021-07-15T01:57:53Z cache-mia11368 MEWElogs[355776]: GRAY, 1626314272869965649, MIA, 13
<134>2021-07-15T01:58:00Z cache-lax10677 MEWElogs[355776]: GRAY, 1626314280178013506, LGB, 13
<134>2021-07-15T01:58:22Z cache-mia11368 MEWElogs[355776]: GRAY, 1626314301888646313, MIA, 13
<134>2021-07-15T01:58:39Z cache-mci5951 MEWElogs[355776]: GRAY, 1626314318605131714, MCI, 13
<134>2021-07-15T01:59:23Z cache-stp9226 MEWElogs[355776]: GRAY, 1626314362305440006, STP, 13
<134>2021-07-15T01:59:24Z cache-yul12826 MEWElogs[355776]: GRAY, 1626314363457480126, YUL, 13
<134>2021-07-15T01:59:29Z cache-mci5951 MEWElogs[355776]: GRAY, 1626314368150605333, MCI, 13
<134>2021-07-15T01:59:30Z cache-stp9226 MEWElogs[355776]: GRAY, 1626314368994894607, STP, 13
<134>2021-07-15T01:59:34Z cache-hkg17929 MEWElogs[355776]: GRAY, 1626314374134656515, HKG, 13
<134>2021-07-15T02:00:14Z cache-man4150 MEWElogs[355776]: GRAY, 1626314412963775695, MAN, 13
<134>2021-07-15T02:00:40Z cache-mia11368 MEWElogs[355776]: GRAY, 1626314440701552548, MIA, 13
<134>2021-07-15T02:00:45Z cache-yul12826 MEWElogs[355776]: GRAY, 1626314445359618694, YUL, 13
<134>2021-07-15T02:00:57Z cache-man4150 MEWElogs[355776]: GRAY, 1626314456132395783, MAN, 13
<134>2021-07-15T02:00:59Z cache-hkg17929 MEWElogs[355776]: GRAY, 1626314458422754088, HKG, 13
<134>2021-07-15T02:01:04Z cache-mia11368 MEWElogs[355776]: GRAY, 1626314463642483334, MIA, 13
<134>2021-07-15T02:01:14Z cache-mci5951 MEWElogs[355776]: GRAY, 1626314474053108162, MCI, 13
<134>2021-07-15T02:01:17Z cache-yul12826 MEWElogs[355776]: GRAY, 1626314477059737279, YUL, 13
<134>2021-07-15T02:01:25Z cache-stp9226 MEWElogs[355776]: GRAY, 1626314484057094617, STP, 13
<134>2021-07-15T02:01:38Z cache-stp9226 MEWElogs[355776]: GRAY, 1626314497772031658, STP, 13
