<134>2021-07-15T00:30:37Z cache-maa10251 MEWElogs[382896]: CROP, 1626309036398549840, MAA, 12
<134>2021-07-15T00:30:37Z cache-dca17782 MEWElogs[382896]: CROP, 1626309036709368149, DCA, 12
<134>2021-07-15T00:30:40Z cache-ord1740 MEWElogs[382896]: CROP, 1626309039043600569, ORD, 12
<134>2021-07-15T00:30:43Z cache-ord1740 MEWElogs[382896]: CROP, 1626309042606539724, ORD, 12
<134>2021-07-15T00:30:46Z cache-eze19324 MEWElogs[382896]: CROP, 1626309046063648099, EZE, 12
<134>2021-07-15T00:30:52Z cache-ams21020 MEWElogs[382896]: CROP, 1626309051095239345, AMS, 12
<134>2021-07-15T00:30:52Z cache-dca17782 MEWElogs[382896]: CROP, 1626309051665845729, DCA, 12
<134>2021-07-15T00:30:59Z cache-maa10251 MEWElogs[382896]: CROP, 1626309059404150552, MAA, 12
<134>2021-07-15T00:31:02Z cache-eze19324 MEWElogs[382896]: CROP, 1626309061819794054, EZE, 12
<134>2021-07-15T00:31:38Z cache-pdk17882 MEWElogs[382896]: CROP, 1626309097509927343, PDK, 12
<134>2021-07-15T00:31:38Z cache-maa10251 MEWElogs[382896]: CROP, 1626309097738348217, MAA, 12
<134>2021-07-15T00:31:45Z cache-ams21020 MEWElogs[382896]: CROP, 1626309105142923232, AMS, 12
<134>2021-07-15T00:31:46Z cache-cmh21547 MEWElogs[382896]: CROP, 1626309105856945015, CMH, 12
<134>2021-07-15T00:32:03Z cache-wdc5583 MEWElogs[382896]: CROP, 1626309122522145099, WDC, 12
<134>2021-07-15T00:32:04Z cache-dca17782 MEWElogs[382896]: CROP, 1626309123803549190, DCA, 12
<134>2021-07-15T00:32:04Z cache-mdw17383 MEWElogs[382896]: CROP, 1626309124044531705, MDW, 12
<134>2021-07-15T00:32:07Z cache-cmh21547 MEWElogs[382896]: CROP, 1626309126885516206, CMH, 12
<134>2021-07-15T00:32:19Z cache-ams21020 MEWElogs[382896]: CROP, 1626309138615323707, AMS, 12
<134>2021-07-15T00:32:22Z cache-ord1740 MEWElogs[382896]: CROP, 1626309141523103470, ORD, 12
<134>2021-07-15T00:32:46Z cache-wdc5583 MEWElogs[382896]: CROP, 1626309165239896682, WDC, 12
<134>2021-07-15T00:32:54Z cache-wdc5583 MEWElogs[382896]: CROP, 1626309173625817711, WDC, 12
<134>2021-07-15T00:32:58Z cache-pdk17882 MEWElogs[382896]: CROP, 1626309177438285754, PDK, 12
<134>2021-07-15T00:33:01Z cache-ams21020 MEWElogs[382896]: CROP, 1626309180723875886, AMS, 12
<134>2021-07-15T00:33:07Z cache-ams21020 MEWElogs[382896]: CROP, 1626309186312010434, AMS, 12
<134>2021-07-15T00:33:07Z cache-dca17782 MEWElogs[382896]: CROP, 1626309187168231978, DCA, 12
<134>2021-07-15T00:33:09Z cache-pdk17882 MEWElogs[382896]: CROP, 1626309188412716370, PDK, 12
<134>2021-07-15T00:33:13Z cache-ams21020 MEWElogs[382896]: CROP, 1626309191955357552, AMS, 12
<134>2021-07-15T00:33:21Z cache-mdw17383 MEWElogs[382896]: CROP, 1626309200401204824, MDW, 12
<134>2021-07-15T00:33:27Z cache-wdc5583 MEWElogs[382896]: CROP, 1626309207181946812, WDC, 12
<134>2021-07-15T00:33:39Z cache-bog6425 MEWElogs[382896]: CROP, 1626309217991880105, BOG, 12
<134>2021-07-15T00:33:44Z cache-maa10251 MEWElogs[382896]: CROP, 1626309223687073163, MAA, 12
<134>2021-07-15T00:34:06Z cache-maa10251 MEWElogs[382896]: CROP, 1626309246423899333, MAA, 12
<134>2021-07-15T00:34:11Z cache-maa10251 MEWElogs[382896]: CROP, 1626309250133501271, MAA, 12
<134>2021-07-15T00:34:18Z cache-wdc5583 MEWElogs[382896]: CROP, 1626309258680222092, WDC, 12
<134>2021-07-15T00:34:22Z cache-eze19324 MEWElogs[382896]: CROP, 1626309262790466426, EZE, 12
<134>2021-07-15T00:34:24Z cache-cph20625 MEWElogs[382896]: CROP, 1626309263849359320, CPH, 12
<134>2021-07-15T00:34:26Z cache-dca17782 MEWElogs[382896]: CROP, 1626309265086116140, DCA, 12
<134>2021-07-15T00:34:36Z cache-wdc5583 MEWElogs[382896]: CROP, 1626309276171622571, WDC, 12
<134>2021-07-15T00:34:52Z cache-dca17782 MEWElogs[382896]: CROP, 1626309291162430056, DCA, 12
<134>2021-07-15T00:35:10Z cache-wdc5583 MEWElogs[382896]: CROP, 1626309310326190415, WDC, 12
<134>2021-07-15T00:35:38Z cache-cph20625 MEWElogs[382896]: CROP, 1626309338338320467, CPH, 12
<134>2021-07-15T00:36:11Z cache-eze19324 MEWElogs[382896]: CROP, 1626309371584956680, EZE, 12
<134>2021-07-15T00:36:28Z cache-chi21126 MEWElogs[382896]: CROP, 1626309387431061633, CHI, 12
<134>2021-07-15T00:36:36Z cache-cph20625 MEWElogs[382896]: CROP, 1626309395282525594, CPH, 12
<134>2021-07-15T00:36:47Z cache-pwk4920 MEWElogs[382896]: CROP, 1626309407392978464, PWK, 12
<134>2021-07-15T00:36:48Z cache-bos4657 MEWElogs[382896]: CROP, 1626309408061673044, BOS, 12
<134>2021-07-15T00:37:00Z cache-del21735 MEWElogs[382896]: CROP, 1626309419653673543, DEL, 12
<134>2021-07-15T00:37:08Z cache-del21735 MEWElogs[382896]: CROP, 1626309427335453740, DEL, 12
<134>2021-07-15T00:37:20Z cache-cmh21547 MEWElogs[382896]: CROP, 1626309440178598517, CMH, 12
<134>2021-07-15T00:37:22Z cache-dfw18678 MEWElogs[382896]: CROP, 1626309442526425234, DFW, 12
<134>2021-07-15T00:37:28Z cache-dfw18678 MEWElogs[382896]: CROP, 1626309446984306706, DFW, 12
<134>2021-07-15T00:37:29Z cache-dub4329 MEWElogs[382896]: CROP, 1626309448125045772, DUB, 12
<134>2021-07-15T00:37:32Z cache-cph20625 MEWElogs[382896]: CROP, 1626309451771040148, CPH, 12
<134>2021-07-15T00:37:35Z cache-dub4329 MEWElogs[382896]: CROP, 1626309454024959504, DUB, 12
<134>2021-07-15T00:37:36Z cache-chi21126 MEWElogs[382896]: CROP, 1626309456193762806, CHI, 12
<134>2021-07-15T00:37:40Z cache-dub4329 MEWElogs[382896]: CROP, 1626309459887902564, DUB, 12
<134>2021-07-15T00:37:43Z cache-bos4657 MEWElogs[382896]: CROP, 1626309463848251074, BOS, 12
<134>2021-07-15T00:37:55Z cache-bos4657 MEWElogs[382896]: CROP, 1626309474978533011, BOS, 12
<134>2021-07-15T00:38:09Z cache-fty21383 MEWElogs[382896]: CROP, 1626309488134179370, FTY, 12
<134>2021-07-15T00:38:10Z cache-akl10324 MEWElogs[382896]: CROP, 1626309489890824836, AKL, 12
<134>2021-07-15T00:38:19Z cache-fty21383 MEWElogs[382896]: CROP, 1626309498318455418, FTY, 12
<134>2021-07-15T00:38:33Z cache-hel6829 MEWElogs[382896]: CROP, 1626309512893586562, HEL, 12
<134>2021-07-15T00:38:43Z cache-akl10324 MEWElogs[382896]: CROP, 1626309522352881201, AKL, 12
<134>2021-07-15T00:38:59Z cache-fty21383 MEWElogs[382896]: CROP, 1626309538333434269, FTY, 12
<134>2021-07-15T00:39:03Z cache-del21735 MEWElogs[382896]: CROP, 1626309542006546672, DEL, 12
<134>2021-07-15T00:39:10Z cache-dfw18678 MEWElogs[382896]: CROP, 1626309549419308506, DFW, 12
<134>2021-07-15T00:39:11Z cache-akl10324 MEWElogs[382896]: CROP, 1626309550455471072, AKL, 12
<134>2021-07-15T00:39:19Z cache-dfw18678 MEWElogs[382896]: CROP, 1626309558300333697, DFW, 12
<134>2021-07-15T00:39:21Z cache-cph20625 MEWElogs[382896]: CROP, 1626309560842931132, CPH, 12
<134>2021-07-15T00:39:26Z cache-cph20625 MEWElogs[382896]: CROP, 1626309565340759076, CPH, 12
<134>2021-07-15T00:39:32Z cache-fty21383 MEWElogs[382896]: CROP, 1626309571546265159, FTY, 12
<134>2021-07-15T00:39:32Z cache-bos4657 MEWElogs[382896]: CROP, 1626309571909700237, BOS, 12
<134>2021-07-15T00:39:37Z cache-hel6829 MEWElogs[382896]: CROP, 1626309576265874800, HEL, 12
<134>2021-07-15T00:39:42Z cache-fty21383 MEWElogs[382896]: CROP, 1626309581394039710, FTY, 12
<134>2021-07-15T00:39:55Z cache-chi21126 MEWElogs[382896]: CROP, 1626309594315558841, CHI, 12
<134>2021-07-15T00:40:04Z cache-dub4329 MEWElogs[382896]: CROP, 1626309603784970529, DUB, 12
<134>2021-07-15T00:40:12Z cache-akl10324 MEWElogs[382896]: CROP, 1626309611229964362, AKL, 12
<134>2021-07-15T00:40:25Z cache-pwk4920 MEWElogs[382896]: CROP, 1626309625273027098, PWK, 12
