<134>2021-07-14T16:31:53Z cache-cmh21547 MEWElogs[390968]: FLIPH, 1626280312943461032, CMH, -1
<134>2021-07-14T16:32:01Z cache-pdk17882 MEWElogs[390968]: FLIPH, 1626280320100030708, PDK, 10
<134>2021-07-14T16:32:06Z cache-eze19324 MEWElogs[390968]: FLIPH, 1626280325347176882, EZE, -1
<134>2021-07-14T16:32:38Z cache-dca17782 MEWElogs[390968]: FLIPH, 1626280357470725528, DCA, 10
<134>2021-07-14T16:32:53Z cache-ord1740 MEWElogs[390968]: FLIPH, 1626280372818726929, ORD, -1
<134>2021-07-14T16:32:56Z cache-ord1740 MEWElogs[390968]: FLIPH, 1626280375633742014, ORD, 10
<134>2021-07-14T16:32:56Z cache-mdw17383 MEWElogs[390968]: FLIPH, 1626280375894384493, MDW, 10
<134>2021-07-14T16:32:56Z cache-dca17782 MEWElogs[390968]: FLIPH, 1626280376465710079, DCA, 10
<134>2021-07-14T16:33:02Z cache-ord1740 MEWElogs[390968]: FLIPH, 1626280381941292541, ORD, -1
<134>2021-07-14T16:33:02Z cache-bog6425 MEWElogs[390968]: FLIPH, 1626280382102300424, BOG, -1
<134>2021-07-14T16:33:05Z cache-maa10251 MEWElogs[390968]: FLIPH, 1626280384140885155, MAA, -1
<134>2021-07-14T16:33:12Z cache-ord1740 MEWElogs[390968]: FLIPH, 1626280391305591376, ORD, -1
<134>2021-07-14T16:33:14Z cache-ams21020 MEWElogs[390968]: FLIPH, 1626280393936137196, AMS, 10
<134>2021-07-14T16:33:14Z cache-maa10251 MEWElogs[390968]: FLIPH, 1626280393810064332, MAA, -1
<134>2021-07-14T16:33:17Z cache-wdc5583 MEWElogs[390968]: FLIPH, 1626280397594964801, WDC, 10
<134>2021-07-14T16:33:29Z cache-mdw17383 MEWElogs[390968]: FLIPH, 1626280408985232226, MDW, 10
<134>2021-07-14T16:33:29Z cache-pdk17882 MEWElogs[390968]: FLIPH, 1626280409045450761, PDK, -1
<134>2021-07-14T16:33:55Z cache-pdk17882 MEWElogs[390968]: FLIPH, 1626280435879888979, PDK, -1
<134>2021-07-14T16:34:00Z cache-ord1740 MEWElogs[390968]: FLIPH, 1626280439402768314, ORD, 10
<134>2021-07-14T16:34:06Z cache-maa10251 MEWElogs[390968]: FLIPH, 1626280446158657091, MAA, 10
<134>2021-07-14T16:34:07Z cache-wdc5583 MEWElogs[390968]: FLIPH, 1626280446344099866, WDC, -1
<134>2021-07-14T16:34:09Z cache-dca17782 MEWElogs[390968]: FLIPH, 1626280449388033728, DCA, -1
<134>2021-07-14T16:34:10Z cache-bog6425 MEWElogs[390968]: FLIPH, 1626280450329700190, BOG, -1
<134>2021-07-14T16:34:14Z cache-ord1740 MEWElogs[390968]: FLIPH, 1626280454821786259, ORD, -1
<134>2021-07-14T16:34:23Z cache-ams21020 MEWElogs[390968]: FLIPH, 1626280462491503216, AMS, 10
<134>2021-07-14T16:34:31Z cache-eze19324 MEWElogs[390968]: FLIPH, 1626280470888048607, EZE, 10
<134>2021-07-14T16:34:51Z cache-ord1740 MEWElogs[390968]: FLIPH, 1626280491562519775, ORD, -1
<134>2021-07-14T16:34:52Z cache-cmh21547 MEWElogs[390968]: FLIPH, 1626280491894720133, CMH, 10
<134>2021-07-14T16:34:56Z cache-mdw17383 MEWElogs[390968]: FLIPH, 1626280495178555392, MDW, -1
<134>2021-07-14T16:35:02Z cache-bog6425 MEWElogs[390968]: FLIPH, 1626280502051176914, BOG, 10
<134>2021-07-14T16:35:08Z cache-pdk17882 MEWElogs[390968]: FLIPH, 1626280508204193343, PDK, -1
<134>2021-07-14T16:35:11Z cache-pdk17882 MEWElogs[390968]: FLIPH, 1626280511084035342, PDK, 10
<134>2021-07-14T16:35:13Z cache-ord1740 MEWElogs[390968]: FLIPH, 1626280512346515849, ORD, 10
<134>2021-07-14T16:35:14Z cache-ams21020 MEWElogs[390968]: FLIPH, 1626280513791488330, AMS, 10
<134>2021-07-14T16:35:28Z cache-mdw17383 MEWElogs[390968]: FLIPH, 1626280527742583679, MDW, -1
<134>2021-07-14T16:35:29Z cache-pdk17882 MEWElogs[390968]: FLIPH, 1626280529217815975, PDK, 10
<134>2021-07-14T16:35:37Z cache-ord1740 MEWElogs[390968]: FLIPH, 1626280536677167918, ORD, -1
<134>2021-07-14T16:35:40Z cache-ams21020 MEWElogs[390968]: FLIPH, 1626280539323203730, AMS, 10
<134>2021-07-14T16:35:49Z cache-ord1740 MEWElogs[390968]: FLIPH, 1626280548537876596, ORD, 10
<134>2021-07-14T16:35:53Z cache-ams21020 MEWElogs[390968]: FLIPH, 1626280553117787601, AMS, -1
<134>2021-07-14T16:36:07Z cache-bog6425 MEWElogs[390968]: FLIPH, 1626280567491447958, BOG, -1
<134>2021-07-14T16:36:23Z cache-maa10251 MEWElogs[390968]: FLIPH, 1626280582363159224, MAA, -1
<134>2021-07-14T16:36:30Z cache-bog6425 MEWElogs[390968]: FLIPH, 1626280590045577118, BOG, 10
<134>2021-07-14T16:36:34Z cache-dca17782 MEWElogs[390968]: FLIPH, 1626280593845544970, DCA, 10
<134>2021-07-14T16:36:41Z cache-wdc5583 MEWElogs[390968]: FLIPH, 1626280600864773812, WDC, -1
<134>2021-07-14T16:36:44Z cache-ord1740 MEWElogs[390968]: FLIPH, 1626280603821313465, ORD, 10
<134>2021-07-14T16:36:50Z cache-bog6425 MEWElogs[390968]: FLIPH, 1626280609776640043, BOG, 10
<134>2021-07-14T16:37:02Z cache-wdc5583 MEWElogs[390968]: FLIPH, 1626280621560532259, WDC, -1
<134>2021-07-14T16:37:12Z cache-eze19324 MEWElogs[390968]: FLIPH, 1626280631997680571, EZE, -1
<134>2021-07-14T16:37:15Z cache-eze19324 MEWElogs[390968]: FLIPH, 1626280635224778825, EZE, 10
<134>2021-07-14T16:37:17Z cache-mdw17383 MEWElogs[390968]: FLIPH, 1626280636958044451, MDW, -1
<134>2021-07-14T16:37:18Z cache-pdk17882 MEWElogs[390968]: FLIPH, 1626280637864619856, PDK, 10
<134>2021-07-14T16:37:31Z cache-dca17782 MEWElogs[390968]: FLIPH, 1626280650558604130, DCA, 10
<134>2021-07-14T16:37:33Z cache-wdc5583 MEWElogs[390968]: FLIPH, 1626280652857668993, WDC, -1
<134>2021-07-14T16:37:59Z cache-dca17782 MEWElogs[390968]: FLIPH, 1626280678388392802, DCA, 10
<134>2021-07-14T16:37:59Z cache-bog6425 MEWElogs[390968]: FLIPH, 1626280678503021860, BOG, 10
<134>2021-07-14T16:38:09Z cache-wdc5583 MEWElogs[390968]: FLIPH, 1626280687993377020, WDC, 10
<134>2021-07-14T16:38:12Z cache-eze19324 MEWElogs[390968]: FLIPH, 1626280691096514731, EZE, -1
<134>2021-07-14T16:38:14Z cache-ams21020 MEWElogs[390968]: FLIPH, 1626280693511358713, AMS, 10
<134>2021-07-14T16:38:30Z cache-maa10251 MEWElogs[390968]: FLIPH, 1626280709579009074, MAA, -1
<134>2021-07-14T16:38:42Z cache-cmh21547 MEWElogs[390968]: FLIPH, 1626280721139682578, CMH, 10
<134>2021-07-14T16:38:56Z cache-pdk17882 MEWElogs[390968]: FLIPH, 1626280735728756852, PDK, -1
<134>2021-07-14T16:39:02Z cache-dca17782 MEWElogs[390968]: FLIPH, 1626280741649299200, DCA, -1
<134>2021-07-14T16:39:03Z cache-cmh21547 MEWElogs[390968]: FLIPH, 1626280742827480330, CMH, 10
<134>2021-07-14T16:39:15Z cache-ams21020 MEWElogs[390968]: FLIPH, 1626280754430435853, AMS, 10
<134>2021-07-14T16:39:29Z cache-ams21020 MEWElogs[390968]: FLIPH, 1626280768688411614, AMS, -1
<134>2021-07-14T16:39:32Z cache-pdk17882 MEWElogs[390968]: FLIPH, 1626280772280413989, PDK, -1
<134>2021-07-14T16:39:39Z cache-dca17782 MEWElogs[390968]: FLIPH, 1626280778946213336, DCA, -1
<134>2021-07-14T16:39:41Z cache-pdk17882 MEWElogs[390968]: FLIPH, 1626280781367162022, PDK, -1
<134>2021-07-14T16:39:42Z cache-dca17782 MEWElogs[390968]: FLIPH, 1626280782047420161, DCA, 10
<134>2021-07-14T16:39:42Z cache-ord1740 MEWElogs[390968]: FLIPH, 1626280782552554486, ORD, -1
<134>2021-07-14T16:39:54Z cache-bog6425 MEWElogs[390968]: FLIPH, 1626280793331045206, BOG, -1
<134>2021-07-14T16:40:07Z cache-maa10251 MEWElogs[390968]: FLIPH, 1626280807126242852, MAA, -1
<134>2021-07-14T16:40:16Z cache-cmh21547 MEWElogs[390968]: FLIPH, 1626280815470624119, CMH, -1
<134>2021-07-14T16:40:24Z cache-bog6425 MEWElogs[390968]: FLIPH, 1626280823884177752, BOG, -1
<134>2021-07-14T16:40:27Z cache-maa10251 MEWElogs[390968]: FLIPH, 1626280826838267286, MAA, -1
<134>2021-07-14T16:40:33Z cache-eze19324 MEWElogs[390968]: FLIPH, 1626280832979593794, EZE, -1
<134>2021-07-14T16:40:39Z cache-dca17782 MEWElogs[390968]: FLIPH, 1626280838648769413, DCA, 10
<134>2021-07-14T16:41:02Z cache-ams21020 MEWElogs[390968]: FLIPH, 1626280862188075058, AMS, -1
<134>2021-07-14T16:41:02Z cache-mdw17383 MEWElogs[390968]: FLIPH, 1626280861888407335, MDW, 10
<134>2021-07-14T16:41:18Z cache-wdc5583 MEWElogs[390968]: FLIPH, 1626280877902601514, WDC, 10
<134>2021-07-14T16:41:24Z cache-eze19324 MEWElogs[390968]: FLIPH, 1626280883086350769, EZE, 10
<134>2021-07-14T16:41:44Z cache-bog6425 MEWElogs[390968]: FLIPH, 1626280904353903630, BOG, 10
<134>2021-07-14T16:41:46Z cache-eze19324 MEWElogs[390968]: FLIPH, 1626280906271002219, EZE, 10
