<134>2021-07-15T06:50:36Z cache-lcy19283 MEWElogs[308969]: UNSH, 1626331835816977384, LCY, 16
<134>2021-07-15T06:50:41Z cache-hel6829 MEWElogs[308969]: UNSH, 1626331840413882306, HEL, 16
<134>2021-07-15T06:51:23Z cache-hel6829 MEWElogs[308969]: UNSH, 1626331882535974377, HEL, 16
<134>2021-07-15T06:51:35Z cache-mad22068 MEWElogs[308969]: UNSH, 1626331894754183853, MAD, 16
<134>2021-07-15T06:52:47Z cache-mad22068 MEWElogs[308969]: UNSH, 1626331966759477439, MAD, 16
<134>2021-07-15T06:53:34Z cache-mad22068 MEWElogs[308969]: UNSH, 1626332012944118489, MAD, 16
<134>2021-07-15T06:53:40Z cache-fra19177 MEWElogs[308969]: UNSH, 1626332019276670888, FRA, 16
<134>2021-07-15T06:53:49Z cache-hel6829 MEWElogs[308969]: UNSH, 1626332028505256051, HEL, 16
<134>2021-07-15T06:54:09Z cache-den8274 MEWElogs[308969]: UNSH, 1626332048916444607, DEN, 16
<134>2021-07-15T06:54:18Z cache-lcy19283 MEWElogs[308969]: UNSH, 1626332058632404481, LCY, 16
<134>2021-07-15T06:54:20Z cache-hel6829 MEWElogs[308969]: UNSH, 1626332059373118036, HEL, 16
<134>2021-07-15T06:54:38Z cache-lcy19283 MEWElogs[308969]: UNSH, 1626332077733010839, LCY, 16
<134>2021-07-15T06:55:06Z cache-mrs10583 MEWElogs[308969]: UNSH, 1626332105340299292, MRS, 16
<134>2021-07-15T06:55:08Z cache-bur17583 MEWElogs[308969]: UNSH, 1626332107867722929, BUR, 16
<134>2021-07-15T06:55:10Z cache-fra19177 MEWElogs[308969]: UNSH, 1626332109883042086, FRA, 16
<134>2021-07-15T06:55:15Z cache-den8274 MEWElogs[308969]: UNSH, 1626332115323392021, DEN, 16
<134>2021-07-15T06:55:15Z cache-lcy19283 MEWElogs[308969]: UNSH, 1626332115585504041, LCY, 16
<134>2021-07-15T06:55:48Z cache-mrs10583 MEWElogs[308969]: UNSH, 1626332147196919121, MRS, 16
<134>2021-07-15T06:56:38Z cache-mrs10583 MEWElogs[308969]: UNSH, 1626332197532365175, MRS, 16
<134>2021-07-15T06:56:55Z cache-mia11368 MEWElogs[308969]: UNSH, 1626332214834770123, MIA, 16
<134>2021-07-15T06:57:45Z cache-mia11368 MEWElogs[308969]: UNSH, 1626332264399440884, MIA, 16
<134>2021-07-15T06:58:42Z cache-iah17271 MEWElogs[308969]: UNSH, 1626332321931865903, IAH, 16
