<134>2021-07-15T01:21:59Z cache-eze19324 MEWElogs[46369]: GRAY, 1626312118450484162, EZE, 13
<134>2021-07-15T01:22:17Z cache-dca17782 MEWElogs[46369]: GRAY, 1626312136240331939, DCA, 13
<134>2021-07-15T01:22:39Z cache-maa10251 MEWElogs[46369]: GRAY, 1626312158410908182, MAA, 13
<134>2021-07-15T01:23:23Z cache-ams21020 MEWElogs[46369]: GRAY, 1626312203502224454, AMS, 13
<134>2021-07-15T01:23:28Z cache-ams21020 MEWElogs[46369]: GRAY, 1626312208345509231, AMS, 13
<134>2021-07-15T01:23:45Z cache-dca17782 MEWElogs[46369]: GRAY, 1626312224421527201, DCA, 13
<134>2021-07-15T01:23:50Z cache-ord1740 MEWElogs[46369]: GRAY, 1626312229767190786, ORD, 13
<134>2021-07-15T01:23:52Z cache-ams21020 MEWElogs[46369]: GRAY, 1626312232267618700, AMS, 13
<134>2021-07-15T01:24:02Z cache-ord1740 MEWElogs[46369]: GRAY, 1626312241363577183, ORD, 13
<134>2021-07-15T01:24:09Z cache-wdc5583 MEWElogs[46369]: GRAY, 1626312249237300366, WDC, 13
<134>2021-07-15T01:24:19Z cache-mdw17383 MEWElogs[46369]: GRAY, 1626312258560270481, MDW, 13
<134>2021-07-15T01:24:36Z cache-ord1740 MEWElogs[46369]: GRAY, 1626312275618903205, ORD, 13
<134>2021-07-15T01:24:52Z cache-pdk17882 MEWElogs[46369]: GRAY, 1626312291454250564, PDK, 13
<134>2021-07-15T01:24:55Z cache-maa10251 MEWElogs[46369]: GRAY, 1626312294128372368, MAA, 13
<134>2021-07-15T01:24:56Z cache-mdw17383 MEWElogs[46369]: GRAY, 1626312295841206087, MDW, 13
<134>2021-07-15T01:25:00Z cache-bog6425 MEWElogs[46369]: GRAY, 1626312300100553494, BOG, 13
<134>2021-07-15T01:25:04Z cache-eze19324 MEWElogs[46369]: GRAY, 1626312303818092100, EZE, 13
<134>2021-07-15T01:25:06Z cache-wdc5583 MEWElogs[46369]: GRAY, 1626312305683538593, WDC, 13
<134>2021-07-15T01:25:18Z cache-maa10251 MEWElogs[46369]: GRAY, 1626312317494446724, MAA, 13
<134>2021-07-15T01:25:36Z cache-maa10251 MEWElogs[46369]: GRAY, 1626312335788624188, MAA, 13
<134>2021-07-15T01:25:52Z cache-pdk17882 MEWElogs[46369]: GRAY, 1626312351789121052, PDK, 13
<134>2021-07-15T01:25:58Z cache-pdk17882 MEWElogs[46369]: GRAY, 1626312357818732288, PDK, 13
<134>2021-07-15T01:26:04Z cache-mdw17383 MEWElogs[46369]: GRAY, 1626312364233083397, MDW, 13
<134>2021-07-15T01:26:06Z cache-maa10251 MEWElogs[46369]: GRAY, 1626312365165651895, MAA, 13
<134>2021-07-15T01:26:21Z cache-dca17782 MEWElogs[46369]: GRAY, 1626312380901538023, DCA, 13
<134>2021-07-15T01:26:27Z cache-mdw17383 MEWElogs[46369]: GRAY, 1626312387596163540, MDW, 13
<134>2021-07-15T01:27:27Z cache-bog6425 MEWElogs[46369]: GRAY, 1626312447381576859, BOG, 13
<134>2021-07-15T01:27:28Z cache-wdc5583 MEWElogs[46369]: GRAY, 1626312447912293574, WDC, 13
<134>2021-07-15T01:27:28Z cache-ams21020 MEWElogs[46369]: GRAY, 1626312448152953572, AMS, 13
<134>2021-07-15T01:28:04Z cache-wdc5583 MEWElogs[46369]: GRAY, 1626312483813844361, WDC, 13
<134>2021-07-15T01:28:07Z cache-ams21020 MEWElogs[46369]: GRAY, 1626312486540992601, AMS, 13
<134>2021-07-15T01:28:21Z cache-mdw17383 MEWElogs[46369]: GRAY, 1626312501424019325, MDW, 13
<134>2021-07-15T01:28:40Z cache-cmh21547 MEWElogs[46369]: GRAY, 1626312519839343774, CMH, 13
<134>2021-07-15T01:28:59Z cache-ams21020 MEWElogs[46369]: GRAY, 1626312538848940374, AMS, 13
<134>2021-07-15T01:29:03Z cache-cmh21547 MEWElogs[46369]: GRAY, 1626312542624481642, CMH, 13
<134>2021-07-15T01:29:13Z cache-ams21020 MEWElogs[46369]: GRAY, 1626312553109313838, AMS, 13
<134>2021-07-15T01:29:18Z cache-ams21020 MEWElogs[46369]: GRAY, 1626312557933697795, AMS, 13
<134>2021-07-15T01:29:28Z cache-bog6425 MEWElogs[46369]: GRAY, 1626312567561340126, BOG, 13
<134>2021-07-15T01:29:33Z cache-cmh21547 MEWElogs[46369]: GRAY, 1626312573245628572, CMH, 13
<134>2021-07-15T01:29:45Z cache-ord1740 MEWElogs[46369]: GRAY, 1626312584683509743, ORD, 13
<134>2021-07-15T01:30:02Z cache-wdc5583 MEWElogs[46369]: GRAY, 1626312602246577442, WDC, 13
<134>2021-07-15T01:30:16Z cache-wdc5583 MEWElogs[46369]: GRAY, 1626312616487085676, WDC, 13
<134>2021-07-15T01:30:19Z cache-cmh21547 MEWElogs[46369]: GRAY, 1626312619276099153, CMH, 13
<134>2021-07-15T01:30:20Z cache-eze19324 MEWElogs[46369]: GRAY, 1626312619308707914, EZE, 13
<134>2021-07-15T01:30:20Z cache-maa10251 MEWElogs[46369]: GRAY, 1626312619482168948, MAA, 13
<134>2021-07-15T01:30:37Z cache-pdk17882 MEWElogs[46369]: GRAY, 1626312637317777318, PDK, 13
<134>2021-07-15T01:30:38Z cache-dca17782 MEWElogs[46369]: GRAY, 1626312637238948073, DCA, 13
<134>2021-07-15T01:30:53Z cache-wdc5583 MEWElogs[46369]: GRAY, 1626312652832041281, WDC, 13
<134>2021-07-15T01:31:01Z cache-pdk17882 MEWElogs[46369]: GRAY, 1626312661215105122, PDK, 13
<134>2021-07-15T01:31:07Z cache-wdc5583 MEWElogs[46369]: GRAY, 1626312667235760475, WDC, 13
<134>2021-07-15T01:31:40Z cache-mdw17383 MEWElogs[46369]: GRAY, 1626312700867662438, MDW, 13
