<134>2021-07-15T06:09:20Z cache-wdc5583 MEWElogs[369035]: UNSH, 1626329359605987545, WDC, 16
<134>2021-07-15T06:09:31Z cache-mdw17383 MEWElogs[369035]: UNSH, 1626329371464865275, MDW, 16
<134>2021-07-15T06:09:39Z cache-bog6425 MEWElogs[369035]: UNSH, 1626329378213968369, BOG, 16
<134>2021-07-15T06:10:05Z cache-pdk17882 MEWElogs[369035]: UNSH, 1626329404072956953, PDK, 16
<134>2021-07-15T06:10:15Z cache-mdw17383 MEWElogs[369035]: UNSH, 1626329415260195843, MDW, 16
<134>2021-07-15T06:10:17Z cache-dca17782 MEWElogs[369035]: UNSH, 1626329416110360500, DCA, 16
<134>2021-07-15T06:10:48Z cache-mdw17383 MEWElogs[369035]: UNSH, 1626329447852439347, MDW, 16
<134>2021-07-15T06:10:50Z cache-pdk17882 MEWElogs[369035]: UNSH, 1626329450392053288, PDK, 16
<134>2021-07-15T06:11:46Z cache-wdc5583 MEWElogs[369035]: UNSH, 1626329505467475475, WDC, 16
<134>2021-07-15T06:12:07Z cache-wdc5583 MEWElogs[369035]: UNSH, 1626329526210207315, WDC, 16
<134>2021-07-15T06:12:26Z cache-ams21020 MEWElogs[369035]: UNSH, 1626329545744515346, AMS, 16
<134>2021-07-15T06:12:46Z cache-maa10251 MEWElogs[369035]: UNSH, 1626329565850059041, MAA, 16
<134>2021-07-15T06:13:29Z cache-dca17782 MEWElogs[369035]: UNSH, 1626329608382633676, DCA, 16
<134>2021-07-15T06:13:55Z cache-bog6425 MEWElogs[369035]: UNSH, 1626329634072267375, BOG, 16
<134>2021-07-15T06:13:58Z cache-cmh21547 MEWElogs[369035]: UNSH, 1626329637516210407, CMH, 16
<134>2021-07-15T06:14:23Z cache-ams21020 MEWElogs[369035]: UNSH, 1626329663896291775, AMS, 16
<134>2021-07-15T06:14:37Z cache-cph20625 MEWElogs[369035]: UNSH, 1626329676583275370, CPH, 16
<134>2021-07-15T06:15:04Z cache-maa10251 MEWElogs[369035]: UNSH, 1626329702955846843, MAA, 16
<134>2021-07-15T06:15:35Z cache-wdc5583 MEWElogs[369035]: UNSH, 1626329734908103927, WDC, 16
<134>2021-07-15T06:15:39Z cache-cph20625 MEWElogs[369035]: UNSH, 1626329739009773199, CPH, 16
<134>2021-07-15T06:15:53Z cache-dca17782 MEWElogs[369035]: UNSH, 1626329752381781439, DCA, 16
<134>2021-07-15T06:16:11Z cache-cmh21547 MEWElogs[369035]: UNSH, 1626329770239002901, CMH, 16
<134>2021-07-15T06:16:23Z cache-maa10251 MEWElogs[369035]: UNSH, 1626329782487376927, MAA, 16
<134>2021-07-15T06:16:41Z cache-pdk17882 MEWElogs[369035]: UNSH, 1626329800716701789, PDK, 16
<134>2021-07-15T06:16:46Z cache-ord1740 MEWElogs[369035]: UNSH, 1626329805321703226, ORD, 16
<134>2021-07-15T06:16:51Z cache-bog6425 MEWElogs[369035]: UNSH, 1626329811228611776, BOG, 16
<134>2021-07-15T06:16:53Z cache-cph20625 MEWElogs[369035]: UNSH, 1626329812031555675, CPH, 16
<134>2021-07-15T06:17:18Z cache-pdk17882 MEWElogs[369035]: UNSH, 1626329837575530975, PDK, 16
<134>2021-07-15T06:17:19Z cache-dca17782 MEWElogs[369035]: UNSH, 1626329838466260940, DCA, 16
<134>2021-07-15T06:17:50Z cache-bog6425 MEWElogs[369035]: UNSH, 1626329869390405145, BOG, 16
<134>2021-07-15T06:18:06Z cache-cph20625 MEWElogs[369035]: UNSH, 1626329884940805138, CPH, 16
<134>2021-07-15T06:18:13Z cache-ord1740 MEWElogs[369035]: UNSH, 1626329892154666739, ORD, 16
<134>2021-07-15T06:18:23Z cache-cmh21547 MEWElogs[369035]: UNSH, 1626329903164853941, CMH, 16
<134>2021-07-15T06:18:37Z cache-cph20625 MEWElogs[369035]: UNSH, 1626329916544880132, CPH, 16
<134>2021-07-15T06:19:00Z cache-pdk17882 MEWElogs[369035]: UNSH, 1626329939065841502, PDK, 16
<134>2021-07-15T06:19:08Z cache-mdw17383 MEWElogs[369035]: UNSH, 1626329947288823951, MDW, 16
<134>2021-07-15T06:19:13Z cache-wdc5583 MEWElogs[369035]: UNSH, 1626329953225289000, WDC, 16
