<134>2021-07-14T17:54:45Z cache-cgh11122 MEWElogs[326955]: FLIPH, 1626285284685278965, CGH, -1
<134>2021-07-14T17:55:23Z cache-scl19427 MEWElogs[326955]: FLIPH, 1626285322699605184, SCL, -1
<134>2021-07-14T17:55:42Z cache-tyo11974 MEWElogs[326955]: FLIPH, 1626285341864883918, TYO, -1
<134>2021-07-14T17:55:45Z cache-sea4483 MEWElogs[326955]: FLIPH, 1626285345166079469, SEA, -1
<134>2021-07-14T17:55:47Z cache-scl19427 MEWElogs[326955]: FLIPH, 1626285346774347204, SCL, -1
<134>2021-07-14T17:55:48Z cache-stl4834 MEWElogs[326955]: FLIPH, 1626285347127496841, STL, -1
<134>2021-07-14T17:56:11Z cache-stl4834 MEWElogs[326955]: FLIPH, 1626285370921953421, STL, 10
<134>2021-07-14T17:57:13Z cache-hnd18722 MEWElogs[326955]: FLIPH, 1626285432371671542, HND, -1
<134>2021-07-14T17:57:26Z cache-pao17461 MEWElogs[326955]: FLIPH, 1626285445052973702, PAO, 10
<134>2021-07-14T17:57:56Z cache-hnd18722 MEWElogs[326955]: FLIPH, 1626285475088806211, HND, -1
<134>2021-07-14T17:57:58Z cache-itm18851 MEWElogs[326955]: FLIPH, 1626285477297878256, ITM, 10
<134>2021-07-14T17:58:31Z cache-tyo11974 MEWElogs[326955]: FLIPH, 1626285510235054765, TYO, 10
<134>2021-07-14T17:58:55Z cache-pao17461 MEWElogs[326955]: FLIPH, 1626285535342781925, PAO, -1
<134>2021-07-14T17:59:22Z cache-tyo11974 MEWElogs[326955]: FLIPH, 1626285561179265494, TYO, -1
<134>2021-07-14T17:59:23Z cache-sjc10078 MEWElogs[326955]: FLIPH, 1626285562738077011, SJC, -1
<134>2021-07-14T17:59:42Z cache-tyo11974 MEWElogs[326955]: FLIPH, 1626285581371292981, TYO, 10
<134>2021-07-14T17:59:47Z cache-pao17461 MEWElogs[326955]: FLIPH, 1626285587164792627, PAO, -1
<134>2021-07-14T18:00:14Z cache-hnd18722 MEWElogs[326955]: FLIPH, 1626285613890386171, HND, -1
<134>2021-07-14T18:00:18Z cache-sea4483 MEWElogs[326955]: FLIPH, 1626285617403631625, SEA, -1
<134>2021-07-14T18:00:20Z cache-cgh11183 MEWElogs[326955]: FLIPH, 1626285619211856895, CGH, -1
<134>2021-07-14T18:00:28Z cache-hnd18722 MEWElogs[326955]: FLIPH, 1626285627494598027, HND, 10
<134>2021-07-14T18:00:28Z cache-stl4834 MEWElogs[326955]: FLIPH, 1626285628189209830, STL, -1
<134>2021-07-14T18:00:42Z cache-itm18851 MEWElogs[326955]: FLIPH, 1626285641139696466, ITM, -1
<134>2021-07-14T18:00:46Z cache-sjc10078 MEWElogs[326955]: FLIPH, 1626285646042812242, SJC, -1
<134>2021-07-14T18:01:55Z cache-cgh11122 MEWElogs[326955]: FLIPH, 1626285714072319601, CGH, 10
<134>2021-07-14T18:01:55Z cache-itm18851 MEWElogs[326955]: FLIPH, 1626285714416668336, ITM, -1
<134>2021-07-14T18:01:58Z cache-tyo11974 MEWElogs[326955]: FLIPH, 1626285717414887137, TYO, 10
<134>2021-07-14T18:01:59Z cache-sjc10078 MEWElogs[326955]: FLIPH, 1626285719737021027, SJC, -1
<134>2021-07-14T18:02:09Z cache-sea4483 MEWElogs[326955]: FLIPH, 1626285729268351230, SEA, 10
<134>2021-07-14T18:02:20Z cache-cgh11183 MEWElogs[326955]: FLIPH, 1626285740373290622, CGH, -1
<134>2021-07-14T18:02:23Z cache-sjc10078 MEWElogs[326955]: FLIPH, 1626285743493210924, SJC, 10
<134>2021-07-14T18:02:45Z cache-sjc10078 MEWElogs[326955]: FLIPH, 1626285764421714083, SJC, 10
<134>2021-07-14T18:03:31Z cache-itm18851 MEWElogs[326955]: FLIPH, 1626285811193198898, ITM, 10
<134>2021-07-14T18:03:32Z cache-cgh11183 MEWElogs[326955]: FLIPH, 1626285812265714891, CGH, -1
<134>2021-07-14T18:04:07Z cache-bma1628 MEWElogs[326955]: FLIPH, 1626285847458245842, BMA, 10
<134>2021-07-14T18:04:23Z cache-bma1628 MEWElogs[326955]: FLIPH, 1626285862899473239, BMA, -1
<134>2021-07-14T18:04:33Z cache-sjc10078 MEWElogs[326955]: FLIPH, 1626285872929669428, SJC, -1
<134>2021-07-14T18:04:40Z cache-sea4483 MEWElogs[326955]: FLIPH, 1626285880121482140, SEA, -1
