<134>2021-07-14T21:30:04Z cache-akl10324 MEWElogs[390968]: BLUR, 1626298204352349578, AKL, 11
<134>2021-07-14T21:31:32Z cache-akl10324 MEWElogs[390968]: BLUR, 1626298291410119670, AKL, 11
<134>2021-07-14T21:31:56Z cache-dub4329 MEWElogs[390968]: BLUR, 1626298315231655120, DUB, 11
<134>2021-07-14T21:32:37Z cache-dub4329 MEWElogs[390968]: BLUR, 1626298356487964984, DUB, 11
<134>2021-07-14T21:32:49Z cache-chi21126 MEWElogs[390968]: BLUR, 1626298369454993046, CHI, 11
<134>2021-07-14T21:33:05Z cache-fty21383 MEWElogs[390968]: BLUR, 1626298384973767817, FTY, 11
<134>2021-07-14T21:33:13Z cache-cph20625 MEWElogs[390968]: BLUR, 1626298392744990272, CPH, 11
<134>2021-07-14T21:33:19Z cache-dfw18678 MEWElogs[390968]: BLUR, 1626298399342130624, DFW, 11
<134>2021-07-14T21:33:33Z cache-cph20625 MEWElogs[390968]: BLUR, 1626298412319995467, CPH, 11
<134>2021-07-14T21:33:38Z cache-del21735 MEWElogs[390968]: BLUR, 1626298417088071065, DEL, 11
<134>2021-07-14T21:34:00Z cache-akl10324 MEWElogs[390968]: BLUR, 1626298439702865534, AKL, 11
<134>2021-07-14T21:34:31Z cache-hhn4077 MEWElogs[390968]: BLUR, 1626298470626696657, HHN, 11
<134>2021-07-14T21:34:40Z cache-dfw18678 MEWElogs[390968]: BLUR, 1626298480215252757, DFW, 11
<134>2021-07-14T21:36:02Z cache-dfw18678 MEWElogs[390968]: BLUR, 1626298561627205686, DFW, 11
<134>2021-07-14T21:36:08Z cache-cph20625 MEWElogs[390968]: BLUR, 1626298567709574286, CPH, 11
<134>2021-07-14T21:36:39Z cache-dfw18678 MEWElogs[390968]: BLUR, 1626298599331331005, DFW, 11
<134>2021-07-14T21:37:10Z cache-chi21126 MEWElogs[390968]: BLUR, 1626298629244787158, CHI, 11
<134>2021-07-14T21:37:50Z cache-fty21383 MEWElogs[390968]: BLUR, 1626298669498402136, FTY, 11
<134>2021-07-14T21:38:48Z cache-akl10324 MEWElogs[390968]: BLUR, 1626298727009834215, AKL, 11
<134>2021-07-14T21:39:50Z cache-dub4329 MEWElogs[390968]: BLUR, 1626298789518304525, DUB, 11
<134>2021-07-14T21:40:00Z cache-akl10324 MEWElogs[390968]: BLUR, 1626298799000485631, AKL, 11
