<134>2021-07-14T17:53:03Z cache-gig17035 MEWElogs[334804]: FLIPH, 1626285182406360012, GIG, 10
<134>2021-07-14T17:53:04Z cache-stl4834 MEWElogs[334804]: FLIPH, 1626285183595126763, STL, 10
<134>2021-07-14T17:53:14Z cache-gru17149 MEWElogs[334804]: FLIPH, 1626285193325412550, GRU, 10
<134>2021-07-14T17:54:11Z cache-gig17035 MEWElogs[334804]: FLIPH, 1626285250312206324, GIG, -1
<134>2021-07-14T17:54:14Z cache-pao17461 MEWElogs[334804]: FLIPH, 1626285254229850151, PAO, -1
<134>2021-07-14T17:54:17Z cache-pao17461 MEWElogs[334804]: FLIPH, 1626285257288943260, PAO, 10
<134>2021-07-14T17:54:34Z cache-hnd18722 MEWElogs[334804]: FLIPH, 1626285273400337413, HND, -1
<134>2021-07-14T17:54:38Z cache-cgh11122 MEWElogs[334804]: FLIPH, 1626285277273941994, CGH, 10
<134>2021-07-14T17:54:50Z cache-itm18851 MEWElogs[334804]: FLIPH, 1626285289578332853, ITM, 10
<134>2021-07-14T17:54:54Z cache-sjc10078 MEWElogs[334804]: FLIPH, 1626285293764133074, SJC, -1
<134>2021-07-14T17:54:57Z cache-sjc10078 MEWElogs[334804]: FLIPH, 1626285296852075753, SJC, 10
<134>2021-07-14T17:55:26Z cache-cgh11122 MEWElogs[334804]: FLIPH, 1626285325491192992, CGH, -1
<134>2021-07-14T17:55:29Z cache-itm18851 MEWElogs[334804]: FLIPH, 1626285328542679423, ITM, -1
<134>2021-07-14T17:55:38Z cache-sjc10078 MEWElogs[334804]: FLIPH, 1626285338227636320, SJC, 10
<134>2021-07-14T17:55:45Z cache-cgh11122 MEWElogs[334804]: FLIPH, 1626285345565564655, CGH, -1
<134>2021-07-14T17:55:48Z cache-hnd18722 MEWElogs[334804]: FLIPH, 1626285347880737974, HND, -1
<134>2021-07-14T17:56:52Z cache-hnd18722 MEWElogs[334804]: FLIPH, 1626285411189355572, HND, -1
<134>2021-07-14T17:57:27Z cache-cgh11122 MEWElogs[334804]: FLIPH, 1626285446811483083, CGH, -1
<134>2021-07-14T17:57:35Z cache-stl4834 MEWElogs[334804]: FLIPH, 1626285454356329431, STL, 10
<134>2021-07-14T17:57:36Z cache-cgh11183 MEWElogs[334804]: FLIPH, 1626285456653929635, CGH, -1
<134>2021-07-14T17:57:44Z cache-stl4834 MEWElogs[334804]: FLIPH, 1626285464738334532, STL, 10
<134>2021-07-14T17:58:02Z cache-tyo11974 MEWElogs[334804]: FLIPH, 1626285481144256006, TYO, -1
<134>2021-07-14T17:58:30Z cache-sjc10078 MEWElogs[334804]: FLIPH, 1626285510245201933, SJC, -1
<134>2021-07-14T17:58:31Z cache-cgh11183 MEWElogs[334804]: FLIPH, 1626285510603777937, CGH, 10
<134>2021-07-14T17:58:59Z cache-hnd18722 MEWElogs[334804]: FLIPH, 1626285538465083381, HND, -1
<134>2021-07-14T17:59:40Z cache-cgh11122 MEWElogs[334804]: FLIPH, 1626285580756541128, CGH, 10
<134>2021-07-14T18:00:06Z cache-tyo11974 MEWElogs[334804]: FLIPH, 1626285605635649752, TYO, -1
<134>2021-07-14T18:01:03Z cache-pao17461 MEWElogs[334804]: FLIPH, 1626285663212050486, PAO, 10
<134>2021-07-14T18:01:19Z cache-hnd18722 MEWElogs[334804]: FLIPH, 1626285678336239238, HND, -1
<134>2021-07-14T18:02:04Z cache-tyo11974 MEWElogs[334804]: FLIPH, 1626285724230179164, TYO, -1
<134>2021-07-14T18:02:08Z cache-itm18851 MEWElogs[334804]: FLIPH, 1626285727422700302, ITM, 10
<134>2021-07-14T18:02:18Z cache-pao17461 MEWElogs[334804]: FLIPH, 1626285737184160839, PAO, 10
<134>2021-07-14T18:02:25Z cache-cgh11122 MEWElogs[334804]: FLIPH, 1626285744796130358, CGH, 10
<134>2021-07-14T18:02:31Z cache-cgh11183 MEWElogs[334804]: FLIPH, 1626285750648109552, CGH, -1
<134>2021-07-14T18:02:35Z cache-cgh11122 MEWElogs[334804]: FLIPH, 1626285754980382927, CGH, 10
<134>2021-07-14T18:02:43Z cache-cgh11122 MEWElogs[334804]: FLIPH, 1626285762185501297, CGH, -1
<134>2021-07-14T18:02:53Z cache-bma1628 MEWElogs[334804]: FLIPH, 1626285772707303589, BMA, 10
<134>2021-07-14T18:02:53Z cache-cgh11122 MEWElogs[334804]: FLIPH, 1626285772373263844, CGH, -1
