<134>2021-07-14T17:42:24Z cache-osl6529 MEWElogs[390968]: FLIPH, 1626284543565422050, OSL, 10
<134>2021-07-14T17:42:34Z cache-gru17149 MEWElogs[390968]: FLIPH, 1626284553888178504, GRU, 10
<134>2021-07-14T17:42:36Z cache-bom4751 MEWElogs[390968]: FLIPH, 1626284556440427369, BOM, -1
<134>2021-07-14T17:42:41Z cache-scl19427 MEWElogs[390968]: FLIPH, 1626284560216177759, SCL, -1
<134>2021-07-14T17:42:42Z cache-osl6529 MEWElogs[390968]: FLIPH, 1626284561667002929, OSL, 10
<134>2021-07-14T17:43:10Z cache-lga21983 MEWElogs[390968]: FLIPH, 1626284590034002129, LGA, 10
<134>2021-07-14T17:43:15Z cache-cdg20720 MEWElogs[390968]: FLIPH, 1626284594541994415, CDG, 10
<134>2021-07-14T17:43:16Z cache-bom4751 MEWElogs[390968]: FLIPH, 1626284596062887852, BOM, -1
<134>2021-07-14T17:43:27Z cache-lga21983 MEWElogs[390968]: FLIPH, 1626284606597502228, LGA, -1
<134>2021-07-14T17:43:29Z cache-gru17149 MEWElogs[390968]: FLIPH, 1626284608869734584, GRU, -1
<134>2021-07-14T17:43:32Z cache-scl19427 MEWElogs[390968]: FLIPH, 1626284611587511737, SCL, 10
<134>2021-07-14T17:43:36Z cache-lga21983 MEWElogs[390968]: FLIPH, 1626284616435594607, LGA, -1
<134>2021-07-14T17:43:38Z cache-gig17035 MEWElogs[390968]: FLIPH, 1626284617469543529, GIG, -1
<134>2021-07-14T17:43:52Z cache-cdg20720 MEWElogs[390968]: FLIPH, 1626284631662989293, CDG, -1
<134>2021-07-14T17:43:53Z cache-osl6529 MEWElogs[390968]: FLIPH, 1626284632190101442, OSL, -1
<134>2021-07-14T17:43:53Z cache-gig17035 MEWElogs[390968]: FLIPH, 1626284633079599327, GIG, 10
<134>2021-07-14T17:43:58Z cache-stl4834 MEWElogs[390968]: FLIPH, 1626284637923683432, STL, 10
<134>2021-07-14T17:44:14Z cache-cdg20720 MEWElogs[390968]: FLIPH, 1626284654753796371, CDG, 10
<134>2021-07-14T17:44:19Z cache-stl4834 MEWElogs[390968]: FLIPH, 1626284658698485632, STL, 10
<134>2021-07-14T17:44:47Z cache-stl4834 MEWElogs[390968]: FLIPH, 1626284686579033475, STL, -1
<134>2021-07-14T17:44:48Z cache-gru17149 MEWElogs[390968]: FLIPH, 1626284687550422197, GRU, 10
<134>2021-07-14T17:44:55Z cache-gig17035 MEWElogs[390968]: FLIPH, 1626284694023703823, GIG, 10
<134>2021-07-14T17:44:58Z cache-lga21983 MEWElogs[390968]: FLIPH, 1626284698758303369, LGA, 10
<134>2021-07-14T17:45:07Z cache-bom4751 MEWElogs[390968]: FLIPH, 1626284707470921614, BOM, 10
<134>2021-07-14T17:45:19Z cache-lga21983 MEWElogs[390968]: FLIPH, 1626284718493126557, LGA, 10
<134>2021-07-14T17:45:50Z cache-gig17035 MEWElogs[390968]: FLIPH, 1626284750429627650, GIG, -1
<134>2021-07-14T17:46:04Z cache-cdg20720 MEWElogs[390968]: FLIPH, 1626284763766509926, CDG, -1
<134>2021-07-14T17:46:26Z cache-gig17035 MEWElogs[390968]: FLIPH, 1626284786055245591, GIG, -1
<134>2021-07-14T17:46:31Z cache-bom4751 MEWElogs[390968]: FLIPH, 1626284791120833741, BOM, -1
<134>2021-07-14T17:46:33Z cache-scl19427 MEWElogs[390968]: FLIPH, 1626284793321242429, SCL, 10
<134>2021-07-14T17:46:34Z cache-lga21983 MEWElogs[390968]: FLIPH, 1626284794220061247, LGA, -1
<134>2021-07-14T17:46:43Z cache-gru17149 MEWElogs[390968]: FLIPH, 1626284802342609406, GRU, 10
<134>2021-07-14T17:46:45Z cache-cdg20720 MEWElogs[390968]: FLIPH, 1626284804619989063, CDG, -1
<134>2021-07-14T17:46:55Z cache-cdg20720 MEWElogs[390968]: FLIPH, 1626284815133420460, CDG, -1
<134>2021-07-14T17:47:18Z cache-stl4834 MEWElogs[390968]: FLIPH, 1626284838070136564, STL, 10
<134>2021-07-14T17:47:21Z cache-gru17149 MEWElogs[390968]: FLIPH, 1626284840034150958, GRU, 10
<134>2021-07-14T17:47:24Z cache-bom4751 MEWElogs[390968]: FLIPH, 1626284843860762956, BOM, 10
<134>2021-07-14T17:47:30Z cache-syd10183 MEWElogs[390968]: FLIPH, 1626284849415325284, SYD, -1
<134>2021-07-14T17:47:33Z cache-itm18851 MEWElogs[390968]: FLIPH, 1626284852538890174, ITM, 10
<134>2021-07-14T17:47:47Z cache-gru17149 MEWElogs[390968]: FLIPH, 1626284865966872925, GRU, -1
<134>2021-07-14T17:48:06Z cache-gig17035 MEWElogs[390968]: FLIPH, 1626284885426325544, GIG, 10
<134>2021-07-14T17:48:20Z cache-syd10183 MEWElogs[390968]: FLIPH, 1626284899610932377, SYD, -1
<134>2021-07-14T17:48:21Z cache-stl4834 MEWElogs[390968]: FLIPH, 1626284901093797859, STL, 10
<134>2021-07-14T17:48:25Z cache-gig17035 MEWElogs[390968]: FLIPH, 1626284905088215781, GIG, -1
<134>2021-07-14T17:48:40Z cache-gig17035 MEWElogs[390968]: FLIPH, 1626284920794108438, GIG, 10
<134>2021-07-14T17:48:48Z cache-bom4751 MEWElogs[390968]: FLIPH, 1626284927428245006, BOM, -1
<134>2021-07-14T17:48:56Z cache-gru17149 MEWElogs[390968]: FLIPH, 1626284935780760372, GRU, 10
<134>2021-07-14T17:49:03Z cache-gru17149 MEWElogs[390968]: FLIPH, 1626284942539353554, GRU, -1
<134>2021-07-14T17:49:04Z cache-itm18851 MEWElogs[390968]: FLIPH, 1626284943362903545, ITM, -1
<134>2021-07-14T17:49:08Z cache-bom4751 MEWElogs[390968]: FLIPH, 1626284947195330842, BOM, -1
<134>2021-07-14T17:49:13Z cache-syd10183 MEWElogs[390968]: FLIPH, 1626284952287567657, SYD, 10
<134>2021-07-14T17:49:13Z cache-gig17035 MEWElogs[390968]: FLIPH, 1626284953116250836, GIG, -1
<134>2021-07-14T17:49:14Z cache-hnd18722 MEWElogs[390968]: FLIPH, 1626284953408711766, HND, -1
<134>2021-07-14T17:49:40Z cache-gig17035 MEWElogs[390968]: FLIPH, 1626284980310363427, GIG, 10
<134>2021-07-14T17:49:42Z cache-gru17149 MEWElogs[390968]: FLIPH, 1626284980975233958, GRU, -1
<134>2021-07-14T17:49:45Z cache-stl4834 MEWElogs[390968]: FLIPH, 1626284985395163953, STL, 10
<134>2021-07-14T17:49:49Z cache-hnd18722 MEWElogs[390968]: FLIPH, 1626284987976667387, HND, 10
<134>2021-07-14T17:49:51Z cache-gru17149 MEWElogs[390968]: FLIPH, 1626284990393774141, GRU, -1
<134>2021-07-14T17:49:55Z cache-stl4834 MEWElogs[390968]: FLIPH, 1626284995721513075, STL, 10
<134>2021-07-14T17:50:11Z cache-syd10183 MEWElogs[390968]: FLIPH, 1626285010547397834, SYD, -1
<134>2021-07-14T17:50:48Z cache-gru17149 MEWElogs[390968]: FLIPH, 1626285047493452168, GRU, -1
<134>2021-07-14T17:50:51Z cache-itm18851 MEWElogs[390968]: FLIPH, 1626285050147387334, ITM, 10
<134>2021-07-14T17:51:08Z cache-scl19427 MEWElogs[390968]: FLIPH, 1626285067416289542, SCL, -1
<134>2021-07-14T17:51:17Z cache-pao17461 MEWElogs[390968]: FLIPH, 1626285077809893201, PAO, -1
<134>2021-07-14T17:51:30Z cache-itm18851 MEWElogs[390968]: FLIPH, 1626285089037632869, ITM, -1
<134>2021-07-14T17:51:33Z cache-cgh11122 MEWElogs[390968]: FLIPH, 1626285093157787637, CGH, 10
<134>2021-07-14T17:51:59Z cache-scl19427 MEWElogs[390968]: FLIPH, 1626285119051897845, SCL, 10
<134>2021-07-14T17:52:03Z cache-bom4751 MEWElogs[390968]: FLIPH, 1626285123209602069, BOM, 10
<134>2021-07-14T17:52:16Z cache-gru17149 MEWElogs[390968]: FLIPH, 1626285135575603923, GRU, 10
<134>2021-07-14T17:52:23Z cache-gru17149 MEWElogs[390968]: FLIPH, 1626285142305039846, GRU, -1
