<134>2021-07-15T05:07:21Z cache-mci5951 MEWElogs[370074]: ROTATE, 1626325640969264296, MCI, 15
<134>2021-07-15T05:08:03Z cache-mci5951 MEWElogs[370074]: ROTATE, 1626325682821192940, MCI, 15
<134>2021-07-15T05:08:10Z cache-cdg20720 MEWElogs[370074]: ROTATE, 1626325689785912328, CDG, 15
<134>2021-07-15T05:08:55Z cache-mci5951 MEWElogs[370074]: ROTATE, 1626325734906533265, MCI, 15
<134>2021-07-15T05:09:28Z cache-mel11272 MEWElogs[370074]: ROTATE, 1626325767868370725, MEL, 15
<134>2021-07-15T05:09:30Z cache-lga21983 MEWElogs[370074]: ROTATE, 1626325769122923170, LGA, 15
<134>2021-07-15T05:09:39Z cache-mel11272 MEWElogs[370074]: ROTATE, 1626325778184183650, MEL, 15
<134>2021-07-15T05:09:42Z cache-cdg20720 MEWElogs[370074]: ROTATE, 1626325780931776782, CDG, 15
<134>2021-07-15T05:09:57Z cache-lga21983 MEWElogs[370074]: ROTATE, 1626325796214458406, LGA, 15
<134>2021-07-15T05:10:33Z cache-ewr18156 MEWElogs[370074]: ROTATE, 1626325832077047151, EWR, 15
<134>2021-07-15T05:10:58Z cache-lga21983 MEWElogs[370074]: ROTATE, 1626325858389955096, LGA, 15
<134>2021-07-15T05:11:02Z cache-mel11272 MEWElogs[370074]: ROTATE, 1626325861612034319, MEL, 15
<134>2021-07-15T05:11:12Z cache-mel11272 MEWElogs[370074]: ROTATE, 1626325871944501031, MEL, 15
<134>2021-07-15T05:11:52Z cache-cdg20720 MEWElogs[370074]: ROTATE, 1626325911702352731, CDG, 15
<134>2021-07-15T05:11:54Z cache-mel11272 MEWElogs[370074]: ROTATE, 1626325913881411881, MEL, 15
<134>2021-07-15T05:11:56Z cache-osl6529 MEWElogs[370074]: ROTATE, 1626325915596012718, OSL, 15
<134>2021-07-15T05:11:59Z cache-gru17149 MEWElogs[370074]: ROTATE, 1626325918604335423, GRU, 15
<134>2021-07-15T05:12:47Z cache-cdg20720 MEWElogs[370074]: ROTATE, 1626325966823575745, CDG, 15
<134>2021-07-15T05:12:50Z cache-lax10677 MEWElogs[370074]: ROTATE, 1626325969491028266, LGB, 15
<134>2021-07-15T05:13:22Z cache-bom4751 MEWElogs[370074]: ROTATE, 1626326001453039919, BOM, 15
<134>2021-07-15T05:13:25Z cache-stl4834 MEWElogs[370074]: ROTATE, 1626326004350293357, STL, 15
<134>2021-07-15T05:13:46Z cache-osl6529 MEWElogs[370074]: ROTATE, 1626326025772646077, OSL, 15
<134>2021-07-15T05:14:33Z cache-osl6529 MEWElogs[370074]: ROTATE, 1626326072915677928, OSL, 15
<134>2021-07-15T05:14:47Z cache-lax10677 MEWElogs[370074]: ROTATE, 1626326086831600613, LGB, 15
<134>2021-07-15T05:14:52Z cache-gru17149 MEWElogs[370074]: ROTATE, 1626326091045648231, GRU, 15
<134>2021-07-15T05:14:57Z cache-scl19427 MEWElogs[370074]: ROTATE, 1626326096107366687, SCL, 15
<134>2021-07-15T05:15:22Z cache-lax10677 MEWElogs[370074]: ROTATE, 1626326121884567206, LGB, 15
<134>2021-07-15T05:15:40Z cache-gru17149 MEWElogs[370074]: ROTATE, 1626326139007142434, GRU, 15
<134>2021-07-15T05:15:45Z cache-lax10677 MEWElogs[370074]: ROTATE, 1626326145244930133, LGB, 15
<134>2021-07-15T05:15:49Z cache-gru17149 MEWElogs[370074]: ROTATE, 1626326148856009234, GRU, 15
<134>2021-07-15T05:16:54Z cache-cdg20720 MEWElogs[370074]: ROTATE, 1626326214328497391, CDG, 15
