<134>2021-07-15T04:37:58Z cache-cwb20520 MEWElogs[322581]: ROTATE, 1626323878225588289, CWB, 15
<134>2021-07-15T04:38:02Z cache-chi21126 MEWElogs[322581]: ROTATE, 1626323881550352440, CHI, 15
<134>2021-07-15T04:38:15Z cache-hel6829 MEWElogs[322581]: ROTATE, 1626323895089861547, HEL, 15
<134>2021-07-15T04:39:49Z cache-hel6829 MEWElogs[322581]: ROTATE, 1626323988343267040, HEL, 15
<134>2021-07-15T04:39:58Z cache-den8274 MEWElogs[322581]: ROTATE, 1626323997548718685, DEN, 15
<134>2021-07-15T04:40:00Z cache-fra19177 MEWElogs[322581]: ROTATE, 1626323999377905969, FRA, 15
<134>2021-07-15T04:40:09Z cache-pwk4920 MEWElogs[322581]: ROTATE, 1626324008145793486, PWK, 15
<134>2021-07-15T04:40:48Z cache-fra19177 MEWElogs[322581]: ROTATE, 1626324047946437855, FRA, 15
<134>2021-07-15T04:42:17Z cache-jnb7027 MEWElogs[322581]: ROTATE, 1626324136389811588, JNB, 15
<134>2021-07-15T04:42:19Z cache-mad22068 MEWElogs[322581]: ROTATE, 1626324139097308022, MAD, 15
<134>2021-07-15T04:42:38Z cache-hel6829 MEWElogs[322581]: ROTATE, 1626324157318156748, HEL, 15
<134>2021-07-15T04:43:09Z cache-mad22068 MEWElogs[322581]: ROTATE, 1626324188100699613, MAD, 15
<134>2021-07-15T04:43:21Z cache-bur17583 MEWElogs[322581]: ROTATE, 1626324200351749433, BUR, 15
<134>2021-07-15T04:45:41Z cache-iah17271 MEWElogs[322581]: ROTATE, 1626324341480274987, IAH, 15
<134>2021-07-15T04:46:00Z cache-lcy19283 MEWElogs[322581]: ROTATE, 1626324359609717561, LCY, 15
<134>2021-07-15T04:46:44Z cache-fra19177 MEWElogs[322581]: ROTATE, 1626324403805755699, FRA, 15
<134>2021-07-15T04:46:52Z cache-fra19177 MEWElogs[322581]: ROTATE, 1626324411793717183, FRA, 15
<134>2021-07-15T04:47:17Z cache-hel6829 MEWElogs[322581]: ROTATE, 1626324436935584248, HEL, 15
<134>2021-07-15T04:47:25Z cache-fra19177 MEWElogs[322581]: ROTATE, 1626324443921317641, FRA, 15
<134>2021-07-15T04:47:26Z cache-hel6829 MEWElogs[322581]: ROTATE, 1626324446373095376, HEL, 15
<134>2021-07-15T04:47:46Z cache-mad22068 MEWElogs[322581]: ROTATE, 1626324465668117629, MAD, 15
<134>2021-07-15T04:47:49Z cache-fra19177 MEWElogs[322581]: ROTATE, 1626324468262013791, FRA, 15
