<134>2021-07-15T01:52:11Z cache-bur17583 MEWElogs[390968]: GRAY, 1626313931046620001, BUR, 13
<134>2021-07-15T01:52:15Z cache-mia11368 MEWElogs[390968]: GRAY, 1626313935552862275, MIA, 13
<134>2021-07-15T01:52:28Z cache-iah17271 MEWElogs[390968]: GRAY, 1626313947424354296, IAH, 13
<134>2021-07-15T01:52:35Z cache-mad22068 MEWElogs[390968]: GRAY, 1626313955022682267, MAD, 13
<134>2021-07-15T01:52:55Z cache-lhr7382 MEWElogs[390968]: GRAY, 1626313974433208028, LHR, 13
<134>2021-07-15T01:52:56Z cache-mad22068 MEWElogs[390968]: GRAY, 1626313975471531384, MAD, 13
<134>2021-07-15T01:53:33Z cache-mrs10583 MEWElogs[390968]: GRAY, 1626314012012179282, MRS, 13
<134>2021-07-15T01:53:36Z cache-hkg17929 MEWElogs[390968]: GRAY, 1626314016089378596, HKG, 13
<134>2021-07-15T01:53:36Z cache-iah17271 MEWElogs[390968]: GRAY, 1626314016561071529, IAH, 13
<134>2021-07-15T01:53:44Z cache-iah17271 MEWElogs[390968]: GRAY, 1626314023985182558, IAH, 13
<134>2021-07-15T01:54:11Z cache-mci5951 MEWElogs[390968]: GRAY, 1626314050534274497, MCI, 13
<134>2021-07-15T01:54:21Z cache-iah17271 MEWElogs[390968]: GRAY, 1626314060748290292, IAH, 13
<134>2021-07-15T01:54:22Z cache-mad22068 MEWElogs[390968]: GRAY, 1626314061398215978, MAD, 13
<134>2021-07-15T01:54:28Z cache-iah17271 MEWElogs[390968]: GRAY, 1626314068033617704, IAH, 13
<134>2021-07-15T01:54:32Z cache-mci5951 MEWElogs[390968]: GRAY, 1626314071535228707, MCI, 13
<134>2021-07-15T01:54:35Z cache-iah17271 MEWElogs[390968]: GRAY, 1626314075479453549, IAH, 13
<134>2021-07-15T01:54:45Z cache-stp9226 MEWElogs[390968]: GRAY, 1626314084420628560, STP, 13
<134>2021-07-15T01:54:49Z cache-dal21283 MEWElogs[390968]: GRAY, 1626314089839249928, DAL, 13
<134>2021-07-15T01:54:55Z cache-mia11368 MEWElogs[390968]: GRAY, 1626314094340918418, MIA, 13
<134>2021-07-15T01:55:01Z cache-man4150 MEWElogs[390968]: GRAY, 1626314100598647859, MAN, 13
<134>2021-07-15T01:55:05Z cache-bur17583 MEWElogs[390968]: GRAY, 1626314104993436966, BUR, 13
<134>2021-07-15T01:55:12Z cache-lhr7382 MEWElogs[390968]: GRAY, 1626314111031709260, LHR, 13
<134>2021-07-15T01:55:34Z cache-jax20933 MEWElogs[390968]: GRAY, 1626314134135256243, JAX, 13
<134>2021-07-15T01:55:36Z cache-mrs10583 MEWElogs[390968]: GRAY, 1626314135683761135, MRS, 13
<134>2021-07-15T01:55:38Z cache-dal21283 MEWElogs[390968]: GRAY, 1626314138692196620, DAL, 13
<134>2021-07-15T01:55:40Z cache-lhr7382 MEWElogs[390968]: GRAY, 1626314139377012838, LHR, 13
<134>2021-07-15T01:55:52Z cache-jax20933 MEWElogs[390968]: GRAY, 1626314151846103687, JAX, 13
<134>2021-07-15T01:56:03Z cache-man4150 MEWElogs[390968]: GRAY, 1626314162403531643, MAN, 13
<134>2021-07-15T01:56:10Z cache-dal21283 MEWElogs[390968]: GRAY, 1626314170015662332, DAL, 13
<134>2021-07-15T01:56:18Z cache-jax20933 MEWElogs[390968]: GRAY, 1626314178091594372, JAX, 13
<134>2021-07-15T01:56:23Z cache-man4150 MEWElogs[390968]: GRAY, 1626314182065793150, MAN, 13
<134>2021-07-15T01:56:40Z cache-mia11368 MEWElogs[390968]: GRAY, 1626314199965669916, MIA, 13
<134>2021-07-15T01:56:47Z cache-lhr7382 MEWElogs[390968]: GRAY, 1626314206372021401, LHR, 13
<134>2021-07-15T01:56:53Z cache-mci5951 MEWElogs[390968]: GRAY, 1626314212949073387, MCI, 13
<134>2021-07-15T01:57:06Z cache-dal21283 MEWElogs[390968]: GRAY, 1626314225279024147, DAL, 13
<134>2021-07-15T01:57:39Z cache-lhr7382 MEWElogs[390968]: GRAY, 1626314259082589928, LHR, 13
<134>2021-07-15T01:57:46Z cache-mia11368 MEWElogs[390968]: GRAY, 1626314265677563122, MIA, 13
<134>2021-07-15T01:57:54Z cache-man4150 MEWElogs[390968]: GRAY, 1626314273597584543, MAN, 13
<134>2021-07-15T01:58:03Z cache-lhr7382 MEWElogs[390968]: GRAY, 1626314282652516743, LHR, 13
<134>2021-07-15T01:58:04Z cache-mrs10583 MEWElogs[390968]: GRAY, 1626314283197470085, MRS, 13
<134>2021-07-15T01:58:12Z cache-jax20933 MEWElogs[390968]: GRAY, 1626314291217960175, JAX, 13
<134>2021-07-15T01:58:29Z cache-lax10677 MEWElogs[390968]: GRAY, 1626314308130691679, LGB, 13
<134>2021-07-15T01:58:56Z cache-stp9226 MEWElogs[390968]: GRAY, 1626314335392335104, STP, 13
<134>2021-07-15T01:59:05Z cache-mel11272 MEWElogs[390968]: GRAY, 1626314344239948978, MEL, 13
<134>2021-07-15T01:59:06Z cache-mia11368 MEWElogs[390968]: GRAY, 1626314345877629839, MIA, 13
<134>2021-07-15T01:59:19Z cache-mel11272 MEWElogs[390968]: GRAY, 1626314358215413652, MEL, 13
<134>2021-07-15T01:59:21Z cache-mci5951 MEWElogs[390968]: GRAY, 1626314361087862063, MCI, 13
<134>2021-07-15T01:59:21Z cache-mia11368 MEWElogs[390968]: GRAY, 1626314360459465415, MIA, 13
<134>2021-07-15T01:59:42Z cache-mci5951 MEWElogs[390968]: GRAY, 1626314381984499299, MCI, 13
<134>2021-07-15T01:59:42Z cache-mia11368 MEWElogs[390968]: GRAY, 1626314382314003974, MIA, 13
<134>2021-07-15T01:59:47Z cache-mel11272 MEWElogs[390968]: GRAY, 1626314386523661479, MEL, 13
<134>2021-07-15T02:00:30Z cache-mel11272 MEWElogs[390968]: GRAY, 1626314429244941612, MEL, 13
<134>2021-07-15T02:00:31Z cache-stp9226 MEWElogs[390968]: GRAY, 1626314430050682580, STP, 13
<134>2021-07-15T02:00:32Z cache-man4150 MEWElogs[390968]: GRAY, 1626314432090711835, MAN, 13
<134>2021-07-15T02:00:51Z cache-hkg17929 MEWElogs[390968]: GRAY, 1626314450804727615, HKG, 13
<134>2021-07-15T02:01:11Z cache-yul12826 MEWElogs[390968]: GRAY, 1626314470668033926, YUL, 13
<134>2021-07-15T02:01:23Z cache-yul12826 MEWElogs[390968]: GRAY, 1626314483345995113, YUL, 13
<134>2021-07-15T02:01:27Z cache-mel11272 MEWElogs[390968]: GRAY, 1626314486110294834, MEL, 13
<134>2021-07-15T02:01:35Z cache-mci5951 MEWElogs[390968]: GRAY, 1626314495703961341, MCI, 13
<134>2021-07-15T02:01:36Z cache-man4150 MEWElogs[390968]: GRAY, 1626314495314256832, MAN, 13
<134>2021-07-15T02:01:59Z cache-man4150 MEWElogs[390968]: GRAY, 1626314519101192411, MAN, 13
