<134>2021-07-15T06:10:37Z cache-bog6425 MEWElogs[39982]: UNSH, 1626329436871785581, BOG, 16
<134>2021-07-15T06:10:38Z cache-maa10251 MEWElogs[39982]: UNSH, 1626329437699768362, MAA, 16
<134>2021-07-15T06:10:46Z cache-ord1740 MEWElogs[39982]: UNSH, 1626329445168429376, ORD, 16
<134>2021-07-15T06:11:07Z cache-bog6425 MEWElogs[39982]: UNSH, 1626329466339378045, BOG, 16
<134>2021-07-15T06:11:56Z cache-bog6425 MEWElogs[39982]: UNSH, 1626329515241761237, BOG, 16
<134>2021-07-15T06:12:46Z cache-bog6425 MEWElogs[39982]: UNSH, 1626329565110637966, BOG, 16
<134>2021-07-15T06:12:51Z cache-pdk17882 MEWElogs[39982]: UNSH, 1626329570414898287, PDK, 16
<134>2021-07-15T06:13:07Z cache-maa10251 MEWElogs[39982]: UNSH, 1626329586405060662, MAA, 16
<134>2021-07-15T06:13:14Z cache-cmh21547 MEWElogs[39982]: UNSH, 1626329593677477313, CMH, 16
<134>2021-07-15T06:13:15Z cache-mdw17383 MEWElogs[39982]: UNSH, 1626329594188765542, MDW, 16
<134>2021-07-15T06:13:32Z cache-ord1740 MEWElogs[39982]: UNSH, 1626329611080448131, ORD, 16
<134>2021-07-15T06:14:24Z cache-bog6425 MEWElogs[39982]: UNSH, 1626329663922385308, BOG, 16
<134>2021-07-15T06:14:46Z cache-dca17782 MEWElogs[39982]: UNSH, 1626329685642050441, DCA, 16
<134>2021-07-15T06:15:12Z cache-bog6425 MEWElogs[39982]: UNSH, 1626329712651255925, BOG, 16
<134>2021-07-15T06:15:15Z cache-dca17782 MEWElogs[39982]: UNSH, 1626329714228417019, DCA, 16
<134>2021-07-15T06:15:26Z cache-mdw17383 MEWElogs[39982]: UNSH, 1626329726011264662, MDW, 16
<134>2021-07-15T06:15:49Z cache-ams21020 MEWElogs[39982]: UNSH, 1626329748894235093, AMS, 16
<134>2021-07-15T06:15:57Z cache-ord1740 MEWElogs[39982]: UNSH, 1626329756630891527, ORD, 16
<134>2021-07-15T06:16:07Z cache-ord1740 MEWElogs[39982]: UNSH, 1626329766278283898, ORD, 16
<134>2021-07-15T06:16:17Z cache-wdc5583 MEWElogs[39982]: UNSH, 1626329776404921357, WDC, 16
<134>2021-07-15T06:16:21Z cache-cmh21547 MEWElogs[39982]: UNSH, 1626329781214675769, CMH, 16
<134>2021-07-15T06:17:00Z cache-pdk17882 MEWElogs[39982]: UNSH, 1626329819103297608, PDK, 16
<134>2021-07-15T06:17:09Z cache-pdk17882 MEWElogs[39982]: UNSH, 1626329828173010760, PDK, 16
<134>2021-07-15T06:17:20Z cache-wdc5583 MEWElogs[39982]: UNSH, 1626329839331558745, WDC, 16
<134>2021-07-15T06:17:48Z cache-ams21020 MEWElogs[39982]: UNSH, 1626329867441939326, AMS, 16
<134>2021-07-15T06:18:02Z cache-mdw17383 MEWElogs[39982]: UNSH, 1626329881081356833, MDW, 16
<134>2021-07-15T06:18:30Z cache-ams21020 MEWElogs[39982]: UNSH, 1626329909844885504, AMS, 16
<134>2021-07-15T06:18:32Z cache-ord1740 MEWElogs[39982]: UNSH, 1626329911274184896, ORD, 16
<134>2021-07-15T06:18:39Z cache-bog6425 MEWElogs[39982]: UNSH, 1626329918404799004, BOG, 16
<134>2021-07-15T06:19:09Z cache-cph20625 MEWElogs[39982]: UNSH, 1626329948273483122, CPH, 16
<134>2021-07-15T06:19:46Z cache-ams21020 MEWElogs[39982]: UNSH, 1626329986072154347, AMS, 16
<134>2021-07-15T06:19:48Z cache-bog6425 MEWElogs[39982]: UNSH, 1626329987543542330, BOG, 16
<134>2021-07-15T06:20:09Z cache-ord1740 MEWElogs[39982]: UNSH, 1626330008017586672, ORD, 16
