<134>2021-07-15T02:02:45Z cache-yul12826 MEWElogs[322581]: GRAY, 1626314565017653781, YUL, 13
<134>2021-07-15T02:03:03Z cache-mia11368 MEWElogs[322581]: GRAY, 1626314582861479712, MIA, 13
<134>2021-07-15T02:03:05Z cache-yul12826 MEWElogs[322581]: GRAY, 1626314584471625763, YUL, 13
<134>2021-07-15T02:03:09Z cache-mci5951 MEWElogs[322581]: GRAY, 1626314588630798652, MCI, 13
<134>2021-07-15T02:03:11Z cache-mia11368 MEWElogs[322581]: GRAY, 1626314590205376899, MIA, 13
<134>2021-07-15T02:03:13Z cache-mel11272 MEWElogs[322581]: GRAY, 1626314592189816267, MEL, 13
<134>2021-07-15T02:03:34Z cache-mel11272 MEWElogs[322581]: GRAY, 1626314613828533417, MEL, 13
<134>2021-07-15T02:03:36Z cache-yul12826 MEWElogs[322581]: GRAY, 1626314615604094597, YUL, 13
<134>2021-07-15T02:03:41Z cache-ewr18156 MEWElogs[322581]: GRAY, 1626314621016676666, EWR, 13
<134>2021-07-15T02:04:03Z cache-lax10677 MEWElogs[322581]: GRAY, 1626314642737313158, LGB, 13
<134>2021-07-15T02:04:14Z cache-lga21983 MEWElogs[322581]: GRAY, 1626314654068355281, LGA, 13
<134>2021-07-15T02:04:32Z cache-ewr18156 MEWElogs[322581]: GRAY, 1626314672014586097, EWR, 13
<134>2021-07-15T02:05:19Z cache-mel11272 MEWElogs[322581]: GRAY, 1626314719349138298, MEL, 13
<134>2021-07-15T02:05:20Z cache-lga21983 MEWElogs[322581]: GRAY, 1626314720002572022, LGA, 13
<134>2021-07-15T02:05:27Z cache-lga21983 MEWElogs[322581]: GRAY, 1626314726774631041, LGA, 13
<134>2021-07-15T02:05:42Z cache-gig17035 MEWElogs[322581]: GRAY, 1626314741792292484, GIG, 13
<134>2021-07-15T02:05:43Z cache-scl19427 MEWElogs[322581]: GRAY, 1626314743398479635, SCL, 13
<134>2021-07-15T02:05:57Z cache-jax20933 MEWElogs[322581]: GRAY, 1626314756012127818, JAX, 13
<134>2021-07-15T02:06:07Z cache-yul12826 MEWElogs[322581]: GRAY, 1626314766613208242, YUL, 13
<134>2021-07-15T02:06:30Z cache-ewr18156 MEWElogs[322581]: GRAY, 1626314789848566552, EWR, 13
<134>2021-07-15T02:06:36Z cache-lga21983 MEWElogs[322581]: GRAY, 1626314795612684453, LGA, 13
<134>2021-07-15T02:06:42Z cache-osl6529 MEWElogs[322581]: GRAY, 1626314801728261626, OSL, 13
<134>2021-07-15T02:06:58Z cache-mel11272 MEWElogs[322581]: GRAY, 1626314817729194700, MEL, 13
<134>2021-07-15T02:07:04Z cache-lax10677 MEWElogs[322581]: GRAY, 1626314823691259824, LGB, 13
<134>2021-07-15T02:07:26Z cache-jax20933 MEWElogs[322581]: GRAY, 1626314845979264522, JAX, 13
<134>2021-07-15T02:07:34Z cache-gig17035 MEWElogs[322581]: GRAY, 1626314853730004424, GIG, 13
<134>2021-07-15T02:07:36Z cache-lga21983 MEWElogs[322581]: GRAY, 1626314855320072983, LGA, 13
<134>2021-07-15T02:07:42Z cache-osl6529 MEWElogs[322581]: GRAY, 1626314861535876922, OSL, 13
<134>2021-07-15T02:08:58Z cache-gig17035 MEWElogs[322581]: GRAY, 1626314938518835507, GIG, 13
<134>2021-07-15T02:09:01Z cache-osl6529 MEWElogs[322581]: GRAY, 1626314940725515159, OSL, 13
<134>2021-07-15T02:09:39Z cache-lga21983 MEWElogs[322581]: GRAY, 1626314979394332989, LGA, 13
<134>2021-07-15T02:09:40Z cache-jax20933 MEWElogs[322581]: GRAY, 1626314979656314771, JAX, 13
<134>2021-07-15T02:10:10Z cache-scl19427 MEWElogs[322581]: GRAY, 1626315009896117949, SCL, 13
<134>2021-07-15T02:10:14Z cache-cdg20720 MEWElogs[322581]: GRAY, 1626315014416319225, CDG, 13
<134>2021-07-15T02:10:15Z cache-osl6529 MEWElogs[322581]: GRAY, 1626315014552800495, OSL, 13
<134>2021-07-15T02:10:35Z cache-scl19427 MEWElogs[322581]: GRAY, 1626315034997828906, SCL, 13
<134>2021-07-15T02:10:57Z cache-hnd18722 MEWElogs[322581]: GRAY, 1626315056623180236, HND, 13
<134>2021-07-15T02:11:03Z cache-syd10183 MEWElogs[322581]: GRAY, 1626315063069036186, SYD, 13
<134>2021-07-15T02:11:18Z cache-stl4834 MEWElogs[322581]: GRAY, 1626315077902414709, STL, 13
<134>2021-07-15T02:11:20Z cache-ewr18156 MEWElogs[322581]: GRAY, 1626315079015089296, EWR, 13
<134>2021-07-15T02:11:38Z cache-gru17149 MEWElogs[322581]: GRAY, 1626315097787110033, GRU, 13
<134>2021-07-15T02:11:42Z cache-scl19427 MEWElogs[322581]: GRAY, 1626315101868823949, SCL, 13
<134>2021-07-15T02:11:52Z cache-pao17461 MEWElogs[322581]: GRAY, 1626315111452650998, PAO, 13
<134>2021-07-15T02:11:59Z cache-syd10183 MEWElogs[322581]: GRAY, 1626315118918674410, SYD, 13
<134>2021-07-15T02:12:02Z cache-hnd18722 MEWElogs[322581]: GRAY, 1626315121184489479, HND, 13
<134>2021-07-15T02:12:06Z cache-syd10183 MEWElogs[322581]: GRAY, 1626315126007615704, SYD, 13
<134>2021-07-15T02:12:21Z cache-stl4834 MEWElogs[322581]: GRAY, 1626315140696394281, STL, 13
<134>2021-07-15T02:12:41Z cache-scl19427 MEWElogs[322581]: GRAY, 1626315160327249930, SCL, 13
