<134>2021-07-15T07:33:50Z cache-lhr7382 MEWElogs[322023]: UNSH, 1626334430275097504, LHR, 16
<134>2021-07-15T07:34:02Z cache-ewr18156 MEWElogs[322023]: UNSH, 1626334441898322300, EWR, 16
<134>2021-07-15T07:34:07Z cache-man4150 MEWElogs[322023]: UNSH, 1626334446612137801, MAN, 16
<134>2021-07-15T07:34:17Z cache-bom4751 MEWElogs[322023]: UNSH, 1626334457339500688, BOM, 16
<134>2021-07-15T07:34:28Z cache-bom4751 MEWElogs[322023]: UNSH, 1626334467101760623, BOM, 16
<134>2021-07-15T07:34:33Z cache-osl6529 MEWElogs[322023]: UNSH, 1626334472824809431, OSL, 16
<134>2021-07-15T07:34:42Z cache-lga21983 MEWElogs[322023]: UNSH, 1626334481544055303, LGA, 16
<134>2021-07-15T07:34:57Z cache-cdg20720 MEWElogs[322023]: UNSH, 1626334496442214016, CDG, 16
<134>2021-07-15T07:37:36Z cache-cdg20720 MEWElogs[322023]: UNSH, 1626334655977421962, CDG, 16
<134>2021-07-15T07:37:52Z cache-jax20933 MEWElogs[322023]: UNSH, 1626334671985525648, JAX, 16
<134>2021-07-15T07:39:05Z cache-man4150 MEWElogs[322023]: UNSH, 1626334744712617860, MAN, 16
<134>2021-07-15T07:39:24Z cache-lhr7382 MEWElogs[322023]: UNSH, 1626334764080724915, LHR, 16
<134>2021-07-15T07:39:40Z cache-man4150 MEWElogs[322023]: UNSH, 1626334779973152190, MAN, 16
<134>2021-07-15T07:39:50Z cache-osl6529 MEWElogs[322023]: UNSH, 1626334789617095485, OSL, 16
<134>2021-07-15T07:40:11Z cache-ewr18156 MEWElogs[322023]: UNSH, 1626334810759330799, EWR, 16
<134>2021-07-15T07:42:03Z cache-jax20933 MEWElogs[322023]: UNSH, 1626334922915401634, JAX, 16
<134>2021-07-15T07:42:06Z cache-bom4751 MEWElogs[322023]: UNSH, 1626334924938092468, BOM, 16
<134>2021-07-15T07:42:15Z cache-jax20933 MEWElogs[322023]: UNSH, 1626334934120662949, JAX, 16
<134>2021-07-15T07:42:23Z cache-cdg20720 MEWElogs[322023]: UNSH, 1626334942082796524, CDG, 16
<134>2021-07-15T07:42:30Z cache-ewr18156 MEWElogs[322023]: UNSH, 1626334949338065673, EWR, 16
<134>2021-07-15T07:42:47Z cache-man4150 MEWElogs[322023]: UNSH, 1626334966225640966, MAN, 16
<134>2021-07-15T07:42:49Z cache-ewr18156 MEWElogs[322023]: UNSH, 1626334968502672035, EWR, 16
<134>2021-07-15T07:43:32Z cache-mel11272 MEWElogs[322023]: UNSH, 1626335012465414577, MEL, 16
