<134>2021-07-15T04:26:37Z cache-pwk4920 MEWElogs[292213]: ROTATE, 1626323197199929616, PWK, 15
<134>2021-07-15T04:27:07Z cache-chi21126 MEWElogs[292213]: ROTATE, 1626323226465056537, CHI, 15
<134>2021-07-15T04:27:28Z cache-hhn4077 MEWElogs[292213]: ROTATE, 1626323247791862341, HHN, 15
<134>2021-07-15T04:27:35Z cache-cwb20520 MEWElogs[292213]: ROTATE, 1626323254150635102, CWB, 15
<134>2021-07-15T04:27:37Z cache-chi21126 MEWElogs[292213]: ROTATE, 1626323257040225910, CHI, 15
<134>2021-07-15T04:28:41Z cache-akl10324 MEWElogs[292213]: ROTATE, 1626323320691734324, AKL, 15
<134>2021-07-15T04:31:07Z cache-hhn4077 MEWElogs[292213]: ROTATE, 1626323467437694152, HHN, 15
<134>2021-07-15T04:31:29Z cache-bos4657 MEWElogs[292213]: ROTATE, 1626323487978897857, BOS, 15
<134>2021-07-15T04:31:51Z cache-del21735 MEWElogs[292213]: ROTATE, 1626323510720993511, DEL, 15
<134>2021-07-15T04:31:54Z cache-cwb20520 MEWElogs[292213]: ROTATE, 1626323512912655239, CWB, 15
<134>2021-07-15T04:31:57Z cache-hhn4077 MEWElogs[292213]: ROTATE, 1626323517217953072, HHN, 15
<134>2021-07-15T04:32:15Z cache-hhn4077 MEWElogs[292213]: ROTATE, 1626323533961823849, HHN, 15
<134>2021-07-15T04:33:00Z cache-bos4657 MEWElogs[292213]: ROTATE, 1626323580470321486, BOS, 15
<134>2021-07-15T04:33:03Z cache-cwb20520 MEWElogs[292213]: ROTATE, 1626323582010336735, CWB, 15
<134>2021-07-15T04:33:27Z cache-akl10324 MEWElogs[292213]: ROTATE, 1626323606261708969, AKL, 15
<134>2021-07-15T04:33:32Z cache-cwb20520 MEWElogs[292213]: ROTATE, 1626323611561597985, CWB, 15
<134>2021-07-15T04:34:49Z cache-fty21383 MEWElogs[292213]: ROTATE, 1626323688463082080, FTY, 15
<134>2021-07-15T04:35:06Z cache-fty21383 MEWElogs[292213]: ROTATE, 1626323705132826826, FTY, 15
<134>2021-07-15T04:35:42Z cache-hhn4077 MEWElogs[292213]: ROTATE, 1626323742407256563, HHN, 15
<134>2021-07-15T04:36:00Z cache-cwb20520 MEWElogs[292213]: ROTATE, 1626323759978351926, CWB, 15
<134>2021-07-15T04:36:31Z cache-bos4657 MEWElogs[292213]: ROTATE, 1626323791116108641, BOS, 15
