<134>2021-07-15T04:06:18Z cache-ord1740 MEWElogs[369035]: ROTATE, 1626321977505523307, ORD, 15
<134>2021-07-15T04:06:34Z cache-ams21020 MEWElogs[369035]: ROTATE, 1626321993469792285, AMS, 15
<134>2021-07-15T04:06:46Z cache-ord1740 MEWElogs[369035]: ROTATE, 1626322005555832156, ORD, 15
<134>2021-07-15T04:06:47Z cache-maa10251 MEWElogs[369035]: ROTATE, 1626322005987449222, MAA, 15
<134>2021-07-15T04:06:53Z cache-eze19324 MEWElogs[369035]: ROTATE, 1626322013138494889, EZE, 15
<134>2021-07-15T04:07:04Z cache-ams21020 MEWElogs[369035]: ROTATE, 1626322024060635983, AMS, 15
<134>2021-07-15T04:07:16Z cache-cph20625 MEWElogs[369035]: ROTATE, 1626322035688693012, CPH, 15
<134>2021-07-15T04:07:26Z cache-cph20625 MEWElogs[369035]: ROTATE, 1626322045161632026, CPH, 15
<134>2021-07-15T04:07:39Z cache-bog6425 MEWElogs[369035]: ROTATE, 1626322059154569175, BOG, 15
<134>2021-07-15T04:07:50Z cache-bog6425 MEWElogs[369035]: ROTATE, 1626322069193641870, BOG, 15
<134>2021-07-15T04:07:50Z cache-ord1740 MEWElogs[369035]: ROTATE, 1626322069906654747, ORD, 15
<134>2021-07-15T04:07:59Z cache-mdw17383 MEWElogs[369035]: ROTATE, 1626322078675225012, MDW, 15
<134>2021-07-15T04:07:59Z cache-ord1740 MEWElogs[369035]: ROTATE, 1626322078972514980, ORD, 15
<134>2021-07-15T04:08:10Z cache-bog6425 MEWElogs[369035]: ROTATE, 1626322089046721889, BOG, 15
<134>2021-07-15T04:08:19Z cache-bog6425 MEWElogs[369035]: ROTATE, 1626322099091569316, BOG, 15
<134>2021-07-15T04:08:31Z cache-dca17782 MEWElogs[369035]: ROTATE, 1626322111379413231, DCA, 15
<134>2021-07-15T04:08:59Z cache-eze19324 MEWElogs[369035]: ROTATE, 1626322139097975016, EZE, 15
<134>2021-07-15T04:09:15Z cache-pdk17882 MEWElogs[369035]: ROTATE, 1626322154493842222, PDK, 15
<134>2021-07-15T04:09:16Z cache-mdw17383 MEWElogs[369035]: ROTATE, 1626322156837731477, MDW, 15
<134>2021-07-15T04:09:22Z cache-eze19324 MEWElogs[369035]: ROTATE, 1626322161766732095, EZE, 15
<134>2021-07-15T04:09:27Z cache-cph20625 MEWElogs[369035]: ROTATE, 1626322166685959080, CPH, 15
<134>2021-07-15T04:09:30Z cache-bog6425 MEWElogs[369035]: ROTATE, 1626322169167035861, BOG, 15
<134>2021-07-15T04:09:32Z cache-ams21020 MEWElogs[369035]: ROTATE, 1626322170981404879, AMS, 15
<134>2021-07-15T04:09:36Z cache-wdc5583 MEWElogs[369035]: ROTATE, 1626322175431975707, WDC, 15
<134>2021-07-15T04:09:39Z cache-mdw17383 MEWElogs[369035]: ROTATE, 1626322179107946748, MDW, 15
<134>2021-07-15T04:09:56Z cache-dca17782 MEWElogs[369035]: ROTATE, 1626322196424204296, DCA, 15
<134>2021-07-15T04:10:10Z cache-maa10251 MEWElogs[369035]: ROTATE, 1626322209963821124, MAA, 15
<134>2021-07-15T04:10:20Z cache-bog6425 MEWElogs[369035]: ROTATE, 1626322219005246237, BOG, 15
<134>2021-07-15T04:11:38Z cache-eze19324 MEWElogs[369035]: ROTATE, 1626322297370264697, EZE, 15
<134>2021-07-15T04:11:48Z cache-cph20625 MEWElogs[369035]: ROTATE, 1626322307151696322, CPH, 15
<134>2021-07-15T04:11:51Z cache-ams21020 MEWElogs[369035]: ROTATE, 1626322310759241650, AMS, 15
<134>2021-07-15T04:12:07Z cache-ams21020 MEWElogs[369035]: ROTATE, 1626322326346031512, AMS, 15
<134>2021-07-15T04:12:17Z cache-bog6425 MEWElogs[369035]: ROTATE, 1626322337570338805, BOG, 15
<134>2021-07-15T04:12:57Z cache-bog6425 MEWElogs[369035]: ROTATE, 1626322377213737116, BOG, 15
<134>2021-07-15T04:13:09Z cache-ams21020 MEWElogs[369035]: ROTATE, 1626322388369038815, AMS, 15
<134>2021-07-15T04:13:16Z cache-ams21020 MEWElogs[369035]: ROTATE, 1626322396139755510, AMS, 15
<134>2021-07-15T04:14:04Z cache-maa10251 MEWElogs[369035]: ROTATE, 1626322444041469931, MAA, 15
<134>2021-07-15T04:14:11Z cache-ams21020 MEWElogs[369035]: ROTATE, 1626322450849489971, AMS, 15
<134>2021-07-15T04:14:14Z cache-pdk17882 MEWElogs[369035]: ROTATE, 1626322453954078030, PDK, 15
<134>2021-07-15T04:14:38Z cache-mdw17383 MEWElogs[369035]: ROTATE, 1626322477519704471, MDW, 15
<134>2021-07-15T04:14:46Z cache-ord1740 MEWElogs[369035]: ROTATE, 1626322485011528008, ORD, 15
<134>2021-07-15T04:14:55Z cache-ord1740 MEWElogs[369035]: ROTATE, 1626322494231899309, ORD, 15
<134>2021-07-15T04:15:00Z cache-mdw17383 MEWElogs[369035]: ROTATE, 1626322499309415301, MDW, 15
<134>2021-07-15T04:15:00Z cache-pdk17882 MEWElogs[369035]: ROTATE, 1626322500279999025, PDK, 15
<134>2021-07-15T04:15:19Z cache-pdk17882 MEWElogs[369035]: ROTATE, 1626322518744357839, PDK, 15
<134>2021-07-15T04:15:21Z cache-ams21020 MEWElogs[369035]: ROTATE, 1626322520253689561, AMS, 15
<134>2021-07-15T04:15:37Z cache-bog6425 MEWElogs[369035]: ROTATE, 1626322537029271325, BOG, 15
<134>2021-07-15T04:15:55Z cache-pdk17882 MEWElogs[369035]: ROTATE, 1626322555853438382, PDK, 15
<134>2021-07-15T04:16:00Z cache-ams21020 MEWElogs[369035]: ROTATE, 1626322559037966430, AMS, 15
