<134>2021-07-15T01:52:08Z cache-mia11368 MEWElogs[382896]: GRAY, 1626313928075134988, MIA, 13
<134>2021-07-15T01:52:13Z cache-hkg17929 MEWElogs[382896]: GRAY, 1626313932509935646, HKG, 13
<134>2021-07-15T01:52:20Z cache-hkg17929 MEWElogs[382896]: GRAY, 1626313940068695905, HKG, 13
<134>2021-07-15T01:52:25Z cache-bur17583 MEWElogs[382896]: GRAY, 1626313945585594347, BUR, 13
<134>2021-07-15T01:52:27Z cache-jnb7027 MEWElogs[382896]: GRAY, 1626313945884526743, JNB, 13
<134>2021-07-15T01:52:30Z cache-lhr7382 MEWElogs[382896]: GRAY, 1626313950488697174, LHR, 13
<134>2021-07-15T01:53:01Z cache-mad22068 MEWElogs[382896]: GRAY, 1626313980381379405, MAD, 13
<134>2021-07-15T01:53:07Z cache-mci5951 MEWElogs[382896]: GRAY, 1626313987498486498, MCI, 13
<134>2021-07-15T01:53:11Z cache-stp9226 MEWElogs[382896]: GRAY, 1626313990103790159, STP, 13
<134>2021-07-15T01:53:39Z cache-mia11368 MEWElogs[382896]: GRAY, 1626314018729597939, MIA, 13
<134>2021-07-15T01:53:44Z cache-hkg17929 MEWElogs[382896]: GRAY, 1626314024027391390, HKG, 13
<134>2021-07-15T01:54:02Z cache-mia11368 MEWElogs[382896]: GRAY, 1626314042276960165, MIA, 13
<134>2021-07-15T01:54:15Z cache-hkg17929 MEWElogs[382896]: GRAY, 1626314054460748438, HKG, 13
<134>2021-07-15T01:54:15Z cache-mrs10583 MEWElogs[382896]: GRAY, 1626314054828593340, MRS, 13
<134>2021-07-15T01:54:38Z cache-stp9226 MEWElogs[382896]: GRAY, 1626314077733971000, STP, 13
<134>2021-07-15T01:54:39Z cache-mci5951 MEWElogs[382896]: GRAY, 1626314078681107063, MCI, 13
<134>2021-07-15T01:54:56Z cache-man4150 MEWElogs[382896]: GRAY, 1626314095728709359, MAN, 13
<134>2021-07-15T01:55:12Z cache-bur17583 MEWElogs[382896]: GRAY, 1626314112408267857, BUR, 13
<134>2021-07-15T01:55:20Z cache-bur17583 MEWElogs[382896]: GRAY, 1626314119905878478, BUR, 13
<134>2021-07-15T01:55:49Z cache-lhr7382 MEWElogs[382896]: GRAY, 1626314148882229054, LHR, 13
<134>2021-07-15T01:55:53Z cache-man4150 MEWElogs[382896]: GRAY, 1626314152917626195, MAN, 13
<134>2021-07-15T01:55:55Z cache-mia11368 MEWElogs[382896]: GRAY, 1626314154824866406, MIA, 13
<134>2021-07-15T01:56:05Z cache-mrs10583 MEWElogs[382896]: GRAY, 1626314163971291485, MRS, 13
<134>2021-07-15T01:56:08Z cache-hkg17929 MEWElogs[382896]: GRAY, 1626314167826924547, HKG, 13
<134>2021-07-15T01:56:20Z cache-stp9226 MEWElogs[382896]: GRAY, 1626314179841953016, STP, 13
<134>2021-07-15T01:56:33Z cache-dal21283 MEWElogs[382896]: GRAY, 1626314193142287345, DAL, 13
<134>2021-07-15T01:56:51Z cache-lax10677 MEWElogs[382896]: GRAY, 1626314210847475414, LGB, 13
<134>2021-07-15T01:56:56Z cache-man4150 MEWElogs[382896]: GRAY, 1626314215697389149, MAN, 13
<134>2021-07-15T01:56:56Z cache-lhr7382 MEWElogs[382896]: GRAY, 1626314215827561367, LHR, 13
<134>2021-07-15T01:56:57Z cache-dal21283 MEWElogs[382896]: GRAY, 1626314217213750050, DAL, 13
<134>2021-07-15T01:57:25Z cache-lhr7382 MEWElogs[382896]: GRAY, 1626314244332107728, LHR, 13
<134>2021-07-15T01:57:30Z cache-lhr7382 MEWElogs[382896]: GRAY, 1626314249594855071, LHR, 13
<134>2021-07-15T01:57:33Z cache-lax10677 MEWElogs[382896]: GRAY, 1626314252630225533, LGB, 13
<134>2021-07-15T01:57:35Z cache-lhr7382 MEWElogs[382896]: GRAY, 1626314254352905441, LHR, 13
<134>2021-07-15T01:57:44Z cache-man4150 MEWElogs[382896]: GRAY, 1626314263675760843, MAN, 13
<134>2021-07-15T01:57:44Z cache-lhr7382 MEWElogs[382896]: GRAY, 1626314263817547667, LHR, 13
<134>2021-07-15T01:57:49Z cache-stp9226 MEWElogs[382896]: GRAY, 1626314268165299747, STP, 13
<134>2021-07-15T01:57:50Z cache-yul12826 MEWElogs[382896]: GRAY, 1626314270656829212, YUL, 13
<134>2021-07-15T01:57:54Z cache-lax10677 MEWElogs[382896]: GRAY, 1626314273269936287, LGB, 13
<134>2021-07-15T01:58:04Z cache-man4150 MEWElogs[382896]: GRAY, 1626314283222062883, MAN, 13
<134>2021-07-15T01:58:16Z cache-yul12826 MEWElogs[382896]: GRAY, 1626314295350403669, YUL, 13
<134>2021-07-15T01:58:28Z cache-man4150 MEWElogs[382896]: GRAY, 1626314307259484541, MAN, 13
<134>2021-07-15T01:58:29Z cache-stp9226 MEWElogs[382896]: GRAY, 1626314308441003262, STP, 13
<134>2021-07-15T01:58:33Z cache-man4150 MEWElogs[382896]: GRAY, 1626314312059438602, MAN, 13
<134>2021-07-15T01:58:58Z cache-mel11272 MEWElogs[382896]: GRAY, 1626314337171237486, MEL, 13
<134>2021-07-15T01:59:04Z cache-jax20933 MEWElogs[382896]: GRAY, 1626314344193319086, JAX, 13
<134>2021-07-15T01:59:14Z cache-lga21983 MEWElogs[382896]: GRAY, 1626314353199255692, LGA, 13
<134>2021-07-15T01:59:20Z cache-man4150 MEWElogs[382896]: GRAY, 1626314359990612686, MAN, 13
<134>2021-07-15T01:59:31Z cache-jax20933 MEWElogs[382896]: GRAY, 1626314370758848613, JAX, 13
<134>2021-07-15T01:59:42Z cache-hkg17929 MEWElogs[382896]: GRAY, 1626314381707588121, HKG, 13
<134>2021-07-15T01:59:43Z cache-stp9226 MEWElogs[382896]: GRAY, 1626314382725556292, STP, 13
<134>2021-07-15T01:59:49Z cache-mia11368 MEWElogs[382896]: GRAY, 1626314389707678015, MIA, 13
<134>2021-07-15T01:59:50Z cache-hkg17929 MEWElogs[382896]: GRAY, 1626314389317844672, HKG, 13
<134>2021-07-15T01:59:50Z cache-stp9226 MEWElogs[382896]: GRAY, 1626314389428036811, STP, 13
<134>2021-07-15T01:59:52Z cache-lax10677 MEWElogs[382896]: GRAY, 1626314391548917728, LGB, 13
<134>2021-07-15T02:00:01Z cache-yul12826 MEWElogs[382896]: GRAY, 1626314401209126964, YUL, 13
<134>2021-07-15T02:00:01Z cache-mel11272 MEWElogs[382896]: GRAY, 1626314400858447487, MEL, 13
<134>2021-07-15T02:00:04Z cache-mia11368 MEWElogs[382896]: GRAY, 1626314404387540924, MIA, 13
<134>2021-07-15T02:00:20Z cache-hkg17929 MEWElogs[382896]: GRAY, 1626314420062205573, HKG, 13
<134>2021-07-15T02:00:27Z cache-hkg17929 MEWElogs[382896]: GRAY, 1626314427666079499, HKG, 13
<134>2021-07-15T02:00:32Z cache-lga21983 MEWElogs[382896]: GRAY, 1626314432302502113, LGA, 13
<134>2021-07-15T02:00:33Z cache-lax10677 MEWElogs[382896]: GRAY, 1626314433129345110, LGB, 13
<134>2021-07-15T02:00:35Z cache-hkg17929 MEWElogs[382896]: GRAY, 1626314435611395800, HKG, 13
<134>2021-07-15T02:00:37Z cache-man4150 MEWElogs[382896]: GRAY, 1626314436877427798, MAN, 13
<134>2021-07-15T02:00:43Z cache-hkg17929 MEWElogs[382896]: GRAY, 1626314443231534132, HKG, 13
<134>2021-07-15T02:00:58Z cache-stp9226 MEWElogs[382896]: GRAY, 1626314457257710443, STP, 13
<134>2021-07-15T02:01:06Z cache-lga21983 MEWElogs[382896]: GRAY, 1626314465803420403, LGA, 13
<134>2021-07-15T02:01:22Z cache-man4150 MEWElogs[382896]: GRAY, 1626314481046825271, MAN, 13
<134>2021-07-15T02:01:26Z cache-man4150 MEWElogs[382896]: GRAY, 1626314485904089962, MAN, 13
<134>2021-07-15T02:01:31Z cache-hkg17929 MEWElogs[382896]: GRAY, 1626314490302711678, HKG, 13
<134>2021-07-15T02:01:33Z cache-mia11368 MEWElogs[382896]: GRAY, 1626314493416290351, MIA, 13
<134>2021-07-15T02:01:48Z cache-lga21983 MEWElogs[382896]: GRAY, 1626314507976686823, LGA, 13
<134>2021-07-15T02:01:55Z cache-mel11272 MEWElogs[382896]: GRAY, 1626314514208363690, MEL, 13
<134>2021-07-15T02:01:55Z cache-yul12826 MEWElogs[382896]: GRAY, 1626314515191707162, YUL, 13
<134>2021-07-15T02:02:04Z cache-man4150 MEWElogs[382896]: GRAY, 1626314523925796805, MAN, 13
