<134>2021-07-15T00:38:46Z cache-hel6829 MEWElogs[355776]: CROP, 1626309525360378814, HEL, 12
<134>2021-07-15T00:38:52Z cache-fty21383 MEWElogs[355776]: CROP, 1626309531629088769, FTY, 12
<134>2021-07-15T00:38:55Z cache-pwk4920 MEWElogs[355776]: CROP, 1626309535207994413, PWK, 12
<134>2021-07-15T00:38:59Z cache-del21735 MEWElogs[355776]: CROP, 1626309538304178727, DEL, 12
<134>2021-07-15T00:39:15Z cache-fty21383 MEWElogs[355776]: CROP, 1626309554739258027, FTY, 12
<134>2021-07-15T00:39:36Z cache-bos4657 MEWElogs[355776]: CROP, 1626309575757836808, BOS, 12
<134>2021-07-15T00:39:38Z cache-chi21126 MEWElogs[355776]: CROP, 1626309577835680867, CHI, 12
<134>2021-07-15T00:39:43Z cache-del21735 MEWElogs[355776]: CROP, 1626309582345896984, DEL, 12
<134>2021-07-15T00:40:10Z cache-hel6829 MEWElogs[355776]: CROP, 1626309609574196588, HEL, 12
<134>2021-07-15T00:40:21Z cache-pwk4920 MEWElogs[355776]: CROP, 1626309620895343858, PWK, 12
<134>2021-07-15T00:40:27Z cache-dfw18678 MEWElogs[355776]: CROP, 1626309626701278326, DFW, 12
<134>2021-07-15T00:40:32Z cache-dfw18678 MEWElogs[355776]: CROP, 1626309631147667959, DFW, 12
<134>2021-07-15T00:40:51Z cache-pwk4920 MEWElogs[355776]: CROP, 1626309650979755286, PWK, 12
<134>2021-07-15T00:40:57Z cache-cwb20520 MEWElogs[355776]: CROP, 1626309656639362910, CWB, 12
<134>2021-07-15T00:41:01Z cache-hel6829 MEWElogs[355776]: CROP, 1626309660126811957, HEL, 12
<134>2021-07-15T00:41:03Z cache-akl10324 MEWElogs[355776]: CROP, 1626309662389408586, AKL, 12
<134>2021-07-15T00:41:06Z cache-cwb20520 MEWElogs[355776]: CROP, 1626309665005000711, CWB, 12
<134>2021-07-15T00:41:19Z cache-dub4329 MEWElogs[355776]: CROP, 1626309678053514869, DUB, 12
<134>2021-07-15T00:41:26Z cache-del21735 MEWElogs[355776]: CROP, 1626309685595711338, DEL, 12
<134>2021-07-15T00:41:27Z cache-bos4657 MEWElogs[355776]: CROP, 1626309687397438087, BOS, 12
<134>2021-07-15T00:41:31Z cache-bos4657 MEWElogs[355776]: CROP, 1626309691079465807, BOS, 12
<134>2021-07-15T00:41:36Z cache-akl10324 MEWElogs[355776]: CROP, 1626309695295673546, AKL, 12
<134>2021-07-15T00:41:40Z cache-cwb20520 MEWElogs[355776]: CROP, 1626309698975849513, CWB, 12
<134>2021-07-15T00:41:40Z cache-iah17271 MEWElogs[355776]: CROP, 1626309699826434180, IAH, 12
<134>2021-07-15T00:41:48Z cache-del21735 MEWElogs[355776]: CROP, 1626309707806051565, DEL, 12
<134>2021-07-15T00:41:55Z cache-hel6829 MEWElogs[355776]: CROP, 1626309714652816768, HEL, 12
<134>2021-07-15T00:42:10Z cache-jnb7027 MEWElogs[355776]: CROP, 1626309729561431760, JNB, 12
<134>2021-07-15T00:42:26Z cache-akl10324 MEWElogs[355776]: CROP, 1626309746272475963, AKL, 12
<134>2021-07-15T00:42:31Z cache-cwb20520 MEWElogs[355776]: CROP, 1626309751164257202, CWB, 12
<134>2021-07-15T00:42:36Z cache-lcy19283 MEWElogs[355776]: CROP, 1626309754960767987, LCY, 12
<134>2021-07-15T00:42:37Z cache-dfw18678 MEWElogs[355776]: CROP, 1626309756450545763, DFW, 12
<134>2021-07-15T00:42:41Z cache-dal21283 MEWElogs[355776]: CROP, 1626309761058504845, DAL, 12
<134>2021-07-15T00:42:56Z cache-cwb20520 MEWElogs[355776]: CROP, 1626309776485111402, CWB, 12
<134>2021-07-15T00:43:20Z cache-dal21283 MEWElogs[355776]: CROP, 1626309799868401576, DAL, 12
<134>2021-07-15T00:43:22Z cache-mad22068 MEWElogs[355776]: CROP, 1626309801909145051, MAD, 12
<134>2021-07-15T00:43:30Z cache-dal21283 MEWElogs[355776]: CROP, 1626309809342918456, DAL, 12
<134>2021-07-15T00:43:35Z cache-cwb20520 MEWElogs[355776]: CROP, 1626309814560777778, CWB, 12
<134>2021-07-15T00:43:48Z cache-cwb20520 MEWElogs[355776]: CROP, 1626309827361502900, CWB, 12
<134>2021-07-15T00:43:52Z cache-jnb7027 MEWElogs[355776]: CROP, 1626309831812009140, JNB, 12
<134>2021-07-15T00:43:56Z cache-iah17271 MEWElogs[355776]: CROP, 1626309835334199744, IAH, 12
<134>2021-07-15T00:44:04Z cache-iah17271 MEWElogs[355776]: CROP, 1626309844433064465, IAH, 12
<134>2021-07-15T00:44:08Z cache-den8274 MEWElogs[355776]: CROP, 1626309847182859894, DEN, 12
<134>2021-07-15T00:44:12Z cache-mrs10583 MEWElogs[355776]: CROP, 1626309851187283665, MRS, 12
<134>2021-07-15T00:44:26Z cache-mrs10583 MEWElogs[355776]: CROP, 1626309865704734819, MRS, 12
<134>2021-07-15T00:44:36Z cache-mad22068 MEWElogs[355776]: CROP, 1626309875862911959, MAD, 12
<134>2021-07-15T00:44:38Z cache-hel6829 MEWElogs[355776]: CROP, 1626309877873510816, HEL, 12
<134>2021-07-15T00:44:52Z cache-mad22068 MEWElogs[355776]: CROP, 1626309891762005529, MAD, 12
<134>2021-07-15T00:44:56Z cache-iah17271 MEWElogs[355776]: CROP, 1626309895854576518, IAH, 12
<134>2021-07-15T00:45:14Z cache-iah17271 MEWElogs[355776]: CROP, 1626309914707529770, IAH, 12
<134>2021-07-15T00:45:19Z cache-lcy19283 MEWElogs[355776]: CROP, 1626309918616318030, LCY, 12
<134>2021-07-15T00:45:21Z cache-lcy19283 MEWElogs[355776]: CROP, 1626309921570426602, LCY, 12
<134>2021-07-15T00:45:26Z cache-den8274 MEWElogs[355776]: CROP, 1626309926484254167, DEN, 12
<134>2021-07-15T00:45:52Z cache-iah17271 MEWElogs[355776]: CROP, 1626309952027457825, IAH, 12
<134>2021-07-15T00:45:53Z cache-mrs10583 MEWElogs[355776]: CROP, 1626309953313459012, MRS, 12
<134>2021-07-15T00:45:58Z cache-lcy19283 MEWElogs[355776]: CROP, 1626309957237393146, LCY, 12
<134>2021-07-15T00:46:00Z cache-mrs10583 MEWElogs[355776]: CROP, 1626309958991676409, MRS, 12
<134>2021-07-15T00:46:02Z cache-jnb7027 MEWElogs[355776]: CROP, 1626309961831823255, JNB, 12
<134>2021-07-15T00:46:17Z cache-mad22068 MEWElogs[355776]: CROP, 1626309977564732612, MAD, 12
<134>2021-07-15T00:46:22Z cache-cwb20520 MEWElogs[355776]: CROP, 1626309981476359190, CWB, 12
<134>2021-07-15T00:46:23Z cache-hkg17929 MEWElogs[355776]: CROP, 1626309982536599601, HKG, 12
<134>2021-07-15T00:46:24Z cache-bur17583 MEWElogs[355776]: CROP, 1626309984020840555, BUR, 12
<134>2021-07-15T00:46:27Z cache-mad22068 MEWElogs[355776]: CROP, 1626309987001368902, MAD, 12
<134>2021-07-15T00:46:30Z cache-lcy19283 MEWElogs[355776]: CROP, 1626309990180807259, LCY, 12
<134>2021-07-15T00:46:38Z cache-mad22068 MEWElogs[355776]: CROP, 1626309997381750310, MAD, 12
<134>2021-07-15T00:46:39Z cache-iah17271 MEWElogs[355776]: CROP, 1626309999081593031, IAH, 12
<134>2021-07-15T00:46:46Z cache-jnb7027 MEWElogs[355776]: CROP, 1626310005160751498, JNB, 12
<134>2021-07-15T00:46:49Z cache-dal21283 MEWElogs[355776]: CROP, 1626310008497045071, DAL, 12
<134>2021-07-15T00:46:55Z cache-lhr7382 MEWElogs[355776]: CROP, 1626310014214085075, LHR, 12
<134>2021-07-15T00:46:56Z cache-cwb20520 MEWElogs[355776]: CROP, 1626310015730595658, CWB, 12
<134>2021-07-15T00:47:03Z cache-den8274 MEWElogs[355776]: CROP, 1626310022187866879, DEN, 12
<134>2021-07-15T00:47:08Z cache-dal21283 MEWElogs[355776]: CROP, 1626310027747566751, DAL, 12
<134>2021-07-15T00:47:09Z cache-cwb20520 MEWElogs[355776]: CROP, 1626310028710970859, CWB, 12
<134>2021-07-15T00:47:20Z cache-hkg17929 MEWElogs[355776]: CROP, 1626310040438924684, HKG, 12
<134>2021-07-15T00:47:29Z cache-mrs10583 MEWElogs[355776]: CROP, 1626310049379897818, MRS, 12
<134>2021-07-15T00:47:35Z cache-hkg17929 MEWElogs[355776]: CROP, 1626310054805055787, HKG, 12
<134>2021-07-15T00:47:42Z cache-den8274 MEWElogs[355776]: CROP, 1626310061412744787, DEN, 12
<134>2021-07-15T00:47:47Z cache-iah17271 MEWElogs[355776]: CROP, 1626310066126256883, IAH, 12
<134>2021-07-15T00:47:47Z cache-mrs10583 MEWElogs[355776]: CROP, 1626310066582694411, MRS, 12
<134>2021-07-15T00:47:51Z cache-iah17271 MEWElogs[355776]: CROP, 1626310070768332889, IAH, 12
<134>2021-07-15T00:48:01Z cache-jnb7027 MEWElogs[355776]: CROP, 1626310080372862045, JNB, 12
<134>2021-07-15T00:48:13Z cache-mrs10583 MEWElogs[355776]: CROP, 1626310092631471307, MRS, 12
<134>2021-07-15T00:48:22Z cache-dal21283 MEWElogs[355776]: CROP, 1626310101726821766, DAL, 12
<134>2021-07-15T00:48:24Z cache-lhr7382 MEWElogs[355776]: CROP, 1626310103036243061, LHR, 12
