<134>2021-07-14T17:54:01Z cache-scl19427 MEWElogs[318405]: FLIPH, 1626285240302018036, SCL, 10
<134>2021-07-14T17:54:07Z cache-stl4834 MEWElogs[318405]: FLIPH, 1626285246450303992, STL, 10
<134>2021-07-14T17:55:13Z cache-tyo11974 MEWElogs[318405]: FLIPH, 1626285312561813459, TYO, -1
<134>2021-07-14T17:55:15Z cache-stl4834 MEWElogs[318405]: FLIPH, 1626285315640051782, STL, -1
<134>2021-07-14T17:55:27Z cache-pao17461 MEWElogs[318405]: FLIPH, 1626285326454857736, PAO, -1
<134>2021-07-14T17:55:49Z cache-sea4483 MEWElogs[318405]: FLIPH, 1626285348448630098, SEA, 10
<134>2021-07-14T17:56:06Z cache-sjc10078 MEWElogs[318405]: FLIPH, 1626285365584963518, SJC, -1
<134>2021-07-14T17:56:12Z cache-hnd18722 MEWElogs[318405]: FLIPH, 1626285371779359304, HND, 10
<134>2021-07-14T17:56:48Z cache-tyo11974 MEWElogs[318405]: FLIPH, 1626285407195135953, TYO, -1
<134>2021-07-14T17:57:06Z cache-cgh11183 MEWElogs[318405]: FLIPH, 1626285426029722702, CGH, -1
<134>2021-07-14T17:57:12Z cache-pao17461 MEWElogs[318405]: FLIPH, 1626285431501470150, PAO, -1
<134>2021-07-14T17:57:30Z cache-cgh11122 MEWElogs[318405]: FLIPH, 1626285449655808650, CGH, 10
<134>2021-07-14T17:57:38Z cache-sjc10078 MEWElogs[318405]: FLIPH, 1626285458328446992, SJC, -1
<134>2021-07-14T17:57:47Z cache-pao17461 MEWElogs[318405]: FLIPH, 1626285466449664667, PAO, 10
<134>2021-07-14T17:57:48Z cache-hnd18722 MEWElogs[318405]: FLIPH, 1626285467393865228, HND, 10
<134>2021-07-14T17:58:04Z cache-pao17461 MEWElogs[318405]: FLIPH, 1626285483811156471, PAO, -1
<134>2021-07-14T17:58:17Z cache-hnd18722 MEWElogs[318405]: FLIPH, 1626285496093772624, HND, -1
<134>2021-07-14T17:58:37Z cache-tyo11974 MEWElogs[318405]: FLIPH, 1626285516826821304, TYO, -1
<134>2021-07-14T17:58:50Z cache-cgh11122 MEWElogs[318405]: FLIPH, 1626285529792745926, CGH, 10
<134>2021-07-14T17:59:04Z cache-tyo11974 MEWElogs[318405]: FLIPH, 1626285543462271211, TYO, -1
<134>2021-07-14T17:59:09Z cache-pao17461 MEWElogs[318405]: FLIPH, 1626285548774542825, PAO, 10
<134>2021-07-14T17:59:12Z cache-sea4483 MEWElogs[318405]: FLIPH, 1626285551603402194, SEA, -1
<134>2021-07-14T17:59:20Z cache-itm18851 MEWElogs[318405]: FLIPH, 1626285559943070387, ITM, 10
<134>2021-07-14T17:59:40Z cache-tyo11974 MEWElogs[318405]: FLIPH, 1626285579025315004, TYO, -1
<134>2021-07-14T17:59:57Z cache-stl4834 MEWElogs[318405]: FLIPH, 1626285597111192911, STL, -1
<134>2021-07-14T18:00:10Z cache-cgh11183 MEWElogs[318405]: FLIPH, 1626285609174092654, CGH, -1
<134>2021-07-14T18:00:33Z cache-tyo11974 MEWElogs[318405]: FLIPH, 1626285633000369137, TYO, -1
<134>2021-07-14T18:01:00Z cache-hnd18722 MEWElogs[318405]: FLIPH, 1626285659495355248, HND, 10
<134>2021-07-14T18:01:08Z cache-hnd18722 MEWElogs[318405]: FLIPH, 1626285667181268185, HND, -1
<134>2021-07-14T18:01:21Z cache-cgh11183 MEWElogs[318405]: FLIPH, 1626285680138569757, CGH, -1
<134>2021-07-14T18:02:12Z cache-hnd18722 MEWElogs[318405]: FLIPH, 1626285731520075694, HND, -1
<134>2021-07-14T18:02:16Z cache-itm18851 MEWElogs[318405]: FLIPH, 1626285735158730333, ITM, -1
<134>2021-07-14T18:02:52Z cache-cgh11183 MEWElogs[318405]: FLIPH, 1626285771065396112, CGH, -1
<134>2021-07-14T18:03:12Z cache-sjc10078 MEWElogs[318405]: FLIPH, 1626285791440371769, SJC, -1
<134>2021-07-14T18:03:20Z cache-tyo11974 MEWElogs[318405]: FLIPH, 1626285799544076737, TYO, 10
<134>2021-07-14T18:03:29Z cache-itm18851 MEWElogs[318405]: FLIPH, 1626285808555179819, ITM, -1
<134>2021-07-14T18:03:37Z cache-sea4483 MEWElogs[318405]: FLIPH, 1626285817070475542, SEA, 10
<134>2021-07-14T18:03:42Z cache-itm18851 MEWElogs[318405]: FLIPH, 1626285821718613140, ITM, 10
<134>2021-07-14T18:03:58Z cache-bma1628 MEWElogs[318405]: FLIPH, 1626285837984811851, BMA, 10
