<134>2021-07-14T17:44:26Z cache-lga21983 MEWElogs[39982]: FLIPH, 1626284666082408243, LGA, -1
<134>2021-07-14T17:45:07Z cache-stl4834 MEWElogs[39982]: FLIPH, 1626284707245168213, STL, -1
<134>2021-07-14T17:45:08Z cache-lga21983 MEWElogs[39982]: FLIPH, 1626284708660486537, LGA, 10
<134>2021-07-14T17:45:10Z cache-mel11272 MEWElogs[39982]: FLIPH, 1626284708979372104, MEL, 10
<134>2021-07-14T17:45:25Z cache-lga21983 MEWElogs[39982]: FLIPH, 1626284725211553793, LGA, -1
<134>2021-07-14T17:45:38Z cache-osl6529 MEWElogs[39982]: FLIPH, 1626284738030909546, OSL, 10
<134>2021-07-14T17:45:43Z cache-scl19427 MEWElogs[39982]: FLIPH, 1626284742041953416, SCL, -1
<134>2021-07-14T17:45:46Z cache-scl19427 MEWElogs[39982]: FLIPH, 1626284745399459962, SCL, 10
<134>2021-07-14T17:45:52Z cache-gru17149 MEWElogs[39982]: FLIPH, 1626284751754975119, GRU, -1
<134>2021-07-14T17:45:53Z cache-cdg20720 MEWElogs[39982]: FLIPH, 1626284753311571246, CDG, -1
<134>2021-07-14T17:46:21Z cache-syd10183 MEWElogs[39982]: FLIPH, 1626284780133040657, SYD, 10
<134>2021-07-14T17:46:41Z cache-bom4751 MEWElogs[39982]: FLIPH, 1626284800947398813, BOM, -1
<134>2021-07-14T17:46:43Z cache-osl6529 MEWElogs[39982]: FLIPH, 1626284802154156947, OSL, 10
<134>2021-07-14T17:46:59Z cache-cdg20720 MEWElogs[39982]: FLIPH, 1626284818534106842, CDG, 10
<134>2021-07-14T17:47:07Z cache-pao17461 MEWElogs[39982]: FLIPH, 1626284827413222446, PAO, -1
<134>2021-07-14T17:47:08Z cache-gru17149 MEWElogs[39982]: FLIPH, 1626284827866921003, GRU, -1
<134>2021-07-14T17:47:23Z cache-syd10183 MEWElogs[39982]: FLIPH, 1626284841946884680, SYD, 10
<134>2021-07-14T17:47:30Z cache-gru17149 MEWElogs[39982]: FLIPH, 1626284849487232134, GRU, 10
<134>2021-07-14T17:47:43Z cache-bom4751 MEWElogs[39982]: FLIPH, 1626284862598743859, BOM, 10
<134>2021-07-14T17:47:49Z cache-gru17149 MEWElogs[39982]: FLIPH, 1626284868671430394, GRU, 10
<134>2021-07-14T17:48:01Z cache-stl4834 MEWElogs[39982]: FLIPH, 1626284879987080385, STL, 10
<134>2021-07-14T17:48:11Z cache-scl19427 MEWElogs[39982]: FLIPH, 1626284890293811665, SCL, 10
<134>2021-07-14T17:48:19Z cache-scl19427 MEWElogs[39982]: FLIPH, 1626284899011028335, SCL, -1
<134>2021-07-14T17:49:33Z cache-syd10183 MEWElogs[39982]: FLIPH, 1626284972538630133, SYD, 10
<134>2021-07-14T17:49:49Z cache-bom4751 MEWElogs[39982]: FLIPH, 1626284988848378587, BOM, 10
<134>2021-07-14T17:50:01Z cache-syd10183 MEWElogs[39982]: FLIPH, 1626285000535888778, SYD, -1
<134>2021-07-14T17:50:04Z cache-stl4834 MEWElogs[39982]: FLIPH, 1626285003040653895, STL, -1
<134>2021-07-14T17:50:13Z cache-gig17035 MEWElogs[39982]: FLIPH, 1626285012099187217, GIG, -1
<134>2021-07-14T17:50:15Z cache-bom4751 MEWElogs[39982]: FLIPH, 1626285014825403249, BOM, -1
<134>2021-07-14T17:50:18Z cache-bom4751 MEWElogs[39982]: FLIPH, 1626285017570026739, BOM, 10
<134>2021-07-14T17:50:23Z cache-scl19427 MEWElogs[39982]: FLIPH, 1626285023020237814, SCL, 10
<134>2021-07-14T17:50:42Z cache-hnd18722 MEWElogs[39982]: FLIPH, 1626285042336196644, HND, 10
<134>2021-07-14T17:51:09Z cache-itm18851 MEWElogs[39982]: FLIPH, 1626285068252053742, ITM, -1
<134>2021-07-14T17:51:23Z cache-bom4751 MEWElogs[39982]: FLIPH, 1626285082423740638, BOM, -1
<134>2021-07-14T17:52:34Z cache-pao17461 MEWElogs[39982]: FLIPH, 1626285153365304510, PAO, 10
<134>2021-07-14T17:52:34Z cache-itm18851 MEWElogs[39982]: FLIPH, 1626285153972578364, ITM, 10
<134>2021-07-14T17:52:58Z cache-hnd18722 MEWElogs[39982]: FLIPH, 1626285177616062757, HND, -1
<134>2021-07-14T17:53:30Z cache-gru17149 MEWElogs[39982]: FLIPH, 1626285209438548582, GRU, -1
<134>2021-07-14T17:54:19Z cache-itm18851 MEWElogs[39982]: FLIPH, 1626285258273283972, ITM, 10
