<134>2021-07-15T00:49:23Z cache-mci5951 MEWElogs[400146]: CROP, 1626310162514389394, MCI, 12
<134>2021-07-15T00:49:30Z cache-mel11272 MEWElogs[400146]: CROP, 1626310169263195497, MEL, 12
<134>2021-07-15T00:49:32Z cache-mci5951 MEWElogs[400146]: CROP, 1626310171154172699, MCI, 12
<134>2021-07-15T00:49:34Z cache-jax20933 MEWElogs[400146]: CROP, 1626310174052096342, JAX, 12
<134>2021-07-15T00:49:40Z cache-dal21283 MEWElogs[400146]: CROP, 1626310179091766934, DAL, 12
<134>2021-07-15T00:49:44Z cache-lhr7382 MEWElogs[400146]: CROP, 1626310183444656078, LHR, 12
<134>2021-07-15T00:49:49Z cache-man4150 MEWElogs[400146]: CROP, 1626310188404155751, MAN, 12
<134>2021-07-15T00:49:57Z cache-mel11272 MEWElogs[400146]: CROP, 1626310196823408652, MEL, 12
<134>2021-07-15T00:50:02Z cache-mel11272 MEWElogs[400146]: CROP, 1626310201321894777, MEL, 12
<134>2021-07-15T00:50:10Z cache-lhr7382 MEWElogs[400146]: CROP, 1626310209521546955, LHR, 12
<134>2021-07-15T00:50:20Z cache-stp9226 MEWElogs[400146]: CROP, 1626310219809133969, STP, 12
<134>2021-07-15T00:50:27Z cache-hkg17929 MEWElogs[400146]: CROP, 1626310227000495793, HKG, 12
<134>2021-07-15T00:50:29Z cache-jax20933 MEWElogs[400146]: CROP, 1626310228906604407, JAX, 12
<134>2021-07-15T00:50:42Z cache-jax20933 MEWElogs[400146]: CROP, 1626310241353980876, JAX, 12
<134>2021-07-15T00:50:50Z cache-mci5951 MEWElogs[400146]: CROP, 1626310249478523534, MCI, 12
<134>2021-07-15T00:51:01Z cache-lax10677 MEWElogs[400146]: CROP, 1626310260114081845, LGB, 12
<134>2021-07-15T00:51:09Z cache-yul12826 MEWElogs[400146]: CROP, 1626310269805490352, YUL, 12
<134>2021-07-15T00:51:16Z cache-mel11272 MEWElogs[400146]: CROP, 1626310275029647185, MEL, 12
<134>2021-07-15T00:51:22Z cache-yul12826 MEWElogs[400146]: CROP, 1626310281840793614, YUL, 12
<134>2021-07-15T00:51:39Z cache-lhr7382 MEWElogs[400146]: CROP, 1626310298829836890, LHR, 12
<134>2021-07-15T00:51:40Z cache-hkg17929 MEWElogs[400146]: CROP, 1626310299511380462, HKG, 12
<134>2021-07-15T00:51:50Z cache-mia11368 MEWElogs[400146]: CROP, 1626310309733058285, MIA, 12
<134>2021-07-15T00:51:53Z cache-hkg17929 MEWElogs[400146]: CROP, 1626310313713108599, HKG, 12
<134>2021-07-15T00:52:19Z cache-lax10677 MEWElogs[400146]: CROP, 1626310338650749334, LGB, 12
<134>2021-07-15T00:52:20Z cache-mel11272 MEWElogs[400146]: CROP, 1626310340049660659, MEL, 12
<134>2021-07-15T00:52:22Z cache-hkg17929 MEWElogs[400146]: CROP, 1626310342466266592, HKG, 12
<134>2021-07-15T00:52:31Z cache-mia11368 MEWElogs[400146]: CROP, 1626310350899632191, MIA, 12
<134>2021-07-15T00:52:37Z cache-stp9226 MEWElogs[400146]: CROP, 1626310356607604891, STP, 12
<134>2021-07-15T00:52:40Z cache-yul12826 MEWElogs[400146]: CROP, 1626310360266582080, YUL, 12
<134>2021-07-15T00:53:05Z cache-lax10677 MEWElogs[400146]: CROP, 1626310385924399731, LGB, 12
<134>2021-07-15T00:53:39Z cache-ewr18156 MEWElogs[400146]: CROP, 1626310418902625037, EWR, 12
<134>2021-07-15T00:53:50Z cache-lax10677 MEWElogs[400146]: CROP, 1626310429565630936, LGB, 12
<134>2021-07-15T00:53:53Z cache-osl6529 MEWElogs[400146]: CROP, 1626310433493967917, OSL, 12
<134>2021-07-15T00:53:53Z cache-yul12826 MEWElogs[400146]: CROP, 1626310433634731122, YUL, 12
<134>2021-07-15T00:53:58Z cache-jax20933 MEWElogs[400146]: CROP, 1626310437979879408, JAX, 12
<134>2021-07-15T00:54:05Z cache-mci5951 MEWElogs[400146]: CROP, 1626310445557875706, MCI, 12
<134>2021-07-15T00:54:09Z cache-ewr18156 MEWElogs[400146]: CROP, 1626310449189582625, EWR, 12
<134>2021-07-15T00:54:11Z cache-lax10677 MEWElogs[400146]: CROP, 1626310451275652635, LGB, 12
<134>2021-07-15T00:54:21Z cache-yul12826 MEWElogs[400146]: CROP, 1626310461229908063, YUL, 12
<134>2021-07-15T00:54:23Z cache-jax20933 MEWElogs[400146]: CROP, 1626310462830300339, JAX, 12
<134>2021-07-15T00:54:33Z cache-stp9226 MEWElogs[400146]: CROP, 1626310472104162361, STP, 12
<134>2021-07-15T00:54:41Z cache-mci5951 MEWElogs[400146]: CROP, 1626310480597867846, MCI, 12
<134>2021-07-15T00:54:43Z cache-osl6529 MEWElogs[400146]: CROP, 1626310482127472349, OSL, 12
<134>2021-07-15T00:54:44Z cache-mia11368 MEWElogs[400146]: CROP, 1626310484062565083, MIA, 12
<134>2021-07-15T00:54:50Z cache-yul12826 MEWElogs[400146]: CROP, 1626310489888987443, YUL, 12
<134>2021-07-15T00:54:53Z cache-mia11368 MEWElogs[400146]: CROP, 1626310492903271845, MIA, 12
<134>2021-07-15T00:55:37Z cache-yul12826 MEWElogs[400146]: CROP, 1626310536477398094, YUL, 12
<134>2021-07-15T00:55:37Z cache-gru17149 MEWElogs[400146]: CROP, 1626310536695386834, GRU, 12
<134>2021-07-15T00:55:42Z cache-lax10677 MEWElogs[400146]: CROP, 1626310542313356229, LGB, 12
<134>2021-07-15T00:55:48Z cache-yul12826 MEWElogs[400146]: CROP, 1626310548038175939, YUL, 12
<134>2021-07-15T00:55:49Z cache-gru17149 MEWElogs[400146]: CROP, 1626310548841794545, GRU, 12
<134>2021-07-15T00:55:54Z cache-mel11272 MEWElogs[400146]: CROP, 1626310552877861002, MEL, 12
<134>2021-07-15T00:55:56Z cache-yul12826 MEWElogs[400146]: CROP, 1626310555991119947, YUL, 12
<134>2021-07-15T00:55:58Z cache-mel11272 MEWElogs[400146]: CROP, 1626310557581314475, MEL, 12
<134>2021-07-15T00:56:02Z cache-gru17149 MEWElogs[400146]: CROP, 1626310561106897328, GRU, 12
<134>2021-07-15T00:56:05Z cache-osl6529 MEWElogs[400146]: CROP, 1626310564710209549, OSL, 12
<134>2021-07-15T00:56:09Z cache-lax10677 MEWElogs[400146]: CROP, 1626310568078332836, LGB, 12
<134>2021-07-15T00:56:10Z cache-gru17149 MEWElogs[400146]: CROP, 1626310569474492559, GRU, 12
<134>2021-07-15T00:56:12Z cache-scl19427 MEWElogs[400146]: CROP, 1626310572384545198, SCL, 12
<134>2021-07-15T00:56:12Z cache-lga21983 MEWElogs[400146]: CROP, 1626310572811077776, LGA, 12
<134>2021-07-15T00:56:26Z cache-osl6529 MEWElogs[400146]: CROP, 1626310585025152057, OSL, 12
<134>2021-07-15T00:56:27Z cache-jax20933 MEWElogs[400146]: CROP, 1626310586540540761, JAX, 12
<134>2021-07-15T00:56:34Z cache-ewr18156 MEWElogs[400146]: CROP, 1626310593558786756, EWR, 12
<134>2021-07-15T00:56:44Z cache-yul12826 MEWElogs[400146]: CROP, 1626310603369686948, YUL, 12
<134>2021-07-15T00:56:44Z cache-stl4834 MEWElogs[400146]: CROP, 1626310604485928182, STL, 12
<134>2021-07-15T00:56:47Z cache-gru17149 MEWElogs[400146]: CROP, 1626310606534905235, GRU, 12
<134>2021-07-15T00:56:52Z cache-gru17149 MEWElogs[400146]: CROP, 1626310610990329472, GRU, 12
<134>2021-07-15T00:56:59Z cache-yul12826 MEWElogs[400146]: CROP, 1626310619167633603, YUL, 12
<134>2021-07-15T00:57:02Z cache-lga21983 MEWElogs[400146]: CROP, 1626310621076446132, LGA, 12
<134>2021-07-15T00:57:04Z cache-ewr18156 MEWElogs[400146]: CROP, 1626310624156878332, EWR, 12
<134>2021-07-15T00:57:04Z cache-gru17149 MEWElogs[400146]: CROP, 1626310623309821988, GRU, 12
<134>2021-07-15T00:57:13Z cache-stl4834 MEWElogs[400146]: CROP, 1626310633788523271, STL, 12
<134>2021-07-15T00:57:26Z cache-lga21983 MEWElogs[400146]: CROP, 1626310645555552066, LGA, 12
<134>2021-07-15T00:57:29Z cache-osl6529 MEWElogs[400146]: CROP, 1626310647939130111, OSL, 12
<134>2021-07-15T00:57:30Z cache-syd10183 MEWElogs[400146]: CROP, 1626310649690090043, SYD, 12
<134>2021-07-15T00:57:47Z cache-lga21983 MEWElogs[400146]: CROP, 1626310666354457512, LGA, 12
<134>2021-07-15T00:58:03Z cache-bom4751 MEWElogs[400146]: CROP, 1626310682432975065, BOM, 12
<134>2021-07-15T00:58:11Z cache-lga21983 MEWElogs[400146]: CROP, 1626310690732048850, LGA, 12
<134>2021-07-15T00:58:26Z cache-gru17149 MEWElogs[400146]: CROP, 1626310705192276479, GRU, 12
<134>2021-07-15T00:58:41Z cache-scl19427 MEWElogs[400146]: CROP, 1626310720989207829, SCL, 12
<134>2021-07-15T00:58:48Z cache-ewr18156 MEWElogs[400146]: CROP, 1626310727285209869, EWR, 12
<134>2021-07-15T00:59:17Z cache-stl4834 MEWElogs[400146]: CROP, 1626310756025114074, STL, 12
