<134>2021-07-14T17:52:36Z cache-gru17149 MEWElogs[412844]: FLIPH, 1626285155156693592, GRU, 10
<134>2021-07-14T17:52:39Z cache-gig17035 MEWElogs[412844]: FLIPH, 1626285158733884694, GIG, 10
<134>2021-07-14T17:52:59Z cache-gig17035 MEWElogs[412844]: FLIPH, 1626285178910492406, GIG, -1
<134>2021-07-14T17:53:01Z cache-stl4834 MEWElogs[412844]: FLIPH, 1626285180382806710, STL, -1
<134>2021-07-14T17:53:24Z cache-scl19427 MEWElogs[412844]: FLIPH, 1626285204218394159, SCL, 10
<134>2021-07-14T17:53:35Z cache-stl4834 MEWElogs[412844]: FLIPH, 1626285214726925940, STL, 10
<134>2021-07-14T17:54:02Z cache-gig17035 MEWElogs[412844]: FLIPH, 1626285242009209613, GIG, 10
<134>2021-07-14T17:54:07Z cache-pao17461 MEWElogs[412844]: FLIPH, 1626285246659512891, PAO, 10
<134>2021-07-14T17:54:28Z cache-pao17461 MEWElogs[412844]: FLIPH, 1626285267556728886, PAO, 10
<134>2021-07-14T17:54:37Z cache-itm18851 MEWElogs[412844]: FLIPH, 1626285276411787309, ITM, -1
<134>2021-07-14T17:54:38Z cache-gru17149 MEWElogs[412844]: FLIPH, 1626285277322278144, GRU, -1
<134>2021-07-14T17:54:46Z cache-pao17461 MEWElogs[412844]: FLIPH, 1626285285469993774, PAO, -1
<134>2021-07-14T17:54:47Z cache-itm18851 MEWElogs[412844]: FLIPH, 1626285286926228234, ITM, -1
<134>2021-07-14T17:54:47Z cache-sjc10078 MEWElogs[412844]: FLIPH, 1626285286513823683, SJC, 10
<134>2021-07-14T17:55:09Z cache-pao17461 MEWElogs[412844]: FLIPH, 1626285308799360629, PAO, 10
<134>2021-07-14T17:55:11Z cache-itm18851 MEWElogs[412844]: FLIPH, 1626285310358589441, ITM, 10
<134>2021-07-14T17:55:19Z cache-itm18851 MEWElogs[412844]: FLIPH, 1626285318210456294, ITM, -1
<134>2021-07-14T17:55:19Z cache-pao17461 MEWElogs[412844]: FLIPH, 1626285319080647202, PAO, 10
<134>2021-07-14T17:55:28Z cache-sjc10078 MEWElogs[412844]: FLIPH, 1626285327812269808, SJC, 10
<134>2021-07-14T17:55:58Z cache-scl19427 MEWElogs[412844]: FLIPH, 1626285358705200909, SCL, -1
<134>2021-07-14T17:56:01Z cache-stl4834 MEWElogs[412844]: FLIPH, 1626285360534243743, STL, 10
<134>2021-07-14T17:56:10Z cache-hnd18722 MEWElogs[412844]: FLIPH, 1626285368972873051, HND, -1
<134>2021-07-14T17:56:11Z cache-scl19427 MEWElogs[412844]: FLIPH, 1626285370659347744, SCL, -1
<134>2021-07-14T17:56:13Z cache-tyo11974 MEWElogs[412844]: FLIPH, 1626285372203460886, TYO, 10
<134>2021-07-14T17:56:19Z cache-cgh11122 MEWElogs[412844]: FLIPH, 1626285378870315954, CGH, 10
<134>2021-07-14T17:56:56Z cache-itm18851 MEWElogs[412844]: FLIPH, 1626285415023338495, ITM, 10
<134>2021-07-14T17:56:59Z cache-stl4834 MEWElogs[412844]: FLIPH, 1626285419555683934, STL, -1
<134>2021-07-14T17:57:05Z cache-hnd18722 MEWElogs[412844]: FLIPH, 1626285424607775159, HND, 10
<134>2021-07-14T17:57:06Z cache-tyo11974 MEWElogs[412844]: FLIPH, 1626285425853291637, TYO, -1
<134>2021-07-14T17:57:10Z cache-cgh11122 MEWElogs[412844]: FLIPH, 1626285429418753489, CGH, 10
<134>2021-07-14T17:57:17Z cache-cgh11122 MEWElogs[412844]: FLIPH, 1626285436793749878, CGH, -1
<134>2021-07-14T17:57:47Z cache-cgh11122 MEWElogs[412844]: FLIPH, 1626285466711142120, CGH, -1
<134>2021-07-14T17:57:47Z cache-cgh11183 MEWElogs[412844]: FLIPH, 1626285466933003322, CGH, -1
<134>2021-07-14T17:58:05Z cache-itm18851 MEWElogs[412844]: FLIPH, 1626285484880562109, ITM, -1
<134>2021-07-14T17:58:09Z cache-hnd18722 MEWElogs[412844]: FLIPH, 1626285488458958821, HND, 10
<134>2021-07-14T17:58:17Z cache-cgh11122 MEWElogs[412844]: FLIPH, 1626285496861323559, CGH, -1
<134>2021-07-14T17:58:20Z cache-sjc10078 MEWElogs[412844]: FLIPH, 1626285500090475736, SJC, -1
<134>2021-07-14T17:58:45Z cache-sjc10078 MEWElogs[412844]: FLIPH, 1626285524764644578, SJC, 10
<134>2021-07-14T17:58:46Z cache-tyo11974 MEWElogs[412844]: FLIPH, 1626285525730327193, TYO, -1
<134>2021-07-14T17:58:48Z cache-hnd18722 MEWElogs[412844]: FLIPH, 1626285527802973775, HND, -1
<134>2021-07-14T17:59:04Z cache-sea4483 MEWElogs[412844]: FLIPH, 1626285544326871955, SEA, 10
<134>2021-07-14T17:59:16Z cache-pao17461 MEWElogs[412844]: FLIPH, 1626285555980672980, PAO, -1
<134>2021-07-14T17:59:24Z cache-tyo11974 MEWElogs[412844]: FLIPH, 1626285563463154535, TYO, 10
<134>2021-07-14T17:59:50Z cache-stl4834 MEWElogs[412844]: FLIPH, 1626285589942190240, STL, 10
<134>2021-07-14T18:00:15Z cache-sjc10078 MEWElogs[412844]: FLIPH, 1626285614227094688, SJC, -1
<134>2021-07-14T18:00:27Z cache-tyo11974 MEWElogs[412844]: FLIPH, 1626285625965448280, TYO, 10
<134>2021-07-14T18:00:43Z cache-tyo11974 MEWElogs[412844]: FLIPH, 1626285642513289799, TYO, -1
<134>2021-07-14T18:00:50Z cache-sea4483 MEWElogs[412844]: FLIPH, 1626285649759498906, SEA, -1
<134>2021-07-14T18:00:50Z cache-pao17461 MEWElogs[412844]: FLIPH, 1626285649933864179, PAO, -1
<134>2021-07-14T18:00:53Z cache-cgh11183 MEWElogs[412844]: FLIPH, 1626285652656435260, CGH, 10
<134>2021-07-14T18:01:03Z cache-cgh11122 MEWElogs[412844]: FLIPH, 1626285662853224565, CGH, 10
<134>2021-07-14T18:01:11Z cache-cgh11122 MEWElogs[412844]: FLIPH, 1626285670066407815, CGH, -1
<134>2021-07-14T18:01:13Z cache-itm18851 MEWElogs[412844]: FLIPH, 1626285672840501594, ITM, -1
<134>2021-07-14T18:01:17Z cache-bma1628 MEWElogs[412844]: FLIPH, 1626285676511323488, BMA, -1
<134>2021-07-14T18:01:27Z cache-itm18851 MEWElogs[412844]: FLIPH, 1626285685946034941, ITM, 10
<134>2021-07-14T18:01:39Z cache-sjc10078 MEWElogs[412844]: FLIPH, 1626285698829665437, SJC, -1
<134>2021-07-14T18:01:41Z cache-cgh11122 MEWElogs[412844]: FLIPH, 1626285700761837336, CGH, -1
<134>2021-07-14T18:02:05Z cache-itm18851 MEWElogs[412844]: FLIPH, 1626285724803694724, ITM, -1
<134>2021-07-14T18:02:34Z cache-hnd18722 MEWElogs[412844]: FLIPH, 1626285752983143751, HND, -1
