<134>2021-07-14T22:55:37Z cache-osl6529 MEWElogs[382896]: BLUR, 1626303336883173786, OSL, 11
<134>2021-07-14T22:55:41Z cache-scl19427 MEWElogs[382896]: BLUR, 1626303340942532108, SCL, 11
<134>2021-07-14T22:55:57Z cache-man4150 MEWElogs[382896]: BLUR, 1626303357314735734, MAN, 11
<134>2021-07-14T22:57:17Z cache-gig17035 MEWElogs[382896]: BLUR, 1626303436285230072, GIG, 11
<134>2021-07-14T22:57:18Z cache-bom4751 MEWElogs[382896]: BLUR, 1626303437379528152, BOM, 11
<134>2021-07-14T22:57:44Z cache-scl19427 MEWElogs[382896]: BLUR, 1626303463891720933, SCL, 11
<134>2021-07-14T22:58:06Z cache-man4150 MEWElogs[382896]: BLUR, 1626303486018509939, MAN, 11
<134>2021-07-14T22:58:07Z cache-mel11272 MEWElogs[382896]: BLUR, 1626303486167589290, MEL, 11
<134>2021-07-14T22:58:24Z cache-lga21983 MEWElogs[382896]: BLUR, 1626303504307677855, LGA, 11
<134>2021-07-14T22:59:37Z cache-cdg20720 MEWElogs[382896]: BLUR, 1626303576097167803, CDG, 11
<134>2021-07-14T22:59:58Z cache-bom4751 MEWElogs[382896]: BLUR, 1626303596896735420, BOM, 11
<134>2021-07-14T23:00:17Z cache-osl6529 MEWElogs[382896]: BLUR, 1626303617327190186, OSL, 11
<134>2021-07-14T23:00:26Z cache-scl19427 MEWElogs[382896]: BLUR, 1626303626044176911, SCL, 11
<134>2021-07-14T23:00:28Z cache-bom4751 MEWElogs[382896]: BLUR, 1626303627699722676, BOM, 11
<134>2021-07-14T23:00:32Z cache-osl6529 MEWElogs[382896]: BLUR, 1626303631696987571, OSL, 11
<134>2021-07-14T23:00:33Z cache-mel11272 MEWElogs[382896]: BLUR, 1626303632264583263, MEL, 11
<134>2021-07-14T23:00:43Z cache-gig17035 MEWElogs[382896]: BLUR, 1626303642656966966, GIG, 11
<134>2021-07-14T23:00:44Z cache-stl4834 MEWElogs[382896]: BLUR, 1626303644025639704, STL, 11
<134>2021-07-14T23:01:24Z cache-gig17035 MEWElogs[382896]: BLUR, 1626303683856506968, GIG, 11
<134>2021-07-14T23:01:58Z cache-gru17149 MEWElogs[382896]: BLUR, 1626303717497314604, GRU, 11
<134>2021-07-14T23:02:09Z cache-scl19427 MEWElogs[382896]: BLUR, 1626303728103413520, SCL, 11
<134>2021-07-14T23:02:18Z cache-osl6529 MEWElogs[382896]: BLUR, 1626303737612134237, OSL, 11
<134>2021-07-14T23:02:46Z cache-gru17149 MEWElogs[382896]: BLUR, 1626303765270264705, GRU, 11
<134>2021-07-14T23:03:12Z cache-lga21983 MEWElogs[382896]: BLUR, 1626303791975814716, LGA, 11
<134>2021-07-14T23:03:34Z cache-cdg20720 MEWElogs[382896]: BLUR, 1626303813604338225, CDG, 11
<134>2021-07-14T23:03:48Z cache-stl4834 MEWElogs[382896]: BLUR, 1626303827383864555, STL, 11
<134>2021-07-14T23:04:36Z cache-gig17035 MEWElogs[382896]: BLUR, 1626303874941397212, GIG, 11
<134>2021-07-14T23:05:17Z cache-gig17035 MEWElogs[382896]: BLUR, 1626303917075016657, GIG, 11
