<134>2021-07-15T05:10:05Z cache-osl6529 MEWElogs[320228]: ROTATE, 1626325804973868894, OSL, 15
<134>2021-07-15T05:10:06Z cache-mci5951 MEWElogs[320228]: ROTATE, 1626325806354937137, MCI, 15
<134>2021-07-15T05:10:23Z cache-ewr18156 MEWElogs[320228]: ROTATE, 1626325822522001861, EWR, 15
<134>2021-07-15T05:10:37Z cache-osl6529 MEWElogs[320228]: ROTATE, 1626325836202318761, OSL, 15
<134>2021-07-15T05:11:16Z cache-lga21983 MEWElogs[320228]: ROTATE, 1626325876156293793, LGA, 15
<134>2021-07-15T05:11:28Z cache-lax10677 MEWElogs[320228]: ROTATE, 1626325887694962837, LGB, 15
<134>2021-07-15T05:11:39Z cache-gig17035 MEWElogs[320228]: ROTATE, 1626325898475362896, GIG, 15
<134>2021-07-15T05:11:52Z cache-lax10677 MEWElogs[320228]: ROTATE, 1626325911885428606, LGB, 15
<134>2021-07-15T05:12:04Z cache-lax10677 MEWElogs[320228]: ROTATE, 1626325923786744028, LGB, 15
<134>2021-07-15T05:12:29Z cache-ewr18156 MEWElogs[320228]: ROTATE, 1626325948460159740, EWR, 15
<134>2021-07-15T05:13:31Z cache-bom4751 MEWElogs[320228]: ROTATE, 1626326010704413612, BOM, 15
<134>2021-07-15T05:13:32Z cache-cdg20720 MEWElogs[320228]: ROTATE, 1626326011745120338, CDG, 15
<134>2021-07-15T05:14:19Z cache-stl4834 MEWElogs[320228]: ROTATE, 1626326058368882522, STL, 15
<134>2021-07-15T05:14:28Z cache-cdg20720 MEWElogs[320228]: ROTATE, 1626326067631088397, CDG, 15
<134>2021-07-15T05:14:51Z cache-mel11272 MEWElogs[320228]: ROTATE, 1626326090240285688, MEL, 15
<134>2021-07-15T05:15:13Z cache-osl6529 MEWElogs[320228]: ROTATE, 1626326112049769800, OSL, 15
<134>2021-07-15T05:15:22Z cache-cdg20720 MEWElogs[320228]: ROTATE, 1626326122341406253, CDG, 15
<134>2021-07-15T05:15:34Z cache-itm18851 MEWElogs[320228]: ROTATE, 1626326134381711759, ITM, 15
<134>2021-07-15T05:15:46Z cache-stl4834 MEWElogs[320228]: ROTATE, 1626326145539316318, STL, 15
<134>2021-07-15T05:16:13Z cache-gig17035 MEWElogs[320228]: ROTATE, 1626326172548285252, GIG, 15
<134>2021-07-15T05:16:30Z cache-stl4834 MEWElogs[320228]: ROTATE, 1626326189640398290, STL, 15
<134>2021-07-15T05:16:45Z cache-gig17035 MEWElogs[320228]: ROTATE, 1626326204339183278, GIG, 15
<134>2021-07-15T05:17:04Z cache-mel11272 MEWElogs[320228]: ROTATE, 1626326223760189776, MEL, 15
<134>2021-07-15T05:17:06Z cache-bom4751 MEWElogs[320228]: ROTATE, 1626326225087764810, BOM, 15
<134>2021-07-15T05:17:11Z cache-osl6529 MEWElogs[320228]: ROTATE, 1626326230828175627, OSL, 15
<134>2021-07-15T05:17:14Z cache-bom4751 MEWElogs[320228]: ROTATE, 1626326234551724490, BOM, 15
<134>2021-07-15T05:17:15Z cache-scl19427 MEWElogs[320228]: ROTATE, 1626326235170081186, SCL, 15
<134>2021-07-15T05:17:49Z cache-itm18851 MEWElogs[320228]: ROTATE, 1626326268940340969, ITM, 15
<134>2021-07-15T05:19:12Z cache-pao17461 MEWElogs[320228]: ROTATE, 1626326351175568114, PAO, 15
<134>2021-07-15T05:19:23Z cache-pao17461 MEWElogs[320228]: ROTATE, 1626326362409579567, PAO, 15
<134>2021-07-15T05:19:33Z cache-cdg20720 MEWElogs[320228]: ROTATE, 1626326372795176730, CDG, 15
