<134>2021-07-15T01:41:48Z cache-cwb20520 MEWElogs[334804]: GRAY, 1626313307893787138, CWB, 13
<134>2021-07-15T01:42:02Z cache-del21735 MEWElogs[334804]: GRAY, 1626313321636310856, DEL, 13
<134>2021-07-15T01:42:28Z cache-bos4657 MEWElogs[334804]: GRAY, 1626313347958063210, BOS, 13
<134>2021-07-15T01:42:49Z cache-del21735 MEWElogs[334804]: GRAY, 1626313368022094489, DEL, 13
<134>2021-07-15T01:43:04Z cache-lcy19283 MEWElogs[334804]: GRAY, 1626313383333118766, LCY, 13
<134>2021-07-15T01:43:13Z cache-dfw18678 MEWElogs[334804]: GRAY, 1626313392214394370, DFW, 13
<134>2021-07-15T01:44:12Z cache-bur17583 MEWElogs[334804]: GRAY, 1626313451934143860, BUR, 13
<134>2021-07-15T01:44:12Z cache-lcy19283 MEWElogs[334804]: GRAY, 1626313451764574860, LCY, 13
<134>2021-07-15T01:44:17Z cache-jnb7027 MEWElogs[334804]: GRAY, 1626313456115691414, JNB, 13
<134>2021-07-15T01:44:30Z cache-dal21283 MEWElogs[334804]: GRAY, 1626313469376863120, DAL, 13
<134>2021-07-15T01:44:32Z cache-lon4249 MEWElogs[334804]: GRAY, 1626313471255425729, LON, 13
<134>2021-07-15T01:45:52Z cache-pwk4920 MEWElogs[334804]: GRAY, 1626313551898886523, PWK, 13
<134>2021-07-15T01:46:40Z cache-lcy19283 MEWElogs[334804]: GRAY, 1626313599512422960, LCY, 13
<134>2021-07-15T01:46:43Z cache-dal21283 MEWElogs[334804]: GRAY, 1626313603216338665, DAL, 13
<134>2021-07-15T01:46:46Z cache-iah17271 MEWElogs[334804]: GRAY, 1626313604991825145, IAH, 13
<134>2021-07-15T01:47:18Z cache-lcy19283 MEWElogs[334804]: GRAY, 1626313638524576056, LCY, 13
<134>2021-07-15T01:47:29Z cache-dal21283 MEWElogs[334804]: GRAY, 1626313649845925202, DAL, 13
<134>2021-07-15T01:47:43Z cache-iah17271 MEWElogs[334804]: GRAY, 1626313663806131999, IAH, 13
<134>2021-07-15T01:48:24Z cache-dal21283 MEWElogs[334804]: GRAY, 1626313704434158165, DAL, 13
<134>2021-07-15T01:48:29Z cache-iah17271 MEWElogs[334804]: GRAY, 1626313709233596888, IAH, 13
<134>2021-07-15T01:48:31Z cache-jnb7027 MEWElogs[334804]: GRAY, 1626313709960748040, JNB, 13
<134>2021-07-15T01:48:53Z cache-den8274 MEWElogs[334804]: GRAY, 1626313732679744965, DEN, 13
<134>2021-07-15T01:49:02Z cache-lon4249 MEWElogs[334804]: GRAY, 1626313742470890591, LON, 13
<134>2021-07-15T01:49:32Z cache-jnb7027 MEWElogs[334804]: GRAY, 1626313770916581645, JNB, 13
<134>2021-07-15T01:49:51Z cache-hel6829 MEWElogs[334804]: GRAY, 1626313789943265110, HEL, 13
<134>2021-07-15T01:49:59Z cache-lon4249 MEWElogs[334804]: GRAY, 1626313798845797655, LON, 13
<134>2021-07-15T01:50:18Z cache-dal21283 MEWElogs[334804]: GRAY, 1626313817806031059, DAL, 13
<134>2021-07-15T01:50:27Z cache-den8274 MEWElogs[334804]: GRAY, 1626313826305485860, DEN, 13
<134>2021-07-15T01:50:27Z cache-hel6829 MEWElogs[334804]: GRAY, 1626313826427759785, HEL, 13
<134>2021-07-15T01:50:38Z cache-mad22068 MEWElogs[334804]: GRAY, 1626313837468211086, MAD, 13
<134>2021-07-15T01:50:56Z cache-mrs10583 MEWElogs[334804]: GRAY, 1626313855209771057, MRS, 13
<134>2021-07-15T01:51:03Z cache-mad22068 MEWElogs[334804]: GRAY, 1626313862729406962, MAD, 13
<134>2021-07-15T01:51:04Z cache-hkg17929 MEWElogs[334804]: GRAY, 1626313863759931075, HKG, 13
<134>2021-07-15T01:51:27Z cache-jnb7027 MEWElogs[334804]: GRAY, 1626313886445318178, JNB, 13
<134>2021-07-15T01:51:35Z cache-bur17583 MEWElogs[334804]: GRAY, 1626313895338426819, BUR, 13
<134>2021-07-15T01:51:44Z cache-mrs10583 MEWElogs[334804]: GRAY, 1626313903109955882, MRS, 13
