<134>2021-07-15T06:40:15Z cache-hel6829 MEWElogs[370074]: UNSH, 1626331214733248566, HEL, 16
<134>2021-07-15T06:40:18Z cache-pwk4920 MEWElogs[370074]: UNSH, 1626331218346555275, PWK, 16
<134>2021-07-15T06:40:26Z cache-iah17271 MEWElogs[370074]: UNSH, 1626331225343180575, IAH, 16
<134>2021-07-15T06:41:06Z cache-pwk4920 MEWElogs[370074]: UNSH, 1626331265495530051, PWK, 16
<134>2021-07-15T06:42:21Z cache-fra19177 MEWElogs[370074]: UNSH, 1626331340319451240, FRA, 16
<134>2021-07-15T06:43:03Z cache-iah17271 MEWElogs[370074]: UNSH, 1626331382127746478, IAH, 16
<134>2021-07-15T06:43:07Z cache-dal21283 MEWElogs[370074]: UNSH, 1626331387267046114, DAL, 16
<134>2021-07-15T06:43:15Z cache-den8274 MEWElogs[370074]: UNSH, 1626331395107484666, DEN, 16
<134>2021-07-15T06:43:17Z cache-lon4249 MEWElogs[370074]: UNSH, 1626331396882603859, LON, 16
<134>2021-07-15T06:43:21Z cache-lcy19283 MEWElogs[370074]: UNSH, 1626331400247968408, LCY, 16
<134>2021-07-15T06:43:48Z cache-lcy19283 MEWElogs[370074]: UNSH, 1626331427818812982, LCY, 16
<134>2021-07-15T06:43:59Z cache-cwb20520 MEWElogs[370074]: UNSH, 1626331438087506562, CWB, 16
<134>2021-07-15T06:45:51Z cache-dal21283 MEWElogs[370074]: UNSH, 1626331550341187957, DAL, 16
<134>2021-07-15T06:46:13Z cache-lon4249 MEWElogs[370074]: UNSH, 1626331572110024017, LON, 16
<134>2021-07-15T06:46:22Z cache-fra19177 MEWElogs[370074]: UNSH, 1626331581870788063, FRA, 16
<134>2021-07-15T06:46:43Z cache-jnb7027 MEWElogs[370074]: UNSH, 1626331603138302638, JNB, 16
<134>2021-07-15T06:47:05Z cache-hel6829 MEWElogs[370074]: UNSH, 1626331624003527647, HEL, 16
<134>2021-07-15T06:47:36Z cache-mad22068 MEWElogs[370074]: UNSH, 1626331655335730965, MAD, 16
<134>2021-07-15T06:48:28Z cache-jnb7027 MEWElogs[370074]: UNSH, 1626331707259891742, JNB, 16
<134>2021-07-15T06:49:13Z cache-den8274 MEWElogs[370074]: UNSH, 1626331752564012313, DEN, 16
<134>2021-07-15T06:49:38Z cache-jnb7027 MEWElogs[370074]: UNSH, 1626331777333026160, JNB, 16
