<134>2021-07-15T06:14:43Z cache-wdc5583 MEWElogs[390968]: UNSH, 1626329683134812494, WDC, 16
<134>2021-07-15T06:14:59Z cache-ord1740 MEWElogs[390968]: UNSH, 1626329698055879800, ORD, 16
<134>2021-07-15T06:15:18Z cache-ord1740 MEWElogs[390968]: UNSH, 1626329717403821290, ORD, 16
<134>2021-07-15T06:16:32Z cache-pdk17882 MEWElogs[390968]: UNSH, 1626329791557327870, PDK, 16
<134>2021-07-15T06:16:32Z cache-mdw17383 MEWElogs[390968]: UNSH, 1626329791972847940, MDW, 16
<134>2021-07-15T06:16:38Z cache-wdc5583 MEWElogs[390968]: UNSH, 1626329797063416992, WDC, 16
<134>2021-07-15T06:17:44Z cache-cph20625 MEWElogs[390968]: UNSH, 1626329864233023378, CPH, 16
<134>2021-07-15T06:17:51Z cache-cmh21547 MEWElogs[390968]: UNSH, 1626329870247885929, CMH, 16
<134>2021-07-15T06:18:57Z cache-cph20625 MEWElogs[390968]: UNSH, 1626329937281645981, CPH, 16
<134>2021-07-15T06:19:09Z cache-pdk17882 MEWElogs[390968]: UNSH, 1626329948167912436, PDK, 16
<134>2021-07-15T06:20:05Z cache-wdc5583 MEWElogs[390968]: UNSH, 1626330004880601071, WDC, 16
<134>2021-07-15T06:20:09Z cache-maa10251 MEWElogs[390968]: UNSH, 1626330008635171688, MAA, 16
<134>2021-07-15T06:20:47Z cache-ord1740 MEWElogs[390968]: UNSH, 1626330046206143147, ORD, 16
<134>2021-07-15T06:20:56Z cache-wdc5583 MEWElogs[390968]: UNSH, 1626330055782717626, WDC, 16
<134>2021-07-15T06:21:06Z cache-wdc5583 MEWElogs[390968]: UNSH, 1626330066162371609, WDC, 16
<134>2021-07-15T06:21:07Z cache-maa10251 MEWElogs[390968]: UNSH, 1626330067165731156, MAA, 16
<134>2021-07-15T06:21:30Z cache-dca17782 MEWElogs[390968]: UNSH, 1626330089379696854, DCA, 16
<134>2021-07-15T06:22:20Z cache-wdc5583 MEWElogs[390968]: UNSH, 1626330139659430462, WDC, 16
<134>2021-07-15T06:22:29Z cache-dca17782 MEWElogs[390968]: UNSH, 1626330148188655699, DCA, 16
<134>2021-07-15T06:22:46Z cache-ams21020 MEWElogs[390968]: UNSH, 1626330165572023963, AMS, 16
<134>2021-07-15T06:22:57Z cache-dca17782 MEWElogs[390968]: UNSH, 1626330176827840713, DCA, 16
<134>2021-07-15T06:23:22Z cache-wdc5583 MEWElogs[390968]: UNSH, 1626330201826047559, WDC, 16
<134>2021-07-15T06:23:51Z cache-ord1740 MEWElogs[390968]: UNSH, 1626330230370009996, ORD, 16
<134>2021-07-15T06:24:10Z cache-ord1740 MEWElogs[390968]: UNSH, 1626330249504084079, ORD, 16
<134>2021-07-15T06:24:23Z cache-dca17782 MEWElogs[390968]: UNSH, 1626330262243207116, DCA, 16
<134>2021-07-15T06:24:35Z cache-wdc5583 MEWElogs[390968]: UNSH, 1626330274457799757, WDC, 16
<134>2021-07-15T06:24:41Z cache-dfw18678 MEWElogs[390968]: UNSH, 1626330281533438481, DFW, 16
