<134>2021-07-15T04:16:38Z cache-mdw17383 MEWElogs[21956]: ROTATE, 1626322598058360457, MDW, 15
<134>2021-07-15T04:17:01Z cache-ams21020 MEWElogs[21956]: ROTATE, 1626322620887438458, AMS, 15
<134>2021-07-15T04:17:23Z cache-ord1740 MEWElogs[21956]: ROTATE, 1626322642303249213, ORD, 15
<134>2021-07-15T04:17:53Z cache-cph20625 MEWElogs[21956]: ROTATE, 1626322672412007263, CPH, 15
<134>2021-07-15T04:18:09Z cache-ord1740 MEWElogs[21956]: ROTATE, 1626322688492047524, ORD, 15
<134>2021-07-15T04:18:18Z cache-dca17782 MEWElogs[21956]: ROTATE, 1626322697760643936, DCA, 15
<134>2021-07-15T04:19:14Z cache-dfw18678 MEWElogs[21956]: ROTATE, 1626322753143341383, DFW, 15
<134>2021-07-15T04:19:21Z cache-pdk17882 MEWElogs[21956]: ROTATE, 1626322760573244404, PDK, 15
<134>2021-07-15T04:19:23Z cache-ord1740 MEWElogs[21956]: ROTATE, 1626322762767671048, ORD, 15
<134>2021-07-15T04:19:25Z cache-dfw18678 MEWElogs[21956]: ROTATE, 1626322764949021472, DFW, 15
<134>2021-07-15T04:19:36Z cache-wdc5583 MEWElogs[21956]: ROTATE, 1626322776205580803, WDC, 15
<134>2021-07-15T04:19:43Z cache-eze19324 MEWElogs[21956]: ROTATE, 1626322782639129929, EZE, 15
<134>2021-07-15T04:20:09Z cache-maa10251 MEWElogs[21956]: ROTATE, 1626322808121574118, MAA, 15
<134>2021-07-15T04:21:09Z cache-dca17782 MEWElogs[21956]: ROTATE, 1626322868472971058, DCA, 15
<134>2021-07-15T04:21:30Z cache-dfw18678 MEWElogs[21956]: ROTATE, 1626322889440405329, DFW, 15
<134>2021-07-15T04:21:36Z cache-dca17782 MEWElogs[21956]: ROTATE, 1626322896493941153, DCA, 15
<134>2021-07-15T04:21:52Z cache-mdw17383 MEWElogs[21956]: ROTATE, 1626322911595782527, MDW, 15
<134>2021-07-15T04:22:15Z cache-fty21383 MEWElogs[21956]: ROTATE, 1626322934197429802, FTY, 15
<134>2021-07-15T04:22:16Z cache-wdc5583 MEWElogs[21956]: ROTATE, 1626322935499734964, WDC, 15
<134>2021-07-15T04:22:22Z cache-eze19324 MEWElogs[21956]: ROTATE, 1626322941658994605, EZE, 15
<134>2021-07-15T04:23:26Z cache-chi21126 MEWElogs[21956]: ROTATE, 1626323005933246036, CHI, 15
<134>2021-07-15T04:23:45Z cache-akl10324 MEWElogs[21956]: ROTATE, 1626323024199926929, AKL, 15
<134>2021-07-15T04:23:46Z cache-dfw18678 MEWElogs[21956]: ROTATE, 1626323026338110539, DFW, 15
<134>2021-07-15T04:23:48Z cache-bos4657 MEWElogs[21956]: ROTATE, 1626323027895229805, BOS, 15
<134>2021-07-15T04:23:55Z cache-akl10324 MEWElogs[21956]: ROTATE, 1626323034590977170, AKL, 15
<134>2021-07-15T04:24:03Z cache-eze19324 MEWElogs[21956]: ROTATE, 1626323042879974895, EZE, 15
<134>2021-07-15T04:24:03Z cache-mdw17383 MEWElogs[21956]: ROTATE, 1626323042600279759, MDW, 15
<134>2021-07-15T04:24:19Z cache-chi21126 MEWElogs[21956]: ROTATE, 1626323058744569270, CHI, 15
<134>2021-07-15T04:24:30Z cache-dub4329 MEWElogs[21956]: ROTATE, 1626323069070701384, DUB, 15
<134>2021-07-15T04:25:02Z cache-bos4657 MEWElogs[21956]: ROTATE, 1626323101607679833, BOS, 15
<134>2021-07-15T04:25:11Z cache-fty21383 MEWElogs[21956]: ROTATE, 1626323110144233960, FTY, 15
<134>2021-07-15T04:25:20Z cache-del21735 MEWElogs[21956]: ROTATE, 1626323119441955445, DEL, 15
<134>2021-07-15T04:25:29Z cache-del21735 MEWElogs[21956]: ROTATE, 1626323128497129094, DEL, 15
<134>2021-07-15T04:25:33Z cache-hhn4077 MEWElogs[21956]: ROTATE, 1626323133206689588, HHN, 15
<134>2021-07-15T04:26:05Z cache-del21735 MEWElogs[21956]: ROTATE, 1626323164846517788, DEL, 15
<134>2021-07-15T04:26:10Z cache-dub4329 MEWElogs[21956]: ROTATE, 1626323169806862465, DUB, 15
<134>2021-07-15T04:26:18Z cache-fty21383 MEWElogs[21956]: ROTATE, 1626323177301731003, FTY, 15
<134>2021-07-15T04:26:23Z cache-hhn4077 MEWElogs[21956]: ROTATE, 1626323182779301481, HHN, 15
