<134>2021-07-15T06:40:24Z cache-fra19177 MEWElogs[292213]: UNSH, 1626331223025830988, FRA, 16
<134>2021-07-15T06:40:28Z cache-del21735 MEWElogs[292213]: UNSH, 1626331227941299667, DEL, 16
<134>2021-07-15T06:41:00Z cache-hhn4077 MEWElogs[292213]: UNSH, 1626331259702304663, HHN, 16
<134>2021-07-15T06:41:11Z cache-cwb20520 MEWElogs[292213]: UNSH, 1626331270051416553, CWB, 16
<134>2021-07-15T06:41:22Z cache-iah17271 MEWElogs[292213]: UNSH, 1626331281752327401, IAH, 16
<134>2021-07-15T06:41:47Z cache-hel6829 MEWElogs[292213]: UNSH, 1626331307154415900, HEL, 16
<134>2021-07-15T06:42:27Z cache-jnb7027 MEWElogs[292213]: UNSH, 1626331346122038218, JNB, 16
<134>2021-07-15T06:44:00Z cache-hel6829 MEWElogs[292213]: UNSH, 1626331440101953834, HEL, 16
<134>2021-07-15T06:44:09Z cache-fra19177 MEWElogs[292213]: UNSH, 1626331448478348000, FRA, 16
<134>2021-07-15T06:45:31Z cache-lon4249 MEWElogs[292213]: UNSH, 1626331530064558448, LON, 16
<134>2021-07-15T06:45:39Z cache-lcy19283 MEWElogs[292213]: UNSH, 1626331538999444971, LCY, 16
<134>2021-07-15T06:45:54Z cache-iah17271 MEWElogs[292213]: UNSH, 1626331553790813896, IAH, 16
<134>2021-07-15T06:46:29Z cache-iah17271 MEWElogs[292213]: UNSH, 1626331588156792939, IAH, 16
<134>2021-07-15T06:46:31Z cache-fra19177 MEWElogs[292213]: UNSH, 1626331590653730770, FRA, 16
<134>2021-07-15T06:47:09Z cache-mad22068 MEWElogs[292213]: UNSH, 1626331628415989169, MAD, 16
<134>2021-07-15T06:47:09Z cache-den8274 MEWElogs[292213]: UNSH, 1626331628787876935, DEN, 16
<134>2021-07-15T06:47:14Z cache-jnb7027 MEWElogs[292213]: UNSH, 1626331633773194233, JNB, 16
<134>2021-07-15T06:47:18Z cache-mad22068 MEWElogs[292213]: UNSH, 1626331637478164216, MAD, 16
<134>2021-07-15T06:47:43Z cache-lcy19283 MEWElogs[292213]: UNSH, 1626331662858691130, LCY, 16
<134>2021-07-15T06:47:56Z cache-den8274 MEWElogs[292213]: UNSH, 1626331676302362145, DEN, 16
<134>2021-07-15T06:48:17Z cache-hel6829 MEWElogs[292213]: UNSH, 1626331696628326025, HEL, 16
<134>2021-07-15T06:48:50Z cache-jnb7027 MEWElogs[292213]: UNSH, 1626331729185844924, JNB, 16
<134>2021-07-15T06:48:52Z cache-iah17271 MEWElogs[292213]: UNSH, 1626331731210133918, IAH, 16
<134>2021-07-15T06:49:19Z cache-lcy19283 MEWElogs[292213]: UNSH, 1626331759218353436, LCY, 16
<134>2021-07-15T06:49:34Z cache-mad22068 MEWElogs[292213]: UNSH, 1626331773457592333, MAD, 16
<134>2021-07-15T06:49:59Z cache-hel6829 MEWElogs[292213]: UNSH, 1626331798572290581, HEL, 16
