<134>2021-07-14T22:42:28Z cache-lga21983 MEWElogs[21956]: BLUR, 1626302547179677274, LGA, 11
<134>2021-07-14T22:42:44Z cache-lga21983 MEWElogs[21956]: BLUR, 1626302564155476537, LGA, 11
<134>2021-07-14T22:42:55Z cache-man4150 MEWElogs[21956]: BLUR, 1626302574230050431, MAN, 11
<134>2021-07-14T22:43:19Z cache-lga21983 MEWElogs[21956]: BLUR, 1626302598314586625, LGA, 11
<134>2021-07-14T22:43:25Z cache-ewr18156 MEWElogs[21956]: BLUR, 1626302604517066045, EWR, 11
<134>2021-07-14T22:44:50Z cache-man4150 MEWElogs[21956]: BLUR, 1626302690106035429, MAN, 11
<134>2021-07-14T22:45:10Z cache-jax20933 MEWElogs[21956]: BLUR, 1626302709981117044, JAX, 11
<134>2021-07-14T22:46:54Z cache-bom4751 MEWElogs[21956]: BLUR, 1626302813658187265, BOM, 11
<134>2021-07-14T22:47:33Z cache-osl6529 MEWElogs[21956]: BLUR, 1626302852351916821, OSL, 11
<134>2021-07-14T22:49:03Z cache-jax20933 MEWElogs[21956]: BLUR, 1626302943042888736, JAX, 11
<134>2021-07-14T22:49:06Z cache-osl6529 MEWElogs[21956]: BLUR, 1626302945359941582, OSL, 11
<134>2021-07-14T22:49:16Z cache-lax10677 MEWElogs[21956]: BLUR, 1626302956182320992, LGB, 11
<134>2021-07-14T22:49:20Z cache-lga21983 MEWElogs[21956]: BLUR, 1626302960269573843, LGA, 11
<134>2021-07-14T22:49:24Z cache-jax20933 MEWElogs[21956]: BLUR, 1626302963754051529, JAX, 11
<134>2021-07-14T22:49:36Z cache-osl6529 MEWElogs[21956]: BLUR, 1626302975668967366, OSL, 11
<134>2021-07-14T22:50:07Z cache-osl6529 MEWElogs[21956]: BLUR, 1626303005943362905, OSL, 11
<134>2021-07-14T22:50:21Z cache-osl6529 MEWElogs[21956]: BLUR, 1626303020689405599, OSL, 11
<134>2021-07-14T22:50:23Z cache-bom4751 MEWElogs[21956]: BLUR, 1626303022842614598, BOM, 11
<134>2021-07-14T22:50:28Z cache-lga21983 MEWElogs[21956]: BLUR, 1626303027946286831, LGA, 11
<134>2021-07-14T22:51:02Z cache-lax10677 MEWElogs[21956]: BLUR, 1626303061195460607, LGB, 11
<134>2021-07-14T22:51:02Z cache-gig17035 MEWElogs[21956]: BLUR, 1626303062551859185, GIG, 11
<134>2021-07-14T22:51:22Z cache-osl6529 MEWElogs[21956]: BLUR, 1626303081566570345, OSL, 11
