<134>2021-07-14T16:51:59Z cache-bos4657 MEWElogs[216063]: FLIPH, 1626281518180512528, BOS, 10
<134>2021-07-14T16:52:11Z cache-fty21383 MEWElogs[216063]: FLIPH, 1626281530593485919, FTY, 10
<134>2021-07-14T16:52:13Z cache-chi21126 MEWElogs[216063]: FLIPH, 1626281533195715704, CHI, -1
<134>2021-07-14T16:52:18Z cache-cph20625 MEWElogs[216063]: FLIPH, 1626281538019911805, CPH, -1
<134>2021-07-14T16:52:22Z cache-akl10324 MEWElogs[216063]: FLIPH, 1626281541412950943, AKL, 10
<134>2021-07-14T16:52:30Z cache-akl10324 MEWElogs[216063]: FLIPH, 1626281549016848569, AKL, -1
<134>2021-07-14T16:52:41Z cache-fty21383 MEWElogs[216063]: FLIPH, 1626281560907522972, FTY, -1
<134>2021-07-14T16:52:44Z cache-dfw18678 MEWElogs[216063]: FLIPH, 1626281564031289621, DFW, 10
<134>2021-07-14T16:52:49Z cache-dub4329 MEWElogs[216063]: FLIPH, 1626281568788687874, DUB, -1
<134>2021-07-14T16:53:00Z cache-chi21126 MEWElogs[216063]: FLIPH, 1626281580870188066, CHI, -1
<134>2021-07-14T16:53:06Z cache-fty21383 MEWElogs[216063]: FLIPH, 1626281585882746048, FTY, -1
<134>2021-07-14T16:53:09Z cache-fty21383 MEWElogs[216063]: FLIPH, 1626281588442696323, FTY, 10
<134>2021-07-14T16:53:13Z cache-dub4329 MEWElogs[216063]: FLIPH, 1626281592907989481, DUB, -1
<134>2021-07-14T16:53:41Z cache-cph20625 MEWElogs[216063]: FLIPH, 1626281620530230357, CPH, 10
<134>2021-07-14T16:53:49Z cache-dfw18678 MEWElogs[216063]: FLIPH, 1626281628988310125, DFW, -1
<134>2021-07-14T16:53:57Z cache-bos4657 MEWElogs[216063]: FLIPH, 1626281636318602367, BOS, 10
<134>2021-07-14T16:53:59Z cache-fty21383 MEWElogs[216063]: FLIPH, 1626281638531873520, FTY, 10
<134>2021-07-14T16:54:01Z cache-hhn4077 MEWElogs[216063]: FLIPH, 1626281641094879556, HHN, -1
<134>2021-07-14T16:54:02Z cache-akl10324 MEWElogs[216063]: FLIPH, 1626281641958494732, AKL, 10
<134>2021-07-14T16:54:06Z cache-chi21126 MEWElogs[216063]: FLIPH, 1626281646262748885, CHI, -1
<134>2021-07-14T16:54:10Z cache-pwk4920 MEWElogs[216063]: FLIPH, 1626281649658931938, PWK, 10
<134>2021-07-14T16:54:20Z cache-pwk4920 MEWElogs[216063]: FLIPH, 1626281659444515992, PWK, 10
<134>2021-07-14T16:54:27Z cache-del21735 MEWElogs[216063]: FLIPH, 1626281666292153910, DEL, 10
<134>2021-07-14T16:54:32Z cache-dub4329 MEWElogs[216063]: FLIPH, 1626281671527795649, DUB, -1
<134>2021-07-14T16:55:02Z cache-fty21383 MEWElogs[216063]: FLIPH, 1626281701663619467, FTY, -1
<134>2021-07-14T16:55:06Z cache-pwk4920 MEWElogs[216063]: FLIPH, 1626281705613082293, PWK, -1
<134>2021-07-14T16:55:26Z cache-pwk4920 MEWElogs[216063]: FLIPH, 1626281725625380295, PWK, -1
<134>2021-07-14T16:55:33Z cache-hhn4077 MEWElogs[216063]: FLIPH, 1626281732842582325, HHN, -1
<134>2021-07-14T16:55:52Z cache-dfw18678 MEWElogs[216063]: FLIPH, 1626281751959187845, DFW, 10
<134>2021-07-14T16:56:04Z cache-del21735 MEWElogs[216063]: FLIPH, 1626281764458498012, DEL, -1
<134>2021-07-14T16:56:11Z cache-cph20625 MEWElogs[216063]: FLIPH, 1626281771403100775, CPH, -1
<134>2021-07-14T16:56:13Z cache-akl10324 MEWElogs[216063]: FLIPH, 1626281772054193627, AKL, -1
<134>2021-07-14T16:56:13Z cache-bos4657 MEWElogs[216063]: FLIPH, 1626281772931790594, BOS, 10
<134>2021-07-14T16:56:19Z cache-pwk4920 MEWElogs[216063]: FLIPH, 1626281778973096606, PWK, 10
<134>2021-07-14T16:56:23Z cache-akl10324 MEWElogs[216063]: FLIPH, 1626281782334606045, AKL, -1
<134>2021-07-14T16:56:35Z cache-dfw18678 MEWElogs[216063]: FLIPH, 1626281795673652991, DFW, 10
<134>2021-07-14T16:56:49Z cache-pwk4920 MEWElogs[216063]: FLIPH, 1626281808844048769, PWK, 10
<134>2021-07-14T16:56:53Z cache-del21735 MEWElogs[216063]: FLIPH, 1626281812531695374, DEL, -1
<134>2021-07-14T16:56:55Z cache-akl10324 MEWElogs[216063]: FLIPH, 1626281814748785237, AKL, 10
<134>2021-07-14T16:57:01Z cache-cph20625 MEWElogs[216063]: FLIPH, 1626281820541922498, CPH, 10
<134>2021-07-14T16:57:02Z cache-hhn4077 MEWElogs[216063]: FLIPH, 1626281821464077575, HHN, -1
<134>2021-07-14T16:57:04Z cache-hel6829 MEWElogs[216063]: FLIPH, 1626281823490187050, HEL, -1
<134>2021-07-14T16:57:05Z cache-dub4329 MEWElogs[216063]: FLIPH, 1626281824294307694, DUB, 10
<134>2021-07-14T16:57:08Z cache-cph20625 MEWElogs[216063]: FLIPH, 1626281827123909694, CPH, -1
<134>2021-07-14T16:57:21Z cache-del21735 MEWElogs[216063]: FLIPH, 1626281840801322714, DEL, -1
<134>2021-07-14T16:57:24Z cache-chi21126 MEWElogs[216063]: FLIPH, 1626281844028790082, CHI, -1
<134>2021-07-14T16:57:28Z cache-pwk4920 MEWElogs[216063]: FLIPH, 1626281848624392846, PWK, 10
<134>2021-07-14T16:57:42Z cache-dfw18678 MEWElogs[216063]: FLIPH, 1626281862030601372, DFW, 10
<134>2021-07-14T16:57:49Z cache-bos4657 MEWElogs[216063]: FLIPH, 1626281869040856457, BOS, -1
<134>2021-07-14T16:57:51Z cache-del21735 MEWElogs[216063]: FLIPH, 1626281869840439767, DEL, -1
<134>2021-07-14T16:57:51Z cache-dub4329 MEWElogs[216063]: FLIPH, 1626281871164062964, DUB, 10
<134>2021-07-14T16:57:52Z cache-del21735 MEWElogs[216063]: FLIPH, 1626281872431577689, DEL, 10
<134>2021-07-14T16:57:56Z cache-hel6829 MEWElogs[216063]: FLIPH, 1626281876491013774, HEL, 10
<134>2021-07-14T16:58:11Z cache-dfw18678 MEWElogs[216063]: FLIPH, 1626281891678694913, DFW, -1
<134>2021-07-14T16:58:26Z cache-hel6829 MEWElogs[216063]: FLIPH, 1626281905642623860, HEL, 10
<134>2021-07-14T16:58:30Z cache-iah17271 MEWElogs[216063]: FLIPH, 1626281909892778678, IAH, 10
<134>2021-07-14T16:58:54Z cache-dfw18678 MEWElogs[216063]: FLIPH, 1626281934286453655, DFW, -1
<134>2021-07-14T16:58:56Z cache-pwk4920 MEWElogs[216063]: FLIPH, 1626281935524052178, PWK, -1
<134>2021-07-14T16:58:59Z cache-fra19177 MEWElogs[216063]: FLIPH, 1626281938887089245, FRA, 10
<134>2021-07-14T16:59:17Z cache-hhn4077 MEWElogs[216063]: FLIPH, 1626281957059079844, HHN, -1
<134>2021-07-14T16:59:28Z cache-pwk4920 MEWElogs[216063]: FLIPH, 1626281968595940904, PWK, 10
<134>2021-07-14T16:59:41Z cache-dfw18678 MEWElogs[216063]: FLIPH, 1626281980627215856, DFW, 10
<134>2021-07-14T16:59:45Z cache-lcy19283 MEWElogs[216063]: FLIPH, 1626281985324851248, LCY, 10
<134>2021-07-14T16:59:55Z cache-hhn4077 MEWElogs[216063]: FLIPH, 1626281995624194343, HHN, 10
<134>2021-07-14T16:59:59Z cache-del21735 MEWElogs[216063]: FLIPH, 1626281998050299668, DEL, -1
<134>2021-07-14T17:00:00Z cache-hel6829 MEWElogs[216063]: FLIPH, 1626281999767910813, HEL, -1
<134>2021-07-14T17:00:17Z cache-jnb7027 MEWElogs[216063]: FLIPH, 1626282016778648287, JNB, 10
<134>2021-07-14T17:00:25Z cache-cwb20520 MEWElogs[216063]: FLIPH, 1626282024243543716, CWB, -1
<134>2021-07-14T17:00:27Z cache-jnb7027 MEWElogs[216063]: FLIPH, 1626282026560209291, JNB, 10
<134>2021-07-14T17:01:14Z cache-iah17271 MEWElogs[216063]: FLIPH, 1626282073537349969, IAH, -1
<134>2021-07-14T17:01:20Z cache-fra19177 MEWElogs[216063]: FLIPH, 1626282079681689673, FRA, -1
<134>2021-07-14T17:01:32Z cache-hel6829 MEWElogs[216063]: FLIPH, 1626282091811331637, HEL, 10
<134>2021-07-14T17:01:47Z cache-iah17271 MEWElogs[216063]: FLIPH, 1626282107308210700, IAH, -1
<134>2021-07-14T17:01:50Z cache-dal21283 MEWElogs[216063]: FLIPH, 1626282110432293427, DAL, -1
