<134>2021-07-15T07:53:06Z cache-pao17461 MEWElogs[390968]: UNSH, 1626335585846490851, PAO, 16
<134>2021-07-15T07:53:08Z cache-stl4834 MEWElogs[390968]: UNSH, 1626335587095838595, STL, 16
<134>2021-07-15T07:53:12Z cache-gru17149 MEWElogs[390968]: UNSH, 1626335591535351817, GRU, 16
<134>2021-07-15T07:53:13Z cache-cgh11122 MEWElogs[390968]: UNSH, 1626335592863748286, CGH, 16
<134>2021-07-15T07:53:15Z cache-syd10183 MEWElogs[390968]: UNSH, 1626335594653038467, SYD, 16
<134>2021-07-15T07:53:42Z cache-pao17461 MEWElogs[390968]: UNSH, 1626335621147759836, PAO, 16
<134>2021-07-15T07:53:43Z cache-cgh11122 MEWElogs[390968]: UNSH, 1626335622533262876, CGH, 16
<134>2021-07-15T07:54:02Z cache-gig17035 MEWElogs[390968]: UNSH, 1626335641128261049, GIG, 16
<134>2021-07-15T07:54:12Z cache-gru17149 MEWElogs[390968]: UNSH, 1626335651317709225, GRU, 16
<134>2021-07-15T07:54:29Z cache-itm18851 MEWElogs[390968]: UNSH, 1626335668166776406, ITM, 16
<134>2021-07-15T07:54:38Z cache-pao17461 MEWElogs[390968]: UNSH, 1626335678684591407, PAO, 16
<134>2021-07-15T07:54:45Z cache-scl19427 MEWElogs[390968]: UNSH, 1626335685687352350, SCL, 16
<134>2021-07-15T07:54:54Z cache-stl4834 MEWElogs[390968]: UNSH, 1626335693860867511, STL, 16
<134>2021-07-15T07:55:56Z cache-itm18851 MEWElogs[390968]: UNSH, 1626335756161403602, ITM, 16
<134>2021-07-15T07:56:46Z cache-gru17149 MEWElogs[390968]: UNSH, 1626335805299008125, GRU, 16
<134>2021-07-15T07:57:04Z cache-gig17035 MEWElogs[390968]: UNSH, 1626335823187424607, GIG, 16
<134>2021-07-15T07:57:43Z cache-scl19427 MEWElogs[390968]: UNSH, 1626335862083871940, SCL, 16
<134>2021-07-15T07:57:56Z cache-scl19427 MEWElogs[390968]: UNSH, 1626335876473205503, SCL, 16
<134>2021-07-15T07:58:02Z cache-itm18851 MEWElogs[390968]: UNSH, 1626335881005186788, ITM, 16
<134>2021-07-15T07:58:27Z cache-cgh11122 MEWElogs[390968]: UNSH, 1626335906236647965, CGH, 16
<134>2021-07-15T07:58:31Z cache-scl19427 MEWElogs[390968]: UNSH, 1626335911201372797, SCL, 16
<134>2021-07-15T07:59:05Z cache-pao17461 MEWElogs[390968]: UNSH, 1626335944478929346, PAO, 16
<134>2021-07-15T07:59:17Z cache-pao17461 MEWElogs[390968]: UNSH, 1626335957257549664, PAO, 16
