<134>2021-07-15T07:36:26Z cache-man4150 MEWElogs[320228]: UNSH, 1626334586167063596, MAN, 16
<134>2021-07-15T07:37:06Z cache-osl6529 MEWElogs[320228]: UNSH, 1626334625496583566, OSL, 16
<134>2021-07-15T07:37:27Z cache-mel11272 MEWElogs[320228]: UNSH, 1626334646650186517, MEL, 16
<134>2021-07-15T07:37:31Z cache-jax20933 MEWElogs[320228]: UNSH, 1626334650168413260, JAX, 16
<134>2021-07-15T07:37:40Z cache-lax10677 MEWElogs[320228]: UNSH, 1626334659780077652, LGB, 16
<134>2021-07-15T07:38:15Z cache-jax20933 MEWElogs[320228]: UNSH, 1626334694307849327, JAX, 16
<134>2021-07-15T07:38:46Z cache-ewr18156 MEWElogs[320228]: UNSH, 1626334725486654091, EWR, 16
<134>2021-07-15T07:39:52Z cache-mel11272 MEWElogs[320228]: UNSH, 1626334792097749288, MEL, 16
<134>2021-07-15T07:40:02Z cache-cdg20720 MEWElogs[320228]: UNSH, 1626334802197695550, CDG, 16
<134>2021-07-15T07:40:08Z cache-lax10677 MEWElogs[320228]: UNSH, 1626334807122942375, LGB, 16
<134>2021-07-15T07:40:22Z cache-ewr18156 MEWElogs[320228]: UNSH, 1626334820977632662, EWR, 16
<134>2021-07-15T07:40:41Z cache-mel11272 MEWElogs[320228]: UNSH, 1626334840600736757, MEL, 16
<134>2021-07-15T07:40:42Z cache-man4150 MEWElogs[320228]: UNSH, 1626334842031890991, MAN, 16
<134>2021-07-15T07:41:09Z cache-lga21983 MEWElogs[320228]: UNSH, 1626334868757274664, LGA, 16
<134>2021-07-15T07:41:13Z cache-lhr7382 MEWElogs[320228]: UNSH, 1626334872412312137, LHR, 16
<134>2021-07-15T07:41:35Z cache-bom4751 MEWElogs[320228]: UNSH, 1626334894784431760, BOM, 16
<134>2021-07-15T07:43:08Z cache-mel11272 MEWElogs[320228]: UNSH, 1626334988279781279, MEL, 16
<134>2021-07-15T07:43:16Z cache-osl6529 MEWElogs[320228]: UNSH, 1626334995323280534, OSL, 16
<134>2021-07-15T07:43:28Z cache-ewr18156 MEWElogs[320228]: UNSH, 1626335007936008205, EWR, 16
<134>2021-07-15T07:43:39Z cache-lhr7382 MEWElogs[320228]: UNSH, 1626335017958574762, LHR, 16
<134>2021-07-15T07:43:41Z cache-bom4751 MEWElogs[320228]: UNSH, 1626335020570541540, BOM, 16
<134>2021-07-15T07:43:49Z cache-cdg20720 MEWElogs[320228]: UNSH, 1626335028226898749, CDG, 16
<134>2021-07-15T07:43:49Z cache-lax10677 MEWElogs[320228]: UNSH, 1626335028825228352, LGB, 16
<134>2021-07-15T07:44:11Z cache-bom4751 MEWElogs[320228]: UNSH, 1626335050600167145, BOM, 16
<134>2021-07-15T07:44:27Z cache-lga21983 MEWElogs[320228]: UNSH, 1626335066599561759, LGA, 16
<134>2021-07-15T07:45:08Z cache-man4150 MEWElogs[320228]: UNSH, 1626335107488264736, MAN, 16
<134>2021-07-15T07:45:20Z cache-osl6529 MEWElogs[320228]: UNSH, 1626335119626885609, OSL, 16
