<134>2021-07-15T06:31:50Z cache-pwk4920 MEWElogs[418388]: UNSH, 1626330709072290196, PWK, 16
<134>2021-07-15T06:32:08Z cache-fty21383 MEWElogs[418388]: UNSH, 1626330727462981962, FTY, 16
<134>2021-07-15T06:33:07Z cache-bos4657 MEWElogs[418388]: UNSH, 1626330786317810599, BOS, 16
<134>2021-07-15T06:33:09Z cache-fty21383 MEWElogs[418388]: UNSH, 1626330788219935180, FTY, 16
<134>2021-07-15T06:33:37Z cache-chi21126 MEWElogs[418388]: UNSH, 1626330816848850802, CHI, 16
<134>2021-07-15T06:34:02Z cache-dub4329 MEWElogs[418388]: UNSH, 1626330841800219724, DUB, 16
<134>2021-07-15T06:34:12Z cache-dal21283 MEWElogs[418388]: UNSH, 1626330851966179910, DAL, 16
<134>2021-07-15T06:34:17Z cache-chi21126 MEWElogs[418388]: UNSH, 1626330856777568185, CHI, 16
<134>2021-07-15T06:35:30Z cache-bos4657 MEWElogs[418388]: UNSH, 1626330929353981994, BOS, 16
<134>2021-07-15T06:35:49Z cache-akl10324 MEWElogs[418388]: UNSH, 1626330949178868251, AKL, 16
<134>2021-07-15T06:36:06Z cache-dub4329 MEWElogs[418388]: UNSH, 1626330965659775228, DUB, 16
<134>2021-07-15T06:36:14Z cache-chi21126 MEWElogs[418388]: UNSH, 1626330973743899103, CHI, 16
<134>2021-07-15T06:36:30Z cache-fty21383 MEWElogs[418388]: UNSH, 1626330989605395613, FTY, 16
<134>2021-07-15T06:36:37Z cache-dal21283 MEWElogs[418388]: UNSH, 1626330997184835679, DAL, 16
<134>2021-07-15T06:36:55Z cache-cwb20520 MEWElogs[418388]: UNSH, 1626331014775441450, CWB, 16
<134>2021-07-15T06:37:06Z cache-fty21383 MEWElogs[418388]: UNSH, 1626331025114087385, FTY, 16
<134>2021-07-15T06:37:25Z cache-bos4657 MEWElogs[418388]: UNSH, 1626331044670006010, BOS, 16
<134>2021-07-15T06:37:32Z cache-fty21383 MEWElogs[418388]: UNSH, 1626331051239139178, FTY, 16
<134>2021-07-15T06:38:08Z cache-cwb20520 MEWElogs[418388]: UNSH, 1626331087410040250, CWB, 16
<134>2021-07-15T06:38:19Z cache-bos4657 MEWElogs[418388]: UNSH, 1626331098257867957, BOS, 16
<134>2021-07-15T06:38:23Z cache-akl10324 MEWElogs[418388]: UNSH, 1626331102821902826, AKL, 16
<134>2021-07-15T06:38:34Z cache-pwk4920 MEWElogs[418388]: UNSH, 1626331113841310842, PWK, 16
<134>2021-07-15T06:39:41Z cache-dub4329 MEWElogs[418388]: UNSH, 1626331179938243689, DUB, 16
<134>2021-07-15T06:39:47Z cache-hhn4077 MEWElogs[418388]: UNSH, 1626331186101498084, HHN, 16
<134>2021-07-15T06:41:29Z cache-hhn4077 MEWElogs[418388]: UNSH, 1626331288535401582, HHN, 16
