<134>2021-07-15T05:28:34Z cache-syd10183 MEWElogs[412844]: ROTATE, 1626326913847229260, SYD, 15
<134>2021-07-15T05:28:41Z cache-sea4483 MEWElogs[412844]: ROTATE, 1626326920289413639, SEA, 15
<134>2021-07-15T05:29:03Z cache-scl19427 MEWElogs[412844]: ROTATE, 1626326942827152649, SCL, 15
<134>2021-07-15T05:29:15Z cache-scl19427 MEWElogs[412844]: ROTATE, 1626326954301855250, SCL, 15
<134>2021-07-15T05:29:50Z cache-hnd18722 MEWElogs[412844]: ROTATE, 1626326990162293971, HND, 15
<134>2021-07-15T05:30:24Z cache-hnd18722 MEWElogs[412844]: ROTATE, 1626327023356240447, HND, 15
<134>2021-07-15T05:31:04Z cache-pao17461 MEWElogs[412844]: ROTATE, 1626327063978896579, PAO, 15
<134>2021-07-15T05:31:08Z cache-hnd18722 MEWElogs[412844]: ROTATE, 1626327067369958696, HND, 15
<134>2021-07-15T05:31:36Z cache-syd10183 MEWElogs[412844]: ROTATE, 1626327096362087955, SYD, 15
<134>2021-07-15T05:31:42Z cache-itm18851 MEWElogs[412844]: ROTATE, 1626327101829841070, ITM, 15
<134>2021-07-15T05:32:54Z cache-sea4483 MEWElogs[412844]: ROTATE, 1626327174562337843, SEA, 15
<134>2021-07-15T05:33:00Z cache-hnd18722 MEWElogs[412844]: ROTATE, 1626327179134834325, HND, 15
<134>2021-07-15T05:34:21Z cache-pao17461 MEWElogs[412844]: ROTATE, 1626327260254498491, PAO, 15
<134>2021-07-15T05:34:31Z cache-pao17461 MEWElogs[412844]: ROTATE, 1626327271009696981, PAO, 15
<134>2021-07-15T05:35:08Z cache-cgh11183 MEWElogs[412844]: ROTATE, 1626327307106428921, CGH, 15
<134>2021-07-15T05:35:08Z cache-sjc10078 MEWElogs[412844]: ROTATE, 1626327307880196697, SJC, 15
<134>2021-07-15T05:35:17Z cache-cgh11183 MEWElogs[412844]: ROTATE, 1626327316913933727, CGH, 15
<134>2021-07-15T05:35:37Z cache-sea4483 MEWElogs[412844]: ROTATE, 1626327337044185827, SEA, 15
<134>2021-07-15T05:35:55Z cache-bma1628 MEWElogs[412844]: ROTATE, 1626327354337147533, BMA, 15
<134>2021-07-15T05:36:21Z cache-bma1628 MEWElogs[412844]: ROTATE, 1626327380309752816, BMA, 15
<134>2021-07-15T05:36:24Z cache-cgh11183 MEWElogs[412844]: ROTATE, 1626327384248750587, CGH, 15
<134>2021-07-15T05:36:28Z cache-cgh11122 MEWElogs[412844]: ROTATE, 1626327386963154392, CGH, 15
<134>2021-07-15T05:36:45Z cache-sea4483 MEWElogs[412844]: ROTATE, 1626327405247522521, SEA, 15
<134>2021-07-15T05:37:04Z cache-bma1628 MEWElogs[412844]: ROTATE, 1626327423843350655, BMA, 15
<134>2021-07-15T05:37:13Z cache-bma1628 MEWElogs[412844]: ROTATE, 1626327432553370729, BMA, 15
<134>2021-07-15T05:37:33Z cache-cgh11183 MEWElogs[412844]: ROTATE, 1626327452238172972, CGH, 15
<134>2021-07-15T05:37:52Z cache-sjc10078 MEWElogs[412844]: ROTATE, 1626327471904600871, SJC, 15
<134>2021-07-15T05:38:02Z cache-cgh11183 MEWElogs[412844]: ROTATE, 1626327481080103812, CGH, 15
<134>2021-07-15T05:38:05Z cache-bma1628 MEWElogs[412844]: ROTATE, 1626327484352448727, BMA, 15
