<134>2021-07-15T02:03:07Z cache-lax10677 MEWElogs[322023]: GRAY, 1626314587201154830, LGB, 13
<134>2021-07-15T02:03:23Z cache-mci5951 MEWElogs[322023]: GRAY, 1626314602896482391, MCI, 13
<134>2021-07-15T02:03:51Z cache-osl6529 MEWElogs[322023]: GRAY, 1626314630405414577, OSL, 13
<134>2021-07-15T02:04:20Z cache-cdg20720 MEWElogs[322023]: GRAY, 1626314659244530500, CDG, 13
<134>2021-07-15T02:05:03Z cache-cdg20720 MEWElogs[322023]: GRAY, 1626314702385370005, CDG, 13
<134>2021-07-15T02:05:16Z cache-ewr18156 MEWElogs[322023]: GRAY, 1626314715526458151, EWR, 13
<134>2021-07-15T02:05:22Z cache-yul12826 MEWElogs[322023]: GRAY, 1626314722428935066, YUL, 13
<134>2021-07-15T02:05:40Z cache-lga21983 MEWElogs[322023]: GRAY, 1626314740359652648, LGA, 13
<134>2021-07-15T02:06:06Z cache-ewr18156 MEWElogs[322023]: GRAY, 1626314765547339800, EWR, 13
<134>2021-07-15T02:06:14Z cache-jax20933 MEWElogs[322023]: GRAY, 1626314773766084321, JAX, 13
<134>2021-07-15T02:06:31Z cache-cdg20720 MEWElogs[322023]: GRAY, 1626314790097310176, CDG, 13
<134>2021-07-15T02:06:45Z cache-yul12826 MEWElogs[322023]: GRAY, 1626314804910525991, YUL, 13
<134>2021-07-15T02:06:51Z cache-yul12826 MEWElogs[322023]: GRAY, 1626314811035639698, YUL, 13
<134>2021-07-15T02:06:51Z cache-osl6529 MEWElogs[322023]: GRAY, 1626314810846535317, OSL, 13
<134>2021-07-15T02:07:04Z cache-gig17035 MEWElogs[322023]: GRAY, 1626314822934111454, GIG, 13
<134>2021-07-15T02:07:29Z cache-lga21983 MEWElogs[322023]: GRAY, 1626314848720958173, LGA, 13
<134>2021-07-15T02:07:37Z cache-gru17149 MEWElogs[322023]: GRAY, 1626314856557273145, GRU, 13
<134>2021-07-15T02:07:56Z cache-gru17149 MEWElogs[322023]: GRAY, 1626314875751983970, GRU, 13
<134>2021-07-15T02:08:01Z cache-mel11272 MEWElogs[322023]: GRAY, 1626314880843793450, MEL, 13
<134>2021-07-15T02:08:17Z cache-bom4751 MEWElogs[322023]: GRAY, 1626314896994038273, BOM, 13
<134>2021-07-15T02:08:40Z cache-bom4751 MEWElogs[322023]: GRAY, 1626314920083491753, BOM, 13
<134>2021-07-15T02:08:41Z cache-lga21983 MEWElogs[322023]: GRAY, 1626314920694599575, LGA, 13
<134>2021-07-15T02:09:24Z cache-osl6529 MEWElogs[322023]: GRAY, 1626314963839433867, OSL, 13
<134>2021-07-15T02:09:27Z cache-lga21983 MEWElogs[322023]: GRAY, 1626314966110846053, LGA, 13
<134>2021-07-15T02:09:57Z cache-gru17149 MEWElogs[322023]: GRAY, 1626314996066059489, GRU, 13
<134>2021-07-15T02:10:09Z cache-stl4834 MEWElogs[322023]: GRAY, 1626315008352799979, STL, 13
<134>2021-07-15T02:11:20Z cache-cdg20720 MEWElogs[322023]: GRAY, 1626315080562104574, CDG, 13
<134>2021-07-15T02:11:26Z cache-cdg20720 MEWElogs[322023]: GRAY, 1626315085994309268, CDG, 13
<134>2021-07-15T02:11:30Z cache-bom4751 MEWElogs[322023]: GRAY, 1626315088864983557, BOM, 13
<134>2021-07-15T02:11:32Z cache-cdg20720 MEWElogs[322023]: GRAY, 1626315091518051402, CDG, 13
<134>2021-07-15T02:11:50Z cache-ewr18156 MEWElogs[322023]: GRAY, 1626315110369633563, EWR, 13
<134>2021-07-15T02:11:51Z cache-scl19427 MEWElogs[322023]: GRAY, 1626315110253647040, SCL, 13
<134>2021-07-15T02:12:03Z cache-ewr18156 MEWElogs[322023]: GRAY, 1626315122387400217, EWR, 13
<134>2021-07-15T02:12:45Z cache-ewr18156 MEWElogs[322023]: GRAY, 1626315165259230693, EWR, 13
