<134>2021-07-15T06:49:55Z cache-lon4249 MEWElogs[464521]: UNSH, 1626331794901036621, LON, 16
<134>2021-07-15T06:50:10Z cache-jnb7027 MEWElogs[464521]: UNSH, 1626331809681732266, JNB, 16
<134>2021-07-15T06:50:20Z cache-hel6829 MEWElogs[464521]: UNSH, 1626331819908476484, HEL, 16
<134>2021-07-15T06:50:37Z cache-iah17271 MEWElogs[464521]: UNSH, 1626331835971131991, IAH, 16
<134>2021-07-15T06:50:55Z cache-dal21283 MEWElogs[464521]: UNSH, 1626331855586869635, DAL, 16
<134>2021-07-15T06:51:04Z cache-lon4249 MEWElogs[464521]: UNSH, 1626331863602374367, LON, 16
<134>2021-07-15T06:51:16Z cache-mrs10583 MEWElogs[464521]: UNSH, 1626331875723911520, MRS, 16
<134>2021-07-15T06:51:31Z cache-fra19177 MEWElogs[464521]: UNSH, 1626331891439930298, FRA, 16
<134>2021-07-15T06:51:41Z cache-fra19177 MEWElogs[464521]: UNSH, 1626331900383534972, FRA, 16
<134>2021-07-15T06:52:23Z cache-iah17271 MEWElogs[464521]: UNSH, 1626331942328239816, IAH, 16
<134>2021-07-15T06:52:34Z cache-lcy19283 MEWElogs[464521]: UNSH, 1626331954049629825, LCY, 16
<134>2021-07-15T06:52:49Z cache-jnb7027 MEWElogs[464521]: UNSH, 1626331968799551581, JNB, 16
<134>2021-07-15T06:52:58Z cache-iah17271 MEWElogs[464521]: UNSH, 1626331977783318051, IAH, 16
<134>2021-07-15T06:53:06Z cache-mad22068 MEWElogs[464521]: UNSH, 1626331985562977022, MAD, 16
<134>2021-07-15T06:53:40Z cache-lcy19283 MEWElogs[464521]: UNSH, 1626332020805767235, LCY, 16
<134>2021-07-15T06:54:10Z cache-hel6829 MEWElogs[464521]: UNSH, 1626332049083027976, HEL, 16
<134>2021-07-15T06:54:11Z cache-iah17271 MEWElogs[464521]: UNSH, 1626332050549067322, IAH, 16
<134>2021-07-15T06:54:40Z cache-hel6829 MEWElogs[464521]: UNSH, 1626332079730652989, HEL, 16
<134>2021-07-15T06:54:48Z cache-lcy19283 MEWElogs[464521]: UNSH, 1626332087300548152, LCY, 16
<134>2021-07-15T06:54:52Z cache-fra19177 MEWElogs[464521]: UNSH, 1626332092197069389, FRA, 16
<134>2021-07-15T06:54:56Z cache-iah17271 MEWElogs[464521]: UNSH, 1626332096387183860, IAH, 16
<134>2021-07-15T06:54:57Z cache-den8274 MEWElogs[464521]: UNSH, 1626332096017545926, DEN, 16
<134>2021-07-15T06:55:07Z cache-jnb7027 MEWElogs[464521]: UNSH, 1626332107022811297, JNB, 16
<134>2021-07-15T06:55:14Z cache-mrs10583 MEWElogs[464521]: UNSH, 1626332113601447020, MRS, 16
<134>2021-07-15T06:55:20Z cache-mia11368 MEWElogs[464521]: UNSH, 1626332119419974227, MIA, 16
<134>2021-07-15T06:55:31Z cache-hel6829 MEWElogs[464521]: UNSH, 1626332130920279562, HEL, 16
<134>2021-07-15T06:55:43Z cache-den8274 MEWElogs[464521]: UNSH, 1626332142685487872, DEN, 16
<134>2021-07-15T06:55:54Z cache-lcy19283 MEWElogs[464521]: UNSH, 1626332153937404372, LCY, 16
<134>2021-07-15T06:56:26Z cache-bur17583 MEWElogs[464521]: UNSH, 1626332185470370613, BUR, 16
<134>2021-07-15T06:56:29Z cache-jnb7027 MEWElogs[464521]: UNSH, 1626332189451378564, JNB, 16
<134>2021-07-15T06:56:36Z cache-lon4249 MEWElogs[464521]: UNSH, 1626332195320789043, LON, 16
<134>2021-07-15T06:56:40Z cache-jnb7027 MEWElogs[464521]: UNSH, 1626332199537285246, JNB, 16
<134>2021-07-15T06:56:43Z cache-hel6829 MEWElogs[464521]: UNSH, 1626332202174965713, HEL, 16
<134>2021-07-15T06:56:52Z cache-mad22068 MEWElogs[464521]: UNSH, 1626332211427680761, MAD, 16
<134>2021-07-15T06:56:57Z cache-den8274 MEWElogs[464521]: UNSH, 1626332216181129654, DEN, 16
<134>2021-07-15T06:57:00Z cache-jnb7027 MEWElogs[464521]: UNSH, 1626332219999130203, JNB, 16
<134>2021-07-15T06:57:00Z cache-lon4249 MEWElogs[464521]: UNSH, 1626332220213182680, LON, 16
<134>2021-07-15T06:57:01Z cache-mad22068 MEWElogs[464521]: UNSH, 1626332220397091313, MAD, 16
<134>2021-07-15T06:57:38Z cache-mrs10583 MEWElogs[464521]: UNSH, 1626332257162512217, MRS, 16
<134>2021-07-15T06:58:29Z cache-bur17583 MEWElogs[464521]: UNSH, 1626332309587114864, BUR, 16
