<134>2021-07-15T04:29:45Z cache-dfw18678 MEWElogs[318405]: ROTATE, 1626323385002749156, DFW, 15
<134>2021-07-15T04:29:48Z cache-fty21383 MEWElogs[318405]: ROTATE, 1626323387432895083, FTY, 15
<134>2021-07-15T04:30:19Z cache-dub4329 MEWElogs[318405]: ROTATE, 1626323418863584820, DUB, 15
<134>2021-07-15T04:30:47Z cache-del21735 MEWElogs[318405]: ROTATE, 1626323446845852976, DEL, 15
<134>2021-07-15T04:31:12Z cache-pwk4920 MEWElogs[318405]: ROTATE, 1626323471435799646, PWK, 15
<134>2021-07-15T04:31:13Z cache-dub4329 MEWElogs[318405]: ROTATE, 1626323472863546972, DUB, 15
<134>2021-07-15T04:31:19Z cache-fty21383 MEWElogs[318405]: ROTATE, 1626323478943367084, FTY, 15
<134>2021-07-15T04:31:42Z cache-pwk4920 MEWElogs[318405]: ROTATE, 1626323502014101841, PWK, 15
<134>2021-07-15T04:31:52Z cache-akl10324 MEWElogs[318405]: ROTATE, 1626323511410901868, AKL, 15
<134>2021-07-15T04:32:00Z cache-dub4329 MEWElogs[318405]: ROTATE, 1626323519658282132, DUB, 15
<134>2021-07-15T04:32:16Z cache-chi21126 MEWElogs[318405]: ROTATE, 1626323536146479812, CHI, 15
<134>2021-07-15T04:32:23Z cache-akl10324 MEWElogs[318405]: ROTATE, 1626323542839937026, AKL, 15
<134>2021-07-15T04:32:27Z cache-fty21383 MEWElogs[318405]: ROTATE, 1626323546075512677, FTY, 15
<134>2021-07-15T04:32:56Z cache-akl10324 MEWElogs[318405]: ROTATE, 1626323575072792873, AKL, 15
<134>2021-07-15T04:33:46Z cache-hhn4077 MEWElogs[318405]: ROTATE, 1626323625667624873, HHN, 15
<134>2021-07-15T04:34:07Z cache-fty21383 MEWElogs[318405]: ROTATE, 1626323646493376565, FTY, 15
<134>2021-07-15T04:34:08Z cache-del21735 MEWElogs[318405]: ROTATE, 1626323647434510802, DEL, 15
<134>2021-07-15T04:34:33Z cache-pwk4920 MEWElogs[318405]: ROTATE, 1626323672881387113, PWK, 15
<134>2021-07-15T04:35:54Z cache-akl10324 MEWElogs[318405]: ROTATE, 1626323754292318047, AKL, 15
<134>2021-07-15T04:36:03Z cache-dfw18678 MEWElogs[318405]: ROTATE, 1626323763655302651, DFW, 15
<134>2021-07-15T04:38:35Z cache-iah17271 MEWElogs[318405]: ROTATE, 1626323914957442921, IAH, 15
<134>2021-07-15T04:38:58Z cache-iah17271 MEWElogs[318405]: ROTATE, 1626323937891735636, IAH, 15
<134>2021-07-15T04:39:10Z cache-lon4249 MEWElogs[318405]: ROTATE, 1626323949745273011, LON, 15
<134>2021-07-15T04:39:38Z cache-dal21283 MEWElogs[318405]: ROTATE, 1626323977793818144, DAL, 15
<134>2021-07-15T04:39:40Z cache-bur17583 MEWElogs[318405]: ROTATE, 1626323980032734384, BUR, 15
