<134>2021-07-15T05:38:37Z cache-sjc10078 MEWElogs[21956]: ROTATE, 1626327516539490483, SJC, 15
<134>2021-07-15T05:39:14Z cache-bma1628 MEWElogs[21956]: ROTATE, 1626327553458940835, BMA, 15
<134>2021-07-15T05:39:15Z cache-hnd18722 MEWElogs[21956]: ROTATE, 1626327554242111889, HND, 15
<134>2021-07-15T05:39:37Z cache-cgh11183 MEWElogs[21956]: ROTATE, 1626327576661811154, CGH, 15
<134>2021-07-15T05:40:11Z cache-tyo11974 MEWElogs[21956]: ROTATE, 1626327610344217805, TYO, 15
<134>2021-07-15T05:40:56Z cache-sjc10078 MEWElogs[21956]: ROTATE, 1626327655024153320, SJC, 15
<134>2021-07-15T05:41:09Z cache-sea4483 MEWElogs[21956]: ROTATE, 1626327667973971072, SEA, 15
<134>2021-07-15T05:41:27Z cache-tyo11974 MEWElogs[21956]: ROTATE, 1626327686282007846, TYO, 15
<134>2021-07-15T05:41:53Z cache-yyz4551 MEWElogs[21956]: ROTATE, 1626327712629347017, YYZ, 15
<134>2021-07-15T05:42:02Z cache-yyz4551 MEWElogs[21956]: ROTATE, 1626327721290918416, YYZ, 15
<134>2021-07-15T05:42:46Z cache-yyz4551 MEWElogs[21956]: ROTATE, 1626327765459187033, YYZ, 15
<134>2021-07-15T05:43:17Z cache-sjc10078 MEWElogs[21956]: ROTATE, 1626327796521749964, SJC, 15
<134>2021-07-15T05:43:56Z cache-yyz4551 MEWElogs[21956]: ROTATE, 1626327835230180271, YYZ, 15
<134>2021-07-15T05:44:09Z cache-sea4483 MEWElogs[21956]: ROTATE, 1626327849134342206, SEA, 15
<134>2021-07-15T05:44:16Z cache-cgh11183 MEWElogs[21956]: ROTATE, 1626327855737009759, CGH, 15
<134>2021-07-15T05:45:05Z cache-sea4483 MEWElogs[21956]: ROTATE, 1626327905637921593, SEA, 15
<134>2021-07-15T05:45:07Z cache-tyo11974 MEWElogs[21956]: ROTATE, 1626327907698128024, TYO, 15
<134>2021-07-15T05:45:49Z cache-yyz4551 MEWElogs[21956]: ROTATE, 1626327948852510687, YYZ, 15
<134>2021-07-15T05:46:24Z cache-yyz4551 MEWElogs[21956]: ROTATE, 1626327983733344948, YYZ, 15
<134>2021-07-15T05:46:51Z cache-yyz4551 MEWElogs[21956]: ROTATE, 1626328010522493558, YYZ, 15
