<134>2021-07-15T01:43:04Z cache-cwb20520 MEWElogs[370074]: GRAY, 1626313383361444718, CWB, 13
<134>2021-07-15T01:43:05Z cache-dfw18678 MEWElogs[370074]: GRAY, 1626313384425153850, DFW, 13
<134>2021-07-15T01:43:08Z cache-lon4249 MEWElogs[370074]: GRAY, 1626313387211953335, LON, 13
<134>2021-07-15T01:43:23Z cache-den8274 MEWElogs[370074]: GRAY, 1626313402819399426, DEN, 13
<134>2021-07-15T01:43:40Z cache-lon4249 MEWElogs[370074]: GRAY, 1626313419728600837, LON, 13
<134>2021-07-15T01:43:42Z cache-hel6829 MEWElogs[370074]: GRAY, 1626313421901022661, HEL, 13
<134>2021-07-15T01:44:04Z cache-lon4249 MEWElogs[370074]: GRAY, 1626313443093920593, LON, 13
<134>2021-07-15T01:44:08Z cache-lon4249 MEWElogs[370074]: GRAY, 1626313447904382213, LON, 13
<134>2021-07-15T01:44:21Z cache-den8274 MEWElogs[370074]: GRAY, 1626313461132349733, DEN, 13
<134>2021-07-15T01:44:28Z cache-pwk4920 MEWElogs[370074]: GRAY, 1626313467230449964, PWK, 13
<134>2021-07-15T01:44:32Z cache-lcy19283 MEWElogs[370074]: GRAY, 1626313471049909731, LCY, 13
<134>2021-07-15T01:45:52Z cache-iah17271 MEWElogs[370074]: GRAY, 1626313551637940571, IAH, 13
<134>2021-07-15T01:45:59Z cache-pwk4920 MEWElogs[370074]: GRAY, 1626313558810388932, PWK, 13
<134>2021-07-15T01:46:11Z cache-dal21283 MEWElogs[370074]: GRAY, 1626313570844657357, DAL, 13
<134>2021-07-15T01:46:25Z cache-lon4249 MEWElogs[370074]: GRAY, 1626313583943502816, LON, 13
<134>2021-07-15T01:46:29Z cache-jnb7027 MEWElogs[370074]: GRAY, 1626313589517343394, JNB, 13
<134>2021-07-15T01:46:48Z cache-jnb7027 MEWElogs[370074]: GRAY, 1626313607816270427, JNB, 13
<134>2021-07-15T01:46:54Z cache-jnb7027 MEWElogs[370074]: GRAY, 1626313613750849580, JNB, 13
<134>2021-07-15T01:47:00Z cache-lcy19283 MEWElogs[370074]: GRAY, 1626313619118496282, LCY, 13
<134>2021-07-15T01:47:07Z cache-cwb20520 MEWElogs[370074]: GRAY, 1626313626834703659, CWB, 13
<134>2021-07-15T01:47:14Z cache-den8274 MEWElogs[370074]: GRAY, 1626313633755920681, DEN, 13
<134>2021-07-15T01:47:31Z cache-jnb7027 MEWElogs[370074]: GRAY, 1626313650172817111, JNB, 13
<134>2021-07-15T01:47:41Z cache-mad22068 MEWElogs[370074]: GRAY, 1626313660858956645, MAD, 13
<134>2021-07-15T01:47:48Z cache-hel6829 MEWElogs[370074]: GRAY, 1626313667277182574, HEL, 13
<134>2021-07-15T01:47:54Z cache-den8274 MEWElogs[370074]: GRAY, 1626313673996128730, DEN, 13
<134>2021-07-15T01:48:16Z cache-dal21283 MEWElogs[370074]: GRAY, 1626313696632068919, DAL, 13
<134>2021-07-15T01:48:18Z cache-lcy19283 MEWElogs[370074]: GRAY, 1626313697744121015, LCY, 13
<134>2021-07-15T01:48:25Z cache-jnb7027 MEWElogs[370074]: GRAY, 1626313703906866245, JNB, 13
<134>2021-07-15T01:48:58Z cache-lcy19283 MEWElogs[370074]: GRAY, 1626313737272630691, LCY, 13
<134>2021-07-15T01:49:23Z cache-cwb20520 MEWElogs[370074]: GRAY, 1626313762453730393, CWB, 13
<134>2021-07-15T01:49:27Z cache-bur17583 MEWElogs[370074]: GRAY, 1626313766806698830, BUR, 13
<134>2021-07-15T01:49:30Z cache-cwb20520 MEWElogs[370074]: GRAY, 1626313769186491597, CWB, 13
<134>2021-07-15T01:50:03Z cache-mad22068 MEWElogs[370074]: GRAY, 1626313801918563165, MAD, 13
<134>2021-07-15T01:50:09Z cache-bur17583 MEWElogs[370074]: GRAY, 1626313809377214881, BUR, 13
<134>2021-07-15T01:50:20Z cache-jnb7027 MEWElogs[370074]: GRAY, 1626313819169038815, JNB, 13
<134>2021-07-15T01:50:25Z cache-lcy19283 MEWElogs[370074]: GRAY, 1626313825284997105, LCY, 13
<134>2021-07-15T01:50:27Z cache-iah17271 MEWElogs[370074]: GRAY, 1626313827036732013, IAH, 13
<134>2021-07-15T01:50:38Z cache-bur17583 MEWElogs[370074]: GRAY, 1626313837790718199, BUR, 13
<134>2021-07-15T01:51:05Z cache-lhr7382 MEWElogs[370074]: GRAY, 1626313864679301183, LHR, 13
<134>2021-07-15T01:51:08Z cache-mad22068 MEWElogs[370074]: GRAY, 1626313867758224394, MAD, 13
<134>2021-07-15T01:51:14Z cache-den8274 MEWElogs[370074]: GRAY, 1626313874157369449, DEN, 13
<134>2021-07-15T01:51:54Z cache-mia11368 MEWElogs[370074]: GRAY, 1626313913356496698, MIA, 13
<134>2021-07-15T01:51:57Z cache-iah17271 MEWElogs[370074]: GRAY, 1626313916590748876, IAH, 13
<134>2021-07-15T01:52:07Z cache-lhr7382 MEWElogs[370074]: GRAY, 1626313926876529452, LHR, 13
<134>2021-07-15T01:52:35Z cache-hkg17929 MEWElogs[370074]: GRAY, 1626313955239688067, HKG, 13
<134>2021-07-15T01:52:36Z cache-lhr7382 MEWElogs[370074]: GRAY, 1626313955304936298, LHR, 13
