<134>2021-07-15T00:28:49Z cache-wdc5583 MEWElogs[46369]: CROP, 1626308928931091374, WDC, 12
<134>2021-07-15T00:28:51Z cache-ord1740 MEWElogs[46369]: CROP, 1626308930589567294, ORD, 12
<134>2021-07-15T00:28:55Z cache-ord1740 MEWElogs[46369]: CROP, 1626308934082933030, ORD, 12
<134>2021-07-15T00:29:06Z cache-bog6425 MEWElogs[46369]: CROP, 1626308945638512036, BOG, 12
<134>2021-07-15T00:29:09Z cache-ord1740 MEWElogs[46369]: CROP, 1626308947989958548, ORD, 12
<134>2021-07-15T00:29:10Z cache-bog6425 MEWElogs[46369]: CROP, 1626308949846685997, BOG, 12
<134>2021-07-15T00:29:13Z cache-cmh21547 MEWElogs[46369]: CROP, 1626308952998130581, CMH, 12
<134>2021-07-15T00:29:16Z cache-ord1740 MEWElogs[46369]: CROP, 1626308955040662786, ORD, 12
<134>2021-07-15T00:29:19Z cache-wdc5583 MEWElogs[46369]: CROP, 1626308959036611934, WDC, 12
<134>2021-07-15T00:29:27Z cache-pdk17882 MEWElogs[46369]: CROP, 1626308966854682358, PDK, 12
<134>2021-07-15T00:29:40Z cache-ord1740 MEWElogs[46369]: CROP, 1626308979467732545, ORD, 12
<134>2021-07-15T00:29:44Z cache-bog6425 MEWElogs[46369]: CROP, 1626308984329372554, BOG, 12
<134>2021-07-15T00:29:52Z cache-pdk17882 MEWElogs[46369]: CROP, 1626308991887995077, PDK, 12
<134>2021-07-15T00:30:08Z cache-ord1740 MEWElogs[46369]: CROP, 1626309007673452276, ORD, 12
<134>2021-07-15T00:30:11Z cache-dca17782 MEWElogs[46369]: CROP, 1626309010198657552, DCA, 12
<134>2021-07-15T00:30:12Z cache-mdw17383 MEWElogs[46369]: CROP, 1626309011050787970, MDW, 12
<134>2021-07-15T00:30:24Z cache-mdw17383 MEWElogs[46369]: CROP, 1626309024711586419, MDW, 12
<134>2021-07-15T00:30:25Z cache-pdk17882 MEWElogs[46369]: CROP, 1626309024817075006, PDK, 12
<134>2021-07-15T00:30:33Z cache-ord1740 MEWElogs[46369]: CROP, 1626309032097213841, ORD, 12
<134>2021-07-15T00:30:36Z cache-bog6425 MEWElogs[46369]: CROP, 1626309036022094880, BOG, 12
<134>2021-07-15T00:30:46Z cache-ams21020 MEWElogs[46369]: CROP, 1626309045564396812, AMS, 12
<134>2021-07-15T00:30:49Z cache-wdc5583 MEWElogs[46369]: CROP, 1626309048950190124, WDC, 12
<134>2021-07-15T00:30:57Z cache-bog6425 MEWElogs[46369]: CROP, 1626309057158414212, BOG, 12
<134>2021-07-15T00:31:03Z cache-cmh21547 MEWElogs[46369]: CROP, 1626309063248839359, CMH, 12
<134>2021-07-15T00:31:04Z cache-ord1740 MEWElogs[46369]: CROP, 1626309063929739246, ORD, 12
<134>2021-07-15T00:31:10Z cache-bog6425 MEWElogs[46369]: CROP, 1626309069899172546, BOG, 12
<134>2021-07-15T00:31:16Z cache-pdk17882 MEWElogs[46369]: CROP, 1626309075822576078, PDK, 12
<134>2021-07-15T00:31:20Z cache-ams21020 MEWElogs[46369]: CROP, 1626309079663915356, AMS, 12
<134>2021-07-15T00:31:20Z cache-pdk17882 MEWElogs[46369]: CROP, 1626309079510736674, PDK, 12
<134>2021-07-15T00:31:36Z cache-ord1740 MEWElogs[46369]: CROP, 1626309095638903346, ORD, 12
<134>2021-07-15T00:31:38Z cache-mdw17383 MEWElogs[46369]: CROP, 1626309097343859854, MDW, 12
<134>2021-07-15T00:31:46Z cache-maa10251 MEWElogs[46369]: CROP, 1626309105351101294, MAA, 12
<134>2021-07-15T00:31:46Z cache-wdc5583 MEWElogs[46369]: CROP, 1626309105652211689, WDC, 12
<134>2021-07-15T00:31:54Z cache-eze19324 MEWElogs[46369]: CROP, 1626309113550464207, EZE, 12
<134>2021-07-15T00:31:57Z cache-dca17782 MEWElogs[46369]: CROP, 1626309116427078156, DCA, 12
<134>2021-07-15T00:31:59Z cache-ams21020 MEWElogs[46369]: CROP, 1626309119108446725, AMS, 12
<134>2021-07-15T00:32:00Z cache-dca17782 MEWElogs[46369]: CROP, 1626309120102276345, DCA, 12
<134>2021-07-15T00:32:02Z cache-ams21020 MEWElogs[46369]: CROP, 1626309121936159937, AMS, 12
<134>2021-07-15T00:32:13Z cache-mdw17383 MEWElogs[46369]: CROP, 1626309133227807534, MDW, 12
<134>2021-07-15T00:32:13Z cache-pdk17882 MEWElogs[46369]: CROP, 1626309133779331359, PDK, 12
<134>2021-07-15T00:32:15Z cache-ord1740 MEWElogs[46369]: CROP, 1626309134412832087, ORD, 12
<134>2021-07-15T00:32:45Z cache-ams21020 MEWElogs[46369]: CROP, 1626309164188569003, AMS, 12
<134>2021-07-15T00:32:50Z cache-cmh21547 MEWElogs[46369]: CROP, 1626309169570011411, CMH, 12
<134>2021-07-15T00:32:55Z cache-cmh21547 MEWElogs[46369]: CROP, 1626309174826003150, CMH, 12
<134>2021-07-15T00:33:04Z cache-ord1740 MEWElogs[46369]: CROP, 1626309183496961914, ORD, 12
<134>2021-07-15T00:33:07Z cache-ord1740 MEWElogs[46369]: CROP, 1626309186950018048, ORD, 12
<134>2021-07-15T00:33:17Z cache-bog6425 MEWElogs[46369]: CROP, 1626309197273146230, BOG, 12
<134>2021-07-15T00:33:19Z cache-dca17782 MEWElogs[46369]: CROP, 1626309198378410400, DCA, 12
<134>2021-07-15T00:33:24Z cache-maa10251 MEWElogs[46369]: CROP, 1626309204575027277, MAA, 12
<134>2021-07-15T00:33:27Z cache-eze19324 MEWElogs[46369]: CROP, 1626309206169827463, EZE, 12
<134>2021-07-15T00:33:47Z cache-eze19324 MEWElogs[46369]: CROP, 1626309226372804322, EZE, 12
<134>2021-07-15T00:33:49Z cache-cph20625 MEWElogs[46369]: CROP, 1626309228825568912, CPH, 12
<134>2021-07-15T00:33:57Z cache-wdc5583 MEWElogs[46369]: CROP, 1626309237377777646, WDC, 12
<134>2021-07-15T00:34:01Z cache-mdw17383 MEWElogs[46369]: CROP, 1626309240239212062, MDW, 12
<134>2021-07-15T00:34:02Z cache-cph20625 MEWElogs[46369]: CROP, 1626309242043311457, CPH, 12
<134>2021-07-15T00:34:14Z cache-maa10251 MEWElogs[46369]: CROP, 1626309254023894296, MAA, 12
<134>2021-07-15T00:34:20Z cache-cph20625 MEWElogs[46369]: CROP, 1626309259572371217, CPH, 12
<134>2021-07-15T00:34:21Z cache-pdk17882 MEWElogs[46369]: CROP, 1626309260802939075, PDK, 12
<134>2021-07-15T00:34:21Z cache-bog6425 MEWElogs[46369]: CROP, 1626309260598962398, BOG, 12
<134>2021-07-15T00:34:26Z cache-maa10251 MEWElogs[46369]: CROP, 1626309265414457359, MAA, 12
<134>2021-07-15T00:34:32Z cache-dca17782 MEWElogs[46369]: CROP, 1626309272587539813, DCA, 12
<134>2021-07-15T00:34:49Z cache-eze19324 MEWElogs[46369]: CROP, 1626309288574346833, EZE, 12
<134>2021-07-15T00:34:49Z cache-wdc5583 MEWElogs[46369]: CROP, 1626309288512931015, WDC, 12
<134>2021-07-15T00:34:50Z cache-chi21126 MEWElogs[46369]: CROP, 1626309289530750498, CHI, 12
<134>2021-07-15T00:35:03Z cache-akl10324 MEWElogs[46369]: CROP, 1626309302160158686, AKL, 12
<134>2021-07-15T00:35:06Z cache-wdc5583 MEWElogs[46369]: CROP, 1626309305896648636, WDC, 12
<134>2021-07-15T00:35:07Z cache-mdw17383 MEWElogs[46369]: CROP, 1626309306426678761, MDW, 12
<134>2021-07-15T00:35:12Z cache-akl10324 MEWElogs[46369]: CROP, 1626309311332720774, AKL, 12
<134>2021-07-15T00:35:15Z cache-dfw18678 MEWElogs[46369]: CROP, 1626309314630604202, DFW, 12
<134>2021-07-15T00:35:29Z cache-mdw17383 MEWElogs[46369]: CROP, 1626309328577217303, MDW, 12
<134>2021-07-15T00:35:45Z cache-fty21383 MEWElogs[46369]: CROP, 1626309344699722011, FTY, 12
<134>2021-07-15T00:35:46Z cache-eze19324 MEWElogs[46369]: CROP, 1626309346114153240, EZE, 12
<134>2021-07-15T00:35:52Z cache-bos4657 MEWElogs[46369]: CROP, 1626309352207442261, BOS, 12
<134>2021-07-15T00:35:57Z cache-del21735 MEWElogs[46369]: CROP, 1626309356633250912, DEL, 12
<134>2021-07-15T00:35:58Z cache-akl10324 MEWElogs[46369]: CROP, 1626309358139109983, AKL, 12
<134>2021-07-15T00:36:05Z cache-del21735 MEWElogs[46369]: CROP, 1626309363920920454, DEL, 12
<134>2021-07-15T00:36:07Z cache-bos4657 MEWElogs[46369]: CROP, 1626309367036616112, BOS, 12
<134>2021-07-15T00:36:19Z cache-fty21383 MEWElogs[46369]: CROP, 1626309378577256538, FTY, 12
<134>2021-07-15T00:36:26Z cache-pwk4920 MEWElogs[46369]: CROP, 1626309385960633915, PWK, 12
<134>2021-07-15T00:36:36Z cache-akl10324 MEWElogs[46369]: CROP, 1626309396182119161, AKL, 12
<134>2021-07-15T00:36:48Z cache-eze19324 MEWElogs[46369]: CROP, 1626309407396974388, EZE, 12
<134>2021-07-15T00:36:53Z cache-chi21126 MEWElogs[46369]: CROP, 1626309412861448766, CHI, 12
<134>2021-07-15T00:36:55Z cache-fty21383 MEWElogs[46369]: CROP, 1626309414814852123, FTY, 12
<134>2021-07-15T00:37:10Z cache-akl10324 MEWElogs[46369]: CROP, 1626309429358427968, AKL, 12
<134>2021-07-15T00:37:15Z cache-cph20625 MEWElogs[46369]: CROP, 1626309434223787517, CPH, 12
<134>2021-07-15T00:37:32Z cache-chi21126 MEWElogs[46369]: CROP, 1626309452014474751, CHI, 12
<134>2021-07-15T00:37:44Z cache-cph20625 MEWElogs[46369]: CROP, 1626309464643852310, CPH, 12
<134>2021-07-15T00:37:48Z cache-bos4657 MEWElogs[46369]: CROP, 1626309467576532361, BOS, 12
<134>2021-07-15T00:37:51Z cache-bos4657 MEWElogs[46369]: CROP, 1626309471282246241, BOS, 12
<134>2021-07-15T00:37:52Z cache-dub4329 MEWElogs[46369]: CROP, 1626309471518071793, DUB, 12
<134>2021-07-15T00:37:56Z cache-hel6829 MEWElogs[46369]: CROP, 1626309475024021497, HEL, 12
<134>2021-07-15T00:37:56Z cache-pwk4920 MEWElogs[46369]: CROP, 1626309475446232668, PWK, 12
<134>2021-07-15T00:38:23Z cache-dfw18678 MEWElogs[46369]: CROP, 1626309502971697795, DFW, 12
<134>2021-07-15T00:38:28Z cache-dfw18678 MEWElogs[46369]: CROP, 1626309508040359355, DFW, 12
<134>2021-07-15T00:38:29Z cache-bos4657 MEWElogs[46369]: CROP, 1626309508759362471, BOS, 12
<134>2021-07-15T00:38:30Z cache-dub4329 MEWElogs[46369]: CROP, 1626309509792488392, DUB, 12
<134>2021-07-15T00:38:33Z cache-cph20625 MEWElogs[46369]: CROP, 1626309512597737440, CPH, 12
<134>2021-07-15T00:38:34Z cache-akl10324 MEWElogs[46369]: CROP, 1626309513100445723, AKL, 12
<134>2021-07-15T00:38:36Z cache-fty21383 MEWElogs[46369]: CROP, 1626309515095392919, FTY, 12
<134>2021-07-15T00:38:41Z cache-del21735 MEWElogs[46369]: CROP, 1626309519876955064, DEL, 12
