<134>2021-07-15T00:59:05Z cache-bom4751 MEWElogs[39982]: CROP, 1626310744727243251, BOM, 12
<134>2021-07-15T00:59:08Z cache-hnd18722 MEWElogs[39982]: CROP, 1626310748456310993, HND, 12
<134>2021-07-15T00:59:18Z cache-pao17461 MEWElogs[39982]: CROP, 1626310757769376839, PAO, 12
<134>2021-07-15T00:59:23Z cache-gru17149 MEWElogs[39982]: CROP, 1626310762699303810, GRU, 12
<134>2021-07-15T00:59:27Z cache-pao17461 MEWElogs[39982]: CROP, 1626310766279759920, PAO, 12
<134>2021-07-15T00:59:27Z cache-hnd18722 MEWElogs[39982]: CROP, 1626310766730422288, HND, 12
<134>2021-07-15T00:59:34Z cache-scl19427 MEWElogs[39982]: CROP, 1626310774152332713, SCL, 12
<134>2021-07-15T01:00:11Z cache-itm18851 MEWElogs[39982]: CROP, 1626310810116365573, ITM, 12
<134>2021-07-15T01:00:26Z cache-bom4751 MEWElogs[39982]: CROP, 1626310825562995651, BOM, 12
<134>2021-07-15T01:00:45Z cache-cgh11122 MEWElogs[39982]: CROP, 1626310845075611996, CGH, 12
<134>2021-07-15T01:00:47Z cache-pao17461 MEWElogs[39982]: CROP, 1626310846820542122, PAO, 12
<134>2021-07-15T01:00:52Z cache-bom4751 MEWElogs[39982]: CROP, 1626310851368611409, BOM, 12
<134>2021-07-15T01:01:25Z cache-bom4751 MEWElogs[39982]: CROP, 1626310884716161796, BOM, 12
<134>2021-07-15T01:01:26Z cache-scl19427 MEWElogs[39982]: CROP, 1626310885604503026, SCL, 12
<134>2021-07-15T01:01:33Z cache-syd10183 MEWElogs[39982]: CROP, 1626310892317580994, SYD, 12
<134>2021-07-15T01:01:51Z cache-hnd18722 MEWElogs[39982]: CROP, 1626310910207242261, HND, 12
<134>2021-07-15T01:02:06Z cache-bom4751 MEWElogs[39982]: CROP, 1626310924907759398, BOM, 12
<134>2021-07-15T01:02:31Z cache-itm18851 MEWElogs[39982]: CROP, 1626310951163866478, ITM, 12
<134>2021-07-15T01:02:35Z cache-scl19427 MEWElogs[39982]: CROP, 1626310954565670231, SCL, 12
<134>2021-07-15T01:02:38Z cache-pao17461 MEWElogs[39982]: CROP, 1626310957180228898, PAO, 12
<134>2021-07-15T01:02:49Z cache-stl4834 MEWElogs[39982]: CROP, 1626310968828498386, STL, 12
<134>2021-07-15T01:02:53Z cache-bom4751 MEWElogs[39982]: CROP, 1626310972789348029, BOM, 12
<134>2021-07-15T01:03:03Z cache-gig17035 MEWElogs[39982]: CROP, 1626310982908632393, GIG, 12
<134>2021-07-15T01:03:23Z cache-gig17035 MEWElogs[39982]: CROP, 1626311002938989514, GIG, 12
<134>2021-07-15T01:03:32Z cache-pao17461 MEWElogs[39982]: CROP, 1626311012339326641, PAO, 12
<134>2021-07-15T01:03:33Z cache-gig17035 MEWElogs[39982]: CROP, 1626311013386847355, GIG, 12
<134>2021-07-15T01:03:45Z cache-hnd18722 MEWElogs[39982]: CROP, 1626311024970720462, HND, 12
<134>2021-07-15T01:04:00Z cache-scl19427 MEWElogs[39982]: CROP, 1626311039861618158, SCL, 12
<134>2021-07-15T01:04:13Z cache-sjc10078 MEWElogs[39982]: CROP, 1626311052914868006, SJC, 12
<134>2021-07-15T01:04:17Z cache-sea4483 MEWElogs[39982]: CROP, 1626311056764968661, SEA, 12
<134>2021-07-15T01:04:23Z cache-itm18851 MEWElogs[39982]: CROP, 1626311063376322369, ITM, 12
<134>2021-07-15T01:04:28Z cache-hnd18722 MEWElogs[39982]: CROP, 1626311067184359075, HND, 12
<134>2021-07-15T01:04:41Z cache-cgh11183 MEWElogs[39982]: CROP, 1626311081250713004, CGH, 12
<134>2021-07-15T01:04:53Z cache-pao17461 MEWElogs[39982]: CROP, 1626311093011023067, PAO, 12
<134>2021-07-15T01:05:19Z cache-hnd18722 MEWElogs[39982]: CROP, 1626311117992754892, HND, 12
<134>2021-07-15T01:05:22Z cache-bma1628 MEWElogs[39982]: CROP, 1626311121124954383, BMA, 12
<134>2021-07-15T01:05:40Z cache-tyo11974 MEWElogs[39982]: CROP, 1626311139634814881, TYO, 12
<134>2021-07-15T01:05:47Z cache-hnd18722 MEWElogs[39982]: CROP, 1626311145955846859, HND, 12
<134>2021-07-15T01:05:53Z cache-sjc10078 MEWElogs[39982]: CROP, 1626311152833611149, SJC, 12
<134>2021-07-15T01:05:55Z cache-hnd18722 MEWElogs[39982]: CROP, 1626311155161432254, HND, 12
<134>2021-07-15T01:05:57Z cache-cgh11183 MEWElogs[39982]: CROP, 1626311156144886530, CGH, 12
<134>2021-07-15T01:06:36Z cache-itm18851 MEWElogs[39982]: CROP, 1626311195812574123, ITM, 12
<134>2021-07-15T01:07:00Z cache-vie21629 MEWElogs[39982]: CROP, 1626311219343070643, VIE, 12
<134>2021-07-15T01:07:10Z cache-sjc10078 MEWElogs[39982]: CROP, 1626311229100813870, SJC, 12
<134>2021-07-15T01:07:30Z cache-cgh11183 MEWElogs[39982]: CROP, 1626311249851403440, CGH, 12
<134>2021-07-15T01:07:40Z cache-vie21629 MEWElogs[39982]: CROP, 1626311259639378372, VIE, 12
<134>2021-07-15T01:07:53Z cache-sjc10078 MEWElogs[39982]: CROP, 1626311272683636639, SJC, 12
<134>2021-07-15T01:08:02Z cache-sjc10078 MEWElogs[39982]: CROP, 1626311281818051087, SJC, 12
<134>2021-07-15T01:08:10Z cache-tyo11974 MEWElogs[39982]: CROP, 1626311289161138533, TYO, 12
<134>2021-07-15T01:08:23Z cache-cgh11183 MEWElogs[39982]: CROP, 1626311302951891280, CGH, 12
<134>2021-07-15T01:08:44Z cache-sjc10078 MEWElogs[39982]: CROP, 1626311323733945537, SJC, 12
<134>2021-07-15T01:08:57Z cache-yyz4551 MEWElogs[39982]: CROP, 1626311337326096920, YYZ, 12
