<134>2021-07-15T01:51:39Z cache-jnb7027 MEWElogs[21956]: GRAY, 1626313898316320638, JNB, 13
<134>2021-07-15T01:51:39Z cache-lhr7382 MEWElogs[21956]: GRAY, 1626313898442782719, LHR, 13
<134>2021-07-15T01:51:43Z cache-bur17583 MEWElogs[21956]: GRAY, 1626313902549127834, BUR, 13
<134>2021-07-15T01:51:45Z cache-jnb7027 MEWElogs[21956]: GRAY, 1626313904203433386, JNB, 13
<134>2021-07-15T01:52:10Z cache-mad22068 MEWElogs[21956]: GRAY, 1626313929634540074, MAD, 13
<134>2021-07-15T01:52:12Z cache-lhr7382 MEWElogs[21956]: GRAY, 1626313931558691202, LHR, 13
<134>2021-07-15T01:52:14Z cache-jnb7027 MEWElogs[21956]: GRAY, 1626313934001264822, JNB, 13
<134>2021-07-15T01:52:17Z cache-mrs10583 MEWElogs[21956]: GRAY, 1626313936284256557, MRS, 13
<134>2021-07-15T01:52:21Z cache-mrs10583 MEWElogs[21956]: GRAY, 1626313940910228443, MRS, 13
<134>2021-07-15T01:52:32Z cache-dal21283 MEWElogs[21956]: GRAY, 1626313952068166355, DAL, 13
<134>2021-07-15T01:53:29Z cache-hkg17929 MEWElogs[21956]: GRAY, 1626314008456227126, HKG, 13
<134>2021-07-15T01:53:29Z cache-dal21283 MEWElogs[21956]: GRAY, 1626314009187480283, DAL, 13
<134>2021-07-15T01:53:46Z cache-mia11368 MEWElogs[21956]: GRAY, 1626314026482807819, MIA, 13
<134>2021-07-15T01:53:51Z cache-mad22068 MEWElogs[21956]: GRAY, 1626314031030160176, MAD, 13
<134>2021-07-15T01:53:52Z cache-lhr7382 MEWElogs[21956]: GRAY, 1626314030972998302, LHR, 13
<134>2021-07-15T01:53:52Z cache-hkg17929 MEWElogs[21956]: GRAY, 1626314031693709286, HKG, 13
<134>2021-07-15T01:54:10Z cache-mia11368 MEWElogs[21956]: GRAY, 1626314049664307426, MIA, 13
<134>2021-07-15T01:54:39Z cache-lhr7382 MEWElogs[21956]: GRAY, 1626314078561016904, LHR, 13
<134>2021-07-15T01:54:58Z cache-dal21283 MEWElogs[21956]: GRAY, 1626314097673435852, DAL, 13
<134>2021-07-15T01:55:07Z cache-lhr7382 MEWElogs[21956]: GRAY, 1626314106447581373, LHR, 13
<134>2021-07-15T01:55:22Z cache-hkg17929 MEWElogs[21956]: GRAY, 1626314122229391227, HKG, 13
<134>2021-07-15T01:55:26Z cache-stp9226 MEWElogs[21956]: GRAY, 1626314125217101029, STP, 13
<134>2021-07-15T01:55:30Z cache-hkg17929 MEWElogs[21956]: GRAY, 1626314129822640936, HKG, 13
<134>2021-07-15T01:56:10Z cache-mia11368 MEWElogs[21956]: GRAY, 1626314170103287685, MIA, 13
<134>2021-07-15T01:56:13Z cache-stp9226 MEWElogs[21956]: GRAY, 1626314172928680404, STP, 13
<134>2021-07-15T01:56:17Z cache-lax10677 MEWElogs[21956]: GRAY, 1626314176439832427, LGB, 13
<134>2021-07-15T01:56:27Z cache-stp9226 MEWElogs[21956]: GRAY, 1626314186906004711, STP, 13
<134>2021-07-15T01:56:33Z cache-mrs10583 MEWElogs[21956]: GRAY, 1626314192919109076, MRS, 13
<134>2021-07-15T01:56:44Z cache-jax20933 MEWElogs[21956]: GRAY, 1626314204351437416, JAX, 13
<134>2021-07-15T01:56:47Z cache-mia11368 MEWElogs[21956]: GRAY, 1626314207162322812, MIA, 13
<134>2021-07-15T01:57:20Z cache-lhr7382 MEWElogs[21956]: GRAY, 1626314239478815628, LHR, 13
<134>2021-07-15T01:57:25Z cache-mia11368 MEWElogs[21956]: GRAY, 1626314244075216946, MIA, 13
<134>2021-07-15T01:57:28Z cache-stp9226 MEWElogs[21956]: GRAY, 1626314247869244695, STP, 13
<134>2021-07-15T01:57:59Z cache-lhr7382 MEWElogs[21956]: GRAY, 1626314277984789776, LHR, 13
<134>2021-07-15T01:58:03Z cache-yul12826 MEWElogs[21956]: GRAY, 1626314283128306085, YUL, 13
<134>2021-07-15T01:58:14Z cache-lax10677 MEWElogs[21956]: GRAY, 1626314294394154787, LGB, 13
<134>2021-07-15T01:58:15Z cache-mia11368 MEWElogs[21956]: GRAY, 1626314294775865819, MIA, 13
<134>2021-07-15T01:58:21Z cache-jax20933 MEWElogs[21956]: GRAY, 1626314300056441912, JAX, 13
<134>2021-07-15T01:58:31Z cache-lhr7382 MEWElogs[21956]: GRAY, 1626314310387335698, LHR, 13
<134>2021-07-15T01:58:40Z cache-yul12826 MEWElogs[21956]: GRAY, 1626314320423399292, YUL, 13
<134>2021-07-15T01:58:53Z cache-yul12826 MEWElogs[21956]: GRAY, 1626314332817939386, YUL, 13
<134>2021-07-15T01:59:10Z cache-lax10677 MEWElogs[21956]: GRAY, 1626314349922283449, LGB, 13
<134>2021-07-15T01:59:11Z cache-mel11272 MEWElogs[21956]: GRAY, 1626314351341425760, MEL, 13
<134>2021-07-15T01:59:26Z cache-man4150 MEWElogs[21956]: GRAY, 1626314365114217804, MAN, 13
<134>2021-07-15T01:59:40Z cache-lga21983 MEWElogs[21956]: GRAY, 1626314379185449524, LGA, 13
<134>2021-07-15T01:59:54Z cache-mel11272 MEWElogs[21956]: GRAY, 1626314393734532037, MEL, 13
<134>2021-07-15T02:00:18Z cache-mci5951 MEWElogs[21956]: GRAY, 1626314417239363581, MCI, 13
<134>2021-07-15T02:00:20Z cache-lga21983 MEWElogs[21956]: GRAY, 1626314419257485302, LGA, 13
<134>2021-07-15T02:00:39Z cache-lga21983 MEWElogs[21956]: GRAY, 1626314439018950582, LGA, 13
<134>2021-07-15T02:00:52Z cache-jax20933 MEWElogs[21956]: GRAY, 1626314451107611011, JAX, 13
<134>2021-07-15T02:01:04Z cache-mel11272 MEWElogs[21956]: GRAY, 1626314464181344036, MEL, 13
<134>2021-07-15T02:01:20Z cache-mel11272 MEWElogs[21956]: GRAY, 1626314478942622121, MEL, 13
<134>2021-07-15T02:01:28Z cache-lga21983 MEWElogs[21956]: GRAY, 1626314487361587029, LGA, 13
<134>2021-07-15T02:01:31Z cache-stp9226 MEWElogs[21956]: GRAY, 1626314490934039659, STP, 13
